000 (49777.371.000) 10/11 10:48:08 Job submitted from host: <144.92.142.142:9618?addrs=144.92.142.142-9618&noUDP&sock=44923_051a_3>
...
001 (49777.371.000) 10/11 13:34:38 Job executing on host: <128.105.68.23:9618?addrs=128.105.68.23-9618&alias=gpulab2004.chtc.wisc.edu&noUDP&sock=startd_62541_80a6>
...
006 (49777.371.000) 10/11 13:34:46 Image size of job updated: 156664
	103  -  MemoryUsage of job (MB)
	105444  -  ResidentSetSize of job (KB)
...
006 (49777.371.000) 10/11 13:39:46 Image size of job updated: 729432
	665  -  MemoryUsage of job (MB)
	680860  -  ResidentSetSize of job (KB)
...
006 (49777.371.000) 10/11 13:44:46 Image size of job updated: 1003688
	961  -  MemoryUsage of job (MB)
	983232  -  ResidentSetSize of job (KB)
...
006 (49777.371.000) 10/11 13:49:47 Image size of job updated: 1621416
	1572  -  MemoryUsage of job (MB)
	1608720  -  ResidentSetSize of job (KB)
...
006 (49777.371.000) 10/11 13:54:47 Image size of job updated: 2330564
	2251  -  MemoryUsage of job (MB)
	2304564  -  ResidentSetSize of job (KB)
...
006 (49777.371.000) 10/11 13:58:11 Image size of job updated: 2818048
	2251  -  MemoryUsage of job (MB)
	2304564  -  ResidentSetSize of job (KB)
...
005 (49777.371.000) 10/11 13:58:11 Job terminated.
	(1) Normal termination (return value 0)
		Usr 0 00:23:27, Sys 0 00:00:04  -  Run Remote Usage
		Usr 0 00:00:00, Sys 0 00:00:00  -  Run Local Usage
		Usr 0 00:23:27, Sys 0 00:00:04  -  Total Remote Usage
		Usr 0 00:00:00, Sys 0 00:00:00  -  Total Local Usage
	173938  -  Run Bytes Sent By Job
	316905856  -  Run Bytes Received By Job
	173938  -  Total Bytes Sent By Job
	316905856  -  Total Bytes Received By Job
	Partitionable Resources :     Usage  Request Allocated 
	   Cpus                 :      1.00        1         1 
	   Disk (KB)            : 325000      819200  18192444 
	   Gpus                 :                            0 
	   Ioheavy              :                            0 
	   Memory (MB)          :   2251       20480     21341 
...
