./CVN -f config_condor.txt -x50 -v1 -l TFs_OGs.txt -n AllGenes222.txt -d celltype_tree_ancestor.txt -m testdata_ogids.txt -s celltype_order.txt -p 0.2 -c yes -b -4 -q 4
(cluster3|cluster8) p_maintain_edge=0.8 p_gain=0.2
(cluster2|cluster3) p_maintain_edge=0.8 p_gain=0.2
(cluster1|cluster2) p_maintain_edge=0.8 p_gain=0.2
(cluster6|cluster2) p_maintain_edge=0.8 p_gain=0.2
(cluster9|cluster6) p_maintain_edge=0.8 p_gain=0.2
(cluster10|cluster6) p_maintain_edge=0.8 p_gain=0.2
(cluster7|cluster10) p_maintain_edge=0.8 p_gain=0.2
speciesSet.size()=8 Root is cluster8
MappedOrthogroupReader::readSpeciesMapping() --- celltype_order.txt
MappedOrthogroupReader::readFile - testdata_ogids.txt
MappedOrthogroupReader::generateGeneOrthoMap()
MetaLearner::init_onefold() read:config_condor.txt
MetaLearner::setinputVariableNames number of variables: 2030
readEvidenceTable:cluster8.table
PotentialManager::loadEvidenceFromTable varCount=2030 sampleCount=348
motifNetwork.size() = 319
0=cluster8 motifNetwork=cluster8_network.txt
variable size=2030
readEvidenceTable:cluster3.table
PotentialManager::loadEvidenceFromTable varCount=2030 sampleCount=95
motifNetwork.size() = 326
1=cluster3 motifNetwork=cluster3_network.txt
variable size=2030
readEvidenceTable:cluster2.table
PotentialManager::loadEvidenceFromTable varCount=2030 sampleCount=386
motifNetwork.size() = 328
2=cluster2 motifNetwork=cluster2_network.txt
variable size=2030
readEvidenceTable:cluster1.table
PotentialManager::loadEvidenceFromTable varCount=2030 sampleCount=36
motifNetwork.size() = 322
3=cluster1 motifNetwork=cluster1_network.txt
variable size=2030
readEvidenceTable:cluster6.table
PotentialManager::loadEvidenceFromTable varCount=2030 sampleCount=524
motifNetwork.size() = 320
4=cluster6 motifNetwork=cluster6_network.txt
variable size=2030
readEvidenceTable:cluster9.table
PotentialManager::loadEvidenceFromTable varCount=2030 sampleCount=184
motifNetwork.size() = 327
5=cluster9 motifNetwork=cluster9_network.txt
variable size=2030
readEvidenceTable:cluster10.table
PotentialManager::loadEvidenceFromTable varCount=2030 sampleCount=165
motifNetwork.size() = 326
6=cluster10 motifNetwork=cluster10_network.txt
variable size=2030
readEvidenceTable:cluster7.table
PotentialManager::loadEvidenceFromTable varCount=2030 sampleCount=1032
motifNetwork.size() = 320
7=cluster7 motifNetwork=cluster7_network.txt
variable size=2030
-------------------------------------------------------------
MetaLearner::start
precomputeEmptyGraphPrior
binkey=0 [Edge status: 0 0 0 0 0 0 0 0 ] P(G)=P(cluster8=0)[0.8] * P(cluster1=0|cluster2=0) * P(cluster9=0|cluster6=0) * P(cluster7=0|cluster10=0) * P(cluster10=0|cluster6=0) * P(cluster6=0|cluster2=0) * P(cluster2=0|cluster3=0) * P(cluster3=0|cluster8=0)[0.209715]=0.167772
condsetMap_Tree
0 cluster8=0 cluster3=0 cluster2=0 cluster1=0 cluster6=0 cluster9=0 cluster10=0 cluster7=1
1 cluster8=0 cluster3=0 cluster2=0 cluster1=0 cluster6=0 cluster9=1 cluster10=0 cluster7=0
2 cluster8=0 cluster3=0 cluster2=0 cluster1=0 cluster6=0 cluster9=1 cluster10=0 cluster7=1
3 cluster8=0 cluster3=0 cluster2=0 cluster1=1 cluster6=0 cluster9=0 cluster10=0 cluster7=0
4 cluster8=0 cluster3=0 cluster2=0 cluster1=1 cluster6=0 cluster9=0 cluster10=0 cluster7=1
5 cluster8=0 cluster3=0 cluster2=0 cluster1=1 cluster6=0 cluster9=1 cluster10=0 cluster7=0
6 cluster8=0 cluster3=0 cluster2=0 cluster1=1 cluster6=0 cluster9=1 cluster10=0 cluster7=1
7 cluster8=0 cluster3=0 cluster2=0 cluster1=0 cluster6=0 cluster9=0 cluster10=1 cluster7=1
8 cluster8=0 cluster3=0 cluster2=0 cluster1=0 cluster6=0 cluster9=1 cluster10=1 cluster7=1
9 cluster8=0 cluster3=0 cluster2=0 cluster1=1 cluster6=0 cluster9=0 cluster10=1 cluster7=1
10 cluster8=0 cluster3=0 cluster2=0 cluster1=1 cluster6=0 cluster9=1 cluster10=1 cluster7=1
11 cluster8=0 cluster3=0 cluster2=0 cluster1=0 cluster6=1 cluster9=1 cluster10=1 cluster7=1
12 cluster8=0 cluster3=0 cluster2=0 cluster1=1 cluster6=1 cluster9=1 cluster10=1 cluster7=1
13 cluster8=0 cluster3=0 cluster2=1 cluster1=1 cluster6=1 cluster9=1 cluster10=1 cluster7=1
14 cluster8=0 cluster3=1 cluster2=1 cluster1=1 cluster6=1 cluster9=1 cluster10=1 cluster7=1
15 cluster8=1 cluster3=1 cluster2=1 cluster1=1 cluster6=1 cluster9=1 cluster10=1 cluster7=1
16 cluster8=1 cluster3=1 cluster2=1 cluster1=1 cluster6=1 cluster9=1 cluster10=1 cluster7=0
17 cluster8=1 cluster3=1 cluster2=1 cluster1=1 cluster6=1 cluster9=0 cluster10=1 cluster7=1
18 cluster8=1 cluster3=1 cluster2=1 cluster1=1 cluster6=1 cluster9=0 cluster10=1 cluster7=0
19 cluster8=1 cluster3=1 cluster2=1 cluster1=0 cluster6=1 cluster9=1 cluster10=1 cluster7=1
20 cluster8=1 cluster3=1 cluster2=1 cluster1=0 cluster6=1 cluster9=1 cluster10=1 cluster7=0
21 cluster8=1 cluster3=1 cluster2=1 cluster1=0 cluster6=1 cluster9=0 cluster10=1 cluster7=1
22 cluster8=1 cluster3=1 cluster2=1 cluster1=0 cluster6=1 cluster9=0 cluster10=1 cluster7=0
23 cluster8=1 cluster3=1 cluster2=1 cluster1=1 cluster6=1 cluster9=1 cluster10=0 cluster7=0
24 cluster8=1 cluster3=1 cluster2=1 cluster1=1 cluster6=1 cluster9=0 cluster10=0 cluster7=0
25 cluster8=1 cluster3=1 cluster2=1 cluster1=0 cluster6=1 cluster9=1 cluster10=0 cluster7=0
26 cluster8=1 cluster3=1 cluster2=1 cluster1=0 cluster6=1 cluster9=0 cluster10=0 cluster7=0
27 cluster8=1 cluster3=1 cluster2=1 cluster1=1 cluster6=0 cluster9=0 cluster10=0 cluster7=0
28 cluster8=1 cluster3=1 cluster2=1 cluster1=0 cluster6=0 cluster9=0 cluster10=0 cluster7=0
29 cluster8=1 cluster3=1 cluster2=0 cluster1=0 cluster6=0 cluster9=0 cluster10=0 cluster7=0
30 cluster8=1 cluster3=0 cluster2=0 cluster1=0 cluster6=0 cluster9=0 cluster10=0 cluster7=0
31 cluster8=0 cluster3=0 cluster2=0 cluster1=0 cluster6=1 cluster9=0 cluster10=0 cluster7=0
32 cluster8=0 cluster3=0 cluster2=1 cluster1=0 cluster6=0 cluster9=0 cluster10=0 cluster7=0
33 cluster8=0 cluster3=0 cluster2=0 cluster1=0 cluster6=0 cluster9=0 cluster10=1 cluster7=0
34 cluster8=0 cluster3=1 cluster2=0 cluster1=0 cluster6=0 cluster9=0 cluster10=0 cluster7=0
inputRegulatorOGs.size() = 1999 inputOGList.size() = 50
binkey=16 [Edge status: 0 0 0 0 1 0 0 0 ] P(G)=P(cluster8=0)[0.8] * P(cluster1=0|cluster2=0) * P(cluster9=0|cluster6=1) * P(cluster7=0|cluster10=0) * P(cluster10=0|cluster6=1) * P(cluster6=1|cluster2=0) * P(cluster2=0|cluster3=0) * P(cluster3=0|cluster8=0)[0.0032768]=0.00262144
binkey=2 [Edge status: 0 1 0 0 0 0 0 0 ] P(G)=P(cluster8=0)[0.8] * P(cluster1=0|cluster2=0) * P(cluster9=0|cluster6=0) * P(cluster7=0|cluster10=0) * P(cluster10=0|cluster6=0) * P(cluster6=0|cluster2=0) * P(cluster2=0|cluster3=1) * P(cluster3=1|cluster8=0)[0.0131072]=0.0104858
binkey=8 [Edge status: 0 0 0 1 0 0 0 0 ] P(G)=P(cluster8=0)[0.8] * P(cluster1=1|cluster2=0) * P(cluster9=0|cluster6=0) * P(cluster7=0|cluster10=0) * P(cluster10=0|cluster6=0) * P(cluster6=0|cluster2=0) * P(cluster2=0|cluster3=0) * P(cluster3=0|cluster8=0)[0.0524288]=0.041943
binkey=1 [Edge status: 1 0 0 0 0 0 0 0 ] P(G)=P(cluster8=1)[0.2] * P(cluster1=0|cluster2=0) * P(cluster9=0|cluster6=0) * P(cluster7=0|cluster10=0) * P(cluster10=0|cluster6=0) * P(cluster6=0|cluster2=0) * P(cluster2=0|cluster3=0) * P(cluster3=0|cluster8=1)[0.0524288]=0.0104858
binkey=64 [Edge status: 0 0 0 0 0 0 1 0 ] P(G)=P(cluster8=0)[0.8] * P(cluster1=0|cluster2=0) * P(cluster9=0|cluster6=0) * P(cluster7=0|cluster10=1) * P(cluster10=1|cluster6=0) * P(cluster6=0|cluster2=0) * P(cluster2=0|cluster3=0) * P(cluster3=0|cluster8=0)[0.0131072]=0.0104858
binkey=128 [Edge status: 0 0 0 0 0 0 0 1 ] P(G)=P(cluster8=0)[0.8] * P(cluster1=0|cluster2=0) * P(cluster9=0|cluster6=0) * P(cluster7=1|cluster10=0) * P(cluster10=0|cluster6=0) * P(cluster6=0|cluster2=0) * P(cluster2=0|cluster3=0) * P(cluster3=0|cluster8=0)[0.0524288]=0.041943
binkey=4 [Edge status: 0 0 1 0 0 0 0 0 ] P(G)=P(cluster8=0)[0.8] * P(cluster1=0|cluster2=1) * P(cluster9=0|cluster6=0) * P(cluster7=0|cluster10=0) * P(cluster10=0|cluster6=0) * P(cluster6=0|cluster2=1) * P(cluster2=1|cluster3=0) * P(cluster3=0|cluster8=0)[0.0032768]=0.00262144
binkey=32 [Edge status: 0 0 0 0 0 1 0 0 ] P(G)=P(cluster8=0)[0.8] * P(cluster1=0|cluster2=0) * P(cluster9=1|cluster6=0) * P(cluster7=0|cluster10=0) * P(cluster10=0|cluster6=0) * P(cluster6=0|cluster2=0) * P(cluster2=0|cluster3=0) * P(cluster3=0|cluster8=0)[0.0524288]=0.041943
binkey=40 [Edge status: 0 0 0 1 0 1 0 0 ] P(G)=P(cluster8=0)[0.8] * P(cluster1=1|cluster2=0) * P(cluster9=1|cluster6=0) * P(cluster7=0|cluster10=0) * P(cluster10=0|cluster6=0) * P(cluster6=0|cluster2=0) * P(cluster2=0|cluster3=0) * P(cluster3=0|cluster8=0)[0.0131072]=0.0104858
binkey=192 [Edge status: 0 0 0 0 0 0 1 1 ] P(G)=P(cluster8=0)[0.8] * P(cluster1=0|cluster2=0) * P(cluster9=0|cluster6=0) * P(cluster7=1|cluster10=1) * P(cluster10=1|cluster6=0) * P(cluster6=0|cluster2=0) * P(cluster2=0|cluster3=0) * P(cluster3=0|cluster8=0)[0.0524288]=0.041943
binkey=3 [Edge status: 1 1 0 0 0 0 0 0 ] P(G)=P(cluster8=1)[0.2] * P(cluster1=0|cluster2=0) * P(cluster9=0|cluster6=0) * P(cluster7=0|cluster10=0) * P(cluster10=0|cluster6=0) * P(cluster6=0|cluster2=0) * P(cluster2=0|cluster3=1) * P(cluster3=1|cluster8=1)[0.0524288]=0.0104858
binkey=136 [Edge status: 0 0 0 1 0 0 0 1 ] P(G)=P(cluster8=0)[0.8] * P(cluster1=1|cluster2=0) * P(cluster9=0|cluster6=0) * P(cluster7=1|cluster10=0) * P(cluster10=0|cluster6=0) * P(cluster6=0|cluster2=0) * P(cluster2=0|cluster3=0) * P(cluster3=0|cluster8=0)[0.0131072]=0.0104858
binkey=160 [Edge status: 0 0 0 0 0 1 0 1 ] P(G)=P(cluster8=0)[0.8] * P(cluster1=0|cluster2=0) * P(cluster9=1|cluster6=0) * P(cluster7=1|cluster10=0) * P(cluster10=0|cluster6=0) * P(cluster6=0|cluster2=0) * P(cluster2=0|cluster3=0) * P(cluster3=0|cluster8=0)[0.0131072]=0.0104858
binkey=7 [Edge status: 1 1 1 0 0 0 0 0 ] P(G)=P(cluster8=1)[0.2] * P(cluster1=0|cluster2=1) * P(cluster9=0|cluster6=0) * P(cluster7=0|cluster10=0) * P(cluster10=0|cluster6=0) * P(cluster6=0|cluster2=1) * P(cluster2=1|cluster3=1) * P(cluster3=1|cluster8=1)[0.0131072]=0.00262144
binkey=200 [Edge status: 0 0 0 1 0 0 1 1 ] P(G)=P(cluster8=0)[0.8] * P(cluster1=1|cluster2=0) * P(cluster9=0|cluster6=0) * P(cluster7=1|cluster10=1) * P(cluster10=1|cluster6=0) * P(cluster6=0|cluster2=0) * P(cluster2=0|cluster3=0) * P(cluster3=0|cluster8=0)[0.0131072]=0.0104858
binkey=224 [Edge status: 0 0 0 0 0 1 1 1 ] P(G)=P(cluster8=0)[0.8] * P(cluster1=0|cluster2=0) * P(cluster9=1|cluster6=0) * P(cluster7=1|cluster10=1) * P(cluster10=1|cluster6=0) * P(cluster6=0|cluster2=0) * P(cluster2=0|cluster3=0) * P(cluster3=0|cluster8=0)[0.0131072]=0.0104858
binkey=240 [Edge status: 0 0 0 0 1 1 1 1 ] P(G)=P(cluster8=0)[0.8] * P(cluster1=0|cluster2=0) * P(cluster9=1|cluster6=1) * P(cluster7=1|cluster10=1) * P(cluster10=1|cluster6=1) * P(cluster6=1|cluster2=0) * P(cluster2=0|cluster3=0) * P(cluster3=0|cluster8=0)[0.0524288]=0.041943
binkey=168 [Edge status: 0 0 0 1 0 1 0 1 ] P(G)=P(cluster8=0)[0.8] * P(cluster1=1|cluster2=0) * P(cluster9=1|cluster6=0) * P(cluster7=1|cluster10=0) * P(cluster10=0|cluster6=0) * P(cluster6=0|cluster2=0) * P(cluster2=0|cluster3=0) * P(cluster3=0|cluster8=0)[0.0032768]=0.00262144
binkey=23 [Edge status: 1 1 1 0 1 0 0 0 ] P(G)=P(cluster8=1)[0.2] * P(cluster1=0|cluster2=1) * P(cluster9=0|cluster6=1) * P(cluster7=0|cluster10=0) * P(cluster10=0|cluster6=1) * P(cluster6=1|cluster2=1) * P(cluster2=1|cluster3=1) * P(cluster3=1|cluster8=1)[0.0032768]=0.00065536
binkey=232 [Edge status: 0 0 0 1 0 1 1 1 ] P(G)=P(cluster8=0)[0.8] * P(cluster1=1|cluster2=0) * P(cluster9=1|cluster6=0) * P(cluster7=1|cluster10=1) * P(cluster10=1|cluster6=0) * P(cluster6=0|cluster2=0) * P(cluster2=0|cluster3=0) * P(cluster3=0|cluster8=0)[0.0032768]=0.00262144
binkey=248 [Edge status: 0 0 0 1 1 1 1 1 ] P(G)=P(cluster8=0)[0.8] * P(cluster1=1|cluster2=0) * P(cluster9=1|cluster6=1) * P(cluster7=1|cluster10=1) * P(cluster10=1|cluster6=1) * P(cluster6=1|cluster2=0) * P(cluster2=0|cluster3=0) * P(cluster3=0|cluster8=0)[0.0131072]=0.0104858
ITERATION 0 newScore=-2.60945e+06 diffscore=30769.5 priorChange=-119.221 successMove=51
ITERATION 1 newScore=-2.60279e+06 diffscore=6656.68 priorChange=-120.608 successMove=52
ITERATION 2 newScore=-2.59188e+06 diffscore=10913.3 priorChange=-121.994 successMove=52
ITERATION 3 newScore=-2.5823e+06 diffscore=9580.54 priorChange=-126.153 successMove=50
ITERATION 4 newScore=-2.57295e+06 diffscore=9351.71 priorChange=-119.221 successMove=51
ITERATION 5 newScore=-2.56805e+06 diffscore=4898.98 priorChange=-137.243 successMove=51
ITERATION 6 newScore=-2.56259e+06 diffscore=5458.86 priorChange=-124.766 successMove=52
binkey=215 [Edge status: 1 1 1 0 1 0 1 1 ] P(G)=P(cluster8=1)[0.2] * P(cluster1=0|cluster2=1) * P(cluster9=0|cluster6=1) * P(cluster7=1|cluster10=1) * P(cluster10=1|cluster6=1) * P(cluster6=1|cluster2=1) * P(cluster2=1|cluster3=1) * P(cluster3=1|cluster8=1)[0.0131072]=0.00262144
binkey=87 [Edge status: 1 1 1 0 1 0 1 0 ] P(G)=P(cluster8=1)[0.2] * P(cluster1=0|cluster2=1) * P(cluster9=0|cluster6=1) * P(cluster7=0|cluster10=1) * P(cluster10=1|cluster6=1) * P(cluster6=1|cluster2=1) * P(cluster2=1|cluster3=1) * P(cluster3=1|cluster8=1)[0.0032768]=0.00065536
ITERATION 7 newScore=-2.55597e+06 diffscore=6622.36 priorChange=-126.153 successMove=51
ITERATION 8 newScore=-2.54739e+06 diffscore=8580.1 priorChange=-131.698 successMove=53
ITERATION 9 newScore=-2.54284e+06 diffscore=4546.18 priorChange=-140.016 successMove=50
ITERATION 10 newScore=-2.53675e+06 diffscore=6093.29 priorChange=-138.629 successMove=51
ITERATION 11 newScore=-2.53315e+06 diffscore=3594.77 priorChange=-127.539 successMove=54
ITERATION 12 newScore=-2.53112e+06 diffscore=2030.92 priorChange=-141.402 successMove=52
ITERATION 13 newScore=-2.53029e+06 diffscore=829.424 priorChange=-130.312 successMove=51
ITERATION 14 newScore=-2.52866e+06 diffscore=1629.92 priorChange=-149.72 successMove=53
ITERATION 15 newScore=-2.52787e+06 diffscore=793.019 priorChange=-133.084 successMove=51
ITERATION 16 newScore=-2.52505e+06 diffscore=2821.66 priorChange=-117.835 successMove=52
ITERATION 17 newScore=-2.52188e+06 diffscore=3171.7 priorChange=-128.925 successMove=54
ITERATION 18 newScore=-2.52104e+06 diffscore=837.916 priorChange=-119.221 successMove=51
ITERATION 19 newScore=-2.51668e+06 diffscore=4356.77 priorChange=-126.153 successMove=50
ITERATION 20 newScore=-2.51481e+06 diffscore=1871.93 priorChange=-120.608 successMove=49
ITERATION 21 newScore=-2.51274e+06 diffscore=2073.84 priorChange=-123.38 successMove=49
binkey=15 [Edge status: 1 1 1 1 0 0 0 0 ] P(G)=P(cluster8=1)[0.2] * P(cluster1=1|cluster2=1) * P(cluster9=0|cluster6=0) * P(cluster7=0|cluster10=0) * P(cluster10=0|cluster6=0) * P(cluster6=0|cluster2=1) * P(cluster2=1|cluster3=1) * P(cluster3=1|cluster8=1)[0.0524288]=0.0104858
ITERATION 22 newScore=-2.51082e+06 diffscore=1919.3 priorChange=-119.221 successMove=49
ITERATION 23 newScore=-2.50936e+06 diffscore=1455.79 priorChange=-133.084 successMove=51
ITERATION 24 newScore=-2.50717e+06 diffscore=2186.7 priorChange=-115.062 successMove=49
ITERATION 25 newScore=-2.50434e+06 diffscore=2839.14 priorChange=-130.312 successMove=50
ITERATION 26 newScore=-2.50279e+06 diffscore=1542.25 priorChange=-119.221 successMove=51
ITERATION 27 newScore=-2.49835e+06 diffscore=4445.77 priorChange=-128.925 successMove=50
ITERATION 28 newScore=-2.49542e+06 diffscore=2928.07 priorChange=-128.925 successMove=49
ITERATION 29 newScore=-2.49288e+06 diffscore=2543.42 priorChange=-112.29 successMove=49
ITERATION 30 newScore=-2.4911e+06 diffscore=1778.95 priorChange=-121.994 successMove=49
ITERATION 31 newScore=-2.48931e+06 diffscore=1782.95 priorChange=-123.38 successMove=49
ITERATION 32 newScore=-2.48763e+06 diffscore=1685.93 priorChange=-126.153 successMove=49
ITERATION 33 newScore=-2.48716e+06 diffscore=467.343 priorChange=-121.994 successMove=50
ITERATION 34 newScore=-2.48553e+06 diffscore=1633.03 priorChange=-108.131 successMove=49
ITERATION 35 newScore=-2.48439e+06 diffscore=1134.58 priorChange=-101.199 successMove=49
ITERATION 36 newScore=-2.48404e+06 diffscore=349.862 priorChange=-117.835 successMove=48
ITERATION 37 newScore=-2.48367e+06 diffscore=369.837 priorChange=-115.062 successMove=48
ITERATION 38 newScore=-2.48229e+06 diffscore=1387.45 priorChange=-113.676 successMove=48
ITERATION 39 newScore=-2.48165e+06 diffscore=639.341 priorChange=-121.994 successMove=47
ITERATION 40 newScore=-2.4813e+06 diffscore=351.231 priorChange=-108.131 successMove=47
ITERATION 41 newScore=-2.48087e+06 diffscore=426.724 priorChange=-130.312 successMove=48
ITERATION 42 newScore=-2.48047e+06 diffscore=396.646 priorChange=-123.38 successMove=47
ITERATION 43 newScore=-2.4801e+06 diffscore=372.469 priorChange=-98.4269 successMove=47
ITERATION 44 newScore=-2.47974e+06 diffscore=362.038 priorChange=-101.199 successMove=47
ITERATION 45 newScore=-2.47907e+06 diffscore=663.692 priorChange=-91.4954 successMove=47
ITERATION 46 newScore=-2.47869e+06 diffscore=386.598 priorChange=-105.358 successMove=45
ITERATION 47 newScore=-2.47722e+06 diffscore=1470.16 priorChange=-108.131 successMove=44
ITERATION 48 newScore=-2.47693e+06 diffscore=287.441 priorChange=-101.199 successMove=42
ITERATION 49 newScore=-2.47656e+06 diffscore=370.281 priorChange=-92.8817 successMove=43
ITERATION 50 newScore=-2.47609e+06 diffscore=473.881 priorChange=-101.199 successMove=41
ITERATION 51 newScore=-2.47338e+06 diffscore=2707.31 priorChange=-103.972 successMove=41
ITERATION 52 newScore=-2.47207e+06 diffscore=1306.93 priorChange=-101.199 successMove=41
ITERATION 53 newScore=-2.47185e+06 diffscore=225.426 priorChange=-97.0406 successMove=41
ITERATION 54 newScore=-2.47161e+06 diffscore=231.585 priorChange=-95.6543 successMove=42
ITERATION 55 newScore=-2.47135e+06 diffscore=263.085 priorChange=-84.564 successMove=40
ITERATION 56 newScore=-2.47091e+06 diffscore=437.908 priorChange=-80.4051 successMove=40
ITERATION 57 newScore=-2.46979e+06 diffscore=1124.09 priorChange=-79.0188 successMove=37
ITERATION 58 newScore=-2.46957e+06 diffscore=214.529 priorChange=-77.6325 successMove=36
ITERATION 59 newScore=-2.46935e+06 diffscore=224.778 priorChange=-81.7914 successMove=35
ITERATION 60 newScore=-2.46905e+06 diffscore=295.342 priorChange=-74.8599 successMove=35
ITERATION 61 newScore=-2.46789e+06 diffscore=1168.11 priorChange=-81.7914 successMove=35
ITERATION 62 newScore=-2.46767e+06 diffscore=219.218 priorChange=-77.6325 successMove=32
ITERATION 63 newScore=-2.46741e+06 diffscore=255.108 priorChange=-63.7695 successMove=31
ITERATION 64 newScore=-2.46716e+06 diffscore=255.288 priorChange=-73.4736 successMove=30
ITERATION 65 newScore=-2.46609e+06 diffscore=1070.45 priorChange=-56.8381 successMove=30
ITERATION 66 newScore=-2.46466e+06 diffscore=1427.84 priorChange=-63.7695 successMove=30
ITERATION 67 newScore=-2.46304e+06 diffscore=1620.22 priorChange=-60.997 successMove=27
ITERATION 68 newScore=-2.46258e+06 diffscore=456.621 priorChange=-58.2244 successMove=25
ITERATION 69 newScore=-2.46244e+06 diffscore=136.88 priorChange=-59.6107 successMove=25
ITERATION 70 newScore=-2.46232e+06 diffscore=127.384 priorChange=-44.3614 successMove=25
ITERATION 71 newScore=-2.4609e+06 diffscore=1418.12 priorChange=-41.5888 successMove=23
ITERATION 72 newScore=-2.46076e+06 diffscore=136.597 priorChange=-49.9066 successMove=21
ITERATION 73 newScore=-2.45873e+06 diffscore=2031.46 priorChange=-41.5888 successMove=20
ITERATION 74 newScore=-2.45861e+06 diffscore=116.611 priorChange=-51.2929 successMove=19
ITERATION 75 newScore=-2.4585e+06 diffscore=114.907 priorChange=-42.9751 successMove=17
ITERATION 76 newScore=-2.45832e+06 diffscore=180.995 priorChange=-31.8848 successMove=17
ITERATION 77 newScore=-2.45734e+06 diffscore=982.963 priorChange=-34.6574 successMove=17
ITERATION 78 newScore=-2.45721e+06 diffscore=124.543 priorChange=-38.8162 successMove=16
ITERATION 79 newScore=-2.45709e+06 diffscore=117.802 priorChange=-34.6574 successMove=15
ITERATION 80 newScore=-2.45565e+06 diffscore=1443.32 priorChange=-38.8162 successMove=15
ITERATION 81 newScore=-2.45558e+06 diffscore=73.8736 priorChange=-38.8162 successMove=14
ITERATION 82 newScore=-2.45546e+06 diffscore=117.724 priorChange=-37.4299 successMove=13
ITERATION 83 newScore=-2.45536e+06 diffscore=100.037 priorChange=-33.2711 successMove=13
ITERATION 84 newScore=-2.45509e+06 diffscore=269.488 priorChange=-29.1122 successMove=12
ITERATION 85 newScore=-2.45421e+06 diffscore=883.277 priorChange=-24.9533 successMove=11
ITERATION 86 newScore=-2.45411e+06 diffscore=98.4576 priorChange=-23.567 successMove=10
ITERATION 87 newScore=-2.45402e+06 diffscore=91.9296 priorChange=-11.0904 successMove=9
ITERATION 88 newScore=-2.45388e+06 diffscore=140.155 priorChange=-16.6355 successMove=9
ITERATION 89 newScore=-2.45325e+06 diffscore=626.109 priorChange=-15.2492 successMove=8
ITERATION 90 newScore=-2.45316e+06 diffscore=90.8586 priorChange=-16.6355 successMove=9
ITERATION 91 newScore=-2.45292e+06 diffscore=242.714 priorChange=-18.0218 successMove=8
ITERATION 92 newScore=-2.45262e+06 diffscore=296.081 priorChange=-11.0904 successMove=6
ITERATION 93 newScore=-2.45233e+06 diffscore=284.813 priorChange=-12.4766 successMove=6
ITERATION 94 newScore=-2.45231e+06 diffscore=28.0773 priorChange=-13.8629 successMove=6
ITERATION 95 newScore=-2.45228e+06 diffscore=23.5668 priorChange=-9.70406 successMove=4
ITERATION 96 newScore=-2.45226e+06 diffscore=20.1115 priorChange=-5.54518 successMove=3
ITERATION 97 newScore=-2.45224e+06 diffscore=26.3326 priorChange=-5.54518 successMove=3
ITERATION 98 newScore=-2.45221e+06 diffscore=23.1764 priorChange=-8.31777 successMove=3
ITERATION 99 newScore=-2.45211e+06 diffscore=102.512 priorChange=-4.15888 successMove=2
MetaLearner::dumpAllGraphs
Final Score -2.45211e+06
MetaLearner::start runtime: 1172076030 ms
Results/
Results/cluster3/
Results/cluster3/fold0/
Results/cluster3/fold0/modelparams.txt
Results/cluster3/fold0/var_mb_pw_k50.txt
Results/cluster7/
Results/cluster7/fold0/
Results/cluster7/fold0/modelparams.txt
Results/cluster7/fold0/var_mb_pw_k50.txt
Results/cluster2/
Results/cluster2/fold0/
Results/cluster2/fold0/modelparams.txt
Results/cluster2/fold0/var_mb_pw_k50.txt
Results/cluster9/
Results/cluster9/fold0/
Results/cluster9/fold0/modelparams.txt
Results/cluster9/fold0/var_mb_pw_k50.txt
Results/cluster6/
Results/cluster6/fold0/
Results/cluster6/fold0/modelparams.txt
Results/cluster6/fold0/var_mb_pw_k50.txt
Results/cluster1/
Results/cluster1/fold0/
Results/cluster1/fold0/modelparams.txt
Results/cluster1/fold0/var_mb_pw_k50.txt
Results/cluster10/
Results/cluster10/fold0/
Results/cluster10/fold0/modelparams.txt
Results/cluster10/fold0/var_mb_pw_k50.txt
Results/cluster8/
Results/cluster8/scoreFile.txt
Results/cluster8/fold0/
Results/cluster8/fold0/modelparams.txt
Results/cluster8/fold0/var_mb_pw_k50.txt
