000 (49777.900.000) 10/11 10:48:10 Job submitted from host: <144.92.142.142:9618?addrs=144.92.142.142-9618&noUDP&sock=44923_051a_3>
...
001 (49777.900.000) 10/11 15:07:52 Job executing on host: <128.105.68.16:9618?addrs=128.105.68.16-9618&alias=coba2000.chtc.wisc.edu&noUDP&sock=startd_7305_336c>
...
006 (49777.900.000) 10/11 15:08:01 Image size of job updated: 156748
	104  -  MemoryUsage of job (MB)
	105564  -  ResidentSetSize of job (KB)
...
006 (49777.900.000) 10/11 15:13:02 Image size of job updated: 722388
	656  -  MemoryUsage of job (MB)
	671300  -  ResidentSetSize of job (KB)
...
006 (49777.900.000) 10/11 15:18:02 Image size of job updated: 1075700
	1001  -  MemoryUsage of job (MB)
	1024628  -  ResidentSetSize of job (KB)
...
006 (49777.900.000) 10/11 15:23:04 Image size of job updated: 1602920
	1545  -  MemoryUsage of job (MB)
	1581692  -  ResidentSetSize of job (KB)
...
006 (49777.900.000) 10/11 15:28:04 Image size of job updated: 2280640
	2189  -  MemoryUsage of job (MB)
	2241476  -  ResidentSetSize of job (KB)
...
006 (49777.900.000) 10/11 15:31:09 Image size of job updated: 2693488
	2189  -  MemoryUsage of job (MB)
	2241476  -  ResidentSetSize of job (KB)
...
005 (49777.900.000) 10/11 15:31:09 Job terminated.
	(1) Normal termination (return value 0)
		Usr 0 00:23:02, Sys 0 00:00:05  -  Run Remote Usage
		Usr 0 00:00:00, Sys 0 00:00:00  -  Run Local Usage
		Usr 0 00:23:02, Sys 0 00:00:05  -  Total Remote Usage
		Usr 0 00:00:00, Sys 0 00:00:00  -  Total Local Usage
	175617  -  Run Bytes Sent By Job
	316889536  -  Run Bytes Received By Job
	175617  -  Total Bytes Sent By Job
	316889536  -  Total Bytes Received By Job
	Partitionable Resources :     Usage  Request Allocated 
	   Cpus                 :      1.00        1         1 
	   Disk (KB)            : 325000      819200  44742796 
	   Gpus                 :                            0 
	   Ioheavy              :                            0 
	   Memory (MB)          :   2189       20480     21341 
...
