./CVN -f config_condor.txt -x50 -v1 -l TFs_OGs.txt -n AllGenes39.txt -d celltype_tree_ancestor.txt -m testdata_ogids.txt -s celltype_order.txt -p 0.2 -c yes -b -4 -q 4
(cluster3|cluster8) p_maintain_edge=0.8 p_gain=0.2
(cluster2|cluster3) p_maintain_edge=0.8 p_gain=0.2
(cluster1|cluster2) p_maintain_edge=0.8 p_gain=0.2
(cluster6|cluster2) p_maintain_edge=0.8 p_gain=0.2
(cluster9|cluster6) p_maintain_edge=0.8 p_gain=0.2
(cluster10|cluster6) p_maintain_edge=0.8 p_gain=0.2
(cluster7|cluster10) p_maintain_edge=0.8 p_gain=0.2
speciesSet.size()=8 Root is cluster8
MappedOrthogroupReader::readSpeciesMapping() --- celltype_order.txt
MappedOrthogroupReader::readFile - testdata_ogids.txt
MappedOrthogroupReader::generateGeneOrthoMap()
MetaLearner::init_onefold() read:config_condor.txt
MetaLearner::setinputVariableNames number of variables: 2037
readEvidenceTable:cluster8.table
PotentialManager::loadEvidenceFromTable varCount=2037 sampleCount=348
motifNetwork.size() = 319
0=cluster8 motifNetwork=cluster8_network.txt
variable size=2037
readEvidenceTable:cluster3.table
PotentialManager::loadEvidenceFromTable varCount=2037 sampleCount=95
motifNetwork.size() = 326
1=cluster3 motifNetwork=cluster3_network.txt
variable size=2037
readEvidenceTable:cluster2.table
PotentialManager::loadEvidenceFromTable varCount=2037 sampleCount=386
motifNetwork.size() = 328
2=cluster2 motifNetwork=cluster2_network.txt
variable size=2037
readEvidenceTable:cluster1.table
PotentialManager::loadEvidenceFromTable varCount=2037 sampleCount=36
motifNetwork.size() = 322
3=cluster1 motifNetwork=cluster1_network.txt
variable size=2037
readEvidenceTable:cluster6.table
PotentialManager::loadEvidenceFromTable varCount=2037 sampleCount=524
motifNetwork.size() = 320
4=cluster6 motifNetwork=cluster6_network.txt
variable size=2037
readEvidenceTable:cluster9.table
PotentialManager::loadEvidenceFromTable varCount=2037 sampleCount=184
motifNetwork.size() = 327
5=cluster9 motifNetwork=cluster9_network.txt
variable size=2037
readEvidenceTable:cluster10.table
PotentialManager::loadEvidenceFromTable varCount=2037 sampleCount=165
motifNetwork.size() = 326
6=cluster10 motifNetwork=cluster10_network.txt
variable size=2037
readEvidenceTable:cluster7.table
PotentialManager::loadEvidenceFromTable varCount=2037 sampleCount=1032
motifNetwork.size() = 320
7=cluster7 motifNetwork=cluster7_network.txt
variable size=2037
-------------------------------------------------------------
MetaLearner::start
precomputeEmptyGraphPrior
binkey=0 [Edge status: 0 0 0 0 0 0 0 0 ] P(G)=P(cluster8=0)[0.8] * P(cluster1=0|cluster2=0) * P(cluster9=0|cluster6=0) * P(cluster7=0|cluster10=0) * P(cluster10=0|cluster6=0) * P(cluster6=0|cluster2=0) * P(cluster2=0|cluster3=0) * P(cluster3=0|cluster8=0)[0.209715]=0.167772
condsetMap_Tree
0 cluster8=0 cluster3=0 cluster2=0 cluster1=0 cluster6=0 cluster9=0 cluster10=0 cluster7=1
1 cluster8=0 cluster3=0 cluster2=0 cluster1=0 cluster6=0 cluster9=1 cluster10=0 cluster7=0
2 cluster8=0 cluster3=0 cluster2=0 cluster1=0 cluster6=0 cluster9=1 cluster10=0 cluster7=1
3 cluster8=0 cluster3=0 cluster2=0 cluster1=1 cluster6=0 cluster9=0 cluster10=0 cluster7=0
4 cluster8=0 cluster3=0 cluster2=0 cluster1=1 cluster6=0 cluster9=0 cluster10=0 cluster7=1
5 cluster8=0 cluster3=0 cluster2=0 cluster1=1 cluster6=0 cluster9=1 cluster10=0 cluster7=0
6 cluster8=0 cluster3=0 cluster2=0 cluster1=1 cluster6=0 cluster9=1 cluster10=0 cluster7=1
7 cluster8=0 cluster3=0 cluster2=0 cluster1=0 cluster6=0 cluster9=0 cluster10=1 cluster7=1
8 cluster8=0 cluster3=0 cluster2=0 cluster1=0 cluster6=0 cluster9=1 cluster10=1 cluster7=1
9 cluster8=0 cluster3=0 cluster2=0 cluster1=1 cluster6=0 cluster9=0 cluster10=1 cluster7=1
10 cluster8=0 cluster3=0 cluster2=0 cluster1=1 cluster6=0 cluster9=1 cluster10=1 cluster7=1
11 cluster8=0 cluster3=0 cluster2=0 cluster1=0 cluster6=1 cluster9=1 cluster10=1 cluster7=1
12 cluster8=0 cluster3=0 cluster2=0 cluster1=1 cluster6=1 cluster9=1 cluster10=1 cluster7=1
13 cluster8=0 cluster3=0 cluster2=1 cluster1=1 cluster6=1 cluster9=1 cluster10=1 cluster7=1
14 cluster8=0 cluster3=1 cluster2=1 cluster1=1 cluster6=1 cluster9=1 cluster10=1 cluster7=1
15 cluster8=1 cluster3=1 cluster2=1 cluster1=1 cluster6=1 cluster9=1 cluster10=1 cluster7=1
16 cluster8=1 cluster3=1 cluster2=1 cluster1=1 cluster6=1 cluster9=1 cluster10=1 cluster7=0
17 cluster8=1 cluster3=1 cluster2=1 cluster1=1 cluster6=1 cluster9=0 cluster10=1 cluster7=1
18 cluster8=1 cluster3=1 cluster2=1 cluster1=1 cluster6=1 cluster9=0 cluster10=1 cluster7=0
19 cluster8=1 cluster3=1 cluster2=1 cluster1=0 cluster6=1 cluster9=1 cluster10=1 cluster7=1
20 cluster8=1 cluster3=1 cluster2=1 cluster1=0 cluster6=1 cluster9=1 cluster10=1 cluster7=0
21 cluster8=1 cluster3=1 cluster2=1 cluster1=0 cluster6=1 cluster9=0 cluster10=1 cluster7=1
22 cluster8=1 cluster3=1 cluster2=1 cluster1=0 cluster6=1 cluster9=0 cluster10=1 cluster7=0
23 cluster8=1 cluster3=1 cluster2=1 cluster1=1 cluster6=1 cluster9=1 cluster10=0 cluster7=0
24 cluster8=1 cluster3=1 cluster2=1 cluster1=1 cluster6=1 cluster9=0 cluster10=0 cluster7=0
25 cluster8=1 cluster3=1 cluster2=1 cluster1=0 cluster6=1 cluster9=1 cluster10=0 cluster7=0
26 cluster8=1 cluster3=1 cluster2=1 cluster1=0 cluster6=1 cluster9=0 cluster10=0 cluster7=0
27 cluster8=1 cluster3=1 cluster2=1 cluster1=1 cluster6=0 cluster9=0 cluster10=0 cluster7=0
28 cluster8=1 cluster3=1 cluster2=1 cluster1=0 cluster6=0 cluster9=0 cluster10=0 cluster7=0
29 cluster8=1 cluster3=1 cluster2=0 cluster1=0 cluster6=0 cluster9=0 cluster10=0 cluster7=0
30 cluster8=1 cluster3=0 cluster2=0 cluster1=0 cluster6=0 cluster9=0 cluster10=0 cluster7=0
31 cluster8=0 cluster3=0 cluster2=0 cluster1=0 cluster6=1 cluster9=0 cluster10=0 cluster7=0
32 cluster8=0 cluster3=0 cluster2=1 cluster1=0 cluster6=0 cluster9=0 cluster10=0 cluster7=0
33 cluster8=0 cluster3=0 cluster2=0 cluster1=0 cluster6=0 cluster9=0 cluster10=1 cluster7=0
34 cluster8=0 cluster3=1 cluster2=0 cluster1=0 cluster6=0 cluster9=0 cluster10=0 cluster7=0
inputRegulatorOGs.size() = 1999 inputOGList.size() = 50
binkey=1 [Edge status: 1 0 0 0 0 0 0 0 ] P(G)=P(cluster8=1)[0.2] * P(cluster1=0|cluster2=0) * P(cluster9=0|cluster6=0) * P(cluster7=0|cluster10=0) * P(cluster10=0|cluster6=0) * P(cluster6=0|cluster2=0) * P(cluster2=0|cluster3=0) * P(cluster3=0|cluster8=1)[0.0524288]=0.0104858
binkey=2 [Edge status: 0 1 0 0 0 0 0 0 ] P(G)=P(cluster8=0)[0.8] * P(cluster1=0|cluster2=0) * P(cluster9=0|cluster6=0) * P(cluster7=0|cluster10=0) * P(cluster10=0|cluster6=0) * P(cluster6=0|cluster2=0) * P(cluster2=0|cluster3=1) * P(cluster3=1|cluster8=0)[0.0131072]=0.0104858
binkey=32 [Edge status: 0 0 0 0 0 1 0 0 ] P(G)=P(cluster8=0)[0.8] * P(cluster1=0|cluster2=0) * P(cluster9=1|cluster6=0) * P(cluster7=0|cluster10=0) * P(cluster10=0|cluster6=0) * P(cluster6=0|cluster2=0) * P(cluster2=0|cluster3=0) * P(cluster3=0|cluster8=0)[0.0524288]=0.041943
binkey=4 [Edge status: 0 0 1 0 0 0 0 0 ] P(G)=P(cluster8=0)[0.8] * P(cluster1=0|cluster2=1) * P(cluster9=0|cluster6=0) * P(cluster7=0|cluster10=0) * P(cluster10=0|cluster6=0) * P(cluster6=0|cluster2=1) * P(cluster2=1|cluster3=0) * P(cluster3=0|cluster8=0)[0.0032768]=0.00262144
binkey=8 [Edge status: 0 0 0 1 0 0 0 0 ] P(G)=P(cluster8=0)[0.8] * P(cluster1=1|cluster2=0) * P(cluster9=0|cluster6=0) * P(cluster7=0|cluster10=0) * P(cluster10=0|cluster6=0) * P(cluster6=0|cluster2=0) * P(cluster2=0|cluster3=0) * P(cluster3=0|cluster8=0)[0.0524288]=0.041943
binkey=128 [Edge status: 0 0 0 0 0 0 0 1 ] P(G)=P(cluster8=0)[0.8] * P(cluster1=0|cluster2=0) * P(cluster9=0|cluster6=0) * P(cluster7=1|cluster10=0) * P(cluster10=0|cluster6=0) * P(cluster6=0|cluster2=0) * P(cluster2=0|cluster3=0) * P(cluster3=0|cluster8=0)[0.0524288]=0.041943
binkey=160 [Edge status: 0 0 0 0 0 1 0 1 ] P(G)=P(cluster8=0)[0.8] * P(cluster1=0|cluster2=0) * P(cluster9=1|cluster6=0) * P(cluster7=1|cluster10=0) * P(cluster10=0|cluster6=0) * P(cluster6=0|cluster2=0) * P(cluster2=0|cluster3=0) * P(cluster3=0|cluster8=0)[0.0131072]=0.0104858
binkey=16 [Edge status: 0 0 0 0 1 0 0 0 ] P(G)=P(cluster8=0)[0.8] * P(cluster1=0|cluster2=0) * P(cluster9=0|cluster6=1) * P(cluster7=0|cluster10=0) * P(cluster10=0|cluster6=1) * P(cluster6=1|cluster2=0) * P(cluster2=0|cluster3=0) * P(cluster3=0|cluster8=0)[0.0032768]=0.00262144
binkey=64 [Edge status: 0 0 0 0 0 0 1 0 ] P(G)=P(cluster8=0)[0.8] * P(cluster1=0|cluster2=0) * P(cluster9=0|cluster6=0) * P(cluster7=0|cluster10=1) * P(cluster10=1|cluster6=0) * P(cluster6=0|cluster2=0) * P(cluster2=0|cluster3=0) * P(cluster3=0|cluster8=0)[0.0131072]=0.0104858
binkey=192 [Edge status: 0 0 0 0 0 0 1 1 ] P(G)=P(cluster8=0)[0.8] * P(cluster1=0|cluster2=0) * P(cluster9=0|cluster6=0) * P(cluster7=1|cluster10=1) * P(cluster10=1|cluster6=0) * P(cluster6=0|cluster2=0) * P(cluster2=0|cluster3=0) * P(cluster3=0|cluster8=0)[0.0524288]=0.041943
binkey=40 [Edge status: 0 0 0 1 0 1 0 0 ] P(G)=P(cluster8=0)[0.8] * P(cluster1=1|cluster2=0) * P(cluster9=1|cluster6=0) * P(cluster7=0|cluster10=0) * P(cluster10=0|cluster6=0) * P(cluster6=0|cluster2=0) * P(cluster2=0|cluster3=0) * P(cluster3=0|cluster8=0)[0.0131072]=0.0104858
binkey=136 [Edge status: 0 0 0 1 0 0 0 1 ] P(G)=P(cluster8=0)[0.8] * P(cluster1=1|cluster2=0) * P(cluster9=0|cluster6=0) * P(cluster7=1|cluster10=0) * P(cluster10=0|cluster6=0) * P(cluster6=0|cluster2=0) * P(cluster2=0|cluster3=0) * P(cluster3=0|cluster8=0)[0.0131072]=0.0104858
binkey=3 [Edge status: 1 1 0 0 0 0 0 0 ] P(G)=P(cluster8=1)[0.2] * P(cluster1=0|cluster2=0) * P(cluster9=0|cluster6=0) * P(cluster7=0|cluster10=0) * P(cluster10=0|cluster6=0) * P(cluster6=0|cluster2=0) * P(cluster2=0|cluster3=1) * P(cluster3=1|cluster8=1)[0.0524288]=0.0104858
binkey=224 [Edge status: 0 0 0 0 0 1 1 1 ] P(G)=P(cluster8=0)[0.8] * P(cluster1=0|cluster2=0) * P(cluster9=1|cluster6=0) * P(cluster7=1|cluster10=1) * P(cluster10=1|cluster6=0) * P(cluster6=0|cluster2=0) * P(cluster2=0|cluster3=0) * P(cluster3=0|cluster8=0)[0.0131072]=0.0104858
binkey=240 [Edge status: 0 0 0 0 1 1 1 1 ] P(G)=P(cluster8=0)[0.8] * P(cluster1=0|cluster2=0) * P(cluster9=1|cluster6=1) * P(cluster7=1|cluster10=1) * P(cluster10=1|cluster6=1) * P(cluster6=1|cluster2=0) * P(cluster2=0|cluster3=0) * P(cluster3=0|cluster8=0)[0.0524288]=0.041943
binkey=168 [Edge status: 0 0 0 1 0 1 0 1 ] P(G)=P(cluster8=0)[0.8] * P(cluster1=1|cluster2=0) * P(cluster9=1|cluster6=0) * P(cluster7=1|cluster10=0) * P(cluster10=0|cluster6=0) * P(cluster6=0|cluster2=0) * P(cluster2=0|cluster3=0) * P(cluster3=0|cluster8=0)[0.0032768]=0.00262144
binkey=200 [Edge status: 0 0 0 1 0 0 1 1 ] P(G)=P(cluster8=0)[0.8] * P(cluster1=1|cluster2=0) * P(cluster9=0|cluster6=0) * P(cluster7=1|cluster10=1) * P(cluster10=1|cluster6=0) * P(cluster6=0|cluster2=0) * P(cluster2=0|cluster3=0) * P(cluster3=0|cluster8=0)[0.0131072]=0.0104858
binkey=232 [Edge status: 0 0 0 1 0 1 1 1 ] P(G)=P(cluster8=0)[0.8] * P(cluster1=1|cluster2=0) * P(cluster9=1|cluster6=0) * P(cluster7=1|cluster10=1) * P(cluster10=1|cluster6=0) * P(cluster6=0|cluster2=0) * P(cluster2=0|cluster3=0) * P(cluster3=0|cluster8=0)[0.0032768]=0.00262144
binkey=7 [Edge status: 1 1 1 0 0 0 0 0 ] P(G)=P(cluster8=1)[0.2] * P(cluster1=0|cluster2=1) * P(cluster9=0|cluster6=0) * P(cluster7=0|cluster10=0) * P(cluster10=0|cluster6=0) * P(cluster6=0|cluster2=1) * P(cluster2=1|cluster3=1) * P(cluster3=1|cluster8=1)[0.0131072]=0.00262144
binkey=248 [Edge status: 0 0 0 1 1 1 1 1 ] P(G)=P(cluster8=0)[0.8] * P(cluster1=1|cluster2=0) * P(cluster9=1|cluster6=1) * P(cluster7=1|cluster10=1) * P(cluster10=1|cluster6=1) * P(cluster6=1|cluster2=0) * P(cluster2=0|cluster3=0) * P(cluster3=0|cluster8=0)[0.0131072]=0.0104858
binkey=252 [Edge status: 0 0 1 1 1 1 1 1 ] P(G)=P(cluster8=0)[0.8] * P(cluster1=1|cluster2=1) * P(cluster9=1|cluster6=1) * P(cluster7=1|cluster10=1) * P(cluster10=1|cluster6=1) * P(cluster6=1|cluster2=1) * P(cluster2=1|cluster3=0) * P(cluster3=0|cluster8=0)[0.0524288]=0.041943
binkey=254 [Edge status: 0 1 1 1 1 1 1 1 ] P(G)=P(cluster8=0)[0.8] * P(cluster1=1|cluster2=1) * P(cluster9=1|cluster6=1) * P(cluster7=1|cluster10=1) * P(cluster10=1|cluster6=1) * P(cluster6=1|cluster2=1) * P(cluster2=1|cluster3=1) * P(cluster3=1|cluster8=0)[0.0524288]=0.041943
binkey=247 [Edge status: 1 1 1 0 1 1 1 1 ] P(G)=P(cluster8=1)[0.2] * P(cluster1=0|cluster2=1) * P(cluster9=1|cluster6=1) * P(cluster7=1|cluster10=1) * P(cluster10=1|cluster6=1) * P(cluster6=1|cluster2=1) * P(cluster2=1|cluster3=1) * P(cluster3=1|cluster8=1)[0.0524288]=0.0104858
binkey=119 [Edge status: 1 1 1 0 1 1 1 0 ] P(G)=P(cluster8=1)[0.2] * P(cluster1=0|cluster2=1) * P(cluster9=1|cluster6=1) * P(cluster7=0|cluster10=1) * P(cluster10=1|cluster6=1) * P(cluster6=1|cluster2=1) * P(cluster2=1|cluster3=1) * P(cluster3=1|cluster8=1)[0.0131072]=0.00262144
binkey=215 [Edge status: 1 1 1 0 1 0 1 1 ] P(G)=P(cluster8=1)[0.2] * P(cluster1=0|cluster2=1) * P(cluster9=0|cluster6=1) * P(cluster7=1|cluster10=1) * P(cluster10=1|cluster6=1) * P(cluster6=1|cluster2=1) * P(cluster2=1|cluster3=1) * P(cluster3=1|cluster8=1)[0.0131072]=0.00262144
binkey=87 [Edge status: 1 1 1 0 1 0 1 0 ] P(G)=P(cluster8=1)[0.2] * P(cluster1=0|cluster2=1) * P(cluster9=0|cluster6=1) * P(cluster7=0|cluster10=1) * P(cluster10=1|cluster6=1) * P(cluster6=1|cluster2=1) * P(cluster2=1|cluster3=1) * P(cluster3=1|cluster8=1)[0.0032768]=0.00065536
binkey=55 [Edge status: 1 1 1 0 1 1 0 0 ] P(G)=P(cluster8=1)[0.2] * P(cluster1=0|cluster2=1) * P(cluster9=1|cluster6=1) * P(cluster7=0|cluster10=0) * P(cluster10=0|cluster6=1) * P(cluster6=1|cluster2=1) * P(cluster2=1|cluster3=1) * P(cluster3=1|cluster8=1)[0.0131072]=0.00262144
binkey=23 [Edge status: 1 1 1 0 1 0 0 0 ] P(G)=P(cluster8=1)[0.2] * P(cluster1=0|cluster2=1) * P(cluster9=0|cluster6=1) * P(cluster7=0|cluster10=0) * P(cluster10=0|cluster6=1) * P(cluster6=1|cluster2=1) * P(cluster2=1|cluster3=1) * P(cluster3=1|cluster8=1)[0.0032768]=0.00065536
ITERATION 0 newScore=-2.68454e+06 diffscore=17011.6 priorChange=-116.449 successMove=60
ITERATION 1 newScore=-2.67915e+06 diffscore=5396.45 priorChange=-110.904 successMove=55
ITERATION 2 newScore=-2.67185e+06 diffscore=7295.86 priorChange=-117.835 successMove=60
ITERATION 3 newScore=-2.66666e+06 diffscore=5190.74 priorChange=-124.766 successMove=50
ITERATION 4 newScore=-2.66294e+06 diffscore=3721.23 priorChange=-110.904 successMove=50
ITERATION 5 newScore=-2.66063e+06 diffscore=2305.77 priorChange=-110.904 successMove=54
ITERATION 6 newScore=-2.65592e+06 diffscore=4714.46 priorChange=-112.29 successMove=53
ITERATION 7 newScore=-2.65313e+06 diffscore=2786.55 priorChange=-119.221 successMove=53
ITERATION 8 newScore=-2.64465e+06 diffscore=8485.18 priorChange=-119.221 successMove=51
ITERATION 9 newScore=-2.63788e+06 diffscore=6764.7 priorChange=-105.358 successMove=51
ITERATION 10 newScore=-2.63563e+06 diffscore=2247.69 priorChange=-112.29 successMove=51
ITERATION 11 newScore=-2.63452e+06 diffscore=1116.95 priorChange=-124.766 successMove=51
ITERATION 12 newScore=-2.63243e+06 diffscore=2083.92 priorChange=-126.153 successMove=52
ITERATION 13 newScore=-2.63154e+06 diffscore=892.346 priorChange=-123.38 successMove=52
ITERATION 14 newScore=-2.62807e+06 diffscore=3473.79 priorChange=-113.676 successMove=52
ITERATION 15 newScore=-2.62679e+06 diffscore=1276.56 priorChange=-102.586 successMove=52
ITERATION 16 newScore=-2.62313e+06 diffscore=3664.7 priorChange=-116.449 successMove=52
ITERATION 17 newScore=-2.62087e+06 diffscore=2254.95 priorChange=-116.449 successMove=51
ITERATION 18 newScore=-2.62009e+06 diffscore=777.812 priorChange=-108.131 successMove=51
ITERATION 19 newScore=-2.61909e+06 diffscore=997.573 priorChange=-115.062 successMove=50
ITERATION 20 newScore=-2.61708e+06 diffscore=2013.63 priorChange=-119.221 successMove=57
ITERATION 21 newScore=-2.61436e+06 diffscore=2724.74 priorChange=-128.925 successMove=52
ITERATION 22 newScore=-2.61275e+06 diffscore=1603.07 priorChange=-127.539 successMove=50
ITERATION 23 newScore=-2.61002e+06 diffscore=2734.66 priorChange=-116.449 successMove=51
ITERATION 24 newScore=-2.60946e+06 diffscore=554.434 priorChange=-108.131 successMove=50
ITERATION 25 newScore=-2.60888e+06 diffscore=588.754 priorChange=-113.676 successMove=51
ITERATION 26 newScore=-2.60758e+06 diffscore=1295.15 priorChange=-103.972 successMove=49
ITERATION 27 newScore=-2.60616e+06 diffscore=1423.46 priorChange=-112.29 successMove=49
ITERATION 28 newScore=-2.60501e+06 diffscore=1149.23 priorChange=-110.904 successMove=49
ITERATION 29 newScore=-2.60313e+06 diffscore=1881.97 priorChange=-105.358 successMove=47
ITERATION 30 newScore=-2.6006e+06 diffscore=2527.38 priorChange=-98.4269 successMove=47
ITERATION 31 newScore=-2.59949e+06 diffscore=1110.43 priorChange=-98.4269 successMove=48
ITERATION 32 newScore=-2.59652e+06 diffscore=2968.5 priorChange=-106.745 successMove=45
ITERATION 33 newScore=-2.59616e+06 diffscore=357.171 priorChange=-95.6543 successMove=45
ITERATION 34 newScore=-2.59584e+06 diffscore=321.725 priorChange=-74.8599 successMove=44
ITERATION 35 newScore=-2.59446e+06 diffscore=1375.97 priorChange=-90.1091 successMove=44
ITERATION 36 newScore=-2.59418e+06 diffscore=280.504 priorChange=-88.7228 successMove=44
ITERATION 37 newScore=-2.5939e+06 diffscore=281.263 priorChange=-80.4051 successMove=46
ITERATION 38 newScore=-2.5923e+06 diffscore=1606.55 priorChange=-81.7914 successMove=45
ITERATION 39 newScore=-2.59202e+06 diffscore=280.841 priorChange=-73.4736 successMove=43
ITERATION 40 newScore=-2.59136e+06 diffscore=657.855 priorChange=-88.7228 successMove=44
ITERATION 41 newScore=-2.59104e+06 diffscore=318.674 priorChange=-92.8817 successMove=43
ITERATION 42 newScore=-2.58929e+06 diffscore=1748.31 priorChange=-87.3365 successMove=43
ITERATION 43 newScore=-2.58894e+06 diffscore=348.012 priorChange=-95.6543 successMove=42
ITERATION 44 newScore=-2.58742e+06 diffscore=1526.44 priorChange=-91.4954 successMove=42
ITERATION 45 newScore=-2.58709e+06 diffscore=328.297 priorChange=-94.268 successMove=43
ITERATION 46 newScore=-2.58566e+06 diffscore=1432.26 priorChange=-76.2462 successMove=41
ITERATION 47 newScore=-2.58538e+06 diffscore=276.733 priorChange=-91.4954 successMove=41
ITERATION 48 newScore=-2.58511e+06 diffscore=266.731 priorChange=-88.7228 successMove=42
ITERATION 49 newScore=-2.58475e+06 diffscore=359.669 priorChange=-99.8132 successMove=41
ITERATION 50 newScore=-2.58265e+06 diffscore=2105.52 priorChange=-85.9503 successMove=42
ITERATION 51 newScore=-2.58159e+06 diffscore=1058.61 priorChange=-73.4736 successMove=40
ITERATION 52 newScore=-2.58109e+06 diffscore=500.27 priorChange=-81.7914 successMove=41
ITERATION 53 newScore=-2.57829e+06 diffscore=2802.01 priorChange=-85.9503 successMove=39
ITERATION 54 newScore=-2.57796e+06 diffscore=330.592 priorChange=-74.8599 successMove=38
ITERATION 55 newScore=-2.57764e+06 diffscore=317.736 priorChange=-74.8599 successMove=37
ITERATION 56 newScore=-2.57499e+06 diffscore=2651.2 priorChange=-80.4051 successMove=36
ITERATION 57 newScore=-2.57478e+06 diffscore=202.109 priorChange=-59.6107 successMove=36
ITERATION 58 newScore=-2.57455e+06 diffscore=234.784 priorChange=-74.8599 successMove=34
ITERATION 59 newScore=-2.57429e+06 diffscore=263.179 priorChange=-63.7695 successMove=33
ITERATION 60 newScore=-2.57211e+06 diffscore=2173.72 priorChange=-58.2244 successMove=32
ITERATION 61 newScore=-2.57184e+06 diffscore=276.771 priorChange=-55.4518 successMove=32
ITERATION 62 newScore=-2.57155e+06 diffscore=283.122 priorChange=-63.7695 successMove=29
ITERATION 63 newScore=-2.57117e+06 diffscore=380.331 priorChange=-54.0655 successMove=28
ITERATION 64 newScore=-2.56935e+06 diffscore=1825.55 priorChange=-54.0655 successMove=30
ITERATION 65 newScore=-2.56872e+06 diffscore=629.975 priorChange=-40.2025 successMove=27
ITERATION 66 newScore=-2.56854e+06 diffscore=177.082 priorChange=-63.7695 successMove=27
ITERATION 67 newScore=-2.56841e+06 diffscore=131.182 priorChange=-63.7695 successMove=27
ITERATION 68 newScore=-2.56689e+06 diffscore=1518.18 priorChange=-56.8381 successMove=24
ITERATION 69 newScore=-2.5668e+06 diffscore=89.4224 priorChange=-49.9066 successMove=24
ITERATION 70 newScore=-2.5667e+06 diffscore=97.8805 priorChange=-55.4518 successMove=25
ITERATION 71 newScore=-2.56662e+06 diffscore=86.2669 priorChange=-47.134 successMove=24
ITERATION 72 newScore=-2.56652e+06 diffscore=98.6504 priorChange=-44.3614 successMove=23
ITERATION 73 newScore=-2.56642e+06 diffscore=102.836 priorChange=-45.7477 successMove=22
ITERATION 74 newScore=-2.56632e+06 diffscore=91.7511 priorChange=-42.9751 successMove=21
ITERATION 75 newScore=-2.56624e+06 diffscore=80.3231 priorChange=-42.9751 successMove=20
ITERATION 76 newScore=-2.56616e+06 diffscore=81.0221 priorChange=-40.2025 successMove=19
ITERATION 77 newScore=-2.56606e+06 diffscore=107.117 priorChange=-36.0437 successMove=18
ITERATION 78 newScore=-2.56593e+06 diffscore=126.048 priorChange=-36.0437 successMove=18
ITERATION 79 newScore=-2.56446e+06 diffscore=1464.3 priorChange=-36.0437 successMove=18
ITERATION 80 newScore=-2.56439e+06 diffscore=79.7606 priorChange=-37.4299 successMove=18
ITERATION 81 newScore=-2.56431e+06 diffscore=77.3895 priorChange=-29.1122 successMove=16
ITERATION 82 newScore=-2.56424e+06 diffscore=69.1049 priorChange=-29.1122 successMove=14
ITERATION 83 newScore=-2.56417e+06 diffscore=71.0618 priorChange=-36.0437 successMove=14
ITERATION 84 newScore=-2.5641e+06 diffscore=68.3296 priorChange=-26.3396 successMove=14
ITERATION 85 newScore=-2.56404e+06 diffscore=56.6683 priorChange=-19.4081 successMove=15
ITERATION 86 newScore=-2.56398e+06 diffscore=61.205 priorChange=-29.1122 successMove=14
ITERATION 87 newScore=-2.56389e+06 diffscore=93.5099 priorChange=-34.6574 successMove=14
ITERATION 88 newScore=-2.56383e+06 diffscore=53.8107 priorChange=-26.3396 successMove=13
ITERATION 89 newScore=-2.56372e+06 diffscore=109.834 priorChange=-30.4985 successMove=12
ITERATION 90 newScore=-2.56362e+06 diffscore=102.073 priorChange=-29.1122 successMove=12
ITERATION 91 newScore=-2.56354e+06 diffscore=79.6143 priorChange=-20.7944 successMove=9
ITERATION 92 newScore=-2.56341e+06 diffscore=132.404 priorChange=-24.9533 successMove=9
ITERATION 93 newScore=-2.56232e+06 diffscore=1090.92 priorChange=-18.0218 successMove=9
ITERATION 94 newScore=-2.56119e+06 diffscore=1125.87 priorChange=-16.6355 successMove=9
ITERATION 95 newScore=-2.56114e+06 diffscore=48.8069 priorChange=-18.0218 successMove=9
ITERATION 96 newScore=-2.56112e+06 diffscore=26.2136 priorChange=-4.15888 successMove=8
ITERATION 97 newScore=-2.56106e+06 diffscore=53.812 priorChange=-12.4766 successMove=7
ITERATION 98 newScore=-2.561e+06 diffscore=67.8341 priorChange=-6.93147 successMove=7
ITERATION 99 newScore=-2.55962e+06 diffscore=1372.26 priorChange=-12.4766 successMove=7
MetaLearner::dumpAllGraphs
Final Score -2.55962e+06
MetaLearner::start runtime: 1507485947 ms
Results/
Results/cluster6/
Results/cluster6/fold0/
Results/cluster6/fold0/var_mb_pw_k50.txt
Results/cluster6/fold0/modelparams.txt
Results/cluster1/
Results/cluster1/fold0/
Results/cluster1/fold0/var_mb_pw_k50.txt
Results/cluster1/fold0/modelparams.txt
Results/cluster10/
Results/cluster10/fold0/
Results/cluster10/fold0/var_mb_pw_k50.txt
Results/cluster10/fold0/modelparams.txt
Results/cluster8/
Results/cluster8/scoreFile.txt
Results/cluster8/fold0/
Results/cluster8/fold0/var_mb_pw_k50.txt
Results/cluster8/fold0/modelparams.txt
Results/cluster2/
Results/cluster2/fold0/
Results/cluster2/fold0/var_mb_pw_k50.txt
Results/cluster2/fold0/modelparams.txt
Results/cluster3/
Results/cluster3/fold0/
Results/cluster3/fold0/var_mb_pw_k50.txt
Results/cluster3/fold0/modelparams.txt
Results/cluster7/
Results/cluster7/fold0/
Results/cluster7/fold0/var_mb_pw_k50.txt
Results/cluster7/fold0/modelparams.txt
Results/cluster9/
Results/cluster9/fold0/
Results/cluster9/fold0/var_mb_pw_k50.txt
Results/cluster9/fold0/modelparams.txt
