./CVN -f config_condor.txt -x50 -v1 -l TFs_OGs.txt -n AllGenes136.txt -d celltype_tree_ancestor.txt -m testdata_ogids.txt -s celltype_order.txt -p 0.2 -c yes -b -4 -q 4
(cluster3|cluster8) p_maintain_edge=0.8 p_gain=0.2
(cluster2|cluster3) p_maintain_edge=0.8 p_gain=0.2
(cluster1|cluster2) p_maintain_edge=0.8 p_gain=0.2
(cluster6|cluster2) p_maintain_edge=0.8 p_gain=0.2
(cluster9|cluster6) p_maintain_edge=0.8 p_gain=0.2
(cluster10|cluster6) p_maintain_edge=0.8 p_gain=0.2
(cluster7|cluster10) p_maintain_edge=0.8 p_gain=0.2
speciesSet.size()=8 Root is cluster8
MappedOrthogroupReader::readSpeciesMapping() --- celltype_order.txt
MappedOrthogroupReader::readFile - testdata_ogids.txt
MappedOrthogroupReader::generateGeneOrthoMap()
MetaLearner::init_onefold() read:config_condor.txt
MetaLearner::setinputVariableNames number of variables: 2044
readEvidenceTable:cluster8.table
PotentialManager::loadEvidenceFromTable varCount=2044 sampleCount=348
motifNetwork.size() = 319
0=cluster8 motifNetwork=cluster8_network.txt
variable size=2044
readEvidenceTable:cluster3.table
PotentialManager::loadEvidenceFromTable varCount=2044 sampleCount=95
motifNetwork.size() = 326
1=cluster3 motifNetwork=cluster3_network.txt
variable size=2044
readEvidenceTable:cluster2.table
PotentialManager::loadEvidenceFromTable varCount=2044 sampleCount=386
motifNetwork.size() = 328
2=cluster2 motifNetwork=cluster2_network.txt
variable size=2044
readEvidenceTable:cluster1.table
PotentialManager::loadEvidenceFromTable varCount=2044 sampleCount=36
motifNetwork.size() = 322
3=cluster1 motifNetwork=cluster1_network.txt
variable size=2044
readEvidenceTable:cluster6.table
PotentialManager::loadEvidenceFromTable varCount=2044 sampleCount=524
motifNetwork.size() = 320
4=cluster6 motifNetwork=cluster6_network.txt
variable size=2044
readEvidenceTable:cluster9.table
PotentialManager::loadEvidenceFromTable varCount=2044 sampleCount=184
motifNetwork.size() = 327
5=cluster9 motifNetwork=cluster9_network.txt
variable size=2044
readEvidenceTable:cluster10.table
PotentialManager::loadEvidenceFromTable varCount=2044 sampleCount=165
motifNetwork.size() = 326
6=cluster10 motifNetwork=cluster10_network.txt
variable size=2044
readEvidenceTable:cluster7.table
PotentialManager::loadEvidenceFromTable varCount=2044 sampleCount=1032
motifNetwork.size() = 320
7=cluster7 motifNetwork=cluster7_network.txt
variable size=2044
-------------------------------------------------------------
MetaLearner::start
precomputeEmptyGraphPrior
binkey=0 [Edge status: 0 0 0 0 0 0 0 0 ] P(G)=P(cluster8=0)[0.8] * P(cluster1=0|cluster2=0) * P(cluster9=0|cluster6=0) * P(cluster7=0|cluster10=0) * P(cluster10=0|cluster6=0) * P(cluster6=0|cluster2=0) * P(cluster2=0|cluster3=0) * P(cluster3=0|cluster8=0)[0.209715]=0.167772
condsetMap_Tree
0 cluster8=0 cluster3=0 cluster2=0 cluster1=0 cluster6=0 cluster9=0 cluster10=0 cluster7=1
1 cluster8=0 cluster3=0 cluster2=0 cluster1=0 cluster6=0 cluster9=1 cluster10=0 cluster7=0
2 cluster8=0 cluster3=0 cluster2=0 cluster1=0 cluster6=0 cluster9=1 cluster10=0 cluster7=1
3 cluster8=0 cluster3=0 cluster2=0 cluster1=1 cluster6=0 cluster9=0 cluster10=0 cluster7=0
4 cluster8=0 cluster3=0 cluster2=0 cluster1=1 cluster6=0 cluster9=0 cluster10=0 cluster7=1
5 cluster8=0 cluster3=0 cluster2=0 cluster1=1 cluster6=0 cluster9=1 cluster10=0 cluster7=0
6 cluster8=0 cluster3=0 cluster2=0 cluster1=1 cluster6=0 cluster9=1 cluster10=0 cluster7=1
7 cluster8=0 cluster3=0 cluster2=0 cluster1=0 cluster6=0 cluster9=0 cluster10=1 cluster7=1
8 cluster8=0 cluster3=0 cluster2=0 cluster1=0 cluster6=0 cluster9=1 cluster10=1 cluster7=1
9 cluster8=0 cluster3=0 cluster2=0 cluster1=1 cluster6=0 cluster9=0 cluster10=1 cluster7=1
10 cluster8=0 cluster3=0 cluster2=0 cluster1=1 cluster6=0 cluster9=1 cluster10=1 cluster7=1
11 cluster8=0 cluster3=0 cluster2=0 cluster1=0 cluster6=1 cluster9=1 cluster10=1 cluster7=1
12 cluster8=0 cluster3=0 cluster2=0 cluster1=1 cluster6=1 cluster9=1 cluster10=1 cluster7=1
13 cluster8=0 cluster3=0 cluster2=1 cluster1=1 cluster6=1 cluster9=1 cluster10=1 cluster7=1
14 cluster8=0 cluster3=1 cluster2=1 cluster1=1 cluster6=1 cluster9=1 cluster10=1 cluster7=1
15 cluster8=1 cluster3=1 cluster2=1 cluster1=1 cluster6=1 cluster9=1 cluster10=1 cluster7=1
16 cluster8=1 cluster3=1 cluster2=1 cluster1=1 cluster6=1 cluster9=1 cluster10=1 cluster7=0
17 cluster8=1 cluster3=1 cluster2=1 cluster1=1 cluster6=1 cluster9=0 cluster10=1 cluster7=1
18 cluster8=1 cluster3=1 cluster2=1 cluster1=1 cluster6=1 cluster9=0 cluster10=1 cluster7=0
19 cluster8=1 cluster3=1 cluster2=1 cluster1=0 cluster6=1 cluster9=1 cluster10=1 cluster7=1
20 cluster8=1 cluster3=1 cluster2=1 cluster1=0 cluster6=1 cluster9=1 cluster10=1 cluster7=0
21 cluster8=1 cluster3=1 cluster2=1 cluster1=0 cluster6=1 cluster9=0 cluster10=1 cluster7=1
22 cluster8=1 cluster3=1 cluster2=1 cluster1=0 cluster6=1 cluster9=0 cluster10=1 cluster7=0
23 cluster8=1 cluster3=1 cluster2=1 cluster1=1 cluster6=1 cluster9=1 cluster10=0 cluster7=0
24 cluster8=1 cluster3=1 cluster2=1 cluster1=1 cluster6=1 cluster9=0 cluster10=0 cluster7=0
25 cluster8=1 cluster3=1 cluster2=1 cluster1=0 cluster6=1 cluster9=1 cluster10=0 cluster7=0
26 cluster8=1 cluster3=1 cluster2=1 cluster1=0 cluster6=1 cluster9=0 cluster10=0 cluster7=0
27 cluster8=1 cluster3=1 cluster2=1 cluster1=1 cluster6=0 cluster9=0 cluster10=0 cluster7=0
28 cluster8=1 cluster3=1 cluster2=1 cluster1=0 cluster6=0 cluster9=0 cluster10=0 cluster7=0
29 cluster8=1 cluster3=1 cluster2=0 cluster1=0 cluster6=0 cluster9=0 cluster10=0 cluster7=0
30 cluster8=1 cluster3=0 cluster2=0 cluster1=0 cluster6=0 cluster9=0 cluster10=0 cluster7=0
31 cluster8=0 cluster3=0 cluster2=0 cluster1=0 cluster6=1 cluster9=0 cluster10=0 cluster7=0
32 cluster8=0 cluster3=0 cluster2=1 cluster1=0 cluster6=0 cluster9=0 cluster10=0 cluster7=0
33 cluster8=0 cluster3=0 cluster2=0 cluster1=0 cluster6=0 cluster9=0 cluster10=1 cluster7=0
34 cluster8=0 cluster3=1 cluster2=0 cluster1=0 cluster6=0 cluster9=0 cluster10=0 cluster7=0
inputRegulatorOGs.size() = 1999 inputOGList.size() = 50
binkey=8 [Edge status: 0 0 0 1 0 0 0 0 ] P(G)=P(cluster8=0)[0.8] * P(cluster1=1|cluster2=0) * P(cluster9=0|cluster6=0) * P(cluster7=0|cluster10=0) * P(cluster10=0|cluster6=0) * P(cluster6=0|cluster2=0) * P(cluster2=0|cluster3=0) * P(cluster3=0|cluster8=0)[0.0524288]=0.041943
binkey=16 [Edge status: 0 0 0 0 1 0 0 0 ] P(G)=P(cluster8=0)[0.8] * P(cluster1=0|cluster2=0) * P(cluster9=0|cluster6=1) * P(cluster7=0|cluster10=0) * P(cluster10=0|cluster6=1) * P(cluster6=1|cluster2=0) * P(cluster2=0|cluster3=0) * P(cluster3=0|cluster8=0)[0.0032768]=0.00262144
binkey=4 [Edge status: 0 0 1 0 0 0 0 0 ] P(G)=P(cluster8=0)[0.8] * P(cluster1=0|cluster2=1) * P(cluster9=0|cluster6=0) * P(cluster7=0|cluster10=0) * P(cluster10=0|cluster6=0) * P(cluster6=0|cluster2=1) * P(cluster2=1|cluster3=0) * P(cluster3=0|cluster8=0)[0.0032768]=0.00262144
binkey=128 [Edge status: 0 0 0 0 0 0 0 1 ] P(G)=P(cluster8=0)[0.8] * P(cluster1=0|cluster2=0) * P(cluster9=0|cluster6=0) * P(cluster7=1|cluster10=0) * P(cluster10=0|cluster6=0) * P(cluster6=0|cluster2=0) * P(cluster2=0|cluster3=0) * P(cluster3=0|cluster8=0)[0.0524288]=0.041943
binkey=1 [Edge status: 1 0 0 0 0 0 0 0 ] P(G)=P(cluster8=1)[0.2] * P(cluster1=0|cluster2=0) * P(cluster9=0|cluster6=0) * P(cluster7=0|cluster10=0) * P(cluster10=0|cluster6=0) * P(cluster6=0|cluster2=0) * P(cluster2=0|cluster3=0) * P(cluster3=0|cluster8=1)[0.0524288]=0.0104858
binkey=64 [Edge status: 0 0 0 0 0 0 1 0 ] P(G)=P(cluster8=0)[0.8] * P(cluster1=0|cluster2=0) * P(cluster9=0|cluster6=0) * P(cluster7=0|cluster10=1) * P(cluster10=1|cluster6=0) * P(cluster6=0|cluster2=0) * P(cluster2=0|cluster3=0) * P(cluster3=0|cluster8=0)[0.0131072]=0.0104858
binkey=136 [Edge status: 0 0 0 1 0 0 0 1 ] P(G)=P(cluster8=0)[0.8] * P(cluster1=1|cluster2=0) * P(cluster9=0|cluster6=0) * P(cluster7=1|cluster10=0) * P(cluster10=0|cluster6=0) * P(cluster6=0|cluster2=0) * P(cluster2=0|cluster3=0) * P(cluster3=0|cluster8=0)[0.0131072]=0.0104858
binkey=32 [Edge status: 0 0 0 0 0 1 0 0 ] P(G)=P(cluster8=0)[0.8] * P(cluster1=0|cluster2=0) * P(cluster9=1|cluster6=0) * P(cluster7=0|cluster10=0) * P(cluster10=0|cluster6=0) * P(cluster6=0|cluster2=0) * P(cluster2=0|cluster3=0) * P(cluster3=0|cluster8=0)[0.0524288]=0.041943
binkey=160 [Edge status: 0 0 0 0 0 1 0 1 ] P(G)=P(cluster8=0)[0.8] * P(cluster1=0|cluster2=0) * P(cluster9=1|cluster6=0) * P(cluster7=1|cluster10=0) * P(cluster10=0|cluster6=0) * P(cluster6=0|cluster2=0) * P(cluster2=0|cluster3=0) * P(cluster3=0|cluster8=0)[0.0131072]=0.0104858
binkey=192 [Edge status: 0 0 0 0 0 0 1 1 ] P(G)=P(cluster8=0)[0.8] * P(cluster1=0|cluster2=0) * P(cluster9=0|cluster6=0) * P(cluster7=1|cluster10=1) * P(cluster10=1|cluster6=0) * P(cluster6=0|cluster2=0) * P(cluster2=0|cluster3=0) * P(cluster3=0|cluster8=0)[0.0524288]=0.041943
binkey=224 [Edge status: 0 0 0 0 0 1 1 1 ] P(G)=P(cluster8=0)[0.8] * P(cluster1=0|cluster2=0) * P(cluster9=1|cluster6=0) * P(cluster7=1|cluster10=1) * P(cluster10=1|cluster6=0) * P(cluster6=0|cluster2=0) * P(cluster2=0|cluster3=0) * P(cluster3=0|cluster8=0)[0.0131072]=0.0104858
binkey=2 [Edge status: 0 1 0 0 0 0 0 0 ] P(G)=P(cluster8=0)[0.8] * P(cluster1=0|cluster2=0) * P(cluster9=0|cluster6=0) * P(cluster7=0|cluster10=0) * P(cluster10=0|cluster6=0) * P(cluster6=0|cluster2=0) * P(cluster2=0|cluster3=1) * P(cluster3=1|cluster8=0)[0.0131072]=0.0104858
binkey=3 [Edge status: 1 1 0 0 0 0 0 0 ] P(G)=P(cluster8=1)[0.2] * P(cluster1=0|cluster2=0) * P(cluster9=0|cluster6=0) * P(cluster7=0|cluster10=0) * P(cluster10=0|cluster6=0) * P(cluster6=0|cluster2=0) * P(cluster2=0|cluster3=1) * P(cluster3=1|cluster8=1)[0.0524288]=0.0104858
binkey=7 [Edge status: 1 1 1 0 0 0 0 0 ] P(G)=P(cluster8=1)[0.2] * P(cluster1=0|cluster2=1) * P(cluster9=0|cluster6=0) * P(cluster7=0|cluster10=0) * P(cluster10=0|cluster6=0) * P(cluster6=0|cluster2=1) * P(cluster2=1|cluster3=1) * P(cluster3=1|cluster8=1)[0.0131072]=0.00262144
binkey=40 [Edge status: 0 0 0 1 0 1 0 0 ] P(G)=P(cluster8=0)[0.8] * P(cluster1=1|cluster2=0) * P(cluster9=1|cluster6=0) * P(cluster7=0|cluster10=0) * P(cluster10=0|cluster6=0) * P(cluster6=0|cluster2=0) * P(cluster2=0|cluster3=0) * P(cluster3=0|cluster8=0)[0.0131072]=0.0104858
binkey=240 [Edge status: 0 0 0 0 1 1 1 1 ] P(G)=P(cluster8=0)[0.8] * P(cluster1=0|cluster2=0) * P(cluster9=1|cluster6=1) * P(cluster7=1|cluster10=1) * P(cluster10=1|cluster6=1) * P(cluster6=1|cluster2=0) * P(cluster2=0|cluster3=0) * P(cluster3=0|cluster8=0)[0.0524288]=0.041943
binkey=247 [Edge status: 1 1 1 0 1 1 1 1 ] P(G)=P(cluster8=1)[0.2] * P(cluster1=0|cluster2=1) * P(cluster9=1|cluster6=1) * P(cluster7=1|cluster10=1) * P(cluster10=1|cluster6=1) * P(cluster6=1|cluster2=1) * P(cluster2=1|cluster3=1) * P(cluster3=1|cluster8=1)[0.0524288]=0.0104858
binkey=119 [Edge status: 1 1 1 0 1 1 1 0 ] P(G)=P(cluster8=1)[0.2] * P(cluster1=0|cluster2=1) * P(cluster9=1|cluster6=1) * P(cluster7=0|cluster10=1) * P(cluster10=1|cluster6=1) * P(cluster6=1|cluster2=1) * P(cluster2=1|cluster3=1) * P(cluster3=1|cluster8=1)[0.0131072]=0.00262144
binkey=215 [Edge status: 1 1 1 0 1 0 1 1 ] P(G)=P(cluster8=1)[0.2] * P(cluster1=0|cluster2=1) * P(cluster9=0|cluster6=1) * P(cluster7=1|cluster10=1) * P(cluster10=1|cluster6=1) * P(cluster6=1|cluster2=1) * P(cluster2=1|cluster3=1) * P(cluster3=1|cluster8=1)[0.0131072]=0.00262144
binkey=87 [Edge status: 1 1 1 0 1 0 1 0 ] P(G)=P(cluster8=1)[0.2] * P(cluster1=0|cluster2=1) * P(cluster9=0|cluster6=1) * P(cluster7=0|cluster10=1) * P(cluster10=1|cluster6=1) * P(cluster6=1|cluster2=1) * P(cluster2=1|cluster3=1) * P(cluster3=1|cluster8=1)[0.0032768]=0.00065536
binkey=55 [Edge status: 1 1 1 0 1 1 0 0 ] P(G)=P(cluster8=1)[0.2] * P(cluster1=0|cluster2=1) * P(cluster9=1|cluster6=1) * P(cluster7=0|cluster10=0) * P(cluster10=0|cluster6=1) * P(cluster6=1|cluster2=1) * P(cluster2=1|cluster3=1) * P(cluster3=1|cluster8=1)[0.0131072]=0.00262144
binkey=23 [Edge status: 1 1 1 0 1 0 0 0 ] P(G)=P(cluster8=1)[0.2] * P(cluster1=0|cluster2=1) * P(cluster9=0|cluster6=1) * P(cluster7=0|cluster10=0) * P(cluster10=0|cluster6=1) * P(cluster6=1|cluster2=1) * P(cluster2=1|cluster3=1) * P(cluster3=1|cluster8=1)[0.0032768]=0.00065536
binkey=200 [Edge status: 0 0 0 1 0 0 1 1 ] P(G)=P(cluster8=0)[0.8] * P(cluster1=1|cluster2=0) * P(cluster9=0|cluster6=0) * P(cluster7=1|cluster10=1) * P(cluster10=1|cluster6=0) * P(cluster6=0|cluster2=0) * P(cluster2=0|cluster3=0) * P(cluster3=0|cluster8=0)[0.0131072]=0.0104858
binkey=168 [Edge status: 0 0 0 1 0 1 0 1 ] P(G)=P(cluster8=0)[0.8] * P(cluster1=1|cluster2=0) * P(cluster9=1|cluster6=0) * P(cluster7=1|cluster10=0) * P(cluster10=0|cluster6=0) * P(cluster6=0|cluster2=0) * P(cluster2=0|cluster3=0) * P(cluster3=0|cluster8=0)[0.0032768]=0.00262144
binkey=232 [Edge status: 0 0 0 1 0 1 1 1 ] P(G)=P(cluster8=0)[0.8] * P(cluster1=1|cluster2=0) * P(cluster9=1|cluster6=0) * P(cluster7=1|cluster10=1) * P(cluster10=1|cluster6=0) * P(cluster6=0|cluster2=0) * P(cluster2=0|cluster3=0) * P(cluster3=0|cluster8=0)[0.0032768]=0.00262144
binkey=248 [Edge status: 0 0 0 1 1 1 1 1 ] P(G)=P(cluster8=0)[0.8] * P(cluster1=1|cluster2=0) * P(cluster9=1|cluster6=1) * P(cluster7=1|cluster10=1) * P(cluster10=1|cluster6=1) * P(cluster6=1|cluster2=0) * P(cluster2=0|cluster3=0) * P(cluster3=0|cluster8=0)[0.0131072]=0.0104858
binkey=252 [Edge status: 0 0 1 1 1 1 1 1 ] P(G)=P(cluster8=0)[0.8] * P(cluster1=1|cluster2=1) * P(cluster9=1|cluster6=1) * P(cluster7=1|cluster10=1) * P(cluster10=1|cluster6=1) * P(cluster6=1|cluster2=1) * P(cluster2=1|cluster3=0) * P(cluster3=0|cluster8=0)[0.0524288]=0.041943
ITERATION 0 newScore=-2.68946e+06 diffscore=16180.9 priorChange=-110.904 successMove=68
binkey=63 [Edge status: 1 1 1 1 1 1 0 0 ] P(G)=P(cluster8=1)[0.2] * P(cluster1=1|cluster2=1) * P(cluster9=1|cluster6=1) * P(cluster7=0|cluster10=0) * P(cluster10=0|cluster6=1) * P(cluster6=1|cluster2=1) * P(cluster2=1|cluster3=1) * P(cluster3=1|cluster8=1)[0.0524288]=0.0104858
binkey=31 [Edge status: 1 1 1 1 1 0 0 0 ] P(G)=P(cluster8=1)[0.2] * P(cluster1=1|cluster2=1) * P(cluster9=0|cluster6=1) * P(cluster7=0|cluster10=0) * P(cluster10=0|cluster6=1) * P(cluster6=1|cluster2=1) * P(cluster2=1|cluster3=1) * P(cluster3=1|cluster8=1)[0.0131072]=0.00262144
binkey=15 [Edge status: 1 1 1 1 0 0 0 0 ] P(G)=P(cluster8=1)[0.2] * P(cluster1=1|cluster2=1) * P(cluster9=0|cluster6=0) * P(cluster7=0|cluster10=0) * P(cluster10=0|cluster6=0) * P(cluster6=0|cluster2=1) * P(cluster2=1|cluster3=1) * P(cluster3=1|cluster8=1)[0.0524288]=0.0104858
ITERATION 1 newScore=-2.68343e+06 diffscore=6022.91 priorChange=-105.358 successMove=59
ITERATION 2 newScore=-2.676e+06 diffscore=7429.02 priorChange=-119.221 successMove=55
ITERATION 3 newScore=-2.67104e+06 diffscore=4965.45 priorChange=-120.608 successMove=50
binkey=254 [Edge status: 0 1 1 1 1 1 1 1 ] P(G)=P(cluster8=0)[0.8] * P(cluster1=1|cluster2=1) * P(cluster9=1|cluster6=1) * P(cluster7=1|cluster10=1) * P(cluster10=1|cluster6=1) * P(cluster6=1|cluster2=1) * P(cluster2=1|cluster3=1) * P(cluster3=1|cluster8=0)[0.0524288]=0.041943
binkey=255 [Edge status: 1 1 1 1 1 1 1 1 ] P(G)=P(cluster8=1)[0.2] * P(cluster1=1|cluster2=1) * P(cluster9=1|cluster6=1) * P(cluster7=1|cluster10=1) * P(cluster10=1|cluster6=1) * P(cluster6=1|cluster2=1) * P(cluster2=1|cluster3=1) * P(cluster3=1|cluster8=1)[0.209715]=0.041943
binkey=127 [Edge status: 1 1 1 1 1 1 1 0 ] P(G)=P(cluster8=1)[0.2] * P(cluster1=1|cluster2=1) * P(cluster9=1|cluster6=1) * P(cluster7=0|cluster10=1) * P(cluster10=1|cluster6=1) * P(cluster6=1|cluster2=1) * P(cluster2=1|cluster3=1) * P(cluster3=1|cluster8=1)[0.0524288]=0.0104858
binkey=223 [Edge status: 1 1 1 1 1 0 1 1 ] P(G)=P(cluster8=1)[0.2] * P(cluster1=1|cluster2=1) * P(cluster9=0|cluster6=1) * P(cluster7=1|cluster10=1) * P(cluster10=1|cluster6=1) * P(cluster6=1|cluster2=1) * P(cluster2=1|cluster3=1) * P(cluster3=1|cluster8=1)[0.0524288]=0.0104858
binkey=95 [Edge status: 1 1 1 1 1 0 1 0 ] P(G)=P(cluster8=1)[0.2] * P(cluster1=1|cluster2=1) * P(cluster9=0|cluster6=1) * P(cluster7=0|cluster10=1) * P(cluster10=1|cluster6=1) * P(cluster6=1|cluster2=1) * P(cluster2=1|cluster3=1) * P(cluster3=1|cluster8=1)[0.0131072]=0.00262144
ITERATION 4 newScore=-2.6692e+06 diffscore=1841.36 priorChange=-117.835 successMove=53
ITERATION 5 newScore=-2.66647e+06 diffscore=2722.91 priorChange=-109.517 successMove=58
ITERATION 6 newScore=-2.66372e+06 diffscore=2749 priorChange=-110.904 successMove=51
ITERATION 7 newScore=-2.66086e+06 diffscore=2868.97 priorChange=-121.994 successMove=51
ITERATION 8 newScore=-2.65767e+06 diffscore=3186.11 priorChange=-105.358 successMove=52
ITERATION 9 newScore=-2.64956e+06 diffscore=8106.07 priorChange=-108.131 successMove=53
ITERATION 10 newScore=-2.64761e+06 diffscore=1953.54 priorChange=-116.449 successMove=54
ITERATION 11 newScore=-2.64605e+06 diffscore=1560.06 priorChange=-117.835 successMove=51
ITERATION 12 newScore=-2.64408e+06 diffscore=1971.81 priorChange=-113.676 successMove=51
ITERATION 13 newScore=-2.63966e+06 diffscore=4422.58 priorChange=-119.221 successMove=50
ITERATION 14 newScore=-2.63709e+06 diffscore=2568.89 priorChange=-99.8132 successMove=53
ITERATION 15 newScore=-2.63411e+06 diffscore=2979.98 priorChange=-117.835 successMove=49
ITERATION 16 newScore=-2.63122e+06 diffscore=2889.45 priorChange=-112.29 successMove=51
ITERATION 17 newScore=-2.63058e+06 diffscore=639.394 priorChange=-110.904 successMove=49
ITERATION 18 newScore=-2.62833e+06 diffscore=2249.33 priorChange=-102.586 successMove=53
ITERATION 19 newScore=-2.62727e+06 diffscore=1059.8 priorChange=-103.972 successMove=49
ITERATION 20 newScore=-2.62521e+06 diffscore=2056.95 priorChange=-105.358 successMove=51
ITERATION 21 newScore=-2.62473e+06 diffscore=485.815 priorChange=-112.29 successMove=51
ITERATION 22 newScore=-2.62414e+06 diffscore=586.085 priorChange=-99.8132 successMove=48
ITERATION 23 newScore=-2.62238e+06 diffscore=1760.57 priorChange=-109.517 successMove=48
ITERATION 24 newScore=-2.61876e+06 diffscore=3618.09 priorChange=-119.221 successMove=48
ITERATION 25 newScore=-2.61682e+06 diffscore=1938.09 priorChange=-108.131 successMove=48
ITERATION 26 newScore=-2.61637e+06 diffscore=451.041 priorChange=-113.676 successMove=48
ITERATION 27 newScore=-2.6159e+06 diffscore=467.353 priorChange=-106.745 successMove=48
ITERATION 28 newScore=-2.61481e+06 diffscore=1091.1 priorChange=-90.1091 successMove=48
ITERATION 29 newScore=-2.61128e+06 diffscore=3532.88 priorChange=-99.8132 successMove=48
ITERATION 30 newScore=-2.61094e+06 diffscore=338.476 priorChange=-91.4954 successMove=47
ITERATION 31 newScore=-2.61058e+06 diffscore=366.665 priorChange=-95.6543 successMove=47
ITERATION 32 newScore=-2.61018e+06 diffscore=395.618 priorChange=-102.586 successMove=46
ITERATION 33 newScore=-2.60976e+06 diffscore=419.857 priorChange=-99.8132 successMove=46
ITERATION 34 newScore=-2.60908e+06 diffscore=676.855 priorChange=-106.745 successMove=51
ITERATION 35 newScore=-2.60736e+06 diffscore=1719.63 priorChange=-101.199 successMove=46
ITERATION 36 newScore=-2.60533e+06 diffscore=2031 priorChange=-101.199 successMove=48
ITERATION 37 newScore=-2.60482e+06 diffscore=514.322 priorChange=-101.199 successMove=46
ITERATION 38 newScore=-2.60243e+06 diffscore=2391.47 priorChange=-87.3365 successMove=45
ITERATION 39 newScore=-2.60213e+06 diffscore=295.79 priorChange=-97.0406 successMove=45
ITERATION 40 newScore=-2.60177e+06 diffscore=356.318 priorChange=-99.8132 successMove=44
ITERATION 41 newScore=-2.60054e+06 diffscore=1230.85 priorChange=-73.4736 successMove=44
ITERATION 42 newScore=-2.60021e+06 diffscore=333.793 priorChange=-88.7228 successMove=45
ITERATION 43 newScore=-2.59955e+06 diffscore=663.346 priorChange=-91.4954 successMove=43
ITERATION 44 newScore=-2.59737e+06 diffscore=2178.56 priorChange=-103.972 successMove=43
ITERATION 45 newScore=-2.59533e+06 diffscore=2037.08 priorChange=-98.4269 successMove=43
ITERATION 46 newScore=-2.59423e+06 diffscore=1103.78 priorChange=-85.9503 successMove=42
ITERATION 47 newScore=-2.59267e+06 diffscore=1555.14 priorChange=-83.1777 successMove=44
ITERATION 48 newScore=-2.59212e+06 diffscore=548.544 priorChange=-94.268 successMove=43
ITERATION 49 newScore=-2.59191e+06 diffscore=214.045 priorChange=-77.6325 successMove=41
ITERATION 50 newScore=-2.59169e+06 diffscore=222.844 priorChange=-92.8817 successMove=41
ITERATION 51 newScore=-2.59134e+06 diffscore=348.476 priorChange=-74.8599 successMove=43
ITERATION 52 newScore=-2.59063e+06 diffscore=709.391 priorChange=-94.268 successMove=40
ITERATION 53 newScore=-2.59042e+06 diffscore=207.574 priorChange=-74.8599 successMove=40
ITERATION 54 newScore=-2.59022e+06 diffscore=201.547 priorChange=-83.1777 successMove=38
ITERATION 55 newScore=-2.59002e+06 diffscore=195.617 priorChange=-72.0873 successMove=37
ITERATION 56 newScore=-2.58977e+06 diffscore=249.644 priorChange=-65.1558 successMove=37
ITERATION 57 newScore=-2.58952e+06 diffscore=250.977 priorChange=-62.3832 successMove=35
ITERATION 58 newScore=-2.58745e+06 diffscore=2069.11 priorChange=-70.701 successMove=38
ITERATION 59 newScore=-2.58639e+06 diffscore=1059.33 priorChange=-79.0188 successMove=35
ITERATION 60 newScore=-2.58617e+06 diffscore=224.227 priorChange=-79.0188 successMove=36
ITERATION 61 newScore=-2.58594e+06 diffscore=233.647 priorChange=-67.9284 successMove=34
ITERATION 62 newScore=-2.58511e+06 diffscore=829.012 priorChange=-65.1558 successMove=36
ITERATION 63 newScore=-2.58288e+06 diffscore=2232.12 priorChange=-67.9284 successMove=33
ITERATION 64 newScore=-2.58274e+06 diffscore=138.473 priorChange=-72.0873 successMove=35
ITERATION 65 newScore=-2.58261e+06 diffscore=129.613 priorChange=-67.9284 successMove=30
ITERATION 66 newScore=-2.58245e+06 diffscore=159.766 priorChange=-59.6107 successMove=28
ITERATION 67 newScore=-2.58233e+06 diffscore=115.424 priorChange=-44.3614 successMove=26
ITERATION 68 newScore=-2.58221e+06 diffscore=120.178 priorChange=-37.4299 successMove=26
ITERATION 69 newScore=-2.5821e+06 diffscore=109.04 priorChange=-41.5888 successMove=23
ITERATION 70 newScore=-2.58199e+06 diffscore=109.781 priorChange=-44.3614 successMove=23
ITERATION 71 newScore=-2.58188e+06 diffscore=115.238 priorChange=-45.7477 successMove=22
ITERATION 72 newScore=-2.58172e+06 diffscore=162.813 priorChange=-44.3614 successMove=21
ITERATION 73 newScore=-2.58149e+06 diffscore=227.269 priorChange=-33.2711 successMove=22
ITERATION 74 newScore=-2.5812e+06 diffscore=287.685 priorChange=-34.6574 successMove=21
ITERATION 75 newScore=-2.58004e+06 diffscore=1160.28 priorChange=-34.6574 successMove=23
ITERATION 76 newScore=-2.57992e+06 diffscore=118.28 priorChange=-36.0437 successMove=20
ITERATION 77 newScore=-2.5788e+06 diffscore=1124.39 priorChange=-42.9751 successMove=20
ITERATION 78 newScore=-2.57872e+06 diffscore=76.7909 priorChange=-36.0437 successMove=19
ITERATION 79 newScore=-2.57862e+06 diffscore=104.228 priorChange=-36.0437 successMove=18
ITERATION 80 newScore=-2.57847e+06 diffscore=145.115 priorChange=-30.4985 successMove=18
ITERATION 81 newScore=-2.57734e+06 diffscore=1133.85 priorChange=-36.0437 successMove=18
ITERATION 82 newScore=-2.57724e+06 diffscore=101.921 priorChange=-29.1122 successMove=17
ITERATION 83 newScore=-2.57688e+06 diffscore=356.149 priorChange=-26.3396 successMove=16
ITERATION 84 newScore=-2.57681e+06 diffscore=67.1125 priorChange=-18.0218 successMove=13
ITERATION 85 newScore=-2.57674e+06 diffscore=69.4908 priorChange=-8.31777 successMove=13
ITERATION 86 newScore=-2.57671e+06 diffscore=37.4805 priorChange=-15.2492 successMove=13
ITERATION 87 newScore=-2.57665e+06 diffscore=55.9006 priorChange=-23.567 successMove=12
ITERATION 88 newScore=-2.57661e+06 diffscore=44.4167 priorChange=-20.7944 successMove=11
ITERATION 89 newScore=-2.57656e+06 diffscore=49.7661 priorChange=-18.0218 successMove=11
ITERATION 90 newScore=-2.57649e+06 diffscore=63.2724 priorChange=-16.6355 successMove=10
ITERATION 91 newScore=-2.57643e+06 diffscore=57.9418 priorChange=-18.0218 successMove=9
ITERATION 92 newScore=-2.57637e+06 diffscore=60.7633 priorChange=-13.8629 successMove=8
ITERATION 93 newScore=-2.5763e+06 diffscore=77.5391 priorChange=-15.2492 successMove=8
ITERATION 94 newScore=-2.57621e+06 diffscore=81.6734 priorChange=-6.93147 successMove=7
ITERATION 95 newScore=-2.57614e+06 diffscore=78.0507 priorChange=-11.0904 successMove=7
ITERATION 96 newScore=-2.57585e+06 diffscore=288.847 priorChange=-8.31777 successMove=7
ITERATION 97 newScore=-2.57578e+06 diffscore=63.8426 priorChange=-9.70406 successMove=6
ITERATION 98 newScore=-2.57569e+06 diffscore=88.6543 priorChange=-13.8629 successMove=6
ITERATION 99 newScore=-2.57563e+06 diffscore=61.2185 priorChange=-9.70406 successMove=6
MetaLearner::dumpAllGraphs
Final Score -2.57563e+06
MetaLearner::start runtime: 1217028157 ms
Results/
Results/cluster3/
Results/cluster3/fold0/
Results/cluster3/fold0/modelparams.txt
Results/cluster3/fold0/var_mb_pw_k50.txt
Results/cluster7/
Results/cluster7/fold0/
Results/cluster7/fold0/modelparams.txt
Results/cluster7/fold0/var_mb_pw_k50.txt
Results/cluster2/
Results/cluster2/fold0/
Results/cluster2/fold0/modelparams.txt
Results/cluster2/fold0/var_mb_pw_k50.txt
Results/cluster9/
Results/cluster9/fold0/
Results/cluster9/fold0/modelparams.txt
Results/cluster9/fold0/var_mb_pw_k50.txt
Results/cluster6/
Results/cluster6/fold0/
Results/cluster6/fold0/modelparams.txt
Results/cluster6/fold0/var_mb_pw_k50.txt
Results/cluster1/
Results/cluster1/fold0/
Results/cluster1/fold0/modelparams.txt
Results/cluster1/fold0/var_mb_pw_k50.txt
Results/cluster10/
Results/cluster10/fold0/
Results/cluster10/fold0/modelparams.txt
Results/cluster10/fold0/var_mb_pw_k50.txt
Results/cluster8/
Results/cluster8/scoreFile.txt
Results/cluster8/fold0/
Results/cluster8/fold0/modelparams.txt
Results/cluster8/fold0/var_mb_pw_k50.txt
