./CVN -f config_condor.txt -x50 -v1 -l TFs_OGs.txt -n AllGenes138.txt -d celltype_tree_ancestor.txt -m testdata_ogids.txt -s celltype_order.txt -p 0.2 -c yes -b -4 -q 4
(cluster3|cluster8) p_maintain_edge=0.8 p_gain=0.2
(cluster2|cluster3) p_maintain_edge=0.8 p_gain=0.2
(cluster1|cluster2) p_maintain_edge=0.8 p_gain=0.2
(cluster6|cluster2) p_maintain_edge=0.8 p_gain=0.2
(cluster9|cluster6) p_maintain_edge=0.8 p_gain=0.2
(cluster10|cluster6) p_maintain_edge=0.8 p_gain=0.2
(cluster7|cluster10) p_maintain_edge=0.8 p_gain=0.2
speciesSet.size()=8 Root is cluster8
MappedOrthogroupReader::readSpeciesMapping() --- celltype_order.txt
MappedOrthogroupReader::readFile - testdata_ogids.txt
MappedOrthogroupReader::generateGeneOrthoMap()
MetaLearner::init_onefold() read:config_condor.txt
MetaLearner::setinputVariableNames number of variables: 2040
readEvidenceTable:cluster8.table
PotentialManager::loadEvidenceFromTable varCount=2040 sampleCount=348
motifNetwork.size() = 319
0=cluster8 motifNetwork=cluster8_network.txt
variable size=2040
readEvidenceTable:cluster3.table
PotentialManager::loadEvidenceFromTable varCount=2040 sampleCount=95
motifNetwork.size() = 326
1=cluster3 motifNetwork=cluster3_network.txt
variable size=2040
readEvidenceTable:cluster2.table
PotentialManager::loadEvidenceFromTable varCount=2040 sampleCount=386
motifNetwork.size() = 328
2=cluster2 motifNetwork=cluster2_network.txt
variable size=2040
readEvidenceTable:cluster1.table
PotentialManager::loadEvidenceFromTable varCount=2040 sampleCount=36
motifNetwork.size() = 322
3=cluster1 motifNetwork=cluster1_network.txt
variable size=2040
readEvidenceTable:cluster6.table
PotentialManager::loadEvidenceFromTable varCount=2040 sampleCount=524
motifNetwork.size() = 320
4=cluster6 motifNetwork=cluster6_network.txt
variable size=2040
readEvidenceTable:cluster9.table
PotentialManager::loadEvidenceFromTable varCount=2040 sampleCount=184
motifNetwork.size() = 327
5=cluster9 motifNetwork=cluster9_network.txt
variable size=2040
readEvidenceTable:cluster10.table
PotentialManager::loadEvidenceFromTable varCount=2040 sampleCount=165
motifNetwork.size() = 326
6=cluster10 motifNetwork=cluster10_network.txt
variable size=2040
readEvidenceTable:cluster7.table
PotentialManager::loadEvidenceFromTable varCount=2040 sampleCount=1032
motifNetwork.size() = 320
7=cluster7 motifNetwork=cluster7_network.txt
variable size=2040
-------------------------------------------------------------
MetaLearner::start
precomputeEmptyGraphPrior
binkey=0 [Edge status: 0 0 0 0 0 0 0 0 ] P(G)=P(cluster8=0)[0.8] * P(cluster1=0|cluster2=0) * P(cluster9=0|cluster6=0) * P(cluster7=0|cluster10=0) * P(cluster10=0|cluster6=0) * P(cluster6=0|cluster2=0) * P(cluster2=0|cluster3=0) * P(cluster3=0|cluster8=0)[0.209715]=0.167772
condsetMap_Tree
0 cluster8=0 cluster3=0 cluster2=0 cluster1=0 cluster6=0 cluster9=0 cluster10=0 cluster7=1
1 cluster8=0 cluster3=0 cluster2=0 cluster1=0 cluster6=0 cluster9=1 cluster10=0 cluster7=0
2 cluster8=0 cluster3=0 cluster2=0 cluster1=0 cluster6=0 cluster9=1 cluster10=0 cluster7=1
3 cluster8=0 cluster3=0 cluster2=0 cluster1=1 cluster6=0 cluster9=0 cluster10=0 cluster7=0
4 cluster8=0 cluster3=0 cluster2=0 cluster1=1 cluster6=0 cluster9=0 cluster10=0 cluster7=1
5 cluster8=0 cluster3=0 cluster2=0 cluster1=1 cluster6=0 cluster9=1 cluster10=0 cluster7=0
6 cluster8=0 cluster3=0 cluster2=0 cluster1=1 cluster6=0 cluster9=1 cluster10=0 cluster7=1
7 cluster8=0 cluster3=0 cluster2=0 cluster1=0 cluster6=0 cluster9=0 cluster10=1 cluster7=1
8 cluster8=0 cluster3=0 cluster2=0 cluster1=0 cluster6=0 cluster9=1 cluster10=1 cluster7=1
9 cluster8=0 cluster3=0 cluster2=0 cluster1=1 cluster6=0 cluster9=0 cluster10=1 cluster7=1
10 cluster8=0 cluster3=0 cluster2=0 cluster1=1 cluster6=0 cluster9=1 cluster10=1 cluster7=1
11 cluster8=0 cluster3=0 cluster2=0 cluster1=0 cluster6=1 cluster9=1 cluster10=1 cluster7=1
12 cluster8=0 cluster3=0 cluster2=0 cluster1=1 cluster6=1 cluster9=1 cluster10=1 cluster7=1
13 cluster8=0 cluster3=0 cluster2=1 cluster1=1 cluster6=1 cluster9=1 cluster10=1 cluster7=1
14 cluster8=0 cluster3=1 cluster2=1 cluster1=1 cluster6=1 cluster9=1 cluster10=1 cluster7=1
15 cluster8=1 cluster3=1 cluster2=1 cluster1=1 cluster6=1 cluster9=1 cluster10=1 cluster7=1
16 cluster8=1 cluster3=1 cluster2=1 cluster1=1 cluster6=1 cluster9=1 cluster10=1 cluster7=0
17 cluster8=1 cluster3=1 cluster2=1 cluster1=1 cluster6=1 cluster9=0 cluster10=1 cluster7=1
18 cluster8=1 cluster3=1 cluster2=1 cluster1=1 cluster6=1 cluster9=0 cluster10=1 cluster7=0
19 cluster8=1 cluster3=1 cluster2=1 cluster1=0 cluster6=1 cluster9=1 cluster10=1 cluster7=1
20 cluster8=1 cluster3=1 cluster2=1 cluster1=0 cluster6=1 cluster9=1 cluster10=1 cluster7=0
21 cluster8=1 cluster3=1 cluster2=1 cluster1=0 cluster6=1 cluster9=0 cluster10=1 cluster7=1
22 cluster8=1 cluster3=1 cluster2=1 cluster1=0 cluster6=1 cluster9=0 cluster10=1 cluster7=0
23 cluster8=1 cluster3=1 cluster2=1 cluster1=1 cluster6=1 cluster9=1 cluster10=0 cluster7=0
24 cluster8=1 cluster3=1 cluster2=1 cluster1=1 cluster6=1 cluster9=0 cluster10=0 cluster7=0
25 cluster8=1 cluster3=1 cluster2=1 cluster1=0 cluster6=1 cluster9=1 cluster10=0 cluster7=0
26 cluster8=1 cluster3=1 cluster2=1 cluster1=0 cluster6=1 cluster9=0 cluster10=0 cluster7=0
27 cluster8=1 cluster3=1 cluster2=1 cluster1=1 cluster6=0 cluster9=0 cluster10=0 cluster7=0
28 cluster8=1 cluster3=1 cluster2=1 cluster1=0 cluster6=0 cluster9=0 cluster10=0 cluster7=0
29 cluster8=1 cluster3=1 cluster2=0 cluster1=0 cluster6=0 cluster9=0 cluster10=0 cluster7=0
30 cluster8=1 cluster3=0 cluster2=0 cluster1=0 cluster6=0 cluster9=0 cluster10=0 cluster7=0
31 cluster8=0 cluster3=0 cluster2=0 cluster1=0 cluster6=1 cluster9=0 cluster10=0 cluster7=0
32 cluster8=0 cluster3=0 cluster2=1 cluster1=0 cluster6=0 cluster9=0 cluster10=0 cluster7=0
33 cluster8=0 cluster3=0 cluster2=0 cluster1=0 cluster6=0 cluster9=0 cluster10=1 cluster7=0
34 cluster8=0 cluster3=1 cluster2=0 cluster1=0 cluster6=0 cluster9=0 cluster10=0 cluster7=0
inputRegulatorOGs.size() = 1999 inputOGList.size() = 50
binkey=4 [Edge status: 0 0 1 0 0 0 0 0 ] P(G)=P(cluster8=0)[0.8] * P(cluster1=0|cluster2=1) * P(cluster9=0|cluster6=0) * P(cluster7=0|cluster10=0) * P(cluster10=0|cluster6=0) * P(cluster6=0|cluster2=1) * P(cluster2=1|cluster3=0) * P(cluster3=0|cluster8=0)[0.0032768]=0.00262144
binkey=128 [Edge status: 0 0 0 0 0 0 0 1 ] P(G)=P(cluster8=0)[0.8] * P(cluster1=0|cluster2=0) * P(cluster9=0|cluster6=0) * P(cluster7=1|cluster10=0) * P(cluster10=0|cluster6=0) * P(cluster6=0|cluster2=0) * P(cluster2=0|cluster3=0) * P(cluster3=0|cluster8=0)[0.0524288]=0.041943
binkey=32 [Edge status: 0 0 0 0 0 1 0 0 ] P(G)=P(cluster8=0)[0.8] * P(cluster1=0|cluster2=0) * P(cluster9=1|cluster6=0) * P(cluster7=0|cluster10=0) * P(cluster10=0|cluster6=0) * P(cluster6=0|cluster2=0) * P(cluster2=0|cluster3=0) * P(cluster3=0|cluster8=0)[0.0524288]=0.041943
binkey=160 [Edge status: 0 0 0 0 0 1 0 1 ] P(G)=P(cluster8=0)[0.8] * P(cluster1=0|cluster2=0) * P(cluster9=1|cluster6=0) * P(cluster7=1|cluster10=0) * P(cluster10=0|cluster6=0) * P(cluster6=0|cluster2=0) * P(cluster2=0|cluster3=0) * P(cluster3=0|cluster8=0)[0.0131072]=0.0104858
binkey=16 [Edge status: 0 0 0 0 1 0 0 0 ] P(G)=P(cluster8=0)[0.8] * P(cluster1=0|cluster2=0) * P(cluster9=0|cluster6=1) * P(cluster7=0|cluster10=0) * P(cluster10=0|cluster6=1) * P(cluster6=1|cluster2=0) * P(cluster2=0|cluster3=0) * P(cluster3=0|cluster8=0)[0.0032768]=0.00262144
binkey=8 [Edge status: 0 0 0 1 0 0 0 0 ] P(G)=P(cluster8=0)[0.8] * P(cluster1=1|cluster2=0) * P(cluster9=0|cluster6=0) * P(cluster7=0|cluster10=0) * P(cluster10=0|cluster6=0) * P(cluster6=0|cluster2=0) * P(cluster2=0|cluster3=0) * P(cluster3=0|cluster8=0)[0.0524288]=0.041943
binkey=1 [Edge status: 1 0 0 0 0 0 0 0 ] P(G)=P(cluster8=1)[0.2] * P(cluster1=0|cluster2=0) * P(cluster9=0|cluster6=0) * P(cluster7=0|cluster10=0) * P(cluster10=0|cluster6=0) * P(cluster6=0|cluster2=0) * P(cluster2=0|cluster3=0) * P(cluster3=0|cluster8=1)[0.0524288]=0.0104858
binkey=2 [Edge status: 0 1 0 0 0 0 0 0 ] P(G)=P(cluster8=0)[0.8] * P(cluster1=0|cluster2=0) * P(cluster9=0|cluster6=0) * P(cluster7=0|cluster10=0) * P(cluster10=0|cluster6=0) * P(cluster6=0|cluster2=0) * P(cluster2=0|cluster3=1) * P(cluster3=1|cluster8=0)[0.0131072]=0.0104858
binkey=40 [Edge status: 0 0 0 1 0 1 0 0 ] P(G)=P(cluster8=0)[0.8] * P(cluster1=1|cluster2=0) * P(cluster9=1|cluster6=0) * P(cluster7=0|cluster10=0) * P(cluster10=0|cluster6=0) * P(cluster6=0|cluster2=0) * P(cluster2=0|cluster3=0) * P(cluster3=0|cluster8=0)[0.0131072]=0.0104858
binkey=64 [Edge status: 0 0 0 0 0 0 1 0 ] P(G)=P(cluster8=0)[0.8] * P(cluster1=0|cluster2=0) * P(cluster9=0|cluster6=0) * P(cluster7=0|cluster10=1) * P(cluster10=1|cluster6=0) * P(cluster6=0|cluster2=0) * P(cluster2=0|cluster3=0) * P(cluster3=0|cluster8=0)[0.0131072]=0.0104858
binkey=136 [Edge status: 0 0 0 1 0 0 0 1 ] P(G)=P(cluster8=0)[0.8] * P(cluster1=1|cluster2=0) * P(cluster9=0|cluster6=0) * P(cluster7=1|cluster10=0) * P(cluster10=0|cluster6=0) * P(cluster6=0|cluster2=0) * P(cluster2=0|cluster3=0) * P(cluster3=0|cluster8=0)[0.0131072]=0.0104858
binkey=3 [Edge status: 1 1 0 0 0 0 0 0 ] P(G)=P(cluster8=1)[0.2] * P(cluster1=0|cluster2=0) * P(cluster9=0|cluster6=0) * P(cluster7=0|cluster10=0) * P(cluster10=0|cluster6=0) * P(cluster6=0|cluster2=0) * P(cluster2=0|cluster3=1) * P(cluster3=1|cluster8=1)[0.0524288]=0.0104858
binkey=192 [Edge status: 0 0 0 0 0 0 1 1 ] P(G)=P(cluster8=0)[0.8] * P(cluster1=0|cluster2=0) * P(cluster9=0|cluster6=0) * P(cluster7=1|cluster10=1) * P(cluster10=1|cluster6=0) * P(cluster6=0|cluster2=0) * P(cluster2=0|cluster3=0) * P(cluster3=0|cluster8=0)[0.0524288]=0.041943
binkey=7 [Edge status: 1 1 1 0 0 0 0 0 ] P(G)=P(cluster8=1)[0.2] * P(cluster1=0|cluster2=1) * P(cluster9=0|cluster6=0) * P(cluster7=0|cluster10=0) * P(cluster10=0|cluster6=0) * P(cluster6=0|cluster2=1) * P(cluster2=1|cluster3=1) * P(cluster3=1|cluster8=1)[0.0131072]=0.00262144
binkey=15 [Edge status: 1 1 1 1 0 0 0 0 ] P(G)=P(cluster8=1)[0.2] * P(cluster1=1|cluster2=1) * P(cluster9=0|cluster6=0) * P(cluster7=0|cluster10=0) * P(cluster10=0|cluster6=0) * P(cluster6=0|cluster2=1) * P(cluster2=1|cluster3=1) * P(cluster3=1|cluster8=1)[0.0524288]=0.0104858
binkey=168 [Edge status: 0 0 0 1 0 1 0 1 ] P(G)=P(cluster8=0)[0.8] * P(cluster1=1|cluster2=0) * P(cluster9=1|cluster6=0) * P(cluster7=1|cluster10=0) * P(cluster10=0|cluster6=0) * P(cluster6=0|cluster2=0) * P(cluster2=0|cluster3=0) * P(cluster3=0|cluster8=0)[0.0032768]=0.00262144
binkey=224 [Edge status: 0 0 0 0 0 1 1 1 ] P(G)=P(cluster8=0)[0.8] * P(cluster1=0|cluster2=0) * P(cluster9=1|cluster6=0) * P(cluster7=1|cluster10=1) * P(cluster10=1|cluster6=0) * P(cluster6=0|cluster2=0) * P(cluster2=0|cluster3=0) * P(cluster3=0|cluster8=0)[0.0131072]=0.0104858
binkey=23 [Edge status: 1 1 1 0 1 0 0 0 ] P(G)=P(cluster8=1)[0.2] * P(cluster1=0|cluster2=1) * P(cluster9=0|cluster6=1) * P(cluster7=0|cluster10=0) * P(cluster10=0|cluster6=1) * P(cluster6=1|cluster2=1) * P(cluster2=1|cluster3=1) * P(cluster3=1|cluster8=1)[0.0032768]=0.00065536
binkey=240 [Edge status: 0 0 0 0 1 1 1 1 ] P(G)=P(cluster8=0)[0.8] * P(cluster1=0|cluster2=0) * P(cluster9=1|cluster6=1) * P(cluster7=1|cluster10=1) * P(cluster10=1|cluster6=1) * P(cluster6=1|cluster2=0) * P(cluster2=0|cluster3=0) * P(cluster3=0|cluster8=0)[0.0524288]=0.041943
binkey=215 [Edge status: 1 1 1 0 1 0 1 1 ] P(G)=P(cluster8=1)[0.2] * P(cluster1=0|cluster2=1) * P(cluster9=0|cluster6=1) * P(cluster7=1|cluster10=1) * P(cluster10=1|cluster6=1) * P(cluster6=1|cluster2=1) * P(cluster2=1|cluster3=1) * P(cluster3=1|cluster8=1)[0.0131072]=0.00262144
binkey=87 [Edge status: 1 1 1 0 1 0 1 0 ] P(G)=P(cluster8=1)[0.2] * P(cluster1=0|cluster2=1) * P(cluster9=0|cluster6=1) * P(cluster7=0|cluster10=1) * P(cluster10=1|cluster6=1) * P(cluster6=1|cluster2=1) * P(cluster2=1|cluster3=1) * P(cluster3=1|cluster8=1)[0.0032768]=0.00065536
binkey=200 [Edge status: 0 0 0 1 0 0 1 1 ] P(G)=P(cluster8=0)[0.8] * P(cluster1=1|cluster2=0) * P(cluster9=0|cluster6=0) * P(cluster7=1|cluster10=1) * P(cluster10=1|cluster6=0) * P(cluster6=0|cluster2=0) * P(cluster2=0|cluster3=0) * P(cluster3=0|cluster8=0)[0.0131072]=0.0104858
binkey=55 [Edge status: 1 1 1 0 1 1 0 0 ] P(G)=P(cluster8=1)[0.2] * P(cluster1=0|cluster2=1) * P(cluster9=1|cluster6=1) * P(cluster7=0|cluster10=0) * P(cluster10=0|cluster6=1) * P(cluster6=1|cluster2=1) * P(cluster2=1|cluster3=1) * P(cluster3=1|cluster8=1)[0.0131072]=0.00262144
binkey=247 [Edge status: 1 1 1 0 1 1 1 1 ] P(G)=P(cluster8=1)[0.2] * P(cluster1=0|cluster2=1) * P(cluster9=1|cluster6=1) * P(cluster7=1|cluster10=1) * P(cluster10=1|cluster6=1) * P(cluster6=1|cluster2=1) * P(cluster2=1|cluster3=1) * P(cluster3=1|cluster8=1)[0.0524288]=0.0104858
binkey=119 [Edge status: 1 1 1 0 1 1 1 0 ] P(G)=P(cluster8=1)[0.2] * P(cluster1=0|cluster2=1) * P(cluster9=1|cluster6=1) * P(cluster7=0|cluster10=1) * P(cluster10=1|cluster6=1) * P(cluster6=1|cluster2=1) * P(cluster2=1|cluster3=1) * P(cluster3=1|cluster8=1)[0.0131072]=0.00262144
binkey=232 [Edge status: 0 0 0 1 0 1 1 1 ] P(G)=P(cluster8=0)[0.8] * P(cluster1=1|cluster2=0) * P(cluster9=1|cluster6=0) * P(cluster7=1|cluster10=1) * P(cluster10=1|cluster6=0) * P(cluster6=0|cluster2=0) * P(cluster2=0|cluster3=0) * P(cluster3=0|cluster8=0)[0.0032768]=0.00262144
binkey=248 [Edge status: 0 0 0 1 1 1 1 1 ] P(G)=P(cluster8=0)[0.8] * P(cluster1=1|cluster2=0) * P(cluster9=1|cluster6=1) * P(cluster7=1|cluster10=1) * P(cluster10=1|cluster6=1) * P(cluster6=1|cluster2=0) * P(cluster2=0|cluster3=0) * P(cluster3=0|cluster8=0)[0.0131072]=0.0104858
binkey=252 [Edge status: 0 0 1 1 1 1 1 1 ] P(G)=P(cluster8=0)[0.8] * P(cluster1=1|cluster2=1) * P(cluster9=1|cluster6=1) * P(cluster7=1|cluster10=1) * P(cluster10=1|cluster6=1) * P(cluster6=1|cluster2=1) * P(cluster2=1|cluster3=0) * P(cluster3=0|cluster8=0)[0.0524288]=0.041943
binkey=254 [Edge status: 0 1 1 1 1 1 1 1 ] P(G)=P(cluster8=0)[0.8] * P(cluster1=1|cluster2=1) * P(cluster9=1|cluster6=1) * P(cluster7=1|cluster10=1) * P(cluster10=1|cluster6=1) * P(cluster6=1|cluster2=1) * P(cluster2=1|cluster3=1) * P(cluster3=1|cluster8=0)[0.0524288]=0.041943
binkey=255 [Edge status: 1 1 1 1 1 1 1 1 ] P(G)=P(cluster8=1)[0.2] * P(cluster1=1|cluster2=1) * P(cluster9=1|cluster6=1) * P(cluster7=1|cluster10=1) * P(cluster10=1|cluster6=1) * P(cluster6=1|cluster2=1) * P(cluster2=1|cluster3=1) * P(cluster3=1|cluster8=1)[0.209715]=0.041943
binkey=127 [Edge status: 1 1 1 1 1 1 1 0 ] P(G)=P(cluster8=1)[0.2] * P(cluster1=1|cluster2=1) * P(cluster9=1|cluster6=1) * P(cluster7=0|cluster10=1) * P(cluster10=1|cluster6=1) * P(cluster6=1|cluster2=1) * P(cluster2=1|cluster3=1) * P(cluster3=1|cluster8=1)[0.0524288]=0.0104858
binkey=223 [Edge status: 1 1 1 1 1 0 1 1 ] P(G)=P(cluster8=1)[0.2] * P(cluster1=1|cluster2=1) * P(cluster9=0|cluster6=1) * P(cluster7=1|cluster10=1) * P(cluster10=1|cluster6=1) * P(cluster6=1|cluster2=1) * P(cluster2=1|cluster3=1) * P(cluster3=1|cluster8=1)[0.0524288]=0.0104858
binkey=95 [Edge status: 1 1 1 1 1 0 1 0 ] P(G)=P(cluster8=1)[0.2] * P(cluster1=1|cluster2=1) * P(cluster9=0|cluster6=1) * P(cluster7=0|cluster10=1) * P(cluster10=1|cluster6=1) * P(cluster6=1|cluster2=1) * P(cluster2=1|cluster3=1) * P(cluster3=1|cluster8=1)[0.0131072]=0.00262144
binkey=63 [Edge status: 1 1 1 1 1 1 0 0 ] P(G)=P(cluster8=1)[0.2] * P(cluster1=1|cluster2=1) * P(cluster9=1|cluster6=1) * P(cluster7=0|cluster10=0) * P(cluster10=0|cluster6=1) * P(cluster6=1|cluster2=1) * P(cluster2=1|cluster3=1) * P(cluster3=1|cluster8=1)[0.0524288]=0.0104858
binkey=31 [Edge status: 1 1 1 1 1 0 0 0 ] P(G)=P(cluster8=1)[0.2] * P(cluster1=1|cluster2=1) * P(cluster9=0|cluster6=1) * P(cluster7=0|cluster10=0) * P(cluster10=0|cluster6=1) * P(cluster6=1|cluster2=1) * P(cluster2=1|cluster3=1) * P(cluster3=1|cluster8=1)[0.0131072]=0.00262144
ITERATION 0 newScore=-2.74858e+06 diffscore=14826.3 priorChange=-112.29 successMove=77
ITERATION 1 newScore=-2.74529e+06 diffscore=3287.97 priorChange=-113.676 successMove=70
ITERATION 2 newScore=-2.74176e+06 diffscore=3529.12 priorChange=-108.131 successMove=58
ITERATION 3 newScore=-2.73746e+06 diffscore=4299.01 priorChange=-103.972 successMove=59
ITERATION 4 newScore=-2.73058e+06 diffscore=6878.19 priorChange=-94.268 successMove=52
ITERATION 5 newScore=-2.72735e+06 diffscore=3235.96 priorChange=-110.904 successMove=54
ITERATION 6 newScore=-2.72315e+06 diffscore=4197.14 priorChange=-91.4954 successMove=51
ITERATION 7 newScore=-2.72067e+06 diffscore=2474.74 priorChange=-109.517 successMove=53
ITERATION 8 newScore=-2.71784e+06 diffscore=2834.32 priorChange=-108.131 successMove=51
ITERATION 9 newScore=-2.71561e+06 diffscore=2228.26 priorChange=-101.199 successMove=55
ITERATION 10 newScore=-2.71439e+06 diffscore=1217.12 priorChange=-103.972 successMove=55
ITERATION 11 newScore=-2.71206e+06 diffscore=2330.25 priorChange=-103.972 successMove=51
ITERATION 12 newScore=-2.70917e+06 diffscore=2896.96 priorChange=-103.972 successMove=52
ITERATION 13 newScore=-2.70859e+06 diffscore=579.654 priorChange=-103.972 successMove=50
ITERATION 14 newScore=-2.70768e+06 diffscore=909.032 priorChange=-105.358 successMove=52
ITERATION 15 newScore=-2.70474e+06 diffscore=2936.06 priorChange=-91.4954 successMove=53
ITERATION 16 newScore=-2.70369e+06 diffscore=1051.96 priorChange=-120.608 successMove=51
ITERATION 17 newScore=-2.7004e+06 diffscore=3294.3 priorChange=-99.8132 successMove=50
ITERATION 18 newScore=-2.69986e+06 diffscore=539.25 priorChange=-99.8132 successMove=50
ITERATION 19 newScore=-2.69669e+06 diffscore=3169.06 priorChange=-92.8817 successMove=52
ITERATION 20 newScore=-2.69613e+06 diffscore=560.844 priorChange=-99.8132 successMove=49
ITERATION 21 newScore=-2.6942e+06 diffscore=1930 priorChange=-91.4954 successMove=48
ITERATION 22 newScore=-2.69062e+06 diffscore=3578.9 priorChange=-97.0406 successMove=52
ITERATION 23 newScore=-2.69015e+06 diffscore=464.134 priorChange=-99.8132 successMove=49
ITERATION 24 newScore=-2.68922e+06 diffscore=933.664 priorChange=-102.586 successMove=48
ITERATION 25 newScore=-2.68855e+06 diffscore=664.586 priorChange=-90.1091 successMove=51
ITERATION 26 newScore=-2.68601e+06 diffscore=2549.04 priorChange=-97.0406 successMove=51
ITERATION 27 newScore=-2.68411e+06 diffscore=1896.46 priorChange=-88.7228 successMove=50
ITERATION 28 newScore=-2.68142e+06 diffscore=2693.55 priorChange=-108.131 successMove=46
ITERATION 29 newScore=-2.67844e+06 diffscore=2973.66 priorChange=-95.6543 successMove=46
ITERATION 30 newScore=-2.67789e+06 diffscore=552.356 priorChange=-90.1091 successMove=47
ITERATION 31 newScore=-2.67712e+06 diffscore=769.303 priorChange=-108.131 successMove=47
ITERATION 32 newScore=-2.67658e+06 diffscore=539.918 priorChange=-103.972 successMove=45
ITERATION 33 newScore=-2.67361e+06 diffscore=2966.74 priorChange=-72.0873 successMove=46
ITERATION 34 newScore=-2.6696e+06 diffscore=4014.15 priorChange=-79.0188 successMove=45
ITERATION 35 newScore=-2.66914e+06 diffscore=459.468 priorChange=-97.0406 successMove=46
ITERATION 36 newScore=-2.66603e+06 diffscore=3110.82 priorChange=-95.6543 successMove=49
ITERATION 37 newScore=-2.66513e+06 diffscore=903.667 priorChange=-92.8817 successMove=45
ITERATION 38 newScore=-2.66195e+06 diffscore=3178.36 priorChange=-95.6543 successMove=44
ITERATION 39 newScore=-2.66063e+06 diffscore=1314.33 priorChange=-105.358 successMove=45
ITERATION 40 newScore=-2.65924e+06 diffscore=1395.33 priorChange=-80.4051 successMove=43
ITERATION 41 newScore=-2.65865e+06 diffscore=588.147 priorChange=-92.8817 successMove=43
ITERATION 42 newScore=-2.65437e+06 diffscore=4278.22 priorChange=-92.8817 successMove=43
ITERATION 43 newScore=-2.65407e+06 diffscore=297.178 priorChange=-105.358 successMove=41
ITERATION 44 newScore=-2.65373e+06 diffscore=346.79 priorChange=-87.3365 successMove=39
ITERATION 45 newScore=-2.65215e+06 diffscore=1579.95 priorChange=-83.1777 successMove=39
ITERATION 46 newScore=-2.65079e+06 diffscore=1357.45 priorChange=-80.4051 successMove=39
ITERATION 47 newScore=-2.65052e+06 diffscore=274.318 priorChange=-85.9503 successMove=40
ITERATION 48 newScore=-2.64909e+06 diffscore=1426.29 priorChange=-92.8817 successMove=38
ITERATION 49 newScore=-2.64876e+06 diffscore=325.323 priorChange=-83.1777 successMove=38
ITERATION 50 newScore=-2.64763e+06 diffscore=1132.75 priorChange=-85.9503 successMove=38
ITERATION 51 newScore=-2.6465e+06 diffscore=1131.8 priorChange=-77.6325 successMove=36
ITERATION 52 newScore=-2.64547e+06 diffscore=1033.8 priorChange=-87.3365 successMove=36
ITERATION 53 newScore=-2.64334e+06 diffscore=2122.18 priorChange=-77.6325 successMove=36
ITERATION 54 newScore=-2.64305e+06 diffscore=294.821 priorChange=-87.3365 successMove=36
ITERATION 55 newScore=-2.64246e+06 diffscore=585.007 priorChange=-79.0188 successMove=36
ITERATION 56 newScore=-2.64146e+06 diffscore=1003.18 priorChange=-80.4051 successMove=36
ITERATION 57 newScore=-2.64012e+06 diffscore=1335.98 priorChange=-80.4051 successMove=34
ITERATION 58 newScore=-2.63992e+06 diffscore=202.62 priorChange=-72.0873 successMove=33
ITERATION 59 newScore=-2.63974e+06 diffscore=180.409 priorChange=-70.701 successMove=33
ITERATION 60 newScore=-2.63955e+06 diffscore=194.102 priorChange=-60.997 successMove=32
ITERATION 61 newScore=-2.63935e+06 diffscore=201.011 priorChange=-77.6325 successMove=31
ITERATION 62 newScore=-2.63914e+06 diffscore=206.273 priorChange=-56.8381 successMove=32
ITERATION 63 newScore=-2.63882e+06 diffscore=322.908 priorChange=-66.5421 successMove=31
ITERATION 64 newScore=-2.63756e+06 diffscore=1261.08 priorChange=-65.1558 successMove=31
ITERATION 65 newScore=-2.63633e+06 diffscore=1225.98 priorChange=-63.7695 successMove=29
ITERATION 66 newScore=-2.63616e+06 diffscore=169.662 priorChange=-58.2244 successMove=29
ITERATION 67 newScore=-2.63599e+06 diffscore=166.276 priorChange=-65.1558 successMove=29
ITERATION 68 newScore=-2.63574e+06 diffscore=255.41 priorChange=-60.997 successMove=28
ITERATION 69 newScore=-2.63528e+06 diffscore=461.763 priorChange=-56.8381 successMove=30
ITERATION 70 newScore=-2.63412e+06 diffscore=1154.1 priorChange=-49.9066 successMove=28
ITERATION 71 newScore=-2.63247e+06 diffscore=1650.64 priorChange=-40.2025 successMove=25
ITERATION 72 newScore=-2.63231e+06 diffscore=163.33 priorChange=-44.3614 successMove=25
ITERATION 73 newScore=-2.63211e+06 diffscore=202.649 priorChange=-44.3614 successMove=23
ITERATION 74 newScore=-2.63115e+06 diffscore=953.238 priorChange=-44.3614 successMove=23
ITERATION 75 newScore=-2.631e+06 diffscore=157.893 priorChange=-49.9066 successMove=22
ITERATION 76 newScore=-2.63083e+06 diffscore=167.615 priorChange=-48.5203 successMove=22
ITERATION 77 newScore=-2.62937e+06 diffscore=1456.59 priorChange=-33.2711 successMove=20
ITERATION 78 newScore=-2.62852e+06 diffscore=853.961 priorChange=-45.7477 successMove=21
ITERATION 79 newScore=-2.62843e+06 diffscore=85.8332 priorChange=-38.8162 successMove=21
ITERATION 80 newScore=-2.62831e+06 diffscore=118.11 priorChange=-40.2025 successMove=19
ITERATION 81 newScore=-2.6282e+06 diffscore=115.391 priorChange=-40.2025 successMove=18
ITERATION 82 newScore=-2.62793e+06 diffscore=266.88 priorChange=-40.2025 successMove=18
ITERATION 83 newScore=-2.62783e+06 diffscore=102.06 priorChange=-30.4985 successMove=16
ITERATION 84 newScore=-2.62749e+06 diffscore=334.214 priorChange=-33.2711 successMove=16
ITERATION 85 newScore=-2.62743e+06 diffscore=66.1667 priorChange=-36.0437 successMove=14
ITERATION 86 newScore=-2.62738e+06 diffscore=48.2559 priorChange=-27.7259 successMove=14
ITERATION 87 newScore=-2.62732e+06 diffscore=56.9623 priorChange=-24.9533 successMove=13
ITERATION 88 newScore=-2.62726e+06 diffscore=63.6075 priorChange=-29.1122 successMove=14
ITERATION 89 newScore=-2.6272e+06 diffscore=58.7323 priorChange=-18.0218 successMove=12
ITERATION 90 newScore=-2.6271e+06 diffscore=102.837 priorChange=-20.7944 successMove=11
ITERATION 91 newScore=-2.62626e+06 diffscore=841.898 priorChange=-22.1807 successMove=10
ITERATION 92 newScore=-2.62623e+06 diffscore=29.0907 priorChange=-18.0218 successMove=10
ITERATION 93 newScore=-2.6262e+06 diffscore=28.0466 priorChange=-16.6355 successMove=9
ITERATION 94 newScore=-2.62616e+06 diffscore=42.0308 priorChange=-23.567 successMove=8
ITERATION 95 newScore=-2.62613e+06 diffscore=28.3163 priorChange=-19.4081 successMove=8
ITERATION 96 newScore=-2.6261e+06 diffscore=25.0694 priorChange=-16.6355 successMove=8
ITERATION 97 newScore=-2.62608e+06 diffscore=22.9138 priorChange=-16.6355 successMove=8
ITERATION 98 newScore=-2.62606e+06 diffscore=16.5752 priorChange=-11.0904 successMove=6
ITERATION 99 newScore=-2.62605e+06 diffscore=10.3979 priorChange=-5.54518 successMove=5
MetaLearner::dumpAllGraphs
Final Score -2.62605e+06
MetaLearner::start runtime: 1622913182 ms
Results/
Results/cluster10/
Results/cluster10/fold0/
Results/cluster10/fold0/modelparams.txt
Results/cluster10/fold0/var_mb_pw_k50.txt
Results/cluster6/
Results/cluster6/fold0/
Results/cluster6/fold0/modelparams.txt
Results/cluster6/fold0/var_mb_pw_k50.txt
Results/cluster8/
Results/cluster8/fold0/
Results/cluster8/fold0/modelparams.txt
Results/cluster8/fold0/var_mb_pw_k50.txt
Results/cluster8/scoreFile.txt
Results/cluster7/
Results/cluster7/fold0/
Results/cluster7/fold0/modelparams.txt
Results/cluster7/fold0/var_mb_pw_k50.txt
Results/cluster1/
Results/cluster1/fold0/
Results/cluster1/fold0/modelparams.txt
Results/cluster1/fold0/var_mb_pw_k50.txt
Results/cluster9/
Results/cluster9/fold0/
Results/cluster9/fold0/modelparams.txt
Results/cluster9/fold0/var_mb_pw_k50.txt
Results/cluster2/
Results/cluster2/fold0/
Results/cluster2/fold0/modelparams.txt
Results/cluster2/fold0/var_mb_pw_k50.txt
Results/cluster3/
Results/cluster3/fold0/
Results/cluster3/fold0/modelparams.txt
Results/cluster3/fold0/var_mb_pw_k50.txt
