./CVN -f config_condor.txt -x50 -v1 -l TFs_OGs.txt -n AllGenes29.txt -d celltype_tree_ancestor.txt -m testdata_ogids.txt -s celltype_order.txt -p 0.2 -c yes -b -4 -q 4
(cluster3|cluster8) p_maintain_edge=0.8 p_gain=0.2
(cluster2|cluster3) p_maintain_edge=0.8 p_gain=0.2
(cluster1|cluster2) p_maintain_edge=0.8 p_gain=0.2
(cluster6|cluster2) p_maintain_edge=0.8 p_gain=0.2
(cluster9|cluster6) p_maintain_edge=0.8 p_gain=0.2
(cluster10|cluster6) p_maintain_edge=0.8 p_gain=0.2
(cluster7|cluster10) p_maintain_edge=0.8 p_gain=0.2
speciesSet.size()=8 Root is cluster8
MappedOrthogroupReader::readSpeciesMapping() --- celltype_order.txt
MappedOrthogroupReader::readFile - testdata_ogids.txt
MappedOrthogroupReader::generateGeneOrthoMap()
MetaLearner::init_onefold() read:config_condor.txt
MetaLearner::setinputVariableNames number of variables: 2042
readEvidenceTable:cluster8.table
PotentialManager::loadEvidenceFromTable varCount=2042 sampleCount=348
motifNetwork.size() = 319
0=cluster8 motifNetwork=cluster8_network.txt
variable size=2042
readEvidenceTable:cluster3.table
PotentialManager::loadEvidenceFromTable varCount=2042 sampleCount=95
motifNetwork.size() = 326
1=cluster3 motifNetwork=cluster3_network.txt
variable size=2042
readEvidenceTable:cluster2.table
PotentialManager::loadEvidenceFromTable varCount=2042 sampleCount=386
motifNetwork.size() = 328
2=cluster2 motifNetwork=cluster2_network.txt
variable size=2042
readEvidenceTable:cluster1.table
PotentialManager::loadEvidenceFromTable varCount=2042 sampleCount=36
motifNetwork.size() = 322
3=cluster1 motifNetwork=cluster1_network.txt
variable size=2042
readEvidenceTable:cluster6.table
PotentialManager::loadEvidenceFromTable varCount=2042 sampleCount=524
motifNetwork.size() = 320
4=cluster6 motifNetwork=cluster6_network.txt
variable size=2042
readEvidenceTable:cluster9.table
PotentialManager::loadEvidenceFromTable varCount=2042 sampleCount=184
motifNetwork.size() = 327
5=cluster9 motifNetwork=cluster9_network.txt
variable size=2042
readEvidenceTable:cluster10.table
PotentialManager::loadEvidenceFromTable varCount=2042 sampleCount=165
motifNetwork.size() = 326
6=cluster10 motifNetwork=cluster10_network.txt
variable size=2042
readEvidenceTable:cluster7.table
PotentialManager::loadEvidenceFromTable varCount=2042 sampleCount=1032
motifNetwork.size() = 320
7=cluster7 motifNetwork=cluster7_network.txt
variable size=2042
-------------------------------------------------------------
MetaLearner::start
precomputeEmptyGraphPrior
binkey=0 [Edge status: 0 0 0 0 0 0 0 0 ] P(G)=P(cluster8=0)[0.8] * P(cluster1=0|cluster2=0) * P(cluster9=0|cluster6=0) * P(cluster7=0|cluster10=0) * P(cluster10=0|cluster6=0) * P(cluster6=0|cluster2=0) * P(cluster2=0|cluster3=0) * P(cluster3=0|cluster8=0)[0.209715]=0.167772
condsetMap_Tree
0 cluster8=0 cluster3=0 cluster2=0 cluster1=0 cluster6=0 cluster9=0 cluster10=0 cluster7=1
1 cluster8=0 cluster3=0 cluster2=0 cluster1=0 cluster6=0 cluster9=1 cluster10=0 cluster7=0
2 cluster8=0 cluster3=0 cluster2=0 cluster1=0 cluster6=0 cluster9=1 cluster10=0 cluster7=1
3 cluster8=0 cluster3=0 cluster2=0 cluster1=1 cluster6=0 cluster9=0 cluster10=0 cluster7=0
4 cluster8=0 cluster3=0 cluster2=0 cluster1=1 cluster6=0 cluster9=0 cluster10=0 cluster7=1
5 cluster8=0 cluster3=0 cluster2=0 cluster1=1 cluster6=0 cluster9=1 cluster10=0 cluster7=0
6 cluster8=0 cluster3=0 cluster2=0 cluster1=1 cluster6=0 cluster9=1 cluster10=0 cluster7=1
7 cluster8=0 cluster3=0 cluster2=0 cluster1=0 cluster6=0 cluster9=0 cluster10=1 cluster7=1
8 cluster8=0 cluster3=0 cluster2=0 cluster1=0 cluster6=0 cluster9=1 cluster10=1 cluster7=1
9 cluster8=0 cluster3=0 cluster2=0 cluster1=1 cluster6=0 cluster9=0 cluster10=1 cluster7=1
10 cluster8=0 cluster3=0 cluster2=0 cluster1=1 cluster6=0 cluster9=1 cluster10=1 cluster7=1
11 cluster8=0 cluster3=0 cluster2=0 cluster1=0 cluster6=1 cluster9=1 cluster10=1 cluster7=1
12 cluster8=0 cluster3=0 cluster2=0 cluster1=1 cluster6=1 cluster9=1 cluster10=1 cluster7=1
13 cluster8=0 cluster3=0 cluster2=1 cluster1=1 cluster6=1 cluster9=1 cluster10=1 cluster7=1
14 cluster8=0 cluster3=1 cluster2=1 cluster1=1 cluster6=1 cluster9=1 cluster10=1 cluster7=1
15 cluster8=1 cluster3=1 cluster2=1 cluster1=1 cluster6=1 cluster9=1 cluster10=1 cluster7=1
16 cluster8=1 cluster3=1 cluster2=1 cluster1=1 cluster6=1 cluster9=1 cluster10=1 cluster7=0
17 cluster8=1 cluster3=1 cluster2=1 cluster1=1 cluster6=1 cluster9=0 cluster10=1 cluster7=1
18 cluster8=1 cluster3=1 cluster2=1 cluster1=1 cluster6=1 cluster9=0 cluster10=1 cluster7=0
19 cluster8=1 cluster3=1 cluster2=1 cluster1=0 cluster6=1 cluster9=1 cluster10=1 cluster7=1
20 cluster8=1 cluster3=1 cluster2=1 cluster1=0 cluster6=1 cluster9=1 cluster10=1 cluster7=0
21 cluster8=1 cluster3=1 cluster2=1 cluster1=0 cluster6=1 cluster9=0 cluster10=1 cluster7=1
22 cluster8=1 cluster3=1 cluster2=1 cluster1=0 cluster6=1 cluster9=0 cluster10=1 cluster7=0
23 cluster8=1 cluster3=1 cluster2=1 cluster1=1 cluster6=1 cluster9=1 cluster10=0 cluster7=0
24 cluster8=1 cluster3=1 cluster2=1 cluster1=1 cluster6=1 cluster9=0 cluster10=0 cluster7=0
25 cluster8=1 cluster3=1 cluster2=1 cluster1=0 cluster6=1 cluster9=1 cluster10=0 cluster7=0
26 cluster8=1 cluster3=1 cluster2=1 cluster1=0 cluster6=1 cluster9=0 cluster10=0 cluster7=0
27 cluster8=1 cluster3=1 cluster2=1 cluster1=1 cluster6=0 cluster9=0 cluster10=0 cluster7=0
28 cluster8=1 cluster3=1 cluster2=1 cluster1=0 cluster6=0 cluster9=0 cluster10=0 cluster7=0
29 cluster8=1 cluster3=1 cluster2=0 cluster1=0 cluster6=0 cluster9=0 cluster10=0 cluster7=0
30 cluster8=1 cluster3=0 cluster2=0 cluster1=0 cluster6=0 cluster9=0 cluster10=0 cluster7=0
31 cluster8=0 cluster3=0 cluster2=0 cluster1=0 cluster6=1 cluster9=0 cluster10=0 cluster7=0
32 cluster8=0 cluster3=0 cluster2=1 cluster1=0 cluster6=0 cluster9=0 cluster10=0 cluster7=0
33 cluster8=0 cluster3=0 cluster2=0 cluster1=0 cluster6=0 cluster9=0 cluster10=1 cluster7=0
34 cluster8=0 cluster3=1 cluster2=0 cluster1=0 cluster6=0 cluster9=0 cluster10=0 cluster7=0
inputRegulatorOGs.size() = 1999 inputOGList.size() = 50
binkey=4 [Edge status: 0 0 1 0 0 0 0 0 ] P(G)=P(cluster8=0)[0.8] * P(cluster1=0|cluster2=1) * P(cluster9=0|cluster6=0) * P(cluster7=0|cluster10=0) * P(cluster10=0|cluster6=0) * P(cluster6=0|cluster2=1) * P(cluster2=1|cluster3=0) * P(cluster3=0|cluster8=0)[0.0032768]=0.00262144
binkey=64 [Edge status: 0 0 0 0 0 0 1 0 ] P(G)=P(cluster8=0)[0.8] * P(cluster1=0|cluster2=0) * P(cluster9=0|cluster6=0) * P(cluster7=0|cluster10=1) * P(cluster10=1|cluster6=0) * P(cluster6=0|cluster2=0) * P(cluster2=0|cluster3=0) * P(cluster3=0|cluster8=0)[0.0131072]=0.0104858
binkey=128 [Edge status: 0 0 0 0 0 0 0 1 ] P(G)=P(cluster8=0)[0.8] * P(cluster1=0|cluster2=0) * P(cluster9=0|cluster6=0) * P(cluster7=1|cluster10=0) * P(cluster10=0|cluster6=0) * P(cluster6=0|cluster2=0) * P(cluster2=0|cluster3=0) * P(cluster3=0|cluster8=0)[0.0524288]=0.041943
binkey=32 [Edge status: 0 0 0 0 0 1 0 0 ] P(G)=P(cluster8=0)[0.8] * P(cluster1=0|cluster2=0) * P(cluster9=1|cluster6=0) * P(cluster7=0|cluster10=0) * P(cluster10=0|cluster6=0) * P(cluster6=0|cluster2=0) * P(cluster2=0|cluster3=0) * P(cluster3=0|cluster8=0)[0.0524288]=0.041943
binkey=16 [Edge status: 0 0 0 0 1 0 0 0 ] P(G)=P(cluster8=0)[0.8] * P(cluster1=0|cluster2=0) * P(cluster9=0|cluster6=1) * P(cluster7=0|cluster10=0) * P(cluster10=0|cluster6=1) * P(cluster6=1|cluster2=0) * P(cluster2=0|cluster3=0) * P(cluster3=0|cluster8=0)[0.0032768]=0.00262144
binkey=1 [Edge status: 1 0 0 0 0 0 0 0 ] P(G)=P(cluster8=1)[0.2] * P(cluster1=0|cluster2=0) * P(cluster9=0|cluster6=0) * P(cluster7=0|cluster10=0) * P(cluster10=0|cluster6=0) * P(cluster6=0|cluster2=0) * P(cluster2=0|cluster3=0) * P(cluster3=0|cluster8=1)[0.0524288]=0.0104858
binkey=2 [Edge status: 0 1 0 0 0 0 0 0 ] P(G)=P(cluster8=0)[0.8] * P(cluster1=0|cluster2=0) * P(cluster9=0|cluster6=0) * P(cluster7=0|cluster10=0) * P(cluster10=0|cluster6=0) * P(cluster6=0|cluster2=0) * P(cluster2=0|cluster3=1) * P(cluster3=1|cluster8=0)[0.0131072]=0.0104858
binkey=8 [Edge status: 0 0 0 1 0 0 0 0 ] P(G)=P(cluster8=0)[0.8] * P(cluster1=1|cluster2=0) * P(cluster9=0|cluster6=0) * P(cluster7=0|cluster10=0) * P(cluster10=0|cluster6=0) * P(cluster6=0|cluster2=0) * P(cluster2=0|cluster3=0) * P(cluster3=0|cluster8=0)[0.0524288]=0.041943
binkey=3 [Edge status: 1 1 0 0 0 0 0 0 ] P(G)=P(cluster8=1)[0.2] * P(cluster1=0|cluster2=0) * P(cluster9=0|cluster6=0) * P(cluster7=0|cluster10=0) * P(cluster10=0|cluster6=0) * P(cluster6=0|cluster2=0) * P(cluster2=0|cluster3=1) * P(cluster3=1|cluster8=1)[0.0524288]=0.0104858
binkey=136 [Edge status: 0 0 0 1 0 0 0 1 ] P(G)=P(cluster8=0)[0.8] * P(cluster1=1|cluster2=0) * P(cluster9=0|cluster6=0) * P(cluster7=1|cluster10=0) * P(cluster10=0|cluster6=0) * P(cluster6=0|cluster2=0) * P(cluster2=0|cluster3=0) * P(cluster3=0|cluster8=0)[0.0131072]=0.0104858
binkey=40 [Edge status: 0 0 0 1 0 1 0 0 ] P(G)=P(cluster8=0)[0.8] * P(cluster1=1|cluster2=0) * P(cluster9=1|cluster6=0) * P(cluster7=0|cluster10=0) * P(cluster10=0|cluster6=0) * P(cluster6=0|cluster2=0) * P(cluster2=0|cluster3=0) * P(cluster3=0|cluster8=0)[0.0131072]=0.0104858
binkey=160 [Edge status: 0 0 0 0 0 1 0 1 ] P(G)=P(cluster8=0)[0.8] * P(cluster1=0|cluster2=0) * P(cluster9=1|cluster6=0) * P(cluster7=1|cluster10=0) * P(cluster10=0|cluster6=0) * P(cluster6=0|cluster2=0) * P(cluster2=0|cluster3=0) * P(cluster3=0|cluster8=0)[0.0131072]=0.0104858
binkey=168 [Edge status: 0 0 0 1 0 1 0 1 ] P(G)=P(cluster8=0)[0.8] * P(cluster1=1|cluster2=0) * P(cluster9=1|cluster6=0) * P(cluster7=1|cluster10=0) * P(cluster10=0|cluster6=0) * P(cluster6=0|cluster2=0) * P(cluster2=0|cluster3=0) * P(cluster3=0|cluster8=0)[0.0032768]=0.00262144
binkey=192 [Edge status: 0 0 0 0 0 0 1 1 ] P(G)=P(cluster8=0)[0.8] * P(cluster1=0|cluster2=0) * P(cluster9=0|cluster6=0) * P(cluster7=1|cluster10=1) * P(cluster10=1|cluster6=0) * P(cluster6=0|cluster2=0) * P(cluster2=0|cluster3=0) * P(cluster3=0|cluster8=0)[0.0524288]=0.041943
binkey=200 [Edge status: 0 0 0 1 0 0 1 1 ] P(G)=P(cluster8=0)[0.8] * P(cluster1=1|cluster2=0) * P(cluster9=0|cluster6=0) * P(cluster7=1|cluster10=1) * P(cluster10=1|cluster6=0) * P(cluster6=0|cluster2=0) * P(cluster2=0|cluster3=0) * P(cluster3=0|cluster8=0)[0.0131072]=0.0104858
binkey=224 [Edge status: 0 0 0 0 0 1 1 1 ] P(G)=P(cluster8=0)[0.8] * P(cluster1=0|cluster2=0) * P(cluster9=1|cluster6=0) * P(cluster7=1|cluster10=1) * P(cluster10=1|cluster6=0) * P(cluster6=0|cluster2=0) * P(cluster2=0|cluster3=0) * P(cluster3=0|cluster8=0)[0.0131072]=0.0104858
binkey=7 [Edge status: 1 1 1 0 0 0 0 0 ] P(G)=P(cluster8=1)[0.2] * P(cluster1=0|cluster2=1) * P(cluster9=0|cluster6=0) * P(cluster7=0|cluster10=0) * P(cluster10=0|cluster6=0) * P(cluster6=0|cluster2=1) * P(cluster2=1|cluster3=1) * P(cluster3=1|cluster8=1)[0.0131072]=0.00262144
binkey=240 [Edge status: 0 0 0 0 1 1 1 1 ] P(G)=P(cluster8=0)[0.8] * P(cluster1=0|cluster2=0) * P(cluster9=1|cluster6=1) * P(cluster7=1|cluster10=1) * P(cluster10=1|cluster6=1) * P(cluster6=1|cluster2=0) * P(cluster2=0|cluster3=0) * P(cluster3=0|cluster8=0)[0.0524288]=0.041943
binkey=232 [Edge status: 0 0 0 1 0 1 1 1 ] P(G)=P(cluster8=0)[0.8] * P(cluster1=1|cluster2=0) * P(cluster9=1|cluster6=0) * P(cluster7=1|cluster10=1) * P(cluster10=1|cluster6=0) * P(cluster6=0|cluster2=0) * P(cluster2=0|cluster3=0) * P(cluster3=0|cluster8=0)[0.0032768]=0.00262144
binkey=248 [Edge status: 0 0 0 1 1 1 1 1 ] P(G)=P(cluster8=0)[0.8] * P(cluster1=1|cluster2=0) * P(cluster9=1|cluster6=1) * P(cluster7=1|cluster10=1) * P(cluster10=1|cluster6=1) * P(cluster6=1|cluster2=0) * P(cluster2=0|cluster3=0) * P(cluster3=0|cluster8=0)[0.0131072]=0.0104858
ITERATION 0 newScore=-2.73121e+06 diffscore=14547.1 priorChange=-101.199 successMove=56
ITERATION 1 newScore=-2.72557e+06 diffscore=5633.48 priorChange=-110.904 successMove=62
binkey=15 [Edge status: 1 1 1 1 0 0 0 0 ] P(G)=P(cluster8=1)[0.2] * P(cluster1=1|cluster2=1) * P(cluster9=0|cluster6=0) * P(cluster7=0|cluster10=0) * P(cluster10=0|cluster6=0) * P(cluster6=0|cluster2=1) * P(cluster2=1|cluster3=1) * P(cluster3=1|cluster8=1)[0.0524288]=0.0104858
binkey=31 [Edge status: 1 1 1 1 1 0 0 0 ] P(G)=P(cluster8=1)[0.2] * P(cluster1=1|cluster2=1) * P(cluster9=0|cluster6=1) * P(cluster7=0|cluster10=0) * P(cluster10=0|cluster6=1) * P(cluster6=1|cluster2=1) * P(cluster2=1|cluster3=1) * P(cluster3=1|cluster8=1)[0.0131072]=0.00262144
binkey=23 [Edge status: 1 1 1 0 1 0 0 0 ] P(G)=P(cluster8=1)[0.2] * P(cluster1=0|cluster2=1) * P(cluster9=0|cluster6=1) * P(cluster7=0|cluster10=0) * P(cluster10=0|cluster6=1) * P(cluster6=1|cluster2=1) * P(cluster2=1|cluster3=1) * P(cluster3=1|cluster8=1)[0.0032768]=0.00065536
ITERATION 2 newScore=-2.7218e+06 diffscore=3773.84 priorChange=-101.199 successMove=52
ITERATION 3 newScore=-2.71717e+06 diffscore=4623.14 priorChange=-110.904 successMove=52
ITERATION 4 newScore=-2.71493e+06 diffscore=2239.83 priorChange=-105.358 successMove=54
binkey=215 [Edge status: 1 1 1 0 1 0 1 1 ] P(G)=P(cluster8=1)[0.2] * P(cluster1=0|cluster2=1) * P(cluster9=0|cluster6=1) * P(cluster7=1|cluster10=1) * P(cluster10=1|cluster6=1) * P(cluster6=1|cluster2=1) * P(cluster2=1|cluster3=1) * P(cluster3=1|cluster8=1)[0.0131072]=0.00262144
binkey=87 [Edge status: 1 1 1 0 1 0 1 0 ] P(G)=P(cluster8=1)[0.2] * P(cluster1=0|cluster2=1) * P(cluster9=0|cluster6=1) * P(cluster7=0|cluster10=1) * P(cluster10=1|cluster6=1) * P(cluster6=1|cluster2=1) * P(cluster2=1|cluster3=1) * P(cluster3=1|cluster8=1)[0.0032768]=0.00065536
ITERATION 5 newScore=-2.71045e+06 diffscore=4489.81 priorChange=-109.517 successMove=52
ITERATION 6 newScore=-2.70754e+06 diffscore=2909.81 priorChange=-117.835 successMove=51
ITERATION 7 newScore=-2.70599e+06 diffscore=1540.92 priorChange=-115.062 successMove=51
ITERATION 8 newScore=-2.70269e+06 diffscore=3307.55 priorChange=-110.904 successMove=50
binkey=223 [Edge status: 1 1 1 1 1 0 1 1 ] P(G)=P(cluster8=1)[0.2] * P(cluster1=1|cluster2=1) * P(cluster9=0|cluster6=1) * P(cluster7=1|cluster10=1) * P(cluster10=1|cluster6=1) * P(cluster6=1|cluster2=1) * P(cluster2=1|cluster3=1) * P(cluster3=1|cluster8=1)[0.0524288]=0.0104858
binkey=95 [Edge status: 1 1 1 1 1 0 1 0 ] P(G)=P(cluster8=1)[0.2] * P(cluster1=1|cluster2=1) * P(cluster9=0|cluster6=1) * P(cluster7=0|cluster10=1) * P(cluster10=1|cluster6=1) * P(cluster6=1|cluster2=1) * P(cluster2=1|cluster3=1) * P(cluster3=1|cluster8=1)[0.0131072]=0.00262144
ITERATION 9 newScore=-2.70138e+06 diffscore=1302.85 priorChange=-103.972 successMove=55
ITERATION 10 newScore=-2.69772e+06 diffscore=3667.66 priorChange=-116.449 successMove=51
ITERATION 11 newScore=-2.69677e+06 diffscore=946.435 priorChange=-105.358 successMove=54
ITERATION 12 newScore=-2.69296e+06 diffscore=3813.51 priorChange=-110.904 successMove=51
ITERATION 13 newScore=-2.69093e+06 diffscore=2028.05 priorChange=-106.745 successMove=51
ITERATION 14 newScore=-2.68842e+06 diffscore=2512.29 priorChange=-92.8817 successMove=51
ITERATION 15 newScore=-2.6855e+06 diffscore=2913.64 priorChange=-116.449 successMove=51
ITERATION 16 newScore=-2.68225e+06 diffscore=3254.41 priorChange=-99.8132 successMove=50
ITERATION 17 newScore=-2.68038e+06 diffscore=1869.07 priorChange=-108.131 successMove=49
ITERATION 18 newScore=-2.67804e+06 diffscore=2337.46 priorChange=-106.745 successMove=47
ITERATION 19 newScore=-2.67589e+06 diffscore=2146.84 priorChange=-105.358 successMove=47
ITERATION 20 newScore=-2.67138e+06 diffscore=4516.12 priorChange=-112.29 successMove=48
ITERATION 21 newScore=-2.66774e+06 diffscore=3639.41 priorChange=-109.517 successMove=47
ITERATION 22 newScore=-2.66527e+06 diffscore=2470.21 priorChange=-95.6543 successMove=53
ITERATION 23 newScore=-2.66287e+06 diffscore=2399.51 priorChange=-108.131 successMove=47
ITERATION 24 newScore=-2.66214e+06 diffscore=734.083 priorChange=-101.199 successMove=49
ITERATION 25 newScore=-2.66023e+06 diffscore=1907.01 priorChange=-103.972 successMove=47
ITERATION 26 newScore=-2.65974e+06 diffscore=483.575 priorChange=-108.131 successMove=47
ITERATION 27 newScore=-2.65912e+06 diffscore=620.221 priorChange=-112.29 successMove=46
ITERATION 28 newScore=-2.65808e+06 diffscore=1048.42 priorChange=-109.517 successMove=45
ITERATION 29 newScore=-2.65772e+06 diffscore=354.138 priorChange=-91.4954 successMove=46
ITERATION 30 newScore=-2.65734e+06 diffscore=384.727 priorChange=-102.586 successMove=44
ITERATION 31 newScore=-2.65693e+06 diffscore=406.979 priorChange=-94.268 successMove=45
ITERATION 32 newScore=-2.65646e+06 diffscore=473.374 priorChange=-91.4954 successMove=46
ITERATION 33 newScore=-2.65611e+06 diffscore=346.249 priorChange=-98.4269 successMove=44
ITERATION 34 newScore=-2.65571e+06 diffscore=402.42 priorChange=-74.8599 successMove=45
ITERATION 35 newScore=-2.65467e+06 diffscore=1034.05 priorChange=-97.0406 successMove=44
ITERATION 36 newScore=-2.65197e+06 diffscore=2704.06 priorChange=-92.8817 successMove=42
ITERATION 37 newScore=-2.65162e+06 diffscore=345.319 priorChange=-102.586 successMove=42
ITERATION 38 newScore=-2.64997e+06 diffscore=1653.5 priorChange=-99.8132 successMove=45
ITERATION 39 newScore=-2.64962e+06 diffscore=350.476 priorChange=-91.4954 successMove=42
ITERATION 40 newScore=-2.6478e+06 diffscore=1819.38 priorChange=-90.1091 successMove=43
ITERATION 41 newScore=-2.64735e+06 diffscore=449.077 priorChange=-97.0406 successMove=42
ITERATION 42 newScore=-2.64507e+06 diffscore=2286.03 priorChange=-91.4954 successMove=42
ITERATION 43 newScore=-2.64468e+06 diffscore=388.416 priorChange=-95.6543 successMove=43
ITERATION 44 newScore=-2.64427e+06 diffscore=411.8 priorChange=-84.564 successMove=42
ITERATION 45 newScore=-2.64257e+06 diffscore=1694.91 priorChange=-77.6325 successMove=42
ITERATION 46 newScore=-2.63972e+06 diffscore=2852.8 priorChange=-95.6543 successMove=43
ITERATION 47 newScore=-2.63815e+06 diffscore=1565.59 priorChange=-84.564 successMove=42
ITERATION 48 newScore=-2.63634e+06 diffscore=1810.07 priorChange=-94.268 successMove=45
ITERATION 49 newScore=-2.63346e+06 diffscore=2886.05 priorChange=-99.8132 successMove=42
ITERATION 50 newScore=-2.63325e+06 diffscore=207.94 priorChange=-92.8817 successMove=42
ITERATION 51 newScore=-2.63302e+06 diffscore=231.576 priorChange=-79.0188 successMove=40
ITERATION 52 newScore=-2.6328e+06 diffscore=221.655 priorChange=-87.3365 successMove=40
ITERATION 53 newScore=-2.63254e+06 diffscore=259.224 priorChange=-85.9503 successMove=39
ITERATION 54 newScore=-2.63149e+06 diffscore=1050.73 priorChange=-76.2462 successMove=39
ITERATION 55 newScore=-2.62764e+06 diffscore=3847.46 priorChange=-70.701 successMove=38
ITERATION 56 newScore=-2.62746e+06 diffscore=180.516 priorChange=-74.8599 successMove=36
ITERATION 57 newScore=-2.62728e+06 diffscore=176.817 priorChange=-88.7228 successMove=35
ITERATION 58 newScore=-2.62705e+06 diffscore=230.697 priorChange=-92.8817 successMove=37
ITERATION 59 newScore=-2.62688e+06 diffscore=174.504 priorChange=-74.8599 successMove=34
ITERATION 60 newScore=-2.6267e+06 diffscore=179.435 priorChange=-74.8599 successMove=33
ITERATION 61 newScore=-2.62652e+06 diffscore=173.876 priorChange=-59.6107 successMove=34
ITERATION 62 newScore=-2.62634e+06 diffscore=184.886 priorChange=-66.5421 successMove=32
ITERATION 63 newScore=-2.62614e+06 diffscore=197.591 priorChange=-69.3147 successMove=33
ITERATION 64 newScore=-2.6259e+06 diffscore=239.254 priorChange=-80.4051 successMove=32
ITERATION 65 newScore=-2.62552e+06 diffscore=384.987 priorChange=-65.1558 successMove=31
ITERATION 66 newScore=-2.62425e+06 diffscore=1268.77 priorChange=-62.3832 successMove=29
ITERATION 67 newScore=-2.62345e+06 diffscore=801.598 priorChange=-65.1558 successMove=28
ITERATION 68 newScore=-2.62318e+06 diffscore=265.22 priorChange=-42.9751 successMove=28
ITERATION 69 newScore=-2.62214e+06 diffscore=1041.22 priorChange=-66.5421 successMove=30
ITERATION 70 newScore=-2.622e+06 diffscore=142.864 priorChange=-59.6107 successMove=28
ITERATION 71 newScore=-2.62185e+06 diffscore=141.377 priorChange=-65.1558 successMove=27
ITERATION 72 newScore=-2.62079e+06 diffscore=1064.27 priorChange=-54.0655 successMove=23
ITERATION 73 newScore=-2.6206e+06 diffscore=192.207 priorChange=-41.5888 successMove=23
ITERATION 74 newScore=-2.62045e+06 diffscore=147.982 priorChange=-48.5203 successMove=22
ITERATION 75 newScore=-2.61967e+06 diffscore=780.863 priorChange=-51.2929 successMove=21
ITERATION 76 newScore=-2.6182e+06 diffscore=1467.43 priorChange=-54.0655 successMove=21
ITERATION 77 newScore=-2.61686e+06 diffscore=1339.19 priorChange=-52.6792 successMove=21
ITERATION 78 newScore=-2.61676e+06 diffscore=107.027 priorChange=-45.7477 successMove=20
ITERATION 79 newScore=-2.61664e+06 diffscore=113.91 priorChange=-49.9066 successMove=20
ITERATION 80 newScore=-2.61653e+06 diffscore=111.029 priorChange=-49.9066 successMove=20
ITERATION 81 newScore=-2.6153e+06 diffscore=1229.29 priorChange=-44.3614 successMove=18
ITERATION 82 newScore=-2.61515e+06 diffscore=147.054 priorChange=-40.2025 successMove=17
ITERATION 83 newScore=-2.61495e+06 diffscore=208.835 priorChange=-34.6574 successMove=17
ITERATION 84 newScore=-2.61483e+06 diffscore=118.007 priorChange=-36.0437 successMove=16
ITERATION 85 newScore=-2.61444e+06 diffscore=386.089 priorChange=-31.8848 successMove=15
ITERATION 86 newScore=-2.61437e+06 diffscore=68.6658 priorChange=-24.9533 successMove=13
ITERATION 87 newScore=-2.61431e+06 diffscore=60.3045 priorChange=-23.567 successMove=11
ITERATION 88 newScore=-2.61427e+06 diffscore=44.4065 priorChange=-15.2492 successMove=9
ITERATION 89 newScore=-2.61423e+06 diffscore=33.6691 priorChange=-16.6355 successMove=9
ITERATION 90 newScore=-2.61421e+06 diffscore=24.5729 priorChange=-6.93147 successMove=8
ITERATION 91 newScore=-2.61418e+06 diffscore=30.0322 priorChange=-13.8629 successMove=7
ITERATION 92 newScore=-2.61415e+06 diffscore=25.0378 priorChange=-16.6355 successMove=7
ITERATION 93 newScore=-2.61413e+06 diffscore=22.2762 priorChange=-11.0904 successMove=7
ITERATION 94 newScore=-2.61411e+06 diffscore=21.7323 priorChange=-12.4766 successMove=6
ITERATION 95 newScore=-2.6141e+06 diffscore=15.3644 priorChange=-8.31777 successMove=6
ITERATION 96 newScore=-2.61408e+06 diffscore=11.5591 priorChange=-5.54518 successMove=7
ITERATION 97 newScore=-2.61407e+06 diffscore=12.5474 priorChange=-8.31777 successMove=5
ITERATION 98 newScore=-2.61406e+06 diffscore=12.3955 priorChange=-8.31777 successMove=5
ITERATION 99 newScore=-2.61404e+06 diffscore=14.3685 priorChange=-9.70406 successMove=5
MetaLearner::dumpAllGraphs
Final Score -2.61404e+06
MetaLearner::start runtime: 1237993915 ms
Results/
Results/cluster10/
Results/cluster10/fold0/
Results/cluster10/fold0/modelparams.txt
Results/cluster10/fold0/var_mb_pw_k50.txt
Results/cluster1/
Results/cluster1/fold0/
Results/cluster1/fold0/modelparams.txt
Results/cluster1/fold0/var_mb_pw_k50.txt
Results/cluster6/
Results/cluster6/fold0/
Results/cluster6/fold0/modelparams.txt
Results/cluster6/fold0/var_mb_pw_k50.txt
Results/cluster9/
Results/cluster9/fold0/
Results/cluster9/fold0/modelparams.txt
Results/cluster9/fold0/var_mb_pw_k50.txt
Results/cluster2/
Results/cluster2/fold0/
Results/cluster2/fold0/modelparams.txt
Results/cluster2/fold0/var_mb_pw_k50.txt
Results/cluster7/
Results/cluster7/fold0/
Results/cluster7/fold0/modelparams.txt
Results/cluster7/fold0/var_mb_pw_k50.txt
Results/cluster3/
Results/cluster3/fold0/
Results/cluster3/fold0/modelparams.txt
Results/cluster3/fold0/var_mb_pw_k50.txt
Results/cluster8/
Results/cluster8/scoreFile.txt
Results/cluster8/fold0/
Results/cluster8/fold0/modelparams.txt
Results/cluster8/fold0/var_mb_pw_k50.txt
