./CVN -f config_condor.txt -x50 -v1 -l TFs_OGs.txt -n AllGenes79.txt -d celltype_tree_ancestor.txt -m testdata_ogids.txt -s celltype_order.txt -p 0.2 -c yes -b -4 -q 4
(cluster3|cluster8) p_maintain_edge=0.8 p_gain=0.2
(cluster2|cluster3) p_maintain_edge=0.8 p_gain=0.2
(cluster1|cluster2) p_maintain_edge=0.8 p_gain=0.2
(cluster6|cluster2) p_maintain_edge=0.8 p_gain=0.2
(cluster9|cluster6) p_maintain_edge=0.8 p_gain=0.2
(cluster10|cluster6) p_maintain_edge=0.8 p_gain=0.2
(cluster7|cluster10) p_maintain_edge=0.8 p_gain=0.2
speciesSet.size()=8 Root is cluster8
MappedOrthogroupReader::readSpeciesMapping() --- celltype_order.txt
MappedOrthogroupReader::readFile - testdata_ogids.txt
MappedOrthogroupReader::generateGeneOrthoMap()
MetaLearner::init_onefold() read:config_condor.txt
MetaLearner::setinputVariableNames number of variables: 2038
readEvidenceTable:cluster8.table
PotentialManager::loadEvidenceFromTable varCount=2038 sampleCount=348
motifNetwork.size() = 319
0=cluster8 motifNetwork=cluster8_network.txt
variable size=2038
readEvidenceTable:cluster3.table
PotentialManager::loadEvidenceFromTable varCount=2038 sampleCount=95
motifNetwork.size() = 326
1=cluster3 motifNetwork=cluster3_network.txt
variable size=2038
readEvidenceTable:cluster2.table
PotentialManager::loadEvidenceFromTable varCount=2038 sampleCount=386
motifNetwork.size() = 328
2=cluster2 motifNetwork=cluster2_network.txt
variable size=2038
readEvidenceTable:cluster1.table
PotentialManager::loadEvidenceFromTable varCount=2038 sampleCount=36
motifNetwork.size() = 322
3=cluster1 motifNetwork=cluster1_network.txt
variable size=2038
readEvidenceTable:cluster6.table
PotentialManager::loadEvidenceFromTable varCount=2038 sampleCount=524
motifNetwork.size() = 320
4=cluster6 motifNetwork=cluster6_network.txt
variable size=2038
readEvidenceTable:cluster9.table
PotentialManager::loadEvidenceFromTable varCount=2038 sampleCount=184
motifNetwork.size() = 327
5=cluster9 motifNetwork=cluster9_network.txt
variable size=2038
readEvidenceTable:cluster10.table
PotentialManager::loadEvidenceFromTable varCount=2038 sampleCount=165
motifNetwork.size() = 326
6=cluster10 motifNetwork=cluster10_network.txt
variable size=2038
readEvidenceTable:cluster7.table
PotentialManager::loadEvidenceFromTable varCount=2038 sampleCount=1032
motifNetwork.size() = 320
7=cluster7 motifNetwork=cluster7_network.txt
variable size=2038
-------------------------------------------------------------
MetaLearner::start
precomputeEmptyGraphPrior
binkey=0 [Edge status: 0 0 0 0 0 0 0 0 ] P(G)=P(cluster8=0)[0.8] * P(cluster1=0|cluster2=0) * P(cluster9=0|cluster6=0) * P(cluster7=0|cluster10=0) * P(cluster10=0|cluster6=0) * P(cluster6=0|cluster2=0) * P(cluster2=0|cluster3=0) * P(cluster3=0|cluster8=0)[0.209715]=0.167772
condsetMap_Tree
0 cluster8=0 cluster3=0 cluster2=0 cluster1=0 cluster6=0 cluster9=0 cluster10=0 cluster7=1
1 cluster8=0 cluster3=0 cluster2=0 cluster1=0 cluster6=0 cluster9=1 cluster10=0 cluster7=0
2 cluster8=0 cluster3=0 cluster2=0 cluster1=0 cluster6=0 cluster9=1 cluster10=0 cluster7=1
3 cluster8=0 cluster3=0 cluster2=0 cluster1=1 cluster6=0 cluster9=0 cluster10=0 cluster7=0
4 cluster8=0 cluster3=0 cluster2=0 cluster1=1 cluster6=0 cluster9=0 cluster10=0 cluster7=1
5 cluster8=0 cluster3=0 cluster2=0 cluster1=1 cluster6=0 cluster9=1 cluster10=0 cluster7=0
6 cluster8=0 cluster3=0 cluster2=0 cluster1=1 cluster6=0 cluster9=1 cluster10=0 cluster7=1
7 cluster8=0 cluster3=0 cluster2=0 cluster1=0 cluster6=0 cluster9=0 cluster10=1 cluster7=1
8 cluster8=0 cluster3=0 cluster2=0 cluster1=0 cluster6=0 cluster9=1 cluster10=1 cluster7=1
9 cluster8=0 cluster3=0 cluster2=0 cluster1=1 cluster6=0 cluster9=0 cluster10=1 cluster7=1
10 cluster8=0 cluster3=0 cluster2=0 cluster1=1 cluster6=0 cluster9=1 cluster10=1 cluster7=1
11 cluster8=0 cluster3=0 cluster2=0 cluster1=0 cluster6=1 cluster9=1 cluster10=1 cluster7=1
12 cluster8=0 cluster3=0 cluster2=0 cluster1=1 cluster6=1 cluster9=1 cluster10=1 cluster7=1
13 cluster8=0 cluster3=0 cluster2=1 cluster1=1 cluster6=1 cluster9=1 cluster10=1 cluster7=1
14 cluster8=0 cluster3=1 cluster2=1 cluster1=1 cluster6=1 cluster9=1 cluster10=1 cluster7=1
15 cluster8=1 cluster3=1 cluster2=1 cluster1=1 cluster6=1 cluster9=1 cluster10=1 cluster7=1
16 cluster8=1 cluster3=1 cluster2=1 cluster1=1 cluster6=1 cluster9=1 cluster10=1 cluster7=0
17 cluster8=1 cluster3=1 cluster2=1 cluster1=1 cluster6=1 cluster9=0 cluster10=1 cluster7=1
18 cluster8=1 cluster3=1 cluster2=1 cluster1=1 cluster6=1 cluster9=0 cluster10=1 cluster7=0
19 cluster8=1 cluster3=1 cluster2=1 cluster1=0 cluster6=1 cluster9=1 cluster10=1 cluster7=1
20 cluster8=1 cluster3=1 cluster2=1 cluster1=0 cluster6=1 cluster9=1 cluster10=1 cluster7=0
21 cluster8=1 cluster3=1 cluster2=1 cluster1=0 cluster6=1 cluster9=0 cluster10=1 cluster7=1
22 cluster8=1 cluster3=1 cluster2=1 cluster1=0 cluster6=1 cluster9=0 cluster10=1 cluster7=0
23 cluster8=1 cluster3=1 cluster2=1 cluster1=1 cluster6=1 cluster9=1 cluster10=0 cluster7=0
24 cluster8=1 cluster3=1 cluster2=1 cluster1=1 cluster6=1 cluster9=0 cluster10=0 cluster7=0
25 cluster8=1 cluster3=1 cluster2=1 cluster1=0 cluster6=1 cluster9=1 cluster10=0 cluster7=0
26 cluster8=1 cluster3=1 cluster2=1 cluster1=0 cluster6=1 cluster9=0 cluster10=0 cluster7=0
27 cluster8=1 cluster3=1 cluster2=1 cluster1=1 cluster6=0 cluster9=0 cluster10=0 cluster7=0
28 cluster8=1 cluster3=1 cluster2=1 cluster1=0 cluster6=0 cluster9=0 cluster10=0 cluster7=0
29 cluster8=1 cluster3=1 cluster2=0 cluster1=0 cluster6=0 cluster9=0 cluster10=0 cluster7=0
30 cluster8=1 cluster3=0 cluster2=0 cluster1=0 cluster6=0 cluster9=0 cluster10=0 cluster7=0
31 cluster8=0 cluster3=0 cluster2=0 cluster1=0 cluster6=1 cluster9=0 cluster10=0 cluster7=0
32 cluster8=0 cluster3=0 cluster2=1 cluster1=0 cluster6=0 cluster9=0 cluster10=0 cluster7=0
33 cluster8=0 cluster3=0 cluster2=0 cluster1=0 cluster6=0 cluster9=0 cluster10=1 cluster7=0
34 cluster8=0 cluster3=1 cluster2=0 cluster1=0 cluster6=0 cluster9=0 cluster10=0 cluster7=0
inputRegulatorOGs.size() = 1999 inputOGList.size() = 50
binkey=32 [Edge status: 0 0 0 0 0 1 0 0 ] P(G)=P(cluster8=0)[0.8] * P(cluster1=0|cluster2=0) * P(cluster9=1|cluster6=0) * P(cluster7=0|cluster10=0) * P(cluster10=0|cluster6=0) * P(cluster6=0|cluster2=0) * P(cluster2=0|cluster3=0) * P(cluster3=0|cluster8=0)[0.0524288]=0.041943
binkey=8 [Edge status: 0 0 0 1 0 0 0 0 ] P(G)=P(cluster8=0)[0.8] * P(cluster1=1|cluster2=0) * P(cluster9=0|cluster6=0) * P(cluster7=0|cluster10=0) * P(cluster10=0|cluster6=0) * P(cluster6=0|cluster2=0) * P(cluster2=0|cluster3=0) * P(cluster3=0|cluster8=0)[0.0524288]=0.041943
binkey=128 [Edge status: 0 0 0 0 0 0 0 1 ] P(G)=P(cluster8=0)[0.8] * P(cluster1=0|cluster2=0) * P(cluster9=0|cluster6=0) * P(cluster7=1|cluster10=0) * P(cluster10=0|cluster6=0) * P(cluster6=0|cluster2=0) * P(cluster2=0|cluster3=0) * P(cluster3=0|cluster8=0)[0.0524288]=0.041943
binkey=16 [Edge status: 0 0 0 0 1 0 0 0 ] P(G)=P(cluster8=0)[0.8] * P(cluster1=0|cluster2=0) * P(cluster9=0|cluster6=1) * P(cluster7=0|cluster10=0) * P(cluster10=0|cluster6=1) * P(cluster6=1|cluster2=0) * P(cluster2=0|cluster3=0) * P(cluster3=0|cluster8=0)[0.0032768]=0.00262144
binkey=2 [Edge status: 0 1 0 0 0 0 0 0 ] P(G)=P(cluster8=0)[0.8] * P(cluster1=0|cluster2=0) * P(cluster9=0|cluster6=0) * P(cluster7=0|cluster10=0) * P(cluster10=0|cluster6=0) * P(cluster6=0|cluster2=0) * P(cluster2=0|cluster3=1) * P(cluster3=1|cluster8=0)[0.0131072]=0.0104858
binkey=160 [Edge status: 0 0 0 0 0 1 0 1 ] P(G)=P(cluster8=0)[0.8] * P(cluster1=0|cluster2=0) * P(cluster9=1|cluster6=0) * P(cluster7=1|cluster10=0) * P(cluster10=0|cluster6=0) * P(cluster6=0|cluster2=0) * P(cluster2=0|cluster3=0) * P(cluster3=0|cluster8=0)[0.0131072]=0.0104858
binkey=64 [Edge status: 0 0 0 0 0 0 1 0 ] P(G)=P(cluster8=0)[0.8] * P(cluster1=0|cluster2=0) * P(cluster9=0|cluster6=0) * P(cluster7=0|cluster10=1) * P(cluster10=1|cluster6=0) * P(cluster6=0|cluster2=0) * P(cluster2=0|cluster3=0) * P(cluster3=0|cluster8=0)[0.0131072]=0.0104858
binkey=1 [Edge status: 1 0 0 0 0 0 0 0 ] P(G)=P(cluster8=1)[0.2] * P(cluster1=0|cluster2=0) * P(cluster9=0|cluster6=0) * P(cluster7=0|cluster10=0) * P(cluster10=0|cluster6=0) * P(cluster6=0|cluster2=0) * P(cluster2=0|cluster3=0) * P(cluster3=0|cluster8=1)[0.0524288]=0.0104858
binkey=4 [Edge status: 0 0 1 0 0 0 0 0 ] P(G)=P(cluster8=0)[0.8] * P(cluster1=0|cluster2=1) * P(cluster9=0|cluster6=0) * P(cluster7=0|cluster10=0) * P(cluster10=0|cluster6=0) * P(cluster6=0|cluster2=1) * P(cluster2=1|cluster3=0) * P(cluster3=0|cluster8=0)[0.0032768]=0.00262144
binkey=40 [Edge status: 0 0 0 1 0 1 0 0 ] P(G)=P(cluster8=0)[0.8] * P(cluster1=1|cluster2=0) * P(cluster9=1|cluster6=0) * P(cluster7=0|cluster10=0) * P(cluster10=0|cluster6=0) * P(cluster6=0|cluster2=0) * P(cluster2=0|cluster3=0) * P(cluster3=0|cluster8=0)[0.0131072]=0.0104858
binkey=3 [Edge status: 1 1 0 0 0 0 0 0 ] P(G)=P(cluster8=1)[0.2] * P(cluster1=0|cluster2=0) * P(cluster9=0|cluster6=0) * P(cluster7=0|cluster10=0) * P(cluster10=0|cluster6=0) * P(cluster6=0|cluster2=0) * P(cluster2=0|cluster3=1) * P(cluster3=1|cluster8=1)[0.0524288]=0.0104858
binkey=192 [Edge status: 0 0 0 0 0 0 1 1 ] P(G)=P(cluster8=0)[0.8] * P(cluster1=0|cluster2=0) * P(cluster9=0|cluster6=0) * P(cluster7=1|cluster10=1) * P(cluster10=1|cluster6=0) * P(cluster6=0|cluster2=0) * P(cluster2=0|cluster3=0) * P(cluster3=0|cluster8=0)[0.0524288]=0.041943
binkey=136 [Edge status: 0 0 0 1 0 0 0 1 ] P(G)=P(cluster8=0)[0.8] * P(cluster1=1|cluster2=0) * P(cluster9=0|cluster6=0) * P(cluster7=1|cluster10=0) * P(cluster10=0|cluster6=0) * P(cluster6=0|cluster2=0) * P(cluster2=0|cluster3=0) * P(cluster3=0|cluster8=0)[0.0131072]=0.0104858
binkey=168 [Edge status: 0 0 0 1 0 1 0 1 ] P(G)=P(cluster8=0)[0.8] * P(cluster1=1|cluster2=0) * P(cluster9=1|cluster6=0) * P(cluster7=1|cluster10=0) * P(cluster10=0|cluster6=0) * P(cluster6=0|cluster2=0) * P(cluster2=0|cluster3=0) * P(cluster3=0|cluster8=0)[0.0032768]=0.00262144
binkey=224 [Edge status: 0 0 0 0 0 1 1 1 ] P(G)=P(cluster8=0)[0.8] * P(cluster1=0|cluster2=0) * P(cluster9=1|cluster6=0) * P(cluster7=1|cluster10=1) * P(cluster10=1|cluster6=0) * P(cluster6=0|cluster2=0) * P(cluster2=0|cluster3=0) * P(cluster3=0|cluster8=0)[0.0131072]=0.0104858
binkey=200 [Edge status: 0 0 0 1 0 0 1 1 ] P(G)=P(cluster8=0)[0.8] * P(cluster1=1|cluster2=0) * P(cluster9=0|cluster6=0) * P(cluster7=1|cluster10=1) * P(cluster10=1|cluster6=0) * P(cluster6=0|cluster2=0) * P(cluster2=0|cluster3=0) * P(cluster3=0|cluster8=0)[0.0131072]=0.0104858
binkey=232 [Edge status: 0 0 0 1 0 1 1 1 ] P(G)=P(cluster8=0)[0.8] * P(cluster1=1|cluster2=0) * P(cluster9=1|cluster6=0) * P(cluster7=1|cluster10=1) * P(cluster10=1|cluster6=0) * P(cluster6=0|cluster2=0) * P(cluster2=0|cluster3=0) * P(cluster3=0|cluster8=0)[0.0032768]=0.00262144
binkey=240 [Edge status: 0 0 0 0 1 1 1 1 ] P(G)=P(cluster8=0)[0.8] * P(cluster1=0|cluster2=0) * P(cluster9=1|cluster6=1) * P(cluster7=1|cluster10=1) * P(cluster10=1|cluster6=1) * P(cluster6=1|cluster2=0) * P(cluster2=0|cluster3=0) * P(cluster3=0|cluster8=0)[0.0524288]=0.041943
binkey=248 [Edge status: 0 0 0 1 1 1 1 1 ] P(G)=P(cluster8=0)[0.8] * P(cluster1=1|cluster2=0) * P(cluster9=1|cluster6=1) * P(cluster7=1|cluster10=1) * P(cluster10=1|cluster6=1) * P(cluster6=1|cluster2=0) * P(cluster2=0|cluster3=0) * P(cluster3=0|cluster8=0)[0.0131072]=0.0104858
binkey=252 [Edge status: 0 0 1 1 1 1 1 1 ] P(G)=P(cluster8=0)[0.8] * P(cluster1=1|cluster2=1) * P(cluster9=1|cluster6=1) * P(cluster7=1|cluster10=1) * P(cluster10=1|cluster6=1) * P(cluster6=1|cluster2=1) * P(cluster2=1|cluster3=0) * P(cluster3=0|cluster8=0)[0.0524288]=0.041943
binkey=254 [Edge status: 0 1 1 1 1 1 1 1 ] P(G)=P(cluster8=0)[0.8] * P(cluster1=1|cluster2=1) * P(cluster9=1|cluster6=1) * P(cluster7=1|cluster10=1) * P(cluster10=1|cluster6=1) * P(cluster6=1|cluster2=1) * P(cluster2=1|cluster3=1) * P(cluster3=1|cluster8=0)[0.0524288]=0.041943
binkey=255 [Edge status: 1 1 1 1 1 1 1 1 ] P(G)=P(cluster8=1)[0.2] * P(cluster1=1|cluster2=1) * P(cluster9=1|cluster6=1) * P(cluster7=1|cluster10=1) * P(cluster10=1|cluster6=1) * P(cluster6=1|cluster2=1) * P(cluster2=1|cluster3=1) * P(cluster3=1|cluster8=1)[0.209715]=0.041943
binkey=127 [Edge status: 1 1 1 1 1 1 1 0 ] P(G)=P(cluster8=1)[0.2] * P(cluster1=1|cluster2=1) * P(cluster9=1|cluster6=1) * P(cluster7=0|cluster10=1) * P(cluster10=1|cluster6=1) * P(cluster6=1|cluster2=1) * P(cluster2=1|cluster3=1) * P(cluster3=1|cluster8=1)[0.0524288]=0.0104858
binkey=223 [Edge status: 1 1 1 1 1 0 1 1 ] P(G)=P(cluster8=1)[0.2] * P(cluster1=1|cluster2=1) * P(cluster9=0|cluster6=1) * P(cluster7=1|cluster10=1) * P(cluster10=1|cluster6=1) * P(cluster6=1|cluster2=1) * P(cluster2=1|cluster3=1) * P(cluster3=1|cluster8=1)[0.0524288]=0.0104858
binkey=95 [Edge status: 1 1 1 1 1 0 1 0 ] P(G)=P(cluster8=1)[0.2] * P(cluster1=1|cluster2=1) * P(cluster9=0|cluster6=1) * P(cluster7=0|cluster10=1) * P(cluster10=1|cluster6=1) * P(cluster6=1|cluster2=1) * P(cluster2=1|cluster3=1) * P(cluster3=1|cluster8=1)[0.0131072]=0.00262144
binkey=247 [Edge status: 1 1 1 0 1 1 1 1 ] P(G)=P(cluster8=1)[0.2] * P(cluster1=0|cluster2=1) * P(cluster9=1|cluster6=1) * P(cluster7=1|cluster10=1) * P(cluster10=1|cluster6=1) * P(cluster6=1|cluster2=1) * P(cluster2=1|cluster3=1) * P(cluster3=1|cluster8=1)[0.0524288]=0.0104858
binkey=119 [Edge status: 1 1 1 0 1 1 1 0 ] P(G)=P(cluster8=1)[0.2] * P(cluster1=0|cluster2=1) * P(cluster9=1|cluster6=1) * P(cluster7=0|cluster10=1) * P(cluster10=1|cluster6=1) * P(cluster6=1|cluster2=1) * P(cluster2=1|cluster3=1) * P(cluster3=1|cluster8=1)[0.0131072]=0.00262144
binkey=215 [Edge status: 1 1 1 0 1 0 1 1 ] P(G)=P(cluster8=1)[0.2] * P(cluster1=0|cluster2=1) * P(cluster9=0|cluster6=1) * P(cluster7=1|cluster10=1) * P(cluster10=1|cluster6=1) * P(cluster6=1|cluster2=1) * P(cluster2=1|cluster3=1) * P(cluster3=1|cluster8=1)[0.0131072]=0.00262144
binkey=87 [Edge status: 1 1 1 0 1 0 1 0 ] P(G)=P(cluster8=1)[0.2] * P(cluster1=0|cluster2=1) * P(cluster9=0|cluster6=1) * P(cluster7=0|cluster10=1) * P(cluster10=1|cluster6=1) * P(cluster6=1|cluster2=1) * P(cluster2=1|cluster3=1) * P(cluster3=1|cluster8=1)[0.0032768]=0.00065536
binkey=63 [Edge status: 1 1 1 1 1 1 0 0 ] P(G)=P(cluster8=1)[0.2] * P(cluster1=1|cluster2=1) * P(cluster9=1|cluster6=1) * P(cluster7=0|cluster10=0) * P(cluster10=0|cluster6=1) * P(cluster6=1|cluster2=1) * P(cluster2=1|cluster3=1) * P(cluster3=1|cluster8=1)[0.0524288]=0.0104858
binkey=31 [Edge status: 1 1 1 1 1 0 0 0 ] P(G)=P(cluster8=1)[0.2] * P(cluster1=1|cluster2=1) * P(cluster9=0|cluster6=1) * P(cluster7=0|cluster10=0) * P(cluster10=0|cluster6=1) * P(cluster6=1|cluster2=1) * P(cluster2=1|cluster3=1) * P(cluster3=1|cluster8=1)[0.0131072]=0.00262144
binkey=55 [Edge status: 1 1 1 0 1 1 0 0 ] P(G)=P(cluster8=1)[0.2] * P(cluster1=0|cluster2=1) * P(cluster9=1|cluster6=1) * P(cluster7=0|cluster10=0) * P(cluster10=0|cluster6=1) * P(cluster6=1|cluster2=1) * P(cluster2=1|cluster3=1) * P(cluster3=1|cluster8=1)[0.0131072]=0.00262144
binkey=23 [Edge status: 1 1 1 0 1 0 0 0 ] P(G)=P(cluster8=1)[0.2] * P(cluster1=0|cluster2=1) * P(cluster9=0|cluster6=1) * P(cluster7=0|cluster10=0) * P(cluster10=0|cluster6=1) * P(cluster6=1|cluster2=1) * P(cluster2=1|cluster3=1) * P(cluster3=1|cluster8=1)[0.0032768]=0.00065536
binkey=15 [Edge status: 1 1 1 1 0 0 0 0 ] P(G)=P(cluster8=1)[0.2] * P(cluster1=1|cluster2=1) * P(cluster9=0|cluster6=0) * P(cluster7=0|cluster10=0) * P(cluster10=0|cluster6=0) * P(cluster6=0|cluster2=1) * P(cluster2=1|cluster3=1) * P(cluster3=1|cluster8=1)[0.0524288]=0.0104858
binkey=7 [Edge status: 1 1 1 0 0 0 0 0 ] P(G)=P(cluster8=1)[0.2] * P(cluster1=0|cluster2=1) * P(cluster9=0|cluster6=0) * P(cluster7=0|cluster10=0) * P(cluster10=0|cluster6=0) * P(cluster6=0|cluster2=1) * P(cluster2=1|cluster3=1) * P(cluster3=1|cluster8=1)[0.0131072]=0.00262144
ITERATION 0 newScore=-2.69677e+06 diffscore=25455.9 priorChange=-95.6543 successMove=55
ITERATION 1 newScore=-2.68399e+06 diffscore=12776.6 priorChange=-112.29 successMove=62
ITERATION 2 newScore=-2.67501e+06 diffscore=8978.99 priorChange=-130.312 successMove=53
ITERATION 3 newScore=-2.66987e+06 diffscore=5134.68 priorChange=-130.312 successMove=53
ITERATION 4 newScore=-2.66529e+06 diffscore=4585.21 priorChange=-127.539 successMove=52
ITERATION 5 newScore=-2.66201e+06 diffscore=3283.12 priorChange=-117.835 successMove=50
ITERATION 6 newScore=-2.65203e+06 diffscore=9980.55 priorChange=-115.062 successMove=53
ITERATION 7 newScore=-2.64606e+06 diffscore=5966.55 priorChange=-126.153 successMove=53
ITERATION 8 newScore=-2.64125e+06 diffscore=4808.89 priorChange=-113.676 successMove=50
ITERATION 9 newScore=-2.63905e+06 diffscore=2200.21 priorChange=-110.904 successMove=50
ITERATION 10 newScore=-2.63407e+06 diffscore=4980.8 priorChange=-124.766 successMove=53
ITERATION 11 newScore=-2.6317e+06 diffscore=2365.14 priorChange=-126.153 successMove=52
ITERATION 12 newScore=-2.62852e+06 diffscore=3188.88 priorChange=-127.539 successMove=52
ITERATION 13 newScore=-2.62266e+06 diffscore=5855.12 priorChange=-124.766 successMove=51
ITERATION 14 newScore=-2.62079e+06 diffscore=1865.67 priorChange=-120.608 successMove=52
ITERATION 15 newScore=-2.62011e+06 diffscore=688.409 priorChange=-124.766 successMove=51
ITERATION 16 newScore=-2.61948e+06 diffscore=624.737 priorChange=-115.062 successMove=50
ITERATION 17 newScore=-2.61766e+06 diffscore=1821.8 priorChange=-128.925 successMove=50
ITERATION 18 newScore=-2.61349e+06 diffscore=4166.29 priorChange=-103.972 successMove=51
ITERATION 19 newScore=-2.61212e+06 diffscore=1371.41 priorChange=-123.38 successMove=51
ITERATION 20 newScore=-2.61025e+06 diffscore=1870.65 priorChange=-112.29 successMove=50
ITERATION 21 newScore=-2.60952e+06 diffscore=734.057 priorChange=-130.312 successMove=52
ITERATION 22 newScore=-2.60897e+06 diffscore=546.261 priorChange=-126.153 successMove=51
ITERATION 23 newScore=-2.60709e+06 diffscore=1884.06 priorChange=-115.062 successMove=51
ITERATION 24 newScore=-2.60657e+06 diffscore=517.308 priorChange=-127.539 successMove=54
ITERATION 25 newScore=-2.60518e+06 diffscore=1389.01 priorChange=-103.972 successMove=51
ITERATION 26 newScore=-2.60416e+06 diffscore=1018.68 priorChange=-120.608 successMove=49
ITERATION 27 newScore=-2.60369e+06 diffscore=468.327 priorChange=-105.358 successMove=49
ITERATION 28 newScore=-2.60048e+06 diffscore=3218.6 priorChange=-99.8132 successMove=52
ITERATION 29 newScore=-2.59932e+06 diffscore=1152.88 priorChange=-110.904 successMove=49
ITERATION 30 newScore=-2.59878e+06 diffscore=540.594 priorChange=-106.745 successMove=50
ITERATION 31 newScore=-2.59626e+06 diffscore=2524.21 priorChange=-101.199 successMove=49
ITERATION 32 newScore=-2.59449e+06 diffscore=1766.08 priorChange=-108.131 successMove=51
ITERATION 33 newScore=-2.59401e+06 diffscore=476.669 priorChange=-120.608 successMove=48
ITERATION 34 newScore=-2.59114e+06 diffscore=2879.33 priorChange=-101.199 successMove=49
ITERATION 35 newScore=-2.59077e+06 diffscore=363.486 priorChange=-112.29 successMove=48
ITERATION 36 newScore=-2.58927e+06 diffscore=1499.17 priorChange=-101.199 successMove=47
ITERATION 37 newScore=-2.58805e+06 diffscore=1224.6 priorChange=-109.517 successMove=47
ITERATION 38 newScore=-2.58683e+06 diffscore=1216.13 priorChange=-108.131 successMove=46
ITERATION 39 newScore=-2.58635e+06 diffscore=487.056 priorChange=-95.6543 successMove=46
ITERATION 40 newScore=-2.58597e+06 diffscore=373.06 priorChange=-94.268 successMove=45
ITERATION 41 newScore=-2.58496e+06 diffscore=1010.52 priorChange=-88.7228 successMove=43
ITERATION 42 newScore=-2.58467e+06 diffscore=290.951 priorChange=-84.564 successMove=43
ITERATION 43 newScore=-2.58434e+06 diffscore=331.819 priorChange=-80.4051 successMove=41
ITERATION 44 newScore=-2.58248e+06 diffscore=1857.41 priorChange=-87.3365 successMove=41
ITERATION 45 newScore=-2.58179e+06 diffscore=695.537 priorChange=-94.268 successMove=41
ITERATION 46 newScore=-2.58043e+06 diffscore=1357.38 priorChange=-84.564 successMove=41
ITERATION 47 newScore=-2.57853e+06 diffscore=1901.03 priorChange=-83.1777 successMove=41
ITERATION 48 newScore=-2.57709e+06 diffscore=1435.58 priorChange=-73.4736 successMove=39
ITERATION 49 newScore=-2.57681e+06 diffscore=283.303 priorChange=-83.1777 successMove=39
ITERATION 50 newScore=-2.57542e+06 diffscore=1386.71 priorChange=-80.4051 successMove=38
ITERATION 51 newScore=-2.57514e+06 diffscore=280.572 priorChange=-92.8817 successMove=38
ITERATION 52 newScore=-2.57377e+06 diffscore=1366.3 priorChange=-83.1777 successMove=40
ITERATION 53 newScore=-2.57355e+06 diffscore=229.092 priorChange=-85.9503 successMove=39
ITERATION 54 newScore=-2.57329e+06 diffscore=251.75 priorChange=-79.0188 successMove=37
ITERATION 55 newScore=-2.57309e+06 diffscore=208.787 priorChange=-85.9503 successMove=36
ITERATION 56 newScore=-2.5721e+06 diffscore=982.495 priorChange=-79.0188 successMove=35
ITERATION 57 newScore=-2.57192e+06 diffscore=178.303 priorChange=-90.1091 successMove=33
ITERATION 58 newScore=-2.57178e+06 diffscore=147.888 priorChange=-65.1558 successMove=34
ITERATION 59 newScore=-2.57161e+06 diffscore=171.512 priorChange=-72.0873 successMove=33
ITERATION 60 newScore=-2.57143e+06 diffscore=178.103 priorChange=-88.7228 successMove=33
ITERATION 61 newScore=-2.57122e+06 diffscore=203.233 priorChange=-69.3147 successMove=30
ITERATION 62 newScore=-2.57105e+06 diffscore=174.583 priorChange=-69.3147 successMove=29
ITERATION 63 newScore=-2.57088e+06 diffscore=170.948 priorChange=-47.134 successMove=30
ITERATION 64 newScore=-2.56967e+06 diffscore=1208.99 priorChange=-55.4518 successMove=29
ITERATION 65 newScore=-2.56952e+06 diffscore=152.444 priorChange=-63.7695 successMove=29
ITERATION 66 newScore=-2.56937e+06 diffscore=148.818 priorChange=-62.3832 successMove=29
ITERATION 67 newScore=-2.56922e+06 diffscore=148.65 priorChange=-55.4518 successMove=26
ITERATION 68 newScore=-2.56904e+06 diffscore=179.484 priorChange=-59.6107 successMove=26
ITERATION 69 newScore=-2.56886e+06 diffscore=183.27 priorChange=-56.8381 successMove=26
ITERATION 70 newScore=-2.56873e+06 diffscore=126.733 priorChange=-34.6574 successMove=24
ITERATION 71 newScore=-2.56844e+06 diffscore=288.595 priorChange=-49.9066 successMove=22
ITERATION 72 newScore=-2.56822e+06 diffscore=222.687 priorChange=-54.0655 successMove=23
ITERATION 73 newScore=-2.56806e+06 diffscore=160.705 priorChange=-49.9066 successMove=23
ITERATION 74 newScore=-2.5679e+06 diffscore=153.899 priorChange=-41.5888 successMove=23
ITERATION 75 newScore=-2.56668e+06 diffscore=1224.87 priorChange=-51.2929 successMove=22
ITERATION 76 newScore=-2.56654e+06 diffscore=140.435 priorChange=-42.9751 successMove=22
ITERATION 77 newScore=-2.5664e+06 diffscore=138.813 priorChange=-36.0437 successMove=20
ITERATION 78 newScore=-2.56627e+06 diffscore=128.418 priorChange=-38.8162 successMove=20
ITERATION 79 newScore=-2.56612e+06 diffscore=147.621 priorChange=-33.2711 successMove=20
ITERATION 80 newScore=-2.56597e+06 diffscore=150.051 priorChange=-40.2025 successMove=19
ITERATION 81 newScore=-2.56584e+06 diffscore=138.61 priorChange=-37.4299 successMove=19
ITERATION 82 newScore=-2.56566e+06 diffscore=175.644 priorChange=-41.5888 successMove=20
ITERATION 83 newScore=-2.56547e+06 diffscore=184.493 priorChange=-42.9751 successMove=18
ITERATION 84 newScore=-2.56507e+06 diffscore=401.661 priorChange=-41.5888 successMove=18
ITERATION 85 newScore=-2.56437e+06 diffscore=704.821 priorChange=-37.4299 successMove=16
ITERATION 86 newScore=-2.56269e+06 diffscore=1682.13 priorChange=-36.0437 successMove=16
ITERATION 87 newScore=-2.56245e+06 diffscore=236.09 priorChange=-36.0437 successMove=15
ITERATION 88 newScore=-2.56182e+06 diffscore=635.179 priorChange=-34.6574 successMove=15
ITERATION 89 newScore=-2.56167e+06 diffscore=141.088 priorChange=-36.0437 successMove=13
ITERATION 90 newScore=-2.56162e+06 diffscore=56.4235 priorChange=-22.1807 successMove=10
ITERATION 91 newScore=-2.56155e+06 diffscore=63.6891 priorChange=-20.7944 successMove=10
ITERATION 92 newScore=-2.56151e+06 diffscore=46.3457 priorChange=-24.9533 successMove=10
ITERATION 93 newScore=-2.56038e+06 diffscore=1123.02 priorChange=-26.3396 successMove=10
ITERATION 94 newScore=-2.56033e+06 diffscore=56.0122 priorChange=-22.1807 successMove=9
ITERATION 95 newScore=-2.56029e+06 diffscore=38.4096 priorChange=-15.2492 successMove=9
ITERATION 96 newScore=-2.56025e+06 diffscore=43.3789 priorChange=-18.0218 successMove=7
ITERATION 97 newScore=-2.56021e+06 diffscore=33.1485 priorChange=-15.2492 successMove=7
ITERATION 98 newScore=-2.56018e+06 diffscore=32.4136 priorChange=-9.70406 successMove=7
ITERATION 99 newScore=-2.56014e+06 diffscore=41.5259 priorChange=-18.0218 successMove=7
MetaLearner::dumpAllGraphs
Final Score -2.56014e+06
MetaLearner::start runtime: 1453396973 ms
Results/
Results/cluster9/
Results/cluster9/fold0/
Results/cluster9/fold0/modelparams.txt
Results/cluster9/fold0/var_mb_pw_k50.txt
Results/cluster10/
Results/cluster10/fold0/
Results/cluster10/fold0/modelparams.txt
Results/cluster10/fold0/var_mb_pw_k50.txt
Results/cluster6/
Results/cluster6/fold0/
Results/cluster6/fold0/modelparams.txt
Results/cluster6/fold0/var_mb_pw_k50.txt
Results/cluster1/
Results/cluster1/fold0/
Results/cluster1/fold0/modelparams.txt
Results/cluster1/fold0/var_mb_pw_k50.txt
Results/cluster3/
Results/cluster3/fold0/
Results/cluster3/fold0/modelparams.txt
Results/cluster3/fold0/var_mb_pw_k50.txt
Results/cluster8/
Results/cluster8/fold0/
Results/cluster8/fold0/modelparams.txt
Results/cluster8/fold0/var_mb_pw_k50.txt
Results/cluster8/scoreFile.txt
Results/cluster7/
Results/cluster7/fold0/
Results/cluster7/fold0/modelparams.txt
Results/cluster7/fold0/var_mb_pw_k50.txt
Results/cluster2/
Results/cluster2/fold0/
Results/cluster2/fold0/modelparams.txt
Results/cluster2/fold0/var_mb_pw_k50.txt
