./CVN -f config_condor.txt -x50 -v1 -l TFs_OGs.txt -n AllGenes147.txt -d celltype_tree_ancestor.txt -m testdata_ogids.txt -s celltype_order.txt -p 0.2 -c yes -b -4 -q 4
(cluster3|cluster8) p_maintain_edge=0.8 p_gain=0.2
(cluster2|cluster3) p_maintain_edge=0.8 p_gain=0.2
(cluster1|cluster2) p_maintain_edge=0.8 p_gain=0.2
(cluster6|cluster2) p_maintain_edge=0.8 p_gain=0.2
(cluster9|cluster6) p_maintain_edge=0.8 p_gain=0.2
(cluster10|cluster6) p_maintain_edge=0.8 p_gain=0.2
(cluster7|cluster10) p_maintain_edge=0.8 p_gain=0.2
speciesSet.size()=8 Root is cluster8
MappedOrthogroupReader::readSpeciesMapping() --- celltype_order.txt
MappedOrthogroupReader::readFile - testdata_ogids.txt
MappedOrthogroupReader::generateGeneOrthoMap()
MetaLearner::init_onefold() read:config_condor.txt
MetaLearner::setinputVariableNames number of variables: 2044
readEvidenceTable:cluster8.table
PotentialManager::loadEvidenceFromTable varCount=2044 sampleCount=348
motifNetwork.size() = 319
0=cluster8 motifNetwork=cluster8_network.txt
variable size=2044
readEvidenceTable:cluster3.table
PotentialManager::loadEvidenceFromTable varCount=2044 sampleCount=95
motifNetwork.size() = 326
1=cluster3 motifNetwork=cluster3_network.txt
variable size=2044
readEvidenceTable:cluster2.table
PotentialManager::loadEvidenceFromTable varCount=2044 sampleCount=386
motifNetwork.size() = 328
2=cluster2 motifNetwork=cluster2_network.txt
variable size=2044
readEvidenceTable:cluster1.table
PotentialManager::loadEvidenceFromTable varCount=2044 sampleCount=36
motifNetwork.size() = 322
3=cluster1 motifNetwork=cluster1_network.txt
variable size=2044
readEvidenceTable:cluster6.table
PotentialManager::loadEvidenceFromTable varCount=2044 sampleCount=524
motifNetwork.size() = 320
4=cluster6 motifNetwork=cluster6_network.txt
variable size=2044
readEvidenceTable:cluster9.table
PotentialManager::loadEvidenceFromTable varCount=2044 sampleCount=184
motifNetwork.size() = 327
5=cluster9 motifNetwork=cluster9_network.txt
variable size=2044
readEvidenceTable:cluster10.table
PotentialManager::loadEvidenceFromTable varCount=2044 sampleCount=165
motifNetwork.size() = 326
6=cluster10 motifNetwork=cluster10_network.txt
variable size=2044
readEvidenceTable:cluster7.table
PotentialManager::loadEvidenceFromTable varCount=2044 sampleCount=1032
motifNetwork.size() = 320
7=cluster7 motifNetwork=cluster7_network.txt
variable size=2044
-------------------------------------------------------------
MetaLearner::start
precomputeEmptyGraphPrior
binkey=0 [Edge status: 0 0 0 0 0 0 0 0 ] P(G)=P(cluster8=0)[0.8] * P(cluster1=0|cluster2=0) * P(cluster9=0|cluster6=0) * P(cluster7=0|cluster10=0) * P(cluster10=0|cluster6=0) * P(cluster6=0|cluster2=0) * P(cluster2=0|cluster3=0) * P(cluster3=0|cluster8=0)[0.209715]=0.167772
condsetMap_Tree
0 cluster8=0 cluster3=0 cluster2=0 cluster1=0 cluster6=0 cluster9=0 cluster10=0 cluster7=1
1 cluster8=0 cluster3=0 cluster2=0 cluster1=0 cluster6=0 cluster9=1 cluster10=0 cluster7=0
2 cluster8=0 cluster3=0 cluster2=0 cluster1=0 cluster6=0 cluster9=1 cluster10=0 cluster7=1
3 cluster8=0 cluster3=0 cluster2=0 cluster1=1 cluster6=0 cluster9=0 cluster10=0 cluster7=0
4 cluster8=0 cluster3=0 cluster2=0 cluster1=1 cluster6=0 cluster9=0 cluster10=0 cluster7=1
5 cluster8=0 cluster3=0 cluster2=0 cluster1=1 cluster6=0 cluster9=1 cluster10=0 cluster7=0
6 cluster8=0 cluster3=0 cluster2=0 cluster1=1 cluster6=0 cluster9=1 cluster10=0 cluster7=1
7 cluster8=0 cluster3=0 cluster2=0 cluster1=0 cluster6=0 cluster9=0 cluster10=1 cluster7=1
8 cluster8=0 cluster3=0 cluster2=0 cluster1=0 cluster6=0 cluster9=1 cluster10=1 cluster7=1
9 cluster8=0 cluster3=0 cluster2=0 cluster1=1 cluster6=0 cluster9=0 cluster10=1 cluster7=1
10 cluster8=0 cluster3=0 cluster2=0 cluster1=1 cluster6=0 cluster9=1 cluster10=1 cluster7=1
11 cluster8=0 cluster3=0 cluster2=0 cluster1=0 cluster6=1 cluster9=1 cluster10=1 cluster7=1
12 cluster8=0 cluster3=0 cluster2=0 cluster1=1 cluster6=1 cluster9=1 cluster10=1 cluster7=1
13 cluster8=0 cluster3=0 cluster2=1 cluster1=1 cluster6=1 cluster9=1 cluster10=1 cluster7=1
14 cluster8=0 cluster3=1 cluster2=1 cluster1=1 cluster6=1 cluster9=1 cluster10=1 cluster7=1
15 cluster8=1 cluster3=1 cluster2=1 cluster1=1 cluster6=1 cluster9=1 cluster10=1 cluster7=1
16 cluster8=1 cluster3=1 cluster2=1 cluster1=1 cluster6=1 cluster9=1 cluster10=1 cluster7=0
17 cluster8=1 cluster3=1 cluster2=1 cluster1=1 cluster6=1 cluster9=0 cluster10=1 cluster7=1
18 cluster8=1 cluster3=1 cluster2=1 cluster1=1 cluster6=1 cluster9=0 cluster10=1 cluster7=0
19 cluster8=1 cluster3=1 cluster2=1 cluster1=0 cluster6=1 cluster9=1 cluster10=1 cluster7=1
20 cluster8=1 cluster3=1 cluster2=1 cluster1=0 cluster6=1 cluster9=1 cluster10=1 cluster7=0
21 cluster8=1 cluster3=1 cluster2=1 cluster1=0 cluster6=1 cluster9=0 cluster10=1 cluster7=1
22 cluster8=1 cluster3=1 cluster2=1 cluster1=0 cluster6=1 cluster9=0 cluster10=1 cluster7=0
23 cluster8=1 cluster3=1 cluster2=1 cluster1=1 cluster6=1 cluster9=1 cluster10=0 cluster7=0
24 cluster8=1 cluster3=1 cluster2=1 cluster1=1 cluster6=1 cluster9=0 cluster10=0 cluster7=0
25 cluster8=1 cluster3=1 cluster2=1 cluster1=0 cluster6=1 cluster9=1 cluster10=0 cluster7=0
26 cluster8=1 cluster3=1 cluster2=1 cluster1=0 cluster6=1 cluster9=0 cluster10=0 cluster7=0
27 cluster8=1 cluster3=1 cluster2=1 cluster1=1 cluster6=0 cluster9=0 cluster10=0 cluster7=0
28 cluster8=1 cluster3=1 cluster2=1 cluster1=0 cluster6=0 cluster9=0 cluster10=0 cluster7=0
29 cluster8=1 cluster3=1 cluster2=0 cluster1=0 cluster6=0 cluster9=0 cluster10=0 cluster7=0
30 cluster8=1 cluster3=0 cluster2=0 cluster1=0 cluster6=0 cluster9=0 cluster10=0 cluster7=0
31 cluster8=0 cluster3=0 cluster2=0 cluster1=0 cluster6=1 cluster9=0 cluster10=0 cluster7=0
32 cluster8=0 cluster3=0 cluster2=1 cluster1=0 cluster6=0 cluster9=0 cluster10=0 cluster7=0
33 cluster8=0 cluster3=0 cluster2=0 cluster1=0 cluster6=0 cluster9=0 cluster10=1 cluster7=0
34 cluster8=0 cluster3=1 cluster2=0 cluster1=0 cluster6=0 cluster9=0 cluster10=0 cluster7=0
inputRegulatorOGs.size() = 1999 inputOGList.size() = 50
binkey=32 [Edge status: 0 0 0 0 0 1 0 0 ] P(G)=P(cluster8=0)[0.8] * P(cluster1=0|cluster2=0) * P(cluster9=1|cluster6=0) * P(cluster7=0|cluster10=0) * P(cluster10=0|cluster6=0) * P(cluster6=0|cluster2=0) * P(cluster2=0|cluster3=0) * P(cluster3=0|cluster8=0)[0.0524288]=0.041943
binkey=1 [Edge status: 1 0 0 0 0 0 0 0 ] P(G)=P(cluster8=1)[0.2] * P(cluster1=0|cluster2=0) * P(cluster9=0|cluster6=0) * P(cluster7=0|cluster10=0) * P(cluster10=0|cluster6=0) * P(cluster6=0|cluster2=0) * P(cluster2=0|cluster3=0) * P(cluster3=0|cluster8=1)[0.0524288]=0.0104858
binkey=128 [Edge status: 0 0 0 0 0 0 0 1 ] P(G)=P(cluster8=0)[0.8] * P(cluster1=0|cluster2=0) * P(cluster9=0|cluster6=0) * P(cluster7=1|cluster10=0) * P(cluster10=0|cluster6=0) * P(cluster6=0|cluster2=0) * P(cluster2=0|cluster3=0) * P(cluster3=0|cluster8=0)[0.0524288]=0.041943
binkey=64 [Edge status: 0 0 0 0 0 0 1 0 ] P(G)=P(cluster8=0)[0.8] * P(cluster1=0|cluster2=0) * P(cluster9=0|cluster6=0) * P(cluster7=0|cluster10=1) * P(cluster10=1|cluster6=0) * P(cluster6=0|cluster2=0) * P(cluster2=0|cluster3=0) * P(cluster3=0|cluster8=0)[0.0131072]=0.0104858
binkey=2 [Edge status: 0 1 0 0 0 0 0 0 ] P(G)=P(cluster8=0)[0.8] * P(cluster1=0|cluster2=0) * P(cluster9=0|cluster6=0) * P(cluster7=0|cluster10=0) * P(cluster10=0|cluster6=0) * P(cluster6=0|cluster2=0) * P(cluster2=0|cluster3=1) * P(cluster3=1|cluster8=0)[0.0131072]=0.0104858
binkey=8 [Edge status: 0 0 0 1 0 0 0 0 ] P(G)=P(cluster8=0)[0.8] * P(cluster1=1|cluster2=0) * P(cluster9=0|cluster6=0) * P(cluster7=0|cluster10=0) * P(cluster10=0|cluster6=0) * P(cluster6=0|cluster2=0) * P(cluster2=0|cluster3=0) * P(cluster3=0|cluster8=0)[0.0524288]=0.041943
binkey=4 [Edge status: 0 0 1 0 0 0 0 0 ] P(G)=P(cluster8=0)[0.8] * P(cluster1=0|cluster2=1) * P(cluster9=0|cluster6=0) * P(cluster7=0|cluster10=0) * P(cluster10=0|cluster6=0) * P(cluster6=0|cluster2=1) * P(cluster2=1|cluster3=0) * P(cluster3=0|cluster8=0)[0.0032768]=0.00262144
binkey=16 [Edge status: 0 0 0 0 1 0 0 0 ] P(G)=P(cluster8=0)[0.8] * P(cluster1=0|cluster2=0) * P(cluster9=0|cluster6=1) * P(cluster7=0|cluster10=0) * P(cluster10=0|cluster6=1) * P(cluster6=1|cluster2=0) * P(cluster2=0|cluster3=0) * P(cluster3=0|cluster8=0)[0.0032768]=0.00262144
binkey=160 [Edge status: 0 0 0 0 0 1 0 1 ] P(G)=P(cluster8=0)[0.8] * P(cluster1=0|cluster2=0) * P(cluster9=1|cluster6=0) * P(cluster7=1|cluster10=0) * P(cluster10=0|cluster6=0) * P(cluster6=0|cluster2=0) * P(cluster2=0|cluster3=0) * P(cluster3=0|cluster8=0)[0.0131072]=0.0104858
binkey=136 [Edge status: 0 0 0 1 0 0 0 1 ] P(G)=P(cluster8=0)[0.8] * P(cluster1=1|cluster2=0) * P(cluster9=0|cluster6=0) * P(cluster7=1|cluster10=0) * P(cluster10=0|cluster6=0) * P(cluster6=0|cluster2=0) * P(cluster2=0|cluster3=0) * P(cluster3=0|cluster8=0)[0.0131072]=0.0104858
binkey=40 [Edge status: 0 0 0 1 0 1 0 0 ] P(G)=P(cluster8=0)[0.8] * P(cluster1=1|cluster2=0) * P(cluster9=1|cluster6=0) * P(cluster7=0|cluster10=0) * P(cluster10=0|cluster6=0) * P(cluster6=0|cluster2=0) * P(cluster2=0|cluster3=0) * P(cluster3=0|cluster8=0)[0.0131072]=0.0104858
binkey=168 [Edge status: 0 0 0 1 0 1 0 1 ] P(G)=P(cluster8=0)[0.8] * P(cluster1=1|cluster2=0) * P(cluster9=1|cluster6=0) * P(cluster7=1|cluster10=0) * P(cluster10=0|cluster6=0) * P(cluster6=0|cluster2=0) * P(cluster2=0|cluster3=0) * P(cluster3=0|cluster8=0)[0.0032768]=0.00262144
binkey=192 [Edge status: 0 0 0 0 0 0 1 1 ] P(G)=P(cluster8=0)[0.8] * P(cluster1=0|cluster2=0) * P(cluster9=0|cluster6=0) * P(cluster7=1|cluster10=1) * P(cluster10=1|cluster6=0) * P(cluster6=0|cluster2=0) * P(cluster2=0|cluster3=0) * P(cluster3=0|cluster8=0)[0.0524288]=0.041943
binkey=224 [Edge status: 0 0 0 0 0 1 1 1 ] P(G)=P(cluster8=0)[0.8] * P(cluster1=0|cluster2=0) * P(cluster9=1|cluster6=0) * P(cluster7=1|cluster10=1) * P(cluster10=1|cluster6=0) * P(cluster6=0|cluster2=0) * P(cluster2=0|cluster3=0) * P(cluster3=0|cluster8=0)[0.0131072]=0.0104858
binkey=200 [Edge status: 0 0 0 1 0 0 1 1 ] P(G)=P(cluster8=0)[0.8] * P(cluster1=1|cluster2=0) * P(cluster9=0|cluster6=0) * P(cluster7=1|cluster10=1) * P(cluster10=1|cluster6=0) * P(cluster6=0|cluster2=0) * P(cluster2=0|cluster3=0) * P(cluster3=0|cluster8=0)[0.0131072]=0.0104858
binkey=232 [Edge status: 0 0 0 1 0 1 1 1 ] P(G)=P(cluster8=0)[0.8] * P(cluster1=1|cluster2=0) * P(cluster9=1|cluster6=0) * P(cluster7=1|cluster10=1) * P(cluster10=1|cluster6=0) * P(cluster6=0|cluster2=0) * P(cluster2=0|cluster3=0) * P(cluster3=0|cluster8=0)[0.0032768]=0.00262144
binkey=3 [Edge status: 1 1 0 0 0 0 0 0 ] P(G)=P(cluster8=1)[0.2] * P(cluster1=0|cluster2=0) * P(cluster9=0|cluster6=0) * P(cluster7=0|cluster10=0) * P(cluster10=0|cluster6=0) * P(cluster6=0|cluster2=0) * P(cluster2=0|cluster3=1) * P(cluster3=1|cluster8=1)[0.0524288]=0.0104858
binkey=55 [Edge status: 1 1 1 0 1 1 0 0 ] P(G)=P(cluster8=1)[0.2] * P(cluster1=0|cluster2=1) * P(cluster9=1|cluster6=1) * P(cluster7=0|cluster10=0) * P(cluster10=0|cluster6=1) * P(cluster6=1|cluster2=1) * P(cluster2=1|cluster3=1) * P(cluster3=1|cluster8=1)[0.0131072]=0.00262144
binkey=23 [Edge status: 1 1 1 0 1 0 0 0 ] P(G)=P(cluster8=1)[0.2] * P(cluster1=0|cluster2=1) * P(cluster9=0|cluster6=1) * P(cluster7=0|cluster10=0) * P(cluster10=0|cluster6=1) * P(cluster6=1|cluster2=1) * P(cluster2=1|cluster3=1) * P(cluster3=1|cluster8=1)[0.0032768]=0.00065536
binkey=7 [Edge status: 1 1 1 0 0 0 0 0 ] P(G)=P(cluster8=1)[0.2] * P(cluster1=0|cluster2=1) * P(cluster9=0|cluster6=0) * P(cluster7=0|cluster10=0) * P(cluster10=0|cluster6=0) * P(cluster6=0|cluster2=1) * P(cluster2=1|cluster3=1) * P(cluster3=1|cluster8=1)[0.0131072]=0.00262144
binkey=240 [Edge status: 0 0 0 0 1 1 1 1 ] P(G)=P(cluster8=0)[0.8] * P(cluster1=0|cluster2=0) * P(cluster9=1|cluster6=1) * P(cluster7=1|cluster10=1) * P(cluster10=1|cluster6=1) * P(cluster6=1|cluster2=0) * P(cluster2=0|cluster3=0) * P(cluster3=0|cluster8=0)[0.0524288]=0.041943
binkey=247 [Edge status: 1 1 1 0 1 1 1 1 ] P(G)=P(cluster8=1)[0.2] * P(cluster1=0|cluster2=1) * P(cluster9=1|cluster6=1) * P(cluster7=1|cluster10=1) * P(cluster10=1|cluster6=1) * P(cluster6=1|cluster2=1) * P(cluster2=1|cluster3=1) * P(cluster3=1|cluster8=1)[0.0524288]=0.0104858
binkey=119 [Edge status: 1 1 1 0 1 1 1 0 ] P(G)=P(cluster8=1)[0.2] * P(cluster1=0|cluster2=1) * P(cluster9=1|cluster6=1) * P(cluster7=0|cluster10=1) * P(cluster10=1|cluster6=1) * P(cluster6=1|cluster2=1) * P(cluster2=1|cluster3=1) * P(cluster3=1|cluster8=1)[0.0131072]=0.00262144
binkey=215 [Edge status: 1 1 1 0 1 0 1 1 ] P(G)=P(cluster8=1)[0.2] * P(cluster1=0|cluster2=1) * P(cluster9=0|cluster6=1) * P(cluster7=1|cluster10=1) * P(cluster10=1|cluster6=1) * P(cluster6=1|cluster2=1) * P(cluster2=1|cluster3=1) * P(cluster3=1|cluster8=1)[0.0131072]=0.00262144
binkey=87 [Edge status: 1 1 1 0 1 0 1 0 ] P(G)=P(cluster8=1)[0.2] * P(cluster1=0|cluster2=1) * P(cluster9=0|cluster6=1) * P(cluster7=0|cluster10=1) * P(cluster10=1|cluster6=1) * P(cluster6=1|cluster2=1) * P(cluster2=1|cluster3=1) * P(cluster3=1|cluster8=1)[0.0032768]=0.00065536
binkey=248 [Edge status: 0 0 0 1 1 1 1 1 ] P(G)=P(cluster8=0)[0.8] * P(cluster1=1|cluster2=0) * P(cluster9=1|cluster6=1) * P(cluster7=1|cluster10=1) * P(cluster10=1|cluster6=1) * P(cluster6=1|cluster2=0) * P(cluster2=0|cluster3=0) * P(cluster3=0|cluster8=0)[0.0131072]=0.0104858
binkey=252 [Edge status: 0 0 1 1 1 1 1 1 ] P(G)=P(cluster8=0)[0.8] * P(cluster1=1|cluster2=1) * P(cluster9=1|cluster6=1) * P(cluster7=1|cluster10=1) * P(cluster10=1|cluster6=1) * P(cluster6=1|cluster2=1) * P(cluster2=1|cluster3=0) * P(cluster3=0|cluster8=0)[0.0524288]=0.041943
binkey=254 [Edge status: 0 1 1 1 1 1 1 1 ] P(G)=P(cluster8=0)[0.8] * P(cluster1=1|cluster2=1) * P(cluster9=1|cluster6=1) * P(cluster7=1|cluster10=1) * P(cluster10=1|cluster6=1) * P(cluster6=1|cluster2=1) * P(cluster2=1|cluster3=1) * P(cluster3=1|cluster8=0)[0.0524288]=0.041943
binkey=255 [Edge status: 1 1 1 1 1 1 1 1 ] P(G)=P(cluster8=1)[0.2] * P(cluster1=1|cluster2=1) * P(cluster9=1|cluster6=1) * P(cluster7=1|cluster10=1) * P(cluster10=1|cluster6=1) * P(cluster6=1|cluster2=1) * P(cluster2=1|cluster3=1) * P(cluster3=1|cluster8=1)[0.209715]=0.041943
binkey=127 [Edge status: 1 1 1 1 1 1 1 0 ] P(G)=P(cluster8=1)[0.2] * P(cluster1=1|cluster2=1) * P(cluster9=1|cluster6=1) * P(cluster7=0|cluster10=1) * P(cluster10=1|cluster6=1) * P(cluster6=1|cluster2=1) * P(cluster2=1|cluster3=1) * P(cluster3=1|cluster8=1)[0.0524288]=0.0104858
binkey=223 [Edge status: 1 1 1 1 1 0 1 1 ] P(G)=P(cluster8=1)[0.2] * P(cluster1=1|cluster2=1) * P(cluster9=0|cluster6=1) * P(cluster7=1|cluster10=1) * P(cluster10=1|cluster6=1) * P(cluster6=1|cluster2=1) * P(cluster2=1|cluster3=1) * P(cluster3=1|cluster8=1)[0.0524288]=0.0104858
binkey=95 [Edge status: 1 1 1 1 1 0 1 0 ] P(G)=P(cluster8=1)[0.2] * P(cluster1=1|cluster2=1) * P(cluster9=0|cluster6=1) * P(cluster7=0|cluster10=1) * P(cluster10=1|cluster6=1) * P(cluster6=1|cluster2=1) * P(cluster2=1|cluster3=1) * P(cluster3=1|cluster8=1)[0.0131072]=0.00262144
binkey=63 [Edge status: 1 1 1 1 1 1 0 0 ] P(G)=P(cluster8=1)[0.2] * P(cluster1=1|cluster2=1) * P(cluster9=1|cluster6=1) * P(cluster7=0|cluster10=0) * P(cluster10=0|cluster6=1) * P(cluster6=1|cluster2=1) * P(cluster2=1|cluster3=1) * P(cluster3=1|cluster8=1)[0.0524288]=0.0104858
binkey=31 [Edge status: 1 1 1 1 1 0 0 0 ] P(G)=P(cluster8=1)[0.2] * P(cluster1=1|cluster2=1) * P(cluster9=0|cluster6=1) * P(cluster7=0|cluster10=0) * P(cluster10=0|cluster6=1) * P(cluster6=1|cluster2=1) * P(cluster2=1|cluster3=1) * P(cluster3=1|cluster8=1)[0.0131072]=0.00262144
binkey=15 [Edge status: 1 1 1 1 0 0 0 0 ] P(G)=P(cluster8=1)[0.2] * P(cluster1=1|cluster2=1) * P(cluster9=0|cluster6=0) * P(cluster7=0|cluster10=0) * P(cluster10=0|cluster6=0) * P(cluster6=0|cluster2=1) * P(cluster2=1|cluster3=1) * P(cluster3=1|cluster8=1)[0.0524288]=0.0104858
ITERATION 0 newScore=-2.73043e+06 diffscore=15375 priorChange=-92.8817 successMove=54
ITERATION 1 newScore=-2.72338e+06 diffscore=7052.94 priorChange=-112.29 successMove=54
ITERATION 2 newScore=-2.71686e+06 diffscore=6520.5 priorChange=-113.676 successMove=52
ITERATION 3 newScore=-2.71058e+06 diffscore=6280.33 priorChange=-108.131 successMove=52
ITERATION 4 newScore=-2.70681e+06 diffscore=3764.41 priorChange=-106.745 successMove=58
ITERATION 5 newScore=-2.70329e+06 diffscore=3521.49 priorChange=-112.29 successMove=54
ITERATION 6 newScore=-2.70227e+06 diffscore=1020.47 priorChange=-103.972 successMove=56
ITERATION 7 newScore=-2.69758e+06 diffscore=4693.68 priorChange=-106.745 successMove=55
ITERATION 8 newScore=-2.69317e+06 diffscore=4411.67 priorChange=-115.062 successMove=51
ITERATION 9 newScore=-2.69054e+06 diffscore=2625.75 priorChange=-98.4269 successMove=52
ITERATION 10 newScore=-2.6868e+06 diffscore=3741.75 priorChange=-108.131 successMove=50
ITERATION 11 newScore=-2.68575e+06 diffscore=1047.55 priorChange=-106.745 successMove=52
ITERATION 12 newScore=-2.68249e+06 diffscore=3258.51 priorChange=-109.517 successMove=49
ITERATION 13 newScore=-2.67745e+06 diffscore=5043.76 priorChange=-115.062 successMove=51
ITERATION 14 newScore=-2.67551e+06 diffscore=1933.89 priorChange=-119.221 successMove=50
ITERATION 15 newScore=-2.66965e+06 diffscore=5859.79 priorChange=-98.4269 successMove=49
ITERATION 16 newScore=-2.66922e+06 diffscore=430.136 priorChange=-103.972 successMove=49
ITERATION 17 newScore=-2.66879e+06 diffscore=434.639 priorChange=-120.608 successMove=49
ITERATION 18 newScore=-2.66837e+06 diffscore=415.882 priorChange=-112.29 successMove=51
ITERATION 19 newScore=-2.66792e+06 diffscore=450.074 priorChange=-99.8132 successMove=49
ITERATION 20 newScore=-2.66736e+06 diffscore=564.674 priorChange=-90.1091 successMove=52
ITERATION 21 newScore=-2.66594e+06 diffscore=1417.9 priorChange=-108.131 successMove=49
ITERATION 22 newScore=-2.6655e+06 diffscore=436.239 priorChange=-105.358 successMove=47
ITERATION 23 newScore=-2.66503e+06 diffscore=470.359 priorChange=-105.358 successMove=49
ITERATION 24 newScore=-2.66275e+06 diffscore=2286.52 priorChange=-101.199 successMove=46
ITERATION 25 newScore=-2.65905e+06 diffscore=3696.41 priorChange=-108.131 successMove=50
ITERATION 26 newScore=-2.65786e+06 diffscore=1188.34 priorChange=-91.4954 successMove=48
ITERATION 27 newScore=-2.65744e+06 diffscore=425.694 priorChange=-92.8817 successMove=46
ITERATION 28 newScore=-2.65699e+06 diffscore=443.952 priorChange=-108.131 successMove=47
ITERATION 29 newScore=-2.6547e+06 diffscore=2296.73 priorChange=-99.8132 successMove=45
ITERATION 30 newScore=-2.65301e+06 diffscore=1687.82 priorChange=-97.0406 successMove=44
ITERATION 31 newScore=-2.65259e+06 diffscore=421.587 priorChange=-80.4051 successMove=43
ITERATION 32 newScore=-2.65063e+06 diffscore=1957.4 priorChange=-87.3365 successMove=45
ITERATION 33 newScore=-2.64625e+06 diffscore=4378.38 priorChange=-94.268 successMove=44
ITERATION 34 newScore=-2.6448e+06 diffscore=1453.23 priorChange=-90.1091 successMove=47
ITERATION 35 newScore=-2.64446e+06 diffscore=339.655 priorChange=-91.4954 successMove=41
ITERATION 36 newScore=-2.64406e+06 diffscore=403.169 priorChange=-83.1777 successMove=41
ITERATION 37 newScore=-2.64347e+06 diffscore=589.293 priorChange=-98.4269 successMove=41
ITERATION 38 newScore=-2.64103e+06 diffscore=2432.64 priorChange=-79.0188 successMove=39
ITERATION 39 newScore=-2.64054e+06 diffscore=490.729 priorChange=-87.3365 successMove=40
ITERATION 40 newScore=-2.64007e+06 diffscore=471.814 priorChange=-84.564 successMove=39
ITERATION 41 newScore=-2.63681e+06 diffscore=3258.07 priorChange=-65.1558 successMove=40
ITERATION 42 newScore=-2.6364e+06 diffscore=408.929 priorChange=-58.2244 successMove=38
ITERATION 43 newScore=-2.63354e+06 diffscore=2860.91 priorChange=-70.701 successMove=38
ITERATION 44 newScore=-2.63168e+06 diffscore=1859.07 priorChange=-74.8599 successMove=38
ITERATION 45 newScore=-2.62947e+06 diffscore=2212.98 priorChange=-70.701 successMove=38
ITERATION 46 newScore=-2.62917e+06 diffscore=305.67 priorChange=-79.0188 successMove=37
ITERATION 47 newScore=-2.62877e+06 diffscore=390.96 priorChange=-80.4051 successMove=37
ITERATION 48 newScore=-2.62752e+06 diffscore=1255.34 priorChange=-74.8599 successMove=38
ITERATION 49 newScore=-2.62594e+06 diffscore=1583.14 priorChange=-80.4051 successMove=38
ITERATION 50 newScore=-2.62444e+06 diffscore=1500.1 priorChange=-63.7695 successMove=37
ITERATION 51 newScore=-2.62416e+06 diffscore=274.06 priorChange=-67.9284 successMove=36
ITERATION 52 newScore=-2.6217e+06 diffscore=2464.55 priorChange=-87.3365 successMove=37
ITERATION 53 newScore=-2.62154e+06 diffscore=158.517 priorChange=-73.4736 successMove=36
ITERATION 54 newScore=-2.62135e+06 diffscore=187.168 priorChange=-91.4954 successMove=34
ITERATION 55 newScore=-2.61974e+06 diffscore=1610.76 priorChange=-73.4736 successMove=33
ITERATION 56 newScore=-2.61893e+06 diffscore=806.785 priorChange=-72.0873 successMove=32
ITERATION 57 newScore=-2.61878e+06 diffscore=155.031 priorChange=-60.997 successMove=30
ITERATION 58 newScore=-2.61863e+06 diffscore=144.185 priorChange=-65.1558 successMove=30
ITERATION 59 newScore=-2.61848e+06 diffscore=155.196 priorChange=-60.997 successMove=30
ITERATION 60 newScore=-2.61834e+06 diffscore=139.867 priorChange=-56.8381 successMove=29
ITERATION 61 newScore=-2.6182e+06 diffscore=140.742 priorChange=-55.4518 successMove=28
ITERATION 62 newScore=-2.61805e+06 diffscore=153.599 priorChange=-41.5888 successMove=27
ITERATION 63 newScore=-2.6178e+06 diffscore=246.595 priorChange=-59.6107 successMove=28
ITERATION 64 newScore=-2.61763e+06 diffscore=167.111 priorChange=-54.0655 successMove=27
ITERATION 65 newScore=-2.61541e+06 diffscore=2221.68 priorChange=-52.6792 successMove=27
ITERATION 66 newScore=-2.61502e+06 diffscore=393.255 priorChange=-58.2244 successMove=27
ITERATION 67 newScore=-2.61395e+06 diffscore=1062.93 priorChange=-49.9066 successMove=25
ITERATION 68 newScore=-2.61329e+06 diffscore=664.457 priorChange=-54.0655 successMove=25
ITERATION 69 newScore=-2.61313e+06 diffscore=158.642 priorChange=-49.9066 successMove=25
ITERATION 70 newScore=-2.61232e+06 diffscore=805.881 priorChange=-42.9751 successMove=24
ITERATION 71 newScore=-2.61221e+06 diffscore=112.186 priorChange=-51.2929 successMove=23
ITERATION 72 newScore=-2.61211e+06 diffscore=104.267 priorChange=-56.8381 successMove=22
ITERATION 73 newScore=-2.61202e+06 diffscore=91.9141 priorChange=-33.2711 successMove=21
ITERATION 74 newScore=-2.6119e+06 diffscore=115.471 priorChange=-42.9751 successMove=19
ITERATION 75 newScore=-2.61181e+06 diffscore=90.7531 priorChange=-38.8162 successMove=17
ITERATION 76 newScore=-2.61172e+06 diffscore=88.816 priorChange=-26.3396 successMove=16
ITERATION 77 newScore=-2.61164e+06 diffscore=86.0886 priorChange=-27.7259 successMove=14
ITERATION 78 newScore=-2.61147e+06 diffscore=165.243 priorChange=-27.7259 successMove=14
ITERATION 79 newScore=-2.61015e+06 diffscore=1317.51 priorChange=-27.7259 successMove=14
ITERATION 80 newScore=-2.61006e+06 diffscore=93.6736 priorChange=-31.8848 successMove=15
ITERATION 81 newScore=-2.60982e+06 diffscore=234.654 priorChange=-30.4985 successMove=15
ITERATION 82 newScore=-2.60962e+06 diffscore=203.296 priorChange=-33.2711 successMove=13
ITERATION 83 newScore=-2.6072e+06 diffscore=2420.32 priorChange=-29.1122 successMove=13
ITERATION 84 newScore=-2.60713e+06 diffscore=69.7125 priorChange=-31.8848 successMove=13
ITERATION 85 newScore=-2.60707e+06 diffscore=61.134 priorChange=-30.4985 successMove=13
ITERATION 86 newScore=-2.60697e+06 diffscore=104.297 priorChange=-36.0437 successMove=13
ITERATION 87 newScore=-2.60591e+06 diffscore=1054.14 priorChange=-29.1122 successMove=14
ITERATION 88 newScore=-2.60587e+06 diffscore=39.3935 priorChange=-23.567 successMove=12
ITERATION 89 newScore=-2.60584e+06 diffscore=35.1056 priorChange=-18.0218 successMove=10
ITERATION 90 newScore=-2.6058e+06 diffscore=40.434 priorChange=-20.7944 successMove=9
ITERATION 91 newScore=-2.60576e+06 diffscore=35.389 priorChange=-20.7944 successMove=9
ITERATION 92 newScore=-2.60572e+06 diffscore=41.4156 priorChange=-19.4081 successMove=10
ITERATION 93 newScore=-2.60569e+06 diffscore=33.784 priorChange=-15.2492 successMove=8
ITERATION 94 newScore=-2.60563e+06 diffscore=51.3835 priorChange=-18.0218 successMove=8
ITERATION 95 newScore=-2.60559e+06 diffscore=41.8454 priorChange=-13.8629 successMove=8
ITERATION 96 newScore=-2.60555e+06 diffscore=38.5146 priorChange=-16.6355 successMove=7
ITERATION 97 newScore=-2.60551e+06 diffscore=41.1847 priorChange=-15.2492 successMove=7
ITERATION 98 newScore=-2.60546e+06 diffscore=49.3077 priorChange=-13.8629 successMove=7
ITERATION 99 newScore=-2.60542e+06 diffscore=47.2634 priorChange=-13.8629 successMove=7
MetaLearner::dumpAllGraphs
Final Score -2.60542e+06
MetaLearner::start runtime: 1180832186 ms
Results/
Results/cluster3/
Results/cluster3/fold0/
Results/cluster3/fold0/modelparams.txt
Results/cluster3/fold0/var_mb_pw_k50.txt
Results/cluster7/
Results/cluster7/fold0/
Results/cluster7/fold0/modelparams.txt
Results/cluster7/fold0/var_mb_pw_k50.txt
Results/cluster2/
Results/cluster2/fold0/
Results/cluster2/fold0/modelparams.txt
Results/cluster2/fold0/var_mb_pw_k50.txt
Results/cluster9/
Results/cluster9/fold0/
Results/cluster9/fold0/modelparams.txt
Results/cluster9/fold0/var_mb_pw_k50.txt
Results/cluster6/
Results/cluster6/fold0/
Results/cluster6/fold0/modelparams.txt
Results/cluster6/fold0/var_mb_pw_k50.txt
Results/cluster1/
Results/cluster1/fold0/
Results/cluster1/fold0/modelparams.txt
Results/cluster1/fold0/var_mb_pw_k50.txt
Results/cluster10/
Results/cluster10/fold0/
Results/cluster10/fold0/modelparams.txt
Results/cluster10/fold0/var_mb_pw_k50.txt
Results/cluster8/
Results/cluster8/scoreFile.txt
Results/cluster8/fold0/
Results/cluster8/fold0/modelparams.txt
Results/cluster8/fold0/var_mb_pw_k50.txt
