./CVN -f config_condor.txt -x50 -v1 -l TFs_OGs.txt -n AllGenes64.txt -d celltype_tree_ancestor.txt -m testdata_ogids.txt -s celltype_order.txt -p 0.2 -c yes -b -4 -q 4
(cluster3|cluster8) p_maintain_edge=0.8 p_gain=0.2
(cluster2|cluster3) p_maintain_edge=0.8 p_gain=0.2
(cluster1|cluster2) p_maintain_edge=0.8 p_gain=0.2
(cluster6|cluster2) p_maintain_edge=0.8 p_gain=0.2
(cluster9|cluster6) p_maintain_edge=0.8 p_gain=0.2
(cluster10|cluster6) p_maintain_edge=0.8 p_gain=0.2
(cluster7|cluster10) p_maintain_edge=0.8 p_gain=0.2
speciesSet.size()=8 Root is cluster8
MappedOrthogroupReader::readSpeciesMapping() --- celltype_order.txt
MappedOrthogroupReader::readFile - testdata_ogids.txt
MappedOrthogroupReader::generateGeneOrthoMap()
MetaLearner::init_onefold() read:config_condor.txt
MetaLearner::setinputVariableNames number of variables: 2043
readEvidenceTable:cluster8.table
PotentialManager::loadEvidenceFromTable varCount=2043 sampleCount=348
motifNetwork.size() = 319
0=cluster8 motifNetwork=cluster8_network.txt
variable size=2043
readEvidenceTable:cluster3.table
PotentialManager::loadEvidenceFromTable varCount=2043 sampleCount=95
motifNetwork.size() = 326
1=cluster3 motifNetwork=cluster3_network.txt
variable size=2043
readEvidenceTable:cluster2.table
PotentialManager::loadEvidenceFromTable varCount=2043 sampleCount=386
motifNetwork.size() = 328
2=cluster2 motifNetwork=cluster2_network.txt
variable size=2043
readEvidenceTable:cluster1.table
PotentialManager::loadEvidenceFromTable varCount=2043 sampleCount=36
motifNetwork.size() = 322
3=cluster1 motifNetwork=cluster1_network.txt
variable size=2043
readEvidenceTable:cluster6.table
PotentialManager::loadEvidenceFromTable varCount=2043 sampleCount=524
motifNetwork.size() = 320
4=cluster6 motifNetwork=cluster6_network.txt
variable size=2043
readEvidenceTable:cluster9.table
PotentialManager::loadEvidenceFromTable varCount=2043 sampleCount=184
motifNetwork.size() = 327
5=cluster9 motifNetwork=cluster9_network.txt
variable size=2043
readEvidenceTable:cluster10.table
PotentialManager::loadEvidenceFromTable varCount=2043 sampleCount=165
motifNetwork.size() = 326
6=cluster10 motifNetwork=cluster10_network.txt
variable size=2043
readEvidenceTable:cluster7.table
PotentialManager::loadEvidenceFromTable varCount=2043 sampleCount=1032
motifNetwork.size() = 320
7=cluster7 motifNetwork=cluster7_network.txt
variable size=2043
-------------------------------------------------------------
MetaLearner::start
precomputeEmptyGraphPrior
binkey=0 [Edge status: 0 0 0 0 0 0 0 0 ] P(G)=P(cluster8=0)[0.8] * P(cluster1=0|cluster2=0) * P(cluster9=0|cluster6=0) * P(cluster7=0|cluster10=0) * P(cluster10=0|cluster6=0) * P(cluster6=0|cluster2=0) * P(cluster2=0|cluster3=0) * P(cluster3=0|cluster8=0)[0.209715]=0.167772
condsetMap_Tree
0 cluster8=0 cluster3=0 cluster2=0 cluster1=0 cluster6=0 cluster9=0 cluster10=0 cluster7=1
1 cluster8=0 cluster3=0 cluster2=0 cluster1=0 cluster6=0 cluster9=1 cluster10=0 cluster7=0
2 cluster8=0 cluster3=0 cluster2=0 cluster1=0 cluster6=0 cluster9=1 cluster10=0 cluster7=1
3 cluster8=0 cluster3=0 cluster2=0 cluster1=1 cluster6=0 cluster9=0 cluster10=0 cluster7=0
4 cluster8=0 cluster3=0 cluster2=0 cluster1=1 cluster6=0 cluster9=0 cluster10=0 cluster7=1
5 cluster8=0 cluster3=0 cluster2=0 cluster1=1 cluster6=0 cluster9=1 cluster10=0 cluster7=0
6 cluster8=0 cluster3=0 cluster2=0 cluster1=1 cluster6=0 cluster9=1 cluster10=0 cluster7=1
7 cluster8=0 cluster3=0 cluster2=0 cluster1=0 cluster6=0 cluster9=0 cluster10=1 cluster7=1
8 cluster8=0 cluster3=0 cluster2=0 cluster1=0 cluster6=0 cluster9=1 cluster10=1 cluster7=1
9 cluster8=0 cluster3=0 cluster2=0 cluster1=1 cluster6=0 cluster9=0 cluster10=1 cluster7=1
10 cluster8=0 cluster3=0 cluster2=0 cluster1=1 cluster6=0 cluster9=1 cluster10=1 cluster7=1
11 cluster8=0 cluster3=0 cluster2=0 cluster1=0 cluster6=1 cluster9=1 cluster10=1 cluster7=1
12 cluster8=0 cluster3=0 cluster2=0 cluster1=1 cluster6=1 cluster9=1 cluster10=1 cluster7=1
13 cluster8=0 cluster3=0 cluster2=1 cluster1=1 cluster6=1 cluster9=1 cluster10=1 cluster7=1
14 cluster8=0 cluster3=1 cluster2=1 cluster1=1 cluster6=1 cluster9=1 cluster10=1 cluster7=1
15 cluster8=1 cluster3=1 cluster2=1 cluster1=1 cluster6=1 cluster9=1 cluster10=1 cluster7=1
16 cluster8=1 cluster3=1 cluster2=1 cluster1=1 cluster6=1 cluster9=1 cluster10=1 cluster7=0
17 cluster8=1 cluster3=1 cluster2=1 cluster1=1 cluster6=1 cluster9=0 cluster10=1 cluster7=1
18 cluster8=1 cluster3=1 cluster2=1 cluster1=1 cluster6=1 cluster9=0 cluster10=1 cluster7=0
19 cluster8=1 cluster3=1 cluster2=1 cluster1=0 cluster6=1 cluster9=1 cluster10=1 cluster7=1
20 cluster8=1 cluster3=1 cluster2=1 cluster1=0 cluster6=1 cluster9=1 cluster10=1 cluster7=0
21 cluster8=1 cluster3=1 cluster2=1 cluster1=0 cluster6=1 cluster9=0 cluster10=1 cluster7=1
22 cluster8=1 cluster3=1 cluster2=1 cluster1=0 cluster6=1 cluster9=0 cluster10=1 cluster7=0
23 cluster8=1 cluster3=1 cluster2=1 cluster1=1 cluster6=1 cluster9=1 cluster10=0 cluster7=0
24 cluster8=1 cluster3=1 cluster2=1 cluster1=1 cluster6=1 cluster9=0 cluster10=0 cluster7=0
25 cluster8=1 cluster3=1 cluster2=1 cluster1=0 cluster6=1 cluster9=1 cluster10=0 cluster7=0
26 cluster8=1 cluster3=1 cluster2=1 cluster1=0 cluster6=1 cluster9=0 cluster10=0 cluster7=0
27 cluster8=1 cluster3=1 cluster2=1 cluster1=1 cluster6=0 cluster9=0 cluster10=0 cluster7=0
28 cluster8=1 cluster3=1 cluster2=1 cluster1=0 cluster6=0 cluster9=0 cluster10=0 cluster7=0
29 cluster8=1 cluster3=1 cluster2=0 cluster1=0 cluster6=0 cluster9=0 cluster10=0 cluster7=0
30 cluster8=1 cluster3=0 cluster2=0 cluster1=0 cluster6=0 cluster9=0 cluster10=0 cluster7=0
31 cluster8=0 cluster3=0 cluster2=0 cluster1=0 cluster6=1 cluster9=0 cluster10=0 cluster7=0
32 cluster8=0 cluster3=0 cluster2=1 cluster1=0 cluster6=0 cluster9=0 cluster10=0 cluster7=0
33 cluster8=0 cluster3=0 cluster2=0 cluster1=0 cluster6=0 cluster9=0 cluster10=1 cluster7=0
34 cluster8=0 cluster3=1 cluster2=0 cluster1=0 cluster6=0 cluster9=0 cluster10=0 cluster7=0
inputRegulatorOGs.size() = 1999 inputOGList.size() = 50
binkey=128 [Edge status: 0 0 0 0 0 0 0 1 ] P(G)=P(cluster8=0)[0.8] * P(cluster1=0|cluster2=0) * P(cluster9=0|cluster6=0) * P(cluster7=1|cluster10=0) * P(cluster10=0|cluster6=0) * P(cluster6=0|cluster2=0) * P(cluster2=0|cluster3=0) * P(cluster3=0|cluster8=0)[0.0524288]=0.041943
binkey=4 [Edge status: 0 0 1 0 0 0 0 0 ] P(G)=P(cluster8=0)[0.8] * P(cluster1=0|cluster2=1) * P(cluster9=0|cluster6=0) * P(cluster7=0|cluster10=0) * P(cluster10=0|cluster6=0) * P(cluster6=0|cluster2=1) * P(cluster2=1|cluster3=0) * P(cluster3=0|cluster8=0)[0.0032768]=0.00262144
binkey=32 [Edge status: 0 0 0 0 0 1 0 0 ] P(G)=P(cluster8=0)[0.8] * P(cluster1=0|cluster2=0) * P(cluster9=1|cluster6=0) * P(cluster7=0|cluster10=0) * P(cluster10=0|cluster6=0) * P(cluster6=0|cluster2=0) * P(cluster2=0|cluster3=0) * P(cluster3=0|cluster8=0)[0.0524288]=0.041943
binkey=1 [Edge status: 1 0 0 0 0 0 0 0 ] P(G)=P(cluster8=1)[0.2] * P(cluster1=0|cluster2=0) * P(cluster9=0|cluster6=0) * P(cluster7=0|cluster10=0) * P(cluster10=0|cluster6=0) * P(cluster6=0|cluster2=0) * P(cluster2=0|cluster3=0) * P(cluster3=0|cluster8=1)[0.0524288]=0.0104858
binkey=64 [Edge status: 0 0 0 0 0 0 1 0 ] P(G)=P(cluster8=0)[0.8] * P(cluster1=0|cluster2=0) * P(cluster9=0|cluster6=0) * P(cluster7=0|cluster10=1) * P(cluster10=1|cluster6=0) * P(cluster6=0|cluster2=0) * P(cluster2=0|cluster3=0) * P(cluster3=0|cluster8=0)[0.0131072]=0.0104858
binkey=16 [Edge status: 0 0 0 0 1 0 0 0 ] P(G)=P(cluster8=0)[0.8] * P(cluster1=0|cluster2=0) * P(cluster9=0|cluster6=1) * P(cluster7=0|cluster10=0) * P(cluster10=0|cluster6=1) * P(cluster6=1|cluster2=0) * P(cluster2=0|cluster3=0) * P(cluster3=0|cluster8=0)[0.0032768]=0.00262144
binkey=192 [Edge status: 0 0 0 0 0 0 1 1 ] P(G)=P(cluster8=0)[0.8] * P(cluster1=0|cluster2=0) * P(cluster9=0|cluster6=0) * P(cluster7=1|cluster10=1) * P(cluster10=1|cluster6=0) * P(cluster6=0|cluster2=0) * P(cluster2=0|cluster3=0) * P(cluster3=0|cluster8=0)[0.0524288]=0.041943
binkey=160 [Edge status: 0 0 0 0 0 1 0 1 ] P(G)=P(cluster8=0)[0.8] * P(cluster1=0|cluster2=0) * P(cluster9=1|cluster6=0) * P(cluster7=1|cluster10=0) * P(cluster10=0|cluster6=0) * P(cluster6=0|cluster2=0) * P(cluster2=0|cluster3=0) * P(cluster3=0|cluster8=0)[0.0131072]=0.0104858
binkey=8 [Edge status: 0 0 0 1 0 0 0 0 ] P(G)=P(cluster8=0)[0.8] * P(cluster1=1|cluster2=0) * P(cluster9=0|cluster6=0) * P(cluster7=0|cluster10=0) * P(cluster10=0|cluster6=0) * P(cluster6=0|cluster2=0) * P(cluster2=0|cluster3=0) * P(cluster3=0|cluster8=0)[0.0524288]=0.041943
binkey=2 [Edge status: 0 1 0 0 0 0 0 0 ] P(G)=P(cluster8=0)[0.8] * P(cluster1=0|cluster2=0) * P(cluster9=0|cluster6=0) * P(cluster7=0|cluster10=0) * P(cluster10=0|cluster6=0) * P(cluster6=0|cluster2=0) * P(cluster2=0|cluster3=1) * P(cluster3=1|cluster8=0)[0.0131072]=0.0104858
binkey=136 [Edge status: 0 0 0 1 0 0 0 1 ] P(G)=P(cluster8=0)[0.8] * P(cluster1=1|cluster2=0) * P(cluster9=0|cluster6=0) * P(cluster7=1|cluster10=0) * P(cluster10=0|cluster6=0) * P(cluster6=0|cluster2=0) * P(cluster2=0|cluster3=0) * P(cluster3=0|cluster8=0)[0.0131072]=0.0104858
binkey=224 [Edge status: 0 0 0 0 0 1 1 1 ] P(G)=P(cluster8=0)[0.8] * P(cluster1=0|cluster2=0) * P(cluster9=1|cluster6=0) * P(cluster7=1|cluster10=1) * P(cluster10=1|cluster6=0) * P(cluster6=0|cluster2=0) * P(cluster2=0|cluster3=0) * P(cluster3=0|cluster8=0)[0.0131072]=0.0104858
binkey=200 [Edge status: 0 0 0 1 0 0 1 1 ] P(G)=P(cluster8=0)[0.8] * P(cluster1=1|cluster2=0) * P(cluster9=0|cluster6=0) * P(cluster7=1|cluster10=1) * P(cluster10=1|cluster6=0) * P(cluster6=0|cluster2=0) * P(cluster2=0|cluster3=0) * P(cluster3=0|cluster8=0)[0.0131072]=0.0104858
binkey=7 [Edge status: 1 1 1 0 0 0 0 0 ] P(G)=P(cluster8=1)[0.2] * P(cluster1=0|cluster2=1) * P(cluster9=0|cluster6=0) * P(cluster7=0|cluster10=0) * P(cluster10=0|cluster6=0) * P(cluster6=0|cluster2=1) * P(cluster2=1|cluster3=1) * P(cluster3=1|cluster8=1)[0.0131072]=0.00262144
binkey=3 [Edge status: 1 1 0 0 0 0 0 0 ] P(G)=P(cluster8=1)[0.2] * P(cluster1=0|cluster2=0) * P(cluster9=0|cluster6=0) * P(cluster7=0|cluster10=0) * P(cluster10=0|cluster6=0) * P(cluster6=0|cluster2=0) * P(cluster2=0|cluster3=1) * P(cluster3=1|cluster8=1)[0.0524288]=0.0104858
binkey=40 [Edge status: 0 0 0 1 0 1 0 0 ] P(G)=P(cluster8=0)[0.8] * P(cluster1=1|cluster2=0) * P(cluster9=1|cluster6=0) * P(cluster7=0|cluster10=0) * P(cluster10=0|cluster6=0) * P(cluster6=0|cluster2=0) * P(cluster2=0|cluster3=0) * P(cluster3=0|cluster8=0)[0.0131072]=0.0104858
binkey=23 [Edge status: 1 1 1 0 1 0 0 0 ] P(G)=P(cluster8=1)[0.2] * P(cluster1=0|cluster2=1) * P(cluster9=0|cluster6=1) * P(cluster7=0|cluster10=0) * P(cluster10=0|cluster6=1) * P(cluster6=1|cluster2=1) * P(cluster2=1|cluster3=1) * P(cluster3=1|cluster8=1)[0.0032768]=0.00065536
binkey=240 [Edge status: 0 0 0 0 1 1 1 1 ] P(G)=P(cluster8=0)[0.8] * P(cluster1=0|cluster2=0) * P(cluster9=1|cluster6=1) * P(cluster7=1|cluster10=1) * P(cluster10=1|cluster6=1) * P(cluster6=1|cluster2=0) * P(cluster2=0|cluster3=0) * P(cluster3=0|cluster8=0)[0.0524288]=0.041943
binkey=247 [Edge status: 1 1 1 0 1 1 1 1 ] P(G)=P(cluster8=1)[0.2] * P(cluster1=0|cluster2=1) * P(cluster9=1|cluster6=1) * P(cluster7=1|cluster10=1) * P(cluster10=1|cluster6=1) * P(cluster6=1|cluster2=1) * P(cluster2=1|cluster3=1) * P(cluster3=1|cluster8=1)[0.0524288]=0.0104858
binkey=119 [Edge status: 1 1 1 0 1 1 1 0 ] P(G)=P(cluster8=1)[0.2] * P(cluster1=0|cluster2=1) * P(cluster9=1|cluster6=1) * P(cluster7=0|cluster10=1) * P(cluster10=1|cluster6=1) * P(cluster6=1|cluster2=1) * P(cluster2=1|cluster3=1) * P(cluster3=1|cluster8=1)[0.0131072]=0.00262144
binkey=215 [Edge status: 1 1 1 0 1 0 1 1 ] P(G)=P(cluster8=1)[0.2] * P(cluster1=0|cluster2=1) * P(cluster9=0|cluster6=1) * P(cluster7=1|cluster10=1) * P(cluster10=1|cluster6=1) * P(cluster6=1|cluster2=1) * P(cluster2=1|cluster3=1) * P(cluster3=1|cluster8=1)[0.0131072]=0.00262144
binkey=87 [Edge status: 1 1 1 0 1 0 1 0 ] P(G)=P(cluster8=1)[0.2] * P(cluster1=0|cluster2=1) * P(cluster9=0|cluster6=1) * P(cluster7=0|cluster10=1) * P(cluster10=1|cluster6=1) * P(cluster6=1|cluster2=1) * P(cluster2=1|cluster3=1) * P(cluster3=1|cluster8=1)[0.0032768]=0.00065536
binkey=55 [Edge status: 1 1 1 0 1 1 0 0 ] P(G)=P(cluster8=1)[0.2] * P(cluster1=0|cluster2=1) * P(cluster9=1|cluster6=1) * P(cluster7=0|cluster10=0) * P(cluster10=0|cluster6=1) * P(cluster6=1|cluster2=1) * P(cluster2=1|cluster3=1) * P(cluster3=1|cluster8=1)[0.0131072]=0.00262144
binkey=168 [Edge status: 0 0 0 1 0 1 0 1 ] P(G)=P(cluster8=0)[0.8] * P(cluster1=1|cluster2=0) * P(cluster9=1|cluster6=0) * P(cluster7=1|cluster10=0) * P(cluster10=0|cluster6=0) * P(cluster6=0|cluster2=0) * P(cluster2=0|cluster3=0) * P(cluster3=0|cluster8=0)[0.0032768]=0.00262144
binkey=232 [Edge status: 0 0 0 1 0 1 1 1 ] P(G)=P(cluster8=0)[0.8] * P(cluster1=1|cluster2=0) * P(cluster9=1|cluster6=0) * P(cluster7=1|cluster10=1) * P(cluster10=1|cluster6=0) * P(cluster6=0|cluster2=0) * P(cluster2=0|cluster3=0) * P(cluster3=0|cluster8=0)[0.0032768]=0.00262144
binkey=248 [Edge status: 0 0 0 1 1 1 1 1 ] P(G)=P(cluster8=0)[0.8] * P(cluster1=1|cluster2=0) * P(cluster9=1|cluster6=1) * P(cluster7=1|cluster10=1) * P(cluster10=1|cluster6=1) * P(cluster6=1|cluster2=0) * P(cluster2=0|cluster3=0) * P(cluster3=0|cluster8=0)[0.0131072]=0.0104858
binkey=252 [Edge status: 0 0 1 1 1 1 1 1 ] P(G)=P(cluster8=0)[0.8] * P(cluster1=1|cluster2=1) * P(cluster9=1|cluster6=1) * P(cluster7=1|cluster10=1) * P(cluster10=1|cluster6=1) * P(cluster6=1|cluster2=1) * P(cluster2=1|cluster3=0) * P(cluster3=0|cluster8=0)[0.0524288]=0.041943
binkey=254 [Edge status: 0 1 1 1 1 1 1 1 ] P(G)=P(cluster8=0)[0.8] * P(cluster1=1|cluster2=1) * P(cluster9=1|cluster6=1) * P(cluster7=1|cluster10=1) * P(cluster10=1|cluster6=1) * P(cluster6=1|cluster2=1) * P(cluster2=1|cluster3=1) * P(cluster3=1|cluster8=0)[0.0524288]=0.041943
binkey=63 [Edge status: 1 1 1 1 1 1 0 0 ] P(G)=P(cluster8=1)[0.2] * P(cluster1=1|cluster2=1) * P(cluster9=1|cluster6=1) * P(cluster7=0|cluster10=0) * P(cluster10=0|cluster6=1) * P(cluster6=1|cluster2=1) * P(cluster2=1|cluster3=1) * P(cluster3=1|cluster8=1)[0.0524288]=0.0104858
binkey=31 [Edge status: 1 1 1 1 1 0 0 0 ] P(G)=P(cluster8=1)[0.2] * P(cluster1=1|cluster2=1) * P(cluster9=0|cluster6=1) * P(cluster7=0|cluster10=0) * P(cluster10=0|cluster6=1) * P(cluster6=1|cluster2=1) * P(cluster2=1|cluster3=1) * P(cluster3=1|cluster8=1)[0.0131072]=0.00262144
binkey=15 [Edge status: 1 1 1 1 0 0 0 0 ] P(G)=P(cluster8=1)[0.2] * P(cluster1=1|cluster2=1) * P(cluster9=0|cluster6=0) * P(cluster7=0|cluster10=0) * P(cluster10=0|cluster6=0) * P(cluster6=0|cluster2=1) * P(cluster2=1|cluster3=1) * P(cluster3=1|cluster8=1)[0.0524288]=0.0104858
ITERATION 0 newScore=-2.71341e+06 diffscore=13027.2 priorChange=-117.835 successMove=60
ITERATION 1 newScore=-2.70651e+06 diffscore=6896.13 priorChange=-116.449 successMove=54
ITERATION 2 newScore=-2.70069e+06 diffscore=5824.11 priorChange=-112.29 successMove=53
ITERATION 3 newScore=-2.69323e+06 diffscore=7458.76 priorChange=-124.766 successMove=55
ITERATION 4 newScore=-2.68965e+06 diffscore=3580.04 priorChange=-112.29 successMove=52
ITERATION 5 newScore=-2.68692e+06 diffscore=2734.85 priorChange=-120.608 successMove=52
ITERATION 6 newScore=-2.68152e+06 diffscore=5395.39 priorChange=-113.676 successMove=50
ITERATION 7 newScore=-2.67773e+06 diffscore=3792.39 priorChange=-108.131 successMove=55
ITERATION 8 newScore=-2.67116e+06 diffscore=6572.3 priorChange=-115.062 successMove=50
ITERATION 9 newScore=-2.66867e+06 diffscore=2488.75 priorChange=-112.29 successMove=52
ITERATION 10 newScore=-2.66796e+06 diffscore=706.103 priorChange=-110.904 successMove=60
ITERATION 11 newScore=-2.66645e+06 diffscore=1508.12 priorChange=-117.835 successMove=51
ITERATION 12 newScore=-2.66311e+06 diffscore=3347.81 priorChange=-117.835 successMove=52
ITERATION 13 newScore=-2.66101e+06 diffscore=2097.69 priorChange=-124.766 successMove=51
ITERATION 14 newScore=-2.65855e+06 diffscore=2462.02 priorChange=-123.38 successMove=51
ITERATION 15 newScore=-2.65532e+06 diffscore=3222.28 priorChange=-117.835 successMove=50
ITERATION 16 newScore=-2.65317e+06 diffscore=2153.67 priorChange=-124.766 successMove=52
ITERATION 17 newScore=-2.65256e+06 diffscore=606.715 priorChange=-112.29 successMove=50
ITERATION 18 newScore=-2.65034e+06 diffscore=2227.32 priorChange=-115.062 successMove=51
ITERATION 19 newScore=-2.64973e+06 diffscore=604.39 priorChange=-112.29 successMove=50
ITERATION 20 newScore=-2.64896e+06 diffscore=773.262 priorChange=-120.608 successMove=52
ITERATION 21 newScore=-2.64299e+06 diffscore=5964.75 priorChange=-113.676 successMove=53
ITERATION 22 newScore=-2.64026e+06 diffscore=2737.61 priorChange=-106.745 successMove=50
ITERATION 23 newScore=-2.63951e+06 diffscore=745.717 priorChange=-99.8132 successMove=51
ITERATION 24 newScore=-2.639e+06 diffscore=515.561 priorChange=-109.517 successMove=52
ITERATION 25 newScore=-2.63848e+06 diffscore=513.077 priorChange=-109.517 successMove=51
ITERATION 26 newScore=-2.63606e+06 diffscore=2418.85 priorChange=-102.586 successMove=49
ITERATION 27 newScore=-2.63313e+06 diffscore=2929.46 priorChange=-115.062 successMove=49
ITERATION 28 newScore=-2.63017e+06 diffscore=2968.12 priorChange=-110.904 successMove=48
ITERATION 29 newScore=-2.62692e+06 diffscore=3250.61 priorChange=-102.586 successMove=49
ITERATION 30 newScore=-2.62638e+06 diffscore=536.666 priorChange=-108.131 successMove=49
ITERATION 31 newScore=-2.6257e+06 diffscore=678.171 priorChange=-103.972 successMove=51
ITERATION 32 newScore=-2.62529e+06 diffscore=411.1 priorChange=-110.904 successMove=50
ITERATION 33 newScore=-2.62477e+06 diffscore=519.697 priorChange=-116.449 successMove=47
ITERATION 34 newScore=-2.62318e+06 diffscore=1586.63 priorChange=-112.29 successMove=47
ITERATION 35 newScore=-2.62077e+06 diffscore=2414.45 priorChange=-94.268 successMove=46
ITERATION 36 newScore=-2.61778e+06 diffscore=2992.51 priorChange=-90.1091 successMove=44
ITERATION 37 newScore=-2.61747e+06 diffscore=303.172 priorChange=-90.1091 successMove=45
ITERATION 38 newScore=-2.61693e+06 diffscore=538.799 priorChange=-103.972 successMove=44
ITERATION 39 newScore=-2.61654e+06 diffscore=391.699 priorChange=-106.745 successMove=45
ITERATION 40 newScore=-2.61586e+06 diffscore=685.491 priorChange=-97.0406 successMove=42
ITERATION 41 newScore=-2.61431e+06 diffscore=1545.62 priorChange=-103.972 successMove=42
ITERATION 42 newScore=-2.61244e+06 diffscore=1874.65 priorChange=-87.3365 successMove=41
ITERATION 43 newScore=-2.60941e+06 diffscore=3029.58 priorChange=-81.7914 successMove=41
ITERATION 44 newScore=-2.60805e+06 diffscore=1356.87 priorChange=-91.4954 successMove=42
ITERATION 45 newScore=-2.60768e+06 diffscore=365.433 priorChange=-90.1091 successMove=40
ITERATION 46 newScore=-2.60724e+06 diffscore=441.959 priorChange=-92.8817 successMove=39
ITERATION 47 newScore=-2.60622e+06 diffscore=1027.01 priorChange=-98.4269 successMove=40
ITERATION 48 newScore=-2.6059e+06 diffscore=314.772 priorChange=-97.0406 successMove=39
ITERATION 49 newScore=-2.6055e+06 diffscore=401 priorChange=-92.8817 successMove=38
ITERATION 50 newScore=-2.60413e+06 diffscore=1368.64 priorChange=-90.1091 successMove=37
ITERATION 51 newScore=-2.60249e+06 diffscore=1641.19 priorChange=-88.7228 successMove=37
ITERATION 52 newScore=-2.60019e+06 diffscore=2297.11 priorChange=-80.4051 successMove=38
ITERATION 53 newScore=-2.5999e+06 diffscore=288.784 priorChange=-73.4736 successMove=37
ITERATION 54 newScore=-2.59957e+06 diffscore=336.822 priorChange=-73.4736 successMove=37
ITERATION 55 newScore=-2.59824e+06 diffscore=1329.76 priorChange=-84.564 successMove=36
ITERATION 56 newScore=-2.59796e+06 diffscore=274.523 priorChange=-70.701 successMove=35
ITERATION 57 newScore=-2.59772e+06 diffscore=240.439 priorChange=-67.9284 successMove=35
ITERATION 58 newScore=-2.59656e+06 diffscore=1165.9 priorChange=-74.8599 successMove=34
ITERATION 59 newScore=-2.59634e+06 diffscore=217.942 priorChange=-65.1558 successMove=32
ITERATION 60 newScore=-2.59564e+06 diffscore=701.873 priorChange=-59.6107 successMove=30
ITERATION 61 newScore=-2.59465e+06 diffscore=985.331 priorChange=-59.6107 successMove=30
ITERATION 62 newScore=-2.59317e+06 diffscore=1484.71 priorChange=-52.6792 successMove=30
ITERATION 63 newScore=-2.59186e+06 diffscore=1311.85 priorChange=-63.7695 successMove=29
ITERATION 64 newScore=-2.59057e+06 diffscore=1281.26 priorChange=-62.3832 successMove=28
ITERATION 65 newScore=-2.59043e+06 diffscore=141.459 priorChange=-52.6792 successMove=29
ITERATION 66 newScore=-2.59027e+06 diffscore=157.749 priorChange=-44.3614 successMove=26
ITERATION 67 newScore=-2.5901e+06 diffscore=176.216 priorChange=-65.1558 successMove=29
ITERATION 68 newScore=-2.58995e+06 diffscore=148.15 priorChange=-60.997 successMove=24
ITERATION 69 newScore=-2.58977e+06 diffscore=178.823 priorChange=-48.5203 successMove=24
ITERATION 70 newScore=-2.58957e+06 diffscore=203.683 priorChange=-40.2025 successMove=24
ITERATION 71 newScore=-2.58921e+06 diffscore=355.279 priorChange=-49.9066 successMove=23
ITERATION 72 newScore=-2.58717e+06 diffscore=2040.57 priorChange=-48.5203 successMove=23
ITERATION 73 newScore=-2.58636e+06 diffscore=815.061 priorChange=-48.5203 successMove=22
ITERATION 74 newScore=-2.58563e+06 diffscore=722.929 priorChange=-37.4299 successMove=21
ITERATION 75 newScore=-2.58557e+06 diffscore=64.7651 priorChange=-29.1122 successMove=20
ITERATION 76 newScore=-2.58551e+06 diffscore=60.0085 priorChange=-19.4081 successMove=19
ITERATION 77 newScore=-2.58544e+06 diffscore=73.0554 priorChange=-38.8162 successMove=19
ITERATION 78 newScore=-2.58538e+06 diffscore=60.2553 priorChange=-23.567 successMove=20
ITERATION 79 newScore=-2.5853e+06 diffscore=78.1024 priorChange=-40.2025 successMove=19
ITERATION 80 newScore=-2.58523e+06 diffscore=71.6086 priorChange=-19.4081 successMove=17
ITERATION 81 newScore=-2.58516e+06 diffscore=61.7976 priorChange=-30.4985 successMove=16
ITERATION 82 newScore=-2.5851e+06 diffscore=68.5596 priorChange=-27.7259 successMove=15
ITERATION 83 newScore=-2.58502e+06 diffscore=71.4251 priorChange=-31.8848 successMove=14
ITERATION 84 newScore=-2.58496e+06 diffscore=61.6755 priorChange=-13.8629 successMove=14
ITERATION 85 newScore=-2.58486e+06 diffscore=104.742 priorChange=-27.7259 successMove=13
ITERATION 86 newScore=-2.58479e+06 diffscore=71.7004 priorChange=-22.1807 successMove=10
ITERATION 87 newScore=-2.58471e+06 diffscore=77.7607 priorChange=-13.8629 successMove=10
ITERATION 88 newScore=-2.58464e+06 diffscore=67.7603 priorChange=-12.4766 successMove=10
ITERATION 89 newScore=-2.58456e+06 diffscore=77.5613 priorChange=-15.2492 successMove=9
ITERATION 90 newScore=-2.58452e+06 diffscore=43.763 priorChange=-13.8629 successMove=8
ITERATION 91 newScore=-2.5843e+06 diffscore=223.018 priorChange=-15.2492 successMove=8
ITERATION 92 newScore=-2.58342e+06 diffscore=880.91 priorChange=-15.2492 successMove=8
ITERATION 93 newScore=-2.58338e+06 diffscore=39.037 priorChange=-11.0904 successMove=9
ITERATION 94 newScore=-2.58334e+06 diffscore=37.4338 priorChange=-9.70406 successMove=9
ITERATION 95 newScore=-2.58329e+06 diffscore=44.175 priorChange=-15.2492 successMove=8
ITERATION 96 newScore=-2.58325e+06 diffscore=43.2405 priorChange=-15.2492 successMove=8
ITERATION 97 newScore=-2.58321e+06 diffscore=46.4142 priorChange=-15.2492 successMove=8
ITERATION 98 newScore=-2.58315e+06 diffscore=50.988 priorChange=-12.4766 successMove=8
ITERATION 99 newScore=-2.58304e+06 diffscore=113.01 priorChange=-13.8629 successMove=8
MetaLearner::dumpAllGraphs
Final Score -2.58304e+06
MetaLearner::start runtime: 1271171281 ms
Results/
Results/cluster10/
Results/cluster10/fold0/
Results/cluster10/fold0/modelparams.txt
Results/cluster10/fold0/var_mb_pw_k50.txt
Results/cluster1/
Results/cluster1/fold0/
Results/cluster1/fold0/modelparams.txt
Results/cluster1/fold0/var_mb_pw_k50.txt
Results/cluster6/
Results/cluster6/fold0/
Results/cluster6/fold0/modelparams.txt
Results/cluster6/fold0/var_mb_pw_k50.txt
Results/cluster9/
Results/cluster9/fold0/
Results/cluster9/fold0/modelparams.txt
Results/cluster9/fold0/var_mb_pw_k50.txt
Results/cluster2/
Results/cluster2/fold0/
Results/cluster2/fold0/modelparams.txt
Results/cluster2/fold0/var_mb_pw_k50.txt
Results/cluster7/
Results/cluster7/fold0/
Results/cluster7/fold0/modelparams.txt
Results/cluster7/fold0/var_mb_pw_k50.txt
Results/cluster3/
Results/cluster3/fold0/
Results/cluster3/fold0/modelparams.txt
Results/cluster3/fold0/var_mb_pw_k50.txt
Results/cluster8/
Results/cluster8/scoreFile.txt
Results/cluster8/fold0/
Results/cluster8/fold0/modelparams.txt
Results/cluster8/fold0/var_mb_pw_k50.txt
