./CVN -f config_condor.txt -x50 -v1 -l TFs_OGs.txt -n AllGenes93.txt -d celltype_tree_ancestor.txt -m testdata_ogids.txt -s celltype_order.txt -p 0.2 -c yes -b -4 -q 4
(cluster3|cluster8) p_maintain_edge=0.8 p_gain=0.2
(cluster2|cluster3) p_maintain_edge=0.8 p_gain=0.2
(cluster1|cluster2) p_maintain_edge=0.8 p_gain=0.2
(cluster6|cluster2) p_maintain_edge=0.8 p_gain=0.2
(cluster9|cluster6) p_maintain_edge=0.8 p_gain=0.2
(cluster10|cluster6) p_maintain_edge=0.8 p_gain=0.2
(cluster7|cluster10) p_maintain_edge=0.8 p_gain=0.2
speciesSet.size()=8 Root is cluster8
MappedOrthogroupReader::readSpeciesMapping() --- celltype_order.txt
MappedOrthogroupReader::readFile - testdata_ogids.txt
MappedOrthogroupReader::generateGeneOrthoMap()
MetaLearner::init_onefold() read:config_condor.txt
MetaLearner::setinputVariableNames number of variables: 2043
readEvidenceTable:cluster8.table
PotentialManager::loadEvidenceFromTable varCount=2043 sampleCount=348
motifNetwork.size() = 319
0=cluster8 motifNetwork=cluster8_network.txt
variable size=2043
readEvidenceTable:cluster3.table
PotentialManager::loadEvidenceFromTable varCount=2043 sampleCount=95
motifNetwork.size() = 326
1=cluster3 motifNetwork=cluster3_network.txt
variable size=2043
readEvidenceTable:cluster2.table
PotentialManager::loadEvidenceFromTable varCount=2043 sampleCount=386
motifNetwork.size() = 328
2=cluster2 motifNetwork=cluster2_network.txt
variable size=2043
readEvidenceTable:cluster1.table
PotentialManager::loadEvidenceFromTable varCount=2043 sampleCount=36
motifNetwork.size() = 322
3=cluster1 motifNetwork=cluster1_network.txt
variable size=2043
readEvidenceTable:cluster6.table
PotentialManager::loadEvidenceFromTable varCount=2043 sampleCount=524
motifNetwork.size() = 320
4=cluster6 motifNetwork=cluster6_network.txt
variable size=2043
readEvidenceTable:cluster9.table
PotentialManager::loadEvidenceFromTable varCount=2043 sampleCount=184
motifNetwork.size() = 327
5=cluster9 motifNetwork=cluster9_network.txt
variable size=2043
readEvidenceTable:cluster10.table
PotentialManager::loadEvidenceFromTable varCount=2043 sampleCount=165
motifNetwork.size() = 326
6=cluster10 motifNetwork=cluster10_network.txt
variable size=2043
readEvidenceTable:cluster7.table
PotentialManager::loadEvidenceFromTable varCount=2043 sampleCount=1032
motifNetwork.size() = 320
7=cluster7 motifNetwork=cluster7_network.txt
variable size=2043
-------------------------------------------------------------
MetaLearner::start
precomputeEmptyGraphPrior
binkey=0 [Edge status: 0 0 0 0 0 0 0 0 ] P(G)=P(cluster8=0)[0.8] * P(cluster1=0|cluster2=0) * P(cluster9=0|cluster6=0) * P(cluster7=0|cluster10=0) * P(cluster10=0|cluster6=0) * P(cluster6=0|cluster2=0) * P(cluster2=0|cluster3=0) * P(cluster3=0|cluster8=0)[0.209715]=0.167772
condsetMap_Tree
0 cluster8=0 cluster3=0 cluster2=0 cluster1=0 cluster6=0 cluster9=0 cluster10=0 cluster7=1
1 cluster8=0 cluster3=0 cluster2=0 cluster1=0 cluster6=0 cluster9=1 cluster10=0 cluster7=0
2 cluster8=0 cluster3=0 cluster2=0 cluster1=0 cluster6=0 cluster9=1 cluster10=0 cluster7=1
3 cluster8=0 cluster3=0 cluster2=0 cluster1=1 cluster6=0 cluster9=0 cluster10=0 cluster7=0
4 cluster8=0 cluster3=0 cluster2=0 cluster1=1 cluster6=0 cluster9=0 cluster10=0 cluster7=1
5 cluster8=0 cluster3=0 cluster2=0 cluster1=1 cluster6=0 cluster9=1 cluster10=0 cluster7=0
6 cluster8=0 cluster3=0 cluster2=0 cluster1=1 cluster6=0 cluster9=1 cluster10=0 cluster7=1
7 cluster8=0 cluster3=0 cluster2=0 cluster1=0 cluster6=0 cluster9=0 cluster10=1 cluster7=1
8 cluster8=0 cluster3=0 cluster2=0 cluster1=0 cluster6=0 cluster9=1 cluster10=1 cluster7=1
9 cluster8=0 cluster3=0 cluster2=0 cluster1=1 cluster6=0 cluster9=0 cluster10=1 cluster7=1
10 cluster8=0 cluster3=0 cluster2=0 cluster1=1 cluster6=0 cluster9=1 cluster10=1 cluster7=1
11 cluster8=0 cluster3=0 cluster2=0 cluster1=0 cluster6=1 cluster9=1 cluster10=1 cluster7=1
12 cluster8=0 cluster3=0 cluster2=0 cluster1=1 cluster6=1 cluster9=1 cluster10=1 cluster7=1
13 cluster8=0 cluster3=0 cluster2=1 cluster1=1 cluster6=1 cluster9=1 cluster10=1 cluster7=1
14 cluster8=0 cluster3=1 cluster2=1 cluster1=1 cluster6=1 cluster9=1 cluster10=1 cluster7=1
15 cluster8=1 cluster3=1 cluster2=1 cluster1=1 cluster6=1 cluster9=1 cluster10=1 cluster7=1
16 cluster8=1 cluster3=1 cluster2=1 cluster1=1 cluster6=1 cluster9=1 cluster10=1 cluster7=0
17 cluster8=1 cluster3=1 cluster2=1 cluster1=1 cluster6=1 cluster9=0 cluster10=1 cluster7=1
18 cluster8=1 cluster3=1 cluster2=1 cluster1=1 cluster6=1 cluster9=0 cluster10=1 cluster7=0
19 cluster8=1 cluster3=1 cluster2=1 cluster1=0 cluster6=1 cluster9=1 cluster10=1 cluster7=1
20 cluster8=1 cluster3=1 cluster2=1 cluster1=0 cluster6=1 cluster9=1 cluster10=1 cluster7=0
21 cluster8=1 cluster3=1 cluster2=1 cluster1=0 cluster6=1 cluster9=0 cluster10=1 cluster7=1
22 cluster8=1 cluster3=1 cluster2=1 cluster1=0 cluster6=1 cluster9=0 cluster10=1 cluster7=0
23 cluster8=1 cluster3=1 cluster2=1 cluster1=1 cluster6=1 cluster9=1 cluster10=0 cluster7=0
24 cluster8=1 cluster3=1 cluster2=1 cluster1=1 cluster6=1 cluster9=0 cluster10=0 cluster7=0
25 cluster8=1 cluster3=1 cluster2=1 cluster1=0 cluster6=1 cluster9=1 cluster10=0 cluster7=0
26 cluster8=1 cluster3=1 cluster2=1 cluster1=0 cluster6=1 cluster9=0 cluster10=0 cluster7=0
27 cluster8=1 cluster3=1 cluster2=1 cluster1=1 cluster6=0 cluster9=0 cluster10=0 cluster7=0
28 cluster8=1 cluster3=1 cluster2=1 cluster1=0 cluster6=0 cluster9=0 cluster10=0 cluster7=0
29 cluster8=1 cluster3=1 cluster2=0 cluster1=0 cluster6=0 cluster9=0 cluster10=0 cluster7=0
30 cluster8=1 cluster3=0 cluster2=0 cluster1=0 cluster6=0 cluster9=0 cluster10=0 cluster7=0
31 cluster8=0 cluster3=0 cluster2=0 cluster1=0 cluster6=1 cluster9=0 cluster10=0 cluster7=0
32 cluster8=0 cluster3=0 cluster2=1 cluster1=0 cluster6=0 cluster9=0 cluster10=0 cluster7=0
33 cluster8=0 cluster3=0 cluster2=0 cluster1=0 cluster6=0 cluster9=0 cluster10=1 cluster7=0
34 cluster8=0 cluster3=1 cluster2=0 cluster1=0 cluster6=0 cluster9=0 cluster10=0 cluster7=0
inputRegulatorOGs.size() = 1999 inputOGList.size() = 50
binkey=8 [Edge status: 0 0 0 1 0 0 0 0 ] P(G)=P(cluster8=0)[0.8] * P(cluster1=1|cluster2=0) * P(cluster9=0|cluster6=0) * P(cluster7=0|cluster10=0) * P(cluster10=0|cluster6=0) * P(cluster6=0|cluster2=0) * P(cluster2=0|cluster3=0) * P(cluster3=0|cluster8=0)[0.0524288]=0.041943
binkey=64 [Edge status: 0 0 0 0 0 0 1 0 ] P(G)=P(cluster8=0)[0.8] * P(cluster1=0|cluster2=0) * P(cluster9=0|cluster6=0) * P(cluster7=0|cluster10=1) * P(cluster10=1|cluster6=0) * P(cluster6=0|cluster2=0) * P(cluster2=0|cluster3=0) * P(cluster3=0|cluster8=0)[0.0131072]=0.0104858
binkey=4 [Edge status: 0 0 1 0 0 0 0 0 ] P(G)=P(cluster8=0)[0.8] * P(cluster1=0|cluster2=1) * P(cluster9=0|cluster6=0) * P(cluster7=0|cluster10=0) * P(cluster10=0|cluster6=0) * P(cluster6=0|cluster2=1) * P(cluster2=1|cluster3=0) * P(cluster3=0|cluster8=0)[0.0032768]=0.00262144
binkey=128 [Edge status: 0 0 0 0 0 0 0 1 ] P(G)=P(cluster8=0)[0.8] * P(cluster1=0|cluster2=0) * P(cluster9=0|cluster6=0) * P(cluster7=1|cluster10=0) * P(cluster10=0|cluster6=0) * P(cluster6=0|cluster2=0) * P(cluster2=0|cluster3=0) * P(cluster3=0|cluster8=0)[0.0524288]=0.041943
binkey=1 [Edge status: 1 0 0 0 0 0 0 0 ] P(G)=P(cluster8=1)[0.2] * P(cluster1=0|cluster2=0) * P(cluster9=0|cluster6=0) * P(cluster7=0|cluster10=0) * P(cluster10=0|cluster6=0) * P(cluster6=0|cluster2=0) * P(cluster2=0|cluster3=0) * P(cluster3=0|cluster8=1)[0.0524288]=0.0104858
binkey=16 [Edge status: 0 0 0 0 1 0 0 0 ] P(G)=P(cluster8=0)[0.8] * P(cluster1=0|cluster2=0) * P(cluster9=0|cluster6=1) * P(cluster7=0|cluster10=0) * P(cluster10=0|cluster6=1) * P(cluster6=1|cluster2=0) * P(cluster2=0|cluster3=0) * P(cluster3=0|cluster8=0)[0.0032768]=0.00262144
binkey=32 [Edge status: 0 0 0 0 0 1 0 0 ] P(G)=P(cluster8=0)[0.8] * P(cluster1=0|cluster2=0) * P(cluster9=1|cluster6=0) * P(cluster7=0|cluster10=0) * P(cluster10=0|cluster6=0) * P(cluster6=0|cluster2=0) * P(cluster2=0|cluster3=0) * P(cluster3=0|cluster8=0)[0.0524288]=0.041943
binkey=2 [Edge status: 0 1 0 0 0 0 0 0 ] P(G)=P(cluster8=0)[0.8] * P(cluster1=0|cluster2=0) * P(cluster9=0|cluster6=0) * P(cluster7=0|cluster10=0) * P(cluster10=0|cluster6=0) * P(cluster6=0|cluster2=0) * P(cluster2=0|cluster3=1) * P(cluster3=1|cluster8=0)[0.0131072]=0.0104858
binkey=3 [Edge status: 1 1 0 0 0 0 0 0 ] P(G)=P(cluster8=1)[0.2] * P(cluster1=0|cluster2=0) * P(cluster9=0|cluster6=0) * P(cluster7=0|cluster10=0) * P(cluster10=0|cluster6=0) * P(cluster6=0|cluster2=0) * P(cluster2=0|cluster3=1) * P(cluster3=1|cluster8=1)[0.0524288]=0.0104858
binkey=136 [Edge status: 0 0 0 1 0 0 0 1 ] P(G)=P(cluster8=0)[0.8] * P(cluster1=1|cluster2=0) * P(cluster9=0|cluster6=0) * P(cluster7=1|cluster10=0) * P(cluster10=0|cluster6=0) * P(cluster6=0|cluster2=0) * P(cluster2=0|cluster3=0) * P(cluster3=0|cluster8=0)[0.0131072]=0.0104858
binkey=160 [Edge status: 0 0 0 0 0 1 0 1 ] P(G)=P(cluster8=0)[0.8] * P(cluster1=0|cluster2=0) * P(cluster9=1|cluster6=0) * P(cluster7=1|cluster10=0) * P(cluster10=0|cluster6=0) * P(cluster6=0|cluster2=0) * P(cluster2=0|cluster3=0) * P(cluster3=0|cluster8=0)[0.0131072]=0.0104858
binkey=40 [Edge status: 0 0 0 1 0 1 0 0 ] P(G)=P(cluster8=0)[0.8] * P(cluster1=1|cluster2=0) * P(cluster9=1|cluster6=0) * P(cluster7=0|cluster10=0) * P(cluster10=0|cluster6=0) * P(cluster6=0|cluster2=0) * P(cluster2=0|cluster3=0) * P(cluster3=0|cluster8=0)[0.0131072]=0.0104858
binkey=168 [Edge status: 0 0 0 1 0 1 0 1 ] P(G)=P(cluster8=0)[0.8] * P(cluster1=1|cluster2=0) * P(cluster9=1|cluster6=0) * P(cluster7=1|cluster10=0) * P(cluster10=0|cluster6=0) * P(cluster6=0|cluster2=0) * P(cluster2=0|cluster3=0) * P(cluster3=0|cluster8=0)[0.0032768]=0.00262144
binkey=192 [Edge status: 0 0 0 0 0 0 1 1 ] P(G)=P(cluster8=0)[0.8] * P(cluster1=0|cluster2=0) * P(cluster9=0|cluster6=0) * P(cluster7=1|cluster10=1) * P(cluster10=1|cluster6=0) * P(cluster6=0|cluster2=0) * P(cluster2=0|cluster3=0) * P(cluster3=0|cluster8=0)[0.0524288]=0.041943
binkey=224 [Edge status: 0 0 0 0 0 1 1 1 ] P(G)=P(cluster8=0)[0.8] * P(cluster1=0|cluster2=0) * P(cluster9=1|cluster6=0) * P(cluster7=1|cluster10=1) * P(cluster10=1|cluster6=0) * P(cluster6=0|cluster2=0) * P(cluster2=0|cluster3=0) * P(cluster3=0|cluster8=0)[0.0131072]=0.0104858
binkey=200 [Edge status: 0 0 0 1 0 0 1 1 ] P(G)=P(cluster8=0)[0.8] * P(cluster1=1|cluster2=0) * P(cluster9=0|cluster6=0) * P(cluster7=1|cluster10=1) * P(cluster10=1|cluster6=0) * P(cluster6=0|cluster2=0) * P(cluster2=0|cluster3=0) * P(cluster3=0|cluster8=0)[0.0131072]=0.0104858
binkey=232 [Edge status: 0 0 0 1 0 1 1 1 ] P(G)=P(cluster8=0)[0.8] * P(cluster1=1|cluster2=0) * P(cluster9=1|cluster6=0) * P(cluster7=1|cluster10=1) * P(cluster10=1|cluster6=0) * P(cluster6=0|cluster2=0) * P(cluster2=0|cluster3=0) * P(cluster3=0|cluster8=0)[0.0032768]=0.00262144
binkey=240 [Edge status: 0 0 0 0 1 1 1 1 ] P(G)=P(cluster8=0)[0.8] * P(cluster1=0|cluster2=0) * P(cluster9=1|cluster6=1) * P(cluster7=1|cluster10=1) * P(cluster10=1|cluster6=1) * P(cluster6=1|cluster2=0) * P(cluster2=0|cluster3=0) * P(cluster3=0|cluster8=0)[0.0524288]=0.041943
binkey=248 [Edge status: 0 0 0 1 1 1 1 1 ] P(G)=P(cluster8=0)[0.8] * P(cluster1=1|cluster2=0) * P(cluster9=1|cluster6=1) * P(cluster7=1|cluster10=1) * P(cluster10=1|cluster6=1) * P(cluster6=1|cluster2=0) * P(cluster2=0|cluster3=0) * P(cluster3=0|cluster8=0)[0.0131072]=0.0104858
binkey=252 [Edge status: 0 0 1 1 1 1 1 1 ] P(G)=P(cluster8=0)[0.8] * P(cluster1=1|cluster2=1) * P(cluster9=1|cluster6=1) * P(cluster7=1|cluster10=1) * P(cluster10=1|cluster6=1) * P(cluster6=1|cluster2=1) * P(cluster2=1|cluster3=0) * P(cluster3=0|cluster8=0)[0.0524288]=0.041943
binkey=23 [Edge status: 1 1 1 0 1 0 0 0 ] P(G)=P(cluster8=1)[0.2] * P(cluster1=0|cluster2=1) * P(cluster9=0|cluster6=1) * P(cluster7=0|cluster10=0) * P(cluster10=0|cluster6=1) * P(cluster6=1|cluster2=1) * P(cluster2=1|cluster3=1) * P(cluster3=1|cluster8=1)[0.0032768]=0.00065536
binkey=7 [Edge status: 1 1 1 0 0 0 0 0 ] P(G)=P(cluster8=1)[0.2] * P(cluster1=0|cluster2=1) * P(cluster9=0|cluster6=0) * P(cluster7=0|cluster10=0) * P(cluster10=0|cluster6=0) * P(cluster6=0|cluster2=1) * P(cluster2=1|cluster3=1) * P(cluster3=1|cluster8=1)[0.0131072]=0.00262144
binkey=127 [Edge status: 1 1 1 1 1 1 1 0 ] P(G)=P(cluster8=1)[0.2] * P(cluster1=1|cluster2=1) * P(cluster9=1|cluster6=1) * P(cluster7=0|cluster10=1) * P(cluster10=1|cluster6=1) * P(cluster6=1|cluster2=1) * P(cluster2=1|cluster3=1) * P(cluster3=1|cluster8=1)[0.0524288]=0.0104858
binkey=95 [Edge status: 1 1 1 1 1 0 1 0 ] P(G)=P(cluster8=1)[0.2] * P(cluster1=1|cluster2=1) * P(cluster9=0|cluster6=1) * P(cluster7=0|cluster10=1) * P(cluster10=1|cluster6=1) * P(cluster6=1|cluster2=1) * P(cluster2=1|cluster3=1) * P(cluster3=1|cluster8=1)[0.0131072]=0.00262144
binkey=119 [Edge status: 1 1 1 0 1 1 1 0 ] P(G)=P(cluster8=1)[0.2] * P(cluster1=0|cluster2=1) * P(cluster9=1|cluster6=1) * P(cluster7=0|cluster10=1) * P(cluster10=1|cluster6=1) * P(cluster6=1|cluster2=1) * P(cluster2=1|cluster3=1) * P(cluster3=1|cluster8=1)[0.0131072]=0.00262144
binkey=87 [Edge status: 1 1 1 0 1 0 1 0 ] P(G)=P(cluster8=1)[0.2] * P(cluster1=0|cluster2=1) * P(cluster9=0|cluster6=1) * P(cluster7=0|cluster10=1) * P(cluster10=1|cluster6=1) * P(cluster6=1|cluster2=1) * P(cluster2=1|cluster3=1) * P(cluster3=1|cluster8=1)[0.0032768]=0.00065536
binkey=63 [Edge status: 1 1 1 1 1 1 0 0 ] P(G)=P(cluster8=1)[0.2] * P(cluster1=1|cluster2=1) * P(cluster9=1|cluster6=1) * P(cluster7=0|cluster10=0) * P(cluster10=0|cluster6=1) * P(cluster6=1|cluster2=1) * P(cluster2=1|cluster3=1) * P(cluster3=1|cluster8=1)[0.0524288]=0.0104858
binkey=31 [Edge status: 1 1 1 1 1 0 0 0 ] P(G)=P(cluster8=1)[0.2] * P(cluster1=1|cluster2=1) * P(cluster9=0|cluster6=1) * P(cluster7=0|cluster10=0) * P(cluster10=0|cluster6=1) * P(cluster6=1|cluster2=1) * P(cluster2=1|cluster3=1) * P(cluster3=1|cluster8=1)[0.0131072]=0.00262144
binkey=55 [Edge status: 1 1 1 0 1 1 0 0 ] P(G)=P(cluster8=1)[0.2] * P(cluster1=0|cluster2=1) * P(cluster9=1|cluster6=1) * P(cluster7=0|cluster10=0) * P(cluster10=0|cluster6=1) * P(cluster6=1|cluster2=1) * P(cluster2=1|cluster3=1) * P(cluster3=1|cluster8=1)[0.0131072]=0.00262144
binkey=15 [Edge status: 1 1 1 1 0 0 0 0 ] P(G)=P(cluster8=1)[0.2] * P(cluster1=1|cluster2=1) * P(cluster9=0|cluster6=0) * P(cluster7=0|cluster10=0) * P(cluster10=0|cluster6=0) * P(cluster6=0|cluster2=1) * P(cluster2=1|cluster3=1) * P(cluster3=1|cluster8=1)[0.0524288]=0.0104858
binkey=247 [Edge status: 1 1 1 0 1 1 1 1 ] P(G)=P(cluster8=1)[0.2] * P(cluster1=0|cluster2=1) * P(cluster9=1|cluster6=1) * P(cluster7=1|cluster10=1) * P(cluster10=1|cluster6=1) * P(cluster6=1|cluster2=1) * P(cluster2=1|cluster3=1) * P(cluster3=1|cluster8=1)[0.0524288]=0.0104858
binkey=215 [Edge status: 1 1 1 0 1 0 1 1 ] P(G)=P(cluster8=1)[0.2] * P(cluster1=0|cluster2=1) * P(cluster9=0|cluster6=1) * P(cluster7=1|cluster10=1) * P(cluster10=1|cluster6=1) * P(cluster6=1|cluster2=1) * P(cluster2=1|cluster3=1) * P(cluster3=1|cluster8=1)[0.0131072]=0.00262144
ITERATION 0 newScore=-2.74784e+06 diffscore=10160.6 priorChange=-99.8132 successMove=63
ITERATION 1 newScore=-2.74098e+06 diffscore=6852.26 priorChange=-102.586 successMove=54
ITERATION 2 newScore=-2.73765e+06 diffscore=3332.01 priorChange=-105.358 successMove=51
ITERATION 3 newScore=-2.72957e+06 diffscore=8077.84 priorChange=-92.8817 successMove=52
ITERATION 4 newScore=-2.72035e+06 diffscore=9222.61 priorChange=-98.4269 successMove=51
ITERATION 5 newScore=-2.71514e+06 diffscore=5214.93 priorChange=-105.358 successMove=52
ITERATION 6 newScore=-2.70818e+06 diffscore=6956.23 priorChange=-113.676 successMove=51
ITERATION 7 newScore=-2.70396e+06 diffscore=4217.21 priorChange=-106.745 successMove=55
ITERATION 8 newScore=-2.69933e+06 diffscore=4631.59 priorChange=-112.29 successMove=51
ITERATION 9 newScore=-2.69822e+06 diffscore=1116.73 priorChange=-108.131 successMove=52
ITERATION 10 newScore=-2.69606e+06 diffscore=2154.52 priorChange=-112.29 successMove=50
ITERATION 11 newScore=-2.69374e+06 diffscore=2325.59 priorChange=-95.6543 successMove=51
ITERATION 12 newScore=-2.69271e+06 diffscore=1023.39 priorChange=-102.586 successMove=53
ITERATION 13 newScore=-2.68987e+06 diffscore=2845.34 priorChange=-113.676 successMove=51
ITERATION 14 newScore=-2.68698e+06 diffscore=2887 priorChange=-116.449 successMove=51
ITERATION 15 newScore=-2.6852e+06 diffscore=1774.72 priorChange=-117.835 successMove=51
ITERATION 16 newScore=-2.68364e+06 diffscore=1567.66 priorChange=-109.517 successMove=52
ITERATION 17 newScore=-2.68018e+06 diffscore=3453.44 priorChange=-117.835 successMove=51
ITERATION 18 newScore=-2.67745e+06 diffscore=2732.97 priorChange=-109.517 successMove=51
ITERATION 19 newScore=-2.67665e+06 diffscore=797.558 priorChange=-110.904 successMove=49
ITERATION 20 newScore=-2.67601e+06 diffscore=641.424 priorChange=-98.4269 successMove=53
ITERATION 21 newScore=-2.67305e+06 diffscore=2960.87 priorChange=-106.745 successMove=49
ITERATION 22 newScore=-2.67105e+06 diffscore=1998.39 priorChange=-110.904 successMove=50
ITERATION 23 newScore=-2.66921e+06 diffscore=1842.14 priorChange=-112.29 successMove=51
ITERATION 24 newScore=-2.66746e+06 diffscore=1746.3 priorChange=-99.8132 successMove=48
ITERATION 25 newScore=-2.66595e+06 diffscore=1513.38 priorChange=-102.586 successMove=48
ITERATION 26 newScore=-2.66437e+06 diffscore=1577.64 priorChange=-91.4954 successMove=48
ITERATION 27 newScore=-2.66034e+06 diffscore=4033.68 priorChange=-98.4269 successMove=48
ITERATION 28 newScore=-2.65709e+06 diffscore=3254.33 priorChange=-108.131 successMove=48
ITERATION 29 newScore=-2.65511e+06 diffscore=1970.36 priorChange=-108.131 successMove=48
ITERATION 30 newScore=-2.65428e+06 diffscore=829.859 priorChange=-102.586 successMove=48
ITERATION 31 newScore=-2.64638e+06 diffscore=7905.29 priorChange=-103.972 successMove=45
ITERATION 32 newScore=-2.64239e+06 diffscore=3990.34 priorChange=-94.268 successMove=46
ITERATION 33 newScore=-2.64068e+06 diffscore=1707.03 priorChange=-91.4954 successMove=44
ITERATION 34 newScore=-2.63916e+06 diffscore=1524.44 priorChange=-110.904 successMove=44
ITERATION 35 newScore=-2.63812e+06 diffscore=1039.6 priorChange=-97.0406 successMove=44
ITERATION 36 newScore=-2.63759e+06 diffscore=524.013 priorChange=-97.0406 successMove=46
ITERATION 37 newScore=-2.63403e+06 diffscore=3565.43 priorChange=-95.6543 successMove=44
ITERATION 38 newScore=-2.63375e+06 diffscore=280.272 priorChange=-94.268 successMove=45
ITERATION 39 newScore=-2.63336e+06 diffscore=390.802 priorChange=-95.6543 successMove=44
ITERATION 40 newScore=-2.633e+06 diffscore=357.883 priorChange=-102.586 successMove=44
ITERATION 41 newScore=-2.6307e+06 diffscore=2294.8 priorChange=-106.745 successMove=44
ITERATION 42 newScore=-2.63044e+06 diffscore=267.312 priorChange=-103.972 successMove=43
ITERATION 43 newScore=-2.63018e+06 diffscore=256.23 priorChange=-95.6543 successMove=42
ITERATION 44 newScore=-2.62985e+06 diffscore=330.134 priorChange=-92.8817 successMove=40
ITERATION 45 newScore=-2.62948e+06 diffscore=370.264 priorChange=-88.7228 successMove=41
ITERATION 46 newScore=-2.62794e+06 diffscore=1545.67 priorChange=-94.268 successMove=40
ITERATION 47 newScore=-2.6257e+06 diffscore=2236.5 priorChange=-97.0406 successMove=39
ITERATION 48 newScore=-2.62483e+06 diffscore=871.354 priorChange=-72.0873 successMove=39
ITERATION 49 newScore=-2.62462e+06 diffscore=203.85 priorChange=-91.4954 successMove=38
ITERATION 50 newScore=-2.62443e+06 diffscore=197.971 priorChange=-87.3365 successMove=38
ITERATION 51 newScore=-2.62341e+06 diffscore=1019.61 priorChange=-84.564 successMove=37
ITERATION 52 newScore=-2.6232e+06 diffscore=209.123 priorChange=-85.9503 successMove=36
ITERATION 53 newScore=-2.62293e+06 diffscore=269.678 priorChange=-52.6792 successMove=36
ITERATION 54 newScore=-2.62267e+06 diffscore=256.498 priorChange=-98.4269 successMove=37
ITERATION 55 newScore=-2.62178e+06 diffscore=893.583 priorChange=-80.4051 successMove=35
ITERATION 56 newScore=-2.62154e+06 diffscore=238.197 priorChange=-79.0188 successMove=35
ITERATION 57 newScore=-2.61881e+06 diffscore=2731.55 priorChange=-58.2244 successMove=32
ITERATION 58 newScore=-2.61848e+06 diffscore=324.332 priorChange=-77.6325 successMove=32
ITERATION 59 newScore=-2.61697e+06 diffscore=1511.95 priorChange=-69.3147 successMove=32
ITERATION 60 newScore=-2.6168e+06 diffscore=171.95 priorChange=-63.7695 successMove=31
ITERATION 61 newScore=-2.61555e+06 diffscore=1248.52 priorChange=-76.2462 successMove=31
ITERATION 62 newScore=-2.61539e+06 diffscore=164.848 priorChange=-63.7695 successMove=30
ITERATION 63 newScore=-2.61515e+06 diffscore=233.749 priorChange=-66.5421 successMove=29
ITERATION 64 newScore=-2.61491e+06 diffscore=238.284 priorChange=-58.2244 successMove=28
ITERATION 65 newScore=-2.61468e+06 diffscore=231.285 priorChange=-56.8381 successMove=27
ITERATION 66 newScore=-2.61438e+06 diffscore=302.571 priorChange=-62.3832 successMove=25
ITERATION 67 newScore=-2.61347e+06 diffscore=910.878 priorChange=-48.5203 successMove=25
ITERATION 68 newScore=-2.61211e+06 diffscore=1356.41 priorChange=-51.2929 successMove=24
ITERATION 69 newScore=-2.60998e+06 diffscore=2136.92 priorChange=-47.134 successMove=23
ITERATION 70 newScore=-2.60878e+06 diffscore=1193.21 priorChange=-48.5203 successMove=24
ITERATION 71 newScore=-2.60871e+06 diffscore=72.192 priorChange=-41.5888 successMove=23
ITERATION 72 newScore=-2.60863e+06 diffscore=82.0544 priorChange=-47.134 successMove=21
ITERATION 73 newScore=-2.60851e+06 diffscore=118.28 priorChange=-45.7477 successMove=22
ITERATION 74 newScore=-2.60843e+06 diffscore=83.8979 priorChange=-44.3614 successMove=20
ITERATION 75 newScore=-2.60832e+06 diffscore=109.688 priorChange=-47.134 successMove=20
ITERATION 76 newScore=-2.60716e+06 diffscore=1156.3 priorChange=-40.2025 successMove=19
ITERATION 77 newScore=-2.60708e+06 diffscore=84.02 priorChange=-40.2025 successMove=18
ITERATION 78 newScore=-2.60701e+06 diffscore=68.8994 priorChange=-34.6574 successMove=17
ITERATION 79 newScore=-2.60694e+06 diffscore=68.678 priorChange=-24.9533 successMove=14
ITERATION 80 newScore=-2.60687e+06 diffscore=71.4576 priorChange=-30.4985 successMove=14
ITERATION 81 newScore=-2.60674e+06 diffscore=126.873 priorChange=-19.4081 successMove=11
ITERATION 82 newScore=-2.60615e+06 diffscore=594.75 priorChange=-19.4081 successMove=11
ITERATION 83 newScore=-2.60609e+06 diffscore=51.1353 priorChange=-16.6355 successMove=10
ITERATION 84 newScore=-2.606e+06 diffscore=91.5469 priorChange=-19.4081 successMove=10
ITERATION 85 newScore=-2.60594e+06 diffscore=66.0573 priorChange=-18.0218 successMove=8
ITERATION 86 newScore=-2.60522e+06 diffscore=714.31 priorChange=-15.2492 successMove=7
ITERATION 87 newScore=-2.60519e+06 diffscore=28.1354 priorChange=-20.7944 successMove=7
ITERATION 88 newScore=-2.60517e+06 diffscore=25.5175 priorChange=-16.6355 successMove=7
ITERATION 89 newScore=-2.60515e+06 diffscore=17.2252 priorChange=-9.70406 successMove=7
ITERATION 90 newScore=-2.60513e+06 diffscore=17.6267 priorChange=-12.4766 successMove=7
ITERATION 91 newScore=-2.60511e+06 diffscore=21.6072 priorChange=-15.2492 successMove=6
ITERATION 92 newScore=-2.6051e+06 diffscore=15.7159 priorChange=-8.31777 successMove=5
ITERATION 93 newScore=-2.60508e+06 diffscore=14.8758 priorChange=-9.70406 successMove=5
ITERATION 94 newScore=-2.60507e+06 diffscore=11.8371 priorChange=-5.54518 successMove=5
ITERATION 95 newScore=-2.60505e+06 diffscore=15.7741 priorChange=-8.31777 successMove=5
ITERATION 96 newScore=-2.60504e+06 diffscore=12.0823 priorChange=-5.54518 successMove=5
ITERATION 97 newScore=-2.60503e+06 diffscore=15.8743 priorChange=-11.0904 successMove=5
ITERATION 98 newScore=-2.60501e+06 diffscore=17.8658 priorChange=-6.93147 successMove=5
ITERATION 99 newScore=-2.60499e+06 diffscore=19.6841 priorChange=-6.93147 successMove=5
MetaLearner::dumpAllGraphs
Final Score -2.60499e+06
MetaLearner::start runtime: 1168218964 ms
Results/
Results/cluster3/
Results/cluster3/fold0/
Results/cluster3/fold0/modelparams.txt
Results/cluster3/fold0/var_mb_pw_k50.txt
Results/cluster7/
Results/cluster7/fold0/
Results/cluster7/fold0/modelparams.txt
Results/cluster7/fold0/var_mb_pw_k50.txt
Results/cluster2/
Results/cluster2/fold0/
Results/cluster2/fold0/modelparams.txt
Results/cluster2/fold0/var_mb_pw_k50.txt
Results/cluster9/
Results/cluster9/fold0/
Results/cluster9/fold0/modelparams.txt
Results/cluster9/fold0/var_mb_pw_k50.txt
Results/cluster6/
Results/cluster6/fold0/
Results/cluster6/fold0/modelparams.txt
Results/cluster6/fold0/var_mb_pw_k50.txt
Results/cluster1/
Results/cluster1/fold0/
Results/cluster1/fold0/modelparams.txt
Results/cluster1/fold0/var_mb_pw_k50.txt
Results/cluster10/
Results/cluster10/fold0/
Results/cluster10/fold0/modelparams.txt
Results/cluster10/fold0/var_mb_pw_k50.txt
Results/cluster8/
Results/cluster8/scoreFile.txt
Results/cluster8/fold0/
Results/cluster8/fold0/modelparams.txt
Results/cluster8/fold0/var_mb_pw_k50.txt
