000 (49777.1564.000) 10/11 10:48:12 Job submitted from host: <144.92.142.142:9618?addrs=144.92.142.142-9618&noUDP&sock=44923_051a_3>
...
001 (49777.1564.000) 10/11 17:01:01 Job executing on host: <128.105.68.16:9618?addrs=128.105.68.16-9618&alias=coba2000.chtc.wisc.edu&noUDP&sock=startd_7305_336c>
...
006 (49777.1564.000) 10/11 17:01:09 Image size of job updated: 105320
	103  -  MemoryUsage of job (MB)
	105300  -  ResidentSetSize of job (KB)
...
006 (49777.1564.000) 10/11 17:06:09 Image size of job updated: 822212
	763  -  MemoryUsage of job (MB)
	781244  -  ResidentSetSize of job (KB)
...
006 (49777.1564.000) 10/11 17:11:10 Image size of job updated: 1213212
	1135  -  MemoryUsage of job (MB)
	1162120  -  ResidentSetSize of job (KB)
...
006 (49777.1564.000) 10/11 17:16:11 Image size of job updated: 1538632
	1465  -  MemoryUsage of job (MB)
	1499808  -  ResidentSetSize of job (KB)
...
006 (49777.1564.000) 10/11 17:21:11 Image size of job updated: 1864876
	1782  -  MemoryUsage of job (MB)
	1823948  -  ResidentSetSize of job (KB)
...
006 (49777.1564.000) 10/11 17:22:39 Image size of job updated: 1963900
	1782  -  MemoryUsage of job (MB)
	1823948  -  ResidentSetSize of job (KB)
...
005 (49777.1564.000) 10/11 17:22:39 Job terminated.
	(1) Normal termination (return value 0)
		Usr 0 00:21:26, Sys 0 00:00:05  -  Run Remote Usage
		Usr 0 00:00:00, Sys 0 00:00:00  -  Run Local Usage
		Usr 0 00:21:26, Sys 0 00:00:05  -  Total Remote Usage
		Usr 0 00:00:00, Sys 0 00:00:00  -  Total Local Usage
	169947  -  Run Bytes Sent By Job
	316715872  -  Run Bytes Received By Job
	169947  -  Total Bytes Sent By Job
	316715872  -  Total Bytes Received By Job
	Partitionable Resources :     Usage  Request Allocated 
	   Cpus                 :      0.99        1         1 
	   Disk (KB)            : 325000      819200  44742796 
	   Gpus                 :                            0 
	   Ioheavy              :                            0 
	   Memory (MB)          :   1782       20480     21341 
...
