000 (49777.1213.000) 10/11 10:48:11 Job submitted from host: <144.92.142.142:9618?addrs=144.92.142.142-9618&noUDP&sock=44923_051a_3>
...
001 (49777.1213.000) 10/11 16:05:03 Job executing on host: <128.105.68.46:9618?addrs=128.105.68.46-9618&alias=e2476.chtc.wisc.edu&noUDP&sock=startd_4927_1735>
...
006 (49777.1213.000) 10/11 16:05:12 Image size of job updated: 156532
	103  -  MemoryUsage of job (MB)
	105212  -  ResidentSetSize of job (KB)
...
006 (49777.1213.000) 10/11 16:10:13 Image size of job updated: 720240
	654  -  MemoryUsage of job (MB)
	668888  -  ResidentSetSize of job (KB)
...
006 (49777.1213.000) 10/11 16:15:13 Image size of job updated: 890036
	830  -  MemoryUsage of job (MB)
	849596  -  ResidentSetSize of job (KB)
...
006 (49777.1213.000) 10/11 16:20:14 Image size of job updated: 1159628
	1087  -  MemoryUsage of job (MB)
	1112936  -  ResidentSetSize of job (KB)
...
006 (49777.1213.000) 10/11 16:25:15 Image size of job updated: 1468048
	1391  -  MemoryUsage of job (MB)
	1424060  -  ResidentSetSize of job (KB)
...
006 (49777.1213.000) 10/11 16:30:15 Image size of job updated: 1838844
	1748  -  MemoryUsage of job (MB)
	1789172  -  ResidentSetSize of job (KB)
...
006 (49777.1213.000) 10/11 16:33:10 Image size of job updated: 2036528
	1748  -  MemoryUsage of job (MB)
	1789172  -  ResidentSetSize of job (KB)
...
005 (49777.1213.000) 10/11 16:33:10 Job terminated.
	(1) Normal termination (return value 0)
		Usr 0 00:27:44, Sys 0 00:00:04  -  Run Remote Usage
		Usr 0 00:00:00, Sys 0 00:00:00  -  Run Local Usage
		Usr 0 00:27:44, Sys 0 00:00:04  -  Total Remote Usage
		Usr 0 00:00:00, Sys 0 00:00:00  -  Total Local Usage
	171483  -  Run Bytes Sent By Job
	316719072  -  Run Bytes Received By Job
	171483  -  Total Bytes Sent By Job
	316719072  -  Total Bytes Received By Job
	Partitionable Resources :     Usage  Request Allocated 
	   Cpus                 :      1.00        1         1 
	   Disk (KB)            : 325000      819200   1703790 
	   Memory (MB)          :   1748       20480     20480 
...
