000 (49777.2198.000) 10/11 10:48:13 Job submitted from host: <144.92.142.142:9618?addrs=144.92.142.142-9618&noUDP&sock=44923_051a_3>
...
001 (49777.2198.000) 10/11 18:38:25 Job executing on host: <144.92.142.172:9618?addrs=144.92.142.172-9618&noUDP&sock=9276_2497_3>
...
006 (49777.2198.000) 10/11 18:38:33 Image size of job updated: 105772
	104  -  MemoryUsage of job (MB)
	105772  -  ResidentSetSize of job (KB)
...
006 (49777.2198.000) 10/11 18:40:22 Image size of job updated: 592572
	364  -  MemoryUsage of job (MB)
	372504  -  ResidentSetSize of job (KB)
...
004 (49777.2198.000) 10/11 18:40:22 Job was evicted.
	(0) Job was not checkpointed.
		Usr 0 00:01:56, Sys 0 00:00:00  -  Run Remote Usage
		Usr 0 00:00:00, Sys 0 00:00:00  -  Run Local Usage
	0  -  Run Bytes Sent By Job
	316843968  -  Run Bytes Received By Job
	Partitionable Resources :     Usage  Request Allocated 
	   Cpus                 :      1.00        1         1 
	   Disk (KB)            : 325000      819200   3124133 
	   Memory (MB)          :    364       20480     20480 
...
001 (49777.2198.000) 10/11 18:40:55 Job executing on host: <128.105.68.23:9618?addrs=128.105.68.23-9618&alias=gpulab2004.chtc.wisc.edu&noUDP&sock=startd_62541_80a6>
...
006 (49777.2198.000) 10/11 18:46:04 Image size of job updated: 750000
	655  -  MemoryUsage of job (MB)
	670396  -  ResidentSetSize of job (KB)
...
006 (49777.2198.000) 10/11 18:51:04 Image size of job updated: 1221832
	1178  -  MemoryUsage of job (MB)
	1205296  -  ResidentSetSize of job (KB)
...
006 (49777.2198.000) 10/11 18:56:05 Image size of job updated: 1863616
	1774  -  MemoryUsage of job (MB)
	1816244  -  ResidentSetSize of job (KB)
...
006 (49777.2198.000) 10/11 19:01:06 Image size of job updated: 2459588
	2353  -  MemoryUsage of job (MB)
	2408468  -  ResidentSetSize of job (KB)
...
006 (49777.2198.000) 10/11 19:03:14 Image size of job updated: 2685960
	2353  -  MemoryUsage of job (MB)
	2408468  -  ResidentSetSize of job (KB)
...
005 (49777.2198.000) 10/11 19:03:14 Job terminated.
	(1) Normal termination (return value 0)
		Usr 0 00:22:11, Sys 0 00:00:04  -  Run Remote Usage
		Usr 0 00:00:00, Sys 0 00:00:00  -  Run Local Usage
		Usr 0 00:24:07, Sys 0 00:00:04  -  Total Remote Usage
		Usr 0 00:00:00, Sys 0 00:00:00  -  Total Local Usage
	173374  -  Run Bytes Sent By Job
	316843968  -  Run Bytes Received By Job
	173374  -  Total Bytes Sent By Job
	633687936  -  Total Bytes Received By Job
	Partitionable Resources :     Usage  Request Allocated 
	   Cpus                 :      0.99        1         1 
	   Disk (KB)            : 325000      819200  18192444 
	   Gpus                 :                            0 
	   Ioheavy              :                            0 
	   Memory (MB)          :   2353       20480     21341 
...
