000 (49777.198.000) 10/11 10:48:08 Job submitted from host: <144.92.142.142:9618?addrs=144.92.142.142-9618&noUDP&sock=44923_051a_3>
...
001 (49777.198.000) 10/11 12:14:54 Job executing on host: <128.105.68.52:9618?addrs=128.105.68.52-9618&alias=e2482.chtc.wisc.edu&noUDP&sock=startd_4866_3fee>
...
006 (49777.198.000) 10/11 12:15:03 Image size of job updated: 105384
	103  -  MemoryUsage of job (MB)
	105384  -  ResidentSetSize of job (KB)
...
006 (49777.198.000) 10/11 12:20:03 Image size of job updated: 722712
	656  -  MemoryUsage of job (MB)
	671000  -  ResidentSetSize of job (KB)
...
006 (49777.198.000) 10/11 12:25:03 Image size of job updated: 790084
	723  -  MemoryUsage of job (MB)
	740036  -  ResidentSetSize of job (KB)
...
006 (49777.198.000) 10/11 12:30:04 Image size of job updated: 933344
	861  -  MemoryUsage of job (MB)
	881276  -  ResidentSetSize of job (KB)
...
006 (49777.198.000) 10/11 12:35:05 Image size of job updated: 1053140
	984  -  MemoryUsage of job (MB)
	1007600  -  ResidentSetSize of job (KB)
...
006 (49777.198.000) 10/11 12:40:05 Image size of job updated: 1189916
	1116  -  MemoryUsage of job (MB)
	1142372  -  ResidentSetSize of job (KB)
...
006 (49777.198.000) 10/11 12:43:52 Image size of job updated: 1292380
	1116  -  MemoryUsage of job (MB)
	1142372  -  ResidentSetSize of job (KB)
...
005 (49777.198.000) 10/11 12:43:52 Job terminated.
	(1) Normal termination (return value 0)
		Usr 0 00:27:59, Sys 0 00:00:02  -  Run Remote Usage
		Usr 0 00:00:00, Sys 0 00:00:00  -  Run Local Usage
		Usr 0 00:27:59, Sys 0 00:00:02  -  Total Remote Usage
		Usr 0 00:00:00, Sys 0 00:00:00  -  Total Local Usage
	172905  -  Run Bytes Sent By Job
	316855744  -  Run Bytes Received By Job
	172905  -  Total Bytes Sent By Job
	316855744  -  Total Bytes Received By Job
	Partitionable Resources :     Usage  Request Allocated 
	   Cpus                 :      0.98        1         1 
	   Disk (KB)            : 325000      819200   1699516 
	   Memory (MB)          :   1116       20480     20480 
...
