000 (49777.1735.000) 10/11 10:48:12 Job submitted from host: <144.92.142.142:9618?addrs=144.92.142.142-9618&noUDP&sock=44923_051a_3>
...
001 (49777.1735.000) 10/11 17:27:37 Job executing on host: <128.105.68.23:9618?addrs=128.105.68.23-9618&alias=gpulab2004.chtc.wisc.edu&noUDP&sock=startd_62541_80a6>
...
006 (49777.1735.000) 10/11 17:27:46 Image size of job updated: 156940
	104  -  MemoryUsage of job (MB)
	105820  -  ResidentSetSize of job (KB)
...
006 (49777.1735.000) 10/11 17:32:47 Image size of job updated: 724332
	658  -  MemoryUsage of job (MB)
	673220  -  ResidentSetSize of job (KB)
...
006 (49777.1735.000) 10/11 17:37:48 Image size of job updated: 924024
	853  -  MemoryUsage of job (MB)
	872896  -  ResidentSetSize of job (KB)
...
006 (49777.1735.000) 10/11 17:42:48 Image size of job updated: 1166940
	1096  -  MemoryUsage of job (MB)
	1121812  -  ResidentSetSize of job (KB)
...
006 (49777.1735.000) 10/11 17:47:49 Image size of job updated: 1441284
	1358  -  MemoryUsage of job (MB)
	1390072  -  ResidentSetSize of job (KB)
...
006 (49777.1735.000) 10/11 17:49:37 Image size of job updated: 1530844
	1358  -  MemoryUsage of job (MB)
	1390072  -  ResidentSetSize of job (KB)
...
005 (49777.1735.000) 10/11 17:49:37 Job terminated.
	(1) Normal termination (return value 0)
		Usr 0 00:21:55, Sys 0 00:00:02  -  Run Remote Usage
		Usr 0 00:00:00, Sys 0 00:00:00  -  Run Local Usage
		Usr 0 00:21:55, Sys 0 00:00:02  -  Total Remote Usage
		Usr 0 00:00:00, Sys 0 00:00:00  -  Total Local Usage
	173531  -  Run Bytes Sent By Job
	316887328  -  Run Bytes Received By Job
	173531  -  Total Bytes Sent By Job
	316887328  -  Total Bytes Received By Job
	Partitionable Resources :     Usage  Request Allocated 
	   Cpus                 :      1.00        1         1 
	   Disk (KB)            : 325000      819200  18192444 
	   Gpus                 :                            0 
	   Ioheavy              :                            0 
	   Memory (MB)          :   1358       20480     21341 
...
