./CVN -f config_condor.txt -x50 -v1 -l TFs_OGs.txt -n AllGenes149.txt -d celltype_tree_ancestor.txt -m testdata_ogids.txt -s celltype_order.txt -p 0.2 -c yes -b -4 -q 4
(cluster3|cluster8) p_maintain_edge=0.8 p_gain=0.2
(cluster2|cluster3) p_maintain_edge=0.8 p_gain=0.2
(cluster1|cluster2) p_maintain_edge=0.8 p_gain=0.2
(cluster6|cluster2) p_maintain_edge=0.8 p_gain=0.2
(cluster9|cluster6) p_maintain_edge=0.8 p_gain=0.2
(cluster10|cluster6) p_maintain_edge=0.8 p_gain=0.2
(cluster7|cluster10) p_maintain_edge=0.8 p_gain=0.2
speciesSet.size()=8 Root is cluster8
MappedOrthogroupReader::readSpeciesMapping() --- celltype_order.txt
MappedOrthogroupReader::readFile - testdata_ogids.txt
MappedOrthogroupReader::generateGeneOrthoMap()
MetaLearner::init_onefold() read:config_condor.txt
MetaLearner::setinputVariableNames number of variables: 2042
readEvidenceTable:cluster8.table
PotentialManager::loadEvidenceFromTable varCount=2042 sampleCount=348
motifNetwork.size() = 319
0=cluster8 motifNetwork=cluster8_network.txt
variable size=2042
readEvidenceTable:cluster3.table
PotentialManager::loadEvidenceFromTable varCount=2042 sampleCount=95
motifNetwork.size() = 326
1=cluster3 motifNetwork=cluster3_network.txt
variable size=2042
readEvidenceTable:cluster2.table
PotentialManager::loadEvidenceFromTable varCount=2042 sampleCount=386
motifNetwork.size() = 328
2=cluster2 motifNetwork=cluster2_network.txt
variable size=2042
readEvidenceTable:cluster1.table
PotentialManager::loadEvidenceFromTable varCount=2042 sampleCount=36
motifNetwork.size() = 322
3=cluster1 motifNetwork=cluster1_network.txt
variable size=2042
readEvidenceTable:cluster6.table
PotentialManager::loadEvidenceFromTable varCount=2042 sampleCount=524
motifNetwork.size() = 320
4=cluster6 motifNetwork=cluster6_network.txt
variable size=2042
readEvidenceTable:cluster9.table
PotentialManager::loadEvidenceFromTable varCount=2042 sampleCount=184
motifNetwork.size() = 327
5=cluster9 motifNetwork=cluster9_network.txt
variable size=2042
readEvidenceTable:cluster10.table
PotentialManager::loadEvidenceFromTable varCount=2042 sampleCount=165
motifNetwork.size() = 326
6=cluster10 motifNetwork=cluster10_network.txt
variable size=2042
readEvidenceTable:cluster7.table
PotentialManager::loadEvidenceFromTable varCount=2042 sampleCount=1032
motifNetwork.size() = 320
7=cluster7 motifNetwork=cluster7_network.txt
variable size=2042
-------------------------------------------------------------
MetaLearner::start
precomputeEmptyGraphPrior
binkey=0 [Edge status: 0 0 0 0 0 0 0 0 ] P(G)=P(cluster8=0)[0.8] * P(cluster1=0|cluster2=0) * P(cluster9=0|cluster6=0) * P(cluster7=0|cluster10=0) * P(cluster10=0|cluster6=0) * P(cluster6=0|cluster2=0) * P(cluster2=0|cluster3=0) * P(cluster3=0|cluster8=0)[0.209715]=0.167772
condsetMap_Tree
0 cluster8=0 cluster3=0 cluster2=0 cluster1=0 cluster6=0 cluster9=0 cluster10=0 cluster7=1
1 cluster8=0 cluster3=0 cluster2=0 cluster1=0 cluster6=0 cluster9=1 cluster10=0 cluster7=0
2 cluster8=0 cluster3=0 cluster2=0 cluster1=0 cluster6=0 cluster9=1 cluster10=0 cluster7=1
3 cluster8=0 cluster3=0 cluster2=0 cluster1=1 cluster6=0 cluster9=0 cluster10=0 cluster7=0
4 cluster8=0 cluster3=0 cluster2=0 cluster1=1 cluster6=0 cluster9=0 cluster10=0 cluster7=1
5 cluster8=0 cluster3=0 cluster2=0 cluster1=1 cluster6=0 cluster9=1 cluster10=0 cluster7=0
6 cluster8=0 cluster3=0 cluster2=0 cluster1=1 cluster6=0 cluster9=1 cluster10=0 cluster7=1
7 cluster8=0 cluster3=0 cluster2=0 cluster1=0 cluster6=0 cluster9=0 cluster10=1 cluster7=1
8 cluster8=0 cluster3=0 cluster2=0 cluster1=0 cluster6=0 cluster9=1 cluster10=1 cluster7=1
9 cluster8=0 cluster3=0 cluster2=0 cluster1=1 cluster6=0 cluster9=0 cluster10=1 cluster7=1
10 cluster8=0 cluster3=0 cluster2=0 cluster1=1 cluster6=0 cluster9=1 cluster10=1 cluster7=1
11 cluster8=0 cluster3=0 cluster2=0 cluster1=0 cluster6=1 cluster9=1 cluster10=1 cluster7=1
12 cluster8=0 cluster3=0 cluster2=0 cluster1=1 cluster6=1 cluster9=1 cluster10=1 cluster7=1
13 cluster8=0 cluster3=0 cluster2=1 cluster1=1 cluster6=1 cluster9=1 cluster10=1 cluster7=1
14 cluster8=0 cluster3=1 cluster2=1 cluster1=1 cluster6=1 cluster9=1 cluster10=1 cluster7=1
15 cluster8=1 cluster3=1 cluster2=1 cluster1=1 cluster6=1 cluster9=1 cluster10=1 cluster7=1
16 cluster8=1 cluster3=1 cluster2=1 cluster1=1 cluster6=1 cluster9=1 cluster10=1 cluster7=0
17 cluster8=1 cluster3=1 cluster2=1 cluster1=1 cluster6=1 cluster9=0 cluster10=1 cluster7=1
18 cluster8=1 cluster3=1 cluster2=1 cluster1=1 cluster6=1 cluster9=0 cluster10=1 cluster7=0
19 cluster8=1 cluster3=1 cluster2=1 cluster1=0 cluster6=1 cluster9=1 cluster10=1 cluster7=1
20 cluster8=1 cluster3=1 cluster2=1 cluster1=0 cluster6=1 cluster9=1 cluster10=1 cluster7=0
21 cluster8=1 cluster3=1 cluster2=1 cluster1=0 cluster6=1 cluster9=0 cluster10=1 cluster7=1
22 cluster8=1 cluster3=1 cluster2=1 cluster1=0 cluster6=1 cluster9=0 cluster10=1 cluster7=0
23 cluster8=1 cluster3=1 cluster2=1 cluster1=1 cluster6=1 cluster9=1 cluster10=0 cluster7=0
24 cluster8=1 cluster3=1 cluster2=1 cluster1=1 cluster6=1 cluster9=0 cluster10=0 cluster7=0
25 cluster8=1 cluster3=1 cluster2=1 cluster1=0 cluster6=1 cluster9=1 cluster10=0 cluster7=0
26 cluster8=1 cluster3=1 cluster2=1 cluster1=0 cluster6=1 cluster9=0 cluster10=0 cluster7=0
27 cluster8=1 cluster3=1 cluster2=1 cluster1=1 cluster6=0 cluster9=0 cluster10=0 cluster7=0
28 cluster8=1 cluster3=1 cluster2=1 cluster1=0 cluster6=0 cluster9=0 cluster10=0 cluster7=0
29 cluster8=1 cluster3=1 cluster2=0 cluster1=0 cluster6=0 cluster9=0 cluster10=0 cluster7=0
30 cluster8=1 cluster3=0 cluster2=0 cluster1=0 cluster6=0 cluster9=0 cluster10=0 cluster7=0
31 cluster8=0 cluster3=0 cluster2=0 cluster1=0 cluster6=1 cluster9=0 cluster10=0 cluster7=0
32 cluster8=0 cluster3=0 cluster2=1 cluster1=0 cluster6=0 cluster9=0 cluster10=0 cluster7=0
33 cluster8=0 cluster3=0 cluster2=0 cluster1=0 cluster6=0 cluster9=0 cluster10=1 cluster7=0
34 cluster8=0 cluster3=1 cluster2=0 cluster1=0 cluster6=0 cluster9=0 cluster10=0 cluster7=0
inputRegulatorOGs.size() = 1999 inputOGList.size() = 50
binkey=1 [Edge status: 1 0 0 0 0 0 0 0 ] P(G)=P(cluster8=1)[0.2] * P(cluster1=0|cluster2=0) * P(cluster9=0|cluster6=0) * P(cluster7=0|cluster10=0) * P(cluster10=0|cluster6=0) * P(cluster6=0|cluster2=0) * P(cluster2=0|cluster3=0) * P(cluster3=0|cluster8=1)[0.0524288]=0.0104858
binkey=16 [Edge status: 0 0 0 0 1 0 0 0 ] P(G)=P(cluster8=0)[0.8] * P(cluster1=0|cluster2=0) * P(cluster9=0|cluster6=1) * P(cluster7=0|cluster10=0) * P(cluster10=0|cluster6=1) * P(cluster6=1|cluster2=0) * P(cluster2=0|cluster3=0) * P(cluster3=0|cluster8=0)[0.0032768]=0.00262144
binkey=4 [Edge status: 0 0 1 0 0 0 0 0 ] P(G)=P(cluster8=0)[0.8] * P(cluster1=0|cluster2=1) * P(cluster9=0|cluster6=0) * P(cluster7=0|cluster10=0) * P(cluster10=0|cluster6=0) * P(cluster6=0|cluster2=1) * P(cluster2=1|cluster3=0) * P(cluster3=0|cluster8=0)[0.0032768]=0.00262144
binkey=32 [Edge status: 0 0 0 0 0 1 0 0 ] P(G)=P(cluster8=0)[0.8] * P(cluster1=0|cluster2=0) * P(cluster9=1|cluster6=0) * P(cluster7=0|cluster10=0) * P(cluster10=0|cluster6=0) * P(cluster6=0|cluster2=0) * P(cluster2=0|cluster3=0) * P(cluster3=0|cluster8=0)[0.0524288]=0.041943
binkey=64 [Edge status: 0 0 0 0 0 0 1 0 ] P(G)=P(cluster8=0)[0.8] * P(cluster1=0|cluster2=0) * P(cluster9=0|cluster6=0) * P(cluster7=0|cluster10=1) * P(cluster10=1|cluster6=0) * P(cluster6=0|cluster2=0) * P(cluster2=0|cluster3=0) * P(cluster3=0|cluster8=0)[0.0131072]=0.0104858
binkey=128 [Edge status: 0 0 0 0 0 0 0 1 ] P(G)=P(cluster8=0)[0.8] * P(cluster1=0|cluster2=0) * P(cluster9=0|cluster6=0) * P(cluster7=1|cluster10=0) * P(cluster10=0|cluster6=0) * P(cluster6=0|cluster2=0) * P(cluster2=0|cluster3=0) * P(cluster3=0|cluster8=0)[0.0524288]=0.041943
binkey=192 [Edge status: 0 0 0 0 0 0 1 1 ] P(G)=P(cluster8=0)[0.8] * P(cluster1=0|cluster2=0) * P(cluster9=0|cluster6=0) * P(cluster7=1|cluster10=1) * P(cluster10=1|cluster6=0) * P(cluster6=0|cluster2=0) * P(cluster2=0|cluster3=0) * P(cluster3=0|cluster8=0)[0.0524288]=0.041943
binkey=160 [Edge status: 0 0 0 0 0 1 0 1 ] P(G)=P(cluster8=0)[0.8] * P(cluster1=0|cluster2=0) * P(cluster9=1|cluster6=0) * P(cluster7=1|cluster10=0) * P(cluster10=0|cluster6=0) * P(cluster6=0|cluster2=0) * P(cluster2=0|cluster3=0) * P(cluster3=0|cluster8=0)[0.0131072]=0.0104858
binkey=2 [Edge status: 0 1 0 0 0 0 0 0 ] P(G)=P(cluster8=0)[0.8] * P(cluster1=0|cluster2=0) * P(cluster9=0|cluster6=0) * P(cluster7=0|cluster10=0) * P(cluster10=0|cluster6=0) * P(cluster6=0|cluster2=0) * P(cluster2=0|cluster3=1) * P(cluster3=1|cluster8=0)[0.0131072]=0.0104858
binkey=3 [Edge status: 1 1 0 0 0 0 0 0 ] P(G)=P(cluster8=1)[0.2] * P(cluster1=0|cluster2=0) * P(cluster9=0|cluster6=0) * P(cluster7=0|cluster10=0) * P(cluster10=0|cluster6=0) * P(cluster6=0|cluster2=0) * P(cluster2=0|cluster3=1) * P(cluster3=1|cluster8=1)[0.0524288]=0.0104858
binkey=8 [Edge status: 0 0 0 1 0 0 0 0 ] P(G)=P(cluster8=0)[0.8] * P(cluster1=1|cluster2=0) * P(cluster9=0|cluster6=0) * P(cluster7=0|cluster10=0) * P(cluster10=0|cluster6=0) * P(cluster6=0|cluster2=0) * P(cluster2=0|cluster3=0) * P(cluster3=0|cluster8=0)[0.0524288]=0.041943
binkey=136 [Edge status: 0 0 0 1 0 0 0 1 ] P(G)=P(cluster8=0)[0.8] * P(cluster1=1|cluster2=0) * P(cluster9=0|cluster6=0) * P(cluster7=1|cluster10=0) * P(cluster10=0|cluster6=0) * P(cluster6=0|cluster2=0) * P(cluster2=0|cluster3=0) * P(cluster3=0|cluster8=0)[0.0131072]=0.0104858
binkey=200 [Edge status: 0 0 0 1 0 0 1 1 ] P(G)=P(cluster8=0)[0.8] * P(cluster1=1|cluster2=0) * P(cluster9=0|cluster6=0) * P(cluster7=1|cluster10=1) * P(cluster10=1|cluster6=0) * P(cluster6=0|cluster2=0) * P(cluster2=0|cluster3=0) * P(cluster3=0|cluster8=0)[0.0131072]=0.0104858
binkey=224 [Edge status: 0 0 0 0 0 1 1 1 ] P(G)=P(cluster8=0)[0.8] * P(cluster1=0|cluster2=0) * P(cluster9=1|cluster6=0) * P(cluster7=1|cluster10=1) * P(cluster10=1|cluster6=0) * P(cluster6=0|cluster2=0) * P(cluster2=0|cluster3=0) * P(cluster3=0|cluster8=0)[0.0131072]=0.0104858
binkey=240 [Edge status: 0 0 0 0 1 1 1 1 ] P(G)=P(cluster8=0)[0.8] * P(cluster1=0|cluster2=0) * P(cluster9=1|cluster6=1) * P(cluster7=1|cluster10=1) * P(cluster10=1|cluster6=1) * P(cluster6=1|cluster2=0) * P(cluster2=0|cluster3=0) * P(cluster3=0|cluster8=0)[0.0524288]=0.041943
binkey=40 [Edge status: 0 0 0 1 0 1 0 0 ] P(G)=P(cluster8=0)[0.8] * P(cluster1=1|cluster2=0) * P(cluster9=1|cluster6=0) * P(cluster7=0|cluster10=0) * P(cluster10=0|cluster6=0) * P(cluster6=0|cluster2=0) * P(cluster2=0|cluster3=0) * P(cluster3=0|cluster8=0)[0.0131072]=0.0104858
binkey=7 [Edge status: 1 1 1 0 0 0 0 0 ] P(G)=P(cluster8=1)[0.2] * P(cluster1=0|cluster2=1) * P(cluster9=0|cluster6=0) * P(cluster7=0|cluster10=0) * P(cluster10=0|cluster6=0) * P(cluster6=0|cluster2=1) * P(cluster2=1|cluster3=1) * P(cluster3=1|cluster8=1)[0.0131072]=0.00262144
binkey=168 [Edge status: 0 0 0 1 0 1 0 1 ] P(G)=P(cluster8=0)[0.8] * P(cluster1=1|cluster2=0) * P(cluster9=1|cluster6=0) * P(cluster7=1|cluster10=0) * P(cluster10=0|cluster6=0) * P(cluster6=0|cluster2=0) * P(cluster2=0|cluster3=0) * P(cluster3=0|cluster8=0)[0.0032768]=0.00262144
binkey=232 [Edge status: 0 0 0 1 0 1 1 1 ] P(G)=P(cluster8=0)[0.8] * P(cluster1=1|cluster2=0) * P(cluster9=1|cluster6=0) * P(cluster7=1|cluster10=1) * P(cluster10=1|cluster6=0) * P(cluster6=0|cluster2=0) * P(cluster2=0|cluster3=0) * P(cluster3=0|cluster8=0)[0.0032768]=0.00262144
binkey=248 [Edge status: 0 0 0 1 1 1 1 1 ] P(G)=P(cluster8=0)[0.8] * P(cluster1=1|cluster2=0) * P(cluster9=1|cluster6=1) * P(cluster7=1|cluster10=1) * P(cluster10=1|cluster6=1) * P(cluster6=1|cluster2=0) * P(cluster2=0|cluster3=0) * P(cluster3=0|cluster8=0)[0.0131072]=0.0104858
binkey=252 [Edge status: 0 0 1 1 1 1 1 1 ] P(G)=P(cluster8=0)[0.8] * P(cluster1=1|cluster2=1) * P(cluster9=1|cluster6=1) * P(cluster7=1|cluster10=1) * P(cluster10=1|cluster6=1) * P(cluster6=1|cluster2=1) * P(cluster2=1|cluster3=0) * P(cluster3=0|cluster8=0)[0.0524288]=0.041943
binkey=247 [Edge status: 1 1 1 0 1 1 1 1 ] P(G)=P(cluster8=1)[0.2] * P(cluster1=0|cluster2=1) * P(cluster9=1|cluster6=1) * P(cluster7=1|cluster10=1) * P(cluster10=1|cluster6=1) * P(cluster6=1|cluster2=1) * P(cluster2=1|cluster3=1) * P(cluster3=1|cluster8=1)[0.0524288]=0.0104858
binkey=119 [Edge status: 1 1 1 0 1 1 1 0 ] P(G)=P(cluster8=1)[0.2] * P(cluster1=0|cluster2=1) * P(cluster9=1|cluster6=1) * P(cluster7=0|cluster10=1) * P(cluster10=1|cluster6=1) * P(cluster6=1|cluster2=1) * P(cluster2=1|cluster3=1) * P(cluster3=1|cluster8=1)[0.0131072]=0.00262144
binkey=215 [Edge status: 1 1 1 0 1 0 1 1 ] P(G)=P(cluster8=1)[0.2] * P(cluster1=0|cluster2=1) * P(cluster9=0|cluster6=1) * P(cluster7=1|cluster10=1) * P(cluster10=1|cluster6=1) * P(cluster6=1|cluster2=1) * P(cluster2=1|cluster3=1) * P(cluster3=1|cluster8=1)[0.0131072]=0.00262144
binkey=87 [Edge status: 1 1 1 0 1 0 1 0 ] P(G)=P(cluster8=1)[0.2] * P(cluster1=0|cluster2=1) * P(cluster9=0|cluster6=1) * P(cluster7=0|cluster10=1) * P(cluster10=1|cluster6=1) * P(cluster6=1|cluster2=1) * P(cluster2=1|cluster3=1) * P(cluster3=1|cluster8=1)[0.0032768]=0.00065536
binkey=55 [Edge status: 1 1 1 0 1 1 0 0 ] P(G)=P(cluster8=1)[0.2] * P(cluster1=0|cluster2=1) * P(cluster9=1|cluster6=1) * P(cluster7=0|cluster10=0) * P(cluster10=0|cluster6=1) * P(cluster6=1|cluster2=1) * P(cluster2=1|cluster3=1) * P(cluster3=1|cluster8=1)[0.0131072]=0.00262144
binkey=23 [Edge status: 1 1 1 0 1 0 0 0 ] P(G)=P(cluster8=1)[0.2] * P(cluster1=0|cluster2=1) * P(cluster9=0|cluster6=1) * P(cluster7=0|cluster10=0) * P(cluster10=0|cluster6=1) * P(cluster6=1|cluster2=1) * P(cluster2=1|cluster3=1) * P(cluster3=1|cluster8=1)[0.0032768]=0.00065536
binkey=254 [Edge status: 0 1 1 1 1 1 1 1 ] P(G)=P(cluster8=0)[0.8] * P(cluster1=1|cluster2=1) * P(cluster9=1|cluster6=1) * P(cluster7=1|cluster10=1) * P(cluster10=1|cluster6=1) * P(cluster6=1|cluster2=1) * P(cluster2=1|cluster3=1) * P(cluster3=1|cluster8=0)[0.0524288]=0.041943
binkey=255 [Edge status: 1 1 1 1 1 1 1 1 ] P(G)=P(cluster8=1)[0.2] * P(cluster1=1|cluster2=1) * P(cluster9=1|cluster6=1) * P(cluster7=1|cluster10=1) * P(cluster10=1|cluster6=1) * P(cluster6=1|cluster2=1) * P(cluster2=1|cluster3=1) * P(cluster3=1|cluster8=1)[0.209715]=0.041943
binkey=127 [Edge status: 1 1 1 1 1 1 1 0 ] P(G)=P(cluster8=1)[0.2] * P(cluster1=1|cluster2=1) * P(cluster9=1|cluster6=1) * P(cluster7=0|cluster10=1) * P(cluster10=1|cluster6=1) * P(cluster6=1|cluster2=1) * P(cluster2=1|cluster3=1) * P(cluster3=1|cluster8=1)[0.0524288]=0.0104858
binkey=223 [Edge status: 1 1 1 1 1 0 1 1 ] P(G)=P(cluster8=1)[0.2] * P(cluster1=1|cluster2=1) * P(cluster9=0|cluster6=1) * P(cluster7=1|cluster10=1) * P(cluster10=1|cluster6=1) * P(cluster6=1|cluster2=1) * P(cluster2=1|cluster3=1) * P(cluster3=1|cluster8=1)[0.0524288]=0.0104858
binkey=95 [Edge status: 1 1 1 1 1 0 1 0 ] P(G)=P(cluster8=1)[0.2] * P(cluster1=1|cluster2=1) * P(cluster9=0|cluster6=1) * P(cluster7=0|cluster10=1) * P(cluster10=1|cluster6=1) * P(cluster6=1|cluster2=1) * P(cluster2=1|cluster3=1) * P(cluster3=1|cluster8=1)[0.0131072]=0.00262144
binkey=63 [Edge status: 1 1 1 1 1 1 0 0 ] P(G)=P(cluster8=1)[0.2] * P(cluster1=1|cluster2=1) * P(cluster9=1|cluster6=1) * P(cluster7=0|cluster10=0) * P(cluster10=0|cluster6=1) * P(cluster6=1|cluster2=1) * P(cluster2=1|cluster3=1) * P(cluster3=1|cluster8=1)[0.0524288]=0.0104858
binkey=31 [Edge status: 1 1 1 1 1 0 0 0 ] P(G)=P(cluster8=1)[0.2] * P(cluster1=1|cluster2=1) * P(cluster9=0|cluster6=1) * P(cluster7=0|cluster10=0) * P(cluster10=0|cluster6=1) * P(cluster6=1|cluster2=1) * P(cluster2=1|cluster3=1) * P(cluster3=1|cluster8=1)[0.0131072]=0.00262144
binkey=15 [Edge status: 1 1 1 1 0 0 0 0 ] P(G)=P(cluster8=1)[0.2] * P(cluster1=1|cluster2=1) * P(cluster9=0|cluster6=0) * P(cluster7=0|cluster10=0) * P(cluster10=0|cluster6=0) * P(cluster6=0|cluster2=1) * P(cluster2=1|cluster3=1) * P(cluster3=1|cluster8=1)[0.0524288]=0.0104858
ITERATION 0 newScore=-2.72338e+06 diffscore=19731.1 priorChange=-103.972 successMove=80
ITERATION 1 newScore=-2.71188e+06 diffscore=11501.2 priorChange=-119.221 successMove=71
ITERATION 2 newScore=-2.70691e+06 diffscore=4969.45 priorChange=-115.062 successMove=64
ITERATION 3 newScore=-2.70298e+06 diffscore=3921.64 priorChange=-108.131 successMove=55
ITERATION 4 newScore=-2.69386e+06 diffscore=9129.4 priorChange=-109.517 successMove=62
ITERATION 5 newScore=-2.69066e+06 diffscore=3199.87 priorChange=-115.062 successMove=52
ITERATION 6 newScore=-2.68634e+06 diffscore=4316.97 priorChange=-112.29 successMove=54
ITERATION 7 newScore=-2.68193e+06 diffscore=4412.53 priorChange=-116.449 successMove=56
ITERATION 8 newScore=-2.68029e+06 diffscore=1632.14 priorChange=-106.745 successMove=52
ITERATION 9 newScore=-2.67512e+06 diffscore=5174.25 priorChange=-109.517 successMove=59
ITERATION 10 newScore=-2.6712e+06 diffscore=3919.87 priorChange=-101.199 successMove=51
ITERATION 11 newScore=-2.6703e+06 diffscore=902.689 priorChange=-108.131 successMove=52
ITERATION 12 newScore=-2.66306e+06 diffscore=7236.01 priorChange=-108.131 successMove=52
ITERATION 13 newScore=-2.66187e+06 diffscore=1190.45 priorChange=-106.745 successMove=52
ITERATION 14 newScore=-2.6557e+06 diffscore=6175.13 priorChange=-110.904 successMove=56
ITERATION 15 newScore=-2.65497e+06 diffscore=728.695 priorChange=-123.38 successMove=53
ITERATION 16 newScore=-2.65374e+06 diffscore=1222.66 priorChange=-110.904 successMove=53
ITERATION 17 newScore=-2.65098e+06 diffscore=2762.21 priorChange=-101.199 successMove=53
ITERATION 18 newScore=-2.65031e+06 diffscore=672.99 priorChange=-115.062 successMove=50
ITERATION 19 newScore=-2.64595e+06 diffscore=4357.81 priorChange=-98.4269 successMove=49
ITERATION 20 newScore=-2.64249e+06 diffscore=3457.03 priorChange=-103.972 successMove=49
ITERATION 21 newScore=-2.64047e+06 diffscore=2022.54 priorChange=-108.131 successMove=51
ITERATION 22 newScore=-2.63769e+06 diffscore=2786.05 priorChange=-117.835 successMove=50
ITERATION 23 newScore=-2.63406e+06 diffscore=3629.29 priorChange=-99.8132 successMove=50
ITERATION 24 newScore=-2.63265e+06 diffscore=1409.48 priorChange=-124.766 successMove=49
ITERATION 25 newScore=-2.63125e+06 diffscore=1399.7 priorChange=-119.221 successMove=50
ITERATION 26 newScore=-2.63001e+06 diffscore=1234.45 priorChange=-108.131 successMove=52
ITERATION 27 newScore=-2.6296e+06 diffscore=412.75 priorChange=-103.972 successMove=49
ITERATION 28 newScore=-2.628e+06 diffscore=1596.89 priorChange=-108.131 successMove=49
ITERATION 29 newScore=-2.6276e+06 diffscore=404.27 priorChange=-98.4269 successMove=49
ITERATION 30 newScore=-2.62716e+06 diffscore=442.24 priorChange=-115.062 successMove=52
ITERATION 31 newScore=-2.62637e+06 diffscore=786.105 priorChange=-101.199 successMove=56
ITERATION 32 newScore=-2.62361e+06 diffscore=2755.38 priorChange=-98.4269 successMove=50
ITERATION 33 newScore=-2.62319e+06 diffscore=427.489 priorChange=-97.0406 successMove=49
ITERATION 34 newScore=-2.6227e+06 diffscore=482.423 priorChange=-108.131 successMove=50
ITERATION 35 newScore=-2.62222e+06 diffscore=483.426 priorChange=-108.131 successMove=50
ITERATION 36 newScore=-2.62083e+06 diffscore=1391.08 priorChange=-108.131 successMove=48
ITERATION 37 newScore=-2.61922e+06 diffscore=1608.08 priorChange=-105.358 successMove=49
ITERATION 38 newScore=-2.61726e+06 diffscore=1957.72 priorChange=-105.358 successMove=48
ITERATION 39 newScore=-2.61635e+06 diffscore=917.929 priorChange=-98.4269 successMove=47
ITERATION 40 newScore=-2.61292e+06 diffscore=3429.52 priorChange=-87.3365 successMove=46
ITERATION 41 newScore=-2.61122e+06 diffscore=1692.94 priorChange=-88.7228 successMove=47
ITERATION 42 newScore=-2.61077e+06 diffscore=452.184 priorChange=-108.131 successMove=46
ITERATION 43 newScore=-2.6101e+06 diffscore=667.254 priorChange=-92.8817 successMove=46
ITERATION 44 newScore=-2.60841e+06 diffscore=1692.74 priorChange=-88.7228 successMove=47
ITERATION 45 newScore=-2.60797e+06 diffscore=445.809 priorChange=-84.564 successMove=47
ITERATION 46 newScore=-2.60644e+06 diffscore=1530.53 priorChange=-91.4954 successMove=46
ITERATION 47 newScore=-2.60527e+06 diffscore=1167.54 priorChange=-87.3365 successMove=47
ITERATION 48 newScore=-2.60392e+06 diffscore=1351.96 priorChange=-91.4954 successMove=46
ITERATION 49 newScore=-2.60246e+06 diffscore=1451.1 priorChange=-101.199 successMove=47
ITERATION 50 newScore=-2.60218e+06 diffscore=284.636 priorChange=-84.564 successMove=44
ITERATION 51 newScore=-2.6019e+06 diffscore=278.841 priorChange=-84.564 successMove=42
ITERATION 52 newScore=-2.60126e+06 diffscore=636.796 priorChange=-91.4954 successMove=42
ITERATION 53 newScore=-2.5991e+06 diffscore=2163.88 priorChange=-88.7228 successMove=46
ITERATION 54 newScore=-2.59887e+06 diffscore=230.096 priorChange=-83.1777 successMove=44
ITERATION 55 newScore=-2.59859e+06 diffscore=275.836 priorChange=-88.7228 successMove=44
ITERATION 56 newScore=-2.59738e+06 diffscore=1210.77 priorChange=-77.6325 successMove=40
ITERATION 57 newScore=-2.59713e+06 diffscore=258.955 priorChange=-84.564 successMove=41
ITERATION 58 newScore=-2.59688e+06 diffscore=249.479 priorChange=-81.7914 successMove=39
ITERATION 59 newScore=-2.59659e+06 diffscore=290.163 priorChange=-69.3147 successMove=38
ITERATION 60 newScore=-2.59542e+06 diffscore=1170.28 priorChange=-74.8599 successMove=38
ITERATION 61 newScore=-2.59511e+06 diffscore=308.991 priorChange=-83.1777 successMove=35
ITERATION 62 newScore=-2.59303e+06 diffscore=2074.69 priorChange=-85.9503 successMove=35
ITERATION 63 newScore=-2.59247e+06 diffscore=560.962 priorChange=-56.8381 successMove=35
ITERATION 64 newScore=-2.59129e+06 diffscore=1182.52 priorChange=-59.6107 successMove=33
ITERATION 65 newScore=-2.59115e+06 diffscore=138.244 priorChange=-62.3832 successMove=28
ITERATION 66 newScore=-2.58987e+06 diffscore=1276.59 priorChange=-56.8381 successMove=27
ITERATION 67 newScore=-2.58976e+06 diffscore=108.875 priorChange=-58.2244 successMove=28
ITERATION 68 newScore=-2.58967e+06 diffscore=98.2278 priorChange=-51.2929 successMove=25
ITERATION 69 newScore=-2.58955e+06 diffscore=112.408 priorChange=-47.134 successMove=24
ITERATION 70 newScore=-2.58943e+06 diffscore=124.45 priorChange=-58.2244 successMove=23
ITERATION 71 newScore=-2.58931e+06 diffscore=120.644 priorChange=-56.8381 successMove=23
ITERATION 72 newScore=-2.58921e+06 diffscore=95.5831 priorChange=-37.4299 successMove=23
ITERATION 73 newScore=-2.58911e+06 diffscore=102.699 priorChange=-44.3614 successMove=21
ITERATION 74 newScore=-2.58899e+06 diffscore=118.905 priorChange=-41.5888 successMove=20
ITERATION 75 newScore=-2.58887e+06 diffscore=122.332 priorChange=-42.9751 successMove=20
ITERATION 76 newScore=-2.58847e+06 diffscore=394.63 priorChange=-45.7477 successMove=18
ITERATION 77 newScore=-2.58757e+06 diffscore=900.306 priorChange=-44.3614 successMove=18
ITERATION 78 newScore=-2.5875e+06 diffscore=77.5416 priorChange=-26.3396 successMove=19
ITERATION 79 newScore=-2.58739e+06 diffscore=108.272 priorChange=-33.2711 successMove=17
ITERATION 80 newScore=-2.58665e+06 diffscore=737.005 priorChange=-30.4985 successMove=16
ITERATION 81 newScore=-2.58654e+06 diffscore=112.516 priorChange=-30.4985 successMove=14
ITERATION 82 newScore=-2.58642e+06 diffscore=115.726 priorChange=-24.9533 successMove=14
ITERATION 83 newScore=-2.58525e+06 diffscore=1174.8 priorChange=-34.6574 successMove=14
ITERATION 84 newScore=-2.58516e+06 diffscore=88.1703 priorChange=-33.2711 successMove=14
ITERATION 85 newScore=-2.58511e+06 diffscore=45.3486 priorChange=-22.1807 successMove=11
ITERATION 86 newScore=-2.58505e+06 diffscore=60.2222 priorChange=-24.9533 successMove=11
ITERATION 87 newScore=-2.58501e+06 diffscore=46.2188 priorChange=-20.7944 successMove=11
ITERATION 88 newScore=-2.58495e+06 diffscore=54.8125 priorChange=-22.1807 successMove=11
ITERATION 89 newScore=-2.58489e+06 diffscore=63.2796 priorChange=-20.7944 successMove=9
ITERATION 90 newScore=-2.58451e+06 diffscore=384.703 priorChange=-18.0218 successMove=9
ITERATION 91 newScore=-2.58444e+06 diffscore=61.7622 priorChange=-20.7944 successMove=9
ITERATION 92 newScore=-2.58413e+06 diffscore=313.339 priorChange=-15.2492 successMove=7
ITERATION 93 newScore=-2.58406e+06 diffscore=73.1751 priorChange=-16.6355 successMove=8
ITERATION 94 newScore=-2.58388e+06 diffscore=178.874 priorChange=-15.2492 successMove=7
ITERATION 95 newScore=-2.58283e+06 diffscore=1049.15 priorChange=-13.8629 successMove=7
ITERATION 96 newScore=-2.58267e+06 diffscore=154.906 priorChange=-13.8629 successMove=6
ITERATION 97 newScore=-2.5825e+06 diffscore=178.913 priorChange=-11.0904 successMove=6
ITERATION 98 newScore=-2.58063e+06 diffscore=1869.12 priorChange=-13.8629 successMove=6
ITERATION 99 newScore=-2.58061e+06 diffscore=17.0055 priorChange=-6.93147 successMove=6
MetaLearner::dumpAllGraphs
Final Score -2.58061e+06
MetaLearner::start runtime: 1018333656 ms
Results/
Results/cluster8/
Results/cluster8/fold0/
Results/cluster8/fold0/var_mb_pw_k50.txt
Results/cluster8/fold0/modelparams.txt
Results/cluster8/scoreFile.txt
Results/cluster3/
Results/cluster3/fold0/
Results/cluster3/fold0/var_mb_pw_k50.txt
Results/cluster3/fold0/modelparams.txt
Results/cluster2/
Results/cluster2/fold0/
Results/cluster2/fold0/var_mb_pw_k50.txt
Results/cluster2/fold0/modelparams.txt
Results/cluster1/
Results/cluster1/fold0/
Results/cluster1/fold0/var_mb_pw_k50.txt
Results/cluster1/fold0/modelparams.txt
Results/cluster6/
Results/cluster6/fold0/
Results/cluster6/fold0/var_mb_pw_k50.txt
Results/cluster6/fold0/modelparams.txt
Results/cluster9/
Results/cluster9/fold0/
Results/cluster9/fold0/var_mb_pw_k50.txt
Results/cluster9/fold0/modelparams.txt
Results/cluster10/
Results/cluster10/fold0/
Results/cluster10/fold0/var_mb_pw_k50.txt
Results/cluster10/fold0/modelparams.txt
Results/cluster7/
Results/cluster7/fold0/
Results/cluster7/fold0/var_mb_pw_k50.txt
Results/cluster7/fold0/modelparams.txt
