000 (49777.2136.000) 10/11 10:48:13 Job submitted from host: <144.92.142.142:9618?addrs=144.92.142.142-9618&noUDP&sock=44923_051a_3>
...
001 (49777.2136.000) 10/11 18:30:46 Job executing on host: <128.105.68.16:9618?addrs=128.105.68.16-9618&alias=coba2000.chtc.wisc.edu&noUDP&sock=startd_7305_336c>
...
006 (49777.2136.000) 10/11 18:30:54 Image size of job updated: 156556
	103  -  MemoryUsage of job (MB)
	105312  -  ResidentSetSize of job (KB)
...
006 (49777.2136.000) 10/11 18:35:54 Image size of job updated: 722412
	665  -  MemoryUsage of job (MB)
	680068  -  ResidentSetSize of job (KB)
...
006 (49777.2136.000) 10/11 18:40:55 Image size of job updated: 1064124
	990  -  MemoryUsage of job (MB)
	1013624  -  ResidentSetSize of job (KB)
...
006 (49777.2136.000) 10/11 18:45:56 Image size of job updated: 1639980
	1586  -  MemoryUsage of job (MB)
	1623688  -  ResidentSetSize of job (KB)
...
006 (49777.2136.000) 10/11 18:50:56 Image size of job updated: 2279128
	2179  -  MemoryUsage of job (MB)
	2230720  -  ResidentSetSize of job (KB)
...
006 (49777.2136.000) 10/11 18:52:49 Image size of job updated: 2502988
	2179  -  MemoryUsage of job (MB)
	2230720  -  ResidentSetSize of job (KB)
...
005 (49777.2136.000) 10/11 18:52:49 Job terminated.
	(1) Normal termination (return value 0)
		Usr 0 00:21:50, Sys 0 00:00:05  -  Run Remote Usage
		Usr 0 00:00:00, Sys 0 00:00:00  -  Run Local Usage
		Usr 0 00:21:50, Sys 0 00:00:05  -  Total Remote Usage
		Usr 0 00:00:00, Sys 0 00:00:00  -  Total Local Usage
	169260  -  Run Bytes Sent By Job
	316808352  -  Run Bytes Received By Job
	169260  -  Total Bytes Sent By Job
	316808352  -  Total Bytes Received By Job
	Partitionable Resources :     Usage  Request Allocated 
	   Cpus                 :      1.00        1         1 
	   Disk (KB)            : 325000      819200  44742796 
	   Gpus                 :                            0 
	   Ioheavy              :                            0 
	   Memory (MB)          :   2179       20480     21341 
...
