000 (49777.463.000) 10/11 10:48:09 Job submitted from host: <144.92.142.142:9618?addrs=144.92.142.142-9618&noUDP&sock=44923_051a_3>
...
001 (49777.463.000) 10/11 13:58:47 Job executing on host: <128.104.58.191:9618?addrs=128.104.58.191-9618+[2607-f388-1086-0-16fe-b5ff-fec6-7579]-9618&alias=e1046.chtc.wisc.edu&noUDP&sock=startd_4946_1f82>
...
006 (49777.463.000) 10/11 13:58:56 Image size of job updated: 105172
	103  -  MemoryUsage of job (MB)
	105172  -  ResidentSetSize of job (KB)
...
006 (49777.463.000) 10/11 14:03:57 Image size of job updated: 719672
	653  -  MemoryUsage of job (MB)
	668364  -  ResidentSetSize of job (KB)
...
006 (49777.463.000) 10/11 14:08:57 Image size of job updated: 719672
	653  -  MemoryUsage of job (MB)
	668460  -  ResidentSetSize of job (KB)
...
006 (49777.463.000) 10/11 14:13:57 Image size of job updated: 796308
	738  -  MemoryUsage of job (MB)
	755060  -  ResidentSetSize of job (KB)
...
006 (49777.463.000) 10/11 14:18:58 Image size of job updated: 1009004
	936  -  MemoryUsage of job (MB)
	958116  -  ResidentSetSize of job (KB)
...
006 (49777.463.000) 10/11 14:23:59 Image size of job updated: 1193272
	1116  -  MemoryUsage of job (MB)
	1142188  -  ResidentSetSize of job (KB)
...
006 (49777.463.000) 10/11 14:28:59 Image size of job updated: 1373508
	1299  -  MemoryUsage of job (MB)
	1329768  -  ResidentSetSize of job (KB)
...
006 (49777.463.000) 10/11 14:34:00 Image size of job updated: 1599428
	1513  -  MemoryUsage of job (MB)
	1548864  -  ResidentSetSize of job (KB)
...
006 (49777.463.000) 10/11 14:39:00 Image size of job updated: 1821892
	1741  -  MemoryUsage of job (MB)
	1782492  -  ResidentSetSize of job (KB)
...
006 (49777.463.000) 10/11 14:43:20 Image size of job updated: 2031620
	1741  -  MemoryUsage of job (MB)
	1782492  -  ResidentSetSize of job (KB)
...
005 (49777.463.000) 10/11 14:43:20 Job terminated.
	(1) Normal termination (return value 0)
		Usr 0 00:43:58, Sys 0 00:00:29  -  Run Remote Usage
		Usr 0 00:00:00, Sys 0 00:00:00  -  Run Local Usage
		Usr 0 00:43:58, Sys 0 00:00:29  -  Total Remote Usage
		Usr 0 00:00:00, Sys 0 00:00:00  -  Total Local Usage
	167985  -  Run Bytes Sent By Job
	316905888  -  Run Bytes Received By Job
	167985  -  Total Bytes Sent By Job
	316905888  -  Total Bytes Received By Job
	Partitionable Resources :     Usage  Request Allocated 
	   Cpus                 :      1.00        1         1 
	   Disk (KB)            : 325000      819200    989681 
	   Ioheavy              :                            0 
	   Memory (MB)          :   1741       20480     20480 
...
