000 (49777.1966.000) 10/11 10:48:13 Job submitted from host: <144.92.142.142:9618?addrs=144.92.142.142-9618&noUDP&sock=44923_051a_3>
...
001 (49777.1966.000) 10/11 18:03:46 Job executing on host: <128.105.68.23:9618?addrs=128.105.68.23-9618&alias=gpulab2004.chtc.wisc.edu&noUDP&sock=startd_62541_80a6>
...
006 (49777.1966.000) 10/11 18:03:54 Image size of job updated: 156832
	104  -  MemoryUsage of job (MB)
	105664  -  ResidentSetSize of job (KB)
...
006 (49777.1966.000) 10/11 18:08:54 Image size of job updated: 759012
	692  -  MemoryUsage of job (MB)
	707812  -  ResidentSetSize of job (KB)
...
006 (49777.1966.000) 10/11 18:13:55 Image size of job updated: 1302660
	1270  -  MemoryUsage of job (MB)
	1300388  -  ResidentSetSize of job (KB)
...
006 (49777.1966.000) 10/11 18:18:56 Image size of job updated: 2470152
	2381  -  MemoryUsage of job (MB)
	2437668  -  ResidentSetSize of job (KB)
...
006 (49777.1966.000) 10/11 18:23:56 Image size of job updated: 3595984
	3489  -  MemoryUsage of job (MB)
	3572168  -  ResidentSetSize of job (KB)
...
006 (49777.1966.000) 10/11 18:25:41 Image size of job updated: 3975292
	3489  -  MemoryUsage of job (MB)
	3572168  -  ResidentSetSize of job (KB)
...
005 (49777.1966.000) 10/11 18:25:41 Job terminated.
	(1) Normal termination (return value 0)
		Usr 0 00:21:48, Sys 0 00:00:05  -  Run Remote Usage
		Usr 0 00:00:00, Sys 0 00:00:00  -  Run Local Usage
		Usr 0 00:21:48, Sys 0 00:00:05  -  Total Remote Usage
		Usr 0 00:00:00, Sys 0 00:00:00  -  Total Local Usage
	171833  -  Run Bytes Sent By Job
	316808288  -  Run Bytes Received By Job
	171833  -  Total Bytes Sent By Job
	316808288  -  Total Bytes Received By Job
	Partitionable Resources :     Usage  Request Allocated 
	   Cpus                 :      1.00        1         1 
	   Disk (KB)            : 325000      819200  18192444 
	   Gpus                 :                            0 
	   Ioheavy              :                            0 
	   Memory (MB)          :   3489       20480     21341 
...
