./CVN -f config_condor.txt -x50 -v1 -l TFs_OGs.txt -n AllGenes18.txt -d celltype_tree_ancestor.txt -m testdata_ogids.txt -s celltype_order.txt -p 0.2 -c yes -b -4 -q 4
(cluster3|cluster8) p_maintain_edge=0.8 p_gain=0.2
(cluster2|cluster3) p_maintain_edge=0.8 p_gain=0.2
(cluster1|cluster2) p_maintain_edge=0.8 p_gain=0.2
(cluster6|cluster2) p_maintain_edge=0.8 p_gain=0.2
(cluster9|cluster6) p_maintain_edge=0.8 p_gain=0.2
(cluster10|cluster6) p_maintain_edge=0.8 p_gain=0.2
(cluster7|cluster10) p_maintain_edge=0.8 p_gain=0.2
speciesSet.size()=8 Root is cluster8
MappedOrthogroupReader::readSpeciesMapping() --- celltype_order.txt
MappedOrthogroupReader::readFile - testdata_ogids.txt
MappedOrthogroupReader::generateGeneOrthoMap()
MetaLearner::init_onefold() read:config_condor.txt
MetaLearner::setinputVariableNames number of variables: 2043
readEvidenceTable:cluster8.table
PotentialManager::loadEvidenceFromTable varCount=2043 sampleCount=348
motifNetwork.size() = 319
0=cluster8 motifNetwork=cluster8_network.txt
variable size=2043
readEvidenceTable:cluster3.table
PotentialManager::loadEvidenceFromTable varCount=2043 sampleCount=95
motifNetwork.size() = 326
1=cluster3 motifNetwork=cluster3_network.txt
variable size=2043
readEvidenceTable:cluster2.table
PotentialManager::loadEvidenceFromTable varCount=2043 sampleCount=386
motifNetwork.size() = 328
2=cluster2 motifNetwork=cluster2_network.txt
variable size=2043
readEvidenceTable:cluster1.table
PotentialManager::loadEvidenceFromTable varCount=2043 sampleCount=36
motifNetwork.size() = 322
3=cluster1 motifNetwork=cluster1_network.txt
variable size=2043
readEvidenceTable:cluster6.table
PotentialManager::loadEvidenceFromTable varCount=2043 sampleCount=524
motifNetwork.size() = 320
4=cluster6 motifNetwork=cluster6_network.txt
variable size=2043
readEvidenceTable:cluster9.table
PotentialManager::loadEvidenceFromTable varCount=2043 sampleCount=184
motifNetwork.size() = 327
5=cluster9 motifNetwork=cluster9_network.txt
variable size=2043
readEvidenceTable:cluster10.table
PotentialManager::loadEvidenceFromTable varCount=2043 sampleCount=165
motifNetwork.size() = 326
6=cluster10 motifNetwork=cluster10_network.txt
variable size=2043
readEvidenceTable:cluster7.table
PotentialManager::loadEvidenceFromTable varCount=2043 sampleCount=1032
motifNetwork.size() = 320
7=cluster7 motifNetwork=cluster7_network.txt
variable size=2043
-------------------------------------------------------------
MetaLearner::start
precomputeEmptyGraphPrior
binkey=0 [Edge status: 0 0 0 0 0 0 0 0 ] P(G)=P(cluster8=0)[0.8] * P(cluster1=0|cluster2=0) * P(cluster9=0|cluster6=0) * P(cluster7=0|cluster10=0) * P(cluster10=0|cluster6=0) * P(cluster6=0|cluster2=0) * P(cluster2=0|cluster3=0) * P(cluster3=0|cluster8=0)[0.209715]=0.167772
condsetMap_Tree
0 cluster8=0 cluster3=0 cluster2=0 cluster1=0 cluster6=0 cluster9=0 cluster10=0 cluster7=1
1 cluster8=0 cluster3=0 cluster2=0 cluster1=0 cluster6=0 cluster9=1 cluster10=0 cluster7=0
2 cluster8=0 cluster3=0 cluster2=0 cluster1=0 cluster6=0 cluster9=1 cluster10=0 cluster7=1
3 cluster8=0 cluster3=0 cluster2=0 cluster1=1 cluster6=0 cluster9=0 cluster10=0 cluster7=0
4 cluster8=0 cluster3=0 cluster2=0 cluster1=1 cluster6=0 cluster9=0 cluster10=0 cluster7=1
5 cluster8=0 cluster3=0 cluster2=0 cluster1=1 cluster6=0 cluster9=1 cluster10=0 cluster7=0
6 cluster8=0 cluster3=0 cluster2=0 cluster1=1 cluster6=0 cluster9=1 cluster10=0 cluster7=1
7 cluster8=0 cluster3=0 cluster2=0 cluster1=0 cluster6=0 cluster9=0 cluster10=1 cluster7=1
8 cluster8=0 cluster3=0 cluster2=0 cluster1=0 cluster6=0 cluster9=1 cluster10=1 cluster7=1
9 cluster8=0 cluster3=0 cluster2=0 cluster1=1 cluster6=0 cluster9=0 cluster10=1 cluster7=1
10 cluster8=0 cluster3=0 cluster2=0 cluster1=1 cluster6=0 cluster9=1 cluster10=1 cluster7=1
11 cluster8=0 cluster3=0 cluster2=0 cluster1=0 cluster6=1 cluster9=1 cluster10=1 cluster7=1
12 cluster8=0 cluster3=0 cluster2=0 cluster1=1 cluster6=1 cluster9=1 cluster10=1 cluster7=1
13 cluster8=0 cluster3=0 cluster2=1 cluster1=1 cluster6=1 cluster9=1 cluster10=1 cluster7=1
14 cluster8=0 cluster3=1 cluster2=1 cluster1=1 cluster6=1 cluster9=1 cluster10=1 cluster7=1
15 cluster8=1 cluster3=1 cluster2=1 cluster1=1 cluster6=1 cluster9=1 cluster10=1 cluster7=1
16 cluster8=1 cluster3=1 cluster2=1 cluster1=1 cluster6=1 cluster9=1 cluster10=1 cluster7=0
17 cluster8=1 cluster3=1 cluster2=1 cluster1=1 cluster6=1 cluster9=0 cluster10=1 cluster7=1
18 cluster8=1 cluster3=1 cluster2=1 cluster1=1 cluster6=1 cluster9=0 cluster10=1 cluster7=0
19 cluster8=1 cluster3=1 cluster2=1 cluster1=0 cluster6=1 cluster9=1 cluster10=1 cluster7=1
20 cluster8=1 cluster3=1 cluster2=1 cluster1=0 cluster6=1 cluster9=1 cluster10=1 cluster7=0
21 cluster8=1 cluster3=1 cluster2=1 cluster1=0 cluster6=1 cluster9=0 cluster10=1 cluster7=1
22 cluster8=1 cluster3=1 cluster2=1 cluster1=0 cluster6=1 cluster9=0 cluster10=1 cluster7=0
23 cluster8=1 cluster3=1 cluster2=1 cluster1=1 cluster6=1 cluster9=1 cluster10=0 cluster7=0
24 cluster8=1 cluster3=1 cluster2=1 cluster1=1 cluster6=1 cluster9=0 cluster10=0 cluster7=0
25 cluster8=1 cluster3=1 cluster2=1 cluster1=0 cluster6=1 cluster9=1 cluster10=0 cluster7=0
26 cluster8=1 cluster3=1 cluster2=1 cluster1=0 cluster6=1 cluster9=0 cluster10=0 cluster7=0
27 cluster8=1 cluster3=1 cluster2=1 cluster1=1 cluster6=0 cluster9=0 cluster10=0 cluster7=0
28 cluster8=1 cluster3=1 cluster2=1 cluster1=0 cluster6=0 cluster9=0 cluster10=0 cluster7=0
29 cluster8=1 cluster3=1 cluster2=0 cluster1=0 cluster6=0 cluster9=0 cluster10=0 cluster7=0
30 cluster8=1 cluster3=0 cluster2=0 cluster1=0 cluster6=0 cluster9=0 cluster10=0 cluster7=0
31 cluster8=0 cluster3=0 cluster2=0 cluster1=0 cluster6=1 cluster9=0 cluster10=0 cluster7=0
32 cluster8=0 cluster3=0 cluster2=1 cluster1=0 cluster6=0 cluster9=0 cluster10=0 cluster7=0
33 cluster8=0 cluster3=0 cluster2=0 cluster1=0 cluster6=0 cluster9=0 cluster10=1 cluster7=0
34 cluster8=0 cluster3=1 cluster2=0 cluster1=0 cluster6=0 cluster9=0 cluster10=0 cluster7=0
inputRegulatorOGs.size() = 1999 inputOGList.size() = 50
binkey=32 [Edge status: 0 0 0 0 0 1 0 0 ] P(G)=P(cluster8=0)[0.8] * P(cluster1=0|cluster2=0) * P(cluster9=1|cluster6=0) * P(cluster7=0|cluster10=0) * P(cluster10=0|cluster6=0) * P(cluster6=0|cluster2=0) * P(cluster2=0|cluster3=0) * P(cluster3=0|cluster8=0)[0.0524288]=0.041943
binkey=8 [Edge status: 0 0 0 1 0 0 0 0 ] P(G)=P(cluster8=0)[0.8] * P(cluster1=1|cluster2=0) * P(cluster9=0|cluster6=0) * P(cluster7=0|cluster10=0) * P(cluster10=0|cluster6=0) * P(cluster6=0|cluster2=0) * P(cluster2=0|cluster3=0) * P(cluster3=0|cluster8=0)[0.0524288]=0.041943
binkey=40 [Edge status: 0 0 0 1 0 1 0 0 ] P(G)=P(cluster8=0)[0.8] * P(cluster1=1|cluster2=0) * P(cluster9=1|cluster6=0) * P(cluster7=0|cluster10=0) * P(cluster10=0|cluster6=0) * P(cluster6=0|cluster2=0) * P(cluster2=0|cluster3=0) * P(cluster3=0|cluster8=0)[0.0131072]=0.0104858
binkey=127 [Edge status: 1 1 1 1 1 1 1 0 ] P(G)=P(cluster8=1)[0.2] * P(cluster1=1|cluster2=1) * P(cluster9=1|cluster6=1) * P(cluster7=0|cluster10=1) * P(cluster10=1|cluster6=1) * P(cluster6=1|cluster2=1) * P(cluster2=1|cluster3=1) * P(cluster3=1|cluster8=1)[0.0524288]=0.0104858
binkey=95 [Edge status: 1 1 1 1 1 0 1 0 ] P(G)=P(cluster8=1)[0.2] * P(cluster1=1|cluster2=1) * P(cluster9=0|cluster6=1) * P(cluster7=0|cluster10=1) * P(cluster10=1|cluster6=1) * P(cluster6=1|cluster2=1) * P(cluster2=1|cluster3=1) * P(cluster3=1|cluster8=1)[0.0131072]=0.00262144
binkey=119 [Edge status: 1 1 1 0 1 1 1 0 ] P(G)=P(cluster8=1)[0.2] * P(cluster1=0|cluster2=1) * P(cluster9=1|cluster6=1) * P(cluster7=0|cluster10=1) * P(cluster10=1|cluster6=1) * P(cluster6=1|cluster2=1) * P(cluster2=1|cluster3=1) * P(cluster3=1|cluster8=1)[0.0131072]=0.00262144
binkey=87 [Edge status: 1 1 1 0 1 0 1 0 ] P(G)=P(cluster8=1)[0.2] * P(cluster1=0|cluster2=1) * P(cluster9=0|cluster6=1) * P(cluster7=0|cluster10=1) * P(cluster10=1|cluster6=1) * P(cluster6=1|cluster2=1) * P(cluster2=1|cluster3=1) * P(cluster3=1|cluster8=1)[0.0032768]=0.00065536
binkey=63 [Edge status: 1 1 1 1 1 1 0 0 ] P(G)=P(cluster8=1)[0.2] * P(cluster1=1|cluster2=1) * P(cluster9=1|cluster6=1) * P(cluster7=0|cluster10=0) * P(cluster10=0|cluster6=1) * P(cluster6=1|cluster2=1) * P(cluster2=1|cluster3=1) * P(cluster3=1|cluster8=1)[0.0524288]=0.0104858
binkey=31 [Edge status: 1 1 1 1 1 0 0 0 ] P(G)=P(cluster8=1)[0.2] * P(cluster1=1|cluster2=1) * P(cluster9=0|cluster6=1) * P(cluster7=0|cluster10=0) * P(cluster10=0|cluster6=1) * P(cluster6=1|cluster2=1) * P(cluster2=1|cluster3=1) * P(cluster3=1|cluster8=1)[0.0131072]=0.00262144
binkey=55 [Edge status: 1 1 1 0 1 1 0 0 ] P(G)=P(cluster8=1)[0.2] * P(cluster1=0|cluster2=1) * P(cluster9=1|cluster6=1) * P(cluster7=0|cluster10=0) * P(cluster10=0|cluster6=1) * P(cluster6=1|cluster2=1) * P(cluster2=1|cluster3=1) * P(cluster3=1|cluster8=1)[0.0131072]=0.00262144
binkey=23 [Edge status: 1 1 1 0 1 0 0 0 ] P(G)=P(cluster8=1)[0.2] * P(cluster1=0|cluster2=1) * P(cluster9=0|cluster6=1) * P(cluster7=0|cluster10=0) * P(cluster10=0|cluster6=1) * P(cluster6=1|cluster2=1) * P(cluster2=1|cluster3=1) * P(cluster3=1|cluster8=1)[0.0032768]=0.00065536
binkey=15 [Edge status: 1 1 1 1 0 0 0 0 ] P(G)=P(cluster8=1)[0.2] * P(cluster1=1|cluster2=1) * P(cluster9=0|cluster6=0) * P(cluster7=0|cluster10=0) * P(cluster10=0|cluster6=0) * P(cluster6=0|cluster2=1) * P(cluster2=1|cluster3=1) * P(cluster3=1|cluster8=1)[0.0524288]=0.0104858
binkey=7 [Edge status: 1 1 1 0 0 0 0 0 ] P(G)=P(cluster8=1)[0.2] * P(cluster1=0|cluster2=1) * P(cluster9=0|cluster6=0) * P(cluster7=0|cluster10=0) * P(cluster10=0|cluster6=0) * P(cluster6=0|cluster2=1) * P(cluster2=1|cluster3=1) * P(cluster3=1|cluster8=1)[0.0131072]=0.00262144
binkey=3 [Edge status: 1 1 0 0 0 0 0 0 ] P(G)=P(cluster8=1)[0.2] * P(cluster1=0|cluster2=0) * P(cluster9=0|cluster6=0) * P(cluster7=0|cluster10=0) * P(cluster10=0|cluster6=0) * P(cluster6=0|cluster2=0) * P(cluster2=0|cluster3=1) * P(cluster3=1|cluster8=1)[0.0524288]=0.0104858
binkey=1 [Edge status: 1 0 0 0 0 0 0 0 ] P(G)=P(cluster8=1)[0.2] * P(cluster1=0|cluster2=0) * P(cluster9=0|cluster6=0) * P(cluster7=0|cluster10=0) * P(cluster10=0|cluster6=0) * P(cluster6=0|cluster2=0) * P(cluster2=0|cluster3=0) * P(cluster3=0|cluster8=1)[0.0524288]=0.0104858
binkey=16 [Edge status: 0 0 0 0 1 0 0 0 ] P(G)=P(cluster8=0)[0.8] * P(cluster1=0|cluster2=0) * P(cluster9=0|cluster6=1) * P(cluster7=0|cluster10=0) * P(cluster10=0|cluster6=1) * P(cluster6=1|cluster2=0) * P(cluster2=0|cluster3=0) * P(cluster3=0|cluster8=0)[0.0032768]=0.00262144
binkey=4 [Edge status: 0 0 1 0 0 0 0 0 ] P(G)=P(cluster8=0)[0.8] * P(cluster1=0|cluster2=1) * P(cluster9=0|cluster6=0) * P(cluster7=0|cluster10=0) * P(cluster10=0|cluster6=0) * P(cluster6=0|cluster2=1) * P(cluster2=1|cluster3=0) * P(cluster3=0|cluster8=0)[0.0032768]=0.00262144
binkey=64 [Edge status: 0 0 0 0 0 0 1 0 ] P(G)=P(cluster8=0)[0.8] * P(cluster1=0|cluster2=0) * P(cluster9=0|cluster6=0) * P(cluster7=0|cluster10=1) * P(cluster10=1|cluster6=0) * P(cluster6=0|cluster2=0) * P(cluster2=0|cluster3=0) * P(cluster3=0|cluster8=0)[0.0131072]=0.0104858
binkey=2 [Edge status: 0 1 0 0 0 0 0 0 ] P(G)=P(cluster8=0)[0.8] * P(cluster1=0|cluster2=0) * P(cluster9=0|cluster6=0) * P(cluster7=0|cluster10=0) * P(cluster10=0|cluster6=0) * P(cluster6=0|cluster2=0) * P(cluster2=0|cluster3=1) * P(cluster3=1|cluster8=0)[0.0131072]=0.0104858
binkey=128 [Edge status: 0 0 0 0 0 0 0 1 ] P(G)=P(cluster8=0)[0.8] * P(cluster1=0|cluster2=0) * P(cluster9=0|cluster6=0) * P(cluster7=1|cluster10=0) * P(cluster10=0|cluster6=0) * P(cluster6=0|cluster2=0) * P(cluster2=0|cluster3=0) * P(cluster3=0|cluster8=0)[0.0524288]=0.041943
binkey=136 [Edge status: 0 0 0 1 0 0 0 1 ] P(G)=P(cluster8=0)[0.8] * P(cluster1=1|cluster2=0) * P(cluster9=0|cluster6=0) * P(cluster7=1|cluster10=0) * P(cluster10=0|cluster6=0) * P(cluster6=0|cluster2=0) * P(cluster2=0|cluster3=0) * P(cluster3=0|cluster8=0)[0.0131072]=0.0104858
binkey=192 [Edge status: 0 0 0 0 0 0 1 1 ] P(G)=P(cluster8=0)[0.8] * P(cluster1=0|cluster2=0) * P(cluster9=0|cluster6=0) * P(cluster7=1|cluster10=1) * P(cluster10=1|cluster6=0) * P(cluster6=0|cluster2=0) * P(cluster2=0|cluster3=0) * P(cluster3=0|cluster8=0)[0.0524288]=0.041943
binkey=200 [Edge status: 0 0 0 1 0 0 1 1 ] P(G)=P(cluster8=0)[0.8] * P(cluster1=1|cluster2=0) * P(cluster9=0|cluster6=0) * P(cluster7=1|cluster10=1) * P(cluster10=1|cluster6=0) * P(cluster6=0|cluster2=0) * P(cluster2=0|cluster3=0) * P(cluster3=0|cluster8=0)[0.0131072]=0.0104858
binkey=160 [Edge status: 0 0 0 0 0 1 0 1 ] P(G)=P(cluster8=0)[0.8] * P(cluster1=0|cluster2=0) * P(cluster9=1|cluster6=0) * P(cluster7=1|cluster10=0) * P(cluster10=0|cluster6=0) * P(cluster6=0|cluster2=0) * P(cluster2=0|cluster3=0) * P(cluster3=0|cluster8=0)[0.0131072]=0.0104858
binkey=224 [Edge status: 0 0 0 0 0 1 1 1 ] P(G)=P(cluster8=0)[0.8] * P(cluster1=0|cluster2=0) * P(cluster9=1|cluster6=0) * P(cluster7=1|cluster10=1) * P(cluster10=1|cluster6=0) * P(cluster6=0|cluster2=0) * P(cluster2=0|cluster3=0) * P(cluster3=0|cluster8=0)[0.0131072]=0.0104858
binkey=240 [Edge status: 0 0 0 0 1 1 1 1 ] P(G)=P(cluster8=0)[0.8] * P(cluster1=0|cluster2=0) * P(cluster9=1|cluster6=1) * P(cluster7=1|cluster10=1) * P(cluster10=1|cluster6=1) * P(cluster6=1|cluster2=0) * P(cluster2=0|cluster3=0) * P(cluster3=0|cluster8=0)[0.0524288]=0.041943
binkey=168 [Edge status: 0 0 0 1 0 1 0 1 ] P(G)=P(cluster8=0)[0.8] * P(cluster1=1|cluster2=0) * P(cluster9=1|cluster6=0) * P(cluster7=1|cluster10=0) * P(cluster10=0|cluster6=0) * P(cluster6=0|cluster2=0) * P(cluster2=0|cluster3=0) * P(cluster3=0|cluster8=0)[0.0032768]=0.00262144
binkey=232 [Edge status: 0 0 0 1 0 1 1 1 ] P(G)=P(cluster8=0)[0.8] * P(cluster1=1|cluster2=0) * P(cluster9=1|cluster6=0) * P(cluster7=1|cluster10=1) * P(cluster10=1|cluster6=0) * P(cluster6=0|cluster2=0) * P(cluster2=0|cluster3=0) * P(cluster3=0|cluster8=0)[0.0032768]=0.00262144
binkey=248 [Edge status: 0 0 0 1 1 1 1 1 ] P(G)=P(cluster8=0)[0.8] * P(cluster1=1|cluster2=0) * P(cluster9=1|cluster6=1) * P(cluster7=1|cluster10=1) * P(cluster10=1|cluster6=1) * P(cluster6=1|cluster2=0) * P(cluster2=0|cluster3=0) * P(cluster3=0|cluster8=0)[0.0131072]=0.0104858
binkey=252 [Edge status: 0 0 1 1 1 1 1 1 ] P(G)=P(cluster8=0)[0.8] * P(cluster1=1|cluster2=1) * P(cluster9=1|cluster6=1) * P(cluster7=1|cluster10=1) * P(cluster10=1|cluster6=1) * P(cluster6=1|cluster2=1) * P(cluster2=1|cluster3=0) * P(cluster3=0|cluster8=0)[0.0524288]=0.041943
binkey=215 [Edge status: 1 1 1 0 1 0 1 1 ] P(G)=P(cluster8=1)[0.2] * P(cluster1=0|cluster2=1) * P(cluster9=0|cluster6=1) * P(cluster7=1|cluster10=1) * P(cluster10=1|cluster6=1) * P(cluster6=1|cluster2=1) * P(cluster2=1|cluster3=1) * P(cluster3=1|cluster8=1)[0.0131072]=0.00262144
ITERATION 0 newScore=-2.7042e+06 diffscore=20366.5 priorChange=-102.586 successMove=52
binkey=247 [Edge status: 1 1 1 0 1 1 1 1 ] P(G)=P(cluster8=1)[0.2] * P(cluster1=0|cluster2=1) * P(cluster9=1|cluster6=1) * P(cluster7=1|cluster10=1) * P(cluster10=1|cluster6=1) * P(cluster6=1|cluster2=1) * P(cluster2=1|cluster3=1) * P(cluster3=1|cluster8=1)[0.0524288]=0.0104858
ITERATION 1 newScore=-2.70053e+06 diffscore=3664.68 priorChange=-110.904 successMove=58
ITERATION 2 newScore=-2.69754e+06 diffscore=2989.99 priorChange=-115.062 successMove=53
ITERATION 3 newScore=-2.68888e+06 diffscore=8662.34 priorChange=-116.449 successMove=55
ITERATION 4 newScore=-2.68519e+06 diffscore=3692.84 priorChange=-110.904 successMove=50
ITERATION 5 newScore=-2.68085e+06 diffscore=4335.78 priorChange=-110.904 successMove=55
ITERATION 6 newScore=-2.67356e+06 diffscore=7285.6 priorChange=-108.131 successMove=56
ITERATION 7 newScore=-2.6727e+06 diffscore=865.529 priorChange=-115.062 successMove=53
ITERATION 8 newScore=-2.67007e+06 diffscore=2627.53 priorChange=-113.676 successMove=56
ITERATION 9 newScore=-2.66673e+06 diffscore=3336.63 priorChange=-117.835 successMove=52
ITERATION 10 newScore=-2.66423e+06 diffscore=2500.38 priorChange=-124.766 successMove=52
ITERATION 11 newScore=-2.66286e+06 diffscore=1370.69 priorChange=-99.8132 successMove=54
ITERATION 12 newScore=-2.66011e+06 diffscore=2750.82 priorChange=-127.539 successMove=53
ITERATION 13 newScore=-2.65954e+06 diffscore=574.844 priorChange=-123.38 successMove=50
ITERATION 14 newScore=-2.65891e+06 diffscore=630.264 priorChange=-124.766 successMove=49
ITERATION 15 newScore=-2.65434e+06 diffscore=4566.31 priorChange=-120.608 successMove=49
ITERATION 16 newScore=-2.65203e+06 diffscore=2308.05 priorChange=-119.221 successMove=52
ITERATION 17 newScore=-2.64993e+06 diffscore=2105.2 priorChange=-108.131 successMove=50
ITERATION 18 newScore=-2.64868e+06 diffscore=1249.63 priorChange=-108.131 successMove=49
ITERATION 19 newScore=-2.64771e+06 diffscore=964.848 priorChange=-109.517 successMove=48
ITERATION 20 newScore=-2.64625e+06 diffscore=1461.97 priorChange=-108.131 successMove=50
ITERATION 21 newScore=-2.64405e+06 diffscore=2196.36 priorChange=-94.268 successMove=49
ITERATION 22 newScore=-2.64211e+06 diffscore=1941.06 priorChange=-108.131 successMove=48
ITERATION 23 newScore=-2.6386e+06 diffscore=3517.24 priorChange=-106.745 successMove=51
ITERATION 24 newScore=-2.63478e+06 diffscore=3812.81 priorChange=-115.062 successMove=47
ITERATION 25 newScore=-2.6327e+06 diffscore=2079.79 priorChange=-105.358 successMove=48
ITERATION 26 newScore=-2.63107e+06 diffscore=1636.56 priorChange=-112.29 successMove=48
ITERATION 27 newScore=-2.6306e+06 diffscore=466.369 priorChange=-87.3365 successMove=46
ITERATION 28 newScore=-2.62939e+06 diffscore=1206.34 priorChange=-92.8817 successMove=47
ITERATION 29 newScore=-2.62899e+06 diffscore=405.228 priorChange=-97.0406 successMove=46
ITERATION 30 newScore=-2.62722e+06 diffscore=1765.77 priorChange=-103.972 successMove=46
ITERATION 31 newScore=-2.6229e+06 diffscore=4328.3 priorChange=-97.0406 successMove=44
ITERATION 32 newScore=-2.62186e+06 diffscore=1039.91 priorChange=-88.7228 successMove=44
ITERATION 33 newScore=-2.62123e+06 diffscore=624.704 priorChange=-115.062 successMove=44
ITERATION 34 newScore=-2.61842e+06 diffscore=2807.89 priorChange=-105.358 successMove=44
ITERATION 35 newScore=-2.61795e+06 diffscore=474.869 priorChange=-103.972 successMove=44
ITERATION 36 newScore=-2.61416e+06 diffscore=3783.02 priorChange=-90.1091 successMove=42
ITERATION 37 newScore=-2.61384e+06 diffscore=329.18 priorChange=-99.8132 successMove=42
ITERATION 38 newScore=-2.61353e+06 diffscore=308.064 priorChange=-76.2462 successMove=45
ITERATION 39 newScore=-2.61317e+06 diffscore=358.621 priorChange=-87.3365 successMove=44
ITERATION 40 newScore=-2.61138e+06 diffscore=1793.37 priorChange=-101.199 successMove=42
ITERATION 41 newScore=-2.61083e+06 diffscore=547.509 priorChange=-108.131 successMove=43
ITERATION 42 newScore=-2.60928e+06 diffscore=1546.22 priorChange=-101.199 successMove=41
ITERATION 43 newScore=-2.6064e+06 diffscore=2877.73 priorChange=-103.972 successMove=41
ITERATION 44 newScore=-2.6036e+06 diffscore=2803.16 priorChange=-87.3365 successMove=41
ITERATION 45 newScore=-2.60082e+06 diffscore=2778.06 priorChange=-81.7914 successMove=44
ITERATION 46 newScore=-2.60055e+06 diffscore=277.565 priorChange=-83.1777 successMove=40
ITERATION 47 newScore=-2.60003e+06 diffscore=518.001 priorChange=-90.1091 successMove=40
ITERATION 48 newScore=-2.59825e+06 diffscore=1779.67 priorChange=-69.3147 successMove=43
ITERATION 49 newScore=-2.59802e+06 diffscore=224.329 priorChange=-77.6325 successMove=39
ITERATION 50 newScore=-2.59651e+06 diffscore=1510.85 priorChange=-90.1091 successMove=38
ITERATION 51 newScore=-2.59604e+06 diffscore=475.644 priorChange=-79.0188 successMove=42
ITERATION 52 newScore=-2.59582e+06 diffscore=217.92 priorChange=-97.0406 successMove=38
ITERATION 53 newScore=-2.59557e+06 diffscore=247.207 priorChange=-92.8817 successMove=38
ITERATION 54 newScore=-2.59531e+06 diffscore=260.854 priorChange=-83.1777 successMove=39
ITERATION 55 newScore=-2.59419e+06 diffscore=1117.99 priorChange=-83.1777 successMove=37
ITERATION 56 newScore=-2.59374e+06 diffscore=448.413 priorChange=-94.268 successMove=37
ITERATION 57 newScore=-2.59328e+06 diffscore=461.495 priorChange=-90.1091 successMove=40
ITERATION 58 newScore=-2.59311e+06 diffscore=176.837 priorChange=-90.1091 successMove=36
ITERATION 59 newScore=-2.59295e+06 diffscore=160.833 priorChange=-72.0873 successMove=34
ITERATION 60 newScore=-2.59275e+06 diffscore=190.597 priorChange=-65.1558 successMove=33
ITERATION 61 newScore=-2.59255e+06 diffscore=200.22 priorChange=-58.2244 successMove=31
ITERATION 62 newScore=-2.59143e+06 diffscore=1121.93 priorChange=-52.6792 successMove=30
ITERATION 63 newScore=-2.59126e+06 diffscore=169.802 priorChange=-55.4518 successMove=31
ITERATION 64 newScore=-2.59097e+06 diffscore=292.625 priorChange=-65.1558 successMove=29
ITERATION 65 newScore=-2.59068e+06 diffscore=286.015 priorChange=-67.9284 successMove=27
ITERATION 66 newScore=-2.58936e+06 diffscore=1323.78 priorChange=-58.2244 successMove=28
ITERATION 67 newScore=-2.58796e+06 diffscore=1397.74 priorChange=-42.9751 successMove=26
ITERATION 68 newScore=-2.58772e+06 diffscore=242.757 priorChange=-63.7695 successMove=24
ITERATION 69 newScore=-2.58663e+06 diffscore=1091.15 priorChange=-49.9066 successMove=24
ITERATION 70 newScore=-2.58637e+06 diffscore=257.032 priorChange=-58.2244 successMove=23
ITERATION 71 newScore=-2.58624e+06 diffscore=135.709 priorChange=-49.9066 successMove=23
ITERATION 72 newScore=-2.58611e+06 diffscore=122.848 priorChange=-47.134 successMove=22
ITERATION 73 newScore=-2.58596e+06 diffscore=157.781 priorChange=-49.9066 successMove=22
ITERATION 74 newScore=-2.5851e+06 diffscore=854.176 priorChange=-47.134 successMove=21
ITERATION 75 newScore=-2.58492e+06 diffscore=184.728 priorChange=-51.2929 successMove=20
ITERATION 76 newScore=-2.58475e+06 diffscore=165.076 priorChange=-33.2711 successMove=20
ITERATION 77 newScore=-2.58465e+06 diffscore=103.318 priorChange=-34.6574 successMove=19
ITERATION 78 newScore=-2.58451e+06 diffscore=137.94 priorChange=-41.5888 successMove=19
ITERATION 79 newScore=-2.58439e+06 diffscore=121.594 priorChange=-44.3614 successMove=18
ITERATION 80 newScore=-2.58219e+06 diffscore=2199.32 priorChange=-40.2025 successMove=18
ITERATION 81 newScore=-2.58148e+06 diffscore=712.147 priorChange=-44.3614 successMove=18
ITERATION 82 newScore=-2.5814e+06 diffscore=76.7858 priorChange=-38.8162 successMove=19
ITERATION 83 newScore=-2.58132e+06 diffscore=79.8205 priorChange=-26.3396 successMove=17
ITERATION 84 newScore=-2.58126e+06 diffscore=61.0229 priorChange=-27.7259 successMove=16
ITERATION 85 newScore=-2.5812e+06 diffscore=58.0172 priorChange=-31.8848 successMove=16
ITERATION 86 newScore=-2.58113e+06 diffscore=68.28 priorChange=-36.0437 successMove=16
ITERATION 87 newScore=-2.58107e+06 diffscore=62.0594 priorChange=-19.4081 successMove=17
ITERATION 88 newScore=-2.58101e+06 diffscore=61.5931 priorChange=-26.3396 successMove=14
ITERATION 89 newScore=-2.58094e+06 diffscore=71.3122 priorChange=-33.2711 successMove=14
ITERATION 90 newScore=-2.58086e+06 diffscore=82.4742 priorChange=-27.7259 successMove=15
ITERATION 91 newScore=-2.58079e+06 diffscore=66.9947 priorChange=-23.567 successMove=14
ITERATION 92 newScore=-2.58071e+06 diffscore=76.3007 priorChange=-15.2492 successMove=13
ITERATION 93 newScore=-2.58062e+06 diffscore=89.6316 priorChange=-27.7259 successMove=13
ITERATION 94 newScore=-2.58053e+06 diffscore=94.8637 priorChange=-18.0218 successMove=12
ITERATION 95 newScore=-2.58045e+06 diffscore=81.6379 priorChange=-24.9533 successMove=12
ITERATION 96 newScore=-2.58033e+06 diffscore=114.145 priorChange=-22.1807 successMove=12
ITERATION 97 newScore=-2.57902e+06 diffscore=1314.65 priorChange=-18.0218 successMove=11
ITERATION 98 newScore=-2.57888e+06 diffscore=141.783 priorChange=-20.7944 successMove=10
ITERATION 99 newScore=-2.57858e+06 diffscore=298.918 priorChange=-20.7944 successMove=10
MetaLearner::dumpAllGraphs
Final Score -2.57858e+06
MetaLearner::start runtime: 929827337 ms
Results/
Results/cluster8/
Results/cluster8/fold0/
Results/cluster8/fold0/var_mb_pw_k50.txt
Results/cluster8/fold0/modelparams.txt
Results/cluster8/scoreFile.txt
Results/cluster3/
Results/cluster3/fold0/
Results/cluster3/fold0/var_mb_pw_k50.txt
Results/cluster3/fold0/modelparams.txt
Results/cluster2/
Results/cluster2/fold0/
Results/cluster2/fold0/var_mb_pw_k50.txt
Results/cluster2/fold0/modelparams.txt
Results/cluster1/
Results/cluster1/fold0/
Results/cluster1/fold0/var_mb_pw_k50.txt
Results/cluster1/fold0/modelparams.txt
Results/cluster6/
Results/cluster6/fold0/
Results/cluster6/fold0/var_mb_pw_k50.txt
Results/cluster6/fold0/modelparams.txt
Results/cluster9/
Results/cluster9/fold0/
Results/cluster9/fold0/var_mb_pw_k50.txt
Results/cluster9/fold0/modelparams.txt
Results/cluster10/
Results/cluster10/fold0/
Results/cluster10/fold0/var_mb_pw_k50.txt
Results/cluster10/fold0/modelparams.txt
Results/cluster7/
Results/cluster7/fold0/
Results/cluster7/fold0/var_mb_pw_k50.txt
Results/cluster7/fold0/modelparams.txt
