000 (49777.1769.000) 10/11 10:48:12 Job submitted from host: <144.92.142.142:9618?addrs=144.92.142.142-9618&noUDP&sock=44923_051a_3>
...
001 (49777.1769.000) 10/11 17:32:31 Job executing on host: <144.92.142.182:9618?addrs=144.92.142.182-9618&noUDP&sock=15205_f19b_3>
...
006 (49777.1769.000) 10/11 17:32:39 Image size of job updated: 105720
	104  -  MemoryUsage of job (MB)
	105720  -  ResidentSetSize of job (KB)
...
006 (49777.1769.000) 10/11 17:33:05 Image size of job updated: 332692
	104  -  MemoryUsage of job (MB)
	105720  -  ResidentSetSize of job (KB)
...
004 (49777.1769.000) 10/11 17:33:05 Job was evicted.
	(0) Job was not checkpointed.
		Usr 0 00:00:33, Sys 0 00:00:00  -  Run Remote Usage
		Usr 0 00:00:00, Sys 0 00:00:00  -  Run Local Usage
	0  -  Run Bytes Sent By Job
	316887328  -  Run Bytes Received By Job
	Partitionable Resources :    Usage  Request Allocated 
	   Cpus                 :        0        1         1 
	   Disk (KB)            :   325000   819200   1428816 
	   Memory (MB)          :      104    20480     20480 
...
001 (49777.1769.000) 10/11 17:33:23 Job executing on host: <128.105.68.16:9618?addrs=128.105.68.16-9618&alias=coba2000.chtc.wisc.edu&noUDP&sock=startd_7305_336c>
...
006 (49777.1769.000) 10/11 17:38:31 Image size of job updated: 815444
	766  -  MemoryUsage of job (MB)
	784120  -  ResidentSetSize of job (KB)
...
006 (49777.1769.000) 10/11 17:43:31 Image size of job updated: 1484260
	1401  -  MemoryUsage of job (MB)
	1433988  -  ResidentSetSize of job (KB)
...
006 (49777.1769.000) 10/11 17:48:32 Image size of job updated: 2144084
	2070  -  MemoryUsage of job (MB)
	2119468  -  ResidentSetSize of job (KB)
...
006 (49777.1769.000) 10/11 17:53:32 Image size of job updated: 2821228
	2711  -  MemoryUsage of job (MB)
	2775556  -  ResidentSetSize of job (KB)
...
006 (49777.1769.000) 10/11 17:55:36 Image size of job updated: 3074156
	2711  -  MemoryUsage of job (MB)
	2775576  -  ResidentSetSize of job (KB)
...
005 (49777.1769.000) 10/11 17:55:37 Job terminated.
	(1) Normal termination (return value 0)
		Usr 0 00:22:00, Sys 0 00:00:05  -  Run Remote Usage
		Usr 0 00:00:00, Sys 0 00:00:00  -  Run Local Usage
		Usr 0 00:22:33, Sys 0 00:00:05  -  Total Remote Usage
		Usr 0 00:00:00, Sys 0 00:00:00  -  Total Local Usage
	171719  -  Run Bytes Sent By Job
	316887328  -  Run Bytes Received By Job
	171719  -  Total Bytes Sent By Job
	633774656  -  Total Bytes Received By Job
	Partitionable Resources :     Usage  Request Allocated 
	   Cpus                 :      0.99        1         1 
	   Disk (KB)            : 325000      819200  44742796 
	   Gpus                 :                            0 
	   Ioheavy              :                            0 
	   Memory (MB)          :   2711       20480     21341 
...
