000 (49777.2573.000) 10/11 10:48:14 Job submitted from host: <144.92.142.142:9618?addrs=144.92.142.142-9618&noUDP&sock=44923_051a_3>
...
001 (49777.2573.000) 10/11 19:28:45 Job executing on host: <144.92.142.191:9618?addrs=144.92.142.191-9618&noUDP&sock=12603_302e_3>
...
006 (49777.2573.000) 10/11 19:28:54 Image size of job updated: 105968
	104  -  MemoryUsage of job (MB)
	105968  -  ResidentSetSize of job (KB)
...
006 (49777.2573.000) 10/11 19:29:28 Image size of job updated: 522088
	197  -  MemoryUsage of job (MB)
	201288  -  ResidentSetSize of job (KB)
...
004 (49777.2573.000) 10/11 19:29:28 Job was evicted.
	(0) Job was not checkpointed.
		Usr 0 00:00:42, Sys 0 00:00:00  -  Run Remote Usage
		Usr 0 00:00:00, Sys 0 00:00:00  -  Run Local Usage
	0  -  Run Bytes Sent By Job
	316778592  -  Run Bytes Received By Job
	Partitionable Resources :     Usage  Request Allocated 
	   Cpus                 :      1.00        1         1 
	   Disk (KB)            : 325000      819200   1428813 
	   Memory (MB)          :    197       20480     20480 
...
001 (49777.2573.000) 10/11 19:29:49 Job executing on host: <128.105.68.23:9618?addrs=128.105.68.23-9618&alias=gpulab2004.chtc.wisc.edu&noUDP&sock=startd_62541_80a6>
...
006 (49777.2573.000) 10/11 19:34:57 Image size of job updated: 758564
	697  -  MemoryUsage of job (MB)
	713224  -  ResidentSetSize of job (KB)
...
006 (49777.2573.000) 10/11 19:39:58 Image size of job updated: 1271436
	1196  -  MemoryUsage of job (MB)
	1224228  -  ResidentSetSize of job (KB)
...
006 (49777.2573.000) 10/11 19:44:58 Image size of job updated: 2281172
	2179  -  MemoryUsage of job (MB)
	2230908  -  ResidentSetSize of job (KB)
...
006 (49777.2573.000) 10/11 19:49:58 Image size of job updated: 3345212
	3267  -  MemoryUsage of job (MB)
	3345212  -  ResidentSetSize of job (KB)
...
006 (49777.2573.000) 10/11 19:50:27 Image size of job updated: 3466144
	3267  -  MemoryUsage of job (MB)
	3345212  -  ResidentSetSize of job (KB)
...
005 (49777.2573.000) 10/11 19:50:27 Job terminated.
	(1) Normal termination (return value 0)
		Usr 0 00:20:31, Sys 0 00:00:04  -  Run Remote Usage
		Usr 0 00:00:00, Sys 0 00:00:00  -  Run Local Usage
		Usr 0 00:21:13, Sys 0 00:00:04  -  Total Remote Usage
		Usr 0 00:00:00, Sys 0 00:00:00  -  Total Local Usage
	167324  -  Run Bytes Sent By Job
	316778592  -  Run Bytes Received By Job
	167324  -  Total Bytes Sent By Job
	633557184  -  Total Bytes Received By Job
	Partitionable Resources :     Usage  Request Allocated 
	   Cpus                 :      1.00        1         1 
	   Disk (KB)            : 325000      819200  18192444 
	   Gpus                 :                            0 
	   Ioheavy              :                            0 
	   Memory (MB)          :   3267       20480     21341 
...
