000 (49777.966.000) 10/11 10:48:10 Job submitted from host: <144.92.142.142:9618?addrs=144.92.142.142-9618&noUDP&sock=44923_051a_3>
...
001 (49777.966.000) 10/11 15:20:55 Job executing on host: <128.105.68.16:9618?addrs=128.105.68.16-9618&alias=coba2000.chtc.wisc.edu&noUDP&sock=startd_7305_336c>
...
006 (49777.966.000) 10/11 15:21:04 Image size of job updated: 105520
	104  -  MemoryUsage of job (MB)
	105516  -  ResidentSetSize of job (KB)
...
006 (49777.966.000) 10/11 15:26:05 Image size of job updated: 819488
	761  -  MemoryUsage of job (MB)
	778352  -  ResidentSetSize of job (KB)
...
006 (49777.966.000) 10/11 15:31:06 Image size of job updated: 1239264
	1164  -  MemoryUsage of job (MB)
	1190988  -  ResidentSetSize of job (KB)
...
006 (49777.966.000) 10/11 15:36:06 Image size of job updated: 1647552
	1581  -  MemoryUsage of job (MB)
	1617944  -  ResidentSetSize of job (KB)
...
006 (49777.966.000) 10/11 15:41:06 Image size of job updated: 2081896
	1997  -  MemoryUsage of job (MB)
	2044080  -  ResidentSetSize of job (KB)
...
006 (49777.966.000) 10/11 15:43:42 Image size of job updated: 2329552
	1997  -  MemoryUsage of job (MB)
	2044080  -  ResidentSetSize of job (KB)
...
005 (49777.966.000) 10/11 15:43:42 Job terminated.
	(1) Normal termination (return value 0)
		Usr 0 00:22:34, Sys 0 00:00:05  -  Run Remote Usage
		Usr 0 00:00:00, Sys 0 00:00:00  -  Run Local Usage
		Usr 0 00:22:34, Sys 0 00:00:05  -  Total Remote Usage
		Usr 0 00:00:00, Sys 0 00:00:00  -  Total Local Usage
	168279  -  Run Bytes Sent By Job
	316773152  -  Run Bytes Received By Job
	168279  -  Total Bytes Sent By Job
	316773152  -  Total Bytes Received By Job
	Partitionable Resources :     Usage  Request Allocated 
	   Cpus                 :      0.99        1         1 
	   Disk (KB)            : 325000      819200  44742796 
	   Gpus                 :                            0 
	   Ioheavy              :                            0 
	   Memory (MB)          :   1997       20480     21341 
...
