./CVN -f config_condor.txt -x50 -v1 -l TFs_OGs.txt -n AllGenes47.txt -d celltype_tree_ancestor.txt -m testdata_ogids.txt -s celltype_order.txt -p 0.2 -c yes -b -4 -q 4
(cluster3|cluster8) p_maintain_edge=0.8 p_gain=0.2
(cluster2|cluster3) p_maintain_edge=0.8 p_gain=0.2
(cluster1|cluster2) p_maintain_edge=0.8 p_gain=0.2
(cluster6|cluster2) p_maintain_edge=0.8 p_gain=0.2
(cluster9|cluster6) p_maintain_edge=0.8 p_gain=0.2
(cluster10|cluster6) p_maintain_edge=0.8 p_gain=0.2
(cluster7|cluster10) p_maintain_edge=0.8 p_gain=0.2
speciesSet.size()=8 Root is cluster8
MappedOrthogroupReader::readSpeciesMapping() --- celltype_order.txt
MappedOrthogroupReader::readFile - testdata_ogids.txt
MappedOrthogroupReader::generateGeneOrthoMap()
MetaLearner::init_onefold() read:config_condor.txt
MetaLearner::setinputVariableNames number of variables: 2041
readEvidenceTable:cluster8.table
PotentialManager::loadEvidenceFromTable varCount=2041 sampleCount=348
motifNetwork.size() = 319
0=cluster8 motifNetwork=cluster8_network.txt
variable size=2041
readEvidenceTable:cluster3.table
PotentialManager::loadEvidenceFromTable varCount=2041 sampleCount=95
motifNetwork.size() = 326
1=cluster3 motifNetwork=cluster3_network.txt
variable size=2041
readEvidenceTable:cluster2.table
PotentialManager::loadEvidenceFromTable varCount=2041 sampleCount=386
motifNetwork.size() = 328
2=cluster2 motifNetwork=cluster2_network.txt
variable size=2041
readEvidenceTable:cluster1.table
PotentialManager::loadEvidenceFromTable varCount=2041 sampleCount=36
motifNetwork.size() = 322
3=cluster1 motifNetwork=cluster1_network.txt
variable size=2041
readEvidenceTable:cluster6.table
PotentialManager::loadEvidenceFromTable varCount=2041 sampleCount=524
motifNetwork.size() = 320
4=cluster6 motifNetwork=cluster6_network.txt
variable size=2041
readEvidenceTable:cluster9.table
PotentialManager::loadEvidenceFromTable varCount=2041 sampleCount=184
motifNetwork.size() = 327
5=cluster9 motifNetwork=cluster9_network.txt
variable size=2041
readEvidenceTable:cluster10.table
PotentialManager::loadEvidenceFromTable varCount=2041 sampleCount=165
motifNetwork.size() = 326
6=cluster10 motifNetwork=cluster10_network.txt
variable size=2041
readEvidenceTable:cluster7.table
PotentialManager::loadEvidenceFromTable varCount=2041 sampleCount=1032
motifNetwork.size() = 320
7=cluster7 motifNetwork=cluster7_network.txt
variable size=2041
-------------------------------------------------------------
MetaLearner::start
precomputeEmptyGraphPrior
binkey=0 [Edge status: 0 0 0 0 0 0 0 0 ] P(G)=P(cluster8=0)[0.8] * P(cluster1=0|cluster2=0) * P(cluster9=0|cluster6=0) * P(cluster7=0|cluster10=0) * P(cluster10=0|cluster6=0) * P(cluster6=0|cluster2=0) * P(cluster2=0|cluster3=0) * P(cluster3=0|cluster8=0)[0.209715]=0.167772
condsetMap_Tree
0 cluster8=0 cluster3=0 cluster2=0 cluster1=0 cluster6=0 cluster9=0 cluster10=0 cluster7=1
1 cluster8=0 cluster3=0 cluster2=0 cluster1=0 cluster6=0 cluster9=1 cluster10=0 cluster7=0
2 cluster8=0 cluster3=0 cluster2=0 cluster1=0 cluster6=0 cluster9=1 cluster10=0 cluster7=1
3 cluster8=0 cluster3=0 cluster2=0 cluster1=1 cluster6=0 cluster9=0 cluster10=0 cluster7=0
4 cluster8=0 cluster3=0 cluster2=0 cluster1=1 cluster6=0 cluster9=0 cluster10=0 cluster7=1
5 cluster8=0 cluster3=0 cluster2=0 cluster1=1 cluster6=0 cluster9=1 cluster10=0 cluster7=0
6 cluster8=0 cluster3=0 cluster2=0 cluster1=1 cluster6=0 cluster9=1 cluster10=0 cluster7=1
7 cluster8=0 cluster3=0 cluster2=0 cluster1=0 cluster6=0 cluster9=0 cluster10=1 cluster7=1
8 cluster8=0 cluster3=0 cluster2=0 cluster1=0 cluster6=0 cluster9=1 cluster10=1 cluster7=1
9 cluster8=0 cluster3=0 cluster2=0 cluster1=1 cluster6=0 cluster9=0 cluster10=1 cluster7=1
10 cluster8=0 cluster3=0 cluster2=0 cluster1=1 cluster6=0 cluster9=1 cluster10=1 cluster7=1
11 cluster8=0 cluster3=0 cluster2=0 cluster1=0 cluster6=1 cluster9=1 cluster10=1 cluster7=1
12 cluster8=0 cluster3=0 cluster2=0 cluster1=1 cluster6=1 cluster9=1 cluster10=1 cluster7=1
13 cluster8=0 cluster3=0 cluster2=1 cluster1=1 cluster6=1 cluster9=1 cluster10=1 cluster7=1
14 cluster8=0 cluster3=1 cluster2=1 cluster1=1 cluster6=1 cluster9=1 cluster10=1 cluster7=1
15 cluster8=1 cluster3=1 cluster2=1 cluster1=1 cluster6=1 cluster9=1 cluster10=1 cluster7=1
16 cluster8=1 cluster3=1 cluster2=1 cluster1=1 cluster6=1 cluster9=1 cluster10=1 cluster7=0
17 cluster8=1 cluster3=1 cluster2=1 cluster1=1 cluster6=1 cluster9=0 cluster10=1 cluster7=1
18 cluster8=1 cluster3=1 cluster2=1 cluster1=1 cluster6=1 cluster9=0 cluster10=1 cluster7=0
19 cluster8=1 cluster3=1 cluster2=1 cluster1=0 cluster6=1 cluster9=1 cluster10=1 cluster7=1
20 cluster8=1 cluster3=1 cluster2=1 cluster1=0 cluster6=1 cluster9=1 cluster10=1 cluster7=0
21 cluster8=1 cluster3=1 cluster2=1 cluster1=0 cluster6=1 cluster9=0 cluster10=1 cluster7=1
22 cluster8=1 cluster3=1 cluster2=1 cluster1=0 cluster6=1 cluster9=0 cluster10=1 cluster7=0
23 cluster8=1 cluster3=1 cluster2=1 cluster1=1 cluster6=1 cluster9=1 cluster10=0 cluster7=0
24 cluster8=1 cluster3=1 cluster2=1 cluster1=1 cluster6=1 cluster9=0 cluster10=0 cluster7=0
25 cluster8=1 cluster3=1 cluster2=1 cluster1=0 cluster6=1 cluster9=1 cluster10=0 cluster7=0
26 cluster8=1 cluster3=1 cluster2=1 cluster1=0 cluster6=1 cluster9=0 cluster10=0 cluster7=0
27 cluster8=1 cluster3=1 cluster2=1 cluster1=1 cluster6=0 cluster9=0 cluster10=0 cluster7=0
28 cluster8=1 cluster3=1 cluster2=1 cluster1=0 cluster6=0 cluster9=0 cluster10=0 cluster7=0
29 cluster8=1 cluster3=1 cluster2=0 cluster1=0 cluster6=0 cluster9=0 cluster10=0 cluster7=0
30 cluster8=1 cluster3=0 cluster2=0 cluster1=0 cluster6=0 cluster9=0 cluster10=0 cluster7=0
31 cluster8=0 cluster3=0 cluster2=0 cluster1=0 cluster6=1 cluster9=0 cluster10=0 cluster7=0
32 cluster8=0 cluster3=0 cluster2=1 cluster1=0 cluster6=0 cluster9=0 cluster10=0 cluster7=0
33 cluster8=0 cluster3=0 cluster2=0 cluster1=0 cluster6=0 cluster9=0 cluster10=1 cluster7=0
34 cluster8=0 cluster3=1 cluster2=0 cluster1=0 cluster6=0 cluster9=0 cluster10=0 cluster7=0
inputRegulatorOGs.size() = 1999 inputOGList.size() = 50
binkey=1 [Edge status: 1 0 0 0 0 0 0 0 ] P(G)=P(cluster8=1)[0.2] * P(cluster1=0|cluster2=0) * P(cluster9=0|cluster6=0) * P(cluster7=0|cluster10=0) * P(cluster10=0|cluster6=0) * P(cluster6=0|cluster2=0) * P(cluster2=0|cluster3=0) * P(cluster3=0|cluster8=1)[0.0524288]=0.0104858
binkey=32 [Edge status: 0 0 0 0 0 1 0 0 ] P(G)=P(cluster8=0)[0.8] * P(cluster1=0|cluster2=0) * P(cluster9=1|cluster6=0) * P(cluster7=0|cluster10=0) * P(cluster10=0|cluster6=0) * P(cluster6=0|cluster2=0) * P(cluster2=0|cluster3=0) * P(cluster3=0|cluster8=0)[0.0524288]=0.041943
binkey=128 [Edge status: 0 0 0 0 0 0 0 1 ] P(G)=P(cluster8=0)[0.8] * P(cluster1=0|cluster2=0) * P(cluster9=0|cluster6=0) * P(cluster7=1|cluster10=0) * P(cluster10=0|cluster6=0) * P(cluster6=0|cluster2=0) * P(cluster2=0|cluster3=0) * P(cluster3=0|cluster8=0)[0.0524288]=0.041943
binkey=16 [Edge status: 0 0 0 0 1 0 0 0 ] P(G)=P(cluster8=0)[0.8] * P(cluster1=0|cluster2=0) * P(cluster9=0|cluster6=1) * P(cluster7=0|cluster10=0) * P(cluster10=0|cluster6=1) * P(cluster6=1|cluster2=0) * P(cluster2=0|cluster3=0) * P(cluster3=0|cluster8=0)[0.0032768]=0.00262144
binkey=2 [Edge status: 0 1 0 0 0 0 0 0 ] P(G)=P(cluster8=0)[0.8] * P(cluster1=0|cluster2=0) * P(cluster9=0|cluster6=0) * P(cluster7=0|cluster10=0) * P(cluster10=0|cluster6=0) * P(cluster6=0|cluster2=0) * P(cluster2=0|cluster3=1) * P(cluster3=1|cluster8=0)[0.0131072]=0.0104858
binkey=4 [Edge status: 0 0 1 0 0 0 0 0 ] P(G)=P(cluster8=0)[0.8] * P(cluster1=0|cluster2=1) * P(cluster9=0|cluster6=0) * P(cluster7=0|cluster10=0) * P(cluster10=0|cluster6=0) * P(cluster6=0|cluster2=1) * P(cluster2=1|cluster3=0) * P(cluster3=0|cluster8=0)[0.0032768]=0.00262144
binkey=64 [Edge status: 0 0 0 0 0 0 1 0 ] P(G)=P(cluster8=0)[0.8] * P(cluster1=0|cluster2=0) * P(cluster9=0|cluster6=0) * P(cluster7=0|cluster10=1) * P(cluster10=1|cluster6=0) * P(cluster6=0|cluster2=0) * P(cluster2=0|cluster3=0) * P(cluster3=0|cluster8=0)[0.0131072]=0.0104858
binkey=192 [Edge status: 0 0 0 0 0 0 1 1 ] P(G)=P(cluster8=0)[0.8] * P(cluster1=0|cluster2=0) * P(cluster9=0|cluster6=0) * P(cluster7=1|cluster10=1) * P(cluster10=1|cluster6=0) * P(cluster6=0|cluster2=0) * P(cluster2=0|cluster3=0) * P(cluster3=0|cluster8=0)[0.0524288]=0.041943
binkey=215 [Edge status: 1 1 1 0 1 0 1 1 ] P(G)=P(cluster8=1)[0.2] * P(cluster1=0|cluster2=1) * P(cluster9=0|cluster6=1) * P(cluster7=1|cluster10=1) * P(cluster10=1|cluster6=1) * P(cluster6=1|cluster2=1) * P(cluster2=1|cluster3=1) * P(cluster3=1|cluster8=1)[0.0131072]=0.00262144
binkey=87 [Edge status: 1 1 1 0 1 0 1 0 ] P(G)=P(cluster8=1)[0.2] * P(cluster1=0|cluster2=1) * P(cluster9=0|cluster6=1) * P(cluster7=0|cluster10=1) * P(cluster10=1|cluster6=1) * P(cluster6=1|cluster2=1) * P(cluster2=1|cluster3=1) * P(cluster3=1|cluster8=1)[0.0032768]=0.00065536
binkey=23 [Edge status: 1 1 1 0 1 0 0 0 ] P(G)=P(cluster8=1)[0.2] * P(cluster1=0|cluster2=1) * P(cluster9=0|cluster6=1) * P(cluster7=0|cluster10=0) * P(cluster10=0|cluster6=1) * P(cluster6=1|cluster2=1) * P(cluster2=1|cluster3=1) * P(cluster3=1|cluster8=1)[0.0032768]=0.00065536
binkey=7 [Edge status: 1 1 1 0 0 0 0 0 ] P(G)=P(cluster8=1)[0.2] * P(cluster1=0|cluster2=1) * P(cluster9=0|cluster6=0) * P(cluster7=0|cluster10=0) * P(cluster10=0|cluster6=0) * P(cluster6=0|cluster2=1) * P(cluster2=1|cluster3=1) * P(cluster3=1|cluster8=1)[0.0131072]=0.00262144
binkey=3 [Edge status: 1 1 0 0 0 0 0 0 ] P(G)=P(cluster8=1)[0.2] * P(cluster1=0|cluster2=0) * P(cluster9=0|cluster6=0) * P(cluster7=0|cluster10=0) * P(cluster10=0|cluster6=0) * P(cluster6=0|cluster2=0) * P(cluster2=0|cluster3=1) * P(cluster3=1|cluster8=1)[0.0524288]=0.0104858
binkey=160 [Edge status: 0 0 0 0 0 1 0 1 ] P(G)=P(cluster8=0)[0.8] * P(cluster1=0|cluster2=0) * P(cluster9=1|cluster6=0) * P(cluster7=1|cluster10=0) * P(cluster10=0|cluster6=0) * P(cluster6=0|cluster2=0) * P(cluster2=0|cluster3=0) * P(cluster3=0|cluster8=0)[0.0131072]=0.0104858
binkey=224 [Edge status: 0 0 0 0 0 1 1 1 ] P(G)=P(cluster8=0)[0.8] * P(cluster1=0|cluster2=0) * P(cluster9=1|cluster6=0) * P(cluster7=1|cluster10=1) * P(cluster10=1|cluster6=0) * P(cluster6=0|cluster2=0) * P(cluster2=0|cluster3=0) * P(cluster3=0|cluster8=0)[0.0131072]=0.0104858
binkey=240 [Edge status: 0 0 0 0 1 1 1 1 ] P(G)=P(cluster8=0)[0.8] * P(cluster1=0|cluster2=0) * P(cluster9=1|cluster6=1) * P(cluster7=1|cluster10=1) * P(cluster10=1|cluster6=1) * P(cluster6=1|cluster2=0) * P(cluster2=0|cluster3=0) * P(cluster3=0|cluster8=0)[0.0524288]=0.041943
binkey=8 [Edge status: 0 0 0 1 0 0 0 0 ] P(G)=P(cluster8=0)[0.8] * P(cluster1=1|cluster2=0) * P(cluster9=0|cluster6=0) * P(cluster7=0|cluster10=0) * P(cluster10=0|cluster6=0) * P(cluster6=0|cluster2=0) * P(cluster2=0|cluster3=0) * P(cluster3=0|cluster8=0)[0.0524288]=0.041943
binkey=136 [Edge status: 0 0 0 1 0 0 0 1 ] P(G)=P(cluster8=0)[0.8] * P(cluster1=1|cluster2=0) * P(cluster9=0|cluster6=0) * P(cluster7=1|cluster10=0) * P(cluster10=0|cluster6=0) * P(cluster6=0|cluster2=0) * P(cluster2=0|cluster3=0) * P(cluster3=0|cluster8=0)[0.0131072]=0.0104858
binkey=40 [Edge status: 0 0 0 1 0 1 0 0 ] P(G)=P(cluster8=0)[0.8] * P(cluster1=1|cluster2=0) * P(cluster9=1|cluster6=0) * P(cluster7=0|cluster10=0) * P(cluster10=0|cluster6=0) * P(cluster6=0|cluster2=0) * P(cluster2=0|cluster3=0) * P(cluster3=0|cluster8=0)[0.0131072]=0.0104858
binkey=168 [Edge status: 0 0 0 1 0 1 0 1 ] P(G)=P(cluster8=0)[0.8] * P(cluster1=1|cluster2=0) * P(cluster9=1|cluster6=0) * P(cluster7=1|cluster10=0) * P(cluster10=0|cluster6=0) * P(cluster6=0|cluster2=0) * P(cluster2=0|cluster3=0) * P(cluster3=0|cluster8=0)[0.0032768]=0.00262144
binkey=200 [Edge status: 0 0 0 1 0 0 1 1 ] P(G)=P(cluster8=0)[0.8] * P(cluster1=1|cluster2=0) * P(cluster9=0|cluster6=0) * P(cluster7=1|cluster10=1) * P(cluster10=1|cluster6=0) * P(cluster6=0|cluster2=0) * P(cluster2=0|cluster3=0) * P(cluster3=0|cluster8=0)[0.0131072]=0.0104858
binkey=232 [Edge status: 0 0 0 1 0 1 1 1 ] P(G)=P(cluster8=0)[0.8] * P(cluster1=1|cluster2=0) * P(cluster9=1|cluster6=0) * P(cluster7=1|cluster10=1) * P(cluster10=1|cluster6=0) * P(cluster6=0|cluster2=0) * P(cluster2=0|cluster3=0) * P(cluster3=0|cluster8=0)[0.0032768]=0.00262144
binkey=248 [Edge status: 0 0 0 1 1 1 1 1 ] P(G)=P(cluster8=0)[0.8] * P(cluster1=1|cluster2=0) * P(cluster9=1|cluster6=1) * P(cluster7=1|cluster10=1) * P(cluster10=1|cluster6=1) * P(cluster6=1|cluster2=0) * P(cluster2=0|cluster3=0) * P(cluster3=0|cluster8=0)[0.0131072]=0.0104858
binkey=252 [Edge status: 0 0 1 1 1 1 1 1 ] P(G)=P(cluster8=0)[0.8] * P(cluster1=1|cluster2=1) * P(cluster9=1|cluster6=1) * P(cluster7=1|cluster10=1) * P(cluster10=1|cluster6=1) * P(cluster6=1|cluster2=1) * P(cluster2=1|cluster3=0) * P(cluster3=0|cluster8=0)[0.0524288]=0.041943
ITERATION 0 newScore=-2.66398e+06 diffscore=16711.5 priorChange=-116.449 successMove=61
ITERATION 1 newScore=-2.65623e+06 diffscore=7754.31 priorChange=-121.994 successMove=54
ITERATION 2 newScore=-2.6539e+06 diffscore=2325.64 priorChange=-126.153 successMove=53
ITERATION 3 newScore=-2.64771e+06 diffscore=6191.7 priorChange=-115.062 successMove=54
ITERATION 4 newScore=-2.64252e+06 diffscore=5192 priorChange=-116.449 successMove=53
ITERATION 5 newScore=-2.63454e+06 diffscore=7972.47 priorChange=-113.676 successMove=50
ITERATION 6 newScore=-2.63263e+06 diffscore=1913.04 priorChange=-117.835 successMove=58
ITERATION 7 newScore=-2.62525e+06 diffscore=7383.72 priorChange=-117.835 successMove=55
ITERATION 8 newScore=-2.62181e+06 diffscore=3432.86 priorChange=-123.38 successMove=52
ITERATION 9 newScore=-2.62059e+06 diffscore=1223.76 priorChange=-124.766 successMove=55
ITERATION 10 newScore=-2.61832e+06 diffscore=2274.74 priorChange=-115.062 successMove=54
ITERATION 11 newScore=-2.61513e+06 diffscore=3181.95 priorChange=-128.925 successMove=50
ITERATION 12 newScore=-2.61369e+06 diffscore=1446.5 priorChange=-108.131 successMove=52
ITERATION 13 newScore=-2.60915e+06 diffscore=4540.89 priorChange=-117.835 successMove=51
ITERATION 14 newScore=-2.60851e+06 diffscore=635.531 priorChange=-121.994 successMove=51
ITERATION 15 newScore=-2.60697e+06 diffscore=1542.92 priorChange=-115.062 successMove=51
ITERATION 16 newScore=-2.6029e+06 diffscore=4066.71 priorChange=-120.608 successMove=50
ITERATION 17 newScore=-2.60086e+06 diffscore=2040.63 priorChange=-110.904 successMove=51
ITERATION 18 newScore=-2.59704e+06 diffscore=3817.1 priorChange=-130.312 successMove=50
ITERATION 19 newScore=-2.59326e+06 diffscore=3780.84 priorChange=-124.766 successMove=50
ITERATION 20 newScore=-2.59271e+06 diffscore=557.855 priorChange=-110.904 successMove=49
ITERATION 21 newScore=-2.59057e+06 diffscore=2139.28 priorChange=-110.904 successMove=52
ITERATION 22 newScore=-2.58994e+06 diffscore=624.869 priorChange=-120.608 successMove=49
ITERATION 23 newScore=-2.58662e+06 diffscore=3317.35 priorChange=-109.517 successMove=47
ITERATION 24 newScore=-2.58426e+06 diffscore=2365 priorChange=-106.745 successMove=47
ITERATION 25 newScore=-2.58362e+06 diffscore=637.449 priorChange=-119.221 successMove=48
ITERATION 26 newScore=-2.58045e+06 diffscore=3171.45 priorChange=-102.586 successMove=46
ITERATION 27 newScore=-2.57989e+06 diffscore=561.914 priorChange=-108.131 successMove=46
ITERATION 28 newScore=-2.57938e+06 diffscore=511.241 priorChange=-116.449 successMove=48
ITERATION 29 newScore=-2.57887e+06 diffscore=502.892 priorChange=-115.062 successMove=47
ITERATION 30 newScore=-2.57719e+06 diffscore=1682.78 priorChange=-99.8132 successMove=45
ITERATION 31 newScore=-2.5758e+06 diffscore=1389.84 priorChange=-70.701 successMove=46
ITERATION 32 newScore=-2.57471e+06 diffscore=1095.69 priorChange=-79.0188 successMove=44
ITERATION 33 newScore=-2.57436e+06 diffscore=346.524 priorChange=-106.745 successMove=44
ITERATION 34 newScore=-2.57389e+06 diffscore=471.695 priorChange=-101.199 successMove=44
ITERATION 35 newScore=-2.57069e+06 diffscore=3202.3 priorChange=-98.4269 successMove=44
ITERATION 36 newScore=-2.57022e+06 diffscore=464.455 priorChange=-101.199 successMove=44
ITERATION 37 newScore=-2.56859e+06 diffscore=1633.58 priorChange=-108.131 successMove=44
ITERATION 38 newScore=-2.5682e+06 diffscore=389.89 priorChange=-94.268 successMove=43
ITERATION 39 newScore=-2.5678e+06 diffscore=394.055 priorChange=-102.586 successMove=47
ITERATION 40 newScore=-2.56674e+06 diffscore=1066.38 priorChange=-98.4269 successMove=44
ITERATION 41 newScore=-2.5664e+06 diffscore=338.162 priorChange=-85.9503 successMove=43
ITERATION 42 newScore=-2.56361e+06 diffscore=2786.53 priorChange=-102.586 successMove=43
ITERATION 43 newScore=-2.56296e+06 diffscore=655.767 priorChange=-106.745 successMove=43
binkey=55 [Edge status: 1 1 1 0 1 1 0 0 ] P(G)=P(cluster8=1)[0.2] * P(cluster1=0|cluster2=1) * P(cluster9=1|cluster6=1) * P(cluster7=0|cluster10=0) * P(cluster10=0|cluster6=1) * P(cluster6=1|cluster2=1) * P(cluster2=1|cluster3=1) * P(cluster3=1|cluster8=1)[0.0131072]=0.00262144
ITERATION 44 newScore=-2.56175e+06 diffscore=1210.2 priorChange=-108.131 successMove=44
ITERATION 45 newScore=-2.55999e+06 diffscore=1756.64 priorChange=-103.972 successMove=44
ITERATION 46 newScore=-2.55853e+06 diffscore=1458.24 priorChange=-83.1777 successMove=44
ITERATION 47 newScore=-2.55826e+06 diffscore=270.855 priorChange=-91.4954 successMove=42
ITERATION 48 newScore=-2.55784e+06 diffscore=423.808 priorChange=-97.0406 successMove=42
ITERATION 49 newScore=-2.55637e+06 diffscore=1468.93 priorChange=-81.7914 successMove=40
ITERATION 50 newScore=-2.55578e+06 diffscore=583.643 priorChange=-81.7914 successMove=41
ITERATION 51 newScore=-2.55398e+06 diffscore=1803.51 priorChange=-69.3147 successMove=37
ITERATION 52 newScore=-2.55143e+06 diffscore=2545.98 priorChange=-77.6325 successMove=35
ITERATION 53 newScore=-2.55095e+06 diffscore=481.273 priorChange=-84.564 successMove=35
ITERATION 54 newScore=-2.55051e+06 diffscore=439.486 priorChange=-87.3365 successMove=35
ITERATION 55 newScore=-2.54861e+06 diffscore=1900.37 priorChange=-74.8599 successMove=34
ITERATION 56 newScore=-2.54718e+06 diffscore=1431.17 priorChange=-76.2462 successMove=34
ITERATION 57 newScore=-2.54621e+06 diffscore=972.932 priorChange=-76.2462 successMove=31
ITERATION 58 newScore=-2.54606e+06 diffscore=150.432 priorChange=-67.9284 successMove=30
ITERATION 59 newScore=-2.54592e+06 diffscore=134.664 priorChange=-59.6107 successMove=29
ITERATION 60 newScore=-2.5458e+06 diffscore=128.62 priorChange=-58.2244 successMove=29
ITERATION 61 newScore=-2.54566e+06 diffscore=135.117 priorChange=-55.4518 successMove=30
ITERATION 62 newScore=-2.54526e+06 diffscore=403.339 priorChange=-73.4736 successMove=28
ITERATION 63 newScore=-2.54405e+06 diffscore=1204.04 priorChange=-60.997 successMove=27
ITERATION 64 newScore=-2.54393e+06 diffscore=126.034 priorChange=-63.7695 successMove=30
ITERATION 65 newScore=-2.54381e+06 diffscore=114.947 priorChange=-54.0655 successMove=27
ITERATION 66 newScore=-2.54369e+06 diffscore=125.654 priorChange=-60.997 successMove=25
ITERATION 67 newScore=-2.54355e+06 diffscore=132.714 priorChange=-41.5888 successMove=23
ITERATION 68 newScore=-2.54214e+06 diffscore=1418.25 priorChange=-42.9751 successMove=21
ITERATION 69 newScore=-2.54195e+06 diffscore=190.089 priorChange=-40.2025 successMove=19
ITERATION 70 newScore=-2.54178e+06 diffscore=160.337 priorChange=-33.2711 successMove=19
ITERATION 71 newScore=-2.54164e+06 diffscore=148.207 priorChange=-34.6574 successMove=19
ITERATION 72 newScore=-2.54157e+06 diffscore=67.7197 priorChange=-26.3396 successMove=19
ITERATION 73 newScore=-2.54149e+06 diffscore=80.9425 priorChange=-42.9751 successMove=18
ITERATION 74 newScore=-2.54142e+06 diffscore=70.7652 priorChange=-31.8848 successMove=19
ITERATION 75 newScore=-2.54134e+06 diffscore=79.8386 priorChange=-26.3396 successMove=17
ITERATION 76 newScore=-2.54128e+06 diffscore=59.8361 priorChange=-26.3396 successMove=16
ITERATION 77 newScore=-2.54118e+06 diffscore=101.835 priorChange=-31.8848 successMove=16
ITERATION 78 newScore=-2.5411e+06 diffscore=80.0637 priorChange=-33.2711 successMove=16
ITERATION 79 newScore=-2.54102e+06 diffscore=77.9916 priorChange=-31.8848 successMove=15
ITERATION 80 newScore=-2.54094e+06 diffscore=78.1316 priorChange=-37.4299 successMove=15
ITERATION 81 newScore=-2.54085e+06 diffscore=88.077 priorChange=-30.4985 successMove=15
ITERATION 82 newScore=-2.54075e+06 diffscore=100.349 priorChange=-27.7259 successMove=12
ITERATION 83 newScore=-2.54048e+06 diffscore=275.8 priorChange=-20.7944 successMove=11
ITERATION 84 newScore=-2.54037e+06 diffscore=100.929 priorChange=-18.0218 successMove=11
ITERATION 85 newScore=-2.54028e+06 diffscore=99.3966 priorChange=-23.567 successMove=11
ITERATION 86 newScore=-2.53917e+06 diffscore=1104.88 priorChange=-13.8629 successMove=11
ITERATION 87 newScore=-2.53904e+06 diffscore=129.112 priorChange=-23.567 successMove=11
ITERATION 88 newScore=-2.53789e+06 diffscore=1148.05 priorChange=-23.567 successMove=11
ITERATION 89 newScore=-2.53782e+06 diffscore=73.572 priorChange=-26.3396 successMove=11
ITERATION 90 newScore=-2.53775e+06 diffscore=66.9547 priorChange=-19.4081 successMove=11
ITERATION 91 newScore=-2.53768e+06 diffscore=69.7322 priorChange=-19.4081 successMove=12
ITERATION 92 newScore=-2.53762e+06 diffscore=66.0086 priorChange=-18.0218 successMove=10
ITERATION 93 newScore=-2.53752e+06 diffscore=91.8247 priorChange=-20.7944 successMove=10
ITERATION 94 newScore=-2.53743e+06 diffscore=99.5737 priorChange=-23.567 successMove=10
ITERATION 95 newScore=-2.53732e+06 diffscore=107.389 priorChange=-20.7944 successMove=10
ITERATION 96 newScore=-2.53723e+06 diffscore=86.6753 priorChange=-15.2492 successMove=10
ITERATION 97 newScore=-2.53708e+06 diffscore=153.886 priorChange=-20.7944 successMove=10
ITERATION 98 newScore=-2.53695e+06 diffscore=125.913 priorChange=-20.7944 successMove=10
ITERATION 99 newScore=-2.53672e+06 diffscore=229.109 priorChange=-23.567 successMove=11
MetaLearner::dumpAllGraphs
Final Score -2.53672e+06
MetaLearner::start runtime: 1226597278 ms
Results/
Results/cluster10/
Results/cluster10/fold0/
Results/cluster10/fold0/modelparams.txt
Results/cluster10/fold0/var_mb_pw_k50.txt
Results/cluster1/
Results/cluster1/fold0/
Results/cluster1/fold0/modelparams.txt
Results/cluster1/fold0/var_mb_pw_k50.txt
Results/cluster6/
Results/cluster6/fold0/
Results/cluster6/fold0/modelparams.txt
Results/cluster6/fold0/var_mb_pw_k50.txt
Results/cluster9/
Results/cluster9/fold0/
Results/cluster9/fold0/modelparams.txt
Results/cluster9/fold0/var_mb_pw_k50.txt
Results/cluster2/
Results/cluster2/fold0/
Results/cluster2/fold0/modelparams.txt
Results/cluster2/fold0/var_mb_pw_k50.txt
Results/cluster7/
Results/cluster7/fold0/
Results/cluster7/fold0/modelparams.txt
Results/cluster7/fold0/var_mb_pw_k50.txt
Results/cluster3/
Results/cluster3/fold0/
Results/cluster3/fold0/modelparams.txt
Results/cluster3/fold0/var_mb_pw_k50.txt
Results/cluster8/
Results/cluster8/scoreFile.txt
Results/cluster8/fold0/
Results/cluster8/fold0/modelparams.txt
Results/cluster8/fold0/var_mb_pw_k50.txt
