./CVN -f config_condor.txt -x50 -v1 -l TFs_OGs.txt -n AllGenes82.txt -d celltype_tree_ancestor.txt -m testdata_ogids.txt -s celltype_order.txt -p 0.2 -c yes -b -4 -q 4
(cluster3|cluster8) p_maintain_edge=0.8 p_gain=0.2
(cluster2|cluster3) p_maintain_edge=0.8 p_gain=0.2
(cluster1|cluster2) p_maintain_edge=0.8 p_gain=0.2
(cluster6|cluster2) p_maintain_edge=0.8 p_gain=0.2
(cluster9|cluster6) p_maintain_edge=0.8 p_gain=0.2
(cluster10|cluster6) p_maintain_edge=0.8 p_gain=0.2
(cluster7|cluster10) p_maintain_edge=0.8 p_gain=0.2
speciesSet.size()=8 Root is cluster8
MappedOrthogroupReader::readSpeciesMapping() --- celltype_order.txt
MappedOrthogroupReader::readFile - testdata_ogids.txt
MappedOrthogroupReader::generateGeneOrthoMap()
MetaLearner::init_onefold() read:config_condor.txt
MetaLearner::setinputVariableNames number of variables: 2042
readEvidenceTable:cluster8.table
PotentialManager::loadEvidenceFromTable varCount=2042 sampleCount=348
motifNetwork.size() = 319
0=cluster8 motifNetwork=cluster8_network.txt
variable size=2042
readEvidenceTable:cluster3.table
PotentialManager::loadEvidenceFromTable varCount=2042 sampleCount=95
motifNetwork.size() = 326
1=cluster3 motifNetwork=cluster3_network.txt
variable size=2042
readEvidenceTable:cluster2.table
PotentialManager::loadEvidenceFromTable varCount=2042 sampleCount=386
motifNetwork.size() = 328
2=cluster2 motifNetwork=cluster2_network.txt
variable size=2042
readEvidenceTable:cluster1.table
PotentialManager::loadEvidenceFromTable varCount=2042 sampleCount=36
motifNetwork.size() = 322
3=cluster1 motifNetwork=cluster1_network.txt
variable size=2042
readEvidenceTable:cluster6.table
PotentialManager::loadEvidenceFromTable varCount=2042 sampleCount=524
motifNetwork.size() = 320
4=cluster6 motifNetwork=cluster6_network.txt
variable size=2042
readEvidenceTable:cluster9.table
PotentialManager::loadEvidenceFromTable varCount=2042 sampleCount=184
motifNetwork.size() = 327
5=cluster9 motifNetwork=cluster9_network.txt
variable size=2042
readEvidenceTable:cluster10.table
PotentialManager::loadEvidenceFromTable varCount=2042 sampleCount=165
motifNetwork.size() = 326
6=cluster10 motifNetwork=cluster10_network.txt
variable size=2042
readEvidenceTable:cluster7.table
PotentialManager::loadEvidenceFromTable varCount=2042 sampleCount=1032
motifNetwork.size() = 320
7=cluster7 motifNetwork=cluster7_network.txt
variable size=2042
-------------------------------------------------------------
MetaLearner::start
precomputeEmptyGraphPrior
binkey=0 [Edge status: 0 0 0 0 0 0 0 0 ] P(G)=P(cluster8=0)[0.8] * P(cluster1=0|cluster2=0) * P(cluster9=0|cluster6=0) * P(cluster7=0|cluster10=0) * P(cluster10=0|cluster6=0) * P(cluster6=0|cluster2=0) * P(cluster2=0|cluster3=0) * P(cluster3=0|cluster8=0)[0.209715]=0.167772
condsetMap_Tree
0 cluster8=0 cluster3=0 cluster2=0 cluster1=0 cluster6=0 cluster9=0 cluster10=0 cluster7=1
1 cluster8=0 cluster3=0 cluster2=0 cluster1=0 cluster6=0 cluster9=1 cluster10=0 cluster7=0
2 cluster8=0 cluster3=0 cluster2=0 cluster1=0 cluster6=0 cluster9=1 cluster10=0 cluster7=1
3 cluster8=0 cluster3=0 cluster2=0 cluster1=1 cluster6=0 cluster9=0 cluster10=0 cluster7=0
4 cluster8=0 cluster3=0 cluster2=0 cluster1=1 cluster6=0 cluster9=0 cluster10=0 cluster7=1
5 cluster8=0 cluster3=0 cluster2=0 cluster1=1 cluster6=0 cluster9=1 cluster10=0 cluster7=0
6 cluster8=0 cluster3=0 cluster2=0 cluster1=1 cluster6=0 cluster9=1 cluster10=0 cluster7=1
7 cluster8=0 cluster3=0 cluster2=0 cluster1=0 cluster6=0 cluster9=0 cluster10=1 cluster7=1
8 cluster8=0 cluster3=0 cluster2=0 cluster1=0 cluster6=0 cluster9=1 cluster10=1 cluster7=1
9 cluster8=0 cluster3=0 cluster2=0 cluster1=1 cluster6=0 cluster9=0 cluster10=1 cluster7=1
10 cluster8=0 cluster3=0 cluster2=0 cluster1=1 cluster6=0 cluster9=1 cluster10=1 cluster7=1
11 cluster8=0 cluster3=0 cluster2=0 cluster1=0 cluster6=1 cluster9=1 cluster10=1 cluster7=1
12 cluster8=0 cluster3=0 cluster2=0 cluster1=1 cluster6=1 cluster9=1 cluster10=1 cluster7=1
13 cluster8=0 cluster3=0 cluster2=1 cluster1=1 cluster6=1 cluster9=1 cluster10=1 cluster7=1
14 cluster8=0 cluster3=1 cluster2=1 cluster1=1 cluster6=1 cluster9=1 cluster10=1 cluster7=1
15 cluster8=1 cluster3=1 cluster2=1 cluster1=1 cluster6=1 cluster9=1 cluster10=1 cluster7=1
16 cluster8=1 cluster3=1 cluster2=1 cluster1=1 cluster6=1 cluster9=1 cluster10=1 cluster7=0
17 cluster8=1 cluster3=1 cluster2=1 cluster1=1 cluster6=1 cluster9=0 cluster10=1 cluster7=1
18 cluster8=1 cluster3=1 cluster2=1 cluster1=1 cluster6=1 cluster9=0 cluster10=1 cluster7=0
19 cluster8=1 cluster3=1 cluster2=1 cluster1=0 cluster6=1 cluster9=1 cluster10=1 cluster7=1
20 cluster8=1 cluster3=1 cluster2=1 cluster1=0 cluster6=1 cluster9=1 cluster10=1 cluster7=0
21 cluster8=1 cluster3=1 cluster2=1 cluster1=0 cluster6=1 cluster9=0 cluster10=1 cluster7=1
22 cluster8=1 cluster3=1 cluster2=1 cluster1=0 cluster6=1 cluster9=0 cluster10=1 cluster7=0
23 cluster8=1 cluster3=1 cluster2=1 cluster1=1 cluster6=1 cluster9=1 cluster10=0 cluster7=0
24 cluster8=1 cluster3=1 cluster2=1 cluster1=1 cluster6=1 cluster9=0 cluster10=0 cluster7=0
25 cluster8=1 cluster3=1 cluster2=1 cluster1=0 cluster6=1 cluster9=1 cluster10=0 cluster7=0
26 cluster8=1 cluster3=1 cluster2=1 cluster1=0 cluster6=1 cluster9=0 cluster10=0 cluster7=0
27 cluster8=1 cluster3=1 cluster2=1 cluster1=1 cluster6=0 cluster9=0 cluster10=0 cluster7=0
28 cluster8=1 cluster3=1 cluster2=1 cluster1=0 cluster6=0 cluster9=0 cluster10=0 cluster7=0
29 cluster8=1 cluster3=1 cluster2=0 cluster1=0 cluster6=0 cluster9=0 cluster10=0 cluster7=0
30 cluster8=1 cluster3=0 cluster2=0 cluster1=0 cluster6=0 cluster9=0 cluster10=0 cluster7=0
31 cluster8=0 cluster3=0 cluster2=0 cluster1=0 cluster6=1 cluster9=0 cluster10=0 cluster7=0
32 cluster8=0 cluster3=0 cluster2=1 cluster1=0 cluster6=0 cluster9=0 cluster10=0 cluster7=0
33 cluster8=0 cluster3=0 cluster2=0 cluster1=0 cluster6=0 cluster9=0 cluster10=1 cluster7=0
34 cluster8=0 cluster3=1 cluster2=0 cluster1=0 cluster6=0 cluster9=0 cluster10=0 cluster7=0
inputRegulatorOGs.size() = 1999 inputOGList.size() = 50
binkey=1 [Edge status: 1 0 0 0 0 0 0 0 ] P(G)=P(cluster8=1)[0.2] * P(cluster1=0|cluster2=0) * P(cluster9=0|cluster6=0) * P(cluster7=0|cluster10=0) * P(cluster10=0|cluster6=0) * P(cluster6=0|cluster2=0) * P(cluster2=0|cluster3=0) * P(cluster3=0|cluster8=1)[0.0524288]=0.0104858
binkey=32 [Edge status: 0 0 0 0 0 1 0 0 ] P(G)=P(cluster8=0)[0.8] * P(cluster1=0|cluster2=0) * P(cluster9=1|cluster6=0) * P(cluster7=0|cluster10=0) * P(cluster10=0|cluster6=0) * P(cluster6=0|cluster2=0) * P(cluster2=0|cluster3=0) * P(cluster3=0|cluster8=0)[0.0524288]=0.041943
binkey=128 [Edge status: 0 0 0 0 0 0 0 1 ] P(G)=P(cluster8=0)[0.8] * P(cluster1=0|cluster2=0) * P(cluster9=0|cluster6=0) * P(cluster7=1|cluster10=0) * P(cluster10=0|cluster6=0) * P(cluster6=0|cluster2=0) * P(cluster2=0|cluster3=0) * P(cluster3=0|cluster8=0)[0.0524288]=0.041943
binkey=192 [Edge status: 0 0 0 0 0 0 1 1 ] P(G)=P(cluster8=0)[0.8] * P(cluster1=0|cluster2=0) * P(cluster9=0|cluster6=0) * P(cluster7=1|cluster10=1) * P(cluster10=1|cluster6=0) * P(cluster6=0|cluster2=0) * P(cluster2=0|cluster3=0) * P(cluster3=0|cluster8=0)[0.0524288]=0.041943
binkey=64 [Edge status: 0 0 0 0 0 0 1 0 ] P(G)=P(cluster8=0)[0.8] * P(cluster1=0|cluster2=0) * P(cluster9=0|cluster6=0) * P(cluster7=0|cluster10=1) * P(cluster10=1|cluster6=0) * P(cluster6=0|cluster2=0) * P(cluster2=0|cluster3=0) * P(cluster3=0|cluster8=0)[0.0131072]=0.0104858
binkey=160 [Edge status: 0 0 0 0 0 1 0 1 ] P(G)=P(cluster8=0)[0.8] * P(cluster1=0|cluster2=0) * P(cluster9=1|cluster6=0) * P(cluster7=1|cluster10=0) * P(cluster10=0|cluster6=0) * P(cluster6=0|cluster2=0) * P(cluster2=0|cluster3=0) * P(cluster3=0|cluster8=0)[0.0131072]=0.0104858
binkey=4 [Edge status: 0 0 1 0 0 0 0 0 ] P(G)=P(cluster8=0)[0.8] * P(cluster1=0|cluster2=1) * P(cluster9=0|cluster6=0) * P(cluster7=0|cluster10=0) * P(cluster10=0|cluster6=0) * P(cluster6=0|cluster2=1) * P(cluster2=1|cluster3=0) * P(cluster3=0|cluster8=0)[0.0032768]=0.00262144
binkey=16 [Edge status: 0 0 0 0 1 0 0 0 ] P(G)=P(cluster8=0)[0.8] * P(cluster1=0|cluster2=0) * P(cluster9=0|cluster6=1) * P(cluster7=0|cluster10=0) * P(cluster10=0|cluster6=1) * P(cluster6=1|cluster2=0) * P(cluster2=0|cluster3=0) * P(cluster3=0|cluster8=0)[0.0032768]=0.00262144
binkey=2 [Edge status: 0 1 0 0 0 0 0 0 ] P(G)=P(cluster8=0)[0.8] * P(cluster1=0|cluster2=0) * P(cluster9=0|cluster6=0) * P(cluster7=0|cluster10=0) * P(cluster10=0|cluster6=0) * P(cluster6=0|cluster2=0) * P(cluster2=0|cluster3=1) * P(cluster3=1|cluster8=0)[0.0131072]=0.0104858
binkey=3 [Edge status: 1 1 0 0 0 0 0 0 ] P(G)=P(cluster8=1)[0.2] * P(cluster1=0|cluster2=0) * P(cluster9=0|cluster6=0) * P(cluster7=0|cluster10=0) * P(cluster10=0|cluster6=0) * P(cluster6=0|cluster2=0) * P(cluster2=0|cluster3=1) * P(cluster3=1|cluster8=1)[0.0524288]=0.0104858
binkey=8 [Edge status: 0 0 0 1 0 0 0 0 ] P(G)=P(cluster8=0)[0.8] * P(cluster1=1|cluster2=0) * P(cluster9=0|cluster6=0) * P(cluster7=0|cluster10=0) * P(cluster10=0|cluster6=0) * P(cluster6=0|cluster2=0) * P(cluster2=0|cluster3=0) * P(cluster3=0|cluster8=0)[0.0524288]=0.041943
binkey=40 [Edge status: 0 0 0 1 0 1 0 0 ] P(G)=P(cluster8=0)[0.8] * P(cluster1=1|cluster2=0) * P(cluster9=1|cluster6=0) * P(cluster7=0|cluster10=0) * P(cluster10=0|cluster6=0) * P(cluster6=0|cluster2=0) * P(cluster2=0|cluster3=0) * P(cluster3=0|cluster8=0)[0.0131072]=0.0104858
binkey=136 [Edge status: 0 0 0 1 0 0 0 1 ] P(G)=P(cluster8=0)[0.8] * P(cluster1=1|cluster2=0) * P(cluster9=0|cluster6=0) * P(cluster7=1|cluster10=0) * P(cluster10=0|cluster6=0) * P(cluster6=0|cluster2=0) * P(cluster2=0|cluster3=0) * P(cluster3=0|cluster8=0)[0.0131072]=0.0104858
binkey=200 [Edge status: 0 0 0 1 0 0 1 1 ] P(G)=P(cluster8=0)[0.8] * P(cluster1=1|cluster2=0) * P(cluster9=0|cluster6=0) * P(cluster7=1|cluster10=1) * P(cluster10=1|cluster6=0) * P(cluster6=0|cluster2=0) * P(cluster2=0|cluster3=0) * P(cluster3=0|cluster8=0)[0.0131072]=0.0104858
binkey=224 [Edge status: 0 0 0 0 0 1 1 1 ] P(G)=P(cluster8=0)[0.8] * P(cluster1=0|cluster2=0) * P(cluster9=1|cluster6=0) * P(cluster7=1|cluster10=1) * P(cluster10=1|cluster6=0) * P(cluster6=0|cluster2=0) * P(cluster2=0|cluster3=0) * P(cluster3=0|cluster8=0)[0.0131072]=0.0104858
binkey=240 [Edge status: 0 0 0 0 1 1 1 1 ] P(G)=P(cluster8=0)[0.8] * P(cluster1=0|cluster2=0) * P(cluster9=1|cluster6=1) * P(cluster7=1|cluster10=1) * P(cluster10=1|cluster6=1) * P(cluster6=1|cluster2=0) * P(cluster2=0|cluster3=0) * P(cluster3=0|cluster8=0)[0.0524288]=0.041943
binkey=7 [Edge status: 1 1 1 0 0 0 0 0 ] P(G)=P(cluster8=1)[0.2] * P(cluster1=0|cluster2=1) * P(cluster9=0|cluster6=0) * P(cluster7=0|cluster10=0) * P(cluster10=0|cluster6=0) * P(cluster6=0|cluster2=1) * P(cluster2=1|cluster3=1) * P(cluster3=1|cluster8=1)[0.0131072]=0.00262144
binkey=168 [Edge status: 0 0 0 1 0 1 0 1 ] P(G)=P(cluster8=0)[0.8] * P(cluster1=1|cluster2=0) * P(cluster9=1|cluster6=0) * P(cluster7=1|cluster10=0) * P(cluster10=0|cluster6=0) * P(cluster6=0|cluster2=0) * P(cluster2=0|cluster3=0) * P(cluster3=0|cluster8=0)[0.0032768]=0.00262144
binkey=247 [Edge status: 1 1 1 0 1 1 1 1 ] P(G)=P(cluster8=1)[0.2] * P(cluster1=0|cluster2=1) * P(cluster9=1|cluster6=1) * P(cluster7=1|cluster10=1) * P(cluster10=1|cluster6=1) * P(cluster6=1|cluster2=1) * P(cluster2=1|cluster3=1) * P(cluster3=1|cluster8=1)[0.0524288]=0.0104858
binkey=119 [Edge status: 1 1 1 0 1 1 1 0 ] P(G)=P(cluster8=1)[0.2] * P(cluster1=0|cluster2=1) * P(cluster9=1|cluster6=1) * P(cluster7=0|cluster10=1) * P(cluster10=1|cluster6=1) * P(cluster6=1|cluster2=1) * P(cluster2=1|cluster3=1) * P(cluster3=1|cluster8=1)[0.0131072]=0.00262144
binkey=215 [Edge status: 1 1 1 0 1 0 1 1 ] P(G)=P(cluster8=1)[0.2] * P(cluster1=0|cluster2=1) * P(cluster9=0|cluster6=1) * P(cluster7=1|cluster10=1) * P(cluster10=1|cluster6=1) * P(cluster6=1|cluster2=1) * P(cluster2=1|cluster3=1) * P(cluster3=1|cluster8=1)[0.0131072]=0.00262144
binkey=87 [Edge status: 1 1 1 0 1 0 1 0 ] P(G)=P(cluster8=1)[0.2] * P(cluster1=0|cluster2=1) * P(cluster9=0|cluster6=1) * P(cluster7=0|cluster10=1) * P(cluster10=1|cluster6=1) * P(cluster6=1|cluster2=1) * P(cluster2=1|cluster3=1) * P(cluster3=1|cluster8=1)[0.0032768]=0.00065536
binkey=55 [Edge status: 1 1 1 0 1 1 0 0 ] P(G)=P(cluster8=1)[0.2] * P(cluster1=0|cluster2=1) * P(cluster9=1|cluster6=1) * P(cluster7=0|cluster10=0) * P(cluster10=0|cluster6=1) * P(cluster6=1|cluster2=1) * P(cluster2=1|cluster3=1) * P(cluster3=1|cluster8=1)[0.0131072]=0.00262144
binkey=23 [Edge status: 1 1 1 0 1 0 0 0 ] P(G)=P(cluster8=1)[0.2] * P(cluster1=0|cluster2=1) * P(cluster9=0|cluster6=1) * P(cluster7=0|cluster10=0) * P(cluster10=0|cluster6=1) * P(cluster6=1|cluster2=1) * P(cluster2=1|cluster3=1) * P(cluster3=1|cluster8=1)[0.0032768]=0.00065536
ITERATION 0 newScore=-2.67603e+06 diffscore=6375.71 priorChange=-108.131 successMove=54
ITERATION 1 newScore=-2.66837e+06 diffscore=7661.38 priorChange=-110.904 successMove=59
ITERATION 2 newScore=-2.66336e+06 diffscore=5006.15 priorChange=-109.517 successMove=52
ITERATION 3 newScore=-2.6587e+06 diffscore=4665.92 priorChange=-108.131 successMove=50
ITERATION 4 newScore=-2.65361e+06 diffscore=5089.5 priorChange=-116.449 successMove=52
ITERATION 5 newScore=-2.65043e+06 diffscore=3180.18 priorChange=-120.608 successMove=58
ITERATION 6 newScore=-2.64855e+06 diffscore=1878.08 priorChange=-112.29 successMove=50
ITERATION 7 newScore=-2.64359e+06 diffscore=4957.98 priorChange=-102.586 successMove=52
ITERATION 8 newScore=-2.64253e+06 diffscore=1064.47 priorChange=-116.449 successMove=54
ITERATION 9 newScore=-2.63585e+06 diffscore=6672.94 priorChange=-115.062 successMove=52
ITERATION 10 newScore=-2.63091e+06 diffscore=4946.9 priorChange=-112.29 successMove=51
ITERATION 11 newScore=-2.6249e+06 diffscore=6008.69 priorChange=-121.994 successMove=52
ITERATION 12 newScore=-2.62245e+06 diffscore=2447.71 priorChange=-119.221 successMove=52
ITERATION 13 newScore=-2.62153e+06 diffscore=925.549 priorChange=-121.994 successMove=52
ITERATION 14 newScore=-2.61703e+06 diffscore=4494.86 priorChange=-115.062 successMove=57
ITERATION 15 newScore=-2.61257e+06 diffscore=4463.48 priorChange=-110.904 successMove=51
ITERATION 16 newScore=-2.60838e+06 diffscore=4182.79 priorChange=-112.29 successMove=51
ITERATION 17 newScore=-2.60599e+06 diffscore=2395.9 priorChange=-112.29 successMove=51
ITERATION 18 newScore=-2.60182e+06 diffscore=4172.21 priorChange=-120.608 successMove=51
ITERATION 19 newScore=-2.60068e+06 diffscore=1132.54 priorChange=-99.8132 successMove=52
ITERATION 20 newScore=-2.59724e+06 diffscore=3446.08 priorChange=-112.29 successMove=50
ITERATION 21 newScore=-2.59485e+06 diffscore=2385.92 priorChange=-110.904 successMove=49
ITERATION 22 newScore=-2.5943e+06 diffscore=550.763 priorChange=-113.676 successMove=48
ITERATION 23 newScore=-2.59296e+06 diffscore=1337.51 priorChange=-108.131 successMove=52
ITERATION 24 newScore=-2.59146e+06 diffscore=1506.9 priorChange=-112.29 successMove=48
ITERATION 25 newScore=-2.59099e+06 diffscore=462.232 priorChange=-110.904 successMove=48
ITERATION 26 newScore=-2.58908e+06 diffscore=1911.75 priorChange=-115.062 successMove=48
ITERATION 27 newScore=-2.58862e+06 diffscore=467.266 priorChange=-97.0406 successMove=48
ITERATION 28 newScore=-2.58814e+06 diffscore=474.341 priorChange=-105.358 successMove=47
ITERATION 29 newScore=-2.58503e+06 diffscore=3109.03 priorChange=-101.199 successMove=48
ITERATION 30 newScore=-2.58443e+06 diffscore=604.804 priorChange=-103.972 successMove=51
ITERATION 31 newScore=-2.5823e+06 diffscore=2125.49 priorChange=-92.8817 successMove=47
ITERATION 32 newScore=-2.58009e+06 diffscore=2209.15 priorChange=-98.4269 successMove=48
ITERATION 33 newScore=-2.5783e+06 diffscore=1791.59 priorChange=-105.358 successMove=48
ITERATION 34 newScore=-2.57345e+06 diffscore=4852.05 priorChange=-88.7228 successMove=47
ITERATION 35 newScore=-2.57058e+06 diffscore=2867.81 priorChange=-115.062 successMove=47
ITERATION 36 newScore=-2.57014e+06 diffscore=442.426 priorChange=-108.131 successMove=48
ITERATION 37 newScore=-2.56962e+06 diffscore=515.048 priorChange=-97.0406 successMove=47
ITERATION 38 newScore=-2.56644e+06 diffscore=3188.56 priorChange=-106.745 successMove=47
ITERATION 39 newScore=-2.56392e+06 diffscore=2513.84 priorChange=-106.745 successMove=47
ITERATION 40 newScore=-2.5636e+06 diffscore=322.747 priorChange=-98.4269 successMove=47
ITERATION 41 newScore=-2.56329e+06 diffscore=308.191 priorChange=-120.608 successMove=47
ITERATION 42 newScore=-2.56297e+06 diffscore=324.824 priorChange=-109.517 successMove=46
ITERATION 43 newScore=-2.56257e+06 diffscore=392.456 priorChange=-95.6543 successMove=47
ITERATION 44 newScore=-2.56226e+06 diffscore=315.739 priorChange=-106.745 successMove=46
ITERATION 45 newScore=-2.56076e+06 diffscore=1499.55 priorChange=-106.745 successMove=48
ITERATION 46 newScore=-2.56032e+06 diffscore=436.018 priorChange=-80.4051 successMove=46
ITERATION 47 newScore=-2.55925e+06 diffscore=1068.18 priorChange=-83.1777 successMove=45
ITERATION 48 newScore=-2.55762e+06 diffscore=1633.71 priorChange=-91.4954 successMove=45
ITERATION 49 newScore=-2.55465e+06 diffscore=2971.44 priorChange=-103.972 successMove=44
ITERATION 50 newScore=-2.55176e+06 diffscore=2885.36 priorChange=-99.8132 successMove=43
ITERATION 51 newScore=-2.5501e+06 diffscore=1662.59 priorChange=-94.268 successMove=43
ITERATION 52 newScore=-2.54973e+06 diffscore=373.997 priorChange=-101.199 successMove=43
ITERATION 53 newScore=-2.54913e+06 diffscore=591.727 priorChange=-103.972 successMove=43
ITERATION 54 newScore=-2.54732e+06 diffscore=1813.85 priorChange=-90.1091 successMove=42
ITERATION 55 newScore=-2.54695e+06 diffscore=372.644 priorChange=-90.1091 successMove=41
ITERATION 56 newScore=-2.54322e+06 diffscore=3729.51 priorChange=-70.701 successMove=42
ITERATION 57 newScore=-2.54102e+06 diffscore=2200.83 priorChange=-101.199 successMove=42
ITERATION 58 newScore=-2.54075e+06 diffscore=266.631 priorChange=-91.4954 successMove=40
ITERATION 59 newScore=-2.54054e+06 diffscore=212.868 priorChange=-83.1777 successMove=39
ITERATION 60 newScore=-2.54e+06 diffscore=539.235 priorChange=-74.8599 successMove=38
ITERATION 61 newScore=-2.53979e+06 diffscore=211.96 priorChange=-79.0188 successMove=37
ITERATION 62 newScore=-2.53765e+06 diffscore=2132.44 priorChange=-81.7914 successMove=36
ITERATION 63 newScore=-2.53619e+06 diffscore=1469.66 priorChange=-69.3147 successMove=34
ITERATION 64 newScore=-2.53469e+06 diffscore=1493.48 priorChange=-72.0873 successMove=33
ITERATION 65 newScore=-2.53452e+06 diffscore=169.379 priorChange=-90.1091 successMove=31
ITERATION 66 newScore=-2.53436e+06 diffscore=158.766 priorChange=-74.8599 successMove=30
ITERATION 67 newScore=-2.53421e+06 diffscore=157.756 priorChange=-65.1558 successMove=30
ITERATION 68 newScore=-2.53406e+06 diffscore=146.711 priorChange=-65.1558 successMove=29
ITERATION 69 newScore=-2.5339e+06 diffscore=161.277 priorChange=-59.6107 successMove=27
ITERATION 70 newScore=-2.53372e+06 diffscore=174.998 priorChange=-52.6792 successMove=27
ITERATION 71 newScore=-2.53355e+06 diffscore=174.982 priorChange=-55.4518 successMove=27
ITERATION 72 newScore=-2.53148e+06 diffscore=2063.71 priorChange=-63.7695 successMove=28
ITERATION 73 newScore=-2.53133e+06 diffscore=156.813 priorChange=-56.8381 successMove=26
ITERATION 74 newScore=-2.53116e+06 diffscore=165.171 priorChange=-60.997 successMove=25
ITERATION 75 newScore=-2.53098e+06 diffscore=177.217 priorChange=-37.4299 successMove=25
ITERATION 76 newScore=-2.52931e+06 diffscore=1679.21 priorChange=-54.0655 successMove=24
ITERATION 77 newScore=-2.52898e+06 diffscore=327.544 priorChange=-56.8381 successMove=24
ITERATION 78 newScore=-2.5278e+06 diffscore=1177.93 priorChange=-48.5203 successMove=24
ITERATION 79 newScore=-2.52654e+06 diffscore=1256.3 priorChange=-49.9066 successMove=22
ITERATION 80 newScore=-2.52639e+06 diffscore=158.39 priorChange=-48.5203 successMove=20
ITERATION 81 newScore=-2.52563e+06 diffscore=750.991 priorChange=-45.7477 successMove=19
ITERATION 82 newScore=-2.52546e+06 diffscore=171.653 priorChange=-29.1122 successMove=16
ITERATION 83 newScore=-2.52463e+06 diffscore=837.233 priorChange=-29.1122 successMove=15
ITERATION 84 newScore=-2.52319e+06 diffscore=1434.01 priorChange=-31.8848 successMove=14
ITERATION 85 newScore=-2.52294e+06 diffscore=254.202 priorChange=-22.1807 successMove=13
ITERATION 86 newScore=-2.52253e+06 diffscore=402.991 priorChange=-29.1122 successMove=13
ITERATION 87 newScore=-2.5222e+06 diffscore=333.007 priorChange=-29.1122 successMove=13
ITERATION 88 newScore=-2.52136e+06 diffscore=843.673 priorChange=-20.7944 successMove=12
ITERATION 89 newScore=-2.52129e+06 diffscore=67.3148 priorChange=-18.0218 successMove=10
ITERATION 90 newScore=-2.5212e+06 diffscore=89.2825 priorChange=-19.4081 successMove=10
ITERATION 91 newScore=-2.52108e+06 diffscore=119.881 priorChange=-19.4081 successMove=10
ITERATION 92 newScore=-2.52008e+06 diffscore=1004.91 priorChange=-16.6355 successMove=8
ITERATION 93 newScore=-2.52005e+06 diffscore=23.7651 priorChange=-13.8629 successMove=8
ITERATION 94 newScore=-2.52003e+06 diffscore=25.4838 priorChange=-15.2492 successMove=8
ITERATION 95 newScore=-2.52e+06 diffscore=24.5457 priorChange=-12.4766 successMove=7
ITERATION 96 newScore=-2.51997e+06 diffscore=36.33 priorChange=-13.8629 successMove=7
ITERATION 97 newScore=-2.51994e+06 diffscore=21.7304 priorChange=-11.0904 successMove=6
ITERATION 98 newScore=-2.51992e+06 diffscore=20.249 priorChange=-15.2492 successMove=6
ITERATION 99 newScore=-2.51991e+06 diffscore=17.2287 priorChange=-13.8629 successMove=6
MetaLearner::dumpAllGraphs
Final Score -2.51991e+06
MetaLearner::start runtime: 1320626034 ms
Results/
Results/cluster10/
Results/cluster10/fold0/
Results/cluster10/fold0/modelparams.txt
Results/cluster10/fold0/var_mb_pw_k50.txt
Results/cluster1/
Results/cluster1/fold0/
Results/cluster1/fold0/modelparams.txt
Results/cluster1/fold0/var_mb_pw_k50.txt
Results/cluster6/
Results/cluster6/fold0/
Results/cluster6/fold0/modelparams.txt
Results/cluster6/fold0/var_mb_pw_k50.txt
Results/cluster9/
Results/cluster9/fold0/
Results/cluster9/fold0/modelparams.txt
Results/cluster9/fold0/var_mb_pw_k50.txt
Results/cluster2/
Results/cluster2/fold0/
Results/cluster2/fold0/modelparams.txt
Results/cluster2/fold0/var_mb_pw_k50.txt
Results/cluster7/
Results/cluster7/fold0/
Results/cluster7/fold0/modelparams.txt
Results/cluster7/fold0/var_mb_pw_k50.txt
Results/cluster3/
Results/cluster3/fold0/
Results/cluster3/fold0/modelparams.txt
Results/cluster3/fold0/var_mb_pw_k50.txt
Results/cluster8/
Results/cluster8/scoreFile.txt
Results/cluster8/fold0/
Results/cluster8/fold0/modelparams.txt
Results/cluster8/fold0/var_mb_pw_k50.txt
