000 (49777.1758.000) 10/11 10:48:12 Job submitted from host: <144.92.142.142:9618?addrs=144.92.142.142-9618&noUDP&sock=44923_051a_3>
...
001 (49777.1758.000) 10/11 17:31:26 Job executing on host: <128.105.68.53:9618?addrs=128.105.68.53-9618&alias=e2483.chtc.wisc.edu&noUDP&sock=startd_4911_1db1>
...
006 (49777.1758.000) 10/11 17:31:34 Image size of job updated: 105124
	103  -  MemoryUsage of job (MB)
	105124  -  ResidentSetSize of job (KB)
...
006 (49777.1758.000) 10/11 17:36:34 Image size of job updated: 720008
	653  -  MemoryUsage of job (MB)
	668412  -  ResidentSetSize of job (KB)
...
006 (49777.1758.000) 10/11 17:41:35 Image size of job updated: 743136
	680  -  MemoryUsage of job (MB)
	695868  -  ResidentSetSize of job (KB)
...
006 (49777.1758.000) 10/11 17:46:35 Image size of job updated: 883236
	816  -  MemoryUsage of job (MB)
	835128  -  ResidentSetSize of job (KB)
...
006 (49777.1758.000) 10/11 17:51:35 Image size of job updated: 1012500
	942  -  MemoryUsage of job (MB)
	964092  -  ResidentSetSize of job (KB)
...
006 (49777.1758.000) 10/11 17:56:36 Image size of job updated: 1196044
	1120  -  MemoryUsage of job (MB)
	1146384  -  ResidentSetSize of job (KB)
...
006 (49777.1758.000) 10/11 18:00:03 Image size of job updated: 1366728
	1120  -  MemoryUsage of job (MB)
	1146384  -  ResidentSetSize of job (KB)
...
005 (49777.1758.000) 10/11 18:00:04 Job terminated.
	(1) Normal termination (return value 0)
		Usr 0 00:26:43, Sys 0 00:00:03  -  Run Remote Usage
		Usr 0 00:00:00, Sys 0 00:00:00  -  Run Local Usage
		Usr 0 00:26:43, Sys 0 00:00:03  -  Total Remote Usage
		Usr 0 00:00:00, Sys 0 00:00:00  -  Total Local Usage
	169343  -  Run Bytes Sent By Job
	316887328  -  Run Bytes Received By Job
	169343  -  Total Bytes Sent By Job
	316887328  -  Total Bytes Received By Job
	Partitionable Resources :     Usage  Request Allocated 
	   Cpus                 :      0.92        1         1 
	   Disk (KB)            : 325000      819200   1709928 
	   Memory (MB)          :   1120       20480     20480 
...
