./CVN -f config_condor.txt -x50 -v1 -l TFs_OGs.txt -n AllGenes103.txt -d celltype_tree_ancestor.txt -m testdata_ogids.txt -s celltype_order.txt -p 0.2 -c yes -b -4 -q 4
(cluster3|cluster8) p_maintain_edge=0.8 p_gain=0.2
(cluster2|cluster3) p_maintain_edge=0.8 p_gain=0.2
(cluster1|cluster2) p_maintain_edge=0.8 p_gain=0.2
(cluster6|cluster2) p_maintain_edge=0.8 p_gain=0.2
(cluster9|cluster6) p_maintain_edge=0.8 p_gain=0.2
(cluster10|cluster6) p_maintain_edge=0.8 p_gain=0.2
(cluster7|cluster10) p_maintain_edge=0.8 p_gain=0.2
speciesSet.size()=8 Root is cluster8
MappedOrthogroupReader::readSpeciesMapping() --- celltype_order.txt
MappedOrthogroupReader::readFile - testdata_ogids.txt
MappedOrthogroupReader::generateGeneOrthoMap()
MetaLearner::init_onefold() read:config_condor.txt
MetaLearner::setinputVariableNames number of variables: 2035
readEvidenceTable:cluster8.table
PotentialManager::loadEvidenceFromTable varCount=2035 sampleCount=348
motifNetwork.size() = 319
0=cluster8 motifNetwork=cluster8_network.txt
variable size=2035
readEvidenceTable:cluster3.table
PotentialManager::loadEvidenceFromTable varCount=2035 sampleCount=95
motifNetwork.size() = 326
1=cluster3 motifNetwork=cluster3_network.txt
variable size=2035
readEvidenceTable:cluster2.table
PotentialManager::loadEvidenceFromTable varCount=2035 sampleCount=386
motifNetwork.size() = 328
2=cluster2 motifNetwork=cluster2_network.txt
variable size=2035
readEvidenceTable:cluster1.table
PotentialManager::loadEvidenceFromTable varCount=2035 sampleCount=36
motifNetwork.size() = 322
3=cluster1 motifNetwork=cluster1_network.txt
variable size=2035
readEvidenceTable:cluster6.table
PotentialManager::loadEvidenceFromTable varCount=2035 sampleCount=524
motifNetwork.size() = 320
4=cluster6 motifNetwork=cluster6_network.txt
variable size=2035
readEvidenceTable:cluster9.table
PotentialManager::loadEvidenceFromTable varCount=2035 sampleCount=184
motifNetwork.size() = 327
5=cluster9 motifNetwork=cluster9_network.txt
variable size=2035
readEvidenceTable:cluster10.table
PotentialManager::loadEvidenceFromTable varCount=2035 sampleCount=165
motifNetwork.size() = 326
6=cluster10 motifNetwork=cluster10_network.txt
variable size=2035
readEvidenceTable:cluster7.table
PotentialManager::loadEvidenceFromTable varCount=2035 sampleCount=1032
motifNetwork.size() = 320
7=cluster7 motifNetwork=cluster7_network.txt
variable size=2035
-------------------------------------------------------------
MetaLearner::start
precomputeEmptyGraphPrior
binkey=0 [Edge status: 0 0 0 0 0 0 0 0 ] P(G)=P(cluster8=0)[0.8] * P(cluster1=0|cluster2=0) * P(cluster9=0|cluster6=0) * P(cluster7=0|cluster10=0) * P(cluster10=0|cluster6=0) * P(cluster6=0|cluster2=0) * P(cluster2=0|cluster3=0) * P(cluster3=0|cluster8=0)[0.209715]=0.167772
condsetMap_Tree
0 cluster8=0 cluster3=0 cluster2=0 cluster1=0 cluster6=0 cluster9=0 cluster10=0 cluster7=1
1 cluster8=0 cluster3=0 cluster2=0 cluster1=0 cluster6=0 cluster9=1 cluster10=0 cluster7=0
2 cluster8=0 cluster3=0 cluster2=0 cluster1=0 cluster6=0 cluster9=1 cluster10=0 cluster7=1
3 cluster8=0 cluster3=0 cluster2=0 cluster1=1 cluster6=0 cluster9=0 cluster10=0 cluster7=0
4 cluster8=0 cluster3=0 cluster2=0 cluster1=1 cluster6=0 cluster9=0 cluster10=0 cluster7=1
5 cluster8=0 cluster3=0 cluster2=0 cluster1=1 cluster6=0 cluster9=1 cluster10=0 cluster7=0
6 cluster8=0 cluster3=0 cluster2=0 cluster1=1 cluster6=0 cluster9=1 cluster10=0 cluster7=1
7 cluster8=0 cluster3=0 cluster2=0 cluster1=0 cluster6=0 cluster9=0 cluster10=1 cluster7=1
8 cluster8=0 cluster3=0 cluster2=0 cluster1=0 cluster6=0 cluster9=1 cluster10=1 cluster7=1
9 cluster8=0 cluster3=0 cluster2=0 cluster1=1 cluster6=0 cluster9=0 cluster10=1 cluster7=1
10 cluster8=0 cluster3=0 cluster2=0 cluster1=1 cluster6=0 cluster9=1 cluster10=1 cluster7=1
11 cluster8=0 cluster3=0 cluster2=0 cluster1=0 cluster6=1 cluster9=1 cluster10=1 cluster7=1
12 cluster8=0 cluster3=0 cluster2=0 cluster1=1 cluster6=1 cluster9=1 cluster10=1 cluster7=1
13 cluster8=0 cluster3=0 cluster2=1 cluster1=1 cluster6=1 cluster9=1 cluster10=1 cluster7=1
14 cluster8=0 cluster3=1 cluster2=1 cluster1=1 cluster6=1 cluster9=1 cluster10=1 cluster7=1
15 cluster8=1 cluster3=1 cluster2=1 cluster1=1 cluster6=1 cluster9=1 cluster10=1 cluster7=1
16 cluster8=1 cluster3=1 cluster2=1 cluster1=1 cluster6=1 cluster9=1 cluster10=1 cluster7=0
17 cluster8=1 cluster3=1 cluster2=1 cluster1=1 cluster6=1 cluster9=0 cluster10=1 cluster7=1
18 cluster8=1 cluster3=1 cluster2=1 cluster1=1 cluster6=1 cluster9=0 cluster10=1 cluster7=0
19 cluster8=1 cluster3=1 cluster2=1 cluster1=0 cluster6=1 cluster9=1 cluster10=1 cluster7=1
20 cluster8=1 cluster3=1 cluster2=1 cluster1=0 cluster6=1 cluster9=1 cluster10=1 cluster7=0
21 cluster8=1 cluster3=1 cluster2=1 cluster1=0 cluster6=1 cluster9=0 cluster10=1 cluster7=1
22 cluster8=1 cluster3=1 cluster2=1 cluster1=0 cluster6=1 cluster9=0 cluster10=1 cluster7=0
23 cluster8=1 cluster3=1 cluster2=1 cluster1=1 cluster6=1 cluster9=1 cluster10=0 cluster7=0
24 cluster8=1 cluster3=1 cluster2=1 cluster1=1 cluster6=1 cluster9=0 cluster10=0 cluster7=0
25 cluster8=1 cluster3=1 cluster2=1 cluster1=0 cluster6=1 cluster9=1 cluster10=0 cluster7=0
26 cluster8=1 cluster3=1 cluster2=1 cluster1=0 cluster6=1 cluster9=0 cluster10=0 cluster7=0
27 cluster8=1 cluster3=1 cluster2=1 cluster1=1 cluster6=0 cluster9=0 cluster10=0 cluster7=0
28 cluster8=1 cluster3=1 cluster2=1 cluster1=0 cluster6=0 cluster9=0 cluster10=0 cluster7=0
29 cluster8=1 cluster3=1 cluster2=0 cluster1=0 cluster6=0 cluster9=0 cluster10=0 cluster7=0
30 cluster8=1 cluster3=0 cluster2=0 cluster1=0 cluster6=0 cluster9=0 cluster10=0 cluster7=0
31 cluster8=0 cluster3=0 cluster2=0 cluster1=0 cluster6=1 cluster9=0 cluster10=0 cluster7=0
32 cluster8=0 cluster3=0 cluster2=1 cluster1=0 cluster6=0 cluster9=0 cluster10=0 cluster7=0
33 cluster8=0 cluster3=0 cluster2=0 cluster1=0 cluster6=0 cluster9=0 cluster10=1 cluster7=0
34 cluster8=0 cluster3=1 cluster2=0 cluster1=0 cluster6=0 cluster9=0 cluster10=0 cluster7=0
inputRegulatorOGs.size() = 1999 inputOGList.size() = 50
binkey=1 [Edge status: 1 0 0 0 0 0 0 0 ] P(G)=P(cluster8=1)[0.2] * P(cluster1=0|cluster2=0) * P(cluster9=0|cluster6=0) * P(cluster7=0|cluster10=0) * P(cluster10=0|cluster6=0) * P(cluster6=0|cluster2=0) * P(cluster2=0|cluster3=0) * P(cluster3=0|cluster8=1)[0.0524288]=0.0104858
binkey=32 [Edge status: 0 0 0 0 0 1 0 0 ] P(G)=P(cluster8=0)[0.8] * P(cluster1=0|cluster2=0) * P(cluster9=1|cluster6=0) * P(cluster7=0|cluster10=0) * P(cluster10=0|cluster6=0) * P(cluster6=0|cluster2=0) * P(cluster2=0|cluster3=0) * P(cluster3=0|cluster8=0)[0.0524288]=0.041943
binkey=64 [Edge status: 0 0 0 0 0 0 1 0 ] P(G)=P(cluster8=0)[0.8] * P(cluster1=0|cluster2=0) * P(cluster9=0|cluster6=0) * P(cluster7=0|cluster10=1) * P(cluster10=1|cluster6=0) * P(cluster6=0|cluster2=0) * P(cluster2=0|cluster3=0) * P(cluster3=0|cluster8=0)[0.0131072]=0.0104858
binkey=4 [Edge status: 0 0 1 0 0 0 0 0 ] P(G)=P(cluster8=0)[0.8] * P(cluster1=0|cluster2=1) * P(cluster9=0|cluster6=0) * P(cluster7=0|cluster10=0) * P(cluster10=0|cluster6=0) * P(cluster6=0|cluster2=1) * P(cluster2=1|cluster3=0) * P(cluster3=0|cluster8=0)[0.0032768]=0.00262144
binkey=16 [Edge status: 0 0 0 0 1 0 0 0 ] P(G)=P(cluster8=0)[0.8] * P(cluster1=0|cluster2=0) * P(cluster9=0|cluster6=1) * P(cluster7=0|cluster10=0) * P(cluster10=0|cluster6=1) * P(cluster6=1|cluster2=0) * P(cluster2=0|cluster3=0) * P(cluster3=0|cluster8=0)[0.0032768]=0.00262144
binkey=128 [Edge status: 0 0 0 0 0 0 0 1 ] P(G)=P(cluster8=0)[0.8] * P(cluster1=0|cluster2=0) * P(cluster9=0|cluster6=0) * P(cluster7=1|cluster10=0) * P(cluster10=0|cluster6=0) * P(cluster6=0|cluster2=0) * P(cluster2=0|cluster3=0) * P(cluster3=0|cluster8=0)[0.0524288]=0.041943
binkey=192 [Edge status: 0 0 0 0 0 0 1 1 ] P(G)=P(cluster8=0)[0.8] * P(cluster1=0|cluster2=0) * P(cluster9=0|cluster6=0) * P(cluster7=1|cluster10=1) * P(cluster10=1|cluster6=0) * P(cluster6=0|cluster2=0) * P(cluster2=0|cluster3=0) * P(cluster3=0|cluster8=0)[0.0524288]=0.041943
binkey=160 [Edge status: 0 0 0 0 0 1 0 1 ] P(G)=P(cluster8=0)[0.8] * P(cluster1=0|cluster2=0) * P(cluster9=1|cluster6=0) * P(cluster7=1|cluster10=0) * P(cluster10=0|cluster6=0) * P(cluster6=0|cluster2=0) * P(cluster2=0|cluster3=0) * P(cluster3=0|cluster8=0)[0.0131072]=0.0104858
binkey=2 [Edge status: 0 1 0 0 0 0 0 0 ] P(G)=P(cluster8=0)[0.8] * P(cluster1=0|cluster2=0) * P(cluster9=0|cluster6=0) * P(cluster7=0|cluster10=0) * P(cluster10=0|cluster6=0) * P(cluster6=0|cluster2=0) * P(cluster2=0|cluster3=1) * P(cluster3=1|cluster8=0)[0.0131072]=0.0104858
binkey=8 [Edge status: 0 0 0 1 0 0 0 0 ] P(G)=P(cluster8=0)[0.8] * P(cluster1=1|cluster2=0) * P(cluster9=0|cluster6=0) * P(cluster7=0|cluster10=0) * P(cluster10=0|cluster6=0) * P(cluster6=0|cluster2=0) * P(cluster2=0|cluster3=0) * P(cluster3=0|cluster8=0)[0.0524288]=0.041943
binkey=136 [Edge status: 0 0 0 1 0 0 0 1 ] P(G)=P(cluster8=0)[0.8] * P(cluster1=1|cluster2=0) * P(cluster9=0|cluster6=0) * P(cluster7=1|cluster10=0) * P(cluster10=0|cluster6=0) * P(cluster6=0|cluster2=0) * P(cluster2=0|cluster3=0) * P(cluster3=0|cluster8=0)[0.0131072]=0.0104858
binkey=224 [Edge status: 0 0 0 0 0 1 1 1 ] P(G)=P(cluster8=0)[0.8] * P(cluster1=0|cluster2=0) * P(cluster9=1|cluster6=0) * P(cluster7=1|cluster10=1) * P(cluster10=1|cluster6=0) * P(cluster6=0|cluster2=0) * P(cluster2=0|cluster3=0) * P(cluster3=0|cluster8=0)[0.0131072]=0.0104858
binkey=240 [Edge status: 0 0 0 0 1 1 1 1 ] P(G)=P(cluster8=0)[0.8] * P(cluster1=0|cluster2=0) * P(cluster9=1|cluster6=1) * P(cluster7=1|cluster10=1) * P(cluster10=1|cluster6=1) * P(cluster6=1|cluster2=0) * P(cluster2=0|cluster3=0) * P(cluster3=0|cluster8=0)[0.0524288]=0.041943
binkey=3 [Edge status: 1 1 0 0 0 0 0 0 ] P(G)=P(cluster8=1)[0.2] * P(cluster1=0|cluster2=0) * P(cluster9=0|cluster6=0) * P(cluster7=0|cluster10=0) * P(cluster10=0|cluster6=0) * P(cluster6=0|cluster2=0) * P(cluster2=0|cluster3=1) * P(cluster3=1|cluster8=1)[0.0524288]=0.0104858
binkey=200 [Edge status: 0 0 0 1 0 0 1 1 ] P(G)=P(cluster8=0)[0.8] * P(cluster1=1|cluster2=0) * P(cluster9=0|cluster6=0) * P(cluster7=1|cluster10=1) * P(cluster10=1|cluster6=0) * P(cluster6=0|cluster2=0) * P(cluster2=0|cluster3=0) * P(cluster3=0|cluster8=0)[0.0131072]=0.0104858
binkey=40 [Edge status: 0 0 0 1 0 1 0 0 ] P(G)=P(cluster8=0)[0.8] * P(cluster1=1|cluster2=0) * P(cluster9=1|cluster6=0) * P(cluster7=0|cluster10=0) * P(cluster10=0|cluster6=0) * P(cluster6=0|cluster2=0) * P(cluster2=0|cluster3=0) * P(cluster3=0|cluster8=0)[0.0131072]=0.0104858
binkey=168 [Edge status: 0 0 0 1 0 1 0 1 ] P(G)=P(cluster8=0)[0.8] * P(cluster1=1|cluster2=0) * P(cluster9=1|cluster6=0) * P(cluster7=1|cluster10=0) * P(cluster10=0|cluster6=0) * P(cluster6=0|cluster2=0) * P(cluster2=0|cluster3=0) * P(cluster3=0|cluster8=0)[0.0032768]=0.00262144
binkey=7 [Edge status: 1 1 1 0 0 0 0 0 ] P(G)=P(cluster8=1)[0.2] * P(cluster1=0|cluster2=1) * P(cluster9=0|cluster6=0) * P(cluster7=0|cluster10=0) * P(cluster10=0|cluster6=0) * P(cluster6=0|cluster2=1) * P(cluster2=1|cluster3=1) * P(cluster3=1|cluster8=1)[0.0131072]=0.00262144
binkey=232 [Edge status: 0 0 0 1 0 1 1 1 ] P(G)=P(cluster8=0)[0.8] * P(cluster1=1|cluster2=0) * P(cluster9=1|cluster6=0) * P(cluster7=1|cluster10=1) * P(cluster10=1|cluster6=0) * P(cluster6=0|cluster2=0) * P(cluster2=0|cluster3=0) * P(cluster3=0|cluster8=0)[0.0032768]=0.00262144
binkey=248 [Edge status: 0 0 0 1 1 1 1 1 ] P(G)=P(cluster8=0)[0.8] * P(cluster1=1|cluster2=0) * P(cluster9=1|cluster6=1) * P(cluster7=1|cluster10=1) * P(cluster10=1|cluster6=1) * P(cluster6=1|cluster2=0) * P(cluster2=0|cluster3=0) * P(cluster3=0|cluster8=0)[0.0131072]=0.0104858
binkey=252 [Edge status: 0 0 1 1 1 1 1 1 ] P(G)=P(cluster8=0)[0.8] * P(cluster1=1|cluster2=1) * P(cluster9=1|cluster6=1) * P(cluster7=1|cluster10=1) * P(cluster10=1|cluster6=1) * P(cluster6=1|cluster2=1) * P(cluster2=1|cluster3=0) * P(cluster3=0|cluster8=0)[0.0524288]=0.041943
binkey=23 [Edge status: 1 1 1 0 1 0 0 0 ] P(G)=P(cluster8=1)[0.2] * P(cluster1=0|cluster2=1) * P(cluster9=0|cluster6=1) * P(cluster7=0|cluster10=0) * P(cluster10=0|cluster6=1) * P(cluster6=1|cluster2=1) * P(cluster2=1|cluster3=1) * P(cluster3=1|cluster8=1)[0.0032768]=0.00065536
binkey=55 [Edge status: 1 1 1 0 1 1 0 0 ] P(G)=P(cluster8=1)[0.2] * P(cluster1=0|cluster2=1) * P(cluster9=1|cluster6=1) * P(cluster7=0|cluster10=0) * P(cluster10=0|cluster6=1) * P(cluster6=1|cluster2=1) * P(cluster2=1|cluster3=1) * P(cluster3=1|cluster8=1)[0.0131072]=0.00262144
ITERATION 0 newScore=-2.71765e+06 diffscore=8512.52 priorChange=-110.904 successMove=54
ITERATION 1 newScore=-2.71318e+06 diffscore=4472.41 priorChange=-121.994 successMove=54
ITERATION 2 newScore=-2.7049e+06 diffscore=8276.15 priorChange=-112.29 successMove=53
ITERATION 3 newScore=-2.69076e+06 diffscore=14136.5 priorChange=-127.539 successMove=55
ITERATION 4 newScore=-2.68725e+06 diffscore=3512.1 priorChange=-120.608 successMove=51
ITERATION 5 newScore=-2.68244e+06 diffscore=4810.88 priorChange=-123.38 successMove=56
ITERATION 6 newScore=-2.67766e+06 diffscore=4780.08 priorChange=-117.835 successMove=52
ITERATION 7 newScore=-2.67334e+06 diffscore=4322.02 priorChange=-121.994 successMove=53
ITERATION 8 newScore=-2.67026e+06 diffscore=3083.18 priorChange=-124.766 successMove=51
ITERATION 9 newScore=-2.66855e+06 diffscore=1709 priorChange=-120.608 successMove=51
ITERATION 10 newScore=-2.66588e+06 diffscore=2665.52 priorChange=-120.608 successMove=51
ITERATION 11 newScore=-2.66338e+06 diffscore=2497.55 priorChange=-128.925 successMove=50
ITERATION 12 newScore=-2.66111e+06 diffscore=2276.04 priorChange=-124.766 successMove=50
ITERATION 13 newScore=-2.65779e+06 diffscore=3323.17 priorChange=-103.972 successMove=50
ITERATION 14 newScore=-2.65626e+06 diffscore=1530.08 priorChange=-115.062 successMove=51
ITERATION 15 newScore=-2.65187e+06 diffscore=4388.6 priorChange=-108.131 successMove=50
ITERATION 16 newScore=-2.65056e+06 diffscore=1307.57 priorChange=-109.517 successMove=49
ITERATION 17 newScore=-2.64976e+06 diffscore=796.997 priorChange=-115.062 successMove=50
ITERATION 18 newScore=-2.64821e+06 diffscore=1551.55 priorChange=-109.517 successMove=49
ITERATION 19 newScore=-2.64754e+06 diffscore=670.865 priorChange=-103.972 successMove=48
ITERATION 20 newScore=-2.64315e+06 diffscore=4387.52 priorChange=-102.586 successMove=49
ITERATION 21 newScore=-2.63972e+06 diffscore=3436.9 priorChange=-112.29 successMove=49
ITERATION 22 newScore=-2.63824e+06 diffscore=1471.84 priorChange=-115.062 successMove=48
ITERATION 23 newScore=-2.6365e+06 diffscore=1742.87 priorChange=-108.131 successMove=47
ITERATION 24 newScore=-2.63447e+06 diffscore=2030.42 priorChange=-88.7228 successMove=48
ITERATION 25 newScore=-2.63205e+06 diffscore=2423.17 priorChange=-102.586 successMove=47
ITERATION 26 newScore=-2.62944e+06 diffscore=2610.43 priorChange=-116.449 successMove=48
ITERATION 27 newScore=-2.62762e+06 diffscore=1821.55 priorChange=-103.972 successMove=48
ITERATION 28 newScore=-2.62711e+06 diffscore=500.066 priorChange=-108.131 successMove=47
ITERATION 29 newScore=-2.62516e+06 diffscore=1950.88 priorChange=-105.358 successMove=47
ITERATION 30 newScore=-2.62306e+06 diffscore=2106.54 priorChange=-102.586 successMove=47
ITERATION 31 newScore=-2.61862e+06 diffscore=4433.52 priorChange=-94.268 successMove=49
ITERATION 32 newScore=-2.61705e+06 diffscore=1570.32 priorChange=-109.517 successMove=46
ITERATION 33 newScore=-2.61421e+06 diffscore=2840.17 priorChange=-102.586 successMove=46
ITERATION 34 newScore=-2.61356e+06 diffscore=653.981 priorChange=-81.7914 successMove=46
ITERATION 35 newScore=-2.61306e+06 diffscore=498.511 priorChange=-88.7228 successMove=45
ITERATION 36 newScore=-2.61192e+06 diffscore=1141.16 priorChange=-95.6543 successMove=46
ITERATION 37 newScore=-2.61051e+06 diffscore=1408.42 priorChange=-110.904 successMove=46
ITERATION 38 newScore=-2.6102e+06 diffscore=307.812 priorChange=-95.6543 successMove=45
ITERATION 39 newScore=-2.6098e+06 diffscore=408.531 priorChange=-97.0406 successMove=45
ITERATION 40 newScore=-2.60941e+06 diffscore=380.961 priorChange=-102.586 successMove=44
ITERATION 41 newScore=-2.60766e+06 diffscore=1754.11 priorChange=-81.7914 successMove=44
ITERATION 42 newScore=-2.60727e+06 diffscore=390.637 priorChange=-102.586 successMove=43
ITERATION 43 newScore=-2.60678e+06 diffscore=485.572 priorChange=-99.8132 successMove=43
ITERATION 44 newScore=-2.60307e+06 diffscore=3711.45 priorChange=-97.0406 successMove=43
ITERATION 45 newScore=-2.60269e+06 diffscore=380.561 priorChange=-97.0406 successMove=42
ITERATION 46 newScore=-2.60123e+06 diffscore=1457.68 priorChange=-109.517 successMove=42
ITERATION 47 newScore=-2.59895e+06 diffscore=2279.33 priorChange=-102.586 successMove=41
ITERATION 48 newScore=-2.59848e+06 diffscore=478.992 priorChange=-97.0406 successMove=40
ITERATION 49 newScore=-2.5971e+06 diffscore=1380.47 priorChange=-85.9503 successMove=40
ITERATION 50 newScore=-2.59682e+06 diffscore=276.388 priorChange=-85.9503 successMove=39
ITERATION 51 newScore=-2.59662e+06 diffscore=199.687 priorChange=-83.1777 successMove=38
ITERATION 52 newScore=-2.59643e+06 diffscore=192.555 priorChange=-76.2462 successMove=38
ITERATION 53 newScore=-2.59619e+06 diffscore=232.511 priorChange=-84.564 successMove=37
ITERATION 54 newScore=-2.59598e+06 diffscore=210.929 priorChange=-74.8599 successMove=37
ITERATION 55 newScore=-2.59444e+06 diffscore=1545.13 priorChange=-72.0873 successMove=36
ITERATION 56 newScore=-2.59285e+06 diffscore=1590.08 priorChange=-83.1777 successMove=34
ITERATION 57 newScore=-2.5927e+06 diffscore=152.167 priorChange=-70.701 successMove=34
ITERATION 58 newScore=-2.59254e+06 diffscore=156.156 priorChange=-69.3147 successMove=33
ITERATION 59 newScore=-2.59239e+06 diffscore=150.181 priorChange=-74.8599 successMove=33
ITERATION 60 newScore=-2.59221e+06 diffscore=174.864 priorChange=-83.1777 successMove=33
ITERATION 61 newScore=-2.59203e+06 diffscore=181.667 priorChange=-62.3832 successMove=32
ITERATION 62 newScore=-2.59106e+06 diffscore=974.53 priorChange=-65.1558 successMove=31
ITERATION 63 newScore=-2.59072e+06 diffscore=340.994 priorChange=-59.6107 successMove=29
ITERATION 64 newScore=-2.5893e+06 diffscore=1413.5 priorChange=-54.0655 successMove=29
ITERATION 65 newScore=-2.58882e+06 diffscore=486.896 priorChange=-51.2929 successMove=29
ITERATION 66 newScore=-2.5876e+06 diffscore=1219.56 priorChange=-62.3832 successMove=27
ITERATION 67 newScore=-2.58738e+06 diffscore=217.545 priorChange=-47.134 successMove=26
ITERATION 68 newScore=-2.58717e+06 diffscore=213.705 priorChange=-62.3832 successMove=27
ITERATION 69 newScore=-2.58581e+06 diffscore=1355.3 priorChange=-49.9066 successMove=24
ITERATION 70 newScore=-2.58486e+06 diffscore=952.78 priorChange=-42.9751 successMove=22
ITERATION 71 newScore=-2.58471e+06 diffscore=145.031 priorChange=-42.9751 successMove=22
ITERATION 72 newScore=-2.58359e+06 diffscore=1118.57 priorChange=-52.6792 successMove=22
ITERATION 73 newScore=-2.58332e+06 diffscore=278.739 priorChange=-42.9751 successMove=21
ITERATION 74 newScore=-2.58206e+06 diffscore=1258.75 priorChange=-36.0437 successMove=21
ITERATION 75 newScore=-2.58183e+06 diffscore=230.373 priorChange=-52.6792 successMove=21
ITERATION 76 newScore=-2.58141e+06 diffscore=413.648 priorChange=-40.2025 successMove=22
ITERATION 77 newScore=-2.5801e+06 diffscore=1309.24 priorChange=-41.5888 successMove=19
ITERATION 78 newScore=-2.57995e+06 diffscore=149.042 priorChange=-37.4299 successMove=18
ITERATION 79 newScore=-2.57983e+06 diffscore=123.616 priorChange=-24.9533 successMove=18
ITERATION 80 newScore=-2.57953e+06 diffscore=305.533 priorChange=-30.4985 successMove=17
ITERATION 81 newScore=-2.5794e+06 diffscore=126.186 priorChange=-36.0437 successMove=15
ITERATION 82 newScore=-2.5792e+06 diffscore=199.16 priorChange=-22.1807 successMove=14
ITERATION 83 newScore=-2.57814e+06 diffscore=1060.5 priorChange=-30.4985 successMove=14
ITERATION 84 newScore=-2.57805e+06 diffscore=92.0925 priorChange=-34.6574 successMove=13
ITERATION 85 newScore=-2.57797e+06 diffscore=80.4925 priorChange=-30.4985 successMove=13
ITERATION 86 newScore=-2.57789e+06 diffscore=72.4021 priorChange=-27.7259 successMove=13
ITERATION 87 newScore=-2.57778e+06 diffscore=116.302 priorChange=-31.8848 successMove=12
ITERATION 88 newScore=-2.57772e+06 diffscore=59.8897 priorChange=-29.1122 successMove=11
ITERATION 89 newScore=-2.57669e+06 diffscore=1029.32 priorChange=-22.1807 successMove=11
ITERATION 90 newScore=-2.5766e+06 diffscore=86.2735 priorChange=-22.1807 successMove=11
ITERATION 91 newScore=-2.57653e+06 diffscore=70.3429 priorChange=-22.1807 successMove=11
ITERATION 92 newScore=-2.57643e+06 diffscore=100.61 priorChange=-23.567 successMove=11
ITERATION 93 newScore=-2.57629e+06 diffscore=142.596 priorChange=-23.567 successMove=10
ITERATION 94 newScore=-2.57531e+06 diffscore=983.599 priorChange=-15.2492 successMove=9
ITERATION 95 newScore=-2.57527e+06 diffscore=33.2928 priorChange=-16.6355 successMove=11
ITERATION 96 newScore=-2.57522e+06 diffscore=52.0942 priorChange=-19.4081 successMove=9
ITERATION 97 newScore=-2.57516e+06 diffscore=60.3957 priorChange=-18.0218 successMove=8
ITERATION 98 newScore=-2.57508e+06 diffscore=82.9815 priorChange=-16.6355 successMove=8
ITERATION 99 newScore=-2.57494e+06 diffscore=141.765 priorChange=-15.2492 successMove=8
MetaLearner::dumpAllGraphs
Final Score -2.57494e+06
MetaLearner::start runtime: 1530601604 ms
Results/
Results/cluster10/
Results/cluster10/fold0/
Results/cluster10/fold0/modelparams.txt
Results/cluster10/fold0/var_mb_pw_k50.txt
Results/cluster6/
Results/cluster6/fold0/
Results/cluster6/fold0/modelparams.txt
Results/cluster6/fold0/var_mb_pw_k50.txt
Results/cluster8/
Results/cluster8/fold0/
Results/cluster8/fold0/modelparams.txt
Results/cluster8/fold0/var_mb_pw_k50.txt
Results/cluster8/scoreFile.txt
Results/cluster7/
Results/cluster7/fold0/
Results/cluster7/fold0/modelparams.txt
Results/cluster7/fold0/var_mb_pw_k50.txt
Results/cluster1/
Results/cluster1/fold0/
Results/cluster1/fold0/modelparams.txt
Results/cluster1/fold0/var_mb_pw_k50.txt
Results/cluster9/
Results/cluster9/fold0/
Results/cluster9/fold0/modelparams.txt
Results/cluster9/fold0/var_mb_pw_k50.txt
Results/cluster2/
Results/cluster2/fold0/
Results/cluster2/fold0/modelparams.txt
Results/cluster2/fold0/var_mb_pw_k50.txt
Results/cluster3/
Results/cluster3/fold0/
Results/cluster3/fold0/modelparams.txt
Results/cluster3/fold0/var_mb_pw_k50.txt
