000 (49777.539.000) 10/11 10:48:09 Job submitted from host: <144.92.142.142:9618?addrs=144.92.142.142-9618&noUDP&sock=44923_051a_3>
...
001 (49777.539.000) 10/11 14:14:01 Job executing on host: <128.105.68.28:9618?addrs=128.105.68.28-9618&alias=e2458.chtc.wisc.edu&noUDP&sock=startd_4927_1735>
...
006 (49777.539.000) 10/11 14:14:10 Image size of job updated: 156816
	104  -  MemoryUsage of job (MB)
	105500  -  ResidentSetSize of job (KB)
...
006 (49777.539.000) 10/11 14:19:11 Image size of job updated: 722628
	656  -  MemoryUsage of job (MB)
	671352  -  ResidentSetSize of job (KB)
...
006 (49777.539.000) 10/11 14:24:12 Image size of job updated: 1044508
	975  -  MemoryUsage of job (MB)
	997920  -  ResidentSetSize of job (KB)
...
006 (49777.539.000) 10/11 14:29:12 Image size of job updated: 1545840
	1464  -  MemoryUsage of job (MB)
	1498992  -  ResidentSetSize of job (KB)
...
006 (49777.539.000) 10/11 14:34:13 Image size of job updated: 2058696
	1962  -  MemoryUsage of job (MB)
	2008380  -  ResidentSetSize of job (KB)
...
006 (49777.539.000) 10/11 14:39:03 Image size of job updated: 2534332
	1962  -  MemoryUsage of job (MB)
	2008380  -  ResidentSetSize of job (KB)
...
005 (49777.539.000) 10/11 14:39:03 Job terminated.
	(1) Normal termination (return value 0)
		Usr 0 00:24:55, Sys 0 00:00:04  -  Run Remote Usage
		Usr 0 00:00:00, Sys 0 00:00:00  -  Run Local Usage
		Usr 0 00:24:55, Sys 0 00:00:04  -  Total Remote Usage
		Usr 0 00:00:00, Sys 0 00:00:00  -  Total Local Usage
	167975  -  Run Bytes Sent By Job
	316723520  -  Run Bytes Received By Job
	167975  -  Total Bytes Sent By Job
	316723520  -  Total Bytes Received By Job
	Partitionable Resources :     Usage  Request Allocated 
	   Cpus                 :      1.00        1         1 
	   Disk (KB)            : 325000      819200   1711968 
	   Memory (MB)          :   1962       20480     20480 
...
