./CVN -f config_condor.txt -x50 -v1 -l TFs_OGs.txt -n AllGenes225.txt -d celltype_tree_ancestor.txt -m testdata_ogids.txt -s celltype_order.txt -p 0.2 -c yes -b -4 -q 4
(cluster3|cluster8) p_maintain_edge=0.8 p_gain=0.2
(cluster2|cluster3) p_maintain_edge=0.8 p_gain=0.2
(cluster1|cluster2) p_maintain_edge=0.8 p_gain=0.2
(cluster6|cluster2) p_maintain_edge=0.8 p_gain=0.2
(cluster9|cluster6) p_maintain_edge=0.8 p_gain=0.2
(cluster10|cluster6) p_maintain_edge=0.8 p_gain=0.2
(cluster7|cluster10) p_maintain_edge=0.8 p_gain=0.2
speciesSet.size()=8 Root is cluster8
MappedOrthogroupReader::readSpeciesMapping() --- celltype_order.txt
MappedOrthogroupReader::readFile - testdata_ogids.txt
MappedOrthogroupReader::generateGeneOrthoMap()
MetaLearner::init_onefold() read:config_condor.txt
MetaLearner::setinputVariableNames number of variables: 2029
readEvidenceTable:cluster8.table
PotentialManager::loadEvidenceFromTable varCount=2029 sampleCount=348
motifNetwork.size() = 319
0=cluster8 motifNetwork=cluster8_network.txt
variable size=2029
readEvidenceTable:cluster3.table
PotentialManager::loadEvidenceFromTable varCount=2029 sampleCount=95
motifNetwork.size() = 326
1=cluster3 motifNetwork=cluster3_network.txt
variable size=2029
readEvidenceTable:cluster2.table
PotentialManager::loadEvidenceFromTable varCount=2029 sampleCount=386
motifNetwork.size() = 328
2=cluster2 motifNetwork=cluster2_network.txt
variable size=2029
readEvidenceTable:cluster1.table
PotentialManager::loadEvidenceFromTable varCount=2029 sampleCount=36
motifNetwork.size() = 322
3=cluster1 motifNetwork=cluster1_network.txt
variable size=2029
readEvidenceTable:cluster6.table
PotentialManager::loadEvidenceFromTable varCount=2029 sampleCount=524
motifNetwork.size() = 320
4=cluster6 motifNetwork=cluster6_network.txt
variable size=2029
readEvidenceTable:cluster9.table
PotentialManager::loadEvidenceFromTable varCount=2029 sampleCount=184
motifNetwork.size() = 327
5=cluster9 motifNetwork=cluster9_network.txt
variable size=2029
readEvidenceTable:cluster10.table
PotentialManager::loadEvidenceFromTable varCount=2029 sampleCount=165
motifNetwork.size() = 326
6=cluster10 motifNetwork=cluster10_network.txt
variable size=2029
readEvidenceTable:cluster7.table
PotentialManager::loadEvidenceFromTable varCount=2029 sampleCount=1032
motifNetwork.size() = 320
7=cluster7 motifNetwork=cluster7_network.txt
variable size=2029
-------------------------------------------------------------
MetaLearner::start
precomputeEmptyGraphPrior
binkey=0 [Edge status: 0 0 0 0 0 0 0 0 ] P(G)=P(cluster8=0)[0.8] * P(cluster1=0|cluster2=0) * P(cluster9=0|cluster6=0) * P(cluster7=0|cluster10=0) * P(cluster10=0|cluster6=0) * P(cluster6=0|cluster2=0) * P(cluster2=0|cluster3=0) * P(cluster3=0|cluster8=0)[0.209715]=0.167772
condsetMap_Tree
0 cluster8=0 cluster3=0 cluster2=0 cluster1=0 cluster6=0 cluster9=0 cluster10=0 cluster7=1
1 cluster8=0 cluster3=0 cluster2=0 cluster1=0 cluster6=0 cluster9=1 cluster10=0 cluster7=0
2 cluster8=0 cluster3=0 cluster2=0 cluster1=0 cluster6=0 cluster9=1 cluster10=0 cluster7=1
3 cluster8=0 cluster3=0 cluster2=0 cluster1=1 cluster6=0 cluster9=0 cluster10=0 cluster7=0
4 cluster8=0 cluster3=0 cluster2=0 cluster1=1 cluster6=0 cluster9=0 cluster10=0 cluster7=1
5 cluster8=0 cluster3=0 cluster2=0 cluster1=1 cluster6=0 cluster9=1 cluster10=0 cluster7=0
6 cluster8=0 cluster3=0 cluster2=0 cluster1=1 cluster6=0 cluster9=1 cluster10=0 cluster7=1
7 cluster8=0 cluster3=0 cluster2=0 cluster1=0 cluster6=0 cluster9=0 cluster10=1 cluster7=1
8 cluster8=0 cluster3=0 cluster2=0 cluster1=0 cluster6=0 cluster9=1 cluster10=1 cluster7=1
9 cluster8=0 cluster3=0 cluster2=0 cluster1=1 cluster6=0 cluster9=0 cluster10=1 cluster7=1
10 cluster8=0 cluster3=0 cluster2=0 cluster1=1 cluster6=0 cluster9=1 cluster10=1 cluster7=1
11 cluster8=0 cluster3=0 cluster2=0 cluster1=0 cluster6=1 cluster9=1 cluster10=1 cluster7=1
12 cluster8=0 cluster3=0 cluster2=0 cluster1=1 cluster6=1 cluster9=1 cluster10=1 cluster7=1
13 cluster8=0 cluster3=0 cluster2=1 cluster1=1 cluster6=1 cluster9=1 cluster10=1 cluster7=1
14 cluster8=0 cluster3=1 cluster2=1 cluster1=1 cluster6=1 cluster9=1 cluster10=1 cluster7=1
15 cluster8=1 cluster3=1 cluster2=1 cluster1=1 cluster6=1 cluster9=1 cluster10=1 cluster7=1
16 cluster8=1 cluster3=1 cluster2=1 cluster1=1 cluster6=1 cluster9=1 cluster10=1 cluster7=0
17 cluster8=1 cluster3=1 cluster2=1 cluster1=1 cluster6=1 cluster9=0 cluster10=1 cluster7=1
18 cluster8=1 cluster3=1 cluster2=1 cluster1=1 cluster6=1 cluster9=0 cluster10=1 cluster7=0
19 cluster8=1 cluster3=1 cluster2=1 cluster1=0 cluster6=1 cluster9=1 cluster10=1 cluster7=1
20 cluster8=1 cluster3=1 cluster2=1 cluster1=0 cluster6=1 cluster9=1 cluster10=1 cluster7=0
21 cluster8=1 cluster3=1 cluster2=1 cluster1=0 cluster6=1 cluster9=0 cluster10=1 cluster7=1
22 cluster8=1 cluster3=1 cluster2=1 cluster1=0 cluster6=1 cluster9=0 cluster10=1 cluster7=0
23 cluster8=1 cluster3=1 cluster2=1 cluster1=1 cluster6=1 cluster9=1 cluster10=0 cluster7=0
24 cluster8=1 cluster3=1 cluster2=1 cluster1=1 cluster6=1 cluster9=0 cluster10=0 cluster7=0
25 cluster8=1 cluster3=1 cluster2=1 cluster1=0 cluster6=1 cluster9=1 cluster10=0 cluster7=0
26 cluster8=1 cluster3=1 cluster2=1 cluster1=0 cluster6=1 cluster9=0 cluster10=0 cluster7=0
27 cluster8=1 cluster3=1 cluster2=1 cluster1=1 cluster6=0 cluster9=0 cluster10=0 cluster7=0
28 cluster8=1 cluster3=1 cluster2=1 cluster1=0 cluster6=0 cluster9=0 cluster10=0 cluster7=0
29 cluster8=1 cluster3=1 cluster2=0 cluster1=0 cluster6=0 cluster9=0 cluster10=0 cluster7=0
30 cluster8=1 cluster3=0 cluster2=0 cluster1=0 cluster6=0 cluster9=0 cluster10=0 cluster7=0
31 cluster8=0 cluster3=0 cluster2=0 cluster1=0 cluster6=1 cluster9=0 cluster10=0 cluster7=0
32 cluster8=0 cluster3=0 cluster2=1 cluster1=0 cluster6=0 cluster9=0 cluster10=0 cluster7=0
33 cluster8=0 cluster3=0 cluster2=0 cluster1=0 cluster6=0 cluster9=0 cluster10=1 cluster7=0
34 cluster8=0 cluster3=1 cluster2=0 cluster1=0 cluster6=0 cluster9=0 cluster10=0 cluster7=0
inputRegulatorOGs.size() = 1999 inputOGList.size() = 50
binkey=32 [Edge status: 0 0 0 0 0 1 0 0 ] P(G)=P(cluster8=0)[0.8] * P(cluster1=0|cluster2=0) * P(cluster9=1|cluster6=0) * P(cluster7=0|cluster10=0) * P(cluster10=0|cluster6=0) * P(cluster6=0|cluster2=0) * P(cluster2=0|cluster3=0) * P(cluster3=0|cluster8=0)[0.0524288]=0.041943
binkey=4 [Edge status: 0 0 1 0 0 0 0 0 ] P(G)=P(cluster8=0)[0.8] * P(cluster1=0|cluster2=1) * P(cluster9=0|cluster6=0) * P(cluster7=0|cluster10=0) * P(cluster10=0|cluster6=0) * P(cluster6=0|cluster2=1) * P(cluster2=1|cluster3=0) * P(cluster3=0|cluster8=0)[0.0032768]=0.00262144
binkey=16 [Edge status: 0 0 0 0 1 0 0 0 ] P(G)=P(cluster8=0)[0.8] * P(cluster1=0|cluster2=0) * P(cluster9=0|cluster6=1) * P(cluster7=0|cluster10=0) * P(cluster10=0|cluster6=1) * P(cluster6=1|cluster2=0) * P(cluster2=0|cluster3=0) * P(cluster3=0|cluster8=0)[0.0032768]=0.00262144
binkey=128 [Edge status: 0 0 0 0 0 0 0 1 ] P(G)=P(cluster8=0)[0.8] * P(cluster1=0|cluster2=0) * P(cluster9=0|cluster6=0) * P(cluster7=1|cluster10=0) * P(cluster10=0|cluster6=0) * P(cluster6=0|cluster2=0) * P(cluster2=0|cluster3=0) * P(cluster3=0|cluster8=0)[0.0524288]=0.041943
binkey=1 [Edge status: 1 0 0 0 0 0 0 0 ] P(G)=P(cluster8=1)[0.2] * P(cluster1=0|cluster2=0) * P(cluster9=0|cluster6=0) * P(cluster7=0|cluster10=0) * P(cluster10=0|cluster6=0) * P(cluster6=0|cluster2=0) * P(cluster2=0|cluster3=0) * P(cluster3=0|cluster8=1)[0.0524288]=0.0104858
binkey=64 [Edge status: 0 0 0 0 0 0 1 0 ] P(G)=P(cluster8=0)[0.8] * P(cluster1=0|cluster2=0) * P(cluster9=0|cluster6=0) * P(cluster7=0|cluster10=1) * P(cluster10=1|cluster6=0) * P(cluster6=0|cluster2=0) * P(cluster2=0|cluster3=0) * P(cluster3=0|cluster8=0)[0.0131072]=0.0104858
binkey=2 [Edge status: 0 1 0 0 0 0 0 0 ] P(G)=P(cluster8=0)[0.8] * P(cluster1=0|cluster2=0) * P(cluster9=0|cluster6=0) * P(cluster7=0|cluster10=0) * P(cluster10=0|cluster6=0) * P(cluster6=0|cluster2=0) * P(cluster2=0|cluster3=1) * P(cluster3=1|cluster8=0)[0.0131072]=0.0104858
binkey=8 [Edge status: 0 0 0 1 0 0 0 0 ] P(G)=P(cluster8=0)[0.8] * P(cluster1=1|cluster2=0) * P(cluster9=0|cluster6=0) * P(cluster7=0|cluster10=0) * P(cluster10=0|cluster6=0) * P(cluster6=0|cluster2=0) * P(cluster2=0|cluster3=0) * P(cluster3=0|cluster8=0)[0.0524288]=0.041943
binkey=40 [Edge status: 0 0 0 1 0 1 0 0 ] P(G)=P(cluster8=0)[0.8] * P(cluster1=1|cluster2=0) * P(cluster9=1|cluster6=0) * P(cluster7=0|cluster10=0) * P(cluster10=0|cluster6=0) * P(cluster6=0|cluster2=0) * P(cluster2=0|cluster3=0) * P(cluster3=0|cluster8=0)[0.0131072]=0.0104858
binkey=192 [Edge status: 0 0 0 0 0 0 1 1 ] P(G)=P(cluster8=0)[0.8] * P(cluster1=0|cluster2=0) * P(cluster9=0|cluster6=0) * P(cluster7=1|cluster10=1) * P(cluster10=1|cluster6=0) * P(cluster6=0|cluster2=0) * P(cluster2=0|cluster3=0) * P(cluster3=0|cluster8=0)[0.0524288]=0.041943
binkey=3 [Edge status: 1 1 0 0 0 0 0 0 ] P(G)=P(cluster8=1)[0.2] * P(cluster1=0|cluster2=0) * P(cluster9=0|cluster6=0) * P(cluster7=0|cluster10=0) * P(cluster10=0|cluster6=0) * P(cluster6=0|cluster2=0) * P(cluster2=0|cluster3=1) * P(cluster3=1|cluster8=1)[0.0524288]=0.0104858
binkey=160 [Edge status: 0 0 0 0 0 1 0 1 ] P(G)=P(cluster8=0)[0.8] * P(cluster1=0|cluster2=0) * P(cluster9=1|cluster6=0) * P(cluster7=1|cluster10=0) * P(cluster10=0|cluster6=0) * P(cluster6=0|cluster2=0) * P(cluster2=0|cluster3=0) * P(cluster3=0|cluster8=0)[0.0131072]=0.0104858
binkey=136 [Edge status: 0 0 0 1 0 0 0 1 ] P(G)=P(cluster8=0)[0.8] * P(cluster1=1|cluster2=0) * P(cluster9=0|cluster6=0) * P(cluster7=1|cluster10=0) * P(cluster10=0|cluster6=0) * P(cluster6=0|cluster2=0) * P(cluster2=0|cluster3=0) * P(cluster3=0|cluster8=0)[0.0131072]=0.0104858
binkey=224 [Edge status: 0 0 0 0 0 1 1 1 ] P(G)=P(cluster8=0)[0.8] * P(cluster1=0|cluster2=0) * P(cluster9=1|cluster6=0) * P(cluster7=1|cluster10=1) * P(cluster10=1|cluster6=0) * P(cluster6=0|cluster2=0) * P(cluster2=0|cluster3=0) * P(cluster3=0|cluster8=0)[0.0131072]=0.0104858
binkey=240 [Edge status: 0 0 0 0 1 1 1 1 ] P(G)=P(cluster8=0)[0.8] * P(cluster1=0|cluster2=0) * P(cluster9=1|cluster6=1) * P(cluster7=1|cluster10=1) * P(cluster10=1|cluster6=1) * P(cluster6=1|cluster2=0) * P(cluster2=0|cluster3=0) * P(cluster3=0|cluster8=0)[0.0524288]=0.041943
binkey=7 [Edge status: 1 1 1 0 0 0 0 0 ] P(G)=P(cluster8=1)[0.2] * P(cluster1=0|cluster2=1) * P(cluster9=0|cluster6=0) * P(cluster7=0|cluster10=0) * P(cluster10=0|cluster6=0) * P(cluster6=0|cluster2=1) * P(cluster2=1|cluster3=1) * P(cluster3=1|cluster8=1)[0.0131072]=0.00262144
binkey=200 [Edge status: 0 0 0 1 0 0 1 1 ] P(G)=P(cluster8=0)[0.8] * P(cluster1=1|cluster2=0) * P(cluster9=0|cluster6=0) * P(cluster7=1|cluster10=1) * P(cluster10=1|cluster6=0) * P(cluster6=0|cluster2=0) * P(cluster2=0|cluster3=0) * P(cluster3=0|cluster8=0)[0.0131072]=0.0104858
binkey=168 [Edge status: 0 0 0 1 0 1 0 1 ] P(G)=P(cluster8=0)[0.8] * P(cluster1=1|cluster2=0) * P(cluster9=1|cluster6=0) * P(cluster7=1|cluster10=0) * P(cluster10=0|cluster6=0) * P(cluster6=0|cluster2=0) * P(cluster2=0|cluster3=0) * P(cluster3=0|cluster8=0)[0.0032768]=0.00262144
binkey=232 [Edge status: 0 0 0 1 0 1 1 1 ] P(G)=P(cluster8=0)[0.8] * P(cluster1=1|cluster2=0) * P(cluster9=1|cluster6=0) * P(cluster7=1|cluster10=1) * P(cluster10=1|cluster6=0) * P(cluster6=0|cluster2=0) * P(cluster2=0|cluster3=0) * P(cluster3=0|cluster8=0)[0.0032768]=0.00262144
binkey=248 [Edge status: 0 0 0 1 1 1 1 1 ] P(G)=P(cluster8=0)[0.8] * P(cluster1=1|cluster2=0) * P(cluster9=1|cluster6=1) * P(cluster7=1|cluster10=1) * P(cluster10=1|cluster6=1) * P(cluster6=1|cluster2=0) * P(cluster2=0|cluster3=0) * P(cluster3=0|cluster8=0)[0.0131072]=0.0104858
binkey=127 [Edge status: 1 1 1 1 1 1 1 0 ] P(G)=P(cluster8=1)[0.2] * P(cluster1=1|cluster2=1) * P(cluster9=1|cluster6=1) * P(cluster7=0|cluster10=1) * P(cluster10=1|cluster6=1) * P(cluster6=1|cluster2=1) * P(cluster2=1|cluster3=1) * P(cluster3=1|cluster8=1)[0.0524288]=0.0104858
binkey=95 [Edge status: 1 1 1 1 1 0 1 0 ] P(G)=P(cluster8=1)[0.2] * P(cluster1=1|cluster2=1) * P(cluster9=0|cluster6=1) * P(cluster7=0|cluster10=1) * P(cluster10=1|cluster6=1) * P(cluster6=1|cluster2=1) * P(cluster2=1|cluster3=1) * P(cluster3=1|cluster8=1)[0.0131072]=0.00262144
binkey=119 [Edge status: 1 1 1 0 1 1 1 0 ] P(G)=P(cluster8=1)[0.2] * P(cluster1=0|cluster2=1) * P(cluster9=1|cluster6=1) * P(cluster7=0|cluster10=1) * P(cluster10=1|cluster6=1) * P(cluster6=1|cluster2=1) * P(cluster2=1|cluster3=1) * P(cluster3=1|cluster8=1)[0.0131072]=0.00262144
binkey=87 [Edge status: 1 1 1 0 1 0 1 0 ] P(G)=P(cluster8=1)[0.2] * P(cluster1=0|cluster2=1) * P(cluster9=0|cluster6=1) * P(cluster7=0|cluster10=1) * P(cluster10=1|cluster6=1) * P(cluster6=1|cluster2=1) * P(cluster2=1|cluster3=1) * P(cluster3=1|cluster8=1)[0.0032768]=0.00065536
binkey=63 [Edge status: 1 1 1 1 1 1 0 0 ] P(G)=P(cluster8=1)[0.2] * P(cluster1=1|cluster2=1) * P(cluster9=1|cluster6=1) * P(cluster7=0|cluster10=0) * P(cluster10=0|cluster6=1) * P(cluster6=1|cluster2=1) * P(cluster2=1|cluster3=1) * P(cluster3=1|cluster8=1)[0.0524288]=0.0104858
binkey=31 [Edge status: 1 1 1 1 1 0 0 0 ] P(G)=P(cluster8=1)[0.2] * P(cluster1=1|cluster2=1) * P(cluster9=0|cluster6=1) * P(cluster7=0|cluster10=0) * P(cluster10=0|cluster6=1) * P(cluster6=1|cluster2=1) * P(cluster2=1|cluster3=1) * P(cluster3=1|cluster8=1)[0.0131072]=0.00262144
binkey=55 [Edge status: 1 1 1 0 1 1 0 0 ] P(G)=P(cluster8=1)[0.2] * P(cluster1=0|cluster2=1) * P(cluster9=1|cluster6=1) * P(cluster7=0|cluster10=0) * P(cluster10=0|cluster6=1) * P(cluster6=1|cluster2=1) * P(cluster2=1|cluster3=1) * P(cluster3=1|cluster8=1)[0.0131072]=0.00262144
binkey=23 [Edge status: 1 1 1 0 1 0 0 0 ] P(G)=P(cluster8=1)[0.2] * P(cluster1=0|cluster2=1) * P(cluster9=0|cluster6=1) * P(cluster7=0|cluster10=0) * P(cluster10=0|cluster6=1) * P(cluster6=1|cluster2=1) * P(cluster2=1|cluster3=1) * P(cluster3=1|cluster8=1)[0.0032768]=0.00065536
binkey=15 [Edge status: 1 1 1 1 0 0 0 0 ] P(G)=P(cluster8=1)[0.2] * P(cluster1=1|cluster2=1) * P(cluster9=0|cluster6=0) * P(cluster7=0|cluster10=0) * P(cluster10=0|cluster6=0) * P(cluster6=0|cluster2=1) * P(cluster2=1|cluster3=1) * P(cluster3=1|cluster8=1)[0.0524288]=0.0104858
binkey=215 [Edge status: 1 1 1 0 1 0 1 1 ] P(G)=P(cluster8=1)[0.2] * P(cluster1=0|cluster2=1) * P(cluster9=0|cluster6=1) * P(cluster7=1|cluster10=1) * P(cluster10=1|cluster6=1) * P(cluster6=1|cluster2=1) * P(cluster2=1|cluster3=1) * P(cluster3=1|cluster8=1)[0.0131072]=0.00262144
binkey=252 [Edge status: 0 0 1 1 1 1 1 1 ] P(G)=P(cluster8=0)[0.8] * P(cluster1=1|cluster2=1) * P(cluster9=1|cluster6=1) * P(cluster7=1|cluster10=1) * P(cluster10=1|cluster6=1) * P(cluster6=1|cluster2=1) * P(cluster2=1|cluster3=0) * P(cluster3=0|cluster8=0)[0.0524288]=0.041943
ITERATION 0 newScore=-2.66986e+06 diffscore=23821.3 priorChange=-110.904 successMove=65
ITERATION 1 newScore=-2.66507e+06 diffscore=4786.25 priorChange=-124.766 successMove=61
ITERATION 2 newScore=-2.65048e+06 diffscore=14589.9 priorChange=-117.835 successMove=52
ITERATION 3 newScore=-2.64881e+06 diffscore=1665.67 priorChange=-130.312 successMove=52
ITERATION 4 newScore=-2.64246e+06 diffscore=6351.79 priorChange=-121.994 successMove=52
ITERATION 5 newScore=-2.63373e+06 diffscore=8728.22 priorChange=-121.994 successMove=54
ITERATION 6 newScore=-2.63077e+06 diffscore=2963.87 priorChange=-124.766 successMove=51
binkey=247 [Edge status: 1 1 1 0 1 1 1 1 ] P(G)=P(cluster8=1)[0.2] * P(cluster1=0|cluster2=1) * P(cluster9=1|cluster6=1) * P(cluster7=1|cluster10=1) * P(cluster10=1|cluster6=1) * P(cluster6=1|cluster2=1) * P(cluster2=1|cluster3=1) * P(cluster3=1|cluster8=1)[0.0524288]=0.0104858
ITERATION 7 newScore=-2.62547e+06 diffscore=5304.94 priorChange=-130.312 successMove=52
ITERATION 8 newScore=-2.62349e+06 diffscore=1978.5 priorChange=-119.221 successMove=52
ITERATION 9 newScore=-2.62038e+06 diffscore=3109.32 priorChange=-124.766 successMove=52
ITERATION 10 newScore=-2.61478e+06 diffscore=5601.06 priorChange=-106.745 successMove=56
ITERATION 11 newScore=-2.61217e+06 diffscore=2601.79 priorChange=-112.29 successMove=51
ITERATION 12 newScore=-2.60982e+06 diffscore=2356.03 priorChange=-115.062 successMove=50
ITERATION 13 newScore=-2.60609e+06 diffscore=3728.81 priorChange=-121.994 successMove=51
ITERATION 14 newScore=-2.60242e+06 diffscore=3667.08 priorChange=-117.835 successMove=54
ITERATION 15 newScore=-2.59974e+06 diffscore=2678.09 priorChange=-110.904 successMove=51
ITERATION 16 newScore=-2.59498e+06 diffscore=4763.85 priorChange=-108.131 successMove=50
ITERATION 17 newScore=-2.59435e+06 diffscore=626.106 priorChange=-109.517 successMove=51
ITERATION 18 newScore=-2.59354e+06 diffscore=812.581 priorChange=-119.221 successMove=51
ITERATION 19 newScore=-2.59051e+06 diffscore=3036.08 priorChange=-116.449 successMove=50
ITERATION 20 newScore=-2.58846e+06 diffscore=2044.82 priorChange=-115.062 successMove=50
ITERATION 21 newScore=-2.58792e+06 diffscore=542.365 priorChange=-115.062 successMove=49
ITERATION 22 newScore=-2.58402e+06 diffscore=3899.84 priorChange=-97.0406 successMove=49
ITERATION 23 newScore=-2.58236e+06 diffscore=1661.26 priorChange=-116.449 successMove=50
ITERATION 24 newScore=-2.58041e+06 diffscore=1946.59 priorChange=-99.8132 successMove=51
ITERATION 25 newScore=-2.5799e+06 diffscore=507.57 priorChange=-91.4954 successMove=50
ITERATION 26 newScore=-2.578e+06 diffscore=1906.5 priorChange=-113.676 successMove=49
ITERATION 27 newScore=-2.57711e+06 diffscore=890.059 priorChange=-109.517 successMove=49
ITERATION 28 newScore=-2.57536e+06 diffscore=1744.25 priorChange=-109.517 successMove=49
ITERATION 29 newScore=-2.57484e+06 diffscore=524.727 priorChange=-119.221 successMove=49
ITERATION 30 newScore=-2.57304e+06 diffscore=1796.71 priorChange=-105.358 successMove=49
ITERATION 31 newScore=-2.57265e+06 diffscore=388.369 priorChange=-120.608 successMove=49
ITERATION 32 newScore=-2.57226e+06 diffscore=396.733 priorChange=-112.29 successMove=49
ITERATION 33 newScore=-2.57184e+06 diffscore=414.934 priorChange=-112.29 successMove=50
ITERATION 34 newScore=-2.57111e+06 diffscore=728.389 priorChange=-94.268 successMove=47
ITERATION 35 newScore=-2.56935e+06 diffscore=1762.07 priorChange=-109.517 successMove=47
ITERATION 36 newScore=-2.56896e+06 diffscore=395.472 priorChange=-95.6543 successMove=47
ITERATION 37 newScore=-2.56595e+06 diffscore=3006.57 priorChange=-91.4954 successMove=49
ITERATION 38 newScore=-2.56412e+06 diffscore=1832.83 priorChange=-108.131 successMove=46
ITERATION 39 newScore=-2.56221e+06 diffscore=1901.92 priorChange=-99.8132 successMove=45
ITERATION 40 newScore=-2.56186e+06 diffscore=354.734 priorChange=-92.8817 successMove=49
ITERATION 41 newScore=-2.56153e+06 diffscore=331.734 priorChange=-91.4954 successMove=47
ITERATION 42 newScore=-2.56118e+06 diffscore=349.112 priorChange=-84.564 successMove=46
ITERATION 43 newScore=-2.55931e+06 diffscore=1872.71 priorChange=-92.8817 successMove=44
ITERATION 44 newScore=-2.55897e+06 diffscore=331.528 priorChange=-90.1091 successMove=44
ITERATION 45 newScore=-2.55741e+06 diffscore=1561.32 priorChange=-98.4269 successMove=44
ITERATION 46 newScore=-2.55584e+06 diffscore=1569.56 priorChange=-91.4954 successMove=43
ITERATION 47 newScore=-2.55546e+06 diffscore=381.858 priorChange=-92.8817 successMove=43
ITERATION 48 newScore=-2.55348e+06 diffscore=1977.24 priorChange=-88.7228 successMove=44
ITERATION 49 newScore=-2.55185e+06 diffscore=1633.42 priorChange=-81.7914 successMove=44
ITERATION 50 newScore=-2.54971e+06 diffscore=2140.51 priorChange=-79.0188 successMove=42
ITERATION 51 newScore=-2.54932e+06 diffscore=393.311 priorChange=-101.199 successMove=42
ITERATION 52 newScore=-2.54811e+06 diffscore=1203.89 priorChange=-91.4954 successMove=41
ITERATION 53 newScore=-2.54774e+06 diffscore=371.391 priorChange=-81.7914 successMove=41
ITERATION 54 newScore=-2.54639e+06 diffscore=1351.94 priorChange=-87.3365 successMove=41
ITERATION 55 newScore=-2.545e+06 diffscore=1394.34 priorChange=-69.3147 successMove=40
ITERATION 56 newScore=-2.54475e+06 diffscore=250.288 priorChange=-84.564 successMove=40
ITERATION 57 newScore=-2.54342e+06 diffscore=1323.34 priorChange=-90.1091 successMove=34
ITERATION 58 newScore=-2.54196e+06 diffscore=1457.72 priorChange=-77.6325 successMove=34
ITERATION 59 newScore=-2.54164e+06 diffscore=326.246 priorChange=-60.997 successMove=33
ITERATION 60 newScore=-2.54059e+06 diffscore=1049.56 priorChange=-62.3832 successMove=32
ITERATION 61 newScore=-2.53907e+06 diffscore=1517.31 priorChange=-58.2244 successMove=32
ITERATION 62 newScore=-2.53882e+06 diffscore=253.824 priorChange=-76.2462 successMove=31
ITERATION 63 newScore=-2.53857e+06 diffscore=248.905 priorChange=-63.7695 successMove=30
ITERATION 64 newScore=-2.53725e+06 diffscore=1316.69 priorChange=-67.9284 successMove=28
ITERATION 65 newScore=-2.53618e+06 diffscore=1072.03 priorChange=-48.5203 successMove=29
ITERATION 66 newScore=-2.53558e+06 diffscore=600.406 priorChange=-51.2929 successMove=26
ITERATION 67 newScore=-2.53539e+06 diffscore=185.835 priorChange=-45.7477 successMove=25
ITERATION 68 newScore=-2.53505e+06 diffscore=340.16 priorChange=-44.3614 successMove=24
ITERATION 69 newScore=-2.53458e+06 diffscore=471.662 priorChange=-42.9751 successMove=23
ITERATION 70 newScore=-2.53387e+06 diffscore=714.748 priorChange=-37.4299 successMove=23
ITERATION 71 newScore=-2.53376e+06 diffscore=107.157 priorChange=-41.5888 successMove=22
ITERATION 72 newScore=-2.53262e+06 diffscore=1144.47 priorChange=-42.9751 successMove=22
ITERATION 73 newScore=-2.53251e+06 diffscore=103.665 priorChange=-47.134 successMove=21
ITERATION 74 newScore=-2.53239e+06 diffscore=125.664 priorChange=-55.4518 successMove=21
ITERATION 75 newScore=-2.53224e+06 diffscore=146.952 priorChange=-40.2025 successMove=19
ITERATION 76 newScore=-2.53215e+06 diffscore=91.539 priorChange=-31.8848 successMove=18
ITERATION 77 newScore=-2.53196e+06 diffscore=184.421 priorChange=-40.2025 successMove=17
ITERATION 78 newScore=-2.53181e+06 diffscore=150.229 priorChange=-36.0437 successMove=17
ITERATION 79 newScore=-2.5317e+06 diffscore=116.725 priorChange=-34.6574 successMove=16
ITERATION 80 newScore=-2.53131e+06 diffscore=381.356 priorChange=-29.1122 successMove=16
ITERATION 81 newScore=-2.53017e+06 diffscore=1141.53 priorChange=-30.4985 successMove=16
ITERATION 82 newScore=-2.53008e+06 diffscore=97.1816 priorChange=-30.4985 successMove=16
ITERATION 83 newScore=-2.52875e+06 diffscore=1326.6 priorChange=-27.7259 successMove=14
ITERATION 84 newScore=-2.5284e+06 diffscore=351.859 priorChange=-23.567 successMove=13
ITERATION 85 newScore=-2.52834e+06 diffscore=54.3117 priorChange=-20.7944 successMove=12
ITERATION 86 newScore=-2.52828e+06 diffscore=60.7755 priorChange=-24.9533 successMove=12
ITERATION 87 newScore=-2.52821e+06 diffscore=75.0682 priorChange=-24.9533 successMove=12
ITERATION 88 newScore=-2.52813e+06 diffscore=72.4488 priorChange=-22.1807 successMove=12
ITERATION 89 newScore=-2.52808e+06 diffscore=51.4924 priorChange=-23.567 successMove=11
ITERATION 90 newScore=-2.52804e+06 diffscore=46.7259 priorChange=-30.4985 successMove=11
ITERATION 91 newScore=-2.52799e+06 diffscore=46.0184 priorChange=-27.7259 successMove=11
ITERATION 92 newScore=-2.52795e+06 diffscore=45.3271 priorChange=-24.9533 successMove=11
ITERATION 93 newScore=-2.52791e+06 diffscore=33.5033 priorChange=-15.2492 successMove=10
ITERATION 94 newScore=-2.52789e+06 diffscore=26.0248 priorChange=-8.31777 successMove=9
ITERATION 95 newScore=-2.52785e+06 diffscore=31.6078 priorChange=-15.2492 successMove=9
ITERATION 96 newScore=-2.52782e+06 diffscore=37.7402 priorChange=-22.1807 successMove=9
ITERATION 97 newScore=-2.52777e+06 diffscore=42.7628 priorChange=-20.7944 successMove=9
ITERATION 98 newScore=-2.52774e+06 diffscore=28.9123 priorChange=-18.0218 successMove=9
ITERATION 99 newScore=-2.52772e+06 diffscore=22.8132 priorChange=-12.4766 successMove=9
MetaLearner::dumpAllGraphs
Final Score -2.52772e+06
MetaLearner::start runtime: 1230032297 ms
Results/
Results/cluster3/
Results/cluster3/fold0/
Results/cluster3/fold0/modelparams.txt
Results/cluster3/fold0/var_mb_pw_k50.txt
Results/cluster7/
Results/cluster7/fold0/
Results/cluster7/fold0/modelparams.txt
Results/cluster7/fold0/var_mb_pw_k50.txt
Results/cluster2/
Results/cluster2/fold0/
Results/cluster2/fold0/modelparams.txt
Results/cluster2/fold0/var_mb_pw_k50.txt
Results/cluster9/
Results/cluster9/fold0/
Results/cluster9/fold0/modelparams.txt
Results/cluster9/fold0/var_mb_pw_k50.txt
Results/cluster6/
Results/cluster6/fold0/
Results/cluster6/fold0/modelparams.txt
Results/cluster6/fold0/var_mb_pw_k50.txt
Results/cluster1/
Results/cluster1/fold0/
Results/cluster1/fold0/modelparams.txt
Results/cluster1/fold0/var_mb_pw_k50.txt
Results/cluster10/
Results/cluster10/fold0/
Results/cluster10/fold0/modelparams.txt
Results/cluster10/fold0/var_mb_pw_k50.txt
Results/cluster8/
Results/cluster8/scoreFile.txt
Results/cluster8/fold0/
Results/cluster8/fold0/modelparams.txt
Results/cluster8/fold0/var_mb_pw_k50.txt
