000 (49777.632.000) 10/11 10:48:09 Job submitted from host: <144.92.142.142:9618?addrs=144.92.142.142-9618&noUDP&sock=44923_051a_3>
...
001 (49777.632.000) 10/11 14:31:19 Job executing on host: <144.92.142.191:9618?addrs=144.92.142.191-9618&noUDP&sock=12603_302e_3>
...
006 (49777.632.000) 10/11 14:31:28 Image size of job updated: 170428
	104  -  MemoryUsage of job (MB)
	105620  -  ResidentSetSize of job (KB)
...
006 (49777.632.000) 10/11 14:36:29 Image size of job updated: 1048220
	965  -  MemoryUsage of job (MB)
	987284  -  ResidentSetSize of job (KB)
...
006 (49777.632.000) 10/11 14:41:30 Image size of job updated: 1909188
	1802  -  MemoryUsage of job (MB)
	1844516  -  ResidentSetSize of job (KB)
...
006 (49777.632.000) 10/11 14:44:46 Image size of job updated: 2505108
	1802  -  MemoryUsage of job (MB)
	1844516  -  ResidentSetSize of job (KB)
...
005 (49777.632.000) 10/11 14:44:46 Job terminated.
	(1) Normal termination (return value 0)
		Usr 0 00:13:24, Sys 0 00:00:02  -  Run Remote Usage
		Usr 0 00:00:00, Sys 0 00:00:00  -  Run Local Usage
		Usr 0 00:13:24, Sys 0 00:00:02  -  Total Remote Usage
		Usr 0 00:00:00, Sys 0 00:00:00  -  Total Local Usage
	164085  -  Run Bytes Sent By Job
	316723520  -  Run Bytes Received By Job
	164085  -  Total Bytes Sent By Job
	316723520  -  Total Bytes Received By Job
	Partitionable Resources :     Usage  Request Allocated 
	   Cpus                 :      1.00        1         1 
	   Disk (KB)            : 325000      819200   1428813 
	   Memory (MB)          :   1802       20480     20480 
...
