./CVN -f config_condor.txt -x50 -v1 -l TFs_OGs.txt -n AllGenes131.txt -d celltype_tree_ancestor.txt -m testdata_ogids.txt -s celltype_order.txt -p 0.2 -c yes -b -4 -q 4
(cluster3|cluster8) p_maintain_edge=0.8 p_gain=0.2
(cluster2|cluster3) p_maintain_edge=0.8 p_gain=0.2
(cluster1|cluster2) p_maintain_edge=0.8 p_gain=0.2
(cluster6|cluster2) p_maintain_edge=0.8 p_gain=0.2
(cluster9|cluster6) p_maintain_edge=0.8 p_gain=0.2
(cluster10|cluster6) p_maintain_edge=0.8 p_gain=0.2
(cluster7|cluster10) p_maintain_edge=0.8 p_gain=0.2
speciesSet.size()=8 Root is cluster8
MappedOrthogroupReader::readSpeciesMapping() --- celltype_order.txt
MappedOrthogroupReader::readFile - testdata_ogids.txt
MappedOrthogroupReader::generateGeneOrthoMap()
MetaLearner::init_onefold() read:config_condor.txt
MetaLearner::setinputVariableNames number of variables: 2041
readEvidenceTable:cluster8.table
PotentialManager::loadEvidenceFromTable varCount=2041 sampleCount=348
motifNetwork.size() = 319
0=cluster8 motifNetwork=cluster8_network.txt
variable size=2041
readEvidenceTable:cluster3.table
PotentialManager::loadEvidenceFromTable varCount=2041 sampleCount=95
motifNetwork.size() = 326
1=cluster3 motifNetwork=cluster3_network.txt
variable size=2041
readEvidenceTable:cluster2.table
PotentialManager::loadEvidenceFromTable varCount=2041 sampleCount=386
motifNetwork.size() = 328
2=cluster2 motifNetwork=cluster2_network.txt
variable size=2041
readEvidenceTable:cluster1.table
PotentialManager::loadEvidenceFromTable varCount=2041 sampleCount=36
motifNetwork.size() = 322
3=cluster1 motifNetwork=cluster1_network.txt
variable size=2041
readEvidenceTable:cluster6.table
PotentialManager::loadEvidenceFromTable varCount=2041 sampleCount=524
motifNetwork.size() = 320
4=cluster6 motifNetwork=cluster6_network.txt
variable size=2041
readEvidenceTable:cluster9.table
PotentialManager::loadEvidenceFromTable varCount=2041 sampleCount=184
motifNetwork.size() = 327
5=cluster9 motifNetwork=cluster9_network.txt
variable size=2041
readEvidenceTable:cluster10.table
PotentialManager::loadEvidenceFromTable varCount=2041 sampleCount=165
motifNetwork.size() = 326
6=cluster10 motifNetwork=cluster10_network.txt
variable size=2041
readEvidenceTable:cluster7.table
PotentialManager::loadEvidenceFromTable varCount=2041 sampleCount=1032
motifNetwork.size() = 320
7=cluster7 motifNetwork=cluster7_network.txt
variable size=2041
-------------------------------------------------------------
MetaLearner::start
precomputeEmptyGraphPrior
binkey=0 [Edge status: 0 0 0 0 0 0 0 0 ] P(G)=P(cluster8=0)[0.8] * P(cluster1=0|cluster2=0) * P(cluster9=0|cluster6=0) * P(cluster7=0|cluster10=0) * P(cluster10=0|cluster6=0) * P(cluster6=0|cluster2=0) * P(cluster2=0|cluster3=0) * P(cluster3=0|cluster8=0)[0.209715]=0.167772
condsetMap_Tree
0 cluster8=0 cluster3=0 cluster2=0 cluster1=0 cluster6=0 cluster9=0 cluster10=0 cluster7=1
1 cluster8=0 cluster3=0 cluster2=0 cluster1=0 cluster6=0 cluster9=1 cluster10=0 cluster7=0
2 cluster8=0 cluster3=0 cluster2=0 cluster1=0 cluster6=0 cluster9=1 cluster10=0 cluster7=1
3 cluster8=0 cluster3=0 cluster2=0 cluster1=1 cluster6=0 cluster9=0 cluster10=0 cluster7=0
4 cluster8=0 cluster3=0 cluster2=0 cluster1=1 cluster6=0 cluster9=0 cluster10=0 cluster7=1
5 cluster8=0 cluster3=0 cluster2=0 cluster1=1 cluster6=0 cluster9=1 cluster10=0 cluster7=0
6 cluster8=0 cluster3=0 cluster2=0 cluster1=1 cluster6=0 cluster9=1 cluster10=0 cluster7=1
7 cluster8=0 cluster3=0 cluster2=0 cluster1=0 cluster6=0 cluster9=0 cluster10=1 cluster7=1
8 cluster8=0 cluster3=0 cluster2=0 cluster1=0 cluster6=0 cluster9=1 cluster10=1 cluster7=1
9 cluster8=0 cluster3=0 cluster2=0 cluster1=1 cluster6=0 cluster9=0 cluster10=1 cluster7=1
10 cluster8=0 cluster3=0 cluster2=0 cluster1=1 cluster6=0 cluster9=1 cluster10=1 cluster7=1
11 cluster8=0 cluster3=0 cluster2=0 cluster1=0 cluster6=1 cluster9=1 cluster10=1 cluster7=1
12 cluster8=0 cluster3=0 cluster2=0 cluster1=1 cluster6=1 cluster9=1 cluster10=1 cluster7=1
13 cluster8=0 cluster3=0 cluster2=1 cluster1=1 cluster6=1 cluster9=1 cluster10=1 cluster7=1
14 cluster8=0 cluster3=1 cluster2=1 cluster1=1 cluster6=1 cluster9=1 cluster10=1 cluster7=1
15 cluster8=1 cluster3=1 cluster2=1 cluster1=1 cluster6=1 cluster9=1 cluster10=1 cluster7=1
16 cluster8=1 cluster3=1 cluster2=1 cluster1=1 cluster6=1 cluster9=1 cluster10=1 cluster7=0
17 cluster8=1 cluster3=1 cluster2=1 cluster1=1 cluster6=1 cluster9=0 cluster10=1 cluster7=1
18 cluster8=1 cluster3=1 cluster2=1 cluster1=1 cluster6=1 cluster9=0 cluster10=1 cluster7=0
19 cluster8=1 cluster3=1 cluster2=1 cluster1=0 cluster6=1 cluster9=1 cluster10=1 cluster7=1
20 cluster8=1 cluster3=1 cluster2=1 cluster1=0 cluster6=1 cluster9=1 cluster10=1 cluster7=0
21 cluster8=1 cluster3=1 cluster2=1 cluster1=0 cluster6=1 cluster9=0 cluster10=1 cluster7=1
22 cluster8=1 cluster3=1 cluster2=1 cluster1=0 cluster6=1 cluster9=0 cluster10=1 cluster7=0
23 cluster8=1 cluster3=1 cluster2=1 cluster1=1 cluster6=1 cluster9=1 cluster10=0 cluster7=0
24 cluster8=1 cluster3=1 cluster2=1 cluster1=1 cluster6=1 cluster9=0 cluster10=0 cluster7=0
25 cluster8=1 cluster3=1 cluster2=1 cluster1=0 cluster6=1 cluster9=1 cluster10=0 cluster7=0
26 cluster8=1 cluster3=1 cluster2=1 cluster1=0 cluster6=1 cluster9=0 cluster10=0 cluster7=0
27 cluster8=1 cluster3=1 cluster2=1 cluster1=1 cluster6=0 cluster9=0 cluster10=0 cluster7=0
28 cluster8=1 cluster3=1 cluster2=1 cluster1=0 cluster6=0 cluster9=0 cluster10=0 cluster7=0
29 cluster8=1 cluster3=1 cluster2=0 cluster1=0 cluster6=0 cluster9=0 cluster10=0 cluster7=0
30 cluster8=1 cluster3=0 cluster2=0 cluster1=0 cluster6=0 cluster9=0 cluster10=0 cluster7=0
31 cluster8=0 cluster3=0 cluster2=0 cluster1=0 cluster6=1 cluster9=0 cluster10=0 cluster7=0
32 cluster8=0 cluster3=0 cluster2=1 cluster1=0 cluster6=0 cluster9=0 cluster10=0 cluster7=0
33 cluster8=0 cluster3=0 cluster2=0 cluster1=0 cluster6=0 cluster9=0 cluster10=1 cluster7=0
34 cluster8=0 cluster3=1 cluster2=0 cluster1=0 cluster6=0 cluster9=0 cluster10=0 cluster7=0
inputRegulatorOGs.size() = 1999 inputOGList.size() = 50
binkey=4 [Edge status: 0 0 1 0 0 0 0 0 ] P(G)=P(cluster8=0)[0.8] * P(cluster1=0|cluster2=1) * P(cluster9=0|cluster6=0) * P(cluster7=0|cluster10=0) * P(cluster10=0|cluster6=0) * P(cluster6=0|cluster2=1) * P(cluster2=1|cluster3=0) * P(cluster3=0|cluster8=0)[0.0032768]=0.00262144
binkey=1 [Edge status: 1 0 0 0 0 0 0 0 ] P(G)=P(cluster8=1)[0.2] * P(cluster1=0|cluster2=0) * P(cluster9=0|cluster6=0) * P(cluster7=0|cluster10=0) * P(cluster10=0|cluster6=0) * P(cluster6=0|cluster2=0) * P(cluster2=0|cluster3=0) * P(cluster3=0|cluster8=1)[0.0524288]=0.0104858
binkey=2 [Edge status: 0 1 0 0 0 0 0 0 ] P(G)=P(cluster8=0)[0.8] * P(cluster1=0|cluster2=0) * P(cluster9=0|cluster6=0) * P(cluster7=0|cluster10=0) * P(cluster10=0|cluster6=0) * P(cluster6=0|cluster2=0) * P(cluster2=0|cluster3=1) * P(cluster3=1|cluster8=0)[0.0131072]=0.0104858
binkey=32 [Edge status: 0 0 0 0 0 1 0 0 ] P(G)=P(cluster8=0)[0.8] * P(cluster1=0|cluster2=0) * P(cluster9=1|cluster6=0) * P(cluster7=0|cluster10=0) * P(cluster10=0|cluster6=0) * P(cluster6=0|cluster2=0) * P(cluster2=0|cluster3=0) * P(cluster3=0|cluster8=0)[0.0524288]=0.041943
binkey=64 [Edge status: 0 0 0 0 0 0 1 0 ] P(G)=P(cluster8=0)[0.8] * P(cluster1=0|cluster2=0) * P(cluster9=0|cluster6=0) * P(cluster7=0|cluster10=1) * P(cluster10=1|cluster6=0) * P(cluster6=0|cluster2=0) * P(cluster2=0|cluster3=0) * P(cluster3=0|cluster8=0)[0.0131072]=0.0104858
binkey=16 [Edge status: 0 0 0 0 1 0 0 0 ] P(G)=P(cluster8=0)[0.8] * P(cluster1=0|cluster2=0) * P(cluster9=0|cluster6=1) * P(cluster7=0|cluster10=0) * P(cluster10=0|cluster6=1) * P(cluster6=1|cluster2=0) * P(cluster2=0|cluster3=0) * P(cluster3=0|cluster8=0)[0.0032768]=0.00262144
binkey=3 [Edge status: 1 1 0 0 0 0 0 0 ] P(G)=P(cluster8=1)[0.2] * P(cluster1=0|cluster2=0) * P(cluster9=0|cluster6=0) * P(cluster7=0|cluster10=0) * P(cluster10=0|cluster6=0) * P(cluster6=0|cluster2=0) * P(cluster2=0|cluster3=1) * P(cluster3=1|cluster8=1)[0.0524288]=0.0104858
binkey=128 [Edge status: 0 0 0 0 0 0 0 1 ] P(G)=P(cluster8=0)[0.8] * P(cluster1=0|cluster2=0) * P(cluster9=0|cluster6=0) * P(cluster7=1|cluster10=0) * P(cluster10=0|cluster6=0) * P(cluster6=0|cluster2=0) * P(cluster2=0|cluster3=0) * P(cluster3=0|cluster8=0)[0.0524288]=0.041943
binkey=192 [Edge status: 0 0 0 0 0 0 1 1 ] P(G)=P(cluster8=0)[0.8] * P(cluster1=0|cluster2=0) * P(cluster9=0|cluster6=0) * P(cluster7=1|cluster10=1) * P(cluster10=1|cluster6=0) * P(cluster6=0|cluster2=0) * P(cluster2=0|cluster3=0) * P(cluster3=0|cluster8=0)[0.0524288]=0.041943
binkey=160 [Edge status: 0 0 0 0 0 1 0 1 ] P(G)=P(cluster8=0)[0.8] * P(cluster1=0|cluster2=0) * P(cluster9=1|cluster6=0) * P(cluster7=1|cluster10=0) * P(cluster10=0|cluster6=0) * P(cluster6=0|cluster2=0) * P(cluster2=0|cluster3=0) * P(cluster3=0|cluster8=0)[0.0131072]=0.0104858
binkey=8 [Edge status: 0 0 0 1 0 0 0 0 ] P(G)=P(cluster8=0)[0.8] * P(cluster1=1|cluster2=0) * P(cluster9=0|cluster6=0) * P(cluster7=0|cluster10=0) * P(cluster10=0|cluster6=0) * P(cluster6=0|cluster2=0) * P(cluster2=0|cluster3=0) * P(cluster3=0|cluster8=0)[0.0524288]=0.041943
binkey=40 [Edge status: 0 0 0 1 0 1 0 0 ] P(G)=P(cluster8=0)[0.8] * P(cluster1=1|cluster2=0) * P(cluster9=1|cluster6=0) * P(cluster7=0|cluster10=0) * P(cluster10=0|cluster6=0) * P(cluster6=0|cluster2=0) * P(cluster2=0|cluster3=0) * P(cluster3=0|cluster8=0)[0.0131072]=0.0104858
binkey=224 [Edge status: 0 0 0 0 0 1 1 1 ] P(G)=P(cluster8=0)[0.8] * P(cluster1=0|cluster2=0) * P(cluster9=1|cluster6=0) * P(cluster7=1|cluster10=1) * P(cluster10=1|cluster6=0) * P(cluster6=0|cluster2=0) * P(cluster2=0|cluster3=0) * P(cluster3=0|cluster8=0)[0.0131072]=0.0104858
binkey=240 [Edge status: 0 0 0 0 1 1 1 1 ] P(G)=P(cluster8=0)[0.8] * P(cluster1=0|cluster2=0) * P(cluster9=1|cluster6=1) * P(cluster7=1|cluster10=1) * P(cluster10=1|cluster6=1) * P(cluster6=1|cluster2=0) * P(cluster2=0|cluster3=0) * P(cluster3=0|cluster8=0)[0.0524288]=0.041943
binkey=7 [Edge status: 1 1 1 0 0 0 0 0 ] P(G)=P(cluster8=1)[0.2] * P(cluster1=0|cluster2=1) * P(cluster9=0|cluster6=0) * P(cluster7=0|cluster10=0) * P(cluster10=0|cluster6=0) * P(cluster6=0|cluster2=1) * P(cluster2=1|cluster3=1) * P(cluster3=1|cluster8=1)[0.0131072]=0.00262144
binkey=136 [Edge status: 0 0 0 1 0 0 0 1 ] P(G)=P(cluster8=0)[0.8] * P(cluster1=1|cluster2=0) * P(cluster9=0|cluster6=0) * P(cluster7=1|cluster10=0) * P(cluster10=0|cluster6=0) * P(cluster6=0|cluster2=0) * P(cluster2=0|cluster3=0) * P(cluster3=0|cluster8=0)[0.0131072]=0.0104858
binkey=168 [Edge status: 0 0 0 1 0 1 0 1 ] P(G)=P(cluster8=0)[0.8] * P(cluster1=1|cluster2=0) * P(cluster9=1|cluster6=0) * P(cluster7=1|cluster10=0) * P(cluster10=0|cluster6=0) * P(cluster6=0|cluster2=0) * P(cluster2=0|cluster3=0) * P(cluster3=0|cluster8=0)[0.0032768]=0.00262144
binkey=247 [Edge status: 1 1 1 0 1 1 1 1 ] P(G)=P(cluster8=1)[0.2] * P(cluster1=0|cluster2=1) * P(cluster9=1|cluster6=1) * P(cluster7=1|cluster10=1) * P(cluster10=1|cluster6=1) * P(cluster6=1|cluster2=1) * P(cluster2=1|cluster3=1) * P(cluster3=1|cluster8=1)[0.0524288]=0.0104858
binkey=119 [Edge status: 1 1 1 0 1 1 1 0 ] P(G)=P(cluster8=1)[0.2] * P(cluster1=0|cluster2=1) * P(cluster9=1|cluster6=1) * P(cluster7=0|cluster10=1) * P(cluster10=1|cluster6=1) * P(cluster6=1|cluster2=1) * P(cluster2=1|cluster3=1) * P(cluster3=1|cluster8=1)[0.0131072]=0.00262144
binkey=215 [Edge status: 1 1 1 0 1 0 1 1 ] P(G)=P(cluster8=1)[0.2] * P(cluster1=0|cluster2=1) * P(cluster9=0|cluster6=1) * P(cluster7=1|cluster10=1) * P(cluster10=1|cluster6=1) * P(cluster6=1|cluster2=1) * P(cluster2=1|cluster3=1) * P(cluster3=1|cluster8=1)[0.0131072]=0.00262144
binkey=87 [Edge status: 1 1 1 0 1 0 1 0 ] P(G)=P(cluster8=1)[0.2] * P(cluster1=0|cluster2=1) * P(cluster9=0|cluster6=1) * P(cluster7=0|cluster10=1) * P(cluster10=1|cluster6=1) * P(cluster6=1|cluster2=1) * P(cluster2=1|cluster3=1) * P(cluster3=1|cluster8=1)[0.0032768]=0.00065536
binkey=55 [Edge status: 1 1 1 0 1 1 0 0 ] P(G)=P(cluster8=1)[0.2] * P(cluster1=0|cluster2=1) * P(cluster9=1|cluster6=1) * P(cluster7=0|cluster10=0) * P(cluster10=0|cluster6=1) * P(cluster6=1|cluster2=1) * P(cluster2=1|cluster3=1) * P(cluster3=1|cluster8=1)[0.0131072]=0.00262144
binkey=23 [Edge status: 1 1 1 0 1 0 0 0 ] P(G)=P(cluster8=1)[0.2] * P(cluster1=0|cluster2=1) * P(cluster9=0|cluster6=1) * P(cluster7=0|cluster10=0) * P(cluster10=0|cluster6=1) * P(cluster6=1|cluster2=1) * P(cluster2=1|cluster3=1) * P(cluster3=1|cluster8=1)[0.0032768]=0.00065536
binkey=200 [Edge status: 0 0 0 1 0 0 1 1 ] P(G)=P(cluster8=0)[0.8] * P(cluster1=1|cluster2=0) * P(cluster9=0|cluster6=0) * P(cluster7=1|cluster10=1) * P(cluster10=1|cluster6=0) * P(cluster6=0|cluster2=0) * P(cluster2=0|cluster3=0) * P(cluster3=0|cluster8=0)[0.0131072]=0.0104858
binkey=232 [Edge status: 0 0 0 1 0 1 1 1 ] P(G)=P(cluster8=0)[0.8] * P(cluster1=1|cluster2=0) * P(cluster9=1|cluster6=0) * P(cluster7=1|cluster10=1) * P(cluster10=1|cluster6=0) * P(cluster6=0|cluster2=0) * P(cluster2=0|cluster3=0) * P(cluster3=0|cluster8=0)[0.0032768]=0.00262144
binkey=248 [Edge status: 0 0 0 1 1 1 1 1 ] P(G)=P(cluster8=0)[0.8] * P(cluster1=1|cluster2=0) * P(cluster9=1|cluster6=1) * P(cluster7=1|cluster10=1) * P(cluster10=1|cluster6=1) * P(cluster6=1|cluster2=0) * P(cluster2=0|cluster3=0) * P(cluster3=0|cluster8=0)[0.0131072]=0.0104858
binkey=252 [Edge status: 0 0 1 1 1 1 1 1 ] P(G)=P(cluster8=0)[0.8] * P(cluster1=1|cluster2=1) * P(cluster9=1|cluster6=1) * P(cluster7=1|cluster10=1) * P(cluster10=1|cluster6=1) * P(cluster6=1|cluster2=1) * P(cluster2=1|cluster3=0) * P(cluster3=0|cluster8=0)[0.0524288]=0.041943
binkey=15 [Edge status: 1 1 1 1 0 0 0 0 ] P(G)=P(cluster8=1)[0.2] * P(cluster1=1|cluster2=1) * P(cluster9=0|cluster6=0) * P(cluster7=0|cluster10=0) * P(cluster10=0|cluster6=0) * P(cluster6=0|cluster2=1) * P(cluster2=1|cluster3=1) * P(cluster3=1|cluster8=1)[0.0524288]=0.0104858
ITERATION 0 newScore=-2.70158e+06 diffscore=11114.9 priorChange=-115.062 successMove=70
ITERATION 1 newScore=-2.69677e+06 diffscore=4808.03 priorChange=-113.676 successMove=64
ITERATION 2 newScore=-2.69118e+06 diffscore=5589.74 priorChange=-120.608 successMove=57
ITERATION 3 newScore=-2.68556e+06 diffscore=5620.76 priorChange=-117.835 successMove=52
ITERATION 4 newScore=-2.6779e+06 diffscore=7657.46 priorChange=-115.062 successMove=51
ITERATION 5 newScore=-2.67052e+06 diffscore=7381.5 priorChange=-109.517 successMove=50
ITERATION 6 newScore=-2.66483e+06 diffscore=5689.27 priorChange=-103.972 successMove=51
ITERATION 7 newScore=-2.6627e+06 diffscore=2133.69 priorChange=-110.904 successMove=50
ITERATION 8 newScore=-2.65943e+06 diffscore=3265.38 priorChange=-115.062 successMove=50
ITERATION 9 newScore=-2.65353e+06 diffscore=5907.44 priorChange=-108.131 successMove=51
ITERATION 10 newScore=-2.65199e+06 diffscore=1532.09 priorChange=-110.904 successMove=50
ITERATION 11 newScore=-2.64867e+06 diffscore=3326.86 priorChange=-106.745 successMove=49
ITERATION 12 newScore=-2.64781e+06 diffscore=854.615 priorChange=-108.131 successMove=52
ITERATION 13 newScore=-2.64283e+06 diffscore=4987.01 priorChange=-99.8132 successMove=50
ITERATION 14 newScore=-2.63929e+06 diffscore=3536.33 priorChange=-115.062 successMove=50
ITERATION 15 newScore=-2.63875e+06 diffscore=543.734 priorChange=-123.38 successMove=49
ITERATION 16 newScore=-2.63561e+06 diffscore=3139.48 priorChange=-97.0406 successMove=51
ITERATION 17 newScore=-2.63362e+06 diffscore=1985.49 priorChange=-106.745 successMove=52
ITERATION 18 newScore=-2.6328e+06 diffscore=824.798 priorChange=-120.608 successMove=48
ITERATION 19 newScore=-2.63228e+06 diffscore=518.704 priorChange=-115.062 successMove=48
ITERATION 20 newScore=-2.6289e+06 diffscore=3375.55 priorChange=-101.199 successMove=50
ITERATION 21 newScore=-2.62839e+06 diffscore=513.036 priorChange=-94.268 successMove=48
ITERATION 22 newScore=-2.62743e+06 diffscore=959.492 priorChange=-110.904 successMove=51
ITERATION 23 newScore=-2.62628e+06 diffscore=1147.78 priorChange=-117.835 successMove=51
ITERATION 24 newScore=-2.625e+06 diffscore=1284.75 priorChange=-113.676 successMove=51
ITERATION 25 newScore=-2.62329e+06 diffscore=1707.19 priorChange=-101.199 successMove=47
ITERATION 26 newScore=-2.62282e+06 diffscore=467.091 priorChange=-108.131 successMove=47
ITERATION 27 newScore=-2.62239e+06 diffscore=428.491 priorChange=-99.8132 successMove=47
ITERATION 28 newScore=-2.62143e+06 diffscore=967.592 priorChange=-97.0406 successMove=48
ITERATION 29 newScore=-2.61967e+06 diffscore=1756.85 priorChange=-97.0406 successMove=47
ITERATION 30 newScore=-2.61589e+06 diffscore=3781.82 priorChange=-99.8132 successMove=48
ITERATION 31 newScore=-2.61427e+06 diffscore=1612.96 priorChange=-101.199 successMove=47
ITERATION 32 newScore=-2.61323e+06 diffscore=1046.29 priorChange=-97.0406 successMove=44
ITERATION 33 newScore=-2.61082e+06 diffscore=2412.55 priorChange=-103.972 successMove=44
ITERATION 34 newScore=-2.61052e+06 diffscore=299.97 priorChange=-91.4954 successMove=43
ITERATION 35 newScore=-2.60989e+06 diffscore=625.265 priorChange=-99.8132 successMove=44
ITERATION 36 newScore=-2.60881e+06 diffscore=1077.55 priorChange=-79.0188 successMove=41
ITERATION 37 newScore=-2.608e+06 diffscore=813.948 priorChange=-92.8817 successMove=40
ITERATION 38 newScore=-2.60657e+06 diffscore=1431.72 priorChange=-87.3365 successMove=41
ITERATION 39 newScore=-2.60518e+06 diffscore=1389.69 priorChange=-90.1091 successMove=40
ITERATION 40 newScore=-2.60485e+06 diffscore=326.678 priorChange=-92.8817 successMove=40
ITERATION 41 newScore=-2.6034e+06 diffscore=1449.91 priorChange=-98.4269 successMove=40
ITERATION 42 newScore=-2.60304e+06 diffscore=356.273 priorChange=-87.3365 successMove=41
ITERATION 43 newScore=-2.60256e+06 diffscore=480.697 priorChange=-95.6543 successMove=41
ITERATION 44 newScore=-2.60161e+06 diffscore=956.96 priorChange=-87.3365 successMove=42
ITERATION 45 newScore=-2.60085e+06 diffscore=757.533 priorChange=-80.4051 successMove=40
ITERATION 46 newScore=-2.60039e+06 diffscore=459.976 priorChange=-80.4051 successMove=39
ITERATION 47 newScore=-2.59859e+06 diffscore=1798.81 priorChange=-83.1777 successMove=40
ITERATION 48 newScore=-2.59831e+06 diffscore=279.009 priorChange=-80.4051 successMove=40
ITERATION 49 newScore=-2.59789e+06 diffscore=424.095 priorChange=-85.9503 successMove=39
ITERATION 50 newScore=-2.59618e+06 diffscore=1704.08 priorChange=-77.6325 successMove=37
ITERATION 51 newScore=-2.59371e+06 diffscore=2476.16 priorChange=-62.3832 successMove=36
ITERATION 52 newScore=-2.59347e+06 diffscore=239.865 priorChange=-65.1558 successMove=36
ITERATION 53 newScore=-2.59318e+06 diffscore=289.113 priorChange=-76.2462 successMove=36
ITERATION 54 newScore=-2.59248e+06 diffscore=701.004 priorChange=-73.4736 successMove=36
ITERATION 55 newScore=-2.59152e+06 diffscore=953.014 priorChange=-72.0873 successMove=35
ITERATION 56 newScore=-2.59124e+06 diffscore=285.664 priorChange=-72.0873 successMove=34
ITERATION 57 newScore=-2.59069e+06 diffscore=550.833 priorChange=-73.4736 successMove=35
ITERATION 58 newScore=-2.58911e+06 diffscore=1574.78 priorChange=-65.1558 successMove=37
ITERATION 59 newScore=-2.58757e+06 diffscore=1541.2 priorChange=-70.701 successMove=33
ITERATION 60 newScore=-2.58735e+06 diffscore=223.507 priorChange=-74.8599 successMove=32
ITERATION 61 newScore=-2.58714e+06 diffscore=207.153 priorChange=-77.6325 successMove=31
ITERATION 62 newScore=-2.58694e+06 diffscore=200.616 priorChange=-59.6107 successMove=32
ITERATION 63 newScore=-2.58644e+06 diffscore=498.482 priorChange=-69.3147 successMove=33
ITERATION 64 newScore=-2.58608e+06 diffscore=357.183 priorChange=-76.2462 successMove=32
ITERATION 65 newScore=-2.58526e+06 diffscore=829.395 priorChange=-63.7695 successMove=28
ITERATION 66 newScore=-2.58494e+06 diffscore=311.004 priorChange=-56.8381 successMove=28
ITERATION 67 newScore=-2.58473e+06 diffscore=215.289 priorChange=-62.3832 successMove=28
ITERATION 68 newScore=-2.58455e+06 diffscore=181.646 priorChange=-65.1558 successMove=27
ITERATION 69 newScore=-2.58377e+06 diffscore=782.301 priorChange=-52.6792 successMove=27
ITERATION 70 newScore=-2.58359e+06 diffscore=175.741 priorChange=-55.4518 successMove=26
ITERATION 71 newScore=-2.58217e+06 diffscore=1416.69 priorChange=-54.0655 successMove=26
ITERATION 72 newScore=-2.58197e+06 diffscore=206.409 priorChange=-42.9751 successMove=25
ITERATION 73 newScore=-2.58178e+06 diffscore=188.518 priorChange=-48.5203 successMove=25
ITERATION 74 newScore=-2.58164e+06 diffscore=133.198 priorChange=-34.6574 successMove=21
ITERATION 75 newScore=-2.58046e+06 diffscore=1189.17 priorChange=-41.5888 successMove=20
ITERATION 76 newScore=-2.58033e+06 diffscore=128.457 priorChange=-37.4299 successMove=20
ITERATION 77 newScore=-2.5802e+06 diffscore=126.216 priorChange=-34.6574 successMove=23
ITERATION 78 newScore=-2.5801e+06 diffscore=96.2344 priorChange=-38.8162 successMove=20
ITERATION 79 newScore=-2.57992e+06 diffscore=188.568 priorChange=-40.2025 successMove=20
ITERATION 80 newScore=-2.57956e+06 diffscore=352.484 priorChange=-41.5888 successMove=19
ITERATION 81 newScore=-2.57883e+06 diffscore=731.811 priorChange=-30.4985 successMove=19
ITERATION 82 newScore=-2.57855e+06 diffscore=279.311 priorChange=-40.2025 successMove=19
ITERATION 83 newScore=-2.57738e+06 diffscore=1172.87 priorChange=-36.0437 successMove=17
ITERATION 84 newScore=-2.5773e+06 diffscore=75.4862 priorChange=-37.4299 successMove=17
ITERATION 85 newScore=-2.5772e+06 diffscore=99.4243 priorChange=-26.3396 successMove=17
ITERATION 86 newScore=-2.57709e+06 diffscore=114.318 priorChange=-26.3396 successMove=17
ITERATION 87 newScore=-2.57698e+06 diffscore=105.373 priorChange=-36.0437 successMove=15
ITERATION 88 newScore=-2.57685e+06 diffscore=135.655 priorChange=-23.567 successMove=14
ITERATION 89 newScore=-2.57663e+06 diffscore=217.623 priorChange=-26.3396 successMove=14
ITERATION 90 newScore=-2.57655e+06 diffscore=81.528 priorChange=-27.7259 successMove=14
ITERATION 91 newScore=-2.5762e+06 diffscore=345.655 priorChange=-24.9533 successMove=13
ITERATION 92 newScore=-2.57568e+06 diffscore=525.673 priorChange=-26.3396 successMove=13
ITERATION 93 newScore=-2.57563e+06 diffscore=47.0979 priorChange=-27.7259 successMove=13
ITERATION 94 newScore=-2.5756e+06 diffscore=34.992 priorChange=-20.7944 successMove=12
ITERATION 95 newScore=-2.57555e+06 diffscore=46.2865 priorChange=-30.4985 successMove=12
ITERATION 96 newScore=-2.57551e+06 diffscore=45.2674 priorChange=-18.0218 successMove=10
ITERATION 97 newScore=-2.57546e+06 diffscore=43.3471 priorChange=-18.0218 successMove=10
ITERATION 98 newScore=-2.57539e+06 diffscore=69.0783 priorChange=-19.4081 successMove=9
ITERATION 99 newScore=-2.57464e+06 diffscore=756.498 priorChange=-16.6355 successMove=9
MetaLearner::dumpAllGraphs
Final Score -2.57464e+06
MetaLearner::start runtime: 1795689829 ms
Results/
Results/cluster8/
Results/cluster8/scoreFile.txt
Results/cluster8/fold0/
Results/cluster8/fold0/modelparams.txt
Results/cluster8/fold0/var_mb_pw_k50.txt
Results/cluster1/
Results/cluster1/fold0/
Results/cluster1/fold0/modelparams.txt
Results/cluster1/fold0/var_mb_pw_k50.txt
Results/cluster6/
Results/cluster6/fold0/
Results/cluster6/fold0/modelparams.txt
Results/cluster6/fold0/var_mb_pw_k50.txt
Results/cluster9/
Results/cluster9/fold0/
Results/cluster9/fold0/modelparams.txt
Results/cluster9/fold0/var_mb_pw_k50.txt
Results/cluster10/
Results/cluster10/fold0/
Results/cluster10/fold0/modelparams.txt
Results/cluster10/fold0/var_mb_pw_k50.txt
Results/cluster3/
Results/cluster3/fold0/
Results/cluster3/fold0/modelparams.txt
Results/cluster3/fold0/var_mb_pw_k50.txt
Results/cluster2/
Results/cluster2/fold0/
Results/cluster2/fold0/modelparams.txt
Results/cluster2/fold0/var_mb_pw_k50.txt
Results/cluster7/
Results/cluster7/fold0/
Results/cluster7/fold0/modelparams.txt
Results/cluster7/fold0/var_mb_pw_k50.txt
