000 (49777.2516.000) 10/11 10:48:14 Job submitted from host: <144.92.142.142:9618?addrs=144.92.142.142-9618&noUDP&sock=44923_051a_3>
...
001 (49777.2516.000) 10/11 19:22:13 Job executing on host: <128.105.68.23:9618?addrs=128.105.68.23-9618&alias=gpulab2004.chtc.wisc.edu&noUDP&sock=startd_62541_80a6>
...
006 (49777.2516.000) 10/11 19:22:22 Image size of job updated: 156364
	103  -  MemoryUsage of job (MB)
	105216  -  ResidentSetSize of job (KB)
...
006 (49777.2516.000) 10/11 19:27:23 Image size of job updated: 772816
	705  -  MemoryUsage of job (MB)
	721664  -  ResidentSetSize of job (KB)
...
006 (49777.2516.000) 10/11 19:32:23 Image size of job updated: 1244060
	1187  -  MemoryUsage of job (MB)
	1214644  -  ResidentSetSize of job (KB)
...
006 (49777.2516.000) 10/11 19:37:23 Image size of job updated: 2265476
	2192  -  MemoryUsage of job (MB)
	2243692  -  ResidentSetSize of job (KB)
...
006 (49777.2516.000) 10/11 19:42:24 Image size of job updated: 3156056
	3033  -  MemoryUsage of job (MB)
	3105624  -  ResidentSetSize of job (KB)
...
006 (49777.2516.000) 10/11 19:44:44 Image size of job updated: 3536564
	3033  -  MemoryUsage of job (MB)
	3105624  -  ResidentSetSize of job (KB)
...
005 (49777.2516.000) 10/11 19:44:44 Job terminated.
	(1) Normal termination (return value 0)
		Usr 0 00:22:24, Sys 0 00:00:04  -  Run Remote Usage
		Usr 0 00:00:00, Sys 0 00:00:00  -  Run Local Usage
		Usr 0 00:22:24, Sys 0 00:00:04  -  Total Remote Usage
		Usr 0 00:00:00, Sys 0 00:00:00  -  Total Local Usage
	173703  -  Run Bytes Sent By Job
	316778592  -  Run Bytes Received By Job
	173703  -  Total Bytes Sent By Job
	316778592  -  Total Bytes Received By Job
	Partitionable Resources :     Usage  Request Allocated 
	   Cpus                 :      1.00        1         1 
	   Disk (KB)            : 325000      819200  18192444 
	   Gpus                 :                            0 
	   Ioheavy              :                            0 
	   Memory (MB)          :   3033       20480     21341 
...
