000 (49777.508.000) 10/11 10:48:09 Job submitted from host: <144.92.142.142:9618?addrs=144.92.142.142-9618&noUDP&sock=44923_051a_3>
...
001 (49777.508.000) 10/11 14:09:34 Job executing on host: <144.92.142.133:9618?addrs=144.92.142.133-9618&noUDP&sock=26367_25b9_3>
...
006 (49777.508.000) 10/11 14:09:43 Image size of job updated: 170572
	104  -  MemoryUsage of job (MB)
	105784  -  ResidentSetSize of job (KB)
...
006 (49777.508.000) 10/11 14:14:44 Image size of job updated: 1000412
	918  -  MemoryUsage of job (MB)
	939228  -  ResidentSetSize of job (KB)
...
006 (49777.508.000) 10/11 14:19:45 Image size of job updated: 2230120
	2122  -  MemoryUsage of job (MB)
	2172684  -  ResidentSetSize of job (KB)
...
006 (49777.508.000) 10/11 14:24:45 Image size of job updated: 3546504
	3461  -  MemoryUsage of job (MB)
	3543216  -  ResidentSetSize of job (KB)
...
006 (49777.508.000) 10/11 14:26:00 Image size of job updated: 3900872
	3461  -  MemoryUsage of job (MB)
	3543216  -  ResidentSetSize of job (KB)
...
005 (49777.508.000) 10/11 14:26:00 Job terminated.
	(1) Normal termination (return value 0)
		Usr 0 00:16:22, Sys 0 00:00:03  -  Run Remote Usage
		Usr 0 00:00:00, Sys 0 00:00:00  -  Run Local Usage
		Usr 0 00:16:22, Sys 0 00:00:03  -  Total Remote Usage
		Usr 0 00:00:00, Sys 0 00:00:00  -  Total Local Usage
	163578  -  Run Bytes Sent By Job
	316723520  -  Run Bytes Received By Job
	163578  -  Total Bytes Sent By Job
	316723520  -  Total Bytes Received By Job
	Partitionable Resources :     Usage  Request Allocated 
	   Cpus                 :      1.00        1         1 
	   Disk (KB)            : 325000      819200   1428816 
	   Memory (MB)          :   3461       20480     20480 
...
