000 (49777.1082.000) 10/11 10:48:10 Job submitted from host: <144.92.142.142:9618?addrs=144.92.142.142-9618&noUDP&sock=44923_051a_3>
...
001 (49777.1082.000) 10/11 15:41:41 Job executing on host: <128.105.68.16:9618?addrs=128.105.68.16-9618&alias=coba2000.chtc.wisc.edu&noUDP&sock=startd_7305_336c>
...
006 (49777.1082.000) 10/11 15:41:49 Image size of job updated: 156888
	104  -  MemoryUsage of job (MB)
	105724  -  ResidentSetSize of job (KB)
...
006 (49777.1082.000) 10/11 15:46:49 Image size of job updated: 723632
	657  -  MemoryUsage of job (MB)
	672476  -  ResidentSetSize of job (KB)
...
006 (49777.1082.000) 10/11 15:51:50 Image size of job updated: 833936
	769  -  MemoryUsage of job (MB)
	786500  -  ResidentSetSize of job (KB)
...
006 (49777.1082.000) 10/11 15:56:50 Image size of job updated: 1571376
	1487  -  MemoryUsage of job (MB)
	1522628  -  ResidentSetSize of job (KB)
...
006 (49777.1082.000) 10/11 16:01:50 Image size of job updated: 2368352
	2277  -  MemoryUsage of job (MB)
	2331456  -  ResidentSetSize of job (KB)
...
006 (49777.1082.000) 10/11 16:05:48 Image size of job updated: 3084796
	2277  -  MemoryUsage of job (MB)
	2331456  -  ResidentSetSize of job (KB)
...
005 (49777.1082.000) 10/11 16:05:48 Job terminated.
	(1) Normal termination (return value 0)
		Usr 0 00:23:54, Sys 0 00:00:07  -  Run Remote Usage
		Usr 0 00:00:00, Sys 0 00:00:00  -  Run Local Usage
		Usr 0 00:23:54, Sys 0 00:00:07  -  Total Remote Usage
		Usr 0 00:00:00, Sys 0 00:00:00  -  Total Local Usage
	176479  -  Run Bytes Sent By Job
	316773216  -  Run Bytes Received By Job
	176479  -  Total Bytes Sent By Job
	316773216  -  Total Bytes Received By Job
	Partitionable Resources :     Usage  Request Allocated 
	   Cpus                 :      0.99        1         1 
	   Disk (KB)            : 325000      819200  44742796 
	   Gpus                 :                            0 
	   Ioheavy              :                            0 
	   Memory (MB)          :   2277       20480     21341 
...
