000 (49777.322.000) 10/11 10:48:08 Job submitted from host: <144.92.142.142:9618?addrs=144.92.142.142-9618&noUDP&sock=44923_051a_3>
...
001 (49777.322.000) 10/11 13:14:46 Job executing on host: <128.105.68.16:9618?addrs=128.105.68.16-9618&alias=coba2000.chtc.wisc.edu&noUDP&sock=startd_7305_336c>
...
006 (49777.322.000) 10/11 13:14:55 Image size of job updated: 156724
	104  -  MemoryUsage of job (MB)
	105524  -  ResidentSetSize of job (KB)
...
006 (49777.322.000) 10/11 13:19:56 Image size of job updated: 722312
	656  -  MemoryUsage of job (MB)
	671224  -  ResidentSetSize of job (KB)
...
006 (49777.322.000) 10/11 13:24:56 Image size of job updated: 1100960
	1036  -  MemoryUsage of job (MB)
	1060820  -  ResidentSetSize of job (KB)
...
006 (49777.322.000) 10/11 13:29:56 Image size of job updated: 1559324
	1474  -  MemoryUsage of job (MB)
	1508788  -  ResidentSetSize of job (KB)
...
006 (49777.322.000) 10/11 13:34:57 Image size of job updated: 2188792
	2112  -  MemoryUsage of job (MB)
	2161704  -  ResidentSetSize of job (KB)
...
006 (49777.322.000) 10/11 13:38:30 Image size of job updated: 2681236
	2112  -  MemoryUsage of job (MB)
	2161704  -  ResidentSetSize of job (KB)
...
005 (49777.322.000) 10/11 13:38:30 Job terminated.
	(1) Normal termination (return value 0)
		Usr 0 00:23:33, Sys 0 00:00:07  -  Run Remote Usage
		Usr 0 00:00:00, Sys 0 00:00:00  -  Run Local Usage
		Usr 0 00:23:33, Sys 0 00:00:07  -  Total Remote Usage
		Usr 0 00:00:00, Sys 0 00:00:00  -  Total Local Usage
	171768  -  Run Bytes Sent By Job
	316905856  -  Run Bytes Received By Job
	171768  -  Total Bytes Sent By Job
	316905856  -  Total Bytes Received By Job
	Partitionable Resources :     Usage  Request Allocated 
	   Cpus                 :      0.99        1         1 
	   Disk (KB)            : 325000      819200  44742796 
	   Gpus                 :                            0 
	   Ioheavy              :                            0 
	   Memory (MB)          :   2112       20480     21341 
...
