./CVN -f config_condor.txt -x50 -v1 -l TFs_OGs.txt -n AllGenes130.txt -d celltype_tree_ancestor.txt -m testdata_ogids.txt -s celltype_order.txt -p 0.2 -c yes -b -4 -q 4
(cluster3|cluster8) p_maintain_edge=0.8 p_gain=0.2
(cluster2|cluster3) p_maintain_edge=0.8 p_gain=0.2
(cluster1|cluster2) p_maintain_edge=0.8 p_gain=0.2
(cluster6|cluster2) p_maintain_edge=0.8 p_gain=0.2
(cluster9|cluster6) p_maintain_edge=0.8 p_gain=0.2
(cluster10|cluster6) p_maintain_edge=0.8 p_gain=0.2
(cluster7|cluster10) p_maintain_edge=0.8 p_gain=0.2
speciesSet.size()=8 Root is cluster8
MappedOrthogroupReader::readSpeciesMapping() --- celltype_order.txt
MappedOrthogroupReader::readFile - testdata_ogids.txt
MappedOrthogroupReader::generateGeneOrthoMap()
MetaLearner::init_onefold() read:config_condor.txt
MetaLearner::setinputVariableNames number of variables: 2041
readEvidenceTable:cluster8.table
PotentialManager::loadEvidenceFromTable varCount=2041 sampleCount=348
motifNetwork.size() = 319
0=cluster8 motifNetwork=cluster8_network.txt
variable size=2041
readEvidenceTable:cluster3.table
PotentialManager::loadEvidenceFromTable varCount=2041 sampleCount=95
motifNetwork.size() = 326
1=cluster3 motifNetwork=cluster3_network.txt
variable size=2041
readEvidenceTable:cluster2.table
PotentialManager::loadEvidenceFromTable varCount=2041 sampleCount=386
motifNetwork.size() = 328
2=cluster2 motifNetwork=cluster2_network.txt
variable size=2041
readEvidenceTable:cluster1.table
PotentialManager::loadEvidenceFromTable varCount=2041 sampleCount=36
motifNetwork.size() = 322
3=cluster1 motifNetwork=cluster1_network.txt
variable size=2041
readEvidenceTable:cluster6.table
PotentialManager::loadEvidenceFromTable varCount=2041 sampleCount=524
motifNetwork.size() = 320
4=cluster6 motifNetwork=cluster6_network.txt
variable size=2041
readEvidenceTable:cluster9.table
PotentialManager::loadEvidenceFromTable varCount=2041 sampleCount=184
motifNetwork.size() = 327
5=cluster9 motifNetwork=cluster9_network.txt
variable size=2041
readEvidenceTable:cluster10.table
PotentialManager::loadEvidenceFromTable varCount=2041 sampleCount=165
motifNetwork.size() = 326
6=cluster10 motifNetwork=cluster10_network.txt
variable size=2041
readEvidenceTable:cluster7.table
PotentialManager::loadEvidenceFromTable varCount=2041 sampleCount=1032
motifNetwork.size() = 320
7=cluster7 motifNetwork=cluster7_network.txt
variable size=2041
-------------------------------------------------------------
MetaLearner::start
precomputeEmptyGraphPrior
binkey=0 [Edge status: 0 0 0 0 0 0 0 0 ] P(G)=P(cluster8=0)[0.8] * P(cluster1=0|cluster2=0) * P(cluster9=0|cluster6=0) * P(cluster7=0|cluster10=0) * P(cluster10=0|cluster6=0) * P(cluster6=0|cluster2=0) * P(cluster2=0|cluster3=0) * P(cluster3=0|cluster8=0)[0.209715]=0.167772
condsetMap_Tree
0 cluster8=0 cluster3=0 cluster2=0 cluster1=0 cluster6=0 cluster9=0 cluster10=0 cluster7=1
1 cluster8=0 cluster3=0 cluster2=0 cluster1=0 cluster6=0 cluster9=1 cluster10=0 cluster7=0
2 cluster8=0 cluster3=0 cluster2=0 cluster1=0 cluster6=0 cluster9=1 cluster10=0 cluster7=1
3 cluster8=0 cluster3=0 cluster2=0 cluster1=1 cluster6=0 cluster9=0 cluster10=0 cluster7=0
4 cluster8=0 cluster3=0 cluster2=0 cluster1=1 cluster6=0 cluster9=0 cluster10=0 cluster7=1
5 cluster8=0 cluster3=0 cluster2=0 cluster1=1 cluster6=0 cluster9=1 cluster10=0 cluster7=0
6 cluster8=0 cluster3=0 cluster2=0 cluster1=1 cluster6=0 cluster9=1 cluster10=0 cluster7=1
7 cluster8=0 cluster3=0 cluster2=0 cluster1=0 cluster6=0 cluster9=0 cluster10=1 cluster7=1
8 cluster8=0 cluster3=0 cluster2=0 cluster1=0 cluster6=0 cluster9=1 cluster10=1 cluster7=1
9 cluster8=0 cluster3=0 cluster2=0 cluster1=1 cluster6=0 cluster9=0 cluster10=1 cluster7=1
10 cluster8=0 cluster3=0 cluster2=0 cluster1=1 cluster6=0 cluster9=1 cluster10=1 cluster7=1
11 cluster8=0 cluster3=0 cluster2=0 cluster1=0 cluster6=1 cluster9=1 cluster10=1 cluster7=1
12 cluster8=0 cluster3=0 cluster2=0 cluster1=1 cluster6=1 cluster9=1 cluster10=1 cluster7=1
13 cluster8=0 cluster3=0 cluster2=1 cluster1=1 cluster6=1 cluster9=1 cluster10=1 cluster7=1
14 cluster8=0 cluster3=1 cluster2=1 cluster1=1 cluster6=1 cluster9=1 cluster10=1 cluster7=1
15 cluster8=1 cluster3=1 cluster2=1 cluster1=1 cluster6=1 cluster9=1 cluster10=1 cluster7=1
16 cluster8=1 cluster3=1 cluster2=1 cluster1=1 cluster6=1 cluster9=1 cluster10=1 cluster7=0
17 cluster8=1 cluster3=1 cluster2=1 cluster1=1 cluster6=1 cluster9=0 cluster10=1 cluster7=1
18 cluster8=1 cluster3=1 cluster2=1 cluster1=1 cluster6=1 cluster9=0 cluster10=1 cluster7=0
19 cluster8=1 cluster3=1 cluster2=1 cluster1=0 cluster6=1 cluster9=1 cluster10=1 cluster7=1
20 cluster8=1 cluster3=1 cluster2=1 cluster1=0 cluster6=1 cluster9=1 cluster10=1 cluster7=0
21 cluster8=1 cluster3=1 cluster2=1 cluster1=0 cluster6=1 cluster9=0 cluster10=1 cluster7=1
22 cluster8=1 cluster3=1 cluster2=1 cluster1=0 cluster6=1 cluster9=0 cluster10=1 cluster7=0
23 cluster8=1 cluster3=1 cluster2=1 cluster1=1 cluster6=1 cluster9=1 cluster10=0 cluster7=0
24 cluster8=1 cluster3=1 cluster2=1 cluster1=1 cluster6=1 cluster9=0 cluster10=0 cluster7=0
25 cluster8=1 cluster3=1 cluster2=1 cluster1=0 cluster6=1 cluster9=1 cluster10=0 cluster7=0
26 cluster8=1 cluster3=1 cluster2=1 cluster1=0 cluster6=1 cluster9=0 cluster10=0 cluster7=0
27 cluster8=1 cluster3=1 cluster2=1 cluster1=1 cluster6=0 cluster9=0 cluster10=0 cluster7=0
28 cluster8=1 cluster3=1 cluster2=1 cluster1=0 cluster6=0 cluster9=0 cluster10=0 cluster7=0
29 cluster8=1 cluster3=1 cluster2=0 cluster1=0 cluster6=0 cluster9=0 cluster10=0 cluster7=0
30 cluster8=1 cluster3=0 cluster2=0 cluster1=0 cluster6=0 cluster9=0 cluster10=0 cluster7=0
31 cluster8=0 cluster3=0 cluster2=0 cluster1=0 cluster6=1 cluster9=0 cluster10=0 cluster7=0
32 cluster8=0 cluster3=0 cluster2=1 cluster1=0 cluster6=0 cluster9=0 cluster10=0 cluster7=0
33 cluster8=0 cluster3=0 cluster2=0 cluster1=0 cluster6=0 cluster9=0 cluster10=1 cluster7=0
34 cluster8=0 cluster3=1 cluster2=0 cluster1=0 cluster6=0 cluster9=0 cluster10=0 cluster7=0
inputRegulatorOGs.size() = 1999 inputOGList.size() = 50
binkey=8 [Edge status: 0 0 0 1 0 0 0 0 ] P(G)=P(cluster8=0)[0.8] * P(cluster1=1|cluster2=0) * P(cluster9=0|cluster6=0) * P(cluster7=0|cluster10=0) * P(cluster10=0|cluster6=0) * P(cluster6=0|cluster2=0) * P(cluster2=0|cluster3=0) * P(cluster3=0|cluster8=0)[0.0524288]=0.041943
binkey=4 [Edge status: 0 0 1 0 0 0 0 0 ] P(G)=P(cluster8=0)[0.8] * P(cluster1=0|cluster2=1) * P(cluster9=0|cluster6=0) * P(cluster7=0|cluster10=0) * P(cluster10=0|cluster6=0) * P(cluster6=0|cluster2=1) * P(cluster2=1|cluster3=0) * P(cluster3=0|cluster8=0)[0.0032768]=0.00262144
binkey=2 [Edge status: 0 1 0 0 0 0 0 0 ] P(G)=P(cluster8=0)[0.8] * P(cluster1=0|cluster2=0) * P(cluster9=0|cluster6=0) * P(cluster7=0|cluster10=0) * P(cluster10=0|cluster6=0) * P(cluster6=0|cluster2=0) * P(cluster2=0|cluster3=1) * P(cluster3=1|cluster8=0)[0.0131072]=0.0104858
binkey=128 [Edge status: 0 0 0 0 0 0 0 1 ] P(G)=P(cluster8=0)[0.8] * P(cluster1=0|cluster2=0) * P(cluster9=0|cluster6=0) * P(cluster7=1|cluster10=0) * P(cluster10=0|cluster6=0) * P(cluster6=0|cluster2=0) * P(cluster2=0|cluster3=0) * P(cluster3=0|cluster8=0)[0.0524288]=0.041943
binkey=16 [Edge status: 0 0 0 0 1 0 0 0 ] P(G)=P(cluster8=0)[0.8] * P(cluster1=0|cluster2=0) * P(cluster9=0|cluster6=1) * P(cluster7=0|cluster10=0) * P(cluster10=0|cluster6=1) * P(cluster6=1|cluster2=0) * P(cluster2=0|cluster3=0) * P(cluster3=0|cluster8=0)[0.0032768]=0.00262144
binkey=1 [Edge status: 1 0 0 0 0 0 0 0 ] P(G)=P(cluster8=1)[0.2] * P(cluster1=0|cluster2=0) * P(cluster9=0|cluster6=0) * P(cluster7=0|cluster10=0) * P(cluster10=0|cluster6=0) * P(cluster6=0|cluster2=0) * P(cluster2=0|cluster3=0) * P(cluster3=0|cluster8=1)[0.0524288]=0.0104858
binkey=64 [Edge status: 0 0 0 0 0 0 1 0 ] P(G)=P(cluster8=0)[0.8] * P(cluster1=0|cluster2=0) * P(cluster9=0|cluster6=0) * P(cluster7=0|cluster10=1) * P(cluster10=1|cluster6=0) * P(cluster6=0|cluster2=0) * P(cluster2=0|cluster3=0) * P(cluster3=0|cluster8=0)[0.0131072]=0.0104858
binkey=32 [Edge status: 0 0 0 0 0 1 0 0 ] P(G)=P(cluster8=0)[0.8] * P(cluster1=0|cluster2=0) * P(cluster9=1|cluster6=0) * P(cluster7=0|cluster10=0) * P(cluster10=0|cluster6=0) * P(cluster6=0|cluster2=0) * P(cluster2=0|cluster3=0) * P(cluster3=0|cluster8=0)[0.0524288]=0.041943
binkey=192 [Edge status: 0 0 0 0 0 0 1 1 ] P(G)=P(cluster8=0)[0.8] * P(cluster1=0|cluster2=0) * P(cluster9=0|cluster6=0) * P(cluster7=1|cluster10=1) * P(cluster10=1|cluster6=0) * P(cluster6=0|cluster2=0) * P(cluster2=0|cluster3=0) * P(cluster3=0|cluster8=0)[0.0524288]=0.041943
binkey=40 [Edge status: 0 0 0 1 0 1 0 0 ] P(G)=P(cluster8=0)[0.8] * P(cluster1=1|cluster2=0) * P(cluster9=1|cluster6=0) * P(cluster7=0|cluster10=0) * P(cluster10=0|cluster6=0) * P(cluster6=0|cluster2=0) * P(cluster2=0|cluster3=0) * P(cluster3=0|cluster8=0)[0.0131072]=0.0104858
binkey=127 [Edge status: 1 1 1 1 1 1 1 0 ] P(G)=P(cluster8=1)[0.2] * P(cluster1=1|cluster2=1) * P(cluster9=1|cluster6=1) * P(cluster7=0|cluster10=1) * P(cluster10=1|cluster6=1) * P(cluster6=1|cluster2=1) * P(cluster2=1|cluster3=1) * P(cluster3=1|cluster8=1)[0.0524288]=0.0104858
binkey=95 [Edge status: 1 1 1 1 1 0 1 0 ] P(G)=P(cluster8=1)[0.2] * P(cluster1=1|cluster2=1) * P(cluster9=0|cluster6=1) * P(cluster7=0|cluster10=1) * P(cluster10=1|cluster6=1) * P(cluster6=1|cluster2=1) * P(cluster2=1|cluster3=1) * P(cluster3=1|cluster8=1)[0.0131072]=0.00262144
binkey=119 [Edge status: 1 1 1 0 1 1 1 0 ] P(G)=P(cluster8=1)[0.2] * P(cluster1=0|cluster2=1) * P(cluster9=1|cluster6=1) * P(cluster7=0|cluster10=1) * P(cluster10=1|cluster6=1) * P(cluster6=1|cluster2=1) * P(cluster2=1|cluster3=1) * P(cluster3=1|cluster8=1)[0.0131072]=0.00262144
binkey=87 [Edge status: 1 1 1 0 1 0 1 0 ] P(G)=P(cluster8=1)[0.2] * P(cluster1=0|cluster2=1) * P(cluster9=0|cluster6=1) * P(cluster7=0|cluster10=1) * P(cluster10=1|cluster6=1) * P(cluster6=1|cluster2=1) * P(cluster2=1|cluster3=1) * P(cluster3=1|cluster8=1)[0.0032768]=0.00065536
binkey=63 [Edge status: 1 1 1 1 1 1 0 0 ] P(G)=P(cluster8=1)[0.2] * P(cluster1=1|cluster2=1) * P(cluster9=1|cluster6=1) * P(cluster7=0|cluster10=0) * P(cluster10=0|cluster6=1) * P(cluster6=1|cluster2=1) * P(cluster2=1|cluster3=1) * P(cluster3=1|cluster8=1)[0.0524288]=0.0104858
binkey=31 [Edge status: 1 1 1 1 1 0 0 0 ] P(G)=P(cluster8=1)[0.2] * P(cluster1=1|cluster2=1) * P(cluster9=0|cluster6=1) * P(cluster7=0|cluster10=0) * P(cluster10=0|cluster6=1) * P(cluster6=1|cluster2=1) * P(cluster2=1|cluster3=1) * P(cluster3=1|cluster8=1)[0.0131072]=0.00262144
binkey=55 [Edge status: 1 1 1 0 1 1 0 0 ] P(G)=P(cluster8=1)[0.2] * P(cluster1=0|cluster2=1) * P(cluster9=1|cluster6=1) * P(cluster7=0|cluster10=0) * P(cluster10=0|cluster6=1) * P(cluster6=1|cluster2=1) * P(cluster2=1|cluster3=1) * P(cluster3=1|cluster8=1)[0.0131072]=0.00262144
binkey=23 [Edge status: 1 1 1 0 1 0 0 0 ] P(G)=P(cluster8=1)[0.2] * P(cluster1=0|cluster2=1) * P(cluster9=0|cluster6=1) * P(cluster7=0|cluster10=0) * P(cluster10=0|cluster6=1) * P(cluster6=1|cluster2=1) * P(cluster2=1|cluster3=1) * P(cluster3=1|cluster8=1)[0.0032768]=0.00065536
binkey=15 [Edge status: 1 1 1 1 0 0 0 0 ] P(G)=P(cluster8=1)[0.2] * P(cluster1=1|cluster2=1) * P(cluster9=0|cluster6=0) * P(cluster7=0|cluster10=0) * P(cluster10=0|cluster6=0) * P(cluster6=0|cluster2=1) * P(cluster2=1|cluster3=1) * P(cluster3=1|cluster8=1)[0.0524288]=0.0104858
binkey=7 [Edge status: 1 1 1 0 0 0 0 0 ] P(G)=P(cluster8=1)[0.2] * P(cluster1=0|cluster2=1) * P(cluster9=0|cluster6=0) * P(cluster7=0|cluster10=0) * P(cluster10=0|cluster6=0) * P(cluster6=0|cluster2=1) * P(cluster2=1|cluster3=1) * P(cluster3=1|cluster8=1)[0.0131072]=0.00262144
binkey=3 [Edge status: 1 1 0 0 0 0 0 0 ] P(G)=P(cluster8=1)[0.2] * P(cluster1=0|cluster2=0) * P(cluster9=0|cluster6=0) * P(cluster7=0|cluster10=0) * P(cluster10=0|cluster6=0) * P(cluster6=0|cluster2=0) * P(cluster2=0|cluster3=1) * P(cluster3=1|cluster8=1)[0.0524288]=0.0104858
binkey=160 [Edge status: 0 0 0 0 0 1 0 1 ] P(G)=P(cluster8=0)[0.8] * P(cluster1=0|cluster2=0) * P(cluster9=1|cluster6=0) * P(cluster7=1|cluster10=0) * P(cluster10=0|cluster6=0) * P(cluster6=0|cluster2=0) * P(cluster2=0|cluster3=0) * P(cluster3=0|cluster8=0)[0.0131072]=0.0104858
binkey=136 [Edge status: 0 0 0 1 0 0 0 1 ] P(G)=P(cluster8=0)[0.8] * P(cluster1=1|cluster2=0) * P(cluster9=0|cluster6=0) * P(cluster7=1|cluster10=0) * P(cluster10=0|cluster6=0) * P(cluster6=0|cluster2=0) * P(cluster2=0|cluster3=0) * P(cluster3=0|cluster8=0)[0.0131072]=0.0104858
binkey=168 [Edge status: 0 0 0 1 0 1 0 1 ] P(G)=P(cluster8=0)[0.8] * P(cluster1=1|cluster2=0) * P(cluster9=1|cluster6=0) * P(cluster7=1|cluster10=0) * P(cluster10=0|cluster6=0) * P(cluster6=0|cluster2=0) * P(cluster2=0|cluster3=0) * P(cluster3=0|cluster8=0)[0.0032768]=0.00262144
binkey=224 [Edge status: 0 0 0 0 0 1 1 1 ] P(G)=P(cluster8=0)[0.8] * P(cluster1=0|cluster2=0) * P(cluster9=1|cluster6=0) * P(cluster7=1|cluster10=1) * P(cluster10=1|cluster6=0) * P(cluster6=0|cluster2=0) * P(cluster2=0|cluster3=0) * P(cluster3=0|cluster8=0)[0.0131072]=0.0104858
binkey=200 [Edge status: 0 0 0 1 0 0 1 1 ] P(G)=P(cluster8=0)[0.8] * P(cluster1=1|cluster2=0) * P(cluster9=0|cluster6=0) * P(cluster7=1|cluster10=1) * P(cluster10=1|cluster6=0) * P(cluster6=0|cluster2=0) * P(cluster2=0|cluster3=0) * P(cluster3=0|cluster8=0)[0.0131072]=0.0104858
binkey=232 [Edge status: 0 0 0 1 0 1 1 1 ] P(G)=P(cluster8=0)[0.8] * P(cluster1=1|cluster2=0) * P(cluster9=1|cluster6=0) * P(cluster7=1|cluster10=1) * P(cluster10=1|cluster6=0) * P(cluster6=0|cluster2=0) * P(cluster2=0|cluster3=0) * P(cluster3=0|cluster8=0)[0.0032768]=0.00262144
binkey=240 [Edge status: 0 0 0 0 1 1 1 1 ] P(G)=P(cluster8=0)[0.8] * P(cluster1=0|cluster2=0) * P(cluster9=1|cluster6=1) * P(cluster7=1|cluster10=1) * P(cluster10=1|cluster6=1) * P(cluster6=1|cluster2=0) * P(cluster2=0|cluster3=0) * P(cluster3=0|cluster8=0)[0.0524288]=0.041943
binkey=248 [Edge status: 0 0 0 1 1 1 1 1 ] P(G)=P(cluster8=0)[0.8] * P(cluster1=1|cluster2=0) * P(cluster9=1|cluster6=1) * P(cluster7=1|cluster10=1) * P(cluster10=1|cluster6=1) * P(cluster6=1|cluster2=0) * P(cluster2=0|cluster3=0) * P(cluster3=0|cluster8=0)[0.0131072]=0.0104858
binkey=252 [Edge status: 0 0 1 1 1 1 1 1 ] P(G)=P(cluster8=0)[0.8] * P(cluster1=1|cluster2=1) * P(cluster9=1|cluster6=1) * P(cluster7=1|cluster10=1) * P(cluster10=1|cluster6=1) * P(cluster6=1|cluster2=1) * P(cluster2=1|cluster3=0) * P(cluster3=0|cluster8=0)[0.0524288]=0.041943
ITERATION 0 newScore=-2.75227e+06 diffscore=12142.3 priorChange=-101.199 successMove=53
binkey=254 [Edge status: 0 1 1 1 1 1 1 1 ] P(G)=P(cluster8=0)[0.8] * P(cluster1=1|cluster2=1) * P(cluster9=1|cluster6=1) * P(cluster7=1|cluster10=1) * P(cluster10=1|cluster6=1) * P(cluster6=1|cluster2=1) * P(cluster2=1|cluster3=1) * P(cluster3=1|cluster8=0)[0.0524288]=0.041943
binkey=255 [Edge status: 1 1 1 1 1 1 1 1 ] P(G)=P(cluster8=1)[0.2] * P(cluster1=1|cluster2=1) * P(cluster9=1|cluster6=1) * P(cluster7=1|cluster10=1) * P(cluster10=1|cluster6=1) * P(cluster6=1|cluster2=1) * P(cluster2=1|cluster3=1) * P(cluster3=1|cluster8=1)[0.209715]=0.041943
binkey=223 [Edge status: 1 1 1 1 1 0 1 1 ] P(G)=P(cluster8=1)[0.2] * P(cluster1=1|cluster2=1) * P(cluster9=0|cluster6=1) * P(cluster7=1|cluster10=1) * P(cluster10=1|cluster6=1) * P(cluster6=1|cluster2=1) * P(cluster2=1|cluster3=1) * P(cluster3=1|cluster8=1)[0.0524288]=0.0104858
binkey=247 [Edge status: 1 1 1 0 1 1 1 1 ] P(G)=P(cluster8=1)[0.2] * P(cluster1=0|cluster2=1) * P(cluster9=1|cluster6=1) * P(cluster7=1|cluster10=1) * P(cluster10=1|cluster6=1) * P(cluster6=1|cluster2=1) * P(cluster2=1|cluster3=1) * P(cluster3=1|cluster8=1)[0.0524288]=0.0104858
binkey=215 [Edge status: 1 1 1 0 1 0 1 1 ] P(G)=P(cluster8=1)[0.2] * P(cluster1=0|cluster2=1) * P(cluster9=0|cluster6=1) * P(cluster7=1|cluster10=1) * P(cluster10=1|cluster6=1) * P(cluster6=1|cluster2=1) * P(cluster2=1|cluster3=1) * P(cluster3=1|cluster8=1)[0.0131072]=0.00262144
ITERATION 1 newScore=-2.74839e+06 diffscore=3883.79 priorChange=-116.449 successMove=54
ITERATION 2 newScore=-2.73989e+06 diffscore=8497.63 priorChange=-102.586 successMove=54
ITERATION 3 newScore=-2.7347e+06 diffscore=5195.6 priorChange=-102.586 successMove=50
ITERATION 4 newScore=-2.73205e+06 diffscore=2646.68 priorChange=-116.449 successMove=53
ITERATION 5 newScore=-2.72828e+06 diffscore=3775.53 priorChange=-113.676 successMove=51
ITERATION 6 newScore=-2.72516e+06 diffscore=3113.84 priorChange=-108.131 successMove=56
ITERATION 7 newScore=-2.71983e+06 diffscore=5334.77 priorChange=-105.358 successMove=62
ITERATION 8 newScore=-2.7178e+06 diffscore=2022.19 priorChange=-103.972 successMove=56
ITERATION 9 newScore=-2.71523e+06 diffscore=2572.4 priorChange=-109.517 successMove=52
ITERATION 10 newScore=-2.71159e+06 diffscore=3642.51 priorChange=-119.221 successMove=51
ITERATION 11 newScore=-2.71075e+06 diffscore=843.899 priorChange=-116.449 successMove=51
ITERATION 12 newScore=-2.70969e+06 diffscore=1051.14 priorChange=-109.517 successMove=50
ITERATION 13 newScore=-2.70534e+06 diffscore=4358.73 priorChange=-112.29 successMove=51
ITERATION 14 newScore=-2.7026e+06 diffscore=2734.92 priorChange=-119.221 successMove=54
ITERATION 15 newScore=-2.69997e+06 diffscore=2629.8 priorChange=-119.221 successMove=50
ITERATION 16 newScore=-2.69939e+06 diffscore=585.053 priorChange=-112.29 successMove=51
ITERATION 17 newScore=-2.6949e+06 diffscore=4488.56 priorChange=-116.449 successMove=48
ITERATION 18 newScore=-2.69405e+06 diffscore=845.162 priorChange=-108.131 successMove=51
ITERATION 19 newScore=-2.69114e+06 diffscore=2910.36 priorChange=-109.517 successMove=48
ITERATION 20 newScore=-2.68902e+06 diffscore=2126.46 priorChange=-105.358 successMove=48
ITERATION 21 newScore=-2.68739e+06 diffscore=1621.85 priorChange=-106.745 successMove=49
ITERATION 22 newScore=-2.68592e+06 diffscore=1470.75 priorChange=-90.1091 successMove=48
ITERATION 23 newScore=-2.68344e+06 diffscore=2483.96 priorChange=-102.586 successMove=47
ITERATION 24 newScore=-2.68269e+06 diffscore=747.686 priorChange=-95.6543 successMove=49
ITERATION 25 newScore=-2.67698e+06 diffscore=5713.87 priorChange=-99.8132 successMove=48
ITERATION 26 newScore=-2.67233e+06 diffscore=4643.97 priorChange=-108.131 successMove=46
ITERATION 27 newScore=-2.67076e+06 diffscore=1574.56 priorChange=-94.268 successMove=47
ITERATION 28 newScore=-2.66692e+06 diffscore=3835.4 priorChange=-101.199 successMove=47
ITERATION 29 newScore=-2.66652e+06 diffscore=404.776 priorChange=-90.1091 successMove=46
ITERATION 30 newScore=-2.66604e+06 diffscore=481.321 priorChange=-109.517 successMove=47
ITERATION 31 newScore=-2.66396e+06 diffscore=2081.9 priorChange=-92.8817 successMove=46
ITERATION 32 newScore=-2.66176e+06 diffscore=2190.97 priorChange=-103.972 successMove=45
ITERATION 33 newScore=-2.65959e+06 diffscore=2174.17 priorChange=-101.199 successMove=45
ITERATION 34 newScore=-2.65689e+06 diffscore=2702.39 priorChange=-99.8132 successMove=44
ITERATION 35 newScore=-2.65588e+06 diffscore=1004.2 priorChange=-106.745 successMove=44
ITERATION 36 newScore=-2.65452e+06 diffscore=1364.07 priorChange=-88.7228 successMove=44
ITERATION 37 newScore=-2.64988e+06 diffscore=4635.37 priorChange=-101.199 successMove=44
ITERATION 38 newScore=-2.64726e+06 diffscore=2620.13 priorChange=-90.1091 successMove=43
ITERATION 39 newScore=-2.6469e+06 diffscore=368.622 priorChange=-88.7228 successMove=41
ITERATION 40 newScore=-2.64652e+06 diffscore=377.469 priorChange=-85.9503 successMove=41
ITERATION 41 newScore=-2.64508e+06 diffscore=1442.66 priorChange=-83.1777 successMove=41
ITERATION 42 newScore=-2.64473e+06 diffscore=349.117 priorChange=-72.0873 successMove=40
ITERATION 43 newScore=-2.64214e+06 diffscore=2586.43 priorChange=-83.1777 successMove=41
ITERATION 44 newScore=-2.64184e+06 diffscore=299.486 priorChange=-90.1091 successMove=40
ITERATION 45 newScore=-2.64155e+06 diffscore=293.96 priorChange=-88.7228 successMove=40
ITERATION 46 newScore=-2.64123e+06 diffscore=317.89 priorChange=-84.564 successMove=40
ITERATION 47 newScore=-2.64094e+06 diffscore=291.097 priorChange=-90.1091 successMove=41
ITERATION 48 newScore=-2.64059e+06 diffscore=352.251 priorChange=-92.8817 successMove=39
ITERATION 49 newScore=-2.63954e+06 diffscore=1048.92 priorChange=-94.268 successMove=39
ITERATION 50 newScore=-2.63819e+06 diffscore=1346.11 priorChange=-66.5421 successMove=38
ITERATION 51 newScore=-2.63572e+06 diffscore=2465.62 priorChange=-83.1777 successMove=37
ITERATION 52 newScore=-2.63366e+06 diffscore=2065.28 priorChange=-88.7228 successMove=38
ITERATION 53 newScore=-2.63254e+06 diffscore=1117.98 priorChange=-85.9503 successMove=37
ITERATION 54 newScore=-2.63226e+06 diffscore=282.672 priorChange=-77.6325 successMove=37
ITERATION 55 newScore=-2.63189e+06 diffscore=363.622 priorChange=-74.8599 successMove=37
ITERATION 56 newScore=-2.6316e+06 diffscore=299.086 priorChange=-81.7914 successMove=36
ITERATION 57 newScore=-2.63113e+06 diffscore=469.825 priorChange=-76.2462 successMove=36
ITERATION 58 newScore=-2.63088e+06 diffscore=243.992 priorChange=-73.4736 successMove=35
ITERATION 59 newScore=-2.62951e+06 diffscore=1367.86 priorChange=-65.1558 successMove=35
ITERATION 60 newScore=-2.62924e+06 diffscore=272.76 priorChange=-72.0873 successMove=35
ITERATION 61 newScore=-2.62883e+06 diffscore=408.773 priorChange=-74.8599 successMove=35
ITERATION 62 newScore=-2.6266e+06 diffscore=2229.08 priorChange=-65.1558 successMove=33
ITERATION 63 newScore=-2.62492e+06 diffscore=1681.03 priorChange=-83.1777 successMove=34
ITERATION 64 newScore=-2.62335e+06 diffscore=1575.03 priorChange=-73.4736 successMove=33
ITERATION 65 newScore=-2.62296e+06 diffscore=384.545 priorChange=-74.8599 successMove=33
ITERATION 66 newScore=-2.62074e+06 diffscore=2227.22 priorChange=-67.9284 successMove=33
ITERATION 67 newScore=-2.61951e+06 diffscore=1225.38 priorChange=-59.6107 successMove=32
ITERATION 68 newScore=-2.61819e+06 diffscore=1318.72 priorChange=-65.1558 successMove=31
ITERATION 69 newScore=-2.61804e+06 diffscore=150.412 priorChange=-62.3832 successMove=29
ITERATION 70 newScore=-2.61786e+06 diffscore=177.987 priorChange=-59.6107 successMove=29
ITERATION 71 newScore=-2.61747e+06 diffscore=388.788 priorChange=-59.6107 successMove=28
ITERATION 72 newScore=-2.6171e+06 diffscore=369.815 priorChange=-60.997 successMove=27
ITERATION 73 newScore=-2.61488e+06 diffscore=2228.73 priorChange=-60.997 successMove=27
ITERATION 74 newScore=-2.61476e+06 diffscore=120.141 priorChange=-63.7695 successMove=26
ITERATION 75 newScore=-2.61462e+06 diffscore=137.325 priorChange=-54.0655 successMove=26
ITERATION 76 newScore=-2.61447e+06 diffscore=143.923 priorChange=-49.9066 successMove=26
ITERATION 77 newScore=-2.61435e+06 diffscore=125.953 priorChange=-56.8381 successMove=24
ITERATION 78 newScore=-2.61423e+06 diffscore=123.21 priorChange=-52.6792 successMove=22
ITERATION 79 newScore=-2.6141e+06 diffscore=129.001 priorChange=-51.2929 successMove=21
ITERATION 80 newScore=-2.61395e+06 diffscore=143.6 priorChange=-34.6574 successMove=22
ITERATION 81 newScore=-2.6138e+06 diffscore=157.213 priorChange=-31.8848 successMove=21
ITERATION 82 newScore=-2.61259e+06 diffscore=1203.99 priorChange=-45.7477 successMove=21
ITERATION 83 newScore=-2.61249e+06 diffscore=102.199 priorChange=-40.2025 successMove=19
ITERATION 84 newScore=-2.61238e+06 diffscore=113.349 priorChange=-41.5888 successMove=19
ITERATION 85 newScore=-2.61225e+06 diffscore=129.712 priorChange=-41.5888 successMove=19
ITERATION 86 newScore=-2.61215e+06 diffscore=96.9309 priorChange=-34.6574 successMove=18
ITERATION 87 newScore=-2.61202e+06 diffscore=125.333 priorChange=-40.2025 successMove=17
ITERATION 88 newScore=-2.61192e+06 diffscore=107.434 priorChange=-42.9751 successMove=17
ITERATION 89 newScore=-2.61182e+06 diffscore=94.0604 priorChange=-34.6574 successMove=15
ITERATION 90 newScore=-2.61172e+06 diffscore=99.7393 priorChange=-27.7259 successMove=15
ITERATION 91 newScore=-2.61162e+06 diffscore=104.602 priorChange=-29.1122 successMove=15
ITERATION 92 newScore=-2.61152e+06 diffscore=98.816 priorChange=-22.1807 successMove=13
ITERATION 93 newScore=-2.61143e+06 diffscore=92.3975 priorChange=-22.1807 successMove=11
ITERATION 94 newScore=-2.61132e+06 diffscore=109.074 priorChange=-23.567 successMove=11
ITERATION 95 newScore=-2.61123e+06 diffscore=83.435 priorChange=-22.1807 successMove=10
ITERATION 96 newScore=-2.61114e+06 diffscore=96.3958 priorChange=-19.4081 successMove=10
ITERATION 97 newScore=-2.61106e+06 diffscore=77.4537 priorChange=-24.9533 successMove=10
ITERATION 98 newScore=-2.611e+06 diffscore=56.0345 priorChange=-20.7944 successMove=10
ITERATION 99 newScore=-2.61092e+06 diffscore=85.9591 priorChange=-18.0218 successMove=7
MetaLearner::dumpAllGraphs
Final Score -2.61092e+06
MetaLearner::start runtime: 1573737599 ms
Results/
Results/cluster2/
Results/cluster2/fold0/
Results/cluster2/fold0/modelparams.txt
Results/cluster2/fold0/var_mb_pw_k50.txt
Results/cluster7/
Results/cluster7/fold0/
Results/cluster7/fold0/modelparams.txt
Results/cluster7/fold0/var_mb_pw_k50.txt
Results/cluster9/
Results/cluster9/fold0/
Results/cluster9/fold0/modelparams.txt
Results/cluster9/fold0/var_mb_pw_k50.txt
Results/cluster1/
Results/cluster1/fold0/
Results/cluster1/fold0/modelparams.txt
Results/cluster1/fold0/var_mb_pw_k50.txt
Results/cluster3/
Results/cluster3/fold0/
Results/cluster3/fold0/modelparams.txt
Results/cluster3/fold0/var_mb_pw_k50.txt
Results/cluster10/
Results/cluster10/fold0/
Results/cluster10/fold0/modelparams.txt
Results/cluster10/fold0/var_mb_pw_k50.txt
Results/cluster8/
Results/cluster8/scoreFile.txt
Results/cluster8/fold0/
Results/cluster8/fold0/modelparams.txt
Results/cluster8/fold0/var_mb_pw_k50.txt
Results/cluster6/
Results/cluster6/fold0/
Results/cluster6/fold0/modelparams.txt
Results/cluster6/fold0/var_mb_pw_k50.txt
