./CVN -f config_condor.txt -x50 -v1 -l TFs_OGs.txt -n AllGenes60.txt -d celltype_tree_ancestor.txt -m testdata_ogids.txt -s celltype_order.txt -p 0.2 -c yes -b -4 -q 4
(cluster3|cluster8) p_maintain_edge=0.8 p_gain=0.2
(cluster2|cluster3) p_maintain_edge=0.8 p_gain=0.2
(cluster1|cluster2) p_maintain_edge=0.8 p_gain=0.2
(cluster6|cluster2) p_maintain_edge=0.8 p_gain=0.2
(cluster9|cluster6) p_maintain_edge=0.8 p_gain=0.2
(cluster10|cluster6) p_maintain_edge=0.8 p_gain=0.2
(cluster7|cluster10) p_maintain_edge=0.8 p_gain=0.2
speciesSet.size()=8 Root is cluster8
MappedOrthogroupReader::readSpeciesMapping() --- celltype_order.txt
MappedOrthogroupReader::readFile - testdata_ogids.txt
MappedOrthogroupReader::generateGeneOrthoMap()
MetaLearner::init_onefold() read:config_condor.txt
MetaLearner::setinputVariableNames number of variables: 2042
readEvidenceTable:cluster8.table
PotentialManager::loadEvidenceFromTable varCount=2042 sampleCount=348
motifNetwork.size() = 319
0=cluster8 motifNetwork=cluster8_network.txt
variable size=2042
readEvidenceTable:cluster3.table
PotentialManager::loadEvidenceFromTable varCount=2042 sampleCount=95
motifNetwork.size() = 326
1=cluster3 motifNetwork=cluster3_network.txt
variable size=2042
readEvidenceTable:cluster2.table
PotentialManager::loadEvidenceFromTable varCount=2042 sampleCount=386
motifNetwork.size() = 328
2=cluster2 motifNetwork=cluster2_network.txt
variable size=2042
readEvidenceTable:cluster1.table
PotentialManager::loadEvidenceFromTable varCount=2042 sampleCount=36
motifNetwork.size() = 322
3=cluster1 motifNetwork=cluster1_network.txt
variable size=2042
readEvidenceTable:cluster6.table
PotentialManager::loadEvidenceFromTable varCount=2042 sampleCount=524
motifNetwork.size() = 320
4=cluster6 motifNetwork=cluster6_network.txt
variable size=2042
readEvidenceTable:cluster9.table
PotentialManager::loadEvidenceFromTable varCount=2042 sampleCount=184
motifNetwork.size() = 327
5=cluster9 motifNetwork=cluster9_network.txt
variable size=2042
readEvidenceTable:cluster10.table
PotentialManager::loadEvidenceFromTable varCount=2042 sampleCount=165
motifNetwork.size() = 326
6=cluster10 motifNetwork=cluster10_network.txt
variable size=2042
readEvidenceTable:cluster7.table
PotentialManager::loadEvidenceFromTable varCount=2042 sampleCount=1032
motifNetwork.size() = 320
7=cluster7 motifNetwork=cluster7_network.txt
variable size=2042
-------------------------------------------------------------
MetaLearner::start
precomputeEmptyGraphPrior
binkey=0 [Edge status: 0 0 0 0 0 0 0 0 ] P(G)=P(cluster8=0)[0.8] * P(cluster1=0|cluster2=0) * P(cluster9=0|cluster6=0) * P(cluster7=0|cluster10=0) * P(cluster10=0|cluster6=0) * P(cluster6=0|cluster2=0) * P(cluster2=0|cluster3=0) * P(cluster3=0|cluster8=0)[0.209715]=0.167772
condsetMap_Tree
0 cluster8=0 cluster3=0 cluster2=0 cluster1=0 cluster6=0 cluster9=0 cluster10=0 cluster7=1
1 cluster8=0 cluster3=0 cluster2=0 cluster1=0 cluster6=0 cluster9=1 cluster10=0 cluster7=0
2 cluster8=0 cluster3=0 cluster2=0 cluster1=0 cluster6=0 cluster9=1 cluster10=0 cluster7=1
3 cluster8=0 cluster3=0 cluster2=0 cluster1=1 cluster6=0 cluster9=0 cluster10=0 cluster7=0
4 cluster8=0 cluster3=0 cluster2=0 cluster1=1 cluster6=0 cluster9=0 cluster10=0 cluster7=1
5 cluster8=0 cluster3=0 cluster2=0 cluster1=1 cluster6=0 cluster9=1 cluster10=0 cluster7=0
6 cluster8=0 cluster3=0 cluster2=0 cluster1=1 cluster6=0 cluster9=1 cluster10=0 cluster7=1
7 cluster8=0 cluster3=0 cluster2=0 cluster1=0 cluster6=0 cluster9=0 cluster10=1 cluster7=1
8 cluster8=0 cluster3=0 cluster2=0 cluster1=0 cluster6=0 cluster9=1 cluster10=1 cluster7=1
9 cluster8=0 cluster3=0 cluster2=0 cluster1=1 cluster6=0 cluster9=0 cluster10=1 cluster7=1
10 cluster8=0 cluster3=0 cluster2=0 cluster1=1 cluster6=0 cluster9=1 cluster10=1 cluster7=1
11 cluster8=0 cluster3=0 cluster2=0 cluster1=0 cluster6=1 cluster9=1 cluster10=1 cluster7=1
12 cluster8=0 cluster3=0 cluster2=0 cluster1=1 cluster6=1 cluster9=1 cluster10=1 cluster7=1
13 cluster8=0 cluster3=0 cluster2=1 cluster1=1 cluster6=1 cluster9=1 cluster10=1 cluster7=1
14 cluster8=0 cluster3=1 cluster2=1 cluster1=1 cluster6=1 cluster9=1 cluster10=1 cluster7=1
15 cluster8=1 cluster3=1 cluster2=1 cluster1=1 cluster6=1 cluster9=1 cluster10=1 cluster7=1
16 cluster8=1 cluster3=1 cluster2=1 cluster1=1 cluster6=1 cluster9=1 cluster10=1 cluster7=0
17 cluster8=1 cluster3=1 cluster2=1 cluster1=1 cluster6=1 cluster9=0 cluster10=1 cluster7=1
18 cluster8=1 cluster3=1 cluster2=1 cluster1=1 cluster6=1 cluster9=0 cluster10=1 cluster7=0
19 cluster8=1 cluster3=1 cluster2=1 cluster1=0 cluster6=1 cluster9=1 cluster10=1 cluster7=1
20 cluster8=1 cluster3=1 cluster2=1 cluster1=0 cluster6=1 cluster9=1 cluster10=1 cluster7=0
21 cluster8=1 cluster3=1 cluster2=1 cluster1=0 cluster6=1 cluster9=0 cluster10=1 cluster7=1
22 cluster8=1 cluster3=1 cluster2=1 cluster1=0 cluster6=1 cluster9=0 cluster10=1 cluster7=0
23 cluster8=1 cluster3=1 cluster2=1 cluster1=1 cluster6=1 cluster9=1 cluster10=0 cluster7=0
24 cluster8=1 cluster3=1 cluster2=1 cluster1=1 cluster6=1 cluster9=0 cluster10=0 cluster7=0
25 cluster8=1 cluster3=1 cluster2=1 cluster1=0 cluster6=1 cluster9=1 cluster10=0 cluster7=0
26 cluster8=1 cluster3=1 cluster2=1 cluster1=0 cluster6=1 cluster9=0 cluster10=0 cluster7=0
27 cluster8=1 cluster3=1 cluster2=1 cluster1=1 cluster6=0 cluster9=0 cluster10=0 cluster7=0
28 cluster8=1 cluster3=1 cluster2=1 cluster1=0 cluster6=0 cluster9=0 cluster10=0 cluster7=0
29 cluster8=1 cluster3=1 cluster2=0 cluster1=0 cluster6=0 cluster9=0 cluster10=0 cluster7=0
30 cluster8=1 cluster3=0 cluster2=0 cluster1=0 cluster6=0 cluster9=0 cluster10=0 cluster7=0
31 cluster8=0 cluster3=0 cluster2=0 cluster1=0 cluster6=1 cluster9=0 cluster10=0 cluster7=0
32 cluster8=0 cluster3=0 cluster2=1 cluster1=0 cluster6=0 cluster9=0 cluster10=0 cluster7=0
33 cluster8=0 cluster3=0 cluster2=0 cluster1=0 cluster6=0 cluster9=0 cluster10=1 cluster7=0
34 cluster8=0 cluster3=1 cluster2=0 cluster1=0 cluster6=0 cluster9=0 cluster10=0 cluster7=0
inputRegulatorOGs.size() = 1999 inputOGList.size() = 50
binkey=32 [Edge status: 0 0 0 0 0 1 0 0 ] P(G)=P(cluster8=0)[0.8] * P(cluster1=0|cluster2=0) * P(cluster9=1|cluster6=0) * P(cluster7=0|cluster10=0) * P(cluster10=0|cluster6=0) * P(cluster6=0|cluster2=0) * P(cluster2=0|cluster3=0) * P(cluster3=0|cluster8=0)[0.0524288]=0.041943
binkey=8 [Edge status: 0 0 0 1 0 0 0 0 ] P(G)=P(cluster8=0)[0.8] * P(cluster1=1|cluster2=0) * P(cluster9=0|cluster6=0) * P(cluster7=0|cluster10=0) * P(cluster10=0|cluster6=0) * P(cluster6=0|cluster2=0) * P(cluster2=0|cluster3=0) * P(cluster3=0|cluster8=0)[0.0524288]=0.041943
binkey=16 [Edge status: 0 0 0 0 1 0 0 0 ] P(G)=P(cluster8=0)[0.8] * P(cluster1=0|cluster2=0) * P(cluster9=0|cluster6=1) * P(cluster7=0|cluster10=0) * P(cluster10=0|cluster6=1) * P(cluster6=1|cluster2=0) * P(cluster2=0|cluster3=0) * P(cluster3=0|cluster8=0)[0.0032768]=0.00262144
binkey=128 [Edge status: 0 0 0 0 0 0 0 1 ] P(G)=P(cluster8=0)[0.8] * P(cluster1=0|cluster2=0) * P(cluster9=0|cluster6=0) * P(cluster7=1|cluster10=0) * P(cluster10=0|cluster6=0) * P(cluster6=0|cluster2=0) * P(cluster2=0|cluster3=0) * P(cluster3=0|cluster8=0)[0.0524288]=0.041943
binkey=136 [Edge status: 0 0 0 1 0 0 0 1 ] P(G)=P(cluster8=0)[0.8] * P(cluster1=1|cluster2=0) * P(cluster9=0|cluster6=0) * P(cluster7=1|cluster10=0) * P(cluster10=0|cluster6=0) * P(cluster6=0|cluster2=0) * P(cluster2=0|cluster3=0) * P(cluster3=0|cluster8=0)[0.0131072]=0.0104858
binkey=64 [Edge status: 0 0 0 0 0 0 1 0 ] P(G)=P(cluster8=0)[0.8] * P(cluster1=0|cluster2=0) * P(cluster9=0|cluster6=0) * P(cluster7=0|cluster10=1) * P(cluster10=1|cluster6=0) * P(cluster6=0|cluster2=0) * P(cluster2=0|cluster3=0) * P(cluster3=0|cluster8=0)[0.0131072]=0.0104858
binkey=4 [Edge status: 0 0 1 0 0 0 0 0 ] P(G)=P(cluster8=0)[0.8] * P(cluster1=0|cluster2=1) * P(cluster9=0|cluster6=0) * P(cluster7=0|cluster10=0) * P(cluster10=0|cluster6=0) * P(cluster6=0|cluster2=1) * P(cluster2=1|cluster3=0) * P(cluster3=0|cluster8=0)[0.0032768]=0.00262144
binkey=1 [Edge status: 1 0 0 0 0 0 0 0 ] P(G)=P(cluster8=1)[0.2] * P(cluster1=0|cluster2=0) * P(cluster9=0|cluster6=0) * P(cluster7=0|cluster10=0) * P(cluster10=0|cluster6=0) * P(cluster6=0|cluster2=0) * P(cluster2=0|cluster3=0) * P(cluster3=0|cluster8=1)[0.0524288]=0.0104858
binkey=2 [Edge status: 0 1 0 0 0 0 0 0 ] P(G)=P(cluster8=0)[0.8] * P(cluster1=0|cluster2=0) * P(cluster9=0|cluster6=0) * P(cluster7=0|cluster10=0) * P(cluster10=0|cluster6=0) * P(cluster6=0|cluster2=0) * P(cluster2=0|cluster3=1) * P(cluster3=1|cluster8=0)[0.0131072]=0.0104858
binkey=192 [Edge status: 0 0 0 0 0 0 1 1 ] P(G)=P(cluster8=0)[0.8] * P(cluster1=0|cluster2=0) * P(cluster9=0|cluster6=0) * P(cluster7=1|cluster10=1) * P(cluster10=1|cluster6=0) * P(cluster6=0|cluster2=0) * P(cluster2=0|cluster3=0) * P(cluster3=0|cluster8=0)[0.0524288]=0.041943
binkey=160 [Edge status: 0 0 0 0 0 1 0 1 ] P(G)=P(cluster8=0)[0.8] * P(cluster1=0|cluster2=0) * P(cluster9=1|cluster6=0) * P(cluster7=1|cluster10=0) * P(cluster10=0|cluster6=0) * P(cluster6=0|cluster2=0) * P(cluster2=0|cluster3=0) * P(cluster3=0|cluster8=0)[0.0131072]=0.0104858
binkey=40 [Edge status: 0 0 0 1 0 1 0 0 ] P(G)=P(cluster8=0)[0.8] * P(cluster1=1|cluster2=0) * P(cluster9=1|cluster6=0) * P(cluster7=0|cluster10=0) * P(cluster10=0|cluster6=0) * P(cluster6=0|cluster2=0) * P(cluster2=0|cluster3=0) * P(cluster3=0|cluster8=0)[0.0131072]=0.0104858
binkey=168 [Edge status: 0 0 0 1 0 1 0 1 ] P(G)=P(cluster8=0)[0.8] * P(cluster1=1|cluster2=0) * P(cluster9=1|cluster6=0) * P(cluster7=1|cluster10=0) * P(cluster10=0|cluster6=0) * P(cluster6=0|cluster2=0) * P(cluster2=0|cluster3=0) * P(cluster3=0|cluster8=0)[0.0032768]=0.00262144
binkey=63 [Edge status: 1 1 1 1 1 1 0 0 ] P(G)=P(cluster8=1)[0.2] * P(cluster1=1|cluster2=1) * P(cluster9=1|cluster6=1) * P(cluster7=0|cluster10=0) * P(cluster10=0|cluster6=1) * P(cluster6=1|cluster2=1) * P(cluster2=1|cluster3=1) * P(cluster3=1|cluster8=1)[0.0524288]=0.0104858
binkey=31 [Edge status: 1 1 1 1 1 0 0 0 ] P(G)=P(cluster8=1)[0.2] * P(cluster1=1|cluster2=1) * P(cluster9=0|cluster6=1) * P(cluster7=0|cluster10=0) * P(cluster10=0|cluster6=1) * P(cluster6=1|cluster2=1) * P(cluster2=1|cluster3=1) * P(cluster3=1|cluster8=1)[0.0131072]=0.00262144
binkey=55 [Edge status: 1 1 1 0 1 1 0 0 ] P(G)=P(cluster8=1)[0.2] * P(cluster1=0|cluster2=1) * P(cluster9=1|cluster6=1) * P(cluster7=0|cluster10=0) * P(cluster10=0|cluster6=1) * P(cluster6=1|cluster2=1) * P(cluster2=1|cluster3=1) * P(cluster3=1|cluster8=1)[0.0131072]=0.00262144
binkey=23 [Edge status: 1 1 1 0 1 0 0 0 ] P(G)=P(cluster8=1)[0.2] * P(cluster1=0|cluster2=1) * P(cluster9=0|cluster6=1) * P(cluster7=0|cluster10=0) * P(cluster10=0|cluster6=1) * P(cluster6=1|cluster2=1) * P(cluster2=1|cluster3=1) * P(cluster3=1|cluster8=1)[0.0032768]=0.00065536
binkey=15 [Edge status: 1 1 1 1 0 0 0 0 ] P(G)=P(cluster8=1)[0.2] * P(cluster1=1|cluster2=1) * P(cluster9=0|cluster6=0) * P(cluster7=0|cluster10=0) * P(cluster10=0|cluster6=0) * P(cluster6=0|cluster2=1) * P(cluster2=1|cluster3=1) * P(cluster3=1|cluster8=1)[0.0524288]=0.0104858
binkey=7 [Edge status: 1 1 1 0 0 0 0 0 ] P(G)=P(cluster8=1)[0.2] * P(cluster1=0|cluster2=1) * P(cluster9=0|cluster6=0) * P(cluster7=0|cluster10=0) * P(cluster10=0|cluster6=0) * P(cluster6=0|cluster2=1) * P(cluster2=1|cluster3=1) * P(cluster3=1|cluster8=1)[0.0131072]=0.00262144
binkey=3 [Edge status: 1 1 0 0 0 0 0 0 ] P(G)=P(cluster8=1)[0.2] * P(cluster1=0|cluster2=0) * P(cluster9=0|cluster6=0) * P(cluster7=0|cluster10=0) * P(cluster10=0|cluster6=0) * P(cluster6=0|cluster2=0) * P(cluster2=0|cluster3=1) * P(cluster3=1|cluster8=1)[0.0524288]=0.0104858
binkey=127 [Edge status: 1 1 1 1 1 1 1 0 ] P(G)=P(cluster8=1)[0.2] * P(cluster1=1|cluster2=1) * P(cluster9=1|cluster6=1) * P(cluster7=0|cluster10=1) * P(cluster10=1|cluster6=1) * P(cluster6=1|cluster2=1) * P(cluster2=1|cluster3=1) * P(cluster3=1|cluster8=1)[0.0524288]=0.0104858
binkey=95 [Edge status: 1 1 1 1 1 0 1 0 ] P(G)=P(cluster8=1)[0.2] * P(cluster1=1|cluster2=1) * P(cluster9=0|cluster6=1) * P(cluster7=0|cluster10=1) * P(cluster10=1|cluster6=1) * P(cluster6=1|cluster2=1) * P(cluster2=1|cluster3=1) * P(cluster3=1|cluster8=1)[0.0131072]=0.00262144
binkey=119 [Edge status: 1 1 1 0 1 1 1 0 ] P(G)=P(cluster8=1)[0.2] * P(cluster1=0|cluster2=1) * P(cluster9=1|cluster6=1) * P(cluster7=0|cluster10=1) * P(cluster10=1|cluster6=1) * P(cluster6=1|cluster2=1) * P(cluster2=1|cluster3=1) * P(cluster3=1|cluster8=1)[0.0131072]=0.00262144
binkey=87 [Edge status: 1 1 1 0 1 0 1 0 ] P(G)=P(cluster8=1)[0.2] * P(cluster1=0|cluster2=1) * P(cluster9=0|cluster6=1) * P(cluster7=0|cluster10=1) * P(cluster10=1|cluster6=1) * P(cluster6=1|cluster2=1) * P(cluster2=1|cluster3=1) * P(cluster3=1|cluster8=1)[0.0032768]=0.00065536
binkey=224 [Edge status: 0 0 0 0 0 1 1 1 ] P(G)=P(cluster8=0)[0.8] * P(cluster1=0|cluster2=0) * P(cluster9=1|cluster6=0) * P(cluster7=1|cluster10=1) * P(cluster10=1|cluster6=0) * P(cluster6=0|cluster2=0) * P(cluster2=0|cluster3=0) * P(cluster3=0|cluster8=0)[0.0131072]=0.0104858
binkey=200 [Edge status: 0 0 0 1 0 0 1 1 ] P(G)=P(cluster8=0)[0.8] * P(cluster1=1|cluster2=0) * P(cluster9=0|cluster6=0) * P(cluster7=1|cluster10=1) * P(cluster10=1|cluster6=0) * P(cluster6=0|cluster2=0) * P(cluster2=0|cluster3=0) * P(cluster3=0|cluster8=0)[0.0131072]=0.0104858
binkey=232 [Edge status: 0 0 0 1 0 1 1 1 ] P(G)=P(cluster8=0)[0.8] * P(cluster1=1|cluster2=0) * P(cluster9=1|cluster6=0) * P(cluster7=1|cluster10=1) * P(cluster10=1|cluster6=0) * P(cluster6=0|cluster2=0) * P(cluster2=0|cluster3=0) * P(cluster3=0|cluster8=0)[0.0032768]=0.00262144
binkey=240 [Edge status: 0 0 0 0 1 1 1 1 ] P(G)=P(cluster8=0)[0.8] * P(cluster1=0|cluster2=0) * P(cluster9=1|cluster6=1) * P(cluster7=1|cluster10=1) * P(cluster10=1|cluster6=1) * P(cluster6=1|cluster2=0) * P(cluster2=0|cluster3=0) * P(cluster3=0|cluster8=0)[0.0524288]=0.041943
binkey=248 [Edge status: 0 0 0 1 1 1 1 1 ] P(G)=P(cluster8=0)[0.8] * P(cluster1=1|cluster2=0) * P(cluster9=1|cluster6=1) * P(cluster7=1|cluster10=1) * P(cluster10=1|cluster6=1) * P(cluster6=1|cluster2=0) * P(cluster2=0|cluster3=0) * P(cluster3=0|cluster8=0)[0.0131072]=0.0104858
binkey=252 [Edge status: 0 0 1 1 1 1 1 1 ] P(G)=P(cluster8=0)[0.8] * P(cluster1=1|cluster2=1) * P(cluster9=1|cluster6=1) * P(cluster7=1|cluster10=1) * P(cluster10=1|cluster6=1) * P(cluster6=1|cluster2=1) * P(cluster2=1|cluster3=0) * P(cluster3=0|cluster8=0)[0.0524288]=0.041943
binkey=254 [Edge status: 0 1 1 1 1 1 1 1 ] P(G)=P(cluster8=0)[0.8] * P(cluster1=1|cluster2=1) * P(cluster9=1|cluster6=1) * P(cluster7=1|cluster10=1) * P(cluster10=1|cluster6=1) * P(cluster6=1|cluster2=1) * P(cluster2=1|cluster3=1) * P(cluster3=1|cluster8=0)[0.0524288]=0.041943
binkey=255 [Edge status: 1 1 1 1 1 1 1 1 ] P(G)=P(cluster8=1)[0.2] * P(cluster1=1|cluster2=1) * P(cluster9=1|cluster6=1) * P(cluster7=1|cluster10=1) * P(cluster10=1|cluster6=1) * P(cluster6=1|cluster2=1) * P(cluster2=1|cluster3=1) * P(cluster3=1|cluster8=1)[0.209715]=0.041943
binkey=223 [Edge status: 1 1 1 1 1 0 1 1 ] P(G)=P(cluster8=1)[0.2] * P(cluster1=1|cluster2=1) * P(cluster9=0|cluster6=1) * P(cluster7=1|cluster10=1) * P(cluster10=1|cluster6=1) * P(cluster6=1|cluster2=1) * P(cluster2=1|cluster3=1) * P(cluster3=1|cluster8=1)[0.0524288]=0.0104858
binkey=247 [Edge status: 1 1 1 0 1 1 1 1 ] P(G)=P(cluster8=1)[0.2] * P(cluster1=0|cluster2=1) * P(cluster9=1|cluster6=1) * P(cluster7=1|cluster10=1) * P(cluster10=1|cluster6=1) * P(cluster6=1|cluster2=1) * P(cluster2=1|cluster3=1) * P(cluster3=1|cluster8=1)[0.0524288]=0.0104858
binkey=215 [Edge status: 1 1 1 0 1 0 1 1 ] P(G)=P(cluster8=1)[0.2] * P(cluster1=0|cluster2=1) * P(cluster9=0|cluster6=1) * P(cluster7=1|cluster10=1) * P(cluster10=1|cluster6=1) * P(cluster6=1|cluster2=1) * P(cluster2=1|cluster3=1) * P(cluster3=1|cluster8=1)[0.0131072]=0.00262144
ITERATION 0 newScore=-2.66153e+06 diffscore=17570.1 priorChange=-99.8132 successMove=58
ITERATION 1 newScore=-2.65184e+06 diffscore=9687.4 priorChange=-115.062 successMove=58
ITERATION 2 newScore=-2.64249e+06 diffscore=9349.18 priorChange=-108.131 successMove=51
ITERATION 3 newScore=-2.63813e+06 diffscore=4361.16 priorChange=-113.676 successMove=51
ITERATION 4 newScore=-2.63654e+06 diffscore=1592.23 priorChange=-113.676 successMove=52
ITERATION 5 newScore=-2.62856e+06 diffscore=7977.91 priorChange=-110.904 successMove=55
ITERATION 6 newScore=-2.62571e+06 diffscore=2852.19 priorChange=-106.745 successMove=50
ITERATION 7 newScore=-2.62132e+06 diffscore=4394.51 priorChange=-116.449 successMove=50
ITERATION 8 newScore=-2.61871e+06 diffscore=2605.83 priorChange=-113.676 successMove=50
ITERATION 9 newScore=-2.61464e+06 diffscore=4071.56 priorChange=-113.676 successMove=52
ITERATION 10 newScore=-2.60857e+06 diffscore=6067.06 priorChange=-113.676 successMove=54
ITERATION 11 newScore=-2.60653e+06 diffscore=2040.04 priorChange=-127.539 successMove=51
ITERATION 12 newScore=-2.60465e+06 diffscore=1881.26 priorChange=-116.449 successMove=51
ITERATION 13 newScore=-2.60111e+06 diffscore=3545.22 priorChange=-113.676 successMove=51
ITERATION 14 newScore=-2.59912e+06 diffscore=1981.61 priorChange=-108.131 successMove=51
ITERATION 15 newScore=-2.59681e+06 diffscore=2316.73 priorChange=-123.38 successMove=50
ITERATION 16 newScore=-2.5935e+06 diffscore=3308.91 priorChange=-116.449 successMove=50
ITERATION 17 newScore=-2.59243e+06 diffscore=1067.62 priorChange=-106.745 successMove=51
ITERATION 18 newScore=-2.5888e+06 diffscore=3629.42 priorChange=-121.994 successMove=50
ITERATION 19 newScore=-2.5855e+06 diffscore=3300.02 priorChange=-109.517 successMove=51
ITERATION 20 newScore=-2.5841e+06 diffscore=1402.6 priorChange=-102.586 successMove=51
ITERATION 21 newScore=-2.58054e+06 diffscore=3555.37 priorChange=-113.676 successMove=53
ITERATION 22 newScore=-2.57799e+06 diffscore=2551.33 priorChange=-115.062 successMove=53
ITERATION 23 newScore=-2.5764e+06 diffscore=1594.35 priorChange=-106.745 successMove=50
ITERATION 24 newScore=-2.57448e+06 diffscore=1913.39 priorChange=-91.4954 successMove=52
ITERATION 25 newScore=-2.57393e+06 diffscore=554.915 priorChange=-121.994 successMove=52
ITERATION 26 newScore=-2.57215e+06 diffscore=1781.13 priorChange=-112.29 successMove=50
ITERATION 27 newScore=-2.57152e+06 diffscore=627.338 priorChange=-116.449 successMove=53
ITERATION 28 newScore=-2.56786e+06 diffscore=3656.01 priorChange=-106.745 successMove=51
ITERATION 29 newScore=-2.56736e+06 diffscore=502.342 priorChange=-115.062 successMove=50
ITERATION 30 newScore=-2.56411e+06 diffscore=3250.18 priorChange=-116.449 successMove=51
ITERATION 31 newScore=-2.56283e+06 diffscore=1285.48 priorChange=-123.38 successMove=50
ITERATION 32 newScore=-2.56007e+06 diffscore=2751.63 priorChange=-115.062 successMove=49
ITERATION 33 newScore=-2.55707e+06 diffscore=3009.25 priorChange=-108.131 successMove=50
ITERATION 34 newScore=-2.5566e+06 diffscore=461.615 priorChange=-105.358 successMove=51
ITERATION 35 newScore=-2.55305e+06 diffscore=3554.6 priorChange=-83.1777 successMove=50
ITERATION 36 newScore=-2.55262e+06 diffscore=431.774 priorChange=-123.38 successMove=48
ITERATION 37 newScore=-2.55155e+06 diffscore=1071.79 priorChange=-106.745 successMove=47
ITERATION 38 newScore=-2.54958e+06 diffscore=1962.48 priorChange=-102.586 successMove=48
ITERATION 39 newScore=-2.5478e+06 diffscore=1783.35 priorChange=-117.835 successMove=48
ITERATION 40 newScore=-2.54669e+06 diffscore=1106.42 priorChange=-101.199 successMove=45
ITERATION 41 newScore=-2.54494e+06 diffscore=1750.67 priorChange=-94.268 successMove=48
ITERATION 42 newScore=-2.54346e+06 diffscore=1483.67 priorChange=-103.972 successMove=45
ITERATION 43 newScore=-2.54308e+06 diffscore=381.934 priorChange=-94.268 successMove=44
ITERATION 44 newScore=-2.54276e+06 diffscore=319.067 priorChange=-101.199 successMove=43
ITERATION 45 newScore=-2.54047e+06 diffscore=2291.3 priorChange=-91.4954 successMove=45
ITERATION 46 newScore=-2.53958e+06 diffscore=885.166 priorChange=-97.0406 successMove=44
ITERATION 47 newScore=-2.53609e+06 diffscore=3488.33 priorChange=-90.1091 successMove=43
ITERATION 48 newScore=-2.53586e+06 diffscore=234.179 priorChange=-110.904 successMove=43
ITERATION 49 newScore=-2.53437e+06 diffscore=1489.43 priorChange=-101.199 successMove=42
ITERATION 50 newScore=-2.53291e+06 diffscore=1460.52 priorChange=-92.8817 successMove=41
ITERATION 51 newScore=-2.53254e+06 diffscore=371.567 priorChange=-91.4954 successMove=40
ITERATION 52 newScore=-2.53075e+06 diffscore=1789.91 priorChange=-88.7228 successMove=43
ITERATION 53 newScore=-2.52993e+06 diffscore=817.597 priorChange=-92.8817 successMove=38
ITERATION 54 newScore=-2.52876e+06 diffscore=1173.46 priorChange=-73.4736 successMove=37
ITERATION 55 newScore=-2.52776e+06 diffscore=999.296 priorChange=-92.8817 successMove=37
ITERATION 56 newScore=-2.52607e+06 diffscore=1689.99 priorChange=-84.564 successMove=36
ITERATION 57 newScore=-2.52575e+06 diffscore=313.754 priorChange=-77.6325 successMove=36
ITERATION 58 newScore=-2.52541e+06 diffscore=340.309 priorChange=-87.3365 successMove=36
ITERATION 59 newScore=-2.52274e+06 diffscore=2677.17 priorChange=-77.6325 successMove=35
ITERATION 60 newScore=-2.5214e+06 diffscore=1331.59 priorChange=-76.2462 successMove=34
ITERATION 61 newScore=-2.52127e+06 diffscore=134.576 priorChange=-72.0873 successMove=35
ITERATION 62 newScore=-2.52113e+06 diffscore=144.132 priorChange=-79.0188 successMove=33
ITERATION 63 newScore=-2.52098e+06 diffscore=143.571 priorChange=-65.1558 successMove=32
ITERATION 64 newScore=-2.52082e+06 diffscore=164.415 priorChange=-76.2462 successMove=30
ITERATION 65 newScore=-2.52066e+06 diffscore=160.768 priorChange=-69.3147 successMove=30
ITERATION 66 newScore=-2.51819e+06 diffscore=2468.98 priorChange=-63.7695 successMove=28
ITERATION 67 newScore=-2.51807e+06 diffscore=120.328 priorChange=-63.7695 successMove=28
ITERATION 68 newScore=-2.51795e+06 diffscore=120.601 priorChange=-59.6107 successMove=26
ITERATION 69 newScore=-2.51778e+06 diffscore=162.447 priorChange=-47.134 successMove=27
ITERATION 70 newScore=-2.5176e+06 diffscore=183.918 priorChange=-58.2244 successMove=25
ITERATION 71 newScore=-2.51744e+06 diffscore=165.371 priorChange=-60.997 successMove=25
ITERATION 72 newScore=-2.51621e+06 diffscore=1222.9 priorChange=-56.8381 successMove=25
ITERATION 73 newScore=-2.51613e+06 diffscore=79.162 priorChange=-41.5888 successMove=24
ITERATION 74 newScore=-2.51605e+06 diffscore=82.8813 priorChange=-47.134 successMove=23
ITERATION 75 newScore=-2.51597e+06 diffscore=81.0937 priorChange=-38.8162 successMove=23
ITERATION 76 newScore=-2.51589e+06 diffscore=76.2887 priorChange=-36.0437 successMove=24
ITERATION 77 newScore=-2.51582e+06 diffscore=73.7272 priorChange=-41.5888 successMove=22
ITERATION 78 newScore=-2.51573e+06 diffscore=85.7811 priorChange=-41.5888 successMove=21
ITERATION 79 newScore=-2.51565e+06 diffscore=82.2895 priorChange=-38.8162 successMove=20
ITERATION 80 newScore=-2.5155e+06 diffscore=155.215 priorChange=-34.6574 successMove=21
ITERATION 81 newScore=-2.51469e+06 diffscore=804.989 priorChange=-18.0218 successMove=18
ITERATION 82 newScore=-2.51463e+06 diffscore=64.8683 priorChange=-34.6574 successMove=16
ITERATION 83 newScore=-2.51456e+06 diffscore=62.7054 priorChange=-34.6574 successMove=16
ITERATION 84 newScore=-2.5145e+06 diffscore=61.6568 priorChange=-34.6574 successMove=15
ITERATION 85 newScore=-2.51443e+06 diffscore=67.1824 priorChange=-30.4985 successMove=13
ITERATION 86 newScore=-2.51437e+06 diffscore=69.2523 priorChange=-27.7259 successMove=13
ITERATION 87 newScore=-2.51423e+06 diffscore=132.276 priorChange=-23.567 successMove=12
ITERATION 88 newScore=-2.51415e+06 diffscore=84.0049 priorChange=-27.7259 successMove=11
ITERATION 89 newScore=-2.51409e+06 diffscore=61.4123 priorChange=-12.4766 successMove=11
ITERATION 90 newScore=-2.51401e+06 diffscore=77.363 priorChange=-18.0218 successMove=10
ITERATION 91 newScore=-2.51391e+06 diffscore=100.673 priorChange=-18.0218 successMove=9
ITERATION 92 newScore=-2.51383e+06 diffscore=82.181 priorChange=-24.9533 successMove=10
ITERATION 93 newScore=-2.51373e+06 diffscore=101.047 priorChange=-19.4081 successMove=9
ITERATION 94 newScore=-2.51259e+06 diffscore=1134.66 priorChange=-15.2492 successMove=9
ITERATION 95 newScore=-2.51256e+06 diffscore=32.6746 priorChange=-20.7944 successMove=9
ITERATION 96 newScore=-2.51253e+06 diffscore=27.0961 priorChange=-19.4081 successMove=8
ITERATION 97 newScore=-2.51249e+06 diffscore=46.4655 priorChange=-18.0218 successMove=8
ITERATION 98 newScore=-2.51246e+06 diffscore=26.3518 priorChange=-16.6355 successMove=8
ITERATION 99 newScore=-2.51243e+06 diffscore=29.7948 priorChange=-18.0218 successMove=7
MetaLearner::dumpAllGraphs
Final Score -2.51243e+06
MetaLearner::start runtime: 2280522069 ms
Results/
Results/cluster3/
Results/cluster3/fold0/
Results/cluster3/fold0/modelparams.txt
Results/cluster3/fold0/var_mb_pw_k50.txt
Results/cluster10/
Results/cluster10/fold0/
Results/cluster10/fold0/modelparams.txt
Results/cluster10/fold0/var_mb_pw_k50.txt
Results/cluster8/
Results/cluster8/scoreFile.txt
Results/cluster8/fold0/
Results/cluster8/fold0/modelparams.txt
Results/cluster8/fold0/var_mb_pw_k50.txt
Results/cluster7/
Results/cluster7/fold0/
Results/cluster7/fold0/modelparams.txt
Results/cluster7/fold0/var_mb_pw_k50.txt
Results/cluster9/
Results/cluster9/fold0/
Results/cluster9/fold0/modelparams.txt
Results/cluster9/fold0/var_mb_pw_k50.txt
Results/cluster1/
Results/cluster1/fold0/
Results/cluster1/fold0/modelparams.txt
Results/cluster1/fold0/var_mb_pw_k50.txt
Results/cluster6/
Results/cluster6/fold0/
Results/cluster6/fold0/modelparams.txt
Results/cluster6/fold0/var_mb_pw_k50.txt
Results/cluster2/
Results/cluster2/fold0/
Results/cluster2/fold0/modelparams.txt
Results/cluster2/fold0/var_mb_pw_k50.txt
