./CVN -f config_condor.txt -x50 -v1 -l TFs_OGs.txt -n AllGenes129.txt -d celltype_tree_ancestor.txt -m testdata_ogids.txt -s celltype_order.txt -p 0.2 -c yes -b -4 -q 4
(cluster3|cluster8) p_maintain_edge=0.8 p_gain=0.2
(cluster2|cluster3) p_maintain_edge=0.8 p_gain=0.2
(cluster1|cluster2) p_maintain_edge=0.8 p_gain=0.2
(cluster6|cluster2) p_maintain_edge=0.8 p_gain=0.2
(cluster9|cluster6) p_maintain_edge=0.8 p_gain=0.2
(cluster10|cluster6) p_maintain_edge=0.8 p_gain=0.2
(cluster7|cluster10) p_maintain_edge=0.8 p_gain=0.2
speciesSet.size()=8 Root is cluster8
MappedOrthogroupReader::readSpeciesMapping() --- celltype_order.txt
MappedOrthogroupReader::readFile - testdata_ogids.txt
MappedOrthogroupReader::generateGeneOrthoMap()
MetaLearner::init_onefold() read:config_condor.txt
MetaLearner::setinputVariableNames number of variables: 2040
readEvidenceTable:cluster8.table
PotentialManager::loadEvidenceFromTable varCount=2040 sampleCount=348
motifNetwork.size() = 319
0=cluster8 motifNetwork=cluster8_network.txt
variable size=2040
readEvidenceTable:cluster3.table
PotentialManager::loadEvidenceFromTable varCount=2040 sampleCount=95
motifNetwork.size() = 326
1=cluster3 motifNetwork=cluster3_network.txt
variable size=2040
readEvidenceTable:cluster2.table
PotentialManager::loadEvidenceFromTable varCount=2040 sampleCount=386
motifNetwork.size() = 328
2=cluster2 motifNetwork=cluster2_network.txt
variable size=2040
readEvidenceTable:cluster1.table
PotentialManager::loadEvidenceFromTable varCount=2040 sampleCount=36
motifNetwork.size() = 322
3=cluster1 motifNetwork=cluster1_network.txt
variable size=2040
readEvidenceTable:cluster6.table
PotentialManager::loadEvidenceFromTable varCount=2040 sampleCount=524
motifNetwork.size() = 320
4=cluster6 motifNetwork=cluster6_network.txt
variable size=2040
readEvidenceTable:cluster9.table
PotentialManager::loadEvidenceFromTable varCount=2040 sampleCount=184
motifNetwork.size() = 327
5=cluster9 motifNetwork=cluster9_network.txt
variable size=2040
readEvidenceTable:cluster10.table
PotentialManager::loadEvidenceFromTable varCount=2040 sampleCount=165
motifNetwork.size() = 326
6=cluster10 motifNetwork=cluster10_network.txt
variable size=2040
readEvidenceTable:cluster7.table
PotentialManager::loadEvidenceFromTable varCount=2040 sampleCount=1032
motifNetwork.size() = 320
7=cluster7 motifNetwork=cluster7_network.txt
variable size=2040
-------------------------------------------------------------
MetaLearner::start
precomputeEmptyGraphPrior
binkey=0 [Edge status: 0 0 0 0 0 0 0 0 ] P(G)=P(cluster8=0)[0.8] * P(cluster1=0|cluster2=0) * P(cluster9=0|cluster6=0) * P(cluster7=0|cluster10=0) * P(cluster10=0|cluster6=0) * P(cluster6=0|cluster2=0) * P(cluster2=0|cluster3=0) * P(cluster3=0|cluster8=0)[0.209715]=0.167772
condsetMap_Tree
0 cluster8=0 cluster3=0 cluster2=0 cluster1=0 cluster6=0 cluster9=0 cluster10=0 cluster7=1
1 cluster8=0 cluster3=0 cluster2=0 cluster1=0 cluster6=0 cluster9=1 cluster10=0 cluster7=0
2 cluster8=0 cluster3=0 cluster2=0 cluster1=0 cluster6=0 cluster9=1 cluster10=0 cluster7=1
3 cluster8=0 cluster3=0 cluster2=0 cluster1=1 cluster6=0 cluster9=0 cluster10=0 cluster7=0
4 cluster8=0 cluster3=0 cluster2=0 cluster1=1 cluster6=0 cluster9=0 cluster10=0 cluster7=1
5 cluster8=0 cluster3=0 cluster2=0 cluster1=1 cluster6=0 cluster9=1 cluster10=0 cluster7=0
6 cluster8=0 cluster3=0 cluster2=0 cluster1=1 cluster6=0 cluster9=1 cluster10=0 cluster7=1
7 cluster8=0 cluster3=0 cluster2=0 cluster1=0 cluster6=0 cluster9=0 cluster10=1 cluster7=1
8 cluster8=0 cluster3=0 cluster2=0 cluster1=0 cluster6=0 cluster9=1 cluster10=1 cluster7=1
9 cluster8=0 cluster3=0 cluster2=0 cluster1=1 cluster6=0 cluster9=0 cluster10=1 cluster7=1
10 cluster8=0 cluster3=0 cluster2=0 cluster1=1 cluster6=0 cluster9=1 cluster10=1 cluster7=1
11 cluster8=0 cluster3=0 cluster2=0 cluster1=0 cluster6=1 cluster9=1 cluster10=1 cluster7=1
12 cluster8=0 cluster3=0 cluster2=0 cluster1=1 cluster6=1 cluster9=1 cluster10=1 cluster7=1
13 cluster8=0 cluster3=0 cluster2=1 cluster1=1 cluster6=1 cluster9=1 cluster10=1 cluster7=1
14 cluster8=0 cluster3=1 cluster2=1 cluster1=1 cluster6=1 cluster9=1 cluster10=1 cluster7=1
15 cluster8=1 cluster3=1 cluster2=1 cluster1=1 cluster6=1 cluster9=1 cluster10=1 cluster7=1
16 cluster8=1 cluster3=1 cluster2=1 cluster1=1 cluster6=1 cluster9=1 cluster10=1 cluster7=0
17 cluster8=1 cluster3=1 cluster2=1 cluster1=1 cluster6=1 cluster9=0 cluster10=1 cluster7=1
18 cluster8=1 cluster3=1 cluster2=1 cluster1=1 cluster6=1 cluster9=0 cluster10=1 cluster7=0
19 cluster8=1 cluster3=1 cluster2=1 cluster1=0 cluster6=1 cluster9=1 cluster10=1 cluster7=1
20 cluster8=1 cluster3=1 cluster2=1 cluster1=0 cluster6=1 cluster9=1 cluster10=1 cluster7=0
21 cluster8=1 cluster3=1 cluster2=1 cluster1=0 cluster6=1 cluster9=0 cluster10=1 cluster7=1
22 cluster8=1 cluster3=1 cluster2=1 cluster1=0 cluster6=1 cluster9=0 cluster10=1 cluster7=0
23 cluster8=1 cluster3=1 cluster2=1 cluster1=1 cluster6=1 cluster9=1 cluster10=0 cluster7=0
24 cluster8=1 cluster3=1 cluster2=1 cluster1=1 cluster6=1 cluster9=0 cluster10=0 cluster7=0
25 cluster8=1 cluster3=1 cluster2=1 cluster1=0 cluster6=1 cluster9=1 cluster10=0 cluster7=0
26 cluster8=1 cluster3=1 cluster2=1 cluster1=0 cluster6=1 cluster9=0 cluster10=0 cluster7=0
27 cluster8=1 cluster3=1 cluster2=1 cluster1=1 cluster6=0 cluster9=0 cluster10=0 cluster7=0
28 cluster8=1 cluster3=1 cluster2=1 cluster1=0 cluster6=0 cluster9=0 cluster10=0 cluster7=0
29 cluster8=1 cluster3=1 cluster2=0 cluster1=0 cluster6=0 cluster9=0 cluster10=0 cluster7=0
30 cluster8=1 cluster3=0 cluster2=0 cluster1=0 cluster6=0 cluster9=0 cluster10=0 cluster7=0
31 cluster8=0 cluster3=0 cluster2=0 cluster1=0 cluster6=1 cluster9=0 cluster10=0 cluster7=0
32 cluster8=0 cluster3=0 cluster2=1 cluster1=0 cluster6=0 cluster9=0 cluster10=0 cluster7=0
33 cluster8=0 cluster3=0 cluster2=0 cluster1=0 cluster6=0 cluster9=0 cluster10=1 cluster7=0
34 cluster8=0 cluster3=1 cluster2=0 cluster1=0 cluster6=0 cluster9=0 cluster10=0 cluster7=0
inputRegulatorOGs.size() = 1999 inputOGList.size() = 50
binkey=128 [Edge status: 0 0 0 0 0 0 0 1 ] P(G)=P(cluster8=0)[0.8] * P(cluster1=0|cluster2=0) * P(cluster9=0|cluster6=0) * P(cluster7=1|cluster10=0) * P(cluster10=0|cluster6=0) * P(cluster6=0|cluster2=0) * P(cluster2=0|cluster3=0) * P(cluster3=0|cluster8=0)[0.0524288]=0.041943
binkey=2 [Edge status: 0 1 0 0 0 0 0 0 ] P(G)=P(cluster8=0)[0.8] * P(cluster1=0|cluster2=0) * P(cluster9=0|cluster6=0) * P(cluster7=0|cluster10=0) * P(cluster10=0|cluster6=0) * P(cluster6=0|cluster2=0) * P(cluster2=0|cluster3=1) * P(cluster3=1|cluster8=0)[0.0131072]=0.0104858
binkey=32 [Edge status: 0 0 0 0 0 1 0 0 ] P(G)=P(cluster8=0)[0.8] * P(cluster1=0|cluster2=0) * P(cluster9=1|cluster6=0) * P(cluster7=0|cluster10=0) * P(cluster10=0|cluster6=0) * P(cluster6=0|cluster2=0) * P(cluster2=0|cluster3=0) * P(cluster3=0|cluster8=0)[0.0524288]=0.041943
binkey=4 [Edge status: 0 0 1 0 0 0 0 0 ] P(G)=P(cluster8=0)[0.8] * P(cluster1=0|cluster2=1) * P(cluster9=0|cluster6=0) * P(cluster7=0|cluster10=0) * P(cluster10=0|cluster6=0) * P(cluster6=0|cluster2=1) * P(cluster2=1|cluster3=0) * P(cluster3=0|cluster8=0)[0.0032768]=0.00262144
binkey=1 [Edge status: 1 0 0 0 0 0 0 0 ] P(G)=P(cluster8=1)[0.2] * P(cluster1=0|cluster2=0) * P(cluster9=0|cluster6=0) * P(cluster7=0|cluster10=0) * P(cluster10=0|cluster6=0) * P(cluster6=0|cluster2=0) * P(cluster2=0|cluster3=0) * P(cluster3=0|cluster8=1)[0.0524288]=0.0104858
binkey=16 [Edge status: 0 0 0 0 1 0 0 0 ] P(G)=P(cluster8=0)[0.8] * P(cluster1=0|cluster2=0) * P(cluster9=0|cluster6=1) * P(cluster7=0|cluster10=0) * P(cluster10=0|cluster6=1) * P(cluster6=1|cluster2=0) * P(cluster2=0|cluster3=0) * P(cluster3=0|cluster8=0)[0.0032768]=0.00262144
binkey=64 [Edge status: 0 0 0 0 0 0 1 0 ] P(G)=P(cluster8=0)[0.8] * P(cluster1=0|cluster2=0) * P(cluster9=0|cluster6=0) * P(cluster7=0|cluster10=1) * P(cluster10=1|cluster6=0) * P(cluster6=0|cluster2=0) * P(cluster2=0|cluster3=0) * P(cluster3=0|cluster8=0)[0.0131072]=0.0104858
binkey=192 [Edge status: 0 0 0 0 0 0 1 1 ] P(G)=P(cluster8=0)[0.8] * P(cluster1=0|cluster2=0) * P(cluster9=0|cluster6=0) * P(cluster7=1|cluster10=1) * P(cluster10=1|cluster6=0) * P(cluster6=0|cluster2=0) * P(cluster2=0|cluster3=0) * P(cluster3=0|cluster8=0)[0.0524288]=0.041943
binkey=3 [Edge status: 1 1 0 0 0 0 0 0 ] P(G)=P(cluster8=1)[0.2] * P(cluster1=0|cluster2=0) * P(cluster9=0|cluster6=0) * P(cluster7=0|cluster10=0) * P(cluster10=0|cluster6=0) * P(cluster6=0|cluster2=0) * P(cluster2=0|cluster3=1) * P(cluster3=1|cluster8=1)[0.0524288]=0.0104858
binkey=160 [Edge status: 0 0 0 0 0 1 0 1 ] P(G)=P(cluster8=0)[0.8] * P(cluster1=0|cluster2=0) * P(cluster9=1|cluster6=0) * P(cluster7=1|cluster10=0) * P(cluster10=0|cluster6=0) * P(cluster6=0|cluster2=0) * P(cluster2=0|cluster3=0) * P(cluster3=0|cluster8=0)[0.0131072]=0.0104858
binkey=8 [Edge status: 0 0 0 1 0 0 0 0 ] P(G)=P(cluster8=0)[0.8] * P(cluster1=1|cluster2=0) * P(cluster9=0|cluster6=0) * P(cluster7=0|cluster10=0) * P(cluster10=0|cluster6=0) * P(cluster6=0|cluster2=0) * P(cluster2=0|cluster3=0) * P(cluster3=0|cluster8=0)[0.0524288]=0.041943
binkey=224 [Edge status: 0 0 0 0 0 1 1 1 ] P(G)=P(cluster8=0)[0.8] * P(cluster1=0|cluster2=0) * P(cluster9=1|cluster6=0) * P(cluster7=1|cluster10=1) * P(cluster10=1|cluster6=0) * P(cluster6=0|cluster2=0) * P(cluster2=0|cluster3=0) * P(cluster3=0|cluster8=0)[0.0131072]=0.0104858
binkey=240 [Edge status: 0 0 0 0 1 1 1 1 ] P(G)=P(cluster8=0)[0.8] * P(cluster1=0|cluster2=0) * P(cluster9=1|cluster6=1) * P(cluster7=1|cluster10=1) * P(cluster10=1|cluster6=1) * P(cluster6=1|cluster2=0) * P(cluster2=0|cluster3=0) * P(cluster3=0|cluster8=0)[0.0524288]=0.041943
binkey=136 [Edge status: 0 0 0 1 0 0 0 1 ] P(G)=P(cluster8=0)[0.8] * P(cluster1=1|cluster2=0) * P(cluster9=0|cluster6=0) * P(cluster7=1|cluster10=0) * P(cluster10=0|cluster6=0) * P(cluster6=0|cluster2=0) * P(cluster2=0|cluster3=0) * P(cluster3=0|cluster8=0)[0.0131072]=0.0104858
binkey=40 [Edge status: 0 0 0 1 0 1 0 0 ] P(G)=P(cluster8=0)[0.8] * P(cluster1=1|cluster2=0) * P(cluster9=1|cluster6=0) * P(cluster7=0|cluster10=0) * P(cluster10=0|cluster6=0) * P(cluster6=0|cluster2=0) * P(cluster2=0|cluster3=0) * P(cluster3=0|cluster8=0)[0.0131072]=0.0104858
binkey=168 [Edge status: 0 0 0 1 0 1 0 1 ] P(G)=P(cluster8=0)[0.8] * P(cluster1=1|cluster2=0) * P(cluster9=1|cluster6=0) * P(cluster7=1|cluster10=0) * P(cluster10=0|cluster6=0) * P(cluster6=0|cluster2=0) * P(cluster2=0|cluster3=0) * P(cluster3=0|cluster8=0)[0.0032768]=0.00262144
binkey=7 [Edge status: 1 1 1 0 0 0 0 0 ] P(G)=P(cluster8=1)[0.2] * P(cluster1=0|cluster2=1) * P(cluster9=0|cluster6=0) * P(cluster7=0|cluster10=0) * P(cluster10=0|cluster6=0) * P(cluster6=0|cluster2=1) * P(cluster2=1|cluster3=1) * P(cluster3=1|cluster8=1)[0.0131072]=0.00262144
binkey=119 [Edge status: 1 1 1 0 1 1 1 0 ] P(G)=P(cluster8=1)[0.2] * P(cluster1=0|cluster2=1) * P(cluster9=1|cluster6=1) * P(cluster7=0|cluster10=1) * P(cluster10=1|cluster6=1) * P(cluster6=1|cluster2=1) * P(cluster2=1|cluster3=1) * P(cluster3=1|cluster8=1)[0.0131072]=0.00262144
binkey=87 [Edge status: 1 1 1 0 1 0 1 0 ] P(G)=P(cluster8=1)[0.2] * P(cluster1=0|cluster2=1) * P(cluster9=0|cluster6=1) * P(cluster7=0|cluster10=1) * P(cluster10=1|cluster6=1) * P(cluster6=1|cluster2=1) * P(cluster2=1|cluster3=1) * P(cluster3=1|cluster8=1)[0.0032768]=0.00065536
binkey=55 [Edge status: 1 1 1 0 1 1 0 0 ] P(G)=P(cluster8=1)[0.2] * P(cluster1=0|cluster2=1) * P(cluster9=1|cluster6=1) * P(cluster7=0|cluster10=0) * P(cluster10=0|cluster6=1) * P(cluster6=1|cluster2=1) * P(cluster2=1|cluster3=1) * P(cluster3=1|cluster8=1)[0.0131072]=0.00262144
binkey=23 [Edge status: 1 1 1 0 1 0 0 0 ] P(G)=P(cluster8=1)[0.2] * P(cluster1=0|cluster2=1) * P(cluster9=0|cluster6=1) * P(cluster7=0|cluster10=0) * P(cluster10=0|cluster6=1) * P(cluster6=1|cluster2=1) * P(cluster2=1|cluster3=1) * P(cluster3=1|cluster8=1)[0.0032768]=0.00065536
binkey=200 [Edge status: 0 0 0 1 0 0 1 1 ] P(G)=P(cluster8=0)[0.8] * P(cluster1=1|cluster2=0) * P(cluster9=0|cluster6=0) * P(cluster7=1|cluster10=1) * P(cluster10=1|cluster6=0) * P(cluster6=0|cluster2=0) * P(cluster2=0|cluster3=0) * P(cluster3=0|cluster8=0)[0.0131072]=0.0104858
binkey=232 [Edge status: 0 0 0 1 0 1 1 1 ] P(G)=P(cluster8=0)[0.8] * P(cluster1=1|cluster2=0) * P(cluster9=1|cluster6=0) * P(cluster7=1|cluster10=1) * P(cluster10=1|cluster6=0) * P(cluster6=0|cluster2=0) * P(cluster2=0|cluster3=0) * P(cluster3=0|cluster8=0)[0.0032768]=0.00262144
binkey=95 [Edge status: 1 1 1 1 1 0 1 0 ] P(G)=P(cluster8=1)[0.2] * P(cluster1=1|cluster2=1) * P(cluster9=0|cluster6=1) * P(cluster7=0|cluster10=1) * P(cluster10=1|cluster6=1) * P(cluster6=1|cluster2=1) * P(cluster2=1|cluster3=1) * P(cluster3=1|cluster8=1)[0.0131072]=0.00262144
binkey=31 [Edge status: 1 1 1 1 1 0 0 0 ] P(G)=P(cluster8=1)[0.2] * P(cluster1=1|cluster2=1) * P(cluster9=0|cluster6=1) * P(cluster7=0|cluster10=0) * P(cluster10=0|cluster6=1) * P(cluster6=1|cluster2=1) * P(cluster2=1|cluster3=1) * P(cluster3=1|cluster8=1)[0.0131072]=0.00262144
binkey=15 [Edge status: 1 1 1 1 0 0 0 0 ] P(G)=P(cluster8=1)[0.2] * P(cluster1=1|cluster2=1) * P(cluster9=0|cluster6=0) * P(cluster7=0|cluster10=0) * P(cluster10=0|cluster6=0) * P(cluster6=0|cluster2=1) * P(cluster2=1|cluster3=1) * P(cluster3=1|cluster8=1)[0.0524288]=0.0104858
binkey=223 [Edge status: 1 1 1 1 1 0 1 1 ] P(G)=P(cluster8=1)[0.2] * P(cluster1=1|cluster2=1) * P(cluster9=0|cluster6=1) * P(cluster7=1|cluster10=1) * P(cluster10=1|cluster6=1) * P(cluster6=1|cluster2=1) * P(cluster2=1|cluster3=1) * P(cluster3=1|cluster8=1)[0.0524288]=0.0104858
binkey=215 [Edge status: 1 1 1 0 1 0 1 1 ] P(G)=P(cluster8=1)[0.2] * P(cluster1=0|cluster2=1) * P(cluster9=0|cluster6=1) * P(cluster7=1|cluster10=1) * P(cluster10=1|cluster6=1) * P(cluster6=1|cluster2=1) * P(cluster2=1|cluster3=1) * P(cluster3=1|cluster8=1)[0.0131072]=0.00262144
ITERATION 0 newScore=-2.72809e+06 diffscore=14757.2 priorChange=-105.358 successMove=53
ITERATION 1 newScore=-2.71807e+06 diffscore=10016.1 priorChange=-115.062 successMove=51
ITERATION 2 newScore=-2.7114e+06 diffscore=6674.32 priorChange=-113.676 successMove=53
ITERATION 3 newScore=-2.70421e+06 diffscore=7184.22 priorChange=-131.698 successMove=52
ITERATION 4 newScore=-2.7022e+06 diffscore=2014.47 priorChange=-126.153 successMove=51
ITERATION 5 newScore=-2.69494e+06 diffscore=7260.04 priorChange=-110.904 successMove=53
ITERATION 6 newScore=-2.69081e+06 diffscore=4129.79 priorChange=-108.131 successMove=52
ITERATION 7 newScore=-2.68695e+06 diffscore=3860.5 priorChange=-112.29 successMove=50
ITERATION 8 newScore=-2.68408e+06 diffscore=2863.32 priorChange=-123.38 successMove=51
ITERATION 9 newScore=-2.67889e+06 diffscore=5196.5 priorChange=-110.904 successMove=51
ITERATION 10 newScore=-2.6734e+06 diffscore=5483.23 priorChange=-110.904 successMove=49
ITERATION 11 newScore=-2.67027e+06 diffscore=3132.03 priorChange=-110.904 successMove=52
ITERATION 12 newScore=-2.66824e+06 diffscore=2033.73 priorChange=-109.517 successMove=51
ITERATION 13 newScore=-2.66236e+06 diffscore=5874.01 priorChange=-112.29 successMove=52
ITERATION 14 newScore=-2.65968e+06 diffscore=2682.72 priorChange=-106.745 successMove=49
ITERATION 15 newScore=-2.65901e+06 diffscore=671.731 priorChange=-117.835 successMove=48
ITERATION 16 newScore=-2.65821e+06 diffscore=797.483 priorChange=-99.8132 successMove=50
ITERATION 17 newScore=-2.65491e+06 diffscore=3298.93 priorChange=-110.904 successMove=48
ITERATION 18 newScore=-2.65275e+06 diffscore=2163.82 priorChange=-103.972 successMove=49
ITERATION 19 newScore=-2.65192e+06 diffscore=830.457 priorChange=-113.676 successMove=48
ITERATION 20 newScore=-2.65032e+06 diffscore=1598.05 priorChange=-109.517 successMove=48
ITERATION 21 newScore=-2.64768e+06 diffscore=2644.73 priorChange=-109.517 successMove=47
ITERATION 22 newScore=-2.64549e+06 diffscore=2191.07 priorChange=-99.8132 successMove=48
ITERATION 23 newScore=-2.64277e+06 diffscore=2711.58 priorChange=-95.6543 successMove=48
ITERATION 24 newScore=-2.64224e+06 diffscore=531.966 priorChange=-105.358 successMove=51
ITERATION 25 newScore=-2.64098e+06 diffscore=1266.37 priorChange=-106.745 successMove=49
ITERATION 26 newScore=-2.63933e+06 diffscore=1640.95 priorChange=-98.4269 successMove=47
ITERATION 27 newScore=-2.63887e+06 diffscore=469.594 priorChange=-108.131 successMove=49
ITERATION 28 newScore=-2.63594e+06 diffscore=2927.65 priorChange=-101.199 successMove=46
ITERATION 29 newScore=-2.63263e+06 diffscore=3311.68 priorChange=-109.517 successMove=47
ITERATION 30 newScore=-2.63059e+06 diffscore=2032.66 priorChange=-108.131 successMove=45
ITERATION 31 newScore=-2.62878e+06 diffscore=1808.96 priorChange=-108.131 successMove=45
ITERATION 32 newScore=-2.6284e+06 diffscore=381.953 priorChange=-109.517 successMove=47
ITERATION 33 newScore=-2.62792e+06 diffscore=478.133 priorChange=-90.1091 successMove=45
ITERATION 34 newScore=-2.62722e+06 diffscore=699.982 priorChange=-103.972 successMove=45
ITERATION 35 newScore=-2.62499e+06 diffscore=2233.47 priorChange=-95.6543 successMove=46
ITERATION 36 newScore=-2.62263e+06 diffscore=2363.76 priorChange=-109.517 successMove=45
ITERATION 37 newScore=-2.62225e+06 diffscore=378.034 priorChange=-101.199 successMove=47
ITERATION 38 newScore=-2.62062e+06 diffscore=1630.61 priorChange=-101.199 successMove=44
ITERATION 39 newScore=-2.62022e+06 diffscore=401.202 priorChange=-102.586 successMove=45
ITERATION 40 newScore=-2.61811e+06 diffscore=2105.64 priorChange=-98.4269 successMove=43
ITERATION 41 newScore=-2.61683e+06 diffscore=1283.15 priorChange=-91.4954 successMove=45
ITERATION 42 newScore=-2.61658e+06 diffscore=247.773 priorChange=-94.268 successMove=45
ITERATION 43 newScore=-2.61628e+06 diffscore=305.431 priorChange=-102.586 successMove=42
ITERATION 44 newScore=-2.61594e+06 diffscore=334.795 priorChange=-97.0406 successMove=41
ITERATION 45 newScore=-2.61346e+06 diffscore=2479.26 priorChange=-70.701 successMove=40
ITERATION 46 newScore=-2.6131e+06 diffscore=361.868 priorChange=-99.8132 successMove=40
ITERATION 47 newScore=-2.61284e+06 diffscore=262.277 priorChange=-81.7914 successMove=40
ITERATION 48 newScore=-2.61257e+06 diffscore=264.789 priorChange=-94.268 successMove=40
ITERATION 49 newScore=-2.61229e+06 diffscore=279.059 priorChange=-92.8817 successMove=44
ITERATION 50 newScore=-2.61072e+06 diffscore=1572.01 priorChange=-92.8817 successMove=42
ITERATION 51 newScore=-2.61046e+06 diffscore=263.177 priorChange=-83.1777 successMove=40
ITERATION 52 newScore=-2.61018e+06 diffscore=279.973 priorChange=-95.6543 successMove=41
ITERATION 53 newScore=-2.60986e+06 diffscore=315.422 priorChange=-81.7914 successMove=39
ITERATION 54 newScore=-2.60946e+06 diffscore=402.828 priorChange=-90.1091 successMove=38
ITERATION 55 newScore=-2.60856e+06 diffscore=897.93 priorChange=-92.8817 successMove=38
ITERATION 56 newScore=-2.60735e+06 diffscore=1209.42 priorChange=-76.2462 successMove=37
ITERATION 57 newScore=-2.60615e+06 diffscore=1201.19 priorChange=-76.2462 successMove=36
ITERATION 58 newScore=-2.60592e+06 diffscore=232.583 priorChange=-85.9503 successMove=37
ITERATION 59 newScore=-2.60469e+06 diffscore=1226.93 priorChange=-85.9503 successMove=37
ITERATION 60 newScore=-2.60447e+06 diffscore=224.479 priorChange=-80.4051 successMove=35
ITERATION 61 newScore=-2.60421e+06 diffscore=261.769 priorChange=-70.701 successMove=37
ITERATION 62 newScore=-2.60378e+06 diffscore=421.304 priorChange=-62.3832 successMove=36
ITERATION 63 newScore=-2.60355e+06 diffscore=232.213 priorChange=-63.7695 successMove=35
ITERATION 64 newScore=-2.60332e+06 diffscore=231.158 priorChange=-73.4736 successMove=34
ITERATION 65 newScore=-2.60183e+06 diffscore=1487.54 priorChange=-79.0188 successMove=34
ITERATION 66 newScore=-2.60156e+06 diffscore=272.281 priorChange=-73.4736 successMove=32
ITERATION 67 newScore=-2.60134e+06 diffscore=221.179 priorChange=-63.7695 successMove=37
ITERATION 68 newScore=-2.59981e+06 diffscore=1526.65 priorChange=-66.5421 successMove=32
ITERATION 69 newScore=-2.59868e+06 diffscore=1129.98 priorChange=-79.0188 successMove=31
ITERATION 70 newScore=-2.59737e+06 diffscore=1311.7 priorChange=-62.3832 successMove=29
ITERATION 71 newScore=-2.59722e+06 diffscore=154.309 priorChange=-60.997 successMove=29
ITERATION 72 newScore=-2.59706e+06 diffscore=155.897 priorChange=-70.701 successMove=29
ITERATION 73 newScore=-2.59692e+06 diffscore=143.469 priorChange=-49.9066 successMove=28
ITERATION 74 newScore=-2.59676e+06 diffscore=155.999 priorChange=-60.997 successMove=29
ITERATION 75 newScore=-2.59576e+06 diffscore=1000.68 priorChange=-65.1558 successMove=27
ITERATION 76 newScore=-2.59557e+06 diffscore=192.72 priorChange=-54.0655 successMove=25
ITERATION 77 newScore=-2.59532e+06 diffscore=251.891 priorChange=-52.6792 successMove=23
ITERATION 78 newScore=-2.59412e+06 diffscore=1196.92 priorChange=-42.9751 successMove=23
ITERATION 79 newScore=-2.59291e+06 diffscore=1205.56 priorChange=-45.7477 successMove=21
ITERATION 80 newScore=-2.59283e+06 diffscore=82.7758 priorChange=-38.8162 successMove=19
ITERATION 81 newScore=-2.59275e+06 diffscore=76.6045 priorChange=-34.6574 successMove=20
ITERATION 82 newScore=-2.59266e+06 diffscore=92.8475 priorChange=-38.8162 successMove=19
ITERATION 83 newScore=-2.59256e+06 diffscore=98.3456 priorChange=-37.4299 successMove=20
ITERATION 84 newScore=-2.5924e+06 diffscore=159.762 priorChange=-36.0437 successMove=19
ITERATION 85 newScore=-2.59117e+06 diffscore=1232.04 priorChange=-42.9751 successMove=19
ITERATION 86 newScore=-2.59107e+06 diffscore=98.2784 priorChange=-42.9751 successMove=19
ITERATION 87 newScore=-2.59097e+06 diffscore=104.355 priorChange=-41.5888 successMove=18
ITERATION 88 newScore=-2.59086e+06 diffscore=104.82 priorChange=-29.1122 successMove=17
ITERATION 89 newScore=-2.58973e+06 diffscore=1132.03 priorChange=-31.8848 successMove=17
ITERATION 90 newScore=-2.58966e+06 diffscore=70.3927 priorChange=-30.4985 successMove=16
ITERATION 91 newScore=-2.58953e+06 diffscore=126.976 priorChange=-38.8162 successMove=16
ITERATION 92 newScore=-2.58941e+06 diffscore=127.46 priorChange=-23.567 successMove=15
ITERATION 93 newScore=-2.58915e+06 diffscore=260.596 priorChange=-37.4299 successMove=16
ITERATION 94 newScore=-2.58898e+06 diffscore=170.915 priorChange=-30.4985 successMove=14
ITERATION 95 newScore=-2.58817e+06 diffscore=801.348 priorChange=-31.8848 successMove=15
ITERATION 96 newScore=-2.5881e+06 diffscore=76.9391 priorChange=-23.567 successMove=14
ITERATION 97 newScore=-2.58798e+06 diffscore=121.665 priorChange=-20.7944 successMove=14
ITERATION 98 newScore=-2.58732e+06 diffscore=652.41 priorChange=-23.567 successMove=11
ITERATION 99 newScore=-2.58727e+06 diffscore=57.6848 priorChange=-16.6355 successMove=10
MetaLearner::dumpAllGraphs
Final Score -2.58727e+06
MetaLearner::start runtime: 1485194183 ms
Results/
Results/cluster9/
Results/cluster9/fold0/
Results/cluster9/fold0/modelparams.txt
Results/cluster9/fold0/var_mb_pw_k50.txt
Results/cluster2/
Results/cluster2/fold0/
Results/cluster2/fold0/modelparams.txt
Results/cluster2/fold0/var_mb_pw_k50.txt
Results/cluster8/
Results/cluster8/scoreFile.txt
Results/cluster8/fold0/
Results/cluster8/fold0/modelparams.txt
Results/cluster8/fold0/var_mb_pw_k50.txt
Results/cluster3/
Results/cluster3/fold0/
Results/cluster3/fold0/modelparams.txt
Results/cluster3/fold0/var_mb_pw_k50.txt
Results/cluster7/
Results/cluster7/fold0/
Results/cluster7/fold0/modelparams.txt
Results/cluster7/fold0/var_mb_pw_k50.txt
Results/cluster6/
Results/cluster6/fold0/
Results/cluster6/fold0/modelparams.txt
Results/cluster6/fold0/var_mb_pw_k50.txt
Results/cluster1/
Results/cluster1/fold0/
Results/cluster1/fold0/modelparams.txt
Results/cluster1/fold0/var_mb_pw_k50.txt
Results/cluster10/
Results/cluster10/fold0/
Results/cluster10/fold0/modelparams.txt
Results/cluster10/fold0/var_mb_pw_k50.txt
