./CVN -f config_condor.txt -x50 -v1 -l TFs_OGs.txt -n AllGenes226.txt -d celltype_tree_ancestor.txt -m testdata_ogids.txt -s celltype_order.txt -p 0.2 -c yes -b -4 -q 4
(cluster3|cluster8) p_maintain_edge=0.8 p_gain=0.2
(cluster2|cluster3) p_maintain_edge=0.8 p_gain=0.2
(cluster1|cluster2) p_maintain_edge=0.8 p_gain=0.2
(cluster6|cluster2) p_maintain_edge=0.8 p_gain=0.2
(cluster9|cluster6) p_maintain_edge=0.8 p_gain=0.2
(cluster10|cluster6) p_maintain_edge=0.8 p_gain=0.2
(cluster7|cluster10) p_maintain_edge=0.8 p_gain=0.2
speciesSet.size()=8 Root is cluster8
MappedOrthogroupReader::readSpeciesMapping() --- celltype_order.txt
MappedOrthogroupReader::readFile - testdata_ogids.txt
MappedOrthogroupReader::generateGeneOrthoMap()
MetaLearner::init_onefold() read:config_condor.txt
MetaLearner::setinputVariableNames number of variables: 2042
readEvidenceTable:cluster8.table
PotentialManager::loadEvidenceFromTable varCount=2042 sampleCount=348
motifNetwork.size() = 319
0=cluster8 motifNetwork=cluster8_network.txt
variable size=2042
readEvidenceTable:cluster3.table
PotentialManager::loadEvidenceFromTable varCount=2042 sampleCount=95
motifNetwork.size() = 326
1=cluster3 motifNetwork=cluster3_network.txt
variable size=2042
readEvidenceTable:cluster2.table
PotentialManager::loadEvidenceFromTable varCount=2042 sampleCount=386
motifNetwork.size() = 328
2=cluster2 motifNetwork=cluster2_network.txt
variable size=2042
readEvidenceTable:cluster1.table
PotentialManager::loadEvidenceFromTable varCount=2042 sampleCount=36
motifNetwork.size() = 322
3=cluster1 motifNetwork=cluster1_network.txt
variable size=2042
readEvidenceTable:cluster6.table
PotentialManager::loadEvidenceFromTable varCount=2042 sampleCount=524
motifNetwork.size() = 320
4=cluster6 motifNetwork=cluster6_network.txt
variable size=2042
readEvidenceTable:cluster9.table
PotentialManager::loadEvidenceFromTable varCount=2042 sampleCount=184
motifNetwork.size() = 327
5=cluster9 motifNetwork=cluster9_network.txt
variable size=2042
readEvidenceTable:cluster10.table
PotentialManager::loadEvidenceFromTable varCount=2042 sampleCount=165
motifNetwork.size() = 326
6=cluster10 motifNetwork=cluster10_network.txt
variable size=2042
readEvidenceTable:cluster7.table
PotentialManager::loadEvidenceFromTable varCount=2042 sampleCount=1032
motifNetwork.size() = 320
7=cluster7 motifNetwork=cluster7_network.txt
variable size=2042
-------------------------------------------------------------
MetaLearner::start
precomputeEmptyGraphPrior
binkey=0 [Edge status: 0 0 0 0 0 0 0 0 ] P(G)=P(cluster8=0)[0.8] * P(cluster1=0|cluster2=0) * P(cluster9=0|cluster6=0) * P(cluster7=0|cluster10=0) * P(cluster10=0|cluster6=0) * P(cluster6=0|cluster2=0) * P(cluster2=0|cluster3=0) * P(cluster3=0|cluster8=0)[0.209715]=0.167772
condsetMap_Tree
0 cluster8=0 cluster3=0 cluster2=0 cluster1=0 cluster6=0 cluster9=0 cluster10=0 cluster7=1
1 cluster8=0 cluster3=0 cluster2=0 cluster1=0 cluster6=0 cluster9=1 cluster10=0 cluster7=0
2 cluster8=0 cluster3=0 cluster2=0 cluster1=0 cluster6=0 cluster9=1 cluster10=0 cluster7=1
3 cluster8=0 cluster3=0 cluster2=0 cluster1=1 cluster6=0 cluster9=0 cluster10=0 cluster7=0
4 cluster8=0 cluster3=0 cluster2=0 cluster1=1 cluster6=0 cluster9=0 cluster10=0 cluster7=1
5 cluster8=0 cluster3=0 cluster2=0 cluster1=1 cluster6=0 cluster9=1 cluster10=0 cluster7=0
6 cluster8=0 cluster3=0 cluster2=0 cluster1=1 cluster6=0 cluster9=1 cluster10=0 cluster7=1
7 cluster8=0 cluster3=0 cluster2=0 cluster1=0 cluster6=0 cluster9=0 cluster10=1 cluster7=1
8 cluster8=0 cluster3=0 cluster2=0 cluster1=0 cluster6=0 cluster9=1 cluster10=1 cluster7=1
9 cluster8=0 cluster3=0 cluster2=0 cluster1=1 cluster6=0 cluster9=0 cluster10=1 cluster7=1
10 cluster8=0 cluster3=0 cluster2=0 cluster1=1 cluster6=0 cluster9=1 cluster10=1 cluster7=1
11 cluster8=0 cluster3=0 cluster2=0 cluster1=0 cluster6=1 cluster9=1 cluster10=1 cluster7=1
12 cluster8=0 cluster3=0 cluster2=0 cluster1=1 cluster6=1 cluster9=1 cluster10=1 cluster7=1
13 cluster8=0 cluster3=0 cluster2=1 cluster1=1 cluster6=1 cluster9=1 cluster10=1 cluster7=1
14 cluster8=0 cluster3=1 cluster2=1 cluster1=1 cluster6=1 cluster9=1 cluster10=1 cluster7=1
15 cluster8=1 cluster3=1 cluster2=1 cluster1=1 cluster6=1 cluster9=1 cluster10=1 cluster7=1
16 cluster8=1 cluster3=1 cluster2=1 cluster1=1 cluster6=1 cluster9=1 cluster10=1 cluster7=0
17 cluster8=1 cluster3=1 cluster2=1 cluster1=1 cluster6=1 cluster9=0 cluster10=1 cluster7=1
18 cluster8=1 cluster3=1 cluster2=1 cluster1=1 cluster6=1 cluster9=0 cluster10=1 cluster7=0
19 cluster8=1 cluster3=1 cluster2=1 cluster1=0 cluster6=1 cluster9=1 cluster10=1 cluster7=1
20 cluster8=1 cluster3=1 cluster2=1 cluster1=0 cluster6=1 cluster9=1 cluster10=1 cluster7=0
21 cluster8=1 cluster3=1 cluster2=1 cluster1=0 cluster6=1 cluster9=0 cluster10=1 cluster7=1
22 cluster8=1 cluster3=1 cluster2=1 cluster1=0 cluster6=1 cluster9=0 cluster10=1 cluster7=0
23 cluster8=1 cluster3=1 cluster2=1 cluster1=1 cluster6=1 cluster9=1 cluster10=0 cluster7=0
24 cluster8=1 cluster3=1 cluster2=1 cluster1=1 cluster6=1 cluster9=0 cluster10=0 cluster7=0
25 cluster8=1 cluster3=1 cluster2=1 cluster1=0 cluster6=1 cluster9=1 cluster10=0 cluster7=0
26 cluster8=1 cluster3=1 cluster2=1 cluster1=0 cluster6=1 cluster9=0 cluster10=0 cluster7=0
27 cluster8=1 cluster3=1 cluster2=1 cluster1=1 cluster6=0 cluster9=0 cluster10=0 cluster7=0
28 cluster8=1 cluster3=1 cluster2=1 cluster1=0 cluster6=0 cluster9=0 cluster10=0 cluster7=0
29 cluster8=1 cluster3=1 cluster2=0 cluster1=0 cluster6=0 cluster9=0 cluster10=0 cluster7=0
30 cluster8=1 cluster3=0 cluster2=0 cluster1=0 cluster6=0 cluster9=0 cluster10=0 cluster7=0
31 cluster8=0 cluster3=0 cluster2=0 cluster1=0 cluster6=1 cluster9=0 cluster10=0 cluster7=0
32 cluster8=0 cluster3=0 cluster2=1 cluster1=0 cluster6=0 cluster9=0 cluster10=0 cluster7=0
33 cluster8=0 cluster3=0 cluster2=0 cluster1=0 cluster6=0 cluster9=0 cluster10=1 cluster7=0
34 cluster8=0 cluster3=1 cluster2=0 cluster1=0 cluster6=0 cluster9=0 cluster10=0 cluster7=0
inputRegulatorOGs.size() = 1999 inputOGList.size() = 50
binkey=2 [Edge status: 0 1 0 0 0 0 0 0 ] P(G)=P(cluster8=0)[0.8] * P(cluster1=0|cluster2=0) * P(cluster9=0|cluster6=0) * P(cluster7=0|cluster10=0) * P(cluster10=0|cluster6=0) * P(cluster6=0|cluster2=0) * P(cluster2=0|cluster3=1) * P(cluster3=1|cluster8=0)[0.0131072]=0.0104858
binkey=16 [Edge status: 0 0 0 0 1 0 0 0 ] P(G)=P(cluster8=0)[0.8] * P(cluster1=0|cluster2=0) * P(cluster9=0|cluster6=1) * P(cluster7=0|cluster10=0) * P(cluster10=0|cluster6=1) * P(cluster6=1|cluster2=0) * P(cluster2=0|cluster3=0) * P(cluster3=0|cluster8=0)[0.0032768]=0.00262144
binkey=4 [Edge status: 0 0 1 0 0 0 0 0 ] P(G)=P(cluster8=0)[0.8] * P(cluster1=0|cluster2=1) * P(cluster9=0|cluster6=0) * P(cluster7=0|cluster10=0) * P(cluster10=0|cluster6=0) * P(cluster6=0|cluster2=1) * P(cluster2=1|cluster3=0) * P(cluster3=0|cluster8=0)[0.0032768]=0.00262144
binkey=1 [Edge status: 1 0 0 0 0 0 0 0 ] P(G)=P(cluster8=1)[0.2] * P(cluster1=0|cluster2=0) * P(cluster9=0|cluster6=0) * P(cluster7=0|cluster10=0) * P(cluster10=0|cluster6=0) * P(cluster6=0|cluster2=0) * P(cluster2=0|cluster3=0) * P(cluster3=0|cluster8=1)[0.0524288]=0.0104858
binkey=128 [Edge status: 0 0 0 0 0 0 0 1 ] P(G)=P(cluster8=0)[0.8] * P(cluster1=0|cluster2=0) * P(cluster9=0|cluster6=0) * P(cluster7=1|cluster10=0) * P(cluster10=0|cluster6=0) * P(cluster6=0|cluster2=0) * P(cluster2=0|cluster3=0) * P(cluster3=0|cluster8=0)[0.0524288]=0.041943
binkey=32 [Edge status: 0 0 0 0 0 1 0 0 ] P(G)=P(cluster8=0)[0.8] * P(cluster1=0|cluster2=0) * P(cluster9=1|cluster6=0) * P(cluster7=0|cluster10=0) * P(cluster10=0|cluster6=0) * P(cluster6=0|cluster2=0) * P(cluster2=0|cluster3=0) * P(cluster3=0|cluster8=0)[0.0524288]=0.041943
binkey=64 [Edge status: 0 0 0 0 0 0 1 0 ] P(G)=P(cluster8=0)[0.8] * P(cluster1=0|cluster2=0) * P(cluster9=0|cluster6=0) * P(cluster7=0|cluster10=1) * P(cluster10=1|cluster6=0) * P(cluster6=0|cluster2=0) * P(cluster2=0|cluster3=0) * P(cluster3=0|cluster8=0)[0.0131072]=0.0104858
binkey=192 [Edge status: 0 0 0 0 0 0 1 1 ] P(G)=P(cluster8=0)[0.8] * P(cluster1=0|cluster2=0) * P(cluster9=0|cluster6=0) * P(cluster7=1|cluster10=1) * P(cluster10=1|cluster6=0) * P(cluster6=0|cluster2=0) * P(cluster2=0|cluster3=0) * P(cluster3=0|cluster8=0)[0.0524288]=0.041943
binkey=160 [Edge status: 0 0 0 0 0 1 0 1 ] P(G)=P(cluster8=0)[0.8] * P(cluster1=0|cluster2=0) * P(cluster9=1|cluster6=0) * P(cluster7=1|cluster10=0) * P(cluster10=0|cluster6=0) * P(cluster6=0|cluster2=0) * P(cluster2=0|cluster3=0) * P(cluster3=0|cluster8=0)[0.0131072]=0.0104858
binkey=8 [Edge status: 0 0 0 1 0 0 0 0 ] P(G)=P(cluster8=0)[0.8] * P(cluster1=1|cluster2=0) * P(cluster9=0|cluster6=0) * P(cluster7=0|cluster10=0) * P(cluster10=0|cluster6=0) * P(cluster6=0|cluster2=0) * P(cluster2=0|cluster3=0) * P(cluster3=0|cluster8=0)[0.0524288]=0.041943
binkey=40 [Edge status: 0 0 0 1 0 1 0 0 ] P(G)=P(cluster8=0)[0.8] * P(cluster1=1|cluster2=0) * P(cluster9=1|cluster6=0) * P(cluster7=0|cluster10=0) * P(cluster10=0|cluster6=0) * P(cluster6=0|cluster2=0) * P(cluster2=0|cluster3=0) * P(cluster3=0|cluster8=0)[0.0131072]=0.0104858
binkey=3 [Edge status: 1 1 0 0 0 0 0 0 ] P(G)=P(cluster8=1)[0.2] * P(cluster1=0|cluster2=0) * P(cluster9=0|cluster6=0) * P(cluster7=0|cluster10=0) * P(cluster10=0|cluster6=0) * P(cluster6=0|cluster2=0) * P(cluster2=0|cluster3=1) * P(cluster3=1|cluster8=1)[0.0524288]=0.0104858
binkey=215 [Edge status: 1 1 1 0 1 0 1 1 ] P(G)=P(cluster8=1)[0.2] * P(cluster1=0|cluster2=1) * P(cluster9=0|cluster6=1) * P(cluster7=1|cluster10=1) * P(cluster10=1|cluster6=1) * P(cluster6=1|cluster2=1) * P(cluster2=1|cluster3=1) * P(cluster3=1|cluster8=1)[0.0131072]=0.00262144
binkey=87 [Edge status: 1 1 1 0 1 0 1 0 ] P(G)=P(cluster8=1)[0.2] * P(cluster1=0|cluster2=1) * P(cluster9=0|cluster6=1) * P(cluster7=0|cluster10=1) * P(cluster10=1|cluster6=1) * P(cluster6=1|cluster2=1) * P(cluster2=1|cluster3=1) * P(cluster3=1|cluster8=1)[0.0032768]=0.00065536
binkey=23 [Edge status: 1 1 1 0 1 0 0 0 ] P(G)=P(cluster8=1)[0.2] * P(cluster1=0|cluster2=1) * P(cluster9=0|cluster6=1) * P(cluster7=0|cluster10=0) * P(cluster10=0|cluster6=1) * P(cluster6=1|cluster2=1) * P(cluster2=1|cluster3=1) * P(cluster3=1|cluster8=1)[0.0032768]=0.00065536
binkey=7 [Edge status: 1 1 1 0 0 0 0 0 ] P(G)=P(cluster8=1)[0.2] * P(cluster1=0|cluster2=1) * P(cluster9=0|cluster6=0) * P(cluster7=0|cluster10=0) * P(cluster10=0|cluster6=0) * P(cluster6=0|cluster2=1) * P(cluster2=1|cluster3=1) * P(cluster3=1|cluster8=1)[0.0131072]=0.00262144
binkey=136 [Edge status: 0 0 0 1 0 0 0 1 ] P(G)=P(cluster8=0)[0.8] * P(cluster1=1|cluster2=0) * P(cluster9=0|cluster6=0) * P(cluster7=1|cluster10=0) * P(cluster10=0|cluster6=0) * P(cluster6=0|cluster2=0) * P(cluster2=0|cluster3=0) * P(cluster3=0|cluster8=0)[0.0131072]=0.0104858
binkey=168 [Edge status: 0 0 0 1 0 1 0 1 ] P(G)=P(cluster8=0)[0.8] * P(cluster1=1|cluster2=0) * P(cluster9=1|cluster6=0) * P(cluster7=1|cluster10=0) * P(cluster10=0|cluster6=0) * P(cluster6=0|cluster2=0) * P(cluster2=0|cluster3=0) * P(cluster3=0|cluster8=0)[0.0032768]=0.00262144
binkey=224 [Edge status: 0 0 0 0 0 1 1 1 ] P(G)=P(cluster8=0)[0.8] * P(cluster1=0|cluster2=0) * P(cluster9=1|cluster6=0) * P(cluster7=1|cluster10=1) * P(cluster10=1|cluster6=0) * P(cluster6=0|cluster2=0) * P(cluster2=0|cluster3=0) * P(cluster3=0|cluster8=0)[0.0131072]=0.0104858
binkey=200 [Edge status: 0 0 0 1 0 0 1 1 ] P(G)=P(cluster8=0)[0.8] * P(cluster1=1|cluster2=0) * P(cluster9=0|cluster6=0) * P(cluster7=1|cluster10=1) * P(cluster10=1|cluster6=0) * P(cluster6=0|cluster2=0) * P(cluster2=0|cluster3=0) * P(cluster3=0|cluster8=0)[0.0131072]=0.0104858
binkey=232 [Edge status: 0 0 0 1 0 1 1 1 ] P(G)=P(cluster8=0)[0.8] * P(cluster1=1|cluster2=0) * P(cluster9=1|cluster6=0) * P(cluster7=1|cluster10=1) * P(cluster10=1|cluster6=0) * P(cluster6=0|cluster2=0) * P(cluster2=0|cluster3=0) * P(cluster3=0|cluster8=0)[0.0032768]=0.00262144
binkey=55 [Edge status: 1 1 1 0 1 1 0 0 ] P(G)=P(cluster8=1)[0.2] * P(cluster1=0|cluster2=1) * P(cluster9=1|cluster6=1) * P(cluster7=0|cluster10=0) * P(cluster10=0|cluster6=1) * P(cluster6=1|cluster2=1) * P(cluster2=1|cluster3=1) * P(cluster3=1|cluster8=1)[0.0131072]=0.00262144
binkey=119 [Edge status: 1 1 1 0 1 1 1 0 ] P(G)=P(cluster8=1)[0.2] * P(cluster1=0|cluster2=1) * P(cluster9=1|cluster6=1) * P(cluster7=0|cluster10=1) * P(cluster10=1|cluster6=1) * P(cluster6=1|cluster2=1) * P(cluster2=1|cluster3=1) * P(cluster3=1|cluster8=1)[0.0131072]=0.00262144
binkey=15 [Edge status: 1 1 1 1 0 0 0 0 ] P(G)=P(cluster8=1)[0.2] * P(cluster1=1|cluster2=1) * P(cluster9=0|cluster6=0) * P(cluster7=0|cluster10=0) * P(cluster10=0|cluster6=0) * P(cluster6=0|cluster2=1) * P(cluster2=1|cluster3=1) * P(cluster3=1|cluster8=1)[0.0524288]=0.0104858
binkey=240 [Edge status: 0 0 0 0 1 1 1 1 ] P(G)=P(cluster8=0)[0.8] * P(cluster1=0|cluster2=0) * P(cluster9=1|cluster6=1) * P(cluster7=1|cluster10=1) * P(cluster10=1|cluster6=1) * P(cluster6=1|cluster2=0) * P(cluster2=0|cluster3=0) * P(cluster3=0|cluster8=0)[0.0524288]=0.041943
binkey=248 [Edge status: 0 0 0 1 1 1 1 1 ] P(G)=P(cluster8=0)[0.8] * P(cluster1=1|cluster2=0) * P(cluster9=1|cluster6=1) * P(cluster7=1|cluster10=1) * P(cluster10=1|cluster6=1) * P(cluster6=1|cluster2=0) * P(cluster2=0|cluster3=0) * P(cluster3=0|cluster8=0)[0.0131072]=0.0104858
binkey=252 [Edge status: 0 0 1 1 1 1 1 1 ] P(G)=P(cluster8=0)[0.8] * P(cluster1=1|cluster2=1) * P(cluster9=1|cluster6=1) * P(cluster7=1|cluster10=1) * P(cluster10=1|cluster6=1) * P(cluster6=1|cluster2=1) * P(cluster2=1|cluster3=0) * P(cluster3=0|cluster8=0)[0.0524288]=0.041943
ITERATION 0 newScore=-2.66372e+06 diffscore=16503.9 priorChange=-101.199 successMove=63
ITERATION 1 newScore=-2.66032e+06 diffscore=3397.47 priorChange=-119.221 successMove=55
ITERATION 2 newScore=-2.65603e+06 diffscore=4294.57 priorChange=-120.608 successMove=58
ITERATION 3 newScore=-2.64723e+06 diffscore=8794.98 priorChange=-117.835 successMove=54
ITERATION 4 newScore=-2.64154e+06 diffscore=5692.59 priorChange=-110.904 successMove=54
ITERATION 5 newScore=-2.63671e+06 diffscore=4826.2 priorChange=-130.312 successMove=52
ITERATION 6 newScore=-2.63252e+06 diffscore=4198.57 priorChange=-105.358 successMove=52
ITERATION 7 newScore=-2.62561e+06 diffscore=6903.08 priorChange=-113.676 successMove=52
ITERATION 8 newScore=-2.62449e+06 diffscore=1124.41 priorChange=-112.29 successMove=51
ITERATION 9 newScore=-2.62016e+06 diffscore=4330.57 priorChange=-109.517 successMove=51
ITERATION 10 newScore=-2.6169e+06 diffscore=3258.85 priorChange=-103.972 successMove=51
ITERATION 11 newScore=-2.61154e+06 diffscore=5362.96 priorChange=-101.199 successMove=53
ITERATION 12 newScore=-2.60947e+06 diffscore=2062.17 priorChange=-108.131 successMove=49
ITERATION 13 newScore=-2.60636e+06 diffscore=3113.18 priorChange=-103.972 successMove=51
ITERATION 14 newScore=-2.6041e+06 diffscore=2264.96 priorChange=-113.676 successMove=51
ITERATION 15 newScore=-2.6029e+06 diffscore=1192.77 priorChange=-110.904 successMove=50
ITERATION 16 newScore=-2.60233e+06 diffscore=571.844 priorChange=-92.8817 successMove=49
ITERATION 17 newScore=-2.59762e+06 diffscore=4707.62 priorChange=-101.199 successMove=50
ITERATION 18 newScore=-2.59309e+06 diffscore=4532.6 priorChange=-105.358 successMove=50
ITERATION 19 newScore=-2.59132e+06 diffscore=1770.47 priorChange=-106.745 successMove=52
binkey=247 [Edge status: 1 1 1 0 1 1 1 1 ] P(G)=P(cluster8=1)[0.2] * P(cluster1=0|cluster2=1) * P(cluster9=1|cluster6=1) * P(cluster7=1|cluster10=1) * P(cluster10=1|cluster6=1) * P(cluster6=1|cluster2=1) * P(cluster2=1|cluster3=1) * P(cluster3=1|cluster8=1)[0.0524288]=0.0104858
ITERATION 20 newScore=-2.5908e+06 diffscore=517.102 priorChange=-116.449 successMove=48
ITERATION 21 newScore=-2.58884e+06 diffscore=1959.47 priorChange=-101.199 successMove=47
ITERATION 22 newScore=-2.58687e+06 diffscore=1972.21 priorChange=-94.268 successMove=47
ITERATION 23 newScore=-2.58544e+06 diffscore=1426.42 priorChange=-99.8132 successMove=48
ITERATION 24 newScore=-2.58342e+06 diffscore=2028.35 priorChange=-108.131 successMove=48
ITERATION 25 newScore=-2.58232e+06 diffscore=1094.15 priorChange=-98.4269 successMove=47
ITERATION 26 newScore=-2.58073e+06 diffscore=1590.52 priorChange=-98.4269 successMove=46
ITERATION 27 newScore=-2.58024e+06 diffscore=492.931 priorChange=-94.268 successMove=46
ITERATION 28 newScore=-2.57854e+06 diffscore=1702.51 priorChange=-99.8132 successMove=47
ITERATION 29 newScore=-2.57672e+06 diffscore=1814.78 priorChange=-101.199 successMove=45
ITERATION 30 newScore=-2.57638e+06 diffscore=340.481 priorChange=-92.8817 successMove=46
ITERATION 31 newScore=-2.57584e+06 diffscore=539.237 priorChange=-109.517 successMove=44
ITERATION 32 newScore=-2.57457e+06 diffscore=1269.81 priorChange=-92.8817 successMove=44
ITERATION 33 newScore=-2.57305e+06 diffscore=1518.32 priorChange=-97.0406 successMove=44
ITERATION 34 newScore=-2.57256e+06 diffscore=496.116 priorChange=-88.7228 successMove=46
ITERATION 35 newScore=-2.57221e+06 diffscore=352.533 priorChange=-94.268 successMove=43
ITERATION 36 newScore=-2.5714e+06 diffscore=803.251 priorChange=-88.7228 successMove=42
ITERATION 37 newScore=-2.57096e+06 diffscore=439.372 priorChange=-81.7914 successMove=42
ITERATION 38 newScore=-2.56926e+06 diffscore=1703.7 priorChange=-91.4954 successMove=42
ITERATION 39 newScore=-2.56536e+06 diffscore=3903 priorChange=-79.0188 successMove=42
ITERATION 40 newScore=-2.56505e+06 diffscore=306.665 priorChange=-98.4269 successMove=42
ITERATION 41 newScore=-2.56468e+06 diffscore=366.055 priorChange=-85.9503 successMove=41
ITERATION 42 newScore=-2.56434e+06 diffscore=340.996 priorChange=-81.7914 successMove=40
ITERATION 43 newScore=-2.56288e+06 diffscore=1460.31 priorChange=-88.7228 successMove=40
ITERATION 44 newScore=-2.56133e+06 diffscore=1554.68 priorChange=-85.9503 successMove=40
ITERATION 45 newScore=-2.56107e+06 diffscore=254.052 priorChange=-76.2462 successMove=41
ITERATION 46 newScore=-2.56081e+06 diffscore=259.167 priorChange=-85.9503 successMove=40
ITERATION 47 newScore=-2.56052e+06 diffscore=294.266 priorChange=-85.9503 successMove=39
ITERATION 48 newScore=-2.55931e+06 diffscore=1205.45 priorChange=-83.1777 successMove=38
ITERATION 49 newScore=-2.55903e+06 diffscore=284.885 priorChange=-90.1091 successMove=38
ITERATION 50 newScore=-2.5588e+06 diffscore=233.541 priorChange=-73.4736 successMove=36
ITERATION 51 newScore=-2.55858e+06 diffscore=215.092 priorChange=-67.9284 successMove=36
ITERATION 52 newScore=-2.55837e+06 diffscore=214.942 priorChange=-76.2462 successMove=35
ITERATION 53 newScore=-2.55808e+06 diffscore=281.462 priorChange=-72.0873 successMove=33
ITERATION 54 newScore=-2.55767e+06 diffscore=416.465 priorChange=-66.5421 successMove=32
ITERATION 55 newScore=-2.55587e+06 diffscore=1800.17 priorChange=-67.9284 successMove=35
ITERATION 56 newScore=-2.55573e+06 diffscore=134.142 priorChange=-65.1558 successMove=32
ITERATION 57 newScore=-2.55559e+06 diffscore=147.478 priorChange=-69.3147 successMove=31
ITERATION 58 newScore=-2.55544e+06 diffscore=148.784 priorChange=-63.7695 successMove=32
ITERATION 59 newScore=-2.5553e+06 diffscore=137.082 priorChange=-67.9284 successMove=32
ITERATION 60 newScore=-2.55516e+06 diffscore=144.892 priorChange=-60.997 successMove=29
ITERATION 61 newScore=-2.55497e+06 diffscore=187.788 priorChange=-60.997 successMove=29
ITERATION 62 newScore=-2.55482e+06 diffscore=149.538 priorChange=-56.8381 successMove=30
ITERATION 63 newScore=-2.55462e+06 diffscore=201.937 priorChange=-63.7695 successMove=28
ITERATION 64 newScore=-2.55444e+06 diffscore=171.171 priorChange=-63.7695 successMove=27
ITERATION 65 newScore=-2.55429e+06 diffscore=157.254 priorChange=-52.6792 successMove=27
ITERATION 66 newScore=-2.55404e+06 diffscore=246.488 priorChange=-52.6792 successMove=25
ITERATION 67 newScore=-2.55315e+06 diffscore=889.896 priorChange=-51.2929 successMove=24
ITERATION 68 newScore=-2.55304e+06 diffscore=110.759 priorChange=-47.134 successMove=23
ITERATION 69 newScore=-2.55285e+06 diffscore=189.838 priorChange=-55.4518 successMove=23
ITERATION 70 newScore=-2.5516e+06 diffscore=1248.02 priorChange=-51.2929 successMove=22
ITERATION 71 newScore=-2.55106e+06 diffscore=544.925 priorChange=-36.0437 successMove=21
ITERATION 72 newScore=-2.5506e+06 diffscore=455.038 priorChange=-38.8162 successMove=21
ITERATION 73 newScore=-2.55025e+06 diffscore=351.31 priorChange=-29.1122 successMove=18
ITERATION 74 newScore=-2.54929e+06 diffscore=965.574 priorChange=-27.7259 successMove=17
ITERATION 75 newScore=-2.54923e+06 diffscore=56.2661 priorChange=-33.2711 successMove=16
ITERATION 76 newScore=-2.54918e+06 diffscore=52.3416 priorChange=-33.2711 successMove=17
ITERATION 77 newScore=-2.54913e+06 diffscore=52.0292 priorChange=-31.8848 successMove=16
ITERATION 78 newScore=-2.54907e+06 diffscore=59.251 priorChange=-30.4985 successMove=16
ITERATION 79 newScore=-2.54901e+06 diffscore=53.0449 priorChange=-29.1122 successMove=14
ITERATION 80 newScore=-2.54896e+06 diffscore=54.1479 priorChange=-31.8848 successMove=14
ITERATION 81 newScore=-2.54891e+06 diffscore=45.2087 priorChange=-24.9533 successMove=14
ITERATION 82 newScore=-2.54887e+06 diffscore=42.2172 priorChange=-30.4985 successMove=14
ITERATION 83 newScore=-2.54881e+06 diffscore=65.3816 priorChange=-36.0437 successMove=13
ITERATION 84 newScore=-2.54875e+06 diffscore=58.087 priorChange=-29.1122 successMove=12
ITERATION 85 newScore=-2.54869e+06 diffscore=59.0382 priorChange=-27.7259 successMove=12
ITERATION 86 newScore=-2.54861e+06 diffscore=80.3639 priorChange=-24.9533 successMove=13
ITERATION 87 newScore=-2.54853e+06 diffscore=76.8811 priorChange=-27.7259 successMove=11
ITERATION 88 newScore=-2.54845e+06 diffscore=84.6612 priorChange=-24.9533 successMove=11
ITERATION 89 newScore=-2.5477e+06 diffscore=750.715 priorChange=-24.9533 successMove=10
ITERATION 90 newScore=-2.54694e+06 diffscore=752.484 priorChange=-23.567 successMove=10
ITERATION 91 newScore=-2.54692e+06 diffscore=27.217 priorChange=-13.8629 successMove=10
ITERATION 92 newScore=-2.54688e+06 diffscore=34.6935 priorChange=-26.3396 successMove=10
ITERATION 93 newScore=-2.54685e+06 diffscore=27.6136 priorChange=-19.4081 successMove=11
ITERATION 94 newScore=-2.54681e+06 diffscore=39.3673 priorChange=-30.4985 successMove=10
ITERATION 95 newScore=-2.54679e+06 diffscore=20.9368 priorChange=-13.8629 successMove=11
ITERATION 96 newScore=-2.54677e+06 diffscore=23.8616 priorChange=-15.2492 successMove=10
ITERATION 97 newScore=-2.54674e+06 diffscore=28.2275 priorChange=-20.7944 successMove=9
ITERATION 98 newScore=-2.54672e+06 diffscore=25.5495 priorChange=-16.6355 successMove=10
ITERATION 99 newScore=-2.5467e+06 diffscore=18.6016 priorChange=-11.0904 successMove=7
MetaLearner::dumpAllGraphs
Final Score -2.5467e+06
MetaLearner::start runtime: 1215384771 ms
Results/
Results/cluster10/
Results/cluster10/fold0/
Results/cluster10/fold0/modelparams.txt
Results/cluster10/fold0/var_mb_pw_k50.txt
Results/cluster1/
Results/cluster1/fold0/
Results/cluster1/fold0/modelparams.txt
Results/cluster1/fold0/var_mb_pw_k50.txt
Results/cluster6/
Results/cluster6/fold0/
Results/cluster6/fold0/modelparams.txt
Results/cluster6/fold0/var_mb_pw_k50.txt
Results/cluster9/
Results/cluster9/fold0/
Results/cluster9/fold0/modelparams.txt
Results/cluster9/fold0/var_mb_pw_k50.txt
Results/cluster2/
Results/cluster2/fold0/
Results/cluster2/fold0/modelparams.txt
Results/cluster2/fold0/var_mb_pw_k50.txt
Results/cluster7/
Results/cluster7/fold0/
Results/cluster7/fold0/modelparams.txt
Results/cluster7/fold0/var_mb_pw_k50.txt
Results/cluster3/
Results/cluster3/fold0/
Results/cluster3/fold0/modelparams.txt
Results/cluster3/fold0/var_mb_pw_k50.txt
Results/cluster8/
Results/cluster8/scoreFile.txt
Results/cluster8/fold0/
Results/cluster8/fold0/modelparams.txt
Results/cluster8/fold0/var_mb_pw_k50.txt
