./CVN -f config_condor.txt -x50 -v1 -l TFs_OGs.txt -n AllGenes134.txt -d celltype_tree_ancestor.txt -m testdata_ogids.txt -s celltype_order.txt -p 0.2 -c yes -b -4 -q 4
(cluster3|cluster8) p_maintain_edge=0.8 p_gain=0.2
(cluster2|cluster3) p_maintain_edge=0.8 p_gain=0.2
(cluster1|cluster2) p_maintain_edge=0.8 p_gain=0.2
(cluster6|cluster2) p_maintain_edge=0.8 p_gain=0.2
(cluster9|cluster6) p_maintain_edge=0.8 p_gain=0.2
(cluster10|cluster6) p_maintain_edge=0.8 p_gain=0.2
(cluster7|cluster10) p_maintain_edge=0.8 p_gain=0.2
speciesSet.size()=8 Root is cluster8
MappedOrthogroupReader::readSpeciesMapping() --- celltype_order.txt
MappedOrthogroupReader::readFile - testdata_ogids.txt
MappedOrthogroupReader::generateGeneOrthoMap()
MetaLearner::init_onefold() read:config_condor.txt
MetaLearner::setinputVariableNames number of variables: 2041
readEvidenceTable:cluster8.table
PotentialManager::loadEvidenceFromTable varCount=2041 sampleCount=348
motifNetwork.size() = 319
0=cluster8 motifNetwork=cluster8_network.txt
variable size=2041
readEvidenceTable:cluster3.table
PotentialManager::loadEvidenceFromTable varCount=2041 sampleCount=95
motifNetwork.size() = 326
1=cluster3 motifNetwork=cluster3_network.txt
variable size=2041
readEvidenceTable:cluster2.table
PotentialManager::loadEvidenceFromTable varCount=2041 sampleCount=386
motifNetwork.size() = 328
2=cluster2 motifNetwork=cluster2_network.txt
variable size=2041
readEvidenceTable:cluster1.table
PotentialManager::loadEvidenceFromTable varCount=2041 sampleCount=36
motifNetwork.size() = 322
3=cluster1 motifNetwork=cluster1_network.txt
variable size=2041
readEvidenceTable:cluster6.table
PotentialManager::loadEvidenceFromTable varCount=2041 sampleCount=524
motifNetwork.size() = 320
4=cluster6 motifNetwork=cluster6_network.txt
variable size=2041
readEvidenceTable:cluster9.table
PotentialManager::loadEvidenceFromTable varCount=2041 sampleCount=184
motifNetwork.size() = 327
5=cluster9 motifNetwork=cluster9_network.txt
variable size=2041
readEvidenceTable:cluster10.table
PotentialManager::loadEvidenceFromTable varCount=2041 sampleCount=165
motifNetwork.size() = 326
6=cluster10 motifNetwork=cluster10_network.txt
variable size=2041
readEvidenceTable:cluster7.table
PotentialManager::loadEvidenceFromTable varCount=2041 sampleCount=1032
motifNetwork.size() = 320
7=cluster7 motifNetwork=cluster7_network.txt
variable size=2041
-------------------------------------------------------------
MetaLearner::start
precomputeEmptyGraphPrior
binkey=0 [Edge status: 0 0 0 0 0 0 0 0 ] P(G)=P(cluster8=0)[0.8] * P(cluster1=0|cluster2=0) * P(cluster9=0|cluster6=0) * P(cluster7=0|cluster10=0) * P(cluster10=0|cluster6=0) * P(cluster6=0|cluster2=0) * P(cluster2=0|cluster3=0) * P(cluster3=0|cluster8=0)[0.209715]=0.167772
condsetMap_Tree
0 cluster8=0 cluster3=0 cluster2=0 cluster1=0 cluster6=0 cluster9=0 cluster10=0 cluster7=1
1 cluster8=0 cluster3=0 cluster2=0 cluster1=0 cluster6=0 cluster9=1 cluster10=0 cluster7=0
2 cluster8=0 cluster3=0 cluster2=0 cluster1=0 cluster6=0 cluster9=1 cluster10=0 cluster7=1
3 cluster8=0 cluster3=0 cluster2=0 cluster1=1 cluster6=0 cluster9=0 cluster10=0 cluster7=0
4 cluster8=0 cluster3=0 cluster2=0 cluster1=1 cluster6=0 cluster9=0 cluster10=0 cluster7=1
5 cluster8=0 cluster3=0 cluster2=0 cluster1=1 cluster6=0 cluster9=1 cluster10=0 cluster7=0
6 cluster8=0 cluster3=0 cluster2=0 cluster1=1 cluster6=0 cluster9=1 cluster10=0 cluster7=1
7 cluster8=0 cluster3=0 cluster2=0 cluster1=0 cluster6=0 cluster9=0 cluster10=1 cluster7=1
8 cluster8=0 cluster3=0 cluster2=0 cluster1=0 cluster6=0 cluster9=1 cluster10=1 cluster7=1
9 cluster8=0 cluster3=0 cluster2=0 cluster1=1 cluster6=0 cluster9=0 cluster10=1 cluster7=1
10 cluster8=0 cluster3=0 cluster2=0 cluster1=1 cluster6=0 cluster9=1 cluster10=1 cluster7=1
11 cluster8=0 cluster3=0 cluster2=0 cluster1=0 cluster6=1 cluster9=1 cluster10=1 cluster7=1
12 cluster8=0 cluster3=0 cluster2=0 cluster1=1 cluster6=1 cluster9=1 cluster10=1 cluster7=1
13 cluster8=0 cluster3=0 cluster2=1 cluster1=1 cluster6=1 cluster9=1 cluster10=1 cluster7=1
14 cluster8=0 cluster3=1 cluster2=1 cluster1=1 cluster6=1 cluster9=1 cluster10=1 cluster7=1
15 cluster8=1 cluster3=1 cluster2=1 cluster1=1 cluster6=1 cluster9=1 cluster10=1 cluster7=1
16 cluster8=1 cluster3=1 cluster2=1 cluster1=1 cluster6=1 cluster9=1 cluster10=1 cluster7=0
17 cluster8=1 cluster3=1 cluster2=1 cluster1=1 cluster6=1 cluster9=0 cluster10=1 cluster7=1
18 cluster8=1 cluster3=1 cluster2=1 cluster1=1 cluster6=1 cluster9=0 cluster10=1 cluster7=0
19 cluster8=1 cluster3=1 cluster2=1 cluster1=0 cluster6=1 cluster9=1 cluster10=1 cluster7=1
20 cluster8=1 cluster3=1 cluster2=1 cluster1=0 cluster6=1 cluster9=1 cluster10=1 cluster7=0
21 cluster8=1 cluster3=1 cluster2=1 cluster1=0 cluster6=1 cluster9=0 cluster10=1 cluster7=1
22 cluster8=1 cluster3=1 cluster2=1 cluster1=0 cluster6=1 cluster9=0 cluster10=1 cluster7=0
23 cluster8=1 cluster3=1 cluster2=1 cluster1=1 cluster6=1 cluster9=1 cluster10=0 cluster7=0
24 cluster8=1 cluster3=1 cluster2=1 cluster1=1 cluster6=1 cluster9=0 cluster10=0 cluster7=0
25 cluster8=1 cluster3=1 cluster2=1 cluster1=0 cluster6=1 cluster9=1 cluster10=0 cluster7=0
26 cluster8=1 cluster3=1 cluster2=1 cluster1=0 cluster6=1 cluster9=0 cluster10=0 cluster7=0
27 cluster8=1 cluster3=1 cluster2=1 cluster1=1 cluster6=0 cluster9=0 cluster10=0 cluster7=0
28 cluster8=1 cluster3=1 cluster2=1 cluster1=0 cluster6=0 cluster9=0 cluster10=0 cluster7=0
29 cluster8=1 cluster3=1 cluster2=0 cluster1=0 cluster6=0 cluster9=0 cluster10=0 cluster7=0
30 cluster8=1 cluster3=0 cluster2=0 cluster1=0 cluster6=0 cluster9=0 cluster10=0 cluster7=0
31 cluster8=0 cluster3=0 cluster2=0 cluster1=0 cluster6=1 cluster9=0 cluster10=0 cluster7=0
32 cluster8=0 cluster3=0 cluster2=1 cluster1=0 cluster6=0 cluster9=0 cluster10=0 cluster7=0
33 cluster8=0 cluster3=0 cluster2=0 cluster1=0 cluster6=0 cluster9=0 cluster10=1 cluster7=0
34 cluster8=0 cluster3=1 cluster2=0 cluster1=0 cluster6=0 cluster9=0 cluster10=0 cluster7=0
inputRegulatorOGs.size() = 1999 inputOGList.size() = 50
binkey=4 [Edge status: 0 0 1 0 0 0 0 0 ] P(G)=P(cluster8=0)[0.8] * P(cluster1=0|cluster2=1) * P(cluster9=0|cluster6=0) * P(cluster7=0|cluster10=0) * P(cluster10=0|cluster6=0) * P(cluster6=0|cluster2=1) * P(cluster2=1|cluster3=0) * P(cluster3=0|cluster8=0)[0.0032768]=0.00262144
binkey=1 [Edge status: 1 0 0 0 0 0 0 0 ] P(G)=P(cluster8=1)[0.2] * P(cluster1=0|cluster2=0) * P(cluster9=0|cluster6=0) * P(cluster7=0|cluster10=0) * P(cluster10=0|cluster6=0) * P(cluster6=0|cluster2=0) * P(cluster2=0|cluster3=0) * P(cluster3=0|cluster8=1)[0.0524288]=0.0104858
binkey=64 [Edge status: 0 0 0 0 0 0 1 0 ] P(G)=P(cluster8=0)[0.8] * P(cluster1=0|cluster2=0) * P(cluster9=0|cluster6=0) * P(cluster7=0|cluster10=1) * P(cluster10=1|cluster6=0) * P(cluster6=0|cluster2=0) * P(cluster2=0|cluster3=0) * P(cluster3=0|cluster8=0)[0.0131072]=0.0104858
binkey=8 [Edge status: 0 0 0 1 0 0 0 0 ] P(G)=P(cluster8=0)[0.8] * P(cluster1=1|cluster2=0) * P(cluster9=0|cluster6=0) * P(cluster7=0|cluster10=0) * P(cluster10=0|cluster6=0) * P(cluster6=0|cluster2=0) * P(cluster2=0|cluster3=0) * P(cluster3=0|cluster8=0)[0.0524288]=0.041943
binkey=128 [Edge status: 0 0 0 0 0 0 0 1 ] P(G)=P(cluster8=0)[0.8] * P(cluster1=0|cluster2=0) * P(cluster9=0|cluster6=0) * P(cluster7=1|cluster10=0) * P(cluster10=0|cluster6=0) * P(cluster6=0|cluster2=0) * P(cluster2=0|cluster3=0) * P(cluster3=0|cluster8=0)[0.0524288]=0.041943
binkey=16 [Edge status: 0 0 0 0 1 0 0 0 ] P(G)=P(cluster8=0)[0.8] * P(cluster1=0|cluster2=0) * P(cluster9=0|cluster6=1) * P(cluster7=0|cluster10=0) * P(cluster10=0|cluster6=1) * P(cluster6=1|cluster2=0) * P(cluster2=0|cluster3=0) * P(cluster3=0|cluster8=0)[0.0032768]=0.00262144
binkey=32 [Edge status: 0 0 0 0 0 1 0 0 ] P(G)=P(cluster8=0)[0.8] * P(cluster1=0|cluster2=0) * P(cluster9=1|cluster6=0) * P(cluster7=0|cluster10=0) * P(cluster10=0|cluster6=0) * P(cluster6=0|cluster2=0) * P(cluster2=0|cluster3=0) * P(cluster3=0|cluster8=0)[0.0524288]=0.041943
binkey=2 [Edge status: 0 1 0 0 0 0 0 0 ] P(G)=P(cluster8=0)[0.8] * P(cluster1=0|cluster2=0) * P(cluster9=0|cluster6=0) * P(cluster7=0|cluster10=0) * P(cluster10=0|cluster6=0) * P(cluster6=0|cluster2=0) * P(cluster2=0|cluster3=1) * P(cluster3=1|cluster8=0)[0.0131072]=0.0104858
binkey=160 [Edge status: 0 0 0 0 0 1 0 1 ] P(G)=P(cluster8=0)[0.8] * P(cluster1=0|cluster2=0) * P(cluster9=1|cluster6=0) * P(cluster7=1|cluster10=0) * P(cluster10=0|cluster6=0) * P(cluster6=0|cluster2=0) * P(cluster2=0|cluster3=0) * P(cluster3=0|cluster8=0)[0.0131072]=0.0104858
binkey=136 [Edge status: 0 0 0 1 0 0 0 1 ] P(G)=P(cluster8=0)[0.8] * P(cluster1=1|cluster2=0) * P(cluster9=0|cluster6=0) * P(cluster7=1|cluster10=0) * P(cluster10=0|cluster6=0) * P(cluster6=0|cluster2=0) * P(cluster2=0|cluster3=0) * P(cluster3=0|cluster8=0)[0.0131072]=0.0104858
binkey=3 [Edge status: 1 1 0 0 0 0 0 0 ] P(G)=P(cluster8=1)[0.2] * P(cluster1=0|cluster2=0) * P(cluster9=0|cluster6=0) * P(cluster7=0|cluster10=0) * P(cluster10=0|cluster6=0) * P(cluster6=0|cluster2=0) * P(cluster2=0|cluster3=1) * P(cluster3=1|cluster8=1)[0.0524288]=0.0104858
binkey=40 [Edge status: 0 0 0 1 0 1 0 0 ] P(G)=P(cluster8=0)[0.8] * P(cluster1=1|cluster2=0) * P(cluster9=1|cluster6=0) * P(cluster7=0|cluster10=0) * P(cluster10=0|cluster6=0) * P(cluster6=0|cluster2=0) * P(cluster2=0|cluster3=0) * P(cluster3=0|cluster8=0)[0.0131072]=0.0104858
binkey=192 [Edge status: 0 0 0 0 0 0 1 1 ] P(G)=P(cluster8=0)[0.8] * P(cluster1=0|cluster2=0) * P(cluster9=0|cluster6=0) * P(cluster7=1|cluster10=1) * P(cluster10=1|cluster6=0) * P(cluster6=0|cluster2=0) * P(cluster2=0|cluster3=0) * P(cluster3=0|cluster8=0)[0.0524288]=0.041943
binkey=224 [Edge status: 0 0 0 0 0 1 1 1 ] P(G)=P(cluster8=0)[0.8] * P(cluster1=0|cluster2=0) * P(cluster9=1|cluster6=0) * P(cluster7=1|cluster10=1) * P(cluster10=1|cluster6=0) * P(cluster6=0|cluster2=0) * P(cluster2=0|cluster3=0) * P(cluster3=0|cluster8=0)[0.0131072]=0.0104858
binkey=240 [Edge status: 0 0 0 0 1 1 1 1 ] P(G)=P(cluster8=0)[0.8] * P(cluster1=0|cluster2=0) * P(cluster9=1|cluster6=1) * P(cluster7=1|cluster10=1) * P(cluster10=1|cluster6=1) * P(cluster6=1|cluster2=0) * P(cluster2=0|cluster3=0) * P(cluster3=0|cluster8=0)[0.0524288]=0.041943
binkey=247 [Edge status: 1 1 1 0 1 1 1 1 ] P(G)=P(cluster8=1)[0.2] * P(cluster1=0|cluster2=1) * P(cluster9=1|cluster6=1) * P(cluster7=1|cluster10=1) * P(cluster10=1|cluster6=1) * P(cluster6=1|cluster2=1) * P(cluster2=1|cluster3=1) * P(cluster3=1|cluster8=1)[0.0524288]=0.0104858
binkey=119 [Edge status: 1 1 1 0 1 1 1 0 ] P(G)=P(cluster8=1)[0.2] * P(cluster1=0|cluster2=1) * P(cluster9=1|cluster6=1) * P(cluster7=0|cluster10=1) * P(cluster10=1|cluster6=1) * P(cluster6=1|cluster2=1) * P(cluster2=1|cluster3=1) * P(cluster3=1|cluster8=1)[0.0131072]=0.00262144
binkey=215 [Edge status: 1 1 1 0 1 0 1 1 ] P(G)=P(cluster8=1)[0.2] * P(cluster1=0|cluster2=1) * P(cluster9=0|cluster6=1) * P(cluster7=1|cluster10=1) * P(cluster10=1|cluster6=1) * P(cluster6=1|cluster2=1) * P(cluster2=1|cluster3=1) * P(cluster3=1|cluster8=1)[0.0131072]=0.00262144
binkey=87 [Edge status: 1 1 1 0 1 0 1 0 ] P(G)=P(cluster8=1)[0.2] * P(cluster1=0|cluster2=1) * P(cluster9=0|cluster6=1) * P(cluster7=0|cluster10=1) * P(cluster10=1|cluster6=1) * P(cluster6=1|cluster2=1) * P(cluster2=1|cluster3=1) * P(cluster3=1|cluster8=1)[0.0032768]=0.00065536
binkey=55 [Edge status: 1 1 1 0 1 1 0 0 ] P(G)=P(cluster8=1)[0.2] * P(cluster1=0|cluster2=1) * P(cluster9=1|cluster6=1) * P(cluster7=0|cluster10=0) * P(cluster10=0|cluster6=1) * P(cluster6=1|cluster2=1) * P(cluster2=1|cluster3=1) * P(cluster3=1|cluster8=1)[0.0131072]=0.00262144
binkey=23 [Edge status: 1 1 1 0 1 0 0 0 ] P(G)=P(cluster8=1)[0.2] * P(cluster1=0|cluster2=1) * P(cluster9=0|cluster6=1) * P(cluster7=0|cluster10=0) * P(cluster10=0|cluster6=1) * P(cluster6=1|cluster2=1) * P(cluster2=1|cluster3=1) * P(cluster3=1|cluster8=1)[0.0032768]=0.00065536
binkey=7 [Edge status: 1 1 1 0 0 0 0 0 ] P(G)=P(cluster8=1)[0.2] * P(cluster1=0|cluster2=1) * P(cluster9=0|cluster6=0) * P(cluster7=0|cluster10=0) * P(cluster10=0|cluster6=0) * P(cluster6=0|cluster2=1) * P(cluster2=1|cluster3=1) * P(cluster3=1|cluster8=1)[0.0131072]=0.00262144
binkey=168 [Edge status: 0 0 0 1 0 1 0 1 ] P(G)=P(cluster8=0)[0.8] * P(cluster1=1|cluster2=0) * P(cluster9=1|cluster6=0) * P(cluster7=1|cluster10=0) * P(cluster10=0|cluster6=0) * P(cluster6=0|cluster2=0) * P(cluster2=0|cluster3=0) * P(cluster3=0|cluster8=0)[0.0032768]=0.00262144
binkey=200 [Edge status: 0 0 0 1 0 0 1 1 ] P(G)=P(cluster8=0)[0.8] * P(cluster1=1|cluster2=0) * P(cluster9=0|cluster6=0) * P(cluster7=1|cluster10=1) * P(cluster10=1|cluster6=0) * P(cluster6=0|cluster2=0) * P(cluster2=0|cluster3=0) * P(cluster3=0|cluster8=0)[0.0131072]=0.0104858
binkey=232 [Edge status: 0 0 0 1 0 1 1 1 ] P(G)=P(cluster8=0)[0.8] * P(cluster1=1|cluster2=0) * P(cluster9=1|cluster6=0) * P(cluster7=1|cluster10=1) * P(cluster10=1|cluster6=0) * P(cluster6=0|cluster2=0) * P(cluster2=0|cluster3=0) * P(cluster3=0|cluster8=0)[0.0032768]=0.00262144
binkey=248 [Edge status: 0 0 0 1 1 1 1 1 ] P(G)=P(cluster8=0)[0.8] * P(cluster1=1|cluster2=0) * P(cluster9=1|cluster6=1) * P(cluster7=1|cluster10=1) * P(cluster10=1|cluster6=1) * P(cluster6=1|cluster2=0) * P(cluster2=0|cluster3=0) * P(cluster3=0|cluster8=0)[0.0131072]=0.0104858
binkey=252 [Edge status: 0 0 1 1 1 1 1 1 ] P(G)=P(cluster8=0)[0.8] * P(cluster1=1|cluster2=1) * P(cluster9=1|cluster6=1) * P(cluster7=1|cluster10=1) * P(cluster10=1|cluster6=1) * P(cluster6=1|cluster2=1) * P(cluster2=1|cluster3=0) * P(cluster3=0|cluster8=0)[0.0524288]=0.041943
binkey=254 [Edge status: 0 1 1 1 1 1 1 1 ] P(G)=P(cluster8=0)[0.8] * P(cluster1=1|cluster2=1) * P(cluster9=1|cluster6=1) * P(cluster7=1|cluster10=1) * P(cluster10=1|cluster6=1) * P(cluster6=1|cluster2=1) * P(cluster2=1|cluster3=1) * P(cluster3=1|cluster8=0)[0.0524288]=0.041943
binkey=255 [Edge status: 1 1 1 1 1 1 1 1 ] P(G)=P(cluster8=1)[0.2] * P(cluster1=1|cluster2=1) * P(cluster9=1|cluster6=1) * P(cluster7=1|cluster10=1) * P(cluster10=1|cluster6=1) * P(cluster6=1|cluster2=1) * P(cluster2=1|cluster3=1) * P(cluster3=1|cluster8=1)[0.209715]=0.041943
binkey=127 [Edge status: 1 1 1 1 1 1 1 0 ] P(G)=P(cluster8=1)[0.2] * P(cluster1=1|cluster2=1) * P(cluster9=1|cluster6=1) * P(cluster7=0|cluster10=1) * P(cluster10=1|cluster6=1) * P(cluster6=1|cluster2=1) * P(cluster2=1|cluster3=1) * P(cluster3=1|cluster8=1)[0.0524288]=0.0104858
binkey=223 [Edge status: 1 1 1 1 1 0 1 1 ] P(G)=P(cluster8=1)[0.2] * P(cluster1=1|cluster2=1) * P(cluster9=0|cluster6=1) * P(cluster7=1|cluster10=1) * P(cluster10=1|cluster6=1) * P(cluster6=1|cluster2=1) * P(cluster2=1|cluster3=1) * P(cluster3=1|cluster8=1)[0.0524288]=0.0104858
binkey=95 [Edge status: 1 1 1 1 1 0 1 0 ] P(G)=P(cluster8=1)[0.2] * P(cluster1=1|cluster2=1) * P(cluster9=0|cluster6=1) * P(cluster7=0|cluster10=1) * P(cluster10=1|cluster6=1) * P(cluster6=1|cluster2=1) * P(cluster2=1|cluster3=1) * P(cluster3=1|cluster8=1)[0.0131072]=0.00262144
binkey=63 [Edge status: 1 1 1 1 1 1 0 0 ] P(G)=P(cluster8=1)[0.2] * P(cluster1=1|cluster2=1) * P(cluster9=1|cluster6=1) * P(cluster7=0|cluster10=0) * P(cluster10=0|cluster6=1) * P(cluster6=1|cluster2=1) * P(cluster2=1|cluster3=1) * P(cluster3=1|cluster8=1)[0.0524288]=0.0104858
binkey=31 [Edge status: 1 1 1 1 1 0 0 0 ] P(G)=P(cluster8=1)[0.2] * P(cluster1=1|cluster2=1) * P(cluster9=0|cluster6=1) * P(cluster7=0|cluster10=0) * P(cluster10=0|cluster6=1) * P(cluster6=1|cluster2=1) * P(cluster2=1|cluster3=1) * P(cluster3=1|cluster8=1)[0.0131072]=0.00262144
binkey=15 [Edge status: 1 1 1 1 0 0 0 0 ] P(G)=P(cluster8=1)[0.2] * P(cluster1=1|cluster2=1) * P(cluster9=0|cluster6=0) * P(cluster7=0|cluster10=0) * P(cluster10=0|cluster6=0) * P(cluster6=0|cluster2=1) * P(cluster2=1|cluster3=1) * P(cluster3=1|cluster8=1)[0.0524288]=0.0104858
ITERATION 0 newScore=-2.73518e+06 diffscore=10716.4 priorChange=-105.358 successMove=61
ITERATION 1 newScore=-2.72759e+06 diffscore=7591.31 priorChange=-112.29 successMove=58
ITERATION 2 newScore=-2.72321e+06 diffscore=4378.67 priorChange=-117.835 successMove=53
ITERATION 3 newScore=-2.71875e+06 diffscore=4458.73 priorChange=-124.766 successMove=54
ITERATION 4 newScore=-2.71459e+06 diffscore=4161.12 priorChange=-105.358 successMove=56
ITERATION 5 newScore=-2.70771e+06 diffscore=6873.31 priorChange=-109.517 successMove=52
ITERATION 6 newScore=-2.70018e+06 diffscore=7534.81 priorChange=-113.676 successMove=50
ITERATION 7 newScore=-2.69482e+06 diffscore=5357.94 priorChange=-134.471 successMove=52
ITERATION 8 newScore=-2.69069e+06 diffscore=4133.61 priorChange=-115.062 successMove=50
ITERATION 9 newScore=-2.68765e+06 diffscore=3041.07 priorChange=-110.904 successMove=52
ITERATION 10 newScore=-2.68698e+06 diffscore=669.894 priorChange=-95.6543 successMove=54
ITERATION 11 newScore=-2.68455e+06 diffscore=2425.02 priorChange=-119.221 successMove=51
ITERATION 12 newScore=-2.68279e+06 diffscore=1760.19 priorChange=-106.745 successMove=51
ITERATION 13 newScore=-2.68218e+06 diffscore=614.4 priorChange=-115.062 successMove=54
ITERATION 14 newScore=-2.68047e+06 diffscore=1710.02 priorChange=-90.1091 successMove=53
ITERATION 15 newScore=-2.6778e+06 diffscore=2666.96 priorChange=-109.517 successMove=54
ITERATION 16 newScore=-2.67732e+06 diffscore=481.013 priorChange=-99.8132 successMove=52
ITERATION 17 newScore=-2.67688e+06 diffscore=438.783 priorChange=-99.8132 successMove=50
ITERATION 18 newScore=-2.6764e+06 diffscore=478.832 priorChange=-110.904 successMove=49
ITERATION 19 newScore=-2.67595e+06 diffscore=456.818 priorChange=-103.972 successMove=50
ITERATION 20 newScore=-2.67284e+06 diffscore=3109.45 priorChange=-92.8817 successMove=49
ITERATION 21 newScore=-2.67241e+06 diffscore=422.805 priorChange=-101.199 successMove=48
ITERATION 22 newScore=-2.6706e+06 diffscore=1810.82 priorChange=-91.4954 successMove=54
ITERATION 23 newScore=-2.66872e+06 diffscore=1881.72 priorChange=-83.1777 successMove=47
ITERATION 24 newScore=-2.66764e+06 diffscore=1085.39 priorChange=-87.3365 successMove=46
ITERATION 25 newScore=-2.6673e+06 diffscore=335.082 priorChange=-88.7228 successMove=46
ITERATION 26 newScore=-2.6661e+06 diffscore=1196.36 priorChange=-105.358 successMove=47
ITERATION 27 newScore=-2.66441e+06 diffscore=1693.43 priorChange=-85.9503 successMove=48
ITERATION 28 newScore=-2.66292e+06 diffscore=1489.86 priorChange=-76.2462 successMove=46
ITERATION 29 newScore=-2.66171e+06 diffscore=1205.95 priorChange=-84.564 successMove=47
ITERATION 30 newScore=-2.66129e+06 diffscore=424.033 priorChange=-97.0406 successMove=45
ITERATION 31 newScore=-2.6609e+06 diffscore=390.689 priorChange=-101.199 successMove=45
ITERATION 32 newScore=-2.65935e+06 diffscore=1551.83 priorChange=-94.268 successMove=45
ITERATION 33 newScore=-2.65902e+06 diffscore=326.957 priorChange=-92.8817 successMove=47
ITERATION 34 newScore=-2.6586e+06 diffscore=417.046 priorChange=-105.358 successMove=45
ITERATION 35 newScore=-2.65702e+06 diffscore=1583.53 priorChange=-90.1091 successMove=44
ITERATION 36 newScore=-2.65662e+06 diffscore=402.554 priorChange=-80.4051 successMove=43
ITERATION 37 newScore=-2.65614e+06 diffscore=481.655 priorChange=-76.2462 successMove=43
ITERATION 38 newScore=-2.65503e+06 diffscore=1111.09 priorChange=-84.564 successMove=42
ITERATION 39 newScore=-2.65457e+06 diffscore=454.796 priorChange=-76.2462 successMove=42
ITERATION 40 newScore=-2.65283e+06 diffscore=1740.22 priorChange=-90.1091 successMove=41
ITERATION 41 newScore=-2.64998e+06 diffscore=2847.12 priorChange=-91.4954 successMove=43
ITERATION 42 newScore=-2.64897e+06 diffscore=1016.02 priorChange=-80.4051 successMove=40
ITERATION 43 newScore=-2.64868e+06 diffscore=282.069 priorChange=-87.3365 successMove=42
ITERATION 44 newScore=-2.64834e+06 diffscore=349.911 priorChange=-91.4954 successMove=40
ITERATION 45 newScore=-2.64792e+06 diffscore=417.647 priorChange=-90.1091 successMove=41
ITERATION 46 newScore=-2.64648e+06 diffscore=1438.31 priorChange=-97.0406 successMove=41
ITERATION 47 newScore=-2.64616e+06 diffscore=314.427 priorChange=-74.8599 successMove=38
ITERATION 48 newScore=-2.64582e+06 diffscore=344.952 priorChange=-72.0873 successMove=41
ITERATION 49 newScore=-2.64533e+06 diffscore=490.007 priorChange=-76.2462 successMove=38
ITERATION 50 newScore=-2.64376e+06 diffscore=1570.23 priorChange=-77.6325 successMove=37
ITERATION 51 newScore=-2.64328e+06 diffscore=483.505 priorChange=-65.1558 successMove=38
ITERATION 52 newScore=-2.64095e+06 diffscore=2329.63 priorChange=-73.4736 successMove=35
ITERATION 53 newScore=-2.63932e+06 diffscore=1625.07 priorChange=-59.6107 successMove=36
ITERATION 54 newScore=-2.63833e+06 diffscore=991.633 priorChange=-62.3832 successMove=34
ITERATION 55 newScore=-2.63794e+06 diffscore=388.532 priorChange=-60.997 successMove=34
ITERATION 56 newScore=-2.63651e+06 diffscore=1430.26 priorChange=-59.6107 successMove=33
ITERATION 57 newScore=-2.63607e+06 diffscore=444.512 priorChange=-51.2929 successMove=34
ITERATION 58 newScore=-2.63566e+06 diffscore=407.726 priorChange=-62.3832 successMove=33
ITERATION 59 newScore=-2.63404e+06 diffscore=1617.67 priorChange=-60.997 successMove=31
ITERATION 60 newScore=-2.63367e+06 diffscore=375.357 priorChange=-58.2244 successMove=30
ITERATION 61 newScore=-2.62929e+06 diffscore=4379.89 priorChange=-56.8381 successMove=30
ITERATION 62 newScore=-2.62906e+06 diffscore=222.628 priorChange=-59.6107 successMove=27
ITERATION 63 newScore=-2.6288e+06 diffscore=260.151 priorChange=-59.6107 successMove=27
ITERATION 64 newScore=-2.62728e+06 diffscore=1523.08 priorChange=-55.4518 successMove=26
ITERATION 65 newScore=-2.62656e+06 diffscore=719.781 priorChange=-63.7695 successMove=26
ITERATION 66 newScore=-2.6264e+06 diffscore=157.108 priorChange=-62.3832 successMove=26
ITERATION 67 newScore=-2.62611e+06 diffscore=288.518 priorChange=-47.134 successMove=25
ITERATION 68 newScore=-2.62596e+06 diffscore=156.755 priorChange=-44.3614 successMove=23
ITERATION 69 newScore=-2.62489e+06 diffscore=1067.75 priorChange=-49.9066 successMove=23
ITERATION 70 newScore=-2.62466e+06 diffscore=233.726 priorChange=-55.4518 successMove=23
ITERATION 71 newScore=-2.6245e+06 diffscore=161.131 priorChange=-40.2025 successMove=21
ITERATION 72 newScore=-2.62437e+06 diffscore=126.588 priorChange=-44.3614 successMove=20
ITERATION 73 newScore=-2.62427e+06 diffscore=102.394 priorChange=-29.1122 successMove=19
ITERATION 74 newScore=-2.62307e+06 diffscore=1200.24 priorChange=-44.3614 successMove=20
ITERATION 75 newScore=-2.62201e+06 diffscore=1056.75 priorChange=-40.2025 successMove=19
ITERATION 76 newScore=-2.62194e+06 diffscore=66.5553 priorChange=-41.5888 successMove=18
ITERATION 77 newScore=-2.62188e+06 diffscore=60.5871 priorChange=-37.4299 successMove=17
ITERATION 78 newScore=-2.62183e+06 diffscore=56.6445 priorChange=-33.2711 successMove=17
ITERATION 79 newScore=-2.62177e+06 diffscore=52.9381 priorChange=-27.7259 successMove=15
ITERATION 80 newScore=-2.62172e+06 diffscore=47.7438 priorChange=-29.1122 successMove=15
ITERATION 81 newScore=-2.62168e+06 diffscore=42.879 priorChange=-23.567 successMove=14
ITERATION 82 newScore=-2.62163e+06 diffscore=48.9369 priorChange=-29.1122 successMove=14
ITERATION 83 newScore=-2.62159e+06 diffscore=45.5364 priorChange=-26.3396 successMove=12
ITERATION 84 newScore=-2.62154e+06 diffscore=47.3514 priorChange=-27.7259 successMove=11
ITERATION 85 newScore=-2.6215e+06 diffscore=36.171 priorChange=-18.0218 successMove=9
ITERATION 86 newScore=-2.62147e+06 diffscore=36.6837 priorChange=-19.4081 successMove=8
ITERATION 87 newScore=-2.62143e+06 diffscore=35.4502 priorChange=-19.4081 successMove=8
ITERATION 88 newScore=-2.6214e+06 diffscore=33.3635 priorChange=-20.7944 successMove=8
ITERATION 89 newScore=-2.62136e+06 diffscore=33.4637 priorChange=-19.4081 successMove=7
ITERATION 90 newScore=-2.62133e+06 diffscore=31.9199 priorChange=-16.6355 successMove=7
ITERATION 91 newScore=-2.62131e+06 diffscore=25.5521 priorChange=-12.4766 successMove=6
ITERATION 92 newScore=-2.62128e+06 diffscore=24.4012 priorChange=-15.2492 successMove=6
ITERATION 93 newScore=-2.62126e+06 diffscore=21.8058 priorChange=-9.70406 successMove=6
ITERATION 94 newScore=-2.62124e+06 diffscore=21.3233 priorChange=-13.8629 successMove=7
ITERATION 95 newScore=-2.62123e+06 diffscore=14.2942 priorChange=-8.31777 successMove=5
ITERATION 96 newScore=-2.62121e+06 diffscore=19.705 priorChange=-9.70406 successMove=5
ITERATION 97 newScore=-2.62118e+06 diffscore=29.4733 priorChange=-5.54518 successMove=4
ITERATION 98 newScore=-2.62115e+06 diffscore=24.8707 priorChange=-5.54518 successMove=3
ITERATION 99 newScore=-2.62112e+06 diffscore=27.0033 priorChange=-8.31777 successMove=3
MetaLearner::dumpAllGraphs
Final Score -2.62112e+06
MetaLearner::start runtime: 925889983 ms
Results/
Results/cluster8/
Results/cluster8/fold0/
Results/cluster8/fold0/var_mb_pw_k50.txt
Results/cluster8/fold0/modelparams.txt
Results/cluster8/scoreFile.txt
Results/cluster3/
Results/cluster3/fold0/
Results/cluster3/fold0/var_mb_pw_k50.txt
Results/cluster3/fold0/modelparams.txt
Results/cluster2/
Results/cluster2/fold0/
Results/cluster2/fold0/var_mb_pw_k50.txt
Results/cluster2/fold0/modelparams.txt
Results/cluster1/
Results/cluster1/fold0/
Results/cluster1/fold0/var_mb_pw_k50.txt
Results/cluster1/fold0/modelparams.txt
Results/cluster6/
Results/cluster6/fold0/
Results/cluster6/fold0/var_mb_pw_k50.txt
Results/cluster6/fold0/modelparams.txt
Results/cluster9/
Results/cluster9/fold0/
Results/cluster9/fold0/var_mb_pw_k50.txt
Results/cluster9/fold0/modelparams.txt
Results/cluster10/
Results/cluster10/fold0/
Results/cluster10/fold0/var_mb_pw_k50.txt
Results/cluster10/fold0/modelparams.txt
Results/cluster7/
Results/cluster7/fold0/
Results/cluster7/fold0/var_mb_pw_k50.txt
Results/cluster7/fold0/modelparams.txt
