./CVN -f config_condor.txt -x50 -v1 -l TFs_OGs.txt -n AllGenes93.txt -d celltype_tree_ancestor.txt -m testdata_ogids.txt -s celltype_order.txt -p 0.2 -c yes -b -4 -q 4
(cluster3|cluster8) p_maintain_edge=0.8 p_gain=0.2
(cluster2|cluster3) p_maintain_edge=0.8 p_gain=0.2
(cluster1|cluster2) p_maintain_edge=0.8 p_gain=0.2
(cluster6|cluster2) p_maintain_edge=0.8 p_gain=0.2
(cluster9|cluster6) p_maintain_edge=0.8 p_gain=0.2
(cluster10|cluster6) p_maintain_edge=0.8 p_gain=0.2
(cluster7|cluster10) p_maintain_edge=0.8 p_gain=0.2
speciesSet.size()=8 Root is cluster8
MappedOrthogroupReader::readSpeciesMapping() --- celltype_order.txt
MappedOrthogroupReader::readFile - testdata_ogids.txt
MappedOrthogroupReader::generateGeneOrthoMap()
MetaLearner::init_onefold() read:config_condor.txt
MetaLearner::setinputVariableNames number of variables: 2043
readEvidenceTable:cluster8.table
PotentialManager::loadEvidenceFromTable varCount=2043 sampleCount=348
motifNetwork.size() = 319
0=cluster8 motifNetwork=cluster8_network.txt
variable size=2043
readEvidenceTable:cluster3.table
PotentialManager::loadEvidenceFromTable varCount=2043 sampleCount=95
motifNetwork.size() = 326
1=cluster3 motifNetwork=cluster3_network.txt
variable size=2043
readEvidenceTable:cluster2.table
PotentialManager::loadEvidenceFromTable varCount=2043 sampleCount=386
motifNetwork.size() = 328
2=cluster2 motifNetwork=cluster2_network.txt
variable size=2043
readEvidenceTable:cluster1.table
PotentialManager::loadEvidenceFromTable varCount=2043 sampleCount=36
motifNetwork.size() = 322
3=cluster1 motifNetwork=cluster1_network.txt
variable size=2043
readEvidenceTable:cluster6.table
PotentialManager::loadEvidenceFromTable varCount=2043 sampleCount=524
motifNetwork.size() = 320
4=cluster6 motifNetwork=cluster6_network.txt
variable size=2043
readEvidenceTable:cluster9.table
PotentialManager::loadEvidenceFromTable varCount=2043 sampleCount=184
motifNetwork.size() = 327
5=cluster9 motifNetwork=cluster9_network.txt
variable size=2043
readEvidenceTable:cluster10.table
PotentialManager::loadEvidenceFromTable varCount=2043 sampleCount=165
motifNetwork.size() = 326
6=cluster10 motifNetwork=cluster10_network.txt
variable size=2043
readEvidenceTable:cluster7.table
PotentialManager::loadEvidenceFromTable varCount=2043 sampleCount=1032
motifNetwork.size() = 320
7=cluster7 motifNetwork=cluster7_network.txt
variable size=2043
-------------------------------------------------------------
MetaLearner::start
precomputeEmptyGraphPrior
binkey=0 [Edge status: 0 0 0 0 0 0 0 0 ] P(G)=P(cluster8=0)[0.8] * P(cluster1=0|cluster2=0) * P(cluster9=0|cluster6=0) * P(cluster7=0|cluster10=0) * P(cluster10=0|cluster6=0) * P(cluster6=0|cluster2=0) * P(cluster2=0|cluster3=0) * P(cluster3=0|cluster8=0)[0.209715]=0.167772
condsetMap_Tree
0 cluster8=0 cluster3=0 cluster2=0 cluster1=0 cluster6=0 cluster9=0 cluster10=0 cluster7=1
1 cluster8=0 cluster3=0 cluster2=0 cluster1=0 cluster6=0 cluster9=1 cluster10=0 cluster7=0
2 cluster8=0 cluster3=0 cluster2=0 cluster1=0 cluster6=0 cluster9=1 cluster10=0 cluster7=1
3 cluster8=0 cluster3=0 cluster2=0 cluster1=1 cluster6=0 cluster9=0 cluster10=0 cluster7=0
4 cluster8=0 cluster3=0 cluster2=0 cluster1=1 cluster6=0 cluster9=0 cluster10=0 cluster7=1
5 cluster8=0 cluster3=0 cluster2=0 cluster1=1 cluster6=0 cluster9=1 cluster10=0 cluster7=0
6 cluster8=0 cluster3=0 cluster2=0 cluster1=1 cluster6=0 cluster9=1 cluster10=0 cluster7=1
7 cluster8=0 cluster3=0 cluster2=0 cluster1=0 cluster6=0 cluster9=0 cluster10=1 cluster7=1
8 cluster8=0 cluster3=0 cluster2=0 cluster1=0 cluster6=0 cluster9=1 cluster10=1 cluster7=1
9 cluster8=0 cluster3=0 cluster2=0 cluster1=1 cluster6=0 cluster9=0 cluster10=1 cluster7=1
10 cluster8=0 cluster3=0 cluster2=0 cluster1=1 cluster6=0 cluster9=1 cluster10=1 cluster7=1
11 cluster8=0 cluster3=0 cluster2=0 cluster1=0 cluster6=1 cluster9=1 cluster10=1 cluster7=1
12 cluster8=0 cluster3=0 cluster2=0 cluster1=1 cluster6=1 cluster9=1 cluster10=1 cluster7=1
13 cluster8=0 cluster3=0 cluster2=1 cluster1=1 cluster6=1 cluster9=1 cluster10=1 cluster7=1
14 cluster8=0 cluster3=1 cluster2=1 cluster1=1 cluster6=1 cluster9=1 cluster10=1 cluster7=1
15 cluster8=1 cluster3=1 cluster2=1 cluster1=1 cluster6=1 cluster9=1 cluster10=1 cluster7=1
16 cluster8=1 cluster3=1 cluster2=1 cluster1=1 cluster6=1 cluster9=1 cluster10=1 cluster7=0
17 cluster8=1 cluster3=1 cluster2=1 cluster1=1 cluster6=1 cluster9=0 cluster10=1 cluster7=1
18 cluster8=1 cluster3=1 cluster2=1 cluster1=1 cluster6=1 cluster9=0 cluster10=1 cluster7=0
19 cluster8=1 cluster3=1 cluster2=1 cluster1=0 cluster6=1 cluster9=1 cluster10=1 cluster7=1
20 cluster8=1 cluster3=1 cluster2=1 cluster1=0 cluster6=1 cluster9=1 cluster10=1 cluster7=0
21 cluster8=1 cluster3=1 cluster2=1 cluster1=0 cluster6=1 cluster9=0 cluster10=1 cluster7=1
22 cluster8=1 cluster3=1 cluster2=1 cluster1=0 cluster6=1 cluster9=0 cluster10=1 cluster7=0
23 cluster8=1 cluster3=1 cluster2=1 cluster1=1 cluster6=1 cluster9=1 cluster10=0 cluster7=0
24 cluster8=1 cluster3=1 cluster2=1 cluster1=1 cluster6=1 cluster9=0 cluster10=0 cluster7=0
25 cluster8=1 cluster3=1 cluster2=1 cluster1=0 cluster6=1 cluster9=1 cluster10=0 cluster7=0
26 cluster8=1 cluster3=1 cluster2=1 cluster1=0 cluster6=1 cluster9=0 cluster10=0 cluster7=0
27 cluster8=1 cluster3=1 cluster2=1 cluster1=1 cluster6=0 cluster9=0 cluster10=0 cluster7=0
28 cluster8=1 cluster3=1 cluster2=1 cluster1=0 cluster6=0 cluster9=0 cluster10=0 cluster7=0
29 cluster8=1 cluster3=1 cluster2=0 cluster1=0 cluster6=0 cluster9=0 cluster10=0 cluster7=0
30 cluster8=1 cluster3=0 cluster2=0 cluster1=0 cluster6=0 cluster9=0 cluster10=0 cluster7=0
31 cluster8=0 cluster3=0 cluster2=0 cluster1=0 cluster6=1 cluster9=0 cluster10=0 cluster7=0
32 cluster8=0 cluster3=0 cluster2=1 cluster1=0 cluster6=0 cluster9=0 cluster10=0 cluster7=0
33 cluster8=0 cluster3=0 cluster2=0 cluster1=0 cluster6=0 cluster9=0 cluster10=1 cluster7=0
34 cluster8=0 cluster3=1 cluster2=0 cluster1=0 cluster6=0 cluster9=0 cluster10=0 cluster7=0
inputRegulatorOGs.size() = 1999 inputOGList.size() = 50
binkey=8 [Edge status: 0 0 0 1 0 0 0 0 ] P(G)=P(cluster8=0)[0.8] * P(cluster1=1|cluster2=0) * P(cluster9=0|cluster6=0) * P(cluster7=0|cluster10=0) * P(cluster10=0|cluster6=0) * P(cluster6=0|cluster2=0) * P(cluster2=0|cluster3=0) * P(cluster3=0|cluster8=0)[0.0524288]=0.041943
binkey=128 [Edge status: 0 0 0 0 0 0 0 1 ] P(G)=P(cluster8=0)[0.8] * P(cluster1=0|cluster2=0) * P(cluster9=0|cluster6=0) * P(cluster7=1|cluster10=0) * P(cluster10=0|cluster6=0) * P(cluster6=0|cluster2=0) * P(cluster2=0|cluster3=0) * P(cluster3=0|cluster8=0)[0.0524288]=0.041943
binkey=64 [Edge status: 0 0 0 0 0 0 1 0 ] P(G)=P(cluster8=0)[0.8] * P(cluster1=0|cluster2=0) * P(cluster9=0|cluster6=0) * P(cluster7=0|cluster10=1) * P(cluster10=1|cluster6=0) * P(cluster6=0|cluster2=0) * P(cluster2=0|cluster3=0) * P(cluster3=0|cluster8=0)[0.0131072]=0.0104858
binkey=16 [Edge status: 0 0 0 0 1 0 0 0 ] P(G)=P(cluster8=0)[0.8] * P(cluster1=0|cluster2=0) * P(cluster9=0|cluster6=1) * P(cluster7=0|cluster10=0) * P(cluster10=0|cluster6=1) * P(cluster6=1|cluster2=0) * P(cluster2=0|cluster3=0) * P(cluster3=0|cluster8=0)[0.0032768]=0.00262144
binkey=32 [Edge status: 0 0 0 0 0 1 0 0 ] P(G)=P(cluster8=0)[0.8] * P(cluster1=0|cluster2=0) * P(cluster9=1|cluster6=0) * P(cluster7=0|cluster10=0) * P(cluster10=0|cluster6=0) * P(cluster6=0|cluster2=0) * P(cluster2=0|cluster3=0) * P(cluster3=0|cluster8=0)[0.0524288]=0.041943
binkey=1 [Edge status: 1 0 0 0 0 0 0 0 ] P(G)=P(cluster8=1)[0.2] * P(cluster1=0|cluster2=0) * P(cluster9=0|cluster6=0) * P(cluster7=0|cluster10=0) * P(cluster10=0|cluster6=0) * P(cluster6=0|cluster2=0) * P(cluster2=0|cluster3=0) * P(cluster3=0|cluster8=1)[0.0524288]=0.0104858
binkey=2 [Edge status: 0 1 0 0 0 0 0 0 ] P(G)=P(cluster8=0)[0.8] * P(cluster1=0|cluster2=0) * P(cluster9=0|cluster6=0) * P(cluster7=0|cluster10=0) * P(cluster10=0|cluster6=0) * P(cluster6=0|cluster2=0) * P(cluster2=0|cluster3=1) * P(cluster3=1|cluster8=0)[0.0131072]=0.0104858
binkey=160 [Edge status: 0 0 0 0 0 1 0 1 ] P(G)=P(cluster8=0)[0.8] * P(cluster1=0|cluster2=0) * P(cluster9=1|cluster6=0) * P(cluster7=1|cluster10=0) * P(cluster10=0|cluster6=0) * P(cluster6=0|cluster2=0) * P(cluster2=0|cluster3=0) * P(cluster3=0|cluster8=0)[0.0131072]=0.0104858
binkey=4 [Edge status: 0 0 1 0 0 0 0 0 ] P(G)=P(cluster8=0)[0.8] * P(cluster1=0|cluster2=1) * P(cluster9=0|cluster6=0) * P(cluster7=0|cluster10=0) * P(cluster10=0|cluster6=0) * P(cluster6=0|cluster2=1) * P(cluster2=1|cluster3=0) * P(cluster3=0|cluster8=0)[0.0032768]=0.00262144
binkey=3 [Edge status: 1 1 0 0 0 0 0 0 ] P(G)=P(cluster8=1)[0.2] * P(cluster1=0|cluster2=0) * P(cluster9=0|cluster6=0) * P(cluster7=0|cluster10=0) * P(cluster10=0|cluster6=0) * P(cluster6=0|cluster2=0) * P(cluster2=0|cluster3=1) * P(cluster3=1|cluster8=1)[0.0524288]=0.0104858
binkey=40 [Edge status: 0 0 0 1 0 1 0 0 ] P(G)=P(cluster8=0)[0.8] * P(cluster1=1|cluster2=0) * P(cluster9=1|cluster6=0) * P(cluster7=0|cluster10=0) * P(cluster10=0|cluster6=0) * P(cluster6=0|cluster2=0) * P(cluster2=0|cluster3=0) * P(cluster3=0|cluster8=0)[0.0131072]=0.0104858
binkey=192 [Edge status: 0 0 0 0 0 0 1 1 ] P(G)=P(cluster8=0)[0.8] * P(cluster1=0|cluster2=0) * P(cluster9=0|cluster6=0) * P(cluster7=1|cluster10=1) * P(cluster10=1|cluster6=0) * P(cluster6=0|cluster2=0) * P(cluster2=0|cluster3=0) * P(cluster3=0|cluster8=0)[0.0524288]=0.041943
binkey=136 [Edge status: 0 0 0 1 0 0 0 1 ] P(G)=P(cluster8=0)[0.8] * P(cluster1=1|cluster2=0) * P(cluster9=0|cluster6=0) * P(cluster7=1|cluster10=0) * P(cluster10=0|cluster6=0) * P(cluster6=0|cluster2=0) * P(cluster2=0|cluster3=0) * P(cluster3=0|cluster8=0)[0.0131072]=0.0104858
binkey=7 [Edge status: 1 1 1 0 0 0 0 0 ] P(G)=P(cluster8=1)[0.2] * P(cluster1=0|cluster2=1) * P(cluster9=0|cluster6=0) * P(cluster7=0|cluster10=0) * P(cluster10=0|cluster6=0) * P(cluster6=0|cluster2=1) * P(cluster2=1|cluster3=1) * P(cluster3=1|cluster8=1)[0.0131072]=0.00262144
binkey=23 [Edge status: 1 1 1 0 1 0 0 0 ] P(G)=P(cluster8=1)[0.2] * P(cluster1=0|cluster2=1) * P(cluster9=0|cluster6=1) * P(cluster7=0|cluster10=0) * P(cluster10=0|cluster6=1) * P(cluster6=1|cluster2=1) * P(cluster2=1|cluster3=1) * P(cluster3=1|cluster8=1)[0.0032768]=0.00065536
binkey=168 [Edge status: 0 0 0 1 0 1 0 1 ] P(G)=P(cluster8=0)[0.8] * P(cluster1=1|cluster2=0) * P(cluster9=1|cluster6=0) * P(cluster7=1|cluster10=0) * P(cluster10=0|cluster6=0) * P(cluster6=0|cluster2=0) * P(cluster2=0|cluster3=0) * P(cluster3=0|cluster8=0)[0.0032768]=0.00262144
binkey=224 [Edge status: 0 0 0 0 0 1 1 1 ] P(G)=P(cluster8=0)[0.8] * P(cluster1=0|cluster2=0) * P(cluster9=1|cluster6=0) * P(cluster7=1|cluster10=1) * P(cluster10=1|cluster6=0) * P(cluster6=0|cluster2=0) * P(cluster2=0|cluster3=0) * P(cluster3=0|cluster8=0)[0.0131072]=0.0104858
binkey=200 [Edge status: 0 0 0 1 0 0 1 1 ] P(G)=P(cluster8=0)[0.8] * P(cluster1=1|cluster2=0) * P(cluster9=0|cluster6=0) * P(cluster7=1|cluster10=1) * P(cluster10=1|cluster6=0) * P(cluster6=0|cluster2=0) * P(cluster2=0|cluster3=0) * P(cluster3=0|cluster8=0)[0.0131072]=0.0104858
binkey=240 [Edge status: 0 0 0 0 1 1 1 1 ] P(G)=P(cluster8=0)[0.8] * P(cluster1=0|cluster2=0) * P(cluster9=1|cluster6=1) * P(cluster7=1|cluster10=1) * P(cluster10=1|cluster6=1) * P(cluster6=1|cluster2=0) * P(cluster2=0|cluster3=0) * P(cluster3=0|cluster8=0)[0.0524288]=0.041943
binkey=247 [Edge status: 1 1 1 0 1 1 1 1 ] P(G)=P(cluster8=1)[0.2] * P(cluster1=0|cluster2=1) * P(cluster9=1|cluster6=1) * P(cluster7=1|cluster10=1) * P(cluster10=1|cluster6=1) * P(cluster6=1|cluster2=1) * P(cluster2=1|cluster3=1) * P(cluster3=1|cluster8=1)[0.0524288]=0.0104858
binkey=119 [Edge status: 1 1 1 0 1 1 1 0 ] P(G)=P(cluster8=1)[0.2] * P(cluster1=0|cluster2=1) * P(cluster9=1|cluster6=1) * P(cluster7=0|cluster10=1) * P(cluster10=1|cluster6=1) * P(cluster6=1|cluster2=1) * P(cluster2=1|cluster3=1) * P(cluster3=1|cluster8=1)[0.0131072]=0.00262144
binkey=215 [Edge status: 1 1 1 0 1 0 1 1 ] P(G)=P(cluster8=1)[0.2] * P(cluster1=0|cluster2=1) * P(cluster9=0|cluster6=1) * P(cluster7=1|cluster10=1) * P(cluster10=1|cluster6=1) * P(cluster6=1|cluster2=1) * P(cluster2=1|cluster3=1) * P(cluster3=1|cluster8=1)[0.0131072]=0.00262144
binkey=87 [Edge status: 1 1 1 0 1 0 1 0 ] P(G)=P(cluster8=1)[0.2] * P(cluster1=0|cluster2=1) * P(cluster9=0|cluster6=1) * P(cluster7=0|cluster10=1) * P(cluster10=1|cluster6=1) * P(cluster6=1|cluster2=1) * P(cluster2=1|cluster3=1) * P(cluster3=1|cluster8=1)[0.0032768]=0.00065536
binkey=55 [Edge status: 1 1 1 0 1 1 0 0 ] P(G)=P(cluster8=1)[0.2] * P(cluster1=0|cluster2=1) * P(cluster9=1|cluster6=1) * P(cluster7=0|cluster10=0) * P(cluster10=0|cluster6=1) * P(cluster6=1|cluster2=1) * P(cluster2=1|cluster3=1) * P(cluster3=1|cluster8=1)[0.0131072]=0.00262144
binkey=15 [Edge status: 1 1 1 1 0 0 0 0 ] P(G)=P(cluster8=1)[0.2] * P(cluster1=1|cluster2=1) * P(cluster9=0|cluster6=0) * P(cluster7=0|cluster10=0) * P(cluster10=0|cluster6=0) * P(cluster6=0|cluster2=1) * P(cluster2=1|cluster3=1) * P(cluster3=1|cluster8=1)[0.0524288]=0.0104858
binkey=232 [Edge status: 0 0 0 1 0 1 1 1 ] P(G)=P(cluster8=0)[0.8] * P(cluster1=1|cluster2=0) * P(cluster9=1|cluster6=0) * P(cluster7=1|cluster10=1) * P(cluster10=1|cluster6=0) * P(cluster6=0|cluster2=0) * P(cluster2=0|cluster3=0) * P(cluster3=0|cluster8=0)[0.0032768]=0.00262144
binkey=248 [Edge status: 0 0 0 1 1 1 1 1 ] P(G)=P(cluster8=0)[0.8] * P(cluster1=1|cluster2=0) * P(cluster9=1|cluster6=1) * P(cluster7=1|cluster10=1) * P(cluster10=1|cluster6=1) * P(cluster6=1|cluster2=0) * P(cluster2=0|cluster3=0) * P(cluster3=0|cluster8=0)[0.0131072]=0.0104858
binkey=252 [Edge status: 0 0 1 1 1 1 1 1 ] P(G)=P(cluster8=0)[0.8] * P(cluster1=1|cluster2=1) * P(cluster9=1|cluster6=1) * P(cluster7=1|cluster10=1) * P(cluster10=1|cluster6=1) * P(cluster6=1|cluster2=1) * P(cluster2=1|cluster3=0) * P(cluster3=0|cluster8=0)[0.0524288]=0.041943
ITERATION 0 newScore=-2.69436e+06 diffscore=14622.1 priorChange=-99.8132 successMove=55
binkey=254 [Edge status: 0 1 1 1 1 1 1 1 ] P(G)=P(cluster8=0)[0.8] * P(cluster1=1|cluster2=1) * P(cluster9=1|cluster6=1) * P(cluster7=1|cluster10=1) * P(cluster10=1|cluster6=1) * P(cluster6=1|cluster2=1) * P(cluster2=1|cluster3=1) * P(cluster3=1|cluster8=0)[0.0524288]=0.041943
binkey=255 [Edge status: 1 1 1 1 1 1 1 1 ] P(G)=P(cluster8=1)[0.2] * P(cluster1=1|cluster2=1) * P(cluster9=1|cluster6=1) * P(cluster7=1|cluster10=1) * P(cluster10=1|cluster6=1) * P(cluster6=1|cluster2=1) * P(cluster2=1|cluster3=1) * P(cluster3=1|cluster8=1)[0.209715]=0.041943
binkey=127 [Edge status: 1 1 1 1 1 1 1 0 ] P(G)=P(cluster8=1)[0.2] * P(cluster1=1|cluster2=1) * P(cluster9=1|cluster6=1) * P(cluster7=0|cluster10=1) * P(cluster10=1|cluster6=1) * P(cluster6=1|cluster2=1) * P(cluster2=1|cluster3=1) * P(cluster3=1|cluster8=1)[0.0524288]=0.0104858
binkey=223 [Edge status: 1 1 1 1 1 0 1 1 ] P(G)=P(cluster8=1)[0.2] * P(cluster1=1|cluster2=1) * P(cluster9=0|cluster6=1) * P(cluster7=1|cluster10=1) * P(cluster10=1|cluster6=1) * P(cluster6=1|cluster2=1) * P(cluster2=1|cluster3=1) * P(cluster3=1|cluster8=1)[0.0524288]=0.0104858
binkey=95 [Edge status: 1 1 1 1 1 0 1 0 ] P(G)=P(cluster8=1)[0.2] * P(cluster1=1|cluster2=1) * P(cluster9=0|cluster6=1) * P(cluster7=0|cluster10=1) * P(cluster10=1|cluster6=1) * P(cluster6=1|cluster2=1) * P(cluster2=1|cluster3=1) * P(cluster3=1|cluster8=1)[0.0131072]=0.00262144
binkey=63 [Edge status: 1 1 1 1 1 1 0 0 ] P(G)=P(cluster8=1)[0.2] * P(cluster1=1|cluster2=1) * P(cluster9=1|cluster6=1) * P(cluster7=0|cluster10=0) * P(cluster10=0|cluster6=1) * P(cluster6=1|cluster2=1) * P(cluster2=1|cluster3=1) * P(cluster3=1|cluster8=1)[0.0524288]=0.0104858
binkey=31 [Edge status: 1 1 1 1 1 0 0 0 ] P(G)=P(cluster8=1)[0.2] * P(cluster1=1|cluster2=1) * P(cluster9=0|cluster6=1) * P(cluster7=0|cluster10=0) * P(cluster10=0|cluster6=1) * P(cluster6=1|cluster2=1) * P(cluster2=1|cluster3=1) * P(cluster3=1|cluster8=1)[0.0131072]=0.00262144
ITERATION 1 newScore=-2.68311e+06 diffscore=11258 priorChange=-97.0406 successMove=54
ITERATION 2 newScore=-2.67552e+06 diffscore=7584.59 priorChange=-108.131 successMove=51
ITERATION 3 newScore=-2.67251e+06 diffscore=3008.43 priorChange=-110.904 successMove=54
ITERATION 4 newScore=-2.66432e+06 diffscore=8189.8 priorChange=-109.517 successMove=51
ITERATION 5 newScore=-2.66161e+06 diffscore=2717.55 priorChange=-119.221 successMove=54
ITERATION 6 newScore=-2.65876e+06 diffscore=2848.38 priorChange=-116.449 successMove=52
ITERATION 7 newScore=-2.65794e+06 diffscore=815.334 priorChange=-119.221 successMove=51
ITERATION 8 newScore=-2.657e+06 diffscore=942.926 priorChange=-109.517 successMove=54
ITERATION 9 newScore=-2.65302e+06 diffscore=3976.03 priorChange=-103.972 successMove=50
ITERATION 10 newScore=-2.64792e+06 diffscore=5104.25 priorChange=-108.131 successMove=52
ITERATION 11 newScore=-2.64666e+06 diffscore=1254.36 priorChange=-109.517 successMove=51
ITERATION 12 newScore=-2.64215e+06 diffscore=4512.3 priorChange=-108.131 successMove=51
ITERATION 13 newScore=-2.63992e+06 diffscore=2229.63 priorChange=-121.994 successMove=50
ITERATION 14 newScore=-2.63835e+06 diffscore=1567.79 priorChange=-115.062 successMove=52
ITERATION 15 newScore=-2.63568e+06 diffscore=2674.43 priorChange=-124.766 successMove=50
ITERATION 16 newScore=-2.63236e+06 diffscore=3316.43 priorChange=-113.676 successMove=52
ITERATION 17 newScore=-2.63051e+06 diffscore=1856.23 priorChange=-109.517 successMove=50
ITERATION 18 newScore=-2.629e+06 diffscore=1509.53 priorChange=-101.199 successMove=50
ITERATION 19 newScore=-2.62844e+06 diffscore=557.976 priorChange=-103.972 successMove=50
ITERATION 20 newScore=-2.6251e+06 diffscore=3339.83 priorChange=-109.517 successMove=49
ITERATION 21 newScore=-2.62113e+06 diffscore=3972.35 priorChange=-117.835 successMove=52
ITERATION 22 newScore=-2.61977e+06 diffscore=1361.08 priorChange=-119.221 successMove=49
ITERATION 23 newScore=-2.61909e+06 diffscore=678.516 priorChange=-83.1777 successMove=49
ITERATION 24 newScore=-2.61802e+06 diffscore=1065.31 priorChange=-103.972 successMove=51
ITERATION 25 newScore=-2.6174e+06 diffscore=621.179 priorChange=-109.517 successMove=51
ITERATION 26 newScore=-2.61533e+06 diffscore=2074.65 priorChange=-106.745 successMove=49
ITERATION 27 newScore=-2.61303e+06 diffscore=2297.58 priorChange=-109.517 successMove=48
ITERATION 28 newScore=-2.61091e+06 diffscore=2117.25 priorChange=-105.358 successMove=48
ITERATION 29 newScore=-2.6102e+06 diffscore=712.007 priorChange=-95.6543 successMove=48
ITERATION 30 newScore=-2.60926e+06 diffscore=937.975 priorChange=-116.449 successMove=49
ITERATION 31 newScore=-2.60581e+06 diffscore=3451.44 priorChange=-98.4269 successMove=47
ITERATION 32 newScore=-2.604e+06 diffscore=1807.26 priorChange=-103.972 successMove=47
ITERATION 33 newScore=-2.60143e+06 diffscore=2569.42 priorChange=-109.517 successMove=48
ITERATION 34 newScore=-2.59935e+06 diffscore=2086.45 priorChange=-110.904 successMove=48
ITERATION 35 newScore=-2.59883e+06 diffscore=516.803 priorChange=-105.358 successMove=46
ITERATION 36 newScore=-2.5969e+06 diffscore=1928.83 priorChange=-108.131 successMove=46
ITERATION 37 newScore=-2.59634e+06 diffscore=560.466 priorChange=-101.199 successMove=47
ITERATION 38 newScore=-2.59354e+06 diffscore=2804.21 priorChange=-112.29 successMove=47
ITERATION 39 newScore=-2.59065e+06 diffscore=2888.63 priorChange=-110.904 successMove=46
ITERATION 40 newScore=-2.59034e+06 diffscore=306.57 priorChange=-98.4269 successMove=44
ITERATION 41 newScore=-2.58961e+06 diffscore=728.009 priorChange=-103.972 successMove=44
ITERATION 42 newScore=-2.58855e+06 diffscore=1063.18 priorChange=-84.564 successMove=45
ITERATION 43 newScore=-2.58825e+06 diffscore=303.868 priorChange=-77.6325 successMove=44
ITERATION 44 newScore=-2.58692e+06 diffscore=1330.76 priorChange=-73.4736 successMove=45
ITERATION 45 newScore=-2.58667e+06 diffscore=248.947 priorChange=-95.6543 successMove=46
ITERATION 46 newScore=-2.58537e+06 diffscore=1297.66 priorChange=-87.3365 successMove=43
ITERATION 47 newScore=-2.58515e+06 diffscore=222.157 priorChange=-91.4954 successMove=41
ITERATION 48 newScore=-2.58488e+06 diffscore=264.618 priorChange=-103.972 successMove=42
ITERATION 49 newScore=-2.58464e+06 diffscore=247.966 priorChange=-87.3365 successMove=40
ITERATION 50 newScore=-2.58416e+06 diffscore=470.85 priorChange=-90.1091 successMove=40
ITERATION 51 newScore=-2.58392e+06 diffscore=241.675 priorChange=-80.4051 successMove=40
ITERATION 52 newScore=-2.5836e+06 diffscore=321.751 priorChange=-77.6325 successMove=40
ITERATION 53 newScore=-2.583e+06 diffscore=598.237 priorChange=-76.2462 successMove=39
ITERATION 54 newScore=-2.58164e+06 diffscore=1358.04 priorChange=-77.6325 successMove=38
ITERATION 55 newScore=-2.58045e+06 diffscore=1189.63 priorChange=-91.4954 successMove=37
ITERATION 56 newScore=-2.57939e+06 diffscore=1064.35 priorChange=-84.564 successMove=39
ITERATION 57 newScore=-2.579e+06 diffscore=386.974 priorChange=-74.8599 successMove=36
ITERATION 58 newScore=-2.57616e+06 diffscore=2840.77 priorChange=-60.997 successMove=35
ITERATION 59 newScore=-2.57534e+06 diffscore=823.475 priorChange=-63.7695 successMove=35
ITERATION 60 newScore=-2.5745e+06 diffscore=836.757 priorChange=-56.8381 successMove=33
ITERATION 61 newScore=-2.57433e+06 diffscore=177.166 priorChange=-72.0873 successMove=34
ITERATION 62 newScore=-2.57396e+06 diffscore=365.249 priorChange=-59.6107 successMove=34
ITERATION 63 newScore=-2.57334e+06 diffscore=624.631 priorChange=-70.701 successMove=33
ITERATION 64 newScore=-2.57308e+06 diffscore=259.916 priorChange=-49.9066 successMove=32
ITERATION 65 newScore=-2.57293e+06 diffscore=145.337 priorChange=-55.4518 successMove=29
ITERATION 66 newScore=-2.57279e+06 diffscore=142.819 priorChange=-49.9066 successMove=26
ITERATION 67 newScore=-2.57145e+06 diffscore=1332.94 priorChange=-55.4518 successMove=26
ITERATION 68 newScore=-2.57109e+06 diffscore=366.467 priorChange=-55.4518 successMove=26
ITERATION 69 newScore=-2.56859e+06 diffscore=2496.47 priorChange=-52.6792 successMove=26
ITERATION 70 newScore=-2.56816e+06 diffscore=430.032 priorChange=-45.7477 successMove=24
ITERATION 71 newScore=-2.56801e+06 diffscore=146.94 priorChange=-42.9751 successMove=23
ITERATION 72 newScore=-2.56755e+06 diffscore=462.373 priorChange=-42.9751 successMove=22
ITERATION 73 newScore=-2.56659e+06 diffscore=958.477 priorChange=-30.4985 successMove=22
ITERATION 74 newScore=-2.56546e+06 diffscore=1137.46 priorChange=-37.4299 successMove=20
ITERATION 75 newScore=-2.56537e+06 diffscore=81.5212 priorChange=-42.9751 successMove=21
ITERATION 76 newScore=-2.5653e+06 diffscore=75.047 priorChange=-36.0437 successMove=21
ITERATION 77 newScore=-2.56522e+06 diffscore=82.435 priorChange=-37.4299 successMove=19
ITERATION 78 newScore=-2.56513e+06 diffscore=83.2 priorChange=-30.4985 successMove=19
ITERATION 79 newScore=-2.56505e+06 diffscore=82.5617 priorChange=-44.3614 successMove=20
ITERATION 80 newScore=-2.56497e+06 diffscore=82.3528 priorChange=-38.8162 successMove=19
ITERATION 81 newScore=-2.56487e+06 diffscore=95.7659 priorChange=-37.4299 successMove=19
ITERATION 82 newScore=-2.56478e+06 diffscore=88.8806 priorChange=-37.4299 successMove=19
ITERATION 83 newScore=-2.56466e+06 diffscore=120.428 priorChange=-38.8162 successMove=18
ITERATION 84 newScore=-2.56365e+06 diffscore=1018.45 priorChange=-33.2711 successMove=16
ITERATION 85 newScore=-2.56357e+06 diffscore=74.0099 priorChange=-34.6574 successMove=16
ITERATION 86 newScore=-2.56233e+06 diffscore=1242.13 priorChange=-29.1122 successMove=15
ITERATION 87 newScore=-2.56096e+06 diffscore=1366.11 priorChange=-31.8848 successMove=15
ITERATION 88 newScore=-2.56089e+06 diffscore=73.5329 priorChange=-23.567 successMove=14
ITERATION 89 newScore=-2.56078e+06 diffscore=106.938 priorChange=-27.7259 successMove=12
ITERATION 90 newScore=-2.5607e+06 diffscore=81.582 priorChange=-22.1807 successMove=12
ITERATION 91 newScore=-2.56055e+06 diffscore=156.235 priorChange=-19.4081 successMove=13
ITERATION 92 newScore=-2.5603e+06 diffscore=245.402 priorChange=-19.4081 successMove=11
ITERATION 93 newScore=-2.55963e+06 diffscore=671.968 priorChange=-24.9533 successMove=10
ITERATION 94 newScore=-2.55907e+06 diffscore=562.494 priorChange=-20.7944 successMove=10
ITERATION 95 newScore=-2.55901e+06 diffscore=58.4678 priorChange=-22.1807 successMove=10
ITERATION 96 newScore=-2.55891e+06 diffscore=92.5402 priorChange=-13.8629 successMove=8
ITERATION 97 newScore=-2.55882e+06 diffscore=92.4915 priorChange=-11.0904 successMove=7
ITERATION 98 newScore=-2.55874e+06 diffscore=81.9716 priorChange=-9.70406 successMove=7
ITERATION 99 newScore=-2.55865e+06 diffscore=92.7937 priorChange=-12.4766 successMove=7
MetaLearner::dumpAllGraphs
Final Score -2.55865e+06
MetaLearner::start runtime: 1481066712 ms
Results/
Results/cluster6/
Results/cluster6/fold0/
Results/cluster6/fold0/var_mb_pw_k50.txt
Results/cluster6/fold0/modelparams.txt
Results/cluster1/
Results/cluster1/fold0/
Results/cluster1/fold0/var_mb_pw_k50.txt
Results/cluster1/fold0/modelparams.txt
Results/cluster10/
Results/cluster10/fold0/
Results/cluster10/fold0/var_mb_pw_k50.txt
Results/cluster10/fold0/modelparams.txt
Results/cluster8/
Results/cluster8/scoreFile.txt
Results/cluster8/fold0/
Results/cluster8/fold0/var_mb_pw_k50.txt
Results/cluster8/fold0/modelparams.txt
Results/cluster2/
Results/cluster2/fold0/
Results/cluster2/fold0/var_mb_pw_k50.txt
Results/cluster2/fold0/modelparams.txt
Results/cluster3/
Results/cluster3/fold0/
Results/cluster3/fold0/var_mb_pw_k50.txt
Results/cluster3/fold0/modelparams.txt
Results/cluster7/
Results/cluster7/fold0/
Results/cluster7/fold0/var_mb_pw_k50.txt
Results/cluster7/fold0/modelparams.txt
Results/cluster9/
Results/cluster9/fold0/
Results/cluster9/fold0/var_mb_pw_k50.txt
Results/cluster9/fold0/modelparams.txt
