./CVN -f config_condor.txt -x50 -v1 -l TFs_OGs.txt -n AllGenes90.txt -d celltype_tree_ancestor.txt -m testdata_ogids.txt -s celltype_order.txt -p 0.2 -c yes -b -4 -q 4
(cluster3|cluster8) p_maintain_edge=0.8 p_gain=0.2
(cluster2|cluster3) p_maintain_edge=0.8 p_gain=0.2
(cluster1|cluster2) p_maintain_edge=0.8 p_gain=0.2
(cluster6|cluster2) p_maintain_edge=0.8 p_gain=0.2
(cluster9|cluster6) p_maintain_edge=0.8 p_gain=0.2
(cluster10|cluster6) p_maintain_edge=0.8 p_gain=0.2
(cluster7|cluster10) p_maintain_edge=0.8 p_gain=0.2
speciesSet.size()=8 Root is cluster8
MappedOrthogroupReader::readSpeciesMapping() --- celltype_order.txt
MappedOrthogroupReader::readFile - testdata_ogids.txt
MappedOrthogroupReader::generateGeneOrthoMap()
MetaLearner::init_onefold() read:config_condor.txt
MetaLearner::setinputVariableNames number of variables: 2043
readEvidenceTable:cluster8.table
PotentialManager::loadEvidenceFromTable varCount=2043 sampleCount=348
motifNetwork.size() = 319
0=cluster8 motifNetwork=cluster8_network.txt
variable size=2043
readEvidenceTable:cluster3.table
PotentialManager::loadEvidenceFromTable varCount=2043 sampleCount=95
motifNetwork.size() = 326
1=cluster3 motifNetwork=cluster3_network.txt
variable size=2043
readEvidenceTable:cluster2.table
PotentialManager::loadEvidenceFromTable varCount=2043 sampleCount=386
motifNetwork.size() = 328
2=cluster2 motifNetwork=cluster2_network.txt
variable size=2043
readEvidenceTable:cluster1.table
PotentialManager::loadEvidenceFromTable varCount=2043 sampleCount=36
motifNetwork.size() = 322
3=cluster1 motifNetwork=cluster1_network.txt
variable size=2043
readEvidenceTable:cluster6.table
PotentialManager::loadEvidenceFromTable varCount=2043 sampleCount=524
motifNetwork.size() = 320
4=cluster6 motifNetwork=cluster6_network.txt
variable size=2043
readEvidenceTable:cluster9.table
PotentialManager::loadEvidenceFromTable varCount=2043 sampleCount=184
motifNetwork.size() = 327
5=cluster9 motifNetwork=cluster9_network.txt
variable size=2043
readEvidenceTable:cluster10.table
PotentialManager::loadEvidenceFromTable varCount=2043 sampleCount=165
motifNetwork.size() = 326
6=cluster10 motifNetwork=cluster10_network.txt
variable size=2043
readEvidenceTable:cluster7.table
PotentialManager::loadEvidenceFromTable varCount=2043 sampleCount=1032
motifNetwork.size() = 320
7=cluster7 motifNetwork=cluster7_network.txt
variable size=2043
-------------------------------------------------------------
MetaLearner::start
precomputeEmptyGraphPrior
binkey=0 [Edge status: 0 0 0 0 0 0 0 0 ] P(G)=P(cluster8=0)[0.8] * P(cluster1=0|cluster2=0) * P(cluster9=0|cluster6=0) * P(cluster7=0|cluster10=0) * P(cluster10=0|cluster6=0) * P(cluster6=0|cluster2=0) * P(cluster2=0|cluster3=0) * P(cluster3=0|cluster8=0)[0.209715]=0.167772
condsetMap_Tree
0 cluster8=0 cluster3=0 cluster2=0 cluster1=0 cluster6=0 cluster9=0 cluster10=0 cluster7=1
1 cluster8=0 cluster3=0 cluster2=0 cluster1=0 cluster6=0 cluster9=1 cluster10=0 cluster7=0
2 cluster8=0 cluster3=0 cluster2=0 cluster1=0 cluster6=0 cluster9=1 cluster10=0 cluster7=1
3 cluster8=0 cluster3=0 cluster2=0 cluster1=1 cluster6=0 cluster9=0 cluster10=0 cluster7=0
4 cluster8=0 cluster3=0 cluster2=0 cluster1=1 cluster6=0 cluster9=0 cluster10=0 cluster7=1
5 cluster8=0 cluster3=0 cluster2=0 cluster1=1 cluster6=0 cluster9=1 cluster10=0 cluster7=0
6 cluster8=0 cluster3=0 cluster2=0 cluster1=1 cluster6=0 cluster9=1 cluster10=0 cluster7=1
7 cluster8=0 cluster3=0 cluster2=0 cluster1=0 cluster6=0 cluster9=0 cluster10=1 cluster7=1
8 cluster8=0 cluster3=0 cluster2=0 cluster1=0 cluster6=0 cluster9=1 cluster10=1 cluster7=1
9 cluster8=0 cluster3=0 cluster2=0 cluster1=1 cluster6=0 cluster9=0 cluster10=1 cluster7=1
10 cluster8=0 cluster3=0 cluster2=0 cluster1=1 cluster6=0 cluster9=1 cluster10=1 cluster7=1
11 cluster8=0 cluster3=0 cluster2=0 cluster1=0 cluster6=1 cluster9=1 cluster10=1 cluster7=1
12 cluster8=0 cluster3=0 cluster2=0 cluster1=1 cluster6=1 cluster9=1 cluster10=1 cluster7=1
13 cluster8=0 cluster3=0 cluster2=1 cluster1=1 cluster6=1 cluster9=1 cluster10=1 cluster7=1
14 cluster8=0 cluster3=1 cluster2=1 cluster1=1 cluster6=1 cluster9=1 cluster10=1 cluster7=1
15 cluster8=1 cluster3=1 cluster2=1 cluster1=1 cluster6=1 cluster9=1 cluster10=1 cluster7=1
16 cluster8=1 cluster3=1 cluster2=1 cluster1=1 cluster6=1 cluster9=1 cluster10=1 cluster7=0
17 cluster8=1 cluster3=1 cluster2=1 cluster1=1 cluster6=1 cluster9=0 cluster10=1 cluster7=1
18 cluster8=1 cluster3=1 cluster2=1 cluster1=1 cluster6=1 cluster9=0 cluster10=1 cluster7=0
19 cluster8=1 cluster3=1 cluster2=1 cluster1=0 cluster6=1 cluster9=1 cluster10=1 cluster7=1
20 cluster8=1 cluster3=1 cluster2=1 cluster1=0 cluster6=1 cluster9=1 cluster10=1 cluster7=0
21 cluster8=1 cluster3=1 cluster2=1 cluster1=0 cluster6=1 cluster9=0 cluster10=1 cluster7=1
22 cluster8=1 cluster3=1 cluster2=1 cluster1=0 cluster6=1 cluster9=0 cluster10=1 cluster7=0
23 cluster8=1 cluster3=1 cluster2=1 cluster1=1 cluster6=1 cluster9=1 cluster10=0 cluster7=0
24 cluster8=1 cluster3=1 cluster2=1 cluster1=1 cluster6=1 cluster9=0 cluster10=0 cluster7=0
25 cluster8=1 cluster3=1 cluster2=1 cluster1=0 cluster6=1 cluster9=1 cluster10=0 cluster7=0
26 cluster8=1 cluster3=1 cluster2=1 cluster1=0 cluster6=1 cluster9=0 cluster10=0 cluster7=0
27 cluster8=1 cluster3=1 cluster2=1 cluster1=1 cluster6=0 cluster9=0 cluster10=0 cluster7=0
28 cluster8=1 cluster3=1 cluster2=1 cluster1=0 cluster6=0 cluster9=0 cluster10=0 cluster7=0
29 cluster8=1 cluster3=1 cluster2=0 cluster1=0 cluster6=0 cluster9=0 cluster10=0 cluster7=0
30 cluster8=1 cluster3=0 cluster2=0 cluster1=0 cluster6=0 cluster9=0 cluster10=0 cluster7=0
31 cluster8=0 cluster3=0 cluster2=0 cluster1=0 cluster6=1 cluster9=0 cluster10=0 cluster7=0
32 cluster8=0 cluster3=0 cluster2=1 cluster1=0 cluster6=0 cluster9=0 cluster10=0 cluster7=0
33 cluster8=0 cluster3=0 cluster2=0 cluster1=0 cluster6=0 cluster9=0 cluster10=1 cluster7=0
34 cluster8=0 cluster3=1 cluster2=0 cluster1=0 cluster6=0 cluster9=0 cluster10=0 cluster7=0
inputRegulatorOGs.size() = 1999 inputOGList.size() = 50
binkey=128 [Edge status: 0 0 0 0 0 0 0 1 ] P(G)=P(cluster8=0)[0.8] * P(cluster1=0|cluster2=0) * P(cluster9=0|cluster6=0) * P(cluster7=1|cluster10=0) * P(cluster10=0|cluster6=0) * P(cluster6=0|cluster2=0) * P(cluster2=0|cluster3=0) * P(cluster3=0|cluster8=0)[0.0524288]=0.041943
binkey=4 [Edge status: 0 0 1 0 0 0 0 0 ] P(G)=P(cluster8=0)[0.8] * P(cluster1=0|cluster2=1) * P(cluster9=0|cluster6=0) * P(cluster7=0|cluster10=0) * P(cluster10=0|cluster6=0) * P(cluster6=0|cluster2=1) * P(cluster2=1|cluster3=0) * P(cluster3=0|cluster8=0)[0.0032768]=0.00262144
binkey=32 [Edge status: 0 0 0 0 0 1 0 0 ] P(G)=P(cluster8=0)[0.8] * P(cluster1=0|cluster2=0) * P(cluster9=1|cluster6=0) * P(cluster7=0|cluster10=0) * P(cluster10=0|cluster6=0) * P(cluster6=0|cluster2=0) * P(cluster2=0|cluster3=0) * P(cluster3=0|cluster8=0)[0.0524288]=0.041943
binkey=64 [Edge status: 0 0 0 0 0 0 1 0 ] P(G)=P(cluster8=0)[0.8] * P(cluster1=0|cluster2=0) * P(cluster9=0|cluster6=0) * P(cluster7=0|cluster10=1) * P(cluster10=1|cluster6=0) * P(cluster6=0|cluster2=0) * P(cluster2=0|cluster3=0) * P(cluster3=0|cluster8=0)[0.0131072]=0.0104858
binkey=1 [Edge status: 1 0 0 0 0 0 0 0 ] P(G)=P(cluster8=1)[0.2] * P(cluster1=0|cluster2=0) * P(cluster9=0|cluster6=0) * P(cluster7=0|cluster10=0) * P(cluster10=0|cluster6=0) * P(cluster6=0|cluster2=0) * P(cluster2=0|cluster3=0) * P(cluster3=0|cluster8=1)[0.0524288]=0.0104858
binkey=2 [Edge status: 0 1 0 0 0 0 0 0 ] P(G)=P(cluster8=0)[0.8] * P(cluster1=0|cluster2=0) * P(cluster9=0|cluster6=0) * P(cluster7=0|cluster10=0) * P(cluster10=0|cluster6=0) * P(cluster6=0|cluster2=0) * P(cluster2=0|cluster3=1) * P(cluster3=1|cluster8=0)[0.0131072]=0.0104858
binkey=16 [Edge status: 0 0 0 0 1 0 0 0 ] P(G)=P(cluster8=0)[0.8] * P(cluster1=0|cluster2=0) * P(cluster9=0|cluster6=1) * P(cluster7=0|cluster10=0) * P(cluster10=0|cluster6=1) * P(cluster6=1|cluster2=0) * P(cluster2=0|cluster3=0) * P(cluster3=0|cluster8=0)[0.0032768]=0.00262144
binkey=8 [Edge status: 0 0 0 1 0 0 0 0 ] P(G)=P(cluster8=0)[0.8] * P(cluster1=1|cluster2=0) * P(cluster9=0|cluster6=0) * P(cluster7=0|cluster10=0) * P(cluster10=0|cluster6=0) * P(cluster6=0|cluster2=0) * P(cluster2=0|cluster3=0) * P(cluster3=0|cluster8=0)[0.0524288]=0.041943
binkey=192 [Edge status: 0 0 0 0 0 0 1 1 ] P(G)=P(cluster8=0)[0.8] * P(cluster1=0|cluster2=0) * P(cluster9=0|cluster6=0) * P(cluster7=1|cluster10=1) * P(cluster10=1|cluster6=0) * P(cluster6=0|cluster2=0) * P(cluster2=0|cluster3=0) * P(cluster3=0|cluster8=0)[0.0524288]=0.041943
binkey=3 [Edge status: 1 1 0 0 0 0 0 0 ] P(G)=P(cluster8=1)[0.2] * P(cluster1=0|cluster2=0) * P(cluster9=0|cluster6=0) * P(cluster7=0|cluster10=0) * P(cluster10=0|cluster6=0) * P(cluster6=0|cluster2=0) * P(cluster2=0|cluster3=1) * P(cluster3=1|cluster8=1)[0.0524288]=0.0104858
binkey=136 [Edge status: 0 0 0 1 0 0 0 1 ] P(G)=P(cluster8=0)[0.8] * P(cluster1=1|cluster2=0) * P(cluster9=0|cluster6=0) * P(cluster7=1|cluster10=0) * P(cluster10=0|cluster6=0) * P(cluster6=0|cluster2=0) * P(cluster2=0|cluster3=0) * P(cluster3=0|cluster8=0)[0.0131072]=0.0104858
binkey=160 [Edge status: 0 0 0 0 0 1 0 1 ] P(G)=P(cluster8=0)[0.8] * P(cluster1=0|cluster2=0) * P(cluster9=1|cluster6=0) * P(cluster7=1|cluster10=0) * P(cluster10=0|cluster6=0) * P(cluster6=0|cluster2=0) * P(cluster2=0|cluster3=0) * P(cluster3=0|cluster8=0)[0.0131072]=0.0104858
binkey=224 [Edge status: 0 0 0 0 0 1 1 1 ] P(G)=P(cluster8=0)[0.8] * P(cluster1=0|cluster2=0) * P(cluster9=1|cluster6=0) * P(cluster7=1|cluster10=1) * P(cluster10=1|cluster6=0) * P(cluster6=0|cluster2=0) * P(cluster2=0|cluster3=0) * P(cluster3=0|cluster8=0)[0.0131072]=0.0104858
binkey=40 [Edge status: 0 0 0 1 0 1 0 0 ] P(G)=P(cluster8=0)[0.8] * P(cluster1=1|cluster2=0) * P(cluster9=1|cluster6=0) * P(cluster7=0|cluster10=0) * P(cluster10=0|cluster6=0) * P(cluster6=0|cluster2=0) * P(cluster2=0|cluster3=0) * P(cluster3=0|cluster8=0)[0.0131072]=0.0104858
binkey=23 [Edge status: 1 1 1 0 1 0 0 0 ] P(G)=P(cluster8=1)[0.2] * P(cluster1=0|cluster2=1) * P(cluster9=0|cluster6=1) * P(cluster7=0|cluster10=0) * P(cluster10=0|cluster6=1) * P(cluster6=1|cluster2=1) * P(cluster2=1|cluster3=1) * P(cluster3=1|cluster8=1)[0.0032768]=0.00065536
binkey=7 [Edge status: 1 1 1 0 0 0 0 0 ] P(G)=P(cluster8=1)[0.2] * P(cluster1=0|cluster2=1) * P(cluster9=0|cluster6=0) * P(cluster7=0|cluster10=0) * P(cluster10=0|cluster6=0) * P(cluster6=0|cluster2=1) * P(cluster2=1|cluster3=1) * P(cluster3=1|cluster8=1)[0.0131072]=0.00262144
binkey=240 [Edge status: 0 0 0 0 1 1 1 1 ] P(G)=P(cluster8=0)[0.8] * P(cluster1=0|cluster2=0) * P(cluster9=1|cluster6=1) * P(cluster7=1|cluster10=1) * P(cluster10=1|cluster6=1) * P(cluster6=1|cluster2=0) * P(cluster2=0|cluster3=0) * P(cluster3=0|cluster8=0)[0.0524288]=0.041943
binkey=168 [Edge status: 0 0 0 1 0 1 0 1 ] P(G)=P(cluster8=0)[0.8] * P(cluster1=1|cluster2=0) * P(cluster9=1|cluster6=0) * P(cluster7=1|cluster10=0) * P(cluster10=0|cluster6=0) * P(cluster6=0|cluster2=0) * P(cluster2=0|cluster3=0) * P(cluster3=0|cluster8=0)[0.0032768]=0.00262144
binkey=200 [Edge status: 0 0 0 1 0 0 1 1 ] P(G)=P(cluster8=0)[0.8] * P(cluster1=1|cluster2=0) * P(cluster9=0|cluster6=0) * P(cluster7=1|cluster10=1) * P(cluster10=1|cluster6=0) * P(cluster6=0|cluster2=0) * P(cluster2=0|cluster3=0) * P(cluster3=0|cluster8=0)[0.0131072]=0.0104858
binkey=232 [Edge status: 0 0 0 1 0 1 1 1 ] P(G)=P(cluster8=0)[0.8] * P(cluster1=1|cluster2=0) * P(cluster9=1|cluster6=0) * P(cluster7=1|cluster10=1) * P(cluster10=1|cluster6=0) * P(cluster6=0|cluster2=0) * P(cluster2=0|cluster3=0) * P(cluster3=0|cluster8=0)[0.0032768]=0.00262144
binkey=248 [Edge status: 0 0 0 1 1 1 1 1 ] P(G)=P(cluster8=0)[0.8] * P(cluster1=1|cluster2=0) * P(cluster9=1|cluster6=1) * P(cluster7=1|cluster10=1) * P(cluster10=1|cluster6=1) * P(cluster6=1|cluster2=0) * P(cluster2=0|cluster3=0) * P(cluster3=0|cluster8=0)[0.0131072]=0.0104858
binkey=252 [Edge status: 0 0 1 1 1 1 1 1 ] P(G)=P(cluster8=0)[0.8] * P(cluster1=1|cluster2=1) * P(cluster9=1|cluster6=1) * P(cluster7=1|cluster10=1) * P(cluster10=1|cluster6=1) * P(cluster6=1|cluster2=1) * P(cluster2=1|cluster3=0) * P(cluster3=0|cluster8=0)[0.0524288]=0.041943
binkey=31 [Edge status: 1 1 1 1 1 0 0 0 ] P(G)=P(cluster8=1)[0.2] * P(cluster1=1|cluster2=1) * P(cluster9=0|cluster6=1) * P(cluster7=0|cluster10=0) * P(cluster10=0|cluster6=1) * P(cluster6=1|cluster2=1) * P(cluster2=1|cluster3=1) * P(cluster3=1|cluster8=1)[0.0131072]=0.00262144
binkey=15 [Edge status: 1 1 1 1 0 0 0 0 ] P(G)=P(cluster8=1)[0.2] * P(cluster1=1|cluster2=1) * P(cluster9=0|cluster6=0) * P(cluster7=0|cluster10=0) * P(cluster10=0|cluster6=0) * P(cluster6=0|cluster2=1) * P(cluster2=1|cluster3=1) * P(cluster3=1|cluster8=1)[0.0524288]=0.0104858
binkey=127 [Edge status: 1 1 1 1 1 1 1 0 ] P(G)=P(cluster8=1)[0.2] * P(cluster1=1|cluster2=1) * P(cluster9=1|cluster6=1) * P(cluster7=0|cluster10=1) * P(cluster10=1|cluster6=1) * P(cluster6=1|cluster2=1) * P(cluster2=1|cluster3=1) * P(cluster3=1|cluster8=1)[0.0524288]=0.0104858
binkey=95 [Edge status: 1 1 1 1 1 0 1 0 ] P(G)=P(cluster8=1)[0.2] * P(cluster1=1|cluster2=1) * P(cluster9=0|cluster6=1) * P(cluster7=0|cluster10=1) * P(cluster10=1|cluster6=1) * P(cluster6=1|cluster2=1) * P(cluster2=1|cluster3=1) * P(cluster3=1|cluster8=1)[0.0131072]=0.00262144
binkey=119 [Edge status: 1 1 1 0 1 1 1 0 ] P(G)=P(cluster8=1)[0.2] * P(cluster1=0|cluster2=1) * P(cluster9=1|cluster6=1) * P(cluster7=0|cluster10=1) * P(cluster10=1|cluster6=1) * P(cluster6=1|cluster2=1) * P(cluster2=1|cluster3=1) * P(cluster3=1|cluster8=1)[0.0131072]=0.00262144
binkey=87 [Edge status: 1 1 1 0 1 0 1 0 ] P(G)=P(cluster8=1)[0.2] * P(cluster1=0|cluster2=1) * P(cluster9=0|cluster6=1) * P(cluster7=0|cluster10=1) * P(cluster10=1|cluster6=1) * P(cluster6=1|cluster2=1) * P(cluster2=1|cluster3=1) * P(cluster3=1|cluster8=1)[0.0032768]=0.00065536
binkey=63 [Edge status: 1 1 1 1 1 1 0 0 ] P(G)=P(cluster8=1)[0.2] * P(cluster1=1|cluster2=1) * P(cluster9=1|cluster6=1) * P(cluster7=0|cluster10=0) * P(cluster10=0|cluster6=1) * P(cluster6=1|cluster2=1) * P(cluster2=1|cluster3=1) * P(cluster3=1|cluster8=1)[0.0524288]=0.0104858
binkey=55 [Edge status: 1 1 1 0 1 1 0 0 ] P(G)=P(cluster8=1)[0.2] * P(cluster1=0|cluster2=1) * P(cluster9=1|cluster6=1) * P(cluster7=0|cluster10=0) * P(cluster10=0|cluster6=1) * P(cluster6=1|cluster2=1) * P(cluster2=1|cluster3=1) * P(cluster3=1|cluster8=1)[0.0131072]=0.00262144
ITERATION 0 newScore=-2.71261e+06 diffscore=15770.6 priorChange=-97.0406 successMove=54
ITERATION 1 newScore=-2.70974e+06 diffscore=2865.64 priorChange=-127.539 successMove=54
ITERATION 2 newScore=-2.704e+06 diffscore=5736.84 priorChange=-103.972 successMove=50
ITERATION 3 newScore=-2.69581e+06 diffscore=8197.61 priorChange=-106.745 successMove=52
ITERATION 4 newScore=-2.69338e+06 diffscore=2420.86 priorChange=-124.766 successMove=52
ITERATION 5 newScore=-2.68678e+06 diffscore=6601.67 priorChange=-110.904 successMove=55
ITERATION 6 newScore=-2.68247e+06 diffscore=4311.21 priorChange=-121.994 successMove=52
ITERATION 7 newScore=-2.67664e+06 diffscore=5835.71 priorChange=-124.766 successMove=56
binkey=215 [Edge status: 1 1 1 0 1 0 1 1 ] P(G)=P(cluster8=1)[0.2] * P(cluster1=0|cluster2=1) * P(cluster9=0|cluster6=1) * P(cluster7=1|cluster10=1) * P(cluster10=1|cluster6=1) * P(cluster6=1|cluster2=1) * P(cluster2=1|cluster3=1) * P(cluster3=1|cluster8=1)[0.0131072]=0.00262144
ITERATION 8 newScore=-2.67237e+06 diffscore=4264.5 priorChange=-134.471 successMove=53
ITERATION 9 newScore=-2.66615e+06 diffscore=6219.9 priorChange=-113.676 successMove=55
ITERATION 10 newScore=-2.66148e+06 diffscore=4676.44 priorChange=-117.835 successMove=52
ITERATION 11 newScore=-2.65908e+06 diffscore=2398.24 priorChange=-123.38 successMove=56
ITERATION 12 newScore=-2.65583e+06 diffscore=3243.82 priorChange=-103.972 successMove=51
ITERATION 13 newScore=-2.65275e+06 diffscore=3082.06 priorChange=-119.221 successMove=53
ITERATION 14 newScore=-2.64908e+06 diffscore=3670.51 priorChange=-113.676 successMove=51
ITERATION 15 newScore=-2.64841e+06 diffscore=673.207 priorChange=-130.312 successMove=51
ITERATION 16 newScore=-2.64359e+06 diffscore=4816.82 priorChange=-130.312 successMove=49
ITERATION 17 newScore=-2.63992e+06 diffscore=3673.35 priorChange=-120.608 successMove=52
ITERATION 18 newScore=-2.63777e+06 diffscore=2144.21 priorChange=-110.904 successMove=49
ITERATION 19 newScore=-2.63486e+06 diffscore=2913.95 priorChange=-119.221 successMove=49
ITERATION 20 newScore=-2.63349e+06 diffscore=1366.42 priorChange=-130.312 successMove=49
ITERATION 21 newScore=-2.63278e+06 diffscore=716.774 priorChange=-130.312 successMove=52
ITERATION 22 newScore=-2.63213e+06 diffscore=643.161 priorChange=-119.221 successMove=51
ITERATION 23 newScore=-2.63165e+06 diffscore=481.577 priorChange=-102.586 successMove=50
ITERATION 24 newScore=-2.62953e+06 diffscore=2123.34 priorChange=-115.062 successMove=52
ITERATION 25 newScore=-2.62772e+06 diffscore=1809.02 priorChange=-105.358 successMove=50
ITERATION 26 newScore=-2.62727e+06 diffscore=446.627 priorChange=-112.29 successMove=49
ITERATION 27 newScore=-2.62555e+06 diffscore=1718.2 priorChange=-91.4954 successMove=49
ITERATION 28 newScore=-2.62511e+06 diffscore=440.714 priorChange=-98.4269 successMove=49
ITERATION 29 newScore=-2.62451e+06 diffscore=608.262 priorChange=-106.745 successMove=48
ITERATION 30 newScore=-2.62184e+06 diffscore=2661.42 priorChange=-87.3365 successMove=47
ITERATION 31 newScore=-2.62138e+06 diffscore=464.24 priorChange=-95.6543 successMove=46
ITERATION 32 newScore=-2.62053e+06 diffscore=852.72 priorChange=-113.676 successMove=46
ITERATION 33 newScore=-2.61916e+06 diffscore=1369.68 priorChange=-102.586 successMove=46
ITERATION 34 newScore=-2.61745e+06 diffscore=1711.66 priorChange=-108.131 successMove=46
ITERATION 35 newScore=-2.61586e+06 diffscore=1584.44 priorChange=-116.449 successMove=47
ITERATION 36 newScore=-2.61184e+06 diffscore=4021.81 priorChange=-99.8132 successMove=47
ITERATION 37 newScore=-2.61153e+06 diffscore=310.849 priorChange=-97.0406 successMove=46
ITERATION 38 newScore=-2.61123e+06 diffscore=302.377 priorChange=-108.131 successMove=46
ITERATION 39 newScore=-2.61094e+06 diffscore=281.26 priorChange=-105.358 successMove=45
ITERATION 40 newScore=-2.61064e+06 diffscore=304.947 priorChange=-92.8817 successMove=45
ITERATION 41 newScore=-2.61023e+06 diffscore=407.882 priorChange=-110.904 successMove=44
ITERATION 42 newScore=-2.6097e+06 diffscore=529.935 priorChange=-109.517 successMove=49
ITERATION 43 newScore=-2.60857e+06 diffscore=1135.06 priorChange=-99.8132 successMove=44
ITERATION 44 newScore=-2.60442e+06 diffscore=4151.55 priorChange=-83.1777 successMove=44
ITERATION 45 newScore=-2.6035e+06 diffscore=915.021 priorChange=-94.268 successMove=42
ITERATION 46 newScore=-2.60319e+06 diffscore=306.79 priorChange=-90.1091 successMove=42
ITERATION 47 newScore=-2.60293e+06 diffscore=268.359 priorChange=-91.4954 successMove=42
ITERATION 48 newScore=-2.60268e+06 diffscore=244.033 priorChange=-90.1091 successMove=44
ITERATION 49 newScore=-2.60246e+06 diffscore=219.472 priorChange=-85.9503 successMove=42
ITERATION 50 newScore=-2.60219e+06 diffscore=273.433 priorChange=-85.9503 successMove=42
ITERATION 51 newScore=-2.60194e+06 diffscore=252.596 priorChange=-77.6325 successMove=42
ITERATION 52 newScore=-2.60048e+06 diffscore=1450.64 priorChange=-102.586 successMove=42
ITERATION 53 newScore=-2.59926e+06 diffscore=1226.52 priorChange=-98.4269 successMove=41
ITERATION 54 newScore=-2.59863e+06 diffscore=624.054 priorChange=-103.972 successMove=41
ITERATION 55 newScore=-2.59754e+06 diffscore=1096.8 priorChange=-91.4954 successMove=39
ITERATION 56 newScore=-2.59728e+06 diffscore=259.074 priorChange=-84.564 successMove=39
ITERATION 57 newScore=-2.59704e+06 diffscore=239.906 priorChange=-76.2462 successMove=38
ITERATION 58 newScore=-2.59669e+06 diffscore=350.674 priorChange=-87.3365 successMove=38
ITERATION 59 newScore=-2.59645e+06 diffscore=235.675 priorChange=-94.268 successMove=38
ITERATION 60 newScore=-2.59536e+06 diffscore=1087.46 priorChange=-80.4051 successMove=39
ITERATION 61 newScore=-2.59512e+06 diffscore=243.133 priorChange=-79.0188 successMove=38
ITERATION 62 newScore=-2.59491e+06 diffscore=212.137 priorChange=-76.2462 successMove=37
ITERATION 63 newScore=-2.59463e+06 diffscore=283.904 priorChange=-76.2462 successMove=36
ITERATION 64 newScore=-2.59439e+06 diffscore=235.232 priorChange=-77.6325 successMove=34
ITERATION 65 newScore=-2.59413e+06 diffscore=259.286 priorChange=-70.701 successMove=32
ITERATION 66 newScore=-2.59286e+06 diffscore=1273.96 priorChange=-69.3147 successMove=31
ITERATION 67 newScore=-2.59244e+06 diffscore=413.463 priorChange=-87.3365 successMove=31
ITERATION 68 newScore=-2.59095e+06 diffscore=1489.44 priorChange=-70.701 successMove=30
ITERATION 69 newScore=-2.5906e+06 diffscore=349.546 priorChange=-77.6325 successMove=30
ITERATION 70 newScore=-2.58957e+06 diffscore=1035.97 priorChange=-76.2462 successMove=29
ITERATION 71 newScore=-2.58936e+06 diffscore=204.769 priorChange=-59.6107 successMove=29
ITERATION 72 newScore=-2.58902e+06 diffscore=348.048 priorChange=-65.1558 successMove=30
ITERATION 73 newScore=-2.58833e+06 diffscore=682.656 priorChange=-59.6107 successMove=27
ITERATION 74 newScore=-2.58714e+06 diffscore=1198.05 priorChange=-44.3614 successMove=25
ITERATION 75 newScore=-2.58696e+06 diffscore=178.417 priorChange=-59.6107 successMove=26
ITERATION 76 newScore=-2.58667e+06 diffscore=284.003 priorChange=-44.3614 successMove=25
ITERATION 77 newScore=-2.58624e+06 diffscore=431.403 priorChange=-45.7477 successMove=23
ITERATION 78 newScore=-2.58282e+06 diffscore=3421.93 priorChange=-45.7477 successMove=22
ITERATION 79 newScore=-2.58272e+06 diffscore=102.408 priorChange=-49.9066 successMove=22
ITERATION 80 newScore=-2.58261e+06 diffscore=104.652 priorChange=-40.2025 successMove=20
ITERATION 81 newScore=-2.58241e+06 diffscore=203.66 priorChange=-33.2711 successMove=20
ITERATION 82 newScore=-2.58227e+06 diffscore=139.139 priorChange=-42.9751 successMove=18
ITERATION 83 newScore=-2.5821e+06 diffscore=169.465 priorChange=-34.6574 successMove=17
ITERATION 84 newScore=-2.58103e+06 diffscore=1066.45 priorChange=-29.1122 successMove=17
ITERATION 85 newScore=-2.58094e+06 diffscore=92.0818 priorChange=-36.0437 successMove=17
ITERATION 86 newScore=-2.58084e+06 diffscore=100.289 priorChange=-30.4985 successMove=17
ITERATION 87 newScore=-2.58068e+06 diffscore=161.161 priorChange=-36.0437 successMove=16
ITERATION 88 newScore=-2.58056e+06 diffscore=118.81 priorChange=-36.0437 successMove=16
ITERATION 89 newScore=-2.58031e+06 diffscore=249.061 priorChange=-26.3396 successMove=16
ITERATION 90 newScore=-2.57943e+06 diffscore=881.461 priorChange=-34.6574 successMove=16
ITERATION 91 newScore=-2.57936e+06 diffscore=67.5631 priorChange=-30.4985 successMove=15
ITERATION 92 newScore=-2.57922e+06 diffscore=143.192 priorChange=-22.1807 successMove=13
ITERATION 93 newScore=-2.57899e+06 diffscore=226.38 priorChange=-23.567 successMove=12
ITERATION 94 newScore=-2.57706e+06 diffscore=1937.26 priorChange=-26.3396 successMove=11
ITERATION 95 newScore=-2.57701e+06 diffscore=41.9073 priorChange=-23.567 successMove=11
ITERATION 96 newScore=-2.57699e+06 diffscore=28.6428 priorChange=-18.0218 successMove=10
ITERATION 97 newScore=-2.57695e+06 diffscore=37.3408 priorChange=-26.3396 successMove=10
ITERATION 98 newScore=-2.57691e+06 diffscore=35.7584 priorChange=-20.7944 successMove=10
ITERATION 99 newScore=-2.57688e+06 diffscore=35.0965 priorChange=-16.6355 successMove=10
MetaLearner::dumpAllGraphs
Final Score -2.57688e+06
MetaLearner::start runtime: 1300608101 ms
Results/
Results/cluster10/
Results/cluster10/fold0/
Results/cluster10/fold0/modelparams.txt
Results/cluster10/fold0/var_mb_pw_k50.txt
Results/cluster1/
Results/cluster1/fold0/
Results/cluster1/fold0/modelparams.txt
Results/cluster1/fold0/var_mb_pw_k50.txt
Results/cluster6/
Results/cluster6/fold0/
Results/cluster6/fold0/modelparams.txt
Results/cluster6/fold0/var_mb_pw_k50.txt
Results/cluster9/
Results/cluster9/fold0/
Results/cluster9/fold0/modelparams.txt
Results/cluster9/fold0/var_mb_pw_k50.txt
Results/cluster2/
Results/cluster2/fold0/
Results/cluster2/fold0/modelparams.txt
Results/cluster2/fold0/var_mb_pw_k50.txt
Results/cluster7/
Results/cluster7/fold0/
Results/cluster7/fold0/modelparams.txt
Results/cluster7/fold0/var_mb_pw_k50.txt
Results/cluster3/
Results/cluster3/fold0/
Results/cluster3/fold0/modelparams.txt
Results/cluster3/fold0/var_mb_pw_k50.txt
Results/cluster8/
Results/cluster8/scoreFile.txt
Results/cluster8/fold0/
Results/cluster8/fold0/modelparams.txt
Results/cluster8/fold0/var_mb_pw_k50.txt
