./CVN -f config_condor.txt -x50 -v1 -l TFs_OGs.txt -n AllGenes50.txt -d celltype_tree_ancestor.txt -m testdata_ogids.txt -s celltype_order.txt -p 0.2 -c yes -b -4 -q 4
(cluster3|cluster8) p_maintain_edge=0.8 p_gain=0.2
(cluster2|cluster3) p_maintain_edge=0.8 p_gain=0.2
(cluster1|cluster2) p_maintain_edge=0.8 p_gain=0.2
(cluster6|cluster2) p_maintain_edge=0.8 p_gain=0.2
(cluster9|cluster6) p_maintain_edge=0.8 p_gain=0.2
(cluster10|cluster6) p_maintain_edge=0.8 p_gain=0.2
(cluster7|cluster10) p_maintain_edge=0.8 p_gain=0.2
speciesSet.size()=8 Root is cluster8
MappedOrthogroupReader::readSpeciesMapping() --- celltype_order.txt
MappedOrthogroupReader::readFile - testdata_ogids.txt
MappedOrthogroupReader::generateGeneOrthoMap()
MetaLearner::init_onefold() read:config_condor.txt
MetaLearner::setinputVariableNames number of variables: 2047
readEvidenceTable:cluster8.table
PotentialManager::loadEvidenceFromTable varCount=2047 sampleCount=348
motifNetwork.size() = 319
0=cluster8 motifNetwork=cluster8_network.txt
variable size=2047
readEvidenceTable:cluster3.table
PotentialManager::loadEvidenceFromTable varCount=2047 sampleCount=95
motifNetwork.size() = 326
1=cluster3 motifNetwork=cluster3_network.txt
variable size=2047
readEvidenceTable:cluster2.table
PotentialManager::loadEvidenceFromTable varCount=2047 sampleCount=386
motifNetwork.size() = 328
2=cluster2 motifNetwork=cluster2_network.txt
variable size=2047
readEvidenceTable:cluster1.table
PotentialManager::loadEvidenceFromTable varCount=2047 sampleCount=36
motifNetwork.size() = 322
3=cluster1 motifNetwork=cluster1_network.txt
variable size=2047
readEvidenceTable:cluster6.table
PotentialManager::loadEvidenceFromTable varCount=2047 sampleCount=524
motifNetwork.size() = 320
4=cluster6 motifNetwork=cluster6_network.txt
variable size=2047
readEvidenceTable:cluster9.table
PotentialManager::loadEvidenceFromTable varCount=2047 sampleCount=184
motifNetwork.size() = 327
5=cluster9 motifNetwork=cluster9_network.txt
variable size=2047
readEvidenceTable:cluster10.table
PotentialManager::loadEvidenceFromTable varCount=2047 sampleCount=165
motifNetwork.size() = 326
6=cluster10 motifNetwork=cluster10_network.txt
variable size=2047
readEvidenceTable:cluster7.table
PotentialManager::loadEvidenceFromTable varCount=2047 sampleCount=1032
motifNetwork.size() = 320
7=cluster7 motifNetwork=cluster7_network.txt
variable size=2047
-------------------------------------------------------------
MetaLearner::start
precomputeEmptyGraphPrior
binkey=0 [Edge status: 0 0 0 0 0 0 0 0 ] P(G)=P(cluster8=0)[0.8] * P(cluster1=0|cluster2=0) * P(cluster9=0|cluster6=0) * P(cluster7=0|cluster10=0) * P(cluster10=0|cluster6=0) * P(cluster6=0|cluster2=0) * P(cluster2=0|cluster3=0) * P(cluster3=0|cluster8=0)[0.209715]=0.167772
condsetMap_Tree
0 cluster8=0 cluster3=0 cluster2=0 cluster1=0 cluster6=0 cluster9=0 cluster10=0 cluster7=1
1 cluster8=0 cluster3=0 cluster2=0 cluster1=0 cluster6=0 cluster9=1 cluster10=0 cluster7=0
2 cluster8=0 cluster3=0 cluster2=0 cluster1=0 cluster6=0 cluster9=1 cluster10=0 cluster7=1
3 cluster8=0 cluster3=0 cluster2=0 cluster1=1 cluster6=0 cluster9=0 cluster10=0 cluster7=0
4 cluster8=0 cluster3=0 cluster2=0 cluster1=1 cluster6=0 cluster9=0 cluster10=0 cluster7=1
5 cluster8=0 cluster3=0 cluster2=0 cluster1=1 cluster6=0 cluster9=1 cluster10=0 cluster7=0
6 cluster8=0 cluster3=0 cluster2=0 cluster1=1 cluster6=0 cluster9=1 cluster10=0 cluster7=1
7 cluster8=0 cluster3=0 cluster2=0 cluster1=0 cluster6=0 cluster9=0 cluster10=1 cluster7=1
8 cluster8=0 cluster3=0 cluster2=0 cluster1=0 cluster6=0 cluster9=1 cluster10=1 cluster7=1
9 cluster8=0 cluster3=0 cluster2=0 cluster1=1 cluster6=0 cluster9=0 cluster10=1 cluster7=1
10 cluster8=0 cluster3=0 cluster2=0 cluster1=1 cluster6=0 cluster9=1 cluster10=1 cluster7=1
11 cluster8=0 cluster3=0 cluster2=0 cluster1=0 cluster6=1 cluster9=1 cluster10=1 cluster7=1
12 cluster8=0 cluster3=0 cluster2=0 cluster1=1 cluster6=1 cluster9=1 cluster10=1 cluster7=1
13 cluster8=0 cluster3=0 cluster2=1 cluster1=1 cluster6=1 cluster9=1 cluster10=1 cluster7=1
14 cluster8=0 cluster3=1 cluster2=1 cluster1=1 cluster6=1 cluster9=1 cluster10=1 cluster7=1
15 cluster8=1 cluster3=1 cluster2=1 cluster1=1 cluster6=1 cluster9=1 cluster10=1 cluster7=1
16 cluster8=1 cluster3=1 cluster2=1 cluster1=1 cluster6=1 cluster9=1 cluster10=1 cluster7=0
17 cluster8=1 cluster3=1 cluster2=1 cluster1=1 cluster6=1 cluster9=0 cluster10=1 cluster7=1
18 cluster8=1 cluster3=1 cluster2=1 cluster1=1 cluster6=1 cluster9=0 cluster10=1 cluster7=0
19 cluster8=1 cluster3=1 cluster2=1 cluster1=0 cluster6=1 cluster9=1 cluster10=1 cluster7=1
20 cluster8=1 cluster3=1 cluster2=1 cluster1=0 cluster6=1 cluster9=1 cluster10=1 cluster7=0
21 cluster8=1 cluster3=1 cluster2=1 cluster1=0 cluster6=1 cluster9=0 cluster10=1 cluster7=1
22 cluster8=1 cluster3=1 cluster2=1 cluster1=0 cluster6=1 cluster9=0 cluster10=1 cluster7=0
23 cluster8=1 cluster3=1 cluster2=1 cluster1=1 cluster6=1 cluster9=1 cluster10=0 cluster7=0
24 cluster8=1 cluster3=1 cluster2=1 cluster1=1 cluster6=1 cluster9=0 cluster10=0 cluster7=0
25 cluster8=1 cluster3=1 cluster2=1 cluster1=0 cluster6=1 cluster9=1 cluster10=0 cluster7=0
26 cluster8=1 cluster3=1 cluster2=1 cluster1=0 cluster6=1 cluster9=0 cluster10=0 cluster7=0
27 cluster8=1 cluster3=1 cluster2=1 cluster1=1 cluster6=0 cluster9=0 cluster10=0 cluster7=0
28 cluster8=1 cluster3=1 cluster2=1 cluster1=0 cluster6=0 cluster9=0 cluster10=0 cluster7=0
29 cluster8=1 cluster3=1 cluster2=0 cluster1=0 cluster6=0 cluster9=0 cluster10=0 cluster7=0
30 cluster8=1 cluster3=0 cluster2=0 cluster1=0 cluster6=0 cluster9=0 cluster10=0 cluster7=0
31 cluster8=0 cluster3=0 cluster2=0 cluster1=0 cluster6=1 cluster9=0 cluster10=0 cluster7=0
32 cluster8=0 cluster3=0 cluster2=1 cluster1=0 cluster6=0 cluster9=0 cluster10=0 cluster7=0
33 cluster8=0 cluster3=0 cluster2=0 cluster1=0 cluster6=0 cluster9=0 cluster10=1 cluster7=0
34 cluster8=0 cluster3=1 cluster2=0 cluster1=0 cluster6=0 cluster9=0 cluster10=0 cluster7=0
inputRegulatorOGs.size() = 1999 inputOGList.size() = 50
binkey=8 [Edge status: 0 0 0 1 0 0 0 0 ] P(G)=P(cluster8=0)[0.8] * P(cluster1=1|cluster2=0) * P(cluster9=0|cluster6=0) * P(cluster7=0|cluster10=0) * P(cluster10=0|cluster6=0) * P(cluster6=0|cluster2=0) * P(cluster2=0|cluster3=0) * P(cluster3=0|cluster8=0)[0.0524288]=0.041943
binkey=32 [Edge status: 0 0 0 0 0 1 0 0 ] P(G)=P(cluster8=0)[0.8] * P(cluster1=0|cluster2=0) * P(cluster9=1|cluster6=0) * P(cluster7=0|cluster10=0) * P(cluster10=0|cluster6=0) * P(cluster6=0|cluster2=0) * P(cluster2=0|cluster3=0) * P(cluster3=0|cluster8=0)[0.0524288]=0.041943
binkey=2 [Edge status: 0 1 0 0 0 0 0 0 ] P(G)=P(cluster8=0)[0.8] * P(cluster1=0|cluster2=0) * P(cluster9=0|cluster6=0) * P(cluster7=0|cluster10=0) * P(cluster10=0|cluster6=0) * P(cluster6=0|cluster2=0) * P(cluster2=0|cluster3=1) * P(cluster3=1|cluster8=0)[0.0131072]=0.0104858
binkey=16 [Edge status: 0 0 0 0 1 0 0 0 ] P(G)=P(cluster8=0)[0.8] * P(cluster1=0|cluster2=0) * P(cluster9=0|cluster6=1) * P(cluster7=0|cluster10=0) * P(cluster10=0|cluster6=1) * P(cluster6=1|cluster2=0) * P(cluster2=0|cluster3=0) * P(cluster3=0|cluster8=0)[0.0032768]=0.00262144
binkey=64 [Edge status: 0 0 0 0 0 0 1 0 ] P(G)=P(cluster8=0)[0.8] * P(cluster1=0|cluster2=0) * P(cluster9=0|cluster6=0) * P(cluster7=0|cluster10=1) * P(cluster10=1|cluster6=0) * P(cluster6=0|cluster2=0) * P(cluster2=0|cluster3=0) * P(cluster3=0|cluster8=0)[0.0131072]=0.0104858
binkey=4 [Edge status: 0 0 1 0 0 0 0 0 ] P(G)=P(cluster8=0)[0.8] * P(cluster1=0|cluster2=1) * P(cluster9=0|cluster6=0) * P(cluster7=0|cluster10=0) * P(cluster10=0|cluster6=0) * P(cluster6=0|cluster2=1) * P(cluster2=1|cluster3=0) * P(cluster3=0|cluster8=0)[0.0032768]=0.00262144
binkey=128 [Edge status: 0 0 0 0 0 0 0 1 ] P(G)=P(cluster8=0)[0.8] * P(cluster1=0|cluster2=0) * P(cluster9=0|cluster6=0) * P(cluster7=1|cluster10=0) * P(cluster10=0|cluster6=0) * P(cluster6=0|cluster2=0) * P(cluster2=0|cluster3=0) * P(cluster3=0|cluster8=0)[0.0524288]=0.041943
binkey=1 [Edge status: 1 0 0 0 0 0 0 0 ] P(G)=P(cluster8=1)[0.2] * P(cluster1=0|cluster2=0) * P(cluster9=0|cluster6=0) * P(cluster7=0|cluster10=0) * P(cluster10=0|cluster6=0) * P(cluster6=0|cluster2=0) * P(cluster2=0|cluster3=0) * P(cluster3=0|cluster8=1)[0.0524288]=0.0104858
binkey=192 [Edge status: 0 0 0 0 0 0 1 1 ] P(G)=P(cluster8=0)[0.8] * P(cluster1=0|cluster2=0) * P(cluster9=0|cluster6=0) * P(cluster7=1|cluster10=1) * P(cluster10=1|cluster6=0) * P(cluster6=0|cluster2=0) * P(cluster2=0|cluster3=0) * P(cluster3=0|cluster8=0)[0.0524288]=0.041943
binkey=160 [Edge status: 0 0 0 0 0 1 0 1 ] P(G)=P(cluster8=0)[0.8] * P(cluster1=0|cluster2=0) * P(cluster9=1|cluster6=0) * P(cluster7=1|cluster10=0) * P(cluster10=0|cluster6=0) * P(cluster6=0|cluster2=0) * P(cluster2=0|cluster3=0) * P(cluster3=0|cluster8=0)[0.0131072]=0.0104858
binkey=136 [Edge status: 0 0 0 1 0 0 0 1 ] P(G)=P(cluster8=0)[0.8] * P(cluster1=1|cluster2=0) * P(cluster9=0|cluster6=0) * P(cluster7=1|cluster10=0) * P(cluster10=0|cluster6=0) * P(cluster6=0|cluster2=0) * P(cluster2=0|cluster3=0) * P(cluster3=0|cluster8=0)[0.0131072]=0.0104858
binkey=40 [Edge status: 0 0 0 1 0 1 0 0 ] P(G)=P(cluster8=0)[0.8] * P(cluster1=1|cluster2=0) * P(cluster9=1|cluster6=0) * P(cluster7=0|cluster10=0) * P(cluster10=0|cluster6=0) * P(cluster6=0|cluster2=0) * P(cluster2=0|cluster3=0) * P(cluster3=0|cluster8=0)[0.0131072]=0.0104858
binkey=3 [Edge status: 1 1 0 0 0 0 0 0 ] P(G)=P(cluster8=1)[0.2] * P(cluster1=0|cluster2=0) * P(cluster9=0|cluster6=0) * P(cluster7=0|cluster10=0) * P(cluster10=0|cluster6=0) * P(cluster6=0|cluster2=0) * P(cluster2=0|cluster3=1) * P(cluster3=1|cluster8=1)[0.0524288]=0.0104858
binkey=224 [Edge status: 0 0 0 0 0 1 1 1 ] P(G)=P(cluster8=0)[0.8] * P(cluster1=0|cluster2=0) * P(cluster9=1|cluster6=0) * P(cluster7=1|cluster10=1) * P(cluster10=1|cluster6=0) * P(cluster6=0|cluster2=0) * P(cluster2=0|cluster3=0) * P(cluster3=0|cluster8=0)[0.0131072]=0.0104858
binkey=200 [Edge status: 0 0 0 1 0 0 1 1 ] P(G)=P(cluster8=0)[0.8] * P(cluster1=1|cluster2=0) * P(cluster9=0|cluster6=0) * P(cluster7=1|cluster10=1) * P(cluster10=1|cluster6=0) * P(cluster6=0|cluster2=0) * P(cluster2=0|cluster3=0) * P(cluster3=0|cluster8=0)[0.0131072]=0.0104858
binkey=7 [Edge status: 1 1 1 0 0 0 0 0 ] P(G)=P(cluster8=1)[0.2] * P(cluster1=0|cluster2=1) * P(cluster9=0|cluster6=0) * P(cluster7=0|cluster10=0) * P(cluster10=0|cluster6=0) * P(cluster6=0|cluster2=1) * P(cluster2=1|cluster3=1) * P(cluster3=1|cluster8=1)[0.0131072]=0.00262144
binkey=168 [Edge status: 0 0 0 1 0 1 0 1 ] P(G)=P(cluster8=0)[0.8] * P(cluster1=1|cluster2=0) * P(cluster9=1|cluster6=0) * P(cluster7=1|cluster10=0) * P(cluster10=0|cluster6=0) * P(cluster6=0|cluster2=0) * P(cluster2=0|cluster3=0) * P(cluster3=0|cluster8=0)[0.0032768]=0.00262144
binkey=232 [Edge status: 0 0 0 1 0 1 1 1 ] P(G)=P(cluster8=0)[0.8] * P(cluster1=1|cluster2=0) * P(cluster9=1|cluster6=0) * P(cluster7=1|cluster10=1) * P(cluster10=1|cluster6=0) * P(cluster6=0|cluster2=0) * P(cluster2=0|cluster3=0) * P(cluster3=0|cluster8=0)[0.0032768]=0.00262144
binkey=240 [Edge status: 0 0 0 0 1 1 1 1 ] P(G)=P(cluster8=0)[0.8] * P(cluster1=0|cluster2=0) * P(cluster9=1|cluster6=1) * P(cluster7=1|cluster10=1) * P(cluster10=1|cluster6=1) * P(cluster6=1|cluster2=0) * P(cluster2=0|cluster3=0) * P(cluster3=0|cluster8=0)[0.0524288]=0.041943
binkey=248 [Edge status: 0 0 0 1 1 1 1 1 ] P(G)=P(cluster8=0)[0.8] * P(cluster1=1|cluster2=0) * P(cluster9=1|cluster6=1) * P(cluster7=1|cluster10=1) * P(cluster10=1|cluster6=1) * P(cluster6=1|cluster2=0) * P(cluster2=0|cluster3=0) * P(cluster3=0|cluster8=0)[0.0131072]=0.0104858
binkey=252 [Edge status: 0 0 1 1 1 1 1 1 ] P(G)=P(cluster8=0)[0.8] * P(cluster1=1|cluster2=1) * P(cluster9=1|cluster6=1) * P(cluster7=1|cluster10=1) * P(cluster10=1|cluster6=1) * P(cluster6=1|cluster2=1) * P(cluster2=1|cluster3=0) * P(cluster3=0|cluster8=0)[0.0524288]=0.041943
binkey=254 [Edge status: 0 1 1 1 1 1 1 1 ] P(G)=P(cluster8=0)[0.8] * P(cluster1=1|cluster2=1) * P(cluster9=1|cluster6=1) * P(cluster7=1|cluster10=1) * P(cluster10=1|cluster6=1) * P(cluster6=1|cluster2=1) * P(cluster2=1|cluster3=1) * P(cluster3=1|cluster8=0)[0.0524288]=0.041943
binkey=255 [Edge status: 1 1 1 1 1 1 1 1 ] P(G)=P(cluster8=1)[0.2] * P(cluster1=1|cluster2=1) * P(cluster9=1|cluster6=1) * P(cluster7=1|cluster10=1) * P(cluster10=1|cluster6=1) * P(cluster6=1|cluster2=1) * P(cluster2=1|cluster3=1) * P(cluster3=1|cluster8=1)[0.209715]=0.041943
binkey=127 [Edge status: 1 1 1 1 1 1 1 0 ] P(G)=P(cluster8=1)[0.2] * P(cluster1=1|cluster2=1) * P(cluster9=1|cluster6=1) * P(cluster7=0|cluster10=1) * P(cluster10=1|cluster6=1) * P(cluster6=1|cluster2=1) * P(cluster2=1|cluster3=1) * P(cluster3=1|cluster8=1)[0.0524288]=0.0104858
binkey=223 [Edge status: 1 1 1 1 1 0 1 1 ] P(G)=P(cluster8=1)[0.2] * P(cluster1=1|cluster2=1) * P(cluster9=0|cluster6=1) * P(cluster7=1|cluster10=1) * P(cluster10=1|cluster6=1) * P(cluster6=1|cluster2=1) * P(cluster2=1|cluster3=1) * P(cluster3=1|cluster8=1)[0.0524288]=0.0104858
binkey=95 [Edge status: 1 1 1 1 1 0 1 0 ] P(G)=P(cluster8=1)[0.2] * P(cluster1=1|cluster2=1) * P(cluster9=0|cluster6=1) * P(cluster7=0|cluster10=1) * P(cluster10=1|cluster6=1) * P(cluster6=1|cluster2=1) * P(cluster2=1|cluster3=1) * P(cluster3=1|cluster8=1)[0.0131072]=0.00262144
binkey=247 [Edge status: 1 1 1 0 1 1 1 1 ] P(G)=P(cluster8=1)[0.2] * P(cluster1=0|cluster2=1) * P(cluster9=1|cluster6=1) * P(cluster7=1|cluster10=1) * P(cluster10=1|cluster6=1) * P(cluster6=1|cluster2=1) * P(cluster2=1|cluster3=1) * P(cluster3=1|cluster8=1)[0.0524288]=0.0104858
binkey=119 [Edge status: 1 1 1 0 1 1 1 0 ] P(G)=P(cluster8=1)[0.2] * P(cluster1=0|cluster2=1) * P(cluster9=1|cluster6=1) * P(cluster7=0|cluster10=1) * P(cluster10=1|cluster6=1) * P(cluster6=1|cluster2=1) * P(cluster2=1|cluster3=1) * P(cluster3=1|cluster8=1)[0.0131072]=0.00262144
binkey=215 [Edge status: 1 1 1 0 1 0 1 1 ] P(G)=P(cluster8=1)[0.2] * P(cluster1=0|cluster2=1) * P(cluster9=0|cluster6=1) * P(cluster7=1|cluster10=1) * P(cluster10=1|cluster6=1) * P(cluster6=1|cluster2=1) * P(cluster2=1|cluster3=1) * P(cluster3=1|cluster8=1)[0.0131072]=0.00262144
binkey=87 [Edge status: 1 1 1 0 1 0 1 0 ] P(G)=P(cluster8=1)[0.2] * P(cluster1=0|cluster2=1) * P(cluster9=0|cluster6=1) * P(cluster7=0|cluster10=1) * P(cluster10=1|cluster6=1) * P(cluster6=1|cluster2=1) * P(cluster2=1|cluster3=1) * P(cluster3=1|cluster8=1)[0.0032768]=0.00065536
binkey=63 [Edge status: 1 1 1 1 1 1 0 0 ] P(G)=P(cluster8=1)[0.2] * P(cluster1=1|cluster2=1) * P(cluster9=1|cluster6=1) * P(cluster7=0|cluster10=0) * P(cluster10=0|cluster6=1) * P(cluster6=1|cluster2=1) * P(cluster2=1|cluster3=1) * P(cluster3=1|cluster8=1)[0.0524288]=0.0104858
binkey=31 [Edge status: 1 1 1 1 1 0 0 0 ] P(G)=P(cluster8=1)[0.2] * P(cluster1=1|cluster2=1) * P(cluster9=0|cluster6=1) * P(cluster7=0|cluster10=0) * P(cluster10=0|cluster6=1) * P(cluster6=1|cluster2=1) * P(cluster2=1|cluster3=1) * P(cluster3=1|cluster8=1)[0.0131072]=0.00262144
binkey=55 [Edge status: 1 1 1 0 1 1 0 0 ] P(G)=P(cluster8=1)[0.2] * P(cluster1=0|cluster2=1) * P(cluster9=1|cluster6=1) * P(cluster7=0|cluster10=0) * P(cluster10=0|cluster6=1) * P(cluster6=1|cluster2=1) * P(cluster2=1|cluster3=1) * P(cluster3=1|cluster8=1)[0.0131072]=0.00262144
binkey=23 [Edge status: 1 1 1 0 1 0 0 0 ] P(G)=P(cluster8=1)[0.2] * P(cluster1=0|cluster2=1) * P(cluster9=0|cluster6=1) * P(cluster7=0|cluster10=0) * P(cluster10=0|cluster6=1) * P(cluster6=1|cluster2=1) * P(cluster2=1|cluster3=1) * P(cluster3=1|cluster8=1)[0.0032768]=0.00065536
binkey=15 [Edge status: 1 1 1 1 0 0 0 0 ] P(G)=P(cluster8=1)[0.2] * P(cluster1=1|cluster2=1) * P(cluster9=0|cluster6=0) * P(cluster7=0|cluster10=0) * P(cluster10=0|cluster6=0) * P(cluster6=0|cluster2=1) * P(cluster2=1|cluster3=1) * P(cluster3=1|cluster8=1)[0.0524288]=0.0104858
ITERATION 0 newScore=-2.65291e+06 diffscore=14776.7 priorChange=-102.586 successMove=54
ITERATION 1 newScore=-2.6422e+06 diffscore=10716.7 priorChange=-113.676 successMove=52
ITERATION 2 newScore=-2.63531e+06 diffscore=6885.81 priorChange=-102.586 successMove=54
ITERATION 3 newScore=-2.63127e+06 diffscore=4036.94 priorChange=-110.904 successMove=51
ITERATION 4 newScore=-2.62132e+06 diffscore=9958.2 priorChange=-109.517 successMove=50
ITERATION 5 newScore=-2.61486e+06 diffscore=6454.15 priorChange=-123.38 successMove=51
ITERATION 6 newScore=-2.61175e+06 diffscore=3107.83 priorChange=-106.745 successMove=52
ITERATION 7 newScore=-2.6102e+06 diffscore=1555.38 priorChange=-112.29 successMove=55
ITERATION 8 newScore=-2.6043e+06 diffscore=5904.13 priorChange=-109.517 successMove=54
ITERATION 9 newScore=-2.60017e+06 diffscore=4124.15 priorChange=-123.38 successMove=56
ITERATION 10 newScore=-2.59903e+06 diffscore=1136.44 priorChange=-120.608 successMove=51
ITERATION 11 newScore=-2.59691e+06 diffscore=2127.08 priorChange=-115.062 successMove=62
ITERATION 12 newScore=-2.59592e+06 diffscore=991.443 priorChange=-116.449 successMove=50
ITERATION 13 newScore=-2.59316e+06 diffscore=2759.65 priorChange=-112.29 successMove=50
ITERATION 14 newScore=-2.59254e+06 diffscore=616.056 priorChange=-126.153 successMove=52
ITERATION 15 newScore=-2.59086e+06 diffscore=1679.53 priorChange=-119.221 successMove=56
ITERATION 16 newScore=-2.58816e+06 diffscore=2698.23 priorChange=-115.062 successMove=54
ITERATION 17 newScore=-2.58473e+06 diffscore=3437.31 priorChange=-109.517 successMove=51
ITERATION 18 newScore=-2.58404e+06 diffscore=680.386 priorChange=-108.131 successMove=51
ITERATION 19 newScore=-2.58176e+06 diffscore=2286.54 priorChange=-120.608 successMove=50
ITERATION 20 newScore=-2.57756e+06 diffscore=4196.79 priorChange=-115.062 successMove=49
ITERATION 21 newScore=-2.57566e+06 diffscore=1896.46 priorChange=-121.994 successMove=49
ITERATION 22 newScore=-2.57261e+06 diffscore=3055.86 priorChange=-121.994 successMove=50
ITERATION 23 newScore=-2.57119e+06 diffscore=1423.41 priorChange=-117.835 successMove=51
ITERATION 24 newScore=-2.56997e+06 diffscore=1218.57 priorChange=-120.608 successMove=48
ITERATION 25 newScore=-2.56939e+06 diffscore=575.702 priorChange=-115.062 successMove=51
ITERATION 26 newScore=-2.56628e+06 diffscore=3114.45 priorChange=-105.358 successMove=50
ITERATION 27 newScore=-2.56453e+06 diffscore=1745.59 priorChange=-102.586 successMove=49
ITERATION 28 newScore=-2.5627e+06 diffscore=1830.9 priorChange=-105.358 successMove=48
ITERATION 29 newScore=-2.56238e+06 diffscore=323.372 priorChange=-115.062 successMove=49
ITERATION 30 newScore=-2.56202e+06 diffscore=352.246 priorChange=-110.904 successMove=49
ITERATION 31 newScore=-2.56132e+06 diffscore=708.226 priorChange=-106.745 successMove=48
ITERATION 32 newScore=-2.56017e+06 diffscore=1147.72 priorChange=-99.8132 successMove=48
ITERATION 33 newScore=-2.55984e+06 diffscore=326.801 priorChange=-88.7228 successMove=51
ITERATION 34 newScore=-2.55948e+06 diffscore=364.755 priorChange=-95.6543 successMove=46
ITERATION 35 newScore=-2.55704e+06 diffscore=2432.75 priorChange=-95.6543 successMove=45
ITERATION 36 newScore=-2.55671e+06 diffscore=335.299 priorChange=-98.4269 successMove=46
ITERATION 37 newScore=-2.55418e+06 diffscore=2532.06 priorChange=-112.29 successMove=47
ITERATION 38 newScore=-2.55383e+06 diffscore=347.764 priorChange=-101.199 successMove=46
ITERATION 39 newScore=-2.55348e+06 diffscore=353.065 priorChange=-102.586 successMove=46
ITERATION 40 newScore=-2.55193e+06 diffscore=1550.56 priorChange=-94.268 successMove=44
ITERATION 41 newScore=-2.55156e+06 diffscore=366.543 priorChange=-99.8132 successMove=43
ITERATION 42 newScore=-2.54979e+06 diffscore=1768.33 priorChange=-91.4954 successMove=44
ITERATION 43 newScore=-2.54934e+06 diffscore=448.166 priorChange=-90.1091 successMove=45
ITERATION 44 newScore=-2.54875e+06 diffscore=587.882 priorChange=-94.268 successMove=42
ITERATION 45 newScore=-2.54782e+06 diffscore=937.632 priorChange=-97.0406 successMove=46
ITERATION 46 newScore=-2.54533e+06 diffscore=2487.88 priorChange=-74.8599 successMove=42
ITERATION 47 newScore=-2.54374e+06 diffscore=1590.33 priorChange=-88.7228 successMove=42
ITERATION 48 newScore=-2.54302e+06 diffscore=721.256 priorChange=-80.4051 successMove=43
ITERATION 49 newScore=-2.5428e+06 diffscore=216.788 priorChange=-85.9503 successMove=42
ITERATION 50 newScore=-2.54247e+06 diffscore=335.997 priorChange=-83.1777 successMove=42
ITERATION 51 newScore=-2.54108e+06 diffscore=1385.11 priorChange=-90.1091 successMove=41
ITERATION 52 newScore=-2.54084e+06 diffscore=240.837 priorChange=-95.6543 successMove=43
ITERATION 53 newScore=-2.53799e+06 diffscore=2852.63 priorChange=-105.358 successMove=40
ITERATION 54 newScore=-2.53756e+06 diffscore=421.896 priorChange=-77.6325 successMove=37
ITERATION 55 newScore=-2.53653e+06 diffscore=1033.24 priorChange=-77.6325 successMove=37
ITERATION 56 newScore=-2.53631e+06 diffscore=217.004 priorChange=-63.7695 successMove=36
ITERATION 57 newScore=-2.5359e+06 diffscore=410.302 priorChange=-80.4051 successMove=34
ITERATION 58 newScore=-2.53348e+06 diffscore=2425.21 priorChange=-66.5421 successMove=33
ITERATION 59 newScore=-2.53336e+06 diffscore=114.907 priorChange=-72.0873 successMove=31
ITERATION 60 newScore=-2.53325e+06 diffscore=115.257 priorChange=-67.9284 successMove=30
ITERATION 61 newScore=-2.53314e+06 diffscore=110.032 priorChange=-62.3832 successMove=29
ITERATION 62 newScore=-2.53304e+06 diffscore=98.7434 priorChange=-54.0655 successMove=28
ITERATION 63 newScore=-2.53293e+06 diffscore=106.792 priorChange=-69.3147 successMove=27
ITERATION 64 newScore=-2.53283e+06 diffscore=99.4045 priorChange=-60.997 successMove=26
ITERATION 65 newScore=-2.53273e+06 diffscore=99.3839 priorChange=-60.997 successMove=25
ITERATION 66 newScore=-2.53264e+06 diffscore=98.7894 priorChange=-58.2244 successMove=24
ITERATION 67 newScore=-2.53254e+06 diffscore=96.8838 priorChange=-41.5888 successMove=22
ITERATION 68 newScore=-2.53239e+06 diffscore=152.883 priorChange=-42.9751 successMove=22
ITERATION 69 newScore=-2.53226e+06 diffscore=124.859 priorChange=-44.3614 successMove=21
ITERATION 70 newScore=-2.5321e+06 diffscore=157.047 priorChange=-34.6574 successMove=18
ITERATION 71 newScore=-2.53064e+06 diffscore=1466.58 priorChange=-36.0437 successMove=15
ITERATION 72 newScore=-2.53037e+06 diffscore=263.817 priorChange=-30.4985 successMove=15
ITERATION 73 newScore=-2.53019e+06 diffscore=188.173 priorChange=-38.8162 successMove=15
ITERATION 74 newScore=-2.53004e+06 diffscore=145.506 priorChange=-31.8848 successMove=15
ITERATION 75 newScore=-2.52993e+06 diffscore=113.808 priorChange=-30.4985 successMove=15
ITERATION 76 newScore=-2.52975e+06 diffscore=176.048 priorChange=-27.7259 successMove=15
ITERATION 77 newScore=-2.5268e+06 diffscore=2948.07 priorChange=-29.1122 successMove=15
ITERATION 78 newScore=-2.52622e+06 diffscore=577.514 priorChange=-22.1807 successMove=12
ITERATION 79 newScore=-2.52614e+06 diffscore=81.7418 priorChange=-22.1807 successMove=10
ITERATION 80 newScore=-2.52463e+06 diffscore=1510.42 priorChange=-20.7944 successMove=9
ITERATION 81 newScore=-2.52458e+06 diffscore=53.6475 priorChange=-16.6355 successMove=9
ITERATION 82 newScore=-2.52453e+06 diffscore=49.6542 priorChange=-15.2492 successMove=9
ITERATION 83 newScore=-2.52449e+06 diffscore=35.0465 priorChange=-18.0218 successMove=8
ITERATION 84 newScore=-2.52445e+06 diffscore=41.4063 priorChange=-19.4081 successMove=8
ITERATION 85 newScore=-2.5244e+06 diffscore=54.9021 priorChange=-9.70406 successMove=7
ITERATION 86 newScore=-2.52423e+06 diffscore=163.524 priorChange=-15.2492 successMove=6
ITERATION 87 newScore=-2.52318e+06 diffscore=1056.78 priorChange=-8.31777 successMove=4
ITERATION 88 newScore=-2.52316e+06 diffscore=15.2107 priorChange=-4.15888 successMove=4
ITERATION 89 newScore=-2.52314e+06 diffscore=23.814 priorChange=-6.93147 successMove=4
ITERATION 90 newScore=-2.52312e+06 diffscore=22.4758 priorChange=-5.54518 successMove=5
ITERATION 91 newScore=-2.52309e+06 diffscore=27.2213 priorChange=-5.54518 successMove=4
ITERATION 92 newScore=-2.52305e+06 diffscore=35.6751 priorChange=-9.70406 successMove=4
ITERATION 93 newScore=-2.52302e+06 diffscore=30.3022 priorChange=-8.31777 successMove=4
ITERATION 94 newScore=-2.52299e+06 diffscore=36.2982 priorChange=-9.70406 successMove=4
ITERATION 95 newScore=-2.52295e+06 diffscore=39.309 priorChange=-9.70406 successMove=4
ITERATION 96 newScore=-2.52291e+06 diffscore=37.1592 priorChange=-9.70406 successMove=4
ITERATION 97 newScore=-2.52287e+06 diffscore=42.4209 priorChange=-2.77259 successMove=4
ITERATION 98 newScore=-2.52283e+06 diffscore=42.2294 priorChange=-9.70406 successMove=4
ITERATION 99 newScore=-2.52278e+06 diffscore=50.0443 priorChange=-9.70406 successMove=4
MetaLearner::dumpAllGraphs
Final Score -2.52278e+06
MetaLearner::start runtime: 1679539076 ms
Results/
Results/cluster8/
Results/cluster8/scoreFile.txt
Results/cluster8/fold0/
Results/cluster8/fold0/modelparams.txt
Results/cluster8/fold0/var_mb_pw_k50.txt
Results/cluster1/
Results/cluster1/fold0/
Results/cluster1/fold0/modelparams.txt
Results/cluster1/fold0/var_mb_pw_k50.txt
Results/cluster6/
Results/cluster6/fold0/
Results/cluster6/fold0/modelparams.txt
Results/cluster6/fold0/var_mb_pw_k50.txt
Results/cluster9/
Results/cluster9/fold0/
Results/cluster9/fold0/modelparams.txt
Results/cluster9/fold0/var_mb_pw_k50.txt
Results/cluster10/
Results/cluster10/fold0/
Results/cluster10/fold0/modelparams.txt
Results/cluster10/fold0/var_mb_pw_k50.txt
Results/cluster3/
Results/cluster3/fold0/
Results/cluster3/fold0/modelparams.txt
Results/cluster3/fold0/var_mb_pw_k50.txt
Results/cluster2/
Results/cluster2/fold0/
Results/cluster2/fold0/modelparams.txt
Results/cluster2/fold0/var_mb_pw_k50.txt
Results/cluster7/
Results/cluster7/fold0/
Results/cluster7/fold0/modelparams.txt
Results/cluster7/fold0/var_mb_pw_k50.txt
