./CVN -f config_condor.txt -x50 -v1 -l TFs_OGs.txt -n AllGenes8.txt -d celltype_tree_ancestor.txt -m testdata_ogids.txt -s celltype_order.txt -p 0.2 -c yes -b -4 -q 4
(cluster3|cluster8) p_maintain_edge=0.8 p_gain=0.2
(cluster2|cluster3) p_maintain_edge=0.8 p_gain=0.2
(cluster1|cluster2) p_maintain_edge=0.8 p_gain=0.2
(cluster6|cluster2) p_maintain_edge=0.8 p_gain=0.2
(cluster9|cluster6) p_maintain_edge=0.8 p_gain=0.2
(cluster10|cluster6) p_maintain_edge=0.8 p_gain=0.2
(cluster7|cluster10) p_maintain_edge=0.8 p_gain=0.2
speciesSet.size()=8 Root is cluster8
MappedOrthogroupReader::readSpeciesMapping() --- celltype_order.txt
MappedOrthogroupReader::readFile - testdata_ogids.txt
MappedOrthogroupReader::generateGeneOrthoMap()
MetaLearner::init_onefold() read:config_condor.txt
MetaLearner::setinputVariableNames number of variables: 2042
readEvidenceTable:cluster8.table
PotentialManager::loadEvidenceFromTable varCount=2042 sampleCount=348
motifNetwork.size() = 319
0=cluster8 motifNetwork=cluster8_network.txt
variable size=2042
readEvidenceTable:cluster3.table
PotentialManager::loadEvidenceFromTable varCount=2042 sampleCount=95
motifNetwork.size() = 326
1=cluster3 motifNetwork=cluster3_network.txt
variable size=2042
readEvidenceTable:cluster2.table
PotentialManager::loadEvidenceFromTable varCount=2042 sampleCount=386
motifNetwork.size() = 328
2=cluster2 motifNetwork=cluster2_network.txt
variable size=2042
readEvidenceTable:cluster1.table
PotentialManager::loadEvidenceFromTable varCount=2042 sampleCount=36
motifNetwork.size() = 322
3=cluster1 motifNetwork=cluster1_network.txt
variable size=2042
readEvidenceTable:cluster6.table
PotentialManager::loadEvidenceFromTable varCount=2042 sampleCount=524
motifNetwork.size() = 320
4=cluster6 motifNetwork=cluster6_network.txt
variable size=2042
readEvidenceTable:cluster9.table
PotentialManager::loadEvidenceFromTable varCount=2042 sampleCount=184
motifNetwork.size() = 327
5=cluster9 motifNetwork=cluster9_network.txt
variable size=2042
readEvidenceTable:cluster10.table
PotentialManager::loadEvidenceFromTable varCount=2042 sampleCount=165
motifNetwork.size() = 326
6=cluster10 motifNetwork=cluster10_network.txt
variable size=2042
readEvidenceTable:cluster7.table
PotentialManager::loadEvidenceFromTable varCount=2042 sampleCount=1032
motifNetwork.size() = 320
7=cluster7 motifNetwork=cluster7_network.txt
variable size=2042
-------------------------------------------------------------
MetaLearner::start
precomputeEmptyGraphPrior
binkey=0 [Edge status: 0 0 0 0 0 0 0 0 ] P(G)=P(cluster8=0)[0.8] * P(cluster1=0|cluster2=0) * P(cluster9=0|cluster6=0) * P(cluster7=0|cluster10=0) * P(cluster10=0|cluster6=0) * P(cluster6=0|cluster2=0) * P(cluster2=0|cluster3=0) * P(cluster3=0|cluster8=0)[0.209715]=0.167772
condsetMap_Tree
0 cluster8=0 cluster3=0 cluster2=0 cluster1=0 cluster6=0 cluster9=0 cluster10=0 cluster7=1
1 cluster8=0 cluster3=0 cluster2=0 cluster1=0 cluster6=0 cluster9=1 cluster10=0 cluster7=0
2 cluster8=0 cluster3=0 cluster2=0 cluster1=0 cluster6=0 cluster9=1 cluster10=0 cluster7=1
3 cluster8=0 cluster3=0 cluster2=0 cluster1=1 cluster6=0 cluster9=0 cluster10=0 cluster7=0
4 cluster8=0 cluster3=0 cluster2=0 cluster1=1 cluster6=0 cluster9=0 cluster10=0 cluster7=1
5 cluster8=0 cluster3=0 cluster2=0 cluster1=1 cluster6=0 cluster9=1 cluster10=0 cluster7=0
6 cluster8=0 cluster3=0 cluster2=0 cluster1=1 cluster6=0 cluster9=1 cluster10=0 cluster7=1
7 cluster8=0 cluster3=0 cluster2=0 cluster1=0 cluster6=0 cluster9=0 cluster10=1 cluster7=1
8 cluster8=0 cluster3=0 cluster2=0 cluster1=0 cluster6=0 cluster9=1 cluster10=1 cluster7=1
9 cluster8=0 cluster3=0 cluster2=0 cluster1=1 cluster6=0 cluster9=0 cluster10=1 cluster7=1
10 cluster8=0 cluster3=0 cluster2=0 cluster1=1 cluster6=0 cluster9=1 cluster10=1 cluster7=1
11 cluster8=0 cluster3=0 cluster2=0 cluster1=0 cluster6=1 cluster9=1 cluster10=1 cluster7=1
12 cluster8=0 cluster3=0 cluster2=0 cluster1=1 cluster6=1 cluster9=1 cluster10=1 cluster7=1
13 cluster8=0 cluster3=0 cluster2=1 cluster1=1 cluster6=1 cluster9=1 cluster10=1 cluster7=1
14 cluster8=0 cluster3=1 cluster2=1 cluster1=1 cluster6=1 cluster9=1 cluster10=1 cluster7=1
15 cluster8=1 cluster3=1 cluster2=1 cluster1=1 cluster6=1 cluster9=1 cluster10=1 cluster7=1
16 cluster8=1 cluster3=1 cluster2=1 cluster1=1 cluster6=1 cluster9=1 cluster10=1 cluster7=0
17 cluster8=1 cluster3=1 cluster2=1 cluster1=1 cluster6=1 cluster9=0 cluster10=1 cluster7=1
18 cluster8=1 cluster3=1 cluster2=1 cluster1=1 cluster6=1 cluster9=0 cluster10=1 cluster7=0
19 cluster8=1 cluster3=1 cluster2=1 cluster1=0 cluster6=1 cluster9=1 cluster10=1 cluster7=1
20 cluster8=1 cluster3=1 cluster2=1 cluster1=0 cluster6=1 cluster9=1 cluster10=1 cluster7=0
21 cluster8=1 cluster3=1 cluster2=1 cluster1=0 cluster6=1 cluster9=0 cluster10=1 cluster7=1
22 cluster8=1 cluster3=1 cluster2=1 cluster1=0 cluster6=1 cluster9=0 cluster10=1 cluster7=0
23 cluster8=1 cluster3=1 cluster2=1 cluster1=1 cluster6=1 cluster9=1 cluster10=0 cluster7=0
24 cluster8=1 cluster3=1 cluster2=1 cluster1=1 cluster6=1 cluster9=0 cluster10=0 cluster7=0
25 cluster8=1 cluster3=1 cluster2=1 cluster1=0 cluster6=1 cluster9=1 cluster10=0 cluster7=0
26 cluster8=1 cluster3=1 cluster2=1 cluster1=0 cluster6=1 cluster9=0 cluster10=0 cluster7=0
27 cluster8=1 cluster3=1 cluster2=1 cluster1=1 cluster6=0 cluster9=0 cluster10=0 cluster7=0
28 cluster8=1 cluster3=1 cluster2=1 cluster1=0 cluster6=0 cluster9=0 cluster10=0 cluster7=0
29 cluster8=1 cluster3=1 cluster2=0 cluster1=0 cluster6=0 cluster9=0 cluster10=0 cluster7=0
30 cluster8=1 cluster3=0 cluster2=0 cluster1=0 cluster6=0 cluster9=0 cluster10=0 cluster7=0
31 cluster8=0 cluster3=0 cluster2=0 cluster1=0 cluster6=1 cluster9=0 cluster10=0 cluster7=0
32 cluster8=0 cluster3=0 cluster2=1 cluster1=0 cluster6=0 cluster9=0 cluster10=0 cluster7=0
33 cluster8=0 cluster3=0 cluster2=0 cluster1=0 cluster6=0 cluster9=0 cluster10=1 cluster7=0
34 cluster8=0 cluster3=1 cluster2=0 cluster1=0 cluster6=0 cluster9=0 cluster10=0 cluster7=0
inputRegulatorOGs.size() = 1999 inputOGList.size() = 50
binkey=1 [Edge status: 1 0 0 0 0 0 0 0 ] P(G)=P(cluster8=1)[0.2] * P(cluster1=0|cluster2=0) * P(cluster9=0|cluster6=0) * P(cluster7=0|cluster10=0) * P(cluster10=0|cluster6=0) * P(cluster6=0|cluster2=0) * P(cluster2=0|cluster3=0) * P(cluster3=0|cluster8=1)[0.0524288]=0.0104858
binkey=64 [Edge status: 0 0 0 0 0 0 1 0 ] P(G)=P(cluster8=0)[0.8] * P(cluster1=0|cluster2=0) * P(cluster9=0|cluster6=0) * P(cluster7=0|cluster10=1) * P(cluster10=1|cluster6=0) * P(cluster6=0|cluster2=0) * P(cluster2=0|cluster3=0) * P(cluster3=0|cluster8=0)[0.0131072]=0.0104858
binkey=32 [Edge status: 0 0 0 0 0 1 0 0 ] P(G)=P(cluster8=0)[0.8] * P(cluster1=0|cluster2=0) * P(cluster9=1|cluster6=0) * P(cluster7=0|cluster10=0) * P(cluster10=0|cluster6=0) * P(cluster6=0|cluster2=0) * P(cluster2=0|cluster3=0) * P(cluster3=0|cluster8=0)[0.0524288]=0.041943
binkey=128 [Edge status: 0 0 0 0 0 0 0 1 ] P(G)=P(cluster8=0)[0.8] * P(cluster1=0|cluster2=0) * P(cluster9=0|cluster6=0) * P(cluster7=1|cluster10=0) * P(cluster10=0|cluster6=0) * P(cluster6=0|cluster2=0) * P(cluster2=0|cluster3=0) * P(cluster3=0|cluster8=0)[0.0524288]=0.041943
binkey=16 [Edge status: 0 0 0 0 1 0 0 0 ] P(G)=P(cluster8=0)[0.8] * P(cluster1=0|cluster2=0) * P(cluster9=0|cluster6=1) * P(cluster7=0|cluster10=0) * P(cluster10=0|cluster6=1) * P(cluster6=1|cluster2=0) * P(cluster2=0|cluster3=0) * P(cluster3=0|cluster8=0)[0.0032768]=0.00262144
binkey=192 [Edge status: 0 0 0 0 0 0 1 1 ] P(G)=P(cluster8=0)[0.8] * P(cluster1=0|cluster2=0) * P(cluster9=0|cluster6=0) * P(cluster7=1|cluster10=1) * P(cluster10=1|cluster6=0) * P(cluster6=0|cluster2=0) * P(cluster2=0|cluster3=0) * P(cluster3=0|cluster8=0)[0.0524288]=0.041943
binkey=4 [Edge status: 0 0 1 0 0 0 0 0 ] P(G)=P(cluster8=0)[0.8] * P(cluster1=0|cluster2=1) * P(cluster9=0|cluster6=0) * P(cluster7=0|cluster10=0) * P(cluster10=0|cluster6=0) * P(cluster6=0|cluster2=1) * P(cluster2=1|cluster3=0) * P(cluster3=0|cluster8=0)[0.0032768]=0.00262144
binkey=2 [Edge status: 0 1 0 0 0 0 0 0 ] P(G)=P(cluster8=0)[0.8] * P(cluster1=0|cluster2=0) * P(cluster9=0|cluster6=0) * P(cluster7=0|cluster10=0) * P(cluster10=0|cluster6=0) * P(cluster6=0|cluster2=0) * P(cluster2=0|cluster3=1) * P(cluster3=1|cluster8=0)[0.0131072]=0.0104858
binkey=8 [Edge status: 0 0 0 1 0 0 0 0 ] P(G)=P(cluster8=0)[0.8] * P(cluster1=1|cluster2=0) * P(cluster9=0|cluster6=0) * P(cluster7=0|cluster10=0) * P(cluster10=0|cluster6=0) * P(cluster6=0|cluster2=0) * P(cluster2=0|cluster3=0) * P(cluster3=0|cluster8=0)[0.0524288]=0.041943
binkey=3 [Edge status: 1 1 0 0 0 0 0 0 ] P(G)=P(cluster8=1)[0.2] * P(cluster1=0|cluster2=0) * P(cluster9=0|cluster6=0) * P(cluster7=0|cluster10=0) * P(cluster10=0|cluster6=0) * P(cluster6=0|cluster2=0) * P(cluster2=0|cluster3=1) * P(cluster3=1|cluster8=1)[0.0524288]=0.0104858
binkey=40 [Edge status: 0 0 0 1 0 1 0 0 ] P(G)=P(cluster8=0)[0.8] * P(cluster1=1|cluster2=0) * P(cluster9=1|cluster6=0) * P(cluster7=0|cluster10=0) * P(cluster10=0|cluster6=0) * P(cluster6=0|cluster2=0) * P(cluster2=0|cluster3=0) * P(cluster3=0|cluster8=0)[0.0131072]=0.0104858
binkey=160 [Edge status: 0 0 0 0 0 1 0 1 ] P(G)=P(cluster8=0)[0.8] * P(cluster1=0|cluster2=0) * P(cluster9=1|cluster6=0) * P(cluster7=1|cluster10=0) * P(cluster10=0|cluster6=0) * P(cluster6=0|cluster2=0) * P(cluster2=0|cluster3=0) * P(cluster3=0|cluster8=0)[0.0131072]=0.0104858
binkey=136 [Edge status: 0 0 0 1 0 0 0 1 ] P(G)=P(cluster8=0)[0.8] * P(cluster1=1|cluster2=0) * P(cluster9=0|cluster6=0) * P(cluster7=1|cluster10=0) * P(cluster10=0|cluster6=0) * P(cluster6=0|cluster2=0) * P(cluster2=0|cluster3=0) * P(cluster3=0|cluster8=0)[0.0131072]=0.0104858
binkey=224 [Edge status: 0 0 0 0 0 1 1 1 ] P(G)=P(cluster8=0)[0.8] * P(cluster1=0|cluster2=0) * P(cluster9=1|cluster6=0) * P(cluster7=1|cluster10=1) * P(cluster10=1|cluster6=0) * P(cluster6=0|cluster2=0) * P(cluster2=0|cluster3=0) * P(cluster3=0|cluster8=0)[0.0131072]=0.0104858
binkey=23 [Edge status: 1 1 1 0 1 0 0 0 ] P(G)=P(cluster8=1)[0.2] * P(cluster1=0|cluster2=1) * P(cluster9=0|cluster6=1) * P(cluster7=0|cluster10=0) * P(cluster10=0|cluster6=1) * P(cluster6=1|cluster2=1) * P(cluster2=1|cluster3=1) * P(cluster3=1|cluster8=1)[0.0032768]=0.00065536
binkey=7 [Edge status: 1 1 1 0 0 0 0 0 ] P(G)=P(cluster8=1)[0.2] * P(cluster1=0|cluster2=1) * P(cluster9=0|cluster6=0) * P(cluster7=0|cluster10=0) * P(cluster10=0|cluster6=0) * P(cluster6=0|cluster2=1) * P(cluster2=1|cluster3=1) * P(cluster3=1|cluster8=1)[0.0131072]=0.00262144
binkey=168 [Edge status: 0 0 0 1 0 1 0 1 ] P(G)=P(cluster8=0)[0.8] * P(cluster1=1|cluster2=0) * P(cluster9=1|cluster6=0) * P(cluster7=1|cluster10=0) * P(cluster10=0|cluster6=0) * P(cluster6=0|cluster2=0) * P(cluster2=0|cluster3=0) * P(cluster3=0|cluster8=0)[0.0032768]=0.00262144
binkey=200 [Edge status: 0 0 0 1 0 0 1 1 ] P(G)=P(cluster8=0)[0.8] * P(cluster1=1|cluster2=0) * P(cluster9=0|cluster6=0) * P(cluster7=1|cluster10=1) * P(cluster10=1|cluster6=0) * P(cluster6=0|cluster2=0) * P(cluster2=0|cluster3=0) * P(cluster3=0|cluster8=0)[0.0131072]=0.0104858
binkey=232 [Edge status: 0 0 0 1 0 1 1 1 ] P(G)=P(cluster8=0)[0.8] * P(cluster1=1|cluster2=0) * P(cluster9=1|cluster6=0) * P(cluster7=1|cluster10=1) * P(cluster10=1|cluster6=0) * P(cluster6=0|cluster2=0) * P(cluster2=0|cluster3=0) * P(cluster3=0|cluster8=0)[0.0032768]=0.00262144
binkey=240 [Edge status: 0 0 0 0 1 1 1 1 ] P(G)=P(cluster8=0)[0.8] * P(cluster1=0|cluster2=0) * P(cluster9=1|cluster6=1) * P(cluster7=1|cluster10=1) * P(cluster10=1|cluster6=1) * P(cluster6=1|cluster2=0) * P(cluster2=0|cluster3=0) * P(cluster3=0|cluster8=0)[0.0524288]=0.041943
binkey=248 [Edge status: 0 0 0 1 1 1 1 1 ] P(G)=P(cluster8=0)[0.8] * P(cluster1=1|cluster2=0) * P(cluster9=1|cluster6=1) * P(cluster7=1|cluster10=1) * P(cluster10=1|cluster6=1) * P(cluster6=1|cluster2=0) * P(cluster2=0|cluster3=0) * P(cluster3=0|cluster8=0)[0.0131072]=0.0104858
binkey=252 [Edge status: 0 0 1 1 1 1 1 1 ] P(G)=P(cluster8=0)[0.8] * P(cluster1=1|cluster2=1) * P(cluster9=1|cluster6=1) * P(cluster7=1|cluster10=1) * P(cluster10=1|cluster6=1) * P(cluster6=1|cluster2=1) * P(cluster2=1|cluster3=0) * P(cluster3=0|cluster8=0)[0.0524288]=0.041943
binkey=215 [Edge status: 1 1 1 0 1 0 1 1 ] P(G)=P(cluster8=1)[0.2] * P(cluster1=0|cluster2=1) * P(cluster9=0|cluster6=1) * P(cluster7=1|cluster10=1) * P(cluster10=1|cluster6=1) * P(cluster6=1|cluster2=1) * P(cluster2=1|cluster3=1) * P(cluster3=1|cluster8=1)[0.0131072]=0.00262144
binkey=87 [Edge status: 1 1 1 0 1 0 1 0 ] P(G)=P(cluster8=1)[0.2] * P(cluster1=0|cluster2=1) * P(cluster9=0|cluster6=1) * P(cluster7=0|cluster10=1) * P(cluster10=1|cluster6=1) * P(cluster6=1|cluster2=1) * P(cluster2=1|cluster3=1) * P(cluster3=1|cluster8=1)[0.0032768]=0.00065536
binkey=55 [Edge status: 1 1 1 0 1 1 0 0 ] P(G)=P(cluster8=1)[0.2] * P(cluster1=0|cluster2=1) * P(cluster9=1|cluster6=1) * P(cluster7=0|cluster10=0) * P(cluster10=0|cluster6=1) * P(cluster6=1|cluster2=1) * P(cluster2=1|cluster3=1) * P(cluster3=1|cluster8=1)[0.0131072]=0.00262144
ITERATION 0 newScore=-2.76533e+06 diffscore=16359.6 priorChange=-121.994 successMove=62
ITERATION 1 newScore=-2.76035e+06 diffscore=4975.33 priorChange=-112.29 successMove=53
ITERATION 2 newScore=-2.75722e+06 diffscore=3134.65 priorChange=-115.062 successMove=52
ITERATION 3 newScore=-2.74864e+06 diffscore=8579.56 priorChange=-116.449 successMove=52
ITERATION 4 newScore=-2.74369e+06 diffscore=4947.98 priorChange=-112.29 successMove=51
ITERATION 5 newScore=-2.73879e+06 diffscore=4903.06 priorChange=-99.8132 successMove=51
ITERATION 6 newScore=-2.7342e+06 diffscore=4590.24 priorChange=-119.221 successMove=50
ITERATION 7 newScore=-2.72981e+06 diffscore=4390.3 priorChange=-121.994 successMove=50
ITERATION 8 newScore=-2.72605e+06 diffscore=3758.97 priorChange=-116.449 successMove=51
ITERATION 9 newScore=-2.72375e+06 diffscore=2303 priorChange=-108.131 successMove=56
ITERATION 10 newScore=-2.72292e+06 diffscore=830.626 priorChange=-124.766 successMove=51
ITERATION 11 newScore=-2.71979e+06 diffscore=3126.47 priorChange=-117.835 successMove=55
ITERATION 12 newScore=-2.7132e+06 diffscore=6589.75 priorChange=-116.449 successMove=50
ITERATION 13 newScore=-2.70956e+06 diffscore=3642.57 priorChange=-103.972 successMove=54
ITERATION 14 newScore=-2.70687e+06 diffscore=2692.58 priorChange=-109.517 successMove=51
ITERATION 15 newScore=-2.70433e+06 diffscore=2539.91 priorChange=-124.766 successMove=52
ITERATION 16 newScore=-2.70299e+06 diffscore=1338.55 priorChange=-113.676 successMove=49
ITERATION 17 newScore=-2.70212e+06 diffscore=866.609 priorChange=-116.449 successMove=48
ITERATION 18 newScore=-2.70102e+06 diffscore=1096.76 priorChange=-103.972 successMove=49
ITERATION 19 newScore=-2.6965e+06 diffscore=4520.08 priorChange=-98.4269 successMove=46
ITERATION 20 newScore=-2.69461e+06 diffscore=1888.94 priorChange=-102.586 successMove=47
ITERATION 21 newScore=-2.6925e+06 diffscore=2114.72 priorChange=-119.221 successMove=49
ITERATION 22 newScore=-2.69072e+06 diffscore=1777.7 priorChange=-95.6543 successMove=47
ITERATION 23 newScore=-2.68743e+06 diffscore=3294.81 priorChange=-98.4269 successMove=46
ITERATION 24 newScore=-2.68663e+06 diffscore=799.397 priorChange=-90.1091 successMove=45
ITERATION 25 newScore=-2.68604e+06 diffscore=586.361 priorChange=-91.4954 successMove=46
ITERATION 26 newScore=-2.68509e+06 diffscore=954.709 priorChange=-85.9503 successMove=46
ITERATION 27 newScore=-2.68466e+06 diffscore=429.366 priorChange=-88.7228 successMove=48
ITERATION 28 newScore=-2.68419e+06 diffscore=466.363 priorChange=-91.4954 successMove=45
ITERATION 29 newScore=-2.68106e+06 diffscore=3127.91 priorChange=-88.7228 successMove=45
ITERATION 30 newScore=-2.6807e+06 diffscore=366.267 priorChange=-95.6543 successMove=45
ITERATION 31 newScore=-2.67884e+06 diffscore=1854.82 priorChange=-80.4051 successMove=46
ITERATION 32 newScore=-2.67849e+06 diffscore=355.794 priorChange=-97.0406 successMove=45
ITERATION 33 newScore=-2.67813e+06 diffscore=357.422 priorChange=-91.4954 successMove=44
ITERATION 34 newScore=-2.67766e+06 diffscore=466.23 priorChange=-95.6543 successMove=44
ITERATION 35 newScore=-2.67503e+06 diffscore=2633.75 priorChange=-101.199 successMove=44
ITERATION 36 newScore=-2.67454e+06 diffscore=492.413 priorChange=-97.0406 successMove=44
ITERATION 37 newScore=-2.67419e+06 diffscore=350.852 priorChange=-79.0188 successMove=44
ITERATION 38 newScore=-2.6737e+06 diffscore=486.9 priorChange=-95.6543 successMove=44
ITERATION 39 newScore=-2.67139e+06 diffscore=2308.57 priorChange=-77.6325 successMove=44
ITERATION 40 newScore=-2.66735e+06 diffscore=4036.94 priorChange=-76.2462 successMove=45
ITERATION 41 newScore=-2.66704e+06 diffscore=308.063 priorChange=-88.7228 successMove=45
ITERATION 42 newScore=-2.66674e+06 diffscore=301.064 priorChange=-94.268 successMove=43
ITERATION 43 newScore=-2.6664e+06 diffscore=345.502 priorChange=-83.1777 successMove=41
ITERATION 44 newScore=-2.66528e+06 diffscore=1121.48 priorChange=-72.0873 successMove=43
ITERATION 45 newScore=-2.66347e+06 diffscore=1806.37 priorChange=-77.6325 successMove=39
ITERATION 46 newScore=-2.66097e+06 diffscore=2498.3 priorChange=-63.7695 successMove=39
ITERATION 47 newScore=-2.65916e+06 diffscore=1808.17 priorChange=-77.6325 successMove=39
ITERATION 48 newScore=-2.65851e+06 diffscore=650.017 priorChange=-62.3832 successMove=38
ITERATION 49 newScore=-2.65827e+06 diffscore=239.301 priorChange=-66.5421 successMove=39
ITERATION 50 newScore=-2.65789e+06 diffscore=385.217 priorChange=-76.2462 successMove=38
ITERATION 51 newScore=-2.65652e+06 diffscore=1371.66 priorChange=-74.8599 successMove=38
ITERATION 52 newScore=-2.65623e+06 diffscore=284.803 priorChange=-79.0188 successMove=39
ITERATION 53 newScore=-2.65595e+06 diffscore=280.666 priorChange=-59.6107 successMove=37
ITERATION 54 newScore=-2.65559e+06 diffscore=362.026 priorChange=-63.7695 successMove=37
ITERATION 55 newScore=-2.65523e+06 diffscore=362.419 priorChange=-66.5421 successMove=36
ITERATION 56 newScore=-2.65359e+06 diffscore=1636.22 priorChange=-67.9284 successMove=35
ITERATION 57 newScore=-2.65188e+06 diffscore=1716.6 priorChange=-65.1558 successMove=34
ITERATION 58 newScore=-2.64946e+06 diffscore=2412.38 priorChange=-65.1558 successMove=33
ITERATION 59 newScore=-2.64915e+06 diffscore=313.704 priorChange=-62.3832 successMove=34
ITERATION 60 newScore=-2.64885e+06 diffscore=298.602 priorChange=-63.7695 successMove=31
ITERATION 61 newScore=-2.64781e+06 diffscore=1038.24 priorChange=-59.6107 successMove=31
ITERATION 62 newScore=-2.64754e+06 diffscore=268.474 priorChange=-58.2244 successMove=32
ITERATION 63 newScore=-2.64716e+06 diffscore=379.706 priorChange=-54.0655 successMove=28
ITERATION 64 newScore=-2.6458e+06 diffscore=1366.59 priorChange=-52.6792 successMove=28
ITERATION 65 newScore=-2.64563e+06 diffscore=168.649 priorChange=-48.5203 successMove=29
ITERATION 66 newScore=-2.64539e+06 diffscore=240.227 priorChange=-60.997 successMove=26
ITERATION 67 newScore=-2.64425e+06 diffscore=1138.45 priorChange=-52.6792 successMove=25
ITERATION 68 newScore=-2.6437e+06 diffscore=545.172 priorChange=-49.9066 successMove=26
ITERATION 69 newScore=-2.6428e+06 diffscore=902.486 priorChange=-54.0655 successMove=25
ITERATION 70 newScore=-2.64264e+06 diffscore=162.79 priorChange=-58.2244 successMove=24
ITERATION 71 newScore=-2.64228e+06 diffscore=357.541 priorChange=-58.2244 successMove=23
ITERATION 72 newScore=-2.64109e+06 diffscore=1190.51 priorChange=-42.9751 successMove=21
ITERATION 73 newScore=-2.64084e+06 diffscore=246.948 priorChange=-40.2025 successMove=20
ITERATION 74 newScore=-2.63975e+06 diffscore=1097.33 priorChange=-33.2711 successMove=21
ITERATION 75 newScore=-2.63963e+06 diffscore=112.459 priorChange=-34.6574 successMove=20
ITERATION 76 newScore=-2.63955e+06 diffscore=89.4728 priorChange=-40.2025 successMove=20
ITERATION 77 newScore=-2.63942e+06 diffscore=125.46 priorChange=-45.7477 successMove=20
ITERATION 78 newScore=-2.63931e+06 diffscore=113.513 priorChange=-37.4299 successMove=19
ITERATION 79 newScore=-2.63909e+06 diffscore=215.697 priorChange=-42.9751 successMove=17
ITERATION 80 newScore=-2.63842e+06 diffscore=670.833 priorChange=-37.4299 successMove=17
ITERATION 81 newScore=-2.63707e+06 diffscore=1344.87 priorChange=-45.7477 successMove=17
ITERATION 82 newScore=-2.63699e+06 diffscore=88.5201 priorChange=-40.2025 successMove=17
ITERATION 83 newScore=-2.63687e+06 diffscore=112.979 priorChange=-38.8162 successMove=15
ITERATION 84 newScore=-2.6368e+06 diffscore=77.5833 priorChange=-19.4081 successMove=15
ITERATION 85 newScore=-2.63668e+06 diffscore=111.713 priorChange=-31.8848 successMove=15
ITERATION 86 newScore=-2.63651e+06 diffscore=174.471 priorChange=-27.7259 successMove=15
ITERATION 87 newScore=-2.63639e+06 diffscore=115.003 priorChange=-23.567 successMove=15
ITERATION 88 newScore=-2.63511e+06 diffscore=1283.01 priorChange=-29.1122 successMove=15
ITERATION 89 newScore=-2.63491e+06 diffscore=203.13 priorChange=-27.7259 successMove=15
ITERATION 90 newScore=-2.63481e+06 diffscore=102.581 priorChange=-24.9533 successMove=14
ITERATION 91 newScore=-2.63368e+06 diffscore=1129.05 priorChange=-31.8848 successMove=15
ITERATION 92 newScore=-2.63359e+06 diffscore=89.3177 priorChange=-23.567 successMove=12
ITERATION 93 newScore=-2.63339e+06 diffscore=198.867 priorChange=-22.1807 successMove=14
ITERATION 94 newScore=-2.63312e+06 diffscore=273.281 priorChange=-27.7259 successMove=12
ITERATION 95 newScore=-2.63229e+06 diffscore=821.862 priorChange=-24.9533 successMove=11
ITERATION 96 newScore=-2.63215e+06 diffscore=144.173 priorChange=-12.4766 successMove=11
ITERATION 97 newScore=-2.63188e+06 diffscore=266.301 priorChange=-15.2492 successMove=11
ITERATION 98 newScore=-2.63063e+06 diffscore=1257.94 priorChange=-26.3396 successMove=11
ITERATION 99 newScore=-2.63054e+06 diffscore=82.268 priorChange=-15.2492 successMove=10
MetaLearner::dumpAllGraphs
Final Score -2.63054e+06
MetaLearner::start runtime: 1776045576 ms
Results/
Results/cluster8/
Results/cluster8/scoreFile.txt
Results/cluster8/fold0/
Results/cluster8/fold0/modelparams.txt
Results/cluster8/fold0/var_mb_pw_k50.txt
Results/cluster1/
Results/cluster1/fold0/
Results/cluster1/fold0/modelparams.txt
Results/cluster1/fold0/var_mb_pw_k50.txt
Results/cluster6/
Results/cluster6/fold0/
Results/cluster6/fold0/modelparams.txt
Results/cluster6/fold0/var_mb_pw_k50.txt
Results/cluster9/
Results/cluster9/fold0/
Results/cluster9/fold0/modelparams.txt
Results/cluster9/fold0/var_mb_pw_k50.txt
Results/cluster10/
Results/cluster10/fold0/
Results/cluster10/fold0/modelparams.txt
Results/cluster10/fold0/var_mb_pw_k50.txt
Results/cluster3/
Results/cluster3/fold0/
Results/cluster3/fold0/modelparams.txt
Results/cluster3/fold0/var_mb_pw_k50.txt
Results/cluster2/
Results/cluster2/fold0/
Results/cluster2/fold0/modelparams.txt
Results/cluster2/fold0/var_mb_pw_k50.txt
Results/cluster7/
Results/cluster7/fold0/
Results/cluster7/fold0/modelparams.txt
Results/cluster7/fold0/var_mb_pw_k50.txt
