./CVN -f config_condor.txt -x50 -v1 -l TFs_OGs.txt -n AllGenes233.txt -d celltype_tree_ancestor.txt -m testdata_ogids.txt -s celltype_order.txt -p 0.2 -c yes -b -4 -q 4
(cluster3|cluster8) p_maintain_edge=0.8 p_gain=0.2
(cluster2|cluster3) p_maintain_edge=0.8 p_gain=0.2
(cluster1|cluster2) p_maintain_edge=0.8 p_gain=0.2
(cluster6|cluster2) p_maintain_edge=0.8 p_gain=0.2
(cluster9|cluster6) p_maintain_edge=0.8 p_gain=0.2
(cluster10|cluster6) p_maintain_edge=0.8 p_gain=0.2
(cluster7|cluster10) p_maintain_edge=0.8 p_gain=0.2
speciesSet.size()=8 Root is cluster8
MappedOrthogroupReader::readSpeciesMapping() --- celltype_order.txt
MappedOrthogroupReader::readFile - testdata_ogids.txt
MappedOrthogroupReader::generateGeneOrthoMap()
MetaLearner::init_onefold() read:config_condor.txt
MetaLearner::setinputVariableNames number of variables: 2038
readEvidenceTable:cluster8.table
PotentialManager::loadEvidenceFromTable varCount=2038 sampleCount=348
motifNetwork.size() = 319
0=cluster8 motifNetwork=cluster8_network.txt
variable size=2038
readEvidenceTable:cluster3.table
PotentialManager::loadEvidenceFromTable varCount=2038 sampleCount=95
motifNetwork.size() = 326
1=cluster3 motifNetwork=cluster3_network.txt
variable size=2038
readEvidenceTable:cluster2.table
PotentialManager::loadEvidenceFromTable varCount=2038 sampleCount=386
motifNetwork.size() = 328
2=cluster2 motifNetwork=cluster2_network.txt
variable size=2038
readEvidenceTable:cluster1.table
PotentialManager::loadEvidenceFromTable varCount=2038 sampleCount=36
motifNetwork.size() = 322
3=cluster1 motifNetwork=cluster1_network.txt
variable size=2038
readEvidenceTable:cluster6.table
PotentialManager::loadEvidenceFromTable varCount=2038 sampleCount=524
motifNetwork.size() = 320
4=cluster6 motifNetwork=cluster6_network.txt
variable size=2038
readEvidenceTable:cluster9.table
PotentialManager::loadEvidenceFromTable varCount=2038 sampleCount=184
motifNetwork.size() = 327
5=cluster9 motifNetwork=cluster9_network.txt
variable size=2038
readEvidenceTable:cluster10.table
PotentialManager::loadEvidenceFromTable varCount=2038 sampleCount=165
motifNetwork.size() = 326
6=cluster10 motifNetwork=cluster10_network.txt
variable size=2038
readEvidenceTable:cluster7.table
PotentialManager::loadEvidenceFromTable varCount=2038 sampleCount=1032
motifNetwork.size() = 320
7=cluster7 motifNetwork=cluster7_network.txt
variable size=2038
-------------------------------------------------------------
MetaLearner::start
precomputeEmptyGraphPrior
binkey=0 [Edge status: 0 0 0 0 0 0 0 0 ] P(G)=P(cluster8=0)[0.8] * P(cluster1=0|cluster2=0) * P(cluster9=0|cluster6=0) * P(cluster7=0|cluster10=0) * P(cluster10=0|cluster6=0) * P(cluster6=0|cluster2=0) * P(cluster2=0|cluster3=0) * P(cluster3=0|cluster8=0)[0.209715]=0.167772
condsetMap_Tree
0 cluster8=0 cluster3=0 cluster2=0 cluster1=0 cluster6=0 cluster9=0 cluster10=0 cluster7=1
1 cluster8=0 cluster3=0 cluster2=0 cluster1=0 cluster6=0 cluster9=1 cluster10=0 cluster7=0
2 cluster8=0 cluster3=0 cluster2=0 cluster1=0 cluster6=0 cluster9=1 cluster10=0 cluster7=1
3 cluster8=0 cluster3=0 cluster2=0 cluster1=1 cluster6=0 cluster9=0 cluster10=0 cluster7=0
4 cluster8=0 cluster3=0 cluster2=0 cluster1=1 cluster6=0 cluster9=0 cluster10=0 cluster7=1
5 cluster8=0 cluster3=0 cluster2=0 cluster1=1 cluster6=0 cluster9=1 cluster10=0 cluster7=0
6 cluster8=0 cluster3=0 cluster2=0 cluster1=1 cluster6=0 cluster9=1 cluster10=0 cluster7=1
7 cluster8=0 cluster3=0 cluster2=0 cluster1=0 cluster6=0 cluster9=0 cluster10=1 cluster7=1
8 cluster8=0 cluster3=0 cluster2=0 cluster1=0 cluster6=0 cluster9=1 cluster10=1 cluster7=1
9 cluster8=0 cluster3=0 cluster2=0 cluster1=1 cluster6=0 cluster9=0 cluster10=1 cluster7=1
10 cluster8=0 cluster3=0 cluster2=0 cluster1=1 cluster6=0 cluster9=1 cluster10=1 cluster7=1
11 cluster8=0 cluster3=0 cluster2=0 cluster1=0 cluster6=1 cluster9=1 cluster10=1 cluster7=1
12 cluster8=0 cluster3=0 cluster2=0 cluster1=1 cluster6=1 cluster9=1 cluster10=1 cluster7=1
13 cluster8=0 cluster3=0 cluster2=1 cluster1=1 cluster6=1 cluster9=1 cluster10=1 cluster7=1
14 cluster8=0 cluster3=1 cluster2=1 cluster1=1 cluster6=1 cluster9=1 cluster10=1 cluster7=1
15 cluster8=1 cluster3=1 cluster2=1 cluster1=1 cluster6=1 cluster9=1 cluster10=1 cluster7=1
16 cluster8=1 cluster3=1 cluster2=1 cluster1=1 cluster6=1 cluster9=1 cluster10=1 cluster7=0
17 cluster8=1 cluster3=1 cluster2=1 cluster1=1 cluster6=1 cluster9=0 cluster10=1 cluster7=1
18 cluster8=1 cluster3=1 cluster2=1 cluster1=1 cluster6=1 cluster9=0 cluster10=1 cluster7=0
19 cluster8=1 cluster3=1 cluster2=1 cluster1=0 cluster6=1 cluster9=1 cluster10=1 cluster7=1
20 cluster8=1 cluster3=1 cluster2=1 cluster1=0 cluster6=1 cluster9=1 cluster10=1 cluster7=0
21 cluster8=1 cluster3=1 cluster2=1 cluster1=0 cluster6=1 cluster9=0 cluster10=1 cluster7=1
22 cluster8=1 cluster3=1 cluster2=1 cluster1=0 cluster6=1 cluster9=0 cluster10=1 cluster7=0
23 cluster8=1 cluster3=1 cluster2=1 cluster1=1 cluster6=1 cluster9=1 cluster10=0 cluster7=0
24 cluster8=1 cluster3=1 cluster2=1 cluster1=1 cluster6=1 cluster9=0 cluster10=0 cluster7=0
25 cluster8=1 cluster3=1 cluster2=1 cluster1=0 cluster6=1 cluster9=1 cluster10=0 cluster7=0
26 cluster8=1 cluster3=1 cluster2=1 cluster1=0 cluster6=1 cluster9=0 cluster10=0 cluster7=0
27 cluster8=1 cluster3=1 cluster2=1 cluster1=1 cluster6=0 cluster9=0 cluster10=0 cluster7=0
28 cluster8=1 cluster3=1 cluster2=1 cluster1=0 cluster6=0 cluster9=0 cluster10=0 cluster7=0
29 cluster8=1 cluster3=1 cluster2=0 cluster1=0 cluster6=0 cluster9=0 cluster10=0 cluster7=0
30 cluster8=1 cluster3=0 cluster2=0 cluster1=0 cluster6=0 cluster9=0 cluster10=0 cluster7=0
31 cluster8=0 cluster3=0 cluster2=0 cluster1=0 cluster6=1 cluster9=0 cluster10=0 cluster7=0
32 cluster8=0 cluster3=0 cluster2=1 cluster1=0 cluster6=0 cluster9=0 cluster10=0 cluster7=0
33 cluster8=0 cluster3=0 cluster2=0 cluster1=0 cluster6=0 cluster9=0 cluster10=1 cluster7=0
34 cluster8=0 cluster3=1 cluster2=0 cluster1=0 cluster6=0 cluster9=0 cluster10=0 cluster7=0
inputRegulatorOGs.size() = 1999 inputOGList.size() = 50
binkey=1 [Edge status: 1 0 0 0 0 0 0 0 ] P(G)=P(cluster8=1)[0.2] * P(cluster1=0|cluster2=0) * P(cluster9=0|cluster6=0) * P(cluster7=0|cluster10=0) * P(cluster10=0|cluster6=0) * P(cluster6=0|cluster2=0) * P(cluster2=0|cluster3=0) * P(cluster3=0|cluster8=1)[0.0524288]=0.0104858
binkey=128 [Edge status: 0 0 0 0 0 0 0 1 ] P(G)=P(cluster8=0)[0.8] * P(cluster1=0|cluster2=0) * P(cluster9=0|cluster6=0) * P(cluster7=1|cluster10=0) * P(cluster10=0|cluster6=0) * P(cluster6=0|cluster2=0) * P(cluster2=0|cluster3=0) * P(cluster3=0|cluster8=0)[0.0524288]=0.041943
binkey=16 [Edge status: 0 0 0 0 1 0 0 0 ] P(G)=P(cluster8=0)[0.8] * P(cluster1=0|cluster2=0) * P(cluster9=0|cluster6=1) * P(cluster7=0|cluster10=0) * P(cluster10=0|cluster6=1) * P(cluster6=1|cluster2=0) * P(cluster2=0|cluster3=0) * P(cluster3=0|cluster8=0)[0.0032768]=0.00262144
binkey=2 [Edge status: 0 1 0 0 0 0 0 0 ] P(G)=P(cluster8=0)[0.8] * P(cluster1=0|cluster2=0) * P(cluster9=0|cluster6=0) * P(cluster7=0|cluster10=0) * P(cluster10=0|cluster6=0) * P(cluster6=0|cluster2=0) * P(cluster2=0|cluster3=1) * P(cluster3=1|cluster8=0)[0.0131072]=0.0104858
binkey=32 [Edge status: 0 0 0 0 0 1 0 0 ] P(G)=P(cluster8=0)[0.8] * P(cluster1=0|cluster2=0) * P(cluster9=1|cluster6=0) * P(cluster7=0|cluster10=0) * P(cluster10=0|cluster6=0) * P(cluster6=0|cluster2=0) * P(cluster2=0|cluster3=0) * P(cluster3=0|cluster8=0)[0.0524288]=0.041943
binkey=160 [Edge status: 0 0 0 0 0 1 0 1 ] P(G)=P(cluster8=0)[0.8] * P(cluster1=0|cluster2=0) * P(cluster9=1|cluster6=0) * P(cluster7=1|cluster10=0) * P(cluster10=0|cluster6=0) * P(cluster6=0|cluster2=0) * P(cluster2=0|cluster3=0) * P(cluster3=0|cluster8=0)[0.0131072]=0.0104858
binkey=192 [Edge status: 0 0 0 0 0 0 1 1 ] P(G)=P(cluster8=0)[0.8] * P(cluster1=0|cluster2=0) * P(cluster9=0|cluster6=0) * P(cluster7=1|cluster10=1) * P(cluster10=1|cluster6=0) * P(cluster6=0|cluster2=0) * P(cluster2=0|cluster3=0) * P(cluster3=0|cluster8=0)[0.0524288]=0.041943
binkey=224 [Edge status: 0 0 0 0 0 1 1 1 ] P(G)=P(cluster8=0)[0.8] * P(cluster1=0|cluster2=0) * P(cluster9=1|cluster6=0) * P(cluster7=1|cluster10=1) * P(cluster10=1|cluster6=0) * P(cluster6=0|cluster2=0) * P(cluster2=0|cluster3=0) * P(cluster3=0|cluster8=0)[0.0131072]=0.0104858
binkey=240 [Edge status: 0 0 0 0 1 1 1 1 ] P(G)=P(cluster8=0)[0.8] * P(cluster1=0|cluster2=0) * P(cluster9=1|cluster6=1) * P(cluster7=1|cluster10=1) * P(cluster10=1|cluster6=1) * P(cluster6=1|cluster2=0) * P(cluster2=0|cluster3=0) * P(cluster3=0|cluster8=0)[0.0524288]=0.041943
binkey=3 [Edge status: 1 1 0 0 0 0 0 0 ] P(G)=P(cluster8=1)[0.2] * P(cluster1=0|cluster2=0) * P(cluster9=0|cluster6=0) * P(cluster7=0|cluster10=0) * P(cluster10=0|cluster6=0) * P(cluster6=0|cluster2=0) * P(cluster2=0|cluster3=1) * P(cluster3=1|cluster8=1)[0.0524288]=0.0104858
binkey=64 [Edge status: 0 0 0 0 0 0 1 0 ] P(G)=P(cluster8=0)[0.8] * P(cluster1=0|cluster2=0) * P(cluster9=0|cluster6=0) * P(cluster7=0|cluster10=1) * P(cluster10=1|cluster6=0) * P(cluster6=0|cluster2=0) * P(cluster2=0|cluster3=0) * P(cluster3=0|cluster8=0)[0.0131072]=0.0104858
binkey=4 [Edge status: 0 0 1 0 0 0 0 0 ] P(G)=P(cluster8=0)[0.8] * P(cluster1=0|cluster2=1) * P(cluster9=0|cluster6=0) * P(cluster7=0|cluster10=0) * P(cluster10=0|cluster6=0) * P(cluster6=0|cluster2=1) * P(cluster2=1|cluster3=0) * P(cluster3=0|cluster8=0)[0.0032768]=0.00262144
binkey=215 [Edge status: 1 1 1 0 1 0 1 1 ] P(G)=P(cluster8=1)[0.2] * P(cluster1=0|cluster2=1) * P(cluster9=0|cluster6=1) * P(cluster7=1|cluster10=1) * P(cluster10=1|cluster6=1) * P(cluster6=1|cluster2=1) * P(cluster2=1|cluster3=1) * P(cluster3=1|cluster8=1)[0.0131072]=0.00262144
binkey=87 [Edge status: 1 1 1 0 1 0 1 0 ] P(G)=P(cluster8=1)[0.2] * P(cluster1=0|cluster2=1) * P(cluster9=0|cluster6=1) * P(cluster7=0|cluster10=1) * P(cluster10=1|cluster6=1) * P(cluster6=1|cluster2=1) * P(cluster2=1|cluster3=1) * P(cluster3=1|cluster8=1)[0.0032768]=0.00065536
binkey=23 [Edge status: 1 1 1 0 1 0 0 0 ] P(G)=P(cluster8=1)[0.2] * P(cluster1=0|cluster2=1) * P(cluster9=0|cluster6=1) * P(cluster7=0|cluster10=0) * P(cluster10=0|cluster6=1) * P(cluster6=1|cluster2=1) * P(cluster2=1|cluster3=1) * P(cluster3=1|cluster8=1)[0.0032768]=0.00065536
binkey=7 [Edge status: 1 1 1 0 0 0 0 0 ] P(G)=P(cluster8=1)[0.2] * P(cluster1=0|cluster2=1) * P(cluster9=0|cluster6=0) * P(cluster7=0|cluster10=0) * P(cluster10=0|cluster6=0) * P(cluster6=0|cluster2=1) * P(cluster2=1|cluster3=1) * P(cluster3=1|cluster8=1)[0.0131072]=0.00262144
binkey=8 [Edge status: 0 0 0 1 0 0 0 0 ] P(G)=P(cluster8=0)[0.8] * P(cluster1=1|cluster2=0) * P(cluster9=0|cluster6=0) * P(cluster7=0|cluster10=0) * P(cluster10=0|cluster6=0) * P(cluster6=0|cluster2=0) * P(cluster2=0|cluster3=0) * P(cluster3=0|cluster8=0)[0.0524288]=0.041943
binkey=136 [Edge status: 0 0 0 1 0 0 0 1 ] P(G)=P(cluster8=0)[0.8] * P(cluster1=1|cluster2=0) * P(cluster9=0|cluster6=0) * P(cluster7=1|cluster10=0) * P(cluster10=0|cluster6=0) * P(cluster6=0|cluster2=0) * P(cluster2=0|cluster3=0) * P(cluster3=0|cluster8=0)[0.0131072]=0.0104858
binkey=200 [Edge status: 0 0 0 1 0 0 1 1 ] P(G)=P(cluster8=0)[0.8] * P(cluster1=1|cluster2=0) * P(cluster9=0|cluster6=0) * P(cluster7=1|cluster10=1) * P(cluster10=1|cluster6=0) * P(cluster6=0|cluster2=0) * P(cluster2=0|cluster3=0) * P(cluster3=0|cluster8=0)[0.0131072]=0.0104858
binkey=40 [Edge status: 0 0 0 1 0 1 0 0 ] P(G)=P(cluster8=0)[0.8] * P(cluster1=1|cluster2=0) * P(cluster9=1|cluster6=0) * P(cluster7=0|cluster10=0) * P(cluster10=0|cluster6=0) * P(cluster6=0|cluster2=0) * P(cluster2=0|cluster3=0) * P(cluster3=0|cluster8=0)[0.0131072]=0.0104858
binkey=168 [Edge status: 0 0 0 1 0 1 0 1 ] P(G)=P(cluster8=0)[0.8] * P(cluster1=1|cluster2=0) * P(cluster9=1|cluster6=0) * P(cluster7=1|cluster10=0) * P(cluster10=0|cluster6=0) * P(cluster6=0|cluster2=0) * P(cluster2=0|cluster3=0) * P(cluster3=0|cluster8=0)[0.0032768]=0.00262144
binkey=232 [Edge status: 0 0 0 1 0 1 1 1 ] P(G)=P(cluster8=0)[0.8] * P(cluster1=1|cluster2=0) * P(cluster9=1|cluster6=0) * P(cluster7=1|cluster10=1) * P(cluster10=1|cluster6=0) * P(cluster6=0|cluster2=0) * P(cluster2=0|cluster3=0) * P(cluster3=0|cluster8=0)[0.0032768]=0.00262144
binkey=248 [Edge status: 0 0 0 1 1 1 1 1 ] P(G)=P(cluster8=0)[0.8] * P(cluster1=1|cluster2=0) * P(cluster9=1|cluster6=1) * P(cluster7=1|cluster10=1) * P(cluster10=1|cluster6=1) * P(cluster6=1|cluster2=0) * P(cluster2=0|cluster3=0) * P(cluster3=0|cluster8=0)[0.0131072]=0.0104858
binkey=247 [Edge status: 1 1 1 0 1 1 1 1 ] P(G)=P(cluster8=1)[0.2] * P(cluster1=0|cluster2=1) * P(cluster9=1|cluster6=1) * P(cluster7=1|cluster10=1) * P(cluster10=1|cluster6=1) * P(cluster6=1|cluster2=1) * P(cluster2=1|cluster3=1) * P(cluster3=1|cluster8=1)[0.0524288]=0.0104858
binkey=119 [Edge status: 1 1 1 0 1 1 1 0 ] P(G)=P(cluster8=1)[0.2] * P(cluster1=0|cluster2=1) * P(cluster9=1|cluster6=1) * P(cluster7=0|cluster10=1) * P(cluster10=1|cluster6=1) * P(cluster6=1|cluster2=1) * P(cluster2=1|cluster3=1) * P(cluster3=1|cluster8=1)[0.0131072]=0.00262144
binkey=55 [Edge status: 1 1 1 0 1 1 0 0 ] P(G)=P(cluster8=1)[0.2] * P(cluster1=0|cluster2=1) * P(cluster9=1|cluster6=1) * P(cluster7=0|cluster10=0) * P(cluster10=0|cluster6=1) * P(cluster6=1|cluster2=1) * P(cluster2=1|cluster3=1) * P(cluster3=1|cluster8=1)[0.0131072]=0.00262144
ITERATION 0 newScore=-2.72142e+06 diffscore=15042.7 priorChange=-110.904 successMove=62
ITERATION 1 newScore=-2.71501e+06 diffscore=6409.35 priorChange=-126.153 successMove=55
ITERATION 2 newScore=-2.70721e+06 diffscore=7807.52 priorChange=-130.312 successMove=51
ITERATION 3 newScore=-2.7e+06 diffscore=7209.16 priorChange=-112.29 successMove=55
ITERATION 4 newScore=-2.69382e+06 diffscore=6171.45 priorChange=-120.608 successMove=52
ITERATION 5 newScore=-2.68947e+06 diffscore=4354.16 priorChange=-113.676 successMove=54
ITERATION 6 newScore=-2.68016e+06 diffscore=9314.39 priorChange=-119.221 successMove=53
ITERATION 7 newScore=-2.67851e+06 diffscore=1647.86 priorChange=-124.766 successMove=53
ITERATION 8 newScore=-2.6767e+06 diffscore=1803.85 priorChange=-115.062 successMove=53
ITERATION 9 newScore=-2.67033e+06 diffscore=6375.33 priorChange=-109.517 successMove=51
ITERATION 10 newScore=-2.66665e+06 diffscore=3681.19 priorChange=-112.29 successMove=51
ITERATION 11 newScore=-2.66434e+06 diffscore=2311.83 priorChange=-119.221 successMove=52
ITERATION 12 newScore=-2.66261e+06 diffscore=1729.57 priorChange=-121.994 successMove=52
ITERATION 13 newScore=-2.66023e+06 diffscore=2372.01 priorChange=-109.517 successMove=52
ITERATION 14 newScore=-2.65699e+06 diffscore=3246.12 priorChange=-120.608 successMove=50
ITERATION 15 newScore=-2.65484e+06 diffscore=2152.67 priorChange=-126.153 successMove=51
ITERATION 16 newScore=-2.6511e+06 diffscore=3732.59 priorChange=-120.608 successMove=51
ITERATION 17 newScore=-2.64779e+06 diffscore=3310.17 priorChange=-116.449 successMove=51
ITERATION 18 newScore=-2.64711e+06 diffscore=681.761 priorChange=-110.904 successMove=51
ITERATION 19 newScore=-2.64613e+06 diffscore=977.996 priorChange=-123.38 successMove=50
ITERATION 20 newScore=-2.64201e+06 diffscore=4121.2 priorChange=-117.835 successMove=50
ITERATION 21 newScore=-2.64144e+06 diffscore=576.649 priorChange=-108.131 successMove=50
ITERATION 22 newScore=-2.63812e+06 diffscore=3316.84 priorChange=-108.131 successMove=51
ITERATION 23 newScore=-2.63699e+06 diffscore=1125.02 priorChange=-124.766 successMove=50
ITERATION 24 newScore=-2.63652e+06 diffscore=475.773 priorChange=-115.062 successMove=50
ITERATION 25 newScore=-2.63597e+06 diffscore=543.557 priorChange=-124.766 successMove=51
ITERATION 26 newScore=-2.63335e+06 diffscore=2627.46 priorChange=-121.994 successMove=50
ITERATION 27 newScore=-2.63258e+06 diffscore=766.401 priorChange=-98.4269 successMove=49
ITERATION 28 newScore=-2.63092e+06 diffscore=1663.75 priorChange=-113.676 successMove=49
ITERATION 29 newScore=-2.62906e+06 diffscore=1860.21 priorChange=-116.449 successMove=47
ITERATION 30 newScore=-2.62868e+06 diffscore=372.914 priorChange=-91.4954 successMove=47
ITERATION 31 newScore=-2.62832e+06 diffscore=365.95 priorChange=-113.676 successMove=47
ITERATION 32 newScore=-2.62792e+06 diffscore=399.95 priorChange=-108.131 successMove=48
ITERATION 33 newScore=-2.62683e+06 diffscore=1092.13 priorChange=-103.972 successMove=47
ITERATION 34 newScore=-2.6251e+06 diffscore=1725.52 priorChange=-87.3365 successMove=46
ITERATION 35 newScore=-2.6248e+06 diffscore=297.345 priorChange=-94.268 successMove=45
ITERATION 36 newScore=-2.62452e+06 diffscore=286.752 priorChange=-97.0406 successMove=46
ITERATION 37 newScore=-2.62418e+06 diffscore=335.828 priorChange=-105.358 successMove=45
ITERATION 38 newScore=-2.6238e+06 diffscore=377.207 priorChange=-102.586 successMove=47
ITERATION 39 newScore=-2.62116e+06 diffscore=2645.67 priorChange=-80.4051 successMove=45
ITERATION 40 newScore=-2.61977e+06 diffscore=1388.07 priorChange=-101.199 successMove=45
ITERATION 41 newScore=-2.61944e+06 diffscore=328.951 priorChange=-97.0406 successMove=44
ITERATION 42 newScore=-2.61781e+06 diffscore=1630.08 priorChange=-92.8817 successMove=44
ITERATION 43 newScore=-2.61756e+06 diffscore=246.139 priorChange=-101.199 successMove=47
ITERATION 44 newScore=-2.61621e+06 diffscore=1357.26 priorChange=-102.586 successMove=42
ITERATION 45 newScore=-2.61594e+06 diffscore=262.298 priorChange=-92.8817 successMove=40
ITERATION 46 newScore=-2.61425e+06 diffscore=1697.93 priorChange=-91.4954 successMove=42
ITERATION 47 newScore=-2.61271e+06 diffscore=1537.36 priorChange=-91.4954 successMove=40
ITERATION 48 newScore=-2.61142e+06 diffscore=1284.73 priorChange=-94.268 successMove=39
ITERATION 49 newScore=-2.61119e+06 diffscore=233.758 priorChange=-70.701 successMove=39
ITERATION 50 newScore=-2.61095e+06 diffscore=245.305 priorChange=-74.8599 successMove=40
ITERATION 51 newScore=-2.61068e+06 diffscore=268.396 priorChange=-74.8599 successMove=39
ITERATION 52 newScore=-2.60906e+06 diffscore=1621.18 priorChange=-85.9503 successMove=39
ITERATION 53 newScore=-2.60772e+06 diffscore=1339.38 priorChange=-92.8817 successMove=38
ITERATION 54 newScore=-2.60745e+06 diffscore=268.727 priorChange=-85.9503 successMove=38
ITERATION 55 newScore=-2.6072e+06 diffscore=243.691 priorChange=-76.2462 successMove=37
ITERATION 56 newScore=-2.60691e+06 diffscore=294.834 priorChange=-74.8599 successMove=37
ITERATION 57 newScore=-2.60648e+06 diffscore=430.914 priorChange=-72.0873 successMove=36
ITERATION 58 newScore=-2.6058e+06 diffscore=675.668 priorChange=-73.4736 successMove=36
ITERATION 59 newScore=-2.60434e+06 diffscore=1465.26 priorChange=-63.7695 successMove=36
ITERATION 60 newScore=-2.60397e+06 diffscore=362.988 priorChange=-77.6325 successMove=35
ITERATION 61 newScore=-2.60251e+06 diffscore=1462.79 priorChange=-84.564 successMove=35
ITERATION 62 newScore=-2.60228e+06 diffscore=232.226 priorChange=-70.701 successMove=36
ITERATION 63 newScore=-2.60121e+06 diffscore=1068.43 priorChange=-74.8599 successMove=36
ITERATION 64 newScore=-2.59943e+06 diffscore=1782.12 priorChange=-77.6325 successMove=35
ITERATION 65 newScore=-2.59818e+06 diffscore=1251.98 priorChange=-63.7695 successMove=34
ITERATION 66 newScore=-2.59731e+06 diffscore=864.694 priorChange=-66.5421 successMove=34
ITERATION 67 newScore=-2.59715e+06 diffscore=165.089 priorChange=-54.0655 successMove=33
ITERATION 68 newScore=-2.5957e+06 diffscore=1446.05 priorChange=-73.4736 successMove=31
ITERATION 69 newScore=-2.5954e+06 diffscore=304.577 priorChange=-62.3832 successMove=31
ITERATION 70 newScore=-2.59512e+06 diffscore=273.751 priorChange=-47.134 successMove=28
ITERATION 71 newScore=-2.59384e+06 diffscore=1282.19 priorChange=-56.8381 successMove=28
ITERATION 72 newScore=-2.59354e+06 diffscore=301.029 priorChange=-47.134 successMove=27
ITERATION 73 newScore=-2.59254e+06 diffscore=1001.57 priorChange=-48.5203 successMove=23
ITERATION 74 newScore=-2.59239e+06 diffscore=149.073 priorChange=-54.0655 successMove=23
ITERATION 75 newScore=-2.59225e+06 diffscore=143.282 priorChange=-41.5888 successMove=23
ITERATION 76 newScore=-2.59124e+06 diffscore=1003.16 priorChange=-55.4518 successMove=21
ITERATION 77 newScore=-2.59113e+06 diffscore=114.596 priorChange=-38.8162 successMove=19
ITERATION 78 newScore=-2.59104e+06 diffscore=84.7968 priorChange=-30.4985 successMove=19
ITERATION 79 newScore=-2.59091e+06 diffscore=131.88 priorChange=-33.2711 successMove=17
ITERATION 80 newScore=-2.59074e+06 diffscore=168.173 priorChange=-37.4299 successMove=16
ITERATION 81 newScore=-2.5906e+06 diffscore=142.908 priorChange=-36.0437 successMove=15
ITERATION 82 newScore=-2.59044e+06 diffscore=156.325 priorChange=-31.8848 successMove=14
ITERATION 83 newScore=-2.58792e+06 diffscore=2519.65 priorChange=-26.3396 successMove=14
ITERATION 84 newScore=-2.58766e+06 diffscore=267.401 priorChange=-27.7259 successMove=14
ITERATION 85 newScore=-2.58685e+06 diffscore=803.747 priorChange=-27.7259 successMove=12
ITERATION 86 newScore=-2.58572e+06 diffscore=1135.95 priorChange=-26.3396 successMove=11
ITERATION 87 newScore=-2.58533e+06 diffscore=382.044 priorChange=-24.9533 successMove=11
ITERATION 88 newScore=-2.58474e+06 diffscore=599.683 priorChange=-22.1807 successMove=11
ITERATION 89 newScore=-2.58462e+06 diffscore=110.751 priorChange=-20.7944 successMove=11
ITERATION 90 newScore=-2.58454e+06 diffscore=87.1906 priorChange=-19.4081 successMove=11
ITERATION 91 newScore=-2.58448e+06 diffscore=53.0098 priorChange=-19.4081 successMove=12
ITERATION 92 newScore=-2.58445e+06 diffscore=34.4159 priorChange=-18.0218 successMove=11
ITERATION 93 newScore=-2.58441e+06 diffscore=40.6216 priorChange=-19.4081 successMove=11
ITERATION 94 newScore=-2.58437e+06 diffscore=37.1014 priorChange=-22.1807 successMove=10
ITERATION 95 newScore=-2.58434e+06 diffscore=33.3997 priorChange=-20.7944 successMove=10
ITERATION 96 newScore=-2.58428e+06 diffscore=55.537 priorChange=-18.0218 successMove=9
ITERATION 97 newScore=-2.58334e+06 diffscore=942.641 priorChange=-15.2492 successMove=7
ITERATION 98 newScore=-2.58332e+06 diffscore=23.2676 priorChange=-11.0904 successMove=7
ITERATION 99 newScore=-2.5833e+06 diffscore=17.1687 priorChange=-9.70406 successMove=7
MetaLearner::dumpAllGraphs
Final Score -2.5833e+06
MetaLearner::start runtime: 1195616479 ms
Results/
Results/cluster3/
Results/cluster3/fold0/
Results/cluster3/fold0/modelparams.txt
Results/cluster3/fold0/var_mb_pw_k50.txt
Results/cluster7/
Results/cluster7/fold0/
Results/cluster7/fold0/modelparams.txt
Results/cluster7/fold0/var_mb_pw_k50.txt
Results/cluster2/
Results/cluster2/fold0/
Results/cluster2/fold0/modelparams.txt
Results/cluster2/fold0/var_mb_pw_k50.txt
Results/cluster9/
Results/cluster9/fold0/
Results/cluster9/fold0/modelparams.txt
Results/cluster9/fold0/var_mb_pw_k50.txt
Results/cluster6/
Results/cluster6/fold0/
Results/cluster6/fold0/modelparams.txt
Results/cluster6/fold0/var_mb_pw_k50.txt
Results/cluster1/
Results/cluster1/fold0/
Results/cluster1/fold0/modelparams.txt
Results/cluster1/fold0/var_mb_pw_k50.txt
Results/cluster10/
Results/cluster10/fold0/
Results/cluster10/fold0/modelparams.txt
Results/cluster10/fold0/var_mb_pw_k50.txt
Results/cluster8/
Results/cluster8/scoreFile.txt
Results/cluster8/fold0/
Results/cluster8/fold0/modelparams.txt
Results/cluster8/fold0/var_mb_pw_k50.txt
