./CVN -f config_condor.txt -x50 -v1 -l TFs_OGs.txt -n AllGenes98.txt -d celltype_tree_ancestor.txt -m testdata_ogids.txt -s celltype_order.txt -p 0.2 -c yes -b -4 -q 4
(cluster3|cluster8) p_maintain_edge=0.8 p_gain=0.2
(cluster2|cluster3) p_maintain_edge=0.8 p_gain=0.2
(cluster1|cluster2) p_maintain_edge=0.8 p_gain=0.2
(cluster6|cluster2) p_maintain_edge=0.8 p_gain=0.2
(cluster9|cluster6) p_maintain_edge=0.8 p_gain=0.2
(cluster10|cluster6) p_maintain_edge=0.8 p_gain=0.2
(cluster7|cluster10) p_maintain_edge=0.8 p_gain=0.2
speciesSet.size()=8 Root is cluster8
MappedOrthogroupReader::readSpeciesMapping() --- celltype_order.txt
MappedOrthogroupReader::readFile - testdata_ogids.txt
MappedOrthogroupReader::generateGeneOrthoMap()
MetaLearner::init_onefold() read:config_condor.txt
MetaLearner::setinputVariableNames number of variables: 2039
readEvidenceTable:cluster8.table
PotentialManager::loadEvidenceFromTable varCount=2039 sampleCount=348
motifNetwork.size() = 319
0=cluster8 motifNetwork=cluster8_network.txt
variable size=2039
readEvidenceTable:cluster3.table
PotentialManager::loadEvidenceFromTable varCount=2039 sampleCount=95
motifNetwork.size() = 326
1=cluster3 motifNetwork=cluster3_network.txt
variable size=2039
readEvidenceTable:cluster2.table
PotentialManager::loadEvidenceFromTable varCount=2039 sampleCount=386
motifNetwork.size() = 328
2=cluster2 motifNetwork=cluster2_network.txt
variable size=2039
readEvidenceTable:cluster1.table
PotentialManager::loadEvidenceFromTable varCount=2039 sampleCount=36
motifNetwork.size() = 322
3=cluster1 motifNetwork=cluster1_network.txt
variable size=2039
readEvidenceTable:cluster6.table
PotentialManager::loadEvidenceFromTable varCount=2039 sampleCount=524
motifNetwork.size() = 320
4=cluster6 motifNetwork=cluster6_network.txt
variable size=2039
readEvidenceTable:cluster9.table
PotentialManager::loadEvidenceFromTable varCount=2039 sampleCount=184
motifNetwork.size() = 327
5=cluster9 motifNetwork=cluster9_network.txt
variable size=2039
readEvidenceTable:cluster10.table
PotentialManager::loadEvidenceFromTable varCount=2039 sampleCount=165
motifNetwork.size() = 326
6=cluster10 motifNetwork=cluster10_network.txt
variable size=2039
readEvidenceTable:cluster7.table
PotentialManager::loadEvidenceFromTable varCount=2039 sampleCount=1032
motifNetwork.size() = 320
7=cluster7 motifNetwork=cluster7_network.txt
variable size=2039
-------------------------------------------------------------
MetaLearner::start
precomputeEmptyGraphPrior
binkey=0 [Edge status: 0 0 0 0 0 0 0 0 ] P(G)=P(cluster8=0)[0.8] * P(cluster1=0|cluster2=0) * P(cluster9=0|cluster6=0) * P(cluster7=0|cluster10=0) * P(cluster10=0|cluster6=0) * P(cluster6=0|cluster2=0) * P(cluster2=0|cluster3=0) * P(cluster3=0|cluster8=0)[0.209715]=0.167772
condsetMap_Tree
0 cluster8=0 cluster3=0 cluster2=0 cluster1=0 cluster6=0 cluster9=0 cluster10=0 cluster7=1
1 cluster8=0 cluster3=0 cluster2=0 cluster1=0 cluster6=0 cluster9=1 cluster10=0 cluster7=0
2 cluster8=0 cluster3=0 cluster2=0 cluster1=0 cluster6=0 cluster9=1 cluster10=0 cluster7=1
3 cluster8=0 cluster3=0 cluster2=0 cluster1=1 cluster6=0 cluster9=0 cluster10=0 cluster7=0
4 cluster8=0 cluster3=0 cluster2=0 cluster1=1 cluster6=0 cluster9=0 cluster10=0 cluster7=1
5 cluster8=0 cluster3=0 cluster2=0 cluster1=1 cluster6=0 cluster9=1 cluster10=0 cluster7=0
6 cluster8=0 cluster3=0 cluster2=0 cluster1=1 cluster6=0 cluster9=1 cluster10=0 cluster7=1
7 cluster8=0 cluster3=0 cluster2=0 cluster1=0 cluster6=0 cluster9=0 cluster10=1 cluster7=1
8 cluster8=0 cluster3=0 cluster2=0 cluster1=0 cluster6=0 cluster9=1 cluster10=1 cluster7=1
9 cluster8=0 cluster3=0 cluster2=0 cluster1=1 cluster6=0 cluster9=0 cluster10=1 cluster7=1
10 cluster8=0 cluster3=0 cluster2=0 cluster1=1 cluster6=0 cluster9=1 cluster10=1 cluster7=1
11 cluster8=0 cluster3=0 cluster2=0 cluster1=0 cluster6=1 cluster9=1 cluster10=1 cluster7=1
12 cluster8=0 cluster3=0 cluster2=0 cluster1=1 cluster6=1 cluster9=1 cluster10=1 cluster7=1
13 cluster8=0 cluster3=0 cluster2=1 cluster1=1 cluster6=1 cluster9=1 cluster10=1 cluster7=1
14 cluster8=0 cluster3=1 cluster2=1 cluster1=1 cluster6=1 cluster9=1 cluster10=1 cluster7=1
15 cluster8=1 cluster3=1 cluster2=1 cluster1=1 cluster6=1 cluster9=1 cluster10=1 cluster7=1
16 cluster8=1 cluster3=1 cluster2=1 cluster1=1 cluster6=1 cluster9=1 cluster10=1 cluster7=0
17 cluster8=1 cluster3=1 cluster2=1 cluster1=1 cluster6=1 cluster9=0 cluster10=1 cluster7=1
18 cluster8=1 cluster3=1 cluster2=1 cluster1=1 cluster6=1 cluster9=0 cluster10=1 cluster7=0
19 cluster8=1 cluster3=1 cluster2=1 cluster1=0 cluster6=1 cluster9=1 cluster10=1 cluster7=1
20 cluster8=1 cluster3=1 cluster2=1 cluster1=0 cluster6=1 cluster9=1 cluster10=1 cluster7=0
21 cluster8=1 cluster3=1 cluster2=1 cluster1=0 cluster6=1 cluster9=0 cluster10=1 cluster7=1
22 cluster8=1 cluster3=1 cluster2=1 cluster1=0 cluster6=1 cluster9=0 cluster10=1 cluster7=0
23 cluster8=1 cluster3=1 cluster2=1 cluster1=1 cluster6=1 cluster9=1 cluster10=0 cluster7=0
24 cluster8=1 cluster3=1 cluster2=1 cluster1=1 cluster6=1 cluster9=0 cluster10=0 cluster7=0
25 cluster8=1 cluster3=1 cluster2=1 cluster1=0 cluster6=1 cluster9=1 cluster10=0 cluster7=0
26 cluster8=1 cluster3=1 cluster2=1 cluster1=0 cluster6=1 cluster9=0 cluster10=0 cluster7=0
27 cluster8=1 cluster3=1 cluster2=1 cluster1=1 cluster6=0 cluster9=0 cluster10=0 cluster7=0
28 cluster8=1 cluster3=1 cluster2=1 cluster1=0 cluster6=0 cluster9=0 cluster10=0 cluster7=0
29 cluster8=1 cluster3=1 cluster2=0 cluster1=0 cluster6=0 cluster9=0 cluster10=0 cluster7=0
30 cluster8=1 cluster3=0 cluster2=0 cluster1=0 cluster6=0 cluster9=0 cluster10=0 cluster7=0
31 cluster8=0 cluster3=0 cluster2=0 cluster1=0 cluster6=1 cluster9=0 cluster10=0 cluster7=0
32 cluster8=0 cluster3=0 cluster2=1 cluster1=0 cluster6=0 cluster9=0 cluster10=0 cluster7=0
33 cluster8=0 cluster3=0 cluster2=0 cluster1=0 cluster6=0 cluster9=0 cluster10=1 cluster7=0
34 cluster8=0 cluster3=1 cluster2=0 cluster1=0 cluster6=0 cluster9=0 cluster10=0 cluster7=0
inputRegulatorOGs.size() = 1999 inputOGList.size() = 50
binkey=8 [Edge status: 0 0 0 1 0 0 0 0 ] P(G)=P(cluster8=0)[0.8] * P(cluster1=1|cluster2=0) * P(cluster9=0|cluster6=0) * P(cluster7=0|cluster10=0) * P(cluster10=0|cluster6=0) * P(cluster6=0|cluster2=0) * P(cluster2=0|cluster3=0) * P(cluster3=0|cluster8=0)[0.0524288]=0.041943
binkey=128 [Edge status: 0 0 0 0 0 0 0 1 ] P(G)=P(cluster8=0)[0.8] * P(cluster1=0|cluster2=0) * P(cluster9=0|cluster6=0) * P(cluster7=1|cluster10=0) * P(cluster10=0|cluster6=0) * P(cluster6=0|cluster2=0) * P(cluster2=0|cluster3=0) * P(cluster3=0|cluster8=0)[0.0524288]=0.041943
binkey=32 [Edge status: 0 0 0 0 0 1 0 0 ] P(G)=P(cluster8=0)[0.8] * P(cluster1=0|cluster2=0) * P(cluster9=1|cluster6=0) * P(cluster7=0|cluster10=0) * P(cluster10=0|cluster6=0) * P(cluster6=0|cluster2=0) * P(cluster2=0|cluster3=0) * P(cluster3=0|cluster8=0)[0.0524288]=0.041943
binkey=160 [Edge status: 0 0 0 0 0 1 0 1 ] P(G)=P(cluster8=0)[0.8] * P(cluster1=0|cluster2=0) * P(cluster9=1|cluster6=0) * P(cluster7=1|cluster10=0) * P(cluster10=0|cluster6=0) * P(cluster6=0|cluster2=0) * P(cluster2=0|cluster3=0) * P(cluster3=0|cluster8=0)[0.0131072]=0.0104858
binkey=16 [Edge status: 0 0 0 0 1 0 0 0 ] P(G)=P(cluster8=0)[0.8] * P(cluster1=0|cluster2=0) * P(cluster9=0|cluster6=1) * P(cluster7=0|cluster10=0) * P(cluster10=0|cluster6=1) * P(cluster6=1|cluster2=0) * P(cluster2=0|cluster3=0) * P(cluster3=0|cluster8=0)[0.0032768]=0.00262144
binkey=2 [Edge status: 0 1 0 0 0 0 0 0 ] P(G)=P(cluster8=0)[0.8] * P(cluster1=0|cluster2=0) * P(cluster9=0|cluster6=0) * P(cluster7=0|cluster10=0) * P(cluster10=0|cluster6=0) * P(cluster6=0|cluster2=0) * P(cluster2=0|cluster3=1) * P(cluster3=1|cluster8=0)[0.0131072]=0.0104858
binkey=4 [Edge status: 0 0 1 0 0 0 0 0 ] P(G)=P(cluster8=0)[0.8] * P(cluster1=0|cluster2=1) * P(cluster9=0|cluster6=0) * P(cluster7=0|cluster10=0) * P(cluster10=0|cluster6=0) * P(cluster6=0|cluster2=1) * P(cluster2=1|cluster3=0) * P(cluster3=0|cluster8=0)[0.0032768]=0.00262144
binkey=1 [Edge status: 1 0 0 0 0 0 0 0 ] P(G)=P(cluster8=1)[0.2] * P(cluster1=0|cluster2=0) * P(cluster9=0|cluster6=0) * P(cluster7=0|cluster10=0) * P(cluster10=0|cluster6=0) * P(cluster6=0|cluster2=0) * P(cluster2=0|cluster3=0) * P(cluster3=0|cluster8=1)[0.0524288]=0.0104858
binkey=192 [Edge status: 0 0 0 0 0 0 1 1 ] P(G)=P(cluster8=0)[0.8] * P(cluster1=0|cluster2=0) * P(cluster9=0|cluster6=0) * P(cluster7=1|cluster10=1) * P(cluster10=1|cluster6=0) * P(cluster6=0|cluster2=0) * P(cluster2=0|cluster3=0) * P(cluster3=0|cluster8=0)[0.0524288]=0.041943
binkey=224 [Edge status: 0 0 0 0 0 1 1 1 ] P(G)=P(cluster8=0)[0.8] * P(cluster1=0|cluster2=0) * P(cluster9=1|cluster6=0) * P(cluster7=1|cluster10=1) * P(cluster10=1|cluster6=0) * P(cluster6=0|cluster2=0) * P(cluster2=0|cluster3=0) * P(cluster3=0|cluster8=0)[0.0131072]=0.0104858
binkey=240 [Edge status: 0 0 0 0 1 1 1 1 ] P(G)=P(cluster8=0)[0.8] * P(cluster1=0|cluster2=0) * P(cluster9=1|cluster6=1) * P(cluster7=1|cluster10=1) * P(cluster10=1|cluster6=1) * P(cluster6=1|cluster2=0) * P(cluster2=0|cluster3=0) * P(cluster3=0|cluster8=0)[0.0524288]=0.041943
binkey=64 [Edge status: 0 0 0 0 0 0 1 0 ] P(G)=P(cluster8=0)[0.8] * P(cluster1=0|cluster2=0) * P(cluster9=0|cluster6=0) * P(cluster7=0|cluster10=1) * P(cluster10=1|cluster6=0) * P(cluster6=0|cluster2=0) * P(cluster2=0|cluster3=0) * P(cluster3=0|cluster8=0)[0.0131072]=0.0104858
binkey=3 [Edge status: 1 1 0 0 0 0 0 0 ] P(G)=P(cluster8=1)[0.2] * P(cluster1=0|cluster2=0) * P(cluster9=0|cluster6=0) * P(cluster7=0|cluster10=0) * P(cluster10=0|cluster6=0) * P(cluster6=0|cluster2=0) * P(cluster2=0|cluster3=1) * P(cluster3=1|cluster8=1)[0.0524288]=0.0104858
binkey=136 [Edge status: 0 0 0 1 0 0 0 1 ] P(G)=P(cluster8=0)[0.8] * P(cluster1=1|cluster2=0) * P(cluster9=0|cluster6=0) * P(cluster7=1|cluster10=0) * P(cluster10=0|cluster6=0) * P(cluster6=0|cluster2=0) * P(cluster2=0|cluster3=0) * P(cluster3=0|cluster8=0)[0.0131072]=0.0104858
binkey=40 [Edge status: 0 0 0 1 0 1 0 0 ] P(G)=P(cluster8=0)[0.8] * P(cluster1=1|cluster2=0) * P(cluster9=1|cluster6=0) * P(cluster7=0|cluster10=0) * P(cluster10=0|cluster6=0) * P(cluster6=0|cluster2=0) * P(cluster2=0|cluster3=0) * P(cluster3=0|cluster8=0)[0.0131072]=0.0104858
binkey=168 [Edge status: 0 0 0 1 0 1 0 1 ] P(G)=P(cluster8=0)[0.8] * P(cluster1=1|cluster2=0) * P(cluster9=1|cluster6=0) * P(cluster7=1|cluster10=0) * P(cluster10=0|cluster6=0) * P(cluster6=0|cluster2=0) * P(cluster2=0|cluster3=0) * P(cluster3=0|cluster8=0)[0.0032768]=0.00262144
binkey=200 [Edge status: 0 0 0 1 0 0 1 1 ] P(G)=P(cluster8=0)[0.8] * P(cluster1=1|cluster2=0) * P(cluster9=0|cluster6=0) * P(cluster7=1|cluster10=1) * P(cluster10=1|cluster6=0) * P(cluster6=0|cluster2=0) * P(cluster2=0|cluster3=0) * P(cluster3=0|cluster8=0)[0.0131072]=0.0104858
binkey=232 [Edge status: 0 0 0 1 0 1 1 1 ] P(G)=P(cluster8=0)[0.8] * P(cluster1=1|cluster2=0) * P(cluster9=1|cluster6=0) * P(cluster7=1|cluster10=1) * P(cluster10=1|cluster6=0) * P(cluster6=0|cluster2=0) * P(cluster2=0|cluster3=0) * P(cluster3=0|cluster8=0)[0.0032768]=0.00262144
binkey=95 [Edge status: 1 1 1 1 1 0 1 0 ] P(G)=P(cluster8=1)[0.2] * P(cluster1=1|cluster2=1) * P(cluster9=0|cluster6=1) * P(cluster7=0|cluster10=1) * P(cluster10=1|cluster6=1) * P(cluster6=1|cluster2=1) * P(cluster2=1|cluster3=1) * P(cluster3=1|cluster8=1)[0.0131072]=0.00262144
binkey=87 [Edge status: 1 1 1 0 1 0 1 0 ] P(G)=P(cluster8=1)[0.2] * P(cluster1=0|cluster2=1) * P(cluster9=0|cluster6=1) * P(cluster7=0|cluster10=1) * P(cluster10=1|cluster6=1) * P(cluster6=1|cluster2=1) * P(cluster2=1|cluster3=1) * P(cluster3=1|cluster8=1)[0.0032768]=0.00065536
binkey=31 [Edge status: 1 1 1 1 1 0 0 0 ] P(G)=P(cluster8=1)[0.2] * P(cluster1=1|cluster2=1) * P(cluster9=0|cluster6=1) * P(cluster7=0|cluster10=0) * P(cluster10=0|cluster6=1) * P(cluster6=1|cluster2=1) * P(cluster2=1|cluster3=1) * P(cluster3=1|cluster8=1)[0.0131072]=0.00262144
binkey=23 [Edge status: 1 1 1 0 1 0 0 0 ] P(G)=P(cluster8=1)[0.2] * P(cluster1=0|cluster2=1) * P(cluster9=0|cluster6=1) * P(cluster7=0|cluster10=0) * P(cluster10=0|cluster6=1) * P(cluster6=1|cluster2=1) * P(cluster2=1|cluster3=1) * P(cluster3=1|cluster8=1)[0.0032768]=0.00065536
binkey=15 [Edge status: 1 1 1 1 0 0 0 0 ] P(G)=P(cluster8=1)[0.2] * P(cluster1=1|cluster2=1) * P(cluster9=0|cluster6=0) * P(cluster7=0|cluster10=0) * P(cluster10=0|cluster6=0) * P(cluster6=0|cluster2=1) * P(cluster2=1|cluster3=1) * P(cluster3=1|cluster8=1)[0.0524288]=0.0104858
binkey=7 [Edge status: 1 1 1 0 0 0 0 0 ] P(G)=P(cluster8=1)[0.2] * P(cluster1=0|cluster2=1) * P(cluster9=0|cluster6=0) * P(cluster7=0|cluster10=0) * P(cluster10=0|cluster6=0) * P(cluster6=0|cluster2=1) * P(cluster2=1|cluster3=1) * P(cluster3=1|cluster8=1)[0.0131072]=0.00262144
binkey=223 [Edge status: 1 1 1 1 1 0 1 1 ] P(G)=P(cluster8=1)[0.2] * P(cluster1=1|cluster2=1) * P(cluster9=0|cluster6=1) * P(cluster7=1|cluster10=1) * P(cluster10=1|cluster6=1) * P(cluster6=1|cluster2=1) * P(cluster2=1|cluster3=1) * P(cluster3=1|cluster8=1)[0.0524288]=0.0104858
binkey=215 [Edge status: 1 1 1 0 1 0 1 1 ] P(G)=P(cluster8=1)[0.2] * P(cluster1=0|cluster2=1) * P(cluster9=0|cluster6=1) * P(cluster7=1|cluster10=1) * P(cluster10=1|cluster6=1) * P(cluster6=1|cluster2=1) * P(cluster2=1|cluster3=1) * P(cluster3=1|cluster8=1)[0.0131072]=0.00262144
ITERATION 0 newScore=-2.74137e+06 diffscore=13131.6 priorChange=-109.517 successMove=58
ITERATION 1 newScore=-2.73002e+06 diffscore=11350.2 priorChange=-115.062 successMove=51
ITERATION 2 newScore=-2.72358e+06 diffscore=6444.26 priorChange=-119.221 successMove=55
ITERATION 3 newScore=-2.71744e+06 diffscore=6135.37 priorChange=-119.221 successMove=52
ITERATION 4 newScore=-2.7117e+06 diffscore=5741.45 priorChange=-116.449 successMove=50
ITERATION 5 newScore=-2.70953e+06 diffscore=2174.39 priorChange=-109.517 successMove=52
ITERATION 6 newScore=-2.70428e+06 diffscore=5250.05 priorChange=-105.358 successMove=51
ITERATION 7 newScore=-2.69663e+06 diffscore=7644.17 priorChange=-108.131 successMove=52
ITERATION 8 newScore=-2.69393e+06 diffscore=2698.92 priorChange=-121.994 successMove=51
ITERATION 9 newScore=-2.6864e+06 diffscore=7535.12 priorChange=-116.449 successMove=58
ITERATION 10 newScore=-2.68048e+06 diffscore=5920.35 priorChange=-116.449 successMove=52
ITERATION 11 newScore=-2.67796e+06 diffscore=2518.7 priorChange=-110.904 successMove=51
ITERATION 12 newScore=-2.67598e+06 diffscore=1980.92 priorChange=-116.449 successMove=52
ITERATION 13 newScore=-2.67316e+06 diffscore=2814.77 priorChange=-109.517 successMove=50
ITERATION 14 newScore=-2.66881e+06 diffscore=4349.11 priorChange=-105.358 successMove=50
ITERATION 15 newScore=-2.664e+06 diffscore=4815.99 priorChange=-106.745 successMove=52
ITERATION 16 newScore=-2.65683e+06 diffscore=7170.57 priorChange=-112.29 successMove=52
ITERATION 17 newScore=-2.65555e+06 diffscore=1275.39 priorChange=-126.153 successMove=50
ITERATION 18 newScore=-2.65455e+06 diffscore=999.021 priorChange=-109.517 successMove=50
ITERATION 19 newScore=-2.65259e+06 diffscore=1962.21 priorChange=-121.994 successMove=51
ITERATION 20 newScore=-2.65088e+06 diffscore=1705.94 priorChange=-97.0406 successMove=50
ITERATION 21 newScore=-2.64813e+06 diffscore=2752.52 priorChange=-112.29 successMove=51
ITERATION 22 newScore=-2.64664e+06 diffscore=1491.08 priorChange=-101.199 successMove=50
ITERATION 23 newScore=-2.64324e+06 diffscore=3398.15 priorChange=-105.358 successMove=52
ITERATION 24 newScore=-2.64017e+06 diffscore=3077.31 priorChange=-119.221 successMove=53
ITERATION 25 newScore=-2.63833e+06 diffscore=1832.7 priorChange=-123.38 successMove=58
ITERATION 26 newScore=-2.63784e+06 diffscore=489.672 priorChange=-106.745 successMove=50
ITERATION 27 newScore=-2.63636e+06 diffscore=1480.34 priorChange=-110.904 successMove=52
ITERATION 28 newScore=-2.63523e+06 diffscore=1134.64 priorChange=-102.586 successMove=48
ITERATION 29 newScore=-2.63476e+06 diffscore=472.615 priorChange=-112.29 successMove=48
ITERATION 30 newScore=-2.63265e+06 diffscore=2103.34 priorChange=-110.904 successMove=50
ITERATION 31 newScore=-2.62963e+06 diffscore=3026.48 priorChange=-120.608 successMove=47
ITERATION 32 newScore=-2.62923e+06 diffscore=399.022 priorChange=-105.358 successMove=48
binkey=55 [Edge status: 1 1 1 0 1 1 0 0 ] P(G)=P(cluster8=1)[0.2] * P(cluster1=0|cluster2=1) * P(cluster9=1|cluster6=1) * P(cluster7=0|cluster10=0) * P(cluster10=0|cluster6=1) * P(cluster6=1|cluster2=1) * P(cluster2=1|cluster3=1) * P(cluster3=1|cluster8=1)[0.0131072]=0.00262144
ITERATION 33 newScore=-2.62879e+06 diffscore=434.153 priorChange=-105.358 successMove=48
ITERATION 34 newScore=-2.62829e+06 diffscore=504.879 priorChange=-103.972 successMove=49
ITERATION 35 newScore=-2.62713e+06 diffscore=1156.71 priorChange=-109.517 successMove=47
ITERATION 36 newScore=-2.62493e+06 diffscore=2198.59 priorChange=-95.6543 successMove=48
ITERATION 37 newScore=-2.62321e+06 diffscore=1726.98 priorChange=-97.0406 successMove=47
ITERATION 38 newScore=-2.62195e+06 diffscore=1259.43 priorChange=-98.4269 successMove=48
ITERATION 39 newScore=-2.62156e+06 diffscore=388.277 priorChange=-110.904 successMove=47
ITERATION 40 newScore=-2.62095e+06 diffscore=605.583 priorChange=-99.8132 successMove=47
ITERATION 41 newScore=-2.61956e+06 diffscore=1387.8 priorChange=-88.7228 successMove=46
ITERATION 42 newScore=-2.61927e+06 diffscore=299.593 priorChange=-109.517 successMove=46
ITERATION 43 newScore=-2.61899e+06 diffscore=275.293 priorChange=-103.972 successMove=44
ITERATION 44 newScore=-2.6187e+06 diffscore=288.309 priorChange=-88.7228 successMove=44
ITERATION 45 newScore=-2.61839e+06 diffscore=309.294 priorChange=-91.4954 successMove=44
ITERATION 46 newScore=-2.6179e+06 diffscore=492.94 priorChange=-99.8132 successMove=44
ITERATION 47 newScore=-2.61745e+06 diffscore=446.613 priorChange=-99.8132 successMove=43
ITERATION 48 newScore=-2.61713e+06 diffscore=319.54 priorChange=-97.0406 successMove=45
ITERATION 49 newScore=-2.61681e+06 diffscore=319.782 priorChange=-80.4051 successMove=44
ITERATION 50 newScore=-2.61649e+06 diffscore=321.237 priorChange=-84.564 successMove=42
ITERATION 51 newScore=-2.61603e+06 diffscore=463.373 priorChange=-81.7914 successMove=40
ITERATION 52 newScore=-2.61418e+06 diffscore=1851.22 priorChange=-88.7228 successMove=39
ITERATION 53 newScore=-2.61389e+06 diffscore=286.627 priorChange=-90.1091 successMove=38
ITERATION 54 newScore=-2.61284e+06 diffscore=1046.62 priorChange=-85.9503 successMove=37
ITERATION 55 newScore=-2.61259e+06 diffscore=250.067 priorChange=-94.268 successMove=36
ITERATION 56 newScore=-2.61223e+06 diffscore=368.246 priorChange=-76.2462 successMove=36
ITERATION 57 newScore=-2.61146e+06 diffscore=764.233 priorChange=-65.1558 successMove=36
ITERATION 58 newScore=-2.6112e+06 diffscore=265.182 priorChange=-67.9284 successMove=35
ITERATION 59 newScore=-2.61092e+06 diffscore=273.374 priorChange=-67.9284 successMove=33
ITERATION 60 newScore=-2.61034e+06 diffscore=588.056 priorChange=-67.9284 successMove=34
ITERATION 61 newScore=-2.60917e+06 diffscore=1168.18 priorChange=-74.8599 successMove=33
ITERATION 62 newScore=-2.60891e+06 diffscore=256.364 priorChange=-73.4736 successMove=31
ITERATION 63 newScore=-2.60792e+06 diffscore=993.235 priorChange=-73.4736 successMove=30
ITERATION 64 newScore=-2.60777e+06 diffscore=151.717 priorChange=-55.4518 successMove=30
ITERATION 65 newScore=-2.60763e+06 diffscore=134.276 priorChange=-51.2929 successMove=28
ITERATION 66 newScore=-2.60616e+06 diffscore=1473.57 priorChange=-49.9066 successMove=26
ITERATION 67 newScore=-2.60594e+06 diffscore=216.685 priorChange=-55.4518 successMove=28
ITERATION 68 newScore=-2.60417e+06 diffscore=1775.51 priorChange=-40.2025 successMove=25
ITERATION 69 newScore=-2.60402e+06 diffscore=143.207 priorChange=-49.9066 successMove=25
ITERATION 70 newScore=-2.60391e+06 diffscore=112.661 priorChange=-51.2929 successMove=22
ITERATION 71 newScore=-2.6038e+06 diffscore=105.355 priorChange=-47.134 successMove=21
ITERATION 72 newScore=-2.6037e+06 diffscore=101.158 priorChange=-41.5888 successMove=21
ITERATION 73 newScore=-2.60358e+06 diffscore=121.131 priorChange=-42.9751 successMove=22
ITERATION 74 newScore=-2.60347e+06 diffscore=111.575 priorChange=-36.0437 successMove=22
ITERATION 75 newScore=-2.60335e+06 diffscore=118.493 priorChange=-42.9751 successMove=23
ITERATION 76 newScore=-2.60298e+06 diffscore=367.486 priorChange=-42.9751 successMove=21
ITERATION 77 newScore=-2.60255e+06 diffscore=434.739 priorChange=-37.4299 successMove=21
ITERATION 78 newScore=-2.60178e+06 diffscore=766.813 priorChange=-41.5888 successMove=21
ITERATION 79 newScore=-2.60076e+06 diffscore=1021.84 priorChange=-31.8848 successMove=18
ITERATION 80 newScore=-2.60066e+06 diffscore=101.065 priorChange=-27.7259 successMove=19
ITERATION 81 newScore=-2.60053e+06 diffscore=125.875 priorChange=-31.8848 successMove=18
ITERATION 82 newScore=-2.60032e+06 diffscore=217.977 priorChange=-38.8162 successMove=19
ITERATION 83 newScore=-2.59895e+06 diffscore=1366.56 priorChange=-29.1122 successMove=18
ITERATION 84 newScore=-2.59792e+06 diffscore=1026.6 priorChange=-24.9533 successMove=18
ITERATION 85 newScore=-2.59778e+06 diffscore=140.943 priorChange=-41.5888 successMove=18
ITERATION 86 newScore=-2.59768e+06 diffscore=100.061 priorChange=-36.0437 successMove=16
ITERATION 87 newScore=-2.59551e+06 diffscore=2169.41 priorChange=-27.7259 successMove=16
ITERATION 88 newScore=-2.59544e+06 diffscore=74.9553 priorChange=-30.4985 successMove=15
ITERATION 89 newScore=-2.59528e+06 diffscore=155.767 priorChange=-34.6574 successMove=15
ITERATION 90 newScore=-2.5952e+06 diffscore=84.925 priorChange=-37.4299 successMove=14
ITERATION 91 newScore=-2.59508e+06 diffscore=117.389 priorChange=-37.4299 successMove=14
ITERATION 92 newScore=-2.59491e+06 diffscore=171.989 priorChange=-31.8848 successMove=14
ITERATION 93 newScore=-2.59479e+06 diffscore=112.692 priorChange=-29.1122 successMove=14
ITERATION 94 newScore=-2.59464e+06 diffscore=150.316 priorChange=-20.7944 successMove=13
ITERATION 95 newScore=-2.59452e+06 diffscore=129.098 priorChange=-22.1807 successMove=11
ITERATION 96 newScore=-2.59437e+06 diffscore=141.442 priorChange=-23.567 successMove=10
ITERATION 97 newScore=-2.59236e+06 diffscore=2016.32 priorChange=-19.4081 successMove=10
ITERATION 98 newScore=-2.59214e+06 diffscore=221.05 priorChange=-15.2492 successMove=10
ITERATION 99 newScore=-2.59156e+06 diffscore=573.772 priorChange=-16.6355 successMove=8
MetaLearner::dumpAllGraphs
Final Score -2.59156e+06
MetaLearner::start runtime: 1448813968 ms
Results/
Results/cluster3/
Results/cluster3/fold0/
Results/cluster3/fold0/var_mb_pw_k50.txt
Results/cluster3/fold0/modelparams.txt
Results/cluster7/
Results/cluster7/fold0/
Results/cluster7/fold0/var_mb_pw_k50.txt
Results/cluster7/fold0/modelparams.txt
Results/cluster10/
Results/cluster10/fold0/
Results/cluster10/fold0/var_mb_pw_k50.txt
Results/cluster10/fold0/modelparams.txt
Results/cluster1/
Results/cluster1/fold0/
Results/cluster1/fold0/var_mb_pw_k50.txt
Results/cluster1/fold0/modelparams.txt
Results/cluster6/
Results/cluster6/fold0/
Results/cluster6/fold0/var_mb_pw_k50.txt
Results/cluster6/fold0/modelparams.txt
Results/cluster9/
Results/cluster9/fold0/
Results/cluster9/fold0/var_mb_pw_k50.txt
Results/cluster9/fold0/modelparams.txt
Results/cluster8/
Results/cluster8/fold0/
Results/cluster8/fold0/var_mb_pw_k50.txt
Results/cluster8/fold0/modelparams.txt
Results/cluster8/scoreFile.txt
Results/cluster2/
Results/cluster2/fold0/
Results/cluster2/fold0/var_mb_pw_k50.txt
Results/cluster2/fold0/modelparams.txt
