./CVN -f config_condor.txt -x50 -v1 -l TFs_OGs.txt -n AllGenes61.txt -d celltype_tree_ancestor.txt -m testdata_ogids.txt -s celltype_order.txt -p 0.2 -c yes -b -4 -q 4
(cluster3|cluster8) p_maintain_edge=0.8 p_gain=0.2
(cluster2|cluster3) p_maintain_edge=0.8 p_gain=0.2
(cluster1|cluster2) p_maintain_edge=0.8 p_gain=0.2
(cluster6|cluster2) p_maintain_edge=0.8 p_gain=0.2
(cluster9|cluster6) p_maintain_edge=0.8 p_gain=0.2
(cluster10|cluster6) p_maintain_edge=0.8 p_gain=0.2
(cluster7|cluster10) p_maintain_edge=0.8 p_gain=0.2
speciesSet.size()=8 Root is cluster8
MappedOrthogroupReader::readSpeciesMapping() --- celltype_order.txt
MappedOrthogroupReader::readFile - testdata_ogids.txt
MappedOrthogroupReader::generateGeneOrthoMap()
MetaLearner::init_onefold() read:config_condor.txt
MetaLearner::setinputVariableNames number of variables: 2044
readEvidenceTable:cluster8.table
PotentialManager::loadEvidenceFromTable varCount=2044 sampleCount=348
motifNetwork.size() = 319
0=cluster8 motifNetwork=cluster8_network.txt
variable size=2044
readEvidenceTable:cluster3.table
PotentialManager::loadEvidenceFromTable varCount=2044 sampleCount=95
motifNetwork.size() = 326
1=cluster3 motifNetwork=cluster3_network.txt
variable size=2044
readEvidenceTable:cluster2.table
PotentialManager::loadEvidenceFromTable varCount=2044 sampleCount=386
motifNetwork.size() = 328
2=cluster2 motifNetwork=cluster2_network.txt
variable size=2044
readEvidenceTable:cluster1.table
PotentialManager::loadEvidenceFromTable varCount=2044 sampleCount=36
motifNetwork.size() = 322
3=cluster1 motifNetwork=cluster1_network.txt
variable size=2044
readEvidenceTable:cluster6.table
PotentialManager::loadEvidenceFromTable varCount=2044 sampleCount=524
motifNetwork.size() = 320
4=cluster6 motifNetwork=cluster6_network.txt
variable size=2044
readEvidenceTable:cluster9.table
PotentialManager::loadEvidenceFromTable varCount=2044 sampleCount=184
motifNetwork.size() = 327
5=cluster9 motifNetwork=cluster9_network.txt
variable size=2044
readEvidenceTable:cluster10.table
PotentialManager::loadEvidenceFromTable varCount=2044 sampleCount=165
motifNetwork.size() = 326
6=cluster10 motifNetwork=cluster10_network.txt
variable size=2044
readEvidenceTable:cluster7.table
PotentialManager::loadEvidenceFromTable varCount=2044 sampleCount=1032
motifNetwork.size() = 320
7=cluster7 motifNetwork=cluster7_network.txt
variable size=2044
-------------------------------------------------------------
MetaLearner::start
precomputeEmptyGraphPrior
binkey=0 [Edge status: 0 0 0 0 0 0 0 0 ] P(G)=P(cluster8=0)[0.8] * P(cluster1=0|cluster2=0) * P(cluster9=0|cluster6=0) * P(cluster7=0|cluster10=0) * P(cluster10=0|cluster6=0) * P(cluster6=0|cluster2=0) * P(cluster2=0|cluster3=0) * P(cluster3=0|cluster8=0)[0.209715]=0.167772
condsetMap_Tree
0 cluster8=0 cluster3=0 cluster2=0 cluster1=0 cluster6=0 cluster9=0 cluster10=0 cluster7=1
1 cluster8=0 cluster3=0 cluster2=0 cluster1=0 cluster6=0 cluster9=1 cluster10=0 cluster7=0
2 cluster8=0 cluster3=0 cluster2=0 cluster1=0 cluster6=0 cluster9=1 cluster10=0 cluster7=1
3 cluster8=0 cluster3=0 cluster2=0 cluster1=1 cluster6=0 cluster9=0 cluster10=0 cluster7=0
4 cluster8=0 cluster3=0 cluster2=0 cluster1=1 cluster6=0 cluster9=0 cluster10=0 cluster7=1
5 cluster8=0 cluster3=0 cluster2=0 cluster1=1 cluster6=0 cluster9=1 cluster10=0 cluster7=0
6 cluster8=0 cluster3=0 cluster2=0 cluster1=1 cluster6=0 cluster9=1 cluster10=0 cluster7=1
7 cluster8=0 cluster3=0 cluster2=0 cluster1=0 cluster6=0 cluster9=0 cluster10=1 cluster7=1
8 cluster8=0 cluster3=0 cluster2=0 cluster1=0 cluster6=0 cluster9=1 cluster10=1 cluster7=1
9 cluster8=0 cluster3=0 cluster2=0 cluster1=1 cluster6=0 cluster9=0 cluster10=1 cluster7=1
10 cluster8=0 cluster3=0 cluster2=0 cluster1=1 cluster6=0 cluster9=1 cluster10=1 cluster7=1
11 cluster8=0 cluster3=0 cluster2=0 cluster1=0 cluster6=1 cluster9=1 cluster10=1 cluster7=1
12 cluster8=0 cluster3=0 cluster2=0 cluster1=1 cluster6=1 cluster9=1 cluster10=1 cluster7=1
13 cluster8=0 cluster3=0 cluster2=1 cluster1=1 cluster6=1 cluster9=1 cluster10=1 cluster7=1
14 cluster8=0 cluster3=1 cluster2=1 cluster1=1 cluster6=1 cluster9=1 cluster10=1 cluster7=1
15 cluster8=1 cluster3=1 cluster2=1 cluster1=1 cluster6=1 cluster9=1 cluster10=1 cluster7=1
16 cluster8=1 cluster3=1 cluster2=1 cluster1=1 cluster6=1 cluster9=1 cluster10=1 cluster7=0
17 cluster8=1 cluster3=1 cluster2=1 cluster1=1 cluster6=1 cluster9=0 cluster10=1 cluster7=1
18 cluster8=1 cluster3=1 cluster2=1 cluster1=1 cluster6=1 cluster9=0 cluster10=1 cluster7=0
19 cluster8=1 cluster3=1 cluster2=1 cluster1=0 cluster6=1 cluster9=1 cluster10=1 cluster7=1
20 cluster8=1 cluster3=1 cluster2=1 cluster1=0 cluster6=1 cluster9=1 cluster10=1 cluster7=0
21 cluster8=1 cluster3=1 cluster2=1 cluster1=0 cluster6=1 cluster9=0 cluster10=1 cluster7=1
22 cluster8=1 cluster3=1 cluster2=1 cluster1=0 cluster6=1 cluster9=0 cluster10=1 cluster7=0
23 cluster8=1 cluster3=1 cluster2=1 cluster1=1 cluster6=1 cluster9=1 cluster10=0 cluster7=0
24 cluster8=1 cluster3=1 cluster2=1 cluster1=1 cluster6=1 cluster9=0 cluster10=0 cluster7=0
25 cluster8=1 cluster3=1 cluster2=1 cluster1=0 cluster6=1 cluster9=1 cluster10=0 cluster7=0
26 cluster8=1 cluster3=1 cluster2=1 cluster1=0 cluster6=1 cluster9=0 cluster10=0 cluster7=0
27 cluster8=1 cluster3=1 cluster2=1 cluster1=1 cluster6=0 cluster9=0 cluster10=0 cluster7=0
28 cluster8=1 cluster3=1 cluster2=1 cluster1=0 cluster6=0 cluster9=0 cluster10=0 cluster7=0
29 cluster8=1 cluster3=1 cluster2=0 cluster1=0 cluster6=0 cluster9=0 cluster10=0 cluster7=0
30 cluster8=1 cluster3=0 cluster2=0 cluster1=0 cluster6=0 cluster9=0 cluster10=0 cluster7=0
31 cluster8=0 cluster3=0 cluster2=0 cluster1=0 cluster6=1 cluster9=0 cluster10=0 cluster7=0
32 cluster8=0 cluster3=0 cluster2=1 cluster1=0 cluster6=0 cluster9=0 cluster10=0 cluster7=0
33 cluster8=0 cluster3=0 cluster2=0 cluster1=0 cluster6=0 cluster9=0 cluster10=1 cluster7=0
34 cluster8=0 cluster3=1 cluster2=0 cluster1=0 cluster6=0 cluster9=0 cluster10=0 cluster7=0
inputRegulatorOGs.size() = 1999 inputOGList.size() = 50
binkey=2 [Edge status: 0 1 0 0 0 0 0 0 ] P(G)=P(cluster8=0)[0.8] * P(cluster1=0|cluster2=0) * P(cluster9=0|cluster6=0) * P(cluster7=0|cluster10=0) * P(cluster10=0|cluster6=0) * P(cluster6=0|cluster2=0) * P(cluster2=0|cluster3=1) * P(cluster3=1|cluster8=0)[0.0131072]=0.0104858
binkey=16 [Edge status: 0 0 0 0 1 0 0 0 ] P(G)=P(cluster8=0)[0.8] * P(cluster1=0|cluster2=0) * P(cluster9=0|cluster6=1) * P(cluster7=0|cluster10=0) * P(cluster10=0|cluster6=1) * P(cluster6=1|cluster2=0) * P(cluster2=0|cluster3=0) * P(cluster3=0|cluster8=0)[0.0032768]=0.00262144
binkey=128 [Edge status: 0 0 0 0 0 0 0 1 ] P(G)=P(cluster8=0)[0.8] * P(cluster1=0|cluster2=0) * P(cluster9=0|cluster6=0) * P(cluster7=1|cluster10=0) * P(cluster10=0|cluster6=0) * P(cluster6=0|cluster2=0) * P(cluster2=0|cluster3=0) * P(cluster3=0|cluster8=0)[0.0524288]=0.041943
binkey=32 [Edge status: 0 0 0 0 0 1 0 0 ] P(G)=P(cluster8=0)[0.8] * P(cluster1=0|cluster2=0) * P(cluster9=1|cluster6=0) * P(cluster7=0|cluster10=0) * P(cluster10=0|cluster6=0) * P(cluster6=0|cluster2=0) * P(cluster2=0|cluster3=0) * P(cluster3=0|cluster8=0)[0.0524288]=0.041943
binkey=1 [Edge status: 1 0 0 0 0 0 0 0 ] P(G)=P(cluster8=1)[0.2] * P(cluster1=0|cluster2=0) * P(cluster9=0|cluster6=0) * P(cluster7=0|cluster10=0) * P(cluster10=0|cluster6=0) * P(cluster6=0|cluster2=0) * P(cluster2=0|cluster3=0) * P(cluster3=0|cluster8=1)[0.0524288]=0.0104858
binkey=8 [Edge status: 0 0 0 1 0 0 0 0 ] P(G)=P(cluster8=0)[0.8] * P(cluster1=1|cluster2=0) * P(cluster9=0|cluster6=0) * P(cluster7=0|cluster10=0) * P(cluster10=0|cluster6=0) * P(cluster6=0|cluster2=0) * P(cluster2=0|cluster3=0) * P(cluster3=0|cluster8=0)[0.0524288]=0.041943
binkey=64 [Edge status: 0 0 0 0 0 0 1 0 ] P(G)=P(cluster8=0)[0.8] * P(cluster1=0|cluster2=0) * P(cluster9=0|cluster6=0) * P(cluster7=0|cluster10=1) * P(cluster10=1|cluster6=0) * P(cluster6=0|cluster2=0) * P(cluster2=0|cluster3=0) * P(cluster3=0|cluster8=0)[0.0131072]=0.0104858
binkey=160 [Edge status: 0 0 0 0 0 1 0 1 ] P(G)=P(cluster8=0)[0.8] * P(cluster1=0|cluster2=0) * P(cluster9=1|cluster6=0) * P(cluster7=1|cluster10=0) * P(cluster10=0|cluster6=0) * P(cluster6=0|cluster2=0) * P(cluster2=0|cluster3=0) * P(cluster3=0|cluster8=0)[0.0131072]=0.0104858
binkey=4 [Edge status: 0 0 1 0 0 0 0 0 ] P(G)=P(cluster8=0)[0.8] * P(cluster1=0|cluster2=1) * P(cluster9=0|cluster6=0) * P(cluster7=0|cluster10=0) * P(cluster10=0|cluster6=0) * P(cluster6=0|cluster2=1) * P(cluster2=1|cluster3=0) * P(cluster3=0|cluster8=0)[0.0032768]=0.00262144
binkey=40 [Edge status: 0 0 0 1 0 1 0 0 ] P(G)=P(cluster8=0)[0.8] * P(cluster1=1|cluster2=0) * P(cluster9=1|cluster6=0) * P(cluster7=0|cluster10=0) * P(cluster10=0|cluster6=0) * P(cluster6=0|cluster2=0) * P(cluster2=0|cluster3=0) * P(cluster3=0|cluster8=0)[0.0131072]=0.0104858
binkey=136 [Edge status: 0 0 0 1 0 0 0 1 ] P(G)=P(cluster8=0)[0.8] * P(cluster1=1|cluster2=0) * P(cluster9=0|cluster6=0) * P(cluster7=1|cluster10=0) * P(cluster10=0|cluster6=0) * P(cluster6=0|cluster2=0) * P(cluster2=0|cluster3=0) * P(cluster3=0|cluster8=0)[0.0131072]=0.0104858
binkey=192 [Edge status: 0 0 0 0 0 0 1 1 ] P(G)=P(cluster8=0)[0.8] * P(cluster1=0|cluster2=0) * P(cluster9=0|cluster6=0) * P(cluster7=1|cluster10=1) * P(cluster10=1|cluster6=0) * P(cluster6=0|cluster2=0) * P(cluster2=0|cluster3=0) * P(cluster3=0|cluster8=0)[0.0524288]=0.041943
binkey=224 [Edge status: 0 0 0 0 0 1 1 1 ] P(G)=P(cluster8=0)[0.8] * P(cluster1=0|cluster2=0) * P(cluster9=1|cluster6=0) * P(cluster7=1|cluster10=1) * P(cluster10=1|cluster6=0) * P(cluster6=0|cluster2=0) * P(cluster2=0|cluster3=0) * P(cluster3=0|cluster8=0)[0.0131072]=0.0104858
binkey=240 [Edge status: 0 0 0 0 1 1 1 1 ] P(G)=P(cluster8=0)[0.8] * P(cluster1=0|cluster2=0) * P(cluster9=1|cluster6=1) * P(cluster7=1|cluster10=1) * P(cluster10=1|cluster6=1) * P(cluster6=1|cluster2=0) * P(cluster2=0|cluster3=0) * P(cluster3=0|cluster8=0)[0.0524288]=0.041943
binkey=3 [Edge status: 1 1 0 0 0 0 0 0 ] P(G)=P(cluster8=1)[0.2] * P(cluster1=0|cluster2=0) * P(cluster9=0|cluster6=0) * P(cluster7=0|cluster10=0) * P(cluster10=0|cluster6=0) * P(cluster6=0|cluster2=0) * P(cluster2=0|cluster3=1) * P(cluster3=1|cluster8=1)[0.0524288]=0.0104858
binkey=7 [Edge status: 1 1 1 0 0 0 0 0 ] P(G)=P(cluster8=1)[0.2] * P(cluster1=0|cluster2=1) * P(cluster9=0|cluster6=0) * P(cluster7=0|cluster10=0) * P(cluster10=0|cluster6=0) * P(cluster6=0|cluster2=1) * P(cluster2=1|cluster3=1) * P(cluster3=1|cluster8=1)[0.0131072]=0.00262144
binkey=168 [Edge status: 0 0 0 1 0 1 0 1 ] P(G)=P(cluster8=0)[0.8] * P(cluster1=1|cluster2=0) * P(cluster9=1|cluster6=0) * P(cluster7=1|cluster10=0) * P(cluster10=0|cluster6=0) * P(cluster6=0|cluster2=0) * P(cluster2=0|cluster3=0) * P(cluster3=0|cluster8=0)[0.0032768]=0.00262144
binkey=247 [Edge status: 1 1 1 0 1 1 1 1 ] P(G)=P(cluster8=1)[0.2] * P(cluster1=0|cluster2=1) * P(cluster9=1|cluster6=1) * P(cluster7=1|cluster10=1) * P(cluster10=1|cluster6=1) * P(cluster6=1|cluster2=1) * P(cluster2=1|cluster3=1) * P(cluster3=1|cluster8=1)[0.0524288]=0.0104858
binkey=119 [Edge status: 1 1 1 0 1 1 1 0 ] P(G)=P(cluster8=1)[0.2] * P(cluster1=0|cluster2=1) * P(cluster9=1|cluster6=1) * P(cluster7=0|cluster10=1) * P(cluster10=1|cluster6=1) * P(cluster6=1|cluster2=1) * P(cluster2=1|cluster3=1) * P(cluster3=1|cluster8=1)[0.0131072]=0.00262144
binkey=215 [Edge status: 1 1 1 0 1 0 1 1 ] P(G)=P(cluster8=1)[0.2] * P(cluster1=0|cluster2=1) * P(cluster9=0|cluster6=1) * P(cluster7=1|cluster10=1) * P(cluster10=1|cluster6=1) * P(cluster6=1|cluster2=1) * P(cluster2=1|cluster3=1) * P(cluster3=1|cluster8=1)[0.0131072]=0.00262144
binkey=87 [Edge status: 1 1 1 0 1 0 1 0 ] P(G)=P(cluster8=1)[0.2] * P(cluster1=0|cluster2=1) * P(cluster9=0|cluster6=1) * P(cluster7=0|cluster10=1) * P(cluster10=1|cluster6=1) * P(cluster6=1|cluster2=1) * P(cluster2=1|cluster3=1) * P(cluster3=1|cluster8=1)[0.0032768]=0.00065536
binkey=55 [Edge status: 1 1 1 0 1 1 0 0 ] P(G)=P(cluster8=1)[0.2] * P(cluster1=0|cluster2=1) * P(cluster9=1|cluster6=1) * P(cluster7=0|cluster10=0) * P(cluster10=0|cluster6=1) * P(cluster6=1|cluster2=1) * P(cluster2=1|cluster3=1) * P(cluster3=1|cluster8=1)[0.0131072]=0.00262144
binkey=23 [Edge status: 1 1 1 0 1 0 0 0 ] P(G)=P(cluster8=1)[0.2] * P(cluster1=0|cluster2=1) * P(cluster9=0|cluster6=1) * P(cluster7=0|cluster10=0) * P(cluster10=0|cluster6=1) * P(cluster6=1|cluster2=1) * P(cluster2=1|cluster3=1) * P(cluster3=1|cluster8=1)[0.0032768]=0.00065536
binkey=200 [Edge status: 0 0 0 1 0 0 1 1 ] P(G)=P(cluster8=0)[0.8] * P(cluster1=1|cluster2=0) * P(cluster9=0|cluster6=0) * P(cluster7=1|cluster10=1) * P(cluster10=1|cluster6=0) * P(cluster6=0|cluster2=0) * P(cluster2=0|cluster3=0) * P(cluster3=0|cluster8=0)[0.0131072]=0.0104858
binkey=232 [Edge status: 0 0 0 1 0 1 1 1 ] P(G)=P(cluster8=0)[0.8] * P(cluster1=1|cluster2=0) * P(cluster9=1|cluster6=0) * P(cluster7=1|cluster10=1) * P(cluster10=1|cluster6=0) * P(cluster6=0|cluster2=0) * P(cluster2=0|cluster3=0) * P(cluster3=0|cluster8=0)[0.0032768]=0.00262144
binkey=248 [Edge status: 0 0 0 1 1 1 1 1 ] P(G)=P(cluster8=0)[0.8] * P(cluster1=1|cluster2=0) * P(cluster9=1|cluster6=1) * P(cluster7=1|cluster10=1) * P(cluster10=1|cluster6=1) * P(cluster6=1|cluster2=0) * P(cluster2=0|cluster3=0) * P(cluster3=0|cluster8=0)[0.0131072]=0.0104858
binkey=252 [Edge status: 0 0 1 1 1 1 1 1 ] P(G)=P(cluster8=0)[0.8] * P(cluster1=1|cluster2=1) * P(cluster9=1|cluster6=1) * P(cluster7=1|cluster10=1) * P(cluster10=1|cluster6=1) * P(cluster6=1|cluster2=1) * P(cluster2=1|cluster3=0) * P(cluster3=0|cluster8=0)[0.0524288]=0.041943
binkey=254 [Edge status: 0 1 1 1 1 1 1 1 ] P(G)=P(cluster8=0)[0.8] * P(cluster1=1|cluster2=1) * P(cluster9=1|cluster6=1) * P(cluster7=1|cluster10=1) * P(cluster10=1|cluster6=1) * P(cluster6=1|cluster2=1) * P(cluster2=1|cluster3=1) * P(cluster3=1|cluster8=0)[0.0524288]=0.041943
binkey=255 [Edge status: 1 1 1 1 1 1 1 1 ] P(G)=P(cluster8=1)[0.2] * P(cluster1=1|cluster2=1) * P(cluster9=1|cluster6=1) * P(cluster7=1|cluster10=1) * P(cluster10=1|cluster6=1) * P(cluster6=1|cluster2=1) * P(cluster2=1|cluster3=1) * P(cluster3=1|cluster8=1)[0.209715]=0.041943
binkey=127 [Edge status: 1 1 1 1 1 1 1 0 ] P(G)=P(cluster8=1)[0.2] * P(cluster1=1|cluster2=1) * P(cluster9=1|cluster6=1) * P(cluster7=0|cluster10=1) * P(cluster10=1|cluster6=1) * P(cluster6=1|cluster2=1) * P(cluster2=1|cluster3=1) * P(cluster3=1|cluster8=1)[0.0524288]=0.0104858
binkey=223 [Edge status: 1 1 1 1 1 0 1 1 ] P(G)=P(cluster8=1)[0.2] * P(cluster1=1|cluster2=1) * P(cluster9=0|cluster6=1) * P(cluster7=1|cluster10=1) * P(cluster10=1|cluster6=1) * P(cluster6=1|cluster2=1) * P(cluster2=1|cluster3=1) * P(cluster3=1|cluster8=1)[0.0524288]=0.0104858
binkey=95 [Edge status: 1 1 1 1 1 0 1 0 ] P(G)=P(cluster8=1)[0.2] * P(cluster1=1|cluster2=1) * P(cluster9=0|cluster6=1) * P(cluster7=0|cluster10=1) * P(cluster10=1|cluster6=1) * P(cluster6=1|cluster2=1) * P(cluster2=1|cluster3=1) * P(cluster3=1|cluster8=1)[0.0131072]=0.00262144
binkey=63 [Edge status: 1 1 1 1 1 1 0 0 ] P(G)=P(cluster8=1)[0.2] * P(cluster1=1|cluster2=1) * P(cluster9=1|cluster6=1) * P(cluster7=0|cluster10=0) * P(cluster10=0|cluster6=1) * P(cluster6=1|cluster2=1) * P(cluster2=1|cluster3=1) * P(cluster3=1|cluster8=1)[0.0524288]=0.0104858
binkey=31 [Edge status: 1 1 1 1 1 0 0 0 ] P(G)=P(cluster8=1)[0.2] * P(cluster1=1|cluster2=1) * P(cluster9=0|cluster6=1) * P(cluster7=0|cluster10=0) * P(cluster10=0|cluster6=1) * P(cluster6=1|cluster2=1) * P(cluster2=1|cluster3=1) * P(cluster3=1|cluster8=1)[0.0131072]=0.00262144
binkey=15 [Edge status: 1 1 1 1 0 0 0 0 ] P(G)=P(cluster8=1)[0.2] * P(cluster1=1|cluster2=1) * P(cluster9=0|cluster6=0) * P(cluster7=0|cluster10=0) * P(cluster10=0|cluster6=0) * P(cluster6=0|cluster2=1) * P(cluster2=1|cluster3=1) * P(cluster3=1|cluster8=1)[0.0524288]=0.0104858
ITERATION 0 newScore=-2.66374e+06 diffscore=19150.5 priorChange=-108.131 successMove=60
ITERATION 1 newScore=-2.65538e+06 diffscore=8353.17 priorChange=-113.676 successMove=58
ITERATION 2 newScore=-2.65232e+06 diffscore=3066.65 priorChange=-113.676 successMove=57
ITERATION 3 newScore=-2.6459e+06 diffscore=6419.31 priorChange=-108.131 successMove=51
ITERATION 4 newScore=-2.63603e+06 diffscore=9865.55 priorChange=-119.221 successMove=50
ITERATION 5 newScore=-2.63297e+06 diffscore=3059.55 priorChange=-117.835 successMove=50
ITERATION 6 newScore=-2.63103e+06 diffscore=1945.36 priorChange=-109.517 successMove=52
ITERATION 7 newScore=-2.627e+06 diffscore=4023.86 priorChange=-112.29 successMove=53
ITERATION 8 newScore=-2.62173e+06 diffscore=5276.12 priorChange=-105.358 successMove=50
ITERATION 9 newScore=-2.61657e+06 diffscore=5158.23 priorChange=-123.38 successMove=51
ITERATION 10 newScore=-2.61181e+06 diffscore=4760 priorChange=-109.517 successMove=51
ITERATION 11 newScore=-2.60615e+06 diffscore=5663.29 priorChange=-116.449 successMove=52
ITERATION 12 newScore=-2.59756e+06 diffscore=8584.06 priorChange=-130.312 successMove=50
ITERATION 13 newScore=-2.59442e+06 diffscore=3146.05 priorChange=-124.766 successMove=55
ITERATION 14 newScore=-2.59334e+06 diffscore=1073.51 priorChange=-124.766 successMove=50
ITERATION 15 newScore=-2.59176e+06 diffscore=1579.61 priorChange=-112.29 successMove=51
ITERATION 16 newScore=-2.58807e+06 diffscore=3687.69 priorChange=-127.539 successMove=52
ITERATION 17 newScore=-2.58393e+06 diffscore=4147.93 priorChange=-121.994 successMove=51
ITERATION 18 newScore=-2.58332e+06 diffscore=606.583 priorChange=-123.38 successMove=50
ITERATION 19 newScore=-2.5804e+06 diffscore=2919.76 priorChange=-105.358 successMove=50
ITERATION 20 newScore=-2.57945e+06 diffscore=952.775 priorChange=-116.449 successMove=51
ITERATION 21 newScore=-2.57886e+06 diffscore=591.049 priorChange=-112.29 successMove=52
ITERATION 22 newScore=-2.5749e+06 diffscore=3953.75 priorChange=-134.471 successMove=50
ITERATION 23 newScore=-2.57443e+06 diffscore=468.378 priorChange=-117.835 successMove=49
ITERATION 24 newScore=-2.57374e+06 diffscore=696.207 priorChange=-127.539 successMove=49
ITERATION 25 newScore=-2.57321e+06 diffscore=526.167 priorChange=-130.312 successMove=49
ITERATION 26 newScore=-2.5726e+06 diffscore=611.521 priorChange=-113.676 successMove=49
ITERATION 27 newScore=-2.56938e+06 diffscore=3215.32 priorChange=-116.449 successMove=51
ITERATION 28 newScore=-2.56767e+06 diffscore=1716.28 priorChange=-119.221 successMove=48
ITERATION 29 newScore=-2.56666e+06 diffscore=1007.24 priorChange=-106.745 successMove=49
ITERATION 30 newScore=-2.56459e+06 diffscore=2067.26 priorChange=-110.904 successMove=48
ITERATION 31 newScore=-2.56211e+06 diffscore=2486.14 priorChange=-109.517 successMove=49
ITERATION 32 newScore=-2.56045e+06 diffscore=1659.75 priorChange=-95.6543 successMove=48
ITERATION 33 newScore=-2.55601e+06 diffscore=4439.88 priorChange=-113.676 successMove=49
ITERATION 34 newScore=-2.55557e+06 diffscore=435.52 priorChange=-113.676 successMove=47
ITERATION 35 newScore=-2.55362e+06 diffscore=1948.42 priorChange=-102.586 successMove=47
ITERATION 36 newScore=-2.55311e+06 diffscore=516.074 priorChange=-110.904 successMove=51
ITERATION 37 newScore=-2.55134e+06 diffscore=1768.87 priorChange=-110.904 successMove=48
ITERATION 38 newScore=-2.5509e+06 diffscore=443.143 priorChange=-112.29 successMove=47
ITERATION 39 newScore=-2.54915e+06 diffscore=1741.8 priorChange=-98.4269 successMove=46
ITERATION 40 newScore=-2.54824e+06 diffscore=916.295 priorChange=-113.676 successMove=48
ITERATION 41 newScore=-2.54775e+06 diffscore=490.059 priorChange=-97.0406 successMove=46
ITERATION 42 newScore=-2.54555e+06 diffscore=2196.2 priorChange=-102.586 successMove=48
ITERATION 43 newScore=-2.54508e+06 diffscore=468.588 priorChange=-119.221 successMove=46
ITERATION 44 newScore=-2.54389e+06 diffscore=1188.86 priorChange=-120.608 successMove=46
ITERATION 45 newScore=-2.54144e+06 diffscore=2453.21 priorChange=-105.358 successMove=45
ITERATION 46 newScore=-2.54114e+06 diffscore=303.571 priorChange=-102.586 successMove=45
ITERATION 47 newScore=-2.53958e+06 diffscore=1561.32 priorChange=-94.268 successMove=46
ITERATION 48 newScore=-2.53825e+06 diffscore=1331.41 priorChange=-81.7914 successMove=43
ITERATION 49 newScore=-2.53802e+06 diffscore=222.251 priorChange=-94.268 successMove=44
ITERATION 50 newScore=-2.5378e+06 diffscore=219.279 priorChange=-88.7228 successMove=42
ITERATION 51 newScore=-2.53675e+06 diffscore=1049.86 priorChange=-81.7914 successMove=42
ITERATION 52 newScore=-2.53658e+06 diffscore=173.628 priorChange=-85.9503 successMove=41
ITERATION 53 newScore=-2.53641e+06 diffscore=173.803 priorChange=-76.2462 successMove=40
ITERATION 54 newScore=-2.53624e+06 diffscore=165.182 priorChange=-77.6325 successMove=38
ITERATION 55 newScore=-2.53606e+06 diffscore=176.396 priorChange=-84.564 successMove=37
ITERATION 56 newScore=-2.53589e+06 diffscore=175.383 priorChange=-74.8599 successMove=35
ITERATION 57 newScore=-2.53569e+06 diffscore=203.223 priorChange=-76.2462 successMove=34
ITERATION 58 newScore=-2.53551e+06 diffscore=176.549 priorChange=-66.5421 successMove=33
ITERATION 59 newScore=-2.53533e+06 diffscore=179.656 priorChange=-66.5421 successMove=35
ITERATION 60 newScore=-2.53512e+06 diffscore=211.317 priorChange=-62.3832 successMove=30
ITERATION 61 newScore=-2.5349e+06 diffscore=223.079 priorChange=-51.2929 successMove=30
ITERATION 62 newScore=-2.53371e+06 diffscore=1185.98 priorChange=-66.5421 successMove=30
ITERATION 63 newScore=-2.53354e+06 diffscore=173.447 priorChange=-72.0873 successMove=30
ITERATION 64 newScore=-2.5328e+06 diffscore=736.11 priorChange=-65.1558 successMove=29
ITERATION 65 newScore=-2.53268e+06 diffscore=124.023 priorChange=-58.2244 successMove=29
ITERATION 66 newScore=-2.53251e+06 diffscore=161.099 priorChange=-54.0655 successMove=28
ITERATION 67 newScore=-2.53234e+06 diffscore=177.911 priorChange=-65.1558 successMove=28
ITERATION 68 newScore=-2.53218e+06 diffscore=153.704 priorChange=-60.997 successMove=27
ITERATION 69 newScore=-2.53202e+06 diffscore=165.697 priorChange=-41.5888 successMove=24
ITERATION 70 newScore=-2.53188e+06 diffscore=134.624 priorChange=-48.5203 successMove=24
ITERATION 71 newScore=-2.53168e+06 diffscore=202.385 priorChange=-44.3614 successMove=22
ITERATION 72 newScore=-2.53053e+06 diffscore=1148.88 priorChange=-47.134 successMove=22
ITERATION 73 newScore=-2.53043e+06 diffscore=101.34 priorChange=-48.5203 successMove=21
ITERATION 74 newScore=-2.53026e+06 diffscore=172.885 priorChange=-42.9751 successMove=19
ITERATION 75 newScore=-2.53004e+06 diffscore=214.589 priorChange=-45.7477 successMove=18
ITERATION 76 newScore=-2.5289e+06 diffscore=1142.42 priorChange=-36.0437 successMove=17
ITERATION 77 newScore=-2.52797e+06 diffscore=933.542 priorChange=-42.9751 successMove=17
ITERATION 78 newScore=-2.52784e+06 diffscore=128.702 priorChange=-34.6574 successMove=18
ITERATION 79 newScore=-2.52726e+06 diffscore=580.856 priorChange=-27.7259 successMove=16
ITERATION 80 newScore=-2.5272e+06 diffscore=59.1891 priorChange=-26.3396 successMove=15
ITERATION 81 newScore=-2.52712e+06 diffscore=78.742 priorChange=-38.8162 successMove=15
ITERATION 82 newScore=-2.52703e+06 diffscore=88.3244 priorChange=-30.4985 successMove=14
ITERATION 83 newScore=-2.52691e+06 diffscore=122.482 priorChange=-31.8848 successMove=12
ITERATION 84 newScore=-2.52681e+06 diffscore=95.9728 priorChange=-31.8848 successMove=12
ITERATION 85 newScore=-2.52661e+06 diffscore=200.965 priorChange=-34.6574 successMove=12
ITERATION 86 newScore=-2.52601e+06 diffscore=604.17 priorChange=-27.7259 successMove=12
ITERATION 87 newScore=-2.52595e+06 diffscore=54.1436 priorChange=-19.4081 successMove=13
ITERATION 88 newScore=-2.52589e+06 diffscore=63.6947 priorChange=-16.6355 successMove=9
ITERATION 89 newScore=-2.52583e+06 diffscore=61.8119 priorChange=-24.9533 successMove=9
ITERATION 90 newScore=-2.52576e+06 diffscore=65.1613 priorChange=-24.9533 successMove=9
ITERATION 91 newScore=-2.52567e+06 diffscore=94.2109 priorChange=-19.4081 successMove=9
ITERATION 92 newScore=-2.52561e+06 diffscore=58.5465 priorChange=-9.70406 successMove=9
ITERATION 93 newScore=-2.52546e+06 diffscore=149.065 priorChange=-20.7944 successMove=8
ITERATION 94 newScore=-2.52473e+06 diffscore=729.687 priorChange=-18.0218 successMove=7
ITERATION 95 newScore=-2.52468e+06 diffscore=47.7488 priorChange=-20.7944 successMove=7
ITERATION 96 newScore=-2.52463e+06 diffscore=49.6925 priorChange=-16.6355 successMove=7
ITERATION 97 newScore=-2.52451e+06 diffscore=119.563 priorChange=-15.2492 successMove=5
ITERATION 98 newScore=-2.52341e+06 diffscore=1103.2 priorChange=-15.2492 successMove=5
ITERATION 99 newScore=-2.52339e+06 diffscore=17.6183 priorChange=-11.0904 successMove=4
MetaLearner::dumpAllGraphs
Final Score -2.52339e+06
MetaLearner::start runtime: 1451993502 ms
Results/
Results/cluster1/
Results/cluster1/fold0/
Results/cluster1/fold0/var_mb_pw_k50.txt
Results/cluster1/fold0/modelparams.txt
Results/cluster2/
Results/cluster2/fold0/
Results/cluster2/fold0/var_mb_pw_k50.txt
Results/cluster2/fold0/modelparams.txt
Results/cluster6/
Results/cluster6/fold0/
Results/cluster6/fold0/var_mb_pw_k50.txt
Results/cluster6/fold0/modelparams.txt
Results/cluster9/
Results/cluster9/fold0/
Results/cluster9/fold0/var_mb_pw_k50.txt
Results/cluster9/fold0/modelparams.txt
Results/cluster10/
Results/cluster10/fold0/
Results/cluster10/fold0/var_mb_pw_k50.txt
Results/cluster10/fold0/modelparams.txt
Results/cluster7/
Results/cluster7/fold0/
Results/cluster7/fold0/var_mb_pw_k50.txt
Results/cluster7/fold0/modelparams.txt
Results/cluster3/
Results/cluster3/fold0/
Results/cluster3/fold0/var_mb_pw_k50.txt
Results/cluster3/fold0/modelparams.txt
Results/cluster8/
Results/cluster8/fold0/
Results/cluster8/fold0/var_mb_pw_k50.txt
Results/cluster8/fold0/modelparams.txt
Results/cluster8/scoreFile.txt
