./CVN -f config_condor.txt -x50 -v1 -l TFs_OGs.txt -n AllGenes220.txt -d celltype_tree_ancestor.txt -m testdata_ogids.txt -s celltype_order.txt -p 0.2 -c yes -b -4 -q 4
(cluster3|cluster8) p_maintain_edge=0.8 p_gain=0.2
(cluster2|cluster3) p_maintain_edge=0.8 p_gain=0.2
(cluster1|cluster2) p_maintain_edge=0.8 p_gain=0.2
(cluster6|cluster2) p_maintain_edge=0.8 p_gain=0.2
(cluster9|cluster6) p_maintain_edge=0.8 p_gain=0.2
(cluster10|cluster6) p_maintain_edge=0.8 p_gain=0.2
(cluster7|cluster10) p_maintain_edge=0.8 p_gain=0.2
speciesSet.size()=8 Root is cluster8
MappedOrthogroupReader::readSpeciesMapping() --- celltype_order.txt
MappedOrthogroupReader::readFile - testdata_ogids.txt
MappedOrthogroupReader::generateGeneOrthoMap()
MetaLearner::init_onefold() read:config_condor.txt
MetaLearner::setinputVariableNames number of variables: 2025
readEvidenceTable:cluster8.table
PotentialManager::loadEvidenceFromTable varCount=2025 sampleCount=348
motifNetwork.size() = 319
0=cluster8 motifNetwork=cluster8_network.txt
variable size=2025
readEvidenceTable:cluster3.table
PotentialManager::loadEvidenceFromTable varCount=2025 sampleCount=95
motifNetwork.size() = 326
1=cluster3 motifNetwork=cluster3_network.txt
variable size=2025
readEvidenceTable:cluster2.table
PotentialManager::loadEvidenceFromTable varCount=2025 sampleCount=386
motifNetwork.size() = 328
2=cluster2 motifNetwork=cluster2_network.txt
variable size=2025
readEvidenceTable:cluster1.table
PotentialManager::loadEvidenceFromTable varCount=2025 sampleCount=36
motifNetwork.size() = 322
3=cluster1 motifNetwork=cluster1_network.txt
variable size=2025
readEvidenceTable:cluster6.table
PotentialManager::loadEvidenceFromTable varCount=2025 sampleCount=524
motifNetwork.size() = 320
4=cluster6 motifNetwork=cluster6_network.txt
variable size=2025
readEvidenceTable:cluster9.table
PotentialManager::loadEvidenceFromTable varCount=2025 sampleCount=184
motifNetwork.size() = 327
5=cluster9 motifNetwork=cluster9_network.txt
variable size=2025
readEvidenceTable:cluster10.table
PotentialManager::loadEvidenceFromTable varCount=2025 sampleCount=165
motifNetwork.size() = 326
6=cluster10 motifNetwork=cluster10_network.txt
variable size=2025
readEvidenceTable:cluster7.table
PotentialManager::loadEvidenceFromTable varCount=2025 sampleCount=1032
motifNetwork.size() = 320
7=cluster7 motifNetwork=cluster7_network.txt
variable size=2025
-------------------------------------------------------------
MetaLearner::start
precomputeEmptyGraphPrior
binkey=0 [Edge status: 0 0 0 0 0 0 0 0 ] P(G)=P(cluster8=0)[0.8] * P(cluster1=0|cluster2=0) * P(cluster9=0|cluster6=0) * P(cluster7=0|cluster10=0) * P(cluster10=0|cluster6=0) * P(cluster6=0|cluster2=0) * P(cluster2=0|cluster3=0) * P(cluster3=0|cluster8=0)[0.209715]=0.167772
condsetMap_Tree
0 cluster8=0 cluster3=0 cluster2=0 cluster1=0 cluster6=0 cluster9=0 cluster10=0 cluster7=1
1 cluster8=0 cluster3=0 cluster2=0 cluster1=0 cluster6=0 cluster9=1 cluster10=0 cluster7=0
2 cluster8=0 cluster3=0 cluster2=0 cluster1=0 cluster6=0 cluster9=1 cluster10=0 cluster7=1
3 cluster8=0 cluster3=0 cluster2=0 cluster1=1 cluster6=0 cluster9=0 cluster10=0 cluster7=0
4 cluster8=0 cluster3=0 cluster2=0 cluster1=1 cluster6=0 cluster9=0 cluster10=0 cluster7=1
5 cluster8=0 cluster3=0 cluster2=0 cluster1=1 cluster6=0 cluster9=1 cluster10=0 cluster7=0
6 cluster8=0 cluster3=0 cluster2=0 cluster1=1 cluster6=0 cluster9=1 cluster10=0 cluster7=1
7 cluster8=0 cluster3=0 cluster2=0 cluster1=0 cluster6=0 cluster9=0 cluster10=1 cluster7=1
8 cluster8=0 cluster3=0 cluster2=0 cluster1=0 cluster6=0 cluster9=1 cluster10=1 cluster7=1
9 cluster8=0 cluster3=0 cluster2=0 cluster1=1 cluster6=0 cluster9=0 cluster10=1 cluster7=1
10 cluster8=0 cluster3=0 cluster2=0 cluster1=1 cluster6=0 cluster9=1 cluster10=1 cluster7=1
11 cluster8=0 cluster3=0 cluster2=0 cluster1=0 cluster6=1 cluster9=1 cluster10=1 cluster7=1
12 cluster8=0 cluster3=0 cluster2=0 cluster1=1 cluster6=1 cluster9=1 cluster10=1 cluster7=1
13 cluster8=0 cluster3=0 cluster2=1 cluster1=1 cluster6=1 cluster9=1 cluster10=1 cluster7=1
14 cluster8=0 cluster3=1 cluster2=1 cluster1=1 cluster6=1 cluster9=1 cluster10=1 cluster7=1
15 cluster8=1 cluster3=1 cluster2=1 cluster1=1 cluster6=1 cluster9=1 cluster10=1 cluster7=1
16 cluster8=1 cluster3=1 cluster2=1 cluster1=1 cluster6=1 cluster9=1 cluster10=1 cluster7=0
17 cluster8=1 cluster3=1 cluster2=1 cluster1=1 cluster6=1 cluster9=0 cluster10=1 cluster7=1
18 cluster8=1 cluster3=1 cluster2=1 cluster1=1 cluster6=1 cluster9=0 cluster10=1 cluster7=0
19 cluster8=1 cluster3=1 cluster2=1 cluster1=0 cluster6=1 cluster9=1 cluster10=1 cluster7=1
20 cluster8=1 cluster3=1 cluster2=1 cluster1=0 cluster6=1 cluster9=1 cluster10=1 cluster7=0
21 cluster8=1 cluster3=1 cluster2=1 cluster1=0 cluster6=1 cluster9=0 cluster10=1 cluster7=1
22 cluster8=1 cluster3=1 cluster2=1 cluster1=0 cluster6=1 cluster9=0 cluster10=1 cluster7=0
23 cluster8=1 cluster3=1 cluster2=1 cluster1=1 cluster6=1 cluster9=1 cluster10=0 cluster7=0
24 cluster8=1 cluster3=1 cluster2=1 cluster1=1 cluster6=1 cluster9=0 cluster10=0 cluster7=0
25 cluster8=1 cluster3=1 cluster2=1 cluster1=0 cluster6=1 cluster9=1 cluster10=0 cluster7=0
26 cluster8=1 cluster3=1 cluster2=1 cluster1=0 cluster6=1 cluster9=0 cluster10=0 cluster7=0
27 cluster8=1 cluster3=1 cluster2=1 cluster1=1 cluster6=0 cluster9=0 cluster10=0 cluster7=0
28 cluster8=1 cluster3=1 cluster2=1 cluster1=0 cluster6=0 cluster9=0 cluster10=0 cluster7=0
29 cluster8=1 cluster3=1 cluster2=0 cluster1=0 cluster6=0 cluster9=0 cluster10=0 cluster7=0
30 cluster8=1 cluster3=0 cluster2=0 cluster1=0 cluster6=0 cluster9=0 cluster10=0 cluster7=0
31 cluster8=0 cluster3=0 cluster2=0 cluster1=0 cluster6=1 cluster9=0 cluster10=0 cluster7=0
32 cluster8=0 cluster3=0 cluster2=1 cluster1=0 cluster6=0 cluster9=0 cluster10=0 cluster7=0
33 cluster8=0 cluster3=0 cluster2=0 cluster1=0 cluster6=0 cluster9=0 cluster10=1 cluster7=0
34 cluster8=0 cluster3=1 cluster2=0 cluster1=0 cluster6=0 cluster9=0 cluster10=0 cluster7=0
inputRegulatorOGs.size() = 1999 inputOGList.size() = 50
binkey=128 [Edge status: 0 0 0 0 0 0 0 1 ] P(G)=P(cluster8=0)[0.8] * P(cluster1=0|cluster2=0) * P(cluster9=0|cluster6=0) * P(cluster7=1|cluster10=0) * P(cluster10=0|cluster6=0) * P(cluster6=0|cluster2=0) * P(cluster2=0|cluster3=0) * P(cluster3=0|cluster8=0)[0.0524288]=0.041943
binkey=8 [Edge status: 0 0 0 1 0 0 0 0 ] P(G)=P(cluster8=0)[0.8] * P(cluster1=1|cluster2=0) * P(cluster9=0|cluster6=0) * P(cluster7=0|cluster10=0) * P(cluster10=0|cluster6=0) * P(cluster6=0|cluster2=0) * P(cluster2=0|cluster3=0) * P(cluster3=0|cluster8=0)[0.0524288]=0.041943
binkey=64 [Edge status: 0 0 0 0 0 0 1 0 ] P(G)=P(cluster8=0)[0.8] * P(cluster1=0|cluster2=0) * P(cluster9=0|cluster6=0) * P(cluster7=0|cluster10=1) * P(cluster10=1|cluster6=0) * P(cluster6=0|cluster2=0) * P(cluster2=0|cluster3=0) * P(cluster3=0|cluster8=0)[0.0131072]=0.0104858
binkey=2 [Edge status: 0 1 0 0 0 0 0 0 ] P(G)=P(cluster8=0)[0.8] * P(cluster1=0|cluster2=0) * P(cluster9=0|cluster6=0) * P(cluster7=0|cluster10=0) * P(cluster10=0|cluster6=0) * P(cluster6=0|cluster2=0) * P(cluster2=0|cluster3=1) * P(cluster3=1|cluster8=0)[0.0131072]=0.0104858
binkey=1 [Edge status: 1 0 0 0 0 0 0 0 ] P(G)=P(cluster8=1)[0.2] * P(cluster1=0|cluster2=0) * P(cluster9=0|cluster6=0) * P(cluster7=0|cluster10=0) * P(cluster10=0|cluster6=0) * P(cluster6=0|cluster2=0) * P(cluster2=0|cluster3=0) * P(cluster3=0|cluster8=1)[0.0524288]=0.0104858
binkey=32 [Edge status: 0 0 0 0 0 1 0 0 ] P(G)=P(cluster8=0)[0.8] * P(cluster1=0|cluster2=0) * P(cluster9=1|cluster6=0) * P(cluster7=0|cluster10=0) * P(cluster10=0|cluster6=0) * P(cluster6=0|cluster2=0) * P(cluster2=0|cluster3=0) * P(cluster3=0|cluster8=0)[0.0524288]=0.041943
binkey=4 [Edge status: 0 0 1 0 0 0 0 0 ] P(G)=P(cluster8=0)[0.8] * P(cluster1=0|cluster2=1) * P(cluster9=0|cluster6=0) * P(cluster7=0|cluster10=0) * P(cluster10=0|cluster6=0) * P(cluster6=0|cluster2=1) * P(cluster2=1|cluster3=0) * P(cluster3=0|cluster8=0)[0.0032768]=0.00262144
binkey=40 [Edge status: 0 0 0 1 0 1 0 0 ] P(G)=P(cluster8=0)[0.8] * P(cluster1=1|cluster2=0) * P(cluster9=1|cluster6=0) * P(cluster7=0|cluster10=0) * P(cluster10=0|cluster6=0) * P(cluster6=0|cluster2=0) * P(cluster2=0|cluster3=0) * P(cluster3=0|cluster8=0)[0.0131072]=0.0104858
binkey=160 [Edge status: 0 0 0 0 0 1 0 1 ] P(G)=P(cluster8=0)[0.8] * P(cluster1=0|cluster2=0) * P(cluster9=1|cluster6=0) * P(cluster7=1|cluster10=0) * P(cluster10=0|cluster6=0) * P(cluster6=0|cluster2=0) * P(cluster2=0|cluster3=0) * P(cluster3=0|cluster8=0)[0.0131072]=0.0104858
binkey=192 [Edge status: 0 0 0 0 0 0 1 1 ] P(G)=P(cluster8=0)[0.8] * P(cluster1=0|cluster2=0) * P(cluster9=0|cluster6=0) * P(cluster7=1|cluster10=1) * P(cluster10=1|cluster6=0) * P(cluster6=0|cluster2=0) * P(cluster2=0|cluster3=0) * P(cluster3=0|cluster8=0)[0.0524288]=0.041943
binkey=224 [Edge status: 0 0 0 0 0 1 1 1 ] P(G)=P(cluster8=0)[0.8] * P(cluster1=0|cluster2=0) * P(cluster9=1|cluster6=0) * P(cluster7=1|cluster10=1) * P(cluster10=1|cluster6=0) * P(cluster6=0|cluster2=0) * P(cluster2=0|cluster3=0) * P(cluster3=0|cluster8=0)[0.0131072]=0.0104858
binkey=16 [Edge status: 0 0 0 0 1 0 0 0 ] P(G)=P(cluster8=0)[0.8] * P(cluster1=0|cluster2=0) * P(cluster9=0|cluster6=1) * P(cluster7=0|cluster10=0) * P(cluster10=0|cluster6=1) * P(cluster6=1|cluster2=0) * P(cluster2=0|cluster3=0) * P(cluster3=0|cluster8=0)[0.0032768]=0.00262144
binkey=3 [Edge status: 1 1 0 0 0 0 0 0 ] P(G)=P(cluster8=1)[0.2] * P(cluster1=0|cluster2=0) * P(cluster9=0|cluster6=0) * P(cluster7=0|cluster10=0) * P(cluster10=0|cluster6=0) * P(cluster6=0|cluster2=0) * P(cluster2=0|cluster3=1) * P(cluster3=1|cluster8=1)[0.0524288]=0.0104858
binkey=136 [Edge status: 0 0 0 1 0 0 0 1 ] P(G)=P(cluster8=0)[0.8] * P(cluster1=1|cluster2=0) * P(cluster9=0|cluster6=0) * P(cluster7=1|cluster10=0) * P(cluster10=0|cluster6=0) * P(cluster6=0|cluster2=0) * P(cluster2=0|cluster3=0) * P(cluster3=0|cluster8=0)[0.0131072]=0.0104858
binkey=7 [Edge status: 1 1 1 0 0 0 0 0 ] P(G)=P(cluster8=1)[0.2] * P(cluster1=0|cluster2=1) * P(cluster9=0|cluster6=0) * P(cluster7=0|cluster10=0) * P(cluster10=0|cluster6=0) * P(cluster6=0|cluster2=1) * P(cluster2=1|cluster3=1) * P(cluster3=1|cluster8=1)[0.0131072]=0.00262144
binkey=200 [Edge status: 0 0 0 1 0 0 1 1 ] P(G)=P(cluster8=0)[0.8] * P(cluster1=1|cluster2=0) * P(cluster9=0|cluster6=0) * P(cluster7=1|cluster10=1) * P(cluster10=1|cluster6=0) * P(cluster6=0|cluster2=0) * P(cluster2=0|cluster3=0) * P(cluster3=0|cluster8=0)[0.0131072]=0.0104858
binkey=240 [Edge status: 0 0 0 0 1 1 1 1 ] P(G)=P(cluster8=0)[0.8] * P(cluster1=0|cluster2=0) * P(cluster9=1|cluster6=1) * P(cluster7=1|cluster10=1) * P(cluster10=1|cluster6=1) * P(cluster6=1|cluster2=0) * P(cluster2=0|cluster3=0) * P(cluster3=0|cluster8=0)[0.0524288]=0.041943
binkey=168 [Edge status: 0 0 0 1 0 1 0 1 ] P(G)=P(cluster8=0)[0.8] * P(cluster1=1|cluster2=0) * P(cluster9=1|cluster6=0) * P(cluster7=1|cluster10=0) * P(cluster10=0|cluster6=0) * P(cluster6=0|cluster2=0) * P(cluster2=0|cluster3=0) * P(cluster3=0|cluster8=0)[0.0032768]=0.00262144
binkey=232 [Edge status: 0 0 0 1 0 1 1 1 ] P(G)=P(cluster8=0)[0.8] * P(cluster1=1|cluster2=0) * P(cluster9=1|cluster6=0) * P(cluster7=1|cluster10=1) * P(cluster10=1|cluster6=0) * P(cluster6=0|cluster2=0) * P(cluster2=0|cluster3=0) * P(cluster3=0|cluster8=0)[0.0032768]=0.00262144
binkey=248 [Edge status: 0 0 0 1 1 1 1 1 ] P(G)=P(cluster8=0)[0.8] * P(cluster1=1|cluster2=0) * P(cluster9=1|cluster6=1) * P(cluster7=1|cluster10=1) * P(cluster10=1|cluster6=1) * P(cluster6=1|cluster2=0) * P(cluster2=0|cluster3=0) * P(cluster3=0|cluster8=0)[0.0131072]=0.0104858
binkey=252 [Edge status: 0 0 1 1 1 1 1 1 ] P(G)=P(cluster8=0)[0.8] * P(cluster1=1|cluster2=1) * P(cluster9=1|cluster6=1) * P(cluster7=1|cluster10=1) * P(cluster10=1|cluster6=1) * P(cluster6=1|cluster2=1) * P(cluster2=1|cluster3=0) * P(cluster3=0|cluster8=0)[0.0524288]=0.041943
ITERATION 0 newScore=-2.67506e+06 diffscore=19315.9 priorChange=-113.676 successMove=58
ITERATION 1 newScore=-2.6697e+06 diffscore=5358.62 priorChange=-109.517 successMove=52
binkey=23 [Edge status: 1 1 1 0 1 0 0 0 ] P(G)=P(cluster8=1)[0.2] * P(cluster1=0|cluster2=1) * P(cluster9=0|cluster6=1) * P(cluster7=0|cluster10=0) * P(cluster10=0|cluster6=1) * P(cluster6=1|cluster2=1) * P(cluster2=1|cluster3=1) * P(cluster3=1|cluster8=1)[0.0032768]=0.00065536
ITERATION 2 newScore=-2.66473e+06 diffscore=4963.68 priorChange=-109.517 successMove=50
ITERATION 3 newScore=-2.65868e+06 diffscore=6058.13 priorChange=-116.449 successMove=52
ITERATION 4 newScore=-2.65098e+06 diffscore=7694.07 priorChange=-113.676 successMove=52
ITERATION 5 newScore=-2.64033e+06 diffscore=10651.3 priorChange=-130.312 successMove=54
ITERATION 6 newScore=-2.63392e+06 diffscore=6409.81 priorChange=-130.312 successMove=51
ITERATION 7 newScore=-2.63037e+06 diffscore=3552.01 priorChange=-130.312 successMove=52
ITERATION 8 newScore=-2.62695e+06 diffscore=3419.18 priorChange=-112.29 successMove=51
ITERATION 9 newScore=-2.61844e+06 diffscore=8508.46 priorChange=-120.608 successMove=52
ITERATION 10 newScore=-2.61667e+06 diffscore=1767.13 priorChange=-127.539 successMove=50
ITERATION 11 newScore=-2.61286e+06 diffscore=3813.42 priorChange=-124.766 successMove=50
ITERATION 12 newScore=-2.60953e+06 diffscore=3330.9 priorChange=-131.698 successMove=51
ITERATION 13 newScore=-2.6071e+06 diffscore=2431.38 priorChange=-124.766 successMove=52
ITERATION 14 newScore=-2.60287e+06 diffscore=4225.11 priorChange=-128.925 successMove=54
ITERATION 15 newScore=-2.60072e+06 diffscore=2154.46 priorChange=-117.835 successMove=52
ITERATION 16 newScore=-2.595e+06 diffscore=5715.56 priorChange=-123.38 successMove=51
ITERATION 17 newScore=-2.59265e+06 diffscore=2348.9 priorChange=-135.857 successMove=50
ITERATION 18 newScore=-2.58608e+06 diffscore=6573.24 priorChange=-113.676 successMove=53
ITERATION 19 newScore=-2.58317e+06 diffscore=2906.01 priorChange=-127.539 successMove=51
ITERATION 20 newScore=-2.57997e+06 diffscore=3202.19 priorChange=-116.449 successMove=50
ITERATION 21 newScore=-2.57645e+06 diffscore=3519.01 priorChange=-112.29 successMove=49
ITERATION 22 newScore=-2.57418e+06 diffscore=2275 priorChange=-108.131 successMove=50
ITERATION 23 newScore=-2.57247e+06 diffscore=1707.37 priorChange=-110.904 successMove=49
ITERATION 24 newScore=-2.56984e+06 diffscore=2634.07 priorChange=-101.199 successMove=48
ITERATION 25 newScore=-2.56653e+06 diffscore=3307.35 priorChange=-108.131 successMove=50
ITERATION 26 newScore=-2.56587e+06 diffscore=657.139 priorChange=-99.8132 successMove=48
ITERATION 27 newScore=-2.56518e+06 diffscore=691.375 priorChange=-121.994 successMove=50
ITERATION 28 newScore=-2.56213e+06 diffscore=3049.47 priorChange=-123.38 successMove=48
ITERATION 29 newScore=-2.55861e+06 diffscore=3520.51 priorChange=-121.994 successMove=50
ITERATION 30 newScore=-2.55588e+06 diffscore=2736.1 priorChange=-117.835 successMove=49
ITERATION 31 newScore=-2.55123e+06 diffscore=4640.23 priorChange=-128.925 successMove=48
ITERATION 32 newScore=-2.5501e+06 diffscore=1139.24 priorChange=-106.745 successMove=48
ITERATION 33 newScore=-2.5473e+06 diffscore=2796.62 priorChange=-105.358 successMove=48
ITERATION 34 newScore=-2.5456e+06 diffscore=1694.85 priorChange=-97.0406 successMove=48
ITERATION 35 newScore=-2.54446e+06 diffscore=1142.16 priorChange=-121.994 successMove=48
ITERATION 36 newScore=-2.54399e+06 diffscore=474.292 priorChange=-124.766 successMove=49
ITERATION 37 newScore=-2.5425e+06 diffscore=1491.03 priorChange=-133.084 successMove=48
ITERATION 38 newScore=-2.54125e+06 diffscore=1243.48 priorChange=-126.153 successMove=48
ITERATION 39 newScore=-2.54013e+06 diffscore=1119.45 priorChange=-102.586 successMove=51
ITERATION 40 newScore=-2.5397e+06 diffscore=429.206 priorChange=-109.517 successMove=48
ITERATION 41 newScore=-2.53772e+06 diffscore=1979.58 priorChange=-101.199 successMove=50
ITERATION 42 newScore=-2.53643e+06 diffscore=1298.05 priorChange=-103.972 successMove=48
ITERATION 43 newScore=-2.53598e+06 diffscore=442.952 priorChange=-110.904 successMove=48
ITERATION 44 newScore=-2.53502e+06 diffscore=964.124 priorChange=-102.586 successMove=47
ITERATION 45 newScore=-2.53454e+06 diffscore=475.495 priorChange=-117.835 successMove=48
ITERATION 46 newScore=-2.5312e+06 diffscore=3346.54 priorChange=-112.29 successMove=47
ITERATION 47 newScore=-2.53084e+06 diffscore=354.831 priorChange=-85.9503 successMove=46
ITERATION 48 newScore=-2.53023e+06 diffscore=608.085 priorChange=-108.131 successMove=47
ITERATION 49 newScore=-2.52784e+06 diffscore=2396.82 priorChange=-101.199 successMove=50
ITERATION 50 newScore=-2.52757e+06 diffscore=265.901 priorChange=-105.358 successMove=48
ITERATION 51 newScore=-2.52732e+06 diffscore=253.68 priorChange=-108.131 successMove=48
ITERATION 52 newScore=-2.52709e+06 diffscore=226.57 priorChange=-95.6543 successMove=46
ITERATION 53 newScore=-2.52684e+06 diffscore=249.152 priorChange=-95.6543 successMove=43
ITERATION 54 newScore=-2.52657e+06 diffscore=274.547 priorChange=-102.586 successMove=45
ITERATION 55 newScore=-2.52631e+06 diffscore=260.375 priorChange=-102.586 successMove=42
ITERATION 56 newScore=-2.5261e+06 diffscore=209.596 priorChange=-91.4954 successMove=41
ITERATION 57 newScore=-2.52588e+06 diffscore=219.349 priorChange=-85.9503 successMove=38
ITERATION 58 newScore=-2.52352e+06 diffscore=2355.25 priorChange=-83.1777 successMove=38
ITERATION 59 newScore=-2.52331e+06 diffscore=210.009 priorChange=-85.9503 successMove=37
ITERATION 60 newScore=-2.52235e+06 diffscore=960.88 priorChange=-72.0873 successMove=36
ITERATION 61 newScore=-2.52217e+06 diffscore=178.298 priorChange=-76.2462 successMove=36
ITERATION 62 newScore=-2.52194e+06 diffscore=233.809 priorChange=-81.7914 successMove=35
ITERATION 63 newScore=-2.52174e+06 diffscore=196.487 priorChange=-91.4954 successMove=35
ITERATION 64 newScore=-2.52047e+06 diffscore=1273.87 priorChange=-77.6325 successMove=35
ITERATION 65 newScore=-2.52026e+06 diffscore=205.912 priorChange=-73.4736 successMove=35
ITERATION 66 newScore=-2.5198e+06 diffscore=466.359 priorChange=-79.0188 successMove=34
ITERATION 67 newScore=-2.51959e+06 diffscore=208.683 priorChange=-74.8599 successMove=35
ITERATION 68 newScore=-2.51817e+06 diffscore=1422.79 priorChange=-70.701 successMove=31
ITERATION 69 newScore=-2.51765e+06 diffscore=520.365 priorChange=-52.6792 successMove=30
ITERATION 70 newScore=-2.51748e+06 diffscore=165.743 priorChange=-69.3147 successMove=29
ITERATION 71 newScore=-2.51714e+06 diffscore=336.725 priorChange=-69.3147 successMove=28
ITERATION 72 newScore=-2.51591e+06 diffscore=1229.02 priorChange=-51.2929 successMove=26
ITERATION 73 newScore=-2.51575e+06 diffscore=160.418 priorChange=-56.8381 successMove=26
ITERATION 74 newScore=-2.51487e+06 diffscore=887.68 priorChange=-45.7477 successMove=24
ITERATION 75 newScore=-2.51365e+06 diffscore=1221.41 priorChange=-56.8381 successMove=23
ITERATION 76 newScore=-2.51354e+06 diffscore=109.665 priorChange=-48.5203 successMove=22
ITERATION 77 newScore=-2.51343e+06 diffscore=102.586 priorChange=-52.6792 successMove=21
ITERATION 78 newScore=-2.51334e+06 diffscore=91.0051 priorChange=-47.134 successMove=21
ITERATION 79 newScore=-2.51327e+06 diffscore=68.656 priorChange=-37.4299 successMove=16
ITERATION 80 newScore=-2.5132e+06 diffscore=74.2026 priorChange=-37.4299 successMove=16
ITERATION 81 newScore=-2.51304e+06 diffscore=159.364 priorChange=-34.6574 successMove=16
ITERATION 82 newScore=-2.5121e+06 diffscore=936.632 priorChange=-30.4985 successMove=14
ITERATION 83 newScore=-2.51205e+06 diffscore=49.0636 priorChange=-23.567 successMove=14
ITERATION 84 newScore=-2.51199e+06 diffscore=65.5713 priorChange=-30.4985 successMove=14
ITERATION 85 newScore=-2.51185e+06 diffscore=141.375 priorChange=-30.4985 successMove=15
ITERATION 86 newScore=-2.51158e+06 diffscore=265.775 priorChange=-31.8848 successMove=14
ITERATION 87 newScore=-2.51066e+06 diffscore=925.675 priorChange=-33.2711 successMove=14
ITERATION 88 newScore=-2.51059e+06 diffscore=62.3434 priorChange=-22.1807 successMove=13
ITERATION 89 newScore=-2.51055e+06 diffscore=44.8039 priorChange=-26.3396 successMove=12
ITERATION 90 newScore=-2.50932e+06 diffscore=1227.3 priorChange=-16.6355 successMove=10
ITERATION 91 newScore=-2.50929e+06 diffscore=31.9316 priorChange=-26.3396 successMove=9
ITERATION 92 newScore=-2.50927e+06 diffscore=20.2246 priorChange=-13.8629 successMove=7
ITERATION 93 newScore=-2.50924e+06 diffscore=24.0894 priorChange=-18.0218 successMove=7
ITERATION 94 newScore=-2.50921e+06 diffscore=30.1877 priorChange=-15.2492 successMove=7
ITERATION 95 newScore=-2.50919e+06 diffscore=20.6223 priorChange=-12.4766 successMove=9
ITERATION 96 newScore=-2.50916e+06 diffscore=38.9615 priorChange=-12.4766 successMove=7
ITERATION 97 newScore=-2.50913e+06 diffscore=26.7481 priorChange=-16.6355 successMove=6
ITERATION 98 newScore=-2.50909e+06 diffscore=42.9762 priorChange=-11.0904 successMove=4
ITERATION 99 newScore=-2.50905e+06 diffscore=36.3823 priorChange=-6.93147 successMove=4
MetaLearner::dumpAllGraphs
Final Score -2.50905e+06
MetaLearner::start runtime: 1598870761 ms
Results/
Results/cluster6/
Results/cluster6/fold0/
Results/cluster6/fold0/modelparams.txt
Results/cluster6/fold0/var_mb_pw_k50.txt
Results/cluster2/
Results/cluster2/fold0/
Results/cluster2/fold0/modelparams.txt
Results/cluster2/fold0/var_mb_pw_k50.txt
Results/cluster10/
Results/cluster10/fold0/
Results/cluster10/fold0/modelparams.txt
Results/cluster10/fold0/var_mb_pw_k50.txt
Results/cluster7/
Results/cluster7/fold0/
Results/cluster7/fold0/modelparams.txt
Results/cluster7/fold0/var_mb_pw_k50.txt
Results/cluster3/
Results/cluster3/fold0/
Results/cluster3/fold0/modelparams.txt
Results/cluster3/fold0/var_mb_pw_k50.txt
Results/cluster1/
Results/cluster1/fold0/
Results/cluster1/fold0/modelparams.txt
Results/cluster1/fold0/var_mb_pw_k50.txt
Results/cluster9/
Results/cluster9/fold0/
Results/cluster9/fold0/modelparams.txt
Results/cluster9/fold0/var_mb_pw_k50.txt
Results/cluster8/
Results/cluster8/scoreFile.txt
Results/cluster8/fold0/
Results/cluster8/fold0/modelparams.txt
Results/cluster8/fold0/var_mb_pw_k50.txt
