./CVN -f config_condor.txt -x50 -v1 -l TFs_OGs.txt -n AllGenes213.txt -d celltype_tree_ancestor.txt -m testdata_ogids.txt -s celltype_order.txt -p 0.2 -c yes -b -4 -q 4
(cluster3|cluster8) p_maintain_edge=0.8 p_gain=0.2
(cluster2|cluster3) p_maintain_edge=0.8 p_gain=0.2
(cluster1|cluster2) p_maintain_edge=0.8 p_gain=0.2
(cluster6|cluster2) p_maintain_edge=0.8 p_gain=0.2
(cluster9|cluster6) p_maintain_edge=0.8 p_gain=0.2
(cluster10|cluster6) p_maintain_edge=0.8 p_gain=0.2
(cluster7|cluster10) p_maintain_edge=0.8 p_gain=0.2
speciesSet.size()=8 Root is cluster8
MappedOrthogroupReader::readSpeciesMapping() --- celltype_order.txt
MappedOrthogroupReader::readFile - testdata_ogids.txt
MappedOrthogroupReader::generateGeneOrthoMap()
MetaLearner::init_onefold() read:config_condor.txt
MetaLearner::setinputVariableNames number of variables: 2038
readEvidenceTable:cluster8.table
PotentialManager::loadEvidenceFromTable varCount=2038 sampleCount=348
motifNetwork.size() = 319
0=cluster8 motifNetwork=cluster8_network.txt
variable size=2038
readEvidenceTable:cluster3.table
PotentialManager::loadEvidenceFromTable varCount=2038 sampleCount=95
motifNetwork.size() = 326
1=cluster3 motifNetwork=cluster3_network.txt
variable size=2038
readEvidenceTable:cluster2.table
PotentialManager::loadEvidenceFromTable varCount=2038 sampleCount=386
motifNetwork.size() = 328
2=cluster2 motifNetwork=cluster2_network.txt
variable size=2038
readEvidenceTable:cluster1.table
PotentialManager::loadEvidenceFromTable varCount=2038 sampleCount=36
motifNetwork.size() = 322
3=cluster1 motifNetwork=cluster1_network.txt
variable size=2038
readEvidenceTable:cluster6.table
PotentialManager::loadEvidenceFromTable varCount=2038 sampleCount=524
motifNetwork.size() = 320
4=cluster6 motifNetwork=cluster6_network.txt
variable size=2038
readEvidenceTable:cluster9.table
PotentialManager::loadEvidenceFromTable varCount=2038 sampleCount=184
motifNetwork.size() = 327
5=cluster9 motifNetwork=cluster9_network.txt
variable size=2038
readEvidenceTable:cluster10.table
PotentialManager::loadEvidenceFromTable varCount=2038 sampleCount=165
motifNetwork.size() = 326
6=cluster10 motifNetwork=cluster10_network.txt
variable size=2038
readEvidenceTable:cluster7.table
PotentialManager::loadEvidenceFromTable varCount=2038 sampleCount=1032
motifNetwork.size() = 320
7=cluster7 motifNetwork=cluster7_network.txt
variable size=2038
-------------------------------------------------------------
MetaLearner::start
precomputeEmptyGraphPrior
binkey=0 [Edge status: 0 0 0 0 0 0 0 0 ] P(G)=P(cluster8=0)[0.8] * P(cluster1=0|cluster2=0) * P(cluster9=0|cluster6=0) * P(cluster7=0|cluster10=0) * P(cluster10=0|cluster6=0) * P(cluster6=0|cluster2=0) * P(cluster2=0|cluster3=0) * P(cluster3=0|cluster8=0)[0.209715]=0.167772
condsetMap_Tree
0 cluster8=0 cluster3=0 cluster2=0 cluster1=0 cluster6=0 cluster9=0 cluster10=0 cluster7=1
1 cluster8=0 cluster3=0 cluster2=0 cluster1=0 cluster6=0 cluster9=1 cluster10=0 cluster7=0
2 cluster8=0 cluster3=0 cluster2=0 cluster1=0 cluster6=0 cluster9=1 cluster10=0 cluster7=1
3 cluster8=0 cluster3=0 cluster2=0 cluster1=1 cluster6=0 cluster9=0 cluster10=0 cluster7=0
4 cluster8=0 cluster3=0 cluster2=0 cluster1=1 cluster6=0 cluster9=0 cluster10=0 cluster7=1
5 cluster8=0 cluster3=0 cluster2=0 cluster1=1 cluster6=0 cluster9=1 cluster10=0 cluster7=0
6 cluster8=0 cluster3=0 cluster2=0 cluster1=1 cluster6=0 cluster9=1 cluster10=0 cluster7=1
7 cluster8=0 cluster3=0 cluster2=0 cluster1=0 cluster6=0 cluster9=0 cluster10=1 cluster7=1
8 cluster8=0 cluster3=0 cluster2=0 cluster1=0 cluster6=0 cluster9=1 cluster10=1 cluster7=1
9 cluster8=0 cluster3=0 cluster2=0 cluster1=1 cluster6=0 cluster9=0 cluster10=1 cluster7=1
10 cluster8=0 cluster3=0 cluster2=0 cluster1=1 cluster6=0 cluster9=1 cluster10=1 cluster7=1
11 cluster8=0 cluster3=0 cluster2=0 cluster1=0 cluster6=1 cluster9=1 cluster10=1 cluster7=1
12 cluster8=0 cluster3=0 cluster2=0 cluster1=1 cluster6=1 cluster9=1 cluster10=1 cluster7=1
13 cluster8=0 cluster3=0 cluster2=1 cluster1=1 cluster6=1 cluster9=1 cluster10=1 cluster7=1
14 cluster8=0 cluster3=1 cluster2=1 cluster1=1 cluster6=1 cluster9=1 cluster10=1 cluster7=1
15 cluster8=1 cluster3=1 cluster2=1 cluster1=1 cluster6=1 cluster9=1 cluster10=1 cluster7=1
16 cluster8=1 cluster3=1 cluster2=1 cluster1=1 cluster6=1 cluster9=1 cluster10=1 cluster7=0
17 cluster8=1 cluster3=1 cluster2=1 cluster1=1 cluster6=1 cluster9=0 cluster10=1 cluster7=1
18 cluster8=1 cluster3=1 cluster2=1 cluster1=1 cluster6=1 cluster9=0 cluster10=1 cluster7=0
19 cluster8=1 cluster3=1 cluster2=1 cluster1=0 cluster6=1 cluster9=1 cluster10=1 cluster7=1
20 cluster8=1 cluster3=1 cluster2=1 cluster1=0 cluster6=1 cluster9=1 cluster10=1 cluster7=0
21 cluster8=1 cluster3=1 cluster2=1 cluster1=0 cluster6=1 cluster9=0 cluster10=1 cluster7=1
22 cluster8=1 cluster3=1 cluster2=1 cluster1=0 cluster6=1 cluster9=0 cluster10=1 cluster7=0
23 cluster8=1 cluster3=1 cluster2=1 cluster1=1 cluster6=1 cluster9=1 cluster10=0 cluster7=0
24 cluster8=1 cluster3=1 cluster2=1 cluster1=1 cluster6=1 cluster9=0 cluster10=0 cluster7=0
25 cluster8=1 cluster3=1 cluster2=1 cluster1=0 cluster6=1 cluster9=1 cluster10=0 cluster7=0
26 cluster8=1 cluster3=1 cluster2=1 cluster1=0 cluster6=1 cluster9=0 cluster10=0 cluster7=0
27 cluster8=1 cluster3=1 cluster2=1 cluster1=1 cluster6=0 cluster9=0 cluster10=0 cluster7=0
28 cluster8=1 cluster3=1 cluster2=1 cluster1=0 cluster6=0 cluster9=0 cluster10=0 cluster7=0
29 cluster8=1 cluster3=1 cluster2=0 cluster1=0 cluster6=0 cluster9=0 cluster10=0 cluster7=0
30 cluster8=1 cluster3=0 cluster2=0 cluster1=0 cluster6=0 cluster9=0 cluster10=0 cluster7=0
31 cluster8=0 cluster3=0 cluster2=0 cluster1=0 cluster6=1 cluster9=0 cluster10=0 cluster7=0
32 cluster8=0 cluster3=0 cluster2=1 cluster1=0 cluster6=0 cluster9=0 cluster10=0 cluster7=0
33 cluster8=0 cluster3=0 cluster2=0 cluster1=0 cluster6=0 cluster9=0 cluster10=1 cluster7=0
34 cluster8=0 cluster3=1 cluster2=0 cluster1=0 cluster6=0 cluster9=0 cluster10=0 cluster7=0
inputRegulatorOGs.size() = 1999 inputOGList.size() = 50
binkey=128 [Edge status: 0 0 0 0 0 0 0 1 ] P(G)=P(cluster8=0)[0.8] * P(cluster1=0|cluster2=0) * P(cluster9=0|cluster6=0) * P(cluster7=1|cluster10=0) * P(cluster10=0|cluster6=0) * P(cluster6=0|cluster2=0) * P(cluster2=0|cluster3=0) * P(cluster3=0|cluster8=0)[0.0524288]=0.041943
binkey=32 [Edge status: 0 0 0 0 0 1 0 0 ] P(G)=P(cluster8=0)[0.8] * P(cluster1=0|cluster2=0) * P(cluster9=1|cluster6=0) * P(cluster7=0|cluster10=0) * P(cluster10=0|cluster6=0) * P(cluster6=0|cluster2=0) * P(cluster2=0|cluster3=0) * P(cluster3=0|cluster8=0)[0.0524288]=0.041943
binkey=1 [Edge status: 1 0 0 0 0 0 0 0 ] P(G)=P(cluster8=1)[0.2] * P(cluster1=0|cluster2=0) * P(cluster9=0|cluster6=0) * P(cluster7=0|cluster10=0) * P(cluster10=0|cluster6=0) * P(cluster6=0|cluster2=0) * P(cluster2=0|cluster3=0) * P(cluster3=0|cluster8=1)[0.0524288]=0.0104858
binkey=64 [Edge status: 0 0 0 0 0 0 1 0 ] P(G)=P(cluster8=0)[0.8] * P(cluster1=0|cluster2=0) * P(cluster9=0|cluster6=0) * P(cluster7=0|cluster10=1) * P(cluster10=1|cluster6=0) * P(cluster6=0|cluster2=0) * P(cluster2=0|cluster3=0) * P(cluster3=0|cluster8=0)[0.0131072]=0.0104858
binkey=8 [Edge status: 0 0 0 1 0 0 0 0 ] P(G)=P(cluster8=0)[0.8] * P(cluster1=1|cluster2=0) * P(cluster9=0|cluster6=0) * P(cluster7=0|cluster10=0) * P(cluster10=0|cluster6=0) * P(cluster6=0|cluster2=0) * P(cluster2=0|cluster3=0) * P(cluster3=0|cluster8=0)[0.0524288]=0.041943
binkey=4 [Edge status: 0 0 1 0 0 0 0 0 ] P(G)=P(cluster8=0)[0.8] * P(cluster1=0|cluster2=1) * P(cluster9=0|cluster6=0) * P(cluster7=0|cluster10=0) * P(cluster10=0|cluster6=0) * P(cluster6=0|cluster2=1) * P(cluster2=1|cluster3=0) * P(cluster3=0|cluster8=0)[0.0032768]=0.00262144
binkey=16 [Edge status: 0 0 0 0 1 0 0 0 ] P(G)=P(cluster8=0)[0.8] * P(cluster1=0|cluster2=0) * P(cluster9=0|cluster6=1) * P(cluster7=0|cluster10=0) * P(cluster10=0|cluster6=1) * P(cluster6=1|cluster2=0) * P(cluster2=0|cluster3=0) * P(cluster3=0|cluster8=0)[0.0032768]=0.00262144
binkey=192 [Edge status: 0 0 0 0 0 0 1 1 ] P(G)=P(cluster8=0)[0.8] * P(cluster1=0|cluster2=0) * P(cluster9=0|cluster6=0) * P(cluster7=1|cluster10=1) * P(cluster10=1|cluster6=0) * P(cluster6=0|cluster2=0) * P(cluster2=0|cluster3=0) * P(cluster3=0|cluster8=0)[0.0524288]=0.041943
binkey=2 [Edge status: 0 1 0 0 0 0 0 0 ] P(G)=P(cluster8=0)[0.8] * P(cluster1=0|cluster2=0) * P(cluster9=0|cluster6=0) * P(cluster7=0|cluster10=0) * P(cluster10=0|cluster6=0) * P(cluster6=0|cluster2=0) * P(cluster2=0|cluster3=1) * P(cluster3=1|cluster8=0)[0.0131072]=0.0104858
binkey=40 [Edge status: 0 0 0 1 0 1 0 0 ] P(G)=P(cluster8=0)[0.8] * P(cluster1=1|cluster2=0) * P(cluster9=1|cluster6=0) * P(cluster7=0|cluster10=0) * P(cluster10=0|cluster6=0) * P(cluster6=0|cluster2=0) * P(cluster2=0|cluster3=0) * P(cluster3=0|cluster8=0)[0.0131072]=0.0104858
binkey=160 [Edge status: 0 0 0 0 0 1 0 1 ] P(G)=P(cluster8=0)[0.8] * P(cluster1=0|cluster2=0) * P(cluster9=1|cluster6=0) * P(cluster7=1|cluster10=0) * P(cluster10=0|cluster6=0) * P(cluster6=0|cluster2=0) * P(cluster2=0|cluster3=0) * P(cluster3=0|cluster8=0)[0.0131072]=0.0104858
binkey=7 [Edge status: 1 1 1 0 0 0 0 0 ] P(G)=P(cluster8=1)[0.2] * P(cluster1=0|cluster2=1) * P(cluster9=0|cluster6=0) * P(cluster7=0|cluster10=0) * P(cluster10=0|cluster6=0) * P(cluster6=0|cluster2=1) * P(cluster2=1|cluster3=1) * P(cluster3=1|cluster8=1)[0.0131072]=0.00262144
binkey=3 [Edge status: 1 1 0 0 0 0 0 0 ] P(G)=P(cluster8=1)[0.2] * P(cluster1=0|cluster2=0) * P(cluster9=0|cluster6=0) * P(cluster7=0|cluster10=0) * P(cluster10=0|cluster6=0) * P(cluster6=0|cluster2=0) * P(cluster2=0|cluster3=1) * P(cluster3=1|cluster8=1)[0.0524288]=0.0104858
binkey=23 [Edge status: 1 1 1 0 1 0 0 0 ] P(G)=P(cluster8=1)[0.2] * P(cluster1=0|cluster2=1) * P(cluster9=0|cluster6=1) * P(cluster7=0|cluster10=0) * P(cluster10=0|cluster6=1) * P(cluster6=1|cluster2=1) * P(cluster2=1|cluster3=1) * P(cluster3=1|cluster8=1)[0.0032768]=0.00065536
binkey=136 [Edge status: 0 0 0 1 0 0 0 1 ] P(G)=P(cluster8=0)[0.8] * P(cluster1=1|cluster2=0) * P(cluster9=0|cluster6=0) * P(cluster7=1|cluster10=0) * P(cluster10=0|cluster6=0) * P(cluster6=0|cluster2=0) * P(cluster2=0|cluster3=0) * P(cluster3=0|cluster8=0)[0.0131072]=0.0104858
binkey=224 [Edge status: 0 0 0 0 0 1 1 1 ] P(G)=P(cluster8=0)[0.8] * P(cluster1=0|cluster2=0) * P(cluster9=1|cluster6=0) * P(cluster7=1|cluster10=1) * P(cluster10=1|cluster6=0) * P(cluster6=0|cluster2=0) * P(cluster2=0|cluster3=0) * P(cluster3=0|cluster8=0)[0.0131072]=0.0104858
binkey=240 [Edge status: 0 0 0 0 1 1 1 1 ] P(G)=P(cluster8=0)[0.8] * P(cluster1=0|cluster2=0) * P(cluster9=1|cluster6=1) * P(cluster7=1|cluster10=1) * P(cluster10=1|cluster6=1) * P(cluster6=1|cluster2=0) * P(cluster2=0|cluster3=0) * P(cluster3=0|cluster8=0)[0.0524288]=0.041943
binkey=200 [Edge status: 0 0 0 1 0 0 1 1 ] P(G)=P(cluster8=0)[0.8] * P(cluster1=1|cluster2=0) * P(cluster9=0|cluster6=0) * P(cluster7=1|cluster10=1) * P(cluster10=1|cluster6=0) * P(cluster6=0|cluster2=0) * P(cluster2=0|cluster3=0) * P(cluster3=0|cluster8=0)[0.0131072]=0.0104858
binkey=168 [Edge status: 0 0 0 1 0 1 0 1 ] P(G)=P(cluster8=0)[0.8] * P(cluster1=1|cluster2=0) * P(cluster9=1|cluster6=0) * P(cluster7=1|cluster10=0) * P(cluster10=0|cluster6=0) * P(cluster6=0|cluster2=0) * P(cluster2=0|cluster3=0) * P(cluster3=0|cluster8=0)[0.0032768]=0.00262144
binkey=232 [Edge status: 0 0 0 1 0 1 1 1 ] P(G)=P(cluster8=0)[0.8] * P(cluster1=1|cluster2=0) * P(cluster9=1|cluster6=0) * P(cluster7=1|cluster10=1) * P(cluster10=1|cluster6=0) * P(cluster6=0|cluster2=0) * P(cluster2=0|cluster3=0) * P(cluster3=0|cluster8=0)[0.0032768]=0.00262144
binkey=248 [Edge status: 0 0 0 1 1 1 1 1 ] P(G)=P(cluster8=0)[0.8] * P(cluster1=1|cluster2=0) * P(cluster9=1|cluster6=1) * P(cluster7=1|cluster10=1) * P(cluster10=1|cluster6=1) * P(cluster6=1|cluster2=0) * P(cluster2=0|cluster3=0) * P(cluster3=0|cluster8=0)[0.0131072]=0.0104858
binkey=31 [Edge status: 1 1 1 1 1 0 0 0 ] P(G)=P(cluster8=1)[0.2] * P(cluster1=1|cluster2=1) * P(cluster9=0|cluster6=1) * P(cluster7=0|cluster10=0) * P(cluster10=0|cluster6=1) * P(cluster6=1|cluster2=1) * P(cluster2=1|cluster3=1) * P(cluster3=1|cluster8=1)[0.0131072]=0.00262144
binkey=15 [Edge status: 1 1 1 1 0 0 0 0 ] P(G)=P(cluster8=1)[0.2] * P(cluster1=1|cluster2=1) * P(cluster9=0|cluster6=0) * P(cluster7=0|cluster10=0) * P(cluster10=0|cluster6=0) * P(cluster6=0|cluster2=1) * P(cluster2=1|cluster3=1) * P(cluster3=1|cluster8=1)[0.0524288]=0.0104858
binkey=252 [Edge status: 0 0 1 1 1 1 1 1 ] P(G)=P(cluster8=0)[0.8] * P(cluster1=1|cluster2=1) * P(cluster9=1|cluster6=1) * P(cluster7=1|cluster10=1) * P(cluster10=1|cluster6=1) * P(cluster6=1|cluster2=1) * P(cluster2=1|cluster3=0) * P(cluster3=0|cluster8=0)[0.0524288]=0.041943
binkey=254 [Edge status: 0 1 1 1 1 1 1 1 ] P(G)=P(cluster8=0)[0.8] * P(cluster1=1|cluster2=1) * P(cluster9=1|cluster6=1) * P(cluster7=1|cluster10=1) * P(cluster10=1|cluster6=1) * P(cluster6=1|cluster2=1) * P(cluster2=1|cluster3=1) * P(cluster3=1|cluster8=0)[0.0524288]=0.041943
binkey=255 [Edge status: 1 1 1 1 1 1 1 1 ] P(G)=P(cluster8=1)[0.2] * P(cluster1=1|cluster2=1) * P(cluster9=1|cluster6=1) * P(cluster7=1|cluster10=1) * P(cluster10=1|cluster6=1) * P(cluster6=1|cluster2=1) * P(cluster2=1|cluster3=1) * P(cluster3=1|cluster8=1)[0.209715]=0.041943
binkey=127 [Edge status: 1 1 1 1 1 1 1 0 ] P(G)=P(cluster8=1)[0.2] * P(cluster1=1|cluster2=1) * P(cluster9=1|cluster6=1) * P(cluster7=0|cluster10=1) * P(cluster10=1|cluster6=1) * P(cluster6=1|cluster2=1) * P(cluster2=1|cluster3=1) * P(cluster3=1|cluster8=1)[0.0524288]=0.0104858
binkey=223 [Edge status: 1 1 1 1 1 0 1 1 ] P(G)=P(cluster8=1)[0.2] * P(cluster1=1|cluster2=1) * P(cluster9=0|cluster6=1) * P(cluster7=1|cluster10=1) * P(cluster10=1|cluster6=1) * P(cluster6=1|cluster2=1) * P(cluster2=1|cluster3=1) * P(cluster3=1|cluster8=1)[0.0524288]=0.0104858
binkey=95 [Edge status: 1 1 1 1 1 0 1 0 ] P(G)=P(cluster8=1)[0.2] * P(cluster1=1|cluster2=1) * P(cluster9=0|cluster6=1) * P(cluster7=0|cluster10=1) * P(cluster10=1|cluster6=1) * P(cluster6=1|cluster2=1) * P(cluster2=1|cluster3=1) * P(cluster3=1|cluster8=1)[0.0131072]=0.00262144
binkey=247 [Edge status: 1 1 1 0 1 1 1 1 ] P(G)=P(cluster8=1)[0.2] * P(cluster1=0|cluster2=1) * P(cluster9=1|cluster6=1) * P(cluster7=1|cluster10=1) * P(cluster10=1|cluster6=1) * P(cluster6=1|cluster2=1) * P(cluster2=1|cluster3=1) * P(cluster3=1|cluster8=1)[0.0524288]=0.0104858
binkey=119 [Edge status: 1 1 1 0 1 1 1 0 ] P(G)=P(cluster8=1)[0.2] * P(cluster1=0|cluster2=1) * P(cluster9=1|cluster6=1) * P(cluster7=0|cluster10=1) * P(cluster10=1|cluster6=1) * P(cluster6=1|cluster2=1) * P(cluster2=1|cluster3=1) * P(cluster3=1|cluster8=1)[0.0131072]=0.00262144
binkey=215 [Edge status: 1 1 1 0 1 0 1 1 ] P(G)=P(cluster8=1)[0.2] * P(cluster1=0|cluster2=1) * P(cluster9=0|cluster6=1) * P(cluster7=1|cluster10=1) * P(cluster10=1|cluster6=1) * P(cluster6=1|cluster2=1) * P(cluster2=1|cluster3=1) * P(cluster3=1|cluster8=1)[0.0131072]=0.00262144
binkey=87 [Edge status: 1 1 1 0 1 0 1 0 ] P(G)=P(cluster8=1)[0.2] * P(cluster1=0|cluster2=1) * P(cluster9=0|cluster6=1) * P(cluster7=0|cluster10=1) * P(cluster10=1|cluster6=1) * P(cluster6=1|cluster2=1) * P(cluster2=1|cluster3=1) * P(cluster3=1|cluster8=1)[0.0032768]=0.00065536
binkey=63 [Edge status: 1 1 1 1 1 1 0 0 ] P(G)=P(cluster8=1)[0.2] * P(cluster1=1|cluster2=1) * P(cluster9=1|cluster6=1) * P(cluster7=0|cluster10=0) * P(cluster10=0|cluster6=1) * P(cluster6=1|cluster2=1) * P(cluster2=1|cluster3=1) * P(cluster3=1|cluster8=1)[0.0524288]=0.0104858
binkey=55 [Edge status: 1 1 1 0 1 1 0 0 ] P(G)=P(cluster8=1)[0.2] * P(cluster1=0|cluster2=1) * P(cluster9=1|cluster6=1) * P(cluster7=0|cluster10=0) * P(cluster10=0|cluster6=1) * P(cluster6=1|cluster2=1) * P(cluster2=1|cluster3=1) * P(cluster3=1|cluster8=1)[0.0131072]=0.00262144
ITERATION 0 newScore=-2.7188e+06 diffscore=15098.5 priorChange=-105.358 successMove=72
ITERATION 1 newScore=-2.71268e+06 diffscore=6121.26 priorChange=-117.835 successMove=60
ITERATION 2 newScore=-2.70695e+06 diffscore=5731.33 priorChange=-106.745 successMove=62
ITERATION 3 newScore=-2.7038e+06 diffscore=3145.96 priorChange=-113.676 successMove=60
ITERATION 4 newScore=-2.70017e+06 diffscore=3633.35 priorChange=-108.131 successMove=57
ITERATION 5 newScore=-2.69468e+06 diffscore=5486.51 priorChange=-97.0406 successMove=55
ITERATION 6 newScore=-2.6915e+06 diffscore=3184.91 priorChange=-112.29 successMove=53
ITERATION 7 newScore=-2.68695e+06 diffscore=4545.99 priorChange=-115.062 successMove=51
ITERATION 8 newScore=-2.68399e+06 diffscore=2964.02 priorChange=-109.517 successMove=53
ITERATION 9 newScore=-2.68153e+06 diffscore=2461.12 priorChange=-109.517 successMove=50
ITERATION 10 newScore=-2.67907e+06 diffscore=2452.54 priorChange=-108.131 successMove=52
ITERATION 11 newScore=-2.67524e+06 diffscore=3830.87 priorChange=-99.8132 successMove=50
ITERATION 12 newScore=-2.67449e+06 diffscore=752.598 priorChange=-102.586 successMove=51
ITERATION 13 newScore=-2.67377e+06 diffscore=720.048 priorChange=-113.676 successMove=51
ITERATION 14 newScore=-2.66964e+06 diffscore=4132.57 priorChange=-101.199 successMove=51
ITERATION 15 newScore=-2.66505e+06 diffscore=4592.32 priorChange=-119.221 successMove=54
ITERATION 16 newScore=-2.66373e+06 diffscore=1313.2 priorChange=-108.131 successMove=51
ITERATION 17 newScore=-2.66318e+06 diffscore=552.516 priorChange=-99.8132 successMove=50
ITERATION 18 newScore=-2.65992e+06 diffscore=3258.44 priorChange=-99.8132 successMove=50
ITERATION 19 newScore=-2.65943e+06 diffscore=491.315 priorChange=-105.358 successMove=50
ITERATION 20 newScore=-2.65796e+06 diffscore=1470.06 priorChange=-112.29 successMove=50
ITERATION 21 newScore=-2.65756e+06 diffscore=396.675 priorChange=-97.0406 successMove=48
ITERATION 22 newScore=-2.65579e+06 diffscore=1772.44 priorChange=-109.517 successMove=49
ITERATION 23 newScore=-2.65537e+06 diffscore=424.293 priorChange=-109.517 successMove=49
ITERATION 24 newScore=-2.65495e+06 diffscore=420.548 priorChange=-110.904 successMove=48
ITERATION 25 newScore=-2.65304e+06 diffscore=1902.44 priorChange=-102.586 successMove=47
ITERATION 26 newScore=-2.65268e+06 diffscore=360.6 priorChange=-97.0406 successMove=46
ITERATION 27 newScore=-2.65229e+06 diffscore=388.542 priorChange=-101.199 successMove=47
ITERATION 28 newScore=-2.6519e+06 diffscore=396.123 priorChange=-109.517 successMove=45
ITERATION 29 newScore=-2.65068e+06 diffscore=1213.89 priorChange=-94.268 successMove=44
ITERATION 30 newScore=-2.65029e+06 diffscore=391.878 priorChange=-91.4954 successMove=44
ITERATION 31 newScore=-2.64989e+06 diffscore=405.846 priorChange=-102.586 successMove=43
ITERATION 32 newScore=-2.64948e+06 diffscore=409.267 priorChange=-80.4051 successMove=44
ITERATION 33 newScore=-2.64884e+06 diffscore=632.219 priorChange=-94.268 successMove=43
ITERATION 34 newScore=-2.64703e+06 diffscore=1819.02 priorChange=-92.8817 successMove=44
ITERATION 35 newScore=-2.64515e+06 diffscore=1875.34 priorChange=-88.7228 successMove=44
ITERATION 36 newScore=-2.64474e+06 diffscore=409.242 priorChange=-77.6325 successMove=44
ITERATION 37 newScore=-2.64405e+06 diffscore=694.322 priorChange=-95.6543 successMove=43
ITERATION 38 newScore=-2.64368e+06 diffscore=368.015 priorChange=-90.1091 successMove=44
ITERATION 39 newScore=-2.6432e+06 diffscore=481.88 priorChange=-87.3365 successMove=44
ITERATION 40 newScore=-2.64166e+06 diffscore=1532.88 priorChange=-95.6543 successMove=43
ITERATION 41 newScore=-2.64121e+06 diffscore=452.294 priorChange=-87.3365 successMove=43
ITERATION 42 newScore=-2.64092e+06 diffscore=293.545 priorChange=-65.1558 successMove=44
ITERATION 43 newScore=-2.63997e+06 diffscore=946.998 priorChange=-88.7228 successMove=41
ITERATION 44 newScore=-2.63861e+06 diffscore=1360.1 priorChange=-92.8817 successMove=41
ITERATION 45 newScore=-2.63832e+06 diffscore=294.301 priorChange=-91.4954 successMove=43
ITERATION 46 newScore=-2.6367e+06 diffscore=1614.55 priorChange=-94.268 successMove=41
ITERATION 47 newScore=-2.63501e+06 diffscore=1690.71 priorChange=-84.564 successMove=41
ITERATION 48 newScore=-2.63344e+06 diffscore=1568.47 priorChange=-79.0188 successMove=40
ITERATION 49 newScore=-2.63315e+06 diffscore=297.768 priorChange=-79.0188 successMove=39
ITERATION 50 newScore=-2.63283e+06 diffscore=310.741 priorChange=-79.0188 successMove=39
ITERATION 51 newScore=-2.63244e+06 diffscore=397.112 priorChange=-79.0188 successMove=36
ITERATION 52 newScore=-2.63186e+06 diffscore=572.8 priorChange=-76.2462 successMove=36
ITERATION 53 newScore=-2.63148e+06 diffscore=388.405 priorChange=-74.8599 successMove=36
ITERATION 54 newScore=-2.62948e+06 diffscore=1999.58 priorChange=-74.8599 successMove=36
ITERATION 55 newScore=-2.62915e+06 diffscore=323.142 priorChange=-73.4736 successMove=36
ITERATION 56 newScore=-2.62812e+06 diffscore=1037.71 priorChange=-69.3147 successMove=33
ITERATION 57 newScore=-2.62778e+06 diffscore=332.6 priorChange=-76.2462 successMove=35
ITERATION 58 newScore=-2.62647e+06 diffscore=1315.68 priorChange=-73.4736 successMove=33
ITERATION 59 newScore=-2.625e+06 diffscore=1463.09 priorChange=-55.4518 successMove=32
ITERATION 60 newScore=-2.62375e+06 diffscore=1251.81 priorChange=-56.8381 successMove=32
ITERATION 61 newScore=-2.62273e+06 diffscore=1022.12 priorChange=-72.0873 successMove=32
ITERATION 62 newScore=-2.62251e+06 diffscore=224.774 priorChange=-67.9284 successMove=34
ITERATION 63 newScore=-2.62224e+06 diffscore=263.514 priorChange=-59.6107 successMove=32
ITERATION 64 newScore=-2.62195e+06 diffscore=291.964 priorChange=-58.2244 successMove=30
ITERATION 65 newScore=-2.62158e+06 diffscore=374.326 priorChange=-69.3147 successMove=29
ITERATION 66 newScore=-2.62056e+06 diffscore=1017.24 priorChange=-51.2929 successMove=31
ITERATION 67 newScore=-2.62036e+06 diffscore=201.487 priorChange=-58.2244 successMove=30
ITERATION 68 newScore=-2.62008e+06 diffscore=279.695 priorChange=-65.1558 successMove=28
ITERATION 69 newScore=-2.61986e+06 diffscore=216.098 priorChange=-60.997 successMove=28
ITERATION 70 newScore=-2.61959e+06 diffscore=272.195 priorChange=-56.8381 successMove=27
ITERATION 71 newScore=-2.61935e+06 diffscore=239.905 priorChange=-62.3832 successMove=27
ITERATION 72 newScore=-2.61904e+06 diffscore=313.438 priorChange=-66.5421 successMove=26
ITERATION 73 newScore=-2.61865e+06 diffscore=381.863 priorChange=-59.6107 successMove=27
ITERATION 74 newScore=-2.61842e+06 diffscore=232.132 priorChange=-52.6792 successMove=25
ITERATION 75 newScore=-2.61815e+06 diffscore=276.281 priorChange=-56.8381 successMove=24
ITERATION 76 newScore=-2.61575e+06 diffscore=2396.53 priorChange=-42.9751 successMove=25
ITERATION 77 newScore=-2.61563e+06 diffscore=121.792 priorChange=-49.9066 successMove=24
ITERATION 78 newScore=-2.61547e+06 diffscore=153.877 priorChange=-49.9066 successMove=22
ITERATION 79 newScore=-2.61533e+06 diffscore=143.1 priorChange=-40.2025 successMove=21
ITERATION 80 newScore=-2.61501e+06 diffscore=324.016 priorChange=-41.5888 successMove=21
ITERATION 81 newScore=-2.61443e+06 diffscore=574.583 priorChange=-37.4299 successMove=21
ITERATION 82 newScore=-2.61311e+06 diffscore=1322.38 priorChange=-36.0437 successMove=21
ITERATION 83 newScore=-2.61283e+06 diffscore=278.412 priorChange=-41.5888 successMove=20
ITERATION 84 newScore=-2.61161e+06 diffscore=1218.98 priorChange=-31.8848 successMove=17
ITERATION 85 newScore=-2.61127e+06 diffscore=338.614 priorChange=-30.4985 successMove=16
ITERATION 86 newScore=-2.61088e+06 diffscore=395.472 priorChange=-30.4985 successMove=16
ITERATION 87 newScore=-2.61005e+06 diffscore=829.616 priorChange=-29.1122 successMove=16
ITERATION 88 newScore=-2.60985e+06 diffscore=194.613 priorChange=-24.9533 successMove=16
ITERATION 89 newScore=-2.60952e+06 diffscore=338.688 priorChange=-31.8848 successMove=15
ITERATION 90 newScore=-2.60943e+06 diffscore=85.6898 priorChange=-23.567 successMove=13
ITERATION 91 newScore=-2.60906e+06 diffscore=371.393 priorChange=-30.4985 successMove=13
ITERATION 92 newScore=-2.60895e+06 diffscore=112.554 priorChange=-19.4081 successMove=12
ITERATION 93 newScore=-2.60887e+06 diffscore=71.2628 priorChange=-19.4081 successMove=11
ITERATION 94 newScore=-2.60882e+06 diffscore=56.9695 priorChange=-22.1807 successMove=11
ITERATION 95 newScore=-2.60878e+06 diffscore=39.269 priorChange=-12.4766 successMove=11
ITERATION 96 newScore=-2.60874e+06 diffscore=41.8335 priorChange=-19.4081 successMove=11
ITERATION 97 newScore=-2.60868e+06 diffscore=52.1546 priorChange=-13.8629 successMove=11
ITERATION 98 newScore=-2.6086e+06 diffscore=80.7421 priorChange=-23.567 successMove=10
ITERATION 99 newScore=-2.60844e+06 diffscore=158.587 priorChange=-15.2492 successMove=9
MetaLearner::dumpAllGraphs
Final Score -2.60844e+06
MetaLearner::start runtime: 1276312521 ms
Results/
Results/cluster3/
Results/cluster3/fold0/
Results/cluster3/fold0/modelparams.txt
Results/cluster3/fold0/var_mb_pw_k50.txt
Results/cluster7/
Results/cluster7/fold0/
Results/cluster7/fold0/modelparams.txt
Results/cluster7/fold0/var_mb_pw_k50.txt
Results/cluster2/
Results/cluster2/fold0/
Results/cluster2/fold0/modelparams.txt
Results/cluster2/fold0/var_mb_pw_k50.txt
Results/cluster9/
Results/cluster9/fold0/
Results/cluster9/fold0/modelparams.txt
Results/cluster9/fold0/var_mb_pw_k50.txt
Results/cluster6/
Results/cluster6/fold0/
Results/cluster6/fold0/modelparams.txt
Results/cluster6/fold0/var_mb_pw_k50.txt
Results/cluster1/
Results/cluster1/fold0/
Results/cluster1/fold0/modelparams.txt
Results/cluster1/fold0/var_mb_pw_k50.txt
Results/cluster10/
Results/cluster10/fold0/
Results/cluster10/fold0/modelparams.txt
Results/cluster10/fold0/var_mb_pw_k50.txt
Results/cluster8/
Results/cluster8/scoreFile.txt
Results/cluster8/fold0/
Results/cluster8/fold0/modelparams.txt
Results/cluster8/fold0/var_mb_pw_k50.txt
