./CVN -f config_condor.txt -x50 -v1 -l TFs_OGs.txt -n AllGenes138.txt -d celltype_tree_ancestor.txt -m testdata_ogids.txt -s celltype_order.txt -p 0.2 -c yes -b -4 -q 4
(cluster3|cluster8) p_maintain_edge=0.8 p_gain=0.2
(cluster2|cluster3) p_maintain_edge=0.8 p_gain=0.2
(cluster1|cluster2) p_maintain_edge=0.8 p_gain=0.2
(cluster6|cluster2) p_maintain_edge=0.8 p_gain=0.2
(cluster9|cluster6) p_maintain_edge=0.8 p_gain=0.2
(cluster10|cluster6) p_maintain_edge=0.8 p_gain=0.2
(cluster7|cluster10) p_maintain_edge=0.8 p_gain=0.2
speciesSet.size()=8 Root is cluster8
MappedOrthogroupReader::readSpeciesMapping() --- celltype_order.txt
MappedOrthogroupReader::readFile - testdata_ogids.txt
MappedOrthogroupReader::generateGeneOrthoMap()
MetaLearner::init_onefold() read:config_condor.txt
MetaLearner::setinputVariableNames number of variables: 2040
readEvidenceTable:cluster8.table
PotentialManager::loadEvidenceFromTable varCount=2040 sampleCount=348
motifNetwork.size() = 319
0=cluster8 motifNetwork=cluster8_network.txt
variable size=2040
readEvidenceTable:cluster3.table
PotentialManager::loadEvidenceFromTable varCount=2040 sampleCount=95
motifNetwork.size() = 326
1=cluster3 motifNetwork=cluster3_network.txt
variable size=2040
readEvidenceTable:cluster2.table
PotentialManager::loadEvidenceFromTable varCount=2040 sampleCount=386
motifNetwork.size() = 328
2=cluster2 motifNetwork=cluster2_network.txt
variable size=2040
readEvidenceTable:cluster1.table
PotentialManager::loadEvidenceFromTable varCount=2040 sampleCount=36
motifNetwork.size() = 322
3=cluster1 motifNetwork=cluster1_network.txt
variable size=2040
readEvidenceTable:cluster6.table
PotentialManager::loadEvidenceFromTable varCount=2040 sampleCount=524
motifNetwork.size() = 320
4=cluster6 motifNetwork=cluster6_network.txt
variable size=2040
readEvidenceTable:cluster9.table
PotentialManager::loadEvidenceFromTable varCount=2040 sampleCount=184
motifNetwork.size() = 327
5=cluster9 motifNetwork=cluster9_network.txt
variable size=2040
readEvidenceTable:cluster10.table
PotentialManager::loadEvidenceFromTable varCount=2040 sampleCount=165
motifNetwork.size() = 326
6=cluster10 motifNetwork=cluster10_network.txt
variable size=2040
readEvidenceTable:cluster7.table
PotentialManager::loadEvidenceFromTable varCount=2040 sampleCount=1032
motifNetwork.size() = 320
7=cluster7 motifNetwork=cluster7_network.txt
variable size=2040
-------------------------------------------------------------
MetaLearner::start
precomputeEmptyGraphPrior
binkey=0 [Edge status: 0 0 0 0 0 0 0 0 ] P(G)=P(cluster8=0)[0.8] * P(cluster1=0|cluster2=0) * P(cluster9=0|cluster6=0) * P(cluster7=0|cluster10=0) * P(cluster10=0|cluster6=0) * P(cluster6=0|cluster2=0) * P(cluster2=0|cluster3=0) * P(cluster3=0|cluster8=0)[0.209715]=0.167772
condsetMap_Tree
0 cluster8=0 cluster3=0 cluster2=0 cluster1=0 cluster6=0 cluster9=0 cluster10=0 cluster7=1
1 cluster8=0 cluster3=0 cluster2=0 cluster1=0 cluster6=0 cluster9=1 cluster10=0 cluster7=0
2 cluster8=0 cluster3=0 cluster2=0 cluster1=0 cluster6=0 cluster9=1 cluster10=0 cluster7=1
3 cluster8=0 cluster3=0 cluster2=0 cluster1=1 cluster6=0 cluster9=0 cluster10=0 cluster7=0
4 cluster8=0 cluster3=0 cluster2=0 cluster1=1 cluster6=0 cluster9=0 cluster10=0 cluster7=1
5 cluster8=0 cluster3=0 cluster2=0 cluster1=1 cluster6=0 cluster9=1 cluster10=0 cluster7=0
6 cluster8=0 cluster3=0 cluster2=0 cluster1=1 cluster6=0 cluster9=1 cluster10=0 cluster7=1
7 cluster8=0 cluster3=0 cluster2=0 cluster1=0 cluster6=0 cluster9=0 cluster10=1 cluster7=1
8 cluster8=0 cluster3=0 cluster2=0 cluster1=0 cluster6=0 cluster9=1 cluster10=1 cluster7=1
9 cluster8=0 cluster3=0 cluster2=0 cluster1=1 cluster6=0 cluster9=0 cluster10=1 cluster7=1
10 cluster8=0 cluster3=0 cluster2=0 cluster1=1 cluster6=0 cluster9=1 cluster10=1 cluster7=1
11 cluster8=0 cluster3=0 cluster2=0 cluster1=0 cluster6=1 cluster9=1 cluster10=1 cluster7=1
12 cluster8=0 cluster3=0 cluster2=0 cluster1=1 cluster6=1 cluster9=1 cluster10=1 cluster7=1
13 cluster8=0 cluster3=0 cluster2=1 cluster1=1 cluster6=1 cluster9=1 cluster10=1 cluster7=1
14 cluster8=0 cluster3=1 cluster2=1 cluster1=1 cluster6=1 cluster9=1 cluster10=1 cluster7=1
15 cluster8=1 cluster3=1 cluster2=1 cluster1=1 cluster6=1 cluster9=1 cluster10=1 cluster7=1
16 cluster8=1 cluster3=1 cluster2=1 cluster1=1 cluster6=1 cluster9=1 cluster10=1 cluster7=0
17 cluster8=1 cluster3=1 cluster2=1 cluster1=1 cluster6=1 cluster9=0 cluster10=1 cluster7=1
18 cluster8=1 cluster3=1 cluster2=1 cluster1=1 cluster6=1 cluster9=0 cluster10=1 cluster7=0
19 cluster8=1 cluster3=1 cluster2=1 cluster1=0 cluster6=1 cluster9=1 cluster10=1 cluster7=1
20 cluster8=1 cluster3=1 cluster2=1 cluster1=0 cluster6=1 cluster9=1 cluster10=1 cluster7=0
21 cluster8=1 cluster3=1 cluster2=1 cluster1=0 cluster6=1 cluster9=0 cluster10=1 cluster7=1
22 cluster8=1 cluster3=1 cluster2=1 cluster1=0 cluster6=1 cluster9=0 cluster10=1 cluster7=0
23 cluster8=1 cluster3=1 cluster2=1 cluster1=1 cluster6=1 cluster9=1 cluster10=0 cluster7=0
24 cluster8=1 cluster3=1 cluster2=1 cluster1=1 cluster6=1 cluster9=0 cluster10=0 cluster7=0
25 cluster8=1 cluster3=1 cluster2=1 cluster1=0 cluster6=1 cluster9=1 cluster10=0 cluster7=0
26 cluster8=1 cluster3=1 cluster2=1 cluster1=0 cluster6=1 cluster9=0 cluster10=0 cluster7=0
27 cluster8=1 cluster3=1 cluster2=1 cluster1=1 cluster6=0 cluster9=0 cluster10=0 cluster7=0
28 cluster8=1 cluster3=1 cluster2=1 cluster1=0 cluster6=0 cluster9=0 cluster10=0 cluster7=0
29 cluster8=1 cluster3=1 cluster2=0 cluster1=0 cluster6=0 cluster9=0 cluster10=0 cluster7=0
30 cluster8=1 cluster3=0 cluster2=0 cluster1=0 cluster6=0 cluster9=0 cluster10=0 cluster7=0
31 cluster8=0 cluster3=0 cluster2=0 cluster1=0 cluster6=1 cluster9=0 cluster10=0 cluster7=0
32 cluster8=0 cluster3=0 cluster2=1 cluster1=0 cluster6=0 cluster9=0 cluster10=0 cluster7=0
33 cluster8=0 cluster3=0 cluster2=0 cluster1=0 cluster6=0 cluster9=0 cluster10=1 cluster7=0
34 cluster8=0 cluster3=1 cluster2=0 cluster1=0 cluster6=0 cluster9=0 cluster10=0 cluster7=0
inputRegulatorOGs.size() = 1999 inputOGList.size() = 50
binkey=4 [Edge status: 0 0 1 0 0 0 0 0 ] P(G)=P(cluster8=0)[0.8] * P(cluster1=0|cluster2=1) * P(cluster9=0|cluster6=0) * P(cluster7=0|cluster10=0) * P(cluster10=0|cluster6=0) * P(cluster6=0|cluster2=1) * P(cluster2=1|cluster3=0) * P(cluster3=0|cluster8=0)[0.0032768]=0.00262144
binkey=64 [Edge status: 0 0 0 0 0 0 1 0 ] P(G)=P(cluster8=0)[0.8] * P(cluster1=0|cluster2=0) * P(cluster9=0|cluster6=0) * P(cluster7=0|cluster10=1) * P(cluster10=1|cluster6=0) * P(cluster6=0|cluster2=0) * P(cluster2=0|cluster3=0) * P(cluster3=0|cluster8=0)[0.0131072]=0.0104858
binkey=8 [Edge status: 0 0 0 1 0 0 0 0 ] P(G)=P(cluster8=0)[0.8] * P(cluster1=1|cluster2=0) * P(cluster9=0|cluster6=0) * P(cluster7=0|cluster10=0) * P(cluster10=0|cluster6=0) * P(cluster6=0|cluster2=0) * P(cluster2=0|cluster3=0) * P(cluster3=0|cluster8=0)[0.0524288]=0.041943
binkey=32 [Edge status: 0 0 0 0 0 1 0 0 ] P(G)=P(cluster8=0)[0.8] * P(cluster1=0|cluster2=0) * P(cluster9=1|cluster6=0) * P(cluster7=0|cluster10=0) * P(cluster10=0|cluster6=0) * P(cluster6=0|cluster2=0) * P(cluster2=0|cluster3=0) * P(cluster3=0|cluster8=0)[0.0524288]=0.041943
binkey=16 [Edge status: 0 0 0 0 1 0 0 0 ] P(G)=P(cluster8=0)[0.8] * P(cluster1=0|cluster2=0) * P(cluster9=0|cluster6=1) * P(cluster7=0|cluster10=0) * P(cluster10=0|cluster6=1) * P(cluster6=1|cluster2=0) * P(cluster2=0|cluster3=0) * P(cluster3=0|cluster8=0)[0.0032768]=0.00262144
binkey=2 [Edge status: 0 1 0 0 0 0 0 0 ] P(G)=P(cluster8=0)[0.8] * P(cluster1=0|cluster2=0) * P(cluster9=0|cluster6=0) * P(cluster7=0|cluster10=0) * P(cluster10=0|cluster6=0) * P(cluster6=0|cluster2=0) * P(cluster2=0|cluster3=1) * P(cluster3=1|cluster8=0)[0.0131072]=0.0104858
binkey=1 [Edge status: 1 0 0 0 0 0 0 0 ] P(G)=P(cluster8=1)[0.2] * P(cluster1=0|cluster2=0) * P(cluster9=0|cluster6=0) * P(cluster7=0|cluster10=0) * P(cluster10=0|cluster6=0) * P(cluster6=0|cluster2=0) * P(cluster2=0|cluster3=0) * P(cluster3=0|cluster8=1)[0.0524288]=0.0104858
binkey=128 [Edge status: 0 0 0 0 0 0 0 1 ] P(G)=P(cluster8=0)[0.8] * P(cluster1=0|cluster2=0) * P(cluster9=0|cluster6=0) * P(cluster7=1|cluster10=0) * P(cluster10=0|cluster6=0) * P(cluster6=0|cluster2=0) * P(cluster2=0|cluster3=0) * P(cluster3=0|cluster8=0)[0.0524288]=0.041943
binkey=3 [Edge status: 1 1 0 0 0 0 0 0 ] P(G)=P(cluster8=1)[0.2] * P(cluster1=0|cluster2=0) * P(cluster9=0|cluster6=0) * P(cluster7=0|cluster10=0) * P(cluster10=0|cluster6=0) * P(cluster6=0|cluster2=0) * P(cluster2=0|cluster3=1) * P(cluster3=1|cluster8=1)[0.0524288]=0.0104858
binkey=40 [Edge status: 0 0 0 1 0 1 0 0 ] P(G)=P(cluster8=0)[0.8] * P(cluster1=1|cluster2=0) * P(cluster9=1|cluster6=0) * P(cluster7=0|cluster10=0) * P(cluster10=0|cluster6=0) * P(cluster6=0|cluster2=0) * P(cluster2=0|cluster3=0) * P(cluster3=0|cluster8=0)[0.0131072]=0.0104858
binkey=192 [Edge status: 0 0 0 0 0 0 1 1 ] P(G)=P(cluster8=0)[0.8] * P(cluster1=0|cluster2=0) * P(cluster9=0|cluster6=0) * P(cluster7=1|cluster10=1) * P(cluster10=1|cluster6=0) * P(cluster6=0|cluster2=0) * P(cluster2=0|cluster3=0) * P(cluster3=0|cluster8=0)[0.0524288]=0.041943
binkey=160 [Edge status: 0 0 0 0 0 1 0 1 ] P(G)=P(cluster8=0)[0.8] * P(cluster1=0|cluster2=0) * P(cluster9=1|cluster6=0) * P(cluster7=1|cluster10=0) * P(cluster10=0|cluster6=0) * P(cluster6=0|cluster2=0) * P(cluster2=0|cluster3=0) * P(cluster3=0|cluster8=0)[0.0131072]=0.0104858
binkey=136 [Edge status: 0 0 0 1 0 0 0 1 ] P(G)=P(cluster8=0)[0.8] * P(cluster1=1|cluster2=0) * P(cluster9=0|cluster6=0) * P(cluster7=1|cluster10=0) * P(cluster10=0|cluster6=0) * P(cluster6=0|cluster2=0) * P(cluster2=0|cluster3=0) * P(cluster3=0|cluster8=0)[0.0131072]=0.0104858
binkey=7 [Edge status: 1 1 1 0 0 0 0 0 ] P(G)=P(cluster8=1)[0.2] * P(cluster1=0|cluster2=1) * P(cluster9=0|cluster6=0) * P(cluster7=0|cluster10=0) * P(cluster10=0|cluster6=0) * P(cluster6=0|cluster2=1) * P(cluster2=1|cluster3=1) * P(cluster3=1|cluster8=1)[0.0131072]=0.00262144
binkey=224 [Edge status: 0 0 0 0 0 1 1 1 ] P(G)=P(cluster8=0)[0.8] * P(cluster1=0|cluster2=0) * P(cluster9=1|cluster6=0) * P(cluster7=1|cluster10=1) * P(cluster10=1|cluster6=0) * P(cluster6=0|cluster2=0) * P(cluster2=0|cluster3=0) * P(cluster3=0|cluster8=0)[0.0131072]=0.0104858
binkey=240 [Edge status: 0 0 0 0 1 1 1 1 ] P(G)=P(cluster8=0)[0.8] * P(cluster1=0|cluster2=0) * P(cluster9=1|cluster6=1) * P(cluster7=1|cluster10=1) * P(cluster10=1|cluster6=1) * P(cluster6=1|cluster2=0) * P(cluster2=0|cluster3=0) * P(cluster3=0|cluster8=0)[0.0524288]=0.041943
binkey=200 [Edge status: 0 0 0 1 0 0 1 1 ] P(G)=P(cluster8=0)[0.8] * P(cluster1=1|cluster2=0) * P(cluster9=0|cluster6=0) * P(cluster7=1|cluster10=1) * P(cluster10=1|cluster6=0) * P(cluster6=0|cluster2=0) * P(cluster2=0|cluster3=0) * P(cluster3=0|cluster8=0)[0.0131072]=0.0104858
binkey=215 [Edge status: 1 1 1 0 1 0 1 1 ] P(G)=P(cluster8=1)[0.2] * P(cluster1=0|cluster2=1) * P(cluster9=0|cluster6=1) * P(cluster7=1|cluster10=1) * P(cluster10=1|cluster6=1) * P(cluster6=1|cluster2=1) * P(cluster2=1|cluster3=1) * P(cluster3=1|cluster8=1)[0.0131072]=0.00262144
binkey=87 [Edge status: 1 1 1 0 1 0 1 0 ] P(G)=P(cluster8=1)[0.2] * P(cluster1=0|cluster2=1) * P(cluster9=0|cluster6=1) * P(cluster7=0|cluster10=1) * P(cluster10=1|cluster6=1) * P(cluster6=1|cluster2=1) * P(cluster2=1|cluster3=1) * P(cluster3=1|cluster8=1)[0.0032768]=0.00065536
binkey=23 [Edge status: 1 1 1 0 1 0 0 0 ] P(G)=P(cluster8=1)[0.2] * P(cluster1=0|cluster2=1) * P(cluster9=0|cluster6=1) * P(cluster7=0|cluster10=0) * P(cluster10=0|cluster6=1) * P(cluster6=1|cluster2=1) * P(cluster2=1|cluster3=1) * P(cluster3=1|cluster8=1)[0.0032768]=0.00065536
binkey=168 [Edge status: 0 0 0 1 0 1 0 1 ] P(G)=P(cluster8=0)[0.8] * P(cluster1=1|cluster2=0) * P(cluster9=1|cluster6=0) * P(cluster7=1|cluster10=0) * P(cluster10=0|cluster6=0) * P(cluster6=0|cluster2=0) * P(cluster2=0|cluster3=0) * P(cluster3=0|cluster8=0)[0.0032768]=0.00262144
binkey=247 [Edge status: 1 1 1 0 1 1 1 1 ] P(G)=P(cluster8=1)[0.2] * P(cluster1=0|cluster2=1) * P(cluster9=1|cluster6=1) * P(cluster7=1|cluster10=1) * P(cluster10=1|cluster6=1) * P(cluster6=1|cluster2=1) * P(cluster2=1|cluster3=1) * P(cluster3=1|cluster8=1)[0.0524288]=0.0104858
binkey=119 [Edge status: 1 1 1 0 1 1 1 0 ] P(G)=P(cluster8=1)[0.2] * P(cluster1=0|cluster2=1) * P(cluster9=1|cluster6=1) * P(cluster7=0|cluster10=1) * P(cluster10=1|cluster6=1) * P(cluster6=1|cluster2=1) * P(cluster2=1|cluster3=1) * P(cluster3=1|cluster8=1)[0.0131072]=0.00262144
binkey=55 [Edge status: 1 1 1 0 1 1 0 0 ] P(G)=P(cluster8=1)[0.2] * P(cluster1=0|cluster2=1) * P(cluster9=1|cluster6=1) * P(cluster7=0|cluster10=0) * P(cluster10=0|cluster6=1) * P(cluster6=1|cluster2=1) * P(cluster2=1|cluster3=1) * P(cluster3=1|cluster8=1)[0.0131072]=0.00262144
binkey=15 [Edge status: 1 1 1 1 0 0 0 0 ] P(G)=P(cluster8=1)[0.2] * P(cluster1=1|cluster2=1) * P(cluster9=0|cluster6=0) * P(cluster7=0|cluster10=0) * P(cluster10=0|cluster6=0) * P(cluster6=0|cluster2=1) * P(cluster2=1|cluster3=1) * P(cluster3=1|cluster8=1)[0.0524288]=0.0104858
binkey=232 [Edge status: 0 0 0 1 0 1 1 1 ] P(G)=P(cluster8=0)[0.8] * P(cluster1=1|cluster2=0) * P(cluster9=1|cluster6=0) * P(cluster7=1|cluster10=1) * P(cluster10=1|cluster6=0) * P(cluster6=0|cluster2=0) * P(cluster2=0|cluster3=0) * P(cluster3=0|cluster8=0)[0.0032768]=0.00262144
binkey=248 [Edge status: 0 0 0 1 1 1 1 1 ] P(G)=P(cluster8=0)[0.8] * P(cluster1=1|cluster2=0) * P(cluster9=1|cluster6=1) * P(cluster7=1|cluster10=1) * P(cluster10=1|cluster6=1) * P(cluster6=1|cluster2=0) * P(cluster2=0|cluster3=0) * P(cluster3=0|cluster8=0)[0.0131072]=0.0104858
binkey=252 [Edge status: 0 0 1 1 1 1 1 1 ] P(G)=P(cluster8=0)[0.8] * P(cluster1=1|cluster2=1) * P(cluster9=1|cluster6=1) * P(cluster7=1|cluster10=1) * P(cluster10=1|cluster6=1) * P(cluster6=1|cluster2=1) * P(cluster2=1|cluster3=0) * P(cluster3=0|cluster8=0)[0.0524288]=0.041943
ITERATION 0 newScore=-2.72155e+06 diffscore=12697.2 priorChange=-110.904 successMove=77
ITERATION 1 newScore=-2.71581e+06 diffscore=5745.83 priorChange=-108.131 successMove=64
ITERATION 2 newScore=-2.71009e+06 diffscore=5717.69 priorChange=-110.904 successMove=59
ITERATION 3 newScore=-2.70616e+06 diffscore=3927.21 priorChange=-119.221 successMove=55
ITERATION 4 newScore=-2.7046e+06 diffscore=1566.05 priorChange=-105.358 successMove=51
ITERATION 5 newScore=-2.70264e+06 diffscore=1960.69 priorChange=-103.972 successMove=53
ITERATION 6 newScore=-2.69461e+06 diffscore=8027.18 priorChange=-109.517 successMove=52
ITERATION 7 newScore=-2.69256e+06 diffscore=2050.61 priorChange=-112.29 successMove=51
ITERATION 8 newScore=-2.69047e+06 diffscore=2090.88 priorChange=-117.835 successMove=55
ITERATION 9 newScore=-2.6888e+06 diffscore=1663.87 priorChange=-98.4269 successMove=54
ITERATION 10 newScore=-2.68488e+06 diffscore=3926.18 priorChange=-92.8817 successMove=51
ITERATION 11 newScore=-2.68189e+06 diffscore=2992.32 priorChange=-102.586 successMove=50
ITERATION 12 newScore=-2.6796e+06 diffscore=2288.76 priorChange=-108.131 successMove=53
ITERATION 13 newScore=-2.67596e+06 diffscore=3637.48 priorChange=-91.4954 successMove=49
ITERATION 14 newScore=-2.67434e+06 diffscore=1618.75 priorChange=-99.8132 successMove=50
ITERATION 15 newScore=-2.67142e+06 diffscore=2919.75 priorChange=-94.268 successMove=48
ITERATION 16 newScore=-2.66862e+06 diffscore=2805.56 priorChange=-105.358 successMove=49
ITERATION 17 newScore=-2.66808e+06 diffscore=534.151 priorChange=-101.199 successMove=50
ITERATION 18 newScore=-2.66704e+06 diffscore=1036.02 priorChange=-97.0406 successMove=47
ITERATION 19 newScore=-2.66216e+06 diffscore=4885.89 priorChange=-102.586 successMove=49
ITERATION 20 newScore=-2.66161e+06 diffscore=550.126 priorChange=-97.0406 successMove=48
ITERATION 21 newScore=-2.65851e+06 diffscore=3096.29 priorChange=-102.586 successMove=46
ITERATION 22 newScore=-2.65739e+06 diffscore=1122.18 priorChange=-97.0406 successMove=45
ITERATION 23 newScore=-2.65697e+06 diffscore=421.23 priorChange=-101.199 successMove=47
ITERATION 24 newScore=-2.65647e+06 diffscore=495.319 priorChange=-99.8132 successMove=48
ITERATION 25 newScore=-2.65297e+06 diffscore=3499.97 priorChange=-103.972 successMove=45
ITERATION 26 newScore=-2.65251e+06 diffscore=461.099 priorChange=-94.268 successMove=45
ITERATION 27 newScore=-2.65201e+06 diffscore=502.464 priorChange=-95.6543 successMove=51
ITERATION 28 newScore=-2.65125e+06 diffscore=758.176 priorChange=-85.9503 successMove=45
ITERATION 29 newScore=-2.65007e+06 diffscore=1185.16 priorChange=-92.8817 successMove=45
ITERATION 30 newScore=-2.64769e+06 diffscore=2380.08 priorChange=-90.1091 successMove=45
ITERATION 31 newScore=-2.64642e+06 diffscore=1268.79 priorChange=-91.4954 successMove=44
ITERATION 32 newScore=-2.64399e+06 diffscore=2427.94 priorChange=-94.268 successMove=44
ITERATION 33 newScore=-2.64319e+06 diffscore=799.899 priorChange=-95.6543 successMove=44
ITERATION 34 newScore=-2.64267e+06 diffscore=518.159 priorChange=-102.586 successMove=44
ITERATION 35 newScore=-2.63995e+06 diffscore=2721.92 priorChange=-84.564 successMove=44
ITERATION 36 newScore=-2.6363e+06 diffscore=3646.48 priorChange=-85.9503 successMove=44
ITERATION 37 newScore=-2.63366e+06 diffscore=2646.69 priorChange=-90.1091 successMove=44
ITERATION 38 newScore=-2.6333e+06 diffscore=354.027 priorChange=-91.4954 successMove=42
ITERATION 39 newScore=-2.63292e+06 diffscore=379.265 priorChange=-85.9503 successMove=43
ITERATION 40 newScore=-2.63257e+06 diffscore=355.555 priorChange=-87.3365 successMove=42
ITERATION 41 newScore=-2.63097e+06 diffscore=1598.28 priorChange=-83.1777 successMove=42
ITERATION 42 newScore=-2.63029e+06 diffscore=678.362 priorChange=-84.564 successMove=41
ITERATION 43 newScore=-2.62983e+06 diffscore=463.197 priorChange=-90.1091 successMove=39
ITERATION 44 newScore=-2.62923e+06 diffscore=593.359 priorChange=-73.4736 successMove=39
ITERATION 45 newScore=-2.6277e+06 diffscore=1537 priorChange=-84.564 successMove=38
ITERATION 46 newScore=-2.62621e+06 diffscore=1483.18 priorChange=-85.9503 successMove=38
ITERATION 47 newScore=-2.62588e+06 diffscore=330.656 priorChange=-74.8599 successMove=41
ITERATION 48 newScore=-2.62554e+06 diffscore=343.08 priorChange=-73.4736 successMove=37
ITERATION 49 newScore=-2.62439e+06 diffscore=1147.1 priorChange=-80.4051 successMove=37
ITERATION 50 newScore=-2.62337e+06 diffscore=1021.72 priorChange=-77.6325 successMove=36
ITERATION 51 newScore=-2.62186e+06 diffscore=1512.4 priorChange=-79.0188 successMove=36
ITERATION 52 newScore=-2.62055e+06 diffscore=1312.67 priorChange=-87.3365 successMove=36
ITERATION 53 newScore=-2.62021e+06 diffscore=335.799 priorChange=-69.3147 successMove=36
ITERATION 54 newScore=-2.61923e+06 diffscore=986.114 priorChange=-79.0188 successMove=35
ITERATION 55 newScore=-2.6178e+06 diffscore=1428.16 priorChange=-76.2462 successMove=35
ITERATION 56 newScore=-2.61605e+06 diffscore=1747.01 priorChange=-62.3832 successMove=36
ITERATION 57 newScore=-2.6158e+06 diffscore=253.744 priorChange=-74.8599 successMove=35
ITERATION 58 newScore=-2.61556e+06 diffscore=234.923 priorChange=-74.8599 successMove=36
ITERATION 59 newScore=-2.61407e+06 diffscore=1494.32 priorChange=-66.5421 successMove=35
ITERATION 60 newScore=-2.61242e+06 diffscore=1651.34 priorChange=-66.5421 successMove=35
ITERATION 61 newScore=-2.61216e+06 diffscore=253.367 priorChange=-67.9284 successMove=34
ITERATION 62 newScore=-2.61186e+06 diffscore=303.621 priorChange=-73.4736 successMove=34
ITERATION 63 newScore=-2.61151e+06 diffscore=345.743 priorChange=-58.2244 successMove=32
ITERATION 64 newScore=-2.61026e+06 diffscore=1250.53 priorChange=-63.7695 successMove=32
ITERATION 65 newScore=-2.61006e+06 diffscore=207.067 priorChange=-48.5203 successMove=31
ITERATION 66 newScore=-2.60897e+06 diffscore=1081.62 priorChange=-66.5421 successMove=31
ITERATION 67 newScore=-2.60866e+06 diffscore=313.891 priorChange=-60.997 successMove=30
ITERATION 68 newScore=-2.60765e+06 diffscore=1012.87 priorChange=-56.8381 successMove=30
ITERATION 69 newScore=-2.60643e+06 diffscore=1220.08 priorChange=-41.5888 successMove=29
ITERATION 70 newScore=-2.60628e+06 diffscore=151.217 priorChange=-63.7695 successMove=27
ITERATION 71 newScore=-2.6061e+06 diffscore=172.511 priorChange=-49.9066 successMove=25
ITERATION 72 newScore=-2.60595e+06 diffscore=151.158 priorChange=-48.5203 successMove=25
ITERATION 73 newScore=-2.60581e+06 diffscore=140.685 priorChange=-40.2025 successMove=25
ITERATION 74 newScore=-2.60563e+06 diffscore=178.961 priorChange=-44.3614 successMove=26
ITERATION 75 newScore=-2.60455e+06 diffscore=1086.29 priorChange=-49.9066 successMove=25
ITERATION 76 newScore=-2.60435e+06 diffscore=191.805 priorChange=-41.5888 successMove=24
ITERATION 77 newScore=-2.60423e+06 diffscore=122.27 priorChange=-41.5888 successMove=22
ITERATION 78 newScore=-2.60395e+06 diffscore=286.188 priorChange=-38.8162 successMove=21
ITERATION 79 newScore=-2.60261e+06 diffscore=1336.85 priorChange=-31.8848 successMove=21
ITERATION 80 newScore=-2.60234e+06 diffscore=266.858 priorChange=-23.567 successMove=21
ITERATION 81 newScore=-2.60075e+06 diffscore=1595.48 priorChange=-38.8162 successMove=19
ITERATION 82 newScore=-2.59959e+06 diffscore=1157.09 priorChange=-30.4985 successMove=19
ITERATION 83 newScore=-2.59864e+06 diffscore=953.655 priorChange=-29.1122 successMove=18
ITERATION 84 newScore=-2.5985e+06 diffscore=139.82 priorChange=-38.8162 successMove=18
ITERATION 85 newScore=-2.59837e+06 diffscore=124.752 priorChange=-33.2711 successMove=18
ITERATION 86 newScore=-2.59713e+06 diffscore=1246.09 priorChange=-24.9533 successMove=19
ITERATION 87 newScore=-2.59696e+06 diffscore=161.128 priorChange=-34.6574 successMove=17
ITERATION 88 newScore=-2.59676e+06 diffscore=204.683 priorChange=-29.1122 successMove=15
ITERATION 89 newScore=-2.59669e+06 diffscore=72.5369 priorChange=-27.7259 successMove=15
ITERATION 90 newScore=-2.59661e+06 diffscore=75.3384 priorChange=-26.3396 successMove=15
ITERATION 91 newScore=-2.59527e+06 diffscore=1342.29 priorChange=-27.7259 successMove=14
ITERATION 92 newScore=-2.59522e+06 diffscore=48.8764 priorChange=-27.7259 successMove=11
ITERATION 93 newScore=-2.59518e+06 diffscore=45.0204 priorChange=-29.1122 successMove=11
ITERATION 94 newScore=-2.59513e+06 diffscore=47.7942 priorChange=-27.7259 successMove=11
ITERATION 95 newScore=-2.59507e+06 diffscore=56.5936 priorChange=-27.7259 successMove=11
ITERATION 96 newScore=-2.59502e+06 diffscore=53.1025 priorChange=-26.3396 successMove=10
ITERATION 97 newScore=-2.59497e+06 diffscore=51.4325 priorChange=-23.567 successMove=10
ITERATION 98 newScore=-2.59492e+06 diffscore=49.1808 priorChange=-19.4081 successMove=10
ITERATION 99 newScore=-2.59487e+06 diffscore=46.6002 priorChange=-16.6355 successMove=10
MetaLearner::dumpAllGraphs
Final Score -2.59487e+06
MetaLearner::start runtime: 1002705407 ms
Results/
Results/cluster8/
Results/cluster8/fold0/
Results/cluster8/fold0/var_mb_pw_k50.txt
Results/cluster8/fold0/modelparams.txt
Results/cluster8/scoreFile.txt
Results/cluster3/
Results/cluster3/fold0/
Results/cluster3/fold0/var_mb_pw_k50.txt
Results/cluster3/fold0/modelparams.txt
Results/cluster2/
Results/cluster2/fold0/
Results/cluster2/fold0/var_mb_pw_k50.txt
Results/cluster2/fold0/modelparams.txt
Results/cluster1/
Results/cluster1/fold0/
Results/cluster1/fold0/var_mb_pw_k50.txt
Results/cluster1/fold0/modelparams.txt
Results/cluster6/
Results/cluster6/fold0/
Results/cluster6/fold0/var_mb_pw_k50.txt
Results/cluster6/fold0/modelparams.txt
Results/cluster9/
Results/cluster9/fold0/
Results/cluster9/fold0/var_mb_pw_k50.txt
Results/cluster9/fold0/modelparams.txt
Results/cluster10/
Results/cluster10/fold0/
Results/cluster10/fold0/var_mb_pw_k50.txt
Results/cluster10/fold0/modelparams.txt
Results/cluster7/
Results/cluster7/fold0/
Results/cluster7/fold0/var_mb_pw_k50.txt
Results/cluster7/fold0/modelparams.txt
