000 (49777.057.000) 10/11 10:48:07 Job submitted from host: <144.92.142.142:9618?addrs=144.92.142.142-9618&noUDP&sock=44923_051a_3>
...
001 (49777.057.000) 10/11 11:04:13 Job executing on host: <128.105.68.49:9618?addrs=128.105.68.49-9618&alias=e2479.chtc.wisc.edu&noUDP&sock=startd_4870_fe4f>
...
006 (49777.057.000) 10/11 11:04:22 Image size of job updated: 105676
	104  -  MemoryUsage of job (MB)
	105676  -  ResidentSetSize of job (KB)
...
006 (49777.057.000) 10/11 11:09:22 Image size of job updated: 724208
	658  -  MemoryUsage of job (MB)
	672828  -  ResidentSetSize of job (KB)
...
006 (49777.057.000) 10/11 11:14:22 Image size of job updated: 864280
	796  -  MemoryUsage of job (MB)
	814596  -  ResidentSetSize of job (KB)
...
006 (49777.057.000) 10/11 11:19:24 Image size of job updated: 1072868
	999  -  MemoryUsage of job (MB)
	1022232  -  ResidentSetSize of job (KB)
...
006 (49777.057.000) 10/11 11:24:24 Image size of job updated: 1262708
	1193  -  MemoryUsage of job (MB)
	1221420  -  ResidentSetSize of job (KB)
...
006 (49777.057.000) 10/11 11:29:24 Image size of job updated: 1487960
	1411  -  MemoryUsage of job (MB)
	1444236  -  ResidentSetSize of job (KB)
...
006 (49777.057.000) 10/11 11:29:56 Image size of job updated: 1511236
	1411  -  MemoryUsage of job (MB)
	1444236  -  ResidentSetSize of job (KB)
...
005 (49777.057.000) 10/11 11:29:56 Job terminated.
	(1) Normal termination (return value 0)
		Usr 0 00:25:37, Sys 0 00:00:02  -  Run Remote Usage
		Usr 0 00:00:00, Sys 0 00:00:00  -  Run Local Usage
		Usr 0 00:25:37, Sys 0 00:00:02  -  Total Remote Usage
		Usr 0 00:00:00, Sys 0 00:00:00  -  Total Local Usage
	170565  -  Run Bytes Sent By Job
	316855744  -  Run Bytes Received By Job
	170565  -  Total Bytes Sent By Job
	316855744  -  Total Bytes Received By Job
	Partitionable Resources :     Usage  Request Allocated 
	   Cpus                 :      1.00        1         1 
	   Disk (KB)            : 325000      819200   1696518 
	   Memory (MB)          :   1411       20480     20480 
...
