./CVN -f config_condor.txt -x50 -v1 -l TFs_OGs.txt -n AllGenes44.txt -d celltype_tree_ancestor.txt -m testdata_ogids.txt -s celltype_order.txt -p 0.2 -c yes -b -4 -q 4
(cluster3|cluster8) p_maintain_edge=0.8 p_gain=0.2
(cluster2|cluster3) p_maintain_edge=0.8 p_gain=0.2
(cluster1|cluster2) p_maintain_edge=0.8 p_gain=0.2
(cluster6|cluster2) p_maintain_edge=0.8 p_gain=0.2
(cluster9|cluster6) p_maintain_edge=0.8 p_gain=0.2
(cluster10|cluster6) p_maintain_edge=0.8 p_gain=0.2
(cluster7|cluster10) p_maintain_edge=0.8 p_gain=0.2
speciesSet.size()=8 Root is cluster8
MappedOrthogroupReader::readSpeciesMapping() --- celltype_order.txt
MappedOrthogroupReader::readFile - testdata_ogids.txt
MappedOrthogroupReader::generateGeneOrthoMap()
MetaLearner::init_onefold() read:config_condor.txt
MetaLearner::setinputVariableNames number of variables: 2045
readEvidenceTable:cluster8.table
PotentialManager::loadEvidenceFromTable varCount=2045 sampleCount=348
motifNetwork.size() = 319
0=cluster8 motifNetwork=cluster8_network.txt
variable size=2045
readEvidenceTable:cluster3.table
PotentialManager::loadEvidenceFromTable varCount=2045 sampleCount=95
motifNetwork.size() = 326
1=cluster3 motifNetwork=cluster3_network.txt
variable size=2045
readEvidenceTable:cluster2.table
PotentialManager::loadEvidenceFromTable varCount=2045 sampleCount=386
motifNetwork.size() = 328
2=cluster2 motifNetwork=cluster2_network.txt
variable size=2045
readEvidenceTable:cluster1.table
PotentialManager::loadEvidenceFromTable varCount=2045 sampleCount=36
motifNetwork.size() = 322
3=cluster1 motifNetwork=cluster1_network.txt
variable size=2045
readEvidenceTable:cluster6.table
PotentialManager::loadEvidenceFromTable varCount=2045 sampleCount=524
motifNetwork.size() = 320
4=cluster6 motifNetwork=cluster6_network.txt
variable size=2045
readEvidenceTable:cluster9.table
PotentialManager::loadEvidenceFromTable varCount=2045 sampleCount=184
motifNetwork.size() = 327
5=cluster9 motifNetwork=cluster9_network.txt
variable size=2045
readEvidenceTable:cluster10.table
PotentialManager::loadEvidenceFromTable varCount=2045 sampleCount=165
motifNetwork.size() = 326
6=cluster10 motifNetwork=cluster10_network.txt
variable size=2045
readEvidenceTable:cluster7.table
PotentialManager::loadEvidenceFromTable varCount=2045 sampleCount=1032
motifNetwork.size() = 320
7=cluster7 motifNetwork=cluster7_network.txt
variable size=2045
-------------------------------------------------------------
MetaLearner::start
precomputeEmptyGraphPrior
binkey=0 [Edge status: 0 0 0 0 0 0 0 0 ] P(G)=P(cluster8=0)[0.8] * P(cluster1=0|cluster2=0) * P(cluster9=0|cluster6=0) * P(cluster7=0|cluster10=0) * P(cluster10=0|cluster6=0) * P(cluster6=0|cluster2=0) * P(cluster2=0|cluster3=0) * P(cluster3=0|cluster8=0)[0.209715]=0.167772
condsetMap_Tree
0 cluster8=0 cluster3=0 cluster2=0 cluster1=0 cluster6=0 cluster9=0 cluster10=0 cluster7=1
1 cluster8=0 cluster3=0 cluster2=0 cluster1=0 cluster6=0 cluster9=1 cluster10=0 cluster7=0
2 cluster8=0 cluster3=0 cluster2=0 cluster1=0 cluster6=0 cluster9=1 cluster10=0 cluster7=1
3 cluster8=0 cluster3=0 cluster2=0 cluster1=1 cluster6=0 cluster9=0 cluster10=0 cluster7=0
4 cluster8=0 cluster3=0 cluster2=0 cluster1=1 cluster6=0 cluster9=0 cluster10=0 cluster7=1
5 cluster8=0 cluster3=0 cluster2=0 cluster1=1 cluster6=0 cluster9=1 cluster10=0 cluster7=0
6 cluster8=0 cluster3=0 cluster2=0 cluster1=1 cluster6=0 cluster9=1 cluster10=0 cluster7=1
7 cluster8=0 cluster3=0 cluster2=0 cluster1=0 cluster6=0 cluster9=0 cluster10=1 cluster7=1
8 cluster8=0 cluster3=0 cluster2=0 cluster1=0 cluster6=0 cluster9=1 cluster10=1 cluster7=1
9 cluster8=0 cluster3=0 cluster2=0 cluster1=1 cluster6=0 cluster9=0 cluster10=1 cluster7=1
10 cluster8=0 cluster3=0 cluster2=0 cluster1=1 cluster6=0 cluster9=1 cluster10=1 cluster7=1
11 cluster8=0 cluster3=0 cluster2=0 cluster1=0 cluster6=1 cluster9=1 cluster10=1 cluster7=1
12 cluster8=0 cluster3=0 cluster2=0 cluster1=1 cluster6=1 cluster9=1 cluster10=1 cluster7=1
13 cluster8=0 cluster3=0 cluster2=1 cluster1=1 cluster6=1 cluster9=1 cluster10=1 cluster7=1
14 cluster8=0 cluster3=1 cluster2=1 cluster1=1 cluster6=1 cluster9=1 cluster10=1 cluster7=1
15 cluster8=1 cluster3=1 cluster2=1 cluster1=1 cluster6=1 cluster9=1 cluster10=1 cluster7=1
16 cluster8=1 cluster3=1 cluster2=1 cluster1=1 cluster6=1 cluster9=1 cluster10=1 cluster7=0
17 cluster8=1 cluster3=1 cluster2=1 cluster1=1 cluster6=1 cluster9=0 cluster10=1 cluster7=1
18 cluster8=1 cluster3=1 cluster2=1 cluster1=1 cluster6=1 cluster9=0 cluster10=1 cluster7=0
19 cluster8=1 cluster3=1 cluster2=1 cluster1=0 cluster6=1 cluster9=1 cluster10=1 cluster7=1
20 cluster8=1 cluster3=1 cluster2=1 cluster1=0 cluster6=1 cluster9=1 cluster10=1 cluster7=0
21 cluster8=1 cluster3=1 cluster2=1 cluster1=0 cluster6=1 cluster9=0 cluster10=1 cluster7=1
22 cluster8=1 cluster3=1 cluster2=1 cluster1=0 cluster6=1 cluster9=0 cluster10=1 cluster7=0
23 cluster8=1 cluster3=1 cluster2=1 cluster1=1 cluster6=1 cluster9=1 cluster10=0 cluster7=0
24 cluster8=1 cluster3=1 cluster2=1 cluster1=1 cluster6=1 cluster9=0 cluster10=0 cluster7=0
25 cluster8=1 cluster3=1 cluster2=1 cluster1=0 cluster6=1 cluster9=1 cluster10=0 cluster7=0
26 cluster8=1 cluster3=1 cluster2=1 cluster1=0 cluster6=1 cluster9=0 cluster10=0 cluster7=0
27 cluster8=1 cluster3=1 cluster2=1 cluster1=1 cluster6=0 cluster9=0 cluster10=0 cluster7=0
28 cluster8=1 cluster3=1 cluster2=1 cluster1=0 cluster6=0 cluster9=0 cluster10=0 cluster7=0
29 cluster8=1 cluster3=1 cluster2=0 cluster1=0 cluster6=0 cluster9=0 cluster10=0 cluster7=0
30 cluster8=1 cluster3=0 cluster2=0 cluster1=0 cluster6=0 cluster9=0 cluster10=0 cluster7=0
31 cluster8=0 cluster3=0 cluster2=0 cluster1=0 cluster6=1 cluster9=0 cluster10=0 cluster7=0
32 cluster8=0 cluster3=0 cluster2=1 cluster1=0 cluster6=0 cluster9=0 cluster10=0 cluster7=0
33 cluster8=0 cluster3=0 cluster2=0 cluster1=0 cluster6=0 cluster9=0 cluster10=1 cluster7=0
34 cluster8=0 cluster3=1 cluster2=0 cluster1=0 cluster6=0 cluster9=0 cluster10=0 cluster7=0
inputRegulatorOGs.size() = 1999 inputOGList.size() = 50
binkey=128 [Edge status: 0 0 0 0 0 0 0 1 ] P(G)=P(cluster8=0)[0.8] * P(cluster1=0|cluster2=0) * P(cluster9=0|cluster6=0) * P(cluster7=1|cluster10=0) * P(cluster10=0|cluster6=0) * P(cluster6=0|cluster2=0) * P(cluster2=0|cluster3=0) * P(cluster3=0|cluster8=0)[0.0524288]=0.041943
binkey=16 [Edge status: 0 0 0 0 1 0 0 0 ] P(G)=P(cluster8=0)[0.8] * P(cluster1=0|cluster2=0) * P(cluster9=0|cluster6=1) * P(cluster7=0|cluster10=0) * P(cluster10=0|cluster6=1) * P(cluster6=1|cluster2=0) * P(cluster2=0|cluster3=0) * P(cluster3=0|cluster8=0)[0.0032768]=0.00262144
binkey=32 [Edge status: 0 0 0 0 0 1 0 0 ] P(G)=P(cluster8=0)[0.8] * P(cluster1=0|cluster2=0) * P(cluster9=1|cluster6=0) * P(cluster7=0|cluster10=0) * P(cluster10=0|cluster6=0) * P(cluster6=0|cluster2=0) * P(cluster2=0|cluster3=0) * P(cluster3=0|cluster8=0)[0.0524288]=0.041943
binkey=64 [Edge status: 0 0 0 0 0 0 1 0 ] P(G)=P(cluster8=0)[0.8] * P(cluster1=0|cluster2=0) * P(cluster9=0|cluster6=0) * P(cluster7=0|cluster10=1) * P(cluster10=1|cluster6=0) * P(cluster6=0|cluster2=0) * P(cluster2=0|cluster3=0) * P(cluster3=0|cluster8=0)[0.0131072]=0.0104858
binkey=1 [Edge status: 1 0 0 0 0 0 0 0 ] P(G)=P(cluster8=1)[0.2] * P(cluster1=0|cluster2=0) * P(cluster9=0|cluster6=0) * P(cluster7=0|cluster10=0) * P(cluster10=0|cluster6=0) * P(cluster6=0|cluster2=0) * P(cluster2=0|cluster3=0) * P(cluster3=0|cluster8=1)[0.0524288]=0.0104858
binkey=2 [Edge status: 0 1 0 0 0 0 0 0 ] P(G)=P(cluster8=0)[0.8] * P(cluster1=0|cluster2=0) * P(cluster9=0|cluster6=0) * P(cluster7=0|cluster10=0) * P(cluster10=0|cluster6=0) * P(cluster6=0|cluster2=0) * P(cluster2=0|cluster3=1) * P(cluster3=1|cluster8=0)[0.0131072]=0.0104858
binkey=192 [Edge status: 0 0 0 0 0 0 1 1 ] P(G)=P(cluster8=0)[0.8] * P(cluster1=0|cluster2=0) * P(cluster9=0|cluster6=0) * P(cluster7=1|cluster10=1) * P(cluster10=1|cluster6=0) * P(cluster6=0|cluster2=0) * P(cluster2=0|cluster3=0) * P(cluster3=0|cluster8=0)[0.0524288]=0.041943
binkey=4 [Edge status: 0 0 1 0 0 0 0 0 ] P(G)=P(cluster8=0)[0.8] * P(cluster1=0|cluster2=1) * P(cluster9=0|cluster6=0) * P(cluster7=0|cluster10=0) * P(cluster10=0|cluster6=0) * P(cluster6=0|cluster2=1) * P(cluster2=1|cluster3=0) * P(cluster3=0|cluster8=0)[0.0032768]=0.00262144
binkey=160 [Edge status: 0 0 0 0 0 1 0 1 ] P(G)=P(cluster8=0)[0.8] * P(cluster1=0|cluster2=0) * P(cluster9=1|cluster6=0) * P(cluster7=1|cluster10=0) * P(cluster10=0|cluster6=0) * P(cluster6=0|cluster2=0) * P(cluster2=0|cluster3=0) * P(cluster3=0|cluster8=0)[0.0131072]=0.0104858
binkey=224 [Edge status: 0 0 0 0 0 1 1 1 ] P(G)=P(cluster8=0)[0.8] * P(cluster1=0|cluster2=0) * P(cluster9=1|cluster6=0) * P(cluster7=1|cluster10=1) * P(cluster10=1|cluster6=0) * P(cluster6=0|cluster2=0) * P(cluster2=0|cluster3=0) * P(cluster3=0|cluster8=0)[0.0131072]=0.0104858
binkey=8 [Edge status: 0 0 0 1 0 0 0 0 ] P(G)=P(cluster8=0)[0.8] * P(cluster1=1|cluster2=0) * P(cluster9=0|cluster6=0) * P(cluster7=0|cluster10=0) * P(cluster10=0|cluster6=0) * P(cluster6=0|cluster2=0) * P(cluster2=0|cluster3=0) * P(cluster3=0|cluster8=0)[0.0524288]=0.041943
binkey=136 [Edge status: 0 0 0 1 0 0 0 1 ] P(G)=P(cluster8=0)[0.8] * P(cluster1=1|cluster2=0) * P(cluster9=0|cluster6=0) * P(cluster7=1|cluster10=0) * P(cluster10=0|cluster6=0) * P(cluster6=0|cluster2=0) * P(cluster2=0|cluster3=0) * P(cluster3=0|cluster8=0)[0.0131072]=0.0104858
binkey=40 [Edge status: 0 0 0 1 0 1 0 0 ] P(G)=P(cluster8=0)[0.8] * P(cluster1=1|cluster2=0) * P(cluster9=1|cluster6=0) * P(cluster7=0|cluster10=0) * P(cluster10=0|cluster6=0) * P(cluster6=0|cluster2=0) * P(cluster2=0|cluster3=0) * P(cluster3=0|cluster8=0)[0.0131072]=0.0104858
binkey=168 [Edge status: 0 0 0 1 0 1 0 1 ] P(G)=P(cluster8=0)[0.8] * P(cluster1=1|cluster2=0) * P(cluster9=1|cluster6=0) * P(cluster7=1|cluster10=0) * P(cluster10=0|cluster6=0) * P(cluster6=0|cluster2=0) * P(cluster2=0|cluster3=0) * P(cluster3=0|cluster8=0)[0.0032768]=0.00262144
binkey=200 [Edge status: 0 0 0 1 0 0 1 1 ] P(G)=P(cluster8=0)[0.8] * P(cluster1=1|cluster2=0) * P(cluster9=0|cluster6=0) * P(cluster7=1|cluster10=1) * P(cluster10=1|cluster6=0) * P(cluster6=0|cluster2=0) * P(cluster2=0|cluster3=0) * P(cluster3=0|cluster8=0)[0.0131072]=0.0104858
binkey=232 [Edge status: 0 0 0 1 0 1 1 1 ] P(G)=P(cluster8=0)[0.8] * P(cluster1=1|cluster2=0) * P(cluster9=1|cluster6=0) * P(cluster7=1|cluster10=1) * P(cluster10=1|cluster6=0) * P(cluster6=0|cluster2=0) * P(cluster2=0|cluster3=0) * P(cluster3=0|cluster8=0)[0.0032768]=0.00262144
binkey=240 [Edge status: 0 0 0 0 1 1 1 1 ] P(G)=P(cluster8=0)[0.8] * P(cluster1=0|cluster2=0) * P(cluster9=1|cluster6=1) * P(cluster7=1|cluster10=1) * P(cluster10=1|cluster6=1) * P(cluster6=1|cluster2=0) * P(cluster2=0|cluster3=0) * P(cluster3=0|cluster8=0)[0.0524288]=0.041943
binkey=3 [Edge status: 1 1 0 0 0 0 0 0 ] P(G)=P(cluster8=1)[0.2] * P(cluster1=0|cluster2=0) * P(cluster9=0|cluster6=0) * P(cluster7=0|cluster10=0) * P(cluster10=0|cluster6=0) * P(cluster6=0|cluster2=0) * P(cluster2=0|cluster3=1) * P(cluster3=1|cluster8=1)[0.0524288]=0.0104858
binkey=23 [Edge status: 1 1 1 0 1 0 0 0 ] P(G)=P(cluster8=1)[0.2] * P(cluster1=0|cluster2=1) * P(cluster9=0|cluster6=1) * P(cluster7=0|cluster10=0) * P(cluster10=0|cluster6=1) * P(cluster6=1|cluster2=1) * P(cluster2=1|cluster3=1) * P(cluster3=1|cluster8=1)[0.0032768]=0.00065536
binkey=7 [Edge status: 1 1 1 0 0 0 0 0 ] P(G)=P(cluster8=1)[0.2] * P(cluster1=0|cluster2=1) * P(cluster9=0|cluster6=0) * P(cluster7=0|cluster10=0) * P(cluster10=0|cluster6=0) * P(cluster6=0|cluster2=1) * P(cluster2=1|cluster3=1) * P(cluster3=1|cluster8=1)[0.0131072]=0.00262144
binkey=248 [Edge status: 0 0 0 1 1 1 1 1 ] P(G)=P(cluster8=0)[0.8] * P(cluster1=1|cluster2=0) * P(cluster9=1|cluster6=1) * P(cluster7=1|cluster10=1) * P(cluster10=1|cluster6=1) * P(cluster6=1|cluster2=0) * P(cluster2=0|cluster3=0) * P(cluster3=0|cluster8=0)[0.0131072]=0.0104858
binkey=55 [Edge status: 1 1 1 0 1 1 0 0 ] P(G)=P(cluster8=1)[0.2] * P(cluster1=0|cluster2=1) * P(cluster9=1|cluster6=1) * P(cluster7=0|cluster10=0) * P(cluster10=0|cluster6=1) * P(cluster6=1|cluster2=1) * P(cluster2=1|cluster3=1) * P(cluster3=1|cluster8=1)[0.0131072]=0.00262144
ITERATION 0 newScore=-2.75421e+06 diffscore=16178.2 priorChange=-106.745 successMove=55
ITERATION 1 newScore=-2.74981e+06 diffscore=4405.41 priorChange=-113.676 successMove=55
binkey=252 [Edge status: 0 0 1 1 1 1 1 1 ] P(G)=P(cluster8=0)[0.8] * P(cluster1=1|cluster2=1) * P(cluster9=1|cluster6=1) * P(cluster7=1|cluster10=1) * P(cluster10=1|cluster6=1) * P(cluster6=1|cluster2=1) * P(cluster2=1|cluster3=0) * P(cluster3=0|cluster8=0)[0.0524288]=0.041943
ITERATION 2 newScore=-2.74375e+06 diffscore=6053.57 priorChange=-121.994 successMove=52
ITERATION 3 newScore=-2.73979e+06 diffscore=3965.83 priorChange=-109.517 successMove=51
ITERATION 4 newScore=-2.73776e+06 diffscore=2032.71 priorChange=-121.994 successMove=51
binkey=247 [Edge status: 1 1 1 0 1 1 1 1 ] P(G)=P(cluster8=1)[0.2] * P(cluster1=0|cluster2=1) * P(cluster9=1|cluster6=1) * P(cluster7=1|cluster10=1) * P(cluster10=1|cluster6=1) * P(cluster6=1|cluster2=1) * P(cluster2=1|cluster3=1) * P(cluster3=1|cluster8=1)[0.0524288]=0.0104858
binkey=119 [Edge status: 1 1 1 0 1 1 1 0 ] P(G)=P(cluster8=1)[0.2] * P(cluster1=0|cluster2=1) * P(cluster9=1|cluster6=1) * P(cluster7=0|cluster10=1) * P(cluster10=1|cluster6=1) * P(cluster6=1|cluster2=1) * P(cluster2=1|cluster3=1) * P(cluster3=1|cluster8=1)[0.0131072]=0.00262144
binkey=215 [Edge status: 1 1 1 0 1 0 1 1 ] P(G)=P(cluster8=1)[0.2] * P(cluster1=0|cluster2=1) * P(cluster9=0|cluster6=1) * P(cluster7=1|cluster10=1) * P(cluster10=1|cluster6=1) * P(cluster6=1|cluster2=1) * P(cluster2=1|cluster3=1) * P(cluster3=1|cluster8=1)[0.0131072]=0.00262144
binkey=87 [Edge status: 1 1 1 0 1 0 1 0 ] P(G)=P(cluster8=1)[0.2] * P(cluster1=0|cluster2=1) * P(cluster9=0|cluster6=1) * P(cluster7=0|cluster10=1) * P(cluster10=1|cluster6=1) * P(cluster6=1|cluster2=1) * P(cluster2=1|cluster3=1) * P(cluster3=1|cluster8=1)[0.0032768]=0.00065536
ITERATION 5 newScore=-2.73247e+06 diffscore=5281.21 priorChange=-110.904 successMove=53
ITERATION 6 newScore=-2.72821e+06 diffscore=4262.78 priorChange=-109.517 successMove=53
ITERATION 7 newScore=-2.72615e+06 diffscore=2061.04 priorChange=-108.131 successMove=62
ITERATION 8 newScore=-2.72458e+06 diffscore=1567.54 priorChange=-98.4269 successMove=51
ITERATION 9 newScore=-2.72151e+06 diffscore=3075.93 priorChange=-102.586 successMove=54
ITERATION 10 newScore=-2.71855e+06 diffscore=2960.18 priorChange=-106.745 successMove=51
ITERATION 11 newScore=-2.71611e+06 diffscore=2440.61 priorChange=-112.29 successMove=51
ITERATION 12 newScore=-2.71457e+06 diffscore=1533.55 priorChange=-113.676 successMove=51
ITERATION 13 newScore=-2.71006e+06 diffscore=4517.63 priorChange=-102.586 successMove=51
ITERATION 14 newScore=-2.70947e+06 diffscore=587.148 priorChange=-105.358 successMove=55
ITERATION 15 newScore=-2.70888e+06 diffscore=585.331 priorChange=-109.517 successMove=54
ITERATION 16 newScore=-2.70814e+06 diffscore=738.08 priorChange=-103.972 successMove=52
ITERATION 17 newScore=-2.70586e+06 diffscore=2280.76 priorChange=-112.29 successMove=52
ITERATION 18 newScore=-2.70402e+06 diffscore=1843.14 priorChange=-109.517 successMove=51
ITERATION 19 newScore=-2.69885e+06 diffscore=5167.36 priorChange=-117.835 successMove=50
ITERATION 20 newScore=-2.69195e+06 diffscore=6905.56 priorChange=-97.0406 successMove=51
ITERATION 21 newScore=-2.69e+06 diffscore=1952.63 priorChange=-94.268 successMove=51
ITERATION 22 newScore=-2.68783e+06 diffscore=2161.38 priorChange=-103.972 successMove=51
ITERATION 23 newScore=-2.68704e+06 diffscore=789.586 priorChange=-103.972 successMove=52
ITERATION 24 newScore=-2.6865e+06 diffscore=548.951 priorChange=-115.062 successMove=49
ITERATION 25 newScore=-2.68346e+06 diffscore=3038.27 priorChange=-106.745 successMove=49
ITERATION 26 newScore=-2.68187e+06 diffscore=1583.23 priorChange=-113.676 successMove=50
ITERATION 27 newScore=-2.68072e+06 diffscore=1155.04 priorChange=-101.199 successMove=48
ITERATION 28 newScore=-2.67945e+06 diffscore=1271.57 priorChange=-112.29 successMove=48
ITERATION 29 newScore=-2.67787e+06 diffscore=1574.81 priorChange=-113.676 successMove=49
ITERATION 30 newScore=-2.67733e+06 diffscore=537.722 priorChange=-103.972 successMove=49
ITERATION 31 newScore=-2.67447e+06 diffscore=2869.16 priorChange=-87.3365 successMove=49
ITERATION 32 newScore=-2.67404e+06 diffscore=428.66 priorChange=-87.3365 successMove=46
ITERATION 33 newScore=-2.67357e+06 diffscore=466.2 priorChange=-95.6543 successMove=49
ITERATION 34 newScore=-2.67177e+06 diffscore=1803.58 priorChange=-97.0406 successMove=46
ITERATION 35 newScore=-2.66968e+06 diffscore=2085.82 priorChange=-90.1091 successMove=46
ITERATION 36 newScore=-2.66892e+06 diffscore=765.133 priorChange=-91.4954 successMove=46
ITERATION 37 newScore=-2.66805e+06 diffscore=868.825 priorChange=-91.4954 successMove=46
ITERATION 38 newScore=-2.6665e+06 diffscore=1552.16 priorChange=-97.0406 successMove=46
ITERATION 39 newScore=-2.66599e+06 diffscore=510.079 priorChange=-90.1091 successMove=46
ITERATION 40 newScore=-2.66435e+06 diffscore=1637.08 priorChange=-84.564 successMove=46
ITERATION 41 newScore=-2.66398e+06 diffscore=364.012 priorChange=-101.199 successMove=46
ITERATION 42 newScore=-2.66362e+06 diffscore=366.81 priorChange=-87.3365 successMove=46
ITERATION 43 newScore=-2.66199e+06 diffscore=1625.06 priorChange=-90.1091 successMove=46
ITERATION 44 newScore=-2.66161e+06 diffscore=386.784 priorChange=-92.8817 successMove=44
ITERATION 45 newScore=-2.66019e+06 diffscore=1412.65 priorChange=-87.3365 successMove=43
ITERATION 46 newScore=-2.65949e+06 diffscore=703.365 priorChange=-84.564 successMove=45
ITERATION 47 newScore=-2.65908e+06 diffscore=409.133 priorChange=-90.1091 successMove=43
ITERATION 48 newScore=-2.65763e+06 diffscore=1454.36 priorChange=-97.0406 successMove=42
ITERATION 49 newScore=-2.65628e+06 diffscore=1344.96 priorChange=-99.8132 successMove=42
ITERATION 50 newScore=-2.656e+06 diffscore=276.176 priorChange=-85.9503 successMove=44
ITERATION 51 newScore=-2.65478e+06 diffscore=1221.53 priorChange=-80.4051 successMove=41
ITERATION 52 newScore=-2.65451e+06 diffscore=275.827 priorChange=-81.7914 successMove=41
ITERATION 53 newScore=-2.65426e+06 diffscore=244.834 priorChange=-79.0188 successMove=41
ITERATION 54 newScore=-2.654e+06 diffscore=260.709 priorChange=-80.4051 successMove=40
ITERATION 55 newScore=-2.65369e+06 diffscore=312.862 priorChange=-79.0188 successMove=38
ITERATION 56 newScore=-2.65105e+06 diffscore=2638.12 priorChange=-62.3832 successMove=37
ITERATION 57 newScore=-2.65086e+06 diffscore=189.345 priorChange=-62.3832 successMove=39
ITERATION 58 newScore=-2.65065e+06 diffscore=212.031 priorChange=-70.701 successMove=38
ITERATION 59 newScore=-2.65039e+06 diffscore=263.011 priorChange=-65.1558 successMove=37
ITERATION 60 newScore=-2.65018e+06 diffscore=207.854 priorChange=-70.701 successMove=35
ITERATION 61 newScore=-2.64997e+06 diffscore=212.056 priorChange=-49.9066 successMove=36
ITERATION 62 newScore=-2.64968e+06 diffscore=284.805 priorChange=-70.701 successMove=35
ITERATION 63 newScore=-2.64833e+06 diffscore=1355.08 priorChange=-66.5421 successMove=33
ITERATION 64 newScore=-2.64745e+06 diffscore=877.623 priorChange=-60.997 successMove=33
ITERATION 65 newScore=-2.64725e+06 diffscore=196.203 priorChange=-74.8599 successMove=34
ITERATION 66 newScore=-2.64701e+06 diffscore=241.963 priorChange=-56.8381 successMove=29
ITERATION 67 newScore=-2.64684e+06 diffscore=175.586 priorChange=-56.8381 successMove=29
ITERATION 68 newScore=-2.64666e+06 diffscore=178.18 priorChange=-67.9284 successMove=29
ITERATION 69 newScore=-2.64645e+06 diffscore=206.112 priorChange=-59.6107 successMove=28
ITERATION 70 newScore=-2.64626e+06 diffscore=194.385 priorChange=-66.5421 successMove=27
ITERATION 71 newScore=-2.64565e+06 diffscore=604.008 priorChange=-59.6107 successMove=27
ITERATION 72 newScore=-2.64488e+06 diffscore=774.791 priorChange=-49.9066 successMove=27
ITERATION 73 newScore=-2.64473e+06 diffscore=152.745 priorChange=-56.8381 successMove=27
ITERATION 74 newScore=-2.64457e+06 diffscore=155.455 priorChange=-51.2929 successMove=27
ITERATION 75 newScore=-2.64438e+06 diffscore=186.532 priorChange=-51.2929 successMove=26
ITERATION 76 newScore=-2.64398e+06 diffscore=402.918 priorChange=-52.6792 successMove=26
ITERATION 77 newScore=-2.64378e+06 diffscore=202.601 priorChange=-54.0655 successMove=24
ITERATION 78 newScore=-2.64361e+06 diffscore=170.771 priorChange=-45.7477 successMove=23
ITERATION 79 newScore=-2.64306e+06 diffscore=542.12 priorChange=-51.2929 successMove=22
ITERATION 80 newScore=-2.64126e+06 diffscore=1805.43 priorChange=-40.2025 successMove=21
ITERATION 81 newScore=-2.64112e+06 diffscore=140.165 priorChange=-49.9066 successMove=22
ITERATION 82 newScore=-2.641e+06 diffscore=119.558 priorChange=-33.2711 successMove=21
ITERATION 83 newScore=-2.64083e+06 diffscore=172.444 priorChange=-34.6574 successMove=22
ITERATION 84 newScore=-2.64069e+06 diffscore=139.376 priorChange=-33.2711 successMove=19
ITERATION 85 newScore=-2.64013e+06 diffscore=556.133 priorChange=-34.6574 successMove=19
ITERATION 86 newScore=-2.63882e+06 diffscore=1312.64 priorChange=-38.8162 successMove=19
ITERATION 87 newScore=-2.63873e+06 diffscore=84.4851 priorChange=-37.4299 successMove=20
ITERATION 88 newScore=-2.63861e+06 diffscore=120.904 priorChange=-42.9751 successMove=18
ITERATION 89 newScore=-2.63749e+06 diffscore=1128.33 priorChange=-31.8848 successMove=19
ITERATION 90 newScore=-2.63742e+06 diffscore=65.8473 priorChange=-24.9533 successMove=19
ITERATION 91 newScore=-2.63723e+06 diffscore=189.159 priorChange=-20.7944 successMove=17
ITERATION 92 newScore=-2.63698e+06 diffscore=252.419 priorChange=-27.7259 successMove=17
ITERATION 93 newScore=-2.63584e+06 diffscore=1136.33 priorChange=-31.8848 successMove=15
ITERATION 94 newScore=-2.63578e+06 diffscore=61.367 priorChange=-26.3396 successMove=15
ITERATION 95 newScore=-2.63572e+06 diffscore=62.5693 priorChange=-29.1122 successMove=15
ITERATION 96 newScore=-2.63563e+06 diffscore=92.6822 priorChange=-33.2711 successMove=13
ITERATION 97 newScore=-2.63556e+06 diffscore=67.5972 priorChange=-19.4081 successMove=12
ITERATION 98 newScore=-2.6355e+06 diffscore=57.0027 priorChange=-16.6355 successMove=11
ITERATION 99 newScore=-2.63475e+06 diffscore=748.291 priorChange=-23.567 successMove=12
MetaLearner::dumpAllGraphs
Final Score -2.63475e+06
MetaLearner::start runtime: 1263261210 ms
Results/
Results/cluster3/
Results/cluster3/fold0/
Results/cluster3/fold0/modelparams.txt
Results/cluster3/fold0/var_mb_pw_k50.txt
Results/cluster7/
Results/cluster7/fold0/
Results/cluster7/fold0/modelparams.txt
Results/cluster7/fold0/var_mb_pw_k50.txt
Results/cluster2/
Results/cluster2/fold0/
Results/cluster2/fold0/modelparams.txt
Results/cluster2/fold0/var_mb_pw_k50.txt
Results/cluster9/
Results/cluster9/fold0/
Results/cluster9/fold0/modelparams.txt
Results/cluster9/fold0/var_mb_pw_k50.txt
Results/cluster6/
Results/cluster6/fold0/
Results/cluster6/fold0/modelparams.txt
Results/cluster6/fold0/var_mb_pw_k50.txt
Results/cluster1/
Results/cluster1/fold0/
Results/cluster1/fold0/modelparams.txt
Results/cluster1/fold0/var_mb_pw_k50.txt
Results/cluster10/
Results/cluster10/fold0/
Results/cluster10/fold0/modelparams.txt
Results/cluster10/fold0/var_mb_pw_k50.txt
Results/cluster8/
Results/cluster8/scoreFile.txt
Results/cluster8/fold0/
Results/cluster8/fold0/modelparams.txt
Results/cluster8/fold0/var_mb_pw_k50.txt
