./CVN -f config_condor.txt -x50 -v1 -l TFs_OGs.txt -n AllGenes160.txt -d celltype_tree_ancestor.txt -m testdata_ogids.txt -s celltype_order.txt -p 0.2 -c yes -b -4 -q 4
(cluster3|cluster8) p_maintain_edge=0.8 p_gain=0.2
(cluster2|cluster3) p_maintain_edge=0.8 p_gain=0.2
(cluster1|cluster2) p_maintain_edge=0.8 p_gain=0.2
(cluster6|cluster2) p_maintain_edge=0.8 p_gain=0.2
(cluster9|cluster6) p_maintain_edge=0.8 p_gain=0.2
(cluster10|cluster6) p_maintain_edge=0.8 p_gain=0.2
(cluster7|cluster10) p_maintain_edge=0.8 p_gain=0.2
speciesSet.size()=8 Root is cluster8
MappedOrthogroupReader::readSpeciesMapping() --- celltype_order.txt
MappedOrthogroupReader::readFile - testdata_ogids.txt
MappedOrthogroupReader::generateGeneOrthoMap()
MetaLearner::init_onefold() read:config_condor.txt
MetaLearner::setinputVariableNames number of variables: 2044
readEvidenceTable:cluster8.table
PotentialManager::loadEvidenceFromTable varCount=2044 sampleCount=348
motifNetwork.size() = 319
0=cluster8 motifNetwork=cluster8_network.txt
variable size=2044
readEvidenceTable:cluster3.table
PotentialManager::loadEvidenceFromTable varCount=2044 sampleCount=95
motifNetwork.size() = 326
1=cluster3 motifNetwork=cluster3_network.txt
variable size=2044
readEvidenceTable:cluster2.table
PotentialManager::loadEvidenceFromTable varCount=2044 sampleCount=386
motifNetwork.size() = 328
2=cluster2 motifNetwork=cluster2_network.txt
variable size=2044
readEvidenceTable:cluster1.table
PotentialManager::loadEvidenceFromTable varCount=2044 sampleCount=36
motifNetwork.size() = 322
3=cluster1 motifNetwork=cluster1_network.txt
variable size=2044
readEvidenceTable:cluster6.table
PotentialManager::loadEvidenceFromTable varCount=2044 sampleCount=524
motifNetwork.size() = 320
4=cluster6 motifNetwork=cluster6_network.txt
variable size=2044
readEvidenceTable:cluster9.table
PotentialManager::loadEvidenceFromTable varCount=2044 sampleCount=184
motifNetwork.size() = 327
5=cluster9 motifNetwork=cluster9_network.txt
variable size=2044
readEvidenceTable:cluster10.table
PotentialManager::loadEvidenceFromTable varCount=2044 sampleCount=165
motifNetwork.size() = 326
6=cluster10 motifNetwork=cluster10_network.txt
variable size=2044
readEvidenceTable:cluster7.table
PotentialManager::loadEvidenceFromTable varCount=2044 sampleCount=1032
motifNetwork.size() = 320
7=cluster7 motifNetwork=cluster7_network.txt
variable size=2044
-------------------------------------------------------------
MetaLearner::start
precomputeEmptyGraphPrior
binkey=0 [Edge status: 0 0 0 0 0 0 0 0 ] P(G)=P(cluster8=0)[0.8] * P(cluster1=0|cluster2=0) * P(cluster9=0|cluster6=0) * P(cluster7=0|cluster10=0) * P(cluster10=0|cluster6=0) * P(cluster6=0|cluster2=0) * P(cluster2=0|cluster3=0) * P(cluster3=0|cluster8=0)[0.209715]=0.167772
condsetMap_Tree
0 cluster8=0 cluster3=0 cluster2=0 cluster1=0 cluster6=0 cluster9=0 cluster10=0 cluster7=1
1 cluster8=0 cluster3=0 cluster2=0 cluster1=0 cluster6=0 cluster9=1 cluster10=0 cluster7=0
2 cluster8=0 cluster3=0 cluster2=0 cluster1=0 cluster6=0 cluster9=1 cluster10=0 cluster7=1
3 cluster8=0 cluster3=0 cluster2=0 cluster1=1 cluster6=0 cluster9=0 cluster10=0 cluster7=0
4 cluster8=0 cluster3=0 cluster2=0 cluster1=1 cluster6=0 cluster9=0 cluster10=0 cluster7=1
5 cluster8=0 cluster3=0 cluster2=0 cluster1=1 cluster6=0 cluster9=1 cluster10=0 cluster7=0
6 cluster8=0 cluster3=0 cluster2=0 cluster1=1 cluster6=0 cluster9=1 cluster10=0 cluster7=1
7 cluster8=0 cluster3=0 cluster2=0 cluster1=0 cluster6=0 cluster9=0 cluster10=1 cluster7=1
8 cluster8=0 cluster3=0 cluster2=0 cluster1=0 cluster6=0 cluster9=1 cluster10=1 cluster7=1
9 cluster8=0 cluster3=0 cluster2=0 cluster1=1 cluster6=0 cluster9=0 cluster10=1 cluster7=1
10 cluster8=0 cluster3=0 cluster2=0 cluster1=1 cluster6=0 cluster9=1 cluster10=1 cluster7=1
11 cluster8=0 cluster3=0 cluster2=0 cluster1=0 cluster6=1 cluster9=1 cluster10=1 cluster7=1
12 cluster8=0 cluster3=0 cluster2=0 cluster1=1 cluster6=1 cluster9=1 cluster10=1 cluster7=1
13 cluster8=0 cluster3=0 cluster2=1 cluster1=1 cluster6=1 cluster9=1 cluster10=1 cluster7=1
14 cluster8=0 cluster3=1 cluster2=1 cluster1=1 cluster6=1 cluster9=1 cluster10=1 cluster7=1
15 cluster8=1 cluster3=1 cluster2=1 cluster1=1 cluster6=1 cluster9=1 cluster10=1 cluster7=1
16 cluster8=1 cluster3=1 cluster2=1 cluster1=1 cluster6=1 cluster9=1 cluster10=1 cluster7=0
17 cluster8=1 cluster3=1 cluster2=1 cluster1=1 cluster6=1 cluster9=0 cluster10=1 cluster7=1
18 cluster8=1 cluster3=1 cluster2=1 cluster1=1 cluster6=1 cluster9=0 cluster10=1 cluster7=0
19 cluster8=1 cluster3=1 cluster2=1 cluster1=0 cluster6=1 cluster9=1 cluster10=1 cluster7=1
20 cluster8=1 cluster3=1 cluster2=1 cluster1=0 cluster6=1 cluster9=1 cluster10=1 cluster7=0
21 cluster8=1 cluster3=1 cluster2=1 cluster1=0 cluster6=1 cluster9=0 cluster10=1 cluster7=1
22 cluster8=1 cluster3=1 cluster2=1 cluster1=0 cluster6=1 cluster9=0 cluster10=1 cluster7=0
23 cluster8=1 cluster3=1 cluster2=1 cluster1=1 cluster6=1 cluster9=1 cluster10=0 cluster7=0
24 cluster8=1 cluster3=1 cluster2=1 cluster1=1 cluster6=1 cluster9=0 cluster10=0 cluster7=0
25 cluster8=1 cluster3=1 cluster2=1 cluster1=0 cluster6=1 cluster9=1 cluster10=0 cluster7=0
26 cluster8=1 cluster3=1 cluster2=1 cluster1=0 cluster6=1 cluster9=0 cluster10=0 cluster7=0
27 cluster8=1 cluster3=1 cluster2=1 cluster1=1 cluster6=0 cluster9=0 cluster10=0 cluster7=0
28 cluster8=1 cluster3=1 cluster2=1 cluster1=0 cluster6=0 cluster9=0 cluster10=0 cluster7=0
29 cluster8=1 cluster3=1 cluster2=0 cluster1=0 cluster6=0 cluster9=0 cluster10=0 cluster7=0
30 cluster8=1 cluster3=0 cluster2=0 cluster1=0 cluster6=0 cluster9=0 cluster10=0 cluster7=0
31 cluster8=0 cluster3=0 cluster2=0 cluster1=0 cluster6=1 cluster9=0 cluster10=0 cluster7=0
32 cluster8=0 cluster3=0 cluster2=1 cluster1=0 cluster6=0 cluster9=0 cluster10=0 cluster7=0
33 cluster8=0 cluster3=0 cluster2=0 cluster1=0 cluster6=0 cluster9=0 cluster10=1 cluster7=0
34 cluster8=0 cluster3=1 cluster2=0 cluster1=0 cluster6=0 cluster9=0 cluster10=0 cluster7=0
inputRegulatorOGs.size() = 1999 inputOGList.size() = 50
binkey=2 [Edge status: 0 1 0 0 0 0 0 0 ] P(G)=P(cluster8=0)[0.8] * P(cluster1=0|cluster2=0) * P(cluster9=0|cluster6=0) * P(cluster7=0|cluster10=0) * P(cluster10=0|cluster6=0) * P(cluster6=0|cluster2=0) * P(cluster2=0|cluster3=1) * P(cluster3=1|cluster8=0)[0.0131072]=0.0104858
binkey=16 [Edge status: 0 0 0 0 1 0 0 0 ] P(G)=P(cluster8=0)[0.8] * P(cluster1=0|cluster2=0) * P(cluster9=0|cluster6=1) * P(cluster7=0|cluster10=0) * P(cluster10=0|cluster6=1) * P(cluster6=1|cluster2=0) * P(cluster2=0|cluster3=0) * P(cluster3=0|cluster8=0)[0.0032768]=0.00262144
binkey=4 [Edge status: 0 0 1 0 0 0 0 0 ] P(G)=P(cluster8=0)[0.8] * P(cluster1=0|cluster2=1) * P(cluster9=0|cluster6=0) * P(cluster7=0|cluster10=0) * P(cluster10=0|cluster6=0) * P(cluster6=0|cluster2=1) * P(cluster2=1|cluster3=0) * P(cluster3=0|cluster8=0)[0.0032768]=0.00262144
binkey=128 [Edge status: 0 0 0 0 0 0 0 1 ] P(G)=P(cluster8=0)[0.8] * P(cluster1=0|cluster2=0) * P(cluster9=0|cluster6=0) * P(cluster7=1|cluster10=0) * P(cluster10=0|cluster6=0) * P(cluster6=0|cluster2=0) * P(cluster2=0|cluster3=0) * P(cluster3=0|cluster8=0)[0.0524288]=0.041943
binkey=1 [Edge status: 1 0 0 0 0 0 0 0 ] P(G)=P(cluster8=1)[0.2] * P(cluster1=0|cluster2=0) * P(cluster9=0|cluster6=0) * P(cluster7=0|cluster10=0) * P(cluster10=0|cluster6=0) * P(cluster6=0|cluster2=0) * P(cluster2=0|cluster3=0) * P(cluster3=0|cluster8=1)[0.0524288]=0.0104858
binkey=32 [Edge status: 0 0 0 0 0 1 0 0 ] P(G)=P(cluster8=0)[0.8] * P(cluster1=0|cluster2=0) * P(cluster9=1|cluster6=0) * P(cluster7=0|cluster10=0) * P(cluster10=0|cluster6=0) * P(cluster6=0|cluster2=0) * P(cluster2=0|cluster3=0) * P(cluster3=0|cluster8=0)[0.0524288]=0.041943
binkey=64 [Edge status: 0 0 0 0 0 0 1 0 ] P(G)=P(cluster8=0)[0.8] * P(cluster1=0|cluster2=0) * P(cluster9=0|cluster6=0) * P(cluster7=0|cluster10=1) * P(cluster10=1|cluster6=0) * P(cluster6=0|cluster2=0) * P(cluster2=0|cluster3=0) * P(cluster3=0|cluster8=0)[0.0131072]=0.0104858
binkey=8 [Edge status: 0 0 0 1 0 0 0 0 ] P(G)=P(cluster8=0)[0.8] * P(cluster1=1|cluster2=0) * P(cluster9=0|cluster6=0) * P(cluster7=0|cluster10=0) * P(cluster10=0|cluster6=0) * P(cluster6=0|cluster2=0) * P(cluster2=0|cluster3=0) * P(cluster3=0|cluster8=0)[0.0524288]=0.041943
binkey=136 [Edge status: 0 0 0 1 0 0 0 1 ] P(G)=P(cluster8=0)[0.8] * P(cluster1=1|cluster2=0) * P(cluster9=0|cluster6=0) * P(cluster7=1|cluster10=0) * P(cluster10=0|cluster6=0) * P(cluster6=0|cluster2=0) * P(cluster2=0|cluster3=0) * P(cluster3=0|cluster8=0)[0.0131072]=0.0104858
binkey=160 [Edge status: 0 0 0 0 0 1 0 1 ] P(G)=P(cluster8=0)[0.8] * P(cluster1=0|cluster2=0) * P(cluster9=1|cluster6=0) * P(cluster7=1|cluster10=0) * P(cluster10=0|cluster6=0) * P(cluster6=0|cluster2=0) * P(cluster2=0|cluster3=0) * P(cluster3=0|cluster8=0)[0.0131072]=0.0104858
binkey=192 [Edge status: 0 0 0 0 0 0 1 1 ] P(G)=P(cluster8=0)[0.8] * P(cluster1=0|cluster2=0) * P(cluster9=0|cluster6=0) * P(cluster7=1|cluster10=1) * P(cluster10=1|cluster6=0) * P(cluster6=0|cluster2=0) * P(cluster2=0|cluster3=0) * P(cluster3=0|cluster8=0)[0.0524288]=0.041943
binkey=200 [Edge status: 0 0 0 1 0 0 1 1 ] P(G)=P(cluster8=0)[0.8] * P(cluster1=1|cluster2=0) * P(cluster9=0|cluster6=0) * P(cluster7=1|cluster10=1) * P(cluster10=1|cluster6=0) * P(cluster6=0|cluster2=0) * P(cluster2=0|cluster3=0) * P(cluster3=0|cluster8=0)[0.0131072]=0.0104858
binkey=40 [Edge status: 0 0 0 1 0 1 0 0 ] P(G)=P(cluster8=0)[0.8] * P(cluster1=1|cluster2=0) * P(cluster9=1|cluster6=0) * P(cluster7=0|cluster10=0) * P(cluster10=0|cluster6=0) * P(cluster6=0|cluster2=0) * P(cluster2=0|cluster3=0) * P(cluster3=0|cluster8=0)[0.0131072]=0.0104858
binkey=3 [Edge status: 1 1 0 0 0 0 0 0 ] P(G)=P(cluster8=1)[0.2] * P(cluster1=0|cluster2=0) * P(cluster9=0|cluster6=0) * P(cluster7=0|cluster10=0) * P(cluster10=0|cluster6=0) * P(cluster6=0|cluster2=0) * P(cluster2=0|cluster3=1) * P(cluster3=1|cluster8=1)[0.0524288]=0.0104858
binkey=224 [Edge status: 0 0 0 0 0 1 1 1 ] P(G)=P(cluster8=0)[0.8] * P(cluster1=0|cluster2=0) * P(cluster9=1|cluster6=0) * P(cluster7=1|cluster10=1) * P(cluster10=1|cluster6=0) * P(cluster6=0|cluster2=0) * P(cluster2=0|cluster3=0) * P(cluster3=0|cluster8=0)[0.0131072]=0.0104858
binkey=240 [Edge status: 0 0 0 0 1 1 1 1 ] P(G)=P(cluster8=0)[0.8] * P(cluster1=0|cluster2=0) * P(cluster9=1|cluster6=1) * P(cluster7=1|cluster10=1) * P(cluster10=1|cluster6=1) * P(cluster6=1|cluster2=0) * P(cluster2=0|cluster3=0) * P(cluster3=0|cluster8=0)[0.0524288]=0.041943
binkey=168 [Edge status: 0 0 0 1 0 1 0 1 ] P(G)=P(cluster8=0)[0.8] * P(cluster1=1|cluster2=0) * P(cluster9=1|cluster6=0) * P(cluster7=1|cluster10=0) * P(cluster10=0|cluster6=0) * P(cluster6=0|cluster2=0) * P(cluster2=0|cluster3=0) * P(cluster3=0|cluster8=0)[0.0032768]=0.00262144
binkey=7 [Edge status: 1 1 1 0 0 0 0 0 ] P(G)=P(cluster8=1)[0.2] * P(cluster1=0|cluster2=1) * P(cluster9=0|cluster6=0) * P(cluster7=0|cluster10=0) * P(cluster10=0|cluster6=0) * P(cluster6=0|cluster2=1) * P(cluster2=1|cluster3=1) * P(cluster3=1|cluster8=1)[0.0131072]=0.00262144
binkey=232 [Edge status: 0 0 0 1 0 1 1 1 ] P(G)=P(cluster8=0)[0.8] * P(cluster1=1|cluster2=0) * P(cluster9=1|cluster6=0) * P(cluster7=1|cluster10=1) * P(cluster10=1|cluster6=0) * P(cluster6=0|cluster2=0) * P(cluster2=0|cluster3=0) * P(cluster3=0|cluster8=0)[0.0032768]=0.00262144
binkey=248 [Edge status: 0 0 0 1 1 1 1 1 ] P(G)=P(cluster8=0)[0.8] * P(cluster1=1|cluster2=0) * P(cluster9=1|cluster6=1) * P(cluster7=1|cluster10=1) * P(cluster10=1|cluster6=1) * P(cluster6=1|cluster2=0) * P(cluster2=0|cluster3=0) * P(cluster3=0|cluster8=0)[0.0131072]=0.0104858
binkey=252 [Edge status: 0 0 1 1 1 1 1 1 ] P(G)=P(cluster8=0)[0.8] * P(cluster1=1|cluster2=1) * P(cluster9=1|cluster6=1) * P(cluster7=1|cluster10=1) * P(cluster10=1|cluster6=1) * P(cluster6=1|cluster2=1) * P(cluster2=1|cluster3=0) * P(cluster3=0|cluster8=0)[0.0524288]=0.041943
binkey=23 [Edge status: 1 1 1 0 1 0 0 0 ] P(G)=P(cluster8=1)[0.2] * P(cluster1=0|cluster2=1) * P(cluster9=0|cluster6=1) * P(cluster7=0|cluster10=0) * P(cluster10=0|cluster6=1) * P(cluster6=1|cluster2=1) * P(cluster2=1|cluster3=1) * P(cluster3=1|cluster8=1)[0.0032768]=0.00065536
binkey=247 [Edge status: 1 1 1 0 1 1 1 1 ] P(G)=P(cluster8=1)[0.2] * P(cluster1=0|cluster2=1) * P(cluster9=1|cluster6=1) * P(cluster7=1|cluster10=1) * P(cluster10=1|cluster6=1) * P(cluster6=1|cluster2=1) * P(cluster2=1|cluster3=1) * P(cluster3=1|cluster8=1)[0.0524288]=0.0104858
binkey=119 [Edge status: 1 1 1 0 1 1 1 0 ] P(G)=P(cluster8=1)[0.2] * P(cluster1=0|cluster2=1) * P(cluster9=1|cluster6=1) * P(cluster7=0|cluster10=1) * P(cluster10=1|cluster6=1) * P(cluster6=1|cluster2=1) * P(cluster2=1|cluster3=1) * P(cluster3=1|cluster8=1)[0.0131072]=0.00262144
binkey=215 [Edge status: 1 1 1 0 1 0 1 1 ] P(G)=P(cluster8=1)[0.2] * P(cluster1=0|cluster2=1) * P(cluster9=0|cluster6=1) * P(cluster7=1|cluster10=1) * P(cluster10=1|cluster6=1) * P(cluster6=1|cluster2=1) * P(cluster2=1|cluster3=1) * P(cluster3=1|cluster8=1)[0.0131072]=0.00262144
binkey=87 [Edge status: 1 1 1 0 1 0 1 0 ] P(G)=P(cluster8=1)[0.2] * P(cluster1=0|cluster2=1) * P(cluster9=0|cluster6=1) * P(cluster7=0|cluster10=1) * P(cluster10=1|cluster6=1) * P(cluster6=1|cluster2=1) * P(cluster2=1|cluster3=1) * P(cluster3=1|cluster8=1)[0.0032768]=0.00065536
binkey=55 [Edge status: 1 1 1 0 1 1 0 0 ] P(G)=P(cluster8=1)[0.2] * P(cluster1=0|cluster2=1) * P(cluster9=1|cluster6=1) * P(cluster7=0|cluster10=0) * P(cluster10=0|cluster6=1) * P(cluster6=1|cluster2=1) * P(cluster2=1|cluster3=1) * P(cluster3=1|cluster8=1)[0.0131072]=0.00262144
ITERATION 0 newScore=-2.75062e+06 diffscore=21353.5 priorChange=-105.358 successMove=56
ITERATION 1 newScore=-2.74558e+06 diffscore=5041 priorChange=-109.517 successMove=60
ITERATION 2 newScore=-2.73943e+06 diffscore=6151.85 priorChange=-113.676 successMove=52
ITERATION 3 newScore=-2.72818e+06 diffscore=11254.2 priorChange=-106.745 successMove=51
ITERATION 4 newScore=-2.72041e+06 diffscore=7767.06 priorChange=-120.608 successMove=50
ITERATION 5 newScore=-2.7142e+06 diffscore=6207.41 priorChange=-119.221 successMove=51
ITERATION 6 newScore=-2.71033e+06 diffscore=3872.5 priorChange=-116.449 successMove=52
ITERATION 7 newScore=-2.70515e+06 diffscore=5182.44 priorChange=-116.449 successMove=52
ITERATION 8 newScore=-2.70092e+06 diffscore=4226.92 priorChange=-116.449 successMove=53
ITERATION 9 newScore=-2.6989e+06 diffscore=2025.05 priorChange=-117.835 successMove=51
ITERATION 10 newScore=-2.69738e+06 diffscore=1512.71 priorChange=-113.676 successMove=50
ITERATION 11 newScore=-2.69481e+06 diffscore=2575.7 priorChange=-117.835 successMove=51
ITERATION 12 newScore=-2.69403e+06 diffscore=781.423 priorChange=-121.994 successMove=51
ITERATION 13 newScore=-2.69128e+06 diffscore=2741.55 priorChange=-106.745 successMove=56
ITERATION 14 newScore=-2.6876e+06 diffscore=3681.54 priorChange=-106.745 successMove=49
ITERATION 15 newScore=-2.68511e+06 diffscore=2495.63 priorChange=-120.608 successMove=49
ITERATION 16 newScore=-2.68167e+06 diffscore=3438.84 priorChange=-103.972 successMove=49
ITERATION 17 newScore=-2.67876e+06 diffscore=2912.53 priorChange=-112.29 successMove=49
ITERATION 18 newScore=-2.67692e+06 diffscore=1838.28 priorChange=-112.29 successMove=48
ITERATION 19 newScore=-2.67625e+06 diffscore=662.748 priorChange=-103.972 successMove=49
ITERATION 20 newScore=-2.67427e+06 diffscore=1988.4 priorChange=-115.062 successMove=49
ITERATION 21 newScore=-2.67157e+06 diffscore=2699.48 priorChange=-110.904 successMove=48
ITERATION 22 newScore=-2.67072e+06 diffscore=842.338 priorChange=-113.676 successMove=48
ITERATION 23 newScore=-2.67018e+06 diffscore=543.924 priorChange=-108.131 successMove=49
ITERATION 24 newScore=-2.66773e+06 diffscore=2448.72 priorChange=-124.766 successMove=48
ITERATION 25 newScore=-2.66716e+06 diffscore=568.967 priorChange=-103.972 successMove=48
ITERATION 26 newScore=-2.66662e+06 diffscore=541.178 priorChange=-115.062 successMove=53
ITERATION 27 newScore=-2.66406e+06 diffscore=2562.16 priorChange=-112.29 successMove=47
ITERATION 28 newScore=-2.66235e+06 diffscore=1707.92 priorChange=-99.8132 successMove=48
ITERATION 29 newScore=-2.66072e+06 diffscore=1627.15 priorChange=-102.586 successMove=49
ITERATION 30 newScore=-2.65866e+06 diffscore=2064.43 priorChange=-113.676 successMove=51
ITERATION 31 newScore=-2.6569e+06 diffscore=1758.33 priorChange=-95.6543 successMove=49
ITERATION 32 newScore=-2.65527e+06 diffscore=1632.2 priorChange=-121.994 successMove=48
ITERATION 33 newScore=-2.65284e+06 diffscore=2424.51 priorChange=-116.449 successMove=48
ITERATION 34 newScore=-2.65116e+06 diffscore=1685.53 priorChange=-113.676 successMove=46
ITERATION 35 newScore=-2.65074e+06 diffscore=420.024 priorChange=-108.131 successMove=46
ITERATION 36 newScore=-2.64965e+06 diffscore=1084.7 priorChange=-92.8817 successMove=48
ITERATION 37 newScore=-2.64928e+06 diffscore=371.347 priorChange=-105.358 successMove=46
ITERATION 38 newScore=-2.6475e+06 diffscore=1783.45 priorChange=-115.062 successMove=46
ITERATION 39 newScore=-2.64703e+06 diffscore=471.924 priorChange=-106.745 successMove=47
ITERATION 40 newScore=-2.64413e+06 diffscore=2896.74 priorChange=-113.676 successMove=46
ITERATION 41 newScore=-2.64386e+06 diffscore=270.969 priorChange=-106.745 successMove=48
ITERATION 42 newScore=-2.64358e+06 diffscore=279.712 priorChange=-116.449 successMove=46
ITERATION 43 newScore=-2.64319e+06 diffscore=386.214 priorChange=-94.268 successMove=46
ITERATION 44 newScore=-2.64285e+06 diffscore=340.816 priorChange=-99.8132 successMove=46
ITERATION 45 newScore=-2.64246e+06 diffscore=392.207 priorChange=-98.4269 successMove=45
ITERATION 46 newScore=-2.64137e+06 diffscore=1089.31 priorChange=-88.7228 successMove=43
ITERATION 47 newScore=-2.63999e+06 diffscore=1385.43 priorChange=-91.4954 successMove=43
ITERATION 48 newScore=-2.6397e+06 diffscore=285.262 priorChange=-95.6543 successMove=44
ITERATION 49 newScore=-2.6382e+06 diffscore=1503.12 priorChange=-90.1091 successMove=42
ITERATION 50 newScore=-2.63795e+06 diffscore=247.403 priorChange=-90.1091 successMove=41
ITERATION 51 newScore=-2.63767e+06 diffscore=277.299 priorChange=-94.268 successMove=41
ITERATION 52 newScore=-2.63738e+06 diffscore=289.582 priorChange=-88.7228 successMove=40
ITERATION 53 newScore=-2.63709e+06 diffscore=296.617 priorChange=-95.6543 successMove=40
ITERATION 54 newScore=-2.63682e+06 diffscore=267.369 priorChange=-76.2462 successMove=40
ITERATION 55 newScore=-2.63655e+06 diffscore=268.6 priorChange=-91.4954 successMove=40
ITERATION 56 newScore=-2.63617e+06 diffscore=384.472 priorChange=-83.1777 successMove=41
ITERATION 57 newScore=-2.63497e+06 diffscore=1196.48 priorChange=-92.8817 successMove=40
ITERATION 58 newScore=-2.63425e+06 diffscore=724.277 priorChange=-85.9503 successMove=41
ITERATION 59 newScore=-2.63276e+06 diffscore=1481.17 priorChange=-102.586 successMove=39
ITERATION 60 newScore=-2.62973e+06 diffscore=3034.24 priorChange=-91.4954 successMove=39
ITERATION 61 newScore=-2.62956e+06 diffscore=173.727 priorChange=-74.8599 successMove=39
ITERATION 62 newScore=-2.62937e+06 diffscore=189.669 priorChange=-70.701 successMove=36
ITERATION 63 newScore=-2.62918e+06 diffscore=182.466 priorChange=-70.701 successMove=36
ITERATION 64 newScore=-2.62899e+06 diffscore=191.763 priorChange=-49.9066 successMove=31
ITERATION 65 newScore=-2.62769e+06 diffscore=1297.74 priorChange=-66.5421 successMove=28
ITERATION 66 newScore=-2.62759e+06 diffscore=104.073 priorChange=-45.7477 successMove=28
ITERATION 67 newScore=-2.62746e+06 diffscore=130.133 priorChange=-65.1558 successMove=27
ITERATION 68 newScore=-2.62729e+06 diffscore=168.229 priorChange=-51.2929 successMove=27
ITERATION 69 newScore=-2.62716e+06 diffscore=133.383 priorChange=-48.5203 successMove=28
ITERATION 70 newScore=-2.62617e+06 diffscore=985.896 priorChange=-42.9751 successMove=27
ITERATION 71 newScore=-2.62604e+06 diffscore=132.248 priorChange=-47.134 successMove=25
ITERATION 72 newScore=-2.6259e+06 diffscore=139.408 priorChange=-49.9066 successMove=24
ITERATION 73 newScore=-2.62577e+06 diffscore=135.984 priorChange=-41.5888 successMove=24
ITERATION 74 newScore=-2.62555e+06 diffscore=213.83 priorChange=-42.9751 successMove=23
ITERATION 75 newScore=-2.62526e+06 diffscore=291.19 priorChange=-42.9751 successMove=22
ITERATION 76 newScore=-2.62381e+06 diffscore=1450.17 priorChange=-36.0437 successMove=22
ITERATION 77 newScore=-2.62329e+06 diffscore=520.208 priorChange=-36.0437 successMove=21
ITERATION 78 newScore=-2.62264e+06 diffscore=650.896 priorChange=-40.2025 successMove=21
ITERATION 79 newScore=-2.62256e+06 diffscore=78.4737 priorChange=-37.4299 successMove=20
ITERATION 80 newScore=-2.62249e+06 diffscore=69.1182 priorChange=-40.2025 successMove=20
ITERATION 81 newScore=-2.62241e+06 diffscore=83.1727 priorChange=-48.5203 successMove=21
ITERATION 82 newScore=-2.62232e+06 diffscore=87.1164 priorChange=-42.9751 successMove=20
ITERATION 83 newScore=-2.62225e+06 diffscore=71.7019 priorChange=-36.0437 successMove=23
ITERATION 84 newScore=-2.62214e+06 diffscore=105.933 priorChange=-37.4299 successMove=18
ITERATION 85 newScore=-2.62203e+06 diffscore=110.228 priorChange=-36.0437 successMove=16
ITERATION 86 newScore=-2.62194e+06 diffscore=90.8036 priorChange=-24.9533 successMove=17
ITERATION 87 newScore=-2.62178e+06 diffscore=162.034 priorChange=-30.4985 successMove=16
ITERATION 88 newScore=-2.62155e+06 diffscore=229.486 priorChange=-34.6574 successMove=16
ITERATION 89 newScore=-2.62139e+06 diffscore=166 priorChange=-30.4985 successMove=14
ITERATION 90 newScore=-2.62117e+06 diffscore=216.3 priorChange=-27.7259 successMove=13
ITERATION 91 newScore=-2.62094e+06 diffscore=232.034 priorChange=-30.4985 successMove=13
ITERATION 92 newScore=-2.61985e+06 diffscore=1090.39 priorChange=-26.3396 successMove=13
ITERATION 93 newScore=-2.6197e+06 diffscore=144.555 priorChange=-27.7259 successMove=13
ITERATION 94 newScore=-2.61942e+06 diffscore=279.13 priorChange=-29.1122 successMove=13
ITERATION 95 newScore=-2.61813e+06 diffscore=1290.15 priorChange=-18.0218 successMove=11
ITERATION 96 newScore=-2.61726e+06 diffscore=872.163 priorChange=-30.4985 successMove=11
ITERATION 97 newScore=-2.61704e+06 diffscore=223.103 priorChange=-31.8848 successMove=12
ITERATION 98 newScore=-2.61689e+06 diffscore=149.641 priorChange=-12.4766 successMove=9
ITERATION 99 newScore=-2.6164e+06 diffscore=484.191 priorChange=-23.567 successMove=9
MetaLearner::dumpAllGraphs
Final Score -2.6164e+06
MetaLearner::start runtime: 1219793532 ms
Results/
Results/cluster3/
Results/cluster3/fold0/
Results/cluster3/fold0/modelparams.txt
Results/cluster3/fold0/var_mb_pw_k50.txt
Results/cluster7/
Results/cluster7/fold0/
Results/cluster7/fold0/modelparams.txt
Results/cluster7/fold0/var_mb_pw_k50.txt
Results/cluster2/
Results/cluster2/fold0/
Results/cluster2/fold0/modelparams.txt
Results/cluster2/fold0/var_mb_pw_k50.txt
Results/cluster9/
Results/cluster9/fold0/
Results/cluster9/fold0/modelparams.txt
Results/cluster9/fold0/var_mb_pw_k50.txt
Results/cluster6/
Results/cluster6/fold0/
Results/cluster6/fold0/modelparams.txt
Results/cluster6/fold0/var_mb_pw_k50.txt
Results/cluster1/
Results/cluster1/fold0/
Results/cluster1/fold0/modelparams.txt
Results/cluster1/fold0/var_mb_pw_k50.txt
Results/cluster10/
Results/cluster10/fold0/
Results/cluster10/fold0/modelparams.txt
Results/cluster10/fold0/var_mb_pw_k50.txt
Results/cluster8/
Results/cluster8/scoreFile.txt
Results/cluster8/fold0/
Results/cluster8/fold0/modelparams.txt
Results/cluster8/fold0/var_mb_pw_k50.txt
