./CVN -f config_condor.txt -x50 -v1 -l TFs_OGs.txt -n AllGenes144.txt -d celltype_tree_ancestor.txt -m testdata_ogids.txt -s celltype_order.txt -p 0.2 -c yes -b -4 -q 4
(cluster3|cluster8) p_maintain_edge=0.8 p_gain=0.2
(cluster2|cluster3) p_maintain_edge=0.8 p_gain=0.2
(cluster1|cluster2) p_maintain_edge=0.8 p_gain=0.2
(cluster6|cluster2) p_maintain_edge=0.8 p_gain=0.2
(cluster9|cluster6) p_maintain_edge=0.8 p_gain=0.2
(cluster10|cluster6) p_maintain_edge=0.8 p_gain=0.2
(cluster7|cluster10) p_maintain_edge=0.8 p_gain=0.2
speciesSet.size()=8 Root is cluster8
MappedOrthogroupReader::readSpeciesMapping() --- celltype_order.txt
MappedOrthogroupReader::readFile - testdata_ogids.txt
MappedOrthogroupReader::generateGeneOrthoMap()
MetaLearner::init_onefold() read:config_condor.txt
MetaLearner::setinputVariableNames number of variables: 2044
readEvidenceTable:cluster8.table
PotentialManager::loadEvidenceFromTable varCount=2044 sampleCount=348
motifNetwork.size() = 319
0=cluster8 motifNetwork=cluster8_network.txt
variable size=2044
readEvidenceTable:cluster3.table
PotentialManager::loadEvidenceFromTable varCount=2044 sampleCount=95
motifNetwork.size() = 326
1=cluster3 motifNetwork=cluster3_network.txt
variable size=2044
readEvidenceTable:cluster2.table
PotentialManager::loadEvidenceFromTable varCount=2044 sampleCount=386
motifNetwork.size() = 328
2=cluster2 motifNetwork=cluster2_network.txt
variable size=2044
readEvidenceTable:cluster1.table
PotentialManager::loadEvidenceFromTable varCount=2044 sampleCount=36
motifNetwork.size() = 322
3=cluster1 motifNetwork=cluster1_network.txt
variable size=2044
readEvidenceTable:cluster6.table
PotentialManager::loadEvidenceFromTable varCount=2044 sampleCount=524
motifNetwork.size() = 320
4=cluster6 motifNetwork=cluster6_network.txt
variable size=2044
readEvidenceTable:cluster9.table
PotentialManager::loadEvidenceFromTable varCount=2044 sampleCount=184
motifNetwork.size() = 327
5=cluster9 motifNetwork=cluster9_network.txt
variable size=2044
readEvidenceTable:cluster10.table
PotentialManager::loadEvidenceFromTable varCount=2044 sampleCount=165
motifNetwork.size() = 326
6=cluster10 motifNetwork=cluster10_network.txt
variable size=2044
readEvidenceTable:cluster7.table
PotentialManager::loadEvidenceFromTable varCount=2044 sampleCount=1032
motifNetwork.size() = 320
7=cluster7 motifNetwork=cluster7_network.txt
variable size=2044
-------------------------------------------------------------
MetaLearner::start
precomputeEmptyGraphPrior
binkey=0 [Edge status: 0 0 0 0 0 0 0 0 ] P(G)=P(cluster8=0)[0.8] * P(cluster1=0|cluster2=0) * P(cluster9=0|cluster6=0) * P(cluster7=0|cluster10=0) * P(cluster10=0|cluster6=0) * P(cluster6=0|cluster2=0) * P(cluster2=0|cluster3=0) * P(cluster3=0|cluster8=0)[0.209715]=0.167772
condsetMap_Tree
0 cluster8=0 cluster3=0 cluster2=0 cluster1=0 cluster6=0 cluster9=0 cluster10=0 cluster7=1
1 cluster8=0 cluster3=0 cluster2=0 cluster1=0 cluster6=0 cluster9=1 cluster10=0 cluster7=0
2 cluster8=0 cluster3=0 cluster2=0 cluster1=0 cluster6=0 cluster9=1 cluster10=0 cluster7=1
3 cluster8=0 cluster3=0 cluster2=0 cluster1=1 cluster6=0 cluster9=0 cluster10=0 cluster7=0
4 cluster8=0 cluster3=0 cluster2=0 cluster1=1 cluster6=0 cluster9=0 cluster10=0 cluster7=1
5 cluster8=0 cluster3=0 cluster2=0 cluster1=1 cluster6=0 cluster9=1 cluster10=0 cluster7=0
6 cluster8=0 cluster3=0 cluster2=0 cluster1=1 cluster6=0 cluster9=1 cluster10=0 cluster7=1
7 cluster8=0 cluster3=0 cluster2=0 cluster1=0 cluster6=0 cluster9=0 cluster10=1 cluster7=1
8 cluster8=0 cluster3=0 cluster2=0 cluster1=0 cluster6=0 cluster9=1 cluster10=1 cluster7=1
9 cluster8=0 cluster3=0 cluster2=0 cluster1=1 cluster6=0 cluster9=0 cluster10=1 cluster7=1
10 cluster8=0 cluster3=0 cluster2=0 cluster1=1 cluster6=0 cluster9=1 cluster10=1 cluster7=1
11 cluster8=0 cluster3=0 cluster2=0 cluster1=0 cluster6=1 cluster9=1 cluster10=1 cluster7=1
12 cluster8=0 cluster3=0 cluster2=0 cluster1=1 cluster6=1 cluster9=1 cluster10=1 cluster7=1
13 cluster8=0 cluster3=0 cluster2=1 cluster1=1 cluster6=1 cluster9=1 cluster10=1 cluster7=1
14 cluster8=0 cluster3=1 cluster2=1 cluster1=1 cluster6=1 cluster9=1 cluster10=1 cluster7=1
15 cluster8=1 cluster3=1 cluster2=1 cluster1=1 cluster6=1 cluster9=1 cluster10=1 cluster7=1
16 cluster8=1 cluster3=1 cluster2=1 cluster1=1 cluster6=1 cluster9=1 cluster10=1 cluster7=0
17 cluster8=1 cluster3=1 cluster2=1 cluster1=1 cluster6=1 cluster9=0 cluster10=1 cluster7=1
18 cluster8=1 cluster3=1 cluster2=1 cluster1=1 cluster6=1 cluster9=0 cluster10=1 cluster7=0
19 cluster8=1 cluster3=1 cluster2=1 cluster1=0 cluster6=1 cluster9=1 cluster10=1 cluster7=1
20 cluster8=1 cluster3=1 cluster2=1 cluster1=0 cluster6=1 cluster9=1 cluster10=1 cluster7=0
21 cluster8=1 cluster3=1 cluster2=1 cluster1=0 cluster6=1 cluster9=0 cluster10=1 cluster7=1
22 cluster8=1 cluster3=1 cluster2=1 cluster1=0 cluster6=1 cluster9=0 cluster10=1 cluster7=0
23 cluster8=1 cluster3=1 cluster2=1 cluster1=1 cluster6=1 cluster9=1 cluster10=0 cluster7=0
24 cluster8=1 cluster3=1 cluster2=1 cluster1=1 cluster6=1 cluster9=0 cluster10=0 cluster7=0
25 cluster8=1 cluster3=1 cluster2=1 cluster1=0 cluster6=1 cluster9=1 cluster10=0 cluster7=0
26 cluster8=1 cluster3=1 cluster2=1 cluster1=0 cluster6=1 cluster9=0 cluster10=0 cluster7=0
27 cluster8=1 cluster3=1 cluster2=1 cluster1=1 cluster6=0 cluster9=0 cluster10=0 cluster7=0
28 cluster8=1 cluster3=1 cluster2=1 cluster1=0 cluster6=0 cluster9=0 cluster10=0 cluster7=0
29 cluster8=1 cluster3=1 cluster2=0 cluster1=0 cluster6=0 cluster9=0 cluster10=0 cluster7=0
30 cluster8=1 cluster3=0 cluster2=0 cluster1=0 cluster6=0 cluster9=0 cluster10=0 cluster7=0
31 cluster8=0 cluster3=0 cluster2=0 cluster1=0 cluster6=1 cluster9=0 cluster10=0 cluster7=0
32 cluster8=0 cluster3=0 cluster2=1 cluster1=0 cluster6=0 cluster9=0 cluster10=0 cluster7=0
33 cluster8=0 cluster3=0 cluster2=0 cluster1=0 cluster6=0 cluster9=0 cluster10=1 cluster7=0
34 cluster8=0 cluster3=1 cluster2=0 cluster1=0 cluster6=0 cluster9=0 cluster10=0 cluster7=0
inputRegulatorOGs.size() = 1999 inputOGList.size() = 50
binkey=16 [Edge status: 0 0 0 0 1 0 0 0 ] P(G)=P(cluster8=0)[0.8] * P(cluster1=0|cluster2=0) * P(cluster9=0|cluster6=1) * P(cluster7=0|cluster10=0) * P(cluster10=0|cluster6=1) * P(cluster6=1|cluster2=0) * P(cluster2=0|cluster3=0) * P(cluster3=0|cluster8=0)[0.0032768]=0.00262144
binkey=4 [Edge status: 0 0 1 0 0 0 0 0 ] P(G)=P(cluster8=0)[0.8] * P(cluster1=0|cluster2=1) * P(cluster9=0|cluster6=0) * P(cluster7=0|cluster10=0) * P(cluster10=0|cluster6=0) * P(cluster6=0|cluster2=1) * P(cluster2=1|cluster3=0) * P(cluster3=0|cluster8=0)[0.0032768]=0.00262144
binkey=8 [Edge status: 0 0 0 1 0 0 0 0 ] P(G)=P(cluster8=0)[0.8] * P(cluster1=1|cluster2=0) * P(cluster9=0|cluster6=0) * P(cluster7=0|cluster10=0) * P(cluster10=0|cluster6=0) * P(cluster6=0|cluster2=0) * P(cluster2=0|cluster3=0) * P(cluster3=0|cluster8=0)[0.0524288]=0.041943
binkey=128 [Edge status: 0 0 0 0 0 0 0 1 ] P(G)=P(cluster8=0)[0.8] * P(cluster1=0|cluster2=0) * P(cluster9=0|cluster6=0) * P(cluster7=1|cluster10=0) * P(cluster10=0|cluster6=0) * P(cluster6=0|cluster2=0) * P(cluster2=0|cluster3=0) * P(cluster3=0|cluster8=0)[0.0524288]=0.041943
binkey=2 [Edge status: 0 1 0 0 0 0 0 0 ] P(G)=P(cluster8=0)[0.8] * P(cluster1=0|cluster2=0) * P(cluster9=0|cluster6=0) * P(cluster7=0|cluster10=0) * P(cluster10=0|cluster6=0) * P(cluster6=0|cluster2=0) * P(cluster2=0|cluster3=1) * P(cluster3=1|cluster8=0)[0.0131072]=0.0104858
binkey=32 [Edge status: 0 0 0 0 0 1 0 0 ] P(G)=P(cluster8=0)[0.8] * P(cluster1=0|cluster2=0) * P(cluster9=1|cluster6=0) * P(cluster7=0|cluster10=0) * P(cluster10=0|cluster6=0) * P(cluster6=0|cluster2=0) * P(cluster2=0|cluster3=0) * P(cluster3=0|cluster8=0)[0.0524288]=0.041943
binkey=160 [Edge status: 0 0 0 0 0 1 0 1 ] P(G)=P(cluster8=0)[0.8] * P(cluster1=0|cluster2=0) * P(cluster9=1|cluster6=0) * P(cluster7=1|cluster10=0) * P(cluster10=0|cluster6=0) * P(cluster6=0|cluster2=0) * P(cluster2=0|cluster3=0) * P(cluster3=0|cluster8=0)[0.0131072]=0.0104858
binkey=64 [Edge status: 0 0 0 0 0 0 1 0 ] P(G)=P(cluster8=0)[0.8] * P(cluster1=0|cluster2=0) * P(cluster9=0|cluster6=0) * P(cluster7=0|cluster10=1) * P(cluster10=1|cluster6=0) * P(cluster6=0|cluster2=0) * P(cluster2=0|cluster3=0) * P(cluster3=0|cluster8=0)[0.0131072]=0.0104858
binkey=1 [Edge status: 1 0 0 0 0 0 0 0 ] P(G)=P(cluster8=1)[0.2] * P(cluster1=0|cluster2=0) * P(cluster9=0|cluster6=0) * P(cluster7=0|cluster10=0) * P(cluster10=0|cluster6=0) * P(cluster6=0|cluster2=0) * P(cluster2=0|cluster3=0) * P(cluster3=0|cluster8=1)[0.0524288]=0.0104858
binkey=192 [Edge status: 0 0 0 0 0 0 1 1 ] P(G)=P(cluster8=0)[0.8] * P(cluster1=0|cluster2=0) * P(cluster9=0|cluster6=0) * P(cluster7=1|cluster10=1) * P(cluster10=1|cluster6=0) * P(cluster6=0|cluster2=0) * P(cluster2=0|cluster3=0) * P(cluster3=0|cluster8=0)[0.0524288]=0.041943
binkey=40 [Edge status: 0 0 0 1 0 1 0 0 ] P(G)=P(cluster8=0)[0.8] * P(cluster1=1|cluster2=0) * P(cluster9=1|cluster6=0) * P(cluster7=0|cluster10=0) * P(cluster10=0|cluster6=0) * P(cluster6=0|cluster2=0) * P(cluster2=0|cluster3=0) * P(cluster3=0|cluster8=0)[0.0131072]=0.0104858
binkey=136 [Edge status: 0 0 0 1 0 0 0 1 ] P(G)=P(cluster8=0)[0.8] * P(cluster1=1|cluster2=0) * P(cluster9=0|cluster6=0) * P(cluster7=1|cluster10=0) * P(cluster10=0|cluster6=0) * P(cluster6=0|cluster2=0) * P(cluster2=0|cluster3=0) * P(cluster3=0|cluster8=0)[0.0131072]=0.0104858
binkey=7 [Edge status: 1 1 1 0 0 0 0 0 ] P(G)=P(cluster8=1)[0.2] * P(cluster1=0|cluster2=1) * P(cluster9=0|cluster6=0) * P(cluster7=0|cluster10=0) * P(cluster10=0|cluster6=0) * P(cluster6=0|cluster2=1) * P(cluster2=1|cluster3=1) * P(cluster3=1|cluster8=1)[0.0131072]=0.00262144
binkey=3 [Edge status: 1 1 0 0 0 0 0 0 ] P(G)=P(cluster8=1)[0.2] * P(cluster1=0|cluster2=0) * P(cluster9=0|cluster6=0) * P(cluster7=0|cluster10=0) * P(cluster10=0|cluster6=0) * P(cluster6=0|cluster2=0) * P(cluster2=0|cluster3=1) * P(cluster3=1|cluster8=1)[0.0524288]=0.0104858
binkey=168 [Edge status: 0 0 0 1 0 1 0 1 ] P(G)=P(cluster8=0)[0.8] * P(cluster1=1|cluster2=0) * P(cluster9=1|cluster6=0) * P(cluster7=1|cluster10=0) * P(cluster10=0|cluster6=0) * P(cluster6=0|cluster2=0) * P(cluster2=0|cluster3=0) * P(cluster3=0|cluster8=0)[0.0032768]=0.00262144
binkey=63 [Edge status: 1 1 1 1 1 1 0 0 ] P(G)=P(cluster8=1)[0.2] * P(cluster1=1|cluster2=1) * P(cluster9=1|cluster6=1) * P(cluster7=0|cluster10=0) * P(cluster10=0|cluster6=1) * P(cluster6=1|cluster2=1) * P(cluster2=1|cluster3=1) * P(cluster3=1|cluster8=1)[0.0524288]=0.0104858
binkey=31 [Edge status: 1 1 1 1 1 0 0 0 ] P(G)=P(cluster8=1)[0.2] * P(cluster1=1|cluster2=1) * P(cluster9=0|cluster6=1) * P(cluster7=0|cluster10=0) * P(cluster10=0|cluster6=1) * P(cluster6=1|cluster2=1) * P(cluster2=1|cluster3=1) * P(cluster3=1|cluster8=1)[0.0131072]=0.00262144
binkey=55 [Edge status: 1 1 1 0 1 1 0 0 ] P(G)=P(cluster8=1)[0.2] * P(cluster1=0|cluster2=1) * P(cluster9=1|cluster6=1) * P(cluster7=0|cluster10=0) * P(cluster10=0|cluster6=1) * P(cluster6=1|cluster2=1) * P(cluster2=1|cluster3=1) * P(cluster3=1|cluster8=1)[0.0131072]=0.00262144
binkey=23 [Edge status: 1 1 1 0 1 0 0 0 ] P(G)=P(cluster8=1)[0.2] * P(cluster1=0|cluster2=1) * P(cluster9=0|cluster6=1) * P(cluster7=0|cluster10=0) * P(cluster10=0|cluster6=1) * P(cluster6=1|cluster2=1) * P(cluster2=1|cluster3=1) * P(cluster3=1|cluster8=1)[0.0032768]=0.00065536
binkey=15 [Edge status: 1 1 1 1 0 0 0 0 ] P(G)=P(cluster8=1)[0.2] * P(cluster1=1|cluster2=1) * P(cluster9=0|cluster6=0) * P(cluster7=0|cluster10=0) * P(cluster10=0|cluster6=0) * P(cluster6=0|cluster2=1) * P(cluster2=1|cluster3=1) * P(cluster3=1|cluster8=1)[0.0524288]=0.0104858
binkey=200 [Edge status: 0 0 0 1 0 0 1 1 ] P(G)=P(cluster8=0)[0.8] * P(cluster1=1|cluster2=0) * P(cluster9=0|cluster6=0) * P(cluster7=1|cluster10=1) * P(cluster10=1|cluster6=0) * P(cluster6=0|cluster2=0) * P(cluster2=0|cluster3=0) * P(cluster3=0|cluster8=0)[0.0131072]=0.0104858
binkey=224 [Edge status: 0 0 0 0 0 1 1 1 ] P(G)=P(cluster8=0)[0.8] * P(cluster1=0|cluster2=0) * P(cluster9=1|cluster6=0) * P(cluster7=1|cluster10=1) * P(cluster10=1|cluster6=0) * P(cluster6=0|cluster2=0) * P(cluster2=0|cluster3=0) * P(cluster3=0|cluster8=0)[0.0131072]=0.0104858
binkey=232 [Edge status: 0 0 0 1 0 1 1 1 ] P(G)=P(cluster8=0)[0.8] * P(cluster1=1|cluster2=0) * P(cluster9=1|cluster6=0) * P(cluster7=1|cluster10=1) * P(cluster10=1|cluster6=0) * P(cluster6=0|cluster2=0) * P(cluster2=0|cluster3=0) * P(cluster3=0|cluster8=0)[0.0032768]=0.00262144
binkey=240 [Edge status: 0 0 0 0 1 1 1 1 ] P(G)=P(cluster8=0)[0.8] * P(cluster1=0|cluster2=0) * P(cluster9=1|cluster6=1) * P(cluster7=1|cluster10=1) * P(cluster10=1|cluster6=1) * P(cluster6=1|cluster2=0) * P(cluster2=0|cluster3=0) * P(cluster3=0|cluster8=0)[0.0524288]=0.041943
binkey=248 [Edge status: 0 0 0 1 1 1 1 1 ] P(G)=P(cluster8=0)[0.8] * P(cluster1=1|cluster2=0) * P(cluster9=1|cluster6=1) * P(cluster7=1|cluster10=1) * P(cluster10=1|cluster6=1) * P(cluster6=1|cluster2=0) * P(cluster2=0|cluster3=0) * P(cluster3=0|cluster8=0)[0.0131072]=0.0104858
binkey=252 [Edge status: 0 0 1 1 1 1 1 1 ] P(G)=P(cluster8=0)[0.8] * P(cluster1=1|cluster2=1) * P(cluster9=1|cluster6=1) * P(cluster7=1|cluster10=1) * P(cluster10=1|cluster6=1) * P(cluster6=1|cluster2=1) * P(cluster2=1|cluster3=0) * P(cluster3=0|cluster8=0)[0.0524288]=0.041943
binkey=247 [Edge status: 1 1 1 0 1 1 1 1 ] P(G)=P(cluster8=1)[0.2] * P(cluster1=0|cluster2=1) * P(cluster9=1|cluster6=1) * P(cluster7=1|cluster10=1) * P(cluster10=1|cluster6=1) * P(cluster6=1|cluster2=1) * P(cluster2=1|cluster3=1) * P(cluster3=1|cluster8=1)[0.0524288]=0.0104858
binkey=119 [Edge status: 1 1 1 0 1 1 1 0 ] P(G)=P(cluster8=1)[0.2] * P(cluster1=0|cluster2=1) * P(cluster9=1|cluster6=1) * P(cluster7=0|cluster10=1) * P(cluster10=1|cluster6=1) * P(cluster6=1|cluster2=1) * P(cluster2=1|cluster3=1) * P(cluster3=1|cluster8=1)[0.0131072]=0.00262144
binkey=215 [Edge status: 1 1 1 0 1 0 1 1 ] P(G)=P(cluster8=1)[0.2] * P(cluster1=0|cluster2=1) * P(cluster9=0|cluster6=1) * P(cluster7=1|cluster10=1) * P(cluster10=1|cluster6=1) * P(cluster6=1|cluster2=1) * P(cluster2=1|cluster3=1) * P(cluster3=1|cluster8=1)[0.0131072]=0.00262144
binkey=87 [Edge status: 1 1 1 0 1 0 1 0 ] P(G)=P(cluster8=1)[0.2] * P(cluster1=0|cluster2=1) * P(cluster9=0|cluster6=1) * P(cluster7=0|cluster10=1) * P(cluster10=1|cluster6=1) * P(cluster6=1|cluster2=1) * P(cluster2=1|cluster3=1) * P(cluster3=1|cluster8=1)[0.0032768]=0.00065536
ITERATION 0 newScore=-2.66878e+06 diffscore=19068.6 priorChange=-106.745 successMove=53
ITERATION 1 newScore=-2.66017e+06 diffscore=8606.79 priorChange=-115.062 successMove=57
ITERATION 2 newScore=-2.65461e+06 diffscore=5557.94 priorChange=-112.29 successMove=59
ITERATION 3 newScore=-2.64659e+06 diffscore=8023.57 priorChange=-108.131 successMove=51
ITERATION 4 newScore=-2.64206e+06 diffscore=4533.56 priorChange=-109.517 successMove=50
ITERATION 5 newScore=-2.63781e+06 diffscore=4251.43 priorChange=-123.38 successMove=51
ITERATION 6 newScore=-2.63254e+06 diffscore=5265.87 priorChange=-130.312 successMove=54
ITERATION 7 newScore=-2.63018e+06 diffscore=2359.31 priorChange=-110.904 successMove=50
ITERATION 8 newScore=-2.62691e+06 diffscore=3269.47 priorChange=-115.062 successMove=51
ITERATION 9 newScore=-2.62486e+06 diffscore=2050.6 priorChange=-119.221 successMove=50
ITERATION 10 newScore=-2.62244e+06 diffscore=2419.37 priorChange=-112.29 successMove=50
ITERATION 11 newScore=-2.61691e+06 diffscore=5530.4 priorChange=-123.38 successMove=51
ITERATION 12 newScore=-2.61617e+06 diffscore=739.886 priorChange=-109.517 successMove=51
ITERATION 13 newScore=-2.6148e+06 diffscore=1372.25 priorChange=-117.835 successMove=51
ITERATION 14 newScore=-2.61152e+06 diffscore=3282.4 priorChange=-99.8132 successMove=54
ITERATION 15 newScore=-2.61081e+06 diffscore=708.777 priorChange=-97.0406 successMove=53
ITERATION 16 newScore=-2.60917e+06 diffscore=1640.46 priorChange=-116.449 successMove=52
ITERATION 17 newScore=-2.60608e+06 diffscore=3088.22 priorChange=-123.38 successMove=51
ITERATION 18 newScore=-2.60394e+06 diffscore=2142.92 priorChange=-108.131 successMove=51
ITERATION 19 newScore=-2.60006e+06 diffscore=3877.29 priorChange=-110.904 successMove=53
ITERATION 20 newScore=-2.59957e+06 diffscore=486.22 priorChange=-108.131 successMove=50
ITERATION 21 newScore=-2.59789e+06 diffscore=1683.92 priorChange=-108.131 successMove=49
ITERATION 22 newScore=-2.5973e+06 diffscore=593.106 priorChange=-110.904 successMove=51
ITERATION 23 newScore=-2.59507e+06 diffscore=2222.88 priorChange=-102.586 successMove=51
ITERATION 24 newScore=-2.59178e+06 diffscore=3296.77 priorChange=-108.131 successMove=50
ITERATION 25 newScore=-2.59122e+06 diffscore=554.038 priorChange=-103.972 successMove=49
ITERATION 26 newScore=-2.58972e+06 diffscore=1500.87 priorChange=-101.199 successMove=49
ITERATION 27 newScore=-2.58909e+06 diffscore=628.891 priorChange=-113.676 successMove=48
ITERATION 28 newScore=-2.58717e+06 diffscore=1919.02 priorChange=-101.199 successMove=49
ITERATION 29 newScore=-2.58662e+06 diffscore=556.777 priorChange=-102.586 successMove=47
ITERATION 30 newScore=-2.58595e+06 diffscore=664.157 priorChange=-97.0406 successMove=49
ITERATION 31 newScore=-2.58239e+06 diffscore=3560.65 priorChange=-99.8132 successMove=48
ITERATION 32 newScore=-2.58199e+06 diffscore=401.751 priorChange=-85.9503 successMove=48
ITERATION 33 newScore=-2.58131e+06 diffscore=681.747 priorChange=-102.586 successMove=47
ITERATION 34 newScore=-2.57749e+06 diffscore=3817.76 priorChange=-98.4269 successMove=47
ITERATION 35 newScore=-2.57698e+06 diffscore=511.441 priorChange=-84.564 successMove=47
ITERATION 36 newScore=-2.57526e+06 diffscore=1715.57 priorChange=-84.564 successMove=47
ITERATION 37 newScore=-2.57394e+06 diffscore=1318.57 priorChange=-108.131 successMove=47
ITERATION 38 newScore=-2.57326e+06 diffscore=681.692 priorChange=-105.358 successMove=48
ITERATION 39 newScore=-2.57163e+06 diffscore=1634.87 priorChange=-94.268 successMove=49
ITERATION 40 newScore=-2.56906e+06 diffscore=2565.37 priorChange=-110.904 successMove=51
ITERATION 41 newScore=-2.56859e+06 diffscore=477.229 priorChange=-101.199 successMove=48
ITERATION 42 newScore=-2.56657e+06 diffscore=2019.18 priorChange=-94.268 successMove=47
ITERATION 43 newScore=-2.5658e+06 diffscore=768.537 priorChange=-83.1777 successMove=45
ITERATION 44 newScore=-2.56293e+06 diffscore=2871.41 priorChange=-103.972 successMove=47
ITERATION 45 newScore=-2.5597e+06 diffscore=3229.55 priorChange=-90.1091 successMove=45
ITERATION 46 newScore=-2.55914e+06 diffscore=557.723 priorChange=-102.586 successMove=47
ITERATION 47 newScore=-2.55765e+06 diffscore=1492.78 priorChange=-98.4269 successMove=45
ITERATION 48 newScore=-2.55714e+06 diffscore=505.588 priorChange=-98.4269 successMove=46
ITERATION 49 newScore=-2.55356e+06 diffscore=3578.04 priorChange=-98.4269 successMove=44
ITERATION 50 newScore=-2.55308e+06 diffscore=480.119 priorChange=-91.4954 successMove=44
ITERATION 51 newScore=-2.54877e+06 diffscore=4307.7 priorChange=-97.0406 successMove=45
ITERATION 52 newScore=-2.54567e+06 diffscore=3109.48 priorChange=-73.4736 successMove=46
ITERATION 53 newScore=-2.54515e+06 diffscore=512.474 priorChange=-88.7228 successMove=43
ITERATION 54 newScore=-2.54344e+06 diffscore=1708.6 priorChange=-94.268 successMove=43
ITERATION 55 newScore=-2.54305e+06 diffscore=391.023 priorChange=-79.0188 successMove=42
ITERATION 56 newScore=-2.54193e+06 diffscore=1123.38 priorChange=-85.9503 successMove=41
ITERATION 57 newScore=-2.54166e+06 diffscore=273.402 priorChange=-81.7914 successMove=40
ITERATION 58 newScore=-2.54133e+06 diffscore=329.302 priorChange=-81.7914 successMove=42
ITERATION 59 newScore=-2.5398e+06 diffscore=1530.55 priorChange=-60.997 successMove=40
ITERATION 60 newScore=-2.53694e+06 diffscore=2851.63 priorChange=-74.8599 successMove=38
ITERATION 61 newScore=-2.53581e+06 diffscore=1132.82 priorChange=-91.4954 successMove=38
ITERATION 62 newScore=-2.53465e+06 diffscore=1160.24 priorChange=-81.7914 successMove=38
ITERATION 63 newScore=-2.53445e+06 diffscore=205.123 priorChange=-74.8599 successMove=38
ITERATION 64 newScore=-2.53428e+06 diffscore=171.22 priorChange=-72.0873 successMove=38
ITERATION 65 newScore=-2.53411e+06 diffscore=163.978 priorChange=-60.997 successMove=35
ITERATION 66 newScore=-2.53285e+06 diffscore=1262.64 priorChange=-60.997 successMove=33
ITERATION 67 newScore=-2.53264e+06 diffscore=211.744 priorChange=-69.3147 successMove=33
ITERATION 68 newScore=-2.53243e+06 diffscore=207.363 priorChange=-70.701 successMove=32
ITERATION 69 newScore=-2.53161e+06 diffscore=815.909 priorChange=-60.997 successMove=31
ITERATION 70 newScore=-2.53146e+06 diffscore=157.141 priorChange=-62.3832 successMove=29
ITERATION 71 newScore=-2.5303e+06 diffscore=1154.25 priorChange=-59.6107 successMove=28
ITERATION 72 newScore=-2.53005e+06 diffscore=252.522 priorChange=-49.9066 successMove=27
ITERATION 73 newScore=-2.52909e+06 diffscore=963.932 priorChange=-56.8381 successMove=27
ITERATION 74 newScore=-2.52843e+06 diffscore=654.07 priorChange=-54.0655 successMove=26
ITERATION 75 newScore=-2.52834e+06 diffscore=95.4293 priorChange=-54.0655 successMove=25
ITERATION 76 newScore=-2.52825e+06 diffscore=84.4266 priorChange=-47.134 successMove=25
ITERATION 77 newScore=-2.52811e+06 diffscore=141.116 priorChange=-62.3832 successMove=25
ITERATION 78 newScore=-2.52801e+06 diffscore=100.185 priorChange=-60.997 successMove=24
ITERATION 79 newScore=-2.52657e+06 diffscore=1443.71 priorChange=-51.2929 successMove=25
ITERATION 80 newScore=-2.52649e+06 diffscore=73.6704 priorChange=-42.9751 successMove=24
ITERATION 81 newScore=-2.52642e+06 diffscore=75.8253 priorChange=-52.6792 successMove=21
ITERATION 82 newScore=-2.52636e+06 diffscore=56.4014 priorChange=-38.8162 successMove=20
ITERATION 83 newScore=-2.5263e+06 diffscore=65.3096 priorChange=-49.9066 successMove=19
ITERATION 84 newScore=-2.52623e+06 diffscore=66.9694 priorChange=-44.3614 successMove=20
ITERATION 85 newScore=-2.52618e+06 diffscore=44.7446 priorChange=-29.1122 successMove=17
ITERATION 86 newScore=-2.52613e+06 diffscore=53.1647 priorChange=-36.0437 successMove=16
ITERATION 87 newScore=-2.52608e+06 diffscore=47.8921 priorChange=-33.2711 successMove=16
ITERATION 88 newScore=-2.52605e+06 diffscore=37.9089 priorChange=-26.3396 successMove=15
ITERATION 89 newScore=-2.526e+06 diffscore=49.3306 priorChange=-37.4299 successMove=15
ITERATION 90 newScore=-2.52591e+06 diffscore=81.6932 priorChange=-31.8848 successMove=15
ITERATION 91 newScore=-2.52586e+06 diffscore=50.0588 priorChange=-30.4985 successMove=13
ITERATION 92 newScore=-2.52582e+06 diffscore=39.4782 priorChange=-26.3396 successMove=12
ITERATION 93 newScore=-2.52579e+06 diffscore=39.2731 priorChange=-19.4081 successMove=11
ITERATION 94 newScore=-2.52575e+06 diffscore=33.6757 priorChange=-22.1807 successMove=8
ITERATION 95 newScore=-2.52573e+06 diffscore=26.3341 priorChange=-13.8629 successMove=7
ITERATION 96 newScore=-2.5257e+06 diffscore=23.337 priorChange=-12.4766 successMove=7
ITERATION 97 newScore=-2.52568e+06 diffscore=20.2194 priorChange=-8.31777 successMove=6
ITERATION 98 newScore=-2.52566e+06 diffscore=25.2897 priorChange=-13.8629 successMove=6
ITERATION 99 newScore=-2.52562e+06 diffscore=38.897 priorChange=-11.0904 successMove=6
MetaLearner::dumpAllGraphs
Final Score -2.52562e+06
MetaLearner::start runtime: 1257666033 ms
Results/
Results/cluster3/
Results/cluster3/fold0/
Results/cluster3/fold0/modelparams.txt
Results/cluster3/fold0/var_mb_pw_k50.txt
Results/cluster7/
Results/cluster7/fold0/
Results/cluster7/fold0/modelparams.txt
Results/cluster7/fold0/var_mb_pw_k50.txt
Results/cluster2/
Results/cluster2/fold0/
Results/cluster2/fold0/modelparams.txt
Results/cluster2/fold0/var_mb_pw_k50.txt
Results/cluster9/
Results/cluster9/fold0/
Results/cluster9/fold0/modelparams.txt
Results/cluster9/fold0/var_mb_pw_k50.txt
Results/cluster6/
Results/cluster6/fold0/
Results/cluster6/fold0/modelparams.txt
Results/cluster6/fold0/var_mb_pw_k50.txt
Results/cluster1/
Results/cluster1/fold0/
Results/cluster1/fold0/modelparams.txt
Results/cluster1/fold0/var_mb_pw_k50.txt
Results/cluster10/
Results/cluster10/fold0/
Results/cluster10/fold0/modelparams.txt
Results/cluster10/fold0/var_mb_pw_k50.txt
Results/cluster8/
Results/cluster8/scoreFile.txt
Results/cluster8/fold0/
Results/cluster8/fold0/modelparams.txt
Results/cluster8/fold0/var_mb_pw_k50.txt
