000 (49777.1104.000) 10/11 10:48:10 Job submitted from host: <144.92.142.142:9618?addrs=144.92.142.142-9618&noUDP&sock=44923_051a_3>
...
001 (49777.1104.000) 10/11 15:46:17 Job executing on host: <128.105.68.23:9618?addrs=128.105.68.23-9618&alias=gpulab2004.chtc.wisc.edu&noUDP&sock=startd_62541_80a6>
...
006 (49777.1104.000) 10/11 15:46:26 Image size of job updated: 105676
	104  -  MemoryUsage of job (MB)
	105676  -  ResidentSetSize of job (KB)
...
006 (49777.1104.000) 10/11 15:51:27 Image size of job updated: 723228
	657  -  MemoryUsage of job (MB)
	672076  -  ResidentSetSize of job (KB)
...
006 (49777.1104.000) 10/11 15:56:28 Image size of job updated: 1462280
	1411  -  MemoryUsage of job (MB)
	1443888  -  ResidentSetSize of job (KB)
...
006 (49777.1104.000) 10/11 16:01:28 Image size of job updated: 2385140
	2319  -  MemoryUsage of job (MB)
	2374280  -  ResidentSetSize of job (KB)
...
006 (49777.1104.000) 10/11 16:06:28 Image size of job updated: 3685028
	3599  -  MemoryUsage of job (MB)
	3685028  -  ResidentSetSize of job (KB)
...
006 (49777.1104.000) 10/11 16:08:42 Image size of job updated: 4321256
	3599  -  MemoryUsage of job (MB)
	3685028  -  ResidentSetSize of job (KB)
...
005 (49777.1104.000) 10/11 16:08:42 Job terminated.
	(1) Normal termination (return value 0)
		Usr 0 00:22:18, Sys 0 00:00:05  -  Run Remote Usage
		Usr 0 00:00:00, Sys 0 00:00:00  -  Run Local Usage
		Usr 0 00:22:18, Sys 0 00:00:05  -  Total Remote Usage
		Usr 0 00:00:00, Sys 0 00:00:00  -  Total Local Usage
	177180  -  Run Bytes Sent By Job
	316773216  -  Run Bytes Received By Job
	177180  -  Total Bytes Sent By Job
	316773216  -  Total Bytes Received By Job
	Partitionable Resources :     Usage  Request Allocated 
	   Cpus                 :      1.00        1         1 
	   Disk (KB)            : 325000      819200  18192444 
	   Gpus                 :                            0 
	   Ioheavy              :                            0 
	   Memory (MB)          :   3599       20480     21341 
...
