000 (49777.443.000) 10/11 10:48:09 Job submitted from host: <144.92.142.142:9618?addrs=144.92.142.142-9618&noUDP&sock=44923_051a_3>
...
001 (49777.443.000) 10/11 13:52:19 Job executing on host: <128.105.68.16:9618?addrs=128.105.68.16-9618&alias=coba2000.chtc.wisc.edu&noUDP&sock=startd_7305_336c>
...
006 (49777.443.000) 10/11 13:52:28 Image size of job updated: 105464
	103  -  MemoryUsage of job (MB)
	105464  -  ResidentSetSize of job (KB)
...
006 (49777.443.000) 10/11 13:57:29 Image size of job updated: 751184
	688  -  MemoryUsage of job (MB)
	703888  -  ResidentSetSize of job (KB)
...
006 (49777.443.000) 10/11 14:02:29 Image size of job updated: 1104452
	1042  -  MemoryUsage of job (MB)
	1066744  -  ResidentSetSize of job (KB)
...
006 (49777.443.000) 10/11 14:07:29 Image size of job updated: 1469220
	1394  -  MemoryUsage of job (MB)
	1426648  -  ResidentSetSize of job (KB)
...
006 (49777.443.000) 10/11 14:12:30 Image size of job updated: 2048428
	1971  -  MemoryUsage of job (MB)
	2018280  -  ResidentSetSize of job (KB)
...
006 (49777.443.000) 10/11 14:15:21 Image size of job updated: 2399924
	1971  -  MemoryUsage of job (MB)
	2018280  -  ResidentSetSize of job (KB)
...
005 (49777.443.000) 10/11 14:15:21 Job terminated.
	(1) Normal termination (return value 0)
		Usr 0 00:22:52, Sys 0 00:00:06  -  Run Remote Usage
		Usr 0 00:00:00, Sys 0 00:00:00  -  Run Local Usage
		Usr 0 00:22:52, Sys 0 00:00:06  -  Total Remote Usage
		Usr 0 00:00:00, Sys 0 00:00:00  -  Total Local Usage
	171639  -  Run Bytes Sent By Job
	316905888  -  Run Bytes Received By Job
	171639  -  Total Bytes Sent By Job
	316905888  -  Total Bytes Received By Job
	Partitionable Resources :     Usage  Request Allocated 
	   Cpus                 :      0.99        1         1 
	   Disk (KB)            : 325000      819200  44742796 
	   Gpus                 :                            0 
	   Ioheavy              :                            0 
	   Memory (MB)          :   1971       20480     21341 
...
