000 (49777.2378.000) 10/11 10:48:14 Job submitted from host: <144.92.142.142:9618?addrs=144.92.142.142-9618&noUDP&sock=44923_051a_3>
...
001 (49777.2378.000) 10/11 19:03:16 Job executing on host: <128.105.68.23:9618?addrs=128.105.68.23-9618&alias=gpulab2004.chtc.wisc.edu&noUDP&sock=startd_62541_80a6>
...
006 (49777.2378.000) 10/11 19:03:25 Image size of job updated: 156736
	104  -  MemoryUsage of job (MB)
	105580  -  ResidentSetSize of job (KB)
...
006 (49777.2378.000) 10/11 19:08:26 Image size of job updated: 775244
	708  -  MemoryUsage of job (MB)
	724068  -  ResidentSetSize of job (KB)
...
006 (49777.2378.000) 10/11 19:13:26 Image size of job updated: 1166068
	1103  -  MemoryUsage of job (MB)
	1129128  -  ResidentSetSize of job (KB)
...
006 (49777.2378.000) 10/11 19:18:27 Image size of job updated: 1578596
	1497  -  MemoryUsage of job (MB)
	1532928  -  ResidentSetSize of job (KB)
...
006 (49777.2378.000) 10/11 19:23:28 Image size of job updated: 2051044
	1954  -  MemoryUsage of job (MB)
	2000832  -  ResidentSetSize of job (KB)
...
006 (49777.2378.000) 10/11 19:25:00 Image size of job updated: 2204612
	1954  -  MemoryUsage of job (MB)
	2000844  -  ResidentSetSize of job (KB)
...
005 (49777.2378.000) 10/11 19:25:00 Job terminated.
	(1) Normal termination (return value 0)
		Usr 0 00:21:37, Sys 0 00:00:04  -  Run Remote Usage
		Usr 0 00:00:00, Sys 0 00:00:00  -  Run Local Usage
		Usr 0 00:21:37, Sys 0 00:00:04  -  Total Remote Usage
		Usr 0 00:00:00, Sys 0 00:00:00  -  Total Local Usage
	170843  -  Run Bytes Sent By Job
	316844000  -  Run Bytes Received By Job
	170843  -  Total Bytes Sent By Job
	316844000  -  Total Bytes Received By Job
	Partitionable Resources :     Usage  Request Allocated 
	   Cpus                 :      1.00        1         1 
	   Disk (KB)            : 325000      819200  18192444 
	   Gpus                 :                            0 
	   Ioheavy              :                            0 
	   Memory (MB)          :   1954       20480     21341 
...
