000 (49777.787.000) 10/11 10:48:09 Job submitted from host: <144.92.142.142:9618?addrs=144.92.142.142-9618&noUDP&sock=44923_051a_3>
...
001 (49777.787.000) 10/11 14:44:27 Job executing on host: <128.105.68.41:9618?addrs=128.105.68.41-9618&alias=e2471.chtc.wisc.edu&noUDP&sock=startd_4919_9a73>
...
006 (49777.787.000) 10/11 14:44:36 Image size of job updated: 106092
	104  -  MemoryUsage of job (MB)
	106092  -  ResidentSetSize of job (KB)
...
006 (49777.787.000) 10/11 14:49:36 Image size of job updated: 724648
	658  -  MemoryUsage of job (MB)
	673400  -  ResidentSetSize of job (KB)
...
006 (49777.787.000) 10/11 14:54:36 Image size of job updated: 875288
	816  -  MemoryUsage of job (MB)
	835496  -  ResidentSetSize of job (KB)
...
006 (49777.787.000) 10/11 14:59:37 Image size of job updated: 1160056
	1096  -  MemoryUsage of job (MB)
	1122200  -  ResidentSetSize of job (KB)
...
006 (49777.787.000) 10/11 15:04:38 Image size of job updated: 1664768
	1601  -  MemoryUsage of job (MB)
	1638848  -  ResidentSetSize of job (KB)
...
006 (49777.787.000) 10/11 15:09:38 Image size of job updated: 2216192
	2126  -  MemoryUsage of job (MB)
	2176088  -  ResidentSetSize of job (KB)
...
006 (49777.787.000) 10/11 15:12:43 Image size of job updated: 2550376
	2126  -  MemoryUsage of job (MB)
	2176088  -  ResidentSetSize of job (KB)
...
005 (49777.787.000) 10/11 15:12:43 Job terminated.
	(1) Normal termination (return value 0)
		Usr 0 00:28:06, Sys 0 00:00:04  -  Run Remote Usage
		Usr 0 00:00:00, Sys 0 00:00:00  -  Run Local Usage
		Usr 0 00:28:06, Sys 0 00:00:04  -  Total Remote Usage
		Usr 0 00:00:00, Sys 0 00:00:00  -  Total Local Usage
	172568  -  Run Bytes Sent By Job
	316889536  -  Run Bytes Received By Job
	172568  -  Total Bytes Sent By Job
	316889536  -  Total Bytes Received By Job
	Partitionable Resources :     Usage  Request Allocated 
	   Cpus                 :      1.01        1         1 
	   Disk (KB)            : 325000      819200   1709291 
	   Memory (MB)          :   2126       20480     20480 
...
