./CVN -f config_condor.txt -x50 -v1 -l TFs_OGs.txt -n AllGenes86.txt -d celltype_tree_ancestor.txt -m testdata_ogids.txt -s celltype_order.txt -p 0.2 -c yes -b -4 -q 4
(cluster3|cluster8) p_maintain_edge=0.8 p_gain=0.2
(cluster2|cluster3) p_maintain_edge=0.8 p_gain=0.2
(cluster1|cluster2) p_maintain_edge=0.8 p_gain=0.2
(cluster6|cluster2) p_maintain_edge=0.8 p_gain=0.2
(cluster9|cluster6) p_maintain_edge=0.8 p_gain=0.2
(cluster10|cluster6) p_maintain_edge=0.8 p_gain=0.2
(cluster7|cluster10) p_maintain_edge=0.8 p_gain=0.2
speciesSet.size()=8 Root is cluster8
MappedOrthogroupReader::readSpeciesMapping() --- celltype_order.txt
MappedOrthogroupReader::readFile - testdata_ogids.txt
MappedOrthogroupReader::generateGeneOrthoMap()
MetaLearner::init_onefold() read:config_condor.txt
MetaLearner::setinputVariableNames number of variables: 2043
readEvidenceTable:cluster8.table
PotentialManager::loadEvidenceFromTable varCount=2043 sampleCount=348
motifNetwork.size() = 319
0=cluster8 motifNetwork=cluster8_network.txt
variable size=2043
readEvidenceTable:cluster3.table
PotentialManager::loadEvidenceFromTable varCount=2043 sampleCount=95
motifNetwork.size() = 326
1=cluster3 motifNetwork=cluster3_network.txt
variable size=2043
readEvidenceTable:cluster2.table
PotentialManager::loadEvidenceFromTable varCount=2043 sampleCount=386
motifNetwork.size() = 328
2=cluster2 motifNetwork=cluster2_network.txt
variable size=2043
readEvidenceTable:cluster1.table
PotentialManager::loadEvidenceFromTable varCount=2043 sampleCount=36
motifNetwork.size() = 322
3=cluster1 motifNetwork=cluster1_network.txt
variable size=2043
readEvidenceTable:cluster6.table
PotentialManager::loadEvidenceFromTable varCount=2043 sampleCount=524
motifNetwork.size() = 320
4=cluster6 motifNetwork=cluster6_network.txt
variable size=2043
readEvidenceTable:cluster9.table
PotentialManager::loadEvidenceFromTable varCount=2043 sampleCount=184
motifNetwork.size() = 327
5=cluster9 motifNetwork=cluster9_network.txt
variable size=2043
readEvidenceTable:cluster10.table
PotentialManager::loadEvidenceFromTable varCount=2043 sampleCount=165
motifNetwork.size() = 326
6=cluster10 motifNetwork=cluster10_network.txt
variable size=2043
readEvidenceTable:cluster7.table
PotentialManager::loadEvidenceFromTable varCount=2043 sampleCount=1032
motifNetwork.size() = 320
7=cluster7 motifNetwork=cluster7_network.txt
variable size=2043
-------------------------------------------------------------
MetaLearner::start
precomputeEmptyGraphPrior
binkey=0 [Edge status: 0 0 0 0 0 0 0 0 ] P(G)=P(cluster8=0)[0.8] * P(cluster1=0|cluster2=0) * P(cluster9=0|cluster6=0) * P(cluster7=0|cluster10=0) * P(cluster10=0|cluster6=0) * P(cluster6=0|cluster2=0) * P(cluster2=0|cluster3=0) * P(cluster3=0|cluster8=0)[0.209715]=0.167772
condsetMap_Tree
0 cluster8=0 cluster3=0 cluster2=0 cluster1=0 cluster6=0 cluster9=0 cluster10=0 cluster7=1
1 cluster8=0 cluster3=0 cluster2=0 cluster1=0 cluster6=0 cluster9=1 cluster10=0 cluster7=0
2 cluster8=0 cluster3=0 cluster2=0 cluster1=0 cluster6=0 cluster9=1 cluster10=0 cluster7=1
3 cluster8=0 cluster3=0 cluster2=0 cluster1=1 cluster6=0 cluster9=0 cluster10=0 cluster7=0
4 cluster8=0 cluster3=0 cluster2=0 cluster1=1 cluster6=0 cluster9=0 cluster10=0 cluster7=1
5 cluster8=0 cluster3=0 cluster2=0 cluster1=1 cluster6=0 cluster9=1 cluster10=0 cluster7=0
6 cluster8=0 cluster3=0 cluster2=0 cluster1=1 cluster6=0 cluster9=1 cluster10=0 cluster7=1
7 cluster8=0 cluster3=0 cluster2=0 cluster1=0 cluster6=0 cluster9=0 cluster10=1 cluster7=1
8 cluster8=0 cluster3=0 cluster2=0 cluster1=0 cluster6=0 cluster9=1 cluster10=1 cluster7=1
9 cluster8=0 cluster3=0 cluster2=0 cluster1=1 cluster6=0 cluster9=0 cluster10=1 cluster7=1
10 cluster8=0 cluster3=0 cluster2=0 cluster1=1 cluster6=0 cluster9=1 cluster10=1 cluster7=1
11 cluster8=0 cluster3=0 cluster2=0 cluster1=0 cluster6=1 cluster9=1 cluster10=1 cluster7=1
12 cluster8=0 cluster3=0 cluster2=0 cluster1=1 cluster6=1 cluster9=1 cluster10=1 cluster7=1
13 cluster8=0 cluster3=0 cluster2=1 cluster1=1 cluster6=1 cluster9=1 cluster10=1 cluster7=1
14 cluster8=0 cluster3=1 cluster2=1 cluster1=1 cluster6=1 cluster9=1 cluster10=1 cluster7=1
15 cluster8=1 cluster3=1 cluster2=1 cluster1=1 cluster6=1 cluster9=1 cluster10=1 cluster7=1
16 cluster8=1 cluster3=1 cluster2=1 cluster1=1 cluster6=1 cluster9=1 cluster10=1 cluster7=0
17 cluster8=1 cluster3=1 cluster2=1 cluster1=1 cluster6=1 cluster9=0 cluster10=1 cluster7=1
18 cluster8=1 cluster3=1 cluster2=1 cluster1=1 cluster6=1 cluster9=0 cluster10=1 cluster7=0
19 cluster8=1 cluster3=1 cluster2=1 cluster1=0 cluster6=1 cluster9=1 cluster10=1 cluster7=1
20 cluster8=1 cluster3=1 cluster2=1 cluster1=0 cluster6=1 cluster9=1 cluster10=1 cluster7=0
21 cluster8=1 cluster3=1 cluster2=1 cluster1=0 cluster6=1 cluster9=0 cluster10=1 cluster7=1
22 cluster8=1 cluster3=1 cluster2=1 cluster1=0 cluster6=1 cluster9=0 cluster10=1 cluster7=0
23 cluster8=1 cluster3=1 cluster2=1 cluster1=1 cluster6=1 cluster9=1 cluster10=0 cluster7=0
24 cluster8=1 cluster3=1 cluster2=1 cluster1=1 cluster6=1 cluster9=0 cluster10=0 cluster7=0
25 cluster8=1 cluster3=1 cluster2=1 cluster1=0 cluster6=1 cluster9=1 cluster10=0 cluster7=0
26 cluster8=1 cluster3=1 cluster2=1 cluster1=0 cluster6=1 cluster9=0 cluster10=0 cluster7=0
27 cluster8=1 cluster3=1 cluster2=1 cluster1=1 cluster6=0 cluster9=0 cluster10=0 cluster7=0
28 cluster8=1 cluster3=1 cluster2=1 cluster1=0 cluster6=0 cluster9=0 cluster10=0 cluster7=0
29 cluster8=1 cluster3=1 cluster2=0 cluster1=0 cluster6=0 cluster9=0 cluster10=0 cluster7=0
30 cluster8=1 cluster3=0 cluster2=0 cluster1=0 cluster6=0 cluster9=0 cluster10=0 cluster7=0
31 cluster8=0 cluster3=0 cluster2=0 cluster1=0 cluster6=1 cluster9=0 cluster10=0 cluster7=0
32 cluster8=0 cluster3=0 cluster2=1 cluster1=0 cluster6=0 cluster9=0 cluster10=0 cluster7=0
33 cluster8=0 cluster3=0 cluster2=0 cluster1=0 cluster6=0 cluster9=0 cluster10=1 cluster7=0
34 cluster8=0 cluster3=1 cluster2=0 cluster1=0 cluster6=0 cluster9=0 cluster10=0 cluster7=0
inputRegulatorOGs.size() = 1999 inputOGList.size() = 50
binkey=32 [Edge status: 0 0 0 0 0 1 0 0 ] P(G)=P(cluster8=0)[0.8] * P(cluster1=0|cluster2=0) * P(cluster9=1|cluster6=0) * P(cluster7=0|cluster10=0) * P(cluster10=0|cluster6=0) * P(cluster6=0|cluster2=0) * P(cluster2=0|cluster3=0) * P(cluster3=0|cluster8=0)[0.0524288]=0.041943
binkey=2 [Edge status: 0 1 0 0 0 0 0 0 ] P(G)=P(cluster8=0)[0.8] * P(cluster1=0|cluster2=0) * P(cluster9=0|cluster6=0) * P(cluster7=0|cluster10=0) * P(cluster10=0|cluster6=0) * P(cluster6=0|cluster2=0) * P(cluster2=0|cluster3=1) * P(cluster3=1|cluster8=0)[0.0131072]=0.0104858
binkey=1 [Edge status: 1 0 0 0 0 0 0 0 ] P(G)=P(cluster8=1)[0.2] * P(cluster1=0|cluster2=0) * P(cluster9=0|cluster6=0) * P(cluster7=0|cluster10=0) * P(cluster10=0|cluster6=0) * P(cluster6=0|cluster2=0) * P(cluster2=0|cluster3=0) * P(cluster3=0|cluster8=1)[0.0524288]=0.0104858
binkey=128 [Edge status: 0 0 0 0 0 0 0 1 ] P(G)=P(cluster8=0)[0.8] * P(cluster1=0|cluster2=0) * P(cluster9=0|cluster6=0) * P(cluster7=1|cluster10=0) * P(cluster10=0|cluster6=0) * P(cluster6=0|cluster2=0) * P(cluster2=0|cluster3=0) * P(cluster3=0|cluster8=0)[0.0524288]=0.041943
binkey=4 [Edge status: 0 0 1 0 0 0 0 0 ] P(G)=P(cluster8=0)[0.8] * P(cluster1=0|cluster2=1) * P(cluster9=0|cluster6=0) * P(cluster7=0|cluster10=0) * P(cluster10=0|cluster6=0) * P(cluster6=0|cluster2=1) * P(cluster2=1|cluster3=0) * P(cluster3=0|cluster8=0)[0.0032768]=0.00262144
binkey=16 [Edge status: 0 0 0 0 1 0 0 0 ] P(G)=P(cluster8=0)[0.8] * P(cluster1=0|cluster2=0) * P(cluster9=0|cluster6=1) * P(cluster7=0|cluster10=0) * P(cluster10=0|cluster6=1) * P(cluster6=1|cluster2=0) * P(cluster2=0|cluster3=0) * P(cluster3=0|cluster8=0)[0.0032768]=0.00262144
binkey=64 [Edge status: 0 0 0 0 0 0 1 0 ] P(G)=P(cluster8=0)[0.8] * P(cluster1=0|cluster2=0) * P(cluster9=0|cluster6=0) * P(cluster7=0|cluster10=1) * P(cluster10=1|cluster6=0) * P(cluster6=0|cluster2=0) * P(cluster2=0|cluster3=0) * P(cluster3=0|cluster8=0)[0.0131072]=0.0104858
binkey=3 [Edge status: 1 1 0 0 0 0 0 0 ] P(G)=P(cluster8=1)[0.2] * P(cluster1=0|cluster2=0) * P(cluster9=0|cluster6=0) * P(cluster7=0|cluster10=0) * P(cluster10=0|cluster6=0) * P(cluster6=0|cluster2=0) * P(cluster2=0|cluster3=1) * P(cluster3=1|cluster8=1)[0.0524288]=0.0104858
binkey=160 [Edge status: 0 0 0 0 0 1 0 1 ] P(G)=P(cluster8=0)[0.8] * P(cluster1=0|cluster2=0) * P(cluster9=1|cluster6=0) * P(cluster7=1|cluster10=0) * P(cluster10=0|cluster6=0) * P(cluster6=0|cluster2=0) * P(cluster2=0|cluster3=0) * P(cluster3=0|cluster8=0)[0.0131072]=0.0104858
binkey=7 [Edge status: 1 1 1 0 0 0 0 0 ] P(G)=P(cluster8=1)[0.2] * P(cluster1=0|cluster2=1) * P(cluster9=0|cluster6=0) * P(cluster7=0|cluster10=0) * P(cluster10=0|cluster6=0) * P(cluster6=0|cluster2=1) * P(cluster2=1|cluster3=1) * P(cluster3=1|cluster8=1)[0.0131072]=0.00262144
binkey=192 [Edge status: 0 0 0 0 0 0 1 1 ] P(G)=P(cluster8=0)[0.8] * P(cluster1=0|cluster2=0) * P(cluster9=0|cluster6=0) * P(cluster7=1|cluster10=1) * P(cluster10=1|cluster6=0) * P(cluster6=0|cluster2=0) * P(cluster2=0|cluster3=0) * P(cluster3=0|cluster8=0)[0.0524288]=0.041943
binkey=8 [Edge status: 0 0 0 1 0 0 0 0 ] P(G)=P(cluster8=0)[0.8] * P(cluster1=1|cluster2=0) * P(cluster9=0|cluster6=0) * P(cluster7=0|cluster10=0) * P(cluster10=0|cluster6=0) * P(cluster6=0|cluster2=0) * P(cluster2=0|cluster3=0) * P(cluster3=0|cluster8=0)[0.0524288]=0.041943
binkey=136 [Edge status: 0 0 0 1 0 0 0 1 ] P(G)=P(cluster8=0)[0.8] * P(cluster1=1|cluster2=0) * P(cluster9=0|cluster6=0) * P(cluster7=1|cluster10=0) * P(cluster10=0|cluster6=0) * P(cluster6=0|cluster2=0) * P(cluster2=0|cluster3=0) * P(cluster3=0|cluster8=0)[0.0131072]=0.0104858
binkey=40 [Edge status: 0 0 0 1 0 1 0 0 ] P(G)=P(cluster8=0)[0.8] * P(cluster1=1|cluster2=0) * P(cluster9=1|cluster6=0) * P(cluster7=0|cluster10=0) * P(cluster10=0|cluster6=0) * P(cluster6=0|cluster2=0) * P(cluster2=0|cluster3=0) * P(cluster3=0|cluster8=0)[0.0131072]=0.0104858
binkey=224 [Edge status: 0 0 0 0 0 1 1 1 ] P(G)=P(cluster8=0)[0.8] * P(cluster1=0|cluster2=0) * P(cluster9=1|cluster6=0) * P(cluster7=1|cluster10=1) * P(cluster10=1|cluster6=0) * P(cluster6=0|cluster2=0) * P(cluster2=0|cluster3=0) * P(cluster3=0|cluster8=0)[0.0131072]=0.0104858
binkey=240 [Edge status: 0 0 0 0 1 1 1 1 ] P(G)=P(cluster8=0)[0.8] * P(cluster1=0|cluster2=0) * P(cluster9=1|cluster6=1) * P(cluster7=1|cluster10=1) * P(cluster10=1|cluster6=1) * P(cluster6=1|cluster2=0) * P(cluster2=0|cluster3=0) * P(cluster3=0|cluster8=0)[0.0524288]=0.041943
binkey=247 [Edge status: 1 1 1 0 1 1 1 1 ] P(G)=P(cluster8=1)[0.2] * P(cluster1=0|cluster2=1) * P(cluster9=1|cluster6=1) * P(cluster7=1|cluster10=1) * P(cluster10=1|cluster6=1) * P(cluster6=1|cluster2=1) * P(cluster2=1|cluster3=1) * P(cluster3=1|cluster8=1)[0.0524288]=0.0104858
binkey=119 [Edge status: 1 1 1 0 1 1 1 0 ] P(G)=P(cluster8=1)[0.2] * P(cluster1=0|cluster2=1) * P(cluster9=1|cluster6=1) * P(cluster7=0|cluster10=1) * P(cluster10=1|cluster6=1) * P(cluster6=1|cluster2=1) * P(cluster2=1|cluster3=1) * P(cluster3=1|cluster8=1)[0.0131072]=0.00262144
binkey=215 [Edge status: 1 1 1 0 1 0 1 1 ] P(G)=P(cluster8=1)[0.2] * P(cluster1=0|cluster2=1) * P(cluster9=0|cluster6=1) * P(cluster7=1|cluster10=1) * P(cluster10=1|cluster6=1) * P(cluster6=1|cluster2=1) * P(cluster2=1|cluster3=1) * P(cluster3=1|cluster8=1)[0.0131072]=0.00262144
binkey=87 [Edge status: 1 1 1 0 1 0 1 0 ] P(G)=P(cluster8=1)[0.2] * P(cluster1=0|cluster2=1) * P(cluster9=0|cluster6=1) * P(cluster7=0|cluster10=1) * P(cluster10=1|cluster6=1) * P(cluster6=1|cluster2=1) * P(cluster2=1|cluster3=1) * P(cluster3=1|cluster8=1)[0.0032768]=0.00065536
binkey=55 [Edge status: 1 1 1 0 1 1 0 0 ] P(G)=P(cluster8=1)[0.2] * P(cluster1=0|cluster2=1) * P(cluster9=1|cluster6=1) * P(cluster7=0|cluster10=0) * P(cluster10=0|cluster6=1) * P(cluster6=1|cluster2=1) * P(cluster2=1|cluster3=1) * P(cluster3=1|cluster8=1)[0.0131072]=0.00262144
binkey=23 [Edge status: 1 1 1 0 1 0 0 0 ] P(G)=P(cluster8=1)[0.2] * P(cluster1=0|cluster2=1) * P(cluster9=0|cluster6=1) * P(cluster7=0|cluster10=0) * P(cluster10=0|cluster6=1) * P(cluster6=1|cluster2=1) * P(cluster2=1|cluster3=1) * P(cluster3=1|cluster8=1)[0.0032768]=0.00065536
binkey=200 [Edge status: 0 0 0 1 0 0 1 1 ] P(G)=P(cluster8=0)[0.8] * P(cluster1=1|cluster2=0) * P(cluster9=0|cluster6=0) * P(cluster7=1|cluster10=1) * P(cluster10=1|cluster6=0) * P(cluster6=0|cluster2=0) * P(cluster2=0|cluster3=0) * P(cluster3=0|cluster8=0)[0.0131072]=0.0104858
binkey=168 [Edge status: 0 0 0 1 0 1 0 1 ] P(G)=P(cluster8=0)[0.8] * P(cluster1=1|cluster2=0) * P(cluster9=1|cluster6=0) * P(cluster7=1|cluster10=0) * P(cluster10=0|cluster6=0) * P(cluster6=0|cluster2=0) * P(cluster2=0|cluster3=0) * P(cluster3=0|cluster8=0)[0.0032768]=0.00262144
binkey=232 [Edge status: 0 0 0 1 0 1 1 1 ] P(G)=P(cluster8=0)[0.8] * P(cluster1=1|cluster2=0) * P(cluster9=1|cluster6=0) * P(cluster7=1|cluster10=1) * P(cluster10=1|cluster6=0) * P(cluster6=0|cluster2=0) * P(cluster2=0|cluster3=0) * P(cluster3=0|cluster8=0)[0.0032768]=0.00262144
binkey=15 [Edge status: 1 1 1 1 0 0 0 0 ] P(G)=P(cluster8=1)[0.2] * P(cluster1=1|cluster2=1) * P(cluster9=0|cluster6=0) * P(cluster7=0|cluster10=0) * P(cluster10=0|cluster6=0) * P(cluster6=0|cluster2=1) * P(cluster2=1|cluster3=1) * P(cluster3=1|cluster8=1)[0.0524288]=0.0104858
ITERATION 0 newScore=-2.75383e+06 diffscore=12242.1 priorChange=-105.358 successMove=63
ITERATION 1 newScore=-2.74076e+06 diffscore=13069.1 priorChange=-123.38 successMove=58
ITERATION 2 newScore=-2.73434e+06 diffscore=6416.49 priorChange=-98.4269 successMove=63
ITERATION 3 newScore=-2.73012e+06 diffscore=4219.55 priorChange=-101.199 successMove=53
ITERATION 4 newScore=-2.72219e+06 diffscore=7930.73 priorChange=-112.29 successMove=54
ITERATION 5 newScore=-2.72023e+06 diffscore=1963.81 priorChange=-106.745 successMove=55
ITERATION 6 newScore=-2.71464e+06 diffscore=5591.02 priorChange=-102.586 successMove=53
ITERATION 7 newScore=-2.70972e+06 diffscore=4917.05 priorChange=-102.586 successMove=54
ITERATION 8 newScore=-2.7083e+06 diffscore=1421.19 priorChange=-113.676 successMove=55
ITERATION 9 newScore=-2.70177e+06 diffscore=6534.39 priorChange=-102.586 successMove=50
ITERATION 10 newScore=-2.69887e+06 diffscore=2900.16 priorChange=-101.199 successMove=51
ITERATION 11 newScore=-2.69618e+06 diffscore=2690.68 priorChange=-112.29 successMove=49
ITERATION 12 newScore=-2.69503e+06 diffscore=1146.56 priorChange=-112.29 successMove=52
ITERATION 13 newScore=-2.69115e+06 diffscore=3881.4 priorChange=-105.358 successMove=49
ITERATION 14 newScore=-2.68797e+06 diffscore=3180.39 priorChange=-101.199 successMove=50
ITERATION 15 newScore=-2.68586e+06 diffscore=2106.45 priorChange=-102.586 successMove=51
ITERATION 16 newScore=-2.68247e+06 diffscore=3387.71 priorChange=-97.0406 successMove=51
ITERATION 17 newScore=-2.68033e+06 diffscore=2146.71 priorChange=-120.608 successMove=52
ITERATION 18 newScore=-2.67974e+06 diffscore=587.571 priorChange=-90.1091 successMove=49
ITERATION 19 newScore=-2.67495e+06 diffscore=4787.76 priorChange=-99.8132 successMove=48
ITERATION 20 newScore=-2.6714e+06 diffscore=3551.93 priorChange=-103.972 successMove=48
ITERATION 21 newScore=-2.66905e+06 diffscore=2348.02 priorChange=-108.131 successMove=50
ITERATION 22 newScore=-2.6671e+06 diffscore=1953.85 priorChange=-110.904 successMove=51
ITERATION 23 newScore=-2.66401e+06 diffscore=3081.87 priorChange=-106.745 successMove=52
ITERATION 24 newScore=-2.66356e+06 diffscore=451.012 priorChange=-95.6543 successMove=48
ITERATION 25 newScore=-2.66018e+06 diffscore=3388.01 priorChange=-109.517 successMove=48
ITERATION 26 newScore=-2.65823e+06 diffscore=1941.11 priorChange=-103.972 successMove=53
ITERATION 27 newScore=-2.65544e+06 diffscore=2795.26 priorChange=-99.8132 successMove=48
ITERATION 28 newScore=-2.65498e+06 diffscore=460.54 priorChange=-106.745 successMove=48
ITERATION 29 newScore=-2.65396e+06 diffscore=1014.24 priorChange=-90.1091 successMove=46
ITERATION 30 newScore=-2.65216e+06 diffscore=1803.59 priorChange=-101.199 successMove=45
ITERATION 31 newScore=-2.65177e+06 diffscore=394.745 priorChange=-99.8132 successMove=45
ITERATION 32 newScore=-2.65068e+06 diffscore=1084.25 priorChange=-105.358 successMove=45
ITERATION 33 newScore=-2.65022e+06 diffscore=459.959 priorChange=-97.0406 successMove=43
ITERATION 34 newScore=-2.64779e+06 diffscore=2432.41 priorChange=-99.8132 successMove=43
ITERATION 35 newScore=-2.64596e+06 diffscore=1834.32 priorChange=-99.8132 successMove=43
ITERATION 36 newScore=-2.6455e+06 diffscore=451.68 priorChange=-94.268 successMove=43
ITERATION 37 newScore=-2.64304e+06 diffscore=2464.37 priorChange=-95.6543 successMove=44
ITERATION 38 newScore=-2.64167e+06 diffscore=1373.07 priorChange=-88.7228 successMove=42
ITERATION 39 newScore=-2.6412e+06 diffscore=470.611 priorChange=-83.1777 successMove=43
ITERATION 40 newScore=-2.63982e+06 diffscore=1378.87 priorChange=-105.358 successMove=41
ITERATION 41 newScore=-2.63955e+06 diffscore=269.535 priorChange=-88.7228 successMove=42
ITERATION 42 newScore=-2.63929e+06 diffscore=257.402 priorChange=-77.6325 successMove=41
ITERATION 43 newScore=-2.63906e+06 diffscore=234.488 priorChange=-83.1777 successMove=41
ITERATION 44 newScore=-2.63883e+06 diffscore=225.211 priorChange=-92.8817 successMove=42
ITERATION 45 newScore=-2.63858e+06 diffscore=246.574 priorChange=-95.6543 successMove=41
ITERATION 46 newScore=-2.63832e+06 diffscore=263.989 priorChange=-91.4954 successMove=41
ITERATION 47 newScore=-2.63808e+06 diffscore=241.068 priorChange=-81.7914 successMove=42
ITERATION 48 newScore=-2.63782e+06 diffscore=256.256 priorChange=-85.9503 successMove=41
ITERATION 49 newScore=-2.63755e+06 diffscore=272.805 priorChange=-83.1777 successMove=43
ITERATION 50 newScore=-2.63731e+06 diffscore=242.131 priorChange=-90.1091 successMove=40
ITERATION 51 newScore=-2.63606e+06 diffscore=1243.28 priorChange=-74.8599 successMove=41
ITERATION 52 newScore=-2.63567e+06 diffscore=390.587 priorChange=-91.4954 successMove=40
ITERATION 53 newScore=-2.63399e+06 diffscore=1678.68 priorChange=-92.8817 successMove=42
ITERATION 54 newScore=-2.6326e+06 diffscore=1398.59 priorChange=-79.0188 successMove=37
ITERATION 55 newScore=-2.63073e+06 diffscore=1871.14 priorChange=-72.0873 successMove=35
ITERATION 56 newScore=-2.63039e+06 diffscore=339.779 priorChange=-80.4051 successMove=35
ITERATION 57 newScore=-2.63017e+06 diffscore=213.772 priorChange=-77.6325 successMove=35
ITERATION 58 newScore=-2.62999e+06 diffscore=180.892 priorChange=-77.6325 successMove=35
ITERATION 59 newScore=-2.62889e+06 diffscore=1101.53 priorChange=-67.9284 successMove=32
ITERATION 60 newScore=-2.62865e+06 diffscore=240.341 priorChange=-77.6325 successMove=30
ITERATION 61 newScore=-2.62729e+06 diffscore=1359.55 priorChange=-63.7695 successMove=30
ITERATION 62 newScore=-2.62708e+06 diffscore=210.67 priorChange=-70.701 successMove=29
ITERATION 63 newScore=-2.6269e+06 diffscore=178.091 priorChange=-56.8381 successMove=28
ITERATION 64 newScore=-2.62532e+06 diffscore=1581.54 priorChange=-65.1558 successMove=28
ITERATION 65 newScore=-2.62434e+06 diffscore=982.101 priorChange=-58.2244 successMove=29
ITERATION 66 newScore=-2.623e+06 diffscore=1340.88 priorChange=-65.1558 successMove=28
ITERATION 67 newScore=-2.62284e+06 diffscore=151.201 priorChange=-54.0655 successMove=26
ITERATION 68 newScore=-2.62261e+06 diffscore=230.051 priorChange=-55.4518 successMove=26
ITERATION 69 newScore=-2.6216e+06 diffscore=1016.53 priorChange=-58.2244 successMove=25
ITERATION 70 newScore=-2.62147e+06 diffscore=126.687 priorChange=-51.2929 successMove=24
ITERATION 71 newScore=-2.62133e+06 diffscore=139.366 priorChange=-60.997 successMove=24
ITERATION 72 newScore=-2.62124e+06 diffscore=91.0555 priorChange=-37.4299 successMove=21
ITERATION 73 newScore=-2.62114e+06 diffscore=104.262 priorChange=-49.9066 successMove=21
ITERATION 74 newScore=-2.621e+06 diffscore=132.297 priorChange=-41.5888 successMove=21
ITERATION 75 newScore=-2.62089e+06 diffscore=119.179 priorChange=-44.3614 successMove=22
ITERATION 76 newScore=-2.62074e+06 diffscore=140.729 priorChange=-41.5888 successMove=20
ITERATION 77 newScore=-2.61997e+06 diffscore=778.34 priorChange=-38.8162 successMove=18
ITERATION 78 newScore=-2.61984e+06 diffscore=124.303 priorChange=-45.7477 successMove=19
ITERATION 79 newScore=-2.61974e+06 diffscore=106.199 priorChange=-40.2025 successMove=18
ITERATION 80 newScore=-2.61964e+06 diffscore=93.1741 priorChange=-42.9751 successMove=18
ITERATION 81 newScore=-2.61941e+06 diffscore=230.936 priorChange=-33.2711 successMove=19
ITERATION 82 newScore=-2.61825e+06 diffscore=1165.74 priorChange=-31.8848 successMove=18
ITERATION 83 newScore=-2.61815e+06 diffscore=94.3585 priorChange=-36.0437 successMove=18
ITERATION 84 newScore=-2.61804e+06 diffscore=111.822 priorChange=-38.8162 successMove=18
ITERATION 85 newScore=-2.61795e+06 diffscore=84.6991 priorChange=-37.4299 successMove=16
ITERATION 86 newScore=-2.61669e+06 diffscore=1263.21 priorChange=-38.8162 successMove=15
ITERATION 87 newScore=-2.61662e+06 diffscore=75.3916 priorChange=-27.7259 successMove=15
ITERATION 88 newScore=-2.61652e+06 diffscore=92.675 priorChange=-27.7259 successMove=14
ITERATION 89 newScore=-2.61641e+06 diffscore=109.713 priorChange=-30.4985 successMove=14
ITERATION 90 newScore=-2.61623e+06 diffscore=181.557 priorChange=-29.1122 successMove=13
ITERATION 91 newScore=-2.6161e+06 diffscore=131.609 priorChange=-20.7944 successMove=11
ITERATION 92 newScore=-2.61402e+06 diffscore=2078.51 priorChange=-15.2492 successMove=9
ITERATION 93 newScore=-2.61399e+06 diffscore=35.01 priorChange=-16.6355 successMove=8
ITERATION 94 newScore=-2.61394e+06 diffscore=49.4525 priorChange=-18.0218 successMove=8
ITERATION 95 newScore=-2.61389e+06 diffscore=51.3823 priorChange=-19.4081 successMove=8
ITERATION 96 newScore=-2.61386e+06 diffscore=27.6631 priorChange=-15.2492 successMove=7
ITERATION 97 newScore=-2.61382e+06 diffscore=35.1345 priorChange=-5.54518 successMove=5
ITERATION 98 newScore=-2.61372e+06 diffscore=99.3016 priorChange=-5.54518 successMove=5
ITERATION 99 newScore=-2.6136e+06 diffscore=120.454 priorChange=-9.70406 successMove=5
MetaLearner::dumpAllGraphs
Final Score -2.6136e+06
MetaLearner::start runtime: 1194686251 ms
Results/
Results/cluster3/
Results/cluster3/fold0/
Results/cluster3/fold0/modelparams.txt
Results/cluster3/fold0/var_mb_pw_k50.txt
Results/cluster7/
Results/cluster7/fold0/
Results/cluster7/fold0/modelparams.txt
Results/cluster7/fold0/var_mb_pw_k50.txt
Results/cluster2/
Results/cluster2/fold0/
Results/cluster2/fold0/modelparams.txt
Results/cluster2/fold0/var_mb_pw_k50.txt
Results/cluster9/
Results/cluster9/fold0/
Results/cluster9/fold0/modelparams.txt
Results/cluster9/fold0/var_mb_pw_k50.txt
Results/cluster6/
Results/cluster6/fold0/
Results/cluster6/fold0/modelparams.txt
Results/cluster6/fold0/var_mb_pw_k50.txt
Results/cluster1/
Results/cluster1/fold0/
Results/cluster1/fold0/modelparams.txt
Results/cluster1/fold0/var_mb_pw_k50.txt
Results/cluster10/
Results/cluster10/fold0/
Results/cluster10/fold0/modelparams.txt
Results/cluster10/fold0/var_mb_pw_k50.txt
Results/cluster8/
Results/cluster8/scoreFile.txt
Results/cluster8/fold0/
Results/cluster8/fold0/modelparams.txt
Results/cluster8/fold0/var_mb_pw_k50.txt
