000 (49777.2139.000) 10/11 10:48:13 Job submitted from host: <144.92.142.142:9618?addrs=144.92.142.142-9618&noUDP&sock=44923_051a_3>
...
001 (49777.2139.000) 10/11 18:31:03 Job executing on host: <128.105.245.10:9618?addrs=128.105.245.10-9618&alias=gpu2000.chtc.wisc.edu&noUDP&sock=startd_6299_2b25>
...
006 (49777.2139.000) 10/11 18:31:11 Image size of job updated: 156568
	103  -  MemoryUsage of job (MB)
	105324  -  ResidentSetSize of job (KB)
...
006 (49777.2139.000) 10/11 18:36:11 Image size of job updated: 720492
	654  -  MemoryUsage of job (MB)
	669248  -  ResidentSetSize of job (KB)
...
006 (49777.2139.000) 10/11 18:41:12 Image size of job updated: 840492
	773  -  MemoryUsage of job (MB)
	790972  -  ResidentSetSize of job (KB)
...
006 (49777.2139.000) 10/11 18:46:13 Image size of job updated: 1039448
	977  -  MemoryUsage of job (MB)
	1000172  -  ResidentSetSize of job (KB)
...
006 (49777.2139.000) 10/11 18:51:13 Image size of job updated: 1382600
	1307  -  MemoryUsage of job (MB)
	1338352  -  ResidentSetSize of job (KB)
...
006 (49777.2139.000) 10/11 18:56:14 Image size of job updated: 1817236
	1741  -  MemoryUsage of job (MB)
	1782696  -  ResidentSetSize of job (KB)
...
006 (49777.2139.000) 10/11 19:01:15 Image size of job updated: 2312212
	2212  -  MemoryUsage of job (MB)
	2264592  -  ResidentSetSize of job (KB)
...
006 (49777.2139.000) 10/11 19:03:49 Image size of job updated: 2550176
	2212  -  MemoryUsage of job (MB)
	2264592  -  ResidentSetSize of job (KB)
...
005 (49777.2139.000) 10/11 19:03:49 Job terminated.
	(1) Normal termination (return value 0)
		Usr 0 00:32:16, Sys 0 00:00:12  -  Run Remote Usage
		Usr 0 00:00:00, Sys 0 00:00:00  -  Run Local Usage
		Usr 0 00:32:16, Sys 0 00:00:12  -  Total Remote Usage
		Usr 0 00:00:00, Sys 0 00:00:00  -  Total Local Usage
	165015  -  Run Bytes Sent By Job
	316808352  -  Run Bytes Received By Job
	165015  -  Total Bytes Sent By Job
	316808352  -  Total Bytes Received By Job
	Partitionable Resources :     Usage  Request Allocated 
	   Cpus                 :      0.99        1         1 
	   Disk (KB)            : 325000      819200  18119584 
	   Gpus                 :                            0 
	   Ioheavy              :                            0 
	   Memory (MB)          :   2212       20480     25710 
...
