./CVN -f config_condor.txt -x50 -v1 -l TFs_OGs.txt -n AllGenes130.txt -d celltype_tree_ancestor.txt -m testdata_ogids.txt -s celltype_order.txt -p 0.2 -c yes -b -4 -q 4
(cluster3|cluster8) p_maintain_edge=0.8 p_gain=0.2
(cluster2|cluster3) p_maintain_edge=0.8 p_gain=0.2
(cluster1|cluster2) p_maintain_edge=0.8 p_gain=0.2
(cluster6|cluster2) p_maintain_edge=0.8 p_gain=0.2
(cluster9|cluster6) p_maintain_edge=0.8 p_gain=0.2
(cluster10|cluster6) p_maintain_edge=0.8 p_gain=0.2
(cluster7|cluster10) p_maintain_edge=0.8 p_gain=0.2
speciesSet.size()=8 Root is cluster8
MappedOrthogroupReader::readSpeciesMapping() --- celltype_order.txt
MappedOrthogroupReader::readFile - testdata_ogids.txt
MappedOrthogroupReader::generateGeneOrthoMap()
MetaLearner::init_onefold() read:config_condor.txt
MetaLearner::setinputVariableNames number of variables: 2041
readEvidenceTable:cluster8.table
PotentialManager::loadEvidenceFromTable varCount=2041 sampleCount=348
motifNetwork.size() = 319
0=cluster8 motifNetwork=cluster8_network.txt
variable size=2041
readEvidenceTable:cluster3.table
PotentialManager::loadEvidenceFromTable varCount=2041 sampleCount=95
motifNetwork.size() = 326
1=cluster3 motifNetwork=cluster3_network.txt
variable size=2041
readEvidenceTable:cluster2.table
PotentialManager::loadEvidenceFromTable varCount=2041 sampleCount=386
motifNetwork.size() = 328
2=cluster2 motifNetwork=cluster2_network.txt
variable size=2041
readEvidenceTable:cluster1.table
PotentialManager::loadEvidenceFromTable varCount=2041 sampleCount=36
motifNetwork.size() = 322
3=cluster1 motifNetwork=cluster1_network.txt
variable size=2041
readEvidenceTable:cluster6.table
PotentialManager::loadEvidenceFromTable varCount=2041 sampleCount=524
motifNetwork.size() = 320
4=cluster6 motifNetwork=cluster6_network.txt
variable size=2041
readEvidenceTable:cluster9.table
PotentialManager::loadEvidenceFromTable varCount=2041 sampleCount=184
motifNetwork.size() = 327
5=cluster9 motifNetwork=cluster9_network.txt
variable size=2041
readEvidenceTable:cluster10.table
PotentialManager::loadEvidenceFromTable varCount=2041 sampleCount=165
motifNetwork.size() = 326
6=cluster10 motifNetwork=cluster10_network.txt
variable size=2041
readEvidenceTable:cluster7.table
PotentialManager::loadEvidenceFromTable varCount=2041 sampleCount=1032
motifNetwork.size() = 320
7=cluster7 motifNetwork=cluster7_network.txt
variable size=2041
-------------------------------------------------------------
MetaLearner::start
precomputeEmptyGraphPrior
binkey=0 [Edge status: 0 0 0 0 0 0 0 0 ] P(G)=P(cluster8=0)[0.8] * P(cluster1=0|cluster2=0) * P(cluster9=0|cluster6=0) * P(cluster7=0|cluster10=0) * P(cluster10=0|cluster6=0) * P(cluster6=0|cluster2=0) * P(cluster2=0|cluster3=0) * P(cluster3=0|cluster8=0)[0.209715]=0.167772
condsetMap_Tree
0 cluster8=0 cluster3=0 cluster2=0 cluster1=0 cluster6=0 cluster9=0 cluster10=0 cluster7=1
1 cluster8=0 cluster3=0 cluster2=0 cluster1=0 cluster6=0 cluster9=1 cluster10=0 cluster7=0
2 cluster8=0 cluster3=0 cluster2=0 cluster1=0 cluster6=0 cluster9=1 cluster10=0 cluster7=1
3 cluster8=0 cluster3=0 cluster2=0 cluster1=1 cluster6=0 cluster9=0 cluster10=0 cluster7=0
4 cluster8=0 cluster3=0 cluster2=0 cluster1=1 cluster6=0 cluster9=0 cluster10=0 cluster7=1
5 cluster8=0 cluster3=0 cluster2=0 cluster1=1 cluster6=0 cluster9=1 cluster10=0 cluster7=0
6 cluster8=0 cluster3=0 cluster2=0 cluster1=1 cluster6=0 cluster9=1 cluster10=0 cluster7=1
7 cluster8=0 cluster3=0 cluster2=0 cluster1=0 cluster6=0 cluster9=0 cluster10=1 cluster7=1
8 cluster8=0 cluster3=0 cluster2=0 cluster1=0 cluster6=0 cluster9=1 cluster10=1 cluster7=1
9 cluster8=0 cluster3=0 cluster2=0 cluster1=1 cluster6=0 cluster9=0 cluster10=1 cluster7=1
10 cluster8=0 cluster3=0 cluster2=0 cluster1=1 cluster6=0 cluster9=1 cluster10=1 cluster7=1
11 cluster8=0 cluster3=0 cluster2=0 cluster1=0 cluster6=1 cluster9=1 cluster10=1 cluster7=1
12 cluster8=0 cluster3=0 cluster2=0 cluster1=1 cluster6=1 cluster9=1 cluster10=1 cluster7=1
13 cluster8=0 cluster3=0 cluster2=1 cluster1=1 cluster6=1 cluster9=1 cluster10=1 cluster7=1
14 cluster8=0 cluster3=1 cluster2=1 cluster1=1 cluster6=1 cluster9=1 cluster10=1 cluster7=1
15 cluster8=1 cluster3=1 cluster2=1 cluster1=1 cluster6=1 cluster9=1 cluster10=1 cluster7=1
16 cluster8=1 cluster3=1 cluster2=1 cluster1=1 cluster6=1 cluster9=1 cluster10=1 cluster7=0
17 cluster8=1 cluster3=1 cluster2=1 cluster1=1 cluster6=1 cluster9=0 cluster10=1 cluster7=1
18 cluster8=1 cluster3=1 cluster2=1 cluster1=1 cluster6=1 cluster9=0 cluster10=1 cluster7=0
19 cluster8=1 cluster3=1 cluster2=1 cluster1=0 cluster6=1 cluster9=1 cluster10=1 cluster7=1
20 cluster8=1 cluster3=1 cluster2=1 cluster1=0 cluster6=1 cluster9=1 cluster10=1 cluster7=0
21 cluster8=1 cluster3=1 cluster2=1 cluster1=0 cluster6=1 cluster9=0 cluster10=1 cluster7=1
22 cluster8=1 cluster3=1 cluster2=1 cluster1=0 cluster6=1 cluster9=0 cluster10=1 cluster7=0
23 cluster8=1 cluster3=1 cluster2=1 cluster1=1 cluster6=1 cluster9=1 cluster10=0 cluster7=0
24 cluster8=1 cluster3=1 cluster2=1 cluster1=1 cluster6=1 cluster9=0 cluster10=0 cluster7=0
25 cluster8=1 cluster3=1 cluster2=1 cluster1=0 cluster6=1 cluster9=1 cluster10=0 cluster7=0
26 cluster8=1 cluster3=1 cluster2=1 cluster1=0 cluster6=1 cluster9=0 cluster10=0 cluster7=0
27 cluster8=1 cluster3=1 cluster2=1 cluster1=1 cluster6=0 cluster9=0 cluster10=0 cluster7=0
28 cluster8=1 cluster3=1 cluster2=1 cluster1=0 cluster6=0 cluster9=0 cluster10=0 cluster7=0
29 cluster8=1 cluster3=1 cluster2=0 cluster1=0 cluster6=0 cluster9=0 cluster10=0 cluster7=0
30 cluster8=1 cluster3=0 cluster2=0 cluster1=0 cluster6=0 cluster9=0 cluster10=0 cluster7=0
31 cluster8=0 cluster3=0 cluster2=0 cluster1=0 cluster6=1 cluster9=0 cluster10=0 cluster7=0
32 cluster8=0 cluster3=0 cluster2=1 cluster1=0 cluster6=0 cluster9=0 cluster10=0 cluster7=0
33 cluster8=0 cluster3=0 cluster2=0 cluster1=0 cluster6=0 cluster9=0 cluster10=1 cluster7=0
34 cluster8=0 cluster3=1 cluster2=0 cluster1=0 cluster6=0 cluster9=0 cluster10=0 cluster7=0
inputRegulatorOGs.size() = 1999 inputOGList.size() = 50
binkey=8 [Edge status: 0 0 0 1 0 0 0 0 ] P(G)=P(cluster8=0)[0.8] * P(cluster1=1|cluster2=0) * P(cluster9=0|cluster6=0) * P(cluster7=0|cluster10=0) * P(cluster10=0|cluster6=0) * P(cluster6=0|cluster2=0) * P(cluster2=0|cluster3=0) * P(cluster3=0|cluster8=0)[0.0524288]=0.041943
binkey=128 [Edge status: 0 0 0 0 0 0 0 1 ] P(G)=P(cluster8=0)[0.8] * P(cluster1=0|cluster2=0) * P(cluster9=0|cluster6=0) * P(cluster7=1|cluster10=0) * P(cluster10=0|cluster6=0) * P(cluster6=0|cluster2=0) * P(cluster2=0|cluster3=0) * P(cluster3=0|cluster8=0)[0.0524288]=0.041943
binkey=4 [Edge status: 0 0 1 0 0 0 0 0 ] P(G)=P(cluster8=0)[0.8] * P(cluster1=0|cluster2=1) * P(cluster9=0|cluster6=0) * P(cluster7=0|cluster10=0) * P(cluster10=0|cluster6=0) * P(cluster6=0|cluster2=1) * P(cluster2=1|cluster3=0) * P(cluster3=0|cluster8=0)[0.0032768]=0.00262144
binkey=2 [Edge status: 0 1 0 0 0 0 0 0 ] P(G)=P(cluster8=0)[0.8] * P(cluster1=0|cluster2=0) * P(cluster9=0|cluster6=0) * P(cluster7=0|cluster10=0) * P(cluster10=0|cluster6=0) * P(cluster6=0|cluster2=0) * P(cluster2=0|cluster3=1) * P(cluster3=1|cluster8=0)[0.0131072]=0.0104858
binkey=192 [Edge status: 0 0 0 0 0 0 1 1 ] P(G)=P(cluster8=0)[0.8] * P(cluster1=0|cluster2=0) * P(cluster9=0|cluster6=0) * P(cluster7=1|cluster10=1) * P(cluster10=1|cluster6=0) * P(cluster6=0|cluster2=0) * P(cluster2=0|cluster3=0) * P(cluster3=0|cluster8=0)[0.0524288]=0.041943
binkey=16 [Edge status: 0 0 0 0 1 0 0 0 ] P(G)=P(cluster8=0)[0.8] * P(cluster1=0|cluster2=0) * P(cluster9=0|cluster6=1) * P(cluster7=0|cluster10=0) * P(cluster10=0|cluster6=1) * P(cluster6=1|cluster2=0) * P(cluster2=0|cluster3=0) * P(cluster3=0|cluster8=0)[0.0032768]=0.00262144
binkey=64 [Edge status: 0 0 0 0 0 0 1 0 ] P(G)=P(cluster8=0)[0.8] * P(cluster1=0|cluster2=0) * P(cluster9=0|cluster6=0) * P(cluster7=0|cluster10=1) * P(cluster10=1|cluster6=0) * P(cluster6=0|cluster2=0) * P(cluster2=0|cluster3=0) * P(cluster3=0|cluster8=0)[0.0131072]=0.0104858
binkey=1 [Edge status: 1 0 0 0 0 0 0 0 ] P(G)=P(cluster8=1)[0.2] * P(cluster1=0|cluster2=0) * P(cluster9=0|cluster6=0) * P(cluster7=0|cluster10=0) * P(cluster10=0|cluster6=0) * P(cluster6=0|cluster2=0) * P(cluster2=0|cluster3=0) * P(cluster3=0|cluster8=1)[0.0524288]=0.0104858
binkey=32 [Edge status: 0 0 0 0 0 1 0 0 ] P(G)=P(cluster8=0)[0.8] * P(cluster1=0|cluster2=0) * P(cluster9=1|cluster6=0) * P(cluster7=0|cluster10=0) * P(cluster10=0|cluster6=0) * P(cluster6=0|cluster2=0) * P(cluster2=0|cluster3=0) * P(cluster3=0|cluster8=0)[0.0524288]=0.041943
binkey=160 [Edge status: 0 0 0 0 0 1 0 1 ] P(G)=P(cluster8=0)[0.8] * P(cluster1=0|cluster2=0) * P(cluster9=1|cluster6=0) * P(cluster7=1|cluster10=0) * P(cluster10=0|cluster6=0) * P(cluster6=0|cluster2=0) * P(cluster2=0|cluster3=0) * P(cluster3=0|cluster8=0)[0.0131072]=0.0104858
binkey=224 [Edge status: 0 0 0 0 0 1 1 1 ] P(G)=P(cluster8=0)[0.8] * P(cluster1=0|cluster2=0) * P(cluster9=1|cluster6=0) * P(cluster7=1|cluster10=1) * P(cluster10=1|cluster6=0) * P(cluster6=0|cluster2=0) * P(cluster2=0|cluster3=0) * P(cluster3=0|cluster8=0)[0.0131072]=0.0104858
binkey=240 [Edge status: 0 0 0 0 1 1 1 1 ] P(G)=P(cluster8=0)[0.8] * P(cluster1=0|cluster2=0) * P(cluster9=1|cluster6=1) * P(cluster7=1|cluster10=1) * P(cluster10=1|cluster6=1) * P(cluster6=1|cluster2=0) * P(cluster2=0|cluster3=0) * P(cluster3=0|cluster8=0)[0.0524288]=0.041943
binkey=136 [Edge status: 0 0 0 1 0 0 0 1 ] P(G)=P(cluster8=0)[0.8] * P(cluster1=1|cluster2=0) * P(cluster9=0|cluster6=0) * P(cluster7=1|cluster10=0) * P(cluster10=0|cluster6=0) * P(cluster6=0|cluster2=0) * P(cluster2=0|cluster3=0) * P(cluster3=0|cluster8=0)[0.0131072]=0.0104858
binkey=40 [Edge status: 0 0 0 1 0 1 0 0 ] P(G)=P(cluster8=0)[0.8] * P(cluster1=1|cluster2=0) * P(cluster9=1|cluster6=0) * P(cluster7=0|cluster10=0) * P(cluster10=0|cluster6=0) * P(cluster6=0|cluster2=0) * P(cluster2=0|cluster3=0) * P(cluster3=0|cluster8=0)[0.0131072]=0.0104858
binkey=168 [Edge status: 0 0 0 1 0 1 0 1 ] P(G)=P(cluster8=0)[0.8] * P(cluster1=1|cluster2=0) * P(cluster9=1|cluster6=0) * P(cluster7=1|cluster10=0) * P(cluster10=0|cluster6=0) * P(cluster6=0|cluster2=0) * P(cluster2=0|cluster3=0) * P(cluster3=0|cluster8=0)[0.0032768]=0.00262144
binkey=200 [Edge status: 0 0 0 1 0 0 1 1 ] P(G)=P(cluster8=0)[0.8] * P(cluster1=1|cluster2=0) * P(cluster9=0|cluster6=0) * P(cluster7=1|cluster10=1) * P(cluster10=1|cluster6=0) * P(cluster6=0|cluster2=0) * P(cluster2=0|cluster3=0) * P(cluster3=0|cluster8=0)[0.0131072]=0.0104858
binkey=232 [Edge status: 0 0 0 1 0 1 1 1 ] P(G)=P(cluster8=0)[0.8] * P(cluster1=1|cluster2=0) * P(cluster9=1|cluster6=0) * P(cluster7=1|cluster10=1) * P(cluster10=1|cluster6=0) * P(cluster6=0|cluster2=0) * P(cluster2=0|cluster3=0) * P(cluster3=0|cluster8=0)[0.0032768]=0.00262144
binkey=248 [Edge status: 0 0 0 1 1 1 1 1 ] P(G)=P(cluster8=0)[0.8] * P(cluster1=1|cluster2=0) * P(cluster9=1|cluster6=1) * P(cluster7=1|cluster10=1) * P(cluster10=1|cluster6=1) * P(cluster6=1|cluster2=0) * P(cluster2=0|cluster3=0) * P(cluster3=0|cluster8=0)[0.0131072]=0.0104858
binkey=252 [Edge status: 0 0 1 1 1 1 1 1 ] P(G)=P(cluster8=0)[0.8] * P(cluster1=1|cluster2=1) * P(cluster9=1|cluster6=1) * P(cluster7=1|cluster10=1) * P(cluster10=1|cluster6=1) * P(cluster6=1|cluster2=1) * P(cluster2=1|cluster3=0) * P(cluster3=0|cluster8=0)[0.0524288]=0.041943
binkey=3 [Edge status: 1 1 0 0 0 0 0 0 ] P(G)=P(cluster8=1)[0.2] * P(cluster1=0|cluster2=0) * P(cluster9=0|cluster6=0) * P(cluster7=0|cluster10=0) * P(cluster10=0|cluster6=0) * P(cluster6=0|cluster2=0) * P(cluster2=0|cluster3=1) * P(cluster3=1|cluster8=1)[0.0524288]=0.0104858
binkey=23 [Edge status: 1 1 1 0 1 0 0 0 ] P(G)=P(cluster8=1)[0.2] * P(cluster1=0|cluster2=1) * P(cluster9=0|cluster6=1) * P(cluster7=0|cluster10=0) * P(cluster10=0|cluster6=1) * P(cluster6=1|cluster2=1) * P(cluster2=1|cluster3=1) * P(cluster3=1|cluster8=1)[0.0032768]=0.00065536
binkey=7 [Edge status: 1 1 1 0 0 0 0 0 ] P(G)=P(cluster8=1)[0.2] * P(cluster1=0|cluster2=1) * P(cluster9=0|cluster6=0) * P(cluster7=0|cluster10=0) * P(cluster10=0|cluster6=0) * P(cluster6=0|cluster2=1) * P(cluster2=1|cluster3=1) * P(cluster3=1|cluster8=1)[0.0131072]=0.00262144
binkey=15 [Edge status: 1 1 1 1 0 0 0 0 ] P(G)=P(cluster8=1)[0.2] * P(cluster1=1|cluster2=1) * P(cluster9=0|cluster6=0) * P(cluster7=0|cluster10=0) * P(cluster10=0|cluster6=0) * P(cluster6=0|cluster2=1) * P(cluster2=1|cluster3=1) * P(cluster3=1|cluster8=1)[0.0524288]=0.0104858
ITERATION 0 newScore=-2.7656e+06 diffscore=9466.89 priorChange=-98.4269 successMove=57
ITERATION 1 newScore=-2.76053e+06 diffscore=5065.33 priorChange=-116.449 successMove=52
binkey=55 [Edge status: 1 1 1 0 1 1 0 0 ] P(G)=P(cluster8=1)[0.2] * P(cluster1=0|cluster2=1) * P(cluster9=1|cluster6=1) * P(cluster7=0|cluster10=0) * P(cluster10=0|cluster6=1) * P(cluster6=1|cluster2=1) * P(cluster2=1|cluster3=1) * P(cluster3=1|cluster8=1)[0.0131072]=0.00262144
ITERATION 2 newScore=-2.75505e+06 diffscore=5484.37 priorChange=-106.745 successMove=51
ITERATION 3 newScore=-2.74995e+06 diffscore=5092.72 priorChange=-95.6543 successMove=56
ITERATION 4 newScore=-2.74453e+06 diffscore=5420.45 priorChange=-120.608 successMove=54
ITERATION 5 newScore=-2.74109e+06 diffscore=3448.37 priorChange=-112.29 successMove=51
ITERATION 6 newScore=-2.73787e+06 diffscore=3217.26 priorChange=-101.199 successMove=54
ITERATION 7 newScore=-2.73692e+06 diffscore=945.781 priorChange=-116.449 successMove=54
ITERATION 8 newScore=-2.73257e+06 diffscore=4356.72 priorChange=-123.38 successMove=51
ITERATION 9 newScore=-2.72899e+06 diffscore=3575.61 priorChange=-115.062 successMove=52
ITERATION 10 newScore=-2.72454e+06 diffscore=4446.95 priorChange=-105.358 successMove=50
ITERATION 11 newScore=-2.72026e+06 diffscore=4279.75 priorChange=-109.517 successMove=50
ITERATION 12 newScore=-2.71739e+06 diffscore=2878.61 priorChange=-102.586 successMove=51
ITERATION 13 newScore=-2.71519e+06 diffscore=2199.42 priorChange=-105.358 successMove=51
ITERATION 14 newScore=-2.71158e+06 diffscore=3603.87 priorChange=-97.0406 successMove=52
ITERATION 15 newScore=-2.71079e+06 diffscore=791.392 priorChange=-113.676 successMove=51
ITERATION 16 newScore=-2.70696e+06 diffscore=3827.04 priorChange=-110.904 successMove=51
ITERATION 17 newScore=-2.70372e+06 diffscore=3239.56 priorChange=-112.29 successMove=50
ITERATION 18 newScore=-2.70146e+06 diffscore=2269.07 priorChange=-108.131 successMove=51
ITERATION 19 newScore=-2.69785e+06 diffscore=3605.21 priorChange=-102.586 successMove=49
binkey=87 [Edge status: 1 1 1 0 1 0 1 0 ] P(G)=P(cluster8=1)[0.2] * P(cluster1=0|cluster2=1) * P(cluster9=0|cluster6=1) * P(cluster7=0|cluster10=1) * P(cluster10=1|cluster6=1) * P(cluster6=1|cluster2=1) * P(cluster2=1|cluster3=1) * P(cluster3=1|cluster8=1)[0.0032768]=0.00065536
ITERATION 20 newScore=-2.69728e+06 diffscore=565.931 priorChange=-98.4269 successMove=50
ITERATION 21 newScore=-2.69368e+06 diffscore=3602.18 priorChange=-102.586 successMove=51
ITERATION 22 newScore=-2.68886e+06 diffscore=4817.83 priorChange=-87.3365 successMove=51
binkey=215 [Edge status: 1 1 1 0 1 0 1 1 ] P(G)=P(cluster8=1)[0.2] * P(cluster1=0|cluster2=1) * P(cluster9=0|cluster6=1) * P(cluster7=1|cluster10=1) * P(cluster10=1|cluster6=1) * P(cluster6=1|cluster2=1) * P(cluster2=1|cluster3=1) * P(cluster3=1|cluster8=1)[0.0131072]=0.00262144
ITERATION 23 newScore=-2.68577e+06 diffscore=3091.41 priorChange=-95.6543 successMove=50
ITERATION 24 newScore=-2.68356e+06 diffscore=2217.25 priorChange=-116.449 successMove=50
ITERATION 25 newScore=-2.68084e+06 diffscore=2715.31 priorChange=-120.608 successMove=49
ITERATION 26 newScore=-2.67831e+06 diffscore=2533.84 priorChange=-102.586 successMove=50
ITERATION 27 newScore=-2.67668e+06 diffscore=1628.03 priorChange=-112.29 successMove=48
ITERATION 28 newScore=-2.67619e+06 diffscore=490.059 priorChange=-99.8132 successMove=48
ITERATION 29 newScore=-2.67514e+06 diffscore=1046.78 priorChange=-101.199 successMove=48
ITERATION 30 newScore=-2.6734e+06 diffscore=1737.2 priorChange=-97.0406 successMove=48
ITERATION 31 newScore=-2.67038e+06 diffscore=3027.77 priorChange=-103.972 successMove=46
ITERATION 32 newScore=-2.67002e+06 diffscore=360.734 priorChange=-88.7228 successMove=48
ITERATION 33 newScore=-2.66954e+06 diffscore=474.572 priorChange=-105.358 successMove=46
ITERATION 34 newScore=-2.66827e+06 diffscore=1269.03 priorChange=-105.358 successMove=45
ITERATION 35 newScore=-2.66777e+06 diffscore=499.052 priorChange=-101.199 successMove=45
ITERATION 36 newScore=-2.66213e+06 diffscore=5644.63 priorChange=-108.131 successMove=45
ITERATION 37 newScore=-2.66168e+06 diffscore=451.006 priorChange=-102.586 successMove=44
ITERATION 38 newScore=-2.66063e+06 diffscore=1051.6 priorChange=-99.8132 successMove=48
ITERATION 39 newScore=-2.65945e+06 diffscore=1172.92 priorChange=-99.8132 successMove=43
ITERATION 40 newScore=-2.65885e+06 diffscore=605.111 priorChange=-90.1091 successMove=42
ITERATION 41 newScore=-2.65601e+06 diffscore=2839.43 priorChange=-98.4269 successMove=42
ITERATION 42 newScore=-2.65457e+06 diffscore=1440.66 priorChange=-87.3365 successMove=40
ITERATION 43 newScore=-2.65419e+06 diffscore=375.597 priorChange=-83.1777 successMove=40
ITERATION 44 newScore=-2.65376e+06 diffscore=434.945 priorChange=-84.564 successMove=40
ITERATION 45 newScore=-2.65221e+06 diffscore=1545.82 priorChange=-87.3365 successMove=40
ITERATION 46 newScore=-2.65075e+06 diffscore=1463.56 priorChange=-95.6543 successMove=39
ITERATION 47 newScore=-2.64838e+06 diffscore=2363.87 priorChange=-74.8599 successMove=38
ITERATION 48 newScore=-2.64684e+06 diffscore=1541.35 priorChange=-87.3365 successMove=37
ITERATION 49 newScore=-2.64408e+06 diffscore=2763.08 priorChange=-80.4051 successMove=37
ITERATION 50 newScore=-2.64374e+06 diffscore=335.597 priorChange=-72.0873 successMove=37
ITERATION 51 newScore=-2.64326e+06 diffscore=485.457 priorChange=-70.701 successMove=34
ITERATION 52 newScore=-2.64295e+06 diffscore=312.261 priorChange=-69.3147 successMove=33
ITERATION 53 newScore=-2.64154e+06 diffscore=1408.95 priorChange=-63.7695 successMove=32
ITERATION 54 newScore=-2.63981e+06 diffscore=1727.79 priorChange=-55.4518 successMove=32
ITERATION 55 newScore=-2.63918e+06 diffscore=631.08 priorChange=-55.4518 successMove=32
ITERATION 56 newScore=-2.6373e+06 diffscore=1875.9 priorChange=-74.8599 successMove=31
ITERATION 57 newScore=-2.63473e+06 diffscore=2574.96 priorChange=-60.997 successMove=32
ITERATION 58 newScore=-2.63338e+06 diffscore=1345.08 priorChange=-59.6107 successMove=30
ITERATION 59 newScore=-2.63283e+06 diffscore=553.172 priorChange=-59.6107 successMove=31
ITERATION 60 newScore=-2.63264e+06 diffscore=184.337 priorChange=-67.9284 successMove=30
ITERATION 61 newScore=-2.63156e+06 diffscore=1086.96 priorChange=-56.8381 successMove=30
ITERATION 62 newScore=-2.63137e+06 diffscore=189.674 priorChange=-69.3147 successMove=30
ITERATION 63 newScore=-2.6301e+06 diffscore=1264.19 priorChange=-67.9284 successMove=29
ITERATION 64 newScore=-2.6287e+06 diffscore=1402.85 priorChange=-65.1558 successMove=28
ITERATION 65 newScore=-2.62857e+06 diffscore=132.253 priorChange=-56.8381 successMove=26
ITERATION 66 newScore=-2.62837e+06 diffscore=200.091 priorChange=-55.4518 successMove=27
ITERATION 67 newScore=-2.62817e+06 diffscore=200.9 priorChange=-49.9066 successMove=26
ITERATION 68 newScore=-2.62747e+06 diffscore=694.515 priorChange=-51.2929 successMove=24
ITERATION 69 newScore=-2.62739e+06 diffscore=83.9069 priorChange=-38.8162 successMove=23
ITERATION 70 newScore=-2.62729e+06 diffscore=94.6098 priorChange=-52.6792 successMove=23
ITERATION 71 newScore=-2.62721e+06 diffscore=83.4438 priorChange=-44.3614 successMove=21
ITERATION 72 newScore=-2.62594e+06 diffscore=1269.7 priorChange=-38.8162 successMove=20
ITERATION 73 newScore=-2.62586e+06 diffscore=78.7232 priorChange=-44.3614 successMove=20
ITERATION 74 newScore=-2.62579e+06 diffscore=77.8079 priorChange=-47.134 successMove=19
ITERATION 75 newScore=-2.62571e+06 diffscore=74.0926 priorChange=-41.5888 successMove=19
ITERATION 76 newScore=-2.62563e+06 diffscore=81.5199 priorChange=-38.8162 successMove=16
ITERATION 77 newScore=-2.62555e+06 diffscore=81.3649 priorChange=-31.8848 successMove=15
ITERATION 78 newScore=-2.62541e+06 diffscore=141.574 priorChange=-33.2711 successMove=13
ITERATION 79 newScore=-2.62465e+06 diffscore=757.408 priorChange=-33.2711 successMove=13
ITERATION 80 newScore=-2.62459e+06 diffscore=58.0303 priorChange=-36.0437 successMove=13
ITERATION 81 newScore=-2.62455e+06 diffscore=42.3631 priorChange=-23.567 successMove=13
ITERATION 82 newScore=-2.62451e+06 diffscore=40.4843 priorChange=-22.1807 successMove=11
ITERATION 83 newScore=-2.62446e+06 diffscore=53.0903 priorChange=-22.1807 successMove=11
ITERATION 84 newScore=-2.6244e+06 diffscore=58.6674 priorChange=-18.0218 successMove=9
ITERATION 85 newScore=-2.62431e+06 diffscore=90.6367 priorChange=-18.0218 successMove=9
ITERATION 86 newScore=-2.62421e+06 diffscore=98.968 priorChange=-18.0218 successMove=9
ITERATION 87 newScore=-2.62407e+06 diffscore=139.947 priorChange=-15.2492 successMove=9
ITERATION 88 newScore=-2.62339e+06 diffscore=672.96 priorChange=-13.8629 successMove=8
ITERATION 89 newScore=-2.62336e+06 diffscore=31.647 priorChange=-13.8629 successMove=8
ITERATION 90 newScore=-2.6233e+06 diffscore=61.6286 priorChange=-12.4766 successMove=8
ITERATION 91 newScore=-2.62324e+06 diffscore=59.0475 priorChange=-9.70406 successMove=8
ITERATION 92 newScore=-2.6232e+06 diffscore=41.4896 priorChange=-8.31777 successMove=6
ITERATION 93 newScore=-2.62314e+06 diffscore=56.3043 priorChange=-9.70406 successMove=6
ITERATION 94 newScore=-2.62307e+06 diffscore=70.4084 priorChange=-9.70406 successMove=6
ITERATION 95 newScore=-2.62304e+06 diffscore=34.8241 priorChange=-12.4766 successMove=6
ITERATION 96 newScore=-2.62179e+06 diffscore=1250.39 priorChange=-5.54518 successMove=6
ITERATION 97 newScore=-2.62175e+06 diffscore=38.9001 priorChange=-9.70406 successMove=6
ITERATION 98 newScore=-2.62171e+06 diffscore=36.5689 priorChange=-11.0904 successMove=5
ITERATION 99 newScore=-2.62167e+06 diffscore=40.3684 priorChange=-11.0904 successMove=5
MetaLearner::dumpAllGraphs
Final Score -2.62167e+06
MetaLearner::start runtime: 798129749 ms
Results/
Results/cluster8/
Results/cluster8/fold0/
Results/cluster8/fold0/var_mb_pw_k50.txt
Results/cluster8/fold0/modelparams.txt
Results/cluster8/scoreFile.txt
Results/cluster3/
Results/cluster3/fold0/
Results/cluster3/fold0/var_mb_pw_k50.txt
Results/cluster3/fold0/modelparams.txt
Results/cluster2/
Results/cluster2/fold0/
Results/cluster2/fold0/var_mb_pw_k50.txt
Results/cluster2/fold0/modelparams.txt
Results/cluster1/
Results/cluster1/fold0/
Results/cluster1/fold0/var_mb_pw_k50.txt
Results/cluster1/fold0/modelparams.txt
Results/cluster6/
Results/cluster6/fold0/
Results/cluster6/fold0/var_mb_pw_k50.txt
Results/cluster6/fold0/modelparams.txt
Results/cluster9/
Results/cluster9/fold0/
Results/cluster9/fold0/var_mb_pw_k50.txt
Results/cluster9/fold0/modelparams.txt
Results/cluster10/
Results/cluster10/fold0/
Results/cluster10/fold0/var_mb_pw_k50.txt
Results/cluster10/fold0/modelparams.txt
Results/cluster7/
Results/cluster7/fold0/
Results/cluster7/fold0/var_mb_pw_k50.txt
Results/cluster7/fold0/modelparams.txt
