./CVN -f config_condor.txt -x50 -v1 -l TFs_OGs.txt -n AllGenes19.txt -d celltype_tree_ancestor.txt -m testdata_ogids.txt -s celltype_order.txt -p 0.2 -c yes -b -4 -q 4
(cluster3|cluster8) p_maintain_edge=0.8 p_gain=0.2
(cluster2|cluster3) p_maintain_edge=0.8 p_gain=0.2
(cluster1|cluster2) p_maintain_edge=0.8 p_gain=0.2
(cluster6|cluster2) p_maintain_edge=0.8 p_gain=0.2
(cluster9|cluster6) p_maintain_edge=0.8 p_gain=0.2
(cluster10|cluster6) p_maintain_edge=0.8 p_gain=0.2
(cluster7|cluster10) p_maintain_edge=0.8 p_gain=0.2
speciesSet.size()=8 Root is cluster8
MappedOrthogroupReader::readSpeciesMapping() --- celltype_order.txt
MappedOrthogroupReader::readFile - testdata_ogids.txt
MappedOrthogroupReader::generateGeneOrthoMap()
MetaLearner::init_onefold() read:config_condor.txt
MetaLearner::setinputVariableNames number of variables: 2043
readEvidenceTable:cluster8.table
PotentialManager::loadEvidenceFromTable varCount=2043 sampleCount=348
motifNetwork.size() = 319
0=cluster8 motifNetwork=cluster8_network.txt
variable size=2043
readEvidenceTable:cluster3.table
PotentialManager::loadEvidenceFromTable varCount=2043 sampleCount=95
motifNetwork.size() = 326
1=cluster3 motifNetwork=cluster3_network.txt
variable size=2043
readEvidenceTable:cluster2.table
PotentialManager::loadEvidenceFromTable varCount=2043 sampleCount=386
motifNetwork.size() = 328
2=cluster2 motifNetwork=cluster2_network.txt
variable size=2043
readEvidenceTable:cluster1.table
PotentialManager::loadEvidenceFromTable varCount=2043 sampleCount=36
motifNetwork.size() = 322
3=cluster1 motifNetwork=cluster1_network.txt
variable size=2043
readEvidenceTable:cluster6.table
PotentialManager::loadEvidenceFromTable varCount=2043 sampleCount=524
motifNetwork.size() = 320
4=cluster6 motifNetwork=cluster6_network.txt
variable size=2043
readEvidenceTable:cluster9.table
PotentialManager::loadEvidenceFromTable varCount=2043 sampleCount=184
motifNetwork.size() = 327
5=cluster9 motifNetwork=cluster9_network.txt
variable size=2043
readEvidenceTable:cluster10.table
PotentialManager::loadEvidenceFromTable varCount=2043 sampleCount=165
motifNetwork.size() = 326
6=cluster10 motifNetwork=cluster10_network.txt
variable size=2043
readEvidenceTable:cluster7.table
PotentialManager::loadEvidenceFromTable varCount=2043 sampleCount=1032
motifNetwork.size() = 320
7=cluster7 motifNetwork=cluster7_network.txt
variable size=2043
-------------------------------------------------------------
MetaLearner::start
precomputeEmptyGraphPrior
binkey=0 [Edge status: 0 0 0 0 0 0 0 0 ] P(G)=P(cluster8=0)[0.8] * P(cluster1=0|cluster2=0) * P(cluster9=0|cluster6=0) * P(cluster7=0|cluster10=0) * P(cluster10=0|cluster6=0) * P(cluster6=0|cluster2=0) * P(cluster2=0|cluster3=0) * P(cluster3=0|cluster8=0)[0.209715]=0.167772
condsetMap_Tree
0 cluster8=0 cluster3=0 cluster2=0 cluster1=0 cluster6=0 cluster9=0 cluster10=0 cluster7=1
1 cluster8=0 cluster3=0 cluster2=0 cluster1=0 cluster6=0 cluster9=1 cluster10=0 cluster7=0
2 cluster8=0 cluster3=0 cluster2=0 cluster1=0 cluster6=0 cluster9=1 cluster10=0 cluster7=1
3 cluster8=0 cluster3=0 cluster2=0 cluster1=1 cluster6=0 cluster9=0 cluster10=0 cluster7=0
4 cluster8=0 cluster3=0 cluster2=0 cluster1=1 cluster6=0 cluster9=0 cluster10=0 cluster7=1
5 cluster8=0 cluster3=0 cluster2=0 cluster1=1 cluster6=0 cluster9=1 cluster10=0 cluster7=0
6 cluster8=0 cluster3=0 cluster2=0 cluster1=1 cluster6=0 cluster9=1 cluster10=0 cluster7=1
7 cluster8=0 cluster3=0 cluster2=0 cluster1=0 cluster6=0 cluster9=0 cluster10=1 cluster7=1
8 cluster8=0 cluster3=0 cluster2=0 cluster1=0 cluster6=0 cluster9=1 cluster10=1 cluster7=1
9 cluster8=0 cluster3=0 cluster2=0 cluster1=1 cluster6=0 cluster9=0 cluster10=1 cluster7=1
10 cluster8=0 cluster3=0 cluster2=0 cluster1=1 cluster6=0 cluster9=1 cluster10=1 cluster7=1
11 cluster8=0 cluster3=0 cluster2=0 cluster1=0 cluster6=1 cluster9=1 cluster10=1 cluster7=1
12 cluster8=0 cluster3=0 cluster2=0 cluster1=1 cluster6=1 cluster9=1 cluster10=1 cluster7=1
13 cluster8=0 cluster3=0 cluster2=1 cluster1=1 cluster6=1 cluster9=1 cluster10=1 cluster7=1
14 cluster8=0 cluster3=1 cluster2=1 cluster1=1 cluster6=1 cluster9=1 cluster10=1 cluster7=1
15 cluster8=1 cluster3=1 cluster2=1 cluster1=1 cluster6=1 cluster9=1 cluster10=1 cluster7=1
16 cluster8=1 cluster3=1 cluster2=1 cluster1=1 cluster6=1 cluster9=1 cluster10=1 cluster7=0
17 cluster8=1 cluster3=1 cluster2=1 cluster1=1 cluster6=1 cluster9=0 cluster10=1 cluster7=1
18 cluster8=1 cluster3=1 cluster2=1 cluster1=1 cluster6=1 cluster9=0 cluster10=1 cluster7=0
19 cluster8=1 cluster3=1 cluster2=1 cluster1=0 cluster6=1 cluster9=1 cluster10=1 cluster7=1
20 cluster8=1 cluster3=1 cluster2=1 cluster1=0 cluster6=1 cluster9=1 cluster10=1 cluster7=0
21 cluster8=1 cluster3=1 cluster2=1 cluster1=0 cluster6=1 cluster9=0 cluster10=1 cluster7=1
22 cluster8=1 cluster3=1 cluster2=1 cluster1=0 cluster6=1 cluster9=0 cluster10=1 cluster7=0
23 cluster8=1 cluster3=1 cluster2=1 cluster1=1 cluster6=1 cluster9=1 cluster10=0 cluster7=0
24 cluster8=1 cluster3=1 cluster2=1 cluster1=1 cluster6=1 cluster9=0 cluster10=0 cluster7=0
25 cluster8=1 cluster3=1 cluster2=1 cluster1=0 cluster6=1 cluster9=1 cluster10=0 cluster7=0
26 cluster8=1 cluster3=1 cluster2=1 cluster1=0 cluster6=1 cluster9=0 cluster10=0 cluster7=0
27 cluster8=1 cluster3=1 cluster2=1 cluster1=1 cluster6=0 cluster9=0 cluster10=0 cluster7=0
28 cluster8=1 cluster3=1 cluster2=1 cluster1=0 cluster6=0 cluster9=0 cluster10=0 cluster7=0
29 cluster8=1 cluster3=1 cluster2=0 cluster1=0 cluster6=0 cluster9=0 cluster10=0 cluster7=0
30 cluster8=1 cluster3=0 cluster2=0 cluster1=0 cluster6=0 cluster9=0 cluster10=0 cluster7=0
31 cluster8=0 cluster3=0 cluster2=0 cluster1=0 cluster6=1 cluster9=0 cluster10=0 cluster7=0
32 cluster8=0 cluster3=0 cluster2=1 cluster1=0 cluster6=0 cluster9=0 cluster10=0 cluster7=0
33 cluster8=0 cluster3=0 cluster2=0 cluster1=0 cluster6=0 cluster9=0 cluster10=1 cluster7=0
34 cluster8=0 cluster3=1 cluster2=0 cluster1=0 cluster6=0 cluster9=0 cluster10=0 cluster7=0
inputRegulatorOGs.size() = 1999 inputOGList.size() = 50
binkey=2 [Edge status: 0 1 0 0 0 0 0 0 ] P(G)=P(cluster8=0)[0.8] * P(cluster1=0|cluster2=0) * P(cluster9=0|cluster6=0) * P(cluster7=0|cluster10=0) * P(cluster10=0|cluster6=0) * P(cluster6=0|cluster2=0) * P(cluster2=0|cluster3=1) * P(cluster3=1|cluster8=0)[0.0131072]=0.0104858
binkey=1 [Edge status: 1 0 0 0 0 0 0 0 ] P(G)=P(cluster8=1)[0.2] * P(cluster1=0|cluster2=0) * P(cluster9=0|cluster6=0) * P(cluster7=0|cluster10=0) * P(cluster10=0|cluster6=0) * P(cluster6=0|cluster2=0) * P(cluster2=0|cluster3=0) * P(cluster3=0|cluster8=1)[0.0524288]=0.0104858
binkey=16 [Edge status: 0 0 0 0 1 0 0 0 ] P(G)=P(cluster8=0)[0.8] * P(cluster1=0|cluster2=0) * P(cluster9=0|cluster6=1) * P(cluster7=0|cluster10=0) * P(cluster10=0|cluster6=1) * P(cluster6=1|cluster2=0) * P(cluster2=0|cluster3=0) * P(cluster3=0|cluster8=0)[0.0032768]=0.00262144
binkey=4 [Edge status: 0 0 1 0 0 0 0 0 ] P(G)=P(cluster8=0)[0.8] * P(cluster1=0|cluster2=1) * P(cluster9=0|cluster6=0) * P(cluster7=0|cluster10=0) * P(cluster10=0|cluster6=0) * P(cluster6=0|cluster2=1) * P(cluster2=1|cluster3=0) * P(cluster3=0|cluster8=0)[0.0032768]=0.00262144
binkey=8 [Edge status: 0 0 0 1 0 0 0 0 ] P(G)=P(cluster8=0)[0.8] * P(cluster1=1|cluster2=0) * P(cluster9=0|cluster6=0) * P(cluster7=0|cluster10=0) * P(cluster10=0|cluster6=0) * P(cluster6=0|cluster2=0) * P(cluster2=0|cluster3=0) * P(cluster3=0|cluster8=0)[0.0524288]=0.041943
binkey=32 [Edge status: 0 0 0 0 0 1 0 0 ] P(G)=P(cluster8=0)[0.8] * P(cluster1=0|cluster2=0) * P(cluster9=1|cluster6=0) * P(cluster7=0|cluster10=0) * P(cluster10=0|cluster6=0) * P(cluster6=0|cluster2=0) * P(cluster2=0|cluster3=0) * P(cluster3=0|cluster8=0)[0.0524288]=0.041943
binkey=128 [Edge status: 0 0 0 0 0 0 0 1 ] P(G)=P(cluster8=0)[0.8] * P(cluster1=0|cluster2=0) * P(cluster9=0|cluster6=0) * P(cluster7=1|cluster10=0) * P(cluster10=0|cluster6=0) * P(cluster6=0|cluster2=0) * P(cluster2=0|cluster3=0) * P(cluster3=0|cluster8=0)[0.0524288]=0.041943
binkey=160 [Edge status: 0 0 0 0 0 1 0 1 ] P(G)=P(cluster8=0)[0.8] * P(cluster1=0|cluster2=0) * P(cluster9=1|cluster6=0) * P(cluster7=1|cluster10=0) * P(cluster10=0|cluster6=0) * P(cluster6=0|cluster2=0) * P(cluster2=0|cluster3=0) * P(cluster3=0|cluster8=0)[0.0131072]=0.0104858
binkey=64 [Edge status: 0 0 0 0 0 0 1 0 ] P(G)=P(cluster8=0)[0.8] * P(cluster1=0|cluster2=0) * P(cluster9=0|cluster6=0) * P(cluster7=0|cluster10=1) * P(cluster10=1|cluster6=0) * P(cluster6=0|cluster2=0) * P(cluster2=0|cluster3=0) * P(cluster3=0|cluster8=0)[0.0131072]=0.0104858
binkey=3 [Edge status: 1 1 0 0 0 0 0 0 ] P(G)=P(cluster8=1)[0.2] * P(cluster1=0|cluster2=0) * P(cluster9=0|cluster6=0) * P(cluster7=0|cluster10=0) * P(cluster10=0|cluster6=0) * P(cluster6=0|cluster2=0) * P(cluster2=0|cluster3=1) * P(cluster3=1|cluster8=1)[0.0524288]=0.0104858
binkey=7 [Edge status: 1 1 1 0 0 0 0 0 ] P(G)=P(cluster8=1)[0.2] * P(cluster1=0|cluster2=1) * P(cluster9=0|cluster6=0) * P(cluster7=0|cluster10=0) * P(cluster10=0|cluster6=0) * P(cluster6=0|cluster2=1) * P(cluster2=1|cluster3=1) * P(cluster3=1|cluster8=1)[0.0131072]=0.00262144
binkey=192 [Edge status: 0 0 0 0 0 0 1 1 ] P(G)=P(cluster8=0)[0.8] * P(cluster1=0|cluster2=0) * P(cluster9=0|cluster6=0) * P(cluster7=1|cluster10=1) * P(cluster10=1|cluster6=0) * P(cluster6=0|cluster2=0) * P(cluster2=0|cluster3=0) * P(cluster3=0|cluster8=0)[0.0524288]=0.041943
binkey=136 [Edge status: 0 0 0 1 0 0 0 1 ] P(G)=P(cluster8=0)[0.8] * P(cluster1=1|cluster2=0) * P(cluster9=0|cluster6=0) * P(cluster7=1|cluster10=0) * P(cluster10=0|cluster6=0) * P(cluster6=0|cluster2=0) * P(cluster2=0|cluster3=0) * P(cluster3=0|cluster8=0)[0.0131072]=0.0104858
binkey=40 [Edge status: 0 0 0 1 0 1 0 0 ] P(G)=P(cluster8=0)[0.8] * P(cluster1=1|cluster2=0) * P(cluster9=1|cluster6=0) * P(cluster7=0|cluster10=0) * P(cluster10=0|cluster6=0) * P(cluster6=0|cluster2=0) * P(cluster2=0|cluster3=0) * P(cluster3=0|cluster8=0)[0.0131072]=0.0104858
binkey=168 [Edge status: 0 0 0 1 0 1 0 1 ] P(G)=P(cluster8=0)[0.8] * P(cluster1=1|cluster2=0) * P(cluster9=1|cluster6=0) * P(cluster7=1|cluster10=0) * P(cluster10=0|cluster6=0) * P(cluster6=0|cluster2=0) * P(cluster2=0|cluster3=0) * P(cluster3=0|cluster8=0)[0.0032768]=0.00262144
binkey=224 [Edge status: 0 0 0 0 0 1 1 1 ] P(G)=P(cluster8=0)[0.8] * P(cluster1=0|cluster2=0) * P(cluster9=1|cluster6=0) * P(cluster7=1|cluster10=1) * P(cluster10=1|cluster6=0) * P(cluster6=0|cluster2=0) * P(cluster2=0|cluster3=0) * P(cluster3=0|cluster8=0)[0.0131072]=0.0104858
binkey=240 [Edge status: 0 0 0 0 1 1 1 1 ] P(G)=P(cluster8=0)[0.8] * P(cluster1=0|cluster2=0) * P(cluster9=1|cluster6=1) * P(cluster7=1|cluster10=1) * P(cluster10=1|cluster6=1) * P(cluster6=1|cluster2=0) * P(cluster2=0|cluster3=0) * P(cluster3=0|cluster8=0)[0.0524288]=0.041943
binkey=200 [Edge status: 0 0 0 1 0 0 1 1 ] P(G)=P(cluster8=0)[0.8] * P(cluster1=1|cluster2=0) * P(cluster9=0|cluster6=0) * P(cluster7=1|cluster10=1) * P(cluster10=1|cluster6=0) * P(cluster6=0|cluster2=0) * P(cluster2=0|cluster3=0) * P(cluster3=0|cluster8=0)[0.0131072]=0.0104858
binkey=247 [Edge status: 1 1 1 0 1 1 1 1 ] P(G)=P(cluster8=1)[0.2] * P(cluster1=0|cluster2=1) * P(cluster9=1|cluster6=1) * P(cluster7=1|cluster10=1) * P(cluster10=1|cluster6=1) * P(cluster6=1|cluster2=1) * P(cluster2=1|cluster3=1) * P(cluster3=1|cluster8=1)[0.0524288]=0.0104858
binkey=119 [Edge status: 1 1 1 0 1 1 1 0 ] P(G)=P(cluster8=1)[0.2] * P(cluster1=0|cluster2=1) * P(cluster9=1|cluster6=1) * P(cluster7=0|cluster10=1) * P(cluster10=1|cluster6=1) * P(cluster6=1|cluster2=1) * P(cluster2=1|cluster3=1) * P(cluster3=1|cluster8=1)[0.0131072]=0.00262144
binkey=215 [Edge status: 1 1 1 0 1 0 1 1 ] P(G)=P(cluster8=1)[0.2] * P(cluster1=0|cluster2=1) * P(cluster9=0|cluster6=1) * P(cluster7=1|cluster10=1) * P(cluster10=1|cluster6=1) * P(cluster6=1|cluster2=1) * P(cluster2=1|cluster3=1) * P(cluster3=1|cluster8=1)[0.0131072]=0.00262144
binkey=87 [Edge status: 1 1 1 0 1 0 1 0 ] P(G)=P(cluster8=1)[0.2] * P(cluster1=0|cluster2=1) * P(cluster9=0|cluster6=1) * P(cluster7=0|cluster10=1) * P(cluster10=1|cluster6=1) * P(cluster6=1|cluster2=1) * P(cluster2=1|cluster3=1) * P(cluster3=1|cluster8=1)[0.0032768]=0.00065536
binkey=55 [Edge status: 1 1 1 0 1 1 0 0 ] P(G)=P(cluster8=1)[0.2] * P(cluster1=0|cluster2=1) * P(cluster9=1|cluster6=1) * P(cluster7=0|cluster10=0) * P(cluster10=0|cluster6=1) * P(cluster6=1|cluster2=1) * P(cluster2=1|cluster3=1) * P(cluster3=1|cluster8=1)[0.0131072]=0.00262144
binkey=23 [Edge status: 1 1 1 0 1 0 0 0 ] P(G)=P(cluster8=1)[0.2] * P(cluster1=0|cluster2=1) * P(cluster9=0|cluster6=1) * P(cluster7=0|cluster10=0) * P(cluster10=0|cluster6=1) * P(cluster6=1|cluster2=1) * P(cluster2=1|cluster3=1) * P(cluster3=1|cluster8=1)[0.0032768]=0.00065536
binkey=232 [Edge status: 0 0 0 1 0 1 1 1 ] P(G)=P(cluster8=0)[0.8] * P(cluster1=1|cluster2=0) * P(cluster9=1|cluster6=0) * P(cluster7=1|cluster10=1) * P(cluster10=1|cluster6=0) * P(cluster6=0|cluster2=0) * P(cluster2=0|cluster3=0) * P(cluster3=0|cluster8=0)[0.0032768]=0.00262144
binkey=248 [Edge status: 0 0 0 1 1 1 1 1 ] P(G)=P(cluster8=0)[0.8] * P(cluster1=1|cluster2=0) * P(cluster9=1|cluster6=1) * P(cluster7=1|cluster10=1) * P(cluster10=1|cluster6=1) * P(cluster6=1|cluster2=0) * P(cluster2=0|cluster3=0) * P(cluster3=0|cluster8=0)[0.0131072]=0.0104858
binkey=252 [Edge status: 0 0 1 1 1 1 1 1 ] P(G)=P(cluster8=0)[0.8] * P(cluster1=1|cluster2=1) * P(cluster9=1|cluster6=1) * P(cluster7=1|cluster10=1) * P(cluster10=1|cluster6=1) * P(cluster6=1|cluster2=1) * P(cluster2=1|cluster3=0) * P(cluster3=0|cluster8=0)[0.0524288]=0.041943
binkey=254 [Edge status: 0 1 1 1 1 1 1 1 ] P(G)=P(cluster8=0)[0.8] * P(cluster1=1|cluster2=1) * P(cluster9=1|cluster6=1) * P(cluster7=1|cluster10=1) * P(cluster10=1|cluster6=1) * P(cluster6=1|cluster2=1) * P(cluster2=1|cluster3=1) * P(cluster3=1|cluster8=0)[0.0524288]=0.041943
binkey=15 [Edge status: 1 1 1 1 0 0 0 0 ] P(G)=P(cluster8=1)[0.2] * P(cluster1=1|cluster2=1) * P(cluster9=0|cluster6=0) * P(cluster7=0|cluster10=0) * P(cluster10=0|cluster6=0) * P(cluster6=0|cluster2=1) * P(cluster2=1|cluster3=1) * P(cluster3=1|cluster8=1)[0.0524288]=0.0104858
ITERATION 0 newScore=-2.71424e+06 diffscore=14147 priorChange=-108.131 successMove=61
ITERATION 1 newScore=-2.70544e+06 diffscore=8797.12 priorChange=-116.449 successMove=55
ITERATION 2 newScore=-2.69577e+06 diffscore=9678.11 priorChange=-119.221 successMove=58
ITERATION 3 newScore=-2.69194e+06 diffscore=3820.89 priorChange=-115.062 successMove=54
ITERATION 4 newScore=-2.68646e+06 diffscore=5484.34 priorChange=-116.449 successMove=53
ITERATION 5 newScore=-2.67886e+06 diffscore=7598.93 priorChange=-120.608 successMove=51
ITERATION 6 newScore=-2.67296e+06 diffscore=5899.85 priorChange=-116.449 successMove=52
ITERATION 7 newScore=-2.66889e+06 diffscore=4069.3 priorChange=-120.608 successMove=51
ITERATION 8 newScore=-2.66543e+06 diffscore=3465.97 priorChange=-131.698 successMove=52
ITERATION 9 newScore=-2.66354e+06 diffscore=1887.84 priorChange=-119.221 successMove=50
ITERATION 10 newScore=-2.66275e+06 diffscore=786.944 priorChange=-109.517 successMove=52
ITERATION 11 newScore=-2.66076e+06 diffscore=1991.81 priorChange=-121.994 successMove=50
ITERATION 12 newScore=-2.65862e+06 diffscore=2140.93 priorChange=-105.358 successMove=52
ITERATION 13 newScore=-2.65723e+06 diffscore=1392.12 priorChange=-133.084 successMove=51
ITERATION 14 newScore=-2.6535e+06 diffscore=3725 priorChange=-124.766 successMove=50
ITERATION 15 newScore=-2.65125e+06 diffscore=2246.49 priorChange=-117.835 successMove=50
ITERATION 16 newScore=-2.64902e+06 diffscore=2231.12 priorChange=-115.062 successMove=53
ITERATION 17 newScore=-2.64622e+06 diffscore=2799.96 priorChange=-123.38 successMove=52
ITERATION 18 newScore=-2.64434e+06 diffscore=1885.13 priorChange=-103.972 successMove=51
ITERATION 19 newScore=-2.64369e+06 diffscore=651.616 priorChange=-102.586 successMove=51
ITERATION 20 newScore=-2.64164e+06 diffscore=2049.88 priorChange=-106.745 successMove=49
ITERATION 21 newScore=-2.64081e+06 diffscore=825.912 priorChange=-98.4269 successMove=49
ITERATION 22 newScore=-2.63808e+06 diffscore=2729.65 priorChange=-103.972 successMove=49
ITERATION 23 newScore=-2.63758e+06 diffscore=498.512 priorChange=-106.745 successMove=48
ITERATION 24 newScore=-2.63712e+06 diffscore=460.587 priorChange=-94.268 successMove=49
ITERATION 25 newScore=-2.63533e+06 diffscore=1792.04 priorChange=-87.3365 successMove=47
ITERATION 26 newScore=-2.63467e+06 diffscore=661.939 priorChange=-101.199 successMove=46
ITERATION 27 newScore=-2.6329e+06 diffscore=1772.25 priorChange=-95.6543 successMove=47
ITERATION 28 newScore=-2.63095e+06 diffscore=1946.17 priorChange=-92.8817 successMove=46
ITERATION 29 newScore=-2.62925e+06 diffscore=1700.97 priorChange=-90.1091 successMove=46
ITERATION 30 newScore=-2.62634e+06 diffscore=2908.8 priorChange=-103.972 successMove=48
ITERATION 31 newScore=-2.62523e+06 diffscore=1107.52 priorChange=-102.586 successMove=44
ITERATION 32 newScore=-2.62485e+06 diffscore=383.864 priorChange=-103.972 successMove=45
ITERATION 33 newScore=-2.62445e+06 diffscore=397.429 priorChange=-98.4269 successMove=44
ITERATION 34 newScore=-2.62396e+06 diffscore=491.028 priorChange=-90.1091 successMove=43
ITERATION 35 newScore=-2.62239e+06 diffscore=1571.21 priorChange=-102.586 successMove=43
ITERATION 36 newScore=-2.62069e+06 diffscore=1697.68 priorChange=-106.745 successMove=44
ITERATION 37 newScore=-2.62017e+06 diffscore=526.249 priorChange=-105.358 successMove=46
ITERATION 38 newScore=-2.61868e+06 diffscore=1487.41 priorChange=-92.8817 successMove=47
ITERATION 39 newScore=-2.61579e+06 diffscore=2883.83 priorChange=-98.4269 successMove=44
ITERATION 40 newScore=-2.61426e+06 diffscore=1534.03 priorChange=-90.1091 successMove=44
ITERATION 41 newScore=-2.61393e+06 diffscore=330.462 priorChange=-101.199 successMove=45
ITERATION 42 newScore=-2.61355e+06 diffscore=378.934 priorChange=-103.972 successMove=44
ITERATION 43 newScore=-2.6132e+06 diffscore=345.859 priorChange=-91.4954 successMove=43
ITERATION 44 newScore=-2.61194e+06 diffscore=1265.43 priorChange=-94.268 successMove=43
ITERATION 45 newScore=-2.61068e+06 diffscore=1254.46 priorChange=-109.517 successMove=44
ITERATION 46 newScore=-2.6104e+06 diffscore=284.89 priorChange=-91.4954 successMove=44
ITERATION 47 newScore=-2.60993e+06 diffscore=467.478 priorChange=-105.358 successMove=42
ITERATION 48 newScore=-2.60859e+06 diffscore=1341.9 priorChange=-95.6543 successMove=42
ITERATION 49 newScore=-2.60827e+06 diffscore=325.112 priorChange=-90.1091 successMove=41
ITERATION 50 newScore=-2.6068e+06 diffscore=1463.54 priorChange=-92.8817 successMove=42
ITERATION 51 newScore=-2.60643e+06 diffscore=372.942 priorChange=-87.3365 successMove=43
ITERATION 52 newScore=-2.60525e+06 diffscore=1174.74 priorChange=-88.7228 successMove=41
ITERATION 53 newScore=-2.60488e+06 diffscore=374.419 priorChange=-85.9503 successMove=42
ITERATION 54 newScore=-2.6035e+06 diffscore=1375.54 priorChange=-102.586 successMove=42
ITERATION 55 newScore=-2.60037e+06 diffscore=3131.24 priorChange=-83.1777 successMove=42
ITERATION 56 newScore=-2.59925e+06 diffscore=1124.01 priorChange=-80.4051 successMove=39
ITERATION 57 newScore=-2.59863e+06 diffscore=618.866 priorChange=-80.4051 successMove=39
ITERATION 58 newScore=-2.59797e+06 diffscore=664.1 priorChange=-72.0873 successMove=37
ITERATION 59 newScore=-2.59708e+06 diffscore=885.007 priorChange=-70.701 successMove=36
ITERATION 60 newScore=-2.59673e+06 diffscore=347.173 priorChange=-74.8599 successMove=35
ITERATION 61 newScore=-2.59635e+06 diffscore=384.441 priorChange=-79.0188 successMove=36
ITERATION 62 newScore=-2.59592e+06 diffscore=427.579 priorChange=-85.9503 successMove=34
ITERATION 63 newScore=-2.59486e+06 diffscore=1066.82 priorChange=-66.5421 successMove=32
ITERATION 64 newScore=-2.59443e+06 diffscore=423.828 priorChange=-70.701 successMove=32
ITERATION 65 newScore=-2.59402e+06 diffscore=415.97 priorChange=-59.6107 successMove=33
ITERATION 66 newScore=-2.59253e+06 diffscore=1486.54 priorChange=-56.8381 successMove=32
ITERATION 67 newScore=-2.59088e+06 diffscore=1645.02 priorChange=-76.2462 successMove=31
ITERATION 68 newScore=-2.58946e+06 diffscore=1426.03 priorChange=-49.9066 successMove=33
ITERATION 69 newScore=-2.58739e+06 diffscore=2063.89 priorChange=-70.701 successMove=32
ITERATION 70 newScore=-2.58718e+06 diffscore=217.828 priorChange=-58.2244 successMove=33
ITERATION 71 newScore=-2.58689e+06 diffscore=285.953 priorChange=-59.6107 successMove=28
ITERATION 72 newScore=-2.58481e+06 diffscore=2082.78 priorChange=-62.3832 successMove=29
ITERATION 73 newScore=-2.5845e+06 diffscore=303.113 priorChange=-62.3832 successMove=28
ITERATION 74 newScore=-2.58281e+06 diffscore=1696.99 priorChange=-51.2929 successMove=28
ITERATION 75 newScore=-2.58201e+06 diffscore=794.897 priorChange=-44.3614 successMove=27
ITERATION 76 newScore=-2.58191e+06 diffscore=100.971 priorChange=-56.8381 successMove=25
ITERATION 77 newScore=-2.58182e+06 diffscore=86.5889 priorChange=-40.2025 successMove=23
ITERATION 78 newScore=-2.58171e+06 diffscore=111.927 priorChange=-41.5888 successMove=24
ITERATION 79 newScore=-2.58158e+06 diffscore=131.017 priorChange=-48.5203 successMove=23
ITERATION 80 newScore=-2.58144e+06 diffscore=144.673 priorChange=-40.2025 successMove=21
ITERATION 81 newScore=-2.58138e+06 diffscore=61.7161 priorChange=-34.6574 successMove=21
ITERATION 82 newScore=-2.58128e+06 diffscore=95.432 priorChange=-30.4985 successMove=22
ITERATION 83 newScore=-2.58121e+06 diffscore=72.4508 priorChange=-37.4299 successMove=19
ITERATION 84 newScore=-2.58113e+06 diffscore=78.5814 priorChange=-29.1122 successMove=19
ITERATION 85 newScore=-2.58103e+06 diffscore=100.775 priorChange=-44.3614 successMove=19
ITERATION 86 newScore=-2.58092e+06 diffscore=103.807 priorChange=-37.4299 successMove=18
ITERATION 87 newScore=-2.58083e+06 diffscore=91.234 priorChange=-37.4299 successMove=19
ITERATION 88 newScore=-2.58073e+06 diffscore=102.479 priorChange=-33.2711 successMove=18
ITERATION 89 newScore=-2.58061e+06 diffscore=117.088 priorChange=-30.4985 successMove=18
ITERATION 90 newScore=-2.58048e+06 diffscore=129.339 priorChange=-37.4299 successMove=19
ITERATION 91 newScore=-2.57918e+06 diffscore=1305.05 priorChange=-34.6574 successMove=19
ITERATION 92 newScore=-2.57908e+06 diffscore=95.6687 priorChange=-36.0437 successMove=19
ITERATION 93 newScore=-2.57894e+06 diffscore=140.002 priorChange=-36.0437 successMove=17
ITERATION 94 newScore=-2.57816e+06 diffscore=782.411 priorChange=-36.0437 successMove=16
ITERATION 95 newScore=-2.57712e+06 diffscore=1040.68 priorChange=-24.9533 successMove=16
ITERATION 96 newScore=-2.57707e+06 diffscore=46.9523 priorChange=-29.1122 successMove=15
ITERATION 97 newScore=-2.57704e+06 diffscore=36.1829 priorChange=-26.3396 successMove=14
ITERATION 98 newScore=-2.57698e+06 diffscore=54.6541 priorChange=-24.9533 successMove=11
ITERATION 99 newScore=-2.57692e+06 diffscore=60.4836 priorChange=-20.7944 successMove=10
MetaLearner::dumpAllGraphs
Final Score -2.57692e+06
MetaLearner::start runtime: 1257383732 ms
Results/
Results/cluster3/
Results/cluster3/fold0/
Results/cluster3/fold0/modelparams.txt
Results/cluster3/fold0/var_mb_pw_k50.txt
Results/cluster7/
Results/cluster7/fold0/
Results/cluster7/fold0/modelparams.txt
Results/cluster7/fold0/var_mb_pw_k50.txt
Results/cluster2/
Results/cluster2/fold0/
Results/cluster2/fold0/modelparams.txt
Results/cluster2/fold0/var_mb_pw_k50.txt
Results/cluster9/
Results/cluster9/fold0/
Results/cluster9/fold0/modelparams.txt
Results/cluster9/fold0/var_mb_pw_k50.txt
Results/cluster6/
Results/cluster6/fold0/
Results/cluster6/fold0/modelparams.txt
Results/cluster6/fold0/var_mb_pw_k50.txt
Results/cluster1/
Results/cluster1/fold0/
Results/cluster1/fold0/modelparams.txt
Results/cluster1/fold0/var_mb_pw_k50.txt
Results/cluster10/
Results/cluster10/fold0/
Results/cluster10/fold0/modelparams.txt
Results/cluster10/fold0/var_mb_pw_k50.txt
Results/cluster8/
Results/cluster8/scoreFile.txt
Results/cluster8/fold0/
Results/cluster8/fold0/modelparams.txt
Results/cluster8/fold0/var_mb_pw_k50.txt
