000 (49777.2171.000) 10/11 10:48:13 Job submitted from host: <144.92.142.142:9618?addrs=144.92.142.142-9618&noUDP&sock=44923_051a_3>
...
001 (49777.2171.000) 10/11 18:35:05 Job executing on host: <128.105.68.23:9618?addrs=128.105.68.23-9618&alias=gpulab2004.chtc.wisc.edu&noUDP&sock=startd_62541_80a6>
...
006 (49777.2171.000) 10/11 18:35:14 Image size of job updated: 105436
	103  -  MemoryUsage of job (MB)
	105436  -  ResidentSetSize of job (KB)
...
006 (49777.2171.000) 10/11 18:40:15 Image size of job updated: 803136
	746  -  MemoryUsage of job (MB)
	763864  -  ResidentSetSize of job (KB)
...
006 (49777.2171.000) 10/11 18:45:15 Image size of job updated: 1227064
	1151  -  MemoryUsage of job (MB)
	1178360  -  ResidentSetSize of job (KB)
...
006 (49777.2171.000) 10/11 18:50:15 Image size of job updated: 1774200
	1702  -  MemoryUsage of job (MB)
	1742104  -  ResidentSetSize of job (KB)
...
006 (49777.2171.000) 10/11 18:55:16 Image size of job updated: 2563404
	2504  -  MemoryUsage of job (MB)
	2563404  -  ResidentSetSize of job (KB)
...
006 (49777.2171.000) 10/11 18:57:55 Image size of job updated: 3150780
	2504  -  MemoryUsage of job (MB)
	2563404  -  ResidentSetSize of job (KB)
...
005 (49777.2171.000) 10/11 18:57:55 Job terminated.
	(1) Normal termination (return value 0)
		Usr 0 00:22:43, Sys 0 00:00:04  -  Run Remote Usage
		Usr 0 00:00:00, Sys 0 00:00:00  -  Run Local Usage
		Usr 0 00:22:43, Sys 0 00:00:04  -  Total Remote Usage
		Usr 0 00:00:00, Sys 0 00:00:00  -  Total Local Usage
	176052  -  Run Bytes Sent By Job
	316843904  -  Run Bytes Received By Job
	176052  -  Total Bytes Sent By Job
	316843904  -  Total Bytes Received By Job
	Partitionable Resources :     Usage  Request Allocated 
	   Cpus                 :      1.00        1         1 
	   Disk (KB)            : 325000      819200  18192444 
	   Gpus                 :                            0 
	   Ioheavy              :                            0 
	   Memory (MB)          :   2504       20480     21341 
...
