000 (49777.1095.000) 10/11 10:48:10 Job submitted from host: <144.92.142.142:9618?addrs=144.92.142.142-9618&noUDP&sock=44923_051a_3>
...
001 (49777.1095.000) 10/11 15:44:33 Job executing on host: <144.92.142.183:9618?addrs=144.92.142.183-9618&noUDP&sock=17769_a26f_3>
...
006 (49777.1095.000) 10/11 15:44:42 Image size of job updated: 105644
	104  -  MemoryUsage of job (MB)
	105644  -  ResidentSetSize of job (KB)
...
006 (49777.1095.000) 10/11 15:46:49 Image size of job updated: 733900
	389  -  MemoryUsage of job (MB)
	397336  -  ResidentSetSize of job (KB)
...
004 (49777.1095.000) 10/11 15:46:49 Job was evicted.
	(0) Job was not checkpointed.
		Usr 0 00:02:14, Sys 0 00:00:00  -  Run Remote Usage
		Usr 0 00:00:00, Sys 0 00:00:00  -  Run Local Usage
	0  -  Run Bytes Sent By Job
	316773216  -  Run Bytes Received By Job
	Partitionable Resources :     Usage  Request Allocated 
	   Cpus                 :      1.00        1         1 
	   Disk (KB)            : 325000      819200   1428816 
	   Memory (MB)          :    389       20480     20480 
...
001 (49777.1095.000) 10/11 15:47:08 Job executing on host: <128.105.68.23:9618?addrs=128.105.68.23-9618&alias=gpulab2004.chtc.wisc.edu&noUDP&sock=startd_62541_80a6>
...
006 (49777.1095.000) 10/11 15:52:16 Image size of job updated: 772692
	720  -  MemoryUsage of job (MB)
	737116  -  ResidentSetSize of job (KB)
...
006 (49777.1095.000) 10/11 15:57:17 Image size of job updated: 1274004
	1208  -  MemoryUsage of job (MB)
	1236972  -  ResidentSetSize of job (KB)
...
006 (49777.1095.000) 10/11 16:02:18 Image size of job updated: 1862144
	1771  -  MemoryUsage of job (MB)
	1813056  -  ResidentSetSize of job (KB)
...
006 (49777.1095.000) 10/11 16:07:18 Image size of job updated: 2636908
	2557  -  MemoryUsage of job (MB)
	2617604  -  ResidentSetSize of job (KB)
...
006 (49777.1095.000) 10/11 16:09:38 Image size of job updated: 3046184
	2557  -  MemoryUsage of job (MB)
	2617620  -  ResidentSetSize of job (KB)
...
005 (49777.1095.000) 10/11 16:09:38 Job terminated.
	(1) Normal termination (return value 0)
		Usr 0 00:22:25, Sys 0 00:00:03  -  Run Remote Usage
		Usr 0 00:00:00, Sys 0 00:00:00  -  Run Local Usage
		Usr 0 00:24:39, Sys 0 00:00:03  -  Total Remote Usage
		Usr 0 00:00:00, Sys 0 00:00:00  -  Total Local Usage
	175010  -  Run Bytes Sent By Job
	316773216  -  Run Bytes Received By Job
	175010  -  Total Bytes Sent By Job
	633546432  -  Total Bytes Received By Job
	Partitionable Resources :     Usage  Request Allocated 
	   Cpus                 :      1.00        1         1 
	   Disk (KB)            : 325000      819200  18192444 
	   Gpus                 :                            0 
	   Ioheavy              :                            0 
	   Memory (MB)          :   2557       20480     21341 
...
