./CVN -f config_condor.txt -x50 -v1 -l TFs_OGs.txt -n AllGenes191.txt -d celltype_tree_ancestor.txt -m testdata_ogids.txt -s celltype_order.txt -p 0.2 -c yes -b -4 -q 4
(cluster3|cluster8) p_maintain_edge=0.8 p_gain=0.2
(cluster2|cluster3) p_maintain_edge=0.8 p_gain=0.2
(cluster1|cluster2) p_maintain_edge=0.8 p_gain=0.2
(cluster6|cluster2) p_maintain_edge=0.8 p_gain=0.2
(cluster9|cluster6) p_maintain_edge=0.8 p_gain=0.2
(cluster10|cluster6) p_maintain_edge=0.8 p_gain=0.2
(cluster7|cluster10) p_maintain_edge=0.8 p_gain=0.2
speciesSet.size()=8 Root is cluster8
MappedOrthogroupReader::readSpeciesMapping() --- celltype_order.txt
MappedOrthogroupReader::readFile - testdata_ogids.txt
MappedOrthogroupReader::generateGeneOrthoMap()
MetaLearner::init_onefold() read:config_condor.txt
MetaLearner::setinputVariableNames number of variables: 2043
readEvidenceTable:cluster8.table
PotentialManager::loadEvidenceFromTable varCount=2043 sampleCount=348
motifNetwork.size() = 319
0=cluster8 motifNetwork=cluster8_network.txt
variable size=2043
readEvidenceTable:cluster3.table
PotentialManager::loadEvidenceFromTable varCount=2043 sampleCount=95
motifNetwork.size() = 326
1=cluster3 motifNetwork=cluster3_network.txt
variable size=2043
readEvidenceTable:cluster2.table
PotentialManager::loadEvidenceFromTable varCount=2043 sampleCount=386
motifNetwork.size() = 328
2=cluster2 motifNetwork=cluster2_network.txt
variable size=2043
readEvidenceTable:cluster1.table
PotentialManager::loadEvidenceFromTable varCount=2043 sampleCount=36
motifNetwork.size() = 322
3=cluster1 motifNetwork=cluster1_network.txt
variable size=2043
readEvidenceTable:cluster6.table
PotentialManager::loadEvidenceFromTable varCount=2043 sampleCount=524
motifNetwork.size() = 320
4=cluster6 motifNetwork=cluster6_network.txt
variable size=2043
readEvidenceTable:cluster9.table
PotentialManager::loadEvidenceFromTable varCount=2043 sampleCount=184
motifNetwork.size() = 327
5=cluster9 motifNetwork=cluster9_network.txt
variable size=2043
readEvidenceTable:cluster10.table
PotentialManager::loadEvidenceFromTable varCount=2043 sampleCount=165
motifNetwork.size() = 326
6=cluster10 motifNetwork=cluster10_network.txt
variable size=2043
readEvidenceTable:cluster7.table
PotentialManager::loadEvidenceFromTable varCount=2043 sampleCount=1032
motifNetwork.size() = 320
7=cluster7 motifNetwork=cluster7_network.txt
variable size=2043
-------------------------------------------------------------
MetaLearner::start
precomputeEmptyGraphPrior
binkey=0 [Edge status: 0 0 0 0 0 0 0 0 ] P(G)=P(cluster8=0)[0.8] * P(cluster1=0|cluster2=0) * P(cluster9=0|cluster6=0) * P(cluster7=0|cluster10=0) * P(cluster10=0|cluster6=0) * P(cluster6=0|cluster2=0) * P(cluster2=0|cluster3=0) * P(cluster3=0|cluster8=0)[0.209715]=0.167772
condsetMap_Tree
0 cluster8=0 cluster3=0 cluster2=0 cluster1=0 cluster6=0 cluster9=0 cluster10=0 cluster7=1
1 cluster8=0 cluster3=0 cluster2=0 cluster1=0 cluster6=0 cluster9=1 cluster10=0 cluster7=0
2 cluster8=0 cluster3=0 cluster2=0 cluster1=0 cluster6=0 cluster9=1 cluster10=0 cluster7=1
3 cluster8=0 cluster3=0 cluster2=0 cluster1=1 cluster6=0 cluster9=0 cluster10=0 cluster7=0
4 cluster8=0 cluster3=0 cluster2=0 cluster1=1 cluster6=0 cluster9=0 cluster10=0 cluster7=1
5 cluster8=0 cluster3=0 cluster2=0 cluster1=1 cluster6=0 cluster9=1 cluster10=0 cluster7=0
6 cluster8=0 cluster3=0 cluster2=0 cluster1=1 cluster6=0 cluster9=1 cluster10=0 cluster7=1
7 cluster8=0 cluster3=0 cluster2=0 cluster1=0 cluster6=0 cluster9=0 cluster10=1 cluster7=1
8 cluster8=0 cluster3=0 cluster2=0 cluster1=0 cluster6=0 cluster9=1 cluster10=1 cluster7=1
9 cluster8=0 cluster3=0 cluster2=0 cluster1=1 cluster6=0 cluster9=0 cluster10=1 cluster7=1
10 cluster8=0 cluster3=0 cluster2=0 cluster1=1 cluster6=0 cluster9=1 cluster10=1 cluster7=1
11 cluster8=0 cluster3=0 cluster2=0 cluster1=0 cluster6=1 cluster9=1 cluster10=1 cluster7=1
12 cluster8=0 cluster3=0 cluster2=0 cluster1=1 cluster6=1 cluster9=1 cluster10=1 cluster7=1
13 cluster8=0 cluster3=0 cluster2=1 cluster1=1 cluster6=1 cluster9=1 cluster10=1 cluster7=1
14 cluster8=0 cluster3=1 cluster2=1 cluster1=1 cluster6=1 cluster9=1 cluster10=1 cluster7=1
15 cluster8=1 cluster3=1 cluster2=1 cluster1=1 cluster6=1 cluster9=1 cluster10=1 cluster7=1
16 cluster8=1 cluster3=1 cluster2=1 cluster1=1 cluster6=1 cluster9=1 cluster10=1 cluster7=0
17 cluster8=1 cluster3=1 cluster2=1 cluster1=1 cluster6=1 cluster9=0 cluster10=1 cluster7=1
18 cluster8=1 cluster3=1 cluster2=1 cluster1=1 cluster6=1 cluster9=0 cluster10=1 cluster7=0
19 cluster8=1 cluster3=1 cluster2=1 cluster1=0 cluster6=1 cluster9=1 cluster10=1 cluster7=1
20 cluster8=1 cluster3=1 cluster2=1 cluster1=0 cluster6=1 cluster9=1 cluster10=1 cluster7=0
21 cluster8=1 cluster3=1 cluster2=1 cluster1=0 cluster6=1 cluster9=0 cluster10=1 cluster7=1
22 cluster8=1 cluster3=1 cluster2=1 cluster1=0 cluster6=1 cluster9=0 cluster10=1 cluster7=0
23 cluster8=1 cluster3=1 cluster2=1 cluster1=1 cluster6=1 cluster9=1 cluster10=0 cluster7=0
24 cluster8=1 cluster3=1 cluster2=1 cluster1=1 cluster6=1 cluster9=0 cluster10=0 cluster7=0
25 cluster8=1 cluster3=1 cluster2=1 cluster1=0 cluster6=1 cluster9=1 cluster10=0 cluster7=0
26 cluster8=1 cluster3=1 cluster2=1 cluster1=0 cluster6=1 cluster9=0 cluster10=0 cluster7=0
27 cluster8=1 cluster3=1 cluster2=1 cluster1=1 cluster6=0 cluster9=0 cluster10=0 cluster7=0
28 cluster8=1 cluster3=1 cluster2=1 cluster1=0 cluster6=0 cluster9=0 cluster10=0 cluster7=0
29 cluster8=1 cluster3=1 cluster2=0 cluster1=0 cluster6=0 cluster9=0 cluster10=0 cluster7=0
30 cluster8=1 cluster3=0 cluster2=0 cluster1=0 cluster6=0 cluster9=0 cluster10=0 cluster7=0
31 cluster8=0 cluster3=0 cluster2=0 cluster1=0 cluster6=1 cluster9=0 cluster10=0 cluster7=0
32 cluster8=0 cluster3=0 cluster2=1 cluster1=0 cluster6=0 cluster9=0 cluster10=0 cluster7=0
33 cluster8=0 cluster3=0 cluster2=0 cluster1=0 cluster6=0 cluster9=0 cluster10=1 cluster7=0
34 cluster8=0 cluster3=1 cluster2=0 cluster1=0 cluster6=0 cluster9=0 cluster10=0 cluster7=0
inputRegulatorOGs.size() = 1999 inputOGList.size() = 50
binkey=4 [Edge status: 0 0 1 0 0 0 0 0 ] P(G)=P(cluster8=0)[0.8] * P(cluster1=0|cluster2=1) * P(cluster9=0|cluster6=0) * P(cluster7=0|cluster10=0) * P(cluster10=0|cluster6=0) * P(cluster6=0|cluster2=1) * P(cluster2=1|cluster3=0) * P(cluster3=0|cluster8=0)[0.0032768]=0.00262144
binkey=128 [Edge status: 0 0 0 0 0 0 0 1 ] P(G)=P(cluster8=0)[0.8] * P(cluster1=0|cluster2=0) * P(cluster9=0|cluster6=0) * P(cluster7=1|cluster10=0) * P(cluster10=0|cluster6=0) * P(cluster6=0|cluster2=0) * P(cluster2=0|cluster3=0) * P(cluster3=0|cluster8=0)[0.0524288]=0.041943
binkey=32 [Edge status: 0 0 0 0 0 1 0 0 ] P(G)=P(cluster8=0)[0.8] * P(cluster1=0|cluster2=0) * P(cluster9=1|cluster6=0) * P(cluster7=0|cluster10=0) * P(cluster10=0|cluster6=0) * P(cluster6=0|cluster2=0) * P(cluster2=0|cluster3=0) * P(cluster3=0|cluster8=0)[0.0524288]=0.041943
binkey=160 [Edge status: 0 0 0 0 0 1 0 1 ] P(G)=P(cluster8=0)[0.8] * P(cluster1=0|cluster2=0) * P(cluster9=1|cluster6=0) * P(cluster7=1|cluster10=0) * P(cluster10=0|cluster6=0) * P(cluster6=0|cluster2=0) * P(cluster2=0|cluster3=0) * P(cluster3=0|cluster8=0)[0.0131072]=0.0104858
binkey=192 [Edge status: 0 0 0 0 0 0 1 1 ] P(G)=P(cluster8=0)[0.8] * P(cluster1=0|cluster2=0) * P(cluster9=0|cluster6=0) * P(cluster7=1|cluster10=1) * P(cluster10=1|cluster6=0) * P(cluster6=0|cluster2=0) * P(cluster2=0|cluster3=0) * P(cluster3=0|cluster8=0)[0.0524288]=0.041943
binkey=224 [Edge status: 0 0 0 0 0 1 1 1 ] P(G)=P(cluster8=0)[0.8] * P(cluster1=0|cluster2=0) * P(cluster9=1|cluster6=0) * P(cluster7=1|cluster10=1) * P(cluster10=1|cluster6=0) * P(cluster6=0|cluster2=0) * P(cluster2=0|cluster3=0) * P(cluster3=0|cluster8=0)[0.0131072]=0.0104858
binkey=240 [Edge status: 0 0 0 0 1 1 1 1 ] P(G)=P(cluster8=0)[0.8] * P(cluster1=0|cluster2=0) * P(cluster9=1|cluster6=1) * P(cluster7=1|cluster10=1) * P(cluster10=1|cluster6=1) * P(cluster6=1|cluster2=0) * P(cluster2=0|cluster3=0) * P(cluster3=0|cluster8=0)[0.0524288]=0.041943
binkey=16 [Edge status: 0 0 0 0 1 0 0 0 ] P(G)=P(cluster8=0)[0.8] * P(cluster1=0|cluster2=0) * P(cluster9=0|cluster6=1) * P(cluster7=0|cluster10=0) * P(cluster10=0|cluster6=1) * P(cluster6=1|cluster2=0) * P(cluster2=0|cluster3=0) * P(cluster3=0|cluster8=0)[0.0032768]=0.00262144
binkey=64 [Edge status: 0 0 0 0 0 0 1 0 ] P(G)=P(cluster8=0)[0.8] * P(cluster1=0|cluster2=0) * P(cluster9=0|cluster6=0) * P(cluster7=0|cluster10=1) * P(cluster10=1|cluster6=0) * P(cluster6=0|cluster2=0) * P(cluster2=0|cluster3=0) * P(cluster3=0|cluster8=0)[0.0131072]=0.0104858
binkey=2 [Edge status: 0 1 0 0 0 0 0 0 ] P(G)=P(cluster8=0)[0.8] * P(cluster1=0|cluster2=0) * P(cluster9=0|cluster6=0) * P(cluster7=0|cluster10=0) * P(cluster10=0|cluster6=0) * P(cluster6=0|cluster2=0) * P(cluster2=0|cluster3=1) * P(cluster3=1|cluster8=0)[0.0131072]=0.0104858
binkey=8 [Edge status: 0 0 0 1 0 0 0 0 ] P(G)=P(cluster8=0)[0.8] * P(cluster1=1|cluster2=0) * P(cluster9=0|cluster6=0) * P(cluster7=0|cluster10=0) * P(cluster10=0|cluster6=0) * P(cluster6=0|cluster2=0) * P(cluster2=0|cluster3=0) * P(cluster3=0|cluster8=0)[0.0524288]=0.041943
binkey=1 [Edge status: 1 0 0 0 0 0 0 0 ] P(G)=P(cluster8=1)[0.2] * P(cluster1=0|cluster2=0) * P(cluster9=0|cluster6=0) * P(cluster7=0|cluster10=0) * P(cluster10=0|cluster6=0) * P(cluster6=0|cluster2=0) * P(cluster2=0|cluster3=0) * P(cluster3=0|cluster8=1)[0.0524288]=0.0104858
binkey=7 [Edge status: 1 1 1 0 0 0 0 0 ] P(G)=P(cluster8=1)[0.2] * P(cluster1=0|cluster2=1) * P(cluster9=0|cluster6=0) * P(cluster7=0|cluster10=0) * P(cluster10=0|cluster6=0) * P(cluster6=0|cluster2=1) * P(cluster2=1|cluster3=1) * P(cluster3=1|cluster8=1)[0.0131072]=0.00262144
binkey=3 [Edge status: 1 1 0 0 0 0 0 0 ] P(G)=P(cluster8=1)[0.2] * P(cluster1=0|cluster2=0) * P(cluster9=0|cluster6=0) * P(cluster7=0|cluster10=0) * P(cluster10=0|cluster6=0) * P(cluster6=0|cluster2=0) * P(cluster2=0|cluster3=1) * P(cluster3=1|cluster8=1)[0.0524288]=0.0104858
binkey=136 [Edge status: 0 0 0 1 0 0 0 1 ] P(G)=P(cluster8=0)[0.8] * P(cluster1=1|cluster2=0) * P(cluster9=0|cluster6=0) * P(cluster7=1|cluster10=0) * P(cluster10=0|cluster6=0) * P(cluster6=0|cluster2=0) * P(cluster2=0|cluster3=0) * P(cluster3=0|cluster8=0)[0.0131072]=0.0104858
binkey=200 [Edge status: 0 0 0 1 0 0 1 1 ] P(G)=P(cluster8=0)[0.8] * P(cluster1=1|cluster2=0) * P(cluster9=0|cluster6=0) * P(cluster7=1|cluster10=1) * P(cluster10=1|cluster6=0) * P(cluster6=0|cluster2=0) * P(cluster2=0|cluster3=0) * P(cluster3=0|cluster8=0)[0.0131072]=0.0104858
binkey=40 [Edge status: 0 0 0 1 0 1 0 0 ] P(G)=P(cluster8=0)[0.8] * P(cluster1=1|cluster2=0) * P(cluster9=1|cluster6=0) * P(cluster7=0|cluster10=0) * P(cluster10=0|cluster6=0) * P(cluster6=0|cluster2=0) * P(cluster2=0|cluster3=0) * P(cluster3=0|cluster8=0)[0.0131072]=0.0104858
binkey=168 [Edge status: 0 0 0 1 0 1 0 1 ] P(G)=P(cluster8=0)[0.8] * P(cluster1=1|cluster2=0) * P(cluster9=1|cluster6=0) * P(cluster7=1|cluster10=0) * P(cluster10=0|cluster6=0) * P(cluster6=0|cluster2=0) * P(cluster2=0|cluster3=0) * P(cluster3=0|cluster8=0)[0.0032768]=0.00262144
binkey=232 [Edge status: 0 0 0 1 0 1 1 1 ] P(G)=P(cluster8=0)[0.8] * P(cluster1=1|cluster2=0) * P(cluster9=1|cluster6=0) * P(cluster7=1|cluster10=1) * P(cluster10=1|cluster6=0) * P(cluster6=0|cluster2=0) * P(cluster2=0|cluster3=0) * P(cluster3=0|cluster8=0)[0.0032768]=0.00262144
binkey=248 [Edge status: 0 0 0 1 1 1 1 1 ] P(G)=P(cluster8=0)[0.8] * P(cluster1=1|cluster2=0) * P(cluster9=1|cluster6=1) * P(cluster7=1|cluster10=1) * P(cluster10=1|cluster6=1) * P(cluster6=1|cluster2=0) * P(cluster2=0|cluster3=0) * P(cluster3=0|cluster8=0)[0.0131072]=0.0104858
binkey=252 [Edge status: 0 0 1 1 1 1 1 1 ] P(G)=P(cluster8=0)[0.8] * P(cluster1=1|cluster2=1) * P(cluster9=1|cluster6=1) * P(cluster7=1|cluster10=1) * P(cluster10=1|cluster6=1) * P(cluster6=1|cluster2=1) * P(cluster2=1|cluster3=0) * P(cluster3=0|cluster8=0)[0.0524288]=0.041943
binkey=119 [Edge status: 1 1 1 0 1 1 1 0 ] P(G)=P(cluster8=1)[0.2] * P(cluster1=0|cluster2=1) * P(cluster9=1|cluster6=1) * P(cluster7=0|cluster10=1) * P(cluster10=1|cluster6=1) * P(cluster6=1|cluster2=1) * P(cluster2=1|cluster3=1) * P(cluster3=1|cluster8=1)[0.0131072]=0.00262144
binkey=87 [Edge status: 1 1 1 0 1 0 1 0 ] P(G)=P(cluster8=1)[0.2] * P(cluster1=0|cluster2=1) * P(cluster9=0|cluster6=1) * P(cluster7=0|cluster10=1) * P(cluster10=1|cluster6=1) * P(cluster6=1|cluster2=1) * P(cluster2=1|cluster3=1) * P(cluster3=1|cluster8=1)[0.0032768]=0.00065536
binkey=55 [Edge status: 1 1 1 0 1 1 0 0 ] P(G)=P(cluster8=1)[0.2] * P(cluster1=0|cluster2=1) * P(cluster9=1|cluster6=1) * P(cluster7=0|cluster10=0) * P(cluster10=0|cluster6=1) * P(cluster6=1|cluster2=1) * P(cluster2=1|cluster3=1) * P(cluster3=1|cluster8=1)[0.0131072]=0.00262144
binkey=23 [Edge status: 1 1 1 0 1 0 0 0 ] P(G)=P(cluster8=1)[0.2] * P(cluster1=0|cluster2=1) * P(cluster9=0|cluster6=1) * P(cluster7=0|cluster10=0) * P(cluster10=0|cluster6=1) * P(cluster6=1|cluster2=1) * P(cluster2=1|cluster3=1) * P(cluster3=1|cluster8=1)[0.0032768]=0.00065536
binkey=247 [Edge status: 1 1 1 0 1 1 1 1 ] P(G)=P(cluster8=1)[0.2] * P(cluster1=0|cluster2=1) * P(cluster9=1|cluster6=1) * P(cluster7=1|cluster10=1) * P(cluster10=1|cluster6=1) * P(cluster6=1|cluster2=1) * P(cluster2=1|cluster3=1) * P(cluster3=1|cluster8=1)[0.0524288]=0.0104858
binkey=215 [Edge status: 1 1 1 0 1 0 1 1 ] P(G)=P(cluster8=1)[0.2] * P(cluster1=0|cluster2=1) * P(cluster9=0|cluster6=1) * P(cluster7=1|cluster10=1) * P(cluster10=1|cluster6=1) * P(cluster6=1|cluster2=1) * P(cluster2=1|cluster3=1) * P(cluster3=1|cluster8=1)[0.0131072]=0.00262144
ITERATION 0 newScore=-2.68623e+06 diffscore=19038.9 priorChange=-117.835 successMove=65
ITERATION 1 newScore=-2.67866e+06 diffscore=7577.01 priorChange=-126.153 successMove=53
ITERATION 2 newScore=-2.66924e+06 diffscore=9420.42 priorChange=-120.608 successMove=54
ITERATION 3 newScore=-2.66339e+06 diffscore=5843.71 priorChange=-116.449 successMove=51
ITERATION 4 newScore=-2.65467e+06 diffscore=8722.66 priorChange=-113.676 successMove=51
ITERATION 5 newScore=-2.65035e+06 diffscore=4316.49 priorChange=-124.766 successMove=56
ITERATION 6 newScore=-2.6444e+06 diffscore=5950.09 priorChange=-117.835 successMove=53
ITERATION 7 newScore=-2.63934e+06 diffscore=5062.34 priorChange=-121.994 successMove=52
ITERATION 8 newScore=-2.63483e+06 diffscore=4516.84 priorChange=-124.766 successMove=50
ITERATION 9 newScore=-2.6321e+06 diffscore=2723.61 priorChange=-119.221 successMove=52
ITERATION 10 newScore=-2.62889e+06 diffscore=3208.85 priorChange=-121.994 successMove=51
ITERATION 11 newScore=-2.62716e+06 diffscore=1737.23 priorChange=-121.994 successMove=51
ITERATION 12 newScore=-2.62164e+06 diffscore=5511.22 priorChange=-108.131 successMove=52
ITERATION 13 newScore=-2.62052e+06 diffscore=1125.5 priorChange=-134.471 successMove=50
ITERATION 14 newScore=-2.61833e+06 diffscore=2192.85 priorChange=-119.221 successMove=53
ITERATION 15 newScore=-2.61573e+06 diffscore=2597.24 priorChange=-127.539 successMove=53
ITERATION 16 newScore=-2.61324e+06 diffscore=2491.92 priorChange=-117.835 successMove=51
ITERATION 17 newScore=-2.61119e+06 diffscore=2044.65 priorChange=-117.835 successMove=51
ITERATION 18 newScore=-2.6093e+06 diffscore=1890.86 priorChange=-123.38 successMove=49
ITERATION 19 newScore=-2.60856e+06 diffscore=743.573 priorChange=-113.676 successMove=49
ITERATION 20 newScore=-2.60614e+06 diffscore=2422.34 priorChange=-113.676 successMove=51
ITERATION 21 newScore=-2.60399e+06 diffscore=2141.79 priorChange=-119.221 successMove=48
ITERATION 22 newScore=-2.60172e+06 diffscore=2270.65 priorChange=-117.835 successMove=49
ITERATION 23 newScore=-2.59528e+06 diffscore=6442.29 priorChange=-115.062 successMove=49
ITERATION 24 newScore=-2.59235e+06 diffscore=2927.21 priorChange=-116.449 successMove=49
ITERATION 25 newScore=-2.59124e+06 diffscore=1117.71 priorChange=-103.972 successMove=49
ITERATION 26 newScore=-2.58992e+06 diffscore=1320.43 priorChange=-106.745 successMove=47
ITERATION 27 newScore=-2.58878e+06 diffscore=1139.67 priorChange=-112.29 successMove=47
ITERATION 28 newScore=-2.58829e+06 diffscore=487.6 priorChange=-113.676 successMove=47
ITERATION 29 newScore=-2.58769e+06 diffscore=600.939 priorChange=-117.835 successMove=48
ITERATION 30 newScore=-2.58712e+06 diffscore=563.375 priorChange=-109.517 successMove=47
ITERATION 31 newScore=-2.58663e+06 diffscore=488.889 priorChange=-109.517 successMove=47
ITERATION 32 newScore=-2.58479e+06 diffscore=1843.55 priorChange=-117.835 successMove=48
ITERATION 33 newScore=-2.58422e+06 diffscore=569.511 priorChange=-98.4269 successMove=46
ITERATION 34 newScore=-2.5813e+06 diffscore=2920.02 priorChange=-115.062 successMove=47
ITERATION 35 newScore=-2.58017e+06 diffscore=1127.11 priorChange=-90.1091 successMove=48
ITERATION 36 newScore=-2.57647e+06 diffscore=3700.14 priorChange=-99.8132 successMove=45
ITERATION 37 newScore=-2.57364e+06 diffscore=2829.35 priorChange=-98.4269 successMove=45
ITERATION 38 newScore=-2.57332e+06 diffscore=325.344 priorChange=-112.29 successMove=44
ITERATION 39 newScore=-2.57295e+06 diffscore=367.524 priorChange=-92.8817 successMove=44
ITERATION 40 newScore=-2.57107e+06 diffscore=1882.04 priorChange=-92.8817 successMove=46
ITERATION 41 newScore=-2.57004e+06 diffscore=1026.6 priorChange=-87.3365 successMove=43
ITERATION 42 newScore=-2.56956e+06 diffscore=479.808 priorChange=-95.6543 successMove=43
ITERATION 43 newScore=-2.56933e+06 diffscore=236.686 priorChange=-99.8132 successMove=43
ITERATION 44 newScore=-2.56908e+06 diffscore=243.952 priorChange=-85.9503 successMove=42
ITERATION 45 newScore=-2.56887e+06 diffscore=216.479 priorChange=-91.4954 successMove=43
ITERATION 46 newScore=-2.56864e+06 diffscore=227.826 priorChange=-98.4269 successMove=42
ITERATION 47 newScore=-2.5684e+06 diffscore=239.863 priorChange=-94.268 successMove=41
ITERATION 48 newScore=-2.56813e+06 diffscore=269.014 priorChange=-90.1091 successMove=40
ITERATION 49 newScore=-2.56784e+06 diffscore=292.877 priorChange=-81.7914 successMove=41
ITERATION 50 newScore=-2.56761e+06 diffscore=231.043 priorChange=-67.9284 successMove=40
ITERATION 51 newScore=-2.56672e+06 diffscore=883.787 priorChange=-88.7228 successMove=39
ITERATION 52 newScore=-2.56651e+06 diffscore=212.562 priorChange=-83.1777 successMove=38
ITERATION 53 newScore=-2.56627e+06 diffscore=238.787 priorChange=-88.7228 successMove=38
ITERATION 54 newScore=-2.56603e+06 diffscore=244.936 priorChange=-83.1777 successMove=39
ITERATION 55 newScore=-2.56476e+06 diffscore=1262.87 priorChange=-70.701 successMove=35
ITERATION 56 newScore=-2.56449e+06 diffscore=276.911 priorChange=-80.4051 successMove=34
ITERATION 57 newScore=-2.56358e+06 diffscore=903.452 priorChange=-67.9284 successMove=34
ITERATION 58 newScore=-2.56336e+06 diffscore=218.443 priorChange=-74.8599 successMove=32
ITERATION 59 newScore=-2.56317e+06 diffscore=196.697 priorChange=-76.2462 successMove=31
ITERATION 60 newScore=-2.56206e+06 diffscore=1111.91 priorChange=-63.7695 successMove=31
ITERATION 61 newScore=-2.56189e+06 diffscore=170.069 priorChange=-66.5421 successMove=30
ITERATION 62 newScore=-2.56172e+06 diffscore=168.151 priorChange=-60.997 successMove=30
ITERATION 63 newScore=-2.56153e+06 diffscore=184.676 priorChange=-54.0655 successMove=30
ITERATION 64 newScore=-2.56134e+06 diffscore=191.137 priorChange=-55.4518 successMove=27
ITERATION 65 newScore=-2.56084e+06 diffscore=505.899 priorChange=-56.8381 successMove=25
ITERATION 66 newScore=-2.5587e+06 diffscore=2139.4 priorChange=-55.4518 successMove=24
ITERATION 67 newScore=-2.55856e+06 diffscore=134.816 priorChange=-52.6792 successMove=22
ITERATION 68 newScore=-2.5584e+06 diffscore=157.336 priorChange=-45.7477 successMove=22
ITERATION 69 newScore=-2.55827e+06 diffscore=138.391 priorChange=-40.2025 successMove=20
ITERATION 70 newScore=-2.55814e+06 diffscore=122.595 priorChange=-40.2025 successMove=20
ITERATION 71 newScore=-2.55801e+06 diffscore=136.859 priorChange=-40.2025 successMove=20
ITERATION 72 newScore=-2.55659e+06 diffscore=1414 priorChange=-34.6574 successMove=22
ITERATION 73 newScore=-2.55647e+06 diffscore=126.969 priorChange=-44.3614 successMove=20
ITERATION 74 newScore=-2.55581e+06 diffscore=653.481 priorChange=-36.0437 successMove=18
ITERATION 75 newScore=-2.55558e+06 diffscore=229.055 priorChange=-37.4299 successMove=17
ITERATION 76 newScore=-2.55551e+06 diffscore=69.3678 priorChange=-19.4081 successMove=17
ITERATION 77 newScore=-2.55543e+06 diffscore=82.7847 priorChange=-31.8848 successMove=17
ITERATION 78 newScore=-2.55532e+06 diffscore=108.026 priorChange=-26.3396 successMove=15
ITERATION 79 newScore=-2.555e+06 diffscore=322.31 priorChange=-30.4985 successMove=16
ITERATION 80 newScore=-2.55337e+06 diffscore=1627 priorChange=-34.6574 successMove=15
ITERATION 81 newScore=-2.55328e+06 diffscore=95.048 priorChange=-26.3396 successMove=16
ITERATION 82 newScore=-2.55316e+06 diffscore=118.136 priorChange=-27.7259 successMove=16
ITERATION 83 newScore=-2.55305e+06 diffscore=108.619 priorChange=-33.2711 successMove=14
ITERATION 84 newScore=-2.5517e+06 diffscore=1346.91 priorChange=-33.2711 successMove=14
ITERATION 85 newScore=-2.55143e+06 diffscore=270.655 priorChange=-27.7259 successMove=14
ITERATION 86 newScore=-2.55137e+06 diffscore=67.6487 priorChange=-24.9533 successMove=12
ITERATION 87 newScore=-2.55131e+06 diffscore=61.0982 priorChange=-11.0904 successMove=10
ITERATION 88 newScore=-2.55123e+06 diffscore=73.0613 priorChange=-13.8629 successMove=8
ITERATION 89 newScore=-2.55114e+06 diffscore=92.5599 priorChange=-13.8629 successMove=8
ITERATION 90 newScore=-2.55104e+06 diffscore=95.1943 priorChange=-15.2492 successMove=8
ITERATION 91 newScore=-2.55074e+06 diffscore=307.535 priorChange=-13.8629 successMove=7
ITERATION 92 newScore=-2.54904e+06 diffscore=1695.34 priorChange=-13.8629 successMove=8
ITERATION 93 newScore=-2.54899e+06 diffscore=52.0902 priorChange=-6.93147 successMove=7
ITERATION 94 newScore=-2.54893e+06 diffscore=55.1003 priorChange=-9.70406 successMove=7
ITERATION 95 newScore=-2.54889e+06 diffscore=46.9924 priorChange=-12.4766 successMove=7
ITERATION 96 newScore=-2.54885e+06 diffscore=33.6939 priorChange=-11.0904 successMove=7
ITERATION 97 newScore=-2.5488e+06 diffscore=53.01 priorChange=-11.0904 successMove=6
ITERATION 98 newScore=-2.54876e+06 diffscore=43.4637 priorChange=-12.4766 successMove=6
ITERATION 99 newScore=-2.54872e+06 diffscore=37.966 priorChange=-9.70406 successMove=6
MetaLearner::dumpAllGraphs
Final Score -2.54872e+06
MetaLearner::start runtime: 1161340485 ms
Results/
Results/cluster3/
Results/cluster3/fold0/
Results/cluster3/fold0/modelparams.txt
Results/cluster3/fold0/var_mb_pw_k50.txt
Results/cluster7/
Results/cluster7/fold0/
Results/cluster7/fold0/modelparams.txt
Results/cluster7/fold0/var_mb_pw_k50.txt
Results/cluster2/
Results/cluster2/fold0/
Results/cluster2/fold0/modelparams.txt
Results/cluster2/fold0/var_mb_pw_k50.txt
Results/cluster9/
Results/cluster9/fold0/
Results/cluster9/fold0/modelparams.txt
Results/cluster9/fold0/var_mb_pw_k50.txt
Results/cluster6/
Results/cluster6/fold0/
Results/cluster6/fold0/modelparams.txt
Results/cluster6/fold0/var_mb_pw_k50.txt
Results/cluster1/
Results/cluster1/fold0/
Results/cluster1/fold0/modelparams.txt
Results/cluster1/fold0/var_mb_pw_k50.txt
Results/cluster10/
Results/cluster10/fold0/
Results/cluster10/fold0/modelparams.txt
Results/cluster10/fold0/var_mb_pw_k50.txt
Results/cluster8/
Results/cluster8/scoreFile.txt
Results/cluster8/fold0/
Results/cluster8/fold0/modelparams.txt
Results/cluster8/fold0/var_mb_pw_k50.txt
