000 (49777.1013.000) 10/11 10:48:10 Job submitted from host: <144.92.142.142:9618?addrs=144.92.142.142-9618&noUDP&sock=44923_051a_3>
...
001 (49777.1013.000) 10/11 15:29:33 Job executing on host: <128.105.68.23:9618?addrs=128.105.68.23-9618&alias=gpulab2004.chtc.wisc.edu&noUDP&sock=startd_62541_80a6>
...
006 (49777.1013.000) 10/11 15:29:42 Image size of job updated: 156756
	104  -  MemoryUsage of job (MB)
	105548  -  ResidentSetSize of job (KB)
...
006 (49777.1013.000) 10/11 15:34:43 Image size of job updated: 862136
	811  -  MemoryUsage of job (MB)
	830336  -  ResidentSetSize of job (KB)
...
006 (49777.1013.000) 10/11 15:39:44 Image size of job updated: 1472296
	1399  -  MemoryUsage of job (MB)
	1432524  -  ResidentSetSize of job (KB)
...
006 (49777.1013.000) 10/11 15:44:44 Image size of job updated: 2161972
	2091  -  MemoryUsage of job (MB)
	2140784  -  ResidentSetSize of job (KB)
...
006 (49777.1013.000) 10/11 15:49:45 Image size of job updated: 2829180
	2735  -  MemoryUsage of job (MB)
	2799756  -  ResidentSetSize of job (KB)
...
006 (49777.1013.000) 10/11 15:51:52 Image size of job updated: 3181476
	2735  -  MemoryUsage of job (MB)
	2799756  -  ResidentSetSize of job (KB)
...
005 (49777.1013.000) 10/11 15:51:52 Job terminated.
	(1) Normal termination (return value 0)
		Usr 0 00:22:12, Sys 0 00:00:04  -  Run Remote Usage
		Usr 0 00:00:00, Sys 0 00:00:00  -  Run Local Usage
		Usr 0 00:22:12, Sys 0 00:00:04  -  Total Remote Usage
		Usr 0 00:00:00, Sys 0 00:00:00  -  Total Local Usage
	178959  -  Run Bytes Sent By Job
	316773216  -  Run Bytes Received By Job
	178959  -  Total Bytes Sent By Job
	316773216  -  Total Bytes Received By Job
	Partitionable Resources :     Usage  Request Allocated 
	   Cpus                 :      1.00        1         1 
	   Disk (KB)            : 325000      819200  18192444 
	   Gpus                 :                            0 
	   Ioheavy              :                            0 
	   Memory (MB)          :   2735       20480     21341 
...
