./CVN -f config_condor.txt -x50 -v1 -l TFs_OGs.txt -n AllGenes165.txt -d celltype_tree_ancestor.txt -m testdata_ogids.txt -s celltype_order.txt -p 0.2 -c yes -b -4 -q 4
(cluster3|cluster8) p_maintain_edge=0.8 p_gain=0.2
(cluster2|cluster3) p_maintain_edge=0.8 p_gain=0.2
(cluster1|cluster2) p_maintain_edge=0.8 p_gain=0.2
(cluster6|cluster2) p_maintain_edge=0.8 p_gain=0.2
(cluster9|cluster6) p_maintain_edge=0.8 p_gain=0.2
(cluster10|cluster6) p_maintain_edge=0.8 p_gain=0.2
(cluster7|cluster10) p_maintain_edge=0.8 p_gain=0.2
speciesSet.size()=8 Root is cluster8
MappedOrthogroupReader::readSpeciesMapping() --- celltype_order.txt
MappedOrthogroupReader::readFile - testdata_ogids.txt
MappedOrthogroupReader::generateGeneOrthoMap()
MetaLearner::init_onefold() read:config_condor.txt
MetaLearner::setinputVariableNames number of variables: 2037
readEvidenceTable:cluster8.table
PotentialManager::loadEvidenceFromTable varCount=2037 sampleCount=348
motifNetwork.size() = 319
0=cluster8 motifNetwork=cluster8_network.txt
variable size=2037
readEvidenceTable:cluster3.table
PotentialManager::loadEvidenceFromTable varCount=2037 sampleCount=95
motifNetwork.size() = 326
1=cluster3 motifNetwork=cluster3_network.txt
variable size=2037
readEvidenceTable:cluster2.table
PotentialManager::loadEvidenceFromTable varCount=2037 sampleCount=386
motifNetwork.size() = 328
2=cluster2 motifNetwork=cluster2_network.txt
variable size=2037
readEvidenceTable:cluster1.table
PotentialManager::loadEvidenceFromTable varCount=2037 sampleCount=36
motifNetwork.size() = 322
3=cluster1 motifNetwork=cluster1_network.txt
variable size=2037
readEvidenceTable:cluster6.table
PotentialManager::loadEvidenceFromTable varCount=2037 sampleCount=524
motifNetwork.size() = 320
4=cluster6 motifNetwork=cluster6_network.txt
variable size=2037
readEvidenceTable:cluster9.table
PotentialManager::loadEvidenceFromTable varCount=2037 sampleCount=184
motifNetwork.size() = 327
5=cluster9 motifNetwork=cluster9_network.txt
variable size=2037
readEvidenceTable:cluster10.table
PotentialManager::loadEvidenceFromTable varCount=2037 sampleCount=165
motifNetwork.size() = 326
6=cluster10 motifNetwork=cluster10_network.txt
variable size=2037
readEvidenceTable:cluster7.table
PotentialManager::loadEvidenceFromTable varCount=2037 sampleCount=1032
motifNetwork.size() = 320
7=cluster7 motifNetwork=cluster7_network.txt
variable size=2037
-------------------------------------------------------------
MetaLearner::start
precomputeEmptyGraphPrior
binkey=0 [Edge status: 0 0 0 0 0 0 0 0 ] P(G)=P(cluster8=0)[0.8] * P(cluster1=0|cluster2=0) * P(cluster9=0|cluster6=0) * P(cluster7=0|cluster10=0) * P(cluster10=0|cluster6=0) * P(cluster6=0|cluster2=0) * P(cluster2=0|cluster3=0) * P(cluster3=0|cluster8=0)[0.209715]=0.167772
condsetMap_Tree
0 cluster8=0 cluster3=0 cluster2=0 cluster1=0 cluster6=0 cluster9=0 cluster10=0 cluster7=1
1 cluster8=0 cluster3=0 cluster2=0 cluster1=0 cluster6=0 cluster9=1 cluster10=0 cluster7=0
2 cluster8=0 cluster3=0 cluster2=0 cluster1=0 cluster6=0 cluster9=1 cluster10=0 cluster7=1
3 cluster8=0 cluster3=0 cluster2=0 cluster1=1 cluster6=0 cluster9=0 cluster10=0 cluster7=0
4 cluster8=0 cluster3=0 cluster2=0 cluster1=1 cluster6=0 cluster9=0 cluster10=0 cluster7=1
5 cluster8=0 cluster3=0 cluster2=0 cluster1=1 cluster6=0 cluster9=1 cluster10=0 cluster7=0
6 cluster8=0 cluster3=0 cluster2=0 cluster1=1 cluster6=0 cluster9=1 cluster10=0 cluster7=1
7 cluster8=0 cluster3=0 cluster2=0 cluster1=0 cluster6=0 cluster9=0 cluster10=1 cluster7=1
8 cluster8=0 cluster3=0 cluster2=0 cluster1=0 cluster6=0 cluster9=1 cluster10=1 cluster7=1
9 cluster8=0 cluster3=0 cluster2=0 cluster1=1 cluster6=0 cluster9=0 cluster10=1 cluster7=1
10 cluster8=0 cluster3=0 cluster2=0 cluster1=1 cluster6=0 cluster9=1 cluster10=1 cluster7=1
11 cluster8=0 cluster3=0 cluster2=0 cluster1=0 cluster6=1 cluster9=1 cluster10=1 cluster7=1
12 cluster8=0 cluster3=0 cluster2=0 cluster1=1 cluster6=1 cluster9=1 cluster10=1 cluster7=1
13 cluster8=0 cluster3=0 cluster2=1 cluster1=1 cluster6=1 cluster9=1 cluster10=1 cluster7=1
14 cluster8=0 cluster3=1 cluster2=1 cluster1=1 cluster6=1 cluster9=1 cluster10=1 cluster7=1
15 cluster8=1 cluster3=1 cluster2=1 cluster1=1 cluster6=1 cluster9=1 cluster10=1 cluster7=1
16 cluster8=1 cluster3=1 cluster2=1 cluster1=1 cluster6=1 cluster9=1 cluster10=1 cluster7=0
17 cluster8=1 cluster3=1 cluster2=1 cluster1=1 cluster6=1 cluster9=0 cluster10=1 cluster7=1
18 cluster8=1 cluster3=1 cluster2=1 cluster1=1 cluster6=1 cluster9=0 cluster10=1 cluster7=0
19 cluster8=1 cluster3=1 cluster2=1 cluster1=0 cluster6=1 cluster9=1 cluster10=1 cluster7=1
20 cluster8=1 cluster3=1 cluster2=1 cluster1=0 cluster6=1 cluster9=1 cluster10=1 cluster7=0
21 cluster8=1 cluster3=1 cluster2=1 cluster1=0 cluster6=1 cluster9=0 cluster10=1 cluster7=1
22 cluster8=1 cluster3=1 cluster2=1 cluster1=0 cluster6=1 cluster9=0 cluster10=1 cluster7=0
23 cluster8=1 cluster3=1 cluster2=1 cluster1=1 cluster6=1 cluster9=1 cluster10=0 cluster7=0
24 cluster8=1 cluster3=1 cluster2=1 cluster1=1 cluster6=1 cluster9=0 cluster10=0 cluster7=0
25 cluster8=1 cluster3=1 cluster2=1 cluster1=0 cluster6=1 cluster9=1 cluster10=0 cluster7=0
26 cluster8=1 cluster3=1 cluster2=1 cluster1=0 cluster6=1 cluster9=0 cluster10=0 cluster7=0
27 cluster8=1 cluster3=1 cluster2=1 cluster1=1 cluster6=0 cluster9=0 cluster10=0 cluster7=0
28 cluster8=1 cluster3=1 cluster2=1 cluster1=0 cluster6=0 cluster9=0 cluster10=0 cluster7=0
29 cluster8=1 cluster3=1 cluster2=0 cluster1=0 cluster6=0 cluster9=0 cluster10=0 cluster7=0
30 cluster8=1 cluster3=0 cluster2=0 cluster1=0 cluster6=0 cluster9=0 cluster10=0 cluster7=0
31 cluster8=0 cluster3=0 cluster2=0 cluster1=0 cluster6=1 cluster9=0 cluster10=0 cluster7=0
32 cluster8=0 cluster3=0 cluster2=1 cluster1=0 cluster6=0 cluster9=0 cluster10=0 cluster7=0
33 cluster8=0 cluster3=0 cluster2=0 cluster1=0 cluster6=0 cluster9=0 cluster10=1 cluster7=0
34 cluster8=0 cluster3=1 cluster2=0 cluster1=0 cluster6=0 cluster9=0 cluster10=0 cluster7=0
inputRegulatorOGs.size() = 1999 inputOGList.size() = 50
binkey=8 [Edge status: 0 0 0 1 0 0 0 0 ] P(G)=P(cluster8=0)[0.8] * P(cluster1=1|cluster2=0) * P(cluster9=0|cluster6=0) * P(cluster7=0|cluster10=0) * P(cluster10=0|cluster6=0) * P(cluster6=0|cluster2=0) * P(cluster2=0|cluster3=0) * P(cluster3=0|cluster8=0)[0.0524288]=0.041943
binkey=16 [Edge status: 0 0 0 0 1 0 0 0 ] P(G)=P(cluster8=0)[0.8] * P(cluster1=0|cluster2=0) * P(cluster9=0|cluster6=1) * P(cluster7=0|cluster10=0) * P(cluster10=0|cluster6=1) * P(cluster6=1|cluster2=0) * P(cluster2=0|cluster3=0) * P(cluster3=0|cluster8=0)[0.0032768]=0.00262144
binkey=1 [Edge status: 1 0 0 0 0 0 0 0 ] P(G)=P(cluster8=1)[0.2] * P(cluster1=0|cluster2=0) * P(cluster9=0|cluster6=0) * P(cluster7=0|cluster10=0) * P(cluster10=0|cluster6=0) * P(cluster6=0|cluster2=0) * P(cluster2=0|cluster3=0) * P(cluster3=0|cluster8=1)[0.0524288]=0.0104858
binkey=64 [Edge status: 0 0 0 0 0 0 1 0 ] P(G)=P(cluster8=0)[0.8] * P(cluster1=0|cluster2=0) * P(cluster9=0|cluster6=0) * P(cluster7=0|cluster10=1) * P(cluster10=1|cluster6=0) * P(cluster6=0|cluster2=0) * P(cluster2=0|cluster3=0) * P(cluster3=0|cluster8=0)[0.0131072]=0.0104858
binkey=4 [Edge status: 0 0 1 0 0 0 0 0 ] P(G)=P(cluster8=0)[0.8] * P(cluster1=0|cluster2=1) * P(cluster9=0|cluster6=0) * P(cluster7=0|cluster10=0) * P(cluster10=0|cluster6=0) * P(cluster6=0|cluster2=1) * P(cluster2=1|cluster3=0) * P(cluster3=0|cluster8=0)[0.0032768]=0.00262144
binkey=32 [Edge status: 0 0 0 0 0 1 0 0 ] P(G)=P(cluster8=0)[0.8] * P(cluster1=0|cluster2=0) * P(cluster9=1|cluster6=0) * P(cluster7=0|cluster10=0) * P(cluster10=0|cluster6=0) * P(cluster6=0|cluster2=0) * P(cluster2=0|cluster3=0) * P(cluster3=0|cluster8=0)[0.0524288]=0.041943
binkey=2 [Edge status: 0 1 0 0 0 0 0 0 ] P(G)=P(cluster8=0)[0.8] * P(cluster1=0|cluster2=0) * P(cluster9=0|cluster6=0) * P(cluster7=0|cluster10=0) * P(cluster10=0|cluster6=0) * P(cluster6=0|cluster2=0) * P(cluster2=0|cluster3=1) * P(cluster3=1|cluster8=0)[0.0131072]=0.0104858
binkey=128 [Edge status: 0 0 0 0 0 0 0 1 ] P(G)=P(cluster8=0)[0.8] * P(cluster1=0|cluster2=0) * P(cluster9=0|cluster6=0) * P(cluster7=1|cluster10=0) * P(cluster10=0|cluster6=0) * P(cluster6=0|cluster2=0) * P(cluster2=0|cluster3=0) * P(cluster3=0|cluster8=0)[0.0524288]=0.041943
binkey=3 [Edge status: 1 1 0 0 0 0 0 0 ] P(G)=P(cluster8=1)[0.2] * P(cluster1=0|cluster2=0) * P(cluster9=0|cluster6=0) * P(cluster7=0|cluster10=0) * P(cluster10=0|cluster6=0) * P(cluster6=0|cluster2=0) * P(cluster2=0|cluster3=1) * P(cluster3=1|cluster8=1)[0.0524288]=0.0104858
binkey=40 [Edge status: 0 0 0 1 0 1 0 0 ] P(G)=P(cluster8=0)[0.8] * P(cluster1=1|cluster2=0) * P(cluster9=1|cluster6=0) * P(cluster7=0|cluster10=0) * P(cluster10=0|cluster6=0) * P(cluster6=0|cluster2=0) * P(cluster2=0|cluster3=0) * P(cluster3=0|cluster8=0)[0.0131072]=0.0104858
binkey=136 [Edge status: 0 0 0 1 0 0 0 1 ] P(G)=P(cluster8=0)[0.8] * P(cluster1=1|cluster2=0) * P(cluster9=0|cluster6=0) * P(cluster7=1|cluster10=0) * P(cluster10=0|cluster6=0) * P(cluster6=0|cluster2=0) * P(cluster2=0|cluster3=0) * P(cluster3=0|cluster8=0)[0.0131072]=0.0104858
binkey=160 [Edge status: 0 0 0 0 0 1 0 1 ] P(G)=P(cluster8=0)[0.8] * P(cluster1=0|cluster2=0) * P(cluster9=1|cluster6=0) * P(cluster7=1|cluster10=0) * P(cluster10=0|cluster6=0) * P(cluster6=0|cluster2=0) * P(cluster2=0|cluster3=0) * P(cluster3=0|cluster8=0)[0.0131072]=0.0104858
binkey=192 [Edge status: 0 0 0 0 0 0 1 1 ] P(G)=P(cluster8=0)[0.8] * P(cluster1=0|cluster2=0) * P(cluster9=0|cluster6=0) * P(cluster7=1|cluster10=1) * P(cluster10=1|cluster6=0) * P(cluster6=0|cluster2=0) * P(cluster2=0|cluster3=0) * P(cluster3=0|cluster8=0)[0.0524288]=0.041943
binkey=224 [Edge status: 0 0 0 0 0 1 1 1 ] P(G)=P(cluster8=0)[0.8] * P(cluster1=0|cluster2=0) * P(cluster9=1|cluster6=0) * P(cluster7=1|cluster10=1) * P(cluster10=1|cluster6=0) * P(cluster6=0|cluster2=0) * P(cluster2=0|cluster3=0) * P(cluster3=0|cluster8=0)[0.0131072]=0.0104858
binkey=240 [Edge status: 0 0 0 0 1 1 1 1 ] P(G)=P(cluster8=0)[0.8] * P(cluster1=0|cluster2=0) * P(cluster9=1|cluster6=1) * P(cluster7=1|cluster10=1) * P(cluster10=1|cluster6=1) * P(cluster6=1|cluster2=0) * P(cluster2=0|cluster3=0) * P(cluster3=0|cluster8=0)[0.0524288]=0.041943
binkey=247 [Edge status: 1 1 1 0 1 1 1 1 ] P(G)=P(cluster8=1)[0.2] * P(cluster1=0|cluster2=1) * P(cluster9=1|cluster6=1) * P(cluster7=1|cluster10=1) * P(cluster10=1|cluster6=1) * P(cluster6=1|cluster2=1) * P(cluster2=1|cluster3=1) * P(cluster3=1|cluster8=1)[0.0524288]=0.0104858
binkey=119 [Edge status: 1 1 1 0 1 1 1 0 ] P(G)=P(cluster8=1)[0.2] * P(cluster1=0|cluster2=1) * P(cluster9=1|cluster6=1) * P(cluster7=0|cluster10=1) * P(cluster10=1|cluster6=1) * P(cluster6=1|cluster2=1) * P(cluster2=1|cluster3=1) * P(cluster3=1|cluster8=1)[0.0131072]=0.00262144
binkey=215 [Edge status: 1 1 1 0 1 0 1 1 ] P(G)=P(cluster8=1)[0.2] * P(cluster1=0|cluster2=1) * P(cluster9=0|cluster6=1) * P(cluster7=1|cluster10=1) * P(cluster10=1|cluster6=1) * P(cluster6=1|cluster2=1) * P(cluster2=1|cluster3=1) * P(cluster3=1|cluster8=1)[0.0131072]=0.00262144
binkey=87 [Edge status: 1 1 1 0 1 0 1 0 ] P(G)=P(cluster8=1)[0.2] * P(cluster1=0|cluster2=1) * P(cluster9=0|cluster6=1) * P(cluster7=0|cluster10=1) * P(cluster10=1|cluster6=1) * P(cluster6=1|cluster2=1) * P(cluster2=1|cluster3=1) * P(cluster3=1|cluster8=1)[0.0032768]=0.00065536
binkey=55 [Edge status: 1 1 1 0 1 1 0 0 ] P(G)=P(cluster8=1)[0.2] * P(cluster1=0|cluster2=1) * P(cluster9=1|cluster6=1) * P(cluster7=0|cluster10=0) * P(cluster10=0|cluster6=1) * P(cluster6=1|cluster2=1) * P(cluster2=1|cluster3=1) * P(cluster3=1|cluster8=1)[0.0131072]=0.00262144
binkey=23 [Edge status: 1 1 1 0 1 0 0 0 ] P(G)=P(cluster8=1)[0.2] * P(cluster1=0|cluster2=1) * P(cluster9=0|cluster6=1) * P(cluster7=0|cluster10=0) * P(cluster10=0|cluster6=1) * P(cluster6=1|cluster2=1) * P(cluster2=1|cluster3=1) * P(cluster3=1|cluster8=1)[0.0032768]=0.00065536
binkey=7 [Edge status: 1 1 1 0 0 0 0 0 ] P(G)=P(cluster8=1)[0.2] * P(cluster1=0|cluster2=1) * P(cluster9=0|cluster6=0) * P(cluster7=0|cluster10=0) * P(cluster10=0|cluster6=0) * P(cluster6=0|cluster2=1) * P(cluster2=1|cluster3=1) * P(cluster3=1|cluster8=1)[0.0131072]=0.00262144
binkey=168 [Edge status: 0 0 0 1 0 1 0 1 ] P(G)=P(cluster8=0)[0.8] * P(cluster1=1|cluster2=0) * P(cluster9=1|cluster6=0) * P(cluster7=1|cluster10=0) * P(cluster10=0|cluster6=0) * P(cluster6=0|cluster2=0) * P(cluster2=0|cluster3=0) * P(cluster3=0|cluster8=0)[0.0032768]=0.00262144
binkey=200 [Edge status: 0 0 0 1 0 0 1 1 ] P(G)=P(cluster8=0)[0.8] * P(cluster1=1|cluster2=0) * P(cluster9=0|cluster6=0) * P(cluster7=1|cluster10=1) * P(cluster10=1|cluster6=0) * P(cluster6=0|cluster2=0) * P(cluster2=0|cluster3=0) * P(cluster3=0|cluster8=0)[0.0131072]=0.0104858
ITERATION 0 newScore=-2.71414e+06 diffscore=13508.5 priorChange=-113.676 successMove=68
binkey=232 [Edge status: 0 0 0 1 0 1 1 1 ] P(G)=P(cluster8=0)[0.8] * P(cluster1=1|cluster2=0) * P(cluster9=1|cluster6=0) * P(cluster7=1|cluster10=1) * P(cluster10=1|cluster6=0) * P(cluster6=0|cluster2=0) * P(cluster2=0|cluster3=0) * P(cluster3=0|cluster8=0)[0.0032768]=0.00262144
ITERATION 1 newScore=-2.70558e+06 diffscore=8566.58 priorChange=-108.131 successMove=55
ITERATION 2 newScore=-2.69868e+06 diffscore=6897.25 priorChange=-101.199 successMove=54
ITERATION 3 newScore=-2.69056e+06 diffscore=8117 priorChange=-110.904 successMove=58
ITERATION 4 newScore=-2.68411e+06 diffscore=6447.86 priorChange=-101.199 successMove=51
ITERATION 5 newScore=-2.67664e+06 diffscore=7474.78 priorChange=-98.4269 successMove=52
ITERATION 6 newScore=-2.66582e+06 diffscore=10813.9 priorChange=-106.745 successMove=52
ITERATION 7 newScore=-2.66297e+06 diffscore=2858.17 priorChange=-110.904 successMove=52
ITERATION 8 newScore=-2.66055e+06 diffscore=2415 priorChange=-103.972 successMove=53
ITERATION 9 newScore=-2.65872e+06 diffscore=1835.68 priorChange=-109.517 successMove=52
ITERATION 10 newScore=-2.65346e+06 diffscore=5259.58 priorChange=-115.062 successMove=51
ITERATION 11 newScore=-2.64801e+06 diffscore=5446.14 priorChange=-101.199 successMove=51
ITERATION 12 newScore=-2.64568e+06 diffscore=2325.47 priorChange=-109.517 successMove=52
ITERATION 13 newScore=-2.64285e+06 diffscore=2830.05 priorChange=-112.29 successMove=51
ITERATION 14 newScore=-2.6376e+06 diffscore=5251.04 priorChange=-95.6543 successMove=49
ITERATION 15 newScore=-2.6341e+06 diffscore=3500.85 priorChange=-98.4269 successMove=50
ITERATION 16 newScore=-2.63343e+06 diffscore=670.61 priorChange=-115.062 successMove=49
ITERATION 17 newScore=-2.63257e+06 diffscore=866.549 priorChange=-105.358 successMove=49
ITERATION 18 newScore=-2.62776e+06 diffscore=4801.06 priorChange=-115.062 successMove=50
ITERATION 19 newScore=-2.62588e+06 diffscore=1879.8 priorChange=-105.358 successMove=50
ITERATION 20 newScore=-2.62416e+06 diffscore=1723.54 priorChange=-110.904 successMove=49
ITERATION 21 newScore=-2.62104e+06 diffscore=3118.84 priorChange=-108.131 successMove=53
ITERATION 22 newScore=-2.62043e+06 diffscore=608.249 priorChange=-115.062 successMove=50
ITERATION 23 newScore=-2.61795e+06 diffscore=2485.21 priorChange=-113.676 successMove=49
ITERATION 24 newScore=-2.61633e+06 diffscore=1622.97 priorChange=-102.586 successMove=48
ITERATION 25 newScore=-2.61464e+06 diffscore=1690.92 priorChange=-113.676 successMove=48
ITERATION 26 newScore=-2.61149e+06 diffscore=3141.91 priorChange=-102.586 successMove=47
ITERATION 27 newScore=-2.61098e+06 diffscore=513.526 priorChange=-103.972 successMove=46
ITERATION 28 newScore=-2.60927e+06 diffscore=1711.28 priorChange=-99.8132 successMove=46
ITERATION 29 newScore=-2.60823e+06 diffscore=1041.78 priorChange=-110.904 successMove=46
ITERATION 30 newScore=-2.60781e+06 diffscore=421.245 priorChange=-98.4269 successMove=49
ITERATION 31 newScore=-2.60668e+06 diffscore=1123.38 priorChange=-103.972 successMove=45
ITERATION 32 newScore=-2.60625e+06 diffscore=436.889 priorChange=-99.8132 successMove=43
ITERATION 33 newScore=-2.6043e+06 diffscore=1942.64 priorChange=-121.994 successMove=45
ITERATION 34 newScore=-2.60323e+06 diffscore=1076.66 priorChange=-98.4269 successMove=46
ITERATION 35 newScore=-2.60158e+06 diffscore=1644.98 priorChange=-94.268 successMove=43
ITERATION 36 newScore=-2.59987e+06 diffscore=1711.07 priorChange=-95.6543 successMove=42
ITERATION 37 newScore=-2.59739e+06 diffscore=2483.01 priorChange=-106.745 successMove=42
ITERATION 38 newScore=-2.59691e+06 diffscore=475.18 priorChange=-103.972 successMove=42
ITERATION 39 newScore=-2.59659e+06 diffscore=322.12 priorChange=-91.4954 successMove=42
ITERATION 40 newScore=-2.59554e+06 diffscore=1048.67 priorChange=-99.8132 successMove=43
ITERATION 41 newScore=-2.59518e+06 diffscore=361.308 priorChange=-103.972 successMove=43
ITERATION 42 newScore=-2.59354e+06 diffscore=1642.55 priorChange=-109.517 successMove=42
ITERATION 43 newScore=-2.58959e+06 diffscore=3945.15 priorChange=-106.745 successMove=41
ITERATION 44 newScore=-2.58935e+06 diffscore=239.438 priorChange=-76.2462 successMove=41
ITERATION 45 newScore=-2.5891e+06 diffscore=255.151 priorChange=-92.8817 successMove=43
ITERATION 46 newScore=-2.58879e+06 diffscore=307.212 priorChange=-102.586 successMove=42
ITERATION 47 newScore=-2.58848e+06 diffscore=313.323 priorChange=-91.4954 successMove=42
ITERATION 48 newScore=-2.58808e+06 diffscore=401.266 priorChange=-77.6325 successMove=40
ITERATION 49 newScore=-2.58659e+06 diffscore=1484.69 priorChange=-92.8817 successMove=41
ITERATION 50 newScore=-2.58621e+06 diffscore=377.308 priorChange=-90.1091 successMove=40
ITERATION 51 newScore=-2.58476e+06 diffscore=1451.94 priorChange=-97.0406 successMove=41
ITERATION 52 newScore=-2.58348e+06 diffscore=1280.56 priorChange=-74.8599 successMove=39
ITERATION 53 newScore=-2.58208e+06 diffscore=1396.02 priorChange=-83.1777 successMove=39
ITERATION 54 newScore=-2.58008e+06 diffscore=2001.65 priorChange=-92.8817 successMove=37
ITERATION 55 newScore=-2.57778e+06 diffscore=2307.54 priorChange=-83.1777 successMove=36
ITERATION 56 newScore=-2.57748e+06 diffscore=290.831 priorChange=-59.6107 successMove=37
ITERATION 57 newScore=-2.57651e+06 diffscore=972.892 priorChange=-84.564 successMove=38
ITERATION 58 newScore=-2.57573e+06 diffscore=785.952 priorChange=-72.0873 successMove=35
ITERATION 59 newScore=-2.57555e+06 diffscore=176.94 priorChange=-88.7228 successMove=34
ITERATION 60 newScore=-2.57528e+06 diffscore=270.564 priorChange=-72.0873 successMove=33
ITERATION 61 newScore=-2.57408e+06 diffscore=1197.46 priorChange=-60.997 successMove=30
ITERATION 62 newScore=-2.57357e+06 diffscore=513.311 priorChange=-65.1558 successMove=30
ITERATION 63 newScore=-2.57342e+06 diffscore=151.159 priorChange=-72.0873 successMove=29
ITERATION 64 newScore=-2.57327e+06 diffscore=147.386 priorChange=-63.7695 successMove=28
ITERATION 65 newScore=-2.57315e+06 diffscore=123.442 priorChange=-62.3832 successMove=28
ITERATION 66 newScore=-2.57302e+06 diffscore=123.383 priorChange=-54.0655 successMove=26
ITERATION 67 newScore=-2.57289e+06 diffscore=135.294 priorChange=-56.8381 successMove=29
ITERATION 68 newScore=-2.57275e+06 diffscore=140.579 priorChange=-65.1558 successMove=25
ITERATION 69 newScore=-2.57261e+06 diffscore=132.4 priorChange=-58.2244 successMove=25
ITERATION 70 newScore=-2.57239e+06 diffscore=229.082 priorChange=-62.3832 successMove=24
ITERATION 71 newScore=-2.57224e+06 diffscore=149.926 priorChange=-49.9066 successMove=21
ITERATION 72 newScore=-2.57084e+06 diffscore=1397.93 priorChange=-49.9066 successMove=21
ITERATION 73 newScore=-2.57069e+06 diffscore=144.891 priorChange=-42.9751 successMove=17
ITERATION 74 newScore=-2.5695e+06 diffscore=1196.63 priorChange=-26.3396 successMove=16
ITERATION 75 newScore=-2.56935e+06 diffscore=145.896 priorChange=-27.7259 successMove=15
ITERATION 76 newScore=-2.56918e+06 diffscore=165.271 priorChange=-33.2711 successMove=16
ITERATION 77 newScore=-2.56903e+06 diffscore=159.039 priorChange=-34.6574 successMove=15
ITERATION 78 newScore=-2.56884e+06 diffscore=189.747 priorChange=-31.8848 successMove=14
ITERATION 79 newScore=-2.56816e+06 diffscore=677.571 priorChange=-40.2025 successMove=14
ITERATION 80 newScore=-2.56738e+06 diffscore=774.971 priorChange=-23.567 successMove=13
ITERATION 81 newScore=-2.56732e+06 diffscore=63.3264 priorChange=-29.1122 successMove=13
ITERATION 82 newScore=-2.56727e+06 diffscore=44.9534 priorChange=-27.7259 successMove=12
ITERATION 83 newScore=-2.56723e+06 diffscore=41.2888 priorChange=-23.567 successMove=13
ITERATION 84 newScore=-2.56718e+06 diffscore=49.7692 priorChange=-24.9533 successMove=11
ITERATION 85 newScore=-2.56714e+06 diffscore=40.0914 priorChange=-19.4081 successMove=9
ITERATION 86 newScore=-2.56709e+06 diffscore=49.8219 priorChange=-23.567 successMove=9
ITERATION 87 newScore=-2.56705e+06 diffscore=43.5996 priorChange=-16.6355 successMove=9
ITERATION 88 newScore=-2.567e+06 diffscore=46.2641 priorChange=-16.6355 successMove=11
ITERATION 89 newScore=-2.56693e+06 diffscore=69.9859 priorChange=-26.3396 successMove=9
ITERATION 90 newScore=-2.56685e+06 diffscore=86.6685 priorChange=-19.4081 successMove=9
ITERATION 91 newScore=-2.56676e+06 diffscore=91.7783 priorChange=-22.1807 successMove=9
ITERATION 92 newScore=-2.56632e+06 diffscore=435.16 priorChange=-18.0218 successMove=8
ITERATION 93 newScore=-2.566e+06 diffscore=319.54 priorChange=-9.70406 successMove=8
ITERATION 94 newScore=-2.56596e+06 diffscore=37.2062 priorChange=-13.8629 successMove=7
ITERATION 95 newScore=-2.56592e+06 diffscore=38.9425 priorChange=-19.4081 successMove=7
ITERATION 96 newScore=-2.56588e+06 diffscore=42.2893 priorChange=-18.0218 successMove=6
ITERATION 97 newScore=-2.56583e+06 diffscore=51.5664 priorChange=-18.0218 successMove=7
ITERATION 98 newScore=-2.56493e+06 diffscore=904.489 priorChange=-13.8629 successMove=5
ITERATION 99 newScore=-2.56491e+06 diffscore=15.1042 priorChange=-8.31777 successMove=6
MetaLearner::dumpAllGraphs
Final Score -2.56491e+06
MetaLearner::start runtime: 1085717099 ms
Results/
Results/cluster8/
Results/cluster8/fold0/
Results/cluster8/fold0/var_mb_pw_k50.txt
Results/cluster8/fold0/modelparams.txt
Results/cluster8/scoreFile.txt
Results/cluster3/
Results/cluster3/fold0/
Results/cluster3/fold0/var_mb_pw_k50.txt
Results/cluster3/fold0/modelparams.txt
Results/cluster2/
Results/cluster2/fold0/
Results/cluster2/fold0/var_mb_pw_k50.txt
Results/cluster2/fold0/modelparams.txt
Results/cluster1/
Results/cluster1/fold0/
Results/cluster1/fold0/var_mb_pw_k50.txt
Results/cluster1/fold0/modelparams.txt
Results/cluster6/
Results/cluster6/fold0/
Results/cluster6/fold0/var_mb_pw_k50.txt
Results/cluster6/fold0/modelparams.txt
Results/cluster9/
Results/cluster9/fold0/
Results/cluster9/fold0/var_mb_pw_k50.txt
Results/cluster9/fold0/modelparams.txt
Results/cluster10/
Results/cluster10/fold0/
Results/cluster10/fold0/var_mb_pw_k50.txt
Results/cluster10/fold0/modelparams.txt
Results/cluster7/
Results/cluster7/fold0/
Results/cluster7/fold0/var_mb_pw_k50.txt
Results/cluster7/fold0/modelparams.txt
