./CVN -f config_condor.txt -x50 -v1 -l TFs_OGs.txt -n AllGenes132.txt -d celltype_tree_ancestor.txt -m testdata_ogids.txt -s celltype_order.txt -p 0.2 -c yes -b -4 -q 4
(cluster3|cluster8) p_maintain_edge=0.8 p_gain=0.2
(cluster2|cluster3) p_maintain_edge=0.8 p_gain=0.2
(cluster1|cluster2) p_maintain_edge=0.8 p_gain=0.2
(cluster6|cluster2) p_maintain_edge=0.8 p_gain=0.2
(cluster9|cluster6) p_maintain_edge=0.8 p_gain=0.2
(cluster10|cluster6) p_maintain_edge=0.8 p_gain=0.2
(cluster7|cluster10) p_maintain_edge=0.8 p_gain=0.2
speciesSet.size()=8 Root is cluster8
MappedOrthogroupReader::readSpeciesMapping() --- celltype_order.txt
MappedOrthogroupReader::readFile - testdata_ogids.txt
MappedOrthogroupReader::generateGeneOrthoMap()
MetaLearner::init_onefold() read:config_condor.txt
MetaLearner::setinputVariableNames number of variables: 2041
readEvidenceTable:cluster8.table
PotentialManager::loadEvidenceFromTable varCount=2041 sampleCount=348
motifNetwork.size() = 319
0=cluster8 motifNetwork=cluster8_network.txt
variable size=2041
readEvidenceTable:cluster3.table
PotentialManager::loadEvidenceFromTable varCount=2041 sampleCount=95
motifNetwork.size() = 326
1=cluster3 motifNetwork=cluster3_network.txt
variable size=2041
readEvidenceTable:cluster2.table
PotentialManager::loadEvidenceFromTable varCount=2041 sampleCount=386
motifNetwork.size() = 328
2=cluster2 motifNetwork=cluster2_network.txt
variable size=2041
readEvidenceTable:cluster1.table
PotentialManager::loadEvidenceFromTable varCount=2041 sampleCount=36
motifNetwork.size() = 322
3=cluster1 motifNetwork=cluster1_network.txt
variable size=2041
readEvidenceTable:cluster6.table
PotentialManager::loadEvidenceFromTable varCount=2041 sampleCount=524
motifNetwork.size() = 320
4=cluster6 motifNetwork=cluster6_network.txt
variable size=2041
readEvidenceTable:cluster9.table
PotentialManager::loadEvidenceFromTable varCount=2041 sampleCount=184
motifNetwork.size() = 327
5=cluster9 motifNetwork=cluster9_network.txt
variable size=2041
readEvidenceTable:cluster10.table
PotentialManager::loadEvidenceFromTable varCount=2041 sampleCount=165
motifNetwork.size() = 326
6=cluster10 motifNetwork=cluster10_network.txt
variable size=2041
readEvidenceTable:cluster7.table
PotentialManager::loadEvidenceFromTable varCount=2041 sampleCount=1032
motifNetwork.size() = 320
7=cluster7 motifNetwork=cluster7_network.txt
variable size=2041
-------------------------------------------------------------
MetaLearner::start
precomputeEmptyGraphPrior
binkey=0 [Edge status: 0 0 0 0 0 0 0 0 ] P(G)=P(cluster8=0)[0.8] * P(cluster1=0|cluster2=0) * P(cluster9=0|cluster6=0) * P(cluster7=0|cluster10=0) * P(cluster10=0|cluster6=0) * P(cluster6=0|cluster2=0) * P(cluster2=0|cluster3=0) * P(cluster3=0|cluster8=0)[0.209715]=0.167772
condsetMap_Tree
0 cluster8=0 cluster3=0 cluster2=0 cluster1=0 cluster6=0 cluster9=0 cluster10=0 cluster7=1
1 cluster8=0 cluster3=0 cluster2=0 cluster1=0 cluster6=0 cluster9=1 cluster10=0 cluster7=0
2 cluster8=0 cluster3=0 cluster2=0 cluster1=0 cluster6=0 cluster9=1 cluster10=0 cluster7=1
3 cluster8=0 cluster3=0 cluster2=0 cluster1=1 cluster6=0 cluster9=0 cluster10=0 cluster7=0
4 cluster8=0 cluster3=0 cluster2=0 cluster1=1 cluster6=0 cluster9=0 cluster10=0 cluster7=1
5 cluster8=0 cluster3=0 cluster2=0 cluster1=1 cluster6=0 cluster9=1 cluster10=0 cluster7=0
6 cluster8=0 cluster3=0 cluster2=0 cluster1=1 cluster6=0 cluster9=1 cluster10=0 cluster7=1
7 cluster8=0 cluster3=0 cluster2=0 cluster1=0 cluster6=0 cluster9=0 cluster10=1 cluster7=1
8 cluster8=0 cluster3=0 cluster2=0 cluster1=0 cluster6=0 cluster9=1 cluster10=1 cluster7=1
9 cluster8=0 cluster3=0 cluster2=0 cluster1=1 cluster6=0 cluster9=0 cluster10=1 cluster7=1
10 cluster8=0 cluster3=0 cluster2=0 cluster1=1 cluster6=0 cluster9=1 cluster10=1 cluster7=1
11 cluster8=0 cluster3=0 cluster2=0 cluster1=0 cluster6=1 cluster9=1 cluster10=1 cluster7=1
12 cluster8=0 cluster3=0 cluster2=0 cluster1=1 cluster6=1 cluster9=1 cluster10=1 cluster7=1
13 cluster8=0 cluster3=0 cluster2=1 cluster1=1 cluster6=1 cluster9=1 cluster10=1 cluster7=1
14 cluster8=0 cluster3=1 cluster2=1 cluster1=1 cluster6=1 cluster9=1 cluster10=1 cluster7=1
15 cluster8=1 cluster3=1 cluster2=1 cluster1=1 cluster6=1 cluster9=1 cluster10=1 cluster7=1
16 cluster8=1 cluster3=1 cluster2=1 cluster1=1 cluster6=1 cluster9=1 cluster10=1 cluster7=0
17 cluster8=1 cluster3=1 cluster2=1 cluster1=1 cluster6=1 cluster9=0 cluster10=1 cluster7=1
18 cluster8=1 cluster3=1 cluster2=1 cluster1=1 cluster6=1 cluster9=0 cluster10=1 cluster7=0
19 cluster8=1 cluster3=1 cluster2=1 cluster1=0 cluster6=1 cluster9=1 cluster10=1 cluster7=1
20 cluster8=1 cluster3=1 cluster2=1 cluster1=0 cluster6=1 cluster9=1 cluster10=1 cluster7=0
21 cluster8=1 cluster3=1 cluster2=1 cluster1=0 cluster6=1 cluster9=0 cluster10=1 cluster7=1
22 cluster8=1 cluster3=1 cluster2=1 cluster1=0 cluster6=1 cluster9=0 cluster10=1 cluster7=0
23 cluster8=1 cluster3=1 cluster2=1 cluster1=1 cluster6=1 cluster9=1 cluster10=0 cluster7=0
24 cluster8=1 cluster3=1 cluster2=1 cluster1=1 cluster6=1 cluster9=0 cluster10=0 cluster7=0
25 cluster8=1 cluster3=1 cluster2=1 cluster1=0 cluster6=1 cluster9=1 cluster10=0 cluster7=0
26 cluster8=1 cluster3=1 cluster2=1 cluster1=0 cluster6=1 cluster9=0 cluster10=0 cluster7=0
27 cluster8=1 cluster3=1 cluster2=1 cluster1=1 cluster6=0 cluster9=0 cluster10=0 cluster7=0
28 cluster8=1 cluster3=1 cluster2=1 cluster1=0 cluster6=0 cluster9=0 cluster10=0 cluster7=0
29 cluster8=1 cluster3=1 cluster2=0 cluster1=0 cluster6=0 cluster9=0 cluster10=0 cluster7=0
30 cluster8=1 cluster3=0 cluster2=0 cluster1=0 cluster6=0 cluster9=0 cluster10=0 cluster7=0
31 cluster8=0 cluster3=0 cluster2=0 cluster1=0 cluster6=1 cluster9=0 cluster10=0 cluster7=0
32 cluster8=0 cluster3=0 cluster2=1 cluster1=0 cluster6=0 cluster9=0 cluster10=0 cluster7=0
33 cluster8=0 cluster3=0 cluster2=0 cluster1=0 cluster6=0 cluster9=0 cluster10=1 cluster7=0
34 cluster8=0 cluster3=1 cluster2=0 cluster1=0 cluster6=0 cluster9=0 cluster10=0 cluster7=0
inputRegulatorOGs.size() = 1999 inputOGList.size() = 50
binkey=4 [Edge status: 0 0 1 0 0 0 0 0 ] P(G)=P(cluster8=0)[0.8] * P(cluster1=0|cluster2=1) * P(cluster9=0|cluster6=0) * P(cluster7=0|cluster10=0) * P(cluster10=0|cluster6=0) * P(cluster6=0|cluster2=1) * P(cluster2=1|cluster3=0) * P(cluster3=0|cluster8=0)[0.0032768]=0.00262144
binkey=128 [Edge status: 0 0 0 0 0 0 0 1 ] P(G)=P(cluster8=0)[0.8] * P(cluster1=0|cluster2=0) * P(cluster9=0|cluster6=0) * P(cluster7=1|cluster10=0) * P(cluster10=0|cluster6=0) * P(cluster6=0|cluster2=0) * P(cluster2=0|cluster3=0) * P(cluster3=0|cluster8=0)[0.0524288]=0.041943
binkey=64 [Edge status: 0 0 0 0 0 0 1 0 ] P(G)=P(cluster8=0)[0.8] * P(cluster1=0|cluster2=0) * P(cluster9=0|cluster6=0) * P(cluster7=0|cluster10=1) * P(cluster10=1|cluster6=0) * P(cluster6=0|cluster2=0) * P(cluster2=0|cluster3=0) * P(cluster3=0|cluster8=0)[0.0131072]=0.0104858
binkey=16 [Edge status: 0 0 0 0 1 0 0 0 ] P(G)=P(cluster8=0)[0.8] * P(cluster1=0|cluster2=0) * P(cluster9=0|cluster6=1) * P(cluster7=0|cluster10=0) * P(cluster10=0|cluster6=1) * P(cluster6=1|cluster2=0) * P(cluster2=0|cluster3=0) * P(cluster3=0|cluster8=0)[0.0032768]=0.00262144
binkey=32 [Edge status: 0 0 0 0 0 1 0 0 ] P(G)=P(cluster8=0)[0.8] * P(cluster1=0|cluster2=0) * P(cluster9=1|cluster6=0) * P(cluster7=0|cluster10=0) * P(cluster10=0|cluster6=0) * P(cluster6=0|cluster2=0) * P(cluster2=0|cluster3=0) * P(cluster3=0|cluster8=0)[0.0524288]=0.041943
binkey=8 [Edge status: 0 0 0 1 0 0 0 0 ] P(G)=P(cluster8=0)[0.8] * P(cluster1=1|cluster2=0) * P(cluster9=0|cluster6=0) * P(cluster7=0|cluster10=0) * P(cluster10=0|cluster6=0) * P(cluster6=0|cluster2=0) * P(cluster2=0|cluster3=0) * P(cluster3=0|cluster8=0)[0.0524288]=0.041943
binkey=2 [Edge status: 0 1 0 0 0 0 0 0 ] P(G)=P(cluster8=0)[0.8] * P(cluster1=0|cluster2=0) * P(cluster9=0|cluster6=0) * P(cluster7=0|cluster10=0) * P(cluster10=0|cluster6=0) * P(cluster6=0|cluster2=0) * P(cluster2=0|cluster3=1) * P(cluster3=1|cluster8=0)[0.0131072]=0.0104858
binkey=1 [Edge status: 1 0 0 0 0 0 0 0 ] P(G)=P(cluster8=1)[0.2] * P(cluster1=0|cluster2=0) * P(cluster9=0|cluster6=0) * P(cluster7=0|cluster10=0) * P(cluster10=0|cluster6=0) * P(cluster6=0|cluster2=0) * P(cluster2=0|cluster3=0) * P(cluster3=0|cluster8=1)[0.0524288]=0.0104858
binkey=160 [Edge status: 0 0 0 0 0 1 0 1 ] P(G)=P(cluster8=0)[0.8] * P(cluster1=0|cluster2=0) * P(cluster9=1|cluster6=0) * P(cluster7=1|cluster10=0) * P(cluster10=0|cluster6=0) * P(cluster6=0|cluster2=0) * P(cluster2=0|cluster3=0) * P(cluster3=0|cluster8=0)[0.0131072]=0.0104858
binkey=192 [Edge status: 0 0 0 0 0 0 1 1 ] P(G)=P(cluster8=0)[0.8] * P(cluster1=0|cluster2=0) * P(cluster9=0|cluster6=0) * P(cluster7=1|cluster10=1) * P(cluster10=1|cluster6=0) * P(cluster6=0|cluster2=0) * P(cluster2=0|cluster3=0) * P(cluster3=0|cluster8=0)[0.0524288]=0.041943
binkey=224 [Edge status: 0 0 0 0 0 1 1 1 ] P(G)=P(cluster8=0)[0.8] * P(cluster1=0|cluster2=0) * P(cluster9=1|cluster6=0) * P(cluster7=1|cluster10=1) * P(cluster10=1|cluster6=0) * P(cluster6=0|cluster2=0) * P(cluster2=0|cluster3=0) * P(cluster3=0|cluster8=0)[0.0131072]=0.0104858
binkey=240 [Edge status: 0 0 0 0 1 1 1 1 ] P(G)=P(cluster8=0)[0.8] * P(cluster1=0|cluster2=0) * P(cluster9=1|cluster6=1) * P(cluster7=1|cluster10=1) * P(cluster10=1|cluster6=1) * P(cluster6=1|cluster2=0) * P(cluster2=0|cluster3=0) * P(cluster3=0|cluster8=0)[0.0524288]=0.041943
binkey=40 [Edge status: 0 0 0 1 0 1 0 0 ] P(G)=P(cluster8=0)[0.8] * P(cluster1=1|cluster2=0) * P(cluster9=1|cluster6=0) * P(cluster7=0|cluster10=0) * P(cluster10=0|cluster6=0) * P(cluster6=0|cluster2=0) * P(cluster2=0|cluster3=0) * P(cluster3=0|cluster8=0)[0.0131072]=0.0104858
binkey=136 [Edge status: 0 0 0 1 0 0 0 1 ] P(G)=P(cluster8=0)[0.8] * P(cluster1=1|cluster2=0) * P(cluster9=0|cluster6=0) * P(cluster7=1|cluster10=0) * P(cluster10=0|cluster6=0) * P(cluster6=0|cluster2=0) * P(cluster2=0|cluster3=0) * P(cluster3=0|cluster8=0)[0.0131072]=0.0104858
binkey=168 [Edge status: 0 0 0 1 0 1 0 1 ] P(G)=P(cluster8=0)[0.8] * P(cluster1=1|cluster2=0) * P(cluster9=1|cluster6=0) * P(cluster7=1|cluster10=0) * P(cluster10=0|cluster6=0) * P(cluster6=0|cluster2=0) * P(cluster2=0|cluster3=0) * P(cluster3=0|cluster8=0)[0.0032768]=0.00262144
binkey=3 [Edge status: 1 1 0 0 0 0 0 0 ] P(G)=P(cluster8=1)[0.2] * P(cluster1=0|cluster2=0) * P(cluster9=0|cluster6=0) * P(cluster7=0|cluster10=0) * P(cluster10=0|cluster6=0) * P(cluster6=0|cluster2=0) * P(cluster2=0|cluster3=1) * P(cluster3=1|cluster8=1)[0.0524288]=0.0104858
binkey=7 [Edge status: 1 1 1 0 0 0 0 0 ] P(G)=P(cluster8=1)[0.2] * P(cluster1=0|cluster2=1) * P(cluster9=0|cluster6=0) * P(cluster7=0|cluster10=0) * P(cluster10=0|cluster6=0) * P(cluster6=0|cluster2=1) * P(cluster2=1|cluster3=1) * P(cluster3=1|cluster8=1)[0.0131072]=0.00262144
binkey=200 [Edge status: 0 0 0 1 0 0 1 1 ] P(G)=P(cluster8=0)[0.8] * P(cluster1=1|cluster2=0) * P(cluster9=0|cluster6=0) * P(cluster7=1|cluster10=1) * P(cluster10=1|cluster6=0) * P(cluster6=0|cluster2=0) * P(cluster2=0|cluster3=0) * P(cluster3=0|cluster8=0)[0.0131072]=0.0104858
binkey=232 [Edge status: 0 0 0 1 0 1 1 1 ] P(G)=P(cluster8=0)[0.8] * P(cluster1=1|cluster2=0) * P(cluster9=1|cluster6=0) * P(cluster7=1|cluster10=1) * P(cluster10=1|cluster6=0) * P(cluster6=0|cluster2=0) * P(cluster2=0|cluster3=0) * P(cluster3=0|cluster8=0)[0.0032768]=0.00262144
binkey=248 [Edge status: 0 0 0 1 1 1 1 1 ] P(G)=P(cluster8=0)[0.8] * P(cluster1=1|cluster2=0) * P(cluster9=1|cluster6=1) * P(cluster7=1|cluster10=1) * P(cluster10=1|cluster6=1) * P(cluster6=1|cluster2=0) * P(cluster2=0|cluster3=0) * P(cluster3=0|cluster8=0)[0.0131072]=0.0104858
binkey=15 [Edge status: 1 1 1 1 0 0 0 0 ] P(G)=P(cluster8=1)[0.2] * P(cluster1=1|cluster2=1) * P(cluster9=0|cluster6=0) * P(cluster7=0|cluster10=0) * P(cluster10=0|cluster6=0) * P(cluster6=0|cluster2=1) * P(cluster2=1|cluster3=1) * P(cluster3=1|cluster8=1)[0.0524288]=0.0104858
binkey=23 [Edge status: 1 1 1 0 1 0 0 0 ] P(G)=P(cluster8=1)[0.2] * P(cluster1=0|cluster2=1) * P(cluster9=0|cluster6=1) * P(cluster7=0|cluster10=0) * P(cluster10=0|cluster6=1) * P(cluster6=1|cluster2=1) * P(cluster2=1|cluster3=1) * P(cluster3=1|cluster8=1)[0.0032768]=0.00065536
ITERATION 0 newScore=-2.65224e+06 diffscore=12346.8 priorChange=-110.904 successMove=57
ITERATION 1 newScore=-2.64458e+06 diffscore=7660.82 priorChange=-119.221 successMove=56
ITERATION 2 newScore=-2.64143e+06 diffscore=3151.8 priorChange=-115.062 successMove=58
ITERATION 3 newScore=-2.63916e+06 diffscore=2268.06 priorChange=-117.835 successMove=56
ITERATION 4 newScore=-2.63467e+06 diffscore=4483.81 priorChange=-116.449 successMove=52
ITERATION 5 newScore=-2.63136e+06 diffscore=3310.07 priorChange=-112.29 successMove=51
ITERATION 6 newScore=-2.6281e+06 diffscore=3268.67 priorChange=-133.084 successMove=52
ITERATION 7 newScore=-2.62556e+06 diffscore=2533.21 priorChange=-119.221 successMove=52
ITERATION 8 newScore=-2.62047e+06 diffscore=5089.6 priorChange=-120.608 successMove=52
ITERATION 9 newScore=-2.61578e+06 diffscore=4692.91 priorChange=-113.676 successMove=51
ITERATION 10 newScore=-2.61267e+06 diffscore=3108.21 priorChange=-113.676 successMove=51
ITERATION 11 newScore=-2.61048e+06 diffscore=2195.51 priorChange=-113.676 successMove=51
ITERATION 12 newScore=-2.60821e+06 diffscore=2265.75 priorChange=-113.676 successMove=50
ITERATION 13 newScore=-2.6076e+06 diffscore=609.281 priorChange=-126.153 successMove=53
ITERATION 14 newScore=-2.60547e+06 diffscore=2127.82 priorChange=-108.131 successMove=52
ITERATION 15 newScore=-2.60418e+06 diffscore=1292.29 priorChange=-109.517 successMove=55
ITERATION 16 newScore=-2.6025e+06 diffscore=1678.02 priorChange=-105.358 successMove=51
ITERATION 17 newScore=-2.60132e+06 diffscore=1184.69 priorChange=-112.29 successMove=53
ITERATION 18 newScore=-2.60083e+06 diffscore=488.062 priorChange=-102.586 successMove=52
ITERATION 19 newScore=-2.59948e+06 diffscore=1348.13 priorChange=-110.904 successMove=53
ITERATION 20 newScore=-2.59647e+06 diffscore=3013.56 priorChange=-92.8817 successMove=49
ITERATION 21 newScore=-2.59498e+06 diffscore=1489.21 priorChange=-101.199 successMove=49
ITERATION 22 newScore=-2.59456e+06 diffscore=413.921 priorChange=-103.972 successMove=52
ITERATION 23 newScore=-2.59387e+06 diffscore=698.18 priorChange=-103.972 successMove=49
ITERATION 24 newScore=-2.59343e+06 diffscore=438.053 priorChange=-98.4269 successMove=48
ITERATION 25 newScore=-2.59303e+06 diffscore=399.433 priorChange=-99.8132 successMove=51
ITERATION 26 newScore=-2.59112e+06 diffscore=1904.55 priorChange=-99.8132 successMove=47
ITERATION 27 newScore=-2.59015e+06 diffscore=970.37 priorChange=-109.517 successMove=46
ITERATION 28 newScore=-2.58976e+06 diffscore=395.883 priorChange=-92.8817 successMove=46
ITERATION 29 newScore=-2.58801e+06 diffscore=1750.54 priorChange=-92.8817 successMove=46
ITERATION 30 newScore=-2.58691e+06 diffscore=1098.39 priorChange=-92.8817 successMove=51
ITERATION 31 newScore=-2.58653e+06 diffscore=381.043 priorChange=-95.6543 successMove=47
ITERATION 32 newScore=-2.58469e+06 diffscore=1840.75 priorChange=-97.0406 successMove=47
ITERATION 33 newScore=-2.5826e+06 diffscore=2089.75 priorChange=-99.8132 successMove=47
ITERATION 34 newScore=-2.58148e+06 diffscore=1120.98 priorChange=-80.4051 successMove=46
ITERATION 35 newScore=-2.58093e+06 diffscore=548.669 priorChange=-101.199 successMove=47
ITERATION 36 newScore=-2.57925e+06 diffscore=1683.19 priorChange=-85.9503 successMove=47
ITERATION 37 newScore=-2.5772e+06 diffscore=2040.29 priorChange=-106.745 successMove=48
ITERATION 38 newScore=-2.57676e+06 diffscore=446.028 priorChange=-92.8817 successMove=48
ITERATION 39 newScore=-2.57522e+06 diffscore=1540.09 priorChange=-95.6543 successMove=46
ITERATION 40 newScore=-2.57478e+06 diffscore=434.632 priorChange=-85.9503 successMove=50
ITERATION 41 newScore=-2.5729e+06 diffscore=1880.7 priorChange=-73.4736 successMove=47
ITERATION 42 newScore=-2.57141e+06 diffscore=1489.48 priorChange=-84.564 successMove=48
ITERATION 43 newScore=-2.57105e+06 diffscore=361.816 priorChange=-87.3365 successMove=47
ITERATION 44 newScore=-2.57045e+06 diffscore=603.791 priorChange=-91.4954 successMove=45
ITERATION 45 newScore=-2.57013e+06 diffscore=318.195 priorChange=-90.1091 successMove=47
ITERATION 46 newScore=-2.56935e+06 diffscore=781.841 priorChange=-76.2462 successMove=42
ITERATION 47 newScore=-2.56774e+06 diffscore=1607.25 priorChange=-88.7228 successMove=44
ITERATION 48 newScore=-2.56643e+06 diffscore=1306.39 priorChange=-87.3365 successMove=46
ITERATION 49 newScore=-2.56578e+06 diffscore=658.882 priorChange=-72.0873 successMove=41
ITERATION 50 newScore=-2.56548e+06 diffscore=295.851 priorChange=-80.4051 successMove=42
ITERATION 51 newScore=-2.56393e+06 diffscore=1547.34 priorChange=-72.0873 successMove=41
ITERATION 52 newScore=-2.56358e+06 diffscore=357.016 priorChange=-62.3832 successMove=41
ITERATION 53 newScore=-2.56326e+06 diffscore=314.617 priorChange=-76.2462 successMove=40
ITERATION 54 newScore=-2.56182e+06 diffscore=1438.26 priorChange=-74.8599 successMove=39
ITERATION 55 newScore=-2.56157e+06 diffscore=249.855 priorChange=-72.0873 successMove=39
ITERATION 56 newScore=-2.56131e+06 diffscore=265.759 priorChange=-79.0188 successMove=38
ITERATION 57 newScore=-2.561e+06 diffscore=302.194 priorChange=-69.3147 successMove=36
ITERATION 58 newScore=-2.55991e+06 diffscore=1095.39 priorChange=-49.9066 successMove=36
ITERATION 59 newScore=-2.55952e+06 diffscore=385.865 priorChange=-69.3147 successMove=36
ITERATION 60 newScore=-2.55905e+06 diffscore=477.212 priorChange=-67.9284 successMove=36
ITERATION 61 newScore=-2.55652e+06 diffscore=2523.1 priorChange=-62.3832 successMove=37
ITERATION 62 newScore=-2.55629e+06 diffscore=237.848 priorChange=-52.6792 successMove=37
ITERATION 63 newScore=-2.55478e+06 diffscore=1501 priorChange=-59.6107 successMove=34
ITERATION 64 newScore=-2.5532e+06 diffscore=1579.79 priorChange=-70.701 successMove=32
ITERATION 65 newScore=-2.55286e+06 diffscore=340.569 priorChange=-72.0873 successMove=31
ITERATION 66 newScore=-2.5522e+06 diffscore=665.034 priorChange=-62.3832 successMove=35
ITERATION 67 newScore=-2.5501e+06 diffscore=2102.96 priorChange=-65.1558 successMove=31
ITERATION 68 newScore=-2.54909e+06 diffscore=1001.09 priorChange=-60.997 successMove=33
ITERATION 69 newScore=-2.54748e+06 diffscore=1616.37 priorChange=-58.2244 successMove=31
ITERATION 70 newScore=-2.54734e+06 diffscore=134.943 priorChange=-60.997 successMove=31
ITERATION 71 newScore=-2.54719e+06 diffscore=154.183 priorChange=-62.3832 successMove=30
ITERATION 72 newScore=-2.54704e+06 diffscore=151.973 priorChange=-58.2244 successMove=30
ITERATION 73 newScore=-2.54687e+06 diffscore=163.548 priorChange=-63.7695 successMove=29
ITERATION 74 newScore=-2.54647e+06 diffscore=405.106 priorChange=-49.9066 successMove=28
ITERATION 75 newScore=-2.54493e+06 diffscore=1536.55 priorChange=-51.2929 successMove=27
ITERATION 76 newScore=-2.54458e+06 diffscore=354.407 priorChange=-55.4518 successMove=29
ITERATION 77 newScore=-2.54438e+06 diffscore=200.451 priorChange=-52.6792 successMove=30
ITERATION 78 newScore=-2.54345e+06 diffscore=928.475 priorChange=-49.9066 successMove=25
ITERATION 79 newScore=-2.54329e+06 diffscore=160.423 priorChange=-55.4518 successMove=23
ITERATION 80 newScore=-2.54208e+06 diffscore=1211.41 priorChange=-47.134 successMove=25
ITERATION 81 newScore=-2.5408e+06 diffscore=1281.28 priorChange=-51.2929 successMove=22
ITERATION 82 newScore=-2.54067e+06 diffscore=123.574 priorChange=-51.2929 successMove=23
ITERATION 83 newScore=-2.53976e+06 diffscore=914.413 priorChange=-49.9066 successMove=22
ITERATION 84 newScore=-2.53967e+06 diffscore=87.5674 priorChange=-49.9066 successMove=22
ITERATION 85 newScore=-2.53957e+06 diffscore=95.3553 priorChange=-52.6792 successMove=22
ITERATION 86 newScore=-2.53947e+06 diffscore=106.662 priorChange=-48.5203 successMove=23
ITERATION 87 newScore=-2.53816e+06 diffscore=1304.36 priorChange=-51.2929 successMove=22
ITERATION 88 newScore=-2.53808e+06 diffscore=83.0879 priorChange=-40.2025 successMove=21
ITERATION 89 newScore=-2.53801e+06 diffscore=70.6795 priorChange=-34.6574 successMove=21
ITERATION 90 newScore=-2.53793e+06 diffscore=76.7124 priorChange=-41.5888 successMove=20
ITERATION 91 newScore=-2.53783e+06 diffscore=104.348 priorChange=-37.4299 successMove=20
ITERATION 92 newScore=-2.53773e+06 diffscore=103.537 priorChange=-37.4299 successMove=19
ITERATION 93 newScore=-2.53736e+06 diffscore=369.579 priorChange=-34.6574 successMove=19
ITERATION 94 newScore=-2.53725e+06 diffscore=106.505 priorChange=-33.2711 successMove=18
ITERATION 95 newScore=-2.53715e+06 diffscore=96.8312 priorChange=-29.1122 successMove=16
ITERATION 96 newScore=-2.53572e+06 diffscore=1434.68 priorChange=-34.6574 successMove=16
ITERATION 97 newScore=-2.53549e+06 diffscore=232.597 priorChange=-26.3396 successMove=16
ITERATION 98 newScore=-2.53457e+06 diffscore=916.897 priorChange=-27.7259 successMove=16
ITERATION 99 newScore=-2.53452e+06 diffscore=44.5464 priorChange=-26.3396 successMove=14
MetaLearner::dumpAllGraphs
Final Score -2.53452e+06
MetaLearner::start runtime: 1613698137 ms
Results/
Results/cluster1/
Results/cluster1/fold0/
Results/cluster1/fold0/modelparams.txt
Results/cluster1/fold0/var_mb_pw_k50.txt
Results/cluster2/
Results/cluster2/fold0/
Results/cluster2/fold0/modelparams.txt
Results/cluster2/fold0/var_mb_pw_k50.txt
Results/cluster8/
Results/cluster8/fold0/
Results/cluster8/fold0/modelparams.txt
Results/cluster8/fold0/var_mb_pw_k50.txt
Results/cluster8/scoreFile.txt
Results/cluster10/
Results/cluster10/fold0/
Results/cluster10/fold0/modelparams.txt
Results/cluster10/fold0/var_mb_pw_k50.txt
Results/cluster9/
Results/cluster9/fold0/
Results/cluster9/fold0/modelparams.txt
Results/cluster9/fold0/var_mb_pw_k50.txt
Results/cluster3/
Results/cluster3/fold0/
Results/cluster3/fold0/modelparams.txt
Results/cluster3/fold0/var_mb_pw_k50.txt
Results/cluster6/
Results/cluster6/fold0/
Results/cluster6/fold0/modelparams.txt
Results/cluster6/fold0/var_mb_pw_k50.txt
Results/cluster7/
Results/cluster7/fold0/
Results/cluster7/fold0/modelparams.txt
Results/cluster7/fold0/var_mb_pw_k50.txt
