./CVN -f config_condor.txt -x50 -v1 -l TFs_OGs.txt -n AllGenes232.txt -d celltype_tree_ancestor.txt -m testdata_ogids.txt -s celltype_order.txt -p 0.2 -c yes -b -4 -q 4
(cluster3|cluster8) p_maintain_edge=0.8 p_gain=0.2
(cluster2|cluster3) p_maintain_edge=0.8 p_gain=0.2
(cluster1|cluster2) p_maintain_edge=0.8 p_gain=0.2
(cluster6|cluster2) p_maintain_edge=0.8 p_gain=0.2
(cluster9|cluster6) p_maintain_edge=0.8 p_gain=0.2
(cluster10|cluster6) p_maintain_edge=0.8 p_gain=0.2
(cluster7|cluster10) p_maintain_edge=0.8 p_gain=0.2
speciesSet.size()=8 Root is cluster8
MappedOrthogroupReader::readSpeciesMapping() --- celltype_order.txt
MappedOrthogroupReader::readFile - testdata_ogids.txt
MappedOrthogroupReader::generateGeneOrthoMap()
MetaLearner::init_onefold() read:config_condor.txt
MetaLearner::setinputVariableNames number of variables: 2042
readEvidenceTable:cluster8.table
PotentialManager::loadEvidenceFromTable varCount=2042 sampleCount=348
motifNetwork.size() = 319
0=cluster8 motifNetwork=cluster8_network.txt
variable size=2042
readEvidenceTable:cluster3.table
PotentialManager::loadEvidenceFromTable varCount=2042 sampleCount=95
motifNetwork.size() = 326
1=cluster3 motifNetwork=cluster3_network.txt
variable size=2042
readEvidenceTable:cluster2.table
PotentialManager::loadEvidenceFromTable varCount=2042 sampleCount=386
motifNetwork.size() = 328
2=cluster2 motifNetwork=cluster2_network.txt
variable size=2042
readEvidenceTable:cluster1.table
PotentialManager::loadEvidenceFromTable varCount=2042 sampleCount=36
motifNetwork.size() = 322
3=cluster1 motifNetwork=cluster1_network.txt
variable size=2042
readEvidenceTable:cluster6.table
PotentialManager::loadEvidenceFromTable varCount=2042 sampleCount=524
motifNetwork.size() = 320
4=cluster6 motifNetwork=cluster6_network.txt
variable size=2042
readEvidenceTable:cluster9.table
PotentialManager::loadEvidenceFromTable varCount=2042 sampleCount=184
motifNetwork.size() = 327
5=cluster9 motifNetwork=cluster9_network.txt
variable size=2042
readEvidenceTable:cluster10.table
PotentialManager::loadEvidenceFromTable varCount=2042 sampleCount=165
motifNetwork.size() = 326
6=cluster10 motifNetwork=cluster10_network.txt
variable size=2042
readEvidenceTable:cluster7.table
PotentialManager::loadEvidenceFromTable varCount=2042 sampleCount=1032
motifNetwork.size() = 320
7=cluster7 motifNetwork=cluster7_network.txt
variable size=2042
-------------------------------------------------------------
MetaLearner::start
precomputeEmptyGraphPrior
binkey=0 [Edge status: 0 0 0 0 0 0 0 0 ] P(G)=P(cluster8=0)[0.8] * P(cluster1=0|cluster2=0) * P(cluster9=0|cluster6=0) * P(cluster7=0|cluster10=0) * P(cluster10=0|cluster6=0) * P(cluster6=0|cluster2=0) * P(cluster2=0|cluster3=0) * P(cluster3=0|cluster8=0)[0.209715]=0.167772
condsetMap_Tree
0 cluster8=0 cluster3=0 cluster2=0 cluster1=0 cluster6=0 cluster9=0 cluster10=0 cluster7=1
1 cluster8=0 cluster3=0 cluster2=0 cluster1=0 cluster6=0 cluster9=1 cluster10=0 cluster7=0
2 cluster8=0 cluster3=0 cluster2=0 cluster1=0 cluster6=0 cluster9=1 cluster10=0 cluster7=1
3 cluster8=0 cluster3=0 cluster2=0 cluster1=1 cluster6=0 cluster9=0 cluster10=0 cluster7=0
4 cluster8=0 cluster3=0 cluster2=0 cluster1=1 cluster6=0 cluster9=0 cluster10=0 cluster7=1
5 cluster8=0 cluster3=0 cluster2=0 cluster1=1 cluster6=0 cluster9=1 cluster10=0 cluster7=0
6 cluster8=0 cluster3=0 cluster2=0 cluster1=1 cluster6=0 cluster9=1 cluster10=0 cluster7=1
7 cluster8=0 cluster3=0 cluster2=0 cluster1=0 cluster6=0 cluster9=0 cluster10=1 cluster7=1
8 cluster8=0 cluster3=0 cluster2=0 cluster1=0 cluster6=0 cluster9=1 cluster10=1 cluster7=1
9 cluster8=0 cluster3=0 cluster2=0 cluster1=1 cluster6=0 cluster9=0 cluster10=1 cluster7=1
10 cluster8=0 cluster3=0 cluster2=0 cluster1=1 cluster6=0 cluster9=1 cluster10=1 cluster7=1
11 cluster8=0 cluster3=0 cluster2=0 cluster1=0 cluster6=1 cluster9=1 cluster10=1 cluster7=1
12 cluster8=0 cluster3=0 cluster2=0 cluster1=1 cluster6=1 cluster9=1 cluster10=1 cluster7=1
13 cluster8=0 cluster3=0 cluster2=1 cluster1=1 cluster6=1 cluster9=1 cluster10=1 cluster7=1
14 cluster8=0 cluster3=1 cluster2=1 cluster1=1 cluster6=1 cluster9=1 cluster10=1 cluster7=1
15 cluster8=1 cluster3=1 cluster2=1 cluster1=1 cluster6=1 cluster9=1 cluster10=1 cluster7=1
16 cluster8=1 cluster3=1 cluster2=1 cluster1=1 cluster6=1 cluster9=1 cluster10=1 cluster7=0
17 cluster8=1 cluster3=1 cluster2=1 cluster1=1 cluster6=1 cluster9=0 cluster10=1 cluster7=1
18 cluster8=1 cluster3=1 cluster2=1 cluster1=1 cluster6=1 cluster9=0 cluster10=1 cluster7=0
19 cluster8=1 cluster3=1 cluster2=1 cluster1=0 cluster6=1 cluster9=1 cluster10=1 cluster7=1
20 cluster8=1 cluster3=1 cluster2=1 cluster1=0 cluster6=1 cluster9=1 cluster10=1 cluster7=0
21 cluster8=1 cluster3=1 cluster2=1 cluster1=0 cluster6=1 cluster9=0 cluster10=1 cluster7=1
22 cluster8=1 cluster3=1 cluster2=1 cluster1=0 cluster6=1 cluster9=0 cluster10=1 cluster7=0
23 cluster8=1 cluster3=1 cluster2=1 cluster1=1 cluster6=1 cluster9=1 cluster10=0 cluster7=0
24 cluster8=1 cluster3=1 cluster2=1 cluster1=1 cluster6=1 cluster9=0 cluster10=0 cluster7=0
25 cluster8=1 cluster3=1 cluster2=1 cluster1=0 cluster6=1 cluster9=1 cluster10=0 cluster7=0
26 cluster8=1 cluster3=1 cluster2=1 cluster1=0 cluster6=1 cluster9=0 cluster10=0 cluster7=0
27 cluster8=1 cluster3=1 cluster2=1 cluster1=1 cluster6=0 cluster9=0 cluster10=0 cluster7=0
28 cluster8=1 cluster3=1 cluster2=1 cluster1=0 cluster6=0 cluster9=0 cluster10=0 cluster7=0
29 cluster8=1 cluster3=1 cluster2=0 cluster1=0 cluster6=0 cluster9=0 cluster10=0 cluster7=0
30 cluster8=1 cluster3=0 cluster2=0 cluster1=0 cluster6=0 cluster9=0 cluster10=0 cluster7=0
31 cluster8=0 cluster3=0 cluster2=0 cluster1=0 cluster6=1 cluster9=0 cluster10=0 cluster7=0
32 cluster8=0 cluster3=0 cluster2=1 cluster1=0 cluster6=0 cluster9=0 cluster10=0 cluster7=0
33 cluster8=0 cluster3=0 cluster2=0 cluster1=0 cluster6=0 cluster9=0 cluster10=1 cluster7=0
34 cluster8=0 cluster3=1 cluster2=0 cluster1=0 cluster6=0 cluster9=0 cluster10=0 cluster7=0
inputRegulatorOGs.size() = 1999 inputOGList.size() = 50
binkey=16 [Edge status: 0 0 0 0 1 0 0 0 ] P(G)=P(cluster8=0)[0.8] * P(cluster1=0|cluster2=0) * P(cluster9=0|cluster6=1) * P(cluster7=0|cluster10=0) * P(cluster10=0|cluster6=1) * P(cluster6=1|cluster2=0) * P(cluster2=0|cluster3=0) * P(cluster3=0|cluster8=0)[0.0032768]=0.00262144
binkey=64 [Edge status: 0 0 0 0 0 0 1 0 ] P(G)=P(cluster8=0)[0.8] * P(cluster1=0|cluster2=0) * P(cluster9=0|cluster6=0) * P(cluster7=0|cluster10=1) * P(cluster10=1|cluster6=0) * P(cluster6=0|cluster2=0) * P(cluster2=0|cluster3=0) * P(cluster3=0|cluster8=0)[0.0131072]=0.0104858
binkey=128 [Edge status: 0 0 0 0 0 0 0 1 ] P(G)=P(cluster8=0)[0.8] * P(cluster1=0|cluster2=0) * P(cluster9=0|cluster6=0) * P(cluster7=1|cluster10=0) * P(cluster10=0|cluster6=0) * P(cluster6=0|cluster2=0) * P(cluster2=0|cluster3=0) * P(cluster3=0|cluster8=0)[0.0524288]=0.041943
binkey=32 [Edge status: 0 0 0 0 0 1 0 0 ] P(G)=P(cluster8=0)[0.8] * P(cluster1=0|cluster2=0) * P(cluster9=1|cluster6=0) * P(cluster7=0|cluster10=0) * P(cluster10=0|cluster6=0) * P(cluster6=0|cluster2=0) * P(cluster2=0|cluster3=0) * P(cluster3=0|cluster8=0)[0.0524288]=0.041943
binkey=4 [Edge status: 0 0 1 0 0 0 0 0 ] P(G)=P(cluster8=0)[0.8] * P(cluster1=0|cluster2=1) * P(cluster9=0|cluster6=0) * P(cluster7=0|cluster10=0) * P(cluster10=0|cluster6=0) * P(cluster6=0|cluster2=1) * P(cluster2=1|cluster3=0) * P(cluster3=0|cluster8=0)[0.0032768]=0.00262144
binkey=160 [Edge status: 0 0 0 0 0 1 0 1 ] P(G)=P(cluster8=0)[0.8] * P(cluster1=0|cluster2=0) * P(cluster9=1|cluster6=0) * P(cluster7=1|cluster10=0) * P(cluster10=0|cluster6=0) * P(cluster6=0|cluster2=0) * P(cluster2=0|cluster3=0) * P(cluster3=0|cluster8=0)[0.0131072]=0.0104858
binkey=8 [Edge status: 0 0 0 1 0 0 0 0 ] P(G)=P(cluster8=0)[0.8] * P(cluster1=1|cluster2=0) * P(cluster9=0|cluster6=0) * P(cluster7=0|cluster10=0) * P(cluster10=0|cluster6=0) * P(cluster6=0|cluster2=0) * P(cluster2=0|cluster3=0) * P(cluster3=0|cluster8=0)[0.0524288]=0.041943
binkey=1 [Edge status: 1 0 0 0 0 0 0 0 ] P(G)=P(cluster8=1)[0.2] * P(cluster1=0|cluster2=0) * P(cluster9=0|cluster6=0) * P(cluster7=0|cluster10=0) * P(cluster10=0|cluster6=0) * P(cluster6=0|cluster2=0) * P(cluster2=0|cluster3=0) * P(cluster3=0|cluster8=1)[0.0524288]=0.0104858
binkey=2 [Edge status: 0 1 0 0 0 0 0 0 ] P(G)=P(cluster8=0)[0.8] * P(cluster1=0|cluster2=0) * P(cluster9=0|cluster6=0) * P(cluster7=0|cluster10=0) * P(cluster10=0|cluster6=0) * P(cluster6=0|cluster2=0) * P(cluster2=0|cluster3=1) * P(cluster3=1|cluster8=0)[0.0131072]=0.0104858
binkey=7 [Edge status: 1 1 1 0 0 0 0 0 ] P(G)=P(cluster8=1)[0.2] * P(cluster1=0|cluster2=1) * P(cluster9=0|cluster6=0) * P(cluster7=0|cluster10=0) * P(cluster10=0|cluster6=0) * P(cluster6=0|cluster2=1) * P(cluster2=1|cluster3=1) * P(cluster3=1|cluster8=1)[0.0131072]=0.00262144
binkey=3 [Edge status: 1 1 0 0 0 0 0 0 ] P(G)=P(cluster8=1)[0.2] * P(cluster1=0|cluster2=0) * P(cluster9=0|cluster6=0) * P(cluster7=0|cluster10=0) * P(cluster10=0|cluster6=0) * P(cluster6=0|cluster2=0) * P(cluster2=0|cluster3=1) * P(cluster3=1|cluster8=1)[0.0524288]=0.0104858
binkey=192 [Edge status: 0 0 0 0 0 0 1 1 ] P(G)=P(cluster8=0)[0.8] * P(cluster1=0|cluster2=0) * P(cluster9=0|cluster6=0) * P(cluster7=1|cluster10=1) * P(cluster10=1|cluster6=0) * P(cluster6=0|cluster2=0) * P(cluster2=0|cluster3=0) * P(cluster3=0|cluster8=0)[0.0524288]=0.041943
binkey=23 [Edge status: 1 1 1 0 1 0 0 0 ] P(G)=P(cluster8=1)[0.2] * P(cluster1=0|cluster2=1) * P(cluster9=0|cluster6=1) * P(cluster7=0|cluster10=0) * P(cluster10=0|cluster6=1) * P(cluster6=1|cluster2=1) * P(cluster2=1|cluster3=1) * P(cluster3=1|cluster8=1)[0.0032768]=0.00065536
binkey=224 [Edge status: 0 0 0 0 0 1 1 1 ] P(G)=P(cluster8=0)[0.8] * P(cluster1=0|cluster2=0) * P(cluster9=1|cluster6=0) * P(cluster7=1|cluster10=1) * P(cluster10=1|cluster6=0) * P(cluster6=0|cluster2=0) * P(cluster2=0|cluster3=0) * P(cluster3=0|cluster8=0)[0.0131072]=0.0104858
binkey=136 [Edge status: 0 0 0 1 0 0 0 1 ] P(G)=P(cluster8=0)[0.8] * P(cluster1=1|cluster2=0) * P(cluster9=0|cluster6=0) * P(cluster7=1|cluster10=0) * P(cluster10=0|cluster6=0) * P(cluster6=0|cluster2=0) * P(cluster2=0|cluster3=0) * P(cluster3=0|cluster8=0)[0.0131072]=0.0104858
binkey=240 [Edge status: 0 0 0 0 1 1 1 1 ] P(G)=P(cluster8=0)[0.8] * P(cluster1=0|cluster2=0) * P(cluster9=1|cluster6=1) * P(cluster7=1|cluster10=1) * P(cluster10=1|cluster6=1) * P(cluster6=1|cluster2=0) * P(cluster2=0|cluster3=0) * P(cluster3=0|cluster8=0)[0.0524288]=0.041943
binkey=200 [Edge status: 0 0 0 1 0 0 1 1 ] P(G)=P(cluster8=0)[0.8] * P(cluster1=1|cluster2=0) * P(cluster9=0|cluster6=0) * P(cluster7=1|cluster10=1) * P(cluster10=1|cluster6=0) * P(cluster6=0|cluster2=0) * P(cluster2=0|cluster3=0) * P(cluster3=0|cluster8=0)[0.0131072]=0.0104858
binkey=40 [Edge status: 0 0 0 1 0 1 0 0 ] P(G)=P(cluster8=0)[0.8] * P(cluster1=1|cluster2=0) * P(cluster9=1|cluster6=0) * P(cluster7=0|cluster10=0) * P(cluster10=0|cluster6=0) * P(cluster6=0|cluster2=0) * P(cluster2=0|cluster3=0) * P(cluster3=0|cluster8=0)[0.0131072]=0.0104858
binkey=168 [Edge status: 0 0 0 1 0 1 0 1 ] P(G)=P(cluster8=0)[0.8] * P(cluster1=1|cluster2=0) * P(cluster9=1|cluster6=0) * P(cluster7=1|cluster10=0) * P(cluster10=0|cluster6=0) * P(cluster6=0|cluster2=0) * P(cluster2=0|cluster3=0) * P(cluster3=0|cluster8=0)[0.0032768]=0.00262144
binkey=55 [Edge status: 1 1 1 0 1 1 0 0 ] P(G)=P(cluster8=1)[0.2] * P(cluster1=0|cluster2=1) * P(cluster9=1|cluster6=1) * P(cluster7=0|cluster10=0) * P(cluster10=0|cluster6=1) * P(cluster6=1|cluster2=1) * P(cluster2=1|cluster3=1) * P(cluster3=1|cluster8=1)[0.0131072]=0.00262144
binkey=223 [Edge status: 1 1 1 1 1 0 1 1 ] P(G)=P(cluster8=1)[0.2] * P(cluster1=1|cluster2=1) * P(cluster9=0|cluster6=1) * P(cluster7=1|cluster10=1) * P(cluster10=1|cluster6=1) * P(cluster6=1|cluster2=1) * P(cluster2=1|cluster3=1) * P(cluster3=1|cluster8=1)[0.0524288]=0.0104858
binkey=95 [Edge status: 1 1 1 1 1 0 1 0 ] P(G)=P(cluster8=1)[0.2] * P(cluster1=1|cluster2=1) * P(cluster9=0|cluster6=1) * P(cluster7=0|cluster10=1) * P(cluster10=1|cluster6=1) * P(cluster6=1|cluster2=1) * P(cluster2=1|cluster3=1) * P(cluster3=1|cluster8=1)[0.0131072]=0.00262144
binkey=215 [Edge status: 1 1 1 0 1 0 1 1 ] P(G)=P(cluster8=1)[0.2] * P(cluster1=0|cluster2=1) * P(cluster9=0|cluster6=1) * P(cluster7=1|cluster10=1) * P(cluster10=1|cluster6=1) * P(cluster6=1|cluster2=1) * P(cluster2=1|cluster3=1) * P(cluster3=1|cluster8=1)[0.0131072]=0.00262144
binkey=87 [Edge status: 1 1 1 0 1 0 1 0 ] P(G)=P(cluster8=1)[0.2] * P(cluster1=0|cluster2=1) * P(cluster9=0|cluster6=1) * P(cluster7=0|cluster10=1) * P(cluster10=1|cluster6=1) * P(cluster6=1|cluster2=1) * P(cluster2=1|cluster3=1) * P(cluster3=1|cluster8=1)[0.0032768]=0.00065536
binkey=31 [Edge status: 1 1 1 1 1 0 0 0 ] P(G)=P(cluster8=1)[0.2] * P(cluster1=1|cluster2=1) * P(cluster9=0|cluster6=1) * P(cluster7=0|cluster10=0) * P(cluster10=0|cluster6=1) * P(cluster6=1|cluster2=1) * P(cluster2=1|cluster3=1) * P(cluster3=1|cluster8=1)[0.0131072]=0.00262144
binkey=15 [Edge status: 1 1 1 1 0 0 0 0 ] P(G)=P(cluster8=1)[0.2] * P(cluster1=1|cluster2=1) * P(cluster9=0|cluster6=0) * P(cluster7=0|cluster10=0) * P(cluster10=0|cluster6=0) * P(cluster6=0|cluster2=1) * P(cluster2=1|cluster3=1) * P(cluster3=1|cluster8=1)[0.0524288]=0.0104858
binkey=232 [Edge status: 0 0 0 1 0 1 1 1 ] P(G)=P(cluster8=0)[0.8] * P(cluster1=1|cluster2=0) * P(cluster9=1|cluster6=0) * P(cluster7=1|cluster10=1) * P(cluster10=1|cluster6=0) * P(cluster6=0|cluster2=0) * P(cluster2=0|cluster3=0) * P(cluster3=0|cluster8=0)[0.0032768]=0.00262144
binkey=248 [Edge status: 0 0 0 1 1 1 1 1 ] P(G)=P(cluster8=0)[0.8] * P(cluster1=1|cluster2=0) * P(cluster9=1|cluster6=1) * P(cluster7=1|cluster10=1) * P(cluster10=1|cluster6=1) * P(cluster6=1|cluster2=0) * P(cluster2=0|cluster3=0) * P(cluster3=0|cluster8=0)[0.0131072]=0.0104858
ITERATION 0 newScore=-2.65696e+06 diffscore=15646.8 priorChange=-106.745 successMove=55
ITERATION 1 newScore=-2.64818e+06 diffscore=8782.95 priorChange=-112.29 successMove=57
ITERATION 2 newScore=-2.64376e+06 diffscore=4422.48 priorChange=-123.38 successMove=57
ITERATION 3 newScore=-2.63416e+06 diffscore=9598.82 priorChange=-108.131 successMove=56
ITERATION 4 newScore=-2.63213e+06 diffscore=2024.7 priorChange=-116.449 successMove=53
binkey=252 [Edge status: 0 0 1 1 1 1 1 1 ] P(G)=P(cluster8=0)[0.8] * P(cluster1=1|cluster2=1) * P(cluster9=1|cluster6=1) * P(cluster7=1|cluster10=1) * P(cluster10=1|cluster6=1) * P(cluster6=1|cluster2=1) * P(cluster2=1|cluster3=0) * P(cluster3=0|cluster8=0)[0.0524288]=0.041943
binkey=254 [Edge status: 0 1 1 1 1 1 1 1 ] P(G)=P(cluster8=0)[0.8] * P(cluster1=1|cluster2=1) * P(cluster9=1|cluster6=1) * P(cluster7=1|cluster10=1) * P(cluster10=1|cluster6=1) * P(cluster6=1|cluster2=1) * P(cluster2=1|cluster3=1) * P(cluster3=1|cluster8=0)[0.0524288]=0.041943
binkey=255 [Edge status: 1 1 1 1 1 1 1 1 ] P(G)=P(cluster8=1)[0.2] * P(cluster1=1|cluster2=1) * P(cluster9=1|cluster6=1) * P(cluster7=1|cluster10=1) * P(cluster10=1|cluster6=1) * P(cluster6=1|cluster2=1) * P(cluster2=1|cluster3=1) * P(cluster3=1|cluster8=1)[0.209715]=0.041943
binkey=127 [Edge status: 1 1 1 1 1 1 1 0 ] P(G)=P(cluster8=1)[0.2] * P(cluster1=1|cluster2=1) * P(cluster9=1|cluster6=1) * P(cluster7=0|cluster10=1) * P(cluster10=1|cluster6=1) * P(cluster6=1|cluster2=1) * P(cluster2=1|cluster3=1) * P(cluster3=1|cluster8=1)[0.0524288]=0.0104858
binkey=247 [Edge status: 1 1 1 0 1 1 1 1 ] P(G)=P(cluster8=1)[0.2] * P(cluster1=0|cluster2=1) * P(cluster9=1|cluster6=1) * P(cluster7=1|cluster10=1) * P(cluster10=1|cluster6=1) * P(cluster6=1|cluster2=1) * P(cluster2=1|cluster3=1) * P(cluster3=1|cluster8=1)[0.0524288]=0.0104858
binkey=119 [Edge status: 1 1 1 0 1 1 1 0 ] P(G)=P(cluster8=1)[0.2] * P(cluster1=0|cluster2=1) * P(cluster9=1|cluster6=1) * P(cluster7=0|cluster10=1) * P(cluster10=1|cluster6=1) * P(cluster6=1|cluster2=1) * P(cluster2=1|cluster3=1) * P(cluster3=1|cluster8=1)[0.0131072]=0.00262144
binkey=63 [Edge status: 1 1 1 1 1 1 0 0 ] P(G)=P(cluster8=1)[0.2] * P(cluster1=1|cluster2=1) * P(cluster9=1|cluster6=1) * P(cluster7=0|cluster10=0) * P(cluster10=0|cluster6=1) * P(cluster6=1|cluster2=1) * P(cluster2=1|cluster3=1) * P(cluster3=1|cluster8=1)[0.0524288]=0.0104858
ITERATION 5 newScore=-2.6281e+06 diffscore=4031.43 priorChange=-113.676 successMove=60
ITERATION 6 newScore=-2.62318e+06 diffscore=4923.18 priorChange=-112.29 successMove=51
ITERATION 7 newScore=-2.62058e+06 diffscore=2596.54 priorChange=-108.131 successMove=50
ITERATION 8 newScore=-2.61725e+06 diffscore=3333.68 priorChange=-115.062 successMove=54
ITERATION 9 newScore=-2.61279e+06 diffscore=4452.25 priorChange=-126.153 successMove=51
ITERATION 10 newScore=-2.60777e+06 diffscore=5022.61 priorChange=-117.835 successMove=50
ITERATION 11 newScore=-2.60552e+06 diffscore=2255.18 priorChange=-127.539 successMove=55
ITERATION 12 newScore=-2.60335e+06 diffscore=2167.63 priorChange=-116.449 successMove=49
ITERATION 13 newScore=-2.60266e+06 diffscore=685.407 priorChange=-119.221 successMove=50
ITERATION 14 newScore=-2.60126e+06 diffscore=1406.82 priorChange=-109.517 successMove=50
ITERATION 15 newScore=-2.59533e+06 diffscore=5927.71 priorChange=-112.29 successMove=49
ITERATION 16 newScore=-2.59468e+06 diffscore=650.068 priorChange=-110.904 successMove=49
ITERATION 17 newScore=-2.59227e+06 diffscore=2411.59 priorChange=-110.904 successMove=50
ITERATION 18 newScore=-2.59031e+06 diffscore=1953.83 priorChange=-98.4269 successMove=52
ITERATION 19 newScore=-2.58849e+06 diffscore=1826.48 priorChange=-103.972 successMove=51
ITERATION 20 newScore=-2.58792e+06 diffscore=568.053 priorChange=-119.221 successMove=49
ITERATION 21 newScore=-2.58718e+06 diffscore=743.962 priorChange=-119.221 successMove=53
ITERATION 22 newScore=-2.58492e+06 diffscore=2251.65 priorChange=-115.062 successMove=49
ITERATION 23 newScore=-2.58069e+06 diffscore=4230.88 priorChange=-119.221 successMove=49
ITERATION 24 newScore=-2.57902e+06 diffscore=1667.98 priorChange=-119.221 successMove=51
ITERATION 25 newScore=-2.57858e+06 diffscore=446.095 priorChange=-113.676 successMove=50
ITERATION 26 newScore=-2.57587e+06 diffscore=2706.69 priorChange=-110.904 successMove=49
ITERATION 27 newScore=-2.57409e+06 diffscore=1783.24 priorChange=-105.358 successMove=49
ITERATION 28 newScore=-2.57285e+06 diffscore=1240.74 priorChange=-110.904 successMove=49
ITERATION 29 newScore=-2.57248e+06 diffscore=368.322 priorChange=-102.586 successMove=49
ITERATION 30 newScore=-2.57206e+06 diffscore=424.303 priorChange=-110.904 successMove=48
ITERATION 31 newScore=-2.5693e+06 diffscore=2756.93 priorChange=-95.6543 successMove=47
ITERATION 32 newScore=-2.56879e+06 diffscore=511.687 priorChange=-92.8817 successMove=49
ITERATION 33 newScore=-2.56708e+06 diffscore=1703.86 priorChange=-99.8132 successMove=47
ITERATION 34 newScore=-2.56653e+06 diffscore=555.292 priorChange=-103.972 successMove=47
ITERATION 35 newScore=-2.56507e+06 diffscore=1462.31 priorChange=-101.199 successMove=47
ITERATION 36 newScore=-2.56387e+06 diffscore=1196.51 priorChange=-98.4269 successMove=45
ITERATION 37 newScore=-2.56255e+06 diffscore=1320.29 priorChange=-98.4269 successMove=47
ITERATION 38 newScore=-2.56145e+06 diffscore=1102.54 priorChange=-103.972 successMove=45
ITERATION 39 newScore=-2.5598e+06 diffscore=1647.33 priorChange=-102.586 successMove=46
ITERATION 40 newScore=-2.55836e+06 diffscore=1437.11 priorChange=-88.7228 successMove=45
ITERATION 41 newScore=-2.55512e+06 diffscore=3236.96 priorChange=-90.1091 successMove=44
ITERATION 42 newScore=-2.55407e+06 diffscore=1049.76 priorChange=-95.6543 successMove=45
ITERATION 43 newScore=-2.55307e+06 diffscore=1008.53 priorChange=-91.4954 successMove=45
ITERATION 44 newScore=-2.55035e+06 diffscore=2711.13 priorChange=-105.358 successMove=43
ITERATION 45 newScore=-2.55009e+06 diffscore=263.999 priorChange=-95.6543 successMove=43
ITERATION 46 newScore=-2.5486e+06 diffscore=1486.72 priorChange=-81.7914 successMove=42
ITERATION 47 newScore=-2.54839e+06 diffscore=211.376 priorChange=-69.3147 successMove=43
ITERATION 48 newScore=-2.54774e+06 diffscore=651.992 priorChange=-88.7228 successMove=42
ITERATION 49 newScore=-2.54683e+06 diffscore=909.644 priorChange=-79.0188 successMove=40
ITERATION 50 newScore=-2.54664e+06 diffscore=191.192 priorChange=-69.3147 successMove=39
ITERATION 51 newScore=-2.54645e+06 diffscore=192.477 priorChange=-60.997 successMove=38
ITERATION 52 newScore=-2.54617e+06 diffscore=280.12 priorChange=-79.0188 successMove=37
ITERATION 53 newScore=-2.54595e+06 diffscore=217.036 priorChange=-77.6325 successMove=36
ITERATION 54 newScore=-2.5457e+06 diffscore=246.018 priorChange=-74.8599 successMove=35
ITERATION 55 newScore=-2.54549e+06 diffscore=215.256 priorChange=-69.3147 successMove=33
ITERATION 56 newScore=-2.54529e+06 diffscore=202.445 priorChange=-63.7695 successMove=33
ITERATION 57 newScore=-2.54403e+06 diffscore=1252.83 priorChange=-70.701 successMove=33
ITERATION 58 newScore=-2.54384e+06 diffscore=190.715 priorChange=-66.5421 successMove=30
ITERATION 59 newScore=-2.54362e+06 diffscore=223.87 priorChange=-54.0655 successMove=30
ITERATION 60 newScore=-2.54338e+06 diffscore=237.848 priorChange=-55.4518 successMove=30
ITERATION 61 newScore=-2.54253e+06 diffscore=851.555 priorChange=-58.2244 successMove=28
ITERATION 62 newScore=-2.54231e+06 diffscore=216.307 priorChange=-54.0655 successMove=28
ITERATION 63 newScore=-2.54209e+06 diffscore=224.578 priorChange=-60.997 successMove=27
ITERATION 64 newScore=-2.53919e+06 diffscore=2896.31 priorChange=-48.5203 successMove=26
ITERATION 65 newScore=-2.53894e+06 diffscore=255.978 priorChange=-38.8162 successMove=25
ITERATION 66 newScore=-2.53753e+06 diffscore=1409.07 priorChange=-44.3614 successMove=25
ITERATION 67 newScore=-2.53655e+06 diffscore=976.486 priorChange=-36.0437 successMove=24
ITERATION 68 newScore=-2.53631e+06 diffscore=239.433 priorChange=-42.9751 successMove=24
ITERATION 69 newScore=-2.53576e+06 diffscore=555.871 priorChange=-51.2929 successMove=22
ITERATION 70 newScore=-2.53423e+06 diffscore=1530.14 priorChange=-45.7477 successMove=22
ITERATION 71 newScore=-2.53327e+06 diffscore=956.725 priorChange=-48.5203 successMove=22
ITERATION 72 newScore=-2.53308e+06 diffscore=191.068 priorChange=-51.2929 successMove=22
ITERATION 73 newScore=-2.53237e+06 diffscore=709.581 priorChange=-52.6792 successMove=22
ITERATION 74 newScore=-2.53225e+06 diffscore=121.83 priorChange=-52.6792 successMove=22
ITERATION 75 newScore=-2.53211e+06 diffscore=135.624 priorChange=-41.5888 successMove=22
ITERATION 76 newScore=-2.53199e+06 diffscore=119.127 priorChange=-51.2929 successMove=21
ITERATION 77 newScore=-2.53188e+06 diffscore=108.527 priorChange=-45.7477 successMove=20
ITERATION 78 newScore=-2.53177e+06 diffscore=117.017 priorChange=-41.5888 successMove=21
ITERATION 79 newScore=-2.53164e+06 diffscore=121.449 priorChange=-34.6574 successMove=17
ITERATION 80 newScore=-2.53154e+06 diffscore=107.127 priorChange=-33.2711 successMove=17
ITERATION 81 newScore=-2.5314e+06 diffscore=133.24 priorChange=-41.5888 successMove=17
ITERATION 82 newScore=-2.53129e+06 diffscore=110.866 priorChange=-23.567 successMove=17
ITERATION 83 newScore=-2.53121e+06 diffscore=79.0655 priorChange=-30.4985 successMove=17
ITERATION 84 newScore=-2.53113e+06 diffscore=88.9145 priorChange=-36.0437 successMove=16
ITERATION 85 newScore=-2.53103e+06 diffscore=92.5161 priorChange=-29.1122 successMove=16
ITERATION 86 newScore=-2.52955e+06 diffscore=1487.4 priorChange=-24.9533 successMove=14
ITERATION 87 newScore=-2.52948e+06 diffscore=67.3729 priorChange=-23.567 successMove=15
ITERATION 88 newScore=-2.52938e+06 diffscore=96.1481 priorChange=-29.1122 successMove=15
ITERATION 89 newScore=-2.52932e+06 diffscore=65.799 priorChange=-24.9533 successMove=14
ITERATION 90 newScore=-2.52923e+06 diffscore=83.6471 priorChange=-27.7259 successMove=14
ITERATION 91 newScore=-2.52845e+06 diffscore=787.423 priorChange=-29.1122 successMove=13
ITERATION 92 newScore=-2.52804e+06 diffscore=409.543 priorChange=-22.1807 successMove=13
ITERATION 93 newScore=-2.52798e+06 diffscore=57.707 priorChange=-29.1122 successMove=12
ITERATION 94 newScore=-2.52793e+06 diffscore=50.9415 priorChange=-22.1807 successMove=13
ITERATION 95 newScore=-2.52788e+06 diffscore=47.23 priorChange=-19.4081 successMove=11
ITERATION 96 newScore=-2.52781e+06 diffscore=67.8864 priorChange=-23.567 successMove=10
ITERATION 97 newScore=-2.52774e+06 diffscore=75.2978 priorChange=-19.4081 successMove=10
ITERATION 98 newScore=-2.52769e+06 diffscore=43.5412 priorChange=-19.4081 successMove=9
ITERATION 99 newScore=-2.52757e+06 diffscore=123.388 priorChange=-19.4081 successMove=8
MetaLearner::dumpAllGraphs
Final Score -2.52757e+06
MetaLearner::start runtime: 1488143035 ms
Results/
Results/cluster9/
Results/cluster9/fold0/
Results/cluster9/fold0/var_mb_pw_k50.txt
Results/cluster9/fold0/modelparams.txt
Results/cluster6/
Results/cluster6/fold0/
Results/cluster6/fold0/var_mb_pw_k50.txt
Results/cluster6/fold0/modelparams.txt
Results/cluster1/
Results/cluster1/fold0/
Results/cluster1/fold0/var_mb_pw_k50.txt
Results/cluster1/fold0/modelparams.txt
Results/cluster8/
Results/cluster8/fold0/
Results/cluster8/fold0/var_mb_pw_k50.txt
Results/cluster8/fold0/modelparams.txt
Results/cluster8/scoreFile.txt
Results/cluster10/
Results/cluster10/fold0/
Results/cluster10/fold0/var_mb_pw_k50.txt
Results/cluster10/fold0/modelparams.txt
Results/cluster3/
Results/cluster3/fold0/
Results/cluster3/fold0/var_mb_pw_k50.txt
Results/cluster3/fold0/modelparams.txt
Results/cluster7/
Results/cluster7/fold0/
Results/cluster7/fold0/var_mb_pw_k50.txt
Results/cluster7/fold0/modelparams.txt
Results/cluster2/
Results/cluster2/fold0/
Results/cluster2/fold0/var_mb_pw_k50.txt
Results/cluster2/fold0/modelparams.txt
