./CVN -f config_condor.txt -x50 -v1 -l TFs_OGs.txt -n AllGenes213.txt -d celltype_tree_ancestor.txt -m testdata_ogids.txt -s celltype_order.txt -p 0.2 -c yes -b -4 -q 4
(cluster3|cluster8) p_maintain_edge=0.8 p_gain=0.2
(cluster2|cluster3) p_maintain_edge=0.8 p_gain=0.2
(cluster1|cluster2) p_maintain_edge=0.8 p_gain=0.2
(cluster6|cluster2) p_maintain_edge=0.8 p_gain=0.2
(cluster9|cluster6) p_maintain_edge=0.8 p_gain=0.2
(cluster10|cluster6) p_maintain_edge=0.8 p_gain=0.2
(cluster7|cluster10) p_maintain_edge=0.8 p_gain=0.2
speciesSet.size()=8 Root is cluster8
MappedOrthogroupReader::readSpeciesMapping() --- celltype_order.txt
MappedOrthogroupReader::readFile - testdata_ogids.txt
MappedOrthogroupReader::generateGeneOrthoMap()
MetaLearner::init_onefold() read:config_condor.txt
MetaLearner::setinputVariableNames number of variables: 2038
readEvidenceTable:cluster8.table
PotentialManager::loadEvidenceFromTable varCount=2038 sampleCount=348
motifNetwork.size() = 319
0=cluster8 motifNetwork=cluster8_network.txt
variable size=2038
readEvidenceTable:cluster3.table
PotentialManager::loadEvidenceFromTable varCount=2038 sampleCount=95
motifNetwork.size() = 326
1=cluster3 motifNetwork=cluster3_network.txt
variable size=2038
readEvidenceTable:cluster2.table
PotentialManager::loadEvidenceFromTable varCount=2038 sampleCount=386
motifNetwork.size() = 328
2=cluster2 motifNetwork=cluster2_network.txt
variable size=2038
readEvidenceTable:cluster1.table
PotentialManager::loadEvidenceFromTable varCount=2038 sampleCount=36
motifNetwork.size() = 322
3=cluster1 motifNetwork=cluster1_network.txt
variable size=2038
readEvidenceTable:cluster6.table
PotentialManager::loadEvidenceFromTable varCount=2038 sampleCount=524
motifNetwork.size() = 320
4=cluster6 motifNetwork=cluster6_network.txt
variable size=2038
readEvidenceTable:cluster9.table
PotentialManager::loadEvidenceFromTable varCount=2038 sampleCount=184
motifNetwork.size() = 327
5=cluster9 motifNetwork=cluster9_network.txt
variable size=2038
readEvidenceTable:cluster10.table
PotentialManager::loadEvidenceFromTable varCount=2038 sampleCount=165
motifNetwork.size() = 326
6=cluster10 motifNetwork=cluster10_network.txt
variable size=2038
readEvidenceTable:cluster7.table
PotentialManager::loadEvidenceFromTable varCount=2038 sampleCount=1032
motifNetwork.size() = 320
7=cluster7 motifNetwork=cluster7_network.txt
variable size=2038
-------------------------------------------------------------
MetaLearner::start
precomputeEmptyGraphPrior
binkey=0 [Edge status: 0 0 0 0 0 0 0 0 ] P(G)=P(cluster8=0)[0.8] * P(cluster1=0|cluster2=0) * P(cluster9=0|cluster6=0) * P(cluster7=0|cluster10=0) * P(cluster10=0|cluster6=0) * P(cluster6=0|cluster2=0) * P(cluster2=0|cluster3=0) * P(cluster3=0|cluster8=0)[0.209715]=0.167772
condsetMap_Tree
0 cluster8=0 cluster3=0 cluster2=0 cluster1=0 cluster6=0 cluster9=0 cluster10=0 cluster7=1
1 cluster8=0 cluster3=0 cluster2=0 cluster1=0 cluster6=0 cluster9=1 cluster10=0 cluster7=0
2 cluster8=0 cluster3=0 cluster2=0 cluster1=0 cluster6=0 cluster9=1 cluster10=0 cluster7=1
3 cluster8=0 cluster3=0 cluster2=0 cluster1=1 cluster6=0 cluster9=0 cluster10=0 cluster7=0
4 cluster8=0 cluster3=0 cluster2=0 cluster1=1 cluster6=0 cluster9=0 cluster10=0 cluster7=1
5 cluster8=0 cluster3=0 cluster2=0 cluster1=1 cluster6=0 cluster9=1 cluster10=0 cluster7=0
6 cluster8=0 cluster3=0 cluster2=0 cluster1=1 cluster6=0 cluster9=1 cluster10=0 cluster7=1
7 cluster8=0 cluster3=0 cluster2=0 cluster1=0 cluster6=0 cluster9=0 cluster10=1 cluster7=1
8 cluster8=0 cluster3=0 cluster2=0 cluster1=0 cluster6=0 cluster9=1 cluster10=1 cluster7=1
9 cluster8=0 cluster3=0 cluster2=0 cluster1=1 cluster6=0 cluster9=0 cluster10=1 cluster7=1
10 cluster8=0 cluster3=0 cluster2=0 cluster1=1 cluster6=0 cluster9=1 cluster10=1 cluster7=1
11 cluster8=0 cluster3=0 cluster2=0 cluster1=0 cluster6=1 cluster9=1 cluster10=1 cluster7=1
12 cluster8=0 cluster3=0 cluster2=0 cluster1=1 cluster6=1 cluster9=1 cluster10=1 cluster7=1
13 cluster8=0 cluster3=0 cluster2=1 cluster1=1 cluster6=1 cluster9=1 cluster10=1 cluster7=1
14 cluster8=0 cluster3=1 cluster2=1 cluster1=1 cluster6=1 cluster9=1 cluster10=1 cluster7=1
15 cluster8=1 cluster3=1 cluster2=1 cluster1=1 cluster6=1 cluster9=1 cluster10=1 cluster7=1
16 cluster8=1 cluster3=1 cluster2=1 cluster1=1 cluster6=1 cluster9=1 cluster10=1 cluster7=0
17 cluster8=1 cluster3=1 cluster2=1 cluster1=1 cluster6=1 cluster9=0 cluster10=1 cluster7=1
18 cluster8=1 cluster3=1 cluster2=1 cluster1=1 cluster6=1 cluster9=0 cluster10=1 cluster7=0
19 cluster8=1 cluster3=1 cluster2=1 cluster1=0 cluster6=1 cluster9=1 cluster10=1 cluster7=1
20 cluster8=1 cluster3=1 cluster2=1 cluster1=0 cluster6=1 cluster9=1 cluster10=1 cluster7=0
21 cluster8=1 cluster3=1 cluster2=1 cluster1=0 cluster6=1 cluster9=0 cluster10=1 cluster7=1
22 cluster8=1 cluster3=1 cluster2=1 cluster1=0 cluster6=1 cluster9=0 cluster10=1 cluster7=0
23 cluster8=1 cluster3=1 cluster2=1 cluster1=1 cluster6=1 cluster9=1 cluster10=0 cluster7=0
24 cluster8=1 cluster3=1 cluster2=1 cluster1=1 cluster6=1 cluster9=0 cluster10=0 cluster7=0
25 cluster8=1 cluster3=1 cluster2=1 cluster1=0 cluster6=1 cluster9=1 cluster10=0 cluster7=0
26 cluster8=1 cluster3=1 cluster2=1 cluster1=0 cluster6=1 cluster9=0 cluster10=0 cluster7=0
27 cluster8=1 cluster3=1 cluster2=1 cluster1=1 cluster6=0 cluster9=0 cluster10=0 cluster7=0
28 cluster8=1 cluster3=1 cluster2=1 cluster1=0 cluster6=0 cluster9=0 cluster10=0 cluster7=0
29 cluster8=1 cluster3=1 cluster2=0 cluster1=0 cluster6=0 cluster9=0 cluster10=0 cluster7=0
30 cluster8=1 cluster3=0 cluster2=0 cluster1=0 cluster6=0 cluster9=0 cluster10=0 cluster7=0
31 cluster8=0 cluster3=0 cluster2=0 cluster1=0 cluster6=1 cluster9=0 cluster10=0 cluster7=0
32 cluster8=0 cluster3=0 cluster2=1 cluster1=0 cluster6=0 cluster9=0 cluster10=0 cluster7=0
33 cluster8=0 cluster3=0 cluster2=0 cluster1=0 cluster6=0 cluster9=0 cluster10=1 cluster7=0
34 cluster8=0 cluster3=1 cluster2=0 cluster1=0 cluster6=0 cluster9=0 cluster10=0 cluster7=0
inputRegulatorOGs.size() = 1999 inputOGList.size() = 50
binkey=32 [Edge status: 0 0 0 0 0 1 0 0 ] P(G)=P(cluster8=0)[0.8] * P(cluster1=0|cluster2=0) * P(cluster9=1|cluster6=0) * P(cluster7=0|cluster10=0) * P(cluster10=0|cluster6=0) * P(cluster6=0|cluster2=0) * P(cluster2=0|cluster3=0) * P(cluster3=0|cluster8=0)[0.0524288]=0.041943
binkey=2 [Edge status: 0 1 0 0 0 0 0 0 ] P(G)=P(cluster8=0)[0.8] * P(cluster1=0|cluster2=0) * P(cluster9=0|cluster6=0) * P(cluster7=0|cluster10=0) * P(cluster10=0|cluster6=0) * P(cluster6=0|cluster2=0) * P(cluster2=0|cluster3=1) * P(cluster3=1|cluster8=0)[0.0131072]=0.0104858
binkey=4 [Edge status: 0 0 1 0 0 0 0 0 ] P(G)=P(cluster8=0)[0.8] * P(cluster1=0|cluster2=1) * P(cluster9=0|cluster6=0) * P(cluster7=0|cluster10=0) * P(cluster10=0|cluster6=0) * P(cluster6=0|cluster2=1) * P(cluster2=1|cluster3=0) * P(cluster3=0|cluster8=0)[0.0032768]=0.00262144
binkey=128 [Edge status: 0 0 0 0 0 0 0 1 ] P(G)=P(cluster8=0)[0.8] * P(cluster1=0|cluster2=0) * P(cluster9=0|cluster6=0) * P(cluster7=1|cluster10=0) * P(cluster10=0|cluster6=0) * P(cluster6=0|cluster2=0) * P(cluster2=0|cluster3=0) * P(cluster3=0|cluster8=0)[0.0524288]=0.041943
binkey=1 [Edge status: 1 0 0 0 0 0 0 0 ] P(G)=P(cluster8=1)[0.2] * P(cluster1=0|cluster2=0) * P(cluster9=0|cluster6=0) * P(cluster7=0|cluster10=0) * P(cluster10=0|cluster6=0) * P(cluster6=0|cluster2=0) * P(cluster2=0|cluster3=0) * P(cluster3=0|cluster8=1)[0.0524288]=0.0104858
binkey=8 [Edge status: 0 0 0 1 0 0 0 0 ] P(G)=P(cluster8=0)[0.8] * P(cluster1=1|cluster2=0) * P(cluster9=0|cluster6=0) * P(cluster7=0|cluster10=0) * P(cluster10=0|cluster6=0) * P(cluster6=0|cluster2=0) * P(cluster2=0|cluster3=0) * P(cluster3=0|cluster8=0)[0.0524288]=0.041943
binkey=160 [Edge status: 0 0 0 0 0 1 0 1 ] P(G)=P(cluster8=0)[0.8] * P(cluster1=0|cluster2=0) * P(cluster9=1|cluster6=0) * P(cluster7=1|cluster10=0) * P(cluster10=0|cluster6=0) * P(cluster6=0|cluster2=0) * P(cluster2=0|cluster3=0) * P(cluster3=0|cluster8=0)[0.0131072]=0.0104858
binkey=16 [Edge status: 0 0 0 0 1 0 0 0 ] P(G)=P(cluster8=0)[0.8] * P(cluster1=0|cluster2=0) * P(cluster9=0|cluster6=1) * P(cluster7=0|cluster10=0) * P(cluster10=0|cluster6=1) * P(cluster6=1|cluster2=0) * P(cluster2=0|cluster3=0) * P(cluster3=0|cluster8=0)[0.0032768]=0.00262144
binkey=64 [Edge status: 0 0 0 0 0 0 1 0 ] P(G)=P(cluster8=0)[0.8] * P(cluster1=0|cluster2=0) * P(cluster9=0|cluster6=0) * P(cluster7=0|cluster10=1) * P(cluster10=1|cluster6=0) * P(cluster6=0|cluster2=0) * P(cluster2=0|cluster3=0) * P(cluster3=0|cluster8=0)[0.0131072]=0.0104858
binkey=40 [Edge status: 0 0 0 1 0 1 0 0 ] P(G)=P(cluster8=0)[0.8] * P(cluster1=1|cluster2=0) * P(cluster9=1|cluster6=0) * P(cluster7=0|cluster10=0) * P(cluster10=0|cluster6=0) * P(cluster6=0|cluster2=0) * P(cluster2=0|cluster3=0) * P(cluster3=0|cluster8=0)[0.0131072]=0.0104858
binkey=192 [Edge status: 0 0 0 0 0 0 1 1 ] P(G)=P(cluster8=0)[0.8] * P(cluster1=0|cluster2=0) * P(cluster9=0|cluster6=0) * P(cluster7=1|cluster10=1) * P(cluster10=1|cluster6=0) * P(cluster6=0|cluster2=0) * P(cluster2=0|cluster3=0) * P(cluster3=0|cluster8=0)[0.0524288]=0.041943
binkey=136 [Edge status: 0 0 0 1 0 0 0 1 ] P(G)=P(cluster8=0)[0.8] * P(cluster1=1|cluster2=0) * P(cluster9=0|cluster6=0) * P(cluster7=1|cluster10=0) * P(cluster10=0|cluster6=0) * P(cluster6=0|cluster2=0) * P(cluster2=0|cluster3=0) * P(cluster3=0|cluster8=0)[0.0131072]=0.0104858
binkey=224 [Edge status: 0 0 0 0 0 1 1 1 ] P(G)=P(cluster8=0)[0.8] * P(cluster1=0|cluster2=0) * P(cluster9=1|cluster6=0) * P(cluster7=1|cluster10=1) * P(cluster10=1|cluster6=0) * P(cluster6=0|cluster2=0) * P(cluster2=0|cluster3=0) * P(cluster3=0|cluster8=0)[0.0131072]=0.0104858
binkey=215 [Edge status: 1 1 1 0 1 0 1 1 ] P(G)=P(cluster8=1)[0.2] * P(cluster1=0|cluster2=1) * P(cluster9=0|cluster6=1) * P(cluster7=1|cluster10=1) * P(cluster10=1|cluster6=1) * P(cluster6=1|cluster2=1) * P(cluster2=1|cluster3=1) * P(cluster3=1|cluster8=1)[0.0131072]=0.00262144
binkey=87 [Edge status: 1 1 1 0 1 0 1 0 ] P(G)=P(cluster8=1)[0.2] * P(cluster1=0|cluster2=1) * P(cluster9=0|cluster6=1) * P(cluster7=0|cluster10=1) * P(cluster10=1|cluster6=1) * P(cluster6=1|cluster2=1) * P(cluster2=1|cluster3=1) * P(cluster3=1|cluster8=1)[0.0032768]=0.00065536
binkey=23 [Edge status: 1 1 1 0 1 0 0 0 ] P(G)=P(cluster8=1)[0.2] * P(cluster1=0|cluster2=1) * P(cluster9=0|cluster6=1) * P(cluster7=0|cluster10=0) * P(cluster10=0|cluster6=1) * P(cluster6=1|cluster2=1) * P(cluster2=1|cluster3=1) * P(cluster3=1|cluster8=1)[0.0032768]=0.00065536
binkey=7 [Edge status: 1 1 1 0 0 0 0 0 ] P(G)=P(cluster8=1)[0.2] * P(cluster1=0|cluster2=1) * P(cluster9=0|cluster6=0) * P(cluster7=0|cluster10=0) * P(cluster10=0|cluster6=0) * P(cluster6=0|cluster2=1) * P(cluster2=1|cluster3=1) * P(cluster3=1|cluster8=1)[0.0131072]=0.00262144
binkey=3 [Edge status: 1 1 0 0 0 0 0 0 ] P(G)=P(cluster8=1)[0.2] * P(cluster1=0|cluster2=0) * P(cluster9=0|cluster6=0) * P(cluster7=0|cluster10=0) * P(cluster10=0|cluster6=0) * P(cluster6=0|cluster2=0) * P(cluster2=0|cluster3=1) * P(cluster3=1|cluster8=1)[0.0524288]=0.0104858
binkey=200 [Edge status: 0 0 0 1 0 0 1 1 ] P(G)=P(cluster8=0)[0.8] * P(cluster1=1|cluster2=0) * P(cluster9=0|cluster6=0) * P(cluster7=1|cluster10=1) * P(cluster10=1|cluster6=0) * P(cluster6=0|cluster2=0) * P(cluster2=0|cluster3=0) * P(cluster3=0|cluster8=0)[0.0131072]=0.0104858
binkey=168 [Edge status: 0 0 0 1 0 1 0 1 ] P(G)=P(cluster8=0)[0.8] * P(cluster1=1|cluster2=0) * P(cluster9=1|cluster6=0) * P(cluster7=1|cluster10=0) * P(cluster10=0|cluster6=0) * P(cluster6=0|cluster2=0) * P(cluster2=0|cluster3=0) * P(cluster3=0|cluster8=0)[0.0032768]=0.00262144
binkey=240 [Edge status: 0 0 0 0 1 1 1 1 ] P(G)=P(cluster8=0)[0.8] * P(cluster1=0|cluster2=0) * P(cluster9=1|cluster6=1) * P(cluster7=1|cluster10=1) * P(cluster10=1|cluster6=1) * P(cluster6=1|cluster2=0) * P(cluster2=0|cluster3=0) * P(cluster3=0|cluster8=0)[0.0524288]=0.041943
binkey=232 [Edge status: 0 0 0 1 0 1 1 1 ] P(G)=P(cluster8=0)[0.8] * P(cluster1=1|cluster2=0) * P(cluster9=1|cluster6=0) * P(cluster7=1|cluster10=1) * P(cluster10=1|cluster6=0) * P(cluster6=0|cluster2=0) * P(cluster2=0|cluster3=0) * P(cluster3=0|cluster8=0)[0.0032768]=0.00262144
binkey=248 [Edge status: 0 0 0 1 1 1 1 1 ] P(G)=P(cluster8=0)[0.8] * P(cluster1=1|cluster2=0) * P(cluster9=1|cluster6=1) * P(cluster7=1|cluster10=1) * P(cluster10=1|cluster6=1) * P(cluster6=1|cluster2=0) * P(cluster2=0|cluster3=0) * P(cluster3=0|cluster8=0)[0.0131072]=0.0104858
binkey=252 [Edge status: 0 0 1 1 1 1 1 1 ] P(G)=P(cluster8=0)[0.8] * P(cluster1=1|cluster2=1) * P(cluster9=1|cluster6=1) * P(cluster7=1|cluster10=1) * P(cluster10=1|cluster6=1) * P(cluster6=1|cluster2=1) * P(cluster2=1|cluster3=0) * P(cluster3=0|cluster8=0)[0.0524288]=0.041943
binkey=247 [Edge status: 1 1 1 0 1 1 1 1 ] P(G)=P(cluster8=1)[0.2] * P(cluster1=0|cluster2=1) * P(cluster9=1|cluster6=1) * P(cluster7=1|cluster10=1) * P(cluster10=1|cluster6=1) * P(cluster6=1|cluster2=1) * P(cluster2=1|cluster3=1) * P(cluster3=1|cluster8=1)[0.0524288]=0.0104858
binkey=119 [Edge status: 1 1 1 0 1 1 1 0 ] P(G)=P(cluster8=1)[0.2] * P(cluster1=0|cluster2=1) * P(cluster9=1|cluster6=1) * P(cluster7=0|cluster10=1) * P(cluster10=1|cluster6=1) * P(cluster6=1|cluster2=1) * P(cluster2=1|cluster3=1) * P(cluster3=1|cluster8=1)[0.0131072]=0.00262144
binkey=55 [Edge status: 1 1 1 0 1 1 0 0 ] P(G)=P(cluster8=1)[0.2] * P(cluster1=0|cluster2=1) * P(cluster9=1|cluster6=1) * P(cluster7=0|cluster10=0) * P(cluster10=0|cluster6=1) * P(cluster6=1|cluster2=1) * P(cluster2=1|cluster3=1) * P(cluster3=1|cluster8=1)[0.0131072]=0.00262144
ITERATION 0 newScore=-2.67176e+06 diffscore=8705.64 priorChange=-113.676 successMove=77
ITERATION 1 newScore=-2.66084e+06 diffscore=10916.8 priorChange=-102.586 successMove=52
ITERATION 2 newScore=-2.65543e+06 diffscore=5408.22 priorChange=-112.29 successMove=58
ITERATION 3 newScore=-2.65144e+06 diffscore=3997.21 priorChange=-126.153 successMove=58
ITERATION 4 newScore=-2.64794e+06 diffscore=3498.71 priorChange=-123.38 successMove=52
ITERATION 5 newScore=-2.64389e+06 diffscore=4046.8 priorChange=-109.517 successMove=51
ITERATION 6 newScore=-2.64057e+06 diffscore=3320.19 priorChange=-112.29 successMove=63
ITERATION 7 newScore=-2.63517e+06 diffscore=5403.97 priorChange=-101.199 successMove=51
ITERATION 8 newScore=-2.6334e+06 diffscore=1764.05 priorChange=-99.8132 successMove=54
ITERATION 9 newScore=-2.63208e+06 diffscore=1320.45 priorChange=-103.972 successMove=50
ITERATION 10 newScore=-2.63055e+06 diffscore=1535.19 priorChange=-106.745 successMove=53
ITERATION 11 newScore=-2.62776e+06 diffscore=2787.37 priorChange=-108.131 successMove=50
ITERATION 12 newScore=-2.62272e+06 diffscore=5039.35 priorChange=-106.745 successMove=50
ITERATION 13 newScore=-2.62004e+06 diffscore=2680.62 priorChange=-102.586 successMove=52
ITERATION 14 newScore=-2.6182e+06 diffscore=1836.67 priorChange=-106.745 successMove=51
binkey=15 [Edge status: 1 1 1 1 0 0 0 0 ] P(G)=P(cluster8=1)[0.2] * P(cluster1=1|cluster2=1) * P(cluster9=0|cluster6=0) * P(cluster7=0|cluster10=0) * P(cluster10=0|cluster6=0) * P(cluster6=0|cluster2=1) * P(cluster2=1|cluster3=1) * P(cluster3=1|cluster8=1)[0.0524288]=0.0104858
ITERATION 15 newScore=-2.61738e+06 diffscore=825.999 priorChange=-102.586 successMove=50
ITERATION 16 newScore=-2.61608e+06 diffscore=1300.53 priorChange=-101.199 successMove=50
ITERATION 17 newScore=-2.61415e+06 diffscore=1925.41 priorChange=-105.358 successMove=54
ITERATION 18 newScore=-2.61232e+06 diffscore=1827.38 priorChange=-97.0406 successMove=51
ITERATION 19 newScore=-2.61151e+06 diffscore=813.834 priorChange=-99.8132 successMove=48
ITERATION 20 newScore=-2.60841e+06 diffscore=3100.65 priorChange=-91.4954 successMove=49
ITERATION 21 newScore=-2.60671e+06 diffscore=1698.98 priorChange=-95.6543 successMove=49
ITERATION 22 newScore=-2.60633e+06 diffscore=380.719 priorChange=-87.3365 successMove=47
ITERATION 23 newScore=-2.60587e+06 diffscore=462.942 priorChange=-99.8132 successMove=47
ITERATION 24 newScore=-2.60466e+06 diffscore=1203.85 priorChange=-92.8817 successMove=47
ITERATION 25 newScore=-2.60321e+06 diffscore=1457.65 priorChange=-85.9503 successMove=50
ITERATION 26 newScore=-2.6011e+06 diffscore=2106.17 priorChange=-91.4954 successMove=49
ITERATION 27 newScore=-2.60039e+06 diffscore=707.448 priorChange=-81.7914 successMove=47
ITERATION 28 newScore=-2.59916e+06 diffscore=1231.75 priorChange=-81.7914 successMove=46
ITERATION 29 newScore=-2.59868e+06 diffscore=482.316 priorChange=-90.1091 successMove=45
ITERATION 30 newScore=-2.59807e+06 diffscore=605.817 priorChange=-97.0406 successMove=45
ITERATION 31 newScore=-2.59652e+06 diffscore=1555.26 priorChange=-72.0873 successMove=44
ITERATION 32 newScore=-2.59569e+06 diffscore=824.338 priorChange=-95.6543 successMove=44
ITERATION 33 newScore=-2.59209e+06 diffscore=3603.52 priorChange=-90.1091 successMove=44
ITERATION 34 newScore=-2.59149e+06 diffscore=597.543 priorChange=-85.9503 successMove=44
ITERATION 35 newScore=-2.58982e+06 diffscore=1671.06 priorChange=-95.6543 successMove=46
ITERATION 36 newScore=-2.58789e+06 diffscore=1932.19 priorChange=-95.6543 successMove=45
ITERATION 37 newScore=-2.58631e+06 diffscore=1577.15 priorChange=-74.8599 successMove=44
ITERATION 38 newScore=-2.58458e+06 diffscore=1728.26 priorChange=-87.3365 successMove=44
ITERATION 39 newScore=-2.58302e+06 diffscore=1564.37 priorChange=-95.6543 successMove=45
ITERATION 40 newScore=-2.58258e+06 diffscore=436.174 priorChange=-88.7228 successMove=44
ITERATION 41 newScore=-2.58111e+06 diffscore=1467.32 priorChange=-90.1091 successMove=44
ITERATION 42 newScore=-2.58084e+06 diffscore=272.929 priorChange=-83.1777 successMove=47
ITERATION 43 newScore=-2.5806e+06 diffscore=237.937 priorChange=-69.3147 successMove=48
ITERATION 44 newScore=-2.58032e+06 diffscore=282.331 priorChange=-80.4051 successMove=46
ITERATION 45 newScore=-2.58005e+06 diffscore=269.148 priorChange=-76.2462 successMove=46
ITERATION 46 newScore=-2.57979e+06 diffscore=266.612 priorChange=-83.1777 successMove=42
ITERATION 47 newScore=-2.5793e+06 diffscore=490.244 priorChange=-74.8599 successMove=42
ITERATION 48 newScore=-2.57794e+06 diffscore=1359.8 priorChange=-66.5421 successMove=41
ITERATION 49 newScore=-2.5777e+06 diffscore=233.231 priorChange=-76.2462 successMove=41
ITERATION 50 newScore=-2.57739e+06 diffscore=311.519 priorChange=-63.7695 successMove=40
ITERATION 51 newScore=-2.57507e+06 diffscore=2318.91 priorChange=-77.6325 successMove=38
ITERATION 52 newScore=-2.57479e+06 diffscore=283.871 priorChange=-77.6325 successMove=38
ITERATION 53 newScore=-2.57345e+06 diffscore=1333.28 priorChange=-73.4736 successMove=37
ITERATION 54 newScore=-2.5726e+06 diffscore=853.513 priorChange=-69.3147 successMove=37
ITERATION 55 newScore=-2.57245e+06 diffscore=153.393 priorChange=-70.701 successMove=35
ITERATION 56 newScore=-2.5723e+06 diffscore=146.964 priorChange=-55.4518 successMove=33
ITERATION 57 newScore=-2.57217e+06 diffscore=127.065 priorChange=-49.9066 successMove=35
ITERATION 58 newScore=-2.57203e+06 diffscore=140.435 priorChange=-59.6107 successMove=35
ITERATION 59 newScore=-2.57185e+06 diffscore=185.217 priorChange=-60.997 successMove=34
ITERATION 60 newScore=-2.57164e+06 diffscore=204.408 priorChange=-66.5421 successMove=31
ITERATION 61 newScore=-2.57144e+06 diffscore=208.846 priorChange=-65.1558 successMove=29
ITERATION 62 newScore=-2.57125e+06 diffscore=181.032 priorChange=-49.9066 successMove=29
ITERATION 63 newScore=-2.56983e+06 diffscore=1426.89 priorChange=-56.8381 successMove=27
ITERATION 64 newScore=-2.56945e+06 diffscore=378.444 priorChange=-62.3832 successMove=25
ITERATION 65 newScore=-2.56814e+06 diffscore=1307.14 priorChange=-52.6792 successMove=24
ITERATION 66 newScore=-2.56658e+06 diffscore=1564.46 priorChange=-49.9066 successMove=26
ITERATION 67 newScore=-2.5664e+06 diffscore=179.9 priorChange=-51.2929 successMove=23
ITERATION 68 newScore=-2.56426e+06 diffscore=2141.56 priorChange=-41.5888 successMove=23
ITERATION 69 newScore=-2.56413e+06 diffscore=121.896 priorChange=-49.9066 successMove=22
ITERATION 70 newScore=-2.56401e+06 diffscore=125.77 priorChange=-48.5203 successMove=22
ITERATION 71 newScore=-2.5639e+06 diffscore=110.467 priorChange=-34.6574 successMove=22
ITERATION 72 newScore=-2.56374e+06 diffscore=155.465 priorChange=-54.0655 successMove=22
ITERATION 73 newScore=-2.56355e+06 diffscore=190.02 priorChange=-38.8162 successMove=21
ITERATION 74 newScore=-2.56218e+06 diffscore=1375.21 priorChange=-51.2929 successMove=21
ITERATION 75 newScore=-2.56203e+06 diffscore=144.842 priorChange=-47.134 successMove=21
ITERATION 76 newScore=-2.56187e+06 diffscore=165.724 priorChange=-52.6792 successMove=21
ITERATION 77 newScore=-2.56173e+06 diffscore=135.375 priorChange=-41.5888 successMove=20
ITERATION 78 newScore=-2.56159e+06 diffscore=139.742 priorChange=-42.9751 successMove=21
ITERATION 79 newScore=-2.56139e+06 diffscore=197.263 priorChange=-44.3614 successMove=19
ITERATION 80 newScore=-2.56025e+06 diffscore=1141.49 priorChange=-34.6574 successMove=18
ITERATION 81 newScore=-2.56015e+06 diffscore=100.369 priorChange=-29.1122 successMove=18
ITERATION 82 newScore=-2.56006e+06 diffscore=87.9473 priorChange=-34.6574 successMove=17
ITERATION 83 newScore=-2.55999e+06 diffscore=71.7601 priorChange=-20.7944 successMove=17
ITERATION 84 newScore=-2.55992e+06 diffscore=69.9181 priorChange=-29.1122 successMove=16
ITERATION 85 newScore=-2.55982e+06 diffscore=107.188 priorChange=-31.8848 successMove=15
ITERATION 86 newScore=-2.55974e+06 diffscore=75.0033 priorChange=-19.4081 successMove=15
ITERATION 87 newScore=-2.55962e+06 diffscore=122.012 priorChange=-26.3396 successMove=15
ITERATION 88 newScore=-2.5593e+06 diffscore=317.285 priorChange=-26.3396 successMove=12
ITERATION 89 newScore=-2.55821e+06 diffscore=1088.04 priorChange=-22.1807 successMove=12
ITERATION 90 newScore=-2.55814e+06 diffscore=68.392 priorChange=-15.2492 successMove=12
ITERATION 91 newScore=-2.55805e+06 diffscore=90.4817 priorChange=-23.567 successMove=12
ITERATION 92 newScore=-2.5579e+06 diffscore=150.562 priorChange=-24.9533 successMove=12
ITERATION 93 newScore=-2.55781e+06 diffscore=95.9964 priorChange=-23.567 successMove=12
ITERATION 94 newScore=-2.55772e+06 diffscore=86.4952 priorChange=-24.9533 successMove=12
ITERATION 95 newScore=-2.55692e+06 diffscore=798.727 priorChange=-20.7944 successMove=11
ITERATION 96 newScore=-2.55687e+06 diffscore=50.4071 priorChange=-20.7944 successMove=11
ITERATION 97 newScore=-2.55681e+06 diffscore=59.6254 priorChange=-19.4081 successMove=11
ITERATION 98 newScore=-2.55676e+06 diffscore=55.7187 priorChange=-19.4081 successMove=9
ITERATION 99 newScore=-2.55669e+06 diffscore=67.8789 priorChange=-20.7944 successMove=9
MetaLearner::dumpAllGraphs
Final Score -2.55669e+06
MetaLearner::start runtime: 1348734440 ms
Results/
Results/cluster10/
Results/cluster10/fold0/
Results/cluster10/fold0/modelparams.txt
Results/cluster10/fold0/var_mb_pw_k50.txt
Results/cluster1/
Results/cluster1/fold0/
Results/cluster1/fold0/modelparams.txt
Results/cluster1/fold0/var_mb_pw_k50.txt
Results/cluster6/
Results/cluster6/fold0/
Results/cluster6/fold0/modelparams.txt
Results/cluster6/fold0/var_mb_pw_k50.txt
Results/cluster9/
Results/cluster9/fold0/
Results/cluster9/fold0/modelparams.txt
Results/cluster9/fold0/var_mb_pw_k50.txt
Results/cluster2/
Results/cluster2/fold0/
Results/cluster2/fold0/modelparams.txt
Results/cluster2/fold0/var_mb_pw_k50.txt
Results/cluster7/
Results/cluster7/fold0/
Results/cluster7/fold0/modelparams.txt
Results/cluster7/fold0/var_mb_pw_k50.txt
Results/cluster3/
Results/cluster3/fold0/
Results/cluster3/fold0/modelparams.txt
Results/cluster3/fold0/var_mb_pw_k50.txt
Results/cluster8/
Results/cluster8/scoreFile.txt
Results/cluster8/fold0/
Results/cluster8/fold0/modelparams.txt
Results/cluster8/fold0/var_mb_pw_k50.txt
