./CVN -f config_condor.txt -x50 -v1 -l TFs_OGs.txt -n AllGenes106.txt -d celltype_tree_ancestor.txt -m testdata_ogids.txt -s celltype_order.txt -p 0.2 -c yes -b -4 -q 4
(cluster3|cluster8) p_maintain_edge=0.8 p_gain=0.2
(cluster2|cluster3) p_maintain_edge=0.8 p_gain=0.2
(cluster1|cluster2) p_maintain_edge=0.8 p_gain=0.2
(cluster6|cluster2) p_maintain_edge=0.8 p_gain=0.2
(cluster9|cluster6) p_maintain_edge=0.8 p_gain=0.2
(cluster10|cluster6) p_maintain_edge=0.8 p_gain=0.2
(cluster7|cluster10) p_maintain_edge=0.8 p_gain=0.2
speciesSet.size()=8 Root is cluster8
MappedOrthogroupReader::readSpeciesMapping() --- celltype_order.txt
MappedOrthogroupReader::readFile - testdata_ogids.txt
MappedOrthogroupReader::generateGeneOrthoMap()
MetaLearner::init_onefold() read:config_condor.txt
MetaLearner::setinputVariableNames number of variables: 2040
readEvidenceTable:cluster8.table
PotentialManager::loadEvidenceFromTable varCount=2040 sampleCount=348
motifNetwork.size() = 319
0=cluster8 motifNetwork=cluster8_network.txt
variable size=2040
readEvidenceTable:cluster3.table
PotentialManager::loadEvidenceFromTable varCount=2040 sampleCount=95
motifNetwork.size() = 326
1=cluster3 motifNetwork=cluster3_network.txt
variable size=2040
readEvidenceTable:cluster2.table
PotentialManager::loadEvidenceFromTable varCount=2040 sampleCount=386
motifNetwork.size() = 328
2=cluster2 motifNetwork=cluster2_network.txt
variable size=2040
readEvidenceTable:cluster1.table
PotentialManager::loadEvidenceFromTable varCount=2040 sampleCount=36
motifNetwork.size() = 322
3=cluster1 motifNetwork=cluster1_network.txt
variable size=2040
readEvidenceTable:cluster6.table
PotentialManager::loadEvidenceFromTable varCount=2040 sampleCount=524
motifNetwork.size() = 320
4=cluster6 motifNetwork=cluster6_network.txt
variable size=2040
readEvidenceTable:cluster9.table
PotentialManager::loadEvidenceFromTable varCount=2040 sampleCount=184
motifNetwork.size() = 327
5=cluster9 motifNetwork=cluster9_network.txt
variable size=2040
readEvidenceTable:cluster10.table
PotentialManager::loadEvidenceFromTable varCount=2040 sampleCount=165
motifNetwork.size() = 326
6=cluster10 motifNetwork=cluster10_network.txt
variable size=2040
readEvidenceTable:cluster7.table
PotentialManager::loadEvidenceFromTable varCount=2040 sampleCount=1032
motifNetwork.size() = 320
7=cluster7 motifNetwork=cluster7_network.txt
variable size=2040
-------------------------------------------------------------
MetaLearner::start
precomputeEmptyGraphPrior
binkey=0 [Edge status: 0 0 0 0 0 0 0 0 ] P(G)=P(cluster8=0)[0.8] * P(cluster1=0|cluster2=0) * P(cluster9=0|cluster6=0) * P(cluster7=0|cluster10=0) * P(cluster10=0|cluster6=0) * P(cluster6=0|cluster2=0) * P(cluster2=0|cluster3=0) * P(cluster3=0|cluster8=0)[0.209715]=0.167772
condsetMap_Tree
0 cluster8=0 cluster3=0 cluster2=0 cluster1=0 cluster6=0 cluster9=0 cluster10=0 cluster7=1
1 cluster8=0 cluster3=0 cluster2=0 cluster1=0 cluster6=0 cluster9=1 cluster10=0 cluster7=0
2 cluster8=0 cluster3=0 cluster2=0 cluster1=0 cluster6=0 cluster9=1 cluster10=0 cluster7=1
3 cluster8=0 cluster3=0 cluster2=0 cluster1=1 cluster6=0 cluster9=0 cluster10=0 cluster7=0
4 cluster8=0 cluster3=0 cluster2=0 cluster1=1 cluster6=0 cluster9=0 cluster10=0 cluster7=1
5 cluster8=0 cluster3=0 cluster2=0 cluster1=1 cluster6=0 cluster9=1 cluster10=0 cluster7=0
6 cluster8=0 cluster3=0 cluster2=0 cluster1=1 cluster6=0 cluster9=1 cluster10=0 cluster7=1
7 cluster8=0 cluster3=0 cluster2=0 cluster1=0 cluster6=0 cluster9=0 cluster10=1 cluster7=1
8 cluster8=0 cluster3=0 cluster2=0 cluster1=0 cluster6=0 cluster9=1 cluster10=1 cluster7=1
9 cluster8=0 cluster3=0 cluster2=0 cluster1=1 cluster6=0 cluster9=0 cluster10=1 cluster7=1
10 cluster8=0 cluster3=0 cluster2=0 cluster1=1 cluster6=0 cluster9=1 cluster10=1 cluster7=1
11 cluster8=0 cluster3=0 cluster2=0 cluster1=0 cluster6=1 cluster9=1 cluster10=1 cluster7=1
12 cluster8=0 cluster3=0 cluster2=0 cluster1=1 cluster6=1 cluster9=1 cluster10=1 cluster7=1
13 cluster8=0 cluster3=0 cluster2=1 cluster1=1 cluster6=1 cluster9=1 cluster10=1 cluster7=1
14 cluster8=0 cluster3=1 cluster2=1 cluster1=1 cluster6=1 cluster9=1 cluster10=1 cluster7=1
15 cluster8=1 cluster3=1 cluster2=1 cluster1=1 cluster6=1 cluster9=1 cluster10=1 cluster7=1
16 cluster8=1 cluster3=1 cluster2=1 cluster1=1 cluster6=1 cluster9=1 cluster10=1 cluster7=0
17 cluster8=1 cluster3=1 cluster2=1 cluster1=1 cluster6=1 cluster9=0 cluster10=1 cluster7=1
18 cluster8=1 cluster3=1 cluster2=1 cluster1=1 cluster6=1 cluster9=0 cluster10=1 cluster7=0
19 cluster8=1 cluster3=1 cluster2=1 cluster1=0 cluster6=1 cluster9=1 cluster10=1 cluster7=1
20 cluster8=1 cluster3=1 cluster2=1 cluster1=0 cluster6=1 cluster9=1 cluster10=1 cluster7=0
21 cluster8=1 cluster3=1 cluster2=1 cluster1=0 cluster6=1 cluster9=0 cluster10=1 cluster7=1
22 cluster8=1 cluster3=1 cluster2=1 cluster1=0 cluster6=1 cluster9=0 cluster10=1 cluster7=0
23 cluster8=1 cluster3=1 cluster2=1 cluster1=1 cluster6=1 cluster9=1 cluster10=0 cluster7=0
24 cluster8=1 cluster3=1 cluster2=1 cluster1=1 cluster6=1 cluster9=0 cluster10=0 cluster7=0
25 cluster8=1 cluster3=1 cluster2=1 cluster1=0 cluster6=1 cluster9=1 cluster10=0 cluster7=0
26 cluster8=1 cluster3=1 cluster2=1 cluster1=0 cluster6=1 cluster9=0 cluster10=0 cluster7=0
27 cluster8=1 cluster3=1 cluster2=1 cluster1=1 cluster6=0 cluster9=0 cluster10=0 cluster7=0
28 cluster8=1 cluster3=1 cluster2=1 cluster1=0 cluster6=0 cluster9=0 cluster10=0 cluster7=0
29 cluster8=1 cluster3=1 cluster2=0 cluster1=0 cluster6=0 cluster9=0 cluster10=0 cluster7=0
30 cluster8=1 cluster3=0 cluster2=0 cluster1=0 cluster6=0 cluster9=0 cluster10=0 cluster7=0
31 cluster8=0 cluster3=0 cluster2=0 cluster1=0 cluster6=1 cluster9=0 cluster10=0 cluster7=0
32 cluster8=0 cluster3=0 cluster2=1 cluster1=0 cluster6=0 cluster9=0 cluster10=0 cluster7=0
33 cluster8=0 cluster3=0 cluster2=0 cluster1=0 cluster6=0 cluster9=0 cluster10=1 cluster7=0
34 cluster8=0 cluster3=1 cluster2=0 cluster1=0 cluster6=0 cluster9=0 cluster10=0 cluster7=0
inputRegulatorOGs.size() = 1999 inputOGList.size() = 50
binkey=8 [Edge status: 0 0 0 1 0 0 0 0 ] P(G)=P(cluster8=0)[0.8] * P(cluster1=1|cluster2=0) * P(cluster9=0|cluster6=0) * P(cluster7=0|cluster10=0) * P(cluster10=0|cluster6=0) * P(cluster6=0|cluster2=0) * P(cluster2=0|cluster3=0) * P(cluster3=0|cluster8=0)[0.0524288]=0.041943
binkey=2 [Edge status: 0 1 0 0 0 0 0 0 ] P(G)=P(cluster8=0)[0.8] * P(cluster1=0|cluster2=0) * P(cluster9=0|cluster6=0) * P(cluster7=0|cluster10=0) * P(cluster10=0|cluster6=0) * P(cluster6=0|cluster2=0) * P(cluster2=0|cluster3=1) * P(cluster3=1|cluster8=0)[0.0131072]=0.0104858
binkey=64 [Edge status: 0 0 0 0 0 0 1 0 ] P(G)=P(cluster8=0)[0.8] * P(cluster1=0|cluster2=0) * P(cluster9=0|cluster6=0) * P(cluster7=0|cluster10=1) * P(cluster10=1|cluster6=0) * P(cluster6=0|cluster2=0) * P(cluster2=0|cluster3=0) * P(cluster3=0|cluster8=0)[0.0131072]=0.0104858
binkey=4 [Edge status: 0 0 1 0 0 0 0 0 ] P(G)=P(cluster8=0)[0.8] * P(cluster1=0|cluster2=1) * P(cluster9=0|cluster6=0) * P(cluster7=0|cluster10=0) * P(cluster10=0|cluster6=0) * P(cluster6=0|cluster2=1) * P(cluster2=1|cluster3=0) * P(cluster3=0|cluster8=0)[0.0032768]=0.00262144
binkey=16 [Edge status: 0 0 0 0 1 0 0 0 ] P(G)=P(cluster8=0)[0.8] * P(cluster1=0|cluster2=0) * P(cluster9=0|cluster6=1) * P(cluster7=0|cluster10=0) * P(cluster10=0|cluster6=1) * P(cluster6=1|cluster2=0) * P(cluster2=0|cluster3=0) * P(cluster3=0|cluster8=0)[0.0032768]=0.00262144
binkey=1 [Edge status: 1 0 0 0 0 0 0 0 ] P(G)=P(cluster8=1)[0.2] * P(cluster1=0|cluster2=0) * P(cluster9=0|cluster6=0) * P(cluster7=0|cluster10=0) * P(cluster10=0|cluster6=0) * P(cluster6=0|cluster2=0) * P(cluster2=0|cluster3=0) * P(cluster3=0|cluster8=1)[0.0524288]=0.0104858
binkey=128 [Edge status: 0 0 0 0 0 0 0 1 ] P(G)=P(cluster8=0)[0.8] * P(cluster1=0|cluster2=0) * P(cluster9=0|cluster6=0) * P(cluster7=1|cluster10=0) * P(cluster10=0|cluster6=0) * P(cluster6=0|cluster2=0) * P(cluster2=0|cluster3=0) * P(cluster3=0|cluster8=0)[0.0524288]=0.041943
binkey=32 [Edge status: 0 0 0 0 0 1 0 0 ] P(G)=P(cluster8=0)[0.8] * P(cluster1=0|cluster2=0) * P(cluster9=1|cluster6=0) * P(cluster7=0|cluster10=0) * P(cluster10=0|cluster6=0) * P(cluster6=0|cluster2=0) * P(cluster2=0|cluster3=0) * P(cluster3=0|cluster8=0)[0.0524288]=0.041943
binkey=136 [Edge status: 0 0 0 1 0 0 0 1 ] P(G)=P(cluster8=0)[0.8] * P(cluster1=1|cluster2=0) * P(cluster9=0|cluster6=0) * P(cluster7=1|cluster10=0) * P(cluster10=0|cluster6=0) * P(cluster6=0|cluster2=0) * P(cluster2=0|cluster3=0) * P(cluster3=0|cluster8=0)[0.0131072]=0.0104858
binkey=40 [Edge status: 0 0 0 1 0 1 0 0 ] P(G)=P(cluster8=0)[0.8] * P(cluster1=1|cluster2=0) * P(cluster9=1|cluster6=0) * P(cluster7=0|cluster10=0) * P(cluster10=0|cluster6=0) * P(cluster6=0|cluster2=0) * P(cluster2=0|cluster3=0) * P(cluster3=0|cluster8=0)[0.0131072]=0.0104858
binkey=160 [Edge status: 0 0 0 0 0 1 0 1 ] P(G)=P(cluster8=0)[0.8] * P(cluster1=0|cluster2=0) * P(cluster9=1|cluster6=0) * P(cluster7=1|cluster10=0) * P(cluster10=0|cluster6=0) * P(cluster6=0|cluster2=0) * P(cluster2=0|cluster3=0) * P(cluster3=0|cluster8=0)[0.0131072]=0.0104858
binkey=192 [Edge status: 0 0 0 0 0 0 1 1 ] P(G)=P(cluster8=0)[0.8] * P(cluster1=0|cluster2=0) * P(cluster9=0|cluster6=0) * P(cluster7=1|cluster10=1) * P(cluster10=1|cluster6=0) * P(cluster6=0|cluster2=0) * P(cluster2=0|cluster3=0) * P(cluster3=0|cluster8=0)[0.0524288]=0.041943
binkey=3 [Edge status: 1 1 0 0 0 0 0 0 ] P(G)=P(cluster8=1)[0.2] * P(cluster1=0|cluster2=0) * P(cluster9=0|cluster6=0) * P(cluster7=0|cluster10=0) * P(cluster10=0|cluster6=0) * P(cluster6=0|cluster2=0) * P(cluster2=0|cluster3=1) * P(cluster3=1|cluster8=1)[0.0524288]=0.0104858
binkey=168 [Edge status: 0 0 0 1 0 1 0 1 ] P(G)=P(cluster8=0)[0.8] * P(cluster1=1|cluster2=0) * P(cluster9=1|cluster6=0) * P(cluster7=1|cluster10=0) * P(cluster10=0|cluster6=0) * P(cluster6=0|cluster2=0) * P(cluster2=0|cluster3=0) * P(cluster3=0|cluster8=0)[0.0032768]=0.00262144
binkey=224 [Edge status: 0 0 0 0 0 1 1 1 ] P(G)=P(cluster8=0)[0.8] * P(cluster1=0|cluster2=0) * P(cluster9=1|cluster6=0) * P(cluster7=1|cluster10=1) * P(cluster10=1|cluster6=0) * P(cluster6=0|cluster2=0) * P(cluster2=0|cluster3=0) * P(cluster3=0|cluster8=0)[0.0131072]=0.0104858
binkey=7 [Edge status: 1 1 1 0 0 0 0 0 ] P(G)=P(cluster8=1)[0.2] * P(cluster1=0|cluster2=1) * P(cluster9=0|cluster6=0) * P(cluster7=0|cluster10=0) * P(cluster10=0|cluster6=0) * P(cluster6=0|cluster2=1) * P(cluster2=1|cluster3=1) * P(cluster3=1|cluster8=1)[0.0131072]=0.00262144
binkey=240 [Edge status: 0 0 0 0 1 1 1 1 ] P(G)=P(cluster8=0)[0.8] * P(cluster1=0|cluster2=0) * P(cluster9=1|cluster6=1) * P(cluster7=1|cluster10=1) * P(cluster10=1|cluster6=1) * P(cluster6=1|cluster2=0) * P(cluster2=0|cluster3=0) * P(cluster3=0|cluster8=0)[0.0524288]=0.041943
binkey=247 [Edge status: 1 1 1 0 1 1 1 1 ] P(G)=P(cluster8=1)[0.2] * P(cluster1=0|cluster2=1) * P(cluster9=1|cluster6=1) * P(cluster7=1|cluster10=1) * P(cluster10=1|cluster6=1) * P(cluster6=1|cluster2=1) * P(cluster2=1|cluster3=1) * P(cluster3=1|cluster8=1)[0.0524288]=0.0104858
binkey=119 [Edge status: 1 1 1 0 1 1 1 0 ] P(G)=P(cluster8=1)[0.2] * P(cluster1=0|cluster2=1) * P(cluster9=1|cluster6=1) * P(cluster7=0|cluster10=1) * P(cluster10=1|cluster6=1) * P(cluster6=1|cluster2=1) * P(cluster2=1|cluster3=1) * P(cluster3=1|cluster8=1)[0.0131072]=0.00262144
binkey=215 [Edge status: 1 1 1 0 1 0 1 1 ] P(G)=P(cluster8=1)[0.2] * P(cluster1=0|cluster2=1) * P(cluster9=0|cluster6=1) * P(cluster7=1|cluster10=1) * P(cluster10=1|cluster6=1) * P(cluster6=1|cluster2=1) * P(cluster2=1|cluster3=1) * P(cluster3=1|cluster8=1)[0.0131072]=0.00262144
binkey=87 [Edge status: 1 1 1 0 1 0 1 0 ] P(G)=P(cluster8=1)[0.2] * P(cluster1=0|cluster2=1) * P(cluster9=0|cluster6=1) * P(cluster7=0|cluster10=1) * P(cluster10=1|cluster6=1) * P(cluster6=1|cluster2=1) * P(cluster2=1|cluster3=1) * P(cluster3=1|cluster8=1)[0.0032768]=0.00065536
binkey=55 [Edge status: 1 1 1 0 1 1 0 0 ] P(G)=P(cluster8=1)[0.2] * P(cluster1=0|cluster2=1) * P(cluster9=1|cluster6=1) * P(cluster7=0|cluster10=0) * P(cluster10=0|cluster6=1) * P(cluster6=1|cluster2=1) * P(cluster2=1|cluster3=1) * P(cluster3=1|cluster8=1)[0.0131072]=0.00262144
binkey=23 [Edge status: 1 1 1 0 1 0 0 0 ] P(G)=P(cluster8=1)[0.2] * P(cluster1=0|cluster2=1) * P(cluster9=0|cluster6=1) * P(cluster7=0|cluster10=0) * P(cluster10=0|cluster6=1) * P(cluster6=1|cluster2=1) * P(cluster2=1|cluster3=1) * P(cluster3=1|cluster8=1)[0.0032768]=0.00065536
binkey=200 [Edge status: 0 0 0 1 0 0 1 1 ] P(G)=P(cluster8=0)[0.8] * P(cluster1=1|cluster2=0) * P(cluster9=0|cluster6=0) * P(cluster7=1|cluster10=1) * P(cluster10=1|cluster6=0) * P(cluster6=0|cluster2=0) * P(cluster2=0|cluster3=0) * P(cluster3=0|cluster8=0)[0.0131072]=0.0104858
binkey=232 [Edge status: 0 0 0 1 0 1 1 1 ] P(G)=P(cluster8=0)[0.8] * P(cluster1=1|cluster2=0) * P(cluster9=1|cluster6=0) * P(cluster7=1|cluster10=1) * P(cluster10=1|cluster6=0) * P(cluster6=0|cluster2=0) * P(cluster2=0|cluster3=0) * P(cluster3=0|cluster8=0)[0.0032768]=0.00262144
binkey=15 [Edge status: 1 1 1 1 0 0 0 0 ] P(G)=P(cluster8=1)[0.2] * P(cluster1=1|cluster2=1) * P(cluster9=0|cluster6=0) * P(cluster7=0|cluster10=0) * P(cluster10=0|cluster6=0) * P(cluster6=0|cluster2=1) * P(cluster2=1|cluster3=1) * P(cluster3=1|cluster8=1)[0.0524288]=0.0104858
binkey=248 [Edge status: 0 0 0 1 1 1 1 1 ] P(G)=P(cluster8=0)[0.8] * P(cluster1=1|cluster2=0) * P(cluster9=1|cluster6=1) * P(cluster7=1|cluster10=1) * P(cluster10=1|cluster6=1) * P(cluster6=1|cluster2=0) * P(cluster2=0|cluster3=0) * P(cluster3=0|cluster8=0)[0.0131072]=0.0104858
binkey=252 [Edge status: 0 0 1 1 1 1 1 1 ] P(G)=P(cluster8=0)[0.8] * P(cluster1=1|cluster2=1) * P(cluster9=1|cluster6=1) * P(cluster7=1|cluster10=1) * P(cluster10=1|cluster6=1) * P(cluster6=1|cluster2=1) * P(cluster2=1|cluster3=0) * P(cluster3=0|cluster8=0)[0.0524288]=0.041943
binkey=254 [Edge status: 0 1 1 1 1 1 1 1 ] P(G)=P(cluster8=0)[0.8] * P(cluster1=1|cluster2=1) * P(cluster9=1|cluster6=1) * P(cluster7=1|cluster10=1) * P(cluster10=1|cluster6=1) * P(cluster6=1|cluster2=1) * P(cluster2=1|cluster3=1) * P(cluster3=1|cluster8=0)[0.0524288]=0.041943
binkey=255 [Edge status: 1 1 1 1 1 1 1 1 ] P(G)=P(cluster8=1)[0.2] * P(cluster1=1|cluster2=1) * P(cluster9=1|cluster6=1) * P(cluster7=1|cluster10=1) * P(cluster10=1|cluster6=1) * P(cluster6=1|cluster2=1) * P(cluster2=1|cluster3=1) * P(cluster3=1|cluster8=1)[0.209715]=0.041943
binkey=127 [Edge status: 1 1 1 1 1 1 1 0 ] P(G)=P(cluster8=1)[0.2] * P(cluster1=1|cluster2=1) * P(cluster9=1|cluster6=1) * P(cluster7=0|cluster10=1) * P(cluster10=1|cluster6=1) * P(cluster6=1|cluster2=1) * P(cluster2=1|cluster3=1) * P(cluster3=1|cluster8=1)[0.0524288]=0.0104858
binkey=223 [Edge status: 1 1 1 1 1 0 1 1 ] P(G)=P(cluster8=1)[0.2] * P(cluster1=1|cluster2=1) * P(cluster9=0|cluster6=1) * P(cluster7=1|cluster10=1) * P(cluster10=1|cluster6=1) * P(cluster6=1|cluster2=1) * P(cluster2=1|cluster3=1) * P(cluster3=1|cluster8=1)[0.0524288]=0.0104858
binkey=95 [Edge status: 1 1 1 1 1 0 1 0 ] P(G)=P(cluster8=1)[0.2] * P(cluster1=1|cluster2=1) * P(cluster9=0|cluster6=1) * P(cluster7=0|cluster10=1) * P(cluster10=1|cluster6=1) * P(cluster6=1|cluster2=1) * P(cluster2=1|cluster3=1) * P(cluster3=1|cluster8=1)[0.0131072]=0.00262144
binkey=63 [Edge status: 1 1 1 1 1 1 0 0 ] P(G)=P(cluster8=1)[0.2] * P(cluster1=1|cluster2=1) * P(cluster9=1|cluster6=1) * P(cluster7=0|cluster10=0) * P(cluster10=0|cluster6=1) * P(cluster6=1|cluster2=1) * P(cluster2=1|cluster3=1) * P(cluster3=1|cluster8=1)[0.0524288]=0.0104858
binkey=31 [Edge status: 1 1 1 1 1 0 0 0 ] P(G)=P(cluster8=1)[0.2] * P(cluster1=1|cluster2=1) * P(cluster9=0|cluster6=1) * P(cluster7=0|cluster10=0) * P(cluster10=0|cluster6=1) * P(cluster6=1|cluster2=1) * P(cluster2=1|cluster3=1) * P(cluster3=1|cluster8=1)[0.0131072]=0.00262144
ITERATION 0 newScore=-2.74488e+06 diffscore=17811.7 priorChange=-106.745 successMove=55
ITERATION 1 newScore=-2.73585e+06 diffscore=9029.91 priorChange=-105.358 successMove=58
ITERATION 2 newScore=-2.72921e+06 diffscore=6643.65 priorChange=-112.29 successMove=56
ITERATION 3 newScore=-2.72229e+06 diffscore=6918.07 priorChange=-116.449 successMove=52
ITERATION 4 newScore=-2.71599e+06 diffscore=6298.14 priorChange=-119.221 successMove=51
ITERATION 5 newScore=-2.71e+06 diffscore=5990.79 priorChange=-126.153 successMove=50
ITERATION 6 newScore=-2.70659e+06 diffscore=3412.61 priorChange=-113.676 successMove=57
ITERATION 7 newScore=-2.70446e+06 diffscore=2133.16 priorChange=-121.994 successMove=50
ITERATION 8 newScore=-2.70016e+06 diffscore=4292.93 priorChange=-113.676 successMove=51
ITERATION 9 newScore=-2.695e+06 diffscore=5162.54 priorChange=-120.608 successMove=51
ITERATION 10 newScore=-2.68858e+06 diffscore=6425.11 priorChange=-119.221 successMove=52
ITERATION 11 newScore=-2.6862e+06 diffscore=2377.38 priorChange=-105.358 successMove=51
ITERATION 12 newScore=-2.68108e+06 diffscore=5119.15 priorChange=-115.062 successMove=52
ITERATION 13 newScore=-2.67861e+06 diffscore=2470.92 priorChange=-116.449 successMove=50
ITERATION 14 newScore=-2.67425e+06 diffscore=4358.96 priorChange=-112.29 successMove=51
ITERATION 15 newScore=-2.66965e+06 diffscore=4595.47 priorChange=-124.766 successMove=50
ITERATION 16 newScore=-2.66537e+06 diffscore=4279.23 priorChange=-115.062 successMove=49
ITERATION 17 newScore=-2.66304e+06 diffscore=2332.93 priorChange=-108.131 successMove=49
ITERATION 18 newScore=-2.66128e+06 diffscore=1757.75 priorChange=-123.38 successMove=49
ITERATION 19 newScore=-2.65863e+06 diffscore=2658.62 priorChange=-119.221 successMove=53
ITERATION 20 newScore=-2.6553e+06 diffscore=3327.51 priorChange=-108.131 successMove=51
ITERATION 21 newScore=-2.65331e+06 diffscore=1987.32 priorChange=-124.766 successMove=49
ITERATION 22 newScore=-2.65135e+06 diffscore=1965.13 priorChange=-110.904 successMove=49
ITERATION 23 newScore=-2.64951e+06 diffscore=1831.38 priorChange=-113.676 successMove=51
ITERATION 24 newScore=-2.64738e+06 diffscore=2128.93 priorChange=-112.29 successMove=49
ITERATION 25 newScore=-2.64567e+06 diffscore=1717.31 priorChange=-120.608 successMove=50
ITERATION 26 newScore=-2.64465e+06 diffscore=1018.2 priorChange=-119.221 successMove=50
ITERATION 27 newScore=-2.6418e+06 diffscore=2848.82 priorChange=-112.29 successMove=49
ITERATION 28 newScore=-2.6412e+06 diffscore=600.819 priorChange=-127.539 successMove=48
ITERATION 29 newScore=-2.63976e+06 diffscore=1437.55 priorChange=-117.835 successMove=50
ITERATION 30 newScore=-2.63588e+06 diffscore=3884.54 priorChange=-115.062 successMove=50
ITERATION 31 newScore=-2.6353e+06 diffscore=576.476 priorChange=-103.972 successMove=50
ITERATION 32 newScore=-2.63264e+06 diffscore=2662.95 priorChange=-97.0406 successMove=48
ITERATION 33 newScore=-2.6322e+06 diffscore=434.17 priorChange=-109.517 successMove=48
ITERATION 34 newScore=-2.63122e+06 diffscore=987.805 priorChange=-120.608 successMove=55
ITERATION 35 newScore=-2.63083e+06 diffscore=382.112 priorChange=-105.358 successMove=48
ITERATION 36 newScore=-2.63036e+06 diffscore=469.452 priorChange=-108.131 successMove=49
ITERATION 37 newScore=-2.62885e+06 diffscore=1517.03 priorChange=-117.835 successMove=49
ITERATION 38 newScore=-2.62851e+06 diffscore=341.143 priorChange=-87.3365 successMove=48
ITERATION 39 newScore=-2.62812e+06 diffscore=389.936 priorChange=-112.29 successMove=51
ITERATION 40 newScore=-2.62775e+06 diffscore=364.248 priorChange=-102.586 successMove=49
ITERATION 41 newScore=-2.62731e+06 diffscore=437.505 priorChange=-105.358 successMove=48
ITERATION 42 newScore=-2.62552e+06 diffscore=1799.22 priorChange=-112.29 successMove=46
ITERATION 43 newScore=-2.62424e+06 diffscore=1276.23 priorChange=-103.972 successMove=47
ITERATION 44 newScore=-2.62294e+06 diffscore=1298.23 priorChange=-76.2462 successMove=45
ITERATION 45 newScore=-2.62015e+06 diffscore=2786.57 priorChange=-90.1091 successMove=47
ITERATION 46 newScore=-2.61826e+06 diffscore=1890.45 priorChange=-81.7914 successMove=44
ITERATION 47 newScore=-2.61801e+06 diffscore=258.711 priorChange=-84.564 successMove=43
ITERATION 48 newScore=-2.61771e+06 diffscore=290.335 priorChange=-99.8132 successMove=43
ITERATION 49 newScore=-2.61604e+06 diffscore=1673.62 priorChange=-109.517 successMove=43
ITERATION 50 newScore=-2.61577e+06 diffscore=272.711 priorChange=-97.0406 successMove=41
ITERATION 51 newScore=-2.61376e+06 diffscore=2009.05 priorChange=-101.199 successMove=41
ITERATION 52 newScore=-2.61354e+06 diffscore=217.525 priorChange=-91.4954 successMove=41
ITERATION 53 newScore=-2.61332e+06 diffscore=225.754 priorChange=-83.1777 successMove=41
ITERATION 54 newScore=-2.61303e+06 diffscore=285.432 priorChange=-85.9503 successMove=42
ITERATION 55 newScore=-2.61272e+06 diffscore=311.7 priorChange=-72.0873 successMove=43
ITERATION 56 newScore=-2.6121e+06 diffscore=619.264 priorChange=-87.3365 successMove=40
ITERATION 57 newScore=-2.6089e+06 diffscore=3201.89 priorChange=-79.0188 successMove=39
ITERATION 58 newScore=-2.60736e+06 diffscore=1533.69 priorChange=-79.0188 successMove=38
ITERATION 59 newScore=-2.60519e+06 diffscore=2171.56 priorChange=-88.7228 successMove=37
ITERATION 60 newScore=-2.6048e+06 diffscore=388.267 priorChange=-77.6325 successMove=37
ITERATION 61 newScore=-2.60459e+06 diffscore=217.477 priorChange=-81.7914 successMove=36
ITERATION 62 newScore=-2.60236e+06 diffscore=2229.52 priorChange=-66.5421 successMove=35
ITERATION 63 newScore=-2.6022e+06 diffscore=152.669 priorChange=-66.5421 successMove=34
ITERATION 64 newScore=-2.60205e+06 diffscore=153.467 priorChange=-63.7695 successMove=32
ITERATION 65 newScore=-2.60186e+06 diffscore=188.807 priorChange=-70.701 successMove=32
ITERATION 66 newScore=-2.60167e+06 diffscore=196.932 priorChange=-55.4518 successMove=31
ITERATION 67 newScore=-2.60144e+06 diffscore=228.736 priorChange=-54.0655 successMove=30
ITERATION 68 newScore=-2.6009e+06 diffscore=535.553 priorChange=-52.6792 successMove=27
ITERATION 69 newScore=-2.60057e+06 diffscore=334.447 priorChange=-55.4518 successMove=28
ITERATION 70 newScore=-2.59963e+06 diffscore=932.706 priorChange=-56.8381 successMove=28
ITERATION 71 newScore=-2.59927e+06 diffscore=360.218 priorChange=-47.134 successMove=27
ITERATION 72 newScore=-2.59825e+06 diffscore=1020.79 priorChange=-40.2025 successMove=26
ITERATION 73 newScore=-2.59804e+06 diffscore=211.026 priorChange=-65.1558 successMove=26
ITERATION 74 newScore=-2.59786e+06 diffscore=184.111 priorChange=-49.9066 successMove=25
ITERATION 75 newScore=-2.59759e+06 diffscore=268.13 priorChange=-47.134 successMove=23
ITERATION 76 newScore=-2.59745e+06 diffscore=143.69 priorChange=-45.7477 successMove=23
ITERATION 77 newScore=-2.59639e+06 diffscore=1058.43 priorChange=-58.2244 successMove=22
ITERATION 78 newScore=-2.59616e+06 diffscore=232.27 priorChange=-37.4299 successMove=22
ITERATION 79 newScore=-2.59553e+06 diffscore=622.062 priorChange=-59.6107 successMove=22
ITERATION 80 newScore=-2.59526e+06 diffscore=277.987 priorChange=-40.2025 successMove=22
ITERATION 81 newScore=-2.59514e+06 diffscore=119.804 priorChange=-51.2929 successMove=22
ITERATION 82 newScore=-2.59501e+06 diffscore=121.095 priorChange=-45.7477 successMove=22
ITERATION 83 newScore=-2.59491e+06 diffscore=101.832 priorChange=-31.8848 successMove=20
ITERATION 84 newScore=-2.5948e+06 diffscore=117.666 priorChange=-41.5888 successMove=18
ITERATION 85 newScore=-2.59469e+06 diffscore=101.704 priorChange=-42.9751 successMove=16
ITERATION 86 newScore=-2.59459e+06 diffscore=98.5106 priorChange=-34.6574 successMove=16
ITERATION 87 newScore=-2.5945e+06 diffscore=93.0597 priorChange=-34.6574 successMove=15
ITERATION 88 newScore=-2.59435e+06 diffscore=147.594 priorChange=-38.8162 successMove=15
ITERATION 89 newScore=-2.59314e+06 diffscore=1218.73 priorChange=-30.4985 successMove=14
ITERATION 90 newScore=-2.59305e+06 diffscore=87.9272 priorChange=-31.8848 successMove=13
ITERATION 91 newScore=-2.59299e+06 diffscore=62.0186 priorChange=-24.9533 successMove=13
ITERATION 92 newScore=-2.59292e+06 diffscore=65.7922 priorChange=-27.7259 successMove=14
ITERATION 93 newScore=-2.59246e+06 diffscore=463.052 priorChange=-26.3396 successMove=12
ITERATION 94 newScore=-2.59237e+06 diffscore=87.8626 priorChange=-30.4985 successMove=12
ITERATION 95 newScore=-2.59231e+06 diffscore=56.15 priorChange=-22.1807 successMove=11
ITERATION 96 newScore=-2.59227e+06 diffscore=44.2314 priorChange=-22.1807 successMove=9
ITERATION 97 newScore=-2.59221e+06 diffscore=58.7231 priorChange=-23.567 successMove=10
ITERATION 98 newScore=-2.59201e+06 diffscore=204.404 priorChange=-18.0218 successMove=8
ITERATION 99 newScore=-2.59179e+06 diffscore=210.663 priorChange=-15.2492 successMove=8
MetaLearner::dumpAllGraphs
Final Score -2.59179e+06
MetaLearner::start runtime: 1501609229 ms
Results/
Results/cluster6/
Results/cluster6/fold0/
Results/cluster6/fold0/modelparams.txt
Results/cluster6/fold0/var_mb_pw_k50.txt
Results/cluster2/
Results/cluster2/fold0/
Results/cluster2/fold0/modelparams.txt
Results/cluster2/fold0/var_mb_pw_k50.txt
Results/cluster10/
Results/cluster10/fold0/
Results/cluster10/fold0/modelparams.txt
Results/cluster10/fold0/var_mb_pw_k50.txt
Results/cluster7/
Results/cluster7/fold0/
Results/cluster7/fold0/modelparams.txt
Results/cluster7/fold0/var_mb_pw_k50.txt
Results/cluster3/
Results/cluster3/fold0/
Results/cluster3/fold0/modelparams.txt
Results/cluster3/fold0/var_mb_pw_k50.txt
Results/cluster1/
Results/cluster1/fold0/
Results/cluster1/fold0/modelparams.txt
Results/cluster1/fold0/var_mb_pw_k50.txt
Results/cluster9/
Results/cluster9/fold0/
Results/cluster9/fold0/modelparams.txt
Results/cluster9/fold0/var_mb_pw_k50.txt
Results/cluster8/
Results/cluster8/scoreFile.txt
Results/cluster8/fold0/
Results/cluster8/fold0/modelparams.txt
Results/cluster8/fold0/var_mb_pw_k50.txt
