./CVN -f config_condor.txt -x50 -v1 -l TFs_OGs.txt -n AllGenes187.txt -d celltype_tree_ancestor.txt -m testdata_ogids.txt -s celltype_order.txt -p 0.2 -c yes -b -4 -q 4
(cluster3|cluster8) p_maintain_edge=0.8 p_gain=0.2
(cluster2|cluster3) p_maintain_edge=0.8 p_gain=0.2
(cluster1|cluster2) p_maintain_edge=0.8 p_gain=0.2
(cluster6|cluster2) p_maintain_edge=0.8 p_gain=0.2
(cluster9|cluster6) p_maintain_edge=0.8 p_gain=0.2
(cluster10|cluster6) p_maintain_edge=0.8 p_gain=0.2
(cluster7|cluster10) p_maintain_edge=0.8 p_gain=0.2
speciesSet.size()=8 Root is cluster8
MappedOrthogroupReader::readSpeciesMapping() --- celltype_order.txt
MappedOrthogroupReader::readFile - testdata_ogids.txt
MappedOrthogroupReader::generateGeneOrthoMap()
MetaLearner::init_onefold() read:config_condor.txt
MetaLearner::setinputVariableNames number of variables: 2045
readEvidenceTable:cluster8.table
PotentialManager::loadEvidenceFromTable varCount=2045 sampleCount=348
motifNetwork.size() = 319
0=cluster8 motifNetwork=cluster8_network.txt
variable size=2045
readEvidenceTable:cluster3.table
PotentialManager::loadEvidenceFromTable varCount=2045 sampleCount=95
motifNetwork.size() = 326
1=cluster3 motifNetwork=cluster3_network.txt
variable size=2045
readEvidenceTable:cluster2.table
PotentialManager::loadEvidenceFromTable varCount=2045 sampleCount=386
motifNetwork.size() = 328
2=cluster2 motifNetwork=cluster2_network.txt
variable size=2045
readEvidenceTable:cluster1.table
PotentialManager::loadEvidenceFromTable varCount=2045 sampleCount=36
motifNetwork.size() = 322
3=cluster1 motifNetwork=cluster1_network.txt
variable size=2045
readEvidenceTable:cluster6.table
PotentialManager::loadEvidenceFromTable varCount=2045 sampleCount=524
motifNetwork.size() = 320
4=cluster6 motifNetwork=cluster6_network.txt
variable size=2045
readEvidenceTable:cluster9.table
PotentialManager::loadEvidenceFromTable varCount=2045 sampleCount=184
motifNetwork.size() = 327
5=cluster9 motifNetwork=cluster9_network.txt
variable size=2045
readEvidenceTable:cluster10.table
PotentialManager::loadEvidenceFromTable varCount=2045 sampleCount=165
motifNetwork.size() = 326
6=cluster10 motifNetwork=cluster10_network.txt
variable size=2045
readEvidenceTable:cluster7.table
PotentialManager::loadEvidenceFromTable varCount=2045 sampleCount=1032
motifNetwork.size() = 320
7=cluster7 motifNetwork=cluster7_network.txt
variable size=2045
-------------------------------------------------------------
MetaLearner::start
precomputeEmptyGraphPrior
binkey=0 [Edge status: 0 0 0 0 0 0 0 0 ] P(G)=P(cluster8=0)[0.8] * P(cluster1=0|cluster2=0) * P(cluster9=0|cluster6=0) * P(cluster7=0|cluster10=0) * P(cluster10=0|cluster6=0) * P(cluster6=0|cluster2=0) * P(cluster2=0|cluster3=0) * P(cluster3=0|cluster8=0)[0.209715]=0.167772
condsetMap_Tree
0 cluster8=0 cluster3=0 cluster2=0 cluster1=0 cluster6=0 cluster9=0 cluster10=0 cluster7=1
1 cluster8=0 cluster3=0 cluster2=0 cluster1=0 cluster6=0 cluster9=1 cluster10=0 cluster7=0
2 cluster8=0 cluster3=0 cluster2=0 cluster1=0 cluster6=0 cluster9=1 cluster10=0 cluster7=1
3 cluster8=0 cluster3=0 cluster2=0 cluster1=1 cluster6=0 cluster9=0 cluster10=0 cluster7=0
4 cluster8=0 cluster3=0 cluster2=0 cluster1=1 cluster6=0 cluster9=0 cluster10=0 cluster7=1
5 cluster8=0 cluster3=0 cluster2=0 cluster1=1 cluster6=0 cluster9=1 cluster10=0 cluster7=0
6 cluster8=0 cluster3=0 cluster2=0 cluster1=1 cluster6=0 cluster9=1 cluster10=0 cluster7=1
7 cluster8=0 cluster3=0 cluster2=0 cluster1=0 cluster6=0 cluster9=0 cluster10=1 cluster7=1
8 cluster8=0 cluster3=0 cluster2=0 cluster1=0 cluster6=0 cluster9=1 cluster10=1 cluster7=1
9 cluster8=0 cluster3=0 cluster2=0 cluster1=1 cluster6=0 cluster9=0 cluster10=1 cluster7=1
10 cluster8=0 cluster3=0 cluster2=0 cluster1=1 cluster6=0 cluster9=1 cluster10=1 cluster7=1
11 cluster8=0 cluster3=0 cluster2=0 cluster1=0 cluster6=1 cluster9=1 cluster10=1 cluster7=1
12 cluster8=0 cluster3=0 cluster2=0 cluster1=1 cluster6=1 cluster9=1 cluster10=1 cluster7=1
13 cluster8=0 cluster3=0 cluster2=1 cluster1=1 cluster6=1 cluster9=1 cluster10=1 cluster7=1
14 cluster8=0 cluster3=1 cluster2=1 cluster1=1 cluster6=1 cluster9=1 cluster10=1 cluster7=1
15 cluster8=1 cluster3=1 cluster2=1 cluster1=1 cluster6=1 cluster9=1 cluster10=1 cluster7=1
16 cluster8=1 cluster3=1 cluster2=1 cluster1=1 cluster6=1 cluster9=1 cluster10=1 cluster7=0
17 cluster8=1 cluster3=1 cluster2=1 cluster1=1 cluster6=1 cluster9=0 cluster10=1 cluster7=1
18 cluster8=1 cluster3=1 cluster2=1 cluster1=1 cluster6=1 cluster9=0 cluster10=1 cluster7=0
19 cluster8=1 cluster3=1 cluster2=1 cluster1=0 cluster6=1 cluster9=1 cluster10=1 cluster7=1
20 cluster8=1 cluster3=1 cluster2=1 cluster1=0 cluster6=1 cluster9=1 cluster10=1 cluster7=0
21 cluster8=1 cluster3=1 cluster2=1 cluster1=0 cluster6=1 cluster9=0 cluster10=1 cluster7=1
22 cluster8=1 cluster3=1 cluster2=1 cluster1=0 cluster6=1 cluster9=0 cluster10=1 cluster7=0
23 cluster8=1 cluster3=1 cluster2=1 cluster1=1 cluster6=1 cluster9=1 cluster10=0 cluster7=0
24 cluster8=1 cluster3=1 cluster2=1 cluster1=1 cluster6=1 cluster9=0 cluster10=0 cluster7=0
25 cluster8=1 cluster3=1 cluster2=1 cluster1=0 cluster6=1 cluster9=1 cluster10=0 cluster7=0
26 cluster8=1 cluster3=1 cluster2=1 cluster1=0 cluster6=1 cluster9=0 cluster10=0 cluster7=0
27 cluster8=1 cluster3=1 cluster2=1 cluster1=1 cluster6=0 cluster9=0 cluster10=0 cluster7=0
28 cluster8=1 cluster3=1 cluster2=1 cluster1=0 cluster6=0 cluster9=0 cluster10=0 cluster7=0
29 cluster8=1 cluster3=1 cluster2=0 cluster1=0 cluster6=0 cluster9=0 cluster10=0 cluster7=0
30 cluster8=1 cluster3=0 cluster2=0 cluster1=0 cluster6=0 cluster9=0 cluster10=0 cluster7=0
31 cluster8=0 cluster3=0 cluster2=0 cluster1=0 cluster6=1 cluster9=0 cluster10=0 cluster7=0
32 cluster8=0 cluster3=0 cluster2=1 cluster1=0 cluster6=0 cluster9=0 cluster10=0 cluster7=0
33 cluster8=0 cluster3=0 cluster2=0 cluster1=0 cluster6=0 cluster9=0 cluster10=1 cluster7=0
34 cluster8=0 cluster3=1 cluster2=0 cluster1=0 cluster6=0 cluster9=0 cluster10=0 cluster7=0
inputRegulatorOGs.size() = 1999 inputOGList.size() = 50
binkey=8 [Edge status: 0 0 0 1 0 0 0 0 ] P(G)=P(cluster8=0)[0.8] * P(cluster1=1|cluster2=0) * P(cluster9=0|cluster6=0) * P(cluster7=0|cluster10=0) * P(cluster10=0|cluster6=0) * P(cluster6=0|cluster2=0) * P(cluster2=0|cluster3=0) * P(cluster3=0|cluster8=0)[0.0524288]=0.041943
binkey=32 [Edge status: 0 0 0 0 0 1 0 0 ] P(G)=P(cluster8=0)[0.8] * P(cluster1=0|cluster2=0) * P(cluster9=1|cluster6=0) * P(cluster7=0|cluster10=0) * P(cluster10=0|cluster6=0) * P(cluster6=0|cluster2=0) * P(cluster2=0|cluster3=0) * P(cluster3=0|cluster8=0)[0.0524288]=0.041943
binkey=2 [Edge status: 0 1 0 0 0 0 0 0 ] P(G)=P(cluster8=0)[0.8] * P(cluster1=0|cluster2=0) * P(cluster9=0|cluster6=0) * P(cluster7=0|cluster10=0) * P(cluster10=0|cluster6=0) * P(cluster6=0|cluster2=0) * P(cluster2=0|cluster3=1) * P(cluster3=1|cluster8=0)[0.0131072]=0.0104858
binkey=16 [Edge status: 0 0 0 0 1 0 0 0 ] P(G)=P(cluster8=0)[0.8] * P(cluster1=0|cluster2=0) * P(cluster9=0|cluster6=1) * P(cluster7=0|cluster10=0) * P(cluster10=0|cluster6=1) * P(cluster6=1|cluster2=0) * P(cluster2=0|cluster3=0) * P(cluster3=0|cluster8=0)[0.0032768]=0.00262144
binkey=1 [Edge status: 1 0 0 0 0 0 0 0 ] P(G)=P(cluster8=1)[0.2] * P(cluster1=0|cluster2=0) * P(cluster9=0|cluster6=0) * P(cluster7=0|cluster10=0) * P(cluster10=0|cluster6=0) * P(cluster6=0|cluster2=0) * P(cluster2=0|cluster3=0) * P(cluster3=0|cluster8=1)[0.0524288]=0.0104858
binkey=64 [Edge status: 0 0 0 0 0 0 1 0 ] P(G)=P(cluster8=0)[0.8] * P(cluster1=0|cluster2=0) * P(cluster9=0|cluster6=0) * P(cluster7=0|cluster10=1) * P(cluster10=1|cluster6=0) * P(cluster6=0|cluster2=0) * P(cluster2=0|cluster3=0) * P(cluster3=0|cluster8=0)[0.0131072]=0.0104858
binkey=4 [Edge status: 0 0 1 0 0 0 0 0 ] P(G)=P(cluster8=0)[0.8] * P(cluster1=0|cluster2=1) * P(cluster9=0|cluster6=0) * P(cluster7=0|cluster10=0) * P(cluster10=0|cluster6=0) * P(cluster6=0|cluster2=1) * P(cluster2=1|cluster3=0) * P(cluster3=0|cluster8=0)[0.0032768]=0.00262144
binkey=128 [Edge status: 0 0 0 0 0 0 0 1 ] P(G)=P(cluster8=0)[0.8] * P(cluster1=0|cluster2=0) * P(cluster9=0|cluster6=0) * P(cluster7=1|cluster10=0) * P(cluster10=0|cluster6=0) * P(cluster6=0|cluster2=0) * P(cluster2=0|cluster3=0) * P(cluster3=0|cluster8=0)[0.0524288]=0.041943
binkey=160 [Edge status: 0 0 0 0 0 1 0 1 ] P(G)=P(cluster8=0)[0.8] * P(cluster1=0|cluster2=0) * P(cluster9=1|cluster6=0) * P(cluster7=1|cluster10=0) * P(cluster10=0|cluster6=0) * P(cluster6=0|cluster2=0) * P(cluster2=0|cluster3=0) * P(cluster3=0|cluster8=0)[0.0131072]=0.0104858
binkey=40 [Edge status: 0 0 0 1 0 1 0 0 ] P(G)=P(cluster8=0)[0.8] * P(cluster1=1|cluster2=0) * P(cluster9=1|cluster6=0) * P(cluster7=0|cluster10=0) * P(cluster10=0|cluster6=0) * P(cluster6=0|cluster2=0) * P(cluster2=0|cluster3=0) * P(cluster3=0|cluster8=0)[0.0131072]=0.0104858
binkey=3 [Edge status: 1 1 0 0 0 0 0 0 ] P(G)=P(cluster8=1)[0.2] * P(cluster1=0|cluster2=0) * P(cluster9=0|cluster6=0) * P(cluster7=0|cluster10=0) * P(cluster10=0|cluster6=0) * P(cluster6=0|cluster2=0) * P(cluster2=0|cluster3=1) * P(cluster3=1|cluster8=1)[0.0524288]=0.0104858
binkey=192 [Edge status: 0 0 0 0 0 0 1 1 ] P(G)=P(cluster8=0)[0.8] * P(cluster1=0|cluster2=0) * P(cluster9=0|cluster6=0) * P(cluster7=1|cluster10=1) * P(cluster10=1|cluster6=0) * P(cluster6=0|cluster2=0) * P(cluster2=0|cluster3=0) * P(cluster3=0|cluster8=0)[0.0524288]=0.041943
binkey=224 [Edge status: 0 0 0 0 0 1 1 1 ] P(G)=P(cluster8=0)[0.8] * P(cluster1=0|cluster2=0) * P(cluster9=1|cluster6=0) * P(cluster7=1|cluster10=1) * P(cluster10=1|cluster6=0) * P(cluster6=0|cluster2=0) * P(cluster2=0|cluster3=0) * P(cluster3=0|cluster8=0)[0.0131072]=0.0104858
binkey=136 [Edge status: 0 0 0 1 0 0 0 1 ] P(G)=P(cluster8=0)[0.8] * P(cluster1=1|cluster2=0) * P(cluster9=0|cluster6=0) * P(cluster7=1|cluster10=0) * P(cluster10=0|cluster6=0) * P(cluster6=0|cluster2=0) * P(cluster2=0|cluster3=0) * P(cluster3=0|cluster8=0)[0.0131072]=0.0104858
binkey=200 [Edge status: 0 0 0 1 0 0 1 1 ] P(G)=P(cluster8=0)[0.8] * P(cluster1=1|cluster2=0) * P(cluster9=0|cluster6=0) * P(cluster7=1|cluster10=1) * P(cluster10=1|cluster6=0) * P(cluster6=0|cluster2=0) * P(cluster2=0|cluster3=0) * P(cluster3=0|cluster8=0)[0.0131072]=0.0104858
binkey=168 [Edge status: 0 0 0 1 0 1 0 1 ] P(G)=P(cluster8=0)[0.8] * P(cluster1=1|cluster2=0) * P(cluster9=1|cluster6=0) * P(cluster7=1|cluster10=0) * P(cluster10=0|cluster6=0) * P(cluster6=0|cluster2=0) * P(cluster2=0|cluster3=0) * P(cluster3=0|cluster8=0)[0.0032768]=0.00262144
binkey=232 [Edge status: 0 0 0 1 0 1 1 1 ] P(G)=P(cluster8=0)[0.8] * P(cluster1=1|cluster2=0) * P(cluster9=1|cluster6=0) * P(cluster7=1|cluster10=1) * P(cluster10=1|cluster6=0) * P(cluster6=0|cluster2=0) * P(cluster2=0|cluster3=0) * P(cluster3=0|cluster8=0)[0.0032768]=0.00262144
binkey=240 [Edge status: 0 0 0 0 1 1 1 1 ] P(G)=P(cluster8=0)[0.8] * P(cluster1=0|cluster2=0) * P(cluster9=1|cluster6=1) * P(cluster7=1|cluster10=1) * P(cluster10=1|cluster6=1) * P(cluster6=1|cluster2=0) * P(cluster2=0|cluster3=0) * P(cluster3=0|cluster8=0)[0.0524288]=0.041943
binkey=248 [Edge status: 0 0 0 1 1 1 1 1 ] P(G)=P(cluster8=0)[0.8] * P(cluster1=1|cluster2=0) * P(cluster9=1|cluster6=1) * P(cluster7=1|cluster10=1) * P(cluster10=1|cluster6=1) * P(cluster6=1|cluster2=0) * P(cluster2=0|cluster3=0) * P(cluster3=0|cluster8=0)[0.0131072]=0.0104858
binkey=252 [Edge status: 0 0 1 1 1 1 1 1 ] P(G)=P(cluster8=0)[0.8] * P(cluster1=1|cluster2=1) * P(cluster9=1|cluster6=1) * P(cluster7=1|cluster10=1) * P(cluster10=1|cluster6=1) * P(cluster6=1|cluster2=1) * P(cluster2=1|cluster3=0) * P(cluster3=0|cluster8=0)[0.0524288]=0.041943
binkey=215 [Edge status: 1 1 1 0 1 0 1 1 ] P(G)=P(cluster8=1)[0.2] * P(cluster1=0|cluster2=1) * P(cluster9=0|cluster6=1) * P(cluster7=1|cluster10=1) * P(cluster10=1|cluster6=1) * P(cluster6=1|cluster2=1) * P(cluster2=1|cluster3=1) * P(cluster3=1|cluster8=1)[0.0131072]=0.00262144
binkey=87 [Edge status: 1 1 1 0 1 0 1 0 ] P(G)=P(cluster8=1)[0.2] * P(cluster1=0|cluster2=1) * P(cluster9=0|cluster6=1) * P(cluster7=0|cluster10=1) * P(cluster10=1|cluster6=1) * P(cluster6=1|cluster2=1) * P(cluster2=1|cluster3=1) * P(cluster3=1|cluster8=1)[0.0032768]=0.00065536
binkey=23 [Edge status: 1 1 1 0 1 0 0 0 ] P(G)=P(cluster8=1)[0.2] * P(cluster1=0|cluster2=1) * P(cluster9=0|cluster6=1) * P(cluster7=0|cluster10=0) * P(cluster10=0|cluster6=1) * P(cluster6=1|cluster2=1) * P(cluster2=1|cluster3=1) * P(cluster3=1|cluster8=1)[0.0032768]=0.00065536
binkey=7 [Edge status: 1 1 1 0 0 0 0 0 ] P(G)=P(cluster8=1)[0.2] * P(cluster1=0|cluster2=1) * P(cluster9=0|cluster6=0) * P(cluster7=0|cluster10=0) * P(cluster10=0|cluster6=0) * P(cluster6=0|cluster2=1) * P(cluster2=1|cluster3=1) * P(cluster3=1|cluster8=1)[0.0131072]=0.00262144
binkey=247 [Edge status: 1 1 1 0 1 1 1 1 ] P(G)=P(cluster8=1)[0.2] * P(cluster1=0|cluster2=1) * P(cluster9=1|cluster6=1) * P(cluster7=1|cluster10=1) * P(cluster10=1|cluster6=1) * P(cluster6=1|cluster2=1) * P(cluster2=1|cluster3=1) * P(cluster3=1|cluster8=1)[0.0524288]=0.0104858
binkey=119 [Edge status: 1 1 1 0 1 1 1 0 ] P(G)=P(cluster8=1)[0.2] * P(cluster1=0|cluster2=1) * P(cluster9=1|cluster6=1) * P(cluster7=0|cluster10=1) * P(cluster10=1|cluster6=1) * P(cluster6=1|cluster2=1) * P(cluster2=1|cluster3=1) * P(cluster3=1|cluster8=1)[0.0131072]=0.00262144
binkey=55 [Edge status: 1 1 1 0 1 1 0 0 ] P(G)=P(cluster8=1)[0.2] * P(cluster1=0|cluster2=1) * P(cluster9=1|cluster6=1) * P(cluster7=0|cluster10=0) * P(cluster10=0|cluster6=1) * P(cluster6=1|cluster2=1) * P(cluster2=1|cluster3=1) * P(cluster3=1|cluster8=1)[0.0131072]=0.00262144
binkey=223 [Edge status: 1 1 1 1 1 0 1 1 ] P(G)=P(cluster8=1)[0.2] * P(cluster1=1|cluster2=1) * P(cluster9=0|cluster6=1) * P(cluster7=1|cluster10=1) * P(cluster10=1|cluster6=1) * P(cluster6=1|cluster2=1) * P(cluster2=1|cluster3=1) * P(cluster3=1|cluster8=1)[0.0524288]=0.0104858
binkey=95 [Edge status: 1 1 1 1 1 0 1 0 ] P(G)=P(cluster8=1)[0.2] * P(cluster1=1|cluster2=1) * P(cluster9=0|cluster6=1) * P(cluster7=0|cluster10=1) * P(cluster10=1|cluster6=1) * P(cluster6=1|cluster2=1) * P(cluster2=1|cluster3=1) * P(cluster3=1|cluster8=1)[0.0131072]=0.00262144
binkey=31 [Edge status: 1 1 1 1 1 0 0 0 ] P(G)=P(cluster8=1)[0.2] * P(cluster1=1|cluster2=1) * P(cluster9=0|cluster6=1) * P(cluster7=0|cluster10=0) * P(cluster10=0|cluster6=1) * P(cluster6=1|cluster2=1) * P(cluster2=1|cluster3=1) * P(cluster3=1|cluster8=1)[0.0131072]=0.00262144
binkey=15 [Edge status: 1 1 1 1 0 0 0 0 ] P(G)=P(cluster8=1)[0.2] * P(cluster1=1|cluster2=1) * P(cluster9=0|cluster6=0) * P(cluster7=0|cluster10=0) * P(cluster10=0|cluster6=0) * P(cluster6=0|cluster2=1) * P(cluster2=1|cluster3=1) * P(cluster3=1|cluster8=1)[0.0524288]=0.0104858
ITERATION 0 newScore=-2.63812e+06 diffscore=19106.6 priorChange=-98.4269 successMove=66
ITERATION 1 newScore=-2.63127e+06 diffscore=6841.86 priorChange=-123.38 successMove=60
ITERATION 2 newScore=-2.62603e+06 diffscore=5249.56 priorChange=-123.38 successMove=55
ITERATION 3 newScore=-2.61828e+06 diffscore=7750.12 priorChange=-116.449 successMove=52
ITERATION 4 newScore=-2.61093e+06 diffscore=7345.52 priorChange=-120.608 successMove=51
ITERATION 5 newScore=-2.60733e+06 diffscore=3600.24 priorChange=-120.608 successMove=54
ITERATION 6 newScore=-2.6008e+06 diffscore=6531.37 priorChange=-128.925 successMove=53
ITERATION 7 newScore=-2.59753e+06 diffscore=3273.14 priorChange=-124.766 successMove=56
ITERATION 8 newScore=-2.59522e+06 diffscore=2301.72 priorChange=-115.062 successMove=53
ITERATION 9 newScore=-2.59301e+06 diffscore=2211.11 priorChange=-123.38 successMove=51
ITERATION 10 newScore=-2.5921e+06 diffscore=911.167 priorChange=-117.835 successMove=52
ITERATION 11 newScore=-2.5891e+06 diffscore=2998.52 priorChange=-120.608 successMove=50
ITERATION 12 newScore=-2.5866e+06 diffscore=2502.98 priorChange=-117.835 successMove=50
ITERATION 13 newScore=-2.58414e+06 diffscore=2462.95 priorChange=-115.062 successMove=51
ITERATION 14 newScore=-2.58338e+06 diffscore=752.474 priorChange=-106.745 successMove=51
ITERATION 15 newScore=-2.57884e+06 diffscore=4546.85 priorChange=-121.994 successMove=52
ITERATION 16 newScore=-2.57741e+06 diffscore=1430.85 priorChange=-116.449 successMove=50
ITERATION 17 newScore=-2.57533e+06 diffscore=2075.64 priorChange=-115.062 successMove=49
ITERATION 18 newScore=-2.57401e+06 diffscore=1320.59 priorChange=-113.676 successMove=51
ITERATION 19 newScore=-2.5715e+06 diffscore=2506.13 priorChange=-119.221 successMove=50
ITERATION 20 newScore=-2.56563e+06 diffscore=5871.14 priorChange=-106.745 successMove=49
ITERATION 21 newScore=-2.56381e+06 diffscore=1823.21 priorChange=-99.8132 successMove=48
ITERATION 22 newScore=-2.56293e+06 diffscore=882.291 priorChange=-110.904 successMove=48
ITERATION 23 newScore=-2.56054e+06 diffscore=2382.68 priorChange=-120.608 successMove=48
ITERATION 24 newScore=-2.55807e+06 diffscore=2474.69 priorChange=-106.745 successMove=48
ITERATION 25 newScore=-2.55283e+06 diffscore=5239.97 priorChange=-115.062 successMove=47
ITERATION 26 newScore=-2.55161e+06 diffscore=1217.19 priorChange=-115.062 successMove=45
ITERATION 27 newScore=-2.55114e+06 diffscore=474.277 priorChange=-108.131 successMove=45
ITERATION 28 newScore=-2.55067e+06 diffscore=470.067 priorChange=-109.517 successMove=44
ITERATION 29 newScore=-2.54943e+06 diffscore=1239.45 priorChange=-109.517 successMove=44
ITERATION 30 newScore=-2.54862e+06 diffscore=805.698 priorChange=-99.8132 successMove=44
ITERATION 31 newScore=-2.54797e+06 diffscore=657.274 priorChange=-88.7228 successMove=44
ITERATION 32 newScore=-2.54759e+06 diffscore=379.309 priorChange=-99.8132 successMove=45
ITERATION 33 newScore=-2.54717e+06 diffscore=417.572 priorChange=-97.0406 successMove=44
ITERATION 34 newScore=-2.54431e+06 diffscore=2859.68 priorChange=-99.8132 successMove=44
ITERATION 35 newScore=-2.54396e+06 diffscore=354.096 priorChange=-102.586 successMove=45
ITERATION 36 newScore=-2.54292e+06 diffscore=1032.57 priorChange=-92.8817 successMove=45
ITERATION 37 newScore=-2.53972e+06 diffscore=3197.99 priorChange=-85.9503 successMove=44
ITERATION 38 newScore=-2.53938e+06 diffscore=346.382 priorChange=-88.7228 successMove=44
ITERATION 39 newScore=-2.53787e+06 diffscore=1503.98 priorChange=-90.1091 successMove=43
ITERATION 40 newScore=-2.53754e+06 diffscore=333.093 priorChange=-83.1777 successMove=41
ITERATION 41 newScore=-2.53721e+06 diffscore=336.02 priorChange=-80.4051 successMove=41
ITERATION 42 newScore=-2.53621e+06 diffscore=993.314 priorChange=-88.7228 successMove=42
ITERATION 43 newScore=-2.53595e+06 diffscore=258.086 priorChange=-83.1777 successMove=41
ITERATION 44 newScore=-2.53571e+06 diffscore=239.237 priorChange=-70.701 successMove=39
ITERATION 45 newScore=-2.53538e+06 diffscore=332.303 priorChange=-88.7228 successMove=39
ITERATION 46 newScore=-2.53512e+06 diffscore=266.509 priorChange=-77.6325 successMove=38
ITERATION 47 newScore=-2.53473e+06 diffscore=382.196 priorChange=-90.1091 successMove=38
ITERATION 48 newScore=-2.53366e+06 diffscore=1077.79 priorChange=-79.0188 successMove=39
ITERATION 49 newScore=-2.53343e+06 diffscore=227.178 priorChange=-73.4736 successMove=35
ITERATION 50 newScore=-2.53073e+06 diffscore=2702.76 priorChange=-80.4051 successMove=34
ITERATION 51 newScore=-2.53029e+06 diffscore=436.06 priorChange=-84.564 successMove=33
ITERATION 52 newScore=-2.52994e+06 diffscore=349.11 priorChange=-77.6325 successMove=33
ITERATION 53 newScore=-2.52874e+06 diffscore=1204.04 priorChange=-81.7914 successMove=30
ITERATION 54 newScore=-2.52808e+06 diffscore=656.048 priorChange=-65.1558 successMove=29
ITERATION 55 newScore=-2.52589e+06 diffscore=2193.84 priorChange=-62.3832 successMove=29
ITERATION 56 newScore=-2.52485e+06 diffscore=1032.96 priorChange=-56.8381 successMove=28
ITERATION 57 newScore=-2.52467e+06 diffscore=180.532 priorChange=-66.5421 successMove=29
ITERATION 58 newScore=-2.5234e+06 diffscore=1272.14 priorChange=-62.3832 successMove=28
ITERATION 59 newScore=-2.52329e+06 diffscore=114.617 priorChange=-63.7695 successMove=28
ITERATION 60 newScore=-2.52317e+06 diffscore=111.914 priorChange=-48.5203 successMove=26
ITERATION 61 newScore=-2.52305e+06 diffscore=127.495 priorChange=-66.5421 successMove=25
ITERATION 62 newScore=-2.52213e+06 diffscore=921.467 priorChange=-52.6792 successMove=23
ITERATION 63 newScore=-2.52201e+06 diffscore=117.734 priorChange=-60.997 successMove=23
ITERATION 64 newScore=-2.52153e+06 diffscore=476.425 priorChange=-58.2244 successMove=23
ITERATION 65 newScore=-2.5214e+06 diffscore=133.908 priorChange=-42.9751 successMove=22
ITERATION 66 newScore=-2.52123e+06 diffscore=165.913 priorChange=-52.6792 successMove=22
ITERATION 67 newScore=-2.52052e+06 diffscore=716.687 priorChange=-31.8848 successMove=19
ITERATION 68 newScore=-2.52044e+06 diffscore=70.5016 priorChange=-36.0437 successMove=19
ITERATION 69 newScore=-2.52038e+06 diffscore=69.5126 priorChange=-37.4299 successMove=18
ITERATION 70 newScore=-2.5203e+06 diffscore=74.4338 priorChange=-41.5888 successMove=18
ITERATION 71 newScore=-2.52023e+06 diffscore=67.9737 priorChange=-34.6574 successMove=17
ITERATION 72 newScore=-2.52017e+06 diffscore=61.7985 priorChange=-29.1122 successMove=18
ITERATION 73 newScore=-2.5201e+06 diffscore=66.0237 priorChange=-36.0437 successMove=16
ITERATION 74 newScore=-2.52004e+06 diffscore=67.1069 priorChange=-31.8848 successMove=16
ITERATION 75 newScore=-2.51996e+06 diffscore=77.8277 priorChange=-29.1122 successMove=15
ITERATION 76 newScore=-2.51988e+06 diffscore=81.2139 priorChange=-30.4985 successMove=16
ITERATION 77 newScore=-2.51979e+06 diffscore=86.0656 priorChange=-36.0437 successMove=15
ITERATION 78 newScore=-2.51971e+06 diffscore=78.4901 priorChange=-26.3396 successMove=15
ITERATION 79 newScore=-2.51963e+06 diffscore=82.0854 priorChange=-31.8848 successMove=15
ITERATION 80 newScore=-2.51956e+06 diffscore=72.296 priorChange=-22.1807 successMove=12
ITERATION 81 newScore=-2.5195e+06 diffscore=60.8503 priorChange=-13.8629 successMove=12
ITERATION 82 newScore=-2.51937e+06 diffscore=127.506 priorChange=-23.567 successMove=12
ITERATION 83 newScore=-2.5193e+06 diffscore=74.891 priorChange=-22.1807 successMove=12
ITERATION 84 newScore=-2.51924e+06 diffscore=59.0409 priorChange=-27.7259 successMove=11
ITERATION 85 newScore=-2.51914e+06 diffscore=97.3265 priorChange=-30.4985 successMove=10
ITERATION 86 newScore=-2.51901e+06 diffscore=133.092 priorChange=-18.0218 successMove=10
ITERATION 87 newScore=-2.51822e+06 diffscore=791.179 priorChange=-22.1807 successMove=10
ITERATION 88 newScore=-2.51816e+06 diffscore=54.7388 priorChange=-16.6355 successMove=9
ITERATION 89 newScore=-2.51809e+06 diffscore=67.7516 priorChange=-19.4081 successMove=9
ITERATION 90 newScore=-2.51802e+06 diffscore=69.5481 priorChange=-15.2492 successMove=9
ITERATION 91 newScore=-2.51794e+06 diffscore=80.711 priorChange=-13.8629 successMove=8
ITERATION 92 newScore=-2.51686e+06 diffscore=1081.93 priorChange=-19.4081 successMove=8
ITERATION 93 newScore=-2.51683e+06 diffscore=33.7065 priorChange=-15.2492 successMove=8
ITERATION 94 newScore=-2.5168e+06 diffscore=30.6086 priorChange=-9.70406 successMove=8
ITERATION 95 newScore=-2.51676e+06 diffscore=36.5344 priorChange=-16.6355 successMove=8
ITERATION 96 newScore=-2.51673e+06 diffscore=34.5501 priorChange=-16.6355 successMove=8
ITERATION 97 newScore=-2.5167e+06 diffscore=26.502 priorChange=-15.2492 successMove=7
ITERATION 98 newScore=-2.51667e+06 diffscore=27.2569 priorChange=-12.4766 successMove=5
ITERATION 99 newScore=-2.51663e+06 diffscore=42.0732 priorChange=-2.77259 successMove=4
MetaLearner::dumpAllGraphs
Final Score -2.51663e+06
MetaLearner::start runtime: 867724458 ms
Results/
Results/cluster8/
Results/cluster8/fold0/
Results/cluster8/fold0/var_mb_pw_k50.txt
Results/cluster8/fold0/modelparams.txt
Results/cluster8/scoreFile.txt
Results/cluster3/
Results/cluster3/fold0/
Results/cluster3/fold0/var_mb_pw_k50.txt
Results/cluster3/fold0/modelparams.txt
Results/cluster2/
Results/cluster2/fold0/
Results/cluster2/fold0/var_mb_pw_k50.txt
Results/cluster2/fold0/modelparams.txt
Results/cluster1/
Results/cluster1/fold0/
Results/cluster1/fold0/var_mb_pw_k50.txt
Results/cluster1/fold0/modelparams.txt
Results/cluster6/
Results/cluster6/fold0/
Results/cluster6/fold0/var_mb_pw_k50.txt
Results/cluster6/fold0/modelparams.txt
Results/cluster9/
Results/cluster9/fold0/
Results/cluster9/fold0/var_mb_pw_k50.txt
Results/cluster9/fold0/modelparams.txt
Results/cluster10/
Results/cluster10/fold0/
Results/cluster10/fold0/var_mb_pw_k50.txt
Results/cluster10/fold0/modelparams.txt
Results/cluster7/
Results/cluster7/fold0/
Results/cluster7/fold0/var_mb_pw_k50.txt
Results/cluster7/fold0/modelparams.txt
