./CVN -f config_condor.txt -x50 -v1 -l TFs_OGs.txt -n AllGenes45.txt -d celltype_tree_ancestor.txt -m testdata_ogids.txt -s celltype_order.txt -p 0.2 -c yes -b -4 -q 4
(cluster3|cluster8) p_maintain_edge=0.8 p_gain=0.2
(cluster2|cluster3) p_maintain_edge=0.8 p_gain=0.2
(cluster1|cluster2) p_maintain_edge=0.8 p_gain=0.2
(cluster6|cluster2) p_maintain_edge=0.8 p_gain=0.2
(cluster9|cluster6) p_maintain_edge=0.8 p_gain=0.2
(cluster10|cluster6) p_maintain_edge=0.8 p_gain=0.2
(cluster7|cluster10) p_maintain_edge=0.8 p_gain=0.2
speciesSet.size()=8 Root is cluster8
MappedOrthogroupReader::readSpeciesMapping() --- celltype_order.txt
MappedOrthogroupReader::readFile - testdata_ogids.txt
MappedOrthogroupReader::generateGeneOrthoMap()
MetaLearner::init_onefold() read:config_condor.txt
MetaLearner::setinputVariableNames number of variables: 2037
readEvidenceTable:cluster8.table
PotentialManager::loadEvidenceFromTable varCount=2037 sampleCount=348
motifNetwork.size() = 319
0=cluster8 motifNetwork=cluster8_network.txt
variable size=2037
readEvidenceTable:cluster3.table
PotentialManager::loadEvidenceFromTable varCount=2037 sampleCount=95
motifNetwork.size() = 326
1=cluster3 motifNetwork=cluster3_network.txt
variable size=2037
readEvidenceTable:cluster2.table
PotentialManager::loadEvidenceFromTable varCount=2037 sampleCount=386
motifNetwork.size() = 328
2=cluster2 motifNetwork=cluster2_network.txt
variable size=2037
readEvidenceTable:cluster1.table
PotentialManager::loadEvidenceFromTable varCount=2037 sampleCount=36
motifNetwork.size() = 322
3=cluster1 motifNetwork=cluster1_network.txt
variable size=2037
readEvidenceTable:cluster6.table
PotentialManager::loadEvidenceFromTable varCount=2037 sampleCount=524
motifNetwork.size() = 320
4=cluster6 motifNetwork=cluster6_network.txt
variable size=2037
readEvidenceTable:cluster9.table
PotentialManager::loadEvidenceFromTable varCount=2037 sampleCount=184
motifNetwork.size() = 327
5=cluster9 motifNetwork=cluster9_network.txt
variable size=2037
readEvidenceTable:cluster10.table
PotentialManager::loadEvidenceFromTable varCount=2037 sampleCount=165
motifNetwork.size() = 326
6=cluster10 motifNetwork=cluster10_network.txt
variable size=2037
readEvidenceTable:cluster7.table
PotentialManager::loadEvidenceFromTable varCount=2037 sampleCount=1032
motifNetwork.size() = 320
7=cluster7 motifNetwork=cluster7_network.txt
variable size=2037
-------------------------------------------------------------
MetaLearner::start
precomputeEmptyGraphPrior
binkey=0 [Edge status: 0 0 0 0 0 0 0 0 ] P(G)=P(cluster8=0)[0.8] * P(cluster1=0|cluster2=0) * P(cluster9=0|cluster6=0) * P(cluster7=0|cluster10=0) * P(cluster10=0|cluster6=0) * P(cluster6=0|cluster2=0) * P(cluster2=0|cluster3=0) * P(cluster3=0|cluster8=0)[0.209715]=0.167772
condsetMap_Tree
0 cluster8=0 cluster3=0 cluster2=0 cluster1=0 cluster6=0 cluster9=0 cluster10=0 cluster7=1
1 cluster8=0 cluster3=0 cluster2=0 cluster1=0 cluster6=0 cluster9=1 cluster10=0 cluster7=0
2 cluster8=0 cluster3=0 cluster2=0 cluster1=0 cluster6=0 cluster9=1 cluster10=0 cluster7=1
3 cluster8=0 cluster3=0 cluster2=0 cluster1=1 cluster6=0 cluster9=0 cluster10=0 cluster7=0
4 cluster8=0 cluster3=0 cluster2=0 cluster1=1 cluster6=0 cluster9=0 cluster10=0 cluster7=1
5 cluster8=0 cluster3=0 cluster2=0 cluster1=1 cluster6=0 cluster9=1 cluster10=0 cluster7=0
6 cluster8=0 cluster3=0 cluster2=0 cluster1=1 cluster6=0 cluster9=1 cluster10=0 cluster7=1
7 cluster8=0 cluster3=0 cluster2=0 cluster1=0 cluster6=0 cluster9=0 cluster10=1 cluster7=1
8 cluster8=0 cluster3=0 cluster2=0 cluster1=0 cluster6=0 cluster9=1 cluster10=1 cluster7=1
9 cluster8=0 cluster3=0 cluster2=0 cluster1=1 cluster6=0 cluster9=0 cluster10=1 cluster7=1
10 cluster8=0 cluster3=0 cluster2=0 cluster1=1 cluster6=0 cluster9=1 cluster10=1 cluster7=1
11 cluster8=0 cluster3=0 cluster2=0 cluster1=0 cluster6=1 cluster9=1 cluster10=1 cluster7=1
12 cluster8=0 cluster3=0 cluster2=0 cluster1=1 cluster6=1 cluster9=1 cluster10=1 cluster7=1
13 cluster8=0 cluster3=0 cluster2=1 cluster1=1 cluster6=1 cluster9=1 cluster10=1 cluster7=1
14 cluster8=0 cluster3=1 cluster2=1 cluster1=1 cluster6=1 cluster9=1 cluster10=1 cluster7=1
15 cluster8=1 cluster3=1 cluster2=1 cluster1=1 cluster6=1 cluster9=1 cluster10=1 cluster7=1
16 cluster8=1 cluster3=1 cluster2=1 cluster1=1 cluster6=1 cluster9=1 cluster10=1 cluster7=0
17 cluster8=1 cluster3=1 cluster2=1 cluster1=1 cluster6=1 cluster9=0 cluster10=1 cluster7=1
18 cluster8=1 cluster3=1 cluster2=1 cluster1=1 cluster6=1 cluster9=0 cluster10=1 cluster7=0
19 cluster8=1 cluster3=1 cluster2=1 cluster1=0 cluster6=1 cluster9=1 cluster10=1 cluster7=1
20 cluster8=1 cluster3=1 cluster2=1 cluster1=0 cluster6=1 cluster9=1 cluster10=1 cluster7=0
21 cluster8=1 cluster3=1 cluster2=1 cluster1=0 cluster6=1 cluster9=0 cluster10=1 cluster7=1
22 cluster8=1 cluster3=1 cluster2=1 cluster1=0 cluster6=1 cluster9=0 cluster10=1 cluster7=0
23 cluster8=1 cluster3=1 cluster2=1 cluster1=1 cluster6=1 cluster9=1 cluster10=0 cluster7=0
24 cluster8=1 cluster3=1 cluster2=1 cluster1=1 cluster6=1 cluster9=0 cluster10=0 cluster7=0
25 cluster8=1 cluster3=1 cluster2=1 cluster1=0 cluster6=1 cluster9=1 cluster10=0 cluster7=0
26 cluster8=1 cluster3=1 cluster2=1 cluster1=0 cluster6=1 cluster9=0 cluster10=0 cluster7=0
27 cluster8=1 cluster3=1 cluster2=1 cluster1=1 cluster6=0 cluster9=0 cluster10=0 cluster7=0
28 cluster8=1 cluster3=1 cluster2=1 cluster1=0 cluster6=0 cluster9=0 cluster10=0 cluster7=0
29 cluster8=1 cluster3=1 cluster2=0 cluster1=0 cluster6=0 cluster9=0 cluster10=0 cluster7=0
30 cluster8=1 cluster3=0 cluster2=0 cluster1=0 cluster6=0 cluster9=0 cluster10=0 cluster7=0
31 cluster8=0 cluster3=0 cluster2=0 cluster1=0 cluster6=1 cluster9=0 cluster10=0 cluster7=0
32 cluster8=0 cluster3=0 cluster2=1 cluster1=0 cluster6=0 cluster9=0 cluster10=0 cluster7=0
33 cluster8=0 cluster3=0 cluster2=0 cluster1=0 cluster6=0 cluster9=0 cluster10=1 cluster7=0
34 cluster8=0 cluster3=1 cluster2=0 cluster1=0 cluster6=0 cluster9=0 cluster10=0 cluster7=0
inputRegulatorOGs.size() = 1999 inputOGList.size() = 50
binkey=2 [Edge status: 0 1 0 0 0 0 0 0 ] P(G)=P(cluster8=0)[0.8] * P(cluster1=0|cluster2=0) * P(cluster9=0|cluster6=0) * P(cluster7=0|cluster10=0) * P(cluster10=0|cluster6=0) * P(cluster6=0|cluster2=0) * P(cluster2=0|cluster3=1) * P(cluster3=1|cluster8=0)[0.0131072]=0.0104858
binkey=64 [Edge status: 0 0 0 0 0 0 1 0 ] P(G)=P(cluster8=0)[0.8] * P(cluster1=0|cluster2=0) * P(cluster9=0|cluster6=0) * P(cluster7=0|cluster10=1) * P(cluster10=1|cluster6=0) * P(cluster6=0|cluster2=0) * P(cluster2=0|cluster3=0) * P(cluster3=0|cluster8=0)[0.0131072]=0.0104858
binkey=1 [Edge status: 1 0 0 0 0 0 0 0 ] P(G)=P(cluster8=1)[0.2] * P(cluster1=0|cluster2=0) * P(cluster9=0|cluster6=0) * P(cluster7=0|cluster10=0) * P(cluster10=0|cluster6=0) * P(cluster6=0|cluster2=0) * P(cluster2=0|cluster3=0) * P(cluster3=0|cluster8=1)[0.0524288]=0.0104858
binkey=128 [Edge status: 0 0 0 0 0 0 0 1 ] P(G)=P(cluster8=0)[0.8] * P(cluster1=0|cluster2=0) * P(cluster9=0|cluster6=0) * P(cluster7=1|cluster10=0) * P(cluster10=0|cluster6=0) * P(cluster6=0|cluster2=0) * P(cluster2=0|cluster3=0) * P(cluster3=0|cluster8=0)[0.0524288]=0.041943
binkey=32 [Edge status: 0 0 0 0 0 1 0 0 ] P(G)=P(cluster8=0)[0.8] * P(cluster1=0|cluster2=0) * P(cluster9=1|cluster6=0) * P(cluster7=0|cluster10=0) * P(cluster10=0|cluster6=0) * P(cluster6=0|cluster2=0) * P(cluster2=0|cluster3=0) * P(cluster3=0|cluster8=0)[0.0524288]=0.041943
binkey=16 [Edge status: 0 0 0 0 1 0 0 0 ] P(G)=P(cluster8=0)[0.8] * P(cluster1=0|cluster2=0) * P(cluster9=0|cluster6=1) * P(cluster7=0|cluster10=0) * P(cluster10=0|cluster6=1) * P(cluster6=1|cluster2=0) * P(cluster2=0|cluster3=0) * P(cluster3=0|cluster8=0)[0.0032768]=0.00262144
binkey=4 [Edge status: 0 0 1 0 0 0 0 0 ] P(G)=P(cluster8=0)[0.8] * P(cluster1=0|cluster2=1) * P(cluster9=0|cluster6=0) * P(cluster7=0|cluster10=0) * P(cluster10=0|cluster6=0) * P(cluster6=0|cluster2=1) * P(cluster2=1|cluster3=0) * P(cluster3=0|cluster8=0)[0.0032768]=0.00262144
binkey=192 [Edge status: 0 0 0 0 0 0 1 1 ] P(G)=P(cluster8=0)[0.8] * P(cluster1=0|cluster2=0) * P(cluster9=0|cluster6=0) * P(cluster7=1|cluster10=1) * P(cluster10=1|cluster6=0) * P(cluster6=0|cluster2=0) * P(cluster2=0|cluster3=0) * P(cluster3=0|cluster8=0)[0.0524288]=0.041943
binkey=3 [Edge status: 1 1 0 0 0 0 0 0 ] P(G)=P(cluster8=1)[0.2] * P(cluster1=0|cluster2=0) * P(cluster9=0|cluster6=0) * P(cluster7=0|cluster10=0) * P(cluster10=0|cluster6=0) * P(cluster6=0|cluster2=0) * P(cluster2=0|cluster3=1) * P(cluster3=1|cluster8=1)[0.0524288]=0.0104858
binkey=160 [Edge status: 0 0 0 0 0 1 0 1 ] P(G)=P(cluster8=0)[0.8] * P(cluster1=0|cluster2=0) * P(cluster9=1|cluster6=0) * P(cluster7=1|cluster10=0) * P(cluster10=0|cluster6=0) * P(cluster6=0|cluster2=0) * P(cluster2=0|cluster3=0) * P(cluster3=0|cluster8=0)[0.0131072]=0.0104858
binkey=8 [Edge status: 0 0 0 1 0 0 0 0 ] P(G)=P(cluster8=0)[0.8] * P(cluster1=1|cluster2=0) * P(cluster9=0|cluster6=0) * P(cluster7=0|cluster10=0) * P(cluster10=0|cluster6=0) * P(cluster6=0|cluster2=0) * P(cluster2=0|cluster3=0) * P(cluster3=0|cluster8=0)[0.0524288]=0.041943
binkey=40 [Edge status: 0 0 0 1 0 1 0 0 ] P(G)=P(cluster8=0)[0.8] * P(cluster1=1|cluster2=0) * P(cluster9=1|cluster6=0) * P(cluster7=0|cluster10=0) * P(cluster10=0|cluster6=0) * P(cluster6=0|cluster2=0) * P(cluster2=0|cluster3=0) * P(cluster3=0|cluster8=0)[0.0131072]=0.0104858
binkey=136 [Edge status: 0 0 0 1 0 0 0 1 ] P(G)=P(cluster8=0)[0.8] * P(cluster1=1|cluster2=0) * P(cluster9=0|cluster6=0) * P(cluster7=1|cluster10=0) * P(cluster10=0|cluster6=0) * P(cluster6=0|cluster2=0) * P(cluster2=0|cluster3=0) * P(cluster3=0|cluster8=0)[0.0131072]=0.0104858
binkey=224 [Edge status: 0 0 0 0 0 1 1 1 ] P(G)=P(cluster8=0)[0.8] * P(cluster1=0|cluster2=0) * P(cluster9=1|cluster6=0) * P(cluster7=1|cluster10=1) * P(cluster10=1|cluster6=0) * P(cluster6=0|cluster2=0) * P(cluster2=0|cluster3=0) * P(cluster3=0|cluster8=0)[0.0131072]=0.0104858
binkey=200 [Edge status: 0 0 0 1 0 0 1 1 ] P(G)=P(cluster8=0)[0.8] * P(cluster1=1|cluster2=0) * P(cluster9=0|cluster6=0) * P(cluster7=1|cluster10=1) * P(cluster10=1|cluster6=0) * P(cluster6=0|cluster2=0) * P(cluster2=0|cluster3=0) * P(cluster3=0|cluster8=0)[0.0131072]=0.0104858
binkey=168 [Edge status: 0 0 0 1 0 1 0 1 ] P(G)=P(cluster8=0)[0.8] * P(cluster1=1|cluster2=0) * P(cluster9=1|cluster6=0) * P(cluster7=1|cluster10=0) * P(cluster10=0|cluster6=0) * P(cluster6=0|cluster2=0) * P(cluster2=0|cluster3=0) * P(cluster3=0|cluster8=0)[0.0032768]=0.00262144
binkey=7 [Edge status: 1 1 1 0 0 0 0 0 ] P(G)=P(cluster8=1)[0.2] * P(cluster1=0|cluster2=1) * P(cluster9=0|cluster6=0) * P(cluster7=0|cluster10=0) * P(cluster10=0|cluster6=0) * P(cluster6=0|cluster2=1) * P(cluster2=1|cluster3=1) * P(cluster3=1|cluster8=1)[0.0131072]=0.00262144
binkey=232 [Edge status: 0 0 0 1 0 1 1 1 ] P(G)=P(cluster8=0)[0.8] * P(cluster1=1|cluster2=0) * P(cluster9=1|cluster6=0) * P(cluster7=1|cluster10=1) * P(cluster10=1|cluster6=0) * P(cluster6=0|cluster2=0) * P(cluster2=0|cluster3=0) * P(cluster3=0|cluster8=0)[0.0032768]=0.00262144
binkey=240 [Edge status: 0 0 0 0 1 1 1 1 ] P(G)=P(cluster8=0)[0.8] * P(cluster1=0|cluster2=0) * P(cluster9=1|cluster6=1) * P(cluster7=1|cluster10=1) * P(cluster10=1|cluster6=1) * P(cluster6=1|cluster2=0) * P(cluster2=0|cluster3=0) * P(cluster3=0|cluster8=0)[0.0524288]=0.041943
binkey=248 [Edge status: 0 0 0 1 1 1 1 1 ] P(G)=P(cluster8=0)[0.8] * P(cluster1=1|cluster2=0) * P(cluster9=1|cluster6=1) * P(cluster7=1|cluster10=1) * P(cluster10=1|cluster6=1) * P(cluster6=1|cluster2=0) * P(cluster2=0|cluster3=0) * P(cluster3=0|cluster8=0)[0.0131072]=0.0104858
binkey=252 [Edge status: 0 0 1 1 1 1 1 1 ] P(G)=P(cluster8=0)[0.8] * P(cluster1=1|cluster2=1) * P(cluster9=1|cluster6=1) * P(cluster7=1|cluster10=1) * P(cluster10=1|cluster6=1) * P(cluster6=1|cluster2=1) * P(cluster2=1|cluster3=0) * P(cluster3=0|cluster8=0)[0.0524288]=0.041943
binkey=95 [Edge status: 1 1 1 1 1 0 1 0 ] P(G)=P(cluster8=1)[0.2] * P(cluster1=1|cluster2=1) * P(cluster9=0|cluster6=1) * P(cluster7=0|cluster10=1) * P(cluster10=1|cluster6=1) * P(cluster6=1|cluster2=1) * P(cluster2=1|cluster3=1) * P(cluster3=1|cluster8=1)[0.0131072]=0.00262144
binkey=87 [Edge status: 1 1 1 0 1 0 1 0 ] P(G)=P(cluster8=1)[0.2] * P(cluster1=0|cluster2=1) * P(cluster9=0|cluster6=1) * P(cluster7=0|cluster10=1) * P(cluster10=1|cluster6=1) * P(cluster6=1|cluster2=1) * P(cluster2=1|cluster3=1) * P(cluster3=1|cluster8=1)[0.0032768]=0.00065536
binkey=31 [Edge status: 1 1 1 1 1 0 0 0 ] P(G)=P(cluster8=1)[0.2] * P(cluster1=1|cluster2=1) * P(cluster9=0|cluster6=1) * P(cluster7=0|cluster10=0) * P(cluster10=0|cluster6=1) * P(cluster6=1|cluster2=1) * P(cluster2=1|cluster3=1) * P(cluster3=1|cluster8=1)[0.0131072]=0.00262144
binkey=23 [Edge status: 1 1 1 0 1 0 0 0 ] P(G)=P(cluster8=1)[0.2] * P(cluster1=0|cluster2=1) * P(cluster9=0|cluster6=1) * P(cluster7=0|cluster10=0) * P(cluster10=0|cluster6=1) * P(cluster6=1|cluster2=1) * P(cluster2=1|cluster3=1) * P(cluster3=1|cluster8=1)[0.0032768]=0.00065536
binkey=15 [Edge status: 1 1 1 1 0 0 0 0 ] P(G)=P(cluster8=1)[0.2] * P(cluster1=1|cluster2=1) * P(cluster9=0|cluster6=0) * P(cluster7=0|cluster10=0) * P(cluster10=0|cluster6=0) * P(cluster6=0|cluster2=1) * P(cluster2=1|cluster3=1) * P(cluster3=1|cluster8=1)[0.0524288]=0.0104858
binkey=127 [Edge status: 1 1 1 1 1 1 1 0 ] P(G)=P(cluster8=1)[0.2] * P(cluster1=1|cluster2=1) * P(cluster9=1|cluster6=1) * P(cluster7=0|cluster10=1) * P(cluster10=1|cluster6=1) * P(cluster6=1|cluster2=1) * P(cluster2=1|cluster3=1) * P(cluster3=1|cluster8=1)[0.0524288]=0.0104858
binkey=119 [Edge status: 1 1 1 0 1 1 1 0 ] P(G)=P(cluster8=1)[0.2] * P(cluster1=0|cluster2=1) * P(cluster9=1|cluster6=1) * P(cluster7=0|cluster10=1) * P(cluster10=1|cluster6=1) * P(cluster6=1|cluster2=1) * P(cluster2=1|cluster3=1) * P(cluster3=1|cluster8=1)[0.0131072]=0.00262144
binkey=63 [Edge status: 1 1 1 1 1 1 0 0 ] P(G)=P(cluster8=1)[0.2] * P(cluster1=1|cluster2=1) * P(cluster9=1|cluster6=1) * P(cluster7=0|cluster10=0) * P(cluster10=0|cluster6=1) * P(cluster6=1|cluster2=1) * P(cluster2=1|cluster3=1) * P(cluster3=1|cluster8=1)[0.0524288]=0.0104858
binkey=55 [Edge status: 1 1 1 0 1 1 0 0 ] P(G)=P(cluster8=1)[0.2] * P(cluster1=0|cluster2=1) * P(cluster9=1|cluster6=1) * P(cluster7=0|cluster10=0) * P(cluster10=0|cluster6=1) * P(cluster6=1|cluster2=1) * P(cluster2=1|cluster3=1) * P(cluster3=1|cluster8=1)[0.0131072]=0.00262144
ITERATION 0 newScore=-2.72661e+06 diffscore=12461 priorChange=-108.131 successMove=52
ITERATION 1 newScore=-2.72251e+06 diffscore=4094.55 priorChange=-102.586 successMove=58
ITERATION 2 newScore=-2.71637e+06 diffscore=6145.58 priorChange=-108.131 successMove=50
ITERATION 3 newScore=-2.71384e+06 diffscore=2528.86 priorChange=-108.131 successMove=52
ITERATION 4 newScore=-2.71289e+06 diffscore=943.66 priorChange=-103.972 successMove=58
binkey=223 [Edge status: 1 1 1 1 1 0 1 1 ] P(G)=P(cluster8=1)[0.2] * P(cluster1=1|cluster2=1) * P(cluster9=0|cluster6=1) * P(cluster7=1|cluster10=1) * P(cluster10=1|cluster6=1) * P(cluster6=1|cluster2=1) * P(cluster2=1|cluster3=1) * P(cluster3=1|cluster8=1)[0.0524288]=0.0104858
binkey=215 [Edge status: 1 1 1 0 1 0 1 1 ] P(G)=P(cluster8=1)[0.2] * P(cluster1=0|cluster2=1) * P(cluster9=0|cluster6=1) * P(cluster7=1|cluster10=1) * P(cluster10=1|cluster6=1) * P(cluster6=1|cluster2=1) * P(cluster2=1|cluster3=1) * P(cluster3=1|cluster8=1)[0.0131072]=0.00262144
ITERATION 5 newScore=-2.70905e+06 diffscore=3844.34 priorChange=-91.4954 successMove=54
ITERATION 6 newScore=-2.70369e+06 diffscore=5364.03 priorChange=-103.972 successMove=52
binkey=254 [Edge status: 0 1 1 1 1 1 1 1 ] P(G)=P(cluster8=0)[0.8] * P(cluster1=1|cluster2=1) * P(cluster9=1|cluster6=1) * P(cluster7=1|cluster10=1) * P(cluster10=1|cluster6=1) * P(cluster6=1|cluster2=1) * P(cluster2=1|cluster3=1) * P(cluster3=1|cluster8=0)[0.0524288]=0.041943
binkey=255 [Edge status: 1 1 1 1 1 1 1 1 ] P(G)=P(cluster8=1)[0.2] * P(cluster1=1|cluster2=1) * P(cluster9=1|cluster6=1) * P(cluster7=1|cluster10=1) * P(cluster10=1|cluster6=1) * P(cluster6=1|cluster2=1) * P(cluster2=1|cluster3=1) * P(cluster3=1|cluster8=1)[0.209715]=0.041943
binkey=247 [Edge status: 1 1 1 0 1 1 1 1 ] P(G)=P(cluster8=1)[0.2] * P(cluster1=0|cluster2=1) * P(cluster9=1|cluster6=1) * P(cluster7=1|cluster10=1) * P(cluster10=1|cluster6=1) * P(cluster6=1|cluster2=1) * P(cluster2=1|cluster3=1) * P(cluster3=1|cluster8=1)[0.0524288]=0.0104858
ITERATION 7 newScore=-2.70194e+06 diffscore=1749.22 priorChange=-97.0406 successMove=61
ITERATION 8 newScore=-2.69972e+06 diffscore=2220.03 priorChange=-105.358 successMove=60
ITERATION 9 newScore=-2.69803e+06 diffscore=1690.89 priorChange=-110.904 successMove=53
ITERATION 10 newScore=-2.69553e+06 diffscore=2495.54 priorChange=-95.6543 successMove=51
ITERATION 11 newScore=-2.6945e+06 diffscore=1028.66 priorChange=-92.8817 successMove=53
ITERATION 12 newScore=-2.68929e+06 diffscore=5212.86 priorChange=-99.8132 successMove=52
ITERATION 13 newScore=-2.68666e+06 diffscore=2630.95 priorChange=-110.904 successMove=51
ITERATION 14 newScore=-2.67881e+06 diffscore=7851.96 priorChange=-102.586 successMove=50
ITERATION 15 newScore=-2.67607e+06 diffscore=2735.99 priorChange=-105.358 successMove=50
ITERATION 16 newScore=-2.67477e+06 diffscore=1298.17 priorChange=-102.586 successMove=49
ITERATION 17 newScore=-2.672e+06 diffscore=2775.8 priorChange=-98.4269 successMove=52
ITERATION 18 newScore=-2.67013e+06 diffscore=1869.62 priorChange=-94.268 successMove=49
ITERATION 19 newScore=-2.66729e+06 diffscore=2833.07 priorChange=-98.4269 successMove=53
ITERATION 20 newScore=-2.66512e+06 diffscore=2175.53 priorChange=-101.199 successMove=48
ITERATION 21 newScore=-2.66311e+06 diffscore=2003.17 priorChange=-91.4954 successMove=48
ITERATION 22 newScore=-2.66098e+06 diffscore=2133.81 priorChange=-106.745 successMove=49
ITERATION 23 newScore=-2.6585e+06 diffscore=2477.36 priorChange=-97.0406 successMove=48
ITERATION 24 newScore=-2.65781e+06 diffscore=696.493 priorChange=-94.268 successMove=51
ITERATION 25 newScore=-2.65682e+06 diffscore=989.907 priorChange=-102.586 successMove=48
ITERATION 26 newScore=-2.65356e+06 diffscore=3253.04 priorChange=-91.4954 successMove=50
ITERATION 27 newScore=-2.65264e+06 diffscore=921.092 priorChange=-91.4954 successMove=48
ITERATION 28 newScore=-2.65024e+06 diffscore=2406.02 priorChange=-99.8132 successMove=48
ITERATION 29 newScore=-2.64606e+06 diffscore=4176.87 priorChange=-99.8132 successMove=47
ITERATION 30 newScore=-2.64567e+06 diffscore=384.826 priorChange=-94.268 successMove=47
ITERATION 31 newScore=-2.64394e+06 diffscore=1738.91 priorChange=-91.4954 successMove=45
ITERATION 32 newScore=-2.64136e+06 diffscore=2576.78 priorChange=-87.3365 successMove=45
ITERATION 33 newScore=-2.63963e+06 diffscore=1728.54 priorChange=-99.8132 successMove=48
ITERATION 34 newScore=-2.63925e+06 diffscore=384.958 priorChange=-98.4269 successMove=44
ITERATION 35 newScore=-2.63821e+06 diffscore=1037.96 priorChange=-87.3365 successMove=44
ITERATION 36 newScore=-2.63452e+06 diffscore=3685.93 priorChange=-91.4954 successMove=45
ITERATION 37 newScore=-2.63408e+06 diffscore=445.51 priorChange=-102.586 successMove=44
ITERATION 38 newScore=-2.63384e+06 diffscore=238.075 priorChange=-98.4269 successMove=41
ITERATION 39 newScore=-2.63363e+06 diffscore=206.429 priorChange=-81.7914 successMove=41
ITERATION 40 newScore=-2.63342e+06 diffscore=211.439 priorChange=-90.1091 successMove=43
ITERATION 41 newScore=-2.63322e+06 diffscore=202.192 priorChange=-80.4051 successMove=39
ITERATION 42 newScore=-2.63302e+06 diffscore=201.582 priorChange=-65.1558 successMove=37
ITERATION 43 newScore=-2.63198e+06 diffscore=1038.41 priorChange=-88.7228 successMove=38
ITERATION 44 newScore=-2.63171e+06 diffscore=265.205 priorChange=-85.9503 successMove=39
ITERATION 45 newScore=-2.63139e+06 diffscore=323.851 priorChange=-83.1777 successMove=37
ITERATION 46 newScore=-2.62959e+06 diffscore=1800.97 priorChange=-90.1091 successMove=40
ITERATION 47 newScore=-2.62808e+06 diffscore=1508.81 priorChange=-83.1777 successMove=37
ITERATION 48 newScore=-2.62636e+06 diffscore=1716.32 priorChange=-92.8817 successMove=37
ITERATION 49 newScore=-2.62575e+06 diffscore=609.646 priorChange=-73.4736 successMove=37
ITERATION 50 newScore=-2.62463e+06 diffscore=1127.24 priorChange=-80.4051 successMove=38
ITERATION 51 newScore=-2.62259e+06 diffscore=2033.26 priorChange=-80.4051 successMove=36
ITERATION 52 newScore=-2.6222e+06 diffscore=390.454 priorChange=-76.2462 successMove=36
ITERATION 53 newScore=-2.62098e+06 diffscore=1225.92 priorChange=-66.5421 successMove=36
ITERATION 54 newScore=-2.6208e+06 diffscore=173.201 priorChange=-81.7914 successMove=36
ITERATION 55 newScore=-2.62054e+06 diffscore=264.394 priorChange=-81.7914 successMove=36
ITERATION 56 newScore=-2.62038e+06 diffscore=161.719 priorChange=-62.3832 successMove=36
ITERATION 57 newScore=-2.61984e+06 diffscore=538.665 priorChange=-62.3832 successMove=35
ITERATION 58 newScore=-2.61881e+06 diffscore=1029.15 priorChange=-70.701 successMove=34
ITERATION 59 newScore=-2.61779e+06 diffscore=1015.83 priorChange=-83.1777 successMove=35
ITERATION 60 newScore=-2.61762e+06 diffscore=173.054 priorChange=-74.8599 successMove=33
ITERATION 61 newScore=-2.61746e+06 diffscore=157.124 priorChange=-55.4518 successMove=32
ITERATION 62 newScore=-2.61731e+06 diffscore=155.911 priorChange=-67.9284 successMove=32
ITERATION 63 newScore=-2.61715e+06 diffscore=159.735 priorChange=-72.0873 successMove=31
ITERATION 64 newScore=-2.61588e+06 diffscore=1270.79 priorChange=-67.9284 successMove=29
ITERATION 65 newScore=-2.61576e+06 diffscore=114.155 priorChange=-55.4518 successMove=27
ITERATION 66 newScore=-2.61565e+06 diffscore=109.347 priorChange=-41.5888 successMove=24
ITERATION 67 newScore=-2.61553e+06 diffscore=120.362 priorChange=-41.5888 successMove=25
ITERATION 68 newScore=-2.6154e+06 diffscore=128.407 priorChange=-49.9066 successMove=23
ITERATION 69 newScore=-2.61527e+06 diffscore=138.466 priorChange=-36.0437 successMove=23
ITERATION 70 newScore=-2.61382e+06 diffscore=1448.22 priorChange=-49.9066 successMove=23
ITERATION 71 newScore=-2.61367e+06 diffscore=149.382 priorChange=-37.4299 successMove=23
ITERATION 72 newScore=-2.61337e+06 diffscore=298.416 priorChange=-41.5888 successMove=20
ITERATION 73 newScore=-2.61313e+06 diffscore=240.935 priorChange=-37.4299 successMove=20
ITERATION 74 newScore=-2.61262e+06 diffscore=511.652 priorChange=-37.4299 successMove=19
ITERATION 75 newScore=-2.61228e+06 diffscore=336.206 priorChange=-31.8848 successMove=18
ITERATION 76 newScore=-2.61076e+06 diffscore=1521.46 priorChange=-38.8162 successMove=19
ITERATION 77 newScore=-2.6095e+06 diffscore=1260.71 priorChange=-33.2711 successMove=18
ITERATION 78 newScore=-2.6094e+06 diffscore=96.715 priorChange=-36.0437 successMove=18
ITERATION 79 newScore=-2.60932e+06 diffscore=85.5035 priorChange=-31.8848 successMove=17
ITERATION 80 newScore=-2.60922e+06 diffscore=98.7587 priorChange=-22.1807 successMove=15
ITERATION 81 newScore=-2.60909e+06 diffscore=123.923 priorChange=-31.8848 successMove=16
ITERATION 82 newScore=-2.60885e+06 diffscore=240.694 priorChange=-27.7259 successMove=15
ITERATION 83 newScore=-2.60863e+06 diffscore=225.789 priorChange=-29.1122 successMove=16
ITERATION 84 newScore=-2.60675e+06 diffscore=1873.09 priorChange=-24.9533 successMove=14
ITERATION 85 newScore=-2.60666e+06 diffscore=95.0423 priorChange=-27.7259 successMove=14
ITERATION 86 newScore=-2.60655e+06 diffscore=108.165 priorChange=-29.1122 successMove=14
ITERATION 87 newScore=-2.60638e+06 diffscore=170.066 priorChange=-20.7944 successMove=14
ITERATION 88 newScore=-2.60625e+06 diffscore=133.525 priorChange=-16.6355 successMove=10
ITERATION 89 newScore=-2.60614e+06 diffscore=109.967 priorChange=-16.6355 successMove=10
ITERATION 90 newScore=-2.60525e+06 diffscore=887.19 priorChange=-16.6355 successMove=9
ITERATION 91 newScore=-2.60518e+06 diffscore=66.5152 priorChange=-16.6355 successMove=9
ITERATION 92 newScore=-2.60508e+06 diffscore=103.653 priorChange=-22.1807 successMove=9
ITERATION 93 newScore=-2.60495e+06 diffscore=129.209 priorChange=-9.70406 successMove=8
ITERATION 94 newScore=-2.60454e+06 diffscore=410.135 priorChange=-15.2492 successMove=8
ITERATION 95 newScore=-2.60428e+06 diffscore=262.616 priorChange=-13.8629 successMove=8
ITERATION 96 newScore=-2.60425e+06 diffscore=29.4755 priorChange=-16.6355 successMove=8
ITERATION 97 newScore=-2.60421e+06 diffscore=37.9019 priorChange=-22.1807 successMove=8
ITERATION 98 newScore=-2.60418e+06 diffscore=28.7477 priorChange=-13.8629 successMove=7
ITERATION 99 newScore=-2.60416e+06 diffscore=23.4162 priorChange=-9.70406 successMove=7
MetaLearner::dumpAllGraphs
Final Score -2.60416e+06
MetaLearner::start runtime: 1632875240 ms
Results/
Results/cluster9/
Results/cluster9/fold0/
Results/cluster9/fold0/modelparams.txt
Results/cluster9/fold0/var_mb_pw_k50.txt
Results/cluster2/
Results/cluster2/fold0/
Results/cluster2/fold0/modelparams.txt
Results/cluster2/fold0/var_mb_pw_k50.txt
Results/cluster8/
Results/cluster8/scoreFile.txt
Results/cluster8/fold0/
Results/cluster8/fold0/modelparams.txt
Results/cluster8/fold0/var_mb_pw_k50.txt
Results/cluster3/
Results/cluster3/fold0/
Results/cluster3/fold0/modelparams.txt
Results/cluster3/fold0/var_mb_pw_k50.txt
Results/cluster7/
Results/cluster7/fold0/
Results/cluster7/fold0/modelparams.txt
Results/cluster7/fold0/var_mb_pw_k50.txt
Results/cluster6/
Results/cluster6/fold0/
Results/cluster6/fold0/modelparams.txt
Results/cluster6/fold0/var_mb_pw_k50.txt
Results/cluster1/
Results/cluster1/fold0/
Results/cluster1/fold0/modelparams.txt
Results/cluster1/fold0/var_mb_pw_k50.txt
Results/cluster10/
Results/cluster10/fold0/
Results/cluster10/fold0/modelparams.txt
Results/cluster10/fold0/var_mb_pw_k50.txt
