./CVN -f config_condor.txt -x50 -v1 -l TFs_OGs.txt -n AllGenes211.txt -d celltype_tree_ancestor.txt -m testdata_ogids.txt -s celltype_order.txt -p 0.2 -c yes -b -4 -q 4
(cluster3|cluster8) p_maintain_edge=0.8 p_gain=0.2
(cluster2|cluster3) p_maintain_edge=0.8 p_gain=0.2
(cluster1|cluster2) p_maintain_edge=0.8 p_gain=0.2
(cluster6|cluster2) p_maintain_edge=0.8 p_gain=0.2
(cluster9|cluster6) p_maintain_edge=0.8 p_gain=0.2
(cluster10|cluster6) p_maintain_edge=0.8 p_gain=0.2
(cluster7|cluster10) p_maintain_edge=0.8 p_gain=0.2
speciesSet.size()=8 Root is cluster8
MappedOrthogroupReader::readSpeciesMapping() --- celltype_order.txt
MappedOrthogroupReader::readFile - testdata_ogids.txt
MappedOrthogroupReader::generateGeneOrthoMap()
MetaLearner::init_onefold() read:config_condor.txt
MetaLearner::setinputVariableNames number of variables: 2037
readEvidenceTable:cluster8.table
PotentialManager::loadEvidenceFromTable varCount=2037 sampleCount=348
motifNetwork.size() = 319
0=cluster8 motifNetwork=cluster8_network.txt
variable size=2037
readEvidenceTable:cluster3.table
PotentialManager::loadEvidenceFromTable varCount=2037 sampleCount=95
motifNetwork.size() = 326
1=cluster3 motifNetwork=cluster3_network.txt
variable size=2037
readEvidenceTable:cluster2.table
PotentialManager::loadEvidenceFromTable varCount=2037 sampleCount=386
motifNetwork.size() = 328
2=cluster2 motifNetwork=cluster2_network.txt
variable size=2037
readEvidenceTable:cluster1.table
PotentialManager::loadEvidenceFromTable varCount=2037 sampleCount=36
motifNetwork.size() = 322
3=cluster1 motifNetwork=cluster1_network.txt
variable size=2037
readEvidenceTable:cluster6.table
PotentialManager::loadEvidenceFromTable varCount=2037 sampleCount=524
motifNetwork.size() = 320
4=cluster6 motifNetwork=cluster6_network.txt
variable size=2037
readEvidenceTable:cluster9.table
PotentialManager::loadEvidenceFromTable varCount=2037 sampleCount=184
motifNetwork.size() = 327
5=cluster9 motifNetwork=cluster9_network.txt
variable size=2037
readEvidenceTable:cluster10.table
PotentialManager::loadEvidenceFromTable varCount=2037 sampleCount=165
motifNetwork.size() = 326
6=cluster10 motifNetwork=cluster10_network.txt
variable size=2037
readEvidenceTable:cluster7.table
PotentialManager::loadEvidenceFromTable varCount=2037 sampleCount=1032
motifNetwork.size() = 320
7=cluster7 motifNetwork=cluster7_network.txt
variable size=2037
-------------------------------------------------------------
MetaLearner::start
precomputeEmptyGraphPrior
binkey=0 [Edge status: 0 0 0 0 0 0 0 0 ] P(G)=P(cluster8=0)[0.8] * P(cluster1=0|cluster2=0) * P(cluster9=0|cluster6=0) * P(cluster7=0|cluster10=0) * P(cluster10=0|cluster6=0) * P(cluster6=0|cluster2=0) * P(cluster2=0|cluster3=0) * P(cluster3=0|cluster8=0)[0.209715]=0.167772
condsetMap_Tree
0 cluster8=0 cluster3=0 cluster2=0 cluster1=0 cluster6=0 cluster9=0 cluster10=0 cluster7=1
1 cluster8=0 cluster3=0 cluster2=0 cluster1=0 cluster6=0 cluster9=1 cluster10=0 cluster7=0
2 cluster8=0 cluster3=0 cluster2=0 cluster1=0 cluster6=0 cluster9=1 cluster10=0 cluster7=1
3 cluster8=0 cluster3=0 cluster2=0 cluster1=1 cluster6=0 cluster9=0 cluster10=0 cluster7=0
4 cluster8=0 cluster3=0 cluster2=0 cluster1=1 cluster6=0 cluster9=0 cluster10=0 cluster7=1
5 cluster8=0 cluster3=0 cluster2=0 cluster1=1 cluster6=0 cluster9=1 cluster10=0 cluster7=0
6 cluster8=0 cluster3=0 cluster2=0 cluster1=1 cluster6=0 cluster9=1 cluster10=0 cluster7=1
7 cluster8=0 cluster3=0 cluster2=0 cluster1=0 cluster6=0 cluster9=0 cluster10=1 cluster7=1
8 cluster8=0 cluster3=0 cluster2=0 cluster1=0 cluster6=0 cluster9=1 cluster10=1 cluster7=1
9 cluster8=0 cluster3=0 cluster2=0 cluster1=1 cluster6=0 cluster9=0 cluster10=1 cluster7=1
10 cluster8=0 cluster3=0 cluster2=0 cluster1=1 cluster6=0 cluster9=1 cluster10=1 cluster7=1
11 cluster8=0 cluster3=0 cluster2=0 cluster1=0 cluster6=1 cluster9=1 cluster10=1 cluster7=1
12 cluster8=0 cluster3=0 cluster2=0 cluster1=1 cluster6=1 cluster9=1 cluster10=1 cluster7=1
13 cluster8=0 cluster3=0 cluster2=1 cluster1=1 cluster6=1 cluster9=1 cluster10=1 cluster7=1
14 cluster8=0 cluster3=1 cluster2=1 cluster1=1 cluster6=1 cluster9=1 cluster10=1 cluster7=1
15 cluster8=1 cluster3=1 cluster2=1 cluster1=1 cluster6=1 cluster9=1 cluster10=1 cluster7=1
16 cluster8=1 cluster3=1 cluster2=1 cluster1=1 cluster6=1 cluster9=1 cluster10=1 cluster7=0
17 cluster8=1 cluster3=1 cluster2=1 cluster1=1 cluster6=1 cluster9=0 cluster10=1 cluster7=1
18 cluster8=1 cluster3=1 cluster2=1 cluster1=1 cluster6=1 cluster9=0 cluster10=1 cluster7=0
19 cluster8=1 cluster3=1 cluster2=1 cluster1=0 cluster6=1 cluster9=1 cluster10=1 cluster7=1
20 cluster8=1 cluster3=1 cluster2=1 cluster1=0 cluster6=1 cluster9=1 cluster10=1 cluster7=0
21 cluster8=1 cluster3=1 cluster2=1 cluster1=0 cluster6=1 cluster9=0 cluster10=1 cluster7=1
22 cluster8=1 cluster3=1 cluster2=1 cluster1=0 cluster6=1 cluster9=0 cluster10=1 cluster7=0
23 cluster8=1 cluster3=1 cluster2=1 cluster1=1 cluster6=1 cluster9=1 cluster10=0 cluster7=0
24 cluster8=1 cluster3=1 cluster2=1 cluster1=1 cluster6=1 cluster9=0 cluster10=0 cluster7=0
25 cluster8=1 cluster3=1 cluster2=1 cluster1=0 cluster6=1 cluster9=1 cluster10=0 cluster7=0
26 cluster8=1 cluster3=1 cluster2=1 cluster1=0 cluster6=1 cluster9=0 cluster10=0 cluster7=0
27 cluster8=1 cluster3=1 cluster2=1 cluster1=1 cluster6=0 cluster9=0 cluster10=0 cluster7=0
28 cluster8=1 cluster3=1 cluster2=1 cluster1=0 cluster6=0 cluster9=0 cluster10=0 cluster7=0
29 cluster8=1 cluster3=1 cluster2=0 cluster1=0 cluster6=0 cluster9=0 cluster10=0 cluster7=0
30 cluster8=1 cluster3=0 cluster2=0 cluster1=0 cluster6=0 cluster9=0 cluster10=0 cluster7=0
31 cluster8=0 cluster3=0 cluster2=0 cluster1=0 cluster6=1 cluster9=0 cluster10=0 cluster7=0
32 cluster8=0 cluster3=0 cluster2=1 cluster1=0 cluster6=0 cluster9=0 cluster10=0 cluster7=0
33 cluster8=0 cluster3=0 cluster2=0 cluster1=0 cluster6=0 cluster9=0 cluster10=1 cluster7=0
34 cluster8=0 cluster3=1 cluster2=0 cluster1=0 cluster6=0 cluster9=0 cluster10=0 cluster7=0
inputRegulatorOGs.size() = 1999 inputOGList.size() = 50
binkey=2 [Edge status: 0 1 0 0 0 0 0 0 ] P(G)=P(cluster8=0)[0.8] * P(cluster1=0|cluster2=0) * P(cluster9=0|cluster6=0) * P(cluster7=0|cluster10=0) * P(cluster10=0|cluster6=0) * P(cluster6=0|cluster2=0) * P(cluster2=0|cluster3=1) * P(cluster3=1|cluster8=0)[0.0131072]=0.0104858
binkey=4 [Edge status: 0 0 1 0 0 0 0 0 ] P(G)=P(cluster8=0)[0.8] * P(cluster1=0|cluster2=1) * P(cluster9=0|cluster6=0) * P(cluster7=0|cluster10=0) * P(cluster10=0|cluster6=0) * P(cluster6=0|cluster2=1) * P(cluster2=1|cluster3=0) * P(cluster3=0|cluster8=0)[0.0032768]=0.00262144
binkey=32 [Edge status: 0 0 0 0 0 1 0 0 ] P(G)=P(cluster8=0)[0.8] * P(cluster1=0|cluster2=0) * P(cluster9=1|cluster6=0) * P(cluster7=0|cluster10=0) * P(cluster10=0|cluster6=0) * P(cluster6=0|cluster2=0) * P(cluster2=0|cluster3=0) * P(cluster3=0|cluster8=0)[0.0524288]=0.041943
binkey=1 [Edge status: 1 0 0 0 0 0 0 0 ] P(G)=P(cluster8=1)[0.2] * P(cluster1=0|cluster2=0) * P(cluster9=0|cluster6=0) * P(cluster7=0|cluster10=0) * P(cluster10=0|cluster6=0) * P(cluster6=0|cluster2=0) * P(cluster2=0|cluster3=0) * P(cluster3=0|cluster8=1)[0.0524288]=0.0104858
binkey=64 [Edge status: 0 0 0 0 0 0 1 0 ] P(G)=P(cluster8=0)[0.8] * P(cluster1=0|cluster2=0) * P(cluster9=0|cluster6=0) * P(cluster7=0|cluster10=1) * P(cluster10=1|cluster6=0) * P(cluster6=0|cluster2=0) * P(cluster2=0|cluster3=0) * P(cluster3=0|cluster8=0)[0.0131072]=0.0104858
binkey=8 [Edge status: 0 0 0 1 0 0 0 0 ] P(G)=P(cluster8=0)[0.8] * P(cluster1=1|cluster2=0) * P(cluster9=0|cluster6=0) * P(cluster7=0|cluster10=0) * P(cluster10=0|cluster6=0) * P(cluster6=0|cluster2=0) * P(cluster2=0|cluster3=0) * P(cluster3=0|cluster8=0)[0.0524288]=0.041943
binkey=128 [Edge status: 0 0 0 0 0 0 0 1 ] P(G)=P(cluster8=0)[0.8] * P(cluster1=0|cluster2=0) * P(cluster9=0|cluster6=0) * P(cluster7=1|cluster10=0) * P(cluster10=0|cluster6=0) * P(cluster6=0|cluster2=0) * P(cluster2=0|cluster3=0) * P(cluster3=0|cluster8=0)[0.0524288]=0.041943
binkey=16 [Edge status: 0 0 0 0 1 0 0 0 ] P(G)=P(cluster8=0)[0.8] * P(cluster1=0|cluster2=0) * P(cluster9=0|cluster6=1) * P(cluster7=0|cluster10=0) * P(cluster10=0|cluster6=1) * P(cluster6=1|cluster2=0) * P(cluster2=0|cluster3=0) * P(cluster3=0|cluster8=0)[0.0032768]=0.00262144
binkey=192 [Edge status: 0 0 0 0 0 0 1 1 ] P(G)=P(cluster8=0)[0.8] * P(cluster1=0|cluster2=0) * P(cluster9=0|cluster6=0) * P(cluster7=1|cluster10=1) * P(cluster10=1|cluster6=0) * P(cluster6=0|cluster2=0) * P(cluster2=0|cluster3=0) * P(cluster3=0|cluster8=0)[0.0524288]=0.041943
binkey=3 [Edge status: 1 1 0 0 0 0 0 0 ] P(G)=P(cluster8=1)[0.2] * P(cluster1=0|cluster2=0) * P(cluster9=0|cluster6=0) * P(cluster7=0|cluster10=0) * P(cluster10=0|cluster6=0) * P(cluster6=0|cluster2=0) * P(cluster2=0|cluster3=1) * P(cluster3=1|cluster8=1)[0.0524288]=0.0104858
binkey=160 [Edge status: 0 0 0 0 0 1 0 1 ] P(G)=P(cluster8=0)[0.8] * P(cluster1=0|cluster2=0) * P(cluster9=1|cluster6=0) * P(cluster7=1|cluster10=0) * P(cluster10=0|cluster6=0) * P(cluster6=0|cluster2=0) * P(cluster2=0|cluster3=0) * P(cluster3=0|cluster8=0)[0.0131072]=0.0104858
binkey=40 [Edge status: 0 0 0 1 0 1 0 0 ] P(G)=P(cluster8=0)[0.8] * P(cluster1=1|cluster2=0) * P(cluster9=1|cluster6=0) * P(cluster7=0|cluster10=0) * P(cluster10=0|cluster6=0) * P(cluster6=0|cluster2=0) * P(cluster2=0|cluster3=0) * P(cluster3=0|cluster8=0)[0.0131072]=0.0104858
binkey=136 [Edge status: 0 0 0 1 0 0 0 1 ] P(G)=P(cluster8=0)[0.8] * P(cluster1=1|cluster2=0) * P(cluster9=0|cluster6=0) * P(cluster7=1|cluster10=0) * P(cluster10=0|cluster6=0) * P(cluster6=0|cluster2=0) * P(cluster2=0|cluster3=0) * P(cluster3=0|cluster8=0)[0.0131072]=0.0104858
binkey=168 [Edge status: 0 0 0 1 0 1 0 1 ] P(G)=P(cluster8=0)[0.8] * P(cluster1=1|cluster2=0) * P(cluster9=1|cluster6=0) * P(cluster7=1|cluster10=0) * P(cluster10=0|cluster6=0) * P(cluster6=0|cluster2=0) * P(cluster2=0|cluster3=0) * P(cluster3=0|cluster8=0)[0.0032768]=0.00262144
binkey=200 [Edge status: 0 0 0 1 0 0 1 1 ] P(G)=P(cluster8=0)[0.8] * P(cluster1=1|cluster2=0) * P(cluster9=0|cluster6=0) * P(cluster7=1|cluster10=1) * P(cluster10=1|cluster6=0) * P(cluster6=0|cluster2=0) * P(cluster2=0|cluster3=0) * P(cluster3=0|cluster8=0)[0.0131072]=0.0104858
binkey=224 [Edge status: 0 0 0 0 0 1 1 1 ] P(G)=P(cluster8=0)[0.8] * P(cluster1=0|cluster2=0) * P(cluster9=1|cluster6=0) * P(cluster7=1|cluster10=1) * P(cluster10=1|cluster6=0) * P(cluster6=0|cluster2=0) * P(cluster2=0|cluster3=0) * P(cluster3=0|cluster8=0)[0.0131072]=0.0104858
binkey=55 [Edge status: 1 1 1 0 1 1 0 0 ] P(G)=P(cluster8=1)[0.2] * P(cluster1=0|cluster2=1) * P(cluster9=1|cluster6=1) * P(cluster7=0|cluster10=0) * P(cluster10=0|cluster6=1) * P(cluster6=1|cluster2=1) * P(cluster2=1|cluster3=1) * P(cluster3=1|cluster8=1)[0.0131072]=0.00262144
binkey=23 [Edge status: 1 1 1 0 1 0 0 0 ] P(G)=P(cluster8=1)[0.2] * P(cluster1=0|cluster2=1) * P(cluster9=0|cluster6=1) * P(cluster7=0|cluster10=0) * P(cluster10=0|cluster6=1) * P(cluster6=1|cluster2=1) * P(cluster2=1|cluster3=1) * P(cluster3=1|cluster8=1)[0.0032768]=0.00065536
binkey=7 [Edge status: 1 1 1 0 0 0 0 0 ] P(G)=P(cluster8=1)[0.2] * P(cluster1=0|cluster2=1) * P(cluster9=0|cluster6=0) * P(cluster7=0|cluster10=0) * P(cluster10=0|cluster6=0) * P(cluster6=0|cluster2=1) * P(cluster2=1|cluster3=1) * P(cluster3=1|cluster8=1)[0.0131072]=0.00262144
binkey=240 [Edge status: 0 0 0 0 1 1 1 1 ] P(G)=P(cluster8=0)[0.8] * P(cluster1=0|cluster2=0) * P(cluster9=1|cluster6=1) * P(cluster7=1|cluster10=1) * P(cluster10=1|cluster6=1) * P(cluster6=1|cluster2=0) * P(cluster2=0|cluster3=0) * P(cluster3=0|cluster8=0)[0.0524288]=0.041943
binkey=31 [Edge status: 1 1 1 1 1 0 0 0 ] P(G)=P(cluster8=1)[0.2] * P(cluster1=1|cluster2=1) * P(cluster9=0|cluster6=1) * P(cluster7=0|cluster10=0) * P(cluster10=0|cluster6=1) * P(cluster6=1|cluster2=1) * P(cluster2=1|cluster3=1) * P(cluster3=1|cluster8=1)[0.0131072]=0.00262144
binkey=15 [Edge status: 1 1 1 1 0 0 0 0 ] P(G)=P(cluster8=1)[0.2] * P(cluster1=1|cluster2=1) * P(cluster9=0|cluster6=0) * P(cluster7=0|cluster10=0) * P(cluster10=0|cluster6=0) * P(cluster6=0|cluster2=1) * P(cluster2=1|cluster3=1) * P(cluster3=1|cluster8=1)[0.0524288]=0.0104858
binkey=232 [Edge status: 0 0 0 1 0 1 1 1 ] P(G)=P(cluster8=0)[0.8] * P(cluster1=1|cluster2=0) * P(cluster9=1|cluster6=0) * P(cluster7=1|cluster10=1) * P(cluster10=1|cluster6=0) * P(cluster6=0|cluster2=0) * P(cluster2=0|cluster3=0) * P(cluster3=0|cluster8=0)[0.0032768]=0.00262144
binkey=248 [Edge status: 0 0 0 1 1 1 1 1 ] P(G)=P(cluster8=0)[0.8] * P(cluster1=1|cluster2=0) * P(cluster9=1|cluster6=1) * P(cluster7=1|cluster10=1) * P(cluster10=1|cluster6=1) * P(cluster6=1|cluster2=0) * P(cluster2=0|cluster3=0) * P(cluster3=0|cluster8=0)[0.0131072]=0.0104858
binkey=252 [Edge status: 0 0 1 1 1 1 1 1 ] P(G)=P(cluster8=0)[0.8] * P(cluster1=1|cluster2=1) * P(cluster9=1|cluster6=1) * P(cluster7=1|cluster10=1) * P(cluster10=1|cluster6=1) * P(cluster6=1|cluster2=1) * P(cluster2=1|cluster3=0) * P(cluster3=0|cluster8=0)[0.0524288]=0.041943
ITERATION 0 newScore=-2.68319e+06 diffscore=18829.8 priorChange=-110.904 successMove=62
ITERATION 1 newScore=-2.6783e+06 diffscore=4890.75 priorChange=-123.38 successMove=52
ITERATION 2 newScore=-2.6729e+06 diffscore=5402.35 priorChange=-113.676 successMove=55
ITERATION 3 newScore=-2.66589e+06 diffscore=7010.86 priorChange=-126.153 successMove=58
ITERATION 4 newScore=-2.66289e+06 diffscore=2998.54 priorChange=-121.994 successMove=50
ITERATION 5 newScore=-2.65811e+06 diffscore=4783.78 priorChange=-110.904 successMove=51
ITERATION 6 newScore=-2.65006e+06 diffscore=8048.19 priorChange=-113.676 successMove=51
ITERATION 7 newScore=-2.6482e+06 diffscore=1855.88 priorChange=-113.676 successMove=51
ITERATION 8 newScore=-2.64588e+06 diffscore=2323.4 priorChange=-112.29 successMove=50
ITERATION 9 newScore=-2.64292e+06 diffscore=2957.56 priorChange=-106.745 successMove=51
ITERATION 10 newScore=-2.64018e+06 diffscore=2746.54 priorChange=-105.358 successMove=50
ITERATION 11 newScore=-2.63153e+06 diffscore=8642.47 priorChange=-99.8132 successMove=51
ITERATION 12 newScore=-2.63078e+06 diffscore=751.207 priorChange=-113.676 successMove=53
ITERATION 13 newScore=-2.62983e+06 diffscore=950.011 priorChange=-110.904 successMove=52
ITERATION 14 newScore=-2.62822e+06 diffscore=1608.1 priorChange=-123.38 successMove=49
ITERATION 15 newScore=-2.62587e+06 diffscore=2356.48 priorChange=-110.904 successMove=51
ITERATION 16 newScore=-2.62387e+06 diffscore=2002.19 priorChange=-103.972 successMove=49
ITERATION 17 newScore=-2.62189e+06 diffscore=1975 priorChange=-115.062 successMove=49
ITERATION 18 newScore=-2.61977e+06 diffscore=2124.6 priorChange=-121.994 successMove=49
ITERATION 19 newScore=-2.61914e+06 diffscore=621.436 priorChange=-113.676 successMove=50
ITERATION 20 newScore=-2.61731e+06 diffscore=1835.08 priorChange=-112.29 successMove=49
ITERATION 21 newScore=-2.61576e+06 diffscore=1553.95 priorChange=-101.199 successMove=49
ITERATION 22 newScore=-2.61194e+06 diffscore=3818.97 priorChange=-113.676 successMove=50
ITERATION 23 newScore=-2.60934e+06 diffscore=2593.27 priorChange=-103.972 successMove=49
ITERATION 24 newScore=-2.60608e+06 diffscore=3259.68 priorChange=-105.358 successMove=47
ITERATION 25 newScore=-2.6047e+06 diffscore=1382.36 priorChange=-102.586 successMove=48
ITERATION 26 newScore=-2.6041e+06 diffscore=597.042 priorChange=-108.131 successMove=47
ITERATION 27 newScore=-2.60356e+06 diffscore=547.629 priorChange=-113.676 successMove=47
ITERATION 28 newScore=-2.60134e+06 diffscore=2216.82 priorChange=-99.8132 successMove=46
ITERATION 29 newScore=-2.59958e+06 diffscore=1764.15 priorChange=-112.29 successMove=46
ITERATION 30 newScore=-2.59641e+06 diffscore=3170.12 priorChange=-106.745 successMove=46
ITERATION 31 newScore=-2.59245e+06 diffscore=3954.63 priorChange=-106.745 successMove=47
ITERATION 32 newScore=-2.59029e+06 diffscore=2162.23 priorChange=-101.199 successMove=46
ITERATION 33 newScore=-2.58879e+06 diffscore=1497.86 priorChange=-94.268 successMove=46
ITERATION 34 newScore=-2.58547e+06 diffscore=3322.6 priorChange=-95.6543 successMove=46
ITERATION 35 newScore=-2.58469e+06 diffscore=781.152 priorChange=-103.972 successMove=48
ITERATION 36 newScore=-2.58345e+06 diffscore=1240.48 priorChange=-98.4269 successMove=48
ITERATION 37 newScore=-2.58087e+06 diffscore=2572.21 priorChange=-87.3365 successMove=45
ITERATION 38 newScore=-2.58028e+06 diffscore=598.67 priorChange=-90.1091 successMove=45
ITERATION 39 newScore=-2.57724e+06 diffscore=3032.65 priorChange=-108.131 successMove=45
ITERATION 40 newScore=-2.57317e+06 diffscore=4074.34 priorChange=-83.1777 successMove=45
ITERATION 41 newScore=-2.5729e+06 diffscore=269.18 priorChange=-108.131 successMove=44
ITERATION 42 newScore=-2.57265e+06 diffscore=247.689 priorChange=-94.268 successMove=44
ITERATION 43 newScore=-2.5724e+06 diffscore=247.164 priorChange=-99.8132 successMove=46
ITERATION 44 newScore=-2.57215e+06 diffscore=249.856 priorChange=-109.517 successMove=44
ITERATION 45 newScore=-2.57175e+06 diffscore=402.206 priorChange=-97.0406 successMove=46
ITERATION 46 newScore=-2.5715e+06 diffscore=254.729 priorChange=-88.7228 successMove=44
ITERATION 47 newScore=-2.57121e+06 diffscore=286.07 priorChange=-98.4269 successMove=44
ITERATION 48 newScore=-2.57084e+06 diffscore=370.248 priorChange=-97.0406 successMove=42
ITERATION 49 newScore=-2.56987e+06 diffscore=966.512 priorChange=-99.8132 successMove=43
ITERATION 50 newScore=-2.56963e+06 diffscore=243.716 priorChange=-92.8817 successMove=41
ITERATION 51 newScore=-2.56933e+06 diffscore=304.083 priorChange=-94.268 successMove=42
ITERATION 52 newScore=-2.56871e+06 diffscore=612.107 priorChange=-91.4954 successMove=39
ITERATION 53 newScore=-2.56843e+06 diffscore=284.523 priorChange=-90.1091 successMove=40
ITERATION 54 newScore=-2.5675e+06 diffscore=930.916 priorChange=-83.1777 successMove=41
ITERATION 55 newScore=-2.56726e+06 diffscore=243.317 priorChange=-88.7228 successMove=39
ITERATION 56 newScore=-2.56702e+06 diffscore=237.378 priorChange=-94.268 successMove=39
ITERATION 57 newScore=-2.56552e+06 diffscore=1501.21 priorChange=-79.0188 successMove=36
ITERATION 58 newScore=-2.56527e+06 diffscore=248.934 priorChange=-84.564 successMove=36
ITERATION 59 newScore=-2.56398e+06 diffscore=1283.46 priorChange=-84.564 successMove=36
ITERATION 60 newScore=-2.56255e+06 diffscore=1432.59 priorChange=-90.1091 successMove=36
ITERATION 61 newScore=-2.56231e+06 diffscore=238.724 priorChange=-65.1558 successMove=34
ITERATION 62 newScore=-2.56106e+06 diffscore=1253.3 priorChange=-69.3147 successMove=33
ITERATION 63 newScore=-2.56092e+06 diffscore=144.053 priorChange=-69.3147 successMove=32
ITERATION 64 newScore=-2.56077e+06 diffscore=148.918 priorChange=-59.6107 successMove=32
ITERATION 65 newScore=-2.5606e+06 diffscore=168.183 priorChange=-55.4518 successMove=31
ITERATION 66 newScore=-2.56042e+06 diffscore=178.923 priorChange=-67.9284 successMove=30
ITERATION 67 newScore=-2.55836e+06 diffscore=2060.27 priorChange=-66.5421 successMove=28
ITERATION 68 newScore=-2.55824e+06 diffscore=116.731 priorChange=-65.1558 successMove=27
ITERATION 69 newScore=-2.55813e+06 diffscore=115.455 priorChange=-56.8381 successMove=26
ITERATION 70 newScore=-2.55802e+06 diffscore=110.249 priorChange=-48.5203 successMove=23
ITERATION 71 newScore=-2.55791e+06 diffscore=107.227 priorChange=-52.6792 successMove=24
ITERATION 72 newScore=-2.55782e+06 diffscore=93.3647 priorChange=-48.5203 successMove=23
ITERATION 73 newScore=-2.5577e+06 diffscore=115.68 priorChange=-54.0655 successMove=25
ITERATION 74 newScore=-2.5576e+06 diffscore=102.798 priorChange=-41.5888 successMove=21
ITERATION 75 newScore=-2.55748e+06 diffscore=118.923 priorChange=-54.0655 successMove=22
ITERATION 76 newScore=-2.55734e+06 diffscore=136.759 priorChange=-31.8848 successMove=20
ITERATION 77 newScore=-2.55621e+06 diffscore=1135.4 priorChange=-37.4299 successMove=20
ITERATION 78 newScore=-2.55614e+06 diffscore=64.6323 priorChange=-31.8848 successMove=22
ITERATION 79 newScore=-2.55608e+06 diffscore=65.9947 priorChange=-29.1122 successMove=18
ITERATION 80 newScore=-2.55598e+06 diffscore=101.727 priorChange=-31.8848 successMove=17
ITERATION 81 newScore=-2.5559e+06 diffscore=76.6142 priorChange=-24.9533 successMove=16
ITERATION 82 newScore=-2.55461e+06 diffscore=1285.31 priorChange=-30.4985 successMove=15
ITERATION 83 newScore=-2.55456e+06 diffscore=56.2103 priorChange=-19.4081 successMove=14
ITERATION 84 newScore=-2.5545e+06 diffscore=58.9074 priorChange=-22.1807 successMove=13
ITERATION 85 newScore=-2.55443e+06 diffscore=64.1551 priorChange=-16.6355 successMove=12
ITERATION 86 newScore=-2.55436e+06 diffscore=72.1382 priorChange=-22.1807 successMove=11
ITERATION 87 newScore=-2.55429e+06 diffscore=71.4734 priorChange=-23.567 successMove=13
ITERATION 88 newScore=-2.55421e+06 diffscore=84.6676 priorChange=-23.567 successMove=11
ITERATION 89 newScore=-2.55413e+06 diffscore=76.5415 priorChange=-18.0218 successMove=10
ITERATION 90 newScore=-2.55405e+06 diffscore=79.457 priorChange=-15.2492 successMove=10
ITERATION 91 newScore=-2.55394e+06 diffscore=110.252 priorChange=-20.7944 successMove=9
ITERATION 92 newScore=-2.55384e+06 diffscore=97.8207 priorChange=-19.4081 successMove=9
ITERATION 93 newScore=-2.55367e+06 diffscore=171.747 priorChange=-16.6355 successMove=9
ITERATION 94 newScore=-2.55246e+06 diffscore=1206.07 priorChange=-22.1807 successMove=9
ITERATION 95 newScore=-2.55242e+06 diffscore=45.5113 priorChange=-16.6355 successMove=8
ITERATION 96 newScore=-2.55237e+06 diffscore=46.2696 priorChange=-22.1807 successMove=8
ITERATION 97 newScore=-2.55233e+06 diffscore=39.0334 priorChange=-11.0904 successMove=9
ITERATION 98 newScore=-2.5523e+06 diffscore=36.4547 priorChange=-16.6355 successMove=8
ITERATION 99 newScore=-2.55225e+06 diffscore=44.2087 priorChange=-16.6355 successMove=7
MetaLearner::dumpAllGraphs
Final Score -2.55225e+06
MetaLearner::start runtime: 1311203174 ms
Results/
Results/cluster10/
Results/cluster10/fold0/
Results/cluster10/fold0/modelparams.txt
Results/cluster10/fold0/var_mb_pw_k50.txt
Results/cluster1/
Results/cluster1/fold0/
Results/cluster1/fold0/modelparams.txt
Results/cluster1/fold0/var_mb_pw_k50.txt
Results/cluster6/
Results/cluster6/fold0/
Results/cluster6/fold0/modelparams.txt
Results/cluster6/fold0/var_mb_pw_k50.txt
Results/cluster9/
Results/cluster9/fold0/
Results/cluster9/fold0/modelparams.txt
Results/cluster9/fold0/var_mb_pw_k50.txt
Results/cluster2/
Results/cluster2/fold0/
Results/cluster2/fold0/modelparams.txt
Results/cluster2/fold0/var_mb_pw_k50.txt
Results/cluster7/
Results/cluster7/fold0/
Results/cluster7/fold0/modelparams.txt
Results/cluster7/fold0/var_mb_pw_k50.txt
Results/cluster3/
Results/cluster3/fold0/
Results/cluster3/fold0/modelparams.txt
Results/cluster3/fold0/var_mb_pw_k50.txt
Results/cluster8/
Results/cluster8/scoreFile.txt
Results/cluster8/fold0/
Results/cluster8/fold0/modelparams.txt
Results/cluster8/fold0/var_mb_pw_k50.txt
