000 (49777.299.000) 10/11 10:48:08 Job submitted from host: <144.92.142.142:9618?addrs=144.92.142.142-9618&noUDP&sock=44923_051a_3>
...
001 (49777.299.000) 10/11 13:07:36 Job executing on host: <128.105.68.16:9618?addrs=128.105.68.16-9618&alias=coba2000.chtc.wisc.edu&noUDP&sock=startd_7305_336c>
...
006 (49777.299.000) 10/11 13:07:44 Image size of job updated: 156756
	104  -  MemoryUsage of job (MB)
	105568  -  ResidentSetSize of job (KB)
...
006 (49777.299.000) 10/11 13:12:44 Image size of job updated: 806704
	754  -  MemoryUsage of job (MB)
	771556  -  ResidentSetSize of job (KB)
...
006 (49777.299.000) 10/11 13:17:45 Image size of job updated: 1271140
	1201  -  MemoryUsage of job (MB)
	1228924  -  ResidentSetSize of job (KB)
...
006 (49777.299.000) 10/11 13:22:45 Image size of job updated: 1714700
	1638  -  MemoryUsage of job (MB)
	1677280  -  ResidentSetSize of job (KB)
...
006 (49777.299.000) 10/11 13:27:45 Image size of job updated: 2150684
	2051  -  MemoryUsage of job (MB)
	2099844  -  ResidentSetSize of job (KB)
...
006 (49777.299.000) 10/11 13:29:54 Image size of job updated: 2309968
	2051  -  MemoryUsage of job (MB)
	2099860  -  ResidentSetSize of job (KB)
...
005 (49777.299.000) 10/11 13:29:54 Job terminated.
	(1) Normal termination (return value 0)
		Usr 0 00:22:10, Sys 0 00:00:05  -  Run Remote Usage
		Usr 0 00:00:00, Sys 0 00:00:00  -  Run Local Usage
		Usr 0 00:22:10, Sys 0 00:00:05  -  Total Remote Usage
		Usr 0 00:00:00, Sys 0 00:00:00  -  Total Local Usage
	173731  -  Run Bytes Sent By Job
	316905856  -  Run Bytes Received By Job
	173731  -  Total Bytes Sent By Job
	316905856  -  Total Bytes Received By Job
	Partitionable Resources :     Usage  Request Allocated 
	   Cpus                 :      1.00        1         1 
	   Disk (KB)            : 325000      819200  44742796 
	   Gpus                 :                            0 
	   Ioheavy              :                            0 
	   Memory (MB)          :   2051       20480     21341 
...
