000 (49777.071.000) 10/11 10:48:07 Job submitted from host: <144.92.142.142:9618?addrs=144.92.142.142-9618&noUDP&sock=44923_051a_3>
...
001 (49777.071.000) 10/11 11:18:47 Job executing on host: <128.105.68.36:9618?addrs=128.105.68.36-9618&alias=e2466.chtc.wisc.edu&noUDP&sock=startd_4889_069c>
...
006 (49777.071.000) 10/11 11:18:55 Image size of job updated: 156692
	103  -  MemoryUsage of job (MB)
	105136  -  ResidentSetSize of job (KB)
...
006 (49777.071.000) 10/11 11:23:55 Image size of job updated: 721968
	655  -  MemoryUsage of job (MB)
	670392  -  ResidentSetSize of job (KB)
...
006 (49777.071.000) 10/11 11:28:55 Image size of job updated: 958728
	904  -  MemoryUsage of job (MB)
	925680  -  ResidentSetSize of job (KB)
...
006 (49777.071.000) 10/11 11:33:56 Image size of job updated: 1537092
	1479  -  MemoryUsage of job (MB)
	1514004  -  ResidentSetSize of job (KB)
...
006 (49777.071.000) 10/11 11:38:56 Image size of job updated: 2219956
	2120  -  MemoryUsage of job (MB)
	2170176  -  ResidentSetSize of job (KB)
...
006 (49777.071.000) 10/11 11:43:56 Image size of job updated: 2899292
	2789  -  MemoryUsage of job (MB)
	2855256  -  ResidentSetSize of job (KB)
...
006 (49777.071.000) 10/11 11:46:32 Image size of job updated: 3301348
	2789  -  MemoryUsage of job (MB)
	2855256  -  ResidentSetSize of job (KB)
...
005 (49777.071.000) 10/11 11:46:32 Job terminated.
	(1) Normal termination (return value 0)
		Usr 0 00:27:39, Sys 0 00:00:05  -  Run Remote Usage
		Usr 0 00:00:00, Sys 0 00:00:00  -  Run Local Usage
		Usr 0 00:27:39, Sys 0 00:00:05  -  Total Remote Usage
		Usr 0 00:00:00, Sys 0 00:00:00  -  Total Local Usage
	178658  -  Run Bytes Sent By Job
	316855744  -  Run Bytes Received By Job
	178658  -  Total Bytes Sent By Job
	316855744  -  Total Bytes Received By Job
	Partitionable Resources :     Usage  Request Allocated 
	   Cpus                 :      1.00        1         1 
	   Disk (KB)            : 325000      819200   1696336 
	   Memory (MB)          :   2789       20480     20480 
...
