000 (49777.2406.000) 10/11 10:48:14 Job submitted from host: <144.92.142.142:9618?addrs=144.92.142.142-9618&noUDP&sock=44923_051a_3>
...
001 (49777.2406.000) 10/11 19:06:45 Job executing on host: <128.105.68.47:9618?addrs=128.105.68.47-9618&alias=e2477.chtc.wisc.edu&noUDP&sock=startd_4901_41bf>
...
006 (49777.2406.000) 10/11 19:06:53 Image size of job updated: 105392
	103  -  MemoryUsage of job (MB)
	105392  -  ResidentSetSize of job (KB)
...
006 (49777.2406.000) 10/11 19:11:53 Image size of job updated: 722068
	656  -  MemoryUsage of job (MB)
	670764  -  ResidentSetSize of job (KB)
...
006 (49777.2406.000) 10/11 19:16:54 Image size of job updated: 952824
	892  -  MemoryUsage of job (MB)
	912852  -  ResidentSetSize of job (KB)
...
006 (49777.2406.000) 10/11 19:21:55 Image size of job updated: 1418532
	1345  -  MemoryUsage of job (MB)
	1376304  -  ResidentSetSize of job (KB)
...
006 (49777.2406.000) 10/11 19:26:55 Image size of job updated: 1918220
	1824  -  MemoryUsage of job (MB)
	1867080  -  ResidentSetSize of job (KB)
...
006 (49777.2406.000) 10/11 19:31:55 Image size of job updated: 2403868
	2299  -  MemoryUsage of job (MB)
	2353500  -  ResidentSetSize of job (KB)
...
006 (49777.2406.000) 10/11 19:32:20 Image size of job updated: 2426608
	2299  -  MemoryUsage of job (MB)
	2353500  -  ResidentSetSize of job (KB)
...
005 (49777.2406.000) 10/11 19:32:20 Job terminated.
	(1) Normal termination (return value 0)
		Usr 0 00:25:16, Sys 0 00:00:05  -  Run Remote Usage
		Usr 0 00:00:00, Sys 0 00:00:00  -  Run Local Usage
		Usr 0 00:25:16, Sys 0 00:00:05  -  Total Remote Usage
		Usr 0 00:00:00, Sys 0 00:00:00  -  Total Local Usage
	162567  -  Run Bytes Sent By Job
	316778560  -  Run Bytes Received By Job
	162567  -  Total Bytes Sent By Job
	316778560  -  Total Bytes Received By Job
	Partitionable Resources :     Usage  Request Allocated 
	   Cpus                 :      0.99        1         1 
	   Disk (KB)            : 325000      819200   1701260 
	   Memory (MB)          :   2299       20480     20480 
...
