./CVN -f config_condor.txt -x50 -v1 -l TFs_OGs.txt -n AllGenes6.txt -d celltype_tree_ancestor.txt -m testdata_ogids.txt -s celltype_order.txt -p 0.2 -c yes -b -4 -q 4
(cluster3|cluster8) p_maintain_edge=0.8 p_gain=0.2
(cluster2|cluster3) p_maintain_edge=0.8 p_gain=0.2
(cluster1|cluster2) p_maintain_edge=0.8 p_gain=0.2
(cluster6|cluster2) p_maintain_edge=0.8 p_gain=0.2
(cluster9|cluster6) p_maintain_edge=0.8 p_gain=0.2
(cluster10|cluster6) p_maintain_edge=0.8 p_gain=0.2
(cluster7|cluster10) p_maintain_edge=0.8 p_gain=0.2
speciesSet.size()=8 Root is cluster8
MappedOrthogroupReader::readSpeciesMapping() --- celltype_order.txt
MappedOrthogroupReader::readFile - testdata_ogids.txt
MappedOrthogroupReader::generateGeneOrthoMap()
MetaLearner::init_onefold() read:config_condor.txt
MetaLearner::setinputVariableNames number of variables: 2042
readEvidenceTable:cluster8.table
PotentialManager::loadEvidenceFromTable varCount=2042 sampleCount=348
motifNetwork.size() = 319
0=cluster8 motifNetwork=cluster8_network.txt
variable size=2042
readEvidenceTable:cluster3.table
PotentialManager::loadEvidenceFromTable varCount=2042 sampleCount=95
motifNetwork.size() = 326
1=cluster3 motifNetwork=cluster3_network.txt
variable size=2042
readEvidenceTable:cluster2.table
PotentialManager::loadEvidenceFromTable varCount=2042 sampleCount=386
motifNetwork.size() = 328
2=cluster2 motifNetwork=cluster2_network.txt
variable size=2042
readEvidenceTable:cluster1.table
PotentialManager::loadEvidenceFromTable varCount=2042 sampleCount=36
motifNetwork.size() = 322
3=cluster1 motifNetwork=cluster1_network.txt
variable size=2042
readEvidenceTable:cluster6.table
PotentialManager::loadEvidenceFromTable varCount=2042 sampleCount=524
motifNetwork.size() = 320
4=cluster6 motifNetwork=cluster6_network.txt
variable size=2042
readEvidenceTable:cluster9.table
PotentialManager::loadEvidenceFromTable varCount=2042 sampleCount=184
motifNetwork.size() = 327
5=cluster9 motifNetwork=cluster9_network.txt
variable size=2042
readEvidenceTable:cluster10.table
PotentialManager::loadEvidenceFromTable varCount=2042 sampleCount=165
motifNetwork.size() = 326
6=cluster10 motifNetwork=cluster10_network.txt
variable size=2042
readEvidenceTable:cluster7.table
PotentialManager::loadEvidenceFromTable varCount=2042 sampleCount=1032
motifNetwork.size() = 320
7=cluster7 motifNetwork=cluster7_network.txt
variable size=2042
-------------------------------------------------------------
MetaLearner::start
precomputeEmptyGraphPrior
binkey=0 [Edge status: 0 0 0 0 0 0 0 0 ] P(G)=P(cluster8=0)[0.8] * P(cluster1=0|cluster2=0) * P(cluster9=0|cluster6=0) * P(cluster7=0|cluster10=0) * P(cluster10=0|cluster6=0) * P(cluster6=0|cluster2=0) * P(cluster2=0|cluster3=0) * P(cluster3=0|cluster8=0)[0.209715]=0.167772
condsetMap_Tree
0 cluster8=0 cluster3=0 cluster2=0 cluster1=0 cluster6=0 cluster9=0 cluster10=0 cluster7=1
1 cluster8=0 cluster3=0 cluster2=0 cluster1=0 cluster6=0 cluster9=1 cluster10=0 cluster7=0
2 cluster8=0 cluster3=0 cluster2=0 cluster1=0 cluster6=0 cluster9=1 cluster10=0 cluster7=1
3 cluster8=0 cluster3=0 cluster2=0 cluster1=1 cluster6=0 cluster9=0 cluster10=0 cluster7=0
4 cluster8=0 cluster3=0 cluster2=0 cluster1=1 cluster6=0 cluster9=0 cluster10=0 cluster7=1
5 cluster8=0 cluster3=0 cluster2=0 cluster1=1 cluster6=0 cluster9=1 cluster10=0 cluster7=0
6 cluster8=0 cluster3=0 cluster2=0 cluster1=1 cluster6=0 cluster9=1 cluster10=0 cluster7=1
7 cluster8=0 cluster3=0 cluster2=0 cluster1=0 cluster6=0 cluster9=0 cluster10=1 cluster7=1
8 cluster8=0 cluster3=0 cluster2=0 cluster1=0 cluster6=0 cluster9=1 cluster10=1 cluster7=1
9 cluster8=0 cluster3=0 cluster2=0 cluster1=1 cluster6=0 cluster9=0 cluster10=1 cluster7=1
10 cluster8=0 cluster3=0 cluster2=0 cluster1=1 cluster6=0 cluster9=1 cluster10=1 cluster7=1
11 cluster8=0 cluster3=0 cluster2=0 cluster1=0 cluster6=1 cluster9=1 cluster10=1 cluster7=1
12 cluster8=0 cluster3=0 cluster2=0 cluster1=1 cluster6=1 cluster9=1 cluster10=1 cluster7=1
13 cluster8=0 cluster3=0 cluster2=1 cluster1=1 cluster6=1 cluster9=1 cluster10=1 cluster7=1
14 cluster8=0 cluster3=1 cluster2=1 cluster1=1 cluster6=1 cluster9=1 cluster10=1 cluster7=1
15 cluster8=1 cluster3=1 cluster2=1 cluster1=1 cluster6=1 cluster9=1 cluster10=1 cluster7=1
16 cluster8=1 cluster3=1 cluster2=1 cluster1=1 cluster6=1 cluster9=1 cluster10=1 cluster7=0
17 cluster8=1 cluster3=1 cluster2=1 cluster1=1 cluster6=1 cluster9=0 cluster10=1 cluster7=1
18 cluster8=1 cluster3=1 cluster2=1 cluster1=1 cluster6=1 cluster9=0 cluster10=1 cluster7=0
19 cluster8=1 cluster3=1 cluster2=1 cluster1=0 cluster6=1 cluster9=1 cluster10=1 cluster7=1
20 cluster8=1 cluster3=1 cluster2=1 cluster1=0 cluster6=1 cluster9=1 cluster10=1 cluster7=0
21 cluster8=1 cluster3=1 cluster2=1 cluster1=0 cluster6=1 cluster9=0 cluster10=1 cluster7=1
22 cluster8=1 cluster3=1 cluster2=1 cluster1=0 cluster6=1 cluster9=0 cluster10=1 cluster7=0
23 cluster8=1 cluster3=1 cluster2=1 cluster1=1 cluster6=1 cluster9=1 cluster10=0 cluster7=0
24 cluster8=1 cluster3=1 cluster2=1 cluster1=1 cluster6=1 cluster9=0 cluster10=0 cluster7=0
25 cluster8=1 cluster3=1 cluster2=1 cluster1=0 cluster6=1 cluster9=1 cluster10=0 cluster7=0
26 cluster8=1 cluster3=1 cluster2=1 cluster1=0 cluster6=1 cluster9=0 cluster10=0 cluster7=0
27 cluster8=1 cluster3=1 cluster2=1 cluster1=1 cluster6=0 cluster9=0 cluster10=0 cluster7=0
28 cluster8=1 cluster3=1 cluster2=1 cluster1=0 cluster6=0 cluster9=0 cluster10=0 cluster7=0
29 cluster8=1 cluster3=1 cluster2=0 cluster1=0 cluster6=0 cluster9=0 cluster10=0 cluster7=0
30 cluster8=1 cluster3=0 cluster2=0 cluster1=0 cluster6=0 cluster9=0 cluster10=0 cluster7=0
31 cluster8=0 cluster3=0 cluster2=0 cluster1=0 cluster6=1 cluster9=0 cluster10=0 cluster7=0
32 cluster8=0 cluster3=0 cluster2=1 cluster1=0 cluster6=0 cluster9=0 cluster10=0 cluster7=0
33 cluster8=0 cluster3=0 cluster2=0 cluster1=0 cluster6=0 cluster9=0 cluster10=1 cluster7=0
34 cluster8=0 cluster3=1 cluster2=0 cluster1=0 cluster6=0 cluster9=0 cluster10=0 cluster7=0
inputRegulatorOGs.size() = 1999 inputOGList.size() = 50
binkey=128 [Edge status: 0 0 0 0 0 0 0 1 ] P(G)=P(cluster8=0)[0.8] * P(cluster1=0|cluster2=0) * P(cluster9=0|cluster6=0) * P(cluster7=1|cluster10=0) * P(cluster10=0|cluster6=0) * P(cluster6=0|cluster2=0) * P(cluster2=0|cluster3=0) * P(cluster3=0|cluster8=0)[0.0524288]=0.041943
binkey=64 [Edge status: 0 0 0 0 0 0 1 0 ] P(G)=P(cluster8=0)[0.8] * P(cluster1=0|cluster2=0) * P(cluster9=0|cluster6=0) * P(cluster7=0|cluster10=1) * P(cluster10=1|cluster6=0) * P(cluster6=0|cluster2=0) * P(cluster2=0|cluster3=0) * P(cluster3=0|cluster8=0)[0.0131072]=0.0104858
binkey=1 [Edge status: 1 0 0 0 0 0 0 0 ] P(G)=P(cluster8=1)[0.2] * P(cluster1=0|cluster2=0) * P(cluster9=0|cluster6=0) * P(cluster7=0|cluster10=0) * P(cluster10=0|cluster6=0) * P(cluster6=0|cluster2=0) * P(cluster2=0|cluster3=0) * P(cluster3=0|cluster8=1)[0.0524288]=0.0104858
binkey=16 [Edge status: 0 0 0 0 1 0 0 0 ] P(G)=P(cluster8=0)[0.8] * P(cluster1=0|cluster2=0) * P(cluster9=0|cluster6=1) * P(cluster7=0|cluster10=0) * P(cluster10=0|cluster6=1) * P(cluster6=1|cluster2=0) * P(cluster2=0|cluster3=0) * P(cluster3=0|cluster8=0)[0.0032768]=0.00262144
binkey=32 [Edge status: 0 0 0 0 0 1 0 0 ] P(G)=P(cluster8=0)[0.8] * P(cluster1=0|cluster2=0) * P(cluster9=1|cluster6=0) * P(cluster7=0|cluster10=0) * P(cluster10=0|cluster6=0) * P(cluster6=0|cluster2=0) * P(cluster2=0|cluster3=0) * P(cluster3=0|cluster8=0)[0.0524288]=0.041943
binkey=8 [Edge status: 0 0 0 1 0 0 0 0 ] P(G)=P(cluster8=0)[0.8] * P(cluster1=1|cluster2=0) * P(cluster9=0|cluster6=0) * P(cluster7=0|cluster10=0) * P(cluster10=0|cluster6=0) * P(cluster6=0|cluster2=0) * P(cluster2=0|cluster3=0) * P(cluster3=0|cluster8=0)[0.0524288]=0.041943
binkey=4 [Edge status: 0 0 1 0 0 0 0 0 ] P(G)=P(cluster8=0)[0.8] * P(cluster1=0|cluster2=1) * P(cluster9=0|cluster6=0) * P(cluster7=0|cluster10=0) * P(cluster10=0|cluster6=0) * P(cluster6=0|cluster2=1) * P(cluster2=1|cluster3=0) * P(cluster3=0|cluster8=0)[0.0032768]=0.00262144
binkey=2 [Edge status: 0 1 0 0 0 0 0 0 ] P(G)=P(cluster8=0)[0.8] * P(cluster1=0|cluster2=0) * P(cluster9=0|cluster6=0) * P(cluster7=0|cluster10=0) * P(cluster10=0|cluster6=0) * P(cluster6=0|cluster2=0) * P(cluster2=0|cluster3=1) * P(cluster3=1|cluster8=0)[0.0131072]=0.0104858
binkey=40 [Edge status: 0 0 0 1 0 1 0 0 ] P(G)=P(cluster8=0)[0.8] * P(cluster1=1|cluster2=0) * P(cluster9=1|cluster6=0) * P(cluster7=0|cluster10=0) * P(cluster10=0|cluster6=0) * P(cluster6=0|cluster2=0) * P(cluster2=0|cluster3=0) * P(cluster3=0|cluster8=0)[0.0131072]=0.0104858
binkey=192 [Edge status: 0 0 0 0 0 0 1 1 ] P(G)=P(cluster8=0)[0.8] * P(cluster1=0|cluster2=0) * P(cluster9=0|cluster6=0) * P(cluster7=1|cluster10=1) * P(cluster10=1|cluster6=0) * P(cluster6=0|cluster2=0) * P(cluster2=0|cluster3=0) * P(cluster3=0|cluster8=0)[0.0524288]=0.041943
binkey=160 [Edge status: 0 0 0 0 0 1 0 1 ] P(G)=P(cluster8=0)[0.8] * P(cluster1=0|cluster2=0) * P(cluster9=1|cluster6=0) * P(cluster7=1|cluster10=0) * P(cluster10=0|cluster6=0) * P(cluster6=0|cluster2=0) * P(cluster2=0|cluster3=0) * P(cluster3=0|cluster8=0)[0.0131072]=0.0104858
binkey=136 [Edge status: 0 0 0 1 0 0 0 1 ] P(G)=P(cluster8=0)[0.8] * P(cluster1=1|cluster2=0) * P(cluster9=0|cluster6=0) * P(cluster7=1|cluster10=0) * P(cluster10=0|cluster6=0) * P(cluster6=0|cluster2=0) * P(cluster2=0|cluster3=0) * P(cluster3=0|cluster8=0)[0.0131072]=0.0104858
binkey=168 [Edge status: 0 0 0 1 0 1 0 1 ] P(G)=P(cluster8=0)[0.8] * P(cluster1=1|cluster2=0) * P(cluster9=1|cluster6=0) * P(cluster7=1|cluster10=0) * P(cluster10=0|cluster6=0) * P(cluster6=0|cluster2=0) * P(cluster2=0|cluster3=0) * P(cluster3=0|cluster8=0)[0.0032768]=0.00262144
binkey=224 [Edge status: 0 0 0 0 0 1 1 1 ] P(G)=P(cluster8=0)[0.8] * P(cluster1=0|cluster2=0) * P(cluster9=1|cluster6=0) * P(cluster7=1|cluster10=1) * P(cluster10=1|cluster6=0) * P(cluster6=0|cluster2=0) * P(cluster2=0|cluster3=0) * P(cluster3=0|cluster8=0)[0.0131072]=0.0104858
binkey=200 [Edge status: 0 0 0 1 0 0 1 1 ] P(G)=P(cluster8=0)[0.8] * P(cluster1=1|cluster2=0) * P(cluster9=0|cluster6=0) * P(cluster7=1|cluster10=1) * P(cluster10=1|cluster6=0) * P(cluster6=0|cluster2=0) * P(cluster2=0|cluster3=0) * P(cluster3=0|cluster8=0)[0.0131072]=0.0104858
binkey=232 [Edge status: 0 0 0 1 0 1 1 1 ] P(G)=P(cluster8=0)[0.8] * P(cluster1=1|cluster2=0) * P(cluster9=1|cluster6=0) * P(cluster7=1|cluster10=1) * P(cluster10=1|cluster6=0) * P(cluster6=0|cluster2=0) * P(cluster2=0|cluster3=0) * P(cluster3=0|cluster8=0)[0.0032768]=0.00262144
binkey=3 [Edge status: 1 1 0 0 0 0 0 0 ] P(G)=P(cluster8=1)[0.2] * P(cluster1=0|cluster2=0) * P(cluster9=0|cluster6=0) * P(cluster7=0|cluster10=0) * P(cluster10=0|cluster6=0) * P(cluster6=0|cluster2=0) * P(cluster2=0|cluster3=1) * P(cluster3=1|cluster8=1)[0.0524288]=0.0104858
binkey=15 [Edge status: 1 1 1 1 0 0 0 0 ] P(G)=P(cluster8=1)[0.2] * P(cluster1=1|cluster2=1) * P(cluster9=0|cluster6=0) * P(cluster7=0|cluster10=0) * P(cluster10=0|cluster6=0) * P(cluster6=0|cluster2=1) * P(cluster2=1|cluster3=1) * P(cluster3=1|cluster8=1)[0.0524288]=0.0104858
binkey=7 [Edge status: 1 1 1 0 0 0 0 0 ] P(G)=P(cluster8=1)[0.2] * P(cluster1=0|cluster2=1) * P(cluster9=0|cluster6=0) * P(cluster7=0|cluster10=0) * P(cluster10=0|cluster6=0) * P(cluster6=0|cluster2=1) * P(cluster2=1|cluster3=1) * P(cluster3=1|cluster8=1)[0.0131072]=0.00262144
binkey=215 [Edge status: 1 1 1 0 1 0 1 1 ] P(G)=P(cluster8=1)[0.2] * P(cluster1=0|cluster2=1) * P(cluster9=0|cluster6=1) * P(cluster7=1|cluster10=1) * P(cluster10=1|cluster6=1) * P(cluster6=1|cluster2=1) * P(cluster2=1|cluster3=1) * P(cluster3=1|cluster8=1)[0.0131072]=0.00262144
binkey=87 [Edge status: 1 1 1 0 1 0 1 0 ] P(G)=P(cluster8=1)[0.2] * P(cluster1=0|cluster2=1) * P(cluster9=0|cluster6=1) * P(cluster7=0|cluster10=1) * P(cluster10=1|cluster6=1) * P(cluster6=1|cluster2=1) * P(cluster2=1|cluster3=1) * P(cluster3=1|cluster8=1)[0.0032768]=0.00065536
binkey=23 [Edge status: 1 1 1 0 1 0 0 0 ] P(G)=P(cluster8=1)[0.2] * P(cluster1=0|cluster2=1) * P(cluster9=0|cluster6=1) * P(cluster7=0|cluster10=0) * P(cluster10=0|cluster6=1) * P(cluster6=1|cluster2=1) * P(cluster2=1|cluster3=1) * P(cluster3=1|cluster8=1)[0.0032768]=0.00065536
binkey=240 [Edge status: 0 0 0 0 1 1 1 1 ] P(G)=P(cluster8=0)[0.8] * P(cluster1=0|cluster2=0) * P(cluster9=1|cluster6=1) * P(cluster7=1|cluster10=1) * P(cluster10=1|cluster6=1) * P(cluster6=1|cluster2=0) * P(cluster2=0|cluster3=0) * P(cluster3=0|cluster8=0)[0.0524288]=0.041943
ITERATION 0 newScore=-2.6848e+06 diffscore=13795.4 priorChange=-97.0406 successMove=60
ITERATION 1 newScore=-2.67451e+06 diffscore=10289.4 priorChange=-99.8132 successMove=55
ITERATION 2 newScore=-2.66676e+06 diffscore=7743.32 priorChange=-106.745 successMove=51
ITERATION 3 newScore=-2.65913e+06 diffscore=7632.9 priorChange=-99.8132 successMove=52
binkey=248 [Edge status: 0 0 0 1 1 1 1 1 ] P(G)=P(cluster8=0)[0.8] * P(cluster1=1|cluster2=0) * P(cluster9=1|cluster6=1) * P(cluster7=1|cluster10=1) * P(cluster10=1|cluster6=1) * P(cluster6=1|cluster2=0) * P(cluster2=0|cluster3=0) * P(cluster3=0|cluster8=0)[0.0131072]=0.0104858
ITERATION 4 newScore=-2.65709e+06 diffscore=2038.77 priorChange=-120.608 successMove=53
ITERATION 5 newScore=-2.65218e+06 diffscore=4914.37 priorChange=-121.994 successMove=50
ITERATION 6 newScore=-2.64992e+06 diffscore=2263.01 priorChange=-115.062 successMove=53
ITERATION 7 newScore=-2.6488e+06 diffscore=1112.31 priorChange=-106.745 successMove=53
ITERATION 8 newScore=-2.64659e+06 diffscore=2213.43 priorChange=-106.745 successMove=51
ITERATION 9 newScore=-2.64408e+06 diffscore=2506.22 priorChange=-115.062 successMove=55
ITERATION 10 newScore=-2.64314e+06 diffscore=939.772 priorChange=-109.517 successMove=50
ITERATION 11 newScore=-2.64098e+06 diffscore=2158.95 priorChange=-109.517 successMove=52
ITERATION 12 newScore=-2.63928e+06 diffscore=1709 priorChange=-94.268 successMove=51
ITERATION 13 newScore=-2.63831e+06 diffscore=965.995 priorChange=-112.29 successMove=56
ITERATION 14 newScore=-2.6361e+06 diffscore=2211.09 priorChange=-102.586 successMove=50
ITERATION 15 newScore=-2.63223e+06 diffscore=3869.07 priorChange=-103.972 successMove=50
ITERATION 16 newScore=-2.62974e+06 diffscore=2493.77 priorChange=-98.4269 successMove=49
ITERATION 17 newScore=-2.62662e+06 diffscore=3114.93 priorChange=-110.904 successMove=48
ITERATION 18 newScore=-2.62434e+06 diffscore=2278.37 priorChange=-92.8817 successMove=48
ITERATION 19 newScore=-2.6216e+06 diffscore=2737.96 priorChange=-112.29 successMove=48
ITERATION 20 newScore=-2.6185e+06 diffscore=3102.9 priorChange=-113.676 successMove=48
ITERATION 21 newScore=-2.61803e+06 diffscore=475.777 priorChange=-98.4269 successMove=47
ITERATION 22 newScore=-2.61638e+06 diffscore=1649.26 priorChange=-94.268 successMove=47
ITERATION 23 newScore=-2.61512e+06 diffscore=1259.81 priorChange=-99.8132 successMove=45
ITERATION 24 newScore=-2.6146e+06 diffscore=514.003 priorChange=-101.199 successMove=45
ITERATION 25 newScore=-2.6124e+06 diffscore=2201.59 priorChange=-105.358 successMove=46
ITERATION 26 newScore=-2.61073e+06 diffscore=1674.84 priorChange=-97.0406 successMove=45
ITERATION 27 newScore=-2.61035e+06 diffscore=380.131 priorChange=-91.4954 successMove=46
ITERATION 28 newScore=-2.6073e+06 diffscore=3043.12 priorChange=-99.8132 successMove=47
ITERATION 29 newScore=-2.60624e+06 diffscore=1063.61 priorChange=-99.8132 successMove=44
ITERATION 30 newScore=-2.60569e+06 diffscore=553.222 priorChange=-81.7914 successMove=43
ITERATION 31 newScore=-2.6053e+06 diffscore=388.44 priorChange=-84.564 successMove=44
ITERATION 32 newScore=-2.60315e+06 diffscore=2149.06 priorChange=-91.4954 successMove=43
ITERATION 33 newScore=-2.60209e+06 diffscore=1063.03 priorChange=-95.6543 successMove=43
ITERATION 34 newScore=-2.6001e+06 diffscore=1983.16 priorChange=-81.7914 successMove=43
ITERATION 35 newScore=-2.59715e+06 diffscore=2953.53 priorChange=-85.9503 successMove=42
ITERATION 36 newScore=-2.59677e+06 diffscore=377.015 priorChange=-84.564 successMove=41
ITERATION 37 newScore=-2.59606e+06 diffscore=714.655 priorChange=-72.0873 successMove=43
ITERATION 38 newScore=-2.59541e+06 diffscore=642.737 priorChange=-87.3365 successMove=41
ITERATION 39 newScore=-2.59507e+06 diffscore=344.243 priorChange=-91.4954 successMove=41
ITERATION 40 newScore=-2.59358e+06 diffscore=1487.7 priorChange=-91.4954 successMove=41
ITERATION 41 newScore=-2.59331e+06 diffscore=274.37 priorChange=-74.8599 successMove=42
ITERATION 42 newScore=-2.59291e+06 diffscore=399.294 priorChange=-74.8599 successMove=41
ITERATION 43 newScore=-2.5926e+06 diffscore=311.662 priorChange=-79.0188 successMove=40
ITERATION 44 newScore=-2.59149e+06 diffscore=1103.47 priorChange=-91.4954 successMove=40
ITERATION 45 newScore=-2.58835e+06 diffscore=3144.13 priorChange=-88.7228 successMove=38
ITERATION 46 newScore=-2.58496e+06 diffscore=3389.27 priorChange=-80.4051 successMove=38
ITERATION 47 newScore=-2.58472e+06 diffscore=244.046 priorChange=-85.9503 successMove=40
ITERATION 48 newScore=-2.58337e+06 diffscore=1347.76 priorChange=-77.6325 successMove=38
ITERATION 49 newScore=-2.5832e+06 diffscore=170.8 priorChange=-72.0873 successMove=37
ITERATION 50 newScore=-2.58175e+06 diffscore=1445.35 priorChange=-83.1777 successMove=37
ITERATION 51 newScore=-2.58155e+06 diffscore=203.628 priorChange=-81.7914 successMove=35
ITERATION 52 newScore=-2.58009e+06 diffscore=1458.15 priorChange=-72.0873 successMove=35
ITERATION 53 newScore=-2.57868e+06 diffscore=1406.24 priorChange=-58.2244 successMove=31
ITERATION 54 newScore=-2.57792e+06 diffscore=769.553 priorChange=-70.701 successMove=32
ITERATION 55 newScore=-2.57779e+06 diffscore=128.628 priorChange=-60.997 successMove=28
ITERATION 56 newScore=-2.57766e+06 diffscore=130.295 priorChange=-65.1558 successMove=28
ITERATION 57 newScore=-2.57747e+06 diffscore=181.429 priorChange=-60.997 successMove=27
ITERATION 58 newScore=-2.57658e+06 diffscore=896.389 priorChange=-63.7695 successMove=27
ITERATION 59 newScore=-2.57644e+06 diffscore=134.458 priorChange=-58.2244 successMove=25
ITERATION 60 newScore=-2.57523e+06 diffscore=1213.33 priorChange=-65.1558 successMove=25
ITERATION 61 newScore=-2.57392e+06 diffscore=1315.4 priorChange=-51.2929 successMove=21
ITERATION 62 newScore=-2.57376e+06 diffscore=155.34 priorChange=-48.5203 successMove=22
ITERATION 63 newScore=-2.57346e+06 diffscore=295.228 priorChange=-40.2025 successMove=20
ITERATION 64 newScore=-2.57267e+06 diffscore=795.775 priorChange=-41.5888 successMove=20
ITERATION 65 newScore=-2.57256e+06 diffscore=112.57 priorChange=-44.3614 successMove=19
ITERATION 66 newScore=-2.57241e+06 diffscore=142.857 priorChange=-48.5203 successMove=18
ITERATION 67 newScore=-2.57229e+06 diffscore=124.419 priorChange=-37.4299 successMove=16
ITERATION 68 newScore=-2.5722e+06 diffscore=93.3827 priorChange=-33.2711 successMove=16
ITERATION 69 newScore=-2.57206e+06 diffscore=136.361 priorChange=-31.8848 successMove=16
ITERATION 70 newScore=-2.57155e+06 diffscore=514.108 priorChange=-37.4299 successMove=17
ITERATION 71 newScore=-2.57147e+06 diffscore=73.7254 priorChange=-19.4081 successMove=16
ITERATION 72 newScore=-2.57093e+06 diffscore=542.807 priorChange=-40.2025 successMove=16
ITERATION 73 newScore=-2.57086e+06 diffscore=64.2269 priorChange=-36.0437 successMove=15
ITERATION 74 newScore=-2.57079e+06 diffscore=71.7683 priorChange=-36.0437 successMove=15
ITERATION 75 newScore=-2.57071e+06 diffscore=87.5241 priorChange=-36.0437 successMove=15
ITERATION 76 newScore=-2.57064e+06 diffscore=63.3975 priorChange=-23.567 successMove=16
ITERATION 77 newScore=-2.57055e+06 diffscore=94.348 priorChange=-27.7259 successMove=13
ITERATION 78 newScore=-2.57048e+06 diffscore=68.6613 priorChange=-24.9533 successMove=13
ITERATION 79 newScore=-2.57013e+06 diffscore=352.035 priorChange=-20.7944 successMove=13
ITERATION 80 newScore=-2.57007e+06 diffscore=52.9992 priorChange=-19.4081 successMove=12
ITERATION 81 newScore=-2.57002e+06 diffscore=54.9962 priorChange=-18.0218 successMove=12
ITERATION 82 newScore=-2.56996e+06 diffscore=58.8904 priorChange=-22.1807 successMove=12
ITERATION 83 newScore=-2.56991e+06 diffscore=45.644 priorChange=-19.4081 successMove=10
ITERATION 84 newScore=-2.56982e+06 diffscore=97.143 priorChange=-16.6355 successMove=10
ITERATION 85 newScore=-2.56974e+06 diffscore=73.7265 priorChange=-15.2492 successMove=9
ITERATION 86 newScore=-2.5695e+06 diffscore=247.84 priorChange=-18.0218 successMove=9
ITERATION 87 newScore=-2.56942e+06 diffscore=74.327 priorChange=-18.0218 successMove=9
ITERATION 88 newScore=-2.56916e+06 diffscore=260.985 priorChange=-18.0218 successMove=9
ITERATION 89 newScore=-2.56818e+06 diffscore=982.489 priorChange=-16.6355 successMove=9
ITERATION 90 newScore=-2.56813e+06 diffscore=45.2927 priorChange=-11.0904 successMove=8
ITERATION 91 newScore=-2.56808e+06 diffscore=54.5867 priorChange=-6.93147 successMove=8
ITERATION 92 newScore=-2.56804e+06 diffscore=34.827 priorChange=-12.4766 successMove=7
ITERATION 93 newScore=-2.56801e+06 diffscore=32.6428 priorChange=-11.0904 successMove=8
ITERATION 94 newScore=-2.56798e+06 diffscore=34.3945 priorChange=-9.70406 successMove=7
ITERATION 95 newScore=-2.56795e+06 diffscore=30.531 priorChange=-5.54518 successMove=7
ITERATION 96 newScore=-2.56792e+06 diffscore=27.1165 priorChange=-12.4766 successMove=6
ITERATION 97 newScore=-2.56789e+06 diffscore=25.8595 priorChange=-12.4766 successMove=6
ITERATION 98 newScore=-2.56787e+06 diffscore=21.9323 priorChange=-13.8629 successMove=6
ITERATION 99 newScore=-2.56785e+06 diffscore=19.401 priorChange=-6.93147 successMove=6
MetaLearner::dumpAllGraphs
Final Score -2.56785e+06
MetaLearner::start runtime: 1399003838 ms
Results/
Results/cluster9/
Results/cluster9/fold0/
Results/cluster9/fold0/modelparams.txt
Results/cluster9/fold0/var_mb_pw_k50.txt
Results/cluster10/
Results/cluster10/fold0/
Results/cluster10/fold0/modelparams.txt
Results/cluster10/fold0/var_mb_pw_k50.txt
Results/cluster6/
Results/cluster6/fold0/
Results/cluster6/fold0/modelparams.txt
Results/cluster6/fold0/var_mb_pw_k50.txt
Results/cluster1/
Results/cluster1/fold0/
Results/cluster1/fold0/modelparams.txt
Results/cluster1/fold0/var_mb_pw_k50.txt
Results/cluster3/
Results/cluster3/fold0/
Results/cluster3/fold0/modelparams.txt
Results/cluster3/fold0/var_mb_pw_k50.txt
Results/cluster8/
Results/cluster8/fold0/
Results/cluster8/fold0/modelparams.txt
Results/cluster8/fold0/var_mb_pw_k50.txt
Results/cluster8/scoreFile.txt
Results/cluster7/
Results/cluster7/fold0/
Results/cluster7/fold0/modelparams.txt
Results/cluster7/fold0/var_mb_pw_k50.txt
Results/cluster2/
Results/cluster2/fold0/
Results/cluster2/fold0/modelparams.txt
Results/cluster2/fold0/var_mb_pw_k50.txt
