./CVN -f config_condor.txt -x50 -v1 -l TFs_OGs.txt -n AllGenes142.txt -d celltype_tree_ancestor.txt -m testdata_ogids.txt -s celltype_order.txt -p 0.2 -c yes -b -4 -q 4
(cluster3|cluster8) p_maintain_edge=0.8 p_gain=0.2
(cluster2|cluster3) p_maintain_edge=0.8 p_gain=0.2
(cluster1|cluster2) p_maintain_edge=0.8 p_gain=0.2
(cluster6|cluster2) p_maintain_edge=0.8 p_gain=0.2
(cluster9|cluster6) p_maintain_edge=0.8 p_gain=0.2
(cluster10|cluster6) p_maintain_edge=0.8 p_gain=0.2
(cluster7|cluster10) p_maintain_edge=0.8 p_gain=0.2
speciesSet.size()=8 Root is cluster8
MappedOrthogroupReader::readSpeciesMapping() --- celltype_order.txt
MappedOrthogroupReader::readFile - testdata_ogids.txt
MappedOrthogroupReader::generateGeneOrthoMap()
MetaLearner::init_onefold() read:config_condor.txt
MetaLearner::setinputVariableNames number of variables: 2045
readEvidenceTable:cluster8.table
PotentialManager::loadEvidenceFromTable varCount=2045 sampleCount=348
motifNetwork.size() = 319
0=cluster8 motifNetwork=cluster8_network.txt
variable size=2045
readEvidenceTable:cluster3.table
PotentialManager::loadEvidenceFromTable varCount=2045 sampleCount=95
motifNetwork.size() = 326
1=cluster3 motifNetwork=cluster3_network.txt
variable size=2045
readEvidenceTable:cluster2.table
PotentialManager::loadEvidenceFromTable varCount=2045 sampleCount=386
motifNetwork.size() = 328
2=cluster2 motifNetwork=cluster2_network.txt
variable size=2045
readEvidenceTable:cluster1.table
PotentialManager::loadEvidenceFromTable varCount=2045 sampleCount=36
motifNetwork.size() = 322
3=cluster1 motifNetwork=cluster1_network.txt
variable size=2045
readEvidenceTable:cluster6.table
PotentialManager::loadEvidenceFromTable varCount=2045 sampleCount=524
motifNetwork.size() = 320
4=cluster6 motifNetwork=cluster6_network.txt
variable size=2045
readEvidenceTable:cluster9.table
PotentialManager::loadEvidenceFromTable varCount=2045 sampleCount=184
motifNetwork.size() = 327
5=cluster9 motifNetwork=cluster9_network.txt
variable size=2045
readEvidenceTable:cluster10.table
PotentialManager::loadEvidenceFromTable varCount=2045 sampleCount=165
motifNetwork.size() = 326
6=cluster10 motifNetwork=cluster10_network.txt
variable size=2045
readEvidenceTable:cluster7.table
PotentialManager::loadEvidenceFromTable varCount=2045 sampleCount=1032
motifNetwork.size() = 320
7=cluster7 motifNetwork=cluster7_network.txt
variable size=2045
-------------------------------------------------------------
MetaLearner::start
precomputeEmptyGraphPrior
binkey=0 [Edge status: 0 0 0 0 0 0 0 0 ] P(G)=P(cluster8=0)[0.8] * P(cluster1=0|cluster2=0) * P(cluster9=0|cluster6=0) * P(cluster7=0|cluster10=0) * P(cluster10=0|cluster6=0) * P(cluster6=0|cluster2=0) * P(cluster2=0|cluster3=0) * P(cluster3=0|cluster8=0)[0.209715]=0.167772
condsetMap_Tree
0 cluster8=0 cluster3=0 cluster2=0 cluster1=0 cluster6=0 cluster9=0 cluster10=0 cluster7=1
1 cluster8=0 cluster3=0 cluster2=0 cluster1=0 cluster6=0 cluster9=1 cluster10=0 cluster7=0
2 cluster8=0 cluster3=0 cluster2=0 cluster1=0 cluster6=0 cluster9=1 cluster10=0 cluster7=1
3 cluster8=0 cluster3=0 cluster2=0 cluster1=1 cluster6=0 cluster9=0 cluster10=0 cluster7=0
4 cluster8=0 cluster3=0 cluster2=0 cluster1=1 cluster6=0 cluster9=0 cluster10=0 cluster7=1
5 cluster8=0 cluster3=0 cluster2=0 cluster1=1 cluster6=0 cluster9=1 cluster10=0 cluster7=0
6 cluster8=0 cluster3=0 cluster2=0 cluster1=1 cluster6=0 cluster9=1 cluster10=0 cluster7=1
7 cluster8=0 cluster3=0 cluster2=0 cluster1=0 cluster6=0 cluster9=0 cluster10=1 cluster7=1
8 cluster8=0 cluster3=0 cluster2=0 cluster1=0 cluster6=0 cluster9=1 cluster10=1 cluster7=1
9 cluster8=0 cluster3=0 cluster2=0 cluster1=1 cluster6=0 cluster9=0 cluster10=1 cluster7=1
10 cluster8=0 cluster3=0 cluster2=0 cluster1=1 cluster6=0 cluster9=1 cluster10=1 cluster7=1
11 cluster8=0 cluster3=0 cluster2=0 cluster1=0 cluster6=1 cluster9=1 cluster10=1 cluster7=1
12 cluster8=0 cluster3=0 cluster2=0 cluster1=1 cluster6=1 cluster9=1 cluster10=1 cluster7=1
13 cluster8=0 cluster3=0 cluster2=1 cluster1=1 cluster6=1 cluster9=1 cluster10=1 cluster7=1
14 cluster8=0 cluster3=1 cluster2=1 cluster1=1 cluster6=1 cluster9=1 cluster10=1 cluster7=1
15 cluster8=1 cluster3=1 cluster2=1 cluster1=1 cluster6=1 cluster9=1 cluster10=1 cluster7=1
16 cluster8=1 cluster3=1 cluster2=1 cluster1=1 cluster6=1 cluster9=1 cluster10=1 cluster7=0
17 cluster8=1 cluster3=1 cluster2=1 cluster1=1 cluster6=1 cluster9=0 cluster10=1 cluster7=1
18 cluster8=1 cluster3=1 cluster2=1 cluster1=1 cluster6=1 cluster9=0 cluster10=1 cluster7=0
19 cluster8=1 cluster3=1 cluster2=1 cluster1=0 cluster6=1 cluster9=1 cluster10=1 cluster7=1
20 cluster8=1 cluster3=1 cluster2=1 cluster1=0 cluster6=1 cluster9=1 cluster10=1 cluster7=0
21 cluster8=1 cluster3=1 cluster2=1 cluster1=0 cluster6=1 cluster9=0 cluster10=1 cluster7=1
22 cluster8=1 cluster3=1 cluster2=1 cluster1=0 cluster6=1 cluster9=0 cluster10=1 cluster7=0
23 cluster8=1 cluster3=1 cluster2=1 cluster1=1 cluster6=1 cluster9=1 cluster10=0 cluster7=0
24 cluster8=1 cluster3=1 cluster2=1 cluster1=1 cluster6=1 cluster9=0 cluster10=0 cluster7=0
25 cluster8=1 cluster3=1 cluster2=1 cluster1=0 cluster6=1 cluster9=1 cluster10=0 cluster7=0
26 cluster8=1 cluster3=1 cluster2=1 cluster1=0 cluster6=1 cluster9=0 cluster10=0 cluster7=0
27 cluster8=1 cluster3=1 cluster2=1 cluster1=1 cluster6=0 cluster9=0 cluster10=0 cluster7=0
28 cluster8=1 cluster3=1 cluster2=1 cluster1=0 cluster6=0 cluster9=0 cluster10=0 cluster7=0
29 cluster8=1 cluster3=1 cluster2=0 cluster1=0 cluster6=0 cluster9=0 cluster10=0 cluster7=0
30 cluster8=1 cluster3=0 cluster2=0 cluster1=0 cluster6=0 cluster9=0 cluster10=0 cluster7=0
31 cluster8=0 cluster3=0 cluster2=0 cluster1=0 cluster6=1 cluster9=0 cluster10=0 cluster7=0
32 cluster8=0 cluster3=0 cluster2=1 cluster1=0 cluster6=0 cluster9=0 cluster10=0 cluster7=0
33 cluster8=0 cluster3=0 cluster2=0 cluster1=0 cluster6=0 cluster9=0 cluster10=1 cluster7=0
34 cluster8=0 cluster3=1 cluster2=0 cluster1=0 cluster6=0 cluster9=0 cluster10=0 cluster7=0
inputRegulatorOGs.size() = 1999 inputOGList.size() = 50
binkey=64 [Edge status: 0 0 0 0 0 0 1 0 ] P(G)=P(cluster8=0)[0.8] * P(cluster1=0|cluster2=0) * P(cluster9=0|cluster6=0) * P(cluster7=0|cluster10=1) * P(cluster10=1|cluster6=0) * P(cluster6=0|cluster2=0) * P(cluster2=0|cluster3=0) * P(cluster3=0|cluster8=0)[0.0131072]=0.0104858
binkey=32 [Edge status: 0 0 0 0 0 1 0 0 ] P(G)=P(cluster8=0)[0.8] * P(cluster1=0|cluster2=0) * P(cluster9=1|cluster6=0) * P(cluster7=0|cluster10=0) * P(cluster10=0|cluster6=0) * P(cluster6=0|cluster2=0) * P(cluster2=0|cluster3=0) * P(cluster3=0|cluster8=0)[0.0524288]=0.041943
binkey=1 [Edge status: 1 0 0 0 0 0 0 0 ] P(G)=P(cluster8=1)[0.2] * P(cluster1=0|cluster2=0) * P(cluster9=0|cluster6=0) * P(cluster7=0|cluster10=0) * P(cluster10=0|cluster6=0) * P(cluster6=0|cluster2=0) * P(cluster2=0|cluster3=0) * P(cluster3=0|cluster8=1)[0.0524288]=0.0104858
binkey=16 [Edge status: 0 0 0 0 1 0 0 0 ] P(G)=P(cluster8=0)[0.8] * P(cluster1=0|cluster2=0) * P(cluster9=0|cluster6=1) * P(cluster7=0|cluster10=0) * P(cluster10=0|cluster6=1) * P(cluster6=1|cluster2=0) * P(cluster2=0|cluster3=0) * P(cluster3=0|cluster8=0)[0.0032768]=0.00262144
binkey=2 [Edge status: 0 1 0 0 0 0 0 0 ] P(G)=P(cluster8=0)[0.8] * P(cluster1=0|cluster2=0) * P(cluster9=0|cluster6=0) * P(cluster7=0|cluster10=0) * P(cluster10=0|cluster6=0) * P(cluster6=0|cluster2=0) * P(cluster2=0|cluster3=1) * P(cluster3=1|cluster8=0)[0.0131072]=0.0104858
binkey=4 [Edge status: 0 0 1 0 0 0 0 0 ] P(G)=P(cluster8=0)[0.8] * P(cluster1=0|cluster2=1) * P(cluster9=0|cluster6=0) * P(cluster7=0|cluster10=0) * P(cluster10=0|cluster6=0) * P(cluster6=0|cluster2=1) * P(cluster2=1|cluster3=0) * P(cluster3=0|cluster8=0)[0.0032768]=0.00262144
binkey=128 [Edge status: 0 0 0 0 0 0 0 1 ] P(G)=P(cluster8=0)[0.8] * P(cluster1=0|cluster2=0) * P(cluster9=0|cluster6=0) * P(cluster7=1|cluster10=0) * P(cluster10=0|cluster6=0) * P(cluster6=0|cluster2=0) * P(cluster2=0|cluster3=0) * P(cluster3=0|cluster8=0)[0.0524288]=0.041943
binkey=160 [Edge status: 0 0 0 0 0 1 0 1 ] P(G)=P(cluster8=0)[0.8] * P(cluster1=0|cluster2=0) * P(cluster9=1|cluster6=0) * P(cluster7=1|cluster10=0) * P(cluster10=0|cluster6=0) * P(cluster6=0|cluster2=0) * P(cluster2=0|cluster3=0) * P(cluster3=0|cluster8=0)[0.0131072]=0.0104858
binkey=3 [Edge status: 1 1 0 0 0 0 0 0 ] P(G)=P(cluster8=1)[0.2] * P(cluster1=0|cluster2=0) * P(cluster9=0|cluster6=0) * P(cluster7=0|cluster10=0) * P(cluster10=0|cluster6=0) * P(cluster6=0|cluster2=0) * P(cluster2=0|cluster3=1) * P(cluster3=1|cluster8=1)[0.0524288]=0.0104858
binkey=192 [Edge status: 0 0 0 0 0 0 1 1 ] P(G)=P(cluster8=0)[0.8] * P(cluster1=0|cluster2=0) * P(cluster9=0|cluster6=0) * P(cluster7=1|cluster10=1) * P(cluster10=1|cluster6=0) * P(cluster6=0|cluster2=0) * P(cluster2=0|cluster3=0) * P(cluster3=0|cluster8=0)[0.0524288]=0.041943
binkey=224 [Edge status: 0 0 0 0 0 1 1 1 ] P(G)=P(cluster8=0)[0.8] * P(cluster1=0|cluster2=0) * P(cluster9=1|cluster6=0) * P(cluster7=1|cluster10=1) * P(cluster10=1|cluster6=0) * P(cluster6=0|cluster2=0) * P(cluster2=0|cluster3=0) * P(cluster3=0|cluster8=0)[0.0131072]=0.0104858
binkey=240 [Edge status: 0 0 0 0 1 1 1 1 ] P(G)=P(cluster8=0)[0.8] * P(cluster1=0|cluster2=0) * P(cluster9=1|cluster6=1) * P(cluster7=1|cluster10=1) * P(cluster10=1|cluster6=1) * P(cluster6=1|cluster2=0) * P(cluster2=0|cluster3=0) * P(cluster3=0|cluster8=0)[0.0524288]=0.041943
binkey=8 [Edge status: 0 0 0 1 0 0 0 0 ] P(G)=P(cluster8=0)[0.8] * P(cluster1=1|cluster2=0) * P(cluster9=0|cluster6=0) * P(cluster7=0|cluster10=0) * P(cluster10=0|cluster6=0) * P(cluster6=0|cluster2=0) * P(cluster2=0|cluster3=0) * P(cluster3=0|cluster8=0)[0.0524288]=0.041943
binkey=40 [Edge status: 0 0 0 1 0 1 0 0 ] P(G)=P(cluster8=0)[0.8] * P(cluster1=1|cluster2=0) * P(cluster9=1|cluster6=0) * P(cluster7=0|cluster10=0) * P(cluster10=0|cluster6=0) * P(cluster6=0|cluster2=0) * P(cluster2=0|cluster3=0) * P(cluster3=0|cluster8=0)[0.0131072]=0.0104858
binkey=136 [Edge status: 0 0 0 1 0 0 0 1 ] P(G)=P(cluster8=0)[0.8] * P(cluster1=1|cluster2=0) * P(cluster9=0|cluster6=0) * P(cluster7=1|cluster10=0) * P(cluster10=0|cluster6=0) * P(cluster6=0|cluster2=0) * P(cluster2=0|cluster3=0) * P(cluster3=0|cluster8=0)[0.0131072]=0.0104858
binkey=7 [Edge status: 1 1 1 0 0 0 0 0 ] P(G)=P(cluster8=1)[0.2] * P(cluster1=0|cluster2=1) * P(cluster9=0|cluster6=0) * P(cluster7=0|cluster10=0) * P(cluster10=0|cluster6=0) * P(cluster6=0|cluster2=1) * P(cluster2=1|cluster3=1) * P(cluster3=1|cluster8=1)[0.0131072]=0.00262144
binkey=23 [Edge status: 1 1 1 0 1 0 0 0 ] P(G)=P(cluster8=1)[0.2] * P(cluster1=0|cluster2=1) * P(cluster9=0|cluster6=1) * P(cluster7=0|cluster10=0) * P(cluster10=0|cluster6=1) * P(cluster6=1|cluster2=1) * P(cluster2=1|cluster3=1) * P(cluster3=1|cluster8=1)[0.0032768]=0.00065536
binkey=168 [Edge status: 0 0 0 1 0 1 0 1 ] P(G)=P(cluster8=0)[0.8] * P(cluster1=1|cluster2=0) * P(cluster9=1|cluster6=0) * P(cluster7=1|cluster10=0) * P(cluster10=0|cluster6=0) * P(cluster6=0|cluster2=0) * P(cluster2=0|cluster3=0) * P(cluster3=0|cluster8=0)[0.0032768]=0.00262144
binkey=200 [Edge status: 0 0 0 1 0 0 1 1 ] P(G)=P(cluster8=0)[0.8] * P(cluster1=1|cluster2=0) * P(cluster9=0|cluster6=0) * P(cluster7=1|cluster10=1) * P(cluster10=1|cluster6=0) * P(cluster6=0|cluster2=0) * P(cluster2=0|cluster3=0) * P(cluster3=0|cluster8=0)[0.0131072]=0.0104858
binkey=232 [Edge status: 0 0 0 1 0 1 1 1 ] P(G)=P(cluster8=0)[0.8] * P(cluster1=1|cluster2=0) * P(cluster9=1|cluster6=0) * P(cluster7=1|cluster10=1) * P(cluster10=1|cluster6=0) * P(cluster6=0|cluster2=0) * P(cluster2=0|cluster3=0) * P(cluster3=0|cluster8=0)[0.0032768]=0.00262144
binkey=248 [Edge status: 0 0 0 1 1 1 1 1 ] P(G)=P(cluster8=0)[0.8] * P(cluster1=1|cluster2=0) * P(cluster9=1|cluster6=1) * P(cluster7=1|cluster10=1) * P(cluster10=1|cluster6=1) * P(cluster6=1|cluster2=0) * P(cluster2=0|cluster3=0) * P(cluster3=0|cluster8=0)[0.0131072]=0.0104858
binkey=252 [Edge status: 0 0 1 1 1 1 1 1 ] P(G)=P(cluster8=0)[0.8] * P(cluster1=1|cluster2=1) * P(cluster9=1|cluster6=1) * P(cluster7=1|cluster10=1) * P(cluster10=1|cluster6=1) * P(cluster6=1|cluster2=1) * P(cluster2=1|cluster3=0) * P(cluster3=0|cluster8=0)[0.0524288]=0.041943
binkey=254 [Edge status: 0 1 1 1 1 1 1 1 ] P(G)=P(cluster8=0)[0.8] * P(cluster1=1|cluster2=1) * P(cluster9=1|cluster6=1) * P(cluster7=1|cluster10=1) * P(cluster10=1|cluster6=1) * P(cluster6=1|cluster2=1) * P(cluster2=1|cluster3=1) * P(cluster3=1|cluster8=0)[0.0524288]=0.041943
binkey=255 [Edge status: 1 1 1 1 1 1 1 1 ] P(G)=P(cluster8=1)[0.2] * P(cluster1=1|cluster2=1) * P(cluster9=1|cluster6=1) * P(cluster7=1|cluster10=1) * P(cluster10=1|cluster6=1) * P(cluster6=1|cluster2=1) * P(cluster2=1|cluster3=1) * P(cluster3=1|cluster8=1)[0.209715]=0.041943
binkey=127 [Edge status: 1 1 1 1 1 1 1 0 ] P(G)=P(cluster8=1)[0.2] * P(cluster1=1|cluster2=1) * P(cluster9=1|cluster6=1) * P(cluster7=0|cluster10=1) * P(cluster10=1|cluster6=1) * P(cluster6=1|cluster2=1) * P(cluster2=1|cluster3=1) * P(cluster3=1|cluster8=1)[0.0524288]=0.0104858
binkey=223 [Edge status: 1 1 1 1 1 0 1 1 ] P(G)=P(cluster8=1)[0.2] * P(cluster1=1|cluster2=1) * P(cluster9=0|cluster6=1) * P(cluster7=1|cluster10=1) * P(cluster10=1|cluster6=1) * P(cluster6=1|cluster2=1) * P(cluster2=1|cluster3=1) * P(cluster3=1|cluster8=1)[0.0524288]=0.0104858
binkey=95 [Edge status: 1 1 1 1 1 0 1 0 ] P(G)=P(cluster8=1)[0.2] * P(cluster1=1|cluster2=1) * P(cluster9=0|cluster6=1) * P(cluster7=0|cluster10=1) * P(cluster10=1|cluster6=1) * P(cluster6=1|cluster2=1) * P(cluster2=1|cluster3=1) * P(cluster3=1|cluster8=1)[0.0131072]=0.00262144
binkey=247 [Edge status: 1 1 1 0 1 1 1 1 ] P(G)=P(cluster8=1)[0.2] * P(cluster1=0|cluster2=1) * P(cluster9=1|cluster6=1) * P(cluster7=1|cluster10=1) * P(cluster10=1|cluster6=1) * P(cluster6=1|cluster2=1) * P(cluster2=1|cluster3=1) * P(cluster3=1|cluster8=1)[0.0524288]=0.0104858
binkey=119 [Edge status: 1 1 1 0 1 1 1 0 ] P(G)=P(cluster8=1)[0.2] * P(cluster1=0|cluster2=1) * P(cluster9=1|cluster6=1) * P(cluster7=0|cluster10=1) * P(cluster10=1|cluster6=1) * P(cluster6=1|cluster2=1) * P(cluster2=1|cluster3=1) * P(cluster3=1|cluster8=1)[0.0131072]=0.00262144
binkey=215 [Edge status: 1 1 1 0 1 0 1 1 ] P(G)=P(cluster8=1)[0.2] * P(cluster1=0|cluster2=1) * P(cluster9=0|cluster6=1) * P(cluster7=1|cluster10=1) * P(cluster10=1|cluster6=1) * P(cluster6=1|cluster2=1) * P(cluster2=1|cluster3=1) * P(cluster3=1|cluster8=1)[0.0131072]=0.00262144
binkey=87 [Edge status: 1 1 1 0 1 0 1 0 ] P(G)=P(cluster8=1)[0.2] * P(cluster1=0|cluster2=1) * P(cluster9=0|cluster6=1) * P(cluster7=0|cluster10=1) * P(cluster10=1|cluster6=1) * P(cluster6=1|cluster2=1) * P(cluster2=1|cluster3=1) * P(cluster3=1|cluster8=1)[0.0032768]=0.00065536
binkey=63 [Edge status: 1 1 1 1 1 1 0 0 ] P(G)=P(cluster8=1)[0.2] * P(cluster1=1|cluster2=1) * P(cluster9=1|cluster6=1) * P(cluster7=0|cluster10=0) * P(cluster10=0|cluster6=1) * P(cluster6=1|cluster2=1) * P(cluster2=1|cluster3=1) * P(cluster3=1|cluster8=1)[0.0524288]=0.0104858
binkey=31 [Edge status: 1 1 1 1 1 0 0 0 ] P(G)=P(cluster8=1)[0.2] * P(cluster1=1|cluster2=1) * P(cluster9=0|cluster6=1) * P(cluster7=0|cluster10=0) * P(cluster10=0|cluster6=1) * P(cluster6=1|cluster2=1) * P(cluster2=1|cluster3=1) * P(cluster3=1|cluster8=1)[0.0131072]=0.00262144
binkey=55 [Edge status: 1 1 1 0 1 1 0 0 ] P(G)=P(cluster8=1)[0.2] * P(cluster1=0|cluster2=1) * P(cluster9=1|cluster6=1) * P(cluster7=0|cluster10=0) * P(cluster10=0|cluster6=1) * P(cluster6=1|cluster2=1) * P(cluster2=1|cluster3=1) * P(cluster3=1|cluster8=1)[0.0131072]=0.00262144
binkey=15 [Edge status: 1 1 1 1 0 0 0 0 ] P(G)=P(cluster8=1)[0.2] * P(cluster1=1|cluster2=1) * P(cluster9=0|cluster6=0) * P(cluster7=0|cluster10=0) * P(cluster10=0|cluster6=0) * P(cluster6=0|cluster2=1) * P(cluster2=1|cluster3=1) * P(cluster3=1|cluster8=1)[0.0524288]=0.0104858
ITERATION 0 newScore=-2.72157e+06 diffscore=14775.3 priorChange=-105.358 successMove=54
ITERATION 1 newScore=-2.71413e+06 diffscore=7441.39 priorChange=-108.131 successMove=52
ITERATION 2 newScore=-2.71115e+06 diffscore=2980.43 priorChange=-116.449 successMove=53
ITERATION 3 newScore=-2.70338e+06 diffscore=7763.41 priorChange=-112.29 successMove=52
ITERATION 4 newScore=-2.70029e+06 diffscore=3087.27 priorChange=-113.676 successMove=52
ITERATION 5 newScore=-2.69495e+06 diffscore=5349.06 priorChange=-109.517 successMove=52
ITERATION 6 newScore=-2.69183e+06 diffscore=3110.78 priorChange=-113.676 successMove=51
ITERATION 7 newScore=-2.68422e+06 diffscore=7617.63 priorChange=-108.131 successMove=50
ITERATION 8 newScore=-2.67994e+06 diffscore=4273 priorChange=-108.131 successMove=49
ITERATION 9 newScore=-2.67788e+06 diffscore=2059.68 priorChange=-120.608 successMove=51
ITERATION 10 newScore=-2.6743e+06 diffscore=3586.66 priorChange=-116.449 successMove=50
ITERATION 11 newScore=-2.67355e+06 diffscore=749.145 priorChange=-103.972 successMove=50
ITERATION 12 newScore=-2.66764e+06 diffscore=5909.55 priorChange=-109.517 successMove=51
ITERATION 13 newScore=-2.66527e+06 diffscore=2370.33 priorChange=-103.972 successMove=52
ITERATION 14 newScore=-2.66332e+06 diffscore=1947.1 priorChange=-84.564 successMove=51
ITERATION 15 newScore=-2.66123e+06 diffscore=2086.62 priorChange=-109.517 successMove=49
ITERATION 16 newScore=-2.65914e+06 diffscore=2091.33 priorChange=-109.517 successMove=49
ITERATION 17 newScore=-2.65479e+06 diffscore=4355.37 priorChange=-94.268 successMove=49
ITERATION 18 newScore=-2.65371e+06 diffscore=1080.14 priorChange=-110.904 successMove=48
ITERATION 19 newScore=-2.65183e+06 diffscore=1878.14 priorChange=-106.745 successMove=48
ITERATION 20 newScore=-2.64989e+06 diffscore=1941.68 priorChange=-108.131 successMove=46
ITERATION 21 newScore=-2.64779e+06 diffscore=2093.79 priorChange=-116.449 successMove=47
ITERATION 22 newScore=-2.64514e+06 diffscore=2658.45 priorChange=-115.062 successMove=45
ITERATION 23 newScore=-2.64322e+06 diffscore=1919.35 priorChange=-105.358 successMove=46
ITERATION 24 newScore=-2.64165e+06 diffscore=1564.6 priorChange=-95.6543 successMove=44
ITERATION 25 newScore=-2.64085e+06 diffscore=803.98 priorChange=-95.6543 successMove=44
ITERATION 26 newScore=-2.64027e+06 diffscore=580.581 priorChange=-112.29 successMove=46
ITERATION 27 newScore=-2.63775e+06 diffscore=2517.76 priorChange=-105.358 successMove=44
ITERATION 28 newScore=-2.6373e+06 diffscore=447.805 priorChange=-94.268 successMove=44
ITERATION 29 newScore=-2.63679e+06 diffscore=507.214 priorChange=-105.358 successMove=45
ITERATION 30 newScore=-2.63503e+06 diffscore=1763.63 priorChange=-102.586 successMove=45
ITERATION 31 newScore=-2.63409e+06 diffscore=941.031 priorChange=-103.972 successMove=45
ITERATION 32 newScore=-2.63272e+06 diffscore=1374.52 priorChange=-105.358 successMove=45
ITERATION 33 newScore=-2.63076e+06 diffscore=1956.79 priorChange=-83.1777 successMove=44
ITERATION 34 newScore=-2.62909e+06 diffscore=1668.43 priorChange=-110.904 successMove=45
ITERATION 35 newScore=-2.62725e+06 diffscore=1837.01 priorChange=-99.8132 successMove=45
ITERATION 36 newScore=-2.62674e+06 diffscore=512.954 priorChange=-108.131 successMove=44
ITERATION 37 newScore=-2.62491e+06 diffscore=1830.28 priorChange=-105.358 successMove=42
ITERATION 38 newScore=-2.62299e+06 diffscore=1918.16 priorChange=-95.6543 successMove=41
ITERATION 39 newScore=-2.62172e+06 diffscore=1276.31 priorChange=-85.9503 successMove=41
ITERATION 40 newScore=-2.62131e+06 diffscore=402.019 priorChange=-84.564 successMove=40
ITERATION 41 newScore=-2.61831e+06 diffscore=3002.59 priorChange=-94.268 successMove=40
ITERATION 42 newScore=-2.61795e+06 diffscore=363.653 priorChange=-77.6325 successMove=40
ITERATION 43 newScore=-2.61629e+06 diffscore=1656.93 priorChange=-92.8817 successMove=41
ITERATION 44 newScore=-2.61321e+06 diffscore=3081.54 priorChange=-87.3365 successMove=40
ITERATION 45 newScore=-2.6121e+06 diffscore=1110.37 priorChange=-85.9503 successMove=40
ITERATION 46 newScore=-2.61161e+06 diffscore=484.648 priorChange=-92.8817 successMove=40
ITERATION 47 newScore=-2.6112e+06 diffscore=413.748 priorChange=-94.268 successMove=39
ITERATION 48 newScore=-2.6107e+06 diffscore=503.668 priorChange=-85.9503 successMove=40
ITERATION 49 newScore=-2.60953e+06 diffscore=1165.49 priorChange=-79.0188 successMove=39
ITERATION 50 newScore=-2.60782e+06 diffscore=1715.01 priorChange=-83.1777 successMove=39
ITERATION 51 newScore=-2.6068e+06 diffscore=1012.58 priorChange=-74.8599 successMove=39
ITERATION 52 newScore=-2.60651e+06 diffscore=291.42 priorChange=-95.6543 successMove=39
ITERATION 53 newScore=-2.60556e+06 diffscore=954.889 priorChange=-95.6543 successMove=39
ITERATION 54 newScore=-2.60525e+06 diffscore=309.425 priorChange=-85.9503 successMove=40
ITERATION 55 newScore=-2.60426e+06 diffscore=987.258 priorChange=-80.4051 successMove=36
ITERATION 56 newScore=-2.60371e+06 diffscore=548.992 priorChange=-79.0188 successMove=37
ITERATION 57 newScore=-2.60148e+06 diffscore=2227.63 priorChange=-52.6792 successMove=34
ITERATION 58 newScore=-2.60131e+06 diffscore=172.832 priorChange=-65.1558 successMove=33
ITERATION 59 newScore=-2.6011e+06 diffscore=206.379 priorChange=-70.701 successMove=33
ITERATION 60 newScore=-2.6009e+06 diffscore=206.831 priorChange=-63.7695 successMove=32
ITERATION 61 newScore=-2.59963e+06 diffscore=1265.9 priorChange=-59.6107 successMove=31
ITERATION 62 newScore=-2.59943e+06 diffscore=204.414 priorChange=-69.3147 successMove=31
ITERATION 63 newScore=-2.59913e+06 diffscore=298.481 priorChange=-59.6107 successMove=30
ITERATION 64 newScore=-2.59879e+06 diffscore=335.791 priorChange=-58.2244 successMove=30
ITERATION 65 newScore=-2.59746e+06 diffscore=1336.31 priorChange=-67.9284 successMove=30
ITERATION 66 newScore=-2.59607e+06 diffscore=1385.81 priorChange=-77.6325 successMove=29
ITERATION 67 newScore=-2.59591e+06 diffscore=162.044 priorChange=-48.5203 successMove=28
ITERATION 68 newScore=-2.59575e+06 diffscore=158.079 priorChange=-65.1558 successMove=28
ITERATION 69 newScore=-2.59561e+06 diffscore=139.521 priorChange=-63.7695 successMove=27
ITERATION 70 newScore=-2.59549e+06 diffscore=125.808 priorChange=-52.6792 successMove=26
ITERATION 71 newScore=-2.59535e+06 diffscore=132.446 priorChange=-48.5203 successMove=25
ITERATION 72 newScore=-2.59524e+06 diffscore=117.141 priorChange=-42.9751 successMove=23
ITERATION 73 newScore=-2.59514e+06 diffscore=95.6232 priorChange=-38.8162 successMove=20
ITERATION 74 newScore=-2.59398e+06 diffscore=1156.01 priorChange=-34.6574 successMove=19
ITERATION 75 newScore=-2.59284e+06 diffscore=1142.33 priorChange=-31.8848 successMove=18
ITERATION 76 newScore=-2.59263e+06 diffscore=209.633 priorChange=-33.2711 successMove=18
ITERATION 77 newScore=-2.59144e+06 diffscore=1195.8 priorChange=-36.0437 successMove=18
ITERATION 78 newScore=-2.59135e+06 diffscore=91.4858 priorChange=-37.4299 successMove=17
ITERATION 79 newScore=-2.59124e+06 diffscore=102.555 priorChange=-34.6574 successMove=18
ITERATION 80 newScore=-2.59048e+06 diffscore=759.638 priorChange=-30.4985 successMove=17
ITERATION 81 newScore=-2.59039e+06 diffscore=88.9971 priorChange=-34.6574 successMove=15
ITERATION 82 newScore=-2.59027e+06 diffscore=127.706 priorChange=-27.7259 successMove=15
ITERATION 83 newScore=-2.59015e+06 diffscore=115.011 priorChange=-31.8848 successMove=14
ITERATION 84 newScore=-2.58939e+06 diffscore=760.51 priorChange=-31.8848 successMove=14
ITERATION 85 newScore=-2.58931e+06 diffscore=78.3162 priorChange=-30.4985 successMove=13
ITERATION 86 newScore=-2.58787e+06 diffscore=1442.4 priorChange=-27.7259 successMove=13
ITERATION 87 newScore=-2.58778e+06 diffscore=87.6069 priorChange=-20.7944 successMove=14
ITERATION 88 newScore=-2.58772e+06 diffscore=62.2246 priorChange=-18.0218 successMove=12
ITERATION 89 newScore=-2.58728e+06 diffscore=443.205 priorChange=-19.4081 successMove=10
ITERATION 90 newScore=-2.58721e+06 diffscore=65.4042 priorChange=-15.2492 successMove=11
ITERATION 91 newScore=-2.58666e+06 diffscore=551.982 priorChange=-20.7944 successMove=10
ITERATION 92 newScore=-2.58663e+06 diffscore=27.9283 priorChange=-16.6355 successMove=8
ITERATION 93 newScore=-2.5866e+06 diffscore=31.8901 priorChange=-18.0218 successMove=8
ITERATION 94 newScore=-2.58657e+06 diffscore=33.5629 priorChange=-12.4766 successMove=7
ITERATION 95 newScore=-2.58654e+06 diffscore=27.7562 priorChange=-13.8629 successMove=7
ITERATION 96 newScore=-2.58651e+06 diffscore=25.5307 priorChange=-12.4766 successMove=7
ITERATION 97 newScore=-2.58648e+06 diffscore=30.4373 priorChange=-15.2492 successMove=7
ITERATION 98 newScore=-2.58645e+06 diffscore=34.0569 priorChange=-12.4766 successMove=8
ITERATION 99 newScore=-2.58638e+06 diffscore=66.1111 priorChange=-15.2492 successMove=7
MetaLearner::dumpAllGraphs
Final Score -2.58638e+06
MetaLearner::start runtime: 1173916190 ms
Results/
Results/cluster3/
Results/cluster3/fold0/
Results/cluster3/fold0/modelparams.txt
Results/cluster3/fold0/var_mb_pw_k50.txt
Results/cluster7/
Results/cluster7/fold0/
Results/cluster7/fold0/modelparams.txt
Results/cluster7/fold0/var_mb_pw_k50.txt
Results/cluster2/
Results/cluster2/fold0/
Results/cluster2/fold0/modelparams.txt
Results/cluster2/fold0/var_mb_pw_k50.txt
Results/cluster9/
Results/cluster9/fold0/
Results/cluster9/fold0/modelparams.txt
Results/cluster9/fold0/var_mb_pw_k50.txt
Results/cluster6/
Results/cluster6/fold0/
Results/cluster6/fold0/modelparams.txt
Results/cluster6/fold0/var_mb_pw_k50.txt
Results/cluster1/
Results/cluster1/fold0/
Results/cluster1/fold0/modelparams.txt
Results/cluster1/fold0/var_mb_pw_k50.txt
Results/cluster10/
Results/cluster10/fold0/
Results/cluster10/fold0/modelparams.txt
Results/cluster10/fold0/var_mb_pw_k50.txt
Results/cluster8/
Results/cluster8/scoreFile.txt
Results/cluster8/fold0/
Results/cluster8/fold0/modelparams.txt
Results/cluster8/fold0/var_mb_pw_k50.txt
