./CVN -f config_condor.txt -x50 -v1 -l TFs_OGs.txt -n AllGenes155.txt -d celltype_tree_ancestor.txt -m testdata_ogids.txt -s celltype_order.txt -p 0.2 -c yes -b -4 -q 4
(cluster3|cluster8) p_maintain_edge=0.8 p_gain=0.2
(cluster2|cluster3) p_maintain_edge=0.8 p_gain=0.2
(cluster1|cluster2) p_maintain_edge=0.8 p_gain=0.2
(cluster6|cluster2) p_maintain_edge=0.8 p_gain=0.2
(cluster9|cluster6) p_maintain_edge=0.8 p_gain=0.2
(cluster10|cluster6) p_maintain_edge=0.8 p_gain=0.2
(cluster7|cluster10) p_maintain_edge=0.8 p_gain=0.2
speciesSet.size()=8 Root is cluster8
MappedOrthogroupReader::readSpeciesMapping() --- celltype_order.txt
MappedOrthogroupReader::readFile - testdata_ogids.txt
MappedOrthogroupReader::generateGeneOrthoMap()
MetaLearner::init_onefold() read:config_condor.txt
MetaLearner::setinputVariableNames number of variables: 2041
readEvidenceTable:cluster8.table
PotentialManager::loadEvidenceFromTable varCount=2041 sampleCount=348
motifNetwork.size() = 319
0=cluster8 motifNetwork=cluster8_network.txt
variable size=2041
readEvidenceTable:cluster3.table
PotentialManager::loadEvidenceFromTable varCount=2041 sampleCount=95
motifNetwork.size() = 326
1=cluster3 motifNetwork=cluster3_network.txt
variable size=2041
readEvidenceTable:cluster2.table
PotentialManager::loadEvidenceFromTable varCount=2041 sampleCount=386
motifNetwork.size() = 328
2=cluster2 motifNetwork=cluster2_network.txt
variable size=2041
readEvidenceTable:cluster1.table
PotentialManager::loadEvidenceFromTable varCount=2041 sampleCount=36
motifNetwork.size() = 322
3=cluster1 motifNetwork=cluster1_network.txt
variable size=2041
readEvidenceTable:cluster6.table
PotentialManager::loadEvidenceFromTable varCount=2041 sampleCount=524
motifNetwork.size() = 320
4=cluster6 motifNetwork=cluster6_network.txt
variable size=2041
readEvidenceTable:cluster9.table
PotentialManager::loadEvidenceFromTable varCount=2041 sampleCount=184
motifNetwork.size() = 327
5=cluster9 motifNetwork=cluster9_network.txt
variable size=2041
readEvidenceTable:cluster10.table
PotentialManager::loadEvidenceFromTable varCount=2041 sampleCount=165
motifNetwork.size() = 326
6=cluster10 motifNetwork=cluster10_network.txt
variable size=2041
readEvidenceTable:cluster7.table
PotentialManager::loadEvidenceFromTable varCount=2041 sampleCount=1032
motifNetwork.size() = 320
7=cluster7 motifNetwork=cluster7_network.txt
variable size=2041
-------------------------------------------------------------
MetaLearner::start
precomputeEmptyGraphPrior
binkey=0 [Edge status: 0 0 0 0 0 0 0 0 ] P(G)=P(cluster8=0)[0.8] * P(cluster1=0|cluster2=0) * P(cluster9=0|cluster6=0) * P(cluster7=0|cluster10=0) * P(cluster10=0|cluster6=0) * P(cluster6=0|cluster2=0) * P(cluster2=0|cluster3=0) * P(cluster3=0|cluster8=0)[0.209715]=0.167772
condsetMap_Tree
0 cluster8=0 cluster3=0 cluster2=0 cluster1=0 cluster6=0 cluster9=0 cluster10=0 cluster7=1
1 cluster8=0 cluster3=0 cluster2=0 cluster1=0 cluster6=0 cluster9=1 cluster10=0 cluster7=0
2 cluster8=0 cluster3=0 cluster2=0 cluster1=0 cluster6=0 cluster9=1 cluster10=0 cluster7=1
3 cluster8=0 cluster3=0 cluster2=0 cluster1=1 cluster6=0 cluster9=0 cluster10=0 cluster7=0
4 cluster8=0 cluster3=0 cluster2=0 cluster1=1 cluster6=0 cluster9=0 cluster10=0 cluster7=1
5 cluster8=0 cluster3=0 cluster2=0 cluster1=1 cluster6=0 cluster9=1 cluster10=0 cluster7=0
6 cluster8=0 cluster3=0 cluster2=0 cluster1=1 cluster6=0 cluster9=1 cluster10=0 cluster7=1
7 cluster8=0 cluster3=0 cluster2=0 cluster1=0 cluster6=0 cluster9=0 cluster10=1 cluster7=1
8 cluster8=0 cluster3=0 cluster2=0 cluster1=0 cluster6=0 cluster9=1 cluster10=1 cluster7=1
9 cluster8=0 cluster3=0 cluster2=0 cluster1=1 cluster6=0 cluster9=0 cluster10=1 cluster7=1
10 cluster8=0 cluster3=0 cluster2=0 cluster1=1 cluster6=0 cluster9=1 cluster10=1 cluster7=1
11 cluster8=0 cluster3=0 cluster2=0 cluster1=0 cluster6=1 cluster9=1 cluster10=1 cluster7=1
12 cluster8=0 cluster3=0 cluster2=0 cluster1=1 cluster6=1 cluster9=1 cluster10=1 cluster7=1
13 cluster8=0 cluster3=0 cluster2=1 cluster1=1 cluster6=1 cluster9=1 cluster10=1 cluster7=1
14 cluster8=0 cluster3=1 cluster2=1 cluster1=1 cluster6=1 cluster9=1 cluster10=1 cluster7=1
15 cluster8=1 cluster3=1 cluster2=1 cluster1=1 cluster6=1 cluster9=1 cluster10=1 cluster7=1
16 cluster8=1 cluster3=1 cluster2=1 cluster1=1 cluster6=1 cluster9=1 cluster10=1 cluster7=0
17 cluster8=1 cluster3=1 cluster2=1 cluster1=1 cluster6=1 cluster9=0 cluster10=1 cluster7=1
18 cluster8=1 cluster3=1 cluster2=1 cluster1=1 cluster6=1 cluster9=0 cluster10=1 cluster7=0
19 cluster8=1 cluster3=1 cluster2=1 cluster1=0 cluster6=1 cluster9=1 cluster10=1 cluster7=1
20 cluster8=1 cluster3=1 cluster2=1 cluster1=0 cluster6=1 cluster9=1 cluster10=1 cluster7=0
21 cluster8=1 cluster3=1 cluster2=1 cluster1=0 cluster6=1 cluster9=0 cluster10=1 cluster7=1
22 cluster8=1 cluster3=1 cluster2=1 cluster1=0 cluster6=1 cluster9=0 cluster10=1 cluster7=0
23 cluster8=1 cluster3=1 cluster2=1 cluster1=1 cluster6=1 cluster9=1 cluster10=0 cluster7=0
24 cluster8=1 cluster3=1 cluster2=1 cluster1=1 cluster6=1 cluster9=0 cluster10=0 cluster7=0
25 cluster8=1 cluster3=1 cluster2=1 cluster1=0 cluster6=1 cluster9=1 cluster10=0 cluster7=0
26 cluster8=1 cluster3=1 cluster2=1 cluster1=0 cluster6=1 cluster9=0 cluster10=0 cluster7=0
27 cluster8=1 cluster3=1 cluster2=1 cluster1=1 cluster6=0 cluster9=0 cluster10=0 cluster7=0
28 cluster8=1 cluster3=1 cluster2=1 cluster1=0 cluster6=0 cluster9=0 cluster10=0 cluster7=0
29 cluster8=1 cluster3=1 cluster2=0 cluster1=0 cluster6=0 cluster9=0 cluster10=0 cluster7=0
30 cluster8=1 cluster3=0 cluster2=0 cluster1=0 cluster6=0 cluster9=0 cluster10=0 cluster7=0
31 cluster8=0 cluster3=0 cluster2=0 cluster1=0 cluster6=1 cluster9=0 cluster10=0 cluster7=0
32 cluster8=0 cluster3=0 cluster2=1 cluster1=0 cluster6=0 cluster9=0 cluster10=0 cluster7=0
33 cluster8=0 cluster3=0 cluster2=0 cluster1=0 cluster6=0 cluster9=0 cluster10=1 cluster7=0
34 cluster8=0 cluster3=1 cluster2=0 cluster1=0 cluster6=0 cluster9=0 cluster10=0 cluster7=0
inputRegulatorOGs.size() = 1999 inputOGList.size() = 50
binkey=2 [Edge status: 0 1 0 0 0 0 0 0 ] P(G)=P(cluster8=0)[0.8] * P(cluster1=0|cluster2=0) * P(cluster9=0|cluster6=0) * P(cluster7=0|cluster10=0) * P(cluster10=0|cluster6=0) * P(cluster6=0|cluster2=0) * P(cluster2=0|cluster3=1) * P(cluster3=1|cluster8=0)[0.0131072]=0.0104858
binkey=4 [Edge status: 0 0 1 0 0 0 0 0 ] P(G)=P(cluster8=0)[0.8] * P(cluster1=0|cluster2=1) * P(cluster9=0|cluster6=0) * P(cluster7=0|cluster10=0) * P(cluster10=0|cluster6=0) * P(cluster6=0|cluster2=1) * P(cluster2=1|cluster3=0) * P(cluster3=0|cluster8=0)[0.0032768]=0.00262144
binkey=32 [Edge status: 0 0 0 0 0 1 0 0 ] P(G)=P(cluster8=0)[0.8] * P(cluster1=0|cluster2=0) * P(cluster9=1|cluster6=0) * P(cluster7=0|cluster10=0) * P(cluster10=0|cluster6=0) * P(cluster6=0|cluster2=0) * P(cluster2=0|cluster3=0) * P(cluster3=0|cluster8=0)[0.0524288]=0.041943
binkey=16 [Edge status: 0 0 0 0 1 0 0 0 ] P(G)=P(cluster8=0)[0.8] * P(cluster1=0|cluster2=0) * P(cluster9=0|cluster6=1) * P(cluster7=0|cluster10=0) * P(cluster10=0|cluster6=1) * P(cluster6=1|cluster2=0) * P(cluster2=0|cluster3=0) * P(cluster3=0|cluster8=0)[0.0032768]=0.00262144
binkey=8 [Edge status: 0 0 0 1 0 0 0 0 ] P(G)=P(cluster8=0)[0.8] * P(cluster1=1|cluster2=0) * P(cluster9=0|cluster6=0) * P(cluster7=0|cluster10=0) * P(cluster10=0|cluster6=0) * P(cluster6=0|cluster2=0) * P(cluster2=0|cluster3=0) * P(cluster3=0|cluster8=0)[0.0524288]=0.041943
binkey=64 [Edge status: 0 0 0 0 0 0 1 0 ] P(G)=P(cluster8=0)[0.8] * P(cluster1=0|cluster2=0) * P(cluster9=0|cluster6=0) * P(cluster7=0|cluster10=1) * P(cluster10=1|cluster6=0) * P(cluster6=0|cluster2=0) * P(cluster2=0|cluster3=0) * P(cluster3=0|cluster8=0)[0.0131072]=0.0104858
binkey=1 [Edge status: 1 0 0 0 0 0 0 0 ] P(G)=P(cluster8=1)[0.2] * P(cluster1=0|cluster2=0) * P(cluster9=0|cluster6=0) * P(cluster7=0|cluster10=0) * P(cluster10=0|cluster6=0) * P(cluster6=0|cluster2=0) * P(cluster2=0|cluster3=0) * P(cluster3=0|cluster8=1)[0.0524288]=0.0104858
binkey=128 [Edge status: 0 0 0 0 0 0 0 1 ] P(G)=P(cluster8=0)[0.8] * P(cluster1=0|cluster2=0) * P(cluster9=0|cluster6=0) * P(cluster7=1|cluster10=0) * P(cluster10=0|cluster6=0) * P(cluster6=0|cluster2=0) * P(cluster2=0|cluster3=0) * P(cluster3=0|cluster8=0)[0.0524288]=0.041943
binkey=192 [Edge status: 0 0 0 0 0 0 1 1 ] P(G)=P(cluster8=0)[0.8] * P(cluster1=0|cluster2=0) * P(cluster9=0|cluster6=0) * P(cluster7=1|cluster10=1) * P(cluster10=1|cluster6=0) * P(cluster6=0|cluster2=0) * P(cluster2=0|cluster3=0) * P(cluster3=0|cluster8=0)[0.0524288]=0.041943
binkey=40 [Edge status: 0 0 0 1 0 1 0 0 ] P(G)=P(cluster8=0)[0.8] * P(cluster1=1|cluster2=0) * P(cluster9=1|cluster6=0) * P(cluster7=0|cluster10=0) * P(cluster10=0|cluster6=0) * P(cluster6=0|cluster2=0) * P(cluster2=0|cluster3=0) * P(cluster3=0|cluster8=0)[0.0131072]=0.0104858
binkey=3 [Edge status: 1 1 0 0 0 0 0 0 ] P(G)=P(cluster8=1)[0.2] * P(cluster1=0|cluster2=0) * P(cluster9=0|cluster6=0) * P(cluster7=0|cluster10=0) * P(cluster10=0|cluster6=0) * P(cluster6=0|cluster2=0) * P(cluster2=0|cluster3=1) * P(cluster3=1|cluster8=1)[0.0524288]=0.0104858
binkey=136 [Edge status: 0 0 0 1 0 0 0 1 ] P(G)=P(cluster8=0)[0.8] * P(cluster1=1|cluster2=0) * P(cluster9=0|cluster6=0) * P(cluster7=1|cluster10=0) * P(cluster10=0|cluster6=0) * P(cluster6=0|cluster2=0) * P(cluster2=0|cluster3=0) * P(cluster3=0|cluster8=0)[0.0131072]=0.0104858
binkey=160 [Edge status: 0 0 0 0 0 1 0 1 ] P(G)=P(cluster8=0)[0.8] * P(cluster1=0|cluster2=0) * P(cluster9=1|cluster6=0) * P(cluster7=1|cluster10=0) * P(cluster10=0|cluster6=0) * P(cluster6=0|cluster2=0) * P(cluster2=0|cluster3=0) * P(cluster3=0|cluster8=0)[0.0131072]=0.0104858
binkey=168 [Edge status: 0 0 0 1 0 1 0 1 ] P(G)=P(cluster8=0)[0.8] * P(cluster1=1|cluster2=0) * P(cluster9=1|cluster6=0) * P(cluster7=1|cluster10=0) * P(cluster10=0|cluster6=0) * P(cluster6=0|cluster2=0) * P(cluster2=0|cluster3=0) * P(cluster3=0|cluster8=0)[0.0032768]=0.00262144
binkey=224 [Edge status: 0 0 0 0 0 1 1 1 ] P(G)=P(cluster8=0)[0.8] * P(cluster1=0|cluster2=0) * P(cluster9=1|cluster6=0) * P(cluster7=1|cluster10=1) * P(cluster10=1|cluster6=0) * P(cluster6=0|cluster2=0) * P(cluster2=0|cluster3=0) * P(cluster3=0|cluster8=0)[0.0131072]=0.0104858
binkey=200 [Edge status: 0 0 0 1 0 0 1 1 ] P(G)=P(cluster8=0)[0.8] * P(cluster1=1|cluster2=0) * P(cluster9=0|cluster6=0) * P(cluster7=1|cluster10=1) * P(cluster10=1|cluster6=0) * P(cluster6=0|cluster2=0) * P(cluster2=0|cluster3=0) * P(cluster3=0|cluster8=0)[0.0131072]=0.0104858
binkey=232 [Edge status: 0 0 0 1 0 1 1 1 ] P(G)=P(cluster8=0)[0.8] * P(cluster1=1|cluster2=0) * P(cluster9=1|cluster6=0) * P(cluster7=1|cluster10=1) * P(cluster10=1|cluster6=0) * P(cluster6=0|cluster2=0) * P(cluster2=0|cluster3=0) * P(cluster3=0|cluster8=0)[0.0032768]=0.00262144
binkey=87 [Edge status: 1 1 1 0 1 0 1 0 ] P(G)=P(cluster8=1)[0.2] * P(cluster1=0|cluster2=1) * P(cluster9=0|cluster6=1) * P(cluster7=0|cluster10=1) * P(cluster10=1|cluster6=1) * P(cluster6=1|cluster2=1) * P(cluster2=1|cluster3=1) * P(cluster3=1|cluster8=1)[0.0032768]=0.00065536
binkey=23 [Edge status: 1 1 1 0 1 0 0 0 ] P(G)=P(cluster8=1)[0.2] * P(cluster1=0|cluster2=1) * P(cluster9=0|cluster6=1) * P(cluster7=0|cluster10=0) * P(cluster10=0|cluster6=1) * P(cluster6=1|cluster2=1) * P(cluster2=1|cluster3=1) * P(cluster3=1|cluster8=1)[0.0032768]=0.00065536
binkey=7 [Edge status: 1 1 1 0 0 0 0 0 ] P(G)=P(cluster8=1)[0.2] * P(cluster1=0|cluster2=1) * P(cluster9=0|cluster6=0) * P(cluster7=0|cluster10=0) * P(cluster10=0|cluster6=0) * P(cluster6=0|cluster2=1) * P(cluster2=1|cluster3=1) * P(cluster3=1|cluster8=1)[0.0131072]=0.00262144
binkey=15 [Edge status: 1 1 1 1 0 0 0 0 ] P(G)=P(cluster8=1)[0.2] * P(cluster1=1|cluster2=1) * P(cluster9=0|cluster6=0) * P(cluster7=0|cluster10=0) * P(cluster10=0|cluster6=0) * P(cluster6=0|cluster2=1) * P(cluster2=1|cluster3=1) * P(cluster3=1|cluster8=1)[0.0524288]=0.0104858
binkey=240 [Edge status: 0 0 0 0 1 1 1 1 ] P(G)=P(cluster8=0)[0.8] * P(cluster1=0|cluster2=0) * P(cluster9=1|cluster6=1) * P(cluster7=1|cluster10=1) * P(cluster10=1|cluster6=1) * P(cluster6=1|cluster2=0) * P(cluster2=0|cluster3=0) * P(cluster3=0|cluster8=0)[0.0524288]=0.041943
binkey=55 [Edge status: 1 1 1 0 1 1 0 0 ] P(G)=P(cluster8=1)[0.2] * P(cluster1=0|cluster2=1) * P(cluster9=1|cluster6=1) * P(cluster7=0|cluster10=0) * P(cluster10=0|cluster6=1) * P(cluster6=1|cluster2=1) * P(cluster2=1|cluster3=1) * P(cluster3=1|cluster8=1)[0.0131072]=0.00262144
ITERATION 0 newScore=-2.73925e+06 diffscore=15059.6 priorChange=-110.904 successMove=54
binkey=248 [Edge status: 0 0 0 1 1 1 1 1 ] P(G)=P(cluster8=0)[0.8] * P(cluster1=1|cluster2=0) * P(cluster9=1|cluster6=1) * P(cluster7=1|cluster10=1) * P(cluster10=1|cluster6=1) * P(cluster6=1|cluster2=0) * P(cluster2=0|cluster3=0) * P(cluster3=0|cluster8=0)[0.0131072]=0.0104858
binkey=252 [Edge status: 0 0 1 1 1 1 1 1 ] P(G)=P(cluster8=0)[0.8] * P(cluster1=1|cluster2=1) * P(cluster9=1|cluster6=1) * P(cluster7=1|cluster10=1) * P(cluster10=1|cluster6=1) * P(cluster6=1|cluster2=1) * P(cluster2=1|cluster3=0) * P(cluster3=0|cluster8=0)[0.0524288]=0.041943
ITERATION 1 newScore=-2.73005e+06 diffscore=9192.81 priorChange=-119.221 successMove=52
ITERATION 2 newScore=-2.72178e+06 diffscore=8272.56 priorChange=-115.062 successMove=59
ITERATION 3 newScore=-2.71784e+06 diffscore=3941.12 priorChange=-103.972 successMove=52
ITERATION 4 newScore=-2.71219e+06 diffscore=5653.65 priorChange=-110.904 successMove=52
ITERATION 5 newScore=-2.70615e+06 diffscore=6040.25 priorChange=-116.449 successMove=50
ITERATION 6 newScore=-2.7014e+06 diffscore=4749.59 priorChange=-91.4954 successMove=52
ITERATION 7 newScore=-2.70001e+06 diffscore=1384.66 priorChange=-103.972 successMove=51
ITERATION 8 newScore=-2.69527e+06 diffscore=4737.43 priorChange=-120.608 successMove=53
ITERATION 9 newScore=-2.69436e+06 diffscore=910.404 priorChange=-113.676 successMove=50
ITERATION 10 newScore=-2.69315e+06 diffscore=1209.22 priorChange=-105.358 successMove=52
ITERATION 11 newScore=-2.68725e+06 diffscore=5907.72 priorChange=-108.131 successMove=53
ITERATION 12 newScore=-2.68242e+06 diffscore=4829.3 priorChange=-97.0406 successMove=53
ITERATION 13 newScore=-2.67699e+06 diffscore=5430.54 priorChange=-108.131 successMove=50
ITERATION 14 newScore=-2.67446e+06 diffscore=2530.51 priorChange=-102.586 successMove=52
ITERATION 15 newScore=-2.66941e+06 diffscore=5042.43 priorChange=-106.745 successMove=53
ITERATION 16 newScore=-2.66773e+06 diffscore=1680.92 priorChange=-110.904 successMove=49
ITERATION 17 newScore=-2.66674e+06 diffscore=995.68 priorChange=-119.221 successMove=48
ITERATION 18 newScore=-2.66336e+06 diffscore=3377.99 priorChange=-92.8817 successMove=49
ITERATION 19 newScore=-2.6621e+06 diffscore=1254.13 priorChange=-106.745 successMove=49
ITERATION 20 newScore=-2.66032e+06 diffscore=1779.61 priorChange=-103.972 successMove=48
ITERATION 21 newScore=-2.65904e+06 diffscore=1288.16 priorChange=-109.517 successMove=51
ITERATION 22 newScore=-2.65808e+06 diffscore=953.548 priorChange=-109.517 successMove=50
ITERATION 23 newScore=-2.65652e+06 diffscore=1565.42 priorChange=-87.3365 successMove=48
ITERATION 24 newScore=-2.65372e+06 diffscore=2795.84 priorChange=-88.7228 successMove=48
ITERATION 25 newScore=-2.64908e+06 diffscore=4639.21 priorChange=-94.268 successMove=47
ITERATION 26 newScore=-2.64863e+06 diffscore=456.564 priorChange=-103.972 successMove=48
ITERATION 27 newScore=-2.64689e+06 diffscore=1735.99 priorChange=-90.1091 successMove=47
ITERATION 28 newScore=-2.64634e+06 diffscore=551.231 priorChange=-113.676 successMove=47
ITERATION 29 newScore=-2.6448e+06 diffscore=1537.15 priorChange=-102.586 successMove=47
ITERATION 30 newScore=-2.64427e+06 diffscore=530.627 priorChange=-90.1091 successMove=49
ITERATION 31 newScore=-2.64355e+06 diffscore=717.644 priorChange=-98.4269 successMove=47
ITERATION 32 newScore=-2.64222e+06 diffscore=1332.49 priorChange=-97.0406 successMove=50
ITERATION 33 newScore=-2.64035e+06 diffscore=1868.84 priorChange=-106.745 successMove=47
ITERATION 34 newScore=-2.63722e+06 diffscore=3128.02 priorChange=-102.586 successMove=48
ITERATION 35 newScore=-2.63569e+06 diffscore=1537.36 priorChange=-105.358 successMove=48
ITERATION 36 newScore=-2.63021e+06 diffscore=5477.7 priorChange=-66.5421 successMove=47
ITERATION 37 newScore=-2.62704e+06 diffscore=3164.82 priorChange=-98.4269 successMove=47
ITERATION 38 newScore=-2.62626e+06 diffscore=781.47 priorChange=-97.0406 successMove=47
ITERATION 39 newScore=-2.62502e+06 diffscore=1239.88 priorChange=-105.358 successMove=45
ITERATION 40 newScore=-2.62469e+06 diffscore=328.134 priorChange=-92.8817 successMove=45
ITERATION 41 newScore=-2.62268e+06 diffscore=2011.09 priorChange=-99.8132 successMove=46
ITERATION 42 newScore=-2.62125e+06 diffscore=1432.85 priorChange=-116.449 successMove=45
ITERATION 43 newScore=-2.62085e+06 diffscore=398.206 priorChange=-99.8132 successMove=44
ITERATION 44 newScore=-2.61973e+06 diffscore=1118.38 priorChange=-95.6543 successMove=44
ITERATION 45 newScore=-2.61793e+06 diffscore=1807.51 priorChange=-98.4269 successMove=45
ITERATION 46 newScore=-2.61635e+06 diffscore=1578.13 priorChange=-103.972 successMove=43
ITERATION 47 newScore=-2.61399e+06 diffscore=2362.09 priorChange=-101.199 successMove=43
ITERATION 48 newScore=-2.61181e+06 diffscore=2177.58 priorChange=-101.199 successMove=43
ITERATION 49 newScore=-2.61153e+06 diffscore=281.958 priorChange=-90.1091 successMove=42
ITERATION 50 newScore=-2.61122e+06 diffscore=304.431 priorChange=-91.4954 successMove=42
ITERATION 51 newScore=-2.61058e+06 diffscore=641.821 priorChange=-87.3365 successMove=43
ITERATION 52 newScore=-2.60777e+06 diffscore=2814.44 priorChange=-102.586 successMove=43
ITERATION 53 newScore=-2.60748e+06 diffscore=283.132 priorChange=-87.3365 successMove=43
ITERATION 54 newScore=-2.60501e+06 diffscore=2475.83 priorChange=-98.4269 successMove=43
ITERATION 55 newScore=-2.60473e+06 diffscore=281.24 priorChange=-103.972 successMove=42
ITERATION 56 newScore=-2.60332e+06 diffscore=1410.05 priorChange=-90.1091 successMove=41
ITERATION 57 newScore=-2.60174e+06 diffscore=1579.95 priorChange=-76.2462 successMove=39
ITERATION 58 newScore=-2.60138e+06 diffscore=359.304 priorChange=-87.3365 successMove=38
ITERATION 59 newScore=-2.59973e+06 diffscore=1643.07 priorChange=-77.6325 successMove=37
ITERATION 60 newScore=-2.59942e+06 diffscore=315.471 priorChange=-76.2462 successMove=36
ITERATION 61 newScore=-2.59801e+06 diffscore=1408.42 priorChange=-73.4736 successMove=36
ITERATION 62 newScore=-2.59556e+06 diffscore=2451.38 priorChange=-63.7695 successMove=37
ITERATION 63 newScore=-2.59299e+06 diffscore=2568.62 priorChange=-76.2462 successMove=32
ITERATION 64 newScore=-2.59285e+06 diffscore=139.511 priorChange=-58.2244 successMove=32
ITERATION 65 newScore=-2.59267e+06 diffscore=182.695 priorChange=-63.7695 successMove=32
ITERATION 66 newScore=-2.5925e+06 diffscore=165.657 priorChange=-60.997 successMove=31
ITERATION 67 newScore=-2.59152e+06 diffscore=981.088 priorChange=-62.3832 successMove=32
ITERATION 68 newScore=-2.59135e+06 diffscore=171.228 priorChange=-63.7695 successMove=31
ITERATION 69 newScore=-2.59119e+06 diffscore=157.389 priorChange=-56.8381 successMove=31
ITERATION 70 newScore=-2.59092e+06 diffscore=269.164 priorChange=-65.1558 successMove=30
ITERATION 71 newScore=-2.59072e+06 diffscore=198.38 priorChange=-65.1558 successMove=32
ITERATION 72 newScore=-2.59043e+06 diffscore=294.601 priorChange=-56.8381 successMove=29
ITERATION 73 newScore=-2.5889e+06 diffscore=1525.21 priorChange=-58.2244 successMove=30
ITERATION 74 newScore=-2.58865e+06 diffscore=254.517 priorChange=-54.0655 successMove=27
ITERATION 75 newScore=-2.58773e+06 diffscore=916.47 priorChange=-58.2244 successMove=26
ITERATION 76 newScore=-2.58746e+06 diffscore=274.576 priorChange=-44.3614 successMove=26
ITERATION 77 newScore=-2.5859e+06 diffscore=1562.22 priorChange=-62.3832 successMove=26
ITERATION 78 newScore=-2.58574e+06 diffscore=158.135 priorChange=-62.3832 successMove=25
ITERATION 79 newScore=-2.58551e+06 diffscore=231.162 priorChange=-41.5888 successMove=25
ITERATION 80 newScore=-2.58524e+06 diffscore=267.149 priorChange=-48.5203 successMove=22
ITERATION 81 newScore=-2.58412e+06 diffscore=1121.85 priorChange=-41.5888 successMove=21
ITERATION 82 newScore=-2.58365e+06 diffscore=470.649 priorChange=-31.8848 successMove=20
ITERATION 83 newScore=-2.58309e+06 diffscore=557.466 priorChange=-36.0437 successMove=19
ITERATION 84 newScore=-2.58227e+06 diffscore=820.752 priorChange=-33.2711 successMove=19
ITERATION 85 newScore=-2.58206e+06 diffscore=209.661 priorChange=-31.8848 successMove=18
ITERATION 86 newScore=-2.58164e+06 diffscore=420.462 priorChange=-33.2711 successMove=19
ITERATION 87 newScore=-2.58131e+06 diffscore=331.255 priorChange=-24.9533 successMove=17
ITERATION 88 newScore=-2.58127e+06 diffscore=41.3737 priorChange=-24.9533 successMove=14
ITERATION 89 newScore=-2.58122e+06 diffscore=50.7695 priorChange=-29.1122 successMove=13
ITERATION 90 newScore=-2.58116e+06 diffscore=60.477 priorChange=-29.1122 successMove=13
ITERATION 91 newScore=-2.58111e+06 diffscore=41.1443 priorChange=-15.2492 successMove=14
ITERATION 92 newScore=-2.58106e+06 diffscore=50.8275 priorChange=-29.1122 successMove=13
ITERATION 93 newScore=-2.58102e+06 diffscore=45.7554 priorChange=-23.567 successMove=13
ITERATION 94 newScore=-2.58098e+06 diffscore=40.7638 priorChange=-26.3396 successMove=13
ITERATION 95 newScore=-2.58095e+06 diffscore=30.8477 priorChange=-19.4081 successMove=11
ITERATION 96 newScore=-2.58091e+06 diffscore=33.757 priorChange=-22.1807 successMove=11
ITERATION 97 newScore=-2.58089e+06 diffscore=27.6071 priorChange=-18.0218 successMove=11
ITERATION 98 newScore=-2.58086e+06 diffscore=25.666 priorChange=-16.6355 successMove=10
ITERATION 99 newScore=-2.58083e+06 diffscore=29.6462 priorChange=-16.6355 successMove=6
MetaLearner::dumpAllGraphs
Final Score -2.58083e+06
MetaLearner::start runtime: 1220890540 ms
Results/
Results/cluster3/
Results/cluster3/fold0/
Results/cluster3/fold0/modelparams.txt
Results/cluster3/fold0/var_mb_pw_k50.txt
Results/cluster7/
Results/cluster7/fold0/
Results/cluster7/fold0/modelparams.txt
Results/cluster7/fold0/var_mb_pw_k50.txt
Results/cluster2/
Results/cluster2/fold0/
Results/cluster2/fold0/modelparams.txt
Results/cluster2/fold0/var_mb_pw_k50.txt
Results/cluster9/
Results/cluster9/fold0/
Results/cluster9/fold0/modelparams.txt
Results/cluster9/fold0/var_mb_pw_k50.txt
Results/cluster6/
Results/cluster6/fold0/
Results/cluster6/fold0/modelparams.txt
Results/cluster6/fold0/var_mb_pw_k50.txt
Results/cluster1/
Results/cluster1/fold0/
Results/cluster1/fold0/modelparams.txt
Results/cluster1/fold0/var_mb_pw_k50.txt
Results/cluster10/
Results/cluster10/fold0/
Results/cluster10/fold0/modelparams.txt
Results/cluster10/fold0/var_mb_pw_k50.txt
Results/cluster8/
Results/cluster8/scoreFile.txt
Results/cluster8/fold0/
Results/cluster8/fold0/modelparams.txt
Results/cluster8/fold0/var_mb_pw_k50.txt
