./CVN -f config_condor.txt -x50 -v1 -l TFs_OGs.txt -n AllGenes77.txt -d celltype_tree_ancestor.txt -m testdata_ogids.txt -s celltype_order.txt -p 0.2 -c yes -b -4 -q 4
(cluster3|cluster8) p_maintain_edge=0.8 p_gain=0.2
(cluster2|cluster3) p_maintain_edge=0.8 p_gain=0.2
(cluster1|cluster2) p_maintain_edge=0.8 p_gain=0.2
(cluster6|cluster2) p_maintain_edge=0.8 p_gain=0.2
(cluster9|cluster6) p_maintain_edge=0.8 p_gain=0.2
(cluster10|cluster6) p_maintain_edge=0.8 p_gain=0.2
(cluster7|cluster10) p_maintain_edge=0.8 p_gain=0.2
speciesSet.size()=8 Root is cluster8
MappedOrthogroupReader::readSpeciesMapping() --- celltype_order.txt
MappedOrthogroupReader::readFile - testdata_ogids.txt
MappedOrthogroupReader::generateGeneOrthoMap()
MetaLearner::init_onefold() read:config_condor.txt
MetaLearner::setinputVariableNames number of variables: 2038
readEvidenceTable:cluster8.table
PotentialManager::loadEvidenceFromTable varCount=2038 sampleCount=348
motifNetwork.size() = 319
0=cluster8 motifNetwork=cluster8_network.txt
variable size=2038
readEvidenceTable:cluster3.table
PotentialManager::loadEvidenceFromTable varCount=2038 sampleCount=95
motifNetwork.size() = 326
1=cluster3 motifNetwork=cluster3_network.txt
variable size=2038
readEvidenceTable:cluster2.table
PotentialManager::loadEvidenceFromTable varCount=2038 sampleCount=386
motifNetwork.size() = 328
2=cluster2 motifNetwork=cluster2_network.txt
variable size=2038
readEvidenceTable:cluster1.table
PotentialManager::loadEvidenceFromTable varCount=2038 sampleCount=36
motifNetwork.size() = 322
3=cluster1 motifNetwork=cluster1_network.txt
variable size=2038
readEvidenceTable:cluster6.table
PotentialManager::loadEvidenceFromTable varCount=2038 sampleCount=524
motifNetwork.size() = 320
4=cluster6 motifNetwork=cluster6_network.txt
variable size=2038
readEvidenceTable:cluster9.table
PotentialManager::loadEvidenceFromTable varCount=2038 sampleCount=184
motifNetwork.size() = 327
5=cluster9 motifNetwork=cluster9_network.txt
variable size=2038
readEvidenceTable:cluster10.table
PotentialManager::loadEvidenceFromTable varCount=2038 sampleCount=165
motifNetwork.size() = 326
6=cluster10 motifNetwork=cluster10_network.txt
variable size=2038
readEvidenceTable:cluster7.table
PotentialManager::loadEvidenceFromTable varCount=2038 sampleCount=1032
motifNetwork.size() = 320
7=cluster7 motifNetwork=cluster7_network.txt
variable size=2038
-------------------------------------------------------------
MetaLearner::start
precomputeEmptyGraphPrior
binkey=0 [Edge status: 0 0 0 0 0 0 0 0 ] P(G)=P(cluster8=0)[0.8] * P(cluster1=0|cluster2=0) * P(cluster9=0|cluster6=0) * P(cluster7=0|cluster10=0) * P(cluster10=0|cluster6=0) * P(cluster6=0|cluster2=0) * P(cluster2=0|cluster3=0) * P(cluster3=0|cluster8=0)[0.209715]=0.167772
condsetMap_Tree
0 cluster8=0 cluster3=0 cluster2=0 cluster1=0 cluster6=0 cluster9=0 cluster10=0 cluster7=1
1 cluster8=0 cluster3=0 cluster2=0 cluster1=0 cluster6=0 cluster9=1 cluster10=0 cluster7=0
2 cluster8=0 cluster3=0 cluster2=0 cluster1=0 cluster6=0 cluster9=1 cluster10=0 cluster7=1
3 cluster8=0 cluster3=0 cluster2=0 cluster1=1 cluster6=0 cluster9=0 cluster10=0 cluster7=0
4 cluster8=0 cluster3=0 cluster2=0 cluster1=1 cluster6=0 cluster9=0 cluster10=0 cluster7=1
5 cluster8=0 cluster3=0 cluster2=0 cluster1=1 cluster6=0 cluster9=1 cluster10=0 cluster7=0
6 cluster8=0 cluster3=0 cluster2=0 cluster1=1 cluster6=0 cluster9=1 cluster10=0 cluster7=1
7 cluster8=0 cluster3=0 cluster2=0 cluster1=0 cluster6=0 cluster9=0 cluster10=1 cluster7=1
8 cluster8=0 cluster3=0 cluster2=0 cluster1=0 cluster6=0 cluster9=1 cluster10=1 cluster7=1
9 cluster8=0 cluster3=0 cluster2=0 cluster1=1 cluster6=0 cluster9=0 cluster10=1 cluster7=1
10 cluster8=0 cluster3=0 cluster2=0 cluster1=1 cluster6=0 cluster9=1 cluster10=1 cluster7=1
11 cluster8=0 cluster3=0 cluster2=0 cluster1=0 cluster6=1 cluster9=1 cluster10=1 cluster7=1
12 cluster8=0 cluster3=0 cluster2=0 cluster1=1 cluster6=1 cluster9=1 cluster10=1 cluster7=1
13 cluster8=0 cluster3=0 cluster2=1 cluster1=1 cluster6=1 cluster9=1 cluster10=1 cluster7=1
14 cluster8=0 cluster3=1 cluster2=1 cluster1=1 cluster6=1 cluster9=1 cluster10=1 cluster7=1
15 cluster8=1 cluster3=1 cluster2=1 cluster1=1 cluster6=1 cluster9=1 cluster10=1 cluster7=1
16 cluster8=1 cluster3=1 cluster2=1 cluster1=1 cluster6=1 cluster9=1 cluster10=1 cluster7=0
17 cluster8=1 cluster3=1 cluster2=1 cluster1=1 cluster6=1 cluster9=0 cluster10=1 cluster7=1
18 cluster8=1 cluster3=1 cluster2=1 cluster1=1 cluster6=1 cluster9=0 cluster10=1 cluster7=0
19 cluster8=1 cluster3=1 cluster2=1 cluster1=0 cluster6=1 cluster9=1 cluster10=1 cluster7=1
20 cluster8=1 cluster3=1 cluster2=1 cluster1=0 cluster6=1 cluster9=1 cluster10=1 cluster7=0
21 cluster8=1 cluster3=1 cluster2=1 cluster1=0 cluster6=1 cluster9=0 cluster10=1 cluster7=1
22 cluster8=1 cluster3=1 cluster2=1 cluster1=0 cluster6=1 cluster9=0 cluster10=1 cluster7=0
23 cluster8=1 cluster3=1 cluster2=1 cluster1=1 cluster6=1 cluster9=1 cluster10=0 cluster7=0
24 cluster8=1 cluster3=1 cluster2=1 cluster1=1 cluster6=1 cluster9=0 cluster10=0 cluster7=0
25 cluster8=1 cluster3=1 cluster2=1 cluster1=0 cluster6=1 cluster9=1 cluster10=0 cluster7=0
26 cluster8=1 cluster3=1 cluster2=1 cluster1=0 cluster6=1 cluster9=0 cluster10=0 cluster7=0
27 cluster8=1 cluster3=1 cluster2=1 cluster1=1 cluster6=0 cluster9=0 cluster10=0 cluster7=0
28 cluster8=1 cluster3=1 cluster2=1 cluster1=0 cluster6=0 cluster9=0 cluster10=0 cluster7=0
29 cluster8=1 cluster3=1 cluster2=0 cluster1=0 cluster6=0 cluster9=0 cluster10=0 cluster7=0
30 cluster8=1 cluster3=0 cluster2=0 cluster1=0 cluster6=0 cluster9=0 cluster10=0 cluster7=0
31 cluster8=0 cluster3=0 cluster2=0 cluster1=0 cluster6=1 cluster9=0 cluster10=0 cluster7=0
32 cluster8=0 cluster3=0 cluster2=1 cluster1=0 cluster6=0 cluster9=0 cluster10=0 cluster7=0
33 cluster8=0 cluster3=0 cluster2=0 cluster1=0 cluster6=0 cluster9=0 cluster10=1 cluster7=0
34 cluster8=0 cluster3=1 cluster2=0 cluster1=0 cluster6=0 cluster9=0 cluster10=0 cluster7=0
inputRegulatorOGs.size() = 1999 inputOGList.size() = 50
binkey=128 [Edge status: 0 0 0 0 0 0 0 1 ] P(G)=P(cluster8=0)[0.8] * P(cluster1=0|cluster2=0) * P(cluster9=0|cluster6=0) * P(cluster7=1|cluster10=0) * P(cluster10=0|cluster6=0) * P(cluster6=0|cluster2=0) * P(cluster2=0|cluster3=0) * P(cluster3=0|cluster8=0)[0.0524288]=0.041943
binkey=64 [Edge status: 0 0 0 0 0 0 1 0 ] P(G)=P(cluster8=0)[0.8] * P(cluster1=0|cluster2=0) * P(cluster9=0|cluster6=0) * P(cluster7=0|cluster10=1) * P(cluster10=1|cluster6=0) * P(cluster6=0|cluster2=0) * P(cluster2=0|cluster3=0) * P(cluster3=0|cluster8=0)[0.0131072]=0.0104858
binkey=1 [Edge status: 1 0 0 0 0 0 0 0 ] P(G)=P(cluster8=1)[0.2] * P(cluster1=0|cluster2=0) * P(cluster9=0|cluster6=0) * P(cluster7=0|cluster10=0) * P(cluster10=0|cluster6=0) * P(cluster6=0|cluster2=0) * P(cluster2=0|cluster3=0) * P(cluster3=0|cluster8=1)[0.0524288]=0.0104858
binkey=32 [Edge status: 0 0 0 0 0 1 0 0 ] P(G)=P(cluster8=0)[0.8] * P(cluster1=0|cluster2=0) * P(cluster9=1|cluster6=0) * P(cluster7=0|cluster10=0) * P(cluster10=0|cluster6=0) * P(cluster6=0|cluster2=0) * P(cluster2=0|cluster3=0) * P(cluster3=0|cluster8=0)[0.0524288]=0.041943
binkey=4 [Edge status: 0 0 1 0 0 0 0 0 ] P(G)=P(cluster8=0)[0.8] * P(cluster1=0|cluster2=1) * P(cluster9=0|cluster6=0) * P(cluster7=0|cluster10=0) * P(cluster10=0|cluster6=0) * P(cluster6=0|cluster2=1) * P(cluster2=1|cluster3=0) * P(cluster3=0|cluster8=0)[0.0032768]=0.00262144
binkey=8 [Edge status: 0 0 0 1 0 0 0 0 ] P(G)=P(cluster8=0)[0.8] * P(cluster1=1|cluster2=0) * P(cluster9=0|cluster6=0) * P(cluster7=0|cluster10=0) * P(cluster10=0|cluster6=0) * P(cluster6=0|cluster2=0) * P(cluster2=0|cluster3=0) * P(cluster3=0|cluster8=0)[0.0524288]=0.041943
binkey=16 [Edge status: 0 0 0 0 1 0 0 0 ] P(G)=P(cluster8=0)[0.8] * P(cluster1=0|cluster2=0) * P(cluster9=0|cluster6=1) * P(cluster7=0|cluster10=0) * P(cluster10=0|cluster6=1) * P(cluster6=1|cluster2=0) * P(cluster2=0|cluster3=0) * P(cluster3=0|cluster8=0)[0.0032768]=0.00262144
binkey=192 [Edge status: 0 0 0 0 0 0 1 1 ] P(G)=P(cluster8=0)[0.8] * P(cluster1=0|cluster2=0) * P(cluster9=0|cluster6=0) * P(cluster7=1|cluster10=1) * P(cluster10=1|cluster6=0) * P(cluster6=0|cluster2=0) * P(cluster2=0|cluster3=0) * P(cluster3=0|cluster8=0)[0.0524288]=0.041943
binkey=160 [Edge status: 0 0 0 0 0 1 0 1 ] P(G)=P(cluster8=0)[0.8] * P(cluster1=0|cluster2=0) * P(cluster9=1|cluster6=0) * P(cluster7=1|cluster10=0) * P(cluster10=0|cluster6=0) * P(cluster6=0|cluster2=0) * P(cluster2=0|cluster3=0) * P(cluster3=0|cluster8=0)[0.0131072]=0.0104858
binkey=40 [Edge status: 0 0 0 1 0 1 0 0 ] P(G)=P(cluster8=0)[0.8] * P(cluster1=1|cluster2=0) * P(cluster9=1|cluster6=0) * P(cluster7=0|cluster10=0) * P(cluster10=0|cluster6=0) * P(cluster6=0|cluster2=0) * P(cluster2=0|cluster3=0) * P(cluster3=0|cluster8=0)[0.0131072]=0.0104858
binkey=3 [Edge status: 1 1 0 0 0 0 0 0 ] P(G)=P(cluster8=1)[0.2] * P(cluster1=0|cluster2=0) * P(cluster9=0|cluster6=0) * P(cluster7=0|cluster10=0) * P(cluster10=0|cluster6=0) * P(cluster6=0|cluster2=0) * P(cluster2=0|cluster3=1) * P(cluster3=1|cluster8=1)[0.0524288]=0.0104858
binkey=2 [Edge status: 0 1 0 0 0 0 0 0 ] P(G)=P(cluster8=0)[0.8] * P(cluster1=0|cluster2=0) * P(cluster9=0|cluster6=0) * P(cluster7=0|cluster10=0) * P(cluster10=0|cluster6=0) * P(cluster6=0|cluster2=0) * P(cluster2=0|cluster3=1) * P(cluster3=1|cluster8=0)[0.0131072]=0.0104858
binkey=136 [Edge status: 0 0 0 1 0 0 0 1 ] P(G)=P(cluster8=0)[0.8] * P(cluster1=1|cluster2=0) * P(cluster9=0|cluster6=0) * P(cluster7=1|cluster10=0) * P(cluster10=0|cluster6=0) * P(cluster6=0|cluster2=0) * P(cluster2=0|cluster3=0) * P(cluster3=0|cluster8=0)[0.0131072]=0.0104858
binkey=168 [Edge status: 0 0 0 1 0 1 0 1 ] P(G)=P(cluster8=0)[0.8] * P(cluster1=1|cluster2=0) * P(cluster9=1|cluster6=0) * P(cluster7=1|cluster10=0) * P(cluster10=0|cluster6=0) * P(cluster6=0|cluster2=0) * P(cluster2=0|cluster3=0) * P(cluster3=0|cluster8=0)[0.0032768]=0.00262144
binkey=215 [Edge status: 1 1 1 0 1 0 1 1 ] P(G)=P(cluster8=1)[0.2] * P(cluster1=0|cluster2=1) * P(cluster9=0|cluster6=1) * P(cluster7=1|cluster10=1) * P(cluster10=1|cluster6=1) * P(cluster6=1|cluster2=1) * P(cluster2=1|cluster3=1) * P(cluster3=1|cluster8=1)[0.0131072]=0.00262144
binkey=87 [Edge status: 1 1 1 0 1 0 1 0 ] P(G)=P(cluster8=1)[0.2] * P(cluster1=0|cluster2=1) * P(cluster9=0|cluster6=1) * P(cluster7=0|cluster10=1) * P(cluster10=1|cluster6=1) * P(cluster6=1|cluster2=1) * P(cluster2=1|cluster3=1) * P(cluster3=1|cluster8=1)[0.0032768]=0.00065536
binkey=23 [Edge status: 1 1 1 0 1 0 0 0 ] P(G)=P(cluster8=1)[0.2] * P(cluster1=0|cluster2=1) * P(cluster9=0|cluster6=1) * P(cluster7=0|cluster10=0) * P(cluster10=0|cluster6=1) * P(cluster6=1|cluster2=1) * P(cluster2=1|cluster3=1) * P(cluster3=1|cluster8=1)[0.0032768]=0.00065536
binkey=7 [Edge status: 1 1 1 0 0 0 0 0 ] P(G)=P(cluster8=1)[0.2] * P(cluster1=0|cluster2=1) * P(cluster9=0|cluster6=0) * P(cluster7=0|cluster10=0) * P(cluster10=0|cluster6=0) * P(cluster6=0|cluster2=1) * P(cluster2=1|cluster3=1) * P(cluster3=1|cluster8=1)[0.0131072]=0.00262144
binkey=224 [Edge status: 0 0 0 0 0 1 1 1 ] P(G)=P(cluster8=0)[0.8] * P(cluster1=0|cluster2=0) * P(cluster9=1|cluster6=0) * P(cluster7=1|cluster10=1) * P(cluster10=1|cluster6=0) * P(cluster6=0|cluster2=0) * P(cluster2=0|cluster3=0) * P(cluster3=0|cluster8=0)[0.0131072]=0.0104858
binkey=240 [Edge status: 0 0 0 0 1 1 1 1 ] P(G)=P(cluster8=0)[0.8] * P(cluster1=0|cluster2=0) * P(cluster9=1|cluster6=1) * P(cluster7=1|cluster10=1) * P(cluster10=1|cluster6=1) * P(cluster6=1|cluster2=0) * P(cluster2=0|cluster3=0) * P(cluster3=0|cluster8=0)[0.0524288]=0.041943
binkey=200 [Edge status: 0 0 0 1 0 0 1 1 ] P(G)=P(cluster8=0)[0.8] * P(cluster1=1|cluster2=0) * P(cluster9=0|cluster6=0) * P(cluster7=1|cluster10=1) * P(cluster10=1|cluster6=0) * P(cluster6=0|cluster2=0) * P(cluster2=0|cluster3=0) * P(cluster3=0|cluster8=0)[0.0131072]=0.0104858
binkey=232 [Edge status: 0 0 0 1 0 1 1 1 ] P(G)=P(cluster8=0)[0.8] * P(cluster1=1|cluster2=0) * P(cluster9=1|cluster6=0) * P(cluster7=1|cluster10=1) * P(cluster10=1|cluster6=0) * P(cluster6=0|cluster2=0) * P(cluster2=0|cluster3=0) * P(cluster3=0|cluster8=0)[0.0032768]=0.00262144
binkey=247 [Edge status: 1 1 1 0 1 1 1 1 ] P(G)=P(cluster8=1)[0.2] * P(cluster1=0|cluster2=1) * P(cluster9=1|cluster6=1) * P(cluster7=1|cluster10=1) * P(cluster10=1|cluster6=1) * P(cluster6=1|cluster2=1) * P(cluster2=1|cluster3=1) * P(cluster3=1|cluster8=1)[0.0524288]=0.0104858
binkey=119 [Edge status: 1 1 1 0 1 1 1 0 ] P(G)=P(cluster8=1)[0.2] * P(cluster1=0|cluster2=1) * P(cluster9=1|cluster6=1) * P(cluster7=0|cluster10=1) * P(cluster10=1|cluster6=1) * P(cluster6=1|cluster2=1) * P(cluster2=1|cluster3=1) * P(cluster3=1|cluster8=1)[0.0131072]=0.00262144
binkey=55 [Edge status: 1 1 1 0 1 1 0 0 ] P(G)=P(cluster8=1)[0.2] * P(cluster1=0|cluster2=1) * P(cluster9=1|cluster6=1) * P(cluster7=0|cluster10=0) * P(cluster10=0|cluster6=1) * P(cluster6=1|cluster2=1) * P(cluster2=1|cluster3=1) * P(cluster3=1|cluster8=1)[0.0131072]=0.00262144
binkey=31 [Edge status: 1 1 1 1 1 0 0 0 ] P(G)=P(cluster8=1)[0.2] * P(cluster1=1|cluster2=1) * P(cluster9=0|cluster6=1) * P(cluster7=0|cluster10=0) * P(cluster10=0|cluster6=1) * P(cluster6=1|cluster2=1) * P(cluster2=1|cluster3=1) * P(cluster3=1|cluster8=1)[0.0131072]=0.00262144
binkey=15 [Edge status: 1 1 1 1 0 0 0 0 ] P(G)=P(cluster8=1)[0.2] * P(cluster1=1|cluster2=1) * P(cluster9=0|cluster6=0) * P(cluster7=0|cluster10=0) * P(cluster10=0|cluster6=0) * P(cluster6=0|cluster2=1) * P(cluster2=1|cluster3=1) * P(cluster3=1|cluster8=1)[0.0524288]=0.0104858
ITERATION 0 newScore=-2.78059e+06 diffscore=10609.7 priorChange=-102.586 successMove=68
ITERATION 1 newScore=-2.7786e+06 diffscore=1995.62 priorChange=-120.608 successMove=62
ITERATION 2 newScore=-2.77515e+06 diffscore=3446.2 priorChange=-101.199 successMove=55
ITERATION 3 newScore=-2.76894e+06 diffscore=6208.35 priorChange=-112.29 successMove=56
ITERATION 4 newScore=-2.76351e+06 diffscore=5432.39 priorChange=-112.29 successMove=52
ITERATION 5 newScore=-2.76216e+06 diffscore=1355.29 priorChange=-113.676 successMove=56
ITERATION 6 newScore=-2.75945e+06 diffscore=2707.46 priorChange=-106.745 successMove=54
ITERATION 7 newScore=-2.75757e+06 diffscore=1883.98 priorChange=-103.972 successMove=53
ITERATION 8 newScore=-2.75519e+06 diffscore=2371.22 priorChange=-108.131 successMove=51
ITERATION 9 newScore=-2.75128e+06 diffscore=3917.19 priorChange=-103.972 successMove=50
binkey=248 [Edge status: 0 0 0 1 1 1 1 1 ] P(G)=P(cluster8=0)[0.8] * P(cluster1=1|cluster2=0) * P(cluster9=1|cluster6=1) * P(cluster7=1|cluster10=1) * P(cluster10=1|cluster6=1) * P(cluster6=1|cluster2=0) * P(cluster2=0|cluster3=0) * P(cluster3=0|cluster8=0)[0.0131072]=0.0104858
binkey=252 [Edge status: 0 0 1 1 1 1 1 1 ] P(G)=P(cluster8=0)[0.8] * P(cluster1=1|cluster2=1) * P(cluster9=1|cluster6=1) * P(cluster7=1|cluster10=1) * P(cluster10=1|cluster6=1) * P(cluster6=1|cluster2=1) * P(cluster2=1|cluster3=0) * P(cluster3=0|cluster8=0)[0.0524288]=0.041943
ITERATION 10 newScore=-2.74837e+06 diffscore=2906.09 priorChange=-103.972 successMove=55
ITERATION 11 newScore=-2.74635e+06 diffscore=2023.35 priorChange=-105.358 successMove=53
ITERATION 12 newScore=-2.74202e+06 diffscore=4330.2 priorChange=-103.972 successMove=60
ITERATION 13 newScore=-2.73942e+06 diffscore=2601.14 priorChange=-112.29 successMove=52
ITERATION 14 newScore=-2.73805e+06 diffscore=1370.21 priorChange=-97.0406 successMove=51
ITERATION 15 newScore=-2.73603e+06 diffscore=2012.01 priorChange=-94.268 successMove=53
ITERATION 16 newScore=-2.73292e+06 diffscore=3112.45 priorChange=-105.358 successMove=50
ITERATION 17 newScore=-2.73e+06 diffscore=2923.53 priorChange=-98.4269 successMove=53
ITERATION 18 newScore=-2.72945e+06 diffscore=546.329 priorChange=-101.199 successMove=52
ITERATION 19 newScore=-2.72663e+06 diffscore=2819.5 priorChange=-115.062 successMove=56
ITERATION 20 newScore=-2.7249e+06 diffscore=1735.51 priorChange=-102.586 successMove=50
ITERATION 21 newScore=-2.72437e+06 diffscore=524.908 priorChange=-110.904 successMove=50
ITERATION 22 newScore=-2.72342e+06 diffscore=954.851 priorChange=-95.6543 successMove=52
ITERATION 23 newScore=-2.72241e+06 diffscore=1008.82 priorChange=-103.972 successMove=50
ITERATION 24 newScore=-2.71835e+06 diffscore=4054.44 priorChange=-97.0406 successMove=48
ITERATION 25 newScore=-2.71673e+06 diffscore=1620.09 priorChange=-84.564 successMove=49
ITERATION 26 newScore=-2.7141e+06 diffscore=2628.63 priorChange=-97.0406 successMove=50
ITERATION 27 newScore=-2.71357e+06 diffscore=538.283 priorChange=-99.8132 successMove=47
ITERATION 28 newScore=-2.71179e+06 diffscore=1777.63 priorChange=-94.268 successMove=48
ITERATION 29 newScore=-2.7114e+06 diffscore=385.697 priorChange=-109.517 successMove=46
ITERATION 30 newScore=-2.70965e+06 diffscore=1752.31 priorChange=-94.268 successMove=46
ITERATION 31 newScore=-2.70912e+06 diffscore=532.201 priorChange=-92.8817 successMove=45
ITERATION 32 newScore=-2.7075e+06 diffscore=1619.08 priorChange=-102.586 successMove=44
ITERATION 33 newScore=-2.70708e+06 diffscore=417.17 priorChange=-81.7914 successMove=45
ITERATION 34 newScore=-2.70544e+06 diffscore=1638.41 priorChange=-80.4051 successMove=44
ITERATION 35 newScore=-2.70504e+06 diffscore=400.9 priorChange=-98.4269 successMove=45
ITERATION 36 newScore=-2.70376e+06 diffscore=1285.61 priorChange=-85.9503 successMove=44
ITERATION 37 newScore=-2.7034e+06 diffscore=357.49 priorChange=-85.9503 successMove=44
ITERATION 38 newScore=-2.70302e+06 diffscore=376.508 priorChange=-95.6543 successMove=43
ITERATION 39 newScore=-2.70126e+06 diffscore=1765.14 priorChange=-90.1091 successMove=43
ITERATION 40 newScore=-2.70088e+06 diffscore=374.566 priorChange=-85.9503 successMove=44
ITERATION 41 newScore=-2.70025e+06 diffscore=631.536 priorChange=-85.9503 successMove=44
ITERATION 42 newScore=-2.69883e+06 diffscore=1420.87 priorChange=-80.4051 successMove=43
ITERATION 43 newScore=-2.69848e+06 diffscore=351.931 priorChange=-79.0188 successMove=44
ITERATION 44 newScore=-2.69756e+06 diffscore=916.136 priorChange=-67.9284 successMove=41
ITERATION 45 newScore=-2.69622e+06 diffscore=1344.31 priorChange=-77.6325 successMove=39
ITERATION 46 newScore=-2.69454e+06 diffscore=1682.91 priorChange=-74.8599 successMove=46
ITERATION 47 newScore=-2.69419e+06 diffscore=344.729 priorChange=-79.0188 successMove=39
ITERATION 48 newScore=-2.69382e+06 diffscore=375.917 priorChange=-91.4954 successMove=38
ITERATION 49 newScore=-2.69335e+06 diffscore=460.891 priorChange=-73.4736 successMove=36
ITERATION 50 newScore=-2.69115e+06 diffscore=2207.45 priorChange=-72.0873 successMove=36
ITERATION 51 newScore=-2.69087e+06 diffscore=278.19 priorChange=-60.997 successMove=35
ITERATION 52 newScore=-2.69045e+06 diffscore=414.861 priorChange=-63.7695 successMove=37
ITERATION 53 newScore=-2.68821e+06 diffscore=2241.57 priorChange=-73.4736 successMove=36
ITERATION 54 newScore=-2.68699e+06 diffscore=1218.89 priorChange=-55.4518 successMove=34
ITERATION 55 newScore=-2.6854e+06 diffscore=1596.75 priorChange=-72.0873 successMove=36
ITERATION 56 newScore=-2.68509e+06 diffscore=304.858 priorChange=-58.2244 successMove=37
ITERATION 57 newScore=-2.68369e+06 diffscore=1405.8 priorChange=-52.6792 successMove=34
ITERATION 58 newScore=-2.68346e+06 diffscore=222.569 priorChange=-70.701 successMove=37
ITERATION 59 newScore=-2.68331e+06 diffscore=158.398 priorChange=-59.6107 successMove=32
ITERATION 60 newScore=-2.68313e+06 diffscore=178.379 priorChange=-55.4518 successMove=32
ITERATION 61 newScore=-2.68272e+06 diffscore=408.368 priorChange=-58.2244 successMove=33
ITERATION 62 newScore=-2.68156e+06 diffscore=1157.03 priorChange=-54.0655 successMove=30
ITERATION 63 newScore=-2.68141e+06 diffscore=148.735 priorChange=-59.6107 successMove=28
ITERATION 64 newScore=-2.68114e+06 diffscore=270.748 priorChange=-52.6792 successMove=27
ITERATION 65 newScore=-2.67998e+06 diffscore=1160.8 priorChange=-41.5888 successMove=26
ITERATION 66 newScore=-2.67987e+06 diffscore=106.442 priorChange=-38.8162 successMove=27
ITERATION 67 newScore=-2.67977e+06 diffscore=107.792 priorChange=-51.2929 successMove=26
ITERATION 68 newScore=-2.67832e+06 diffscore=1450.8 priorChange=-45.7477 successMove=24
ITERATION 69 newScore=-2.67818e+06 diffscore=133.802 priorChange=-49.9066 successMove=24
ITERATION 70 newScore=-2.6781e+06 diffscore=78.9173 priorChange=-34.6574 successMove=24
ITERATION 71 newScore=-2.67798e+06 diffscore=124.812 priorChange=-56.8381 successMove=24
ITERATION 72 newScore=-2.67787e+06 diffscore=110.64 priorChange=-51.2929 successMove=24
ITERATION 73 newScore=-2.67776e+06 diffscore=111.493 priorChange=-42.9751 successMove=22
ITERATION 74 newScore=-2.67656e+06 diffscore=1192.68 priorChange=-48.5203 successMove=21
ITERATION 75 newScore=-2.67647e+06 diffscore=96.851 priorChange=-48.5203 successMove=20
ITERATION 76 newScore=-2.67637e+06 diffscore=99.1033 priorChange=-44.3614 successMove=21
ITERATION 77 newScore=-2.67628e+06 diffscore=86.8182 priorChange=-33.2711 successMove=20
ITERATION 78 newScore=-2.67621e+06 diffscore=72.4885 priorChange=-36.0437 successMove=18
ITERATION 79 newScore=-2.67613e+06 diffscore=79.0628 priorChange=-37.4299 successMove=18
ITERATION 80 newScore=-2.67605e+06 diffscore=77.613 priorChange=-38.8162 successMove=17
ITERATION 81 newScore=-2.67599e+06 diffscore=63.6782 priorChange=-36.0437 successMove=17
ITERATION 82 newScore=-2.67593e+06 diffscore=56.5801 priorChange=-26.3396 successMove=16
ITERATION 83 newScore=-2.67586e+06 diffscore=67.0819 priorChange=-30.4985 successMove=17
ITERATION 84 newScore=-2.67578e+06 diffscore=82.9146 priorChange=-33.2711 successMove=14
ITERATION 85 newScore=-2.6757e+06 diffscore=84.0261 priorChange=-26.3396 successMove=14
ITERATION 86 newScore=-2.67561e+06 diffscore=84.7856 priorChange=-27.7259 successMove=14
ITERATION 87 newScore=-2.67554e+06 diffscore=72.3838 priorChange=-29.1122 successMove=13
ITERATION 88 newScore=-2.67546e+06 diffscore=81.0854 priorChange=-27.7259 successMove=13
ITERATION 89 newScore=-2.67538e+06 diffscore=82.0322 priorChange=-19.4081 successMove=12
ITERATION 90 newScore=-2.67524e+06 diffscore=142.287 priorChange=-26.3396 successMove=12
ITERATION 91 newScore=-2.67453e+06 diffscore=705.446 priorChange=-27.7259 successMove=12
ITERATION 92 newScore=-2.67445e+06 diffscore=77.4616 priorChange=-18.0218 successMove=11
ITERATION 93 newScore=-2.67436e+06 diffscore=89.9942 priorChange=-23.567 successMove=10
ITERATION 94 newScore=-2.67429e+06 diffscore=76.3294 priorChange=-19.4081 successMove=9
ITERATION 95 newScore=-2.6742e+06 diffscore=82.0683 priorChange=-16.6355 successMove=9
ITERATION 96 newScore=-2.67411e+06 diffscore=88.8926 priorChange=-13.8629 successMove=9
ITERATION 97 newScore=-2.67401e+06 diffscore=102.3 priorChange=-13.8629 successMove=8
ITERATION 98 newScore=-2.6739e+06 diffscore=109.638 priorChange=-15.2492 successMove=8
ITERATION 99 newScore=-2.67381e+06 diffscore=90.3929 priorChange=-13.8629 successMove=7
MetaLearner::dumpAllGraphs
Final Score -2.67381e+06
MetaLearner::start runtime: 1250714805 ms
Results/
Results/cluster3/
Results/cluster3/fold0/
Results/cluster3/fold0/modelparams.txt
Results/cluster3/fold0/var_mb_pw_k50.txt
Results/cluster7/
Results/cluster7/fold0/
Results/cluster7/fold0/modelparams.txt
Results/cluster7/fold0/var_mb_pw_k50.txt
Results/cluster2/
Results/cluster2/fold0/
Results/cluster2/fold0/modelparams.txt
Results/cluster2/fold0/var_mb_pw_k50.txt
Results/cluster9/
Results/cluster9/fold0/
Results/cluster9/fold0/modelparams.txt
Results/cluster9/fold0/var_mb_pw_k50.txt
Results/cluster6/
Results/cluster6/fold0/
Results/cluster6/fold0/modelparams.txt
Results/cluster6/fold0/var_mb_pw_k50.txt
Results/cluster1/
Results/cluster1/fold0/
Results/cluster1/fold0/modelparams.txt
Results/cluster1/fold0/var_mb_pw_k50.txt
Results/cluster10/
Results/cluster10/fold0/
Results/cluster10/fold0/modelparams.txt
Results/cluster10/fold0/var_mb_pw_k50.txt
Results/cluster8/
Results/cluster8/scoreFile.txt
Results/cluster8/fold0/
Results/cluster8/fold0/modelparams.txt
Results/cluster8/fold0/var_mb_pw_k50.txt
