000 (49777.2445.000) 10/11 10:48:14 Job submitted from host: <144.92.142.142:9618?addrs=144.92.142.142-9618&noUDP&sock=44923_051a_3>
...
001 (49777.2445.000) 10/11 19:12:45 Job executing on host: <128.105.68.27:9618?addrs=128.105.68.27-9618&alias=e2457.chtc.wisc.edu&noUDP&sock=startd_4846_880a>
...
006 (49777.2445.000) 10/11 19:12:53 Image size of job updated: 104708
	103  -  MemoryUsage of job (MB)
	104708  -  ResidentSetSize of job (KB)
...
006 (49777.2445.000) 10/11 19:17:53 Image size of job updated: 719316
	652  -  MemoryUsage of job (MB)
	667180  -  ResidentSetSize of job (KB)
...
006 (49777.2445.000) 10/11 19:22:54 Image size of job updated: 822452
	769  -  MemoryUsage of job (MB)
	786772  -  ResidentSetSize of job (KB)
...
006 (49777.2445.000) 10/11 19:27:54 Image size of job updated: 1158624
	1095  -  MemoryUsage of job (MB)
	1120468  -  ResidentSetSize of job (KB)
...
006 (49777.2445.000) 10/11 19:32:54 Image size of job updated: 1484332
	1408  -  MemoryUsage of job (MB)
	1440832  -  ResidentSetSize of job (KB)
...
006 (49777.2445.000) 10/11 19:37:55 Image size of job updated: 1801656
	1722  -  MemoryUsage of job (MB)
	1762516  -  ResidentSetSize of job (KB)
...
006 (49777.2445.000) 10/11 19:39:19 Image size of job updated: 1896296
	1722  -  MemoryUsage of job (MB)
	1762516  -  ResidentSetSize of job (KB)
...
005 (49777.2445.000) 10/11 19:39:19 Job terminated.
	(1) Normal termination (return value 0)
		Usr 0 00:26:09, Sys 0 00:00:03  -  Run Remote Usage
		Usr 0 00:00:00, Sys 0 00:00:00  -  Run Local Usage
		Usr 0 00:26:09, Sys 0 00:00:03  -  Total Remote Usage
		Usr 0 00:00:00, Sys 0 00:00:00  -  Total Local Usage
	162151  -  Run Bytes Sent By Job
	316778592  -  Run Bytes Received By Job
	162151  -  Total Bytes Sent By Job
	316778592  -  Total Bytes Received By Job
	Partitionable Resources :     Usage  Request Allocated 
	   Cpus                 :      1.00        1         1 
	   Disk (KB)            : 325000      819200   1705482 
	   Memory (MB)          :   1722       20480     20480 
...
