000 (49777.631.000) 10/11 10:48:09 Job submitted from host: <144.92.142.142:9618?addrs=144.92.142.142-9618&noUDP&sock=44923_051a_3>
...
001 (49777.631.000) 10/11 14:31:23 Job executing on host: <144.92.142.167:9618?addrs=144.92.142.167-9618&noUDP&sock=19126_6c73_3>
...
006 (49777.631.000) 10/11 14:31:31 Image size of job updated: 105660
	104  -  MemoryUsage of job (MB)
	105660  -  ResidentSetSize of job (KB)
...
006 (49777.631.000) 10/11 14:36:31 Image size of job updated: 734388
	654  -  MemoryUsage of job (MB)
	669612  -  ResidentSetSize of job (KB)
...
006 (49777.631.000) 10/11 14:41:32 Image size of job updated: 899504
	831  -  MemoryUsage of job (MB)
	850944  -  ResidentSetSize of job (KB)
...
006 (49777.631.000) 10/11 14:46:33 Image size of job updated: 1338204
	1270  -  MemoryUsage of job (MB)
	1299728  -  ResidentSetSize of job (KB)
...
006 (49777.631.000) 10/11 14:50:17 Image size of job updated: 1709604
	1484  -  MemoryUsage of job (MB)
	1519172  -  ResidentSetSize of job (KB)
...
004 (49777.631.000) 10/11 14:50:17 Job was evicted.
	(0) Job was not checkpointed.
		Usr 0 00:18:50, Sys 0 00:00:05  -  Run Remote Usage
		Usr 0 00:00:00, Sys 0 00:00:00  -  Run Local Usage
	0  -  Run Bytes Sent By Job
	316723520  -  Run Bytes Received By Job
	Partitionable Resources :     Usage  Request Allocated 
	   Cpus                 :      1.00        1         1 
	   Disk (KB)            : 325000      819200   1428816 
	   Memory (MB)          :   1484       20480     20480 
...
001 (49777.631.000) 10/11 14:50:32 Job executing on host: <128.105.68.16:9618?addrs=128.105.68.16-9618&alias=coba2000.chtc.wisc.edu&noUDP&sock=startd_7305_336c>
...
006 (49777.631.000) 10/11 15:10:41 Image size of job updated: 2395388
	2293  -  MemoryUsage of job (MB)
	2347332  -  ResidentSetSize of job (KB)
...
006 (49777.631.000) 10/11 15:12:37 Image size of job updated: 2611132
	2293  -  MemoryUsage of job (MB)
	2347372  -  ResidentSetSize of job (KB)
...
005 (49777.631.000) 10/11 15:12:37 Job terminated.
	(1) Normal termination (return value 0)
		Usr 0 00:21:54, Sys 0 00:00:05  -  Run Remote Usage
		Usr 0 00:00:00, Sys 0 00:00:00  -  Run Local Usage
		Usr 0 00:40:44, Sys 0 00:00:10  -  Total Remote Usage
		Usr 0 00:00:00, Sys 0 00:00:00  -  Total Local Usage
	169851  -  Run Bytes Sent By Job
	316723520  -  Run Bytes Received By Job
	169851  -  Total Bytes Sent By Job
	633447040  -  Total Bytes Received By Job
	Partitionable Resources :     Usage  Request Allocated 
	   Cpus                 :      0.99        1         1 
	   Disk (KB)            : 325000      819200  44742796 
	   Gpus                 :                            0 
	   Ioheavy              :                            0 
	   Memory (MB)          :   2293       20480     21341 
...
