./CVN -f config_condor.txt -x50 -v1 -l TFs_OGs.txt -n AllGenes166.txt -d celltype_tree_ancestor.txt -m testdata_ogids.txt -s celltype_order.txt -p 0.2 -c yes -b -4 -q 4
(cluster3|cluster8) p_maintain_edge=0.8 p_gain=0.2
(cluster2|cluster3) p_maintain_edge=0.8 p_gain=0.2
(cluster1|cluster2) p_maintain_edge=0.8 p_gain=0.2
(cluster6|cluster2) p_maintain_edge=0.8 p_gain=0.2
(cluster9|cluster6) p_maintain_edge=0.8 p_gain=0.2
(cluster10|cluster6) p_maintain_edge=0.8 p_gain=0.2
(cluster7|cluster10) p_maintain_edge=0.8 p_gain=0.2
speciesSet.size()=8 Root is cluster8
MappedOrthogroupReader::readSpeciesMapping() --- celltype_order.txt
MappedOrthogroupReader::readFile - testdata_ogids.txt
MappedOrthogroupReader::generateGeneOrthoMap()
MetaLearner::init_onefold() read:config_condor.txt
MetaLearner::setinputVariableNames number of variables: 2044
readEvidenceTable:cluster8.table
PotentialManager::loadEvidenceFromTable varCount=2044 sampleCount=348
motifNetwork.size() = 319
0=cluster8 motifNetwork=cluster8_network.txt
variable size=2044
readEvidenceTable:cluster3.table
PotentialManager::loadEvidenceFromTable varCount=2044 sampleCount=95
motifNetwork.size() = 326
1=cluster3 motifNetwork=cluster3_network.txt
variable size=2044
readEvidenceTable:cluster2.table
PotentialManager::loadEvidenceFromTable varCount=2044 sampleCount=386
motifNetwork.size() = 328
2=cluster2 motifNetwork=cluster2_network.txt
variable size=2044
readEvidenceTable:cluster1.table
PotentialManager::loadEvidenceFromTable varCount=2044 sampleCount=36
motifNetwork.size() = 322
3=cluster1 motifNetwork=cluster1_network.txt
variable size=2044
readEvidenceTable:cluster6.table
PotentialManager::loadEvidenceFromTable varCount=2044 sampleCount=524
motifNetwork.size() = 320
4=cluster6 motifNetwork=cluster6_network.txt
variable size=2044
readEvidenceTable:cluster9.table
PotentialManager::loadEvidenceFromTable varCount=2044 sampleCount=184
motifNetwork.size() = 327
5=cluster9 motifNetwork=cluster9_network.txt
variable size=2044
readEvidenceTable:cluster10.table
PotentialManager::loadEvidenceFromTable varCount=2044 sampleCount=165
motifNetwork.size() = 326
6=cluster10 motifNetwork=cluster10_network.txt
variable size=2044
readEvidenceTable:cluster7.table
PotentialManager::loadEvidenceFromTable varCount=2044 sampleCount=1032
motifNetwork.size() = 320
7=cluster7 motifNetwork=cluster7_network.txt
variable size=2044
-------------------------------------------------------------
MetaLearner::start
precomputeEmptyGraphPrior
binkey=0 [Edge status: 0 0 0 0 0 0 0 0 ] P(G)=P(cluster8=0)[0.8] * P(cluster1=0|cluster2=0) * P(cluster9=0|cluster6=0) * P(cluster7=0|cluster10=0) * P(cluster10=0|cluster6=0) * P(cluster6=0|cluster2=0) * P(cluster2=0|cluster3=0) * P(cluster3=0|cluster8=0)[0.209715]=0.167772
condsetMap_Tree
0 cluster8=0 cluster3=0 cluster2=0 cluster1=0 cluster6=0 cluster9=0 cluster10=0 cluster7=1
1 cluster8=0 cluster3=0 cluster2=0 cluster1=0 cluster6=0 cluster9=1 cluster10=0 cluster7=0
2 cluster8=0 cluster3=0 cluster2=0 cluster1=0 cluster6=0 cluster9=1 cluster10=0 cluster7=1
3 cluster8=0 cluster3=0 cluster2=0 cluster1=1 cluster6=0 cluster9=0 cluster10=0 cluster7=0
4 cluster8=0 cluster3=0 cluster2=0 cluster1=1 cluster6=0 cluster9=0 cluster10=0 cluster7=1
5 cluster8=0 cluster3=0 cluster2=0 cluster1=1 cluster6=0 cluster9=1 cluster10=0 cluster7=0
6 cluster8=0 cluster3=0 cluster2=0 cluster1=1 cluster6=0 cluster9=1 cluster10=0 cluster7=1
7 cluster8=0 cluster3=0 cluster2=0 cluster1=0 cluster6=0 cluster9=0 cluster10=1 cluster7=1
8 cluster8=0 cluster3=0 cluster2=0 cluster1=0 cluster6=0 cluster9=1 cluster10=1 cluster7=1
9 cluster8=0 cluster3=0 cluster2=0 cluster1=1 cluster6=0 cluster9=0 cluster10=1 cluster7=1
10 cluster8=0 cluster3=0 cluster2=0 cluster1=1 cluster6=0 cluster9=1 cluster10=1 cluster7=1
11 cluster8=0 cluster3=0 cluster2=0 cluster1=0 cluster6=1 cluster9=1 cluster10=1 cluster7=1
12 cluster8=0 cluster3=0 cluster2=0 cluster1=1 cluster6=1 cluster9=1 cluster10=1 cluster7=1
13 cluster8=0 cluster3=0 cluster2=1 cluster1=1 cluster6=1 cluster9=1 cluster10=1 cluster7=1
14 cluster8=0 cluster3=1 cluster2=1 cluster1=1 cluster6=1 cluster9=1 cluster10=1 cluster7=1
15 cluster8=1 cluster3=1 cluster2=1 cluster1=1 cluster6=1 cluster9=1 cluster10=1 cluster7=1
16 cluster8=1 cluster3=1 cluster2=1 cluster1=1 cluster6=1 cluster9=1 cluster10=1 cluster7=0
17 cluster8=1 cluster3=1 cluster2=1 cluster1=1 cluster6=1 cluster9=0 cluster10=1 cluster7=1
18 cluster8=1 cluster3=1 cluster2=1 cluster1=1 cluster6=1 cluster9=0 cluster10=1 cluster7=0
19 cluster8=1 cluster3=1 cluster2=1 cluster1=0 cluster6=1 cluster9=1 cluster10=1 cluster7=1
20 cluster8=1 cluster3=1 cluster2=1 cluster1=0 cluster6=1 cluster9=1 cluster10=1 cluster7=0
21 cluster8=1 cluster3=1 cluster2=1 cluster1=0 cluster6=1 cluster9=0 cluster10=1 cluster7=1
22 cluster8=1 cluster3=1 cluster2=1 cluster1=0 cluster6=1 cluster9=0 cluster10=1 cluster7=0
23 cluster8=1 cluster3=1 cluster2=1 cluster1=1 cluster6=1 cluster9=1 cluster10=0 cluster7=0
24 cluster8=1 cluster3=1 cluster2=1 cluster1=1 cluster6=1 cluster9=0 cluster10=0 cluster7=0
25 cluster8=1 cluster3=1 cluster2=1 cluster1=0 cluster6=1 cluster9=1 cluster10=0 cluster7=0
26 cluster8=1 cluster3=1 cluster2=1 cluster1=0 cluster6=1 cluster9=0 cluster10=0 cluster7=0
27 cluster8=1 cluster3=1 cluster2=1 cluster1=1 cluster6=0 cluster9=0 cluster10=0 cluster7=0
28 cluster8=1 cluster3=1 cluster2=1 cluster1=0 cluster6=0 cluster9=0 cluster10=0 cluster7=0
29 cluster8=1 cluster3=1 cluster2=0 cluster1=0 cluster6=0 cluster9=0 cluster10=0 cluster7=0
30 cluster8=1 cluster3=0 cluster2=0 cluster1=0 cluster6=0 cluster9=0 cluster10=0 cluster7=0
31 cluster8=0 cluster3=0 cluster2=0 cluster1=0 cluster6=1 cluster9=0 cluster10=0 cluster7=0
32 cluster8=0 cluster3=0 cluster2=1 cluster1=0 cluster6=0 cluster9=0 cluster10=0 cluster7=0
33 cluster8=0 cluster3=0 cluster2=0 cluster1=0 cluster6=0 cluster9=0 cluster10=1 cluster7=0
34 cluster8=0 cluster3=1 cluster2=0 cluster1=0 cluster6=0 cluster9=0 cluster10=0 cluster7=0
inputRegulatorOGs.size() = 1999 inputOGList.size() = 50
binkey=128 [Edge status: 0 0 0 0 0 0 0 1 ] P(G)=P(cluster8=0)[0.8] * P(cluster1=0|cluster2=0) * P(cluster9=0|cluster6=0) * P(cluster7=1|cluster10=0) * P(cluster10=0|cluster6=0) * P(cluster6=0|cluster2=0) * P(cluster2=0|cluster3=0) * P(cluster3=0|cluster8=0)[0.0524288]=0.041943
binkey=4 [Edge status: 0 0 1 0 0 0 0 0 ] P(G)=P(cluster8=0)[0.8] * P(cluster1=0|cluster2=1) * P(cluster9=0|cluster6=0) * P(cluster7=0|cluster10=0) * P(cluster10=0|cluster6=0) * P(cluster6=0|cluster2=1) * P(cluster2=1|cluster3=0) * P(cluster3=0|cluster8=0)[0.0032768]=0.00262144
binkey=2 [Edge status: 0 1 0 0 0 0 0 0 ] P(G)=P(cluster8=0)[0.8] * P(cluster1=0|cluster2=0) * P(cluster9=0|cluster6=0) * P(cluster7=0|cluster10=0) * P(cluster10=0|cluster6=0) * P(cluster6=0|cluster2=0) * P(cluster2=0|cluster3=1) * P(cluster3=1|cluster8=0)[0.0131072]=0.0104858
binkey=32 [Edge status: 0 0 0 0 0 1 0 0 ] P(G)=P(cluster8=0)[0.8] * P(cluster1=0|cluster2=0) * P(cluster9=1|cluster6=0) * P(cluster7=0|cluster10=0) * P(cluster10=0|cluster6=0) * P(cluster6=0|cluster2=0) * P(cluster2=0|cluster3=0) * P(cluster3=0|cluster8=0)[0.0524288]=0.041943
binkey=64 [Edge status: 0 0 0 0 0 0 1 0 ] P(G)=P(cluster8=0)[0.8] * P(cluster1=0|cluster2=0) * P(cluster9=0|cluster6=0) * P(cluster7=0|cluster10=1) * P(cluster10=1|cluster6=0) * P(cluster6=0|cluster2=0) * P(cluster2=0|cluster3=0) * P(cluster3=0|cluster8=0)[0.0131072]=0.0104858
binkey=1 [Edge status: 1 0 0 0 0 0 0 0 ] P(G)=P(cluster8=1)[0.2] * P(cluster1=0|cluster2=0) * P(cluster9=0|cluster6=0) * P(cluster7=0|cluster10=0) * P(cluster10=0|cluster6=0) * P(cluster6=0|cluster2=0) * P(cluster2=0|cluster3=0) * P(cluster3=0|cluster8=1)[0.0524288]=0.0104858
binkey=8 [Edge status: 0 0 0 1 0 0 0 0 ] P(G)=P(cluster8=0)[0.8] * P(cluster1=1|cluster2=0) * P(cluster9=0|cluster6=0) * P(cluster7=0|cluster10=0) * P(cluster10=0|cluster6=0) * P(cluster6=0|cluster2=0) * P(cluster2=0|cluster3=0) * P(cluster3=0|cluster8=0)[0.0524288]=0.041943
binkey=16 [Edge status: 0 0 0 0 1 0 0 0 ] P(G)=P(cluster8=0)[0.8] * P(cluster1=0|cluster2=0) * P(cluster9=0|cluster6=1) * P(cluster7=0|cluster10=0) * P(cluster10=0|cluster6=1) * P(cluster6=1|cluster2=0) * P(cluster2=0|cluster3=0) * P(cluster3=0|cluster8=0)[0.0032768]=0.00262144
binkey=192 [Edge status: 0 0 0 0 0 0 1 1 ] P(G)=P(cluster8=0)[0.8] * P(cluster1=0|cluster2=0) * P(cluster9=0|cluster6=0) * P(cluster7=1|cluster10=1) * P(cluster10=1|cluster6=0) * P(cluster6=0|cluster2=0) * P(cluster2=0|cluster3=0) * P(cluster3=0|cluster8=0)[0.0524288]=0.041943
binkey=160 [Edge status: 0 0 0 0 0 1 0 1 ] P(G)=P(cluster8=0)[0.8] * P(cluster1=0|cluster2=0) * P(cluster9=1|cluster6=0) * P(cluster7=1|cluster10=0) * P(cluster10=0|cluster6=0) * P(cluster6=0|cluster2=0) * P(cluster2=0|cluster3=0) * P(cluster3=0|cluster8=0)[0.0131072]=0.0104858
binkey=224 [Edge status: 0 0 0 0 0 1 1 1 ] P(G)=P(cluster8=0)[0.8] * P(cluster1=0|cluster2=0) * P(cluster9=1|cluster6=0) * P(cluster7=1|cluster10=1) * P(cluster10=1|cluster6=0) * P(cluster6=0|cluster2=0) * P(cluster2=0|cluster3=0) * P(cluster3=0|cluster8=0)[0.0131072]=0.0104858
binkey=136 [Edge status: 0 0 0 1 0 0 0 1 ] P(G)=P(cluster8=0)[0.8] * P(cluster1=1|cluster2=0) * P(cluster9=0|cluster6=0) * P(cluster7=1|cluster10=0) * P(cluster10=0|cluster6=0) * P(cluster6=0|cluster2=0) * P(cluster2=0|cluster3=0) * P(cluster3=0|cluster8=0)[0.0131072]=0.0104858
binkey=40 [Edge status: 0 0 0 1 0 1 0 0 ] P(G)=P(cluster8=0)[0.8] * P(cluster1=1|cluster2=0) * P(cluster9=1|cluster6=0) * P(cluster7=0|cluster10=0) * P(cluster10=0|cluster6=0) * P(cluster6=0|cluster2=0) * P(cluster2=0|cluster3=0) * P(cluster3=0|cluster8=0)[0.0131072]=0.0104858
binkey=168 [Edge status: 0 0 0 1 0 1 0 1 ] P(G)=P(cluster8=0)[0.8] * P(cluster1=1|cluster2=0) * P(cluster9=1|cluster6=0) * P(cluster7=1|cluster10=0) * P(cluster10=0|cluster6=0) * P(cluster6=0|cluster2=0) * P(cluster2=0|cluster3=0) * P(cluster3=0|cluster8=0)[0.0032768]=0.00262144
binkey=240 [Edge status: 0 0 0 0 1 1 1 1 ] P(G)=P(cluster8=0)[0.8] * P(cluster1=0|cluster2=0) * P(cluster9=1|cluster6=1) * P(cluster7=1|cluster10=1) * P(cluster10=1|cluster6=1) * P(cluster6=1|cluster2=0) * P(cluster2=0|cluster3=0) * P(cluster3=0|cluster8=0)[0.0524288]=0.041943
binkey=3 [Edge status: 1 1 0 0 0 0 0 0 ] P(G)=P(cluster8=1)[0.2] * P(cluster1=0|cluster2=0) * P(cluster9=0|cluster6=0) * P(cluster7=0|cluster10=0) * P(cluster10=0|cluster6=0) * P(cluster6=0|cluster2=0) * P(cluster2=0|cluster3=1) * P(cluster3=1|cluster8=1)[0.0524288]=0.0104858
binkey=200 [Edge status: 0 0 0 1 0 0 1 1 ] P(G)=P(cluster8=0)[0.8] * P(cluster1=1|cluster2=0) * P(cluster9=0|cluster6=0) * P(cluster7=1|cluster10=1) * P(cluster10=1|cluster6=0) * P(cluster6=0|cluster2=0) * P(cluster2=0|cluster3=0) * P(cluster3=0|cluster8=0)[0.0131072]=0.0104858
binkey=232 [Edge status: 0 0 0 1 0 1 1 1 ] P(G)=P(cluster8=0)[0.8] * P(cluster1=1|cluster2=0) * P(cluster9=1|cluster6=0) * P(cluster7=1|cluster10=1) * P(cluster10=1|cluster6=0) * P(cluster6=0|cluster2=0) * P(cluster2=0|cluster3=0) * P(cluster3=0|cluster8=0)[0.0032768]=0.00262144
binkey=248 [Edge status: 0 0 0 1 1 1 1 1 ] P(G)=P(cluster8=0)[0.8] * P(cluster1=1|cluster2=0) * P(cluster9=1|cluster6=1) * P(cluster7=1|cluster10=1) * P(cluster10=1|cluster6=1) * P(cluster6=1|cluster2=0) * P(cluster2=0|cluster3=0) * P(cluster3=0|cluster8=0)[0.0131072]=0.0104858
binkey=31 [Edge status: 1 1 1 1 1 0 0 0 ] P(G)=P(cluster8=1)[0.2] * P(cluster1=1|cluster2=1) * P(cluster9=0|cluster6=1) * P(cluster7=0|cluster10=0) * P(cluster10=0|cluster6=1) * P(cluster6=1|cluster2=1) * P(cluster2=1|cluster3=1) * P(cluster3=1|cluster8=1)[0.0131072]=0.00262144
binkey=23 [Edge status: 1 1 1 0 1 0 0 0 ] P(G)=P(cluster8=1)[0.2] * P(cluster1=0|cluster2=1) * P(cluster9=0|cluster6=1) * P(cluster7=0|cluster10=0) * P(cluster10=0|cluster6=1) * P(cluster6=1|cluster2=1) * P(cluster2=1|cluster3=1) * P(cluster3=1|cluster8=1)[0.0032768]=0.00065536
binkey=15 [Edge status: 1 1 1 1 0 0 0 0 ] P(G)=P(cluster8=1)[0.2] * P(cluster1=1|cluster2=1) * P(cluster9=0|cluster6=0) * P(cluster7=0|cluster10=0) * P(cluster10=0|cluster6=0) * P(cluster6=0|cluster2=1) * P(cluster2=1|cluster3=1) * P(cluster3=1|cluster8=1)[0.0524288]=0.0104858
binkey=7 [Edge status: 1 1 1 0 0 0 0 0 ] P(G)=P(cluster8=1)[0.2] * P(cluster1=0|cluster2=1) * P(cluster9=0|cluster6=0) * P(cluster7=0|cluster10=0) * P(cluster10=0|cluster6=0) * P(cluster6=0|cluster2=1) * P(cluster2=1|cluster3=1) * P(cluster3=1|cluster8=1)[0.0131072]=0.00262144
binkey=247 [Edge status: 1 1 1 0 1 1 1 1 ] P(G)=P(cluster8=1)[0.2] * P(cluster1=0|cluster2=1) * P(cluster9=1|cluster6=1) * P(cluster7=1|cluster10=1) * P(cluster10=1|cluster6=1) * P(cluster6=1|cluster2=1) * P(cluster2=1|cluster3=1) * P(cluster3=1|cluster8=1)[0.0524288]=0.0104858
binkey=119 [Edge status: 1 1 1 0 1 1 1 0 ] P(G)=P(cluster8=1)[0.2] * P(cluster1=0|cluster2=1) * P(cluster9=1|cluster6=1) * P(cluster7=0|cluster10=1) * P(cluster10=1|cluster6=1) * P(cluster6=1|cluster2=1) * P(cluster2=1|cluster3=1) * P(cluster3=1|cluster8=1)[0.0131072]=0.00262144
binkey=215 [Edge status: 1 1 1 0 1 0 1 1 ] P(G)=P(cluster8=1)[0.2] * P(cluster1=0|cluster2=1) * P(cluster9=0|cluster6=1) * P(cluster7=1|cluster10=1) * P(cluster10=1|cluster6=1) * P(cluster6=1|cluster2=1) * P(cluster2=1|cluster3=1) * P(cluster3=1|cluster8=1)[0.0131072]=0.00262144
binkey=87 [Edge status: 1 1 1 0 1 0 1 0 ] P(G)=P(cluster8=1)[0.2] * P(cluster1=0|cluster2=1) * P(cluster9=0|cluster6=1) * P(cluster7=0|cluster10=1) * P(cluster10=1|cluster6=1) * P(cluster6=1|cluster2=1) * P(cluster2=1|cluster3=1) * P(cluster3=1|cluster8=1)[0.0032768]=0.00065536
binkey=55 [Edge status: 1 1 1 0 1 1 0 0 ] P(G)=P(cluster8=1)[0.2] * P(cluster1=0|cluster2=1) * P(cluster9=1|cluster6=1) * P(cluster7=0|cluster10=0) * P(cluster10=0|cluster6=1) * P(cluster6=1|cluster2=1) * P(cluster2=1|cluster3=1) * P(cluster3=1|cluster8=1)[0.0131072]=0.00262144
ITERATION 0 newScore=-2.6983e+06 diffscore=20831 priorChange=-113.676 successMove=58
binkey=252 [Edge status: 0 0 1 1 1 1 1 1 ] P(G)=P(cluster8=0)[0.8] * P(cluster1=1|cluster2=1) * P(cluster9=1|cluster6=1) * P(cluster7=1|cluster10=1) * P(cluster10=1|cluster6=1) * P(cluster6=1|cluster2=1) * P(cluster2=1|cluster3=0) * P(cluster3=0|cluster8=0)[0.0524288]=0.041943
ITERATION 1 newScore=-2.68873e+06 diffscore=9561.49 priorChange=-112.29 successMove=56
ITERATION 2 newScore=-2.68566e+06 diffscore=3077.55 priorChange=-115.062 successMove=53
ITERATION 3 newScore=-2.67776e+06 diffscore=7901.11 priorChange=-108.131 successMove=52
ITERATION 4 newScore=-2.67387e+06 diffscore=3881.06 priorChange=-117.835 successMove=51
ITERATION 5 newScore=-2.66894e+06 diffscore=4939.34 priorChange=-119.221 successMove=52
ITERATION 6 newScore=-2.66538e+06 diffscore=3550.98 priorChange=-112.29 successMove=54
ITERATION 7 newScore=-2.66297e+06 diffscore=2411.25 priorChange=-113.676 successMove=51
ITERATION 8 newScore=-2.65734e+06 diffscore=5628.64 priorChange=-112.29 successMove=50
ITERATION 9 newScore=-2.65349e+06 diffscore=3854.62 priorChange=-108.131 successMove=51
ITERATION 10 newScore=-2.64891e+06 diffscore=4583.33 priorChange=-115.062 successMove=52
ITERATION 11 newScore=-2.64726e+06 diffscore=1648.12 priorChange=-126.153 successMove=54
ITERATION 12 newScore=-2.64644e+06 diffscore=816.099 priorChange=-120.608 successMove=52
ITERATION 13 newScore=-2.6434e+06 diffscore=3037.7 priorChange=-121.994 successMove=50
ITERATION 14 newScore=-2.64258e+06 diffscore=824.201 priorChange=-119.221 successMove=50
ITERATION 15 newScore=-2.63988e+06 diffscore=2705.32 priorChange=-115.062 successMove=51
ITERATION 16 newScore=-2.63763e+06 diffscore=2244.49 priorChange=-116.449 successMove=56
ITERATION 17 newScore=-2.6353e+06 diffscore=2332.04 priorChange=-115.062 successMove=51
ITERATION 18 newScore=-2.63162e+06 diffscore=3678.37 priorChange=-120.608 successMove=51
ITERATION 19 newScore=-2.62889e+06 diffscore=2725.64 priorChange=-124.766 successMove=48
ITERATION 20 newScore=-2.62546e+06 diffscore=3438.33 priorChange=-112.29 successMove=50
ITERATION 21 newScore=-2.62489e+06 diffscore=561.222 priorChange=-119.221 successMove=49
ITERATION 22 newScore=-2.62423e+06 diffscore=669.292 priorChange=-110.904 successMove=49
ITERATION 23 newScore=-2.62235e+06 diffscore=1872.73 priorChange=-116.449 successMove=48
ITERATION 24 newScore=-2.6195e+06 diffscore=2856.26 priorChange=-105.358 successMove=48
ITERATION 25 newScore=-2.61679e+06 diffscore=2707.03 priorChange=-105.358 successMove=48
ITERATION 26 newScore=-2.61426e+06 diffscore=2530.41 priorChange=-103.972 successMove=48
ITERATION 27 newScore=-2.61377e+06 diffscore=488.339 priorChange=-119.221 successMove=48
ITERATION 28 newScore=-2.61258e+06 diffscore=1186.3 priorChange=-109.517 successMove=47
ITERATION 29 newScore=-2.61086e+06 diffscore=1728.18 priorChange=-123.38 successMove=48
ITERATION 30 newScore=-2.6101e+06 diffscore=761.263 priorChange=-116.449 successMove=47
ITERATION 31 newScore=-2.60973e+06 diffscore=368.173 priorChange=-106.745 successMove=51
ITERATION 32 newScore=-2.60932e+06 diffscore=404.706 priorChange=-99.8132 successMove=49
ITERATION 33 newScore=-2.60771e+06 diffscore=1608.07 priorChange=-110.904 successMove=47
ITERATION 34 newScore=-2.60732e+06 diffscore=395.977 priorChange=-103.972 successMove=49
ITERATION 35 newScore=-2.60576e+06 diffscore=1554.85 priorChange=-91.4954 successMove=47
ITERATION 36 newScore=-2.6054e+06 diffscore=368.186 priorChange=-95.6543 successMove=46
ITERATION 37 newScore=-2.60421e+06 diffscore=1182.86 priorChange=-92.8817 successMove=47
ITERATION 38 newScore=-2.6029e+06 diffscore=1312.42 priorChange=-110.904 successMove=47
ITERATION 39 newScore=-2.60259e+06 diffscore=309.623 priorChange=-110.904 successMove=47
ITERATION 40 newScore=-2.60228e+06 diffscore=314.606 priorChange=-117.835 successMove=48
ITERATION 41 newScore=-2.60059e+06 diffscore=1688.52 priorChange=-103.972 successMove=47
ITERATION 42 newScore=-2.60011e+06 diffscore=478.206 priorChange=-105.358 successMove=49
ITERATION 43 newScore=-2.59931e+06 diffscore=798.777 priorChange=-108.131 successMove=46
ITERATION 44 newScore=-2.59893e+06 diffscore=381.365 priorChange=-101.199 successMove=48
ITERATION 45 newScore=-2.59864e+06 diffscore=289.992 priorChange=-90.1091 successMove=45
ITERATION 46 newScore=-2.59765e+06 diffscore=991.19 priorChange=-105.358 successMove=44
ITERATION 47 newScore=-2.59734e+06 diffscore=308.909 priorChange=-102.586 successMove=45
ITERATION 48 newScore=-2.59648e+06 diffscore=858.996 priorChange=-95.6543 successMove=45
ITERATION 49 newScore=-2.5962e+06 diffscore=284.237 priorChange=-91.4954 successMove=46
ITERATION 50 newScore=-2.59457e+06 diffscore=1621.89 priorChange=-74.8599 successMove=42
ITERATION 51 newScore=-2.59194e+06 diffscore=2636.57 priorChange=-79.0188 successMove=40
ITERATION 52 newScore=-2.59175e+06 diffscore=190.698 priorChange=-70.701 successMove=40
ITERATION 53 newScore=-2.59007e+06 diffscore=1679.53 priorChange=-76.2462 successMove=39
ITERATION 54 newScore=-2.58952e+06 diffscore=542.622 priorChange=-76.2462 successMove=38
ITERATION 55 newScore=-2.58924e+06 diffscore=283.254 priorChange=-87.3365 successMove=37
ITERATION 56 newScore=-2.58899e+06 diffscore=252.287 priorChange=-81.7914 successMove=37
ITERATION 57 newScore=-2.58791e+06 diffscore=1076.64 priorChange=-81.7914 successMove=37
ITERATION 58 newScore=-2.58721e+06 diffscore=701.312 priorChange=-59.6107 successMove=37
ITERATION 59 newScore=-2.58457e+06 diffscore=2644.23 priorChange=-77.6325 successMove=37
ITERATION 60 newScore=-2.58432e+06 diffscore=243.992 priorChange=-83.1777 successMove=38
ITERATION 61 newScore=-2.58225e+06 diffscore=2069.58 priorChange=-72.0873 successMove=38
ITERATION 62 newScore=-2.58096e+06 diffscore=1292.17 priorChange=-80.4051 successMove=36
ITERATION 63 newScore=-2.58067e+06 diffscore=286.5 priorChange=-67.9284 successMove=34
ITERATION 64 newScore=-2.57935e+06 diffscore=1326.13 priorChange=-67.9284 successMove=34
ITERATION 65 newScore=-2.57915e+06 diffscore=198.002 priorChange=-62.3832 successMove=30
ITERATION 66 newScore=-2.57656e+06 diffscore=2593.41 priorChange=-55.4518 successMove=30
ITERATION 67 newScore=-2.57638e+06 diffscore=175.708 priorChange=-62.3832 successMove=30
ITERATION 68 newScore=-2.57505e+06 diffscore=1330.49 priorChange=-54.0655 successMove=29
ITERATION 69 newScore=-2.57493e+06 diffscore=120.228 priorChange=-51.2929 successMove=29
ITERATION 70 newScore=-2.57479e+06 diffscore=135.974 priorChange=-58.2244 successMove=26
ITERATION 71 newScore=-2.57465e+06 diffscore=139.352 priorChange=-56.8381 successMove=25
ITERATION 72 newScore=-2.5745e+06 diffscore=151.296 priorChange=-49.9066 successMove=22
ITERATION 73 newScore=-2.5744e+06 diffscore=108.54 priorChange=-40.2025 successMove=23
ITERATION 74 newScore=-2.57322e+06 diffscore=1171.03 priorChange=-41.5888 successMove=21
ITERATION 75 newScore=-2.5729e+06 diffscore=328.228 priorChange=-47.134 successMove=21
ITERATION 76 newScore=-2.57278e+06 diffscore=118.152 priorChange=-41.5888 successMove=21
ITERATION 77 newScore=-2.57268e+06 diffscore=102.196 priorChange=-42.9751 successMove=22
ITERATION 78 newScore=-2.57172e+06 diffscore=953.654 priorChange=-42.9751 successMove=23
ITERATION 79 newScore=-2.57163e+06 diffscore=89.8185 priorChange=-41.5888 successMove=22
ITERATION 80 newScore=-2.57156e+06 diffscore=76.119 priorChange=-45.7477 successMove=20
ITERATION 81 newScore=-2.57147e+06 diffscore=83.6565 priorChange=-47.134 successMove=19
ITERATION 82 newScore=-2.57141e+06 diffscore=61.5911 priorChange=-33.2711 successMove=18
ITERATION 83 newScore=-2.57132e+06 diffscore=88.7074 priorChange=-41.5888 successMove=17
ITERATION 84 newScore=-2.57125e+06 diffscore=75.5378 priorChange=-33.2711 successMove=16
ITERATION 85 newScore=-2.57118e+06 diffscore=63.1111 priorChange=-29.1122 successMove=13
ITERATION 86 newScore=-2.57108e+06 diffscore=105.266 priorChange=-24.9533 successMove=12
ITERATION 87 newScore=-2.56986e+06 diffscore=1214.63 priorChange=-20.7944 successMove=12
ITERATION 88 newScore=-2.56982e+06 diffscore=44.812 priorChange=-19.4081 successMove=11
ITERATION 89 newScore=-2.56978e+06 diffscore=35.5617 priorChange=-13.8629 successMove=10
ITERATION 90 newScore=-2.56973e+06 diffscore=50.6376 priorChange=-18.0218 successMove=9
ITERATION 91 newScore=-2.5697e+06 diffscore=27.9317 priorChange=-9.70406 successMove=9
ITERATION 92 newScore=-2.56966e+06 diffscore=40.337 priorChange=-15.2492 successMove=8
ITERATION 93 newScore=-2.56963e+06 diffscore=30.8258 priorChange=-6.93147 successMove=8
ITERATION 94 newScore=-2.56958e+06 diffscore=50.3956 priorChange=-18.0218 successMove=8
ITERATION 95 newScore=-2.56954e+06 diffscore=45.0819 priorChange=-9.70406 successMove=10
ITERATION 96 newScore=-2.56949e+06 diffscore=51.4659 priorChange=-16.6355 successMove=7
ITERATION 97 newScore=-2.56944e+06 diffscore=49.1969 priorChange=-16.6355 successMove=7
ITERATION 98 newScore=-2.56939e+06 diffscore=42.1446 priorChange=-13.8629 successMove=6
ITERATION 99 newScore=-2.56936e+06 diffscore=31.0899 priorChange=-9.70406 successMove=6
MetaLearner::dumpAllGraphs
Final Score -2.56936e+06
MetaLearner::start runtime: 1239955399 ms
Results/
Results/cluster3/
Results/cluster3/fold0/
Results/cluster3/fold0/modelparams.txt
Results/cluster3/fold0/var_mb_pw_k50.txt
Results/cluster7/
Results/cluster7/fold0/
Results/cluster7/fold0/modelparams.txt
Results/cluster7/fold0/var_mb_pw_k50.txt
Results/cluster2/
Results/cluster2/fold0/
Results/cluster2/fold0/modelparams.txt
Results/cluster2/fold0/var_mb_pw_k50.txt
Results/cluster9/
Results/cluster9/fold0/
Results/cluster9/fold0/modelparams.txt
Results/cluster9/fold0/var_mb_pw_k50.txt
Results/cluster6/
Results/cluster6/fold0/
Results/cluster6/fold0/modelparams.txt
Results/cluster6/fold0/var_mb_pw_k50.txt
Results/cluster1/
Results/cluster1/fold0/
Results/cluster1/fold0/modelparams.txt
Results/cluster1/fold0/var_mb_pw_k50.txt
Results/cluster10/
Results/cluster10/fold0/
Results/cluster10/fold0/modelparams.txt
Results/cluster10/fold0/var_mb_pw_k50.txt
Results/cluster8/
Results/cluster8/scoreFile.txt
Results/cluster8/fold0/
Results/cluster8/fold0/modelparams.txt
Results/cluster8/fold0/var_mb_pw_k50.txt
