./CVN -f config_condor.txt -x50 -v1 -l TFs_OGs.txt -n AllGenes113.txt -d celltype_tree_ancestor.txt -m testdata_ogids.txt -s celltype_order.txt -p 0.2 -c yes -b -4 -q 4
(cluster3|cluster8) p_maintain_edge=0.8 p_gain=0.2
(cluster2|cluster3) p_maintain_edge=0.8 p_gain=0.2
(cluster1|cluster2) p_maintain_edge=0.8 p_gain=0.2
(cluster6|cluster2) p_maintain_edge=0.8 p_gain=0.2
(cluster9|cluster6) p_maintain_edge=0.8 p_gain=0.2
(cluster10|cluster6) p_maintain_edge=0.8 p_gain=0.2
(cluster7|cluster10) p_maintain_edge=0.8 p_gain=0.2
speciesSet.size()=8 Root is cluster8
MappedOrthogroupReader::readSpeciesMapping() --- celltype_order.txt
MappedOrthogroupReader::readFile - testdata_ogids.txt
MappedOrthogroupReader::generateGeneOrthoMap()
MetaLearner::init_onefold() read:config_condor.txt
MetaLearner::setinputVariableNames number of variables: 2038
readEvidenceTable:cluster8.table
PotentialManager::loadEvidenceFromTable varCount=2038 sampleCount=348
motifNetwork.size() = 319
0=cluster8 motifNetwork=cluster8_network.txt
variable size=2038
readEvidenceTable:cluster3.table
PotentialManager::loadEvidenceFromTable varCount=2038 sampleCount=95
motifNetwork.size() = 326
1=cluster3 motifNetwork=cluster3_network.txt
variable size=2038
readEvidenceTable:cluster2.table
PotentialManager::loadEvidenceFromTable varCount=2038 sampleCount=386
motifNetwork.size() = 328
2=cluster2 motifNetwork=cluster2_network.txt
variable size=2038
readEvidenceTable:cluster1.table
PotentialManager::loadEvidenceFromTable varCount=2038 sampleCount=36
motifNetwork.size() = 322
3=cluster1 motifNetwork=cluster1_network.txt
variable size=2038
readEvidenceTable:cluster6.table
PotentialManager::loadEvidenceFromTable varCount=2038 sampleCount=524
motifNetwork.size() = 320
4=cluster6 motifNetwork=cluster6_network.txt
variable size=2038
readEvidenceTable:cluster9.table
PotentialManager::loadEvidenceFromTable varCount=2038 sampleCount=184
motifNetwork.size() = 327
5=cluster9 motifNetwork=cluster9_network.txt
variable size=2038
readEvidenceTable:cluster10.table
PotentialManager::loadEvidenceFromTable varCount=2038 sampleCount=165
motifNetwork.size() = 326
6=cluster10 motifNetwork=cluster10_network.txt
variable size=2038
readEvidenceTable:cluster7.table
PotentialManager::loadEvidenceFromTable varCount=2038 sampleCount=1032
motifNetwork.size() = 320
7=cluster7 motifNetwork=cluster7_network.txt
variable size=2038
-------------------------------------------------------------
MetaLearner::start
precomputeEmptyGraphPrior
binkey=0 [Edge status: 0 0 0 0 0 0 0 0 ] P(G)=P(cluster8=0)[0.8] * P(cluster1=0|cluster2=0) * P(cluster9=0|cluster6=0) * P(cluster7=0|cluster10=0) * P(cluster10=0|cluster6=0) * P(cluster6=0|cluster2=0) * P(cluster2=0|cluster3=0) * P(cluster3=0|cluster8=0)[0.209715]=0.167772
condsetMap_Tree
0 cluster8=0 cluster3=0 cluster2=0 cluster1=0 cluster6=0 cluster9=0 cluster10=0 cluster7=1
1 cluster8=0 cluster3=0 cluster2=0 cluster1=0 cluster6=0 cluster9=1 cluster10=0 cluster7=0
2 cluster8=0 cluster3=0 cluster2=0 cluster1=0 cluster6=0 cluster9=1 cluster10=0 cluster7=1
3 cluster8=0 cluster3=0 cluster2=0 cluster1=1 cluster6=0 cluster9=0 cluster10=0 cluster7=0
4 cluster8=0 cluster3=0 cluster2=0 cluster1=1 cluster6=0 cluster9=0 cluster10=0 cluster7=1
5 cluster8=0 cluster3=0 cluster2=0 cluster1=1 cluster6=0 cluster9=1 cluster10=0 cluster7=0
6 cluster8=0 cluster3=0 cluster2=0 cluster1=1 cluster6=0 cluster9=1 cluster10=0 cluster7=1
7 cluster8=0 cluster3=0 cluster2=0 cluster1=0 cluster6=0 cluster9=0 cluster10=1 cluster7=1
8 cluster8=0 cluster3=0 cluster2=0 cluster1=0 cluster6=0 cluster9=1 cluster10=1 cluster7=1
9 cluster8=0 cluster3=0 cluster2=0 cluster1=1 cluster6=0 cluster9=0 cluster10=1 cluster7=1
10 cluster8=0 cluster3=0 cluster2=0 cluster1=1 cluster6=0 cluster9=1 cluster10=1 cluster7=1
11 cluster8=0 cluster3=0 cluster2=0 cluster1=0 cluster6=1 cluster9=1 cluster10=1 cluster7=1
12 cluster8=0 cluster3=0 cluster2=0 cluster1=1 cluster6=1 cluster9=1 cluster10=1 cluster7=1
13 cluster8=0 cluster3=0 cluster2=1 cluster1=1 cluster6=1 cluster9=1 cluster10=1 cluster7=1
14 cluster8=0 cluster3=1 cluster2=1 cluster1=1 cluster6=1 cluster9=1 cluster10=1 cluster7=1
15 cluster8=1 cluster3=1 cluster2=1 cluster1=1 cluster6=1 cluster9=1 cluster10=1 cluster7=1
16 cluster8=1 cluster3=1 cluster2=1 cluster1=1 cluster6=1 cluster9=1 cluster10=1 cluster7=0
17 cluster8=1 cluster3=1 cluster2=1 cluster1=1 cluster6=1 cluster9=0 cluster10=1 cluster7=1
18 cluster8=1 cluster3=1 cluster2=1 cluster1=1 cluster6=1 cluster9=0 cluster10=1 cluster7=0
19 cluster8=1 cluster3=1 cluster2=1 cluster1=0 cluster6=1 cluster9=1 cluster10=1 cluster7=1
20 cluster8=1 cluster3=1 cluster2=1 cluster1=0 cluster6=1 cluster9=1 cluster10=1 cluster7=0
21 cluster8=1 cluster3=1 cluster2=1 cluster1=0 cluster6=1 cluster9=0 cluster10=1 cluster7=1
22 cluster8=1 cluster3=1 cluster2=1 cluster1=0 cluster6=1 cluster9=0 cluster10=1 cluster7=0
23 cluster8=1 cluster3=1 cluster2=1 cluster1=1 cluster6=1 cluster9=1 cluster10=0 cluster7=0
24 cluster8=1 cluster3=1 cluster2=1 cluster1=1 cluster6=1 cluster9=0 cluster10=0 cluster7=0
25 cluster8=1 cluster3=1 cluster2=1 cluster1=0 cluster6=1 cluster9=1 cluster10=0 cluster7=0
26 cluster8=1 cluster3=1 cluster2=1 cluster1=0 cluster6=1 cluster9=0 cluster10=0 cluster7=0
27 cluster8=1 cluster3=1 cluster2=1 cluster1=1 cluster6=0 cluster9=0 cluster10=0 cluster7=0
28 cluster8=1 cluster3=1 cluster2=1 cluster1=0 cluster6=0 cluster9=0 cluster10=0 cluster7=0
29 cluster8=1 cluster3=1 cluster2=0 cluster1=0 cluster6=0 cluster9=0 cluster10=0 cluster7=0
30 cluster8=1 cluster3=0 cluster2=0 cluster1=0 cluster6=0 cluster9=0 cluster10=0 cluster7=0
31 cluster8=0 cluster3=0 cluster2=0 cluster1=0 cluster6=1 cluster9=0 cluster10=0 cluster7=0
32 cluster8=0 cluster3=0 cluster2=1 cluster1=0 cluster6=0 cluster9=0 cluster10=0 cluster7=0
33 cluster8=0 cluster3=0 cluster2=0 cluster1=0 cluster6=0 cluster9=0 cluster10=1 cluster7=0
34 cluster8=0 cluster3=1 cluster2=0 cluster1=0 cluster6=0 cluster9=0 cluster10=0 cluster7=0
inputRegulatorOGs.size() = 1999 inputOGList.size() = 50
binkey=8 [Edge status: 0 0 0 1 0 0 0 0 ] P(G)=P(cluster8=0)[0.8] * P(cluster1=1|cluster2=0) * P(cluster9=0|cluster6=0) * P(cluster7=0|cluster10=0) * P(cluster10=0|cluster6=0) * P(cluster6=0|cluster2=0) * P(cluster2=0|cluster3=0) * P(cluster3=0|cluster8=0)[0.0524288]=0.041943
binkey=16 [Edge status: 0 0 0 0 1 0 0 0 ] P(G)=P(cluster8=0)[0.8] * P(cluster1=0|cluster2=0) * P(cluster9=0|cluster6=1) * P(cluster7=0|cluster10=0) * P(cluster10=0|cluster6=1) * P(cluster6=1|cluster2=0) * P(cluster2=0|cluster3=0) * P(cluster3=0|cluster8=0)[0.0032768]=0.00262144
binkey=4 [Edge status: 0 0 1 0 0 0 0 0 ] P(G)=P(cluster8=0)[0.8] * P(cluster1=0|cluster2=1) * P(cluster9=0|cluster6=0) * P(cluster7=0|cluster10=0) * P(cluster10=0|cluster6=0) * P(cluster6=0|cluster2=1) * P(cluster2=1|cluster3=0) * P(cluster3=0|cluster8=0)[0.0032768]=0.00262144
binkey=1 [Edge status: 1 0 0 0 0 0 0 0 ] P(G)=P(cluster8=1)[0.2] * P(cluster1=0|cluster2=0) * P(cluster9=0|cluster6=0) * P(cluster7=0|cluster10=0) * P(cluster10=0|cluster6=0) * P(cluster6=0|cluster2=0) * P(cluster2=0|cluster3=0) * P(cluster3=0|cluster8=1)[0.0524288]=0.0104858
binkey=32 [Edge status: 0 0 0 0 0 1 0 0 ] P(G)=P(cluster8=0)[0.8] * P(cluster1=0|cluster2=0) * P(cluster9=1|cluster6=0) * P(cluster7=0|cluster10=0) * P(cluster10=0|cluster6=0) * P(cluster6=0|cluster2=0) * P(cluster2=0|cluster3=0) * P(cluster3=0|cluster8=0)[0.0524288]=0.041943
binkey=128 [Edge status: 0 0 0 0 0 0 0 1 ] P(G)=P(cluster8=0)[0.8] * P(cluster1=0|cluster2=0) * P(cluster9=0|cluster6=0) * P(cluster7=1|cluster10=0) * P(cluster10=0|cluster6=0) * P(cluster6=0|cluster2=0) * P(cluster2=0|cluster3=0) * P(cluster3=0|cluster8=0)[0.0524288]=0.041943
binkey=64 [Edge status: 0 0 0 0 0 0 1 0 ] P(G)=P(cluster8=0)[0.8] * P(cluster1=0|cluster2=0) * P(cluster9=0|cluster6=0) * P(cluster7=0|cluster10=1) * P(cluster10=1|cluster6=0) * P(cluster6=0|cluster2=0) * P(cluster2=0|cluster3=0) * P(cluster3=0|cluster8=0)[0.0131072]=0.0104858
binkey=2 [Edge status: 0 1 0 0 0 0 0 0 ] P(G)=P(cluster8=0)[0.8] * P(cluster1=0|cluster2=0) * P(cluster9=0|cluster6=0) * P(cluster7=0|cluster10=0) * P(cluster10=0|cluster6=0) * P(cluster6=0|cluster2=0) * P(cluster2=0|cluster3=1) * P(cluster3=1|cluster8=0)[0.0131072]=0.0104858
binkey=160 [Edge status: 0 0 0 0 0 1 0 1 ] P(G)=P(cluster8=0)[0.8] * P(cluster1=0|cluster2=0) * P(cluster9=1|cluster6=0) * P(cluster7=1|cluster10=0) * P(cluster10=0|cluster6=0) * P(cluster6=0|cluster2=0) * P(cluster2=0|cluster3=0) * P(cluster3=0|cluster8=0)[0.0131072]=0.0104858
binkey=192 [Edge status: 0 0 0 0 0 0 1 1 ] P(G)=P(cluster8=0)[0.8] * P(cluster1=0|cluster2=0) * P(cluster9=0|cluster6=0) * P(cluster7=1|cluster10=1) * P(cluster10=1|cluster6=0) * P(cluster6=0|cluster2=0) * P(cluster2=0|cluster3=0) * P(cluster3=0|cluster8=0)[0.0524288]=0.041943
binkey=224 [Edge status: 0 0 0 0 0 1 1 1 ] P(G)=P(cluster8=0)[0.8] * P(cluster1=0|cluster2=0) * P(cluster9=1|cluster6=0) * P(cluster7=1|cluster10=1) * P(cluster10=1|cluster6=0) * P(cluster6=0|cluster2=0) * P(cluster2=0|cluster3=0) * P(cluster3=0|cluster8=0)[0.0131072]=0.0104858
binkey=40 [Edge status: 0 0 0 1 0 1 0 0 ] P(G)=P(cluster8=0)[0.8] * P(cluster1=1|cluster2=0) * P(cluster9=1|cluster6=0) * P(cluster7=0|cluster10=0) * P(cluster10=0|cluster6=0) * P(cluster6=0|cluster2=0) * P(cluster2=0|cluster3=0) * P(cluster3=0|cluster8=0)[0.0131072]=0.0104858
binkey=136 [Edge status: 0 0 0 1 0 0 0 1 ] P(G)=P(cluster8=0)[0.8] * P(cluster1=1|cluster2=0) * P(cluster9=0|cluster6=0) * P(cluster7=1|cluster10=0) * P(cluster10=0|cluster6=0) * P(cluster6=0|cluster2=0) * P(cluster2=0|cluster3=0) * P(cluster3=0|cluster8=0)[0.0131072]=0.0104858
binkey=168 [Edge status: 0 0 0 1 0 1 0 1 ] P(G)=P(cluster8=0)[0.8] * P(cluster1=1|cluster2=0) * P(cluster9=1|cluster6=0) * P(cluster7=1|cluster10=0) * P(cluster10=0|cluster6=0) * P(cluster6=0|cluster2=0) * P(cluster2=0|cluster3=0) * P(cluster3=0|cluster8=0)[0.0032768]=0.00262144
binkey=3 [Edge status: 1 1 0 0 0 0 0 0 ] P(G)=P(cluster8=1)[0.2] * P(cluster1=0|cluster2=0) * P(cluster9=0|cluster6=0) * P(cluster7=0|cluster10=0) * P(cluster10=0|cluster6=0) * P(cluster6=0|cluster2=0) * P(cluster2=0|cluster3=1) * P(cluster3=1|cluster8=1)[0.0524288]=0.0104858
binkey=7 [Edge status: 1 1 1 0 0 0 0 0 ] P(G)=P(cluster8=1)[0.2] * P(cluster1=0|cluster2=1) * P(cluster9=0|cluster6=0) * P(cluster7=0|cluster10=0) * P(cluster10=0|cluster6=0) * P(cluster6=0|cluster2=1) * P(cluster2=1|cluster3=1) * P(cluster3=1|cluster8=1)[0.0131072]=0.00262144
binkey=240 [Edge status: 0 0 0 0 1 1 1 1 ] P(G)=P(cluster8=0)[0.8] * P(cluster1=0|cluster2=0) * P(cluster9=1|cluster6=1) * P(cluster7=1|cluster10=1) * P(cluster10=1|cluster6=1) * P(cluster6=1|cluster2=0) * P(cluster2=0|cluster3=0) * P(cluster3=0|cluster8=0)[0.0524288]=0.041943
binkey=200 [Edge status: 0 0 0 1 0 0 1 1 ] P(G)=P(cluster8=0)[0.8] * P(cluster1=1|cluster2=0) * P(cluster9=0|cluster6=0) * P(cluster7=1|cluster10=1) * P(cluster10=1|cluster6=0) * P(cluster6=0|cluster2=0) * P(cluster2=0|cluster3=0) * P(cluster3=0|cluster8=0)[0.0131072]=0.0104858
binkey=232 [Edge status: 0 0 0 1 0 1 1 1 ] P(G)=P(cluster8=0)[0.8] * P(cluster1=1|cluster2=0) * P(cluster9=1|cluster6=0) * P(cluster7=1|cluster10=1) * P(cluster10=1|cluster6=0) * P(cluster6=0|cluster2=0) * P(cluster2=0|cluster3=0) * P(cluster3=0|cluster8=0)[0.0032768]=0.00262144
ITERATION 0 newScore=-2.69567e+06 diffscore=13557.5 priorChange=-101.199 successMove=54
binkey=248 [Edge status: 0 0 0 1 1 1 1 1 ] P(G)=P(cluster8=0)[0.8] * P(cluster1=1|cluster2=0) * P(cluster9=1|cluster6=1) * P(cluster7=1|cluster10=1) * P(cluster10=1|cluster6=1) * P(cluster6=1|cluster2=0) * P(cluster2=0|cluster3=0) * P(cluster3=0|cluster8=0)[0.0131072]=0.0104858
binkey=252 [Edge status: 0 0 1 1 1 1 1 1 ] P(G)=P(cluster8=0)[0.8] * P(cluster1=1|cluster2=1) * P(cluster9=1|cluster6=1) * P(cluster7=1|cluster10=1) * P(cluster10=1|cluster6=1) * P(cluster6=1|cluster2=1) * P(cluster2=1|cluster3=0) * P(cluster3=0|cluster8=0)[0.0524288]=0.041943
ITERATION 1 newScore=-2.68797e+06 diffscore=7702.2 priorChange=-117.835 successMove=50
ITERATION 2 newScore=-2.68212e+06 diffscore=5844.95 priorChange=-121.994 successMove=51
ITERATION 3 newScore=-2.67295e+06 diffscore=9178.84 priorChange=-117.835 successMove=52
ITERATION 4 newScore=-2.67107e+06 diffscore=1872.69 priorChange=-113.676 successMove=52
ITERATION 5 newScore=-2.66666e+06 diffscore=4412.92 priorChange=-109.517 successMove=53
ITERATION 6 newScore=-2.65839e+06 diffscore=8268.7 priorChange=-117.835 successMove=51
ITERATION 7 newScore=-2.65261e+06 diffscore=5784.84 priorChange=-119.221 successMove=57
ITERATION 8 newScore=-2.64746e+06 diffscore=5148.44 priorChange=-112.29 successMove=50
binkey=87 [Edge status: 1 1 1 0 1 0 1 0 ] P(G)=P(cluster8=1)[0.2] * P(cluster1=0|cluster2=1) * P(cluster9=0|cluster6=1) * P(cluster7=0|cluster10=1) * P(cluster10=1|cluster6=1) * P(cluster6=1|cluster2=1) * P(cluster2=1|cluster3=1) * P(cluster3=1|cluster8=1)[0.0032768]=0.00065536
binkey=23 [Edge status: 1 1 1 0 1 0 0 0 ] P(G)=P(cluster8=1)[0.2] * P(cluster1=0|cluster2=1) * P(cluster9=0|cluster6=1) * P(cluster7=0|cluster10=0) * P(cluster10=0|cluster6=1) * P(cluster6=1|cluster2=1) * P(cluster2=1|cluster3=1) * P(cluster3=1|cluster8=1)[0.0032768]=0.00065536
ITERATION 9 newScore=-2.64244e+06 diffscore=5015.4 priorChange=-130.312 successMove=51
ITERATION 10 newScore=-2.6396e+06 diffscore=2845.66 priorChange=-109.517 successMove=53
ITERATION 11 newScore=-2.63505e+06 diffscore=4542.69 priorChange=-119.221 successMove=51
ITERATION 12 newScore=-2.63406e+06 diffscore=996.14 priorChange=-121.994 successMove=50
ITERATION 13 newScore=-2.63324e+06 diffscore=818.755 priorChange=-113.676 successMove=51
ITERATION 14 newScore=-2.62954e+06 diffscore=3697.28 priorChange=-113.676 successMove=50
ITERATION 15 newScore=-2.62654e+06 diffscore=2999.4 priorChange=-121.994 successMove=51
ITERATION 16 newScore=-2.6249e+06 diffscore=1646.49 priorChange=-115.062 successMove=51
ITERATION 17 newScore=-2.6216e+06 diffscore=3297.2 priorChange=-119.221 successMove=51
ITERATION 18 newScore=-2.62091e+06 diffscore=688.395 priorChange=-113.676 successMove=50
ITERATION 19 newScore=-2.61951e+06 diffscore=1404.92 priorChange=-117.835 successMove=50
ITERATION 20 newScore=-2.61756e+06 diffscore=1945.73 priorChange=-112.29 successMove=51
binkey=95 [Edge status: 1 1 1 1 1 0 1 0 ] P(G)=P(cluster8=1)[0.2] * P(cluster1=1|cluster2=1) * P(cluster9=0|cluster6=1) * P(cluster7=0|cluster10=1) * P(cluster10=1|cluster6=1) * P(cluster6=1|cluster2=1) * P(cluster2=1|cluster3=1) * P(cluster3=1|cluster8=1)[0.0131072]=0.00262144
binkey=31 [Edge status: 1 1 1 1 1 0 0 0 ] P(G)=P(cluster8=1)[0.2] * P(cluster1=1|cluster2=1) * P(cluster9=0|cluster6=1) * P(cluster7=0|cluster10=0) * P(cluster10=0|cluster6=1) * P(cluster6=1|cluster2=1) * P(cluster2=1|cluster3=1) * P(cluster3=1|cluster8=1)[0.0131072]=0.00262144
binkey=15 [Edge status: 1 1 1 1 0 0 0 0 ] P(G)=P(cluster8=1)[0.2] * P(cluster1=1|cluster2=1) * P(cluster9=0|cluster6=0) * P(cluster7=0|cluster10=0) * P(cluster10=0|cluster6=0) * P(cluster6=0|cluster2=1) * P(cluster2=1|cluster3=1) * P(cluster3=1|cluster8=1)[0.0524288]=0.0104858
ITERATION 21 newScore=-2.61607e+06 diffscore=1490.36 priorChange=-106.745 successMove=51
ITERATION 22 newScore=-2.6101e+06 diffscore=5967.16 priorChange=-101.199 successMove=49
ITERATION 23 newScore=-2.60825e+06 diffscore=1855.82 priorChange=-95.6543 successMove=49
ITERATION 24 newScore=-2.60562e+06 diffscore=2625.34 priorChange=-115.062 successMove=50
ITERATION 25 newScore=-2.6037e+06 diffscore=1925.6 priorChange=-102.586 successMove=49
ITERATION 26 newScore=-2.603e+06 diffscore=691.769 priorChange=-110.904 successMove=48
ITERATION 27 newScore=-2.5988e+06 diffscore=4202.74 priorChange=-97.0406 successMove=48
ITERATION 28 newScore=-2.59699e+06 diffscore=1815.55 priorChange=-97.0406 successMove=47
ITERATION 29 newScore=-2.59657e+06 diffscore=416.55 priorChange=-103.972 successMove=46
ITERATION 30 newScore=-2.59543e+06 diffscore=1143.14 priorChange=-121.994 successMove=45
ITERATION 31 newScore=-2.59371e+06 diffscore=1711.15 priorChange=-103.972 successMove=46
ITERATION 32 newScore=-2.59334e+06 diffscore=371.265 priorChange=-98.4269 successMove=45
ITERATION 33 newScore=-2.59173e+06 diffscore=1609.26 priorChange=-109.517 successMove=46
ITERATION 34 newScore=-2.59128e+06 diffscore=450.366 priorChange=-116.449 successMove=47
ITERATION 35 newScore=-2.58863e+06 diffscore=2649.03 priorChange=-97.0406 successMove=45
ITERATION 36 newScore=-2.58712e+06 diffscore=1513.82 priorChange=-102.586 successMove=44
ITERATION 37 newScore=-2.58549e+06 diffscore=1634.94 priorChange=-108.131 successMove=45
ITERATION 38 newScore=-2.58491e+06 diffscore=571.559 priorChange=-109.517 successMove=45
ITERATION 39 newScore=-2.5834e+06 diffscore=1512.4 priorChange=-108.131 successMove=44
ITERATION 40 newScore=-2.5823e+06 diffscore=1103.58 priorChange=-103.972 successMove=45
ITERATION 41 newScore=-2.57946e+06 diffscore=2841.71 priorChange=-91.4954 successMove=47
ITERATION 42 newScore=-2.57845e+06 diffscore=1009.51 priorChange=-83.1777 successMove=42
ITERATION 43 newScore=-2.57676e+06 diffscore=1687.78 priorChange=-83.1777 successMove=45
ITERATION 44 newScore=-2.57555e+06 diffscore=1207.23 priorChange=-101.199 successMove=43
ITERATION 45 newScore=-2.57528e+06 diffscore=276.761 priorChange=-83.1777 successMove=42
ITERATION 46 newScore=-2.57483e+06 diffscore=450.048 priorChange=-92.8817 successMove=41
ITERATION 47 newScore=-2.57149e+06 diffscore=3334.66 priorChange=-98.4269 successMove=40
ITERATION 48 newScore=-2.57122e+06 diffscore=269.405 priorChange=-94.268 successMove=40
ITERATION 49 newScore=-2.57074e+06 diffscore=483.796 priorChange=-90.1091 successMove=40
ITERATION 50 newScore=-2.56864e+06 diffscore=2094.3 priorChange=-79.0188 successMove=40
ITERATION 51 newScore=-2.56812e+06 diffscore=519.999 priorChange=-103.972 successMove=40
ITERATION 52 newScore=-2.56785e+06 diffscore=275.283 priorChange=-94.268 successMove=38
ITERATION 53 newScore=-2.56678e+06 diffscore=1069.29 priorChange=-83.1777 successMove=38
ITERATION 54 newScore=-2.56517e+06 diffscore=1608.85 priorChange=-91.4954 successMove=40
ITERATION 55 newScore=-2.56448e+06 diffscore=685.29 priorChange=-87.3365 successMove=37
ITERATION 56 newScore=-2.56422e+06 diffscore=264.376 priorChange=-87.3365 successMove=37
ITERATION 57 newScore=-2.5608e+06 diffscore=3416.2 priorChange=-85.9503 successMove=38
ITERATION 58 newScore=-2.56063e+06 diffscore=176.852 priorChange=-73.4736 successMove=35
ITERATION 59 newScore=-2.56046e+06 diffscore=169.659 priorChange=-84.564 successMove=35
ITERATION 60 newScore=-2.56027e+06 diffscore=188.493 priorChange=-90.1091 successMove=34
ITERATION 61 newScore=-2.5601e+06 diffscore=172.695 priorChange=-77.6325 successMove=34
ITERATION 62 newScore=-2.55993e+06 diffscore=168.375 priorChange=-70.701 successMove=34
ITERATION 63 newScore=-2.55973e+06 diffscore=194.995 priorChange=-65.1558 successMove=32
ITERATION 64 newScore=-2.55951e+06 diffscore=218.087 priorChange=-73.4736 successMove=32
ITERATION 65 newScore=-2.55921e+06 diffscore=301.708 priorChange=-59.6107 successMove=30
ITERATION 66 newScore=-2.55794e+06 diffscore=1271.55 priorChange=-54.0655 successMove=30
ITERATION 67 newScore=-2.55749e+06 diffscore=455.154 priorChange=-55.4518 successMove=27
ITERATION 68 newScore=-2.55616e+06 diffscore=1329.34 priorChange=-56.8381 successMove=26
ITERATION 69 newScore=-2.55509e+06 diffscore=1069.84 priorChange=-52.6792 successMove=26
ITERATION 70 newScore=-2.55496e+06 diffscore=122.96 priorChange=-47.134 successMove=23
ITERATION 71 newScore=-2.55479e+06 diffscore=172.14 priorChange=-48.5203 successMove=24
ITERATION 72 newScore=-2.5536e+06 diffscore=1187.44 priorChange=-44.3614 successMove=22
ITERATION 73 newScore=-2.55207e+06 diffscore=1537.99 priorChange=-48.5203 successMove=22
ITERATION 74 newScore=-2.55189e+06 diffscore=173.904 priorChange=-27.7259 successMove=22
ITERATION 75 newScore=-2.55178e+06 diffscore=117.605 priorChange=-40.2025 successMove=21
ITERATION 76 newScore=-2.55152e+06 diffscore=255.557 priorChange=-45.7477 successMove=21
ITERATION 77 newScore=-2.55131e+06 diffscore=204.857 priorChange=-51.2929 successMove=21
ITERATION 78 newScore=-2.55015e+06 diffscore=1165.29 priorChange=-49.9066 successMove=22
ITERATION 79 newScore=-2.55006e+06 diffscore=87.1353 priorChange=-37.4299 successMove=20
ITERATION 80 newScore=-2.54996e+06 diffscore=98.6772 priorChange=-41.5888 successMove=20
ITERATION 81 newScore=-2.54986e+06 diffscore=103.542 priorChange=-34.6574 successMove=18
ITERATION 82 newScore=-2.54973e+06 diffscore=130.608 priorChange=-36.0437 successMove=18
ITERATION 83 newScore=-2.54958e+06 diffscore=152.388 priorChange=-34.6574 successMove=17
ITERATION 84 newScore=-2.54945e+06 diffscore=132.136 priorChange=-29.1122 successMove=16
ITERATION 85 newScore=-2.5484e+06 diffscore=1044.23 priorChange=-24.9533 successMove=16
ITERATION 86 newScore=-2.54829e+06 diffscore=107.764 priorChange=-22.1807 successMove=13
ITERATION 87 newScore=-2.54816e+06 diffscore=135.68 priorChange=-31.8848 successMove=12
ITERATION 88 newScore=-2.54707e+06 diffscore=1084 priorChange=-23.567 successMove=11
ITERATION 89 newScore=-2.54697e+06 diffscore=103.271 priorChange=-20.7944 successMove=11
ITERATION 90 newScore=-2.54591e+06 diffscore=1057.33 priorChange=-18.0218 successMove=11
ITERATION 91 newScore=-2.54587e+06 diffscore=40.5677 priorChange=-22.1807 successMove=12
ITERATION 92 newScore=-2.54584e+06 diffscore=37.2125 priorChange=-19.4081 successMove=11
ITERATION 93 newScore=-2.5458e+06 diffscore=36.6647 priorChange=-24.9533 successMove=11
ITERATION 94 newScore=-2.54576e+06 diffscore=37.2305 priorChange=-24.9533 successMove=11
ITERATION 95 newScore=-2.54571e+06 diffscore=53.41 priorChange=-31.8848 successMove=10
ITERATION 96 newScore=-2.54566e+06 diffscore=52.2287 priorChange=-29.1122 successMove=9
ITERATION 97 newScore=-2.54562e+06 diffscore=38.1212 priorChange=-16.6355 successMove=7
ITERATION 98 newScore=-2.54556e+06 diffscore=54.567 priorChange=-9.70406 successMove=7
ITERATION 99 newScore=-2.54553e+06 diffscore=37.7869 priorChange=-18.0218 successMove=7
MetaLearner::dumpAllGraphs
Final Score -2.54553e+06
MetaLearner::start runtime: 1232713005 ms
Results/
Results/cluster10/
Results/cluster10/fold0/
Results/cluster10/fold0/modelparams.txt
Results/cluster10/fold0/var_mb_pw_k50.txt
Results/cluster1/
Results/cluster1/fold0/
Results/cluster1/fold0/modelparams.txt
Results/cluster1/fold0/var_mb_pw_k50.txt
Results/cluster6/
Results/cluster6/fold0/
Results/cluster6/fold0/modelparams.txt
Results/cluster6/fold0/var_mb_pw_k50.txt
Results/cluster9/
Results/cluster9/fold0/
Results/cluster9/fold0/modelparams.txt
Results/cluster9/fold0/var_mb_pw_k50.txt
Results/cluster2/
Results/cluster2/fold0/
Results/cluster2/fold0/modelparams.txt
Results/cluster2/fold0/var_mb_pw_k50.txt
Results/cluster7/
Results/cluster7/fold0/
Results/cluster7/fold0/modelparams.txt
Results/cluster7/fold0/var_mb_pw_k50.txt
Results/cluster3/
Results/cluster3/fold0/
Results/cluster3/fold0/modelparams.txt
Results/cluster3/fold0/var_mb_pw_k50.txt
Results/cluster8/
Results/cluster8/scoreFile.txt
Results/cluster8/fold0/
Results/cluster8/fold0/modelparams.txt
Results/cluster8/fold0/var_mb_pw_k50.txt
