./CVN -f config_condor.txt -x50 -v1 -l TFs_OGs.txt -n AllGenes20.txt -d celltype_tree_ancestor.txt -m testdata_ogids.txt -s celltype_order.txt -p 0.2 -c yes -b -4 -q 4
(cluster3|cluster8) p_maintain_edge=0.8 p_gain=0.2
(cluster2|cluster3) p_maintain_edge=0.8 p_gain=0.2
(cluster1|cluster2) p_maintain_edge=0.8 p_gain=0.2
(cluster6|cluster2) p_maintain_edge=0.8 p_gain=0.2
(cluster9|cluster6) p_maintain_edge=0.8 p_gain=0.2
(cluster10|cluster6) p_maintain_edge=0.8 p_gain=0.2
(cluster7|cluster10) p_maintain_edge=0.8 p_gain=0.2
speciesSet.size()=8 Root is cluster8
MappedOrthogroupReader::readSpeciesMapping() --- celltype_order.txt
MappedOrthogroupReader::readFile - testdata_ogids.txt
MappedOrthogroupReader::generateGeneOrthoMap()
MetaLearner::init_onefold() read:config_condor.txt
MetaLearner::setinputVariableNames number of variables: 2039
readEvidenceTable:cluster8.table
PotentialManager::loadEvidenceFromTable varCount=2039 sampleCount=348
motifNetwork.size() = 319
0=cluster8 motifNetwork=cluster8_network.txt
variable size=2039
readEvidenceTable:cluster3.table
PotentialManager::loadEvidenceFromTable varCount=2039 sampleCount=95
motifNetwork.size() = 326
1=cluster3 motifNetwork=cluster3_network.txt
variable size=2039
readEvidenceTable:cluster2.table
PotentialManager::loadEvidenceFromTable varCount=2039 sampleCount=386
motifNetwork.size() = 328
2=cluster2 motifNetwork=cluster2_network.txt
variable size=2039
readEvidenceTable:cluster1.table
PotentialManager::loadEvidenceFromTable varCount=2039 sampleCount=36
motifNetwork.size() = 322
3=cluster1 motifNetwork=cluster1_network.txt
variable size=2039
readEvidenceTable:cluster6.table
PotentialManager::loadEvidenceFromTable varCount=2039 sampleCount=524
motifNetwork.size() = 320
4=cluster6 motifNetwork=cluster6_network.txt
variable size=2039
readEvidenceTable:cluster9.table
PotentialManager::loadEvidenceFromTable varCount=2039 sampleCount=184
motifNetwork.size() = 327
5=cluster9 motifNetwork=cluster9_network.txt
variable size=2039
readEvidenceTable:cluster10.table
PotentialManager::loadEvidenceFromTable varCount=2039 sampleCount=165
motifNetwork.size() = 326
6=cluster10 motifNetwork=cluster10_network.txt
variable size=2039
readEvidenceTable:cluster7.table
PotentialManager::loadEvidenceFromTable varCount=2039 sampleCount=1032
motifNetwork.size() = 320
7=cluster7 motifNetwork=cluster7_network.txt
variable size=2039
-------------------------------------------------------------
MetaLearner::start
precomputeEmptyGraphPrior
binkey=0 [Edge status: 0 0 0 0 0 0 0 0 ] P(G)=P(cluster8=0)[0.8] * P(cluster1=0|cluster2=0) * P(cluster9=0|cluster6=0) * P(cluster7=0|cluster10=0) * P(cluster10=0|cluster6=0) * P(cluster6=0|cluster2=0) * P(cluster2=0|cluster3=0) * P(cluster3=0|cluster8=0)[0.209715]=0.167772
condsetMap_Tree
0 cluster8=0 cluster3=0 cluster2=0 cluster1=0 cluster6=0 cluster9=0 cluster10=0 cluster7=1
1 cluster8=0 cluster3=0 cluster2=0 cluster1=0 cluster6=0 cluster9=1 cluster10=0 cluster7=0
2 cluster8=0 cluster3=0 cluster2=0 cluster1=0 cluster6=0 cluster9=1 cluster10=0 cluster7=1
3 cluster8=0 cluster3=0 cluster2=0 cluster1=1 cluster6=0 cluster9=0 cluster10=0 cluster7=0
4 cluster8=0 cluster3=0 cluster2=0 cluster1=1 cluster6=0 cluster9=0 cluster10=0 cluster7=1
5 cluster8=0 cluster3=0 cluster2=0 cluster1=1 cluster6=0 cluster9=1 cluster10=0 cluster7=0
6 cluster8=0 cluster3=0 cluster2=0 cluster1=1 cluster6=0 cluster9=1 cluster10=0 cluster7=1
7 cluster8=0 cluster3=0 cluster2=0 cluster1=0 cluster6=0 cluster9=0 cluster10=1 cluster7=1
8 cluster8=0 cluster3=0 cluster2=0 cluster1=0 cluster6=0 cluster9=1 cluster10=1 cluster7=1
9 cluster8=0 cluster3=0 cluster2=0 cluster1=1 cluster6=0 cluster9=0 cluster10=1 cluster7=1
10 cluster8=0 cluster3=0 cluster2=0 cluster1=1 cluster6=0 cluster9=1 cluster10=1 cluster7=1
11 cluster8=0 cluster3=0 cluster2=0 cluster1=0 cluster6=1 cluster9=1 cluster10=1 cluster7=1
12 cluster8=0 cluster3=0 cluster2=0 cluster1=1 cluster6=1 cluster9=1 cluster10=1 cluster7=1
13 cluster8=0 cluster3=0 cluster2=1 cluster1=1 cluster6=1 cluster9=1 cluster10=1 cluster7=1
14 cluster8=0 cluster3=1 cluster2=1 cluster1=1 cluster6=1 cluster9=1 cluster10=1 cluster7=1
15 cluster8=1 cluster3=1 cluster2=1 cluster1=1 cluster6=1 cluster9=1 cluster10=1 cluster7=1
16 cluster8=1 cluster3=1 cluster2=1 cluster1=1 cluster6=1 cluster9=1 cluster10=1 cluster7=0
17 cluster8=1 cluster3=1 cluster2=1 cluster1=1 cluster6=1 cluster9=0 cluster10=1 cluster7=1
18 cluster8=1 cluster3=1 cluster2=1 cluster1=1 cluster6=1 cluster9=0 cluster10=1 cluster7=0
19 cluster8=1 cluster3=1 cluster2=1 cluster1=0 cluster6=1 cluster9=1 cluster10=1 cluster7=1
20 cluster8=1 cluster3=1 cluster2=1 cluster1=0 cluster6=1 cluster9=1 cluster10=1 cluster7=0
21 cluster8=1 cluster3=1 cluster2=1 cluster1=0 cluster6=1 cluster9=0 cluster10=1 cluster7=1
22 cluster8=1 cluster3=1 cluster2=1 cluster1=0 cluster6=1 cluster9=0 cluster10=1 cluster7=0
23 cluster8=1 cluster3=1 cluster2=1 cluster1=1 cluster6=1 cluster9=1 cluster10=0 cluster7=0
24 cluster8=1 cluster3=1 cluster2=1 cluster1=1 cluster6=1 cluster9=0 cluster10=0 cluster7=0
25 cluster8=1 cluster3=1 cluster2=1 cluster1=0 cluster6=1 cluster9=1 cluster10=0 cluster7=0
26 cluster8=1 cluster3=1 cluster2=1 cluster1=0 cluster6=1 cluster9=0 cluster10=0 cluster7=0
27 cluster8=1 cluster3=1 cluster2=1 cluster1=1 cluster6=0 cluster9=0 cluster10=0 cluster7=0
28 cluster8=1 cluster3=1 cluster2=1 cluster1=0 cluster6=0 cluster9=0 cluster10=0 cluster7=0
29 cluster8=1 cluster3=1 cluster2=0 cluster1=0 cluster6=0 cluster9=0 cluster10=0 cluster7=0
30 cluster8=1 cluster3=0 cluster2=0 cluster1=0 cluster6=0 cluster9=0 cluster10=0 cluster7=0
31 cluster8=0 cluster3=0 cluster2=0 cluster1=0 cluster6=1 cluster9=0 cluster10=0 cluster7=0
32 cluster8=0 cluster3=0 cluster2=1 cluster1=0 cluster6=0 cluster9=0 cluster10=0 cluster7=0
33 cluster8=0 cluster3=0 cluster2=0 cluster1=0 cluster6=0 cluster9=0 cluster10=1 cluster7=0
34 cluster8=0 cluster3=1 cluster2=0 cluster1=0 cluster6=0 cluster9=0 cluster10=0 cluster7=0
inputRegulatorOGs.size() = 1999 inputOGList.size() = 50
binkey=1 [Edge status: 1 0 0 0 0 0 0 0 ] P(G)=P(cluster8=1)[0.2] * P(cluster1=0|cluster2=0) * P(cluster9=0|cluster6=0) * P(cluster7=0|cluster10=0) * P(cluster10=0|cluster6=0) * P(cluster6=0|cluster2=0) * P(cluster2=0|cluster3=0) * P(cluster3=0|cluster8=1)[0.0524288]=0.0104858
binkey=128 [Edge status: 0 0 0 0 0 0 0 1 ] P(G)=P(cluster8=0)[0.8] * P(cluster1=0|cluster2=0) * P(cluster9=0|cluster6=0) * P(cluster7=1|cluster10=0) * P(cluster10=0|cluster6=0) * P(cluster6=0|cluster2=0) * P(cluster2=0|cluster3=0) * P(cluster3=0|cluster8=0)[0.0524288]=0.041943
binkey=4 [Edge status: 0 0 1 0 0 0 0 0 ] P(G)=P(cluster8=0)[0.8] * P(cluster1=0|cluster2=1) * P(cluster9=0|cluster6=0) * P(cluster7=0|cluster10=0) * P(cluster10=0|cluster6=0) * P(cluster6=0|cluster2=1) * P(cluster2=1|cluster3=0) * P(cluster3=0|cluster8=0)[0.0032768]=0.00262144
binkey=32 [Edge status: 0 0 0 0 0 1 0 0 ] P(G)=P(cluster8=0)[0.8] * P(cluster1=0|cluster2=0) * P(cluster9=1|cluster6=0) * P(cluster7=0|cluster10=0) * P(cluster10=0|cluster6=0) * P(cluster6=0|cluster2=0) * P(cluster2=0|cluster3=0) * P(cluster3=0|cluster8=0)[0.0524288]=0.041943
binkey=16 [Edge status: 0 0 0 0 1 0 0 0 ] P(G)=P(cluster8=0)[0.8] * P(cluster1=0|cluster2=0) * P(cluster9=0|cluster6=1) * P(cluster7=0|cluster10=0) * P(cluster10=0|cluster6=1) * P(cluster6=1|cluster2=0) * P(cluster2=0|cluster3=0) * P(cluster3=0|cluster8=0)[0.0032768]=0.00262144
binkey=8 [Edge status: 0 0 0 1 0 0 0 0 ] P(G)=P(cluster8=0)[0.8] * P(cluster1=1|cluster2=0) * P(cluster9=0|cluster6=0) * P(cluster7=0|cluster10=0) * P(cluster10=0|cluster6=0) * P(cluster6=0|cluster2=0) * P(cluster2=0|cluster3=0) * P(cluster3=0|cluster8=0)[0.0524288]=0.041943
binkey=136 [Edge status: 0 0 0 1 0 0 0 1 ] P(G)=P(cluster8=0)[0.8] * P(cluster1=1|cluster2=0) * P(cluster9=0|cluster6=0) * P(cluster7=1|cluster10=0) * P(cluster10=0|cluster6=0) * P(cluster6=0|cluster2=0) * P(cluster2=0|cluster3=0) * P(cluster3=0|cluster8=0)[0.0131072]=0.0104858
binkey=160 [Edge status: 0 0 0 0 0 1 0 1 ] P(G)=P(cluster8=0)[0.8] * P(cluster1=0|cluster2=0) * P(cluster9=1|cluster6=0) * P(cluster7=1|cluster10=0) * P(cluster10=0|cluster6=0) * P(cluster6=0|cluster2=0) * P(cluster2=0|cluster3=0) * P(cluster3=0|cluster8=0)[0.0131072]=0.0104858
binkey=64 [Edge status: 0 0 0 0 0 0 1 0 ] P(G)=P(cluster8=0)[0.8] * P(cluster1=0|cluster2=0) * P(cluster9=0|cluster6=0) * P(cluster7=0|cluster10=1) * P(cluster10=1|cluster6=0) * P(cluster6=0|cluster2=0) * P(cluster2=0|cluster3=0) * P(cluster3=0|cluster8=0)[0.0131072]=0.0104858
binkey=192 [Edge status: 0 0 0 0 0 0 1 1 ] P(G)=P(cluster8=0)[0.8] * P(cluster1=0|cluster2=0) * P(cluster9=0|cluster6=0) * P(cluster7=1|cluster10=1) * P(cluster10=1|cluster6=0) * P(cluster6=0|cluster2=0) * P(cluster2=0|cluster3=0) * P(cluster3=0|cluster8=0)[0.0524288]=0.041943
binkey=224 [Edge status: 0 0 0 0 0 1 1 1 ] P(G)=P(cluster8=0)[0.8] * P(cluster1=0|cluster2=0) * P(cluster9=1|cluster6=0) * P(cluster7=1|cluster10=1) * P(cluster10=1|cluster6=0) * P(cluster6=0|cluster2=0) * P(cluster2=0|cluster3=0) * P(cluster3=0|cluster8=0)[0.0131072]=0.0104858
binkey=240 [Edge status: 0 0 0 0 1 1 1 1 ] P(G)=P(cluster8=0)[0.8] * P(cluster1=0|cluster2=0) * P(cluster9=1|cluster6=1) * P(cluster7=1|cluster10=1) * P(cluster10=1|cluster6=1) * P(cluster6=1|cluster2=0) * P(cluster2=0|cluster3=0) * P(cluster3=0|cluster8=0)[0.0524288]=0.041943
binkey=40 [Edge status: 0 0 0 1 0 1 0 0 ] P(G)=P(cluster8=0)[0.8] * P(cluster1=1|cluster2=0) * P(cluster9=1|cluster6=0) * P(cluster7=0|cluster10=0) * P(cluster10=0|cluster6=0) * P(cluster6=0|cluster2=0) * P(cluster2=0|cluster3=0) * P(cluster3=0|cluster8=0)[0.0131072]=0.0104858
binkey=168 [Edge status: 0 0 0 1 0 1 0 1 ] P(G)=P(cluster8=0)[0.8] * P(cluster1=1|cluster2=0) * P(cluster9=1|cluster6=0) * P(cluster7=1|cluster10=0) * P(cluster10=0|cluster6=0) * P(cluster6=0|cluster2=0) * P(cluster2=0|cluster3=0) * P(cluster3=0|cluster8=0)[0.0032768]=0.00262144
binkey=200 [Edge status: 0 0 0 1 0 0 1 1 ] P(G)=P(cluster8=0)[0.8] * P(cluster1=1|cluster2=0) * P(cluster9=0|cluster6=0) * P(cluster7=1|cluster10=1) * P(cluster10=1|cluster6=0) * P(cluster6=0|cluster2=0) * P(cluster2=0|cluster3=0) * P(cluster3=0|cluster8=0)[0.0131072]=0.0104858
binkey=232 [Edge status: 0 0 0 1 0 1 1 1 ] P(G)=P(cluster8=0)[0.8] * P(cluster1=1|cluster2=0) * P(cluster9=1|cluster6=0) * P(cluster7=1|cluster10=1) * P(cluster10=1|cluster6=0) * P(cluster6=0|cluster2=0) * P(cluster2=0|cluster3=0) * P(cluster3=0|cluster8=0)[0.0032768]=0.00262144
binkey=2 [Edge status: 0 1 0 0 0 0 0 0 ] P(G)=P(cluster8=0)[0.8] * P(cluster1=0|cluster2=0) * P(cluster9=0|cluster6=0) * P(cluster7=0|cluster10=0) * P(cluster10=0|cluster6=0) * P(cluster6=0|cluster2=0) * P(cluster2=0|cluster3=1) * P(cluster3=1|cluster8=0)[0.0131072]=0.0104858
binkey=3 [Edge status: 1 1 0 0 0 0 0 0 ] P(G)=P(cluster8=1)[0.2] * P(cluster1=0|cluster2=0) * P(cluster9=0|cluster6=0) * P(cluster7=0|cluster10=0) * P(cluster10=0|cluster6=0) * P(cluster6=0|cluster2=0) * P(cluster2=0|cluster3=1) * P(cluster3=1|cluster8=1)[0.0524288]=0.0104858
binkey=23 [Edge status: 1 1 1 0 1 0 0 0 ] P(G)=P(cluster8=1)[0.2] * P(cluster1=0|cluster2=1) * P(cluster9=0|cluster6=1) * P(cluster7=0|cluster10=0) * P(cluster10=0|cluster6=1) * P(cluster6=1|cluster2=1) * P(cluster2=1|cluster3=1) * P(cluster3=1|cluster8=1)[0.0032768]=0.00065536
binkey=7 [Edge status: 1 1 1 0 0 0 0 0 ] P(G)=P(cluster8=1)[0.2] * P(cluster1=0|cluster2=1) * P(cluster9=0|cluster6=0) * P(cluster7=0|cluster10=0) * P(cluster10=0|cluster6=0) * P(cluster6=0|cluster2=1) * P(cluster2=1|cluster3=1) * P(cluster3=1|cluster8=1)[0.0131072]=0.00262144
binkey=215 [Edge status: 1 1 1 0 1 0 1 1 ] P(G)=P(cluster8=1)[0.2] * P(cluster1=0|cluster2=1) * P(cluster9=0|cluster6=1) * P(cluster7=1|cluster10=1) * P(cluster10=1|cluster6=1) * P(cluster6=1|cluster2=1) * P(cluster2=1|cluster3=1) * P(cluster3=1|cluster8=1)[0.0131072]=0.00262144
binkey=87 [Edge status: 1 1 1 0 1 0 1 0 ] P(G)=P(cluster8=1)[0.2] * P(cluster1=0|cluster2=1) * P(cluster9=0|cluster6=1) * P(cluster7=0|cluster10=1) * P(cluster10=1|cluster6=1) * P(cluster6=1|cluster2=1) * P(cluster2=1|cluster3=1) * P(cluster3=1|cluster8=1)[0.0032768]=0.00065536
binkey=247 [Edge status: 1 1 1 0 1 1 1 1 ] P(G)=P(cluster8=1)[0.2] * P(cluster1=0|cluster2=1) * P(cluster9=1|cluster6=1) * P(cluster7=1|cluster10=1) * P(cluster10=1|cluster6=1) * P(cluster6=1|cluster2=1) * P(cluster2=1|cluster3=1) * P(cluster3=1|cluster8=1)[0.0524288]=0.0104858
binkey=119 [Edge status: 1 1 1 0 1 1 1 0 ] P(G)=P(cluster8=1)[0.2] * P(cluster1=0|cluster2=1) * P(cluster9=1|cluster6=1) * P(cluster7=0|cluster10=1) * P(cluster10=1|cluster6=1) * P(cluster6=1|cluster2=1) * P(cluster2=1|cluster3=1) * P(cluster3=1|cluster8=1)[0.0131072]=0.00262144
binkey=55 [Edge status: 1 1 1 0 1 1 0 0 ] P(G)=P(cluster8=1)[0.2] * P(cluster1=0|cluster2=1) * P(cluster9=1|cluster6=1) * P(cluster7=0|cluster10=0) * P(cluster10=0|cluster6=1) * P(cluster6=1|cluster2=1) * P(cluster2=1|cluster3=1) * P(cluster3=1|cluster8=1)[0.0131072]=0.00262144
ITERATION 0 newScore=-2.65317e+06 diffscore=17917.6 priorChange=-112.29 successMove=61
ITERATION 1 newScore=-2.64763e+06 diffscore=5536.71 priorChange=-110.904 successMove=53
ITERATION 2 newScore=-2.63719e+06 diffscore=10446.2 priorChange=-117.835 successMove=51
binkey=248 [Edge status: 0 0 0 1 1 1 1 1 ] P(G)=P(cluster8=0)[0.8] * P(cluster1=1|cluster2=0) * P(cluster9=1|cluster6=1) * P(cluster7=1|cluster10=1) * P(cluster10=1|cluster6=1) * P(cluster6=1|cluster2=0) * P(cluster2=0|cluster3=0) * P(cluster3=0|cluster8=0)[0.0131072]=0.0104858
ITERATION 3 newScore=-2.63259e+06 diffscore=4598.84 priorChange=-117.835 successMove=52
ITERATION 4 newScore=-2.62887e+06 diffscore=3718.97 priorChange=-123.38 successMove=56
ITERATION 5 newScore=-2.6245e+06 diffscore=4365.38 priorChange=-108.131 successMove=53
ITERATION 6 newScore=-2.61603e+06 diffscore=8475.38 priorChange=-117.835 successMove=50
ITERATION 7 newScore=-2.61226e+06 diffscore=3764.42 priorChange=-127.539 successMove=53
ITERATION 8 newScore=-2.60973e+06 diffscore=2529.85 priorChange=-124.766 successMove=50
ITERATION 9 newScore=-2.60489e+06 diffscore=4847.35 priorChange=-128.925 successMove=51
ITERATION 10 newScore=-2.60235e+06 diffscore=2535.58 priorChange=-134.471 successMove=50
ITERATION 11 newScore=-2.59973e+06 diffscore=2617.08 priorChange=-120.608 successMove=52
ITERATION 12 newScore=-2.59747e+06 diffscore=2266.19 priorChange=-121.994 successMove=53
ITERATION 13 newScore=-2.59396e+06 diffscore=3505.62 priorChange=-120.608 successMove=51
ITERATION 14 newScore=-2.59151e+06 diffscore=2450.29 priorChange=-133.084 successMove=52
ITERATION 15 newScore=-2.59005e+06 diffscore=1461.68 priorChange=-115.062 successMove=50
ITERATION 16 newScore=-2.58665e+06 diffscore=3400.21 priorChange=-117.835 successMove=53
ITERATION 17 newScore=-2.58473e+06 diffscore=1920.66 priorChange=-108.131 successMove=50
ITERATION 18 newScore=-2.58308e+06 diffscore=1646.29 priorChange=-124.766 successMove=51
ITERATION 19 newScore=-2.58066e+06 diffscore=2418.11 priorChange=-106.745 successMove=51
ITERATION 20 newScore=-2.57945e+06 diffscore=1208.59 priorChange=-120.608 successMove=53
ITERATION 21 newScore=-2.57664e+06 diffscore=2818.98 priorChange=-110.904 successMove=51
ITERATION 22 newScore=-2.57493e+06 diffscore=1705.2 priorChange=-105.358 successMove=52
ITERATION 23 newScore=-2.57182e+06 diffscore=3106.9 priorChange=-113.676 successMove=51
ITERATION 24 newScore=-2.57112e+06 diffscore=708.174 priorChange=-119.221 successMove=52
ITERATION 25 newScore=-2.56948e+06 diffscore=1632.21 priorChange=-120.608 successMove=51
ITERATION 26 newScore=-2.56742e+06 diffscore=2058.86 priorChange=-108.131 successMove=52
ITERATION 27 newScore=-2.5651e+06 diffscore=2323.59 priorChange=-103.972 successMove=50
ITERATION 28 newScore=-2.56259e+06 diffscore=2514.42 priorChange=-99.8132 successMove=50
ITERATION 29 newScore=-2.5609e+06 diffscore=1683.24 priorChange=-119.221 successMove=52
ITERATION 30 newScore=-2.56043e+06 diffscore=478.217 priorChange=-92.8817 successMove=49
ITERATION 31 newScore=-2.55974e+06 diffscore=681.758 priorChange=-108.131 successMove=48
ITERATION 32 newScore=-2.55887e+06 diffscore=874.06 priorChange=-108.131 successMove=49
ITERATION 33 newScore=-2.5579e+06 diffscore=967.543 priorChange=-92.8817 successMove=50
binkey=252 [Edge status: 0 0 1 1 1 1 1 1 ] P(G)=P(cluster8=0)[0.8] * P(cluster1=1|cluster2=1) * P(cluster9=1|cluster6=1) * P(cluster7=1|cluster10=1) * P(cluster10=1|cluster6=1) * P(cluster6=1|cluster2=1) * P(cluster2=1|cluster3=0) * P(cluster3=0|cluster8=0)[0.0524288]=0.041943
ITERATION 34 newScore=-2.55656e+06 diffscore=1343.37 priorChange=-88.7228 successMove=53
ITERATION 35 newScore=-2.55229e+06 diffscore=4268.18 priorChange=-95.6543 successMove=47
ITERATION 36 newScore=-2.55182e+06 diffscore=468.801 priorChange=-84.564 successMove=47
ITERATION 37 newScore=-2.55138e+06 diffscore=445.202 priorChange=-81.7914 successMove=47
ITERATION 38 newScore=-2.55028e+06 diffscore=1096.68 priorChange=-88.7228 successMove=48
ITERATION 39 newScore=-2.54855e+06 diffscore=1730.27 priorChange=-92.8817 successMove=45
ITERATION 40 newScore=-2.54692e+06 diffscore=1631.91 priorChange=-87.3365 successMove=46
ITERATION 41 newScore=-2.54199e+06 diffscore=4930.46 priorChange=-73.4736 successMove=44
ITERATION 42 newScore=-2.541e+06 diffscore=990.5 priorChange=-103.972 successMove=44
ITERATION 43 newScore=-2.54031e+06 diffscore=686.595 priorChange=-110.904 successMove=44
ITERATION 44 newScore=-2.53875e+06 diffscore=1560.89 priorChange=-97.0406 successMove=45
ITERATION 45 newScore=-2.53845e+06 diffscore=301.664 priorChange=-110.904 successMove=46
ITERATION 46 newScore=-2.53681e+06 diffscore=1633.83 priorChange=-84.564 successMove=45
ITERATION 47 newScore=-2.5358e+06 diffscore=1008.87 priorChange=-90.1091 successMove=44
ITERATION 48 newScore=-2.53554e+06 diffscore=268.171 priorChange=-103.972 successMove=44
ITERATION 49 newScore=-2.53521e+06 diffscore=321.417 priorChange=-90.1091 successMove=42
ITERATION 50 newScore=-2.53488e+06 diffscore=337.751 priorChange=-102.586 successMove=42
ITERATION 51 newScore=-2.5338e+06 diffscore=1078.75 priorChange=-88.7228 successMove=41
ITERATION 52 newScore=-2.53354e+06 diffscore=262.69 priorChange=-88.7228 successMove=40
ITERATION 53 newScore=-2.53231e+06 diffscore=1224.92 priorChange=-97.0406 successMove=40
ITERATION 54 newScore=-2.53154e+06 diffscore=773.502 priorChange=-84.564 successMove=39
ITERATION 55 newScore=-2.52992e+06 diffscore=1615.17 priorChange=-69.3147 successMove=39
ITERATION 56 newScore=-2.52956e+06 diffscore=359.088 priorChange=-83.1777 successMove=38
ITERATION 57 newScore=-2.52897e+06 diffscore=591.445 priorChange=-80.4051 successMove=38
ITERATION 58 newScore=-2.52796e+06 diffscore=1008.77 priorChange=-70.701 successMove=36
ITERATION 59 newScore=-2.52758e+06 diffscore=382.229 priorChange=-62.3832 successMove=36
ITERATION 60 newScore=-2.52624e+06 diffscore=1336.57 priorChange=-63.7695 successMove=34
ITERATION 61 newScore=-2.52603e+06 diffscore=218.204 priorChange=-67.9284 successMove=33
ITERATION 62 newScore=-2.52588e+06 diffscore=149.994 priorChange=-65.1558 successMove=32
ITERATION 63 newScore=-2.52572e+06 diffscore=158.86 priorChange=-67.9284 successMove=30
ITERATION 64 newScore=-2.52544e+06 diffscore=280.331 priorChange=-59.6107 successMove=30
ITERATION 65 newScore=-2.52425e+06 diffscore=1186.71 priorChange=-65.1558 successMove=28
ITERATION 66 newScore=-2.52325e+06 diffscore=998.555 priorChange=-54.0655 successMove=28
ITERATION 67 newScore=-2.52313e+06 diffscore=120.282 priorChange=-58.2244 successMove=28
ITERATION 68 newScore=-2.52302e+06 diffscore=106.887 priorChange=-44.3614 successMove=27
ITERATION 69 newScore=-2.52291e+06 diffscore=114.785 priorChange=-44.3614 successMove=26
ITERATION 70 newScore=-2.52278e+06 diffscore=131.586 priorChange=-51.2929 successMove=27
ITERATION 71 newScore=-2.52161e+06 diffscore=1166.31 priorChange=-51.2929 successMove=24
ITERATION 72 newScore=-2.52144e+06 diffscore=167.532 priorChange=-52.6792 successMove=24
ITERATION 73 newScore=-2.52065e+06 diffscore=797.845 priorChange=-34.6574 successMove=21
ITERATION 74 newScore=-2.52056e+06 diffscore=81.4372 priorChange=-37.4299 successMove=20
ITERATION 75 newScore=-2.52047e+06 diffscore=93.305 priorChange=-33.2711 successMove=20
ITERATION 76 newScore=-2.52039e+06 diffscore=82.1224 priorChange=-38.8162 successMove=18
ITERATION 77 newScore=-2.52032e+06 diffscore=64.636 priorChange=-26.3396 successMove=17
ITERATION 78 newScore=-2.52025e+06 diffscore=70.1404 priorChange=-30.4985 successMove=15
ITERATION 79 newScore=-2.52018e+06 diffscore=74.0903 priorChange=-33.2711 successMove=15
ITERATION 80 newScore=-2.52009e+06 diffscore=93.7725 priorChange=-23.567 successMove=15
ITERATION 81 newScore=-2.52e+06 diffscore=87.5879 priorChange=-22.1807 successMove=14
ITERATION 82 newScore=-2.51963e+06 diffscore=372.175 priorChange=-27.7259 successMove=13
ITERATION 83 newScore=-2.51952e+06 diffscore=102.13 priorChange=-24.9533 successMove=12
ITERATION 84 newScore=-2.51859e+06 diffscore=932.53 priorChange=-22.1807 successMove=12
ITERATION 85 newScore=-2.51845e+06 diffscore=140.541 priorChange=-29.1122 successMove=11
ITERATION 86 newScore=-2.51774e+06 diffscore=713.264 priorChange=-24.9533 successMove=12
ITERATION 87 newScore=-2.51768e+06 diffscore=57.7572 priorChange=-22.1807 successMove=10
ITERATION 88 newScore=-2.51765e+06 diffscore=30.0976 priorChange=-13.8629 successMove=10
ITERATION 89 newScore=-2.51762e+06 diffscore=30.9063 priorChange=-18.0218 successMove=9
ITERATION 90 newScore=-2.51759e+06 diffscore=31.2949 priorChange=-18.0218 successMove=9
ITERATION 91 newScore=-2.51755e+06 diffscore=39.2455 priorChange=-15.2492 successMove=9
ITERATION 92 newScore=-2.51752e+06 diffscore=29.399 priorChange=-9.70406 successMove=9
ITERATION 93 newScore=-2.51749e+06 diffscore=31.6384 priorChange=-16.6355 successMove=9
ITERATION 94 newScore=-2.51744e+06 diffscore=49.5971 priorChange=-16.6355 successMove=8
ITERATION 95 newScore=-2.51739e+06 diffscore=44.9971 priorChange=-12.4766 successMove=7
ITERATION 96 newScore=-2.51736e+06 diffscore=37.7313 priorChange=-13.8629 successMove=7
ITERATION 97 newScore=-2.5173e+06 diffscore=52.7942 priorChange=-12.4766 successMove=8
ITERATION 98 newScore=-2.51661e+06 diffscore=688.39 priorChange=-6.93147 successMove=7
ITERATION 99 newScore=-2.51658e+06 diffscore=31.5017 priorChange=-15.2492 successMove=7
MetaLearner::dumpAllGraphs
Final Score -2.51658e+06
MetaLearner::start runtime: 1205468701 ms
Results/
Results/cluster3/
Results/cluster3/fold0/
Results/cluster3/fold0/modelparams.txt
Results/cluster3/fold0/var_mb_pw_k50.txt
Results/cluster7/
Results/cluster7/fold0/
Results/cluster7/fold0/modelparams.txt
Results/cluster7/fold0/var_mb_pw_k50.txt
Results/cluster2/
Results/cluster2/fold0/
Results/cluster2/fold0/modelparams.txt
Results/cluster2/fold0/var_mb_pw_k50.txt
Results/cluster9/
Results/cluster9/fold0/
Results/cluster9/fold0/modelparams.txt
Results/cluster9/fold0/var_mb_pw_k50.txt
Results/cluster6/
Results/cluster6/fold0/
Results/cluster6/fold0/modelparams.txt
Results/cluster6/fold0/var_mb_pw_k50.txt
Results/cluster1/
Results/cluster1/fold0/
Results/cluster1/fold0/modelparams.txt
Results/cluster1/fold0/var_mb_pw_k50.txt
Results/cluster10/
Results/cluster10/fold0/
Results/cluster10/fold0/modelparams.txt
Results/cluster10/fold0/var_mb_pw_k50.txt
Results/cluster8/
Results/cluster8/scoreFile.txt
Results/cluster8/fold0/
Results/cluster8/fold0/modelparams.txt
Results/cluster8/fold0/var_mb_pw_k50.txt
