000 (49777.1745.000) 10/11 10:48:12 Job submitted from host: <144.92.142.142:9618?addrs=144.92.142.142-9618&noUDP&sock=44923_051a_3>
...
001 (49777.1745.000) 10/11 17:29:01 Job executing on host: <144.92.142.182:9618?addrs=144.92.142.182-9618&noUDP&sock=15205_f19b_3>
...
006 (49777.1745.000) 10/11 17:29:09 Image size of job updated: 105704
	104  -  MemoryUsage of job (MB)
	105704  -  ResidentSetSize of job (KB)
...
006 (49777.1745.000) 10/11 17:29:43 Image size of job updated: 401204
	104  -  MemoryUsage of job (MB)
	105704  -  ResidentSetSize of job (KB)
...
004 (49777.1745.000) 10/11 17:29:43 Job was evicted.
	(0) Job was not checkpointed.
		Usr 0 00:00:42, Sys 0 00:00:00  -  Run Remote Usage
		Usr 0 00:00:00, Sys 0 00:00:00  -  Run Local Usage
	0  -  Run Bytes Sent By Job
	316887328  -  Run Bytes Received By Job
	Partitionable Resources :     Usage  Request Allocated 
	   Cpus                 :      1.00        1         1 
	   Disk (KB)            : 325000      819200   1428816 
	   Memory (MB)          :    104       20480     20480 
...
001 (49777.1745.000) 10/11 17:29:59 Job executing on host: <128.105.68.16:9618?addrs=128.105.68.16-9618&alias=coba2000.chtc.wisc.edu&noUDP&sock=startd_7305_336c>
...
006 (49777.1745.000) 10/11 17:35:09 Image size of job updated: 786592
	740  -  MemoryUsage of job (MB)
	757408  -  ResidentSetSize of job (KB)
...
006 (49777.1745.000) 10/11 17:40:09 Image size of job updated: 1477212
	1402  -  MemoryUsage of job (MB)
	1434860  -  ResidentSetSize of job (KB)
...
006 (49777.1745.000) 10/11 17:45:09 Image size of job updated: 2302800
	2230  -  MemoryUsage of job (MB)
	2283364  -  ResidentSetSize of job (KB)
...
006 (49777.1745.000) 10/11 17:50:10 Image size of job updated: 3403816
	3291  -  MemoryUsage of job (MB)
	3369720  -  ResidentSetSize of job (KB)
...
006 (49777.1745.000) 10/11 17:53:54 Image size of job updated: 4139312
	3291  -  MemoryUsage of job (MB)
	3369724  -  ResidentSetSize of job (KB)
...
005 (49777.1745.000) 10/11 17:53:55 Job terminated.
	(1) Normal termination (return value 0)
		Usr 0 00:23:40, Sys 0 00:00:06  -  Run Remote Usage
		Usr 0 00:00:00, Sys 0 00:00:00  -  Run Local Usage
		Usr 0 00:24:22, Sys 0 00:00:06  -  Total Remote Usage
		Usr 0 00:00:00, Sys 0 00:00:00  -  Total Local Usage
	175485  -  Run Bytes Sent By Job
	316887328  -  Run Bytes Received By Job
	175485  -  Total Bytes Sent By Job
	633774656  -  Total Bytes Received By Job
	Partitionable Resources :     Usage  Request Allocated 
	   Cpus                 :      0.99        1         1 
	   Disk (KB)            : 325000      819200  44742796 
	   Gpus                 :                            0 
	   Ioheavy              :                            0 
	   Memory (MB)          :   3291       20480     21341 
...
