./CVN -f config_condor.txt -x50 -v1 -l TFs_OGs.txt -n AllGenes81.txt -d celltype_tree_ancestor.txt -m testdata_ogids.txt -s celltype_order.txt -p 0.2 -c yes -b -4 -q 4
(cluster3|cluster8) p_maintain_edge=0.8 p_gain=0.2
(cluster2|cluster3) p_maintain_edge=0.8 p_gain=0.2
(cluster1|cluster2) p_maintain_edge=0.8 p_gain=0.2
(cluster6|cluster2) p_maintain_edge=0.8 p_gain=0.2
(cluster9|cluster6) p_maintain_edge=0.8 p_gain=0.2
(cluster10|cluster6) p_maintain_edge=0.8 p_gain=0.2
(cluster7|cluster10) p_maintain_edge=0.8 p_gain=0.2
speciesSet.size()=8 Root is cluster8
MappedOrthogroupReader::readSpeciesMapping() --- celltype_order.txt
MappedOrthogroupReader::readFile - testdata_ogids.txt
MappedOrthogroupReader::generateGeneOrthoMap()
MetaLearner::init_onefold() read:config_condor.txt
MetaLearner::setinputVariableNames number of variables: 2043
readEvidenceTable:cluster8.table
PotentialManager::loadEvidenceFromTable varCount=2043 sampleCount=348
motifNetwork.size() = 319
0=cluster8 motifNetwork=cluster8_network.txt
variable size=2043
readEvidenceTable:cluster3.table
PotentialManager::loadEvidenceFromTable varCount=2043 sampleCount=95
motifNetwork.size() = 326
1=cluster3 motifNetwork=cluster3_network.txt
variable size=2043
readEvidenceTable:cluster2.table
PotentialManager::loadEvidenceFromTable varCount=2043 sampleCount=386
motifNetwork.size() = 328
2=cluster2 motifNetwork=cluster2_network.txt
variable size=2043
readEvidenceTable:cluster1.table
PotentialManager::loadEvidenceFromTable varCount=2043 sampleCount=36
motifNetwork.size() = 322
3=cluster1 motifNetwork=cluster1_network.txt
variable size=2043
readEvidenceTable:cluster6.table
PotentialManager::loadEvidenceFromTable varCount=2043 sampleCount=524
motifNetwork.size() = 320
4=cluster6 motifNetwork=cluster6_network.txt
variable size=2043
readEvidenceTable:cluster9.table
PotentialManager::loadEvidenceFromTable varCount=2043 sampleCount=184
motifNetwork.size() = 327
5=cluster9 motifNetwork=cluster9_network.txt
variable size=2043
readEvidenceTable:cluster10.table
PotentialManager::loadEvidenceFromTable varCount=2043 sampleCount=165
motifNetwork.size() = 326
6=cluster10 motifNetwork=cluster10_network.txt
variable size=2043
readEvidenceTable:cluster7.table
PotentialManager::loadEvidenceFromTable varCount=2043 sampleCount=1032
motifNetwork.size() = 320
7=cluster7 motifNetwork=cluster7_network.txt
variable size=2043
-------------------------------------------------------------
MetaLearner::start
precomputeEmptyGraphPrior
binkey=0 [Edge status: 0 0 0 0 0 0 0 0 ] P(G)=P(cluster8=0)[0.8] * P(cluster1=0|cluster2=0) * P(cluster9=0|cluster6=0) * P(cluster7=0|cluster10=0) * P(cluster10=0|cluster6=0) * P(cluster6=0|cluster2=0) * P(cluster2=0|cluster3=0) * P(cluster3=0|cluster8=0)[0.209715]=0.167772
condsetMap_Tree
0 cluster8=0 cluster3=0 cluster2=0 cluster1=0 cluster6=0 cluster9=0 cluster10=0 cluster7=1
1 cluster8=0 cluster3=0 cluster2=0 cluster1=0 cluster6=0 cluster9=1 cluster10=0 cluster7=0
2 cluster8=0 cluster3=0 cluster2=0 cluster1=0 cluster6=0 cluster9=1 cluster10=0 cluster7=1
3 cluster8=0 cluster3=0 cluster2=0 cluster1=1 cluster6=0 cluster9=0 cluster10=0 cluster7=0
4 cluster8=0 cluster3=0 cluster2=0 cluster1=1 cluster6=0 cluster9=0 cluster10=0 cluster7=1
5 cluster8=0 cluster3=0 cluster2=0 cluster1=1 cluster6=0 cluster9=1 cluster10=0 cluster7=0
6 cluster8=0 cluster3=0 cluster2=0 cluster1=1 cluster6=0 cluster9=1 cluster10=0 cluster7=1
7 cluster8=0 cluster3=0 cluster2=0 cluster1=0 cluster6=0 cluster9=0 cluster10=1 cluster7=1
8 cluster8=0 cluster3=0 cluster2=0 cluster1=0 cluster6=0 cluster9=1 cluster10=1 cluster7=1
9 cluster8=0 cluster3=0 cluster2=0 cluster1=1 cluster6=0 cluster9=0 cluster10=1 cluster7=1
10 cluster8=0 cluster3=0 cluster2=0 cluster1=1 cluster6=0 cluster9=1 cluster10=1 cluster7=1
11 cluster8=0 cluster3=0 cluster2=0 cluster1=0 cluster6=1 cluster9=1 cluster10=1 cluster7=1
12 cluster8=0 cluster3=0 cluster2=0 cluster1=1 cluster6=1 cluster9=1 cluster10=1 cluster7=1
13 cluster8=0 cluster3=0 cluster2=1 cluster1=1 cluster6=1 cluster9=1 cluster10=1 cluster7=1
14 cluster8=0 cluster3=1 cluster2=1 cluster1=1 cluster6=1 cluster9=1 cluster10=1 cluster7=1
15 cluster8=1 cluster3=1 cluster2=1 cluster1=1 cluster6=1 cluster9=1 cluster10=1 cluster7=1
16 cluster8=1 cluster3=1 cluster2=1 cluster1=1 cluster6=1 cluster9=1 cluster10=1 cluster7=0
17 cluster8=1 cluster3=1 cluster2=1 cluster1=1 cluster6=1 cluster9=0 cluster10=1 cluster7=1
18 cluster8=1 cluster3=1 cluster2=1 cluster1=1 cluster6=1 cluster9=0 cluster10=1 cluster7=0
19 cluster8=1 cluster3=1 cluster2=1 cluster1=0 cluster6=1 cluster9=1 cluster10=1 cluster7=1
20 cluster8=1 cluster3=1 cluster2=1 cluster1=0 cluster6=1 cluster9=1 cluster10=1 cluster7=0
21 cluster8=1 cluster3=1 cluster2=1 cluster1=0 cluster6=1 cluster9=0 cluster10=1 cluster7=1
22 cluster8=1 cluster3=1 cluster2=1 cluster1=0 cluster6=1 cluster9=0 cluster10=1 cluster7=0
23 cluster8=1 cluster3=1 cluster2=1 cluster1=1 cluster6=1 cluster9=1 cluster10=0 cluster7=0
24 cluster8=1 cluster3=1 cluster2=1 cluster1=1 cluster6=1 cluster9=0 cluster10=0 cluster7=0
25 cluster8=1 cluster3=1 cluster2=1 cluster1=0 cluster6=1 cluster9=1 cluster10=0 cluster7=0
26 cluster8=1 cluster3=1 cluster2=1 cluster1=0 cluster6=1 cluster9=0 cluster10=0 cluster7=0
27 cluster8=1 cluster3=1 cluster2=1 cluster1=1 cluster6=0 cluster9=0 cluster10=0 cluster7=0
28 cluster8=1 cluster3=1 cluster2=1 cluster1=0 cluster6=0 cluster9=0 cluster10=0 cluster7=0
29 cluster8=1 cluster3=1 cluster2=0 cluster1=0 cluster6=0 cluster9=0 cluster10=0 cluster7=0
30 cluster8=1 cluster3=0 cluster2=0 cluster1=0 cluster6=0 cluster9=0 cluster10=0 cluster7=0
31 cluster8=0 cluster3=0 cluster2=0 cluster1=0 cluster6=1 cluster9=0 cluster10=0 cluster7=0
32 cluster8=0 cluster3=0 cluster2=1 cluster1=0 cluster6=0 cluster9=0 cluster10=0 cluster7=0
33 cluster8=0 cluster3=0 cluster2=0 cluster1=0 cluster6=0 cluster9=0 cluster10=1 cluster7=0
34 cluster8=0 cluster3=1 cluster2=0 cluster1=0 cluster6=0 cluster9=0 cluster10=0 cluster7=0
inputRegulatorOGs.size() = 1999 inputOGList.size() = 50
binkey=128 [Edge status: 0 0 0 0 0 0 0 1 ] P(G)=P(cluster8=0)[0.8] * P(cluster1=0|cluster2=0) * P(cluster9=0|cluster6=0) * P(cluster7=1|cluster10=0) * P(cluster10=0|cluster6=0) * P(cluster6=0|cluster2=0) * P(cluster2=0|cluster3=0) * P(cluster3=0|cluster8=0)[0.0524288]=0.041943
binkey=16 [Edge status: 0 0 0 0 1 0 0 0 ] P(G)=P(cluster8=0)[0.8] * P(cluster1=0|cluster2=0) * P(cluster9=0|cluster6=1) * P(cluster7=0|cluster10=0) * P(cluster10=0|cluster6=1) * P(cluster6=1|cluster2=0) * P(cluster2=0|cluster3=0) * P(cluster3=0|cluster8=0)[0.0032768]=0.00262144
binkey=1 [Edge status: 1 0 0 0 0 0 0 0 ] P(G)=P(cluster8=1)[0.2] * P(cluster1=0|cluster2=0) * P(cluster9=0|cluster6=0) * P(cluster7=0|cluster10=0) * P(cluster10=0|cluster6=0) * P(cluster6=0|cluster2=0) * P(cluster2=0|cluster3=0) * P(cluster3=0|cluster8=1)[0.0524288]=0.0104858
binkey=2 [Edge status: 0 1 0 0 0 0 0 0 ] P(G)=P(cluster8=0)[0.8] * P(cluster1=0|cluster2=0) * P(cluster9=0|cluster6=0) * P(cluster7=0|cluster10=0) * P(cluster10=0|cluster6=0) * P(cluster6=0|cluster2=0) * P(cluster2=0|cluster3=1) * P(cluster3=1|cluster8=0)[0.0131072]=0.0104858
binkey=64 [Edge status: 0 0 0 0 0 0 1 0 ] P(G)=P(cluster8=0)[0.8] * P(cluster1=0|cluster2=0) * P(cluster9=0|cluster6=0) * P(cluster7=0|cluster10=1) * P(cluster10=1|cluster6=0) * P(cluster6=0|cluster2=0) * P(cluster2=0|cluster3=0) * P(cluster3=0|cluster8=0)[0.0131072]=0.0104858
binkey=32 [Edge status: 0 0 0 0 0 1 0 0 ] P(G)=P(cluster8=0)[0.8] * P(cluster1=0|cluster2=0) * P(cluster9=1|cluster6=0) * P(cluster7=0|cluster10=0) * P(cluster10=0|cluster6=0) * P(cluster6=0|cluster2=0) * P(cluster2=0|cluster3=0) * P(cluster3=0|cluster8=0)[0.0524288]=0.041943
binkey=8 [Edge status: 0 0 0 1 0 0 0 0 ] P(G)=P(cluster8=0)[0.8] * P(cluster1=1|cluster2=0) * P(cluster9=0|cluster6=0) * P(cluster7=0|cluster10=0) * P(cluster10=0|cluster6=0) * P(cluster6=0|cluster2=0) * P(cluster2=0|cluster3=0) * P(cluster3=0|cluster8=0)[0.0524288]=0.041943
binkey=4 [Edge status: 0 0 1 0 0 0 0 0 ] P(G)=P(cluster8=0)[0.8] * P(cluster1=0|cluster2=1) * P(cluster9=0|cluster6=0) * P(cluster7=0|cluster10=0) * P(cluster10=0|cluster6=0) * P(cluster6=0|cluster2=1) * P(cluster2=1|cluster3=0) * P(cluster3=0|cluster8=0)[0.0032768]=0.00262144
binkey=192 [Edge status: 0 0 0 0 0 0 1 1 ] P(G)=P(cluster8=0)[0.8] * P(cluster1=0|cluster2=0) * P(cluster9=0|cluster6=0) * P(cluster7=1|cluster10=1) * P(cluster10=1|cluster6=0) * P(cluster6=0|cluster2=0) * P(cluster2=0|cluster3=0) * P(cluster3=0|cluster8=0)[0.0524288]=0.041943
binkey=3 [Edge status: 1 1 0 0 0 0 0 0 ] P(G)=P(cluster8=1)[0.2] * P(cluster1=0|cluster2=0) * P(cluster9=0|cluster6=0) * P(cluster7=0|cluster10=0) * P(cluster10=0|cluster6=0) * P(cluster6=0|cluster2=0) * P(cluster2=0|cluster3=1) * P(cluster3=1|cluster8=1)[0.0524288]=0.0104858
binkey=160 [Edge status: 0 0 0 0 0 1 0 1 ] P(G)=P(cluster8=0)[0.8] * P(cluster1=0|cluster2=0) * P(cluster9=1|cluster6=0) * P(cluster7=1|cluster10=0) * P(cluster10=0|cluster6=0) * P(cluster6=0|cluster2=0) * P(cluster2=0|cluster3=0) * P(cluster3=0|cluster8=0)[0.0131072]=0.0104858
binkey=224 [Edge status: 0 0 0 0 0 1 1 1 ] P(G)=P(cluster8=0)[0.8] * P(cluster1=0|cluster2=0) * P(cluster9=1|cluster6=0) * P(cluster7=1|cluster10=1) * P(cluster10=1|cluster6=0) * P(cluster6=0|cluster2=0) * P(cluster2=0|cluster3=0) * P(cluster3=0|cluster8=0)[0.0131072]=0.0104858
binkey=40 [Edge status: 0 0 0 1 0 1 0 0 ] P(G)=P(cluster8=0)[0.8] * P(cluster1=1|cluster2=0) * P(cluster9=1|cluster6=0) * P(cluster7=0|cluster10=0) * P(cluster10=0|cluster6=0) * P(cluster6=0|cluster2=0) * P(cluster2=0|cluster3=0) * P(cluster3=0|cluster8=0)[0.0131072]=0.0104858
binkey=136 [Edge status: 0 0 0 1 0 0 0 1 ] P(G)=P(cluster8=0)[0.8] * P(cluster1=1|cluster2=0) * P(cluster9=0|cluster6=0) * P(cluster7=1|cluster10=0) * P(cluster10=0|cluster6=0) * P(cluster6=0|cluster2=0) * P(cluster2=0|cluster3=0) * P(cluster3=0|cluster8=0)[0.0131072]=0.0104858
binkey=168 [Edge status: 0 0 0 1 0 1 0 1 ] P(G)=P(cluster8=0)[0.8] * P(cluster1=1|cluster2=0) * P(cluster9=1|cluster6=0) * P(cluster7=1|cluster10=0) * P(cluster10=0|cluster6=0) * P(cluster6=0|cluster2=0) * P(cluster2=0|cluster3=0) * P(cluster3=0|cluster8=0)[0.0032768]=0.00262144
binkey=200 [Edge status: 0 0 0 1 0 0 1 1 ] P(G)=P(cluster8=0)[0.8] * P(cluster1=1|cluster2=0) * P(cluster9=0|cluster6=0) * P(cluster7=1|cluster10=1) * P(cluster10=1|cluster6=0) * P(cluster6=0|cluster2=0) * P(cluster2=0|cluster3=0) * P(cluster3=0|cluster8=0)[0.0131072]=0.0104858
binkey=232 [Edge status: 0 0 0 1 0 1 1 1 ] P(G)=P(cluster8=0)[0.8] * P(cluster1=1|cluster2=0) * P(cluster9=1|cluster6=0) * P(cluster7=1|cluster10=1) * P(cluster10=1|cluster6=0) * P(cluster6=0|cluster2=0) * P(cluster2=0|cluster3=0) * P(cluster3=0|cluster8=0)[0.0032768]=0.00262144
binkey=240 [Edge status: 0 0 0 0 1 1 1 1 ] P(G)=P(cluster8=0)[0.8] * P(cluster1=0|cluster2=0) * P(cluster9=1|cluster6=1) * P(cluster7=1|cluster10=1) * P(cluster10=1|cluster6=1) * P(cluster6=1|cluster2=0) * P(cluster2=0|cluster3=0) * P(cluster3=0|cluster8=0)[0.0524288]=0.041943
binkey=248 [Edge status: 0 0 0 1 1 1 1 1 ] P(G)=P(cluster8=0)[0.8] * P(cluster1=1|cluster2=0) * P(cluster9=1|cluster6=1) * P(cluster7=1|cluster10=1) * P(cluster10=1|cluster6=1) * P(cluster6=1|cluster2=0) * P(cluster2=0|cluster3=0) * P(cluster3=0|cluster8=0)[0.0131072]=0.0104858
binkey=7 [Edge status: 1 1 1 0 0 0 0 0 ] P(G)=P(cluster8=1)[0.2] * P(cluster1=0|cluster2=1) * P(cluster9=0|cluster6=0) * P(cluster7=0|cluster10=0) * P(cluster10=0|cluster6=0) * P(cluster6=0|cluster2=1) * P(cluster2=1|cluster3=1) * P(cluster3=1|cluster8=1)[0.0131072]=0.00262144
ITERATION 0 newScore=-2.76245e+06 diffscore=16351.8 priorChange=-110.904 successMove=55
ITERATION 1 newScore=-2.75458e+06 diffscore=7869.36 priorChange=-116.449 successMove=51
ITERATION 2 newScore=-2.74678e+06 diffscore=7799.01 priorChange=-117.835 successMove=52
binkey=252 [Edge status: 0 0 1 1 1 1 1 1 ] P(G)=P(cluster8=0)[0.8] * P(cluster1=1|cluster2=1) * P(cluster9=1|cluster6=1) * P(cluster7=1|cluster10=1) * P(cluster10=1|cluster6=1) * P(cluster6=1|cluster2=1) * P(cluster2=1|cluster3=0) * P(cluster3=0|cluster8=0)[0.0524288]=0.041943
ITERATION 3 newScore=-2.73855e+06 diffscore=8224.49 priorChange=-117.835 successMove=50
ITERATION 4 newScore=-2.73473e+06 diffscore=3818.22 priorChange=-117.835 successMove=50
ITERATION 5 newScore=-2.73169e+06 diffscore=3042.8 priorChange=-110.904 successMove=51
ITERATION 6 newScore=-2.7267e+06 diffscore=4996.37 priorChange=-119.221 successMove=52
ITERATION 7 newScore=-2.72258e+06 diffscore=4110.56 priorChange=-115.062 successMove=51
ITERATION 8 newScore=-2.71938e+06 diffscore=3200.36 priorChange=-106.745 successMove=55
ITERATION 9 newScore=-2.71186e+06 diffscore=7528.66 priorChange=-106.745 successMove=50
ITERATION 10 newScore=-2.70929e+06 diffscore=2567 priorChange=-112.29 successMove=50
ITERATION 11 newScore=-2.70352e+06 diffscore=5772.47 priorChange=-106.745 successMove=50
ITERATION 12 newScore=-2.69693e+06 diffscore=6582.99 priorChange=-101.199 successMove=52
ITERATION 13 newScore=-2.69485e+06 diffscore=2078.45 priorChange=-120.608 successMove=51
ITERATION 14 newScore=-2.69058e+06 diffscore=4273.48 priorChange=-124.766 successMove=52
ITERATION 15 newScore=-2.68997e+06 diffscore=611.064 priorChange=-115.062 successMove=49
ITERATION 16 newScore=-2.68838e+06 diffscore=1593.68 priorChange=-116.449 successMove=49
ITERATION 17 newScore=-2.68685e+06 diffscore=1528.5 priorChange=-106.745 successMove=49
ITERATION 18 newScore=-2.68464e+06 diffscore=2211.66 priorChange=-99.8132 successMove=50
ITERATION 19 newScore=-2.68242e+06 diffscore=2219.1 priorChange=-102.586 successMove=48
ITERATION 20 newScore=-2.68061e+06 diffscore=1811.11 priorChange=-109.517 successMove=48
ITERATION 21 newScore=-2.67855e+06 diffscore=2056.24 priorChange=-102.586 successMove=48
ITERATION 22 newScore=-2.67668e+06 diffscore=1872.47 priorChange=-115.062 successMove=47
ITERATION 23 newScore=-2.67534e+06 diffscore=1340.93 priorChange=-109.517 successMove=47
ITERATION 24 newScore=-2.67408e+06 diffscore=1254.23 priorChange=-108.131 successMove=48
ITERATION 25 newScore=-2.67207e+06 diffscore=2015.41 priorChange=-116.449 successMove=46
ITERATION 26 newScore=-2.66972e+06 diffscore=2345.82 priorChange=-101.199 successMove=46
ITERATION 27 newScore=-2.66788e+06 diffscore=1844.46 priorChange=-112.29 successMove=46
ITERATION 28 newScore=-2.66703e+06 diffscore=844.532 priorChange=-106.745 successMove=51
ITERATION 29 newScore=-2.66643e+06 diffscore=600.308 priorChange=-105.358 successMove=48
ITERATION 30 newScore=-2.66523e+06 diffscore=1200.76 priorChange=-95.6543 successMove=49
ITERATION 31 newScore=-2.66065e+06 diffscore=4577.41 priorChange=-103.972 successMove=46
ITERATION 32 newScore=-2.65888e+06 diffscore=1777.9 priorChange=-94.268 successMove=46
ITERATION 33 newScore=-2.65828e+06 diffscore=600.545 priorChange=-109.517 successMove=46
ITERATION 34 newScore=-2.65601e+06 diffscore=2264.83 priorChange=-106.745 successMove=46
ITERATION 35 newScore=-2.65403e+06 diffscore=1976.06 priorChange=-102.586 successMove=49
ITERATION 36 newScore=-2.65248e+06 diffscore=1558.11 priorChange=-88.7228 successMove=47
ITERATION 37 newScore=-2.65197e+06 diffscore=503.567 priorChange=-97.0406 successMove=45
ITERATION 38 newScore=-2.6489e+06 diffscore=3074.71 priorChange=-97.0406 successMove=45
ITERATION 39 newScore=-2.64736e+06 diffscore=1538.95 priorChange=-112.29 successMove=45
ITERATION 40 newScore=-2.64597e+06 diffscore=1387.99 priorChange=-88.7228 successMove=44
ITERATION 41 newScore=-2.64567e+06 diffscore=296.748 priorChange=-87.3365 successMove=44
ITERATION 42 newScore=-2.644e+06 diffscore=1676.17 priorChange=-97.0406 successMove=42
ITERATION 43 newScore=-2.6437e+06 diffscore=303.048 priorChange=-88.7228 successMove=42
ITERATION 44 newScore=-2.64335e+06 diffscore=348.512 priorChange=-108.131 successMove=42
ITERATION 45 newScore=-2.64296e+06 diffscore=386.985 priorChange=-91.4954 successMove=43
ITERATION 46 newScore=-2.64058e+06 diffscore=2375.79 priorChange=-101.199 successMove=42
ITERATION 47 newScore=-2.63948e+06 diffscore=1104.18 priorChange=-90.1091 successMove=43
ITERATION 48 newScore=-2.63779e+06 diffscore=1687.82 priorChange=-95.6543 successMove=42
ITERATION 49 newScore=-2.63644e+06 diffscore=1354.73 priorChange=-94.268 successMove=42
ITERATION 50 newScore=-2.63427e+06 diffscore=2170.07 priorChange=-94.268 successMove=43
ITERATION 51 newScore=-2.634e+06 diffscore=268.392 priorChange=-95.6543 successMove=40
ITERATION 52 newScore=-2.63369e+06 diffscore=306.596 priorChange=-90.1091 successMove=40
ITERATION 53 newScore=-2.63344e+06 diffscore=250.733 priorChange=-92.8817 successMove=42
ITERATION 54 newScore=-2.63313e+06 diffscore=310.435 priorChange=-90.1091 successMove=43
ITERATION 55 newScore=-2.63275e+06 diffscore=383.085 priorChange=-73.4736 successMove=40
ITERATION 56 newScore=-2.63005e+06 diffscore=2699.02 priorChange=-74.8599 successMove=38
ITERATION 57 newScore=-2.62969e+06 diffscore=358.219 priorChange=-72.0873 successMove=38
ITERATION 58 newScore=-2.62799e+06 diffscore=1696.06 priorChange=-84.564 successMove=37
ITERATION 59 newScore=-2.62721e+06 diffscore=782.968 priorChange=-70.701 successMove=38
ITERATION 60 newScore=-2.62479e+06 diffscore=2422.36 priorChange=-85.9503 successMove=39
ITERATION 61 newScore=-2.62312e+06 diffscore=1665.22 priorChange=-80.4051 successMove=36
ITERATION 62 newScore=-2.6229e+06 diffscore=219.098 priorChange=-69.3147 successMove=36
ITERATION 63 newScore=-2.62269e+06 diffscore=216.262 priorChange=-79.0188 successMove=34
ITERATION 64 newScore=-2.62251e+06 diffscore=176.286 priorChange=-70.701 successMove=32
ITERATION 65 newScore=-2.62232e+06 diffscore=188.77 priorChange=-76.2462 successMove=32
ITERATION 66 newScore=-2.62217e+06 diffscore=157.216 priorChange=-65.1558 successMove=34
ITERATION 67 newScore=-2.62196e+06 diffscore=205.032 priorChange=-80.4051 successMove=33
ITERATION 68 newScore=-2.62175e+06 diffscore=207.047 priorChange=-59.6107 successMove=31
ITERATION 69 newScore=-2.62155e+06 diffscore=202.247 priorChange=-51.2929 successMove=31
ITERATION 70 newScore=-2.62123e+06 diffscore=321.926 priorChange=-67.9284 successMove=30
ITERATION 71 newScore=-2.61906e+06 diffscore=2168.14 priorChange=-63.7695 successMove=28
ITERATION 72 newScore=-2.61894e+06 diffscore=122.767 priorChange=-59.6107 successMove=26
ITERATION 73 newScore=-2.61882e+06 diffscore=115.774 priorChange=-40.2025 successMove=23
ITERATION 74 newScore=-2.61862e+06 diffscore=206.551 priorChange=-49.9066 successMove=21
ITERATION 75 newScore=-2.61851e+06 diffscore=105.534 priorChange=-41.5888 successMove=20
ITERATION 76 newScore=-2.61836e+06 diffscore=155.867 priorChange=-47.134 successMove=20
ITERATION 77 newScore=-2.61814e+06 diffscore=217.51 priorChange=-51.2929 successMove=18
ITERATION 78 newScore=-2.618e+06 diffscore=138.874 priorChange=-37.4299 successMove=18
ITERATION 79 newScore=-2.61687e+06 diffscore=1132.8 priorChange=-38.8162 successMove=19
ITERATION 80 newScore=-2.6168e+06 diffscore=70.3774 priorChange=-34.6574 successMove=16
ITERATION 81 newScore=-2.61674e+06 diffscore=59.6568 priorChange=-27.7259 successMove=15
ITERATION 82 newScore=-2.61668e+06 diffscore=53.8719 priorChange=-26.3396 successMove=15
ITERATION 83 newScore=-2.61567e+06 diffscore=1012.89 priorChange=-19.4081 successMove=14
ITERATION 84 newScore=-2.61562e+06 diffscore=45.9514 priorChange=-24.9533 successMove=14
ITERATION 85 newScore=-2.61558e+06 diffscore=43.1188 priorChange=-22.1807 successMove=14
ITERATION 86 newScore=-2.61552e+06 diffscore=57.9888 priorChange=-34.6574 successMove=14
ITERATION 87 newScore=-2.61548e+06 diffscore=41.8489 priorChange=-19.4081 successMove=13
ITERATION 88 newScore=-2.61544e+06 diffscore=41.8617 priorChange=-20.7944 successMove=13
ITERATION 89 newScore=-2.6154e+06 diffscore=39.6407 priorChange=-12.4766 successMove=11
ITERATION 90 newScore=-2.61536e+06 diffscore=38.1543 priorChange=-12.4766 successMove=11
ITERATION 91 newScore=-2.61531e+06 diffscore=51.4819 priorChange=-27.7259 successMove=11
ITERATION 92 newScore=-2.61526e+06 diffscore=49.5671 priorChange=-22.1807 successMove=9
ITERATION 93 newScore=-2.6152e+06 diffscore=59.0051 priorChange=-16.6355 successMove=9
ITERATION 94 newScore=-2.61514e+06 diffscore=62.8103 priorChange=-23.567 successMove=9
ITERATION 95 newScore=-2.61508e+06 diffscore=53.3531 priorChange=-12.4766 successMove=9
ITERATION 96 newScore=-2.61504e+06 diffscore=41.0446 priorChange=-22.1807 successMove=9
binkey=23 [Edge status: 1 1 1 0 1 0 0 0 ] P(G)=P(cluster8=1)[0.2] * P(cluster1=0|cluster2=1) * P(cluster9=0|cluster6=1) * P(cluster7=0|cluster10=0) * P(cluster10=0|cluster6=1) * P(cluster6=1|cluster2=1) * P(cluster2=1|cluster3=1) * P(cluster3=1|cluster8=1)[0.0032768]=0.00065536
ITERATION 97 newScore=-2.61502e+06 diffscore=24.169 priorChange=-12.4766 successMove=8
ITERATION 98 newScore=-2.61499e+06 diffscore=32.155 priorChange=-16.6355 successMove=7
ITERATION 99 newScore=-2.61494e+06 diffscore=48.8307 priorChange=-18.0218 successMove=7
MetaLearner::dumpAllGraphs
Final Score -2.61494e+06
MetaLearner::start runtime: 1177982882 ms
Results/
Results/cluster3/
Results/cluster3/fold0/
Results/cluster3/fold0/modelparams.txt
Results/cluster3/fold0/var_mb_pw_k50.txt
Results/cluster7/
Results/cluster7/fold0/
Results/cluster7/fold0/modelparams.txt
Results/cluster7/fold0/var_mb_pw_k50.txt
Results/cluster2/
Results/cluster2/fold0/
Results/cluster2/fold0/modelparams.txt
Results/cluster2/fold0/var_mb_pw_k50.txt
Results/cluster9/
Results/cluster9/fold0/
Results/cluster9/fold0/modelparams.txt
Results/cluster9/fold0/var_mb_pw_k50.txt
Results/cluster6/
Results/cluster6/fold0/
Results/cluster6/fold0/modelparams.txt
Results/cluster6/fold0/var_mb_pw_k50.txt
Results/cluster1/
Results/cluster1/fold0/
Results/cluster1/fold0/modelparams.txt
Results/cluster1/fold0/var_mb_pw_k50.txt
Results/cluster10/
Results/cluster10/fold0/
Results/cluster10/fold0/modelparams.txt
Results/cluster10/fold0/var_mb_pw_k50.txt
Results/cluster8/
Results/cluster8/scoreFile.txt
Results/cluster8/fold0/
Results/cluster8/fold0/modelparams.txt
Results/cluster8/fold0/var_mb_pw_k50.txt
