./CVN -f config_condor.txt -x50 -v1 -l TFs_OGs.txt -n AllGenes36.txt -d celltype_tree_ancestor.txt -m testdata_ogids.txt -s celltype_order.txt -p 0.2 -c yes -b -4 -q 4
(cluster3|cluster8) p_maintain_edge=0.8 p_gain=0.2
(cluster2|cluster3) p_maintain_edge=0.8 p_gain=0.2
(cluster1|cluster2) p_maintain_edge=0.8 p_gain=0.2
(cluster6|cluster2) p_maintain_edge=0.8 p_gain=0.2
(cluster9|cluster6) p_maintain_edge=0.8 p_gain=0.2
(cluster10|cluster6) p_maintain_edge=0.8 p_gain=0.2
(cluster7|cluster10) p_maintain_edge=0.8 p_gain=0.2
speciesSet.size()=8 Root is cluster8
MappedOrthogroupReader::readSpeciesMapping() --- celltype_order.txt
MappedOrthogroupReader::readFile - testdata_ogids.txt
MappedOrthogroupReader::generateGeneOrthoMap()
MetaLearner::init_onefold() read:config_condor.txt
MetaLearner::setinputVariableNames number of variables: 2038
readEvidenceTable:cluster8.table
PotentialManager::loadEvidenceFromTable varCount=2038 sampleCount=348
motifNetwork.size() = 319
0=cluster8 motifNetwork=cluster8_network.txt
variable size=2038
readEvidenceTable:cluster3.table
PotentialManager::loadEvidenceFromTable varCount=2038 sampleCount=95
motifNetwork.size() = 326
1=cluster3 motifNetwork=cluster3_network.txt
variable size=2038
readEvidenceTable:cluster2.table
PotentialManager::loadEvidenceFromTable varCount=2038 sampleCount=386
motifNetwork.size() = 328
2=cluster2 motifNetwork=cluster2_network.txt
variable size=2038
readEvidenceTable:cluster1.table
PotentialManager::loadEvidenceFromTable varCount=2038 sampleCount=36
motifNetwork.size() = 322
3=cluster1 motifNetwork=cluster1_network.txt
variable size=2038
readEvidenceTable:cluster6.table
PotentialManager::loadEvidenceFromTable varCount=2038 sampleCount=524
motifNetwork.size() = 320
4=cluster6 motifNetwork=cluster6_network.txt
variable size=2038
readEvidenceTable:cluster9.table
PotentialManager::loadEvidenceFromTable varCount=2038 sampleCount=184
motifNetwork.size() = 327
5=cluster9 motifNetwork=cluster9_network.txt
variable size=2038
readEvidenceTable:cluster10.table
PotentialManager::loadEvidenceFromTable varCount=2038 sampleCount=165
motifNetwork.size() = 326
6=cluster10 motifNetwork=cluster10_network.txt
variable size=2038
readEvidenceTable:cluster7.table
PotentialManager::loadEvidenceFromTable varCount=2038 sampleCount=1032
motifNetwork.size() = 320
7=cluster7 motifNetwork=cluster7_network.txt
variable size=2038
-------------------------------------------------------------
MetaLearner::start
precomputeEmptyGraphPrior
binkey=0 [Edge status: 0 0 0 0 0 0 0 0 ] P(G)=P(cluster8=0)[0.8] * P(cluster1=0|cluster2=0) * P(cluster9=0|cluster6=0) * P(cluster7=0|cluster10=0) * P(cluster10=0|cluster6=0) * P(cluster6=0|cluster2=0) * P(cluster2=0|cluster3=0) * P(cluster3=0|cluster8=0)[0.209715]=0.167772
condsetMap_Tree
0 cluster8=0 cluster3=0 cluster2=0 cluster1=0 cluster6=0 cluster9=0 cluster10=0 cluster7=1
1 cluster8=0 cluster3=0 cluster2=0 cluster1=0 cluster6=0 cluster9=1 cluster10=0 cluster7=0
2 cluster8=0 cluster3=0 cluster2=0 cluster1=0 cluster6=0 cluster9=1 cluster10=0 cluster7=1
3 cluster8=0 cluster3=0 cluster2=0 cluster1=1 cluster6=0 cluster9=0 cluster10=0 cluster7=0
4 cluster8=0 cluster3=0 cluster2=0 cluster1=1 cluster6=0 cluster9=0 cluster10=0 cluster7=1
5 cluster8=0 cluster3=0 cluster2=0 cluster1=1 cluster6=0 cluster9=1 cluster10=0 cluster7=0
6 cluster8=0 cluster3=0 cluster2=0 cluster1=1 cluster6=0 cluster9=1 cluster10=0 cluster7=1
7 cluster8=0 cluster3=0 cluster2=0 cluster1=0 cluster6=0 cluster9=0 cluster10=1 cluster7=1
8 cluster8=0 cluster3=0 cluster2=0 cluster1=0 cluster6=0 cluster9=1 cluster10=1 cluster7=1
9 cluster8=0 cluster3=0 cluster2=0 cluster1=1 cluster6=0 cluster9=0 cluster10=1 cluster7=1
10 cluster8=0 cluster3=0 cluster2=0 cluster1=1 cluster6=0 cluster9=1 cluster10=1 cluster7=1
11 cluster8=0 cluster3=0 cluster2=0 cluster1=0 cluster6=1 cluster9=1 cluster10=1 cluster7=1
12 cluster8=0 cluster3=0 cluster2=0 cluster1=1 cluster6=1 cluster9=1 cluster10=1 cluster7=1
13 cluster8=0 cluster3=0 cluster2=1 cluster1=1 cluster6=1 cluster9=1 cluster10=1 cluster7=1
14 cluster8=0 cluster3=1 cluster2=1 cluster1=1 cluster6=1 cluster9=1 cluster10=1 cluster7=1
15 cluster8=1 cluster3=1 cluster2=1 cluster1=1 cluster6=1 cluster9=1 cluster10=1 cluster7=1
16 cluster8=1 cluster3=1 cluster2=1 cluster1=1 cluster6=1 cluster9=1 cluster10=1 cluster7=0
17 cluster8=1 cluster3=1 cluster2=1 cluster1=1 cluster6=1 cluster9=0 cluster10=1 cluster7=1
18 cluster8=1 cluster3=1 cluster2=1 cluster1=1 cluster6=1 cluster9=0 cluster10=1 cluster7=0
19 cluster8=1 cluster3=1 cluster2=1 cluster1=0 cluster6=1 cluster9=1 cluster10=1 cluster7=1
20 cluster8=1 cluster3=1 cluster2=1 cluster1=0 cluster6=1 cluster9=1 cluster10=1 cluster7=0
21 cluster8=1 cluster3=1 cluster2=1 cluster1=0 cluster6=1 cluster9=0 cluster10=1 cluster7=1
22 cluster8=1 cluster3=1 cluster2=1 cluster1=0 cluster6=1 cluster9=0 cluster10=1 cluster7=0
23 cluster8=1 cluster3=1 cluster2=1 cluster1=1 cluster6=1 cluster9=1 cluster10=0 cluster7=0
24 cluster8=1 cluster3=1 cluster2=1 cluster1=1 cluster6=1 cluster9=0 cluster10=0 cluster7=0
25 cluster8=1 cluster3=1 cluster2=1 cluster1=0 cluster6=1 cluster9=1 cluster10=0 cluster7=0
26 cluster8=1 cluster3=1 cluster2=1 cluster1=0 cluster6=1 cluster9=0 cluster10=0 cluster7=0
27 cluster8=1 cluster3=1 cluster2=1 cluster1=1 cluster6=0 cluster9=0 cluster10=0 cluster7=0
28 cluster8=1 cluster3=1 cluster2=1 cluster1=0 cluster6=0 cluster9=0 cluster10=0 cluster7=0
29 cluster8=1 cluster3=1 cluster2=0 cluster1=0 cluster6=0 cluster9=0 cluster10=0 cluster7=0
30 cluster8=1 cluster3=0 cluster2=0 cluster1=0 cluster6=0 cluster9=0 cluster10=0 cluster7=0
31 cluster8=0 cluster3=0 cluster2=0 cluster1=0 cluster6=1 cluster9=0 cluster10=0 cluster7=0
32 cluster8=0 cluster3=0 cluster2=1 cluster1=0 cluster6=0 cluster9=0 cluster10=0 cluster7=0
33 cluster8=0 cluster3=0 cluster2=0 cluster1=0 cluster6=0 cluster9=0 cluster10=1 cluster7=0
34 cluster8=0 cluster3=1 cluster2=0 cluster1=0 cluster6=0 cluster9=0 cluster10=0 cluster7=0
inputRegulatorOGs.size() = 1999 inputOGList.size() = 50
binkey=128 [Edge status: 0 0 0 0 0 0 0 1 ] P(G)=P(cluster8=0)[0.8] * P(cluster1=0|cluster2=0) * P(cluster9=0|cluster6=0) * P(cluster7=1|cluster10=0) * P(cluster10=0|cluster6=0) * P(cluster6=0|cluster2=0) * P(cluster2=0|cluster3=0) * P(cluster3=0|cluster8=0)[0.0524288]=0.041943
binkey=32 [Edge status: 0 0 0 0 0 1 0 0 ] P(G)=P(cluster8=0)[0.8] * P(cluster1=0|cluster2=0) * P(cluster9=1|cluster6=0) * P(cluster7=0|cluster10=0) * P(cluster10=0|cluster6=0) * P(cluster6=0|cluster2=0) * P(cluster2=0|cluster3=0) * P(cluster3=0|cluster8=0)[0.0524288]=0.041943
binkey=16 [Edge status: 0 0 0 0 1 0 0 0 ] P(G)=P(cluster8=0)[0.8] * P(cluster1=0|cluster2=0) * P(cluster9=0|cluster6=1) * P(cluster7=0|cluster10=0) * P(cluster10=0|cluster6=1) * P(cluster6=1|cluster2=0) * P(cluster2=0|cluster3=0) * P(cluster3=0|cluster8=0)[0.0032768]=0.00262144
binkey=4 [Edge status: 0 0 1 0 0 0 0 0 ] P(G)=P(cluster8=0)[0.8] * P(cluster1=0|cluster2=1) * P(cluster9=0|cluster6=0) * P(cluster7=0|cluster10=0) * P(cluster10=0|cluster6=0) * P(cluster6=0|cluster2=1) * P(cluster2=1|cluster3=0) * P(cluster3=0|cluster8=0)[0.0032768]=0.00262144
binkey=64 [Edge status: 0 0 0 0 0 0 1 0 ] P(G)=P(cluster8=0)[0.8] * P(cluster1=0|cluster2=0) * P(cluster9=0|cluster6=0) * P(cluster7=0|cluster10=1) * P(cluster10=1|cluster6=0) * P(cluster6=0|cluster2=0) * P(cluster2=0|cluster3=0) * P(cluster3=0|cluster8=0)[0.0131072]=0.0104858
binkey=2 [Edge status: 0 1 0 0 0 0 0 0 ] P(G)=P(cluster8=0)[0.8] * P(cluster1=0|cluster2=0) * P(cluster9=0|cluster6=0) * P(cluster7=0|cluster10=0) * P(cluster10=0|cluster6=0) * P(cluster6=0|cluster2=0) * P(cluster2=0|cluster3=1) * P(cluster3=1|cluster8=0)[0.0131072]=0.0104858
binkey=1 [Edge status: 1 0 0 0 0 0 0 0 ] P(G)=P(cluster8=1)[0.2] * P(cluster1=0|cluster2=0) * P(cluster9=0|cluster6=0) * P(cluster7=0|cluster10=0) * P(cluster10=0|cluster6=0) * P(cluster6=0|cluster2=0) * P(cluster2=0|cluster3=0) * P(cluster3=0|cluster8=1)[0.0524288]=0.0104858
binkey=192 [Edge status: 0 0 0 0 0 0 1 1 ] P(G)=P(cluster8=0)[0.8] * P(cluster1=0|cluster2=0) * P(cluster9=0|cluster6=0) * P(cluster7=1|cluster10=1) * P(cluster10=1|cluster6=0) * P(cluster6=0|cluster2=0) * P(cluster2=0|cluster3=0) * P(cluster3=0|cluster8=0)[0.0524288]=0.041943
binkey=160 [Edge status: 0 0 0 0 0 1 0 1 ] P(G)=P(cluster8=0)[0.8] * P(cluster1=0|cluster2=0) * P(cluster9=1|cluster6=0) * P(cluster7=1|cluster10=0) * P(cluster10=0|cluster6=0) * P(cluster6=0|cluster2=0) * P(cluster2=0|cluster3=0) * P(cluster3=0|cluster8=0)[0.0131072]=0.0104858
binkey=3 [Edge status: 1 1 0 0 0 0 0 0 ] P(G)=P(cluster8=1)[0.2] * P(cluster1=0|cluster2=0) * P(cluster9=0|cluster6=0) * P(cluster7=0|cluster10=0) * P(cluster10=0|cluster6=0) * P(cluster6=0|cluster2=0) * P(cluster2=0|cluster3=1) * P(cluster3=1|cluster8=1)[0.0524288]=0.0104858
binkey=224 [Edge status: 0 0 0 0 0 1 1 1 ] P(G)=P(cluster8=0)[0.8] * P(cluster1=0|cluster2=0) * P(cluster9=1|cluster6=0) * P(cluster7=1|cluster10=1) * P(cluster10=1|cluster6=0) * P(cluster6=0|cluster2=0) * P(cluster2=0|cluster3=0) * P(cluster3=0|cluster8=0)[0.0131072]=0.0104858
binkey=8 [Edge status: 0 0 0 1 0 0 0 0 ] P(G)=P(cluster8=0)[0.8] * P(cluster1=1|cluster2=0) * P(cluster9=0|cluster6=0) * P(cluster7=0|cluster10=0) * P(cluster10=0|cluster6=0) * P(cluster6=0|cluster2=0) * P(cluster2=0|cluster3=0) * P(cluster3=0|cluster8=0)[0.0524288]=0.041943
binkey=40 [Edge status: 0 0 0 1 0 1 0 0 ] P(G)=P(cluster8=0)[0.8] * P(cluster1=1|cluster2=0) * P(cluster9=1|cluster6=0) * P(cluster7=0|cluster10=0) * P(cluster10=0|cluster6=0) * P(cluster6=0|cluster2=0) * P(cluster2=0|cluster3=0) * P(cluster3=0|cluster8=0)[0.0131072]=0.0104858
binkey=136 [Edge status: 0 0 0 1 0 0 0 1 ] P(G)=P(cluster8=0)[0.8] * P(cluster1=1|cluster2=0) * P(cluster9=0|cluster6=0) * P(cluster7=1|cluster10=0) * P(cluster10=0|cluster6=0) * P(cluster6=0|cluster2=0) * P(cluster2=0|cluster3=0) * P(cluster3=0|cluster8=0)[0.0131072]=0.0104858
binkey=7 [Edge status: 1 1 1 0 0 0 0 0 ] P(G)=P(cluster8=1)[0.2] * P(cluster1=0|cluster2=1) * P(cluster9=0|cluster6=0) * P(cluster7=0|cluster10=0) * P(cluster10=0|cluster6=0) * P(cluster6=0|cluster2=1) * P(cluster2=1|cluster3=1) * P(cluster3=1|cluster8=1)[0.0131072]=0.00262144
binkey=168 [Edge status: 0 0 0 1 0 1 0 1 ] P(G)=P(cluster8=0)[0.8] * P(cluster1=1|cluster2=0) * P(cluster9=1|cluster6=0) * P(cluster7=1|cluster10=0) * P(cluster10=0|cluster6=0) * P(cluster6=0|cluster2=0) * P(cluster2=0|cluster3=0) * P(cluster3=0|cluster8=0)[0.0032768]=0.00262144
binkey=200 [Edge status: 0 0 0 1 0 0 1 1 ] P(G)=P(cluster8=0)[0.8] * P(cluster1=1|cluster2=0) * P(cluster9=0|cluster6=0) * P(cluster7=1|cluster10=1) * P(cluster10=1|cluster6=0) * P(cluster6=0|cluster2=0) * P(cluster2=0|cluster3=0) * P(cluster3=0|cluster8=0)[0.0131072]=0.0104858
binkey=232 [Edge status: 0 0 0 1 0 1 1 1 ] P(G)=P(cluster8=0)[0.8] * P(cluster1=1|cluster2=0) * P(cluster9=1|cluster6=0) * P(cluster7=1|cluster10=1) * P(cluster10=1|cluster6=0) * P(cluster6=0|cluster2=0) * P(cluster2=0|cluster3=0) * P(cluster3=0|cluster8=0)[0.0032768]=0.00262144
binkey=240 [Edge status: 0 0 0 0 1 1 1 1 ] P(G)=P(cluster8=0)[0.8] * P(cluster1=0|cluster2=0) * P(cluster9=1|cluster6=1) * P(cluster7=1|cluster10=1) * P(cluster10=1|cluster6=1) * P(cluster6=1|cluster2=0) * P(cluster2=0|cluster3=0) * P(cluster3=0|cluster8=0)[0.0524288]=0.041943
binkey=248 [Edge status: 0 0 0 1 1 1 1 1 ] P(G)=P(cluster8=0)[0.8] * P(cluster1=1|cluster2=0) * P(cluster9=1|cluster6=1) * P(cluster7=1|cluster10=1) * P(cluster10=1|cluster6=1) * P(cluster6=1|cluster2=0) * P(cluster2=0|cluster3=0) * P(cluster3=0|cluster8=0)[0.0131072]=0.0104858
binkey=252 [Edge status: 0 0 1 1 1 1 1 1 ] P(G)=P(cluster8=0)[0.8] * P(cluster1=1|cluster2=1) * P(cluster9=1|cluster6=1) * P(cluster7=1|cluster10=1) * P(cluster10=1|cluster6=1) * P(cluster6=1|cluster2=1) * P(cluster2=1|cluster3=0) * P(cluster3=0|cluster8=0)[0.0524288]=0.041943
binkey=247 [Edge status: 1 1 1 0 1 1 1 1 ] P(G)=P(cluster8=1)[0.2] * P(cluster1=0|cluster2=1) * P(cluster9=1|cluster6=1) * P(cluster7=1|cluster10=1) * P(cluster10=1|cluster6=1) * P(cluster6=1|cluster2=1) * P(cluster2=1|cluster3=1) * P(cluster3=1|cluster8=1)[0.0524288]=0.0104858
binkey=119 [Edge status: 1 1 1 0 1 1 1 0 ] P(G)=P(cluster8=1)[0.2] * P(cluster1=0|cluster2=1) * P(cluster9=1|cluster6=1) * P(cluster7=0|cluster10=1) * P(cluster10=1|cluster6=1) * P(cluster6=1|cluster2=1) * P(cluster2=1|cluster3=1) * P(cluster3=1|cluster8=1)[0.0131072]=0.00262144
binkey=215 [Edge status: 1 1 1 0 1 0 1 1 ] P(G)=P(cluster8=1)[0.2] * P(cluster1=0|cluster2=1) * P(cluster9=0|cluster6=1) * P(cluster7=1|cluster10=1) * P(cluster10=1|cluster6=1) * P(cluster6=1|cluster2=1) * P(cluster2=1|cluster3=1) * P(cluster3=1|cluster8=1)[0.0131072]=0.00262144
binkey=87 [Edge status: 1 1 1 0 1 0 1 0 ] P(G)=P(cluster8=1)[0.2] * P(cluster1=0|cluster2=1) * P(cluster9=0|cluster6=1) * P(cluster7=0|cluster10=1) * P(cluster10=1|cluster6=1) * P(cluster6=1|cluster2=1) * P(cluster2=1|cluster3=1) * P(cluster3=1|cluster8=1)[0.0032768]=0.00065536
binkey=55 [Edge status: 1 1 1 0 1 1 0 0 ] P(G)=P(cluster8=1)[0.2] * P(cluster1=0|cluster2=1) * P(cluster9=1|cluster6=1) * P(cluster7=0|cluster10=0) * P(cluster10=0|cluster6=1) * P(cluster6=1|cluster2=1) * P(cluster2=1|cluster3=1) * P(cluster3=1|cluster8=1)[0.0131072]=0.00262144
binkey=23 [Edge status: 1 1 1 0 1 0 0 0 ] P(G)=P(cluster8=1)[0.2] * P(cluster1=0|cluster2=1) * P(cluster9=0|cluster6=1) * P(cluster7=0|cluster10=0) * P(cluster10=0|cluster6=1) * P(cluster6=1|cluster2=1) * P(cluster2=1|cluster3=1) * P(cluster3=1|cluster8=1)[0.0032768]=0.00065536
binkey=223 [Edge status: 1 1 1 1 1 0 1 1 ] P(G)=P(cluster8=1)[0.2] * P(cluster1=1|cluster2=1) * P(cluster9=0|cluster6=1) * P(cluster7=1|cluster10=1) * P(cluster10=1|cluster6=1) * P(cluster6=1|cluster2=1) * P(cluster2=1|cluster3=1) * P(cluster3=1|cluster8=1)[0.0524288]=0.0104858
binkey=95 [Edge status: 1 1 1 1 1 0 1 0 ] P(G)=P(cluster8=1)[0.2] * P(cluster1=1|cluster2=1) * P(cluster9=0|cluster6=1) * P(cluster7=0|cluster10=1) * P(cluster10=1|cluster6=1) * P(cluster6=1|cluster2=1) * P(cluster2=1|cluster3=1) * P(cluster3=1|cluster8=1)[0.0131072]=0.00262144
binkey=31 [Edge status: 1 1 1 1 1 0 0 0 ] P(G)=P(cluster8=1)[0.2] * P(cluster1=1|cluster2=1) * P(cluster9=0|cluster6=1) * P(cluster7=0|cluster10=0) * P(cluster10=0|cluster6=1) * P(cluster6=1|cluster2=1) * P(cluster2=1|cluster3=1) * P(cluster3=1|cluster8=1)[0.0131072]=0.00262144
binkey=15 [Edge status: 1 1 1 1 0 0 0 0 ] P(G)=P(cluster8=1)[0.2] * P(cluster1=1|cluster2=1) * P(cluster9=0|cluster6=0) * P(cluster7=0|cluster10=0) * P(cluster10=0|cluster6=0) * P(cluster6=0|cluster2=1) * P(cluster2=1|cluster3=1) * P(cluster3=1|cluster8=1)[0.0524288]=0.0104858
binkey=63 [Edge status: 1 1 1 1 1 1 0 0 ] P(G)=P(cluster8=1)[0.2] * P(cluster1=1|cluster2=1) * P(cluster9=1|cluster6=1) * P(cluster7=0|cluster10=0) * P(cluster10=0|cluster6=1) * P(cluster6=1|cluster2=1) * P(cluster2=1|cluster3=1) * P(cluster3=1|cluster8=1)[0.0524288]=0.0104858
ITERATION 0 newScore=-2.74194e+06 diffscore=20157.1 priorChange=-109.517 successMove=66
ITERATION 1 newScore=-2.73806e+06 diffscore=3881.36 priorChange=-109.517 successMove=59
ITERATION 2 newScore=-2.72926e+06 diffscore=8799.98 priorChange=-120.608 successMove=52
ITERATION 3 newScore=-2.72712e+06 diffscore=2139.33 priorChange=-101.199 successMove=52
ITERATION 4 newScore=-2.72026e+06 diffscore=6858.92 priorChange=-115.062 successMove=56
ITERATION 5 newScore=-2.71565e+06 diffscore=4607.6 priorChange=-110.904 successMove=57
ITERATION 6 newScore=-2.71021e+06 diffscore=5437.91 priorChange=-106.745 successMove=53
ITERATION 7 newScore=-2.70538e+06 diffscore=4829.22 priorChange=-112.29 successMove=53
ITERATION 8 newScore=-2.7034e+06 diffscore=1989.7 priorChange=-109.517 successMove=51
ITERATION 9 newScore=-2.69978e+06 diffscore=3616.63 priorChange=-106.745 successMove=52
ITERATION 10 newScore=-2.69626e+06 diffscore=3515.43 priorChange=-108.131 successMove=54
ITERATION 11 newScore=-2.69362e+06 diffscore=2647.79 priorChange=-113.676 successMove=56
ITERATION 12 newScore=-2.68829e+06 diffscore=5323.82 priorChange=-109.517 successMove=50
ITERATION 13 newScore=-2.6852e+06 diffscore=3094.78 priorChange=-106.745 successMove=53
ITERATION 14 newScore=-2.68438e+06 diffscore=819.199 priorChange=-109.517 successMove=50
ITERATION 15 newScore=-2.68223e+06 diffscore=2145.6 priorChange=-113.676 successMove=50
ITERATION 16 newScore=-2.67984e+06 diffscore=2396.47 priorChange=-108.131 successMove=51
ITERATION 17 newScore=-2.67785e+06 diffscore=1984.2 priorChange=-117.835 successMove=53
ITERATION 18 newScore=-2.67724e+06 diffscore=607.053 priorChange=-105.358 successMove=51
ITERATION 19 newScore=-2.67612e+06 diffscore=1128.07 priorChange=-108.131 successMove=53
ITERATION 20 newScore=-2.67395e+06 diffscore=2166.64 priorChange=-112.29 successMove=51
ITERATION 21 newScore=-2.67027e+06 diffscore=3683.47 priorChange=-94.268 successMove=54
ITERATION 22 newScore=-2.66778e+06 diffscore=2482.56 priorChange=-119.221 successMove=52
ITERATION 23 newScore=-2.66458e+06 diffscore=3202.48 priorChange=-124.766 successMove=54
ITERATION 24 newScore=-2.66138e+06 diffscore=3205.76 priorChange=-117.835 successMove=50
ITERATION 25 newScore=-2.65859e+06 diffscore=2785.81 priorChange=-95.6543 successMove=50
ITERATION 26 newScore=-2.65607e+06 diffscore=2519.19 priorChange=-115.062 successMove=50
ITERATION 27 newScore=-2.65496e+06 diffscore=1105.43 priorChange=-103.972 successMove=49
ITERATION 28 newScore=-2.65456e+06 diffscore=404.447 priorChange=-109.517 successMove=49
ITERATION 29 newScore=-2.65283e+06 diffscore=1726.77 priorChange=-108.131 successMove=52
ITERATION 30 newScore=-2.64956e+06 diffscore=3271.71 priorChange=-106.745 successMove=49
ITERATION 31 newScore=-2.649e+06 diffscore=561.139 priorChange=-116.449 successMove=48
ITERATION 32 newScore=-2.64655e+06 diffscore=2450.49 priorChange=-108.131 successMove=48
ITERATION 33 newScore=-2.6462e+06 diffscore=353.217 priorChange=-103.972 successMove=49
ITERATION 34 newScore=-2.64462e+06 diffscore=1579.5 priorChange=-95.6543 successMove=50
ITERATION 35 newScore=-2.64428e+06 diffscore=337.18 priorChange=-106.745 successMove=49
ITERATION 36 newScore=-2.64393e+06 diffscore=351.804 priorChange=-116.449 successMove=52
ITERATION 37 newScore=-2.64254e+06 diffscore=1387.13 priorChange=-99.8132 successMove=49
ITERATION 38 newScore=-2.64215e+06 diffscore=389.385 priorChange=-97.0406 successMove=49
ITERATION 39 newScore=-2.64103e+06 diffscore=1125.73 priorChange=-99.8132 successMove=50
ITERATION 40 newScore=-2.64072e+06 diffscore=303.444 priorChange=-108.131 successMove=49
ITERATION 41 newScore=-2.64041e+06 diffscore=316.041 priorChange=-88.7228 successMove=48
ITERATION 42 newScore=-2.63944e+06 diffscore=961.841 priorChange=-113.676 successMove=49
ITERATION 43 newScore=-2.63916e+06 diffscore=288.24 priorChange=-108.131 successMove=49
ITERATION 44 newScore=-2.63855e+06 diffscore=605.386 priorChange=-98.4269 successMove=49
ITERATION 45 newScore=-2.63815e+06 diffscore=403.383 priorChange=-87.3365 successMove=50
ITERATION 46 newScore=-2.6379e+06 diffscore=245.599 priorChange=-103.972 successMove=51
ITERATION 47 newScore=-2.63765e+06 diffscore=249.346 priorChange=-92.8817 successMove=46
ITERATION 48 newScore=-2.63738e+06 diffscore=272.604 priorChange=-97.0406 successMove=44
ITERATION 49 newScore=-2.63709e+06 diffscore=288.234 priorChange=-106.745 successMove=44
ITERATION 50 newScore=-2.63583e+06 diffscore=1259.42 priorChange=-83.1777 successMove=44
ITERATION 51 newScore=-2.63437e+06 diffscore=1460.67 priorChange=-79.0188 successMove=41
ITERATION 52 newScore=-2.63414e+06 diffscore=234.227 priorChange=-70.701 successMove=40
ITERATION 53 newScore=-2.63388e+06 diffscore=261.682 priorChange=-69.3147 successMove=40
ITERATION 54 newScore=-2.63359e+06 diffscore=287.582 priorChange=-67.9284 successMove=40
ITERATION 55 newScore=-2.63324e+06 diffscore=351.081 priorChange=-77.6325 successMove=39
ITERATION 56 newScore=-2.63163e+06 diffscore=1612.06 priorChange=-85.9503 successMove=39
ITERATION 57 newScore=-2.63114e+06 diffscore=483.018 priorChange=-80.4051 successMove=39
ITERATION 58 newScore=-2.62954e+06 diffscore=1604.06 priorChange=-73.4736 successMove=40
ITERATION 59 newScore=-2.62931e+06 diffscore=231.261 priorChange=-72.0873 successMove=38
ITERATION 60 newScore=-2.62898e+06 diffscore=322.167 priorChange=-54.0655 successMove=38
ITERATION 61 newScore=-2.62871e+06 diffscore=276.863 priorChange=-69.3147 successMove=36
ITERATION 62 newScore=-2.62825e+06 diffscore=462.374 priorChange=-73.4736 successMove=35
ITERATION 63 newScore=-2.62723e+06 diffscore=1018.33 priorChange=-77.6325 successMove=34
ITERATION 64 newScore=-2.62608e+06 diffscore=1148.87 priorChange=-79.0188 successMove=34
ITERATION 65 newScore=-2.62577e+06 diffscore=305.674 priorChange=-73.4736 successMove=36
ITERATION 66 newScore=-2.62395e+06 diffscore=1824.33 priorChange=-60.997 successMove=34
ITERATION 67 newScore=-2.62344e+06 diffscore=506.811 priorChange=-55.4518 successMove=31
ITERATION 68 newScore=-2.62327e+06 diffscore=172.69 priorChange=-56.8381 successMove=30
ITERATION 69 newScore=-2.6231e+06 diffscore=170.485 priorChange=-49.9066 successMove=29
ITERATION 70 newScore=-2.62292e+06 diffscore=179.254 priorChange=-54.0655 successMove=27
ITERATION 71 newScore=-2.62169e+06 diffscore=1232.82 priorChange=-48.5203 successMove=27
ITERATION 72 newScore=-2.62149e+06 diffscore=192.94 priorChange=-58.2244 successMove=28
ITERATION 73 newScore=-2.62124e+06 diffscore=257.566 priorChange=-48.5203 successMove=27
ITERATION 74 newScore=-2.62085e+06 diffscore=383.448 priorChange=-49.9066 successMove=28
ITERATION 75 newScore=-2.6199e+06 diffscore=954.329 priorChange=-55.4518 successMove=26
ITERATION 76 newScore=-2.61965e+06 diffscore=249.738 priorChange=-41.5888 successMove=26
ITERATION 77 newScore=-2.61905e+06 diffscore=594.347 priorChange=-51.2929 successMove=25
ITERATION 78 newScore=-2.61568e+06 diffscore=3374.33 priorChange=-41.5888 successMove=25
ITERATION 79 newScore=-2.61533e+06 diffscore=345.277 priorChange=-33.2711 successMove=23
ITERATION 80 newScore=-2.61519e+06 diffscore=145.715 priorChange=-42.9751 successMove=22
ITERATION 81 newScore=-2.61374e+06 diffscore=1445.14 priorChange=-47.134 successMove=21
ITERATION 82 newScore=-2.61365e+06 diffscore=90.2302 priorChange=-52.6792 successMove=21
ITERATION 83 newScore=-2.61357e+06 diffscore=81.8726 priorChange=-42.9751 successMove=20
ITERATION 84 newScore=-2.61349e+06 diffscore=84.7782 priorChange=-37.4299 successMove=19
ITERATION 85 newScore=-2.61331e+06 diffscore=180.666 priorChange=-33.2711 successMove=19
ITERATION 86 newScore=-2.61323e+06 diffscore=75.9896 priorChange=-34.6574 successMove=19
ITERATION 87 newScore=-2.61316e+06 diffscore=73.0506 priorChange=-37.4299 successMove=21
ITERATION 88 newScore=-2.61308e+06 diffscore=78.394 priorChange=-34.6574 successMove=18
ITERATION 89 newScore=-2.613e+06 diffscore=79.5922 priorChange=-31.8848 successMove=17
ITERATION 90 newScore=-2.61185e+06 diffscore=1146.3 priorChange=-33.2711 successMove=16
ITERATION 91 newScore=-2.61179e+06 diffscore=65.683 priorChange=-19.4081 successMove=13
ITERATION 92 newScore=-2.61171e+06 diffscore=76.3094 priorChange=-13.8629 successMove=12
ITERATION 93 newScore=-2.61159e+06 diffscore=121.226 priorChange=-19.4081 successMove=12
ITERATION 94 newScore=-2.61153e+06 diffscore=64.2569 priorChange=-19.4081 successMove=11
ITERATION 95 newScore=-2.61141e+06 diffscore=111.033 priorChange=-19.4081 successMove=11
ITERATION 96 newScore=-2.6113e+06 diffscore=109.82 priorChange=-18.0218 successMove=10
ITERATION 97 newScore=-2.6111e+06 diffscore=202.045 priorChange=-18.0218 successMove=10
ITERATION 98 newScore=-2.61092e+06 diffscore=184.567 priorChange=-19.4081 successMove=10
ITERATION 99 newScore=-2.61079e+06 diffscore=132.612 priorChange=-9.70406 successMove=10
MetaLearner::dumpAllGraphs
Final Score -2.61079e+06
MetaLearner::start runtime: 1304011730 ms
Results/
Results/cluster3/
Results/cluster3/fold0/
Results/cluster3/fold0/modelparams.txt
Results/cluster3/fold0/var_mb_pw_k50.txt
Results/cluster7/
Results/cluster7/fold0/
Results/cluster7/fold0/modelparams.txt
Results/cluster7/fold0/var_mb_pw_k50.txt
Results/cluster2/
Results/cluster2/fold0/
Results/cluster2/fold0/modelparams.txt
Results/cluster2/fold0/var_mb_pw_k50.txt
Results/cluster9/
Results/cluster9/fold0/
Results/cluster9/fold0/modelparams.txt
Results/cluster9/fold0/var_mb_pw_k50.txt
Results/cluster6/
Results/cluster6/fold0/
Results/cluster6/fold0/modelparams.txt
Results/cluster6/fold0/var_mb_pw_k50.txt
Results/cluster1/
Results/cluster1/fold0/
Results/cluster1/fold0/modelparams.txt
Results/cluster1/fold0/var_mb_pw_k50.txt
Results/cluster10/
Results/cluster10/fold0/
Results/cluster10/fold0/modelparams.txt
Results/cluster10/fold0/var_mb_pw_k50.txt
Results/cluster8/
Results/cluster8/scoreFile.txt
Results/cluster8/fold0/
Results/cluster8/fold0/modelparams.txt
Results/cluster8/fold0/var_mb_pw_k50.txt
