000 (49777.1226.000) 10/11 10:48:11 Job submitted from host: <144.92.142.142:9618?addrs=144.92.142.142-9618&noUDP&sock=44923_051a_3>
...
001 (49777.1226.000) 10/11 16:06:55 Job executing on host: <128.105.68.16:9618?addrs=128.105.68.16-9618&alias=coba2000.chtc.wisc.edu&noUDP&sock=startd_7305_336c>
...
006 (49777.1226.000) 10/11 16:07:03 Image size of job updated: 156512
	103  -  MemoryUsage of job (MB)
	105264  -  ResidentSetSize of job (KB)
...
006 (49777.1226.000) 10/11 16:12:03 Image size of job updated: 785284
	726  -  MemoryUsage of job (MB)
	743212  -  ResidentSetSize of job (KB)
...
006 (49777.1226.000) 10/11 16:17:04 Image size of job updated: 1097336
	1022  -  MemoryUsage of job (MB)
	1046392  -  ResidentSetSize of job (KB)
...
006 (49777.1226.000) 10/11 16:22:05 Image size of job updated: 1388484
	1308  -  MemoryUsage of job (MB)
	1339244  -  ResidentSetSize of job (KB)
...
006 (49777.1226.000) 10/11 16:27:05 Image size of job updated: 1730972
	1646  -  MemoryUsage of job (MB)
	1685300  -  ResidentSetSize of job (KB)
...
006 (49777.1226.000) 10/11 16:30:10 Image size of job updated: 1945820
	1646  -  MemoryUsage of job (MB)
	1685300  -  ResidentSetSize of job (KB)
...
005 (49777.1226.000) 10/11 16:30:10 Job terminated.
	(1) Normal termination (return value 0)
		Usr 0 00:23:03, Sys 0 00:00:06  -  Run Remote Usage
		Usr 0 00:00:00, Sys 0 00:00:00  -  Run Local Usage
		Usr 0 00:23:03, Sys 0 00:00:06  -  Total Remote Usage
		Usr 0 00:00:00, Sys 0 00:00:00  -  Total Local Usage
	171337  -  Run Bytes Sent By Job
	316719136  -  Run Bytes Received By Job
	171337  -  Total Bytes Sent By Job
	316719136  -  Total Bytes Received By Job
	Partitionable Resources :     Usage  Request Allocated 
	   Cpus                 :      0.99        1         1 
	   Disk (KB)            : 325000      819200  44742796 
	   Gpus                 :                            0 
	   Ioheavy              :                            0 
	   Memory (MB)          :   1646       20480     21341 
...
