./CVN -f config_condor.txt -x50 -v1 -l TFs_OGs.txt -n AllGenes167.txt -d celltype_tree_ancestor.txt -m testdata_ogids.txt -s celltype_order.txt -p 0.2 -c yes -b -4 -q 4
(cluster3|cluster8) p_maintain_edge=0.8 p_gain=0.2
(cluster2|cluster3) p_maintain_edge=0.8 p_gain=0.2
(cluster1|cluster2) p_maintain_edge=0.8 p_gain=0.2
(cluster6|cluster2) p_maintain_edge=0.8 p_gain=0.2
(cluster9|cluster6) p_maintain_edge=0.8 p_gain=0.2
(cluster10|cluster6) p_maintain_edge=0.8 p_gain=0.2
(cluster7|cluster10) p_maintain_edge=0.8 p_gain=0.2
speciesSet.size()=8 Root is cluster8
MappedOrthogroupReader::readSpeciesMapping() --- celltype_order.txt
MappedOrthogroupReader::readFile - testdata_ogids.txt
MappedOrthogroupReader::generateGeneOrthoMap()
MetaLearner::init_onefold() read:config_condor.txt
MetaLearner::setinputVariableNames number of variables: 2041
readEvidenceTable:cluster8.table
PotentialManager::loadEvidenceFromTable varCount=2041 sampleCount=348
motifNetwork.size() = 319
0=cluster8 motifNetwork=cluster8_network.txt
variable size=2041
readEvidenceTable:cluster3.table
PotentialManager::loadEvidenceFromTable varCount=2041 sampleCount=95
motifNetwork.size() = 326
1=cluster3 motifNetwork=cluster3_network.txt
variable size=2041
readEvidenceTable:cluster2.table
PotentialManager::loadEvidenceFromTable varCount=2041 sampleCount=386
motifNetwork.size() = 328
2=cluster2 motifNetwork=cluster2_network.txt
variable size=2041
readEvidenceTable:cluster1.table
PotentialManager::loadEvidenceFromTable varCount=2041 sampleCount=36
motifNetwork.size() = 322
3=cluster1 motifNetwork=cluster1_network.txt
variable size=2041
readEvidenceTable:cluster6.table
PotentialManager::loadEvidenceFromTable varCount=2041 sampleCount=524
motifNetwork.size() = 320
4=cluster6 motifNetwork=cluster6_network.txt
variable size=2041
readEvidenceTable:cluster9.table
PotentialManager::loadEvidenceFromTable varCount=2041 sampleCount=184
motifNetwork.size() = 327
5=cluster9 motifNetwork=cluster9_network.txt
variable size=2041
readEvidenceTable:cluster10.table
PotentialManager::loadEvidenceFromTable varCount=2041 sampleCount=165
motifNetwork.size() = 326
6=cluster10 motifNetwork=cluster10_network.txt
variable size=2041
readEvidenceTable:cluster7.table
PotentialManager::loadEvidenceFromTable varCount=2041 sampleCount=1032
motifNetwork.size() = 320
7=cluster7 motifNetwork=cluster7_network.txt
variable size=2041
-------------------------------------------------------------
MetaLearner::start
precomputeEmptyGraphPrior
binkey=0 [Edge status: 0 0 0 0 0 0 0 0 ] P(G)=P(cluster8=0)[0.8] * P(cluster1=0|cluster2=0) * P(cluster9=0|cluster6=0) * P(cluster7=0|cluster10=0) * P(cluster10=0|cluster6=0) * P(cluster6=0|cluster2=0) * P(cluster2=0|cluster3=0) * P(cluster3=0|cluster8=0)[0.209715]=0.167772
condsetMap_Tree
0 cluster8=0 cluster3=0 cluster2=0 cluster1=0 cluster6=0 cluster9=0 cluster10=0 cluster7=1
1 cluster8=0 cluster3=0 cluster2=0 cluster1=0 cluster6=0 cluster9=1 cluster10=0 cluster7=0
2 cluster8=0 cluster3=0 cluster2=0 cluster1=0 cluster6=0 cluster9=1 cluster10=0 cluster7=1
3 cluster8=0 cluster3=0 cluster2=0 cluster1=1 cluster6=0 cluster9=0 cluster10=0 cluster7=0
4 cluster8=0 cluster3=0 cluster2=0 cluster1=1 cluster6=0 cluster9=0 cluster10=0 cluster7=1
5 cluster8=0 cluster3=0 cluster2=0 cluster1=1 cluster6=0 cluster9=1 cluster10=0 cluster7=0
6 cluster8=0 cluster3=0 cluster2=0 cluster1=1 cluster6=0 cluster9=1 cluster10=0 cluster7=1
7 cluster8=0 cluster3=0 cluster2=0 cluster1=0 cluster6=0 cluster9=0 cluster10=1 cluster7=1
8 cluster8=0 cluster3=0 cluster2=0 cluster1=0 cluster6=0 cluster9=1 cluster10=1 cluster7=1
9 cluster8=0 cluster3=0 cluster2=0 cluster1=1 cluster6=0 cluster9=0 cluster10=1 cluster7=1
10 cluster8=0 cluster3=0 cluster2=0 cluster1=1 cluster6=0 cluster9=1 cluster10=1 cluster7=1
11 cluster8=0 cluster3=0 cluster2=0 cluster1=0 cluster6=1 cluster9=1 cluster10=1 cluster7=1
12 cluster8=0 cluster3=0 cluster2=0 cluster1=1 cluster6=1 cluster9=1 cluster10=1 cluster7=1
13 cluster8=0 cluster3=0 cluster2=1 cluster1=1 cluster6=1 cluster9=1 cluster10=1 cluster7=1
14 cluster8=0 cluster3=1 cluster2=1 cluster1=1 cluster6=1 cluster9=1 cluster10=1 cluster7=1
15 cluster8=1 cluster3=1 cluster2=1 cluster1=1 cluster6=1 cluster9=1 cluster10=1 cluster7=1
16 cluster8=1 cluster3=1 cluster2=1 cluster1=1 cluster6=1 cluster9=1 cluster10=1 cluster7=0
17 cluster8=1 cluster3=1 cluster2=1 cluster1=1 cluster6=1 cluster9=0 cluster10=1 cluster7=1
18 cluster8=1 cluster3=1 cluster2=1 cluster1=1 cluster6=1 cluster9=0 cluster10=1 cluster7=0
19 cluster8=1 cluster3=1 cluster2=1 cluster1=0 cluster6=1 cluster9=1 cluster10=1 cluster7=1
20 cluster8=1 cluster3=1 cluster2=1 cluster1=0 cluster6=1 cluster9=1 cluster10=1 cluster7=0
21 cluster8=1 cluster3=1 cluster2=1 cluster1=0 cluster6=1 cluster9=0 cluster10=1 cluster7=1
22 cluster8=1 cluster3=1 cluster2=1 cluster1=0 cluster6=1 cluster9=0 cluster10=1 cluster7=0
23 cluster8=1 cluster3=1 cluster2=1 cluster1=1 cluster6=1 cluster9=1 cluster10=0 cluster7=0
24 cluster8=1 cluster3=1 cluster2=1 cluster1=1 cluster6=1 cluster9=0 cluster10=0 cluster7=0
25 cluster8=1 cluster3=1 cluster2=1 cluster1=0 cluster6=1 cluster9=1 cluster10=0 cluster7=0
26 cluster8=1 cluster3=1 cluster2=1 cluster1=0 cluster6=1 cluster9=0 cluster10=0 cluster7=0
27 cluster8=1 cluster3=1 cluster2=1 cluster1=1 cluster6=0 cluster9=0 cluster10=0 cluster7=0
28 cluster8=1 cluster3=1 cluster2=1 cluster1=0 cluster6=0 cluster9=0 cluster10=0 cluster7=0
29 cluster8=1 cluster3=1 cluster2=0 cluster1=0 cluster6=0 cluster9=0 cluster10=0 cluster7=0
30 cluster8=1 cluster3=0 cluster2=0 cluster1=0 cluster6=0 cluster9=0 cluster10=0 cluster7=0
31 cluster8=0 cluster3=0 cluster2=0 cluster1=0 cluster6=1 cluster9=0 cluster10=0 cluster7=0
32 cluster8=0 cluster3=0 cluster2=1 cluster1=0 cluster6=0 cluster9=0 cluster10=0 cluster7=0
33 cluster8=0 cluster3=0 cluster2=0 cluster1=0 cluster6=0 cluster9=0 cluster10=1 cluster7=0
34 cluster8=0 cluster3=1 cluster2=0 cluster1=0 cluster6=0 cluster9=0 cluster10=0 cluster7=0
inputRegulatorOGs.size() = 1999 inputOGList.size() = 50
binkey=128 [Edge status: 0 0 0 0 0 0 0 1 ] P(G)=P(cluster8=0)[0.8] * P(cluster1=0|cluster2=0) * P(cluster9=0|cluster6=0) * P(cluster7=1|cluster10=0) * P(cluster10=0|cluster6=0) * P(cluster6=0|cluster2=0) * P(cluster2=0|cluster3=0) * P(cluster3=0|cluster8=0)[0.0524288]=0.041943
binkey=32 [Edge status: 0 0 0 0 0 1 0 0 ] P(G)=P(cluster8=0)[0.8] * P(cluster1=0|cluster2=0) * P(cluster9=1|cluster6=0) * P(cluster7=0|cluster10=0) * P(cluster10=0|cluster6=0) * P(cluster6=0|cluster2=0) * P(cluster2=0|cluster3=0) * P(cluster3=0|cluster8=0)[0.0524288]=0.041943
binkey=2 [Edge status: 0 1 0 0 0 0 0 0 ] P(G)=P(cluster8=0)[0.8] * P(cluster1=0|cluster2=0) * P(cluster9=0|cluster6=0) * P(cluster7=0|cluster10=0) * P(cluster10=0|cluster6=0) * P(cluster6=0|cluster2=0) * P(cluster2=0|cluster3=1) * P(cluster3=1|cluster8=0)[0.0131072]=0.0104858
binkey=1 [Edge status: 1 0 0 0 0 0 0 0 ] P(G)=P(cluster8=1)[0.2] * P(cluster1=0|cluster2=0) * P(cluster9=0|cluster6=0) * P(cluster7=0|cluster10=0) * P(cluster10=0|cluster6=0) * P(cluster6=0|cluster2=0) * P(cluster2=0|cluster3=0) * P(cluster3=0|cluster8=1)[0.0524288]=0.0104858
binkey=4 [Edge status: 0 0 1 0 0 0 0 0 ] P(G)=P(cluster8=0)[0.8] * P(cluster1=0|cluster2=1) * P(cluster9=0|cluster6=0) * P(cluster7=0|cluster10=0) * P(cluster10=0|cluster6=0) * P(cluster6=0|cluster2=1) * P(cluster2=1|cluster3=0) * P(cluster3=0|cluster8=0)[0.0032768]=0.00262144
binkey=64 [Edge status: 0 0 0 0 0 0 1 0 ] P(G)=P(cluster8=0)[0.8] * P(cluster1=0|cluster2=0) * P(cluster9=0|cluster6=0) * P(cluster7=0|cluster10=1) * P(cluster10=1|cluster6=0) * P(cluster6=0|cluster2=0) * P(cluster2=0|cluster3=0) * P(cluster3=0|cluster8=0)[0.0131072]=0.0104858
binkey=16 [Edge status: 0 0 0 0 1 0 0 0 ] P(G)=P(cluster8=0)[0.8] * P(cluster1=0|cluster2=0) * P(cluster9=0|cluster6=1) * P(cluster7=0|cluster10=0) * P(cluster10=0|cluster6=1) * P(cluster6=1|cluster2=0) * P(cluster2=0|cluster3=0) * P(cluster3=0|cluster8=0)[0.0032768]=0.00262144
binkey=3 [Edge status: 1 1 0 0 0 0 0 0 ] P(G)=P(cluster8=1)[0.2] * P(cluster1=0|cluster2=0) * P(cluster9=0|cluster6=0) * P(cluster7=0|cluster10=0) * P(cluster10=0|cluster6=0) * P(cluster6=0|cluster2=0) * P(cluster2=0|cluster3=1) * P(cluster3=1|cluster8=1)[0.0524288]=0.0104858
binkey=160 [Edge status: 0 0 0 0 0 1 0 1 ] P(G)=P(cluster8=0)[0.8] * P(cluster1=0|cluster2=0) * P(cluster9=1|cluster6=0) * P(cluster7=1|cluster10=0) * P(cluster10=0|cluster6=0) * P(cluster6=0|cluster2=0) * P(cluster2=0|cluster3=0) * P(cluster3=0|cluster8=0)[0.0131072]=0.0104858
binkey=192 [Edge status: 0 0 0 0 0 0 1 1 ] P(G)=P(cluster8=0)[0.8] * P(cluster1=0|cluster2=0) * P(cluster9=0|cluster6=0) * P(cluster7=1|cluster10=1) * P(cluster10=1|cluster6=0) * P(cluster6=0|cluster2=0) * P(cluster2=0|cluster3=0) * P(cluster3=0|cluster8=0)[0.0524288]=0.041943
binkey=224 [Edge status: 0 0 0 0 0 1 1 1 ] P(G)=P(cluster8=0)[0.8] * P(cluster1=0|cluster2=0) * P(cluster9=1|cluster6=0) * P(cluster7=1|cluster10=1) * P(cluster10=1|cluster6=0) * P(cluster6=0|cluster2=0) * P(cluster2=0|cluster3=0) * P(cluster3=0|cluster8=0)[0.0131072]=0.0104858
binkey=240 [Edge status: 0 0 0 0 1 1 1 1 ] P(G)=P(cluster8=0)[0.8] * P(cluster1=0|cluster2=0) * P(cluster9=1|cluster6=1) * P(cluster7=1|cluster10=1) * P(cluster10=1|cluster6=1) * P(cluster6=1|cluster2=0) * P(cluster2=0|cluster3=0) * P(cluster3=0|cluster8=0)[0.0524288]=0.041943
binkey=8 [Edge status: 0 0 0 1 0 0 0 0 ] P(G)=P(cluster8=0)[0.8] * P(cluster1=1|cluster2=0) * P(cluster9=0|cluster6=0) * P(cluster7=0|cluster10=0) * P(cluster10=0|cluster6=0) * P(cluster6=0|cluster2=0) * P(cluster2=0|cluster3=0) * P(cluster3=0|cluster8=0)[0.0524288]=0.041943
binkey=40 [Edge status: 0 0 0 1 0 1 0 0 ] P(G)=P(cluster8=0)[0.8] * P(cluster1=1|cluster2=0) * P(cluster9=1|cluster6=0) * P(cluster7=0|cluster10=0) * P(cluster10=0|cluster6=0) * P(cluster6=0|cluster2=0) * P(cluster2=0|cluster3=0) * P(cluster3=0|cluster8=0)[0.0131072]=0.0104858
binkey=136 [Edge status: 0 0 0 1 0 0 0 1 ] P(G)=P(cluster8=0)[0.8] * P(cluster1=1|cluster2=0) * P(cluster9=0|cluster6=0) * P(cluster7=1|cluster10=0) * P(cluster10=0|cluster6=0) * P(cluster6=0|cluster2=0) * P(cluster2=0|cluster3=0) * P(cluster3=0|cluster8=0)[0.0131072]=0.0104858
binkey=200 [Edge status: 0 0 0 1 0 0 1 1 ] P(G)=P(cluster8=0)[0.8] * P(cluster1=1|cluster2=0) * P(cluster9=0|cluster6=0) * P(cluster7=1|cluster10=1) * P(cluster10=1|cluster6=0) * P(cluster6=0|cluster2=0) * P(cluster2=0|cluster3=0) * P(cluster3=0|cluster8=0)[0.0131072]=0.0104858
binkey=168 [Edge status: 0 0 0 1 0 1 0 1 ] P(G)=P(cluster8=0)[0.8] * P(cluster1=1|cluster2=0) * P(cluster9=1|cluster6=0) * P(cluster7=1|cluster10=0) * P(cluster10=0|cluster6=0) * P(cluster6=0|cluster2=0) * P(cluster2=0|cluster3=0) * P(cluster3=0|cluster8=0)[0.0032768]=0.00262144
binkey=232 [Edge status: 0 0 0 1 0 1 1 1 ] P(G)=P(cluster8=0)[0.8] * P(cluster1=1|cluster2=0) * P(cluster9=1|cluster6=0) * P(cluster7=1|cluster10=1) * P(cluster10=1|cluster6=0) * P(cluster6=0|cluster2=0) * P(cluster2=0|cluster3=0) * P(cluster3=0|cluster8=0)[0.0032768]=0.00262144
binkey=7 [Edge status: 1 1 1 0 0 0 0 0 ] P(G)=P(cluster8=1)[0.2] * P(cluster1=0|cluster2=1) * P(cluster9=0|cluster6=0) * P(cluster7=0|cluster10=0) * P(cluster10=0|cluster6=0) * P(cluster6=0|cluster2=1) * P(cluster2=1|cluster3=1) * P(cluster3=1|cluster8=1)[0.0131072]=0.00262144
binkey=23 [Edge status: 1 1 1 0 1 0 0 0 ] P(G)=P(cluster8=1)[0.2] * P(cluster1=0|cluster2=1) * P(cluster9=0|cluster6=1) * P(cluster7=0|cluster10=0) * P(cluster10=0|cluster6=1) * P(cluster6=1|cluster2=1) * P(cluster2=1|cluster3=1) * P(cluster3=1|cluster8=1)[0.0032768]=0.00065536
binkey=247 [Edge status: 1 1 1 0 1 1 1 1 ] P(G)=P(cluster8=1)[0.2] * P(cluster1=0|cluster2=1) * P(cluster9=1|cluster6=1) * P(cluster7=1|cluster10=1) * P(cluster10=1|cluster6=1) * P(cluster6=1|cluster2=1) * P(cluster2=1|cluster3=1) * P(cluster3=1|cluster8=1)[0.0524288]=0.0104858
binkey=119 [Edge status: 1 1 1 0 1 1 1 0 ] P(G)=P(cluster8=1)[0.2] * P(cluster1=0|cluster2=1) * P(cluster9=1|cluster6=1) * P(cluster7=0|cluster10=1) * P(cluster10=1|cluster6=1) * P(cluster6=1|cluster2=1) * P(cluster2=1|cluster3=1) * P(cluster3=1|cluster8=1)[0.0131072]=0.00262144
binkey=215 [Edge status: 1 1 1 0 1 0 1 1 ] P(G)=P(cluster8=1)[0.2] * P(cluster1=0|cluster2=1) * P(cluster9=0|cluster6=1) * P(cluster7=1|cluster10=1) * P(cluster10=1|cluster6=1) * P(cluster6=1|cluster2=1) * P(cluster2=1|cluster3=1) * P(cluster3=1|cluster8=1)[0.0131072]=0.00262144
binkey=87 [Edge status: 1 1 1 0 1 0 1 0 ] P(G)=P(cluster8=1)[0.2] * P(cluster1=0|cluster2=1) * P(cluster9=0|cluster6=1) * P(cluster7=0|cluster10=1) * P(cluster10=1|cluster6=1) * P(cluster6=1|cluster2=1) * P(cluster2=1|cluster3=1) * P(cluster3=1|cluster8=1)[0.0032768]=0.00065536
binkey=55 [Edge status: 1 1 1 0 1 1 0 0 ] P(G)=P(cluster8=1)[0.2] * P(cluster1=0|cluster2=1) * P(cluster9=1|cluster6=1) * P(cluster7=0|cluster10=0) * P(cluster10=0|cluster6=1) * P(cluster6=1|cluster2=1) * P(cluster2=1|cluster3=1) * P(cluster3=1|cluster8=1)[0.0131072]=0.00262144
binkey=15 [Edge status: 1 1 1 1 0 0 0 0 ] P(G)=P(cluster8=1)[0.2] * P(cluster1=1|cluster2=1) * P(cluster9=0|cluster6=0) * P(cluster7=0|cluster10=0) * P(cluster10=0|cluster6=0) * P(cluster6=0|cluster2=1) * P(cluster2=1|cluster3=1) * P(cluster3=1|cluster8=1)[0.0524288]=0.0104858
ITERATION 0 newScore=-2.7377e+06 diffscore=13705.9 priorChange=-99.8132 successMove=58
ITERATION 1 newScore=-2.73056e+06 diffscore=7136.29 priorChange=-103.972 successMove=50
ITERATION 2 newScore=-2.72173e+06 diffscore=8831.45 priorChange=-106.745 successMove=52
ITERATION 3 newScore=-2.71488e+06 diffscore=6854.8 priorChange=-110.904 successMove=53
ITERATION 4 newScore=-2.71226e+06 diffscore=2621.37 priorChange=-112.29 successMove=53
ITERATION 5 newScore=-2.70828e+06 diffscore=3976.6 priorChange=-110.904 successMove=51
ITERATION 6 newScore=-2.70567e+06 diffscore=2612.68 priorChange=-101.199 successMove=52
ITERATION 7 newScore=-2.69987e+06 diffscore=5792.94 priorChange=-106.745 successMove=50
ITERATION 8 newScore=-2.69552e+06 diffscore=4352.11 priorChange=-121.994 successMove=51
ITERATION 9 newScore=-2.69248e+06 diffscore=3035.96 priorChange=-103.972 successMove=49
ITERATION 10 newScore=-2.6878e+06 diffscore=4686.06 priorChange=-117.835 successMove=51
ITERATION 11 newScore=-2.68551e+06 diffscore=2284.85 priorChange=-121.994 successMove=51
ITERATION 12 newScore=-2.68451e+06 diffscore=1008.79 priorChange=-117.835 successMove=51
ITERATION 13 newScore=-2.67691e+06 diffscore=7596.44 priorChange=-116.449 successMove=52
ITERATION 14 newScore=-2.67101e+06 diffscore=5900.91 priorChange=-121.994 successMove=55
ITERATION 15 newScore=-2.67033e+06 diffscore=680.332 priorChange=-121.994 successMove=49
ITERATION 16 newScore=-2.66964e+06 diffscore=682.601 priorChange=-120.608 successMove=50
ITERATION 17 newScore=-2.6678e+06 diffscore=1843.42 priorChange=-99.8132 successMove=51
ITERATION 18 newScore=-2.66627e+06 diffscore=1532.48 priorChange=-106.745 successMove=49
ITERATION 19 newScore=-2.66381e+06 diffscore=2458.41 priorChange=-115.062 successMove=48
ITERATION 20 newScore=-2.66169e+06 diffscore=2116.55 priorChange=-116.449 successMove=48
ITERATION 21 newScore=-2.66046e+06 diffscore=1234.53 priorChange=-110.904 successMove=47
ITERATION 22 newScore=-2.65988e+06 diffscore=576.953 priorChange=-106.745 successMove=47
ITERATION 23 newScore=-2.65941e+06 diffscore=471.012 priorChange=-88.7228 successMove=46
ITERATION 24 newScore=-2.6589e+06 diffscore=515.118 priorChange=-102.586 successMove=46
ITERATION 25 newScore=-2.6584e+06 diffscore=493.024 priorChange=-101.199 successMove=46
ITERATION 26 newScore=-2.65659e+06 diffscore=1810.27 priorChange=-90.1091 successMove=46
ITERATION 27 newScore=-2.65514e+06 diffscore=1452.57 priorChange=-102.586 successMove=49
ITERATION 28 newScore=-2.65341e+06 diffscore=1734.61 priorChange=-97.0406 successMove=45
binkey=31 [Edge status: 1 1 1 1 1 0 0 0 ] P(G)=P(cluster8=1)[0.2] * P(cluster1=1|cluster2=1) * P(cluster9=0|cluster6=1) * P(cluster7=0|cluster10=0) * P(cluster10=0|cluster6=1) * P(cluster6=1|cluster2=1) * P(cluster2=1|cluster3=1) * P(cluster3=1|cluster8=1)[0.0131072]=0.00262144
ITERATION 29 newScore=-2.65286e+06 diffscore=543.035 priorChange=-101.199 successMove=44
ITERATION 30 newScore=-2.65103e+06 diffscore=1834.95 priorChange=-105.358 successMove=45
ITERATION 31 newScore=-2.64967e+06 diffscore=1359.69 priorChange=-109.517 successMove=47
ITERATION 32 newScore=-2.64922e+06 diffscore=443.553 priorChange=-94.268 successMove=44
ITERATION 33 newScore=-2.64872e+06 diffscore=501.033 priorChange=-105.358 successMove=44
ITERATION 34 newScore=-2.64575e+06 diffscore=2969.11 priorChange=-91.4954 successMove=46
ITERATION 35 newScore=-2.64263e+06 diffscore=3126.43 priorChange=-83.1777 successMove=44
ITERATION 36 newScore=-2.6402e+06 diffscore=2426.48 priorChange=-95.6543 successMove=43
ITERATION 37 newScore=-2.63686e+06 diffscore=3346.47 priorChange=-87.3365 successMove=44
ITERATION 38 newScore=-2.63547e+06 diffscore=1389.65 priorChange=-95.6543 successMove=44
ITERATION 39 newScore=-2.63504e+06 diffscore=424.531 priorChange=-88.7228 successMove=43
ITERATION 40 newScore=-2.63457e+06 diffscore=475.085 priorChange=-90.1091 successMove=42
ITERATION 41 newScore=-2.63158e+06 diffscore=2982.35 priorChange=-85.9503 successMove=42
ITERATION 42 newScore=-2.63107e+06 diffscore=508.743 priorChange=-81.7914 successMove=41
ITERATION 43 newScore=-2.62944e+06 diffscore=1639.28 priorChange=-84.564 successMove=42
ITERATION 44 newScore=-2.62882e+06 diffscore=614.193 priorChange=-81.7914 successMove=41
ITERATION 45 newScore=-2.62608e+06 diffscore=2739.2 priorChange=-83.1777 successMove=42
ITERATION 46 newScore=-2.62132e+06 diffscore=4757.55 priorChange=-90.1091 successMove=41
ITERATION 47 newScore=-2.61885e+06 diffscore=2472.59 priorChange=-92.8817 successMove=41
ITERATION 48 newScore=-2.61722e+06 diffscore=1635.52 priorChange=-105.358 successMove=41
ITERATION 49 newScore=-2.61693e+06 diffscore=290.207 priorChange=-85.9503 successMove=41
ITERATION 50 newScore=-2.61659e+06 diffscore=341.081 priorChange=-70.701 successMove=42
ITERATION 51 newScore=-2.61626e+06 diffscore=320.976 priorChange=-92.8817 successMove=38
ITERATION 52 newScore=-2.61594e+06 diffscore=326.319 priorChange=-73.4736 successMove=38
ITERATION 53 newScore=-2.61499e+06 diffscore=950.591 priorChange=-84.564 successMove=38
ITERATION 54 newScore=-2.61479e+06 diffscore=193.633 priorChange=-70.701 successMove=38
ITERATION 55 newScore=-2.61346e+06 diffscore=1334.12 priorChange=-81.7914 successMove=38
ITERATION 56 newScore=-2.61328e+06 diffscore=183.818 priorChange=-70.701 successMove=37
ITERATION 57 newScore=-2.61308e+06 diffscore=191.552 priorChange=-84.564 successMove=38
ITERATION 58 newScore=-2.61288e+06 diffscore=202.863 priorChange=-80.4051 successMove=37
ITERATION 59 newScore=-2.61266e+06 diffscore=217.156 priorChange=-77.6325 successMove=36
ITERATION 60 newScore=-2.61245e+06 diffscore=210.771 priorChange=-73.4736 successMove=35
ITERATION 61 newScore=-2.6122e+06 diffscore=251.761 priorChange=-56.8381 successMove=35
ITERATION 62 newScore=-2.61187e+06 diffscore=332.935 priorChange=-63.7695 successMove=33
ITERATION 63 newScore=-2.611e+06 diffscore=872.812 priorChange=-69.3147 successMove=33
ITERATION 64 newScore=-2.6108e+06 diffscore=197.192 priorChange=-72.0873 successMove=32
ITERATION 65 newScore=-2.60985e+06 diffscore=951.68 priorChange=-55.4518 successMove=31
ITERATION 66 newScore=-2.60848e+06 diffscore=1369.66 priorChange=-76.2462 successMove=33
ITERATION 67 newScore=-2.60836e+06 diffscore=121.016 priorChange=-58.2244 successMove=30
ITERATION 68 newScore=-2.60823e+06 diffscore=121.841 priorChange=-52.6792 successMove=29
ITERATION 69 newScore=-2.60798e+06 diffscore=249.891 priorChange=-58.2244 successMove=27
ITERATION 70 newScore=-2.60658e+06 diffscore=1403.86 priorChange=-67.9284 successMove=27
ITERATION 71 newScore=-2.60642e+06 diffscore=156.513 priorChange=-51.2929 successMove=27
ITERATION 72 newScore=-2.60623e+06 diffscore=195.705 priorChange=-63.7695 successMove=27
ITERATION 73 newScore=-2.6051e+06 diffscore=1130.23 priorChange=-55.4518 successMove=26
ITERATION 74 newScore=-2.60477e+06 diffscore=326.71 priorChange=-51.2929 successMove=23
ITERATION 75 newScore=-2.60466e+06 diffscore=108.462 priorChange=-34.6574 successMove=21
ITERATION 76 newScore=-2.60455e+06 diffscore=110.671 priorChange=-38.8162 successMove=20
ITERATION 77 newScore=-2.60446e+06 diffscore=94.5455 priorChange=-49.9066 successMove=18
ITERATION 78 newScore=-2.60437e+06 diffscore=91.1664 priorChange=-27.7259 successMove=16
ITERATION 79 newScore=-2.60424e+06 diffscore=122.644 priorChange=-20.7944 successMove=15
ITERATION 80 newScore=-2.60413e+06 diffscore=116.367 priorChange=-24.9533 successMove=15
ITERATION 81 newScore=-2.60333e+06 diffscore=802.069 priorChange=-27.7259 successMove=13
ITERATION 82 newScore=-2.60322e+06 diffscore=104.39 priorChange=-24.9533 successMove=12
ITERATION 83 newScore=-2.60309e+06 diffscore=127.174 priorChange=-23.567 successMove=12
ITERATION 84 newScore=-2.60285e+06 diffscore=240.714 priorChange=-24.9533 successMove=12
ITERATION 85 newScore=-2.60181e+06 diffscore=1046.68 priorChange=-19.4081 successMove=12
ITERATION 86 newScore=-2.60177e+06 diffscore=40.2895 priorChange=-19.4081 successMove=11
ITERATION 87 newScore=-2.60172e+06 diffscore=45.022 priorChange=-20.7944 successMove=11
ITERATION 88 newScore=-2.60168e+06 diffscore=42.9029 priorChange=-20.7944 successMove=10
ITERATION 89 newScore=-2.60164e+06 diffscore=34.2845 priorChange=-18.0218 successMove=10
ITERATION 90 newScore=-2.6016e+06 diffscore=49.091 priorChange=-23.567 successMove=10
ITERATION 91 newScore=-2.60155e+06 diffscore=48.4166 priorChange=-18.0218 successMove=11
ITERATION 92 newScore=-2.60151e+06 diffscore=39.3325 priorChange=-16.6355 successMove=9
ITERATION 93 newScore=-2.60146e+06 diffscore=43.5353 priorChange=-22.1807 successMove=9
ITERATION 94 newScore=-2.6014e+06 diffscore=63.2266 priorChange=-24.9533 successMove=9
ITERATION 95 newScore=-2.60137e+06 diffscore=34.1524 priorChange=-22.1807 successMove=10
ITERATION 96 newScore=-2.60134e+06 diffscore=29.315 priorChange=-18.0218 successMove=9
ITERATION 97 newScore=-2.6013e+06 diffscore=40.1092 priorChange=-26.3396 successMove=9
ITERATION 98 newScore=-2.60127e+06 diffscore=28.0121 priorChange=-15.2492 successMove=8
ITERATION 99 newScore=-2.60124e+06 diffscore=33.5233 priorChange=-15.2492 successMove=7
MetaLearner::dumpAllGraphs
Final Score -2.60124e+06
MetaLearner::start runtime: 1788172705 ms
Results/
Results/cluster8/
Results/cluster8/fold0/
Results/cluster8/fold0/var_mb_pw_k50.txt
Results/cluster8/fold0/modelparams.txt
Results/cluster8/scoreFile.txt
Results/cluster3/
Results/cluster3/fold0/
Results/cluster3/fold0/var_mb_pw_k50.txt
Results/cluster3/fold0/modelparams.txt
Results/cluster2/
Results/cluster2/fold0/
Results/cluster2/fold0/var_mb_pw_k50.txt
Results/cluster2/fold0/modelparams.txt
Results/cluster1/
Results/cluster1/fold0/
Results/cluster1/fold0/var_mb_pw_k50.txt
Results/cluster1/fold0/modelparams.txt
Results/cluster6/
Results/cluster6/fold0/
Results/cluster6/fold0/var_mb_pw_k50.txt
Results/cluster6/fold0/modelparams.txt
Results/cluster9/
Results/cluster9/fold0/
Results/cluster9/fold0/var_mb_pw_k50.txt
Results/cluster9/fold0/modelparams.txt
Results/cluster10/
Results/cluster10/fold0/
Results/cluster10/fold0/var_mb_pw_k50.txt
Results/cluster10/fold0/modelparams.txt
Results/cluster7/
Results/cluster7/fold0/
Results/cluster7/fold0/var_mb_pw_k50.txt
Results/cluster7/fold0/modelparams.txt
