./CVN -f config_condor.txt -x50 -v1 -l TFs_OGs.txt -n AllGenes29.txt -d celltype_tree_ancestor.txt -m testdata_ogids.txt -s celltype_order.txt -p 0.2 -c yes -b -4 -q 4
(cluster3|cluster8) p_maintain_edge=0.8 p_gain=0.2
(cluster2|cluster3) p_maintain_edge=0.8 p_gain=0.2
(cluster1|cluster2) p_maintain_edge=0.8 p_gain=0.2
(cluster6|cluster2) p_maintain_edge=0.8 p_gain=0.2
(cluster9|cluster6) p_maintain_edge=0.8 p_gain=0.2
(cluster10|cluster6) p_maintain_edge=0.8 p_gain=0.2
(cluster7|cluster10) p_maintain_edge=0.8 p_gain=0.2
speciesSet.size()=8 Root is cluster8
MappedOrthogroupReader::readSpeciesMapping() --- celltype_order.txt
MappedOrthogroupReader::readFile - testdata_ogids.txt
MappedOrthogroupReader::generateGeneOrthoMap()
MetaLearner::init_onefold() read:config_condor.txt
MetaLearner::setinputVariableNames number of variables: 2042
readEvidenceTable:cluster8.table
PotentialManager::loadEvidenceFromTable varCount=2042 sampleCount=348
motifNetwork.size() = 319
0=cluster8 motifNetwork=cluster8_network.txt
variable size=2042
readEvidenceTable:cluster3.table
PotentialManager::loadEvidenceFromTable varCount=2042 sampleCount=95
motifNetwork.size() = 326
1=cluster3 motifNetwork=cluster3_network.txt
variable size=2042
readEvidenceTable:cluster2.table
PotentialManager::loadEvidenceFromTable varCount=2042 sampleCount=386
motifNetwork.size() = 328
2=cluster2 motifNetwork=cluster2_network.txt
variable size=2042
readEvidenceTable:cluster1.table
PotentialManager::loadEvidenceFromTable varCount=2042 sampleCount=36
motifNetwork.size() = 322
3=cluster1 motifNetwork=cluster1_network.txt
variable size=2042
readEvidenceTable:cluster6.table
PotentialManager::loadEvidenceFromTable varCount=2042 sampleCount=524
motifNetwork.size() = 320
4=cluster6 motifNetwork=cluster6_network.txt
variable size=2042
readEvidenceTable:cluster9.table
PotentialManager::loadEvidenceFromTable varCount=2042 sampleCount=184
motifNetwork.size() = 327
5=cluster9 motifNetwork=cluster9_network.txt
variable size=2042
readEvidenceTable:cluster10.table
PotentialManager::loadEvidenceFromTable varCount=2042 sampleCount=165
motifNetwork.size() = 326
6=cluster10 motifNetwork=cluster10_network.txt
variable size=2042
readEvidenceTable:cluster7.table
PotentialManager::loadEvidenceFromTable varCount=2042 sampleCount=1032
motifNetwork.size() = 320
7=cluster7 motifNetwork=cluster7_network.txt
variable size=2042
-------------------------------------------------------------
MetaLearner::start
precomputeEmptyGraphPrior
binkey=0 [Edge status: 0 0 0 0 0 0 0 0 ] P(G)=P(cluster8=0)[0.8] * P(cluster1=0|cluster2=0) * P(cluster9=0|cluster6=0) * P(cluster7=0|cluster10=0) * P(cluster10=0|cluster6=0) * P(cluster6=0|cluster2=0) * P(cluster2=0|cluster3=0) * P(cluster3=0|cluster8=0)[0.209715]=0.167772
condsetMap_Tree
0 cluster8=0 cluster3=0 cluster2=0 cluster1=0 cluster6=0 cluster9=0 cluster10=0 cluster7=1
1 cluster8=0 cluster3=0 cluster2=0 cluster1=0 cluster6=0 cluster9=1 cluster10=0 cluster7=0
2 cluster8=0 cluster3=0 cluster2=0 cluster1=0 cluster6=0 cluster9=1 cluster10=0 cluster7=1
3 cluster8=0 cluster3=0 cluster2=0 cluster1=1 cluster6=0 cluster9=0 cluster10=0 cluster7=0
4 cluster8=0 cluster3=0 cluster2=0 cluster1=1 cluster6=0 cluster9=0 cluster10=0 cluster7=1
5 cluster8=0 cluster3=0 cluster2=0 cluster1=1 cluster6=0 cluster9=1 cluster10=0 cluster7=0
6 cluster8=0 cluster3=0 cluster2=0 cluster1=1 cluster6=0 cluster9=1 cluster10=0 cluster7=1
7 cluster8=0 cluster3=0 cluster2=0 cluster1=0 cluster6=0 cluster9=0 cluster10=1 cluster7=1
8 cluster8=0 cluster3=0 cluster2=0 cluster1=0 cluster6=0 cluster9=1 cluster10=1 cluster7=1
9 cluster8=0 cluster3=0 cluster2=0 cluster1=1 cluster6=0 cluster9=0 cluster10=1 cluster7=1
10 cluster8=0 cluster3=0 cluster2=0 cluster1=1 cluster6=0 cluster9=1 cluster10=1 cluster7=1
11 cluster8=0 cluster3=0 cluster2=0 cluster1=0 cluster6=1 cluster9=1 cluster10=1 cluster7=1
12 cluster8=0 cluster3=0 cluster2=0 cluster1=1 cluster6=1 cluster9=1 cluster10=1 cluster7=1
13 cluster8=0 cluster3=0 cluster2=1 cluster1=1 cluster6=1 cluster9=1 cluster10=1 cluster7=1
14 cluster8=0 cluster3=1 cluster2=1 cluster1=1 cluster6=1 cluster9=1 cluster10=1 cluster7=1
15 cluster8=1 cluster3=1 cluster2=1 cluster1=1 cluster6=1 cluster9=1 cluster10=1 cluster7=1
16 cluster8=1 cluster3=1 cluster2=1 cluster1=1 cluster6=1 cluster9=1 cluster10=1 cluster7=0
17 cluster8=1 cluster3=1 cluster2=1 cluster1=1 cluster6=1 cluster9=0 cluster10=1 cluster7=1
18 cluster8=1 cluster3=1 cluster2=1 cluster1=1 cluster6=1 cluster9=0 cluster10=1 cluster7=0
19 cluster8=1 cluster3=1 cluster2=1 cluster1=0 cluster6=1 cluster9=1 cluster10=1 cluster7=1
20 cluster8=1 cluster3=1 cluster2=1 cluster1=0 cluster6=1 cluster9=1 cluster10=1 cluster7=0
21 cluster8=1 cluster3=1 cluster2=1 cluster1=0 cluster6=1 cluster9=0 cluster10=1 cluster7=1
22 cluster8=1 cluster3=1 cluster2=1 cluster1=0 cluster6=1 cluster9=0 cluster10=1 cluster7=0
23 cluster8=1 cluster3=1 cluster2=1 cluster1=1 cluster6=1 cluster9=1 cluster10=0 cluster7=0
24 cluster8=1 cluster3=1 cluster2=1 cluster1=1 cluster6=1 cluster9=0 cluster10=0 cluster7=0
25 cluster8=1 cluster3=1 cluster2=1 cluster1=0 cluster6=1 cluster9=1 cluster10=0 cluster7=0
26 cluster8=1 cluster3=1 cluster2=1 cluster1=0 cluster6=1 cluster9=0 cluster10=0 cluster7=0
27 cluster8=1 cluster3=1 cluster2=1 cluster1=1 cluster6=0 cluster9=0 cluster10=0 cluster7=0
28 cluster8=1 cluster3=1 cluster2=1 cluster1=0 cluster6=0 cluster9=0 cluster10=0 cluster7=0
29 cluster8=1 cluster3=1 cluster2=0 cluster1=0 cluster6=0 cluster9=0 cluster10=0 cluster7=0
30 cluster8=1 cluster3=0 cluster2=0 cluster1=0 cluster6=0 cluster9=0 cluster10=0 cluster7=0
31 cluster8=0 cluster3=0 cluster2=0 cluster1=0 cluster6=1 cluster9=0 cluster10=0 cluster7=0
32 cluster8=0 cluster3=0 cluster2=1 cluster1=0 cluster6=0 cluster9=0 cluster10=0 cluster7=0
33 cluster8=0 cluster3=0 cluster2=0 cluster1=0 cluster6=0 cluster9=0 cluster10=1 cluster7=0
34 cluster8=0 cluster3=1 cluster2=0 cluster1=0 cluster6=0 cluster9=0 cluster10=0 cluster7=0
inputRegulatorOGs.size() = 1999 inputOGList.size() = 50
binkey=4 [Edge status: 0 0 1 0 0 0 0 0 ] P(G)=P(cluster8=0)[0.8] * P(cluster1=0|cluster2=1) * P(cluster9=0|cluster6=0) * P(cluster7=0|cluster10=0) * P(cluster10=0|cluster6=0) * P(cluster6=0|cluster2=1) * P(cluster2=1|cluster3=0) * P(cluster3=0|cluster8=0)[0.0032768]=0.00262144
binkey=2 [Edge status: 0 1 0 0 0 0 0 0 ] P(G)=P(cluster8=0)[0.8] * P(cluster1=0|cluster2=0) * P(cluster9=0|cluster6=0) * P(cluster7=0|cluster10=0) * P(cluster10=0|cluster6=0) * P(cluster6=0|cluster2=0) * P(cluster2=0|cluster3=1) * P(cluster3=1|cluster8=0)[0.0131072]=0.0104858
binkey=128 [Edge status: 0 0 0 0 0 0 0 1 ] P(G)=P(cluster8=0)[0.8] * P(cluster1=0|cluster2=0) * P(cluster9=0|cluster6=0) * P(cluster7=1|cluster10=0) * P(cluster10=0|cluster6=0) * P(cluster6=0|cluster2=0) * P(cluster2=0|cluster3=0) * P(cluster3=0|cluster8=0)[0.0524288]=0.041943
binkey=8 [Edge status: 0 0 0 1 0 0 0 0 ] P(G)=P(cluster8=0)[0.8] * P(cluster1=1|cluster2=0) * P(cluster9=0|cluster6=0) * P(cluster7=0|cluster10=0) * P(cluster10=0|cluster6=0) * P(cluster6=0|cluster2=0) * P(cluster2=0|cluster3=0) * P(cluster3=0|cluster8=0)[0.0524288]=0.041943
binkey=1 [Edge status: 1 0 0 0 0 0 0 0 ] P(G)=P(cluster8=1)[0.2] * P(cluster1=0|cluster2=0) * P(cluster9=0|cluster6=0) * P(cluster7=0|cluster10=0) * P(cluster10=0|cluster6=0) * P(cluster6=0|cluster2=0) * P(cluster2=0|cluster3=0) * P(cluster3=0|cluster8=1)[0.0524288]=0.0104858
binkey=16 [Edge status: 0 0 0 0 1 0 0 0 ] P(G)=P(cluster8=0)[0.8] * P(cluster1=0|cluster2=0) * P(cluster9=0|cluster6=1) * P(cluster7=0|cluster10=0) * P(cluster10=0|cluster6=1) * P(cluster6=1|cluster2=0) * P(cluster2=0|cluster3=0) * P(cluster3=0|cluster8=0)[0.0032768]=0.00262144
binkey=32 [Edge status: 0 0 0 0 0 1 0 0 ] P(G)=P(cluster8=0)[0.8] * P(cluster1=0|cluster2=0) * P(cluster9=1|cluster6=0) * P(cluster7=0|cluster10=0) * P(cluster10=0|cluster6=0) * P(cluster6=0|cluster2=0) * P(cluster2=0|cluster3=0) * P(cluster3=0|cluster8=0)[0.0524288]=0.041943
binkey=192 [Edge status: 0 0 0 0 0 0 1 1 ] P(G)=P(cluster8=0)[0.8] * P(cluster1=0|cluster2=0) * P(cluster9=0|cluster6=0) * P(cluster7=1|cluster10=1) * P(cluster10=1|cluster6=0) * P(cluster6=0|cluster2=0) * P(cluster2=0|cluster3=0) * P(cluster3=0|cluster8=0)[0.0524288]=0.041943
binkey=64 [Edge status: 0 0 0 0 0 0 1 0 ] P(G)=P(cluster8=0)[0.8] * P(cluster1=0|cluster2=0) * P(cluster9=0|cluster6=0) * P(cluster7=0|cluster10=1) * P(cluster10=1|cluster6=0) * P(cluster6=0|cluster2=0) * P(cluster2=0|cluster3=0) * P(cluster3=0|cluster8=0)[0.0131072]=0.0104858
binkey=136 [Edge status: 0 0 0 1 0 0 0 1 ] P(G)=P(cluster8=0)[0.8] * P(cluster1=1|cluster2=0) * P(cluster9=0|cluster6=0) * P(cluster7=1|cluster10=0) * P(cluster10=0|cluster6=0) * P(cluster6=0|cluster2=0) * P(cluster2=0|cluster3=0) * P(cluster3=0|cluster8=0)[0.0131072]=0.0104858
binkey=200 [Edge status: 0 0 0 1 0 0 1 1 ] P(G)=P(cluster8=0)[0.8] * P(cluster1=1|cluster2=0) * P(cluster9=0|cluster6=0) * P(cluster7=1|cluster10=1) * P(cluster10=1|cluster6=0) * P(cluster6=0|cluster2=0) * P(cluster2=0|cluster3=0) * P(cluster3=0|cluster8=0)[0.0131072]=0.0104858
binkey=40 [Edge status: 0 0 0 1 0 1 0 0 ] P(G)=P(cluster8=0)[0.8] * P(cluster1=1|cluster2=0) * P(cluster9=1|cluster6=0) * P(cluster7=0|cluster10=0) * P(cluster10=0|cluster6=0) * P(cluster6=0|cluster2=0) * P(cluster2=0|cluster3=0) * P(cluster3=0|cluster8=0)[0.0131072]=0.0104858
binkey=160 [Edge status: 0 0 0 0 0 1 0 1 ] P(G)=P(cluster8=0)[0.8] * P(cluster1=0|cluster2=0) * P(cluster9=1|cluster6=0) * P(cluster7=1|cluster10=0) * P(cluster10=0|cluster6=0) * P(cluster6=0|cluster2=0) * P(cluster2=0|cluster3=0) * P(cluster3=0|cluster8=0)[0.0131072]=0.0104858
binkey=224 [Edge status: 0 0 0 0 0 1 1 1 ] P(G)=P(cluster8=0)[0.8] * P(cluster1=0|cluster2=0) * P(cluster9=1|cluster6=0) * P(cluster7=1|cluster10=1) * P(cluster10=1|cluster6=0) * P(cluster6=0|cluster2=0) * P(cluster2=0|cluster3=0) * P(cluster3=0|cluster8=0)[0.0131072]=0.0104858
binkey=3 [Edge status: 1 1 0 0 0 0 0 0 ] P(G)=P(cluster8=1)[0.2] * P(cluster1=0|cluster2=0) * P(cluster9=0|cluster6=0) * P(cluster7=0|cluster10=0) * P(cluster10=0|cluster6=0) * P(cluster6=0|cluster2=0) * P(cluster2=0|cluster3=1) * P(cluster3=1|cluster8=1)[0.0524288]=0.0104858
binkey=168 [Edge status: 0 0 0 1 0 1 0 1 ] P(G)=P(cluster8=0)[0.8] * P(cluster1=1|cluster2=0) * P(cluster9=1|cluster6=0) * P(cluster7=1|cluster10=0) * P(cluster10=0|cluster6=0) * P(cluster6=0|cluster2=0) * P(cluster2=0|cluster3=0) * P(cluster3=0|cluster8=0)[0.0032768]=0.00262144
binkey=7 [Edge status: 1 1 1 0 0 0 0 0 ] P(G)=P(cluster8=1)[0.2] * P(cluster1=0|cluster2=1) * P(cluster9=0|cluster6=0) * P(cluster7=0|cluster10=0) * P(cluster10=0|cluster6=0) * P(cluster6=0|cluster2=1) * P(cluster2=1|cluster3=1) * P(cluster3=1|cluster8=1)[0.0131072]=0.00262144
binkey=232 [Edge status: 0 0 0 1 0 1 1 1 ] P(G)=P(cluster8=0)[0.8] * P(cluster1=1|cluster2=0) * P(cluster9=1|cluster6=0) * P(cluster7=1|cluster10=1) * P(cluster10=1|cluster6=0) * P(cluster6=0|cluster2=0) * P(cluster2=0|cluster3=0) * P(cluster3=0|cluster8=0)[0.0032768]=0.00262144
binkey=240 [Edge status: 0 0 0 0 1 1 1 1 ] P(G)=P(cluster8=0)[0.8] * P(cluster1=0|cluster2=0) * P(cluster9=1|cluster6=1) * P(cluster7=1|cluster10=1) * P(cluster10=1|cluster6=1) * P(cluster6=1|cluster2=0) * P(cluster2=0|cluster3=0) * P(cluster3=0|cluster8=0)[0.0524288]=0.041943
binkey=23 [Edge status: 1 1 1 0 1 0 0 0 ] P(G)=P(cluster8=1)[0.2] * P(cluster1=0|cluster2=1) * P(cluster9=0|cluster6=1) * P(cluster7=0|cluster10=0) * P(cluster10=0|cluster6=1) * P(cluster6=1|cluster2=1) * P(cluster2=1|cluster3=1) * P(cluster3=1|cluster8=1)[0.0032768]=0.00065536
binkey=248 [Edge status: 0 0 0 1 1 1 1 1 ] P(G)=P(cluster8=0)[0.8] * P(cluster1=1|cluster2=0) * P(cluster9=1|cluster6=1) * P(cluster7=1|cluster10=1) * P(cluster10=1|cluster6=1) * P(cluster6=1|cluster2=0) * P(cluster2=0|cluster3=0) * P(cluster3=0|cluster8=0)[0.0131072]=0.0104858
binkey=252 [Edge status: 0 0 1 1 1 1 1 1 ] P(G)=P(cluster8=0)[0.8] * P(cluster1=1|cluster2=1) * P(cluster9=1|cluster6=1) * P(cluster7=1|cluster10=1) * P(cluster10=1|cluster6=1) * P(cluster6=1|cluster2=1) * P(cluster2=1|cluster3=0) * P(cluster3=0|cluster8=0)[0.0524288]=0.041943
binkey=223 [Edge status: 1 1 1 1 1 0 1 1 ] P(G)=P(cluster8=1)[0.2] * P(cluster1=1|cluster2=1) * P(cluster9=0|cluster6=1) * P(cluster7=1|cluster10=1) * P(cluster10=1|cluster6=1) * P(cluster6=1|cluster2=1) * P(cluster2=1|cluster3=1) * P(cluster3=1|cluster8=1)[0.0524288]=0.0104858
binkey=95 [Edge status: 1 1 1 1 1 0 1 0 ] P(G)=P(cluster8=1)[0.2] * P(cluster1=1|cluster2=1) * P(cluster9=0|cluster6=1) * P(cluster7=0|cluster10=1) * P(cluster10=1|cluster6=1) * P(cluster6=1|cluster2=1) * P(cluster2=1|cluster3=1) * P(cluster3=1|cluster8=1)[0.0131072]=0.00262144
binkey=215 [Edge status: 1 1 1 0 1 0 1 1 ] P(G)=P(cluster8=1)[0.2] * P(cluster1=0|cluster2=1) * P(cluster9=0|cluster6=1) * P(cluster7=1|cluster10=1) * P(cluster10=1|cluster6=1) * P(cluster6=1|cluster2=1) * P(cluster2=1|cluster3=1) * P(cluster3=1|cluster8=1)[0.0131072]=0.00262144
binkey=87 [Edge status: 1 1 1 0 1 0 1 0 ] P(G)=P(cluster8=1)[0.2] * P(cluster1=0|cluster2=1) * P(cluster9=0|cluster6=1) * P(cluster7=0|cluster10=1) * P(cluster10=1|cluster6=1) * P(cluster6=1|cluster2=1) * P(cluster2=1|cluster3=1) * P(cluster3=1|cluster8=1)[0.0032768]=0.00065536
binkey=31 [Edge status: 1 1 1 1 1 0 0 0 ] P(G)=P(cluster8=1)[0.2] * P(cluster1=1|cluster2=1) * P(cluster9=0|cluster6=1) * P(cluster7=0|cluster10=0) * P(cluster10=0|cluster6=1) * P(cluster6=1|cluster2=1) * P(cluster2=1|cluster3=1) * P(cluster3=1|cluster8=1)[0.0131072]=0.00262144
binkey=15 [Edge status: 1 1 1 1 0 0 0 0 ] P(G)=P(cluster8=1)[0.2] * P(cluster1=1|cluster2=1) * P(cluster9=0|cluster6=0) * P(cluster7=0|cluster10=0) * P(cluster10=0|cluster6=0) * P(cluster6=0|cluster2=1) * P(cluster2=1|cluster3=1) * P(cluster3=1|cluster8=1)[0.0524288]=0.0104858
ITERATION 0 newScore=-2.74935e+06 diffscore=16670.6 priorChange=-108.131 successMove=65
ITERATION 1 newScore=-2.74597e+06 diffscore=3373.76 priorChange=-109.517 successMove=54
ITERATION 2 newScore=-2.73914e+06 diffscore=6837.28 priorChange=-116.449 successMove=51
ITERATION 3 newScore=-2.73234e+06 diffscore=6799.04 priorChange=-108.131 successMove=53
ITERATION 4 newScore=-2.73059e+06 diffscore=1746.37 priorChange=-108.131 successMove=50
binkey=55 [Edge status: 1 1 1 0 1 1 0 0 ] P(G)=P(cluster8=1)[0.2] * P(cluster1=0|cluster2=1) * P(cluster9=1|cluster6=1) * P(cluster7=0|cluster10=0) * P(cluster10=0|cluster6=1) * P(cluster6=1|cluster2=1) * P(cluster2=1|cluster3=1) * P(cluster3=1|cluster8=1)[0.0131072]=0.00262144
ITERATION 5 newScore=-2.72618e+06 diffscore=4415.76 priorChange=-112.29 successMove=55
ITERATION 6 newScore=-2.7233e+06 diffscore=2876.5 priorChange=-117.835 successMove=52
ITERATION 7 newScore=-2.72162e+06 diffscore=1679.95 priorChange=-123.38 successMove=52
ITERATION 8 newScore=-2.71669e+06 diffscore=4933.62 priorChange=-123.38 successMove=52
ITERATION 9 newScore=-2.71434e+06 diffscore=2342.69 priorChange=-119.221 successMove=53
ITERATION 10 newScore=-2.71232e+06 diffscore=2021.59 priorChange=-106.745 successMove=55
ITERATION 11 newScore=-2.7081e+06 diffscore=4220.73 priorChange=-90.1091 successMove=55
ITERATION 12 newScore=-2.70688e+06 diffscore=1218.16 priorChange=-119.221 successMove=51
ITERATION 13 newScore=-2.70287e+06 diffscore=4012.46 priorChange=-102.586 successMove=50
ITERATION 14 newScore=-2.7014e+06 diffscore=1473.1 priorChange=-106.745 successMove=52
ITERATION 15 newScore=-2.70045e+06 diffscore=949.995 priorChange=-110.904 successMove=50
ITERATION 16 newScore=-2.69977e+06 diffscore=671.775 priorChange=-106.745 successMove=51
ITERATION 17 newScore=-2.69585e+06 diffscore=3927.48 priorChange=-105.358 successMove=49
ITERATION 18 newScore=-2.6943e+06 diffscore=1542.54 priorChange=-97.0406 successMove=49
ITERATION 19 newScore=-2.69321e+06 diffscore=1096.54 priorChange=-103.972 successMove=51
ITERATION 20 newScore=-2.69217e+06 diffscore=1037.64 priorChange=-102.586 successMove=53
ITERATION 21 newScore=-2.68976e+06 diffscore=2409.95 priorChange=-106.745 successMove=52
ITERATION 22 newScore=-2.68787e+06 diffscore=1886.97 priorChange=-116.449 successMove=49
ITERATION 23 newScore=-2.68439e+06 diffscore=3481.36 priorChange=-102.586 successMove=51
ITERATION 24 newScore=-2.68139e+06 diffscore=3003.24 priorChange=-115.062 successMove=49
ITERATION 25 newScore=-2.68004e+06 diffscore=1346.67 priorChange=-91.4954 successMove=47
ITERATION 26 newScore=-2.67816e+06 diffscore=1886.34 priorChange=-105.358 successMove=48
ITERATION 27 newScore=-2.6777e+06 diffscore=459.363 priorChange=-88.7228 successMove=49
ITERATION 28 newScore=-2.67206e+06 diffscore=5638.22 priorChange=-103.972 successMove=46
binkey=119 [Edge status: 1 1 1 0 1 1 1 0 ] P(G)=P(cluster8=1)[0.2] * P(cluster1=0|cluster2=1) * P(cluster9=1|cluster6=1) * P(cluster7=0|cluster10=1) * P(cluster10=1|cluster6=1) * P(cluster6=1|cluster2=1) * P(cluster2=1|cluster3=1) * P(cluster3=1|cluster8=1)[0.0131072]=0.00262144
ITERATION 29 newScore=-2.67045e+06 diffscore=1608.38 priorChange=-101.199 successMove=51
ITERATION 30 newScore=-2.66999e+06 diffscore=456.034 priorChange=-92.8817 successMove=48
ITERATION 31 newScore=-2.66811e+06 diffscore=1879.5 priorChange=-85.9503 successMove=46
ITERATION 32 newScore=-2.66631e+06 diffscore=1809.26 priorChange=-88.7228 successMove=45
ITERATION 33 newScore=-2.66566e+06 diffscore=649.73 priorChange=-92.8817 successMove=44
ITERATION 34 newScore=-2.66298e+06 diffscore=2673.59 priorChange=-97.0406 successMove=45
ITERATION 35 newScore=-2.66124e+06 diffscore=1746.9 priorChange=-92.8817 successMove=44
ITERATION 36 newScore=-2.66094e+06 diffscore=290.569 priorChange=-94.268 successMove=44
ITERATION 37 newScore=-2.66026e+06 diffscore=682.764 priorChange=-91.4954 successMove=44
ITERATION 38 newScore=-2.65991e+06 diffscore=354.109 priorChange=-97.0406 successMove=42
ITERATION 39 newScore=-2.65832e+06 diffscore=1585.13 priorChange=-109.517 successMove=42
ITERATION 40 newScore=-2.65746e+06 diffscore=867.427 priorChange=-91.4954 successMove=43
ITERATION 41 newScore=-2.65588e+06 diffscore=1573.66 priorChange=-91.4954 successMove=43
ITERATION 42 newScore=-2.65402e+06 diffscore=1864.27 priorChange=-91.4954 successMove=43
ITERATION 43 newScore=-2.65232e+06 diffscore=1693.52 priorChange=-91.4954 successMove=43
ITERATION 44 newScore=-2.6519e+06 diffscore=421.661 priorChange=-98.4269 successMove=42
ITERATION 45 newScore=-2.64961e+06 diffscore=2296.45 priorChange=-85.9503 successMove=41
ITERATION 46 newScore=-2.64925e+06 diffscore=353.159 priorChange=-84.564 successMove=42
ITERATION 47 newScore=-2.64886e+06 diffscore=394.576 priorChange=-87.3365 successMove=41
ITERATION 48 newScore=-2.64735e+06 diffscore=1507.31 priorChange=-85.9503 successMove=40
ITERATION 49 newScore=-2.64633e+06 diffscore=1021.56 priorChange=-69.3147 successMove=40
ITERATION 50 newScore=-2.64605e+06 diffscore=274.975 priorChange=-84.564 successMove=41
ITERATION 51 newScore=-2.6458e+06 diffscore=254.072 priorChange=-83.1777 successMove=41
ITERATION 52 newScore=-2.64555e+06 diffscore=248.638 priorChange=-76.2462 successMove=40
ITERATION 53 newScore=-2.64531e+06 diffscore=241.779 priorChange=-66.5421 successMove=43
ITERATION 54 newScore=-2.64501e+06 diffscore=296.333 priorChange=-79.0188 successMove=41
ITERATION 55 newScore=-2.6447e+06 diffscore=317.434 priorChange=-81.7914 successMove=40
ITERATION 56 newScore=-2.64443e+06 diffscore=267.365 priorChange=-66.5421 successMove=39
ITERATION 57 newScore=-2.64409e+06 diffscore=333.357 priorChange=-83.1777 successMove=37
ITERATION 58 newScore=-2.64278e+06 diffscore=1312.4 priorChange=-76.2462 successMove=37
ITERATION 59 newScore=-2.64124e+06 diffscore=1546.86 priorChange=-79.0188 successMove=37
ITERATION 60 newScore=-2.64095e+06 diffscore=284.421 priorChange=-87.3365 successMove=37
ITERATION 61 newScore=-2.64072e+06 diffscore=230.833 priorChange=-84.564 successMove=36
ITERATION 62 newScore=-2.64047e+06 diffscore=250.456 priorChange=-88.7228 successMove=34
ITERATION 63 newScore=-2.64005e+06 diffscore=420.65 priorChange=-79.0188 successMove=33
ITERATION 64 newScore=-2.63862e+06 diffscore=1428.46 priorChange=-63.7695 successMove=31
ITERATION 65 newScore=-2.63845e+06 diffscore=169.44 priorChange=-63.7695 successMove=30
ITERATION 66 newScore=-2.63718e+06 diffscore=1274.37 priorChange=-65.1558 successMove=29
ITERATION 67 newScore=-2.63697e+06 diffscore=206.797 priorChange=-56.8381 successMove=29
ITERATION 68 newScore=-2.63607e+06 diffscore=897.043 priorChange=-70.701 successMove=29
ITERATION 69 newScore=-2.63594e+06 diffscore=134.712 priorChange=-45.7477 successMove=29
ITERATION 70 newScore=-2.63578e+06 diffscore=156.977 priorChange=-63.7695 successMove=26
ITERATION 71 newScore=-2.63565e+06 diffscore=130.419 priorChange=-62.3832 successMove=26
ITERATION 72 newScore=-2.63548e+06 diffscore=166.913 priorChange=-45.7477 successMove=26
ITERATION 73 newScore=-2.63437e+06 diffscore=1117.34 priorChange=-52.6792 successMove=25
ITERATION 74 newScore=-2.63421e+06 diffscore=157.518 priorChange=-59.6107 successMove=25
ITERATION 75 newScore=-2.63402e+06 diffscore=194.134 priorChange=-58.2244 successMove=23
ITERATION 76 newScore=-2.63368e+06 diffscore=334.613 priorChange=-49.9066 successMove=23
ITERATION 77 newScore=-2.63244e+06 diffscore=1244.79 priorChange=-42.9751 successMove=21
ITERATION 78 newScore=-2.63151e+06 diffscore=930.483 priorChange=-48.5203 successMove=21
ITERATION 79 newScore=-2.63138e+06 diffscore=124.267 priorChange=-41.5888 successMove=20
ITERATION 80 newScore=-2.63003e+06 diffscore=1352.66 priorChange=-36.0437 successMove=20
ITERATION 81 newScore=-2.6299e+06 diffscore=133.082 priorChange=-41.5888 successMove=20
ITERATION 82 newScore=-2.62978e+06 diffscore=116.879 priorChange=-44.3614 successMove=18
ITERATION 83 newScore=-2.62864e+06 diffscore=1139.44 priorChange=-34.6574 successMove=18
ITERATION 84 newScore=-2.62856e+06 diffscore=83.1278 priorChange=-36.0437 successMove=18
ITERATION 85 newScore=-2.62772e+06 diffscore=832.247 priorChange=-37.4299 successMove=16
ITERATION 86 newScore=-2.62768e+06 diffscore=48.1095 priorChange=-37.4299 successMove=16
ITERATION 87 newScore=-2.62763e+06 diffscore=49.8957 priorChange=-37.4299 successMove=15
ITERATION 88 newScore=-2.62759e+06 diffscore=34.0911 priorChange=-24.9533 successMove=14
ITERATION 89 newScore=-2.62756e+06 diffscore=28.5403 priorChange=-22.1807 successMove=13
ITERATION 90 newScore=-2.62752e+06 diffscore=40.391 priorChange=-29.1122 successMove=13
ITERATION 91 newScore=-2.62749e+06 diffscore=33.9412 priorChange=-27.7259 successMove=11
ITERATION 92 newScore=-2.62745e+06 diffscore=35.5919 priorChange=-19.4081 successMove=10
ITERATION 93 newScore=-2.62609e+06 diffscore=1366.97 priorChange=-11.0904 successMove=8
ITERATION 94 newScore=-2.62607e+06 diffscore=16.374 priorChange=-9.70406 successMove=7
ITERATION 95 newScore=-2.62606e+06 diffscore=11.6698 priorChange=-8.31777 successMove=5
ITERATION 96 newScore=-2.62605e+06 diffscore=7.02628 priorChange=-4.15888 successMove=3
ITERATION 97 newScore=-2.62604e+06 diffscore=9.8085 priorChange=-6.93147 successMove=3
ITERATION 98 newScore=-2.62603e+06 diffscore=11.9572 priorChange=-8.31777 successMove=3
ITERATION 99 newScore=-2.62602e+06 diffscore=9.10061 priorChange=-5.54518 successMove=3
MetaLearner::dumpAllGraphs
Final Score -2.62602e+06
MetaLearner::start runtime: 1755084393 ms
Results/
Results/cluster9/
Results/cluster9/fold0/
Results/cluster9/fold0/var_mb_pw_k50.txt
Results/cluster9/fold0/modelparams.txt
Results/cluster7/
Results/cluster7/fold0/
Results/cluster7/fold0/var_mb_pw_k50.txt
Results/cluster7/fold0/modelparams.txt
Results/cluster8/
Results/cluster8/fold0/
Results/cluster8/fold0/var_mb_pw_k50.txt
Results/cluster8/fold0/modelparams.txt
Results/cluster8/scoreFile.txt
Results/cluster10/
Results/cluster10/fold0/
Results/cluster10/fold0/var_mb_pw_k50.txt
Results/cluster10/fold0/modelparams.txt
Results/cluster6/
Results/cluster6/fold0/
Results/cluster6/fold0/var_mb_pw_k50.txt
Results/cluster6/fold0/modelparams.txt
Results/cluster1/
Results/cluster1/fold0/
Results/cluster1/fold0/var_mb_pw_k50.txt
Results/cluster1/fold0/modelparams.txt
Results/cluster3/
Results/cluster3/fold0/
Results/cluster3/fold0/var_mb_pw_k50.txt
Results/cluster3/fold0/modelparams.txt
Results/cluster2/
Results/cluster2/fold0/
Results/cluster2/fold0/var_mb_pw_k50.txt
Results/cluster2/fold0/modelparams.txt
