./CVN -f config_condor.txt -x50 -v1 -l TFs_OGs.txt -n AllGenes143.txt -d celltype_tree_ancestor.txt -m testdata_ogids.txt -s celltype_order.txt -p 0.2 -c yes -b -4 -q 4
(cluster3|cluster8) p_maintain_edge=0.8 p_gain=0.2
(cluster2|cluster3) p_maintain_edge=0.8 p_gain=0.2
(cluster1|cluster2) p_maintain_edge=0.8 p_gain=0.2
(cluster6|cluster2) p_maintain_edge=0.8 p_gain=0.2
(cluster9|cluster6) p_maintain_edge=0.8 p_gain=0.2
(cluster10|cluster6) p_maintain_edge=0.8 p_gain=0.2
(cluster7|cluster10) p_maintain_edge=0.8 p_gain=0.2
speciesSet.size()=8 Root is cluster8
MappedOrthogroupReader::readSpeciesMapping() --- celltype_order.txt
MappedOrthogroupReader::readFile - testdata_ogids.txt
MappedOrthogroupReader::generateGeneOrthoMap()
MetaLearner::init_onefold() read:config_condor.txt
MetaLearner::setinputVariableNames number of variables: 2041
readEvidenceTable:cluster8.table
PotentialManager::loadEvidenceFromTable varCount=2041 sampleCount=348
motifNetwork.size() = 319
0=cluster8 motifNetwork=cluster8_network.txt
variable size=2041
readEvidenceTable:cluster3.table
PotentialManager::loadEvidenceFromTable varCount=2041 sampleCount=95
motifNetwork.size() = 326
1=cluster3 motifNetwork=cluster3_network.txt
variable size=2041
readEvidenceTable:cluster2.table
PotentialManager::loadEvidenceFromTable varCount=2041 sampleCount=386
motifNetwork.size() = 328
2=cluster2 motifNetwork=cluster2_network.txt
variable size=2041
readEvidenceTable:cluster1.table
PotentialManager::loadEvidenceFromTable varCount=2041 sampleCount=36
motifNetwork.size() = 322
3=cluster1 motifNetwork=cluster1_network.txt
variable size=2041
readEvidenceTable:cluster6.table
PotentialManager::loadEvidenceFromTable varCount=2041 sampleCount=524
motifNetwork.size() = 320
4=cluster6 motifNetwork=cluster6_network.txt
variable size=2041
readEvidenceTable:cluster9.table
PotentialManager::loadEvidenceFromTable varCount=2041 sampleCount=184
motifNetwork.size() = 327
5=cluster9 motifNetwork=cluster9_network.txt
variable size=2041
readEvidenceTable:cluster10.table
PotentialManager::loadEvidenceFromTable varCount=2041 sampleCount=165
motifNetwork.size() = 326
6=cluster10 motifNetwork=cluster10_network.txt
variable size=2041
readEvidenceTable:cluster7.table
PotentialManager::loadEvidenceFromTable varCount=2041 sampleCount=1032
motifNetwork.size() = 320
7=cluster7 motifNetwork=cluster7_network.txt
variable size=2041
-------------------------------------------------------------
MetaLearner::start
precomputeEmptyGraphPrior
binkey=0 [Edge status: 0 0 0 0 0 0 0 0 ] P(G)=P(cluster8=0)[0.8] * P(cluster1=0|cluster2=0) * P(cluster9=0|cluster6=0) * P(cluster7=0|cluster10=0) * P(cluster10=0|cluster6=0) * P(cluster6=0|cluster2=0) * P(cluster2=0|cluster3=0) * P(cluster3=0|cluster8=0)[0.209715]=0.167772
condsetMap_Tree
0 cluster8=0 cluster3=0 cluster2=0 cluster1=0 cluster6=0 cluster9=0 cluster10=0 cluster7=1
1 cluster8=0 cluster3=0 cluster2=0 cluster1=0 cluster6=0 cluster9=1 cluster10=0 cluster7=0
2 cluster8=0 cluster3=0 cluster2=0 cluster1=0 cluster6=0 cluster9=1 cluster10=0 cluster7=1
3 cluster8=0 cluster3=0 cluster2=0 cluster1=1 cluster6=0 cluster9=0 cluster10=0 cluster7=0
4 cluster8=0 cluster3=0 cluster2=0 cluster1=1 cluster6=0 cluster9=0 cluster10=0 cluster7=1
5 cluster8=0 cluster3=0 cluster2=0 cluster1=1 cluster6=0 cluster9=1 cluster10=0 cluster7=0
6 cluster8=0 cluster3=0 cluster2=0 cluster1=1 cluster6=0 cluster9=1 cluster10=0 cluster7=1
7 cluster8=0 cluster3=0 cluster2=0 cluster1=0 cluster6=0 cluster9=0 cluster10=1 cluster7=1
8 cluster8=0 cluster3=0 cluster2=0 cluster1=0 cluster6=0 cluster9=1 cluster10=1 cluster7=1
9 cluster8=0 cluster3=0 cluster2=0 cluster1=1 cluster6=0 cluster9=0 cluster10=1 cluster7=1
10 cluster8=0 cluster3=0 cluster2=0 cluster1=1 cluster6=0 cluster9=1 cluster10=1 cluster7=1
11 cluster8=0 cluster3=0 cluster2=0 cluster1=0 cluster6=1 cluster9=1 cluster10=1 cluster7=1
12 cluster8=0 cluster3=0 cluster2=0 cluster1=1 cluster6=1 cluster9=1 cluster10=1 cluster7=1
13 cluster8=0 cluster3=0 cluster2=1 cluster1=1 cluster6=1 cluster9=1 cluster10=1 cluster7=1
14 cluster8=0 cluster3=1 cluster2=1 cluster1=1 cluster6=1 cluster9=1 cluster10=1 cluster7=1
15 cluster8=1 cluster3=1 cluster2=1 cluster1=1 cluster6=1 cluster9=1 cluster10=1 cluster7=1
16 cluster8=1 cluster3=1 cluster2=1 cluster1=1 cluster6=1 cluster9=1 cluster10=1 cluster7=0
17 cluster8=1 cluster3=1 cluster2=1 cluster1=1 cluster6=1 cluster9=0 cluster10=1 cluster7=1
18 cluster8=1 cluster3=1 cluster2=1 cluster1=1 cluster6=1 cluster9=0 cluster10=1 cluster7=0
19 cluster8=1 cluster3=1 cluster2=1 cluster1=0 cluster6=1 cluster9=1 cluster10=1 cluster7=1
20 cluster8=1 cluster3=1 cluster2=1 cluster1=0 cluster6=1 cluster9=1 cluster10=1 cluster7=0
21 cluster8=1 cluster3=1 cluster2=1 cluster1=0 cluster6=1 cluster9=0 cluster10=1 cluster7=1
22 cluster8=1 cluster3=1 cluster2=1 cluster1=0 cluster6=1 cluster9=0 cluster10=1 cluster7=0
23 cluster8=1 cluster3=1 cluster2=1 cluster1=1 cluster6=1 cluster9=1 cluster10=0 cluster7=0
24 cluster8=1 cluster3=1 cluster2=1 cluster1=1 cluster6=1 cluster9=0 cluster10=0 cluster7=0
25 cluster8=1 cluster3=1 cluster2=1 cluster1=0 cluster6=1 cluster9=1 cluster10=0 cluster7=0
26 cluster8=1 cluster3=1 cluster2=1 cluster1=0 cluster6=1 cluster9=0 cluster10=0 cluster7=0
27 cluster8=1 cluster3=1 cluster2=1 cluster1=1 cluster6=0 cluster9=0 cluster10=0 cluster7=0
28 cluster8=1 cluster3=1 cluster2=1 cluster1=0 cluster6=0 cluster9=0 cluster10=0 cluster7=0
29 cluster8=1 cluster3=1 cluster2=0 cluster1=0 cluster6=0 cluster9=0 cluster10=0 cluster7=0
30 cluster8=1 cluster3=0 cluster2=0 cluster1=0 cluster6=0 cluster9=0 cluster10=0 cluster7=0
31 cluster8=0 cluster3=0 cluster2=0 cluster1=0 cluster6=1 cluster9=0 cluster10=0 cluster7=0
32 cluster8=0 cluster3=0 cluster2=1 cluster1=0 cluster6=0 cluster9=0 cluster10=0 cluster7=0
33 cluster8=0 cluster3=0 cluster2=0 cluster1=0 cluster6=0 cluster9=0 cluster10=1 cluster7=0
34 cluster8=0 cluster3=1 cluster2=0 cluster1=0 cluster6=0 cluster9=0 cluster10=0 cluster7=0
inputRegulatorOGs.size() = 1999 inputOGList.size() = 50
binkey=2 [Edge status: 0 1 0 0 0 0 0 0 ] P(G)=P(cluster8=0)[0.8] * P(cluster1=0|cluster2=0) * P(cluster9=0|cluster6=0) * P(cluster7=0|cluster10=0) * P(cluster10=0|cluster6=0) * P(cluster6=0|cluster2=0) * P(cluster2=0|cluster3=1) * P(cluster3=1|cluster8=0)[0.0131072]=0.0104858
binkey=16 [Edge status: 0 0 0 0 1 0 0 0 ] P(G)=P(cluster8=0)[0.8] * P(cluster1=0|cluster2=0) * P(cluster9=0|cluster6=1) * P(cluster7=0|cluster10=0) * P(cluster10=0|cluster6=1) * P(cluster6=1|cluster2=0) * P(cluster2=0|cluster3=0) * P(cluster3=0|cluster8=0)[0.0032768]=0.00262144
binkey=128 [Edge status: 0 0 0 0 0 0 0 1 ] P(G)=P(cluster8=0)[0.8] * P(cluster1=0|cluster2=0) * P(cluster9=0|cluster6=0) * P(cluster7=1|cluster10=0) * P(cluster10=0|cluster6=0) * P(cluster6=0|cluster2=0) * P(cluster2=0|cluster3=0) * P(cluster3=0|cluster8=0)[0.0524288]=0.041943
binkey=32 [Edge status: 0 0 0 0 0 1 0 0 ] P(G)=P(cluster8=0)[0.8] * P(cluster1=0|cluster2=0) * P(cluster9=1|cluster6=0) * P(cluster7=0|cluster10=0) * P(cluster10=0|cluster6=0) * P(cluster6=0|cluster2=0) * P(cluster2=0|cluster3=0) * P(cluster3=0|cluster8=0)[0.0524288]=0.041943
binkey=8 [Edge status: 0 0 0 1 0 0 0 0 ] P(G)=P(cluster8=0)[0.8] * P(cluster1=1|cluster2=0) * P(cluster9=0|cluster6=0) * P(cluster7=0|cluster10=0) * P(cluster10=0|cluster6=0) * P(cluster6=0|cluster2=0) * P(cluster2=0|cluster3=0) * P(cluster3=0|cluster8=0)[0.0524288]=0.041943
binkey=1 [Edge status: 1 0 0 0 0 0 0 0 ] P(G)=P(cluster8=1)[0.2] * P(cluster1=0|cluster2=0) * P(cluster9=0|cluster6=0) * P(cluster7=0|cluster10=0) * P(cluster10=0|cluster6=0) * P(cluster6=0|cluster2=0) * P(cluster2=0|cluster3=0) * P(cluster3=0|cluster8=1)[0.0524288]=0.0104858
binkey=64 [Edge status: 0 0 0 0 0 0 1 0 ] P(G)=P(cluster8=0)[0.8] * P(cluster1=0|cluster2=0) * P(cluster9=0|cluster6=0) * P(cluster7=0|cluster10=1) * P(cluster10=1|cluster6=0) * P(cluster6=0|cluster2=0) * P(cluster2=0|cluster3=0) * P(cluster3=0|cluster8=0)[0.0131072]=0.0104858
binkey=4 [Edge status: 0 0 1 0 0 0 0 0 ] P(G)=P(cluster8=0)[0.8] * P(cluster1=0|cluster2=1) * P(cluster9=0|cluster6=0) * P(cluster7=0|cluster10=0) * P(cluster10=0|cluster6=0) * P(cluster6=0|cluster2=1) * P(cluster2=1|cluster3=0) * P(cluster3=0|cluster8=0)[0.0032768]=0.00262144
binkey=192 [Edge status: 0 0 0 0 0 0 1 1 ] P(G)=P(cluster8=0)[0.8] * P(cluster1=0|cluster2=0) * P(cluster9=0|cluster6=0) * P(cluster7=1|cluster10=1) * P(cluster10=1|cluster6=0) * P(cluster6=0|cluster2=0) * P(cluster2=0|cluster3=0) * P(cluster3=0|cluster8=0)[0.0524288]=0.041943
binkey=40 [Edge status: 0 0 0 1 0 1 0 0 ] P(G)=P(cluster8=0)[0.8] * P(cluster1=1|cluster2=0) * P(cluster9=1|cluster6=0) * P(cluster7=0|cluster10=0) * P(cluster10=0|cluster6=0) * P(cluster6=0|cluster2=0) * P(cluster2=0|cluster3=0) * P(cluster3=0|cluster8=0)[0.0131072]=0.0104858
binkey=136 [Edge status: 0 0 0 1 0 0 0 1 ] P(G)=P(cluster8=0)[0.8] * P(cluster1=1|cluster2=0) * P(cluster9=0|cluster6=0) * P(cluster7=1|cluster10=0) * P(cluster10=0|cluster6=0) * P(cluster6=0|cluster2=0) * P(cluster2=0|cluster3=0) * P(cluster3=0|cluster8=0)[0.0131072]=0.0104858
binkey=160 [Edge status: 0 0 0 0 0 1 0 1 ] P(G)=P(cluster8=0)[0.8] * P(cluster1=0|cluster2=0) * P(cluster9=1|cluster6=0) * P(cluster7=1|cluster10=0) * P(cluster10=0|cluster6=0) * P(cluster6=0|cluster2=0) * P(cluster2=0|cluster3=0) * P(cluster3=0|cluster8=0)[0.0131072]=0.0104858
binkey=3 [Edge status: 1 1 0 0 0 0 0 0 ] P(G)=P(cluster8=1)[0.2] * P(cluster1=0|cluster2=0) * P(cluster9=0|cluster6=0) * P(cluster7=0|cluster10=0) * P(cluster10=0|cluster6=0) * P(cluster6=0|cluster2=0) * P(cluster2=0|cluster3=1) * P(cluster3=1|cluster8=1)[0.0524288]=0.0104858
binkey=168 [Edge status: 0 0 0 1 0 1 0 1 ] P(G)=P(cluster8=0)[0.8] * P(cluster1=1|cluster2=0) * P(cluster9=1|cluster6=0) * P(cluster7=1|cluster10=0) * P(cluster10=0|cluster6=0) * P(cluster6=0|cluster2=0) * P(cluster2=0|cluster3=0) * P(cluster3=0|cluster8=0)[0.0032768]=0.00262144
binkey=200 [Edge status: 0 0 0 1 0 0 1 1 ] P(G)=P(cluster8=0)[0.8] * P(cluster1=1|cluster2=0) * P(cluster9=0|cluster6=0) * P(cluster7=1|cluster10=1) * P(cluster10=1|cluster6=0) * P(cluster6=0|cluster2=0) * P(cluster2=0|cluster3=0) * P(cluster3=0|cluster8=0)[0.0131072]=0.0104858
binkey=224 [Edge status: 0 0 0 0 0 1 1 1 ] P(G)=P(cluster8=0)[0.8] * P(cluster1=0|cluster2=0) * P(cluster9=1|cluster6=0) * P(cluster7=1|cluster10=1) * P(cluster10=1|cluster6=0) * P(cluster6=0|cluster2=0) * P(cluster2=0|cluster3=0) * P(cluster3=0|cluster8=0)[0.0131072]=0.0104858
binkey=240 [Edge status: 0 0 0 0 1 1 1 1 ] P(G)=P(cluster8=0)[0.8] * P(cluster1=0|cluster2=0) * P(cluster9=1|cluster6=1) * P(cluster7=1|cluster10=1) * P(cluster10=1|cluster6=1) * P(cluster6=1|cluster2=0) * P(cluster2=0|cluster3=0) * P(cluster3=0|cluster8=0)[0.0524288]=0.041943
binkey=23 [Edge status: 1 1 1 0 1 0 0 0 ] P(G)=P(cluster8=1)[0.2] * P(cluster1=0|cluster2=1) * P(cluster9=0|cluster6=1) * P(cluster7=0|cluster10=0) * P(cluster10=0|cluster6=1) * P(cluster6=1|cluster2=1) * P(cluster2=1|cluster3=1) * P(cluster3=1|cluster8=1)[0.0032768]=0.00065536
binkey=7 [Edge status: 1 1 1 0 0 0 0 0 ] P(G)=P(cluster8=1)[0.2] * P(cluster1=0|cluster2=1) * P(cluster9=0|cluster6=0) * P(cluster7=0|cluster10=0) * P(cluster10=0|cluster6=0) * P(cluster6=0|cluster2=1) * P(cluster2=1|cluster3=1) * P(cluster3=1|cluster8=1)[0.0131072]=0.00262144
binkey=247 [Edge status: 1 1 1 0 1 1 1 1 ] P(G)=P(cluster8=1)[0.2] * P(cluster1=0|cluster2=1) * P(cluster9=1|cluster6=1) * P(cluster7=1|cluster10=1) * P(cluster10=1|cluster6=1) * P(cluster6=1|cluster2=1) * P(cluster2=1|cluster3=1) * P(cluster3=1|cluster8=1)[0.0524288]=0.0104858
binkey=119 [Edge status: 1 1 1 0 1 1 1 0 ] P(G)=P(cluster8=1)[0.2] * P(cluster1=0|cluster2=1) * P(cluster9=1|cluster6=1) * P(cluster7=0|cluster10=1) * P(cluster10=1|cluster6=1) * P(cluster6=1|cluster2=1) * P(cluster2=1|cluster3=1) * P(cluster3=1|cluster8=1)[0.0131072]=0.00262144
binkey=215 [Edge status: 1 1 1 0 1 0 1 1 ] P(G)=P(cluster8=1)[0.2] * P(cluster1=0|cluster2=1) * P(cluster9=0|cluster6=1) * P(cluster7=1|cluster10=1) * P(cluster10=1|cluster6=1) * P(cluster6=1|cluster2=1) * P(cluster2=1|cluster3=1) * P(cluster3=1|cluster8=1)[0.0131072]=0.00262144
binkey=87 [Edge status: 1 1 1 0 1 0 1 0 ] P(G)=P(cluster8=1)[0.2] * P(cluster1=0|cluster2=1) * P(cluster9=0|cluster6=1) * P(cluster7=0|cluster10=1) * P(cluster10=1|cluster6=1) * P(cluster6=1|cluster2=1) * P(cluster2=1|cluster3=1) * P(cluster3=1|cluster8=1)[0.0032768]=0.00065536
binkey=55 [Edge status: 1 1 1 0 1 1 0 0 ] P(G)=P(cluster8=1)[0.2] * P(cluster1=0|cluster2=1) * P(cluster9=1|cluster6=1) * P(cluster7=0|cluster10=0) * P(cluster10=0|cluster6=1) * P(cluster6=1|cluster2=1) * P(cluster2=1|cluster3=1) * P(cluster3=1|cluster8=1)[0.0131072]=0.00262144
ITERATION 0 newScore=-2.68499e+06 diffscore=17863.1 priorChange=-106.745 successMove=60
binkey=232 [Edge status: 0 0 0 1 0 1 1 1 ] P(G)=P(cluster8=0)[0.8] * P(cluster1=1|cluster2=0) * P(cluster9=1|cluster6=0) * P(cluster7=1|cluster10=1) * P(cluster10=1|cluster6=0) * P(cluster6=0|cluster2=0) * P(cluster2=0|cluster3=0) * P(cluster3=0|cluster8=0)[0.0032768]=0.00262144
binkey=248 [Edge status: 0 0 0 1 1 1 1 1 ] P(G)=P(cluster8=0)[0.8] * P(cluster1=1|cluster2=0) * P(cluster9=1|cluster6=1) * P(cluster7=1|cluster10=1) * P(cluster10=1|cluster6=1) * P(cluster6=1|cluster2=0) * P(cluster2=0|cluster3=0) * P(cluster3=0|cluster8=0)[0.0131072]=0.0104858
ITERATION 1 newScore=-2.67771e+06 diffscore=7271.11 priorChange=-115.062 successMove=53
ITERATION 2 newScore=-2.67258e+06 diffscore=5134.2 priorChange=-116.449 successMove=53
ITERATION 3 newScore=-2.66321e+06 diffscore=9373.98 priorChange=-120.608 successMove=55
ITERATION 4 newScore=-2.65616e+06 diffscore=7051.51 priorChange=-115.062 successMove=53
ITERATION 5 newScore=-2.65082e+06 diffscore=5335.4 priorChange=-120.608 successMove=53
ITERATION 6 newScore=-2.64656e+06 diffscore=4261.35 priorChange=-117.835 successMove=53
ITERATION 7 newScore=-2.64229e+06 diffscore=4266.17 priorChange=-126.153 successMove=51
ITERATION 8 newScore=-2.63768e+06 diffscore=4610.61 priorChange=-120.608 successMove=52
ITERATION 9 newScore=-2.63608e+06 diffscore=1604.98 priorChange=-115.062 successMove=51
ITERATION 10 newScore=-2.63377e+06 diffscore=2310.64 priorChange=-113.676 successMove=51
ITERATION 11 newScore=-2.62979e+06 diffscore=3976.4 priorChange=-120.608 successMove=51
ITERATION 12 newScore=-2.62887e+06 diffscore=920.592 priorChange=-106.745 successMove=54
ITERATION 13 newScore=-2.62532e+06 diffscore=3547.55 priorChange=-120.608 successMove=51
ITERATION 14 newScore=-2.62301e+06 diffscore=2314.71 priorChange=-117.835 successMove=50
ITERATION 15 newScore=-2.62026e+06 diffscore=2746.93 priorChange=-108.131 successMove=51
ITERATION 16 newScore=-2.61876e+06 diffscore=1502.67 priorChange=-124.766 successMove=50
ITERATION 17 newScore=-2.61496e+06 diffscore=3800.96 priorChange=-103.972 successMove=53
ITERATION 18 newScore=-2.61263e+06 diffscore=2327.21 priorChange=-120.608 successMove=50
ITERATION 19 newScore=-2.61125e+06 diffscore=1375.97 priorChange=-130.312 successMove=50
ITERATION 20 newScore=-2.61077e+06 diffscore=487.167 priorChange=-115.062 successMove=50
ITERATION 21 newScore=-2.61027e+06 diffscore=491.637 priorChange=-121.994 successMove=51
ITERATION 22 newScore=-2.60969e+06 diffscore=587.2 priorChange=-135.857 successMove=51
ITERATION 23 newScore=-2.60775e+06 diffscore=1933.35 priorChange=-123.38 successMove=50
ITERATION 24 newScore=-2.60586e+06 diffscore=1896.82 priorChange=-124.766 successMove=49
ITERATION 25 newScore=-2.60382e+06 diffscore=2033.01 priorChange=-102.586 successMove=50
ITERATION 26 newScore=-2.60305e+06 diffscore=773.944 priorChange=-110.904 successMove=49
ITERATION 27 newScore=-2.6011e+06 diffscore=1951.44 priorChange=-97.0406 successMove=50
ITERATION 28 newScore=-2.60049e+06 diffscore=613.306 priorChange=-113.676 successMove=51
ITERATION 29 newScore=-2.59538e+06 diffscore=5104.91 priorChange=-105.358 successMove=50
ITERATION 30 newScore=-2.59327e+06 diffscore=2114.27 priorChange=-110.904 successMove=51
ITERATION 31 newScore=-2.59182e+06 diffscore=1449.9 priorChange=-110.904 successMove=51
ITERATION 32 newScore=-2.58851e+06 diffscore=3310.6 priorChange=-87.3365 successMove=49
ITERATION 33 newScore=-2.58792e+06 diffscore=582.339 priorChange=-110.904 successMove=50
ITERATION 34 newScore=-2.58624e+06 diffscore=1680.77 priorChange=-91.4954 successMove=50
ITERATION 35 newScore=-2.58206e+06 diffscore=4186.04 priorChange=-108.131 successMove=50
ITERATION 36 newScore=-2.58152e+06 diffscore=532.396 priorChange=-101.199 successMove=50
ITERATION 37 newScore=-2.57997e+06 diffscore=1551.24 priorChange=-101.199 successMove=49
ITERATION 38 newScore=-2.57847e+06 diffscore=1504.44 priorChange=-99.8132 successMove=48
ITERATION 39 newScore=-2.57798e+06 diffscore=485.463 priorChange=-110.904 successMove=48
ITERATION 40 newScore=-2.57716e+06 diffscore=823.735 priorChange=-115.062 successMove=49
ITERATION 41 newScore=-2.57422e+06 diffscore=2942.43 priorChange=-91.4954 successMove=49
ITERATION 42 newScore=-2.57264e+06 diffscore=1572.96 priorChange=-94.268 successMove=48
ITERATION 43 newScore=-2.57051e+06 diffscore=2135.01 priorChange=-94.268 successMove=49
ITERATION 44 newScore=-2.5689e+06 diffscore=1605.27 priorChange=-87.3365 successMove=47
ITERATION 45 newScore=-2.56726e+06 diffscore=1641.04 priorChange=-92.8817 successMove=50
ITERATION 46 newScore=-2.56553e+06 diffscore=1730.41 priorChange=-108.131 successMove=47
ITERATION 47 newScore=-2.56442e+06 diffscore=1110.36 priorChange=-97.0406 successMove=47
ITERATION 48 newScore=-2.56407e+06 diffscore=352.902 priorChange=-99.8132 successMove=46
ITERATION 49 newScore=-2.56298e+06 diffscore=1090.4 priorChange=-95.6543 successMove=46
ITERATION 50 newScore=-2.56157e+06 diffscore=1408.47 priorChange=-90.1091 successMove=46
ITERATION 51 newScore=-2.56131e+06 diffscore=255.729 priorChange=-88.7228 successMove=43
ITERATION 52 newScore=-2.55991e+06 diffscore=1403.52 priorChange=-90.1091 successMove=43
ITERATION 53 newScore=-2.55967e+06 diffscore=242.801 priorChange=-88.7228 successMove=43
ITERATION 54 newScore=-2.5594e+06 diffscore=271.287 priorChange=-81.7914 successMove=44
ITERATION 55 newScore=-2.5591e+06 diffscore=297.157 priorChange=-85.9503 successMove=41
ITERATION 56 newScore=-2.55883e+06 diffscore=267.563 priorChange=-80.4051 successMove=43
ITERATION 57 newScore=-2.55843e+06 diffscore=400.797 priorChange=-84.564 successMove=41
ITERATION 58 newScore=-2.55798e+06 diffscore=453.463 priorChange=-94.268 successMove=40
ITERATION 59 newScore=-2.55642e+06 diffscore=1557.87 priorChange=-81.7914 successMove=39
ITERATION 60 newScore=-2.55533e+06 diffscore=1091.12 priorChange=-73.4736 successMove=39
ITERATION 61 newScore=-2.55441e+06 diffscore=919.428 priorChange=-72.0873 successMove=40
ITERATION 62 newScore=-2.5541e+06 diffscore=306.508 priorChange=-69.3147 successMove=37
ITERATION 63 newScore=-2.55373e+06 diffscore=371.296 priorChange=-69.3147 successMove=35
ITERATION 64 newScore=-2.55256e+06 diffscore=1168.22 priorChange=-73.4736 successMove=32
ITERATION 65 newScore=-2.55111e+06 diffscore=1449.69 priorChange=-63.7695 successMove=31
ITERATION 66 newScore=-2.55077e+06 diffscore=343.162 priorChange=-60.997 successMove=30
ITERATION 67 newScore=-2.54956e+06 diffscore=1208.48 priorChange=-62.3832 successMove=27
ITERATION 68 newScore=-2.54936e+06 diffscore=200.098 priorChange=-47.134 successMove=27
ITERATION 69 newScore=-2.54892e+06 diffscore=442.077 priorChange=-58.2244 successMove=26
ITERATION 70 newScore=-2.5486e+06 diffscore=315.914 priorChange=-67.9284 successMove=27
ITERATION 71 newScore=-2.54772e+06 diffscore=878.658 priorChange=-52.6792 successMove=25
ITERATION 72 newScore=-2.54761e+06 diffscore=113.681 priorChange=-49.9066 successMove=25
ITERATION 73 newScore=-2.5475e+06 diffscore=106.616 priorChange=-55.4518 successMove=24
ITERATION 74 newScore=-2.54738e+06 diffscore=121.13 priorChange=-55.4518 successMove=22
ITERATION 75 newScore=-2.54723e+06 diffscore=149.602 priorChange=-37.4299 successMove=22
ITERATION 76 newScore=-2.5459e+06 diffscore=1331.63 priorChange=-38.8162 successMove=21
ITERATION 77 newScore=-2.54579e+06 diffscore=107.255 priorChange=-44.3614 successMove=21
ITERATION 78 newScore=-2.54568e+06 diffscore=118.034 priorChange=-52.6792 successMove=21
ITERATION 79 newScore=-2.54364e+06 diffscore=2037.06 priorChange=-44.3614 successMove=19
ITERATION 80 newScore=-2.54356e+06 diffscore=82.6847 priorChange=-31.8848 successMove=15
ITERATION 81 newScore=-2.54349e+06 diffscore=63.3907 priorChange=-24.9533 successMove=13
ITERATION 82 newScore=-2.54341e+06 diffscore=78.8587 priorChange=-27.7259 successMove=11
ITERATION 83 newScore=-2.54327e+06 diffscore=143.8 priorChange=-22.1807 successMove=11
ITERATION 84 newScore=-2.54318e+06 diffscore=90.8524 priorChange=-15.2492 successMove=11
ITERATION 85 newScore=-2.54203e+06 diffscore=1150.53 priorChange=-20.7944 successMove=10
ITERATION 86 newScore=-2.54197e+06 diffscore=62.2234 priorChange=-24.9533 successMove=9
ITERATION 87 newScore=-2.54188e+06 diffscore=88.1514 priorChange=-22.1807 successMove=9
ITERATION 88 newScore=-2.54183e+06 diffscore=45.8941 priorChange=-11.0904 successMove=8
ITERATION 89 newScore=-2.54178e+06 diffscore=52.8896 priorChange=-18.0218 successMove=8
ITERATION 90 newScore=-2.54059e+06 diffscore=1188.15 priorChange=-16.6355 successMove=8
ITERATION 91 newScore=-2.54055e+06 diffscore=44.4076 priorChange=-15.2492 successMove=6
ITERATION 92 newScore=-2.54037e+06 diffscore=176.41 priorChange=-15.2492 successMove=6
ITERATION 93 newScore=-2.54034e+06 diffscore=34.5385 priorChange=-4.15888 successMove=5
ITERATION 94 newScore=-2.54026e+06 diffscore=74.6573 priorChange=-12.4766 successMove=5
ITERATION 95 newScore=-2.5402e+06 diffscore=60.5438 priorChange=-6.93147 successMove=5
ITERATION 96 newScore=-2.54009e+06 diffscore=109.084 priorChange=-5.54518 successMove=5
ITERATION 97 newScore=-2.53994e+06 diffscore=154.09 priorChange=-5.54518 successMove=5
ITERATION 98 newScore=-2.53981e+06 diffscore=128.263 priorChange=-4.15888 successMove=5
ITERATION 99 newScore=-2.53913e+06 diffscore=679.577 priorChange=-8.31777 successMove=5
MetaLearner::dumpAllGraphs
Final Score -2.53913e+06
MetaLearner::start runtime: 1241812229 ms
Results/
Results/cluster3/
Results/cluster3/fold0/
Results/cluster3/fold0/modelparams.txt
Results/cluster3/fold0/var_mb_pw_k50.txt
Results/cluster7/
Results/cluster7/fold0/
Results/cluster7/fold0/modelparams.txt
Results/cluster7/fold0/var_mb_pw_k50.txt
Results/cluster2/
Results/cluster2/fold0/
Results/cluster2/fold0/modelparams.txt
Results/cluster2/fold0/var_mb_pw_k50.txt
Results/cluster9/
Results/cluster9/fold0/
Results/cluster9/fold0/modelparams.txt
Results/cluster9/fold0/var_mb_pw_k50.txt
Results/cluster6/
Results/cluster6/fold0/
Results/cluster6/fold0/modelparams.txt
Results/cluster6/fold0/var_mb_pw_k50.txt
Results/cluster1/
Results/cluster1/fold0/
Results/cluster1/fold0/modelparams.txt
Results/cluster1/fold0/var_mb_pw_k50.txt
Results/cluster10/
Results/cluster10/fold0/
Results/cluster10/fold0/modelparams.txt
Results/cluster10/fold0/var_mb_pw_k50.txt
Results/cluster8/
Results/cluster8/scoreFile.txt
Results/cluster8/fold0/
Results/cluster8/fold0/modelparams.txt
Results/cluster8/fold0/var_mb_pw_k50.txt
