000 (49777.2563.000) 10/11 10:48:14 Job submitted from host: <144.92.142.142:9618?addrs=144.92.142.142-9618&noUDP&sock=44923_051a_3>
...
001 (49777.2563.000) 10/11 19:27:10 Job executing on host: <128.105.68.16:9618?addrs=128.105.68.16-9618&alias=coba2000.chtc.wisc.edu&noUDP&sock=startd_7305_336c>
...
006 (49777.2563.000) 10/11 19:27:19 Image size of job updated: 156768
	104  -  MemoryUsage of job (MB)
	105564  -  ResidentSetSize of job (KB)
...
006 (49777.2563.000) 10/11 19:32:20 Image size of job updated: 754348
	704  -  MemoryUsage of job (MB)
	720872  -  ResidentSetSize of job (KB)
...
006 (49777.2563.000) 10/11 19:37:20 Image size of job updated: 1491472
	1410  -  MemoryUsage of job (MB)
	1443788  -  ResidentSetSize of job (KB)
...
006 (49777.2563.000) 10/11 19:42:21 Image size of job updated: 2222340
	2135  -  MemoryUsage of job (MB)
	2185736  -  ResidentSetSize of job (KB)
...
006 (49777.2563.000) 10/11 19:47:22 Image size of job updated: 2984936
	2881  -  MemoryUsage of job (MB)
	2949876  -  ResidentSetSize of job (KB)
...
006 (49777.2563.000) 10/11 19:49:08 Image size of job updated: 3354432
	2881  -  MemoryUsage of job (MB)
	2949876  -  ResidentSetSize of job (KB)
...
005 (49777.2563.000) 10/11 19:49:08 Job terminated.
	(1) Normal termination (return value 0)
		Usr 0 00:21:42, Sys 0 00:00:06  -  Run Remote Usage
		Usr 0 00:00:00, Sys 0 00:00:00  -  Run Local Usage
		Usr 0 00:21:42, Sys 0 00:00:06  -  Total Remote Usage
		Usr 0 00:00:00, Sys 0 00:00:00  -  Total Local Usage
	170040  -  Run Bytes Sent By Job
	316778592  -  Run Bytes Received By Job
	170040  -  Total Bytes Sent By Job
	316778592  -  Total Bytes Received By Job
	Partitionable Resources :     Usage  Request Allocated 
	   Cpus                 :      0.99        1         1 
	   Disk (KB)            : 325000      819200  44742796 
	   Gpus                 :                            0 
	   Ioheavy              :                            0 
	   Memory (MB)          :   2881       20480     21341 
...
