000 (49777.2021.000) 10/11 10:48:13 Job submitted from host: <144.92.142.142:9618?addrs=144.92.142.142-9618&noUDP&sock=44923_051a_3>
...
001 (49777.2021.000) 10/11 18:14:22 Job executing on host: <128.105.68.47:9618?addrs=128.105.68.47-9618&alias=e2477.chtc.wisc.edu&noUDP&sock=startd_4901_41bf>
...
006 (49777.2021.000) 10/11 18:14:31 Image size of job updated: 156776
	103  -  MemoryUsage of job (MB)
	105292  -  ResidentSetSize of job (KB)
...
006 (49777.2021.000) 10/11 18:19:32 Image size of job updated: 722504
	656  -  MemoryUsage of job (MB)
	671092  -  ResidentSetSize of job (KB)
...
006 (49777.2021.000) 10/11 18:24:32 Image size of job updated: 818780
	751  -  MemoryUsage of job (MB)
	768904  -  ResidentSetSize of job (KB)
...
006 (49777.2021.000) 10/11 18:29:33 Image size of job updated: 1078628
	1003  -  MemoryUsage of job (MB)
	1026964  -  ResidentSetSize of job (KB)
...
006 (49777.2021.000) 10/11 18:34:34 Image size of job updated: 1346596
	1266  -  MemoryUsage of job (MB)
	1295716  -  ResidentSetSize of job (KB)
...
006 (49777.2021.000) 10/11 18:38:50 Image size of job updated: 1576724
	1266  -  MemoryUsage of job (MB)
	1295716  -  ResidentSetSize of job (KB)
...
005 (49777.2021.000) 10/11 18:38:50 Job terminated.
	(1) Normal termination (return value 0)
		Usr 0 00:23:41, Sys 0 00:00:03  -  Run Remote Usage
		Usr 0 00:00:00, Sys 0 00:00:00  -  Run Local Usage
		Usr 0 00:23:41, Sys 0 00:00:03  -  Total Remote Usage
		Usr 0 00:00:00, Sys 0 00:00:00  -  Total Local Usage
	162195  -  Run Bytes Sent By Job
	316808288  -  Run Bytes Received By Job
	162195  -  Total Bytes Sent By Job
	316808288  -  Total Bytes Received By Job
	Partitionable Resources :     Usage  Request Allocated 
	   Cpus                 :      0.77        1         1 
	   Disk (KB)            : 325000      819200   1701260 
	   Memory (MB)          :   1266       20480     20480 
...
