./CVN -f config_condor.txt -x50 -v1 -l TFs_OGs.txt -n AllGenes59.txt -d celltype_tree_ancestor.txt -m testdata_ogids.txt -s celltype_order.txt -p 0.2 -c yes -b -4 -q 4
(cluster3|cluster8) p_maintain_edge=0.8 p_gain=0.2
(cluster2|cluster3) p_maintain_edge=0.8 p_gain=0.2
(cluster1|cluster2) p_maintain_edge=0.8 p_gain=0.2
(cluster6|cluster2) p_maintain_edge=0.8 p_gain=0.2
(cluster9|cluster6) p_maintain_edge=0.8 p_gain=0.2
(cluster10|cluster6) p_maintain_edge=0.8 p_gain=0.2
(cluster7|cluster10) p_maintain_edge=0.8 p_gain=0.2
speciesSet.size()=8 Root is cluster8
MappedOrthogroupReader::readSpeciesMapping() --- celltype_order.txt
MappedOrthogroupReader::readFile - testdata_ogids.txt
MappedOrthogroupReader::generateGeneOrthoMap()
MetaLearner::init_onefold() read:config_condor.txt
MetaLearner::setinputVariableNames number of variables: 2043
readEvidenceTable:cluster8.table
PotentialManager::loadEvidenceFromTable varCount=2043 sampleCount=348
motifNetwork.size() = 319
0=cluster8 motifNetwork=cluster8_network.txt
variable size=2043
readEvidenceTable:cluster3.table
PotentialManager::loadEvidenceFromTable varCount=2043 sampleCount=95
motifNetwork.size() = 326
1=cluster3 motifNetwork=cluster3_network.txt
variable size=2043
readEvidenceTable:cluster2.table
PotentialManager::loadEvidenceFromTable varCount=2043 sampleCount=386
motifNetwork.size() = 328
2=cluster2 motifNetwork=cluster2_network.txt
variable size=2043
readEvidenceTable:cluster1.table
PotentialManager::loadEvidenceFromTable varCount=2043 sampleCount=36
motifNetwork.size() = 322
3=cluster1 motifNetwork=cluster1_network.txt
variable size=2043
readEvidenceTable:cluster6.table
PotentialManager::loadEvidenceFromTable varCount=2043 sampleCount=524
motifNetwork.size() = 320
4=cluster6 motifNetwork=cluster6_network.txt
variable size=2043
readEvidenceTable:cluster9.table
PotentialManager::loadEvidenceFromTable varCount=2043 sampleCount=184
motifNetwork.size() = 327
5=cluster9 motifNetwork=cluster9_network.txt
variable size=2043
readEvidenceTable:cluster10.table
PotentialManager::loadEvidenceFromTable varCount=2043 sampleCount=165
motifNetwork.size() = 326
6=cluster10 motifNetwork=cluster10_network.txt
variable size=2043
readEvidenceTable:cluster7.table
PotentialManager::loadEvidenceFromTable varCount=2043 sampleCount=1032
motifNetwork.size() = 320
7=cluster7 motifNetwork=cluster7_network.txt
variable size=2043
-------------------------------------------------------------
MetaLearner::start
precomputeEmptyGraphPrior
binkey=0 [Edge status: 0 0 0 0 0 0 0 0 ] P(G)=P(cluster8=0)[0.8] * P(cluster1=0|cluster2=0) * P(cluster9=0|cluster6=0) * P(cluster7=0|cluster10=0) * P(cluster10=0|cluster6=0) * P(cluster6=0|cluster2=0) * P(cluster2=0|cluster3=0) * P(cluster3=0|cluster8=0)[0.209715]=0.167772
condsetMap_Tree
0 cluster8=0 cluster3=0 cluster2=0 cluster1=0 cluster6=0 cluster9=0 cluster10=0 cluster7=1
1 cluster8=0 cluster3=0 cluster2=0 cluster1=0 cluster6=0 cluster9=1 cluster10=0 cluster7=0
2 cluster8=0 cluster3=0 cluster2=0 cluster1=0 cluster6=0 cluster9=1 cluster10=0 cluster7=1
3 cluster8=0 cluster3=0 cluster2=0 cluster1=1 cluster6=0 cluster9=0 cluster10=0 cluster7=0
4 cluster8=0 cluster3=0 cluster2=0 cluster1=1 cluster6=0 cluster9=0 cluster10=0 cluster7=1
5 cluster8=0 cluster3=0 cluster2=0 cluster1=1 cluster6=0 cluster9=1 cluster10=0 cluster7=0
6 cluster8=0 cluster3=0 cluster2=0 cluster1=1 cluster6=0 cluster9=1 cluster10=0 cluster7=1
7 cluster8=0 cluster3=0 cluster2=0 cluster1=0 cluster6=0 cluster9=0 cluster10=1 cluster7=1
8 cluster8=0 cluster3=0 cluster2=0 cluster1=0 cluster6=0 cluster9=1 cluster10=1 cluster7=1
9 cluster8=0 cluster3=0 cluster2=0 cluster1=1 cluster6=0 cluster9=0 cluster10=1 cluster7=1
10 cluster8=0 cluster3=0 cluster2=0 cluster1=1 cluster6=0 cluster9=1 cluster10=1 cluster7=1
11 cluster8=0 cluster3=0 cluster2=0 cluster1=0 cluster6=1 cluster9=1 cluster10=1 cluster7=1
12 cluster8=0 cluster3=0 cluster2=0 cluster1=1 cluster6=1 cluster9=1 cluster10=1 cluster7=1
13 cluster8=0 cluster3=0 cluster2=1 cluster1=1 cluster6=1 cluster9=1 cluster10=1 cluster7=1
14 cluster8=0 cluster3=1 cluster2=1 cluster1=1 cluster6=1 cluster9=1 cluster10=1 cluster7=1
15 cluster8=1 cluster3=1 cluster2=1 cluster1=1 cluster6=1 cluster9=1 cluster10=1 cluster7=1
16 cluster8=1 cluster3=1 cluster2=1 cluster1=1 cluster6=1 cluster9=1 cluster10=1 cluster7=0
17 cluster8=1 cluster3=1 cluster2=1 cluster1=1 cluster6=1 cluster9=0 cluster10=1 cluster7=1
18 cluster8=1 cluster3=1 cluster2=1 cluster1=1 cluster6=1 cluster9=0 cluster10=1 cluster7=0
19 cluster8=1 cluster3=1 cluster2=1 cluster1=0 cluster6=1 cluster9=1 cluster10=1 cluster7=1
20 cluster8=1 cluster3=1 cluster2=1 cluster1=0 cluster6=1 cluster9=1 cluster10=1 cluster7=0
21 cluster8=1 cluster3=1 cluster2=1 cluster1=0 cluster6=1 cluster9=0 cluster10=1 cluster7=1
22 cluster8=1 cluster3=1 cluster2=1 cluster1=0 cluster6=1 cluster9=0 cluster10=1 cluster7=0
23 cluster8=1 cluster3=1 cluster2=1 cluster1=1 cluster6=1 cluster9=1 cluster10=0 cluster7=0
24 cluster8=1 cluster3=1 cluster2=1 cluster1=1 cluster6=1 cluster9=0 cluster10=0 cluster7=0
25 cluster8=1 cluster3=1 cluster2=1 cluster1=0 cluster6=1 cluster9=1 cluster10=0 cluster7=0
26 cluster8=1 cluster3=1 cluster2=1 cluster1=0 cluster6=1 cluster9=0 cluster10=0 cluster7=0
27 cluster8=1 cluster3=1 cluster2=1 cluster1=1 cluster6=0 cluster9=0 cluster10=0 cluster7=0
28 cluster8=1 cluster3=1 cluster2=1 cluster1=0 cluster6=0 cluster9=0 cluster10=0 cluster7=0
29 cluster8=1 cluster3=1 cluster2=0 cluster1=0 cluster6=0 cluster9=0 cluster10=0 cluster7=0
30 cluster8=1 cluster3=0 cluster2=0 cluster1=0 cluster6=0 cluster9=0 cluster10=0 cluster7=0
31 cluster8=0 cluster3=0 cluster2=0 cluster1=0 cluster6=1 cluster9=0 cluster10=0 cluster7=0
32 cluster8=0 cluster3=0 cluster2=1 cluster1=0 cluster6=0 cluster9=0 cluster10=0 cluster7=0
33 cluster8=0 cluster3=0 cluster2=0 cluster1=0 cluster6=0 cluster9=0 cluster10=1 cluster7=0
34 cluster8=0 cluster3=1 cluster2=0 cluster1=0 cluster6=0 cluster9=0 cluster10=0 cluster7=0
inputRegulatorOGs.size() = 1999 inputOGList.size() = 50
binkey=16 [Edge status: 0 0 0 0 1 0 0 0 ] P(G)=P(cluster8=0)[0.8] * P(cluster1=0|cluster2=0) * P(cluster9=0|cluster6=1) * P(cluster7=0|cluster10=0) * P(cluster10=0|cluster6=1) * P(cluster6=1|cluster2=0) * P(cluster2=0|cluster3=0) * P(cluster3=0|cluster8=0)[0.0032768]=0.00262144
binkey=128 [Edge status: 0 0 0 0 0 0 0 1 ] P(G)=P(cluster8=0)[0.8] * P(cluster1=0|cluster2=0) * P(cluster9=0|cluster6=0) * P(cluster7=1|cluster10=0) * P(cluster10=0|cluster6=0) * P(cluster6=0|cluster2=0) * P(cluster2=0|cluster3=0) * P(cluster3=0|cluster8=0)[0.0524288]=0.041943
binkey=3 [Edge status: 1 1 0 0 0 0 0 0 ] P(G)=P(cluster8=1)[0.2] * P(cluster1=0|cluster2=0) * P(cluster9=0|cluster6=0) * P(cluster7=0|cluster10=0) * P(cluster10=0|cluster6=0) * P(cluster6=0|cluster2=0) * P(cluster2=0|cluster3=1) * P(cluster3=1|cluster8=1)[0.0524288]=0.0104858
binkey=1 [Edge status: 1 0 0 0 0 0 0 0 ] P(G)=P(cluster8=1)[0.2] * P(cluster1=0|cluster2=0) * P(cluster9=0|cluster6=0) * P(cluster7=0|cluster10=0) * P(cluster10=0|cluster6=0) * P(cluster6=0|cluster2=0) * P(cluster2=0|cluster3=0) * P(cluster3=0|cluster8=1)[0.0524288]=0.0104858
binkey=2 [Edge status: 0 1 0 0 0 0 0 0 ] P(G)=P(cluster8=0)[0.8] * P(cluster1=0|cluster2=0) * P(cluster9=0|cluster6=0) * P(cluster7=0|cluster10=0) * P(cluster10=0|cluster6=0) * P(cluster6=0|cluster2=0) * P(cluster2=0|cluster3=1) * P(cluster3=1|cluster8=0)[0.0131072]=0.0104858
binkey=4 [Edge status: 0 0 1 0 0 0 0 0 ] P(G)=P(cluster8=0)[0.8] * P(cluster1=0|cluster2=1) * P(cluster9=0|cluster6=0) * P(cluster7=0|cluster10=0) * P(cluster10=0|cluster6=0) * P(cluster6=0|cluster2=1) * P(cluster2=1|cluster3=0) * P(cluster3=0|cluster8=0)[0.0032768]=0.00262144
binkey=32 [Edge status: 0 0 0 0 0 1 0 0 ] P(G)=P(cluster8=0)[0.8] * P(cluster1=0|cluster2=0) * P(cluster9=1|cluster6=0) * P(cluster7=0|cluster10=0) * P(cluster10=0|cluster6=0) * P(cluster6=0|cluster2=0) * P(cluster2=0|cluster3=0) * P(cluster3=0|cluster8=0)[0.0524288]=0.041943
binkey=64 [Edge status: 0 0 0 0 0 0 1 0 ] P(G)=P(cluster8=0)[0.8] * P(cluster1=0|cluster2=0) * P(cluster9=0|cluster6=0) * P(cluster7=0|cluster10=1) * P(cluster10=1|cluster6=0) * P(cluster6=0|cluster2=0) * P(cluster2=0|cluster3=0) * P(cluster3=0|cluster8=0)[0.0131072]=0.0104858
binkey=8 [Edge status: 0 0 0 1 0 0 0 0 ] P(G)=P(cluster8=0)[0.8] * P(cluster1=1|cluster2=0) * P(cluster9=0|cluster6=0) * P(cluster7=0|cluster10=0) * P(cluster10=0|cluster6=0) * P(cluster6=0|cluster2=0) * P(cluster2=0|cluster3=0) * P(cluster3=0|cluster8=0)[0.0524288]=0.041943
binkey=40 [Edge status: 0 0 0 1 0 1 0 0 ] P(G)=P(cluster8=0)[0.8] * P(cluster1=1|cluster2=0) * P(cluster9=1|cluster6=0) * P(cluster7=0|cluster10=0) * P(cluster10=0|cluster6=0) * P(cluster6=0|cluster2=0) * P(cluster2=0|cluster3=0) * P(cluster3=0|cluster8=0)[0.0131072]=0.0104858
binkey=192 [Edge status: 0 0 0 0 0 0 1 1 ] P(G)=P(cluster8=0)[0.8] * P(cluster1=0|cluster2=0) * P(cluster9=0|cluster6=0) * P(cluster7=1|cluster10=1) * P(cluster10=1|cluster6=0) * P(cluster6=0|cluster2=0) * P(cluster2=0|cluster3=0) * P(cluster3=0|cluster8=0)[0.0524288]=0.041943
binkey=215 [Edge status: 1 1 1 0 1 0 1 1 ] P(G)=P(cluster8=1)[0.2] * P(cluster1=0|cluster2=1) * P(cluster9=0|cluster6=1) * P(cluster7=1|cluster10=1) * P(cluster10=1|cluster6=1) * P(cluster6=1|cluster2=1) * P(cluster2=1|cluster3=1) * P(cluster3=1|cluster8=1)[0.0131072]=0.00262144
binkey=87 [Edge status: 1 1 1 0 1 0 1 0 ] P(G)=P(cluster8=1)[0.2] * P(cluster1=0|cluster2=1) * P(cluster9=0|cluster6=1) * P(cluster7=0|cluster10=1) * P(cluster10=1|cluster6=1) * P(cluster6=1|cluster2=1) * P(cluster2=1|cluster3=1) * P(cluster3=1|cluster8=1)[0.0032768]=0.00065536
binkey=23 [Edge status: 1 1 1 0 1 0 0 0 ] P(G)=P(cluster8=1)[0.2] * P(cluster1=0|cluster2=1) * P(cluster9=0|cluster6=1) * P(cluster7=0|cluster10=0) * P(cluster10=0|cluster6=1) * P(cluster6=1|cluster2=1) * P(cluster2=1|cluster3=1) * P(cluster3=1|cluster8=1)[0.0032768]=0.00065536
binkey=7 [Edge status: 1 1 1 0 0 0 0 0 ] P(G)=P(cluster8=1)[0.2] * P(cluster1=0|cluster2=1) * P(cluster9=0|cluster6=0) * P(cluster7=0|cluster10=0) * P(cluster10=0|cluster6=0) * P(cluster6=0|cluster2=1) * P(cluster2=1|cluster3=1) * P(cluster3=1|cluster8=1)[0.0131072]=0.00262144
binkey=160 [Edge status: 0 0 0 0 0 1 0 1 ] P(G)=P(cluster8=0)[0.8] * P(cluster1=0|cluster2=0) * P(cluster9=1|cluster6=0) * P(cluster7=1|cluster10=0) * P(cluster10=0|cluster6=0) * P(cluster6=0|cluster2=0) * P(cluster2=0|cluster3=0) * P(cluster3=0|cluster8=0)[0.0131072]=0.0104858
binkey=224 [Edge status: 0 0 0 0 0 1 1 1 ] P(G)=P(cluster8=0)[0.8] * P(cluster1=0|cluster2=0) * P(cluster9=1|cluster6=0) * P(cluster7=1|cluster10=1) * P(cluster10=1|cluster6=0) * P(cluster6=0|cluster2=0) * P(cluster2=0|cluster3=0) * P(cluster3=0|cluster8=0)[0.0131072]=0.0104858
binkey=240 [Edge status: 0 0 0 0 1 1 1 1 ] P(G)=P(cluster8=0)[0.8] * P(cluster1=0|cluster2=0) * P(cluster9=1|cluster6=1) * P(cluster7=1|cluster10=1) * P(cluster10=1|cluster6=1) * P(cluster6=1|cluster2=0) * P(cluster2=0|cluster3=0) * P(cluster3=0|cluster8=0)[0.0524288]=0.041943
binkey=247 [Edge status: 1 1 1 0 1 1 1 1 ] P(G)=P(cluster8=1)[0.2] * P(cluster1=0|cluster2=1) * P(cluster9=1|cluster6=1) * P(cluster7=1|cluster10=1) * P(cluster10=1|cluster6=1) * P(cluster6=1|cluster2=1) * P(cluster2=1|cluster3=1) * P(cluster3=1|cluster8=1)[0.0524288]=0.0104858
binkey=119 [Edge status: 1 1 1 0 1 1 1 0 ] P(G)=P(cluster8=1)[0.2] * P(cluster1=0|cluster2=1) * P(cluster9=1|cluster6=1) * P(cluster7=0|cluster10=1) * P(cluster10=1|cluster6=1) * P(cluster6=1|cluster2=1) * P(cluster2=1|cluster3=1) * P(cluster3=1|cluster8=1)[0.0131072]=0.00262144
binkey=55 [Edge status: 1 1 1 0 1 1 0 0 ] P(G)=P(cluster8=1)[0.2] * P(cluster1=0|cluster2=1) * P(cluster9=1|cluster6=1) * P(cluster7=0|cluster10=0) * P(cluster10=0|cluster6=1) * P(cluster6=1|cluster2=1) * P(cluster2=1|cluster3=1) * P(cluster3=1|cluster8=1)[0.0131072]=0.00262144
binkey=136 [Edge status: 0 0 0 1 0 0 0 1 ] P(G)=P(cluster8=0)[0.8] * P(cluster1=1|cluster2=0) * P(cluster9=0|cluster6=0) * P(cluster7=1|cluster10=0) * P(cluster10=0|cluster6=0) * P(cluster6=0|cluster2=0) * P(cluster2=0|cluster3=0) * P(cluster3=0|cluster8=0)[0.0131072]=0.0104858
binkey=168 [Edge status: 0 0 0 1 0 1 0 1 ] P(G)=P(cluster8=0)[0.8] * P(cluster1=1|cluster2=0) * P(cluster9=1|cluster6=0) * P(cluster7=1|cluster10=0) * P(cluster10=0|cluster6=0) * P(cluster6=0|cluster2=0) * P(cluster2=0|cluster3=0) * P(cluster3=0|cluster8=0)[0.0032768]=0.00262144
binkey=200 [Edge status: 0 0 0 1 0 0 1 1 ] P(G)=P(cluster8=0)[0.8] * P(cluster1=1|cluster2=0) * P(cluster9=0|cluster6=0) * P(cluster7=1|cluster10=1) * P(cluster10=1|cluster6=0) * P(cluster6=0|cluster2=0) * P(cluster2=0|cluster3=0) * P(cluster3=0|cluster8=0)[0.0131072]=0.0104858
binkey=232 [Edge status: 0 0 0 1 0 1 1 1 ] P(G)=P(cluster8=0)[0.8] * P(cluster1=1|cluster2=0) * P(cluster9=1|cluster6=0) * P(cluster7=1|cluster10=1) * P(cluster10=1|cluster6=0) * P(cluster6=0|cluster2=0) * P(cluster2=0|cluster3=0) * P(cluster3=0|cluster8=0)[0.0032768]=0.00262144
binkey=248 [Edge status: 0 0 0 1 1 1 1 1 ] P(G)=P(cluster8=0)[0.8] * P(cluster1=1|cluster2=0) * P(cluster9=1|cluster6=1) * P(cluster7=1|cluster10=1) * P(cluster10=1|cluster6=1) * P(cluster6=1|cluster2=0) * P(cluster2=0|cluster3=0) * P(cluster3=0|cluster8=0)[0.0131072]=0.0104858
binkey=252 [Edge status: 0 0 1 1 1 1 1 1 ] P(G)=P(cluster8=0)[0.8] * P(cluster1=1|cluster2=1) * P(cluster9=1|cluster6=1) * P(cluster7=1|cluster10=1) * P(cluster10=1|cluster6=1) * P(cluster6=1|cluster2=1) * P(cluster2=1|cluster3=0) * P(cluster3=0|cluster8=0)[0.0524288]=0.041943
ITERATION 0 newScore=-2.73148e+06 diffscore=11133.9 priorChange=-110.904 successMove=73
ITERATION 1 newScore=-2.72677e+06 diffscore=4717.61 priorChange=-117.835 successMove=62
ITERATION 2 newScore=-2.718e+06 diffscore=8770 priorChange=-121.994 successMove=52
ITERATION 3 newScore=-2.71123e+06 diffscore=6763.3 priorChange=-115.062 successMove=53
ITERATION 4 newScore=-2.70761e+06 diffscore=3617.84 priorChange=-115.062 successMove=50
ITERATION 5 newScore=-2.70183e+06 diffscore=5781.83 priorChange=-119.221 successMove=54
ITERATION 6 newScore=-2.6993e+06 diffscore=2529.11 priorChange=-106.745 successMove=59
ITERATION 7 newScore=-2.69741e+06 diffscore=1889.02 priorChange=-105.358 successMove=52
ITERATION 8 newScore=-2.69268e+06 diffscore=4737.82 priorChange=-94.268 successMove=51
ITERATION 9 newScore=-2.69025e+06 diffscore=2430.23 priorChange=-101.199 successMove=50
ITERATION 10 newScore=-2.6863e+06 diffscore=3949.59 priorChange=-112.29 successMove=50
ITERATION 11 newScore=-2.6833e+06 diffscore=2992.36 priorChange=-126.153 successMove=55
ITERATION 12 newScore=-2.68068e+06 diffscore=2628.04 priorChange=-119.221 successMove=50
ITERATION 13 newScore=-2.6771e+06 diffscore=3572.78 priorChange=-124.766 successMove=51
ITERATION 14 newScore=-2.67566e+06 diffscore=1444.33 priorChange=-97.0406 successMove=51
ITERATION 15 newScore=-2.67495e+06 diffscore=713.554 priorChange=-119.221 successMove=52
ITERATION 16 newScore=-2.66945e+06 diffscore=5498.39 priorChange=-115.062 successMove=50
ITERATION 17 newScore=-2.66586e+06 diffscore=3584.64 priorChange=-105.358 successMove=51
ITERATION 18 newScore=-2.66381e+06 diffscore=2053.94 priorChange=-117.835 successMove=51
ITERATION 19 newScore=-2.6625e+06 diffscore=1312.15 priorChange=-108.131 successMove=50
ITERATION 20 newScore=-2.66182e+06 diffscore=679.874 priorChange=-99.8132 successMove=49
ITERATION 21 newScore=-2.65856e+06 diffscore=3257.04 priorChange=-106.745 successMove=49
ITERATION 22 newScore=-2.65517e+06 diffscore=3394 priorChange=-103.972 successMove=49
ITERATION 23 newScore=-2.65453e+06 diffscore=633.564 priorChange=-110.904 successMove=51
ITERATION 24 newScore=-2.65209e+06 diffscore=2444.39 priorChange=-112.29 successMove=48
ITERATION 25 newScore=-2.64946e+06 diffscore=2622.99 priorChange=-113.676 successMove=50
ITERATION 26 newScore=-2.64898e+06 diffscore=486.318 priorChange=-105.358 successMove=47
ITERATION 27 newScore=-2.64851e+06 diffscore=469.02 priorChange=-91.4954 successMove=47
ITERATION 28 newScore=-2.64801e+06 diffscore=495.017 priorChange=-109.517 successMove=46
ITERATION 29 newScore=-2.64633e+06 diffscore=1687.72 priorChange=-106.745 successMove=47
ITERATION 30 newScore=-2.64566e+06 diffscore=665.653 priorChange=-99.8132 successMove=44
ITERATION 31 newScore=-2.64445e+06 diffscore=1213.7 priorChange=-88.7228 successMove=45
ITERATION 32 newScore=-2.64159e+06 diffscore=2857.46 priorChange=-99.8132 successMove=44
ITERATION 33 newScore=-2.63939e+06 diffscore=2198.82 priorChange=-113.676 successMove=44
ITERATION 34 newScore=-2.63762e+06 diffscore=1772.03 priorChange=-95.6543 successMove=44
ITERATION 35 newScore=-2.63519e+06 diffscore=2426.15 priorChange=-109.517 successMove=43
ITERATION 36 newScore=-2.63375e+06 diffscore=1442.95 priorChange=-94.268 successMove=43
ITERATION 37 newScore=-2.63339e+06 diffscore=363.9 priorChange=-92.8817 successMove=43
ITERATION 38 newScore=-2.63297e+06 diffscore=416.883 priorChange=-94.268 successMove=45
ITERATION 39 newScore=-2.6325e+06 diffscore=469.346 priorChange=-102.586 successMove=42
ITERATION 40 newScore=-2.63087e+06 diffscore=1625.23 priorChange=-105.358 successMove=42
ITERATION 41 newScore=-2.63036e+06 diffscore=512.933 priorChange=-103.972 successMove=41
ITERATION 42 newScore=-2.62956e+06 diffscore=805.844 priorChange=-92.8817 successMove=44
ITERATION 43 newScore=-2.627e+06 diffscore=2554 priorChange=-95.6543 successMove=47
ITERATION 44 newScore=-2.62676e+06 diffscore=237.109 priorChange=-81.7914 successMove=41
ITERATION 45 newScore=-2.62634e+06 diffscore=421.746 priorChange=-105.358 successMove=43
ITERATION 46 newScore=-2.62484e+06 diffscore=1504.79 priorChange=-84.564 successMove=39
ITERATION 47 newScore=-2.62372e+06 diffscore=1122.26 priorChange=-90.1091 successMove=39
ITERATION 48 newScore=-2.6215e+06 diffscore=2218.33 priorChange=-80.4051 successMove=39
ITERATION 49 newScore=-2.61856e+06 diffscore=2936.39 priorChange=-79.0188 successMove=40
ITERATION 50 newScore=-2.61803e+06 diffscore=535.362 priorChange=-90.1091 successMove=40
ITERATION 51 newScore=-2.61775e+06 diffscore=276.201 priorChange=-95.6543 successMove=40
ITERATION 52 newScore=-2.61609e+06 diffscore=1655.04 priorChange=-72.0873 successMove=38
ITERATION 53 newScore=-2.61454e+06 diffscore=1552.41 priorChange=-85.9503 successMove=38
ITERATION 54 newScore=-2.61424e+06 diffscore=302.155 priorChange=-81.7914 successMove=38
ITERATION 55 newScore=-2.61184e+06 diffscore=2395.23 priorChange=-63.7695 successMove=37
ITERATION 56 newScore=-2.61163e+06 diffscore=214.465 priorChange=-83.1777 successMove=37
ITERATION 57 newScore=-2.61139e+06 diffscore=244.662 priorChange=-83.1777 successMove=35
ITERATION 58 newScore=-2.61112e+06 diffscore=262.331 priorChange=-85.9503 successMove=35
ITERATION 59 newScore=-2.60976e+06 diffscore=1364.07 priorChange=-84.564 successMove=35
ITERATION 60 newScore=-2.60936e+06 diffscore=399.958 priorChange=-77.6325 successMove=35
ITERATION 61 newScore=-2.60912e+06 diffscore=241.178 priorChange=-80.4051 successMove=34
ITERATION 62 newScore=-2.60894e+06 diffscore=182.575 priorChange=-67.9284 successMove=34
ITERATION 63 newScore=-2.60874e+06 diffscore=194.407 priorChange=-85.9503 successMove=33
ITERATION 64 newScore=-2.60853e+06 diffscore=214.044 priorChange=-80.4051 successMove=34
ITERATION 65 newScore=-2.60832e+06 diffscore=207.74 priorChange=-83.1777 successMove=33
ITERATION 66 newScore=-2.60801e+06 diffscore=305.933 priorChange=-79.0188 successMove=32
ITERATION 67 newScore=-2.60779e+06 diffscore=221.727 priorChange=-83.1777 successMove=31
ITERATION 68 newScore=-2.60738e+06 diffscore=408.297 priorChange=-70.701 successMove=31
ITERATION 69 newScore=-2.60599e+06 diffscore=1393.96 priorChange=-70.701 successMove=31
ITERATION 70 newScore=-2.60573e+06 diffscore=256.445 priorChange=-62.3832 successMove=29
ITERATION 71 newScore=-2.60555e+06 diffscore=181.001 priorChange=-60.997 successMove=29
ITERATION 72 newScore=-2.60512e+06 diffscore=431.273 priorChange=-66.5421 successMove=26
ITERATION 73 newScore=-2.60193e+06 diffscore=3191.9 priorChange=-55.4518 successMove=25
ITERATION 74 newScore=-2.60171e+06 diffscore=216.534 priorChange=-52.6792 successMove=24
ITERATION 75 newScore=-2.60159e+06 diffscore=121.68 priorChange=-54.0655 successMove=24
ITERATION 76 newScore=-2.60145e+06 diffscore=136.095 priorChange=-58.2244 successMove=23
ITERATION 77 newScore=-2.60132e+06 diffscore=131.41 priorChange=-49.9066 successMove=23
ITERATION 78 newScore=-2.60114e+06 diffscore=179.247 priorChange=-49.9066 successMove=21
ITERATION 79 newScore=-2.60091e+06 diffscore=236.264 priorChange=-48.5203 successMove=20
ITERATION 80 newScore=-2.6008e+06 diffscore=111.213 priorChange=-42.9751 successMove=22
ITERATION 81 newScore=-2.59995e+06 diffscore=848.145 priorChange=-37.4299 successMove=19
ITERATION 82 newScore=-2.59989e+06 diffscore=61.5548 priorChange=-34.6574 successMove=19
ITERATION 83 newScore=-2.59983e+06 diffscore=55.9369 priorChange=-34.6574 successMove=18
ITERATION 84 newScore=-2.59977e+06 diffscore=60.1914 priorChange=-33.2711 successMove=18
ITERATION 85 newScore=-2.59907e+06 diffscore=696.238 priorChange=-29.1122 successMove=16
ITERATION 86 newScore=-2.59903e+06 diffscore=43.7516 priorChange=-29.1122 successMove=15
ITERATION 87 newScore=-2.59899e+06 diffscore=45.2718 priorChange=-31.8848 successMove=14
ITERATION 88 newScore=-2.59895e+06 diffscore=36.6197 priorChange=-22.1807 successMove=13
ITERATION 89 newScore=-2.5989e+06 diffscore=49.9511 priorChange=-31.8848 successMove=14
ITERATION 90 newScore=-2.59885e+06 diffscore=48.1843 priorChange=-27.7259 successMove=13
ITERATION 91 newScore=-2.59882e+06 diffscore=31.7984 priorChange=-22.1807 successMove=12
ITERATION 92 newScore=-2.59878e+06 diffscore=35.8667 priorChange=-16.6355 successMove=11
ITERATION 93 newScore=-2.59875e+06 diffscore=33.4848 priorChange=-13.8629 successMove=11
ITERATION 94 newScore=-2.59871e+06 diffscore=37.3883 priorChange=-18.0218 successMove=10
ITERATION 95 newScore=-2.59865e+06 diffscore=61.9335 priorChange=-18.0218 successMove=9
ITERATION 96 newScore=-2.59858e+06 diffscore=73.6834 priorChange=-19.4081 successMove=8
ITERATION 97 newScore=-2.5985e+06 diffscore=77.7417 priorChange=-12.4766 successMove=7
ITERATION 98 newScore=-2.5971e+06 diffscore=1402.51 priorChange=-16.6355 successMove=8
ITERATION 99 newScore=-2.59654e+06 diffscore=557.409 priorChange=-15.2492 successMove=8
MetaLearner::dumpAllGraphs
Final Score -2.59654e+06
MetaLearner::start runtime: 1194504273 ms
Results/
Results/cluster3/
Results/cluster3/fold0/
Results/cluster3/fold0/modelparams.txt
Results/cluster3/fold0/var_mb_pw_k50.txt
Results/cluster7/
Results/cluster7/fold0/
Results/cluster7/fold0/modelparams.txt
Results/cluster7/fold0/var_mb_pw_k50.txt
Results/cluster2/
Results/cluster2/fold0/
Results/cluster2/fold0/modelparams.txt
Results/cluster2/fold0/var_mb_pw_k50.txt
Results/cluster9/
Results/cluster9/fold0/
Results/cluster9/fold0/modelparams.txt
Results/cluster9/fold0/var_mb_pw_k50.txt
Results/cluster6/
Results/cluster6/fold0/
Results/cluster6/fold0/modelparams.txt
Results/cluster6/fold0/var_mb_pw_k50.txt
Results/cluster1/
Results/cluster1/fold0/
Results/cluster1/fold0/modelparams.txt
Results/cluster1/fold0/var_mb_pw_k50.txt
Results/cluster10/
Results/cluster10/fold0/
Results/cluster10/fold0/modelparams.txt
Results/cluster10/fold0/var_mb_pw_k50.txt
Results/cluster8/
Results/cluster8/scoreFile.txt
Results/cluster8/fold0/
Results/cluster8/fold0/modelparams.txt
Results/cluster8/fold0/var_mb_pw_k50.txt
