000 (49777.1831.000) 10/11 10:48:12 Job submitted from host: <144.92.142.142:9618?addrs=144.92.142.142-9618&noUDP&sock=44923_051a_3>
...
001 (49777.1831.000) 10/11 17:43:24 Job executing on host: <144.92.142.191:9618?addrs=144.92.142.191-9618&noUDP&sock=12603_302e_3>
...
006 (49777.1831.000) 10/11 17:43:32 Image size of job updated: 105664
	104  -  MemoryUsage of job (MB)
	105664  -  ResidentSetSize of job (KB)
...
006 (49777.1831.000) 10/11 17:43:45 Image size of job updated: 312924
	104  -  MemoryUsage of job (MB)
	105664  -  ResidentSetSize of job (KB)
...
004 (49777.1831.000) 10/11 17:43:45 Job was evicted.
	(0) Job was not checkpointed.
		Usr 0 00:00:20, Sys 0 00:00:00  -  Run Remote Usage
		Usr 0 00:00:00, Sys 0 00:00:00  -  Run Local Usage
	0  -  Run Bytes Sent By Job
	316887328  -  Run Bytes Received By Job
	Partitionable Resources :    Usage  Request Allocated 
	   Cpus                 :        0        1         1 
	   Disk (KB)            :   325000   819200   1428813 
	   Memory (MB)          :      104    20480     20480 
...
001 (49777.1831.000) 10/11 17:44:13 Job executing on host: <128.105.68.23:9618?addrs=128.105.68.23-9618&alias=gpulab2004.chtc.wisc.edu&noUDP&sock=startd_62541_80a6>
...
006 (49777.1831.000) 10/11 17:49:23 Image size of job updated: 763512
	707  -  MemoryUsage of job (MB)
	723296  -  ResidentSetSize of job (KB)
...
006 (49777.1831.000) 10/11 17:54:23 Image size of job updated: 1338964
	1258  -  MemoryUsage of job (MB)
	1287808  -  ResidentSetSize of job (KB)
...
006 (49777.1831.000) 10/11 17:59:23 Image size of job updated: 1925908
	1835  -  MemoryUsage of job (MB)
	1878524  -  ResidentSetSize of job (KB)
...
006 (49777.1831.000) 10/11 18:04:24 Image size of job updated: 2496776
	2393  -  MemoryUsage of job (MB)
	2449664  -  ResidentSetSize of job (KB)
...
006 (49777.1831.000) 10/11 18:05:08 Image size of job updated: 2582956
	2393  -  MemoryUsage of job (MB)
	2449664  -  ResidentSetSize of job (KB)
...
005 (49777.1831.000) 10/11 18:05:08 Job terminated.
	(1) Normal termination (return value 0)
		Usr 0 00:20:48, Sys 0 00:00:04  -  Run Remote Usage
		Usr 0 00:00:00, Sys 0 00:00:00  -  Run Local Usage
		Usr 0 00:21:08, Sys 0 00:00:04  -  Total Remote Usage
		Usr 0 00:00:00, Sys 0 00:00:00  -  Total Local Usage
	172755  -  Run Bytes Sent By Job
	316887328  -  Run Bytes Received By Job
	172755  -  Total Bytes Sent By Job
	633774656  -  Total Bytes Received By Job
	Partitionable Resources :     Usage  Request Allocated 
	   Cpus                 :      0.99        1         1 
	   Disk (KB)            : 325000      819200  18192444 
	   Gpus                 :                            0 
	   Ioheavy              :                            0 
	   Memory (MB)          :   2393       20480     21341 
...
