000 (49777.1973.000) 10/11 10:48:13 Job submitted from host: <144.92.142.142:9618?addrs=144.92.142.142-9618&noUDP&sock=44923_051a_3>
...
001 (49777.1973.000) 10/11 18:05:11 Job executing on host: <128.105.68.16:9618?addrs=128.105.68.16-9618&alias=coba2000.chtc.wisc.edu&noUDP&sock=startd_7305_336c>
...
006 (49777.1973.000) 10/11 18:05:19 Image size of job updated: 156740
	104  -  MemoryUsage of job (MB)
	105512  -  ResidentSetSize of job (KB)
...
006 (49777.1973.000) 10/11 18:10:20 Image size of job updated: 725280
	679  -  MemoryUsage of job (MB)
	694832  -  ResidentSetSize of job (KB)
...
006 (49777.1973.000) 10/11 18:15:21 Image size of job updated: 1587112
	1520  -  MemoryUsage of job (MB)
	1556300  -  ResidentSetSize of job (KB)
...
006 (49777.1973.000) 10/11 18:20:21 Image size of job updated: 2440212
	2365  -  MemoryUsage of job (MB)
	2421712  -  ResidentSetSize of job (KB)
...
006 (49777.1973.000) 10/11 18:25:21 Image size of job updated: 3263640
	3138  -  MemoryUsage of job (MB)
	3212724  -  ResidentSetSize of job (KB)
...
006 (49777.1973.000) 10/11 18:26:57 Image size of job updated: 3493212
	3138  -  MemoryUsage of job (MB)
	3212724  -  ResidentSetSize of job (KB)
...
005 (49777.1973.000) 10/11 18:26:57 Job terminated.
	(1) Normal termination (return value 0)
		Usr 0 00:21:25, Sys 0 00:00:07  -  Run Remote Usage
		Usr 0 00:00:00, Sys 0 00:00:00  -  Run Local Usage
		Usr 0 00:21:25, Sys 0 00:00:07  -  Total Remote Usage
		Usr 0 00:00:00, Sys 0 00:00:00  -  Total Local Usage
	167354  -  Run Bytes Sent By Job
	316808288  -  Run Bytes Received By Job
	167354  -  Total Bytes Sent By Job
	316808288  -  Total Bytes Received By Job
	Partitionable Resources :     Usage  Request Allocated 
	   Cpus                 :      1.00        1         1 
	   Disk (KB)            : 325000      819200  44742796 
	   Gpus                 :                            0 
	   Ioheavy              :                            0 
	   Memory (MB)          :   3138       20480     21341 
...
