000 (49777.974.000) 10/11 10:48:10 Job submitted from host: <144.92.142.142:9618?addrs=144.92.142.142-9618&noUDP&sock=44923_051a_3>
...
001 (49777.974.000) 10/11 15:22:28 Job executing on host: <128.105.245.10:9618?addrs=128.105.245.10-9618&alias=gpu2000.chtc.wisc.edu&noUDP&sock=startd_6299_2b25>
...
006 (49777.974.000) 10/11 15:22:37 Image size of job updated: 105320
	103  -  MemoryUsage of job (MB)
	105320  -  ResidentSetSize of job (KB)
...
006 (49777.974.000) 10/11 15:27:38 Image size of job updated: 720352
	654  -  MemoryUsage of job (MB)
	669104  -  ResidentSetSize of job (KB)
...
006 (49777.974.000) 10/11 15:32:38 Image size of job updated: 773072
	706  -  MemoryUsage of job (MB)
	721980  -  ResidentSetSize of job (KB)
...
006 (49777.974.000) 10/11 15:37:39 Image size of job updated: 963620
	892  -  MemoryUsage of job (MB)
	913240  -  ResidentSetSize of job (KB)
...
006 (49777.974.000) 10/11 15:42:40 Image size of job updated: 1139756
	1066  -  MemoryUsage of job (MB)
	1090996  -  ResidentSetSize of job (KB)
...
006 (49777.974.000) 10/11 15:47:40 Image size of job updated: 1339272
	1275  -  MemoryUsage of job (MB)
	1304668  -  ResidentSetSize of job (KB)
...
006 (49777.974.000) 10/11 15:52:40 Image size of job updated: 1550508
	1466  -  MemoryUsage of job (MB)
	1500940  -  ResidentSetSize of job (KB)
...
006 (49777.974.000) 10/11 15:53:16 Image size of job updated: 1570520
	1466  -  MemoryUsage of job (MB)
	1500940  -  ResidentSetSize of job (KB)
...
005 (49777.974.000) 10/11 15:53:16 Job terminated.
	(1) Normal termination (return value 0)
		Usr 0 00:30:31, Sys 0 00:00:09  -  Run Remote Usage
		Usr 0 00:00:00, Sys 0 00:00:00  -  Run Local Usage
		Usr 0 00:30:31, Sys 0 00:00:09  -  Total Remote Usage
		Usr 0 00:00:00, Sys 0 00:00:00  -  Total Local Usage
	173215  -  Run Bytes Sent By Job
	316773152  -  Run Bytes Received By Job
	173215  -  Total Bytes Sent By Job
	316773152  -  Total Bytes Received By Job
	Partitionable Resources :     Usage  Request Allocated 
	   Cpus                 :      0.99        1         1 
	   Disk (KB)            : 325000      819200  18119584 
	   Gpus                 :                            0 
	   Ioheavy              :                            0 
	   Memory (MB)          :   1466       20480     25710 
...
