./CVN -f config_condor.txt -x50 -v1 -l TFs_OGs.txt -n AllGenes223.txt -d celltype_tree_ancestor.txt -m testdata_ogids.txt -s celltype_order.txt -p 0.2 -c yes -b -4 -q 4
(cluster3|cluster8) p_maintain_edge=0.8 p_gain=0.2
(cluster2|cluster3) p_maintain_edge=0.8 p_gain=0.2
(cluster1|cluster2) p_maintain_edge=0.8 p_gain=0.2
(cluster6|cluster2) p_maintain_edge=0.8 p_gain=0.2
(cluster9|cluster6) p_maintain_edge=0.8 p_gain=0.2
(cluster10|cluster6) p_maintain_edge=0.8 p_gain=0.2
(cluster7|cluster10) p_maintain_edge=0.8 p_gain=0.2
speciesSet.size()=8 Root is cluster8
MappedOrthogroupReader::readSpeciesMapping() --- celltype_order.txt
MappedOrthogroupReader::readFile - testdata_ogids.txt
MappedOrthogroupReader::generateGeneOrthoMap()
MetaLearner::init_onefold() read:config_condor.txt
MetaLearner::setinputVariableNames number of variables: 2037
readEvidenceTable:cluster8.table
PotentialManager::loadEvidenceFromTable varCount=2037 sampleCount=348
motifNetwork.size() = 319
0=cluster8 motifNetwork=cluster8_network.txt
variable size=2037
readEvidenceTable:cluster3.table
PotentialManager::loadEvidenceFromTable varCount=2037 sampleCount=95
motifNetwork.size() = 326
1=cluster3 motifNetwork=cluster3_network.txt
variable size=2037
readEvidenceTable:cluster2.table
PotentialManager::loadEvidenceFromTable varCount=2037 sampleCount=386
motifNetwork.size() = 328
2=cluster2 motifNetwork=cluster2_network.txt
variable size=2037
readEvidenceTable:cluster1.table
PotentialManager::loadEvidenceFromTable varCount=2037 sampleCount=36
motifNetwork.size() = 322
3=cluster1 motifNetwork=cluster1_network.txt
variable size=2037
readEvidenceTable:cluster6.table
PotentialManager::loadEvidenceFromTable varCount=2037 sampleCount=524
motifNetwork.size() = 320
4=cluster6 motifNetwork=cluster6_network.txt
variable size=2037
readEvidenceTable:cluster9.table
PotentialManager::loadEvidenceFromTable varCount=2037 sampleCount=184
motifNetwork.size() = 327
5=cluster9 motifNetwork=cluster9_network.txt
variable size=2037
readEvidenceTable:cluster10.table
PotentialManager::loadEvidenceFromTable varCount=2037 sampleCount=165
motifNetwork.size() = 326
6=cluster10 motifNetwork=cluster10_network.txt
variable size=2037
readEvidenceTable:cluster7.table
PotentialManager::loadEvidenceFromTable varCount=2037 sampleCount=1032
motifNetwork.size() = 320
7=cluster7 motifNetwork=cluster7_network.txt
variable size=2037
-------------------------------------------------------------
MetaLearner::start
precomputeEmptyGraphPrior
binkey=0 [Edge status: 0 0 0 0 0 0 0 0 ] P(G)=P(cluster8=0)[0.8] * P(cluster1=0|cluster2=0) * P(cluster9=0|cluster6=0) * P(cluster7=0|cluster10=0) * P(cluster10=0|cluster6=0) * P(cluster6=0|cluster2=0) * P(cluster2=0|cluster3=0) * P(cluster3=0|cluster8=0)[0.209715]=0.167772
condsetMap_Tree
0 cluster8=0 cluster3=0 cluster2=0 cluster1=0 cluster6=0 cluster9=0 cluster10=0 cluster7=1
1 cluster8=0 cluster3=0 cluster2=0 cluster1=0 cluster6=0 cluster9=1 cluster10=0 cluster7=0
2 cluster8=0 cluster3=0 cluster2=0 cluster1=0 cluster6=0 cluster9=1 cluster10=0 cluster7=1
3 cluster8=0 cluster3=0 cluster2=0 cluster1=1 cluster6=0 cluster9=0 cluster10=0 cluster7=0
4 cluster8=0 cluster3=0 cluster2=0 cluster1=1 cluster6=0 cluster9=0 cluster10=0 cluster7=1
5 cluster8=0 cluster3=0 cluster2=0 cluster1=1 cluster6=0 cluster9=1 cluster10=0 cluster7=0
6 cluster8=0 cluster3=0 cluster2=0 cluster1=1 cluster6=0 cluster9=1 cluster10=0 cluster7=1
7 cluster8=0 cluster3=0 cluster2=0 cluster1=0 cluster6=0 cluster9=0 cluster10=1 cluster7=1
8 cluster8=0 cluster3=0 cluster2=0 cluster1=0 cluster6=0 cluster9=1 cluster10=1 cluster7=1
9 cluster8=0 cluster3=0 cluster2=0 cluster1=1 cluster6=0 cluster9=0 cluster10=1 cluster7=1
10 cluster8=0 cluster3=0 cluster2=0 cluster1=1 cluster6=0 cluster9=1 cluster10=1 cluster7=1
11 cluster8=0 cluster3=0 cluster2=0 cluster1=0 cluster6=1 cluster9=1 cluster10=1 cluster7=1
12 cluster8=0 cluster3=0 cluster2=0 cluster1=1 cluster6=1 cluster9=1 cluster10=1 cluster7=1
13 cluster8=0 cluster3=0 cluster2=1 cluster1=1 cluster6=1 cluster9=1 cluster10=1 cluster7=1
14 cluster8=0 cluster3=1 cluster2=1 cluster1=1 cluster6=1 cluster9=1 cluster10=1 cluster7=1
15 cluster8=1 cluster3=1 cluster2=1 cluster1=1 cluster6=1 cluster9=1 cluster10=1 cluster7=1
16 cluster8=1 cluster3=1 cluster2=1 cluster1=1 cluster6=1 cluster9=1 cluster10=1 cluster7=0
17 cluster8=1 cluster3=1 cluster2=1 cluster1=1 cluster6=1 cluster9=0 cluster10=1 cluster7=1
18 cluster8=1 cluster3=1 cluster2=1 cluster1=1 cluster6=1 cluster9=0 cluster10=1 cluster7=0
19 cluster8=1 cluster3=1 cluster2=1 cluster1=0 cluster6=1 cluster9=1 cluster10=1 cluster7=1
20 cluster8=1 cluster3=1 cluster2=1 cluster1=0 cluster6=1 cluster9=1 cluster10=1 cluster7=0
21 cluster8=1 cluster3=1 cluster2=1 cluster1=0 cluster6=1 cluster9=0 cluster10=1 cluster7=1
22 cluster8=1 cluster3=1 cluster2=1 cluster1=0 cluster6=1 cluster9=0 cluster10=1 cluster7=0
23 cluster8=1 cluster3=1 cluster2=1 cluster1=1 cluster6=1 cluster9=1 cluster10=0 cluster7=0
24 cluster8=1 cluster3=1 cluster2=1 cluster1=1 cluster6=1 cluster9=0 cluster10=0 cluster7=0
25 cluster8=1 cluster3=1 cluster2=1 cluster1=0 cluster6=1 cluster9=1 cluster10=0 cluster7=0
26 cluster8=1 cluster3=1 cluster2=1 cluster1=0 cluster6=1 cluster9=0 cluster10=0 cluster7=0
27 cluster8=1 cluster3=1 cluster2=1 cluster1=1 cluster6=0 cluster9=0 cluster10=0 cluster7=0
28 cluster8=1 cluster3=1 cluster2=1 cluster1=0 cluster6=0 cluster9=0 cluster10=0 cluster7=0
29 cluster8=1 cluster3=1 cluster2=0 cluster1=0 cluster6=0 cluster9=0 cluster10=0 cluster7=0
30 cluster8=1 cluster3=0 cluster2=0 cluster1=0 cluster6=0 cluster9=0 cluster10=0 cluster7=0
31 cluster8=0 cluster3=0 cluster2=0 cluster1=0 cluster6=1 cluster9=0 cluster10=0 cluster7=0
32 cluster8=0 cluster3=0 cluster2=1 cluster1=0 cluster6=0 cluster9=0 cluster10=0 cluster7=0
33 cluster8=0 cluster3=0 cluster2=0 cluster1=0 cluster6=0 cluster9=0 cluster10=1 cluster7=0
34 cluster8=0 cluster3=1 cluster2=0 cluster1=0 cluster6=0 cluster9=0 cluster10=0 cluster7=0
inputRegulatorOGs.size() = 1999 inputOGList.size() = 50
binkey=128 [Edge status: 0 0 0 0 0 0 0 1 ] P(G)=P(cluster8=0)[0.8] * P(cluster1=0|cluster2=0) * P(cluster9=0|cluster6=0) * P(cluster7=1|cluster10=0) * P(cluster10=0|cluster6=0) * P(cluster6=0|cluster2=0) * P(cluster2=0|cluster3=0) * P(cluster3=0|cluster8=0)[0.0524288]=0.041943
binkey=32 [Edge status: 0 0 0 0 0 1 0 0 ] P(G)=P(cluster8=0)[0.8] * P(cluster1=0|cluster2=0) * P(cluster9=1|cluster6=0) * P(cluster7=0|cluster10=0) * P(cluster10=0|cluster6=0) * P(cluster6=0|cluster2=0) * P(cluster2=0|cluster3=0) * P(cluster3=0|cluster8=0)[0.0524288]=0.041943
binkey=2 [Edge status: 0 1 0 0 0 0 0 0 ] P(G)=P(cluster8=0)[0.8] * P(cluster1=0|cluster2=0) * P(cluster9=0|cluster6=0) * P(cluster7=0|cluster10=0) * P(cluster10=0|cluster6=0) * P(cluster6=0|cluster2=0) * P(cluster2=0|cluster3=1) * P(cluster3=1|cluster8=0)[0.0131072]=0.0104858
binkey=1 [Edge status: 1 0 0 0 0 0 0 0 ] P(G)=P(cluster8=1)[0.2] * P(cluster1=0|cluster2=0) * P(cluster9=0|cluster6=0) * P(cluster7=0|cluster10=0) * P(cluster10=0|cluster6=0) * P(cluster6=0|cluster2=0) * P(cluster2=0|cluster3=0) * P(cluster3=0|cluster8=1)[0.0524288]=0.0104858
binkey=64 [Edge status: 0 0 0 0 0 0 1 0 ] P(G)=P(cluster8=0)[0.8] * P(cluster1=0|cluster2=0) * P(cluster9=0|cluster6=0) * P(cluster7=0|cluster10=1) * P(cluster10=1|cluster6=0) * P(cluster6=0|cluster2=0) * P(cluster2=0|cluster3=0) * P(cluster3=0|cluster8=0)[0.0131072]=0.0104858
binkey=8 [Edge status: 0 0 0 1 0 0 0 0 ] P(G)=P(cluster8=0)[0.8] * P(cluster1=1|cluster2=0) * P(cluster9=0|cluster6=0) * P(cluster7=0|cluster10=0) * P(cluster10=0|cluster6=0) * P(cluster6=0|cluster2=0) * P(cluster2=0|cluster3=0) * P(cluster3=0|cluster8=0)[0.0524288]=0.041943
binkey=136 [Edge status: 0 0 0 1 0 0 0 1 ] P(G)=P(cluster8=0)[0.8] * P(cluster1=1|cluster2=0) * P(cluster9=0|cluster6=0) * P(cluster7=1|cluster10=0) * P(cluster10=0|cluster6=0) * P(cluster6=0|cluster2=0) * P(cluster2=0|cluster3=0) * P(cluster3=0|cluster8=0)[0.0131072]=0.0104858
binkey=192 [Edge status: 0 0 0 0 0 0 1 1 ] P(G)=P(cluster8=0)[0.8] * P(cluster1=0|cluster2=0) * P(cluster9=0|cluster6=0) * P(cluster7=1|cluster10=1) * P(cluster10=1|cluster6=0) * P(cluster6=0|cluster2=0) * P(cluster2=0|cluster3=0) * P(cluster3=0|cluster8=0)[0.0524288]=0.041943
binkey=200 [Edge status: 0 0 0 1 0 0 1 1 ] P(G)=P(cluster8=0)[0.8] * P(cluster1=1|cluster2=0) * P(cluster9=0|cluster6=0) * P(cluster7=1|cluster10=1) * P(cluster10=1|cluster6=0) * P(cluster6=0|cluster2=0) * P(cluster2=0|cluster3=0) * P(cluster3=0|cluster8=0)[0.0131072]=0.0104858
binkey=16 [Edge status: 0 0 0 0 1 0 0 0 ] P(G)=P(cluster8=0)[0.8] * P(cluster1=0|cluster2=0) * P(cluster9=0|cluster6=1) * P(cluster7=0|cluster10=0) * P(cluster10=0|cluster6=1) * P(cluster6=1|cluster2=0) * P(cluster2=0|cluster3=0) * P(cluster3=0|cluster8=0)[0.0032768]=0.00262144
binkey=4 [Edge status: 0 0 1 0 0 0 0 0 ] P(G)=P(cluster8=0)[0.8] * P(cluster1=0|cluster2=1) * P(cluster9=0|cluster6=0) * P(cluster7=0|cluster10=0) * P(cluster10=0|cluster6=0) * P(cluster6=0|cluster2=1) * P(cluster2=1|cluster3=0) * P(cluster3=0|cluster8=0)[0.0032768]=0.00262144
binkey=3 [Edge status: 1 1 0 0 0 0 0 0 ] P(G)=P(cluster8=1)[0.2] * P(cluster1=0|cluster2=0) * P(cluster9=0|cluster6=0) * P(cluster7=0|cluster10=0) * P(cluster10=0|cluster6=0) * P(cluster6=0|cluster2=0) * P(cluster2=0|cluster3=1) * P(cluster3=1|cluster8=1)[0.0524288]=0.0104858
binkey=160 [Edge status: 0 0 0 0 0 1 0 1 ] P(G)=P(cluster8=0)[0.8] * P(cluster1=0|cluster2=0) * P(cluster9=1|cluster6=0) * P(cluster7=1|cluster10=0) * P(cluster10=0|cluster6=0) * P(cluster6=0|cluster2=0) * P(cluster2=0|cluster3=0) * P(cluster3=0|cluster8=0)[0.0131072]=0.0104858
binkey=40 [Edge status: 0 0 0 1 0 1 0 0 ] P(G)=P(cluster8=0)[0.8] * P(cluster1=1|cluster2=0) * P(cluster9=1|cluster6=0) * P(cluster7=0|cluster10=0) * P(cluster10=0|cluster6=0) * P(cluster6=0|cluster2=0) * P(cluster2=0|cluster3=0) * P(cluster3=0|cluster8=0)[0.0131072]=0.0104858
binkey=168 [Edge status: 0 0 0 1 0 1 0 1 ] P(G)=P(cluster8=0)[0.8] * P(cluster1=1|cluster2=0) * P(cluster9=1|cluster6=0) * P(cluster7=1|cluster10=0) * P(cluster10=0|cluster6=0) * P(cluster6=0|cluster2=0) * P(cluster2=0|cluster3=0) * P(cluster3=0|cluster8=0)[0.0032768]=0.00262144
binkey=224 [Edge status: 0 0 0 0 0 1 1 1 ] P(G)=P(cluster8=0)[0.8] * P(cluster1=0|cluster2=0) * P(cluster9=1|cluster6=0) * P(cluster7=1|cluster10=1) * P(cluster10=1|cluster6=0) * P(cluster6=0|cluster2=0) * P(cluster2=0|cluster3=0) * P(cluster3=0|cluster8=0)[0.0131072]=0.0104858
binkey=240 [Edge status: 0 0 0 0 1 1 1 1 ] P(G)=P(cluster8=0)[0.8] * P(cluster1=0|cluster2=0) * P(cluster9=1|cluster6=1) * P(cluster7=1|cluster10=1) * P(cluster10=1|cluster6=1) * P(cluster6=1|cluster2=0) * P(cluster2=0|cluster3=0) * P(cluster3=0|cluster8=0)[0.0524288]=0.041943
binkey=7 [Edge status: 1 1 1 0 0 0 0 0 ] P(G)=P(cluster8=1)[0.2] * P(cluster1=0|cluster2=1) * P(cluster9=0|cluster6=0) * P(cluster7=0|cluster10=0) * P(cluster10=0|cluster6=0) * P(cluster6=0|cluster2=1) * P(cluster2=1|cluster3=1) * P(cluster3=1|cluster8=1)[0.0131072]=0.00262144
binkey=232 [Edge status: 0 0 0 1 0 1 1 1 ] P(G)=P(cluster8=0)[0.8] * P(cluster1=1|cluster2=0) * P(cluster9=1|cluster6=0) * P(cluster7=1|cluster10=1) * P(cluster10=1|cluster6=0) * P(cluster6=0|cluster2=0) * P(cluster2=0|cluster3=0) * P(cluster3=0|cluster8=0)[0.0032768]=0.00262144
binkey=248 [Edge status: 0 0 0 1 1 1 1 1 ] P(G)=P(cluster8=0)[0.8] * P(cluster1=1|cluster2=0) * P(cluster9=1|cluster6=1) * P(cluster7=1|cluster10=1) * P(cluster10=1|cluster6=1) * P(cluster6=1|cluster2=0) * P(cluster2=0|cluster3=0) * P(cluster3=0|cluster8=0)[0.0131072]=0.0104858
binkey=247 [Edge status: 1 1 1 0 1 1 1 1 ] P(G)=P(cluster8=1)[0.2] * P(cluster1=0|cluster2=1) * P(cluster9=1|cluster6=1) * P(cluster7=1|cluster10=1) * P(cluster10=1|cluster6=1) * P(cluster6=1|cluster2=1) * P(cluster2=1|cluster3=1) * P(cluster3=1|cluster8=1)[0.0524288]=0.0104858
binkey=119 [Edge status: 1 1 1 0 1 1 1 0 ] P(G)=P(cluster8=1)[0.2] * P(cluster1=0|cluster2=1) * P(cluster9=1|cluster6=1) * P(cluster7=0|cluster10=1) * P(cluster10=1|cluster6=1) * P(cluster6=1|cluster2=1) * P(cluster2=1|cluster3=1) * P(cluster3=1|cluster8=1)[0.0131072]=0.00262144
binkey=215 [Edge status: 1 1 1 0 1 0 1 1 ] P(G)=P(cluster8=1)[0.2] * P(cluster1=0|cluster2=1) * P(cluster9=0|cluster6=1) * P(cluster7=1|cluster10=1) * P(cluster10=1|cluster6=1) * P(cluster6=1|cluster2=1) * P(cluster2=1|cluster3=1) * P(cluster3=1|cluster8=1)[0.0131072]=0.00262144
binkey=87 [Edge status: 1 1 1 0 1 0 1 0 ] P(G)=P(cluster8=1)[0.2] * P(cluster1=0|cluster2=1) * P(cluster9=0|cluster6=1) * P(cluster7=0|cluster10=1) * P(cluster10=1|cluster6=1) * P(cluster6=1|cluster2=1) * P(cluster2=1|cluster3=1) * P(cluster3=1|cluster8=1)[0.0032768]=0.00065536
binkey=55 [Edge status: 1 1 1 0 1 1 0 0 ] P(G)=P(cluster8=1)[0.2] * P(cluster1=0|cluster2=1) * P(cluster9=1|cluster6=1) * P(cluster7=0|cluster10=0) * P(cluster10=0|cluster6=1) * P(cluster6=1|cluster2=1) * P(cluster2=1|cluster3=1) * P(cluster3=1|cluster8=1)[0.0131072]=0.00262144
binkey=23 [Edge status: 1 1 1 0 1 0 0 0 ] P(G)=P(cluster8=1)[0.2] * P(cluster1=0|cluster2=1) * P(cluster9=0|cluster6=1) * P(cluster7=0|cluster10=0) * P(cluster10=0|cluster6=1) * P(cluster6=1|cluster2=1) * P(cluster2=1|cluster3=1) * P(cluster3=1|cluster8=1)[0.0032768]=0.00065536
binkey=15 [Edge status: 1 1 1 1 0 0 0 0 ] P(G)=P(cluster8=1)[0.2] * P(cluster1=1|cluster2=1) * P(cluster9=0|cluster6=0) * P(cluster7=0|cluster10=0) * P(cluster10=0|cluster6=0) * P(cluster6=0|cluster2=1) * P(cluster2=1|cluster3=1) * P(cluster3=1|cluster8=1)[0.0524288]=0.0104858
binkey=63 [Edge status: 1 1 1 1 1 1 0 0 ] P(G)=P(cluster8=1)[0.2] * P(cluster1=1|cluster2=1) * P(cluster9=1|cluster6=1) * P(cluster7=0|cluster10=0) * P(cluster10=0|cluster6=1) * P(cluster6=1|cluster2=1) * P(cluster2=1|cluster3=1) * P(cluster3=1|cluster8=1)[0.0524288]=0.0104858
binkey=31 [Edge status: 1 1 1 1 1 0 0 0 ] P(G)=P(cluster8=1)[0.2] * P(cluster1=1|cluster2=1) * P(cluster9=0|cluster6=1) * P(cluster7=0|cluster10=0) * P(cluster10=0|cluster6=1) * P(cluster6=1|cluster2=1) * P(cluster2=1|cluster3=1) * P(cluster3=1|cluster8=1)[0.0131072]=0.00262144
binkey=252 [Edge status: 0 0 1 1 1 1 1 1 ] P(G)=P(cluster8=0)[0.8] * P(cluster1=1|cluster2=1) * P(cluster9=1|cluster6=1) * P(cluster7=1|cluster10=1) * P(cluster10=1|cluster6=1) * P(cluster6=1|cluster2=1) * P(cluster2=1|cluster3=0) * P(cluster3=0|cluster8=0)[0.0524288]=0.041943
binkey=254 [Edge status: 0 1 1 1 1 1 1 1 ] P(G)=P(cluster8=0)[0.8] * P(cluster1=1|cluster2=1) * P(cluster9=1|cluster6=1) * P(cluster7=1|cluster10=1) * P(cluster10=1|cluster6=1) * P(cluster6=1|cluster2=1) * P(cluster2=1|cluster3=1) * P(cluster3=1|cluster8=0)[0.0524288]=0.041943
binkey=255 [Edge status: 1 1 1 1 1 1 1 1 ] P(G)=P(cluster8=1)[0.2] * P(cluster1=1|cluster2=1) * P(cluster9=1|cluster6=1) * P(cluster7=1|cluster10=1) * P(cluster10=1|cluster6=1) * P(cluster6=1|cluster2=1) * P(cluster2=1|cluster3=1) * P(cluster3=1|cluster8=1)[0.209715]=0.041943
binkey=127 [Edge status: 1 1 1 1 1 1 1 0 ] P(G)=P(cluster8=1)[0.2] * P(cluster1=1|cluster2=1) * P(cluster9=1|cluster6=1) * P(cluster7=0|cluster10=1) * P(cluster10=1|cluster6=1) * P(cluster6=1|cluster2=1) * P(cluster2=1|cluster3=1) * P(cluster3=1|cluster8=1)[0.0524288]=0.0104858
binkey=223 [Edge status: 1 1 1 1 1 0 1 1 ] P(G)=P(cluster8=1)[0.2] * P(cluster1=1|cluster2=1) * P(cluster9=0|cluster6=1) * P(cluster7=1|cluster10=1) * P(cluster10=1|cluster6=1) * P(cluster6=1|cluster2=1) * P(cluster2=1|cluster3=1) * P(cluster3=1|cluster8=1)[0.0524288]=0.0104858
binkey=95 [Edge status: 1 1 1 1 1 0 1 0 ] P(G)=P(cluster8=1)[0.2] * P(cluster1=1|cluster2=1) * P(cluster9=0|cluster6=1) * P(cluster7=0|cluster10=1) * P(cluster10=1|cluster6=1) * P(cluster6=1|cluster2=1) * P(cluster2=1|cluster3=1) * P(cluster3=1|cluster8=1)[0.0131072]=0.00262144
ITERATION 0 newScore=-2.64636e+06 diffscore=8822.72 priorChange=-103.972 successMove=60
ITERATION 1 newScore=-2.63922e+06 diffscore=7146.11 priorChange=-115.062 successMove=59
ITERATION 2 newScore=-2.63587e+06 diffscore=3345.6 priorChange=-106.745 successMove=57
ITERATION 3 newScore=-2.62858e+06 diffscore=7290.83 priorChange=-116.449 successMove=54
ITERATION 4 newScore=-2.62317e+06 diffscore=5416.55 priorChange=-131.698 successMove=51
ITERATION 5 newScore=-2.61757e+06 diffscore=5591.66 priorChange=-105.358 successMove=54
ITERATION 6 newScore=-2.61574e+06 diffscore=1837.98 priorChange=-120.608 successMove=54
ITERATION 7 newScore=-2.61233e+06 diffscore=3407.64 priorChange=-99.8132 successMove=56
ITERATION 8 newScore=-2.608e+06 diffscore=4328.43 priorChange=-127.539 successMove=53
ITERATION 9 newScore=-2.60583e+06 diffscore=2172.27 priorChange=-117.835 successMove=50
ITERATION 10 newScore=-2.60176e+06 diffscore=4065.14 priorChange=-106.745 successMove=50
ITERATION 11 newScore=-2.59991e+06 diffscore=1857.42 priorChange=-103.972 successMove=51
ITERATION 12 newScore=-2.59838e+06 diffscore=1520.7 priorChange=-106.745 successMove=53
ITERATION 13 newScore=-2.59737e+06 diffscore=1014.55 priorChange=-98.4269 successMove=50
ITERATION 14 newScore=-2.59429e+06 diffscore=3078.22 priorChange=-103.972 successMove=55
ITERATION 15 newScore=-2.59359e+06 diffscore=703.516 priorChange=-110.904 successMove=51
ITERATION 16 newScore=-2.59155e+06 diffscore=2042.26 priorChange=-99.8132 successMove=52
ITERATION 17 newScore=-2.58915e+06 diffscore=2399.03 priorChange=-102.586 successMove=50
ITERATION 18 newScore=-2.58572e+06 diffscore=3422.13 priorChange=-105.358 successMove=50
ITERATION 19 newScore=-2.5839e+06 diffscore=1827.72 priorChange=-88.7228 successMove=50
ITERATION 20 newScore=-2.58304e+06 diffscore=855.258 priorChange=-95.6543 successMove=50
ITERATION 21 newScore=-2.57965e+06 diffscore=3389.37 priorChange=-108.131 successMove=48
ITERATION 22 newScore=-2.57545e+06 diffscore=4203.93 priorChange=-97.0406 successMove=49
ITERATION 23 newScore=-2.57497e+06 diffscore=481.401 priorChange=-87.3365 successMove=48
ITERATION 24 newScore=-2.57277e+06 diffscore=2192.59 priorChange=-112.29 successMove=46
ITERATION 25 newScore=-2.57098e+06 diffscore=1795.85 priorChange=-110.904 successMove=46
ITERATION 26 newScore=-2.57025e+06 diffscore=731.793 priorChange=-91.4954 successMove=47
ITERATION 27 newScore=-2.56732e+06 diffscore=2926.21 priorChange=-101.199 successMove=49
ITERATION 28 newScore=-2.56685e+06 diffscore=469.595 priorChange=-99.8132 successMove=46
ITERATION 29 newScore=-2.56504e+06 diffscore=1810.67 priorChange=-108.131 successMove=47
ITERATION 30 newScore=-2.56394e+06 diffscore=1104.3 priorChange=-101.199 successMove=48
ITERATION 31 newScore=-2.56253e+06 diffscore=1401.86 priorChange=-98.4269 successMove=46
ITERATION 32 newScore=-2.56207e+06 diffscore=468.463 priorChange=-98.4269 successMove=47
ITERATION 33 newScore=-2.55996e+06 diffscore=2104.66 priorChange=-105.358 successMove=45
ITERATION 34 newScore=-2.55803e+06 diffscore=1930.38 priorChange=-94.268 successMove=48
ITERATION 35 newScore=-2.55624e+06 diffscore=1785.92 priorChange=-91.4954 successMove=44
ITERATION 36 newScore=-2.5559e+06 diffscore=341.238 priorChange=-88.7228 successMove=44
ITERATION 37 newScore=-2.55448e+06 diffscore=1426.9 priorChange=-92.8817 successMove=45
ITERATION 38 newScore=-2.55278e+06 diffscore=1700.91 priorChange=-79.0188 successMove=44
ITERATION 39 newScore=-2.55243e+06 diffscore=342.128 priorChange=-99.8132 successMove=44
ITERATION 40 newScore=-2.55199e+06 diffscore=446.513 priorChange=-90.1091 successMove=47
ITERATION 41 newScore=-2.54942e+06 diffscore=2563.33 priorChange=-91.4954 successMove=43
ITERATION 42 newScore=-2.54909e+06 diffscore=336.291 priorChange=-88.7228 successMove=47
ITERATION 43 newScore=-2.54801e+06 diffscore=1082.37 priorChange=-98.4269 successMove=46
ITERATION 44 newScore=-2.54717e+06 diffscore=839.621 priorChange=-87.3365 successMove=45
ITERATION 45 newScore=-2.54688e+06 diffscore=287.193 priorChange=-95.6543 successMove=45
ITERATION 46 newScore=-2.54661e+06 diffscore=266.248 priorChange=-91.4954 successMove=49
ITERATION 47 newScore=-2.54637e+06 diffscore=243.242 priorChange=-73.4736 successMove=42
ITERATION 48 newScore=-2.54607e+06 diffscore=298.472 priorChange=-85.9503 successMove=42
ITERATION 49 newScore=-2.54548e+06 diffscore=586.665 priorChange=-85.9503 successMove=41
ITERATION 50 newScore=-2.54425e+06 diffscore=1231.15 priorChange=-84.564 successMove=42
ITERATION 51 newScore=-2.54379e+06 diffscore=457.766 priorChange=-83.1777 successMove=40
ITERATION 52 newScore=-2.54355e+06 diffscore=244.787 priorChange=-92.8817 successMove=40
ITERATION 53 newScore=-2.54199e+06 diffscore=1557.78 priorChange=-70.701 successMove=40
ITERATION 54 newScore=-2.54156e+06 diffscore=429.354 priorChange=-60.997 successMove=40
ITERATION 55 newScore=-2.54122e+06 diffscore=343.286 priorChange=-74.8599 successMove=37
ITERATION 56 newScore=-2.53956e+06 diffscore=1656.08 priorChange=-72.0873 successMove=36
ITERATION 57 newScore=-2.53625e+06 diffscore=3317.72 priorChange=-73.4736 successMove=34
ITERATION 58 newScore=-2.53609e+06 diffscore=158.979 priorChange=-66.5421 successMove=36
ITERATION 59 newScore=-2.53474e+06 diffscore=1342.77 priorChange=-60.997 successMove=36
ITERATION 60 newScore=-2.53456e+06 diffscore=183.73 priorChange=-62.3832 successMove=35
ITERATION 61 newScore=-2.53439e+06 diffscore=172.956 priorChange=-69.3147 successMove=33
ITERATION 62 newScore=-2.5342e+06 diffscore=190.288 priorChange=-66.5421 successMove=33
ITERATION 63 newScore=-2.53401e+06 diffscore=186.026 priorChange=-69.3147 successMove=33
ITERATION 64 newScore=-2.53384e+06 diffscore=169.979 priorChange=-74.8599 successMove=33
ITERATION 65 newScore=-2.53366e+06 diffscore=180.414 priorChange=-58.2244 successMove=32
ITERATION 66 newScore=-2.53271e+06 diffscore=946.038 priorChange=-60.997 successMove=32
ITERATION 67 newScore=-2.53256e+06 diffscore=156.116 priorChange=-72.0873 successMove=32
ITERATION 68 newScore=-2.53241e+06 diffscore=148.788 priorChange=-62.3832 successMove=31
ITERATION 69 newScore=-2.53226e+06 diffscore=153.594 priorChange=-59.6107 successMove=30
ITERATION 70 newScore=-2.53211e+06 diffscore=145.909 priorChange=-56.8381 successMove=29
ITERATION 71 newScore=-2.53194e+06 diffscore=171.681 priorChange=-52.6792 successMove=27
ITERATION 72 newScore=-2.53164e+06 diffscore=294.467 priorChange=-49.9066 successMove=24
ITERATION 73 newScore=-2.53052e+06 diffscore=1125.51 priorChange=-42.9751 successMove=22
ITERATION 74 newScore=-2.53031e+06 diffscore=209.208 priorChange=-33.2711 successMove=20
ITERATION 75 newScore=-2.52897e+06 diffscore=1340.89 priorChange=-36.0437 successMove=19
ITERATION 76 newScore=-2.52878e+06 diffscore=189.272 priorChange=-34.6574 successMove=19
ITERATION 77 newScore=-2.52856e+06 diffscore=222.428 priorChange=-36.0437 successMove=20
ITERATION 78 newScore=-2.52722e+06 diffscore=1332.77 priorChange=-27.7259 successMove=19
ITERATION 79 newScore=-2.52701e+06 diffscore=216.236 priorChange=-37.4299 successMove=19
ITERATION 80 newScore=-2.52677e+06 diffscore=237.428 priorChange=-36.0437 successMove=19
ITERATION 81 newScore=-2.52602e+06 diffscore=751.773 priorChange=-38.8162 successMove=19
ITERATION 82 newScore=-2.52592e+06 diffscore=98.4157 priorChange=-29.1122 successMove=19
ITERATION 83 newScore=-2.52581e+06 diffscore=113.824 priorChange=-33.2711 successMove=19
ITERATION 84 newScore=-2.52568e+06 diffscore=121.289 priorChange=-44.3614 successMove=20
ITERATION 85 newScore=-2.52554e+06 diffscore=144.018 priorChange=-30.4985 successMove=22
ITERATION 86 newScore=-2.52441e+06 diffscore=1132.74 priorChange=-27.7259 successMove=17
ITERATION 87 newScore=-2.52428e+06 diffscore=126.377 priorChange=-27.7259 successMove=17
ITERATION 88 newScore=-2.52407e+06 diffscore=213.419 priorChange=-29.1122 successMove=16
ITERATION 89 newScore=-2.52388e+06 diffscore=190.682 priorChange=-29.1122 successMove=15
ITERATION 90 newScore=-2.52356e+06 diffscore=319.131 priorChange=-26.3396 successMove=16
ITERATION 91 newScore=-2.5232e+06 diffscore=360.806 priorChange=-16.6355 successMove=16
ITERATION 92 newScore=-2.52244e+06 diffscore=760.058 priorChange=-29.1122 successMove=16
ITERATION 93 newScore=-2.52238e+06 diffscore=56.0088 priorChange=-29.1122 successMove=15
ITERATION 94 newScore=-2.52233e+06 diffscore=50.5392 priorChange=-23.567 successMove=15
ITERATION 95 newScore=-2.52228e+06 diffscore=49.6763 priorChange=-24.9533 successMove=14
ITERATION 96 newScore=-2.52225e+06 diffscore=34.033 priorChange=-15.2492 successMove=12
ITERATION 97 newScore=-2.52219e+06 diffscore=52.88 priorChange=-30.4985 successMove=12
ITERATION 98 newScore=-2.52215e+06 diffscore=45.1111 priorChange=-24.9533 successMove=12
ITERATION 99 newScore=-2.52212e+06 diffscore=34.3733 priorChange=-13.8629 successMove=11
MetaLearner::dumpAllGraphs
Final Score -2.52212e+06
MetaLearner::start runtime: 1536855757 ms
Results/
Results/cluster9/
Results/cluster9/fold0/
Results/cluster9/fold0/var_mb_pw_k50.txt
Results/cluster9/fold0/modelparams.txt
Results/cluster6/
Results/cluster6/fold0/
Results/cluster6/fold0/var_mb_pw_k50.txt
Results/cluster6/fold0/modelparams.txt
Results/cluster1/
Results/cluster1/fold0/
Results/cluster1/fold0/var_mb_pw_k50.txt
Results/cluster1/fold0/modelparams.txt
Results/cluster8/
Results/cluster8/fold0/
Results/cluster8/fold0/var_mb_pw_k50.txt
Results/cluster8/fold0/modelparams.txt
Results/cluster8/scoreFile.txt
Results/cluster10/
Results/cluster10/fold0/
Results/cluster10/fold0/var_mb_pw_k50.txt
Results/cluster10/fold0/modelparams.txt
Results/cluster3/
Results/cluster3/fold0/
Results/cluster3/fold0/var_mb_pw_k50.txt
Results/cluster3/fold0/modelparams.txt
Results/cluster7/
Results/cluster7/fold0/
Results/cluster7/fold0/var_mb_pw_k50.txt
Results/cluster7/fold0/modelparams.txt
Results/cluster2/
Results/cluster2/fold0/
Results/cluster2/fold0/var_mb_pw_k50.txt
Results/cluster2/fold0/modelparams.txt
