000 (49777.1227.000) 10/11 10:48:11 Job submitted from host: <144.92.142.142:9618?addrs=144.92.142.142-9618&noUDP&sock=44923_051a_3>
...
001 (49777.1227.000) 10/11 16:06:58 Job executing on host: <128.105.68.23:9618?addrs=128.105.68.23-9618&alias=gpulab2004.chtc.wisc.edu&noUDP&sock=startd_62541_80a6>
...
006 (49777.1227.000) 10/11 16:07:07 Image size of job updated: 156828
	104  -  MemoryUsage of job (MB)
	105708  -  ResidentSetSize of job (KB)
...
006 (49777.1227.000) 10/11 16:12:08 Image size of job updated: 776104
	739  -  MemoryUsage of job (MB)
	755852  -  ResidentSetSize of job (KB)
...
006 (49777.1227.000) 10/11 16:17:08 Image size of job updated: 1283084
	1205  -  MemoryUsage of job (MB)
	1233360  -  ResidentSetSize of job (KB)
...
006 (49777.1227.000) 10/11 16:22:08 Image size of job updated: 1783768
	1713  -  MemoryUsage of job (MB)
	1753676  -  ResidentSetSize of job (KB)
...
006 (49777.1227.000) 10/11 16:27:09 Image size of job updated: 2348828
	2245  -  MemoryUsage of job (MB)
	2298612  -  ResidentSetSize of job (KB)
...
006 (49777.1227.000) 10/11 16:29:20 Image size of job updated: 2573352
	2245  -  MemoryUsage of job (MB)
	2298612  -  ResidentSetSize of job (KB)
...
005 (49777.1227.000) 10/11 16:29:20 Job terminated.
	(1) Normal termination (return value 0)
		Usr 0 00:22:16, Sys 0 00:00:03  -  Run Remote Usage
		Usr 0 00:00:00, Sys 0 00:00:00  -  Run Local Usage
		Usr 0 00:22:16, Sys 0 00:00:03  -  Total Remote Usage
		Usr 0 00:00:00, Sys 0 00:00:00  -  Total Local Usage
	176184  -  Run Bytes Sent By Job
	316719136  -  Run Bytes Received By Job
	176184  -  Total Bytes Sent By Job
	316719136  -  Total Bytes Received By Job
	Partitionable Resources :     Usage  Request Allocated 
	   Cpus                 :      1.00        1         1 
	   Disk (KB)            : 325000      819200  18192444 
	   Gpus                 :                            0 
	   Ioheavy              :                            0 
	   Memory (MB)          :   2245       20480     21341 
...
