./CVN -f config_condor.txt -x50 -v1 -l TFs_OGs.txt -n AllGenes152.txt -d celltype_tree_ancestor.txt -m testdata_ogids.txt -s celltype_order.txt -p 0.2 -c yes -b -4 -q 4
(cluster3|cluster8) p_maintain_edge=0.8 p_gain=0.2
(cluster2|cluster3) p_maintain_edge=0.8 p_gain=0.2
(cluster1|cluster2) p_maintain_edge=0.8 p_gain=0.2
(cluster6|cluster2) p_maintain_edge=0.8 p_gain=0.2
(cluster9|cluster6) p_maintain_edge=0.8 p_gain=0.2
(cluster10|cluster6) p_maintain_edge=0.8 p_gain=0.2
(cluster7|cluster10) p_maintain_edge=0.8 p_gain=0.2
speciesSet.size()=8 Root is cluster8
MappedOrthogroupReader::readSpeciesMapping() --- celltype_order.txt
MappedOrthogroupReader::readFile - testdata_ogids.txt
MappedOrthogroupReader::generateGeneOrthoMap()
MetaLearner::init_onefold() read:config_condor.txt
MetaLearner::setinputVariableNames number of variables: 2038
readEvidenceTable:cluster8.table
PotentialManager::loadEvidenceFromTable varCount=2038 sampleCount=348
motifNetwork.size() = 319
0=cluster8 motifNetwork=cluster8_network.txt
variable size=2038
readEvidenceTable:cluster3.table
PotentialManager::loadEvidenceFromTable varCount=2038 sampleCount=95
motifNetwork.size() = 326
1=cluster3 motifNetwork=cluster3_network.txt
variable size=2038
readEvidenceTable:cluster2.table
PotentialManager::loadEvidenceFromTable varCount=2038 sampleCount=386
motifNetwork.size() = 328
2=cluster2 motifNetwork=cluster2_network.txt
variable size=2038
readEvidenceTable:cluster1.table
PotentialManager::loadEvidenceFromTable varCount=2038 sampleCount=36
motifNetwork.size() = 322
3=cluster1 motifNetwork=cluster1_network.txt
variable size=2038
readEvidenceTable:cluster6.table
PotentialManager::loadEvidenceFromTable varCount=2038 sampleCount=524
motifNetwork.size() = 320
4=cluster6 motifNetwork=cluster6_network.txt
variable size=2038
readEvidenceTable:cluster9.table
PotentialManager::loadEvidenceFromTable varCount=2038 sampleCount=184
motifNetwork.size() = 327
5=cluster9 motifNetwork=cluster9_network.txt
variable size=2038
readEvidenceTable:cluster10.table
PotentialManager::loadEvidenceFromTable varCount=2038 sampleCount=165
motifNetwork.size() = 326
6=cluster10 motifNetwork=cluster10_network.txt
variable size=2038
readEvidenceTable:cluster7.table
PotentialManager::loadEvidenceFromTable varCount=2038 sampleCount=1032
motifNetwork.size() = 320
7=cluster7 motifNetwork=cluster7_network.txt
variable size=2038
-------------------------------------------------------------
MetaLearner::start
precomputeEmptyGraphPrior
binkey=0 [Edge status: 0 0 0 0 0 0 0 0 ] P(G)=P(cluster8=0)[0.8] * P(cluster1=0|cluster2=0) * P(cluster9=0|cluster6=0) * P(cluster7=0|cluster10=0) * P(cluster10=0|cluster6=0) * P(cluster6=0|cluster2=0) * P(cluster2=0|cluster3=0) * P(cluster3=0|cluster8=0)[0.209715]=0.167772
condsetMap_Tree
0 cluster8=0 cluster3=0 cluster2=0 cluster1=0 cluster6=0 cluster9=0 cluster10=0 cluster7=1
1 cluster8=0 cluster3=0 cluster2=0 cluster1=0 cluster6=0 cluster9=1 cluster10=0 cluster7=0
2 cluster8=0 cluster3=0 cluster2=0 cluster1=0 cluster6=0 cluster9=1 cluster10=0 cluster7=1
3 cluster8=0 cluster3=0 cluster2=0 cluster1=1 cluster6=0 cluster9=0 cluster10=0 cluster7=0
4 cluster8=0 cluster3=0 cluster2=0 cluster1=1 cluster6=0 cluster9=0 cluster10=0 cluster7=1
5 cluster8=0 cluster3=0 cluster2=0 cluster1=1 cluster6=0 cluster9=1 cluster10=0 cluster7=0
6 cluster8=0 cluster3=0 cluster2=0 cluster1=1 cluster6=0 cluster9=1 cluster10=0 cluster7=1
7 cluster8=0 cluster3=0 cluster2=0 cluster1=0 cluster6=0 cluster9=0 cluster10=1 cluster7=1
8 cluster8=0 cluster3=0 cluster2=0 cluster1=0 cluster6=0 cluster9=1 cluster10=1 cluster7=1
9 cluster8=0 cluster3=0 cluster2=0 cluster1=1 cluster6=0 cluster9=0 cluster10=1 cluster7=1
10 cluster8=0 cluster3=0 cluster2=0 cluster1=1 cluster6=0 cluster9=1 cluster10=1 cluster7=1
11 cluster8=0 cluster3=0 cluster2=0 cluster1=0 cluster6=1 cluster9=1 cluster10=1 cluster7=1
12 cluster8=0 cluster3=0 cluster2=0 cluster1=1 cluster6=1 cluster9=1 cluster10=1 cluster7=1
13 cluster8=0 cluster3=0 cluster2=1 cluster1=1 cluster6=1 cluster9=1 cluster10=1 cluster7=1
14 cluster8=0 cluster3=1 cluster2=1 cluster1=1 cluster6=1 cluster9=1 cluster10=1 cluster7=1
15 cluster8=1 cluster3=1 cluster2=1 cluster1=1 cluster6=1 cluster9=1 cluster10=1 cluster7=1
16 cluster8=1 cluster3=1 cluster2=1 cluster1=1 cluster6=1 cluster9=1 cluster10=1 cluster7=0
17 cluster8=1 cluster3=1 cluster2=1 cluster1=1 cluster6=1 cluster9=0 cluster10=1 cluster7=1
18 cluster8=1 cluster3=1 cluster2=1 cluster1=1 cluster6=1 cluster9=0 cluster10=1 cluster7=0
19 cluster8=1 cluster3=1 cluster2=1 cluster1=0 cluster6=1 cluster9=1 cluster10=1 cluster7=1
20 cluster8=1 cluster3=1 cluster2=1 cluster1=0 cluster6=1 cluster9=1 cluster10=1 cluster7=0
21 cluster8=1 cluster3=1 cluster2=1 cluster1=0 cluster6=1 cluster9=0 cluster10=1 cluster7=1
22 cluster8=1 cluster3=1 cluster2=1 cluster1=0 cluster6=1 cluster9=0 cluster10=1 cluster7=0
23 cluster8=1 cluster3=1 cluster2=1 cluster1=1 cluster6=1 cluster9=1 cluster10=0 cluster7=0
24 cluster8=1 cluster3=1 cluster2=1 cluster1=1 cluster6=1 cluster9=0 cluster10=0 cluster7=0
25 cluster8=1 cluster3=1 cluster2=1 cluster1=0 cluster6=1 cluster9=1 cluster10=0 cluster7=0
26 cluster8=1 cluster3=1 cluster2=1 cluster1=0 cluster6=1 cluster9=0 cluster10=0 cluster7=0
27 cluster8=1 cluster3=1 cluster2=1 cluster1=1 cluster6=0 cluster9=0 cluster10=0 cluster7=0
28 cluster8=1 cluster3=1 cluster2=1 cluster1=0 cluster6=0 cluster9=0 cluster10=0 cluster7=0
29 cluster8=1 cluster3=1 cluster2=0 cluster1=0 cluster6=0 cluster9=0 cluster10=0 cluster7=0
30 cluster8=1 cluster3=0 cluster2=0 cluster1=0 cluster6=0 cluster9=0 cluster10=0 cluster7=0
31 cluster8=0 cluster3=0 cluster2=0 cluster1=0 cluster6=1 cluster9=0 cluster10=0 cluster7=0
32 cluster8=0 cluster3=0 cluster2=1 cluster1=0 cluster6=0 cluster9=0 cluster10=0 cluster7=0
33 cluster8=0 cluster3=0 cluster2=0 cluster1=0 cluster6=0 cluster9=0 cluster10=1 cluster7=0
34 cluster8=0 cluster3=1 cluster2=0 cluster1=0 cluster6=0 cluster9=0 cluster10=0 cluster7=0
inputRegulatorOGs.size() = 1999 inputOGList.size() = 50
binkey=128 [Edge status: 0 0 0 0 0 0 0 1 ] P(G)=P(cluster8=0)[0.8] * P(cluster1=0|cluster2=0) * P(cluster9=0|cluster6=0) * P(cluster7=1|cluster10=0) * P(cluster10=0|cluster6=0) * P(cluster6=0|cluster2=0) * P(cluster2=0|cluster3=0) * P(cluster3=0|cluster8=0)[0.0524288]=0.041943
binkey=8 [Edge status: 0 0 0 1 0 0 0 0 ] P(G)=P(cluster8=0)[0.8] * P(cluster1=1|cluster2=0) * P(cluster9=0|cluster6=0) * P(cluster7=0|cluster10=0) * P(cluster10=0|cluster6=0) * P(cluster6=0|cluster2=0) * P(cluster2=0|cluster3=0) * P(cluster3=0|cluster8=0)[0.0524288]=0.041943
binkey=2 [Edge status: 0 1 0 0 0 0 0 0 ] P(G)=P(cluster8=0)[0.8] * P(cluster1=0|cluster2=0) * P(cluster9=0|cluster6=0) * P(cluster7=0|cluster10=0) * P(cluster10=0|cluster6=0) * P(cluster6=0|cluster2=0) * P(cluster2=0|cluster3=1) * P(cluster3=1|cluster8=0)[0.0131072]=0.0104858
binkey=4 [Edge status: 0 0 1 0 0 0 0 0 ] P(G)=P(cluster8=0)[0.8] * P(cluster1=0|cluster2=1) * P(cluster9=0|cluster6=0) * P(cluster7=0|cluster10=0) * P(cluster10=0|cluster6=0) * P(cluster6=0|cluster2=1) * P(cluster2=1|cluster3=0) * P(cluster3=0|cluster8=0)[0.0032768]=0.00262144
binkey=1 [Edge status: 1 0 0 0 0 0 0 0 ] P(G)=P(cluster8=1)[0.2] * P(cluster1=0|cluster2=0) * P(cluster9=0|cluster6=0) * P(cluster7=0|cluster10=0) * P(cluster10=0|cluster6=0) * P(cluster6=0|cluster2=0) * P(cluster2=0|cluster3=0) * P(cluster3=0|cluster8=1)[0.0524288]=0.0104858
binkey=64 [Edge status: 0 0 0 0 0 0 1 0 ] P(G)=P(cluster8=0)[0.8] * P(cluster1=0|cluster2=0) * P(cluster9=0|cluster6=0) * P(cluster7=0|cluster10=1) * P(cluster10=1|cluster6=0) * P(cluster6=0|cluster2=0) * P(cluster2=0|cluster3=0) * P(cluster3=0|cluster8=0)[0.0131072]=0.0104858
binkey=16 [Edge status: 0 0 0 0 1 0 0 0 ] P(G)=P(cluster8=0)[0.8] * P(cluster1=0|cluster2=0) * P(cluster9=0|cluster6=1) * P(cluster7=0|cluster10=0) * P(cluster10=0|cluster6=1) * P(cluster6=1|cluster2=0) * P(cluster2=0|cluster3=0) * P(cluster3=0|cluster8=0)[0.0032768]=0.00262144
binkey=3 [Edge status: 1 1 0 0 0 0 0 0 ] P(G)=P(cluster8=1)[0.2] * P(cluster1=0|cluster2=0) * P(cluster9=0|cluster6=0) * P(cluster7=0|cluster10=0) * P(cluster10=0|cluster6=0) * P(cluster6=0|cluster2=0) * P(cluster2=0|cluster3=1) * P(cluster3=1|cluster8=1)[0.0524288]=0.0104858
binkey=32 [Edge status: 0 0 0 0 0 1 0 0 ] P(G)=P(cluster8=0)[0.8] * P(cluster1=0|cluster2=0) * P(cluster9=1|cluster6=0) * P(cluster7=0|cluster10=0) * P(cluster10=0|cluster6=0) * P(cluster6=0|cluster2=0) * P(cluster2=0|cluster3=0) * P(cluster3=0|cluster8=0)[0.0524288]=0.041943
binkey=192 [Edge status: 0 0 0 0 0 0 1 1 ] P(G)=P(cluster8=0)[0.8] * P(cluster1=0|cluster2=0) * P(cluster9=0|cluster6=0) * P(cluster7=1|cluster10=1) * P(cluster10=1|cluster6=0) * P(cluster6=0|cluster2=0) * P(cluster2=0|cluster3=0) * P(cluster3=0|cluster8=0)[0.0524288]=0.041943
binkey=40 [Edge status: 0 0 0 1 0 1 0 0 ] P(G)=P(cluster8=0)[0.8] * P(cluster1=1|cluster2=0) * P(cluster9=1|cluster6=0) * P(cluster7=0|cluster10=0) * P(cluster10=0|cluster6=0) * P(cluster6=0|cluster2=0) * P(cluster2=0|cluster3=0) * P(cluster3=0|cluster8=0)[0.0131072]=0.0104858
binkey=136 [Edge status: 0 0 0 1 0 0 0 1 ] P(G)=P(cluster8=0)[0.8] * P(cluster1=1|cluster2=0) * P(cluster9=0|cluster6=0) * P(cluster7=1|cluster10=0) * P(cluster10=0|cluster6=0) * P(cluster6=0|cluster2=0) * P(cluster2=0|cluster3=0) * P(cluster3=0|cluster8=0)[0.0131072]=0.0104858
binkey=160 [Edge status: 0 0 0 0 0 1 0 1 ] P(G)=P(cluster8=0)[0.8] * P(cluster1=0|cluster2=0) * P(cluster9=1|cluster6=0) * P(cluster7=1|cluster10=0) * P(cluster10=0|cluster6=0) * P(cluster6=0|cluster2=0) * P(cluster2=0|cluster3=0) * P(cluster3=0|cluster8=0)[0.0131072]=0.0104858
binkey=23 [Edge status: 1 1 1 0 1 0 0 0 ] P(G)=P(cluster8=1)[0.2] * P(cluster1=0|cluster2=1) * P(cluster9=0|cluster6=1) * P(cluster7=0|cluster10=0) * P(cluster10=0|cluster6=1) * P(cluster6=1|cluster2=1) * P(cluster2=1|cluster3=1) * P(cluster3=1|cluster8=1)[0.0032768]=0.00065536
binkey=7 [Edge status: 1 1 1 0 0 0 0 0 ] P(G)=P(cluster8=1)[0.2] * P(cluster1=0|cluster2=1) * P(cluster9=0|cluster6=0) * P(cluster7=0|cluster10=0) * P(cluster10=0|cluster6=0) * P(cluster6=0|cluster2=1) * P(cluster2=1|cluster3=1) * P(cluster3=1|cluster8=1)[0.0131072]=0.00262144
binkey=224 [Edge status: 0 0 0 0 0 1 1 1 ] P(G)=P(cluster8=0)[0.8] * P(cluster1=0|cluster2=0) * P(cluster9=1|cluster6=0) * P(cluster7=1|cluster10=1) * P(cluster10=1|cluster6=0) * P(cluster6=0|cluster2=0) * P(cluster2=0|cluster3=0) * P(cluster3=0|cluster8=0)[0.0131072]=0.0104858
binkey=200 [Edge status: 0 0 0 1 0 0 1 1 ] P(G)=P(cluster8=0)[0.8] * P(cluster1=1|cluster2=0) * P(cluster9=0|cluster6=0) * P(cluster7=1|cluster10=1) * P(cluster10=1|cluster6=0) * P(cluster6=0|cluster2=0) * P(cluster2=0|cluster3=0) * P(cluster3=0|cluster8=0)[0.0131072]=0.0104858
binkey=168 [Edge status: 0 0 0 1 0 1 0 1 ] P(G)=P(cluster8=0)[0.8] * P(cluster1=1|cluster2=0) * P(cluster9=1|cluster6=0) * P(cluster7=1|cluster10=0) * P(cluster10=0|cluster6=0) * P(cluster6=0|cluster2=0) * P(cluster2=0|cluster3=0) * P(cluster3=0|cluster8=0)[0.0032768]=0.00262144
binkey=232 [Edge status: 0 0 0 1 0 1 1 1 ] P(G)=P(cluster8=0)[0.8] * P(cluster1=1|cluster2=0) * P(cluster9=1|cluster6=0) * P(cluster7=1|cluster10=1) * P(cluster10=1|cluster6=0) * P(cluster6=0|cluster2=0) * P(cluster2=0|cluster3=0) * P(cluster3=0|cluster8=0)[0.0032768]=0.00262144
binkey=240 [Edge status: 0 0 0 0 1 1 1 1 ] P(G)=P(cluster8=0)[0.8] * P(cluster1=0|cluster2=0) * P(cluster9=1|cluster6=1) * P(cluster7=1|cluster10=1) * P(cluster10=1|cluster6=1) * P(cluster6=1|cluster2=0) * P(cluster2=0|cluster3=0) * P(cluster3=0|cluster8=0)[0.0524288]=0.041943
ITERATION 0 newScore=-2.75019e+06 diffscore=12475.7 priorChange=-98.4269 successMove=52
ITERATION 1 newScore=-2.74155e+06 diffscore=8642.72 priorChange=-106.745 successMove=52
ITERATION 2 newScore=-2.73441e+06 diffscore=7135.51 priorChange=-116.449 successMove=52
ITERATION 3 newScore=-2.73002e+06 diffscore=4396.37 priorChange=-116.449 successMove=54
binkey=248 [Edge status: 0 0 0 1 1 1 1 1 ] P(G)=P(cluster8=0)[0.8] * P(cluster1=1|cluster2=0) * P(cluster9=1|cluster6=1) * P(cluster7=1|cluster10=1) * P(cluster10=1|cluster6=1) * P(cluster6=1|cluster2=0) * P(cluster2=0|cluster3=0) * P(cluster3=0|cluster8=0)[0.0131072]=0.0104858
ITERATION 4 newScore=-2.72762e+06 diffscore=2400.34 priorChange=-120.608 successMove=51
ITERATION 5 newScore=-2.72643e+06 diffscore=1182.91 priorChange=-115.062 successMove=51
ITERATION 6 newScore=-2.7233e+06 diffscore=3136.1 priorChange=-115.062 successMove=52
ITERATION 7 newScore=-2.72068e+06 diffscore=2623.39 priorChange=-108.131 successMove=51
ITERATION 8 newScore=-2.71629e+06 diffscore=4383.96 priorChange=-120.608 successMove=53
ITERATION 9 newScore=-2.71504e+06 diffscore=1253.6 priorChange=-106.745 successMove=52
ITERATION 10 newScore=-2.71078e+06 diffscore=4252.96 priorChange=-113.676 successMove=51
ITERATION 11 newScore=-2.70922e+06 diffscore=1562.93 priorChange=-112.29 successMove=50
ITERATION 12 newScore=-2.7064e+06 diffscore=2821.35 priorChange=-109.517 successMove=50
ITERATION 13 newScore=-2.70419e+06 diffscore=2208.97 priorChange=-109.517 successMove=54
ITERATION 14 newScore=-2.70268e+06 diffscore=1515.29 priorChange=-108.131 successMove=52
ITERATION 15 newScore=-2.69869e+06 diffscore=3990.95 priorChange=-112.29 successMove=50
ITERATION 16 newScore=-2.69457e+06 diffscore=4113.6 priorChange=-109.517 successMove=50
ITERATION 17 newScore=-2.69375e+06 diffscore=821.067 priorChange=-103.972 successMove=52
ITERATION 18 newScore=-2.6917e+06 diffscore=2046.1 priorChange=-97.0406 successMove=51
ITERATION 19 newScore=-2.68979e+06 diffscore=1913.64 priorChange=-105.358 successMove=50
ITERATION 20 newScore=-2.6892e+06 diffscore=587.575 priorChange=-110.904 successMove=53
ITERATION 21 newScore=-2.68789e+06 diffscore=1313.63 priorChange=-92.8817 successMove=50
binkey=55 [Edge status: 1 1 1 0 1 1 0 0 ] P(G)=P(cluster8=1)[0.2] * P(cluster1=0|cluster2=1) * P(cluster9=1|cluster6=1) * P(cluster7=0|cluster10=0) * P(cluster10=0|cluster6=1) * P(cluster6=1|cluster2=1) * P(cluster2=1|cluster3=1) * P(cluster3=1|cluster8=1)[0.0131072]=0.00262144
ITERATION 22 newScore=-2.68611e+06 diffscore=1775.15 priorChange=-109.517 successMove=51
ITERATION 23 newScore=-2.68442e+06 diffscore=1690.99 priorChange=-117.835 successMove=51
ITERATION 24 newScore=-2.68259e+06 diffscore=1830.29 priorChange=-113.676 successMove=50
ITERATION 25 newScore=-2.6812e+06 diffscore=1388.2 priorChange=-121.994 successMove=52
ITERATION 26 newScore=-2.6794e+06 diffscore=1806.46 priorChange=-108.131 successMove=53
ITERATION 27 newScore=-2.67604e+06 diffscore=3354.23 priorChange=-102.586 successMove=50
ITERATION 28 newScore=-2.67142e+06 diffscore=4628.68 priorChange=-109.517 successMove=49
ITERATION 29 newScore=-2.67107e+06 diffscore=347.188 priorChange=-109.517 successMove=50
ITERATION 30 newScore=-2.66994e+06 diffscore=1130.02 priorChange=-105.358 successMove=49
ITERATION 31 newScore=-2.66956e+06 diffscore=377.81 priorChange=-101.199 successMove=48
ITERATION 32 newScore=-2.66852e+06 diffscore=1045.36 priorChange=-101.199 successMove=46
binkey=87 [Edge status: 1 1 1 0 1 0 1 0 ] P(G)=P(cluster8=1)[0.2] * P(cluster1=0|cluster2=1) * P(cluster9=0|cluster6=1) * P(cluster7=0|cluster10=1) * P(cluster10=1|cluster6=1) * P(cluster6=1|cluster2=1) * P(cluster2=1|cluster3=1) * P(cluster3=1|cluster8=1)[0.0032768]=0.00065536
ITERATION 33 newScore=-2.66818e+06 diffscore=336.441 priorChange=-101.199 successMove=46
ITERATION 34 newScore=-2.66698e+06 diffscore=1194.48 priorChange=-84.564 successMove=44
ITERATION 35 newScore=-2.66596e+06 diffscore=1023.99 priorChange=-81.7914 successMove=42
ITERATION 36 newScore=-2.66564e+06 diffscore=316.87 priorChange=-101.199 successMove=43
ITERATION 37 newScore=-2.66521e+06 diffscore=434.764 priorChange=-91.4954 successMove=41
ITERATION 38 newScore=-2.66412e+06 diffscore=1092.99 priorChange=-90.1091 successMove=43
ITERATION 39 newScore=-2.66184e+06 diffscore=2279.37 priorChange=-90.1091 successMove=41
ITERATION 40 newScore=-2.66028e+06 diffscore=1554.67 priorChange=-70.701 successMove=40
ITERATION 41 newScore=-2.66001e+06 diffscore=275.463 priorChange=-91.4954 successMove=40
ITERATION 42 newScore=-2.65942e+06 diffscore=585.982 priorChange=-91.4954 successMove=40
ITERATION 43 newScore=-2.65875e+06 diffscore=668.636 priorChange=-73.4736 successMove=38
ITERATION 44 newScore=-2.65783e+06 diffscore=925.875 priorChange=-84.564 successMove=38
ITERATION 45 newScore=-2.65635e+06 diffscore=1473.58 priorChange=-69.3147 successMove=39
ITERATION 46 newScore=-2.65612e+06 diffscore=231.931 priorChange=-80.4051 successMove=37
ITERATION 47 newScore=-2.65455e+06 diffscore=1568.14 priorChange=-74.8599 successMove=39
ITERATION 48 newScore=-2.65371e+06 diffscore=842.371 priorChange=-73.4736 successMove=38
ITERATION 49 newScore=-2.65351e+06 diffscore=198.882 priorChange=-67.9284 successMove=39
ITERATION 50 newScore=-2.65328e+06 diffscore=228.463 priorChange=-67.9284 successMove=36
ITERATION 51 newScore=-2.65303e+06 diffscore=256.683 priorChange=-79.0188 successMove=36
ITERATION 52 newScore=-2.65264e+06 diffscore=388.954 priorChange=-70.701 successMove=33
ITERATION 53 newScore=-2.65198e+06 diffscore=660.242 priorChange=-56.8381 successMove=34
ITERATION 54 newScore=-2.6487e+06 diffscore=3276.46 priorChange=-73.4736 successMove=33
ITERATION 55 newScore=-2.64738e+06 diffscore=1322.29 priorChange=-66.5421 successMove=33
ITERATION 56 newScore=-2.64716e+06 diffscore=219.455 priorChange=-70.701 successMove=32
ITERATION 57 newScore=-2.64672e+06 diffscore=442.61 priorChange=-72.0873 successMove=32
ITERATION 58 newScore=-2.64587e+06 diffscore=848.938 priorChange=-62.3832 successMove=32
ITERATION 59 newScore=-2.64549e+06 diffscore=378.613 priorChange=-60.997 successMove=31
ITERATION 60 newScore=-2.64526e+06 diffscore=226.453 priorChange=-62.3832 successMove=31
ITERATION 61 newScore=-2.64393e+06 diffscore=1328.12 priorChange=-59.6107 successMove=29
ITERATION 62 newScore=-2.64371e+06 diffscore=219.756 priorChange=-63.7695 successMove=28
ITERATION 63 newScore=-2.64355e+06 diffscore=167.588 priorChange=-54.0655 successMove=28
ITERATION 64 newScore=-2.64217e+06 diffscore=1376.63 priorChange=-44.3614 successMove=25
ITERATION 65 newScore=-2.64103e+06 diffscore=1136.81 priorChange=-45.7477 successMove=24
ITERATION 66 newScore=-2.6409e+06 diffscore=133.253 priorChange=-47.134 successMove=23
ITERATION 67 newScore=-2.64078e+06 diffscore=114.567 priorChange=-48.5203 successMove=22
ITERATION 68 newScore=-2.64068e+06 diffscore=107.553 priorChange=-38.8162 successMove=24
ITERATION 69 newScore=-2.64058e+06 diffscore=100.568 priorChange=-54.0655 successMove=22
ITERATION 70 newScore=-2.64049e+06 diffscore=90.9416 priorChange=-44.3614 successMove=23
ITERATION 71 newScore=-2.6404e+06 diffscore=90.7771 priorChange=-31.8848 successMove=20
ITERATION 72 newScore=-2.6403e+06 diffscore=90.3236 priorChange=-33.2711 successMove=19
ITERATION 73 newScore=-2.64018e+06 diffscore=120.167 priorChange=-33.2711 successMove=19
ITERATION 74 newScore=-2.63993e+06 diffscore=258.151 priorChange=-36.0437 successMove=19
ITERATION 75 newScore=-2.63965e+06 diffscore=278.011 priorChange=-30.4985 successMove=18
ITERATION 76 newScore=-2.63936e+06 diffscore=291.313 priorChange=-33.2711 successMove=18
ITERATION 77 newScore=-2.63748e+06 diffscore=1878.11 priorChange=-37.4299 successMove=17
ITERATION 78 newScore=-2.63738e+06 diffscore=97.9698 priorChange=-37.4299 successMove=17
ITERATION 79 newScore=-2.63729e+06 diffscore=90.4131 priorChange=-29.1122 successMove=17
ITERATION 80 newScore=-2.63719e+06 diffscore=100.603 priorChange=-37.4299 successMove=17
ITERATION 81 newScore=-2.63709e+06 diffscore=102.415 priorChange=-30.4985 successMove=17
ITERATION 82 newScore=-2.63686e+06 diffscore=224.802 priorChange=-31.8848 successMove=16
ITERATION 83 newScore=-2.63574e+06 diffscore=1125.22 priorChange=-29.1122 successMove=15
ITERATION 84 newScore=-2.63483e+06 diffscore=903.07 priorChange=-30.4985 successMove=14
ITERATION 85 newScore=-2.63472e+06 diffscore=113.36 priorChange=-24.9533 successMove=14
ITERATION 86 newScore=-2.63455e+06 diffscore=166.988 priorChange=-33.2711 successMove=14
ITERATION 87 newScore=-2.63354e+06 diffscore=1014.74 priorChange=-30.4985 successMove=14
ITERATION 88 newScore=-2.63348e+06 diffscore=58.5905 priorChange=-24.9533 successMove=12
ITERATION 89 newScore=-2.63339e+06 diffscore=93.7615 priorChange=-26.3396 successMove=11
ITERATION 90 newScore=-2.63271e+06 diffscore=678.104 priorChange=-23.567 successMove=9
ITERATION 91 newScore=-2.63268e+06 diffscore=28.3453 priorChange=-19.4081 successMove=9
ITERATION 92 newScore=-2.63266e+06 diffscore=21.8076 priorChange=-15.2492 successMove=9
ITERATION 93 newScore=-2.63263e+06 diffscore=25.6057 priorChange=-15.2492 successMove=7
ITERATION 94 newScore=-2.63261e+06 diffscore=20.9567 priorChange=-12.4766 successMove=7
ITERATION 95 newScore=-2.63258e+06 diffscore=28.2863 priorChange=-16.6355 successMove=7
ITERATION 96 newScore=-2.63255e+06 diffscore=37.1384 priorChange=-11.0904 successMove=7
ITERATION 97 newScore=-2.63253e+06 diffscore=18.4257 priorChange=-5.54518 successMove=6
ITERATION 98 newScore=-2.63249e+06 diffscore=33.4138 priorChange=-11.0904 successMove=6
ITERATION 99 newScore=-2.63246e+06 diffscore=37.7974 priorChange=-13.8629 successMove=6
MetaLearner::dumpAllGraphs
Final Score -2.63246e+06
MetaLearner::start runtime: 1171893526 ms
Results/
Results/cluster3/
Results/cluster3/fold0/
Results/cluster3/fold0/modelparams.txt
Results/cluster3/fold0/var_mb_pw_k50.txt
Results/cluster7/
Results/cluster7/fold0/
Results/cluster7/fold0/modelparams.txt
Results/cluster7/fold0/var_mb_pw_k50.txt
Results/cluster2/
Results/cluster2/fold0/
Results/cluster2/fold0/modelparams.txt
Results/cluster2/fold0/var_mb_pw_k50.txt
Results/cluster9/
Results/cluster9/fold0/
Results/cluster9/fold0/modelparams.txt
Results/cluster9/fold0/var_mb_pw_k50.txt
Results/cluster6/
Results/cluster6/fold0/
Results/cluster6/fold0/modelparams.txt
Results/cluster6/fold0/var_mb_pw_k50.txt
Results/cluster1/
Results/cluster1/fold0/
Results/cluster1/fold0/modelparams.txt
Results/cluster1/fold0/var_mb_pw_k50.txt
Results/cluster10/
Results/cluster10/fold0/
Results/cluster10/fold0/modelparams.txt
Results/cluster10/fold0/var_mb_pw_k50.txt
Results/cluster8/
Results/cluster8/scoreFile.txt
Results/cluster8/fold0/
Results/cluster8/fold0/modelparams.txt
Results/cluster8/fold0/var_mb_pw_k50.txt
