000 (49777.2072.000) 10/11 10:48:13 Job submitted from host: <144.92.142.142:9618?addrs=144.92.142.142-9618&noUDP&sock=44923_051a_3>
...
001 (49777.2072.000) 10/11 18:21:27 Job executing on host: <128.105.68.23:9618?addrs=128.105.68.23-9618&alias=gpulab2004.chtc.wisc.edu&noUDP&sock=startd_62541_80a6>
...
006 (49777.2072.000) 10/11 18:21:37 Image size of job updated: 156372
	103  -  MemoryUsage of job (MB)
	105264  -  ResidentSetSize of job (KB)
...
006 (49777.2072.000) 10/11 18:26:37 Image size of job updated: 719972
	654  -  MemoryUsage of job (MB)
	668680  -  ResidentSetSize of job (KB)
...
006 (49777.2072.000) 10/11 18:31:37 Image size of job updated: 851424
	782  -  MemoryUsage of job (MB)
	800276  -  ResidentSetSize of job (KB)
...
006 (49777.2072.000) 10/11 18:36:38 Image size of job updated: 1034444
	964  -  MemoryUsage of job (MB)
	986308  -  ResidentSetSize of job (KB)
...
006 (49777.2072.000) 10/11 18:41:39 Image size of job updated: 1392616
	1314  -  MemoryUsage of job (MB)
	1345472  -  ResidentSetSize of job (KB)
...
006 (49777.2072.000) 10/11 18:42:29 Image size of job updated: 1476604
	1314  -  MemoryUsage of job (MB)
	1345472  -  ResidentSetSize of job (KB)
...
005 (49777.2072.000) 10/11 18:42:29 Job terminated.
	(1) Normal termination (return value 0)
		Usr 0 00:20:57, Sys 0 00:00:03  -  Run Remote Usage
		Usr 0 00:00:00, Sys 0 00:00:00  -  Run Local Usage
		Usr 0 00:20:57, Sys 0 00:00:03  -  Total Remote Usage
		Usr 0 00:00:00, Sys 0 00:00:00  -  Total Local Usage
	167235  -  Run Bytes Sent By Job
	316808288  -  Run Bytes Received By Job
	167235  -  Total Bytes Sent By Job
	316808288  -  Total Bytes Received By Job
	Partitionable Resources :     Usage  Request Allocated 
	   Cpus                 :      1.00        1         1 
	   Disk (KB)            : 325000      819200  18192444 
	   Gpus                 :                            0 
	   Ioheavy              :                            0 
	   Memory (MB)          :   1314       20480     21341 
...
