000 (49777.385.000) 10/11 10:48:08 Job submitted from host: <144.92.142.142:9618?addrs=144.92.142.142-9618&noUDP&sock=44923_051a_3>
...
001 (49777.385.000) 10/11 13:40:06 Job executing on host: <128.105.68.26:9618?addrs=128.105.68.26-9618&alias=e2456.chtc.wisc.edu&noUDP&sock=startd_4882_3972>
...
006 (49777.385.000) 10/11 13:40:14 Image size of job updated: 156664
	103  -  MemoryUsage of job (MB)
	105268  -  ResidentSetSize of job (KB)
...
006 (49777.385.000) 10/11 13:45:14 Image size of job updated: 721368
	654  -  MemoryUsage of job (MB)
	669524  -  ResidentSetSize of job (KB)
...
006 (49777.385.000) 10/11 13:50:14 Image size of job updated: 829788
	764  -  MemoryUsage of job (MB)
	781592  -  ResidentSetSize of job (KB)
...
006 (49777.385.000) 10/11 13:55:15 Image size of job updated: 1058968
	987  -  MemoryUsage of job (MB)
	1009688  -  ResidentSetSize of job (KB)
...
006 (49777.385.000) 10/11 14:00:15 Image size of job updated: 1272204
	1192  -  MemoryUsage of job (MB)
	1219832  -  ResidentSetSize of job (KB)
...
006 (49777.385.000) 10/11 14:05:15 Image size of job updated: 1465148
	1380  -  MemoryUsage of job (MB)
	1412684  -  ResidentSetSize of job (KB)
...
006 (49777.385.000) 10/11 14:08:52 Image size of job updated: 1597844
	1380  -  MemoryUsage of job (MB)
	1412684  -  ResidentSetSize of job (KB)
...
005 (49777.385.000) 10/11 14:08:52 Job terminated.
	(1) Normal termination (return value 0)
		Usr 0 00:28:30, Sys 0 00:00:03  -  Run Remote Usage
		Usr 0 00:00:00, Sys 0 00:00:00  -  Run Local Usage
		Usr 0 00:28:30, Sys 0 00:00:03  -  Total Remote Usage
		Usr 0 00:00:00, Sys 0 00:00:00  -  Total Local Usage
	173027  -  Run Bytes Sent By Job
	316905856  -  Run Bytes Received By Job
	173027  -  Total Bytes Sent By Job
	316905856  -  Total Bytes Received By Job
	Partitionable Resources :     Usage  Request Allocated 
	   Cpus                 :      1.00        1         1 
	   Disk (KB)            : 325000      819200   1719902 
	   Memory (MB)          :   1380       20480     20480 
...
