./CVN -f config_condor.txt -x50 -v1 -l TFs_OGs.txt -n AllGenes138.txt -d celltype_tree_ancestor.txt -m testdata_ogids.txt -s celltype_order.txt -p 0.2 -c yes -b -4 -q 4
(cluster3|cluster8) p_maintain_edge=0.8 p_gain=0.2
(cluster2|cluster3) p_maintain_edge=0.8 p_gain=0.2
(cluster1|cluster2) p_maintain_edge=0.8 p_gain=0.2
(cluster6|cluster2) p_maintain_edge=0.8 p_gain=0.2
(cluster9|cluster6) p_maintain_edge=0.8 p_gain=0.2
(cluster10|cluster6) p_maintain_edge=0.8 p_gain=0.2
(cluster7|cluster10) p_maintain_edge=0.8 p_gain=0.2
speciesSet.size()=8 Root is cluster8
MappedOrthogroupReader::readSpeciesMapping() --- celltype_order.txt
MappedOrthogroupReader::readFile - testdata_ogids.txt
MappedOrthogroupReader::generateGeneOrthoMap()
MetaLearner::init_onefold() read:config_condor.txt
MetaLearner::setinputVariableNames number of variables: 2040
readEvidenceTable:cluster8.table
PotentialManager::loadEvidenceFromTable varCount=2040 sampleCount=348
motifNetwork.size() = 319
0=cluster8 motifNetwork=cluster8_network.txt
variable size=2040
readEvidenceTable:cluster3.table
PotentialManager::loadEvidenceFromTable varCount=2040 sampleCount=95
motifNetwork.size() = 326
1=cluster3 motifNetwork=cluster3_network.txt
variable size=2040
readEvidenceTable:cluster2.table
PotentialManager::loadEvidenceFromTable varCount=2040 sampleCount=386
motifNetwork.size() = 328
2=cluster2 motifNetwork=cluster2_network.txt
variable size=2040
readEvidenceTable:cluster1.table
PotentialManager::loadEvidenceFromTable varCount=2040 sampleCount=36
motifNetwork.size() = 322
3=cluster1 motifNetwork=cluster1_network.txt
variable size=2040
readEvidenceTable:cluster6.table
PotentialManager::loadEvidenceFromTable varCount=2040 sampleCount=524
motifNetwork.size() = 320
4=cluster6 motifNetwork=cluster6_network.txt
variable size=2040
readEvidenceTable:cluster9.table
PotentialManager::loadEvidenceFromTable varCount=2040 sampleCount=184
motifNetwork.size() = 327
5=cluster9 motifNetwork=cluster9_network.txt
variable size=2040
readEvidenceTable:cluster10.table
PotentialManager::loadEvidenceFromTable varCount=2040 sampleCount=165
motifNetwork.size() = 326
6=cluster10 motifNetwork=cluster10_network.txt
variable size=2040
readEvidenceTable:cluster7.table
PotentialManager::loadEvidenceFromTable varCount=2040 sampleCount=1032
motifNetwork.size() = 320
7=cluster7 motifNetwork=cluster7_network.txt
variable size=2040
-------------------------------------------------------------
MetaLearner::start
precomputeEmptyGraphPrior
binkey=0 [Edge status: 0 0 0 0 0 0 0 0 ] P(G)=P(cluster8=0)[0.8] * P(cluster1=0|cluster2=0) * P(cluster9=0|cluster6=0) * P(cluster7=0|cluster10=0) * P(cluster10=0|cluster6=0) * P(cluster6=0|cluster2=0) * P(cluster2=0|cluster3=0) * P(cluster3=0|cluster8=0)[0.209715]=0.167772
condsetMap_Tree
0 cluster8=0 cluster3=0 cluster2=0 cluster1=0 cluster6=0 cluster9=0 cluster10=0 cluster7=1
1 cluster8=0 cluster3=0 cluster2=0 cluster1=0 cluster6=0 cluster9=1 cluster10=0 cluster7=0
2 cluster8=0 cluster3=0 cluster2=0 cluster1=0 cluster6=0 cluster9=1 cluster10=0 cluster7=1
3 cluster8=0 cluster3=0 cluster2=0 cluster1=1 cluster6=0 cluster9=0 cluster10=0 cluster7=0
4 cluster8=0 cluster3=0 cluster2=0 cluster1=1 cluster6=0 cluster9=0 cluster10=0 cluster7=1
5 cluster8=0 cluster3=0 cluster2=0 cluster1=1 cluster6=0 cluster9=1 cluster10=0 cluster7=0
6 cluster8=0 cluster3=0 cluster2=0 cluster1=1 cluster6=0 cluster9=1 cluster10=0 cluster7=1
7 cluster8=0 cluster3=0 cluster2=0 cluster1=0 cluster6=0 cluster9=0 cluster10=1 cluster7=1
8 cluster8=0 cluster3=0 cluster2=0 cluster1=0 cluster6=0 cluster9=1 cluster10=1 cluster7=1
9 cluster8=0 cluster3=0 cluster2=0 cluster1=1 cluster6=0 cluster9=0 cluster10=1 cluster7=1
10 cluster8=0 cluster3=0 cluster2=0 cluster1=1 cluster6=0 cluster9=1 cluster10=1 cluster7=1
11 cluster8=0 cluster3=0 cluster2=0 cluster1=0 cluster6=1 cluster9=1 cluster10=1 cluster7=1
12 cluster8=0 cluster3=0 cluster2=0 cluster1=1 cluster6=1 cluster9=1 cluster10=1 cluster7=1
13 cluster8=0 cluster3=0 cluster2=1 cluster1=1 cluster6=1 cluster9=1 cluster10=1 cluster7=1
14 cluster8=0 cluster3=1 cluster2=1 cluster1=1 cluster6=1 cluster9=1 cluster10=1 cluster7=1
15 cluster8=1 cluster3=1 cluster2=1 cluster1=1 cluster6=1 cluster9=1 cluster10=1 cluster7=1
16 cluster8=1 cluster3=1 cluster2=1 cluster1=1 cluster6=1 cluster9=1 cluster10=1 cluster7=0
17 cluster8=1 cluster3=1 cluster2=1 cluster1=1 cluster6=1 cluster9=0 cluster10=1 cluster7=1
18 cluster8=1 cluster3=1 cluster2=1 cluster1=1 cluster6=1 cluster9=0 cluster10=1 cluster7=0
19 cluster8=1 cluster3=1 cluster2=1 cluster1=0 cluster6=1 cluster9=1 cluster10=1 cluster7=1
20 cluster8=1 cluster3=1 cluster2=1 cluster1=0 cluster6=1 cluster9=1 cluster10=1 cluster7=0
21 cluster8=1 cluster3=1 cluster2=1 cluster1=0 cluster6=1 cluster9=0 cluster10=1 cluster7=1
22 cluster8=1 cluster3=1 cluster2=1 cluster1=0 cluster6=1 cluster9=0 cluster10=1 cluster7=0
23 cluster8=1 cluster3=1 cluster2=1 cluster1=1 cluster6=1 cluster9=1 cluster10=0 cluster7=0
24 cluster8=1 cluster3=1 cluster2=1 cluster1=1 cluster6=1 cluster9=0 cluster10=0 cluster7=0
25 cluster8=1 cluster3=1 cluster2=1 cluster1=0 cluster6=1 cluster9=1 cluster10=0 cluster7=0
26 cluster8=1 cluster3=1 cluster2=1 cluster1=0 cluster6=1 cluster9=0 cluster10=0 cluster7=0
27 cluster8=1 cluster3=1 cluster2=1 cluster1=1 cluster6=0 cluster9=0 cluster10=0 cluster7=0
28 cluster8=1 cluster3=1 cluster2=1 cluster1=0 cluster6=0 cluster9=0 cluster10=0 cluster7=0
29 cluster8=1 cluster3=1 cluster2=0 cluster1=0 cluster6=0 cluster9=0 cluster10=0 cluster7=0
30 cluster8=1 cluster3=0 cluster2=0 cluster1=0 cluster6=0 cluster9=0 cluster10=0 cluster7=0
31 cluster8=0 cluster3=0 cluster2=0 cluster1=0 cluster6=1 cluster9=0 cluster10=0 cluster7=0
32 cluster8=0 cluster3=0 cluster2=1 cluster1=0 cluster6=0 cluster9=0 cluster10=0 cluster7=0
33 cluster8=0 cluster3=0 cluster2=0 cluster1=0 cluster6=0 cluster9=0 cluster10=1 cluster7=0
34 cluster8=0 cluster3=1 cluster2=0 cluster1=0 cluster6=0 cluster9=0 cluster10=0 cluster7=0
inputRegulatorOGs.size() = 1999 inputOGList.size() = 50
binkey=8 [Edge status: 0 0 0 1 0 0 0 0 ] P(G)=P(cluster8=0)[0.8] * P(cluster1=1|cluster2=0) * P(cluster9=0|cluster6=0) * P(cluster7=0|cluster10=0) * P(cluster10=0|cluster6=0) * P(cluster6=0|cluster2=0) * P(cluster2=0|cluster3=0) * P(cluster3=0|cluster8=0)[0.0524288]=0.041943
binkey=4 [Edge status: 0 0 1 0 0 0 0 0 ] P(G)=P(cluster8=0)[0.8] * P(cluster1=0|cluster2=1) * P(cluster9=0|cluster6=0) * P(cluster7=0|cluster10=0) * P(cluster10=0|cluster6=0) * P(cluster6=0|cluster2=1) * P(cluster2=1|cluster3=0) * P(cluster3=0|cluster8=0)[0.0032768]=0.00262144
binkey=128 [Edge status: 0 0 0 0 0 0 0 1 ] P(G)=P(cluster8=0)[0.8] * P(cluster1=0|cluster2=0) * P(cluster9=0|cluster6=0) * P(cluster7=1|cluster10=0) * P(cluster10=0|cluster6=0) * P(cluster6=0|cluster2=0) * P(cluster2=0|cluster3=0) * P(cluster3=0|cluster8=0)[0.0524288]=0.041943
binkey=32 [Edge status: 0 0 0 0 0 1 0 0 ] P(G)=P(cluster8=0)[0.8] * P(cluster1=0|cluster2=0) * P(cluster9=1|cluster6=0) * P(cluster7=0|cluster10=0) * P(cluster10=0|cluster6=0) * P(cluster6=0|cluster2=0) * P(cluster2=0|cluster3=0) * P(cluster3=0|cluster8=0)[0.0524288]=0.041943
binkey=160 [Edge status: 0 0 0 0 0 1 0 1 ] P(G)=P(cluster8=0)[0.8] * P(cluster1=0|cluster2=0) * P(cluster9=1|cluster6=0) * P(cluster7=1|cluster10=0) * P(cluster10=0|cluster6=0) * P(cluster6=0|cluster2=0) * P(cluster2=0|cluster3=0) * P(cluster3=0|cluster8=0)[0.0131072]=0.0104858
binkey=16 [Edge status: 0 0 0 0 1 0 0 0 ] P(G)=P(cluster8=0)[0.8] * P(cluster1=0|cluster2=0) * P(cluster9=0|cluster6=1) * P(cluster7=0|cluster10=0) * P(cluster10=0|cluster6=1) * P(cluster6=1|cluster2=0) * P(cluster2=0|cluster3=0) * P(cluster3=0|cluster8=0)[0.0032768]=0.00262144
binkey=1 [Edge status: 1 0 0 0 0 0 0 0 ] P(G)=P(cluster8=1)[0.2] * P(cluster1=0|cluster2=0) * P(cluster9=0|cluster6=0) * P(cluster7=0|cluster10=0) * P(cluster10=0|cluster6=0) * P(cluster6=0|cluster2=0) * P(cluster2=0|cluster3=0) * P(cluster3=0|cluster8=1)[0.0524288]=0.0104858
binkey=64 [Edge status: 0 0 0 0 0 0 1 0 ] P(G)=P(cluster8=0)[0.8] * P(cluster1=0|cluster2=0) * P(cluster9=0|cluster6=0) * P(cluster7=0|cluster10=1) * P(cluster10=1|cluster6=0) * P(cluster6=0|cluster2=0) * P(cluster2=0|cluster3=0) * P(cluster3=0|cluster8=0)[0.0131072]=0.0104858
binkey=2 [Edge status: 0 1 0 0 0 0 0 0 ] P(G)=P(cluster8=0)[0.8] * P(cluster1=0|cluster2=0) * P(cluster9=0|cluster6=0) * P(cluster7=0|cluster10=0) * P(cluster10=0|cluster6=0) * P(cluster6=0|cluster2=0) * P(cluster2=0|cluster3=1) * P(cluster3=1|cluster8=0)[0.0131072]=0.0104858
binkey=40 [Edge status: 0 0 0 1 0 1 0 0 ] P(G)=P(cluster8=0)[0.8] * P(cluster1=1|cluster2=0) * P(cluster9=1|cluster6=0) * P(cluster7=0|cluster10=0) * P(cluster10=0|cluster6=0) * P(cluster6=0|cluster2=0) * P(cluster2=0|cluster3=0) * P(cluster3=0|cluster8=0)[0.0131072]=0.0104858
binkey=3 [Edge status: 1 1 0 0 0 0 0 0 ] P(G)=P(cluster8=1)[0.2] * P(cluster1=0|cluster2=0) * P(cluster9=0|cluster6=0) * P(cluster7=0|cluster10=0) * P(cluster10=0|cluster6=0) * P(cluster6=0|cluster2=0) * P(cluster2=0|cluster3=1) * P(cluster3=1|cluster8=1)[0.0524288]=0.0104858
binkey=192 [Edge status: 0 0 0 0 0 0 1 1 ] P(G)=P(cluster8=0)[0.8] * P(cluster1=0|cluster2=0) * P(cluster9=0|cluster6=0) * P(cluster7=1|cluster10=1) * P(cluster10=1|cluster6=0) * P(cluster6=0|cluster2=0) * P(cluster2=0|cluster3=0) * P(cluster3=0|cluster8=0)[0.0524288]=0.041943
binkey=136 [Edge status: 0 0 0 1 0 0 0 1 ] P(G)=P(cluster8=0)[0.8] * P(cluster1=1|cluster2=0) * P(cluster9=0|cluster6=0) * P(cluster7=1|cluster10=0) * P(cluster10=0|cluster6=0) * P(cluster6=0|cluster2=0) * P(cluster2=0|cluster3=0) * P(cluster3=0|cluster8=0)[0.0131072]=0.0104858
binkey=224 [Edge status: 0 0 0 0 0 1 1 1 ] P(G)=P(cluster8=0)[0.8] * P(cluster1=0|cluster2=0) * P(cluster9=1|cluster6=0) * P(cluster7=1|cluster10=1) * P(cluster10=1|cluster6=0) * P(cluster6=0|cluster2=0) * P(cluster2=0|cluster3=0) * P(cluster3=0|cluster8=0)[0.0131072]=0.0104858
binkey=7 [Edge status: 1 1 1 0 0 0 0 0 ] P(G)=P(cluster8=1)[0.2] * P(cluster1=0|cluster2=1) * P(cluster9=0|cluster6=0) * P(cluster7=0|cluster10=0) * P(cluster10=0|cluster6=0) * P(cluster6=0|cluster2=1) * P(cluster2=1|cluster3=1) * P(cluster3=1|cluster8=1)[0.0131072]=0.00262144
binkey=15 [Edge status: 1 1 1 1 0 0 0 0 ] P(G)=P(cluster8=1)[0.2] * P(cluster1=1|cluster2=1) * P(cluster9=0|cluster6=0) * P(cluster7=0|cluster10=0) * P(cluster10=0|cluster6=0) * P(cluster6=0|cluster2=1) * P(cluster2=1|cluster3=1) * P(cluster3=1|cluster8=1)[0.0524288]=0.0104858
binkey=168 [Edge status: 0 0 0 1 0 1 0 1 ] P(G)=P(cluster8=0)[0.8] * P(cluster1=1|cluster2=0) * P(cluster9=1|cluster6=0) * P(cluster7=1|cluster10=0) * P(cluster10=0|cluster6=0) * P(cluster6=0|cluster2=0) * P(cluster2=0|cluster3=0) * P(cluster3=0|cluster8=0)[0.0032768]=0.00262144
binkey=200 [Edge status: 0 0 0 1 0 0 1 1 ] P(G)=P(cluster8=0)[0.8] * P(cluster1=1|cluster2=0) * P(cluster9=0|cluster6=0) * P(cluster7=1|cluster10=1) * P(cluster10=1|cluster6=0) * P(cluster6=0|cluster2=0) * P(cluster2=0|cluster3=0) * P(cluster3=0|cluster8=0)[0.0131072]=0.0104858
binkey=240 [Edge status: 0 0 0 0 1 1 1 1 ] P(G)=P(cluster8=0)[0.8] * P(cluster1=0|cluster2=0) * P(cluster9=1|cluster6=1) * P(cluster7=1|cluster10=1) * P(cluster10=1|cluster6=1) * P(cluster6=1|cluster2=0) * P(cluster2=0|cluster3=0) * P(cluster3=0|cluster8=0)[0.0524288]=0.041943
binkey=247 [Edge status: 1 1 1 0 1 1 1 1 ] P(G)=P(cluster8=1)[0.2] * P(cluster1=0|cluster2=1) * P(cluster9=1|cluster6=1) * P(cluster7=1|cluster10=1) * P(cluster10=1|cluster6=1) * P(cluster6=1|cluster2=1) * P(cluster2=1|cluster3=1) * P(cluster3=1|cluster8=1)[0.0524288]=0.0104858
binkey=119 [Edge status: 1 1 1 0 1 1 1 0 ] P(G)=P(cluster8=1)[0.2] * P(cluster1=0|cluster2=1) * P(cluster9=1|cluster6=1) * P(cluster7=0|cluster10=1) * P(cluster10=1|cluster6=1) * P(cluster6=1|cluster2=1) * P(cluster2=1|cluster3=1) * P(cluster3=1|cluster8=1)[0.0131072]=0.00262144
binkey=215 [Edge status: 1 1 1 0 1 0 1 1 ] P(G)=P(cluster8=1)[0.2] * P(cluster1=0|cluster2=1) * P(cluster9=0|cluster6=1) * P(cluster7=1|cluster10=1) * P(cluster10=1|cluster6=1) * P(cluster6=1|cluster2=1) * P(cluster2=1|cluster3=1) * P(cluster3=1|cluster8=1)[0.0131072]=0.00262144
binkey=87 [Edge status: 1 1 1 0 1 0 1 0 ] P(G)=P(cluster8=1)[0.2] * P(cluster1=0|cluster2=1) * P(cluster9=0|cluster6=1) * P(cluster7=0|cluster10=1) * P(cluster10=1|cluster6=1) * P(cluster6=1|cluster2=1) * P(cluster2=1|cluster3=1) * P(cluster3=1|cluster8=1)[0.0032768]=0.00065536
binkey=55 [Edge status: 1 1 1 0 1 1 0 0 ] P(G)=P(cluster8=1)[0.2] * P(cluster1=0|cluster2=1) * P(cluster9=1|cluster6=1) * P(cluster7=0|cluster10=0) * P(cluster10=0|cluster6=1) * P(cluster6=1|cluster2=1) * P(cluster2=1|cluster3=1) * P(cluster3=1|cluster8=1)[0.0131072]=0.00262144
binkey=23 [Edge status: 1 1 1 0 1 0 0 0 ] P(G)=P(cluster8=1)[0.2] * P(cluster1=0|cluster2=1) * P(cluster9=0|cluster6=1) * P(cluster7=0|cluster10=0) * P(cluster10=0|cluster6=1) * P(cluster6=1|cluster2=1) * P(cluster2=1|cluster3=1) * P(cluster3=1|cluster8=1)[0.0032768]=0.00065536
binkey=232 [Edge status: 0 0 0 1 0 1 1 1 ] P(G)=P(cluster8=0)[0.8] * P(cluster1=1|cluster2=0) * P(cluster9=1|cluster6=0) * P(cluster7=1|cluster10=1) * P(cluster10=1|cluster6=0) * P(cluster6=0|cluster2=0) * P(cluster2=0|cluster3=0) * P(cluster3=0|cluster8=0)[0.0032768]=0.00262144
binkey=248 [Edge status: 0 0 0 1 1 1 1 1 ] P(G)=P(cluster8=0)[0.8] * P(cluster1=1|cluster2=0) * P(cluster9=1|cluster6=1) * P(cluster7=1|cluster10=1) * P(cluster10=1|cluster6=1) * P(cluster6=1|cluster2=0) * P(cluster2=0|cluster3=0) * P(cluster3=0|cluster8=0)[0.0131072]=0.0104858
binkey=252 [Edge status: 0 0 1 1 1 1 1 1 ] P(G)=P(cluster8=0)[0.8] * P(cluster1=1|cluster2=1) * P(cluster9=1|cluster6=1) * P(cluster7=1|cluster10=1) * P(cluster10=1|cluster6=1) * P(cluster6=1|cluster2=1) * P(cluster2=1|cluster3=0) * P(cluster3=0|cluster8=0)[0.0524288]=0.041943
ITERATION 0 newScore=-2.76454e+06 diffscore=15067.4 priorChange=-106.745 successMove=72
ITERATION 1 newScore=-2.75477e+06 diffscore=9761.24 priorChange=-116.449 successMove=73
ITERATION 2 newScore=-2.74862e+06 diffscore=6156.61 priorChange=-113.676 successMove=63
ITERATION 3 newScore=-2.74519e+06 diffscore=3428.03 priorChange=-115.062 successMove=53
ITERATION 4 newScore=-2.7429e+06 diffscore=2293.04 priorChange=-101.199 successMove=53
ITERATION 5 newScore=-2.74026e+06 diffscore=2641.55 priorChange=-117.835 successMove=57
ITERATION 6 newScore=-2.73812e+06 diffscore=2137.86 priorChange=-109.517 successMove=54
ITERATION 7 newScore=-2.73531e+06 diffscore=2806.54 priorChange=-105.358 successMove=52
ITERATION 8 newScore=-2.73418e+06 diffscore=1127.86 priorChange=-99.8132 successMove=50
ITERATION 9 newScore=-2.73014e+06 diffscore=4045.94 priorChange=-102.586 successMove=50
ITERATION 10 newScore=-2.72806e+06 diffscore=2073.7 priorChange=-98.4269 successMove=50
ITERATION 11 newScore=-2.72715e+06 diffscore=917.687 priorChange=-103.972 successMove=52
ITERATION 12 newScore=-2.72208e+06 diffscore=5061.81 priorChange=-106.745 successMove=50
ITERATION 13 newScore=-2.71576e+06 diffscore=6323.16 priorChange=-103.972 successMove=50
ITERATION 14 newScore=-2.71162e+06 diffscore=4142.39 priorChange=-113.676 successMove=50
ITERATION 15 newScore=-2.71105e+06 diffscore=570.54 priorChange=-109.517 successMove=50
ITERATION 16 newScore=-2.70933e+06 diffscore=1721.51 priorChange=-109.517 successMove=50
ITERATION 17 newScore=-2.70843e+06 diffscore=892.401 priorChange=-99.8132 successMove=49
ITERATION 18 newScore=-2.70662e+06 diffscore=1809.34 priorChange=-98.4269 successMove=48
ITERATION 19 newScore=-2.70489e+06 diffscore=1739.05 priorChange=-101.199 successMove=49
ITERATION 20 newScore=-2.70431e+06 diffscore=580.635 priorChange=-108.131 successMove=47
ITERATION 21 newScore=-2.70276e+06 diffscore=1548.03 priorChange=-95.6543 successMove=46
ITERATION 22 newScore=-2.70219e+06 diffscore=570.719 priorChange=-97.0406 successMove=46
ITERATION 23 newScore=-2.69818e+06 diffscore=4006.82 priorChange=-91.4954 successMove=46
ITERATION 24 newScore=-2.69756e+06 diffscore=620.019 priorChange=-94.268 successMove=46
ITERATION 25 newScore=-2.69472e+06 diffscore=2837.28 priorChange=-103.972 successMove=47
ITERATION 26 newScore=-2.69292e+06 diffscore=1805.29 priorChange=-84.564 successMove=45
ITERATION 27 newScore=-2.68983e+06 diffscore=3090.93 priorChange=-84.564 successMove=45
ITERATION 28 newScore=-2.68902e+06 diffscore=802.618 priorChange=-97.0406 successMove=46
ITERATION 29 newScore=-2.68841e+06 diffscore=616.798 priorChange=-102.586 successMove=46
ITERATION 30 newScore=-2.68617e+06 diffscore=2238.26 priorChange=-102.586 successMove=45
ITERATION 31 newScore=-2.68459e+06 diffscore=1581.91 priorChange=-85.9503 successMove=45
ITERATION 32 newScore=-2.68349e+06 diffscore=1097.64 priorChange=-85.9503 successMove=45
ITERATION 33 newScore=-2.6828e+06 diffscore=684.117 priorChange=-102.586 successMove=45
ITERATION 34 newScore=-2.68226e+06 diffscore=540.391 priorChange=-101.199 successMove=46
ITERATION 35 newScore=-2.68166e+06 diffscore=602.868 priorChange=-90.1091 successMove=44
ITERATION 36 newScore=-2.6795e+06 diffscore=2163.5 priorChange=-84.564 successMove=44
ITERATION 37 newScore=-2.67701e+06 diffscore=2483.85 priorChange=-106.745 successMove=44
ITERATION 38 newScore=-2.67518e+06 diffscore=1838.05 priorChange=-91.4954 successMove=43
ITERATION 39 newScore=-2.67218e+06 diffscore=2994.2 priorChange=-85.9503 successMove=42
ITERATION 40 newScore=-2.66982e+06 diffscore=2362.6 priorChange=-88.7228 successMove=42
ITERATION 41 newScore=-2.66579e+06 diffscore=4031.34 priorChange=-74.8599 successMove=43
ITERATION 42 newScore=-2.66549e+06 diffscore=299.364 priorChange=-98.4269 successMove=43
ITERATION 43 newScore=-2.6648e+06 diffscore=693.556 priorChange=-98.4269 successMove=44
ITERATION 44 newScore=-2.66331e+06 diffscore=1483.64 priorChange=-83.1777 successMove=44
ITERATION 45 newScore=-2.66258e+06 diffscore=734.978 priorChange=-92.8817 successMove=48
ITERATION 46 newScore=-2.66034e+06 diffscore=2236.48 priorChange=-90.1091 successMove=43
ITERATION 47 newScore=-2.65994e+06 diffscore=395.739 priorChange=-84.564 successMove=43
ITERATION 48 newScore=-2.65818e+06 diffscore=1765.89 priorChange=-73.4736 successMove=40
ITERATION 49 newScore=-2.65653e+06 diffscore=1651.45 priorChange=-101.199 successMove=40
ITERATION 50 newScore=-2.65628e+06 diffscore=243.807 priorChange=-79.0188 successMove=39
ITERATION 51 newScore=-2.65247e+06 diffscore=3811.17 priorChange=-65.1558 successMove=37
ITERATION 52 newScore=-2.6523e+06 diffscore=171.205 priorChange=-72.0873 successMove=37
ITERATION 53 newScore=-2.65211e+06 diffscore=191.298 priorChange=-81.7914 successMove=38
ITERATION 54 newScore=-2.6519e+06 diffscore=214.445 priorChange=-63.7695 successMove=37
ITERATION 55 newScore=-2.65164e+06 diffscore=254.249 priorChange=-73.4736 successMove=36
ITERATION 56 newScore=-2.65066e+06 diffscore=977.482 priorChange=-67.9284 successMove=35
ITERATION 57 newScore=-2.65048e+06 diffscore=186.747 priorChange=-77.6325 successMove=35
ITERATION 58 newScore=-2.6503e+06 diffscore=180.81 priorChange=-70.701 successMove=35
ITERATION 59 newScore=-2.649e+06 diffscore=1298.95 priorChange=-65.1558 successMove=33
ITERATION 60 newScore=-2.6488e+06 diffscore=201.087 priorChange=-63.7695 successMove=33
ITERATION 61 newScore=-2.64857e+06 diffscore=227.29 priorChange=-66.5421 successMove=33
ITERATION 62 newScore=-2.64687e+06 diffscore=1700.32 priorChange=-69.3147 successMove=32
ITERATION 63 newScore=-2.64555e+06 diffscore=1313.9 priorChange=-60.997 successMove=32
ITERATION 64 newScore=-2.64534e+06 diffscore=216.74 priorChange=-67.9284 successMove=31
ITERATION 65 newScore=-2.644e+06 diffscore=1336.62 priorChange=-51.2929 successMove=30
ITERATION 66 newScore=-2.64382e+06 diffscore=178.618 priorChange=-51.2929 successMove=29
ITERATION 67 newScore=-2.64362e+06 diffscore=206.231 priorChange=-54.0655 successMove=28
ITERATION 68 newScore=-2.6433e+06 diffscore=319.377 priorChange=-58.2244 successMove=27
ITERATION 69 newScore=-2.64307e+06 diffscore=230.322 priorChange=-60.997 successMove=27
ITERATION 70 newScore=-2.64171e+06 diffscore=1356.77 priorChange=-54.0655 successMove=28
ITERATION 71 newScore=-2.64064e+06 diffscore=1072.62 priorChange=-42.9751 successMove=27
ITERATION 72 newScore=-2.64041e+06 diffscore=225.158 priorChange=-59.6107 successMove=25
ITERATION 73 newScore=-2.64031e+06 diffscore=106.226 priorChange=-33.2711 successMove=22
ITERATION 74 newScore=-2.64018e+06 diffscore=123.685 priorChange=-41.5888 successMove=22
ITERATION 75 newScore=-2.63998e+06 diffscore=205.666 priorChange=-49.9066 successMove=22
ITERATION 76 newScore=-2.6398e+06 diffscore=178.799 priorChange=-47.134 successMove=21
ITERATION 77 newScore=-2.63963e+06 diffscore=170.793 priorChange=-38.8162 successMove=22
ITERATION 78 newScore=-2.63884e+06 diffscore=787.679 priorChange=-40.2025 successMove=20
ITERATION 79 newScore=-2.63781e+06 diffscore=1033.74 priorChange=-37.4299 successMove=20
ITERATION 80 newScore=-2.63765e+06 diffscore=150.993 priorChange=-42.9751 successMove=20
ITERATION 81 newScore=-2.63754e+06 diffscore=111.17 priorChange=-36.0437 successMove=19
ITERATION 82 newScore=-2.63743e+06 diffscore=111.022 priorChange=-38.8162 successMove=17
ITERATION 83 newScore=-2.63605e+06 diffscore=1380.03 priorChange=-29.1122 successMove=17
ITERATION 84 newScore=-2.63595e+06 diffscore=100.21 priorChange=-31.8848 successMove=17
ITERATION 85 newScore=-2.63587e+06 diffscore=78.5179 priorChange=-30.4985 successMove=15
ITERATION 86 newScore=-2.63553e+06 diffscore=345.27 priorChange=-34.6574 successMove=15
ITERATION 87 newScore=-2.63546e+06 diffscore=64.7416 priorChange=-24.9533 successMove=14
ITERATION 88 newScore=-2.63539e+06 diffscore=74.5006 priorChange=-37.4299 successMove=14
ITERATION 89 newScore=-2.63532e+06 diffscore=67.4205 priorChange=-30.4985 successMove=14
ITERATION 90 newScore=-2.63524e+06 diffscore=78.6267 priorChange=-20.7944 successMove=13
ITERATION 91 newScore=-2.63515e+06 diffscore=92.8254 priorChange=-29.1122 successMove=12
ITERATION 92 newScore=-2.63494e+06 diffscore=205.469 priorChange=-22.1807 successMove=12
ITERATION 93 newScore=-2.63442e+06 diffscore=523.663 priorChange=-16.6355 successMove=11
ITERATION 94 newScore=-2.63402e+06 diffscore=402.504 priorChange=-15.2492 successMove=9
ITERATION 95 newScore=-2.634e+06 diffscore=19.7061 priorChange=-8.31777 successMove=9
ITERATION 96 newScore=-2.63398e+06 diffscore=22.0164 priorChange=-15.2492 successMove=8
ITERATION 97 newScore=-2.63396e+06 diffscore=18.1879 priorChange=-11.0904 successMove=7
ITERATION 98 newScore=-2.63394e+06 diffscore=19.2245 priorChange=-9.70406 successMove=7
ITERATION 99 newScore=-2.63392e+06 diffscore=21.1047 priorChange=-11.0904 successMove=7
MetaLearner::dumpAllGraphs
Final Score -2.63392e+06
MetaLearner::start runtime: 1237109892 ms
Results/
Results/cluster10/
Results/cluster10/fold0/
Results/cluster10/fold0/modelparams.txt
Results/cluster10/fold0/var_mb_pw_k50.txt
Results/cluster1/
Results/cluster1/fold0/
Results/cluster1/fold0/modelparams.txt
Results/cluster1/fold0/var_mb_pw_k50.txt
Results/cluster6/
Results/cluster6/fold0/
Results/cluster6/fold0/modelparams.txt
Results/cluster6/fold0/var_mb_pw_k50.txt
Results/cluster9/
Results/cluster9/fold0/
Results/cluster9/fold0/modelparams.txt
Results/cluster9/fold0/var_mb_pw_k50.txt
Results/cluster2/
Results/cluster2/fold0/
Results/cluster2/fold0/modelparams.txt
Results/cluster2/fold0/var_mb_pw_k50.txt
Results/cluster7/
Results/cluster7/fold0/
Results/cluster7/fold0/modelparams.txt
Results/cluster7/fold0/var_mb_pw_k50.txt
Results/cluster3/
Results/cluster3/fold0/
Results/cluster3/fold0/modelparams.txt
Results/cluster3/fold0/var_mb_pw_k50.txt
Results/cluster8/
Results/cluster8/scoreFile.txt
Results/cluster8/fold0/
Results/cluster8/fold0/modelparams.txt
Results/cluster8/fold0/var_mb_pw_k50.txt
