000 (49777.713.000) 10/11 10:48:09 Job submitted from host: <144.92.142.142:9618?addrs=144.92.142.142-9618&noUDP&sock=44923_051a_3>
...
001 (49777.713.000) 10/11 14:36:50 Job executing on host: <144.92.142.141:9618?addrs=144.92.142.141-9618&noUDP&sock=21011_6079_3>
...
006 (49777.713.000) 10/11 14:36:58 Image size of job updated: 170424
	104  -  MemoryUsage of job (MB)
	105616  -  ResidentSetSize of job (KB)
...
006 (49777.713.000) 10/11 14:41:58 Image size of job updated: 733952
	654  -  MemoryUsage of job (MB)
	669184  -  ResidentSetSize of job (KB)
...
006 (49777.713.000) 10/11 14:46:59 Image size of job updated: 1024824
	947  -  MemoryUsage of job (MB)
	968960  -  ResidentSetSize of job (KB)
...
006 (49777.713.000) 10/11 14:52:00 Image size of job updated: 1377656
	1285  -  MemoryUsage of job (MB)
	1315832  -  ResidentSetSize of job (KB)
...
006 (49777.713.000) 10/11 14:57:00 Image size of job updated: 1797836
	1698  -  MemoryUsage of job (MB)
	1737764  -  ResidentSetSize of job (KB)
...
006 (49777.713.000) 10/11 14:59:52 Image size of job updated: 2037820
	1698  -  MemoryUsage of job (MB)
	1737772  -  ResidentSetSize of job (KB)
...
005 (49777.713.000) 10/11 14:59:52 Job terminated.
	(1) Normal termination (return value 0)
		Usr 0 00:22:56, Sys 0 00:00:04  -  Run Remote Usage
		Usr 0 00:00:00, Sys 0 00:00:00  -  Run Local Usage
		Usr 0 00:22:56, Sys 0 00:00:04  -  Total Remote Usage
		Usr 0 00:00:00, Sys 0 00:00:00  -  Total Local Usage
	171633  -  Run Bytes Sent By Job
	316723552  -  Run Bytes Received By Job
	171633  -  Total Bytes Sent By Job
	316723552  -  Total Bytes Received By Job
	Partitionable Resources :     Usage  Request Allocated 
	   Cpus                 :      0.99        1         1 
	   Disk (KB)            : 325000      819200   1126364 
	   Memory (MB)          :   1698       20480     20480 
...
