000 (49777.1486.000) 10/11 10:48:11 Job submitted from host: <144.92.142.142:9618?addrs=144.92.142.142-9618&noUDP&sock=44923_051a_3>
...
001 (49777.1486.000) 10/11 16:50:37 Job executing on host: <128.105.68.47:9618?addrs=128.105.68.47-9618&alias=e2477.chtc.wisc.edu&noUDP&sock=startd_4901_41bf>
...
006 (49777.1486.000) 10/11 16:50:46 Image size of job updated: 156844
	104  -  MemoryUsage of job (MB)
	105596  -  ResidentSetSize of job (KB)
...
006 (49777.1486.000) 10/11 16:55:47 Image size of job updated: 723272
	657  -  MemoryUsage of job (MB)
	671812  -  ResidentSetSize of job (KB)
...
006 (49777.1486.000) 10/11 17:00:47 Image size of job updated: 832320
	768  -  MemoryUsage of job (MB)
	785596  -  ResidentSetSize of job (KB)
...
006 (49777.1486.000) 10/11 17:05:47 Image size of job updated: 1043508
	970  -  MemoryUsage of job (MB)
	993100  -  ResidentSetSize of job (KB)
...
006 (49777.1486.000) 10/11 17:10:48 Image size of job updated: 1237432
	1159  -  MemoryUsage of job (MB)
	1186084  -  ResidentSetSize of job (KB)
...
006 (49777.1486.000) 10/11 17:15:48 Image size of job updated: 1431328
	1349  -  MemoryUsage of job (MB)
	1380652  -  ResidentSetSize of job (KB)
...
006 (49777.1486.000) 10/11 17:18:11 Image size of job updated: 1525652
	1349  -  MemoryUsage of job (MB)
	1380652  -  ResidentSetSize of job (KB)
...
005 (49777.1486.000) 10/11 17:18:11 Job terminated.
	(1) Normal termination (return value 0)
		Usr 0 00:26:58, Sys 0 00:00:03  -  Run Remote Usage
		Usr 0 00:00:00, Sys 0 00:00:00  -  Run Local Usage
		Usr 0 00:26:58, Sys 0 00:00:03  -  Total Remote Usage
		Usr 0 00:00:00, Sys 0 00:00:00  -  Total Local Usage
	171372  -  Run Bytes Sent By Job
	316715872  -  Run Bytes Received By Job
	171372  -  Total Bytes Sent By Job
	316715872  -  Total Bytes Received By Job
	Partitionable Resources :     Usage  Request Allocated 
	   Cpus                 :      1.00        1         1 
	   Disk (KB)            : 325000      819200   1701260 
	   Memory (MB)          :   1349       20480     20480 
...
