000 (49777.888.000) 10/11 10:48:10 Job submitted from host: <144.92.142.142:9618?addrs=144.92.142.142-9618&noUDP&sock=44923_051a_3>
...
001 (49777.888.000) 10/11 15:06:43 Job executing on host: <128.105.68.28:9618?addrs=128.105.68.28-9618&alias=e2458.chtc.wisc.edu&noUDP&sock=startd_4927_1735>
...
006 (49777.888.000) 10/11 15:06:52 Image size of job updated: 156748
	103  -  MemoryUsage of job (MB)
	105432  -  ResidentSetSize of job (KB)
...
006 (49777.888.000) 10/11 15:11:53 Image size of job updated: 763236
	720  -  MemoryUsage of job (MB)
	736712  -  ResidentSetSize of job (KB)
...
006 (49777.888.000) 10/11 15:16:53 Image size of job updated: 1224432
	1160  -  MemoryUsage of job (MB)
	1187756  -  ResidentSetSize of job (KB)
...
006 (49777.888.000) 10/11 15:21:53 Image size of job updated: 1629172
	1542  -  MemoryUsage of job (MB)
	1578872  -  ResidentSetSize of job (KB)
...
006 (49777.888.000) 10/11 15:26:54 Image size of job updated: 1976848
	1883  -  MemoryUsage of job (MB)
	1927352  -  ResidentSetSize of job (KB)
...
006 (49777.888.000) 10/11 15:31:54 Image size of job updated: 2471248
	2370  -  MemoryUsage of job (MB)
	2426444  -  ResidentSetSize of job (KB)
...
006 (49777.888.000) 10/11 15:36:13 Image size of job updated: 3010164
	2370  -  MemoryUsage of job (MB)
	2426444  -  ResidentSetSize of job (KB)
...
005 (49777.888.000) 10/11 15:36:14 Job terminated.
	(1) Normal termination (return value 0)
		Usr 0 00:28:59, Sys 0 00:00:07  -  Run Remote Usage
		Usr 0 00:00:00, Sys 0 00:00:00  -  Run Local Usage
		Usr 0 00:28:59, Sys 0 00:00:07  -  Total Remote Usage
		Usr 0 00:00:00, Sys 0 00:00:00  -  Total Local Usage
	172291  -  Run Bytes Sent By Job
	316889536  -  Run Bytes Received By Job
	172291  -  Total Bytes Sent By Job
	316889536  -  Total Bytes Received By Job
	Partitionable Resources :     Usage  Request Allocated 
	   Cpus                 :      0.98        1         1 
	   Disk (KB)            : 325000      819200   1711968 
	   Memory (MB)          :   2370       20480     20480 
...
