000 (49777.2179.000) 10/11 10:48:13 Job submitted from host: <144.92.142.142:9618?addrs=144.92.142.142-9618&noUDP&sock=44923_051a_3>
...
001 (49777.2179.000) 10/11 18:36:46 Job executing on host: <128.105.245.10:9618?addrs=128.105.245.10-9618&alias=gpu2000.chtc.wisc.edu&noUDP&sock=startd_6299_2b25>
...
006 (49777.2179.000) 10/11 18:36:55 Image size of job updated: 156788
	104  -  MemoryUsage of job (MB)
	105576  -  ResidentSetSize of job (KB)
...
006 (49777.2179.000) 10/11 18:41:55 Image size of job updated: 722596
	656  -  MemoryUsage of job (MB)
	671264  -  ResidentSetSize of job (KB)
...
006 (49777.2179.000) 10/11 18:46:55 Image size of job updated: 780440
	719  -  MemoryUsage of job (MB)
	735568  -  ResidentSetSize of job (KB)
...
006 (49777.2179.000) 10/11 18:51:56 Image size of job updated: 1031584
	967  -  MemoryUsage of job (MB)
	989772  -  ResidentSetSize of job (KB)
...
006 (49777.2179.000) 10/11 18:56:57 Image size of job updated: 1379564
	1303  -  MemoryUsage of job (MB)
	1333756  -  ResidentSetSize of job (KB)
...
006 (49777.2179.000) 10/11 19:01:57 Image size of job updated: 1726400
	1653  -  MemoryUsage of job (MB)
	1692432  -  ResidentSetSize of job (KB)
...
006 (49777.2179.000) 10/11 19:06:58 Image size of job updated: 2125220
	2050  -  MemoryUsage of job (MB)
	2098784  -  ResidentSetSize of job (KB)
...
006 (49777.2179.000) 10/11 19:11:38 Image size of job updated: 2545520
	2050  -  MemoryUsage of job (MB)
	2098828  -  ResidentSetSize of job (KB)
...
005 (49777.2179.000) 10/11 19:11:38 Job terminated.
	(1) Normal termination (return value 0)
		Usr 0 00:34:25, Sys 0 00:00:12  -  Run Remote Usage
		Usr 0 00:00:00, Sys 0 00:00:00  -  Run Local Usage
		Usr 0 00:34:25, Sys 0 00:00:12  -  Total Remote Usage
		Usr 0 00:00:00, Sys 0 00:00:00  -  Total Local Usage
	178030  -  Run Bytes Sent By Job
	316843904  -  Run Bytes Received By Job
	178030  -  Total Bytes Sent By Job
	316843904  -  Total Bytes Received By Job
	Partitionable Resources :     Usage  Request Allocated 
	   Cpus                 :      0.99        1         1 
	   Disk (KB)            : 325000      819200  18119584 
	   Gpus                 :                            0 
	   Ioheavy              :                            0 
	   Memory (MB)          :   2050       20480     25710 
...
