000 (49777.1491.000) 10/11 10:48:12 Job submitted from host: <144.92.142.142:9618?addrs=144.92.142.142-9618&noUDP&sock=44923_051a_3>
...
001 (49777.1491.000) 10/11 16:51:34 Job executing on host: <128.105.68.23:9618?addrs=128.105.68.23-9618&alias=gpulab2004.chtc.wisc.edu&noUDP&sock=startd_62541_80a6>
...
006 (49777.1491.000) 10/11 16:51:42 Image size of job updated: 156612
	103  -  MemoryUsage of job (MB)
	105396  -  ResidentSetSize of job (KB)
...
006 (49777.1491.000) 10/11 16:56:42 Image size of job updated: 721096
	655  -  MemoryUsage of job (MB)
	669944  -  ResidentSetSize of job (KB)
...
006 (49777.1491.000) 10/11 17:01:43 Image size of job updated: 1008864
	941  -  MemoryUsage of job (MB)
	962600  -  ResidentSetSize of job (KB)
...
006 (49777.1491.000) 10/11 17:06:43 Image size of job updated: 1440836
	1369  -  MemoryUsage of job (MB)
	1401676  -  ResidentSetSize of job (KB)
...
006 (49777.1491.000) 10/11 17:11:43 Image size of job updated: 1972500
	1878  -  MemoryUsage of job (MB)
	1922872  -  ResidentSetSize of job (KB)
...
006 (49777.1491.000) 10/11 17:13:58 Image size of job updated: 2175036
	1878  -  MemoryUsage of job (MB)
	1922872  -  ResidentSetSize of job (KB)
...
005 (49777.1491.000) 10/11 17:13:58 Job terminated.
	(1) Normal termination (return value 0)
		Usr 0 00:22:18, Sys 0 00:00:03  -  Run Remote Usage
		Usr 0 00:00:00, Sys 0 00:00:00  -  Run Local Usage
		Usr 0 00:22:18, Sys 0 00:00:03  -  Total Remote Usage
		Usr 0 00:00:00, Sys 0 00:00:00  -  Total Local Usage
	175493  -  Run Bytes Sent By Job
	316715872  -  Run Bytes Received By Job
	175493  -  Total Bytes Sent By Job
	316715872  -  Total Bytes Received By Job
	Partitionable Resources :     Usage  Request Allocated 
	   Cpus                 :      1.00        1         1 
	   Disk (KB)            : 325000      819200  18192444 
	   Gpus                 :                            0 
	   Ioheavy              :                            0 
	   Memory (MB)          :   1878       20480     21341 
...
