./CVN -f config_condor.txt -x50 -v1 -l TFs_OGs.txt -n AllGenes100.txt -d celltype_tree_ancestor.txt -m testdata_ogids.txt -s celltype_order.txt -p 0.2 -c yes -b -4 -q 4
(cluster3|cluster8) p_maintain_edge=0.8 p_gain=0.2
(cluster2|cluster3) p_maintain_edge=0.8 p_gain=0.2
(cluster1|cluster2) p_maintain_edge=0.8 p_gain=0.2
(cluster6|cluster2) p_maintain_edge=0.8 p_gain=0.2
(cluster9|cluster6) p_maintain_edge=0.8 p_gain=0.2
(cluster10|cluster6) p_maintain_edge=0.8 p_gain=0.2
(cluster7|cluster10) p_maintain_edge=0.8 p_gain=0.2
speciesSet.size()=8 Root is cluster8
MappedOrthogroupReader::readSpeciesMapping() --- celltype_order.txt
MappedOrthogroupReader::readFile - testdata_ogids.txt
MappedOrthogroupReader::generateGeneOrthoMap()
MetaLearner::init_onefold() read:config_condor.txt
MetaLearner::setinputVariableNames number of variables: 2039
readEvidenceTable:cluster8.table
PotentialManager::loadEvidenceFromTable varCount=2039 sampleCount=348
motifNetwork.size() = 319
0=cluster8 motifNetwork=cluster8_network.txt
variable size=2039
readEvidenceTable:cluster3.table
PotentialManager::loadEvidenceFromTable varCount=2039 sampleCount=95
motifNetwork.size() = 326
1=cluster3 motifNetwork=cluster3_network.txt
variable size=2039
readEvidenceTable:cluster2.table
PotentialManager::loadEvidenceFromTable varCount=2039 sampleCount=386
motifNetwork.size() = 328
2=cluster2 motifNetwork=cluster2_network.txt
variable size=2039
readEvidenceTable:cluster1.table
PotentialManager::loadEvidenceFromTable varCount=2039 sampleCount=36
motifNetwork.size() = 322
3=cluster1 motifNetwork=cluster1_network.txt
variable size=2039
readEvidenceTable:cluster6.table
PotentialManager::loadEvidenceFromTable varCount=2039 sampleCount=524
motifNetwork.size() = 320
4=cluster6 motifNetwork=cluster6_network.txt
variable size=2039
readEvidenceTable:cluster9.table
PotentialManager::loadEvidenceFromTable varCount=2039 sampleCount=184
motifNetwork.size() = 327
5=cluster9 motifNetwork=cluster9_network.txt
variable size=2039
readEvidenceTable:cluster10.table
PotentialManager::loadEvidenceFromTable varCount=2039 sampleCount=165
motifNetwork.size() = 326
6=cluster10 motifNetwork=cluster10_network.txt
variable size=2039
readEvidenceTable:cluster7.table
PotentialManager::loadEvidenceFromTable varCount=2039 sampleCount=1032
motifNetwork.size() = 320
7=cluster7 motifNetwork=cluster7_network.txt
variable size=2039
-------------------------------------------------------------
MetaLearner::start
precomputeEmptyGraphPrior
binkey=0 [Edge status: 0 0 0 0 0 0 0 0 ] P(G)=P(cluster8=0)[0.8] * P(cluster1=0|cluster2=0) * P(cluster9=0|cluster6=0) * P(cluster7=0|cluster10=0) * P(cluster10=0|cluster6=0) * P(cluster6=0|cluster2=0) * P(cluster2=0|cluster3=0) * P(cluster3=0|cluster8=0)[0.209715]=0.167772
condsetMap_Tree
0 cluster8=0 cluster3=0 cluster2=0 cluster1=0 cluster6=0 cluster9=0 cluster10=0 cluster7=1
1 cluster8=0 cluster3=0 cluster2=0 cluster1=0 cluster6=0 cluster9=1 cluster10=0 cluster7=0
2 cluster8=0 cluster3=0 cluster2=0 cluster1=0 cluster6=0 cluster9=1 cluster10=0 cluster7=1
3 cluster8=0 cluster3=0 cluster2=0 cluster1=1 cluster6=0 cluster9=0 cluster10=0 cluster7=0
4 cluster8=0 cluster3=0 cluster2=0 cluster1=1 cluster6=0 cluster9=0 cluster10=0 cluster7=1
5 cluster8=0 cluster3=0 cluster2=0 cluster1=1 cluster6=0 cluster9=1 cluster10=0 cluster7=0
6 cluster8=0 cluster3=0 cluster2=0 cluster1=1 cluster6=0 cluster9=1 cluster10=0 cluster7=1
7 cluster8=0 cluster3=0 cluster2=0 cluster1=0 cluster6=0 cluster9=0 cluster10=1 cluster7=1
8 cluster8=0 cluster3=0 cluster2=0 cluster1=0 cluster6=0 cluster9=1 cluster10=1 cluster7=1
9 cluster8=0 cluster3=0 cluster2=0 cluster1=1 cluster6=0 cluster9=0 cluster10=1 cluster7=1
10 cluster8=0 cluster3=0 cluster2=0 cluster1=1 cluster6=0 cluster9=1 cluster10=1 cluster7=1
11 cluster8=0 cluster3=0 cluster2=0 cluster1=0 cluster6=1 cluster9=1 cluster10=1 cluster7=1
12 cluster8=0 cluster3=0 cluster2=0 cluster1=1 cluster6=1 cluster9=1 cluster10=1 cluster7=1
13 cluster8=0 cluster3=0 cluster2=1 cluster1=1 cluster6=1 cluster9=1 cluster10=1 cluster7=1
14 cluster8=0 cluster3=1 cluster2=1 cluster1=1 cluster6=1 cluster9=1 cluster10=1 cluster7=1
15 cluster8=1 cluster3=1 cluster2=1 cluster1=1 cluster6=1 cluster9=1 cluster10=1 cluster7=1
16 cluster8=1 cluster3=1 cluster2=1 cluster1=1 cluster6=1 cluster9=1 cluster10=1 cluster7=0
17 cluster8=1 cluster3=1 cluster2=1 cluster1=1 cluster6=1 cluster9=0 cluster10=1 cluster7=1
18 cluster8=1 cluster3=1 cluster2=1 cluster1=1 cluster6=1 cluster9=0 cluster10=1 cluster7=0
19 cluster8=1 cluster3=1 cluster2=1 cluster1=0 cluster6=1 cluster9=1 cluster10=1 cluster7=1
20 cluster8=1 cluster3=1 cluster2=1 cluster1=0 cluster6=1 cluster9=1 cluster10=1 cluster7=0
21 cluster8=1 cluster3=1 cluster2=1 cluster1=0 cluster6=1 cluster9=0 cluster10=1 cluster7=1
22 cluster8=1 cluster3=1 cluster2=1 cluster1=0 cluster6=1 cluster9=0 cluster10=1 cluster7=0
23 cluster8=1 cluster3=1 cluster2=1 cluster1=1 cluster6=1 cluster9=1 cluster10=0 cluster7=0
24 cluster8=1 cluster3=1 cluster2=1 cluster1=1 cluster6=1 cluster9=0 cluster10=0 cluster7=0
25 cluster8=1 cluster3=1 cluster2=1 cluster1=0 cluster6=1 cluster9=1 cluster10=0 cluster7=0
26 cluster8=1 cluster3=1 cluster2=1 cluster1=0 cluster6=1 cluster9=0 cluster10=0 cluster7=0
27 cluster8=1 cluster3=1 cluster2=1 cluster1=1 cluster6=0 cluster9=0 cluster10=0 cluster7=0
28 cluster8=1 cluster3=1 cluster2=1 cluster1=0 cluster6=0 cluster9=0 cluster10=0 cluster7=0
29 cluster8=1 cluster3=1 cluster2=0 cluster1=0 cluster6=0 cluster9=0 cluster10=0 cluster7=0
30 cluster8=1 cluster3=0 cluster2=0 cluster1=0 cluster6=0 cluster9=0 cluster10=0 cluster7=0
31 cluster8=0 cluster3=0 cluster2=0 cluster1=0 cluster6=1 cluster9=0 cluster10=0 cluster7=0
32 cluster8=0 cluster3=0 cluster2=1 cluster1=0 cluster6=0 cluster9=0 cluster10=0 cluster7=0
33 cluster8=0 cluster3=0 cluster2=0 cluster1=0 cluster6=0 cluster9=0 cluster10=1 cluster7=0
34 cluster8=0 cluster3=1 cluster2=0 cluster1=0 cluster6=0 cluster9=0 cluster10=0 cluster7=0
inputRegulatorOGs.size() = 1999 inputOGList.size() = 50
binkey=8 [Edge status: 0 0 0 1 0 0 0 0 ] P(G)=P(cluster8=0)[0.8] * P(cluster1=1|cluster2=0) * P(cluster9=0|cluster6=0) * P(cluster7=0|cluster10=0) * P(cluster10=0|cluster6=0) * P(cluster6=0|cluster2=0) * P(cluster2=0|cluster3=0) * P(cluster3=0|cluster8=0)[0.0524288]=0.041943
binkey=32 [Edge status: 0 0 0 0 0 1 0 0 ] P(G)=P(cluster8=0)[0.8] * P(cluster1=0|cluster2=0) * P(cluster9=1|cluster6=0) * P(cluster7=0|cluster10=0) * P(cluster10=0|cluster6=0) * P(cluster6=0|cluster2=0) * P(cluster2=0|cluster3=0) * P(cluster3=0|cluster8=0)[0.0524288]=0.041943
binkey=2 [Edge status: 0 1 0 0 0 0 0 0 ] P(G)=P(cluster8=0)[0.8] * P(cluster1=0|cluster2=0) * P(cluster9=0|cluster6=0) * P(cluster7=0|cluster10=0) * P(cluster10=0|cluster6=0) * P(cluster6=0|cluster2=0) * P(cluster2=0|cluster3=1) * P(cluster3=1|cluster8=0)[0.0131072]=0.0104858
binkey=64 [Edge status: 0 0 0 0 0 0 1 0 ] P(G)=P(cluster8=0)[0.8] * P(cluster1=0|cluster2=0) * P(cluster9=0|cluster6=0) * P(cluster7=0|cluster10=1) * P(cluster10=1|cluster6=0) * P(cluster6=0|cluster2=0) * P(cluster2=0|cluster3=0) * P(cluster3=0|cluster8=0)[0.0131072]=0.0104858
binkey=4 [Edge status: 0 0 1 0 0 0 0 0 ] P(G)=P(cluster8=0)[0.8] * P(cluster1=0|cluster2=1) * P(cluster9=0|cluster6=0) * P(cluster7=0|cluster10=0) * P(cluster10=0|cluster6=0) * P(cluster6=0|cluster2=1) * P(cluster2=1|cluster3=0) * P(cluster3=0|cluster8=0)[0.0032768]=0.00262144
binkey=128 [Edge status: 0 0 0 0 0 0 0 1 ] P(G)=P(cluster8=0)[0.8] * P(cluster1=0|cluster2=0) * P(cluster9=0|cluster6=0) * P(cluster7=1|cluster10=0) * P(cluster10=0|cluster6=0) * P(cluster6=0|cluster2=0) * P(cluster2=0|cluster3=0) * P(cluster3=0|cluster8=0)[0.0524288]=0.041943
binkey=16 [Edge status: 0 0 0 0 1 0 0 0 ] P(G)=P(cluster8=0)[0.8] * P(cluster1=0|cluster2=0) * P(cluster9=0|cluster6=1) * P(cluster7=0|cluster10=0) * P(cluster10=0|cluster6=1) * P(cluster6=1|cluster2=0) * P(cluster2=0|cluster3=0) * P(cluster3=0|cluster8=0)[0.0032768]=0.00262144
binkey=1 [Edge status: 1 0 0 0 0 0 0 0 ] P(G)=P(cluster8=1)[0.2] * P(cluster1=0|cluster2=0) * P(cluster9=0|cluster6=0) * P(cluster7=0|cluster10=0) * P(cluster10=0|cluster6=0) * P(cluster6=0|cluster2=0) * P(cluster2=0|cluster3=0) * P(cluster3=0|cluster8=1)[0.0524288]=0.0104858
binkey=160 [Edge status: 0 0 0 0 0 1 0 1 ] P(G)=P(cluster8=0)[0.8] * P(cluster1=0|cluster2=0) * P(cluster9=1|cluster6=0) * P(cluster7=1|cluster10=0) * P(cluster10=0|cluster6=0) * P(cluster6=0|cluster2=0) * P(cluster2=0|cluster3=0) * P(cluster3=0|cluster8=0)[0.0131072]=0.0104858
binkey=192 [Edge status: 0 0 0 0 0 0 1 1 ] P(G)=P(cluster8=0)[0.8] * P(cluster1=0|cluster2=0) * P(cluster9=0|cluster6=0) * P(cluster7=1|cluster10=1) * P(cluster10=1|cluster6=0) * P(cluster6=0|cluster2=0) * P(cluster2=0|cluster3=0) * P(cluster3=0|cluster8=0)[0.0524288]=0.041943
binkey=136 [Edge status: 0 0 0 1 0 0 0 1 ] P(G)=P(cluster8=0)[0.8] * P(cluster1=1|cluster2=0) * P(cluster9=0|cluster6=0) * P(cluster7=1|cluster10=0) * P(cluster10=0|cluster6=0) * P(cluster6=0|cluster2=0) * P(cluster2=0|cluster3=0) * P(cluster3=0|cluster8=0)[0.0131072]=0.0104858
binkey=3 [Edge status: 1 1 0 0 0 0 0 0 ] P(G)=P(cluster8=1)[0.2] * P(cluster1=0|cluster2=0) * P(cluster9=0|cluster6=0) * P(cluster7=0|cluster10=0) * P(cluster10=0|cluster6=0) * P(cluster6=0|cluster2=0) * P(cluster2=0|cluster3=1) * P(cluster3=1|cluster8=1)[0.0524288]=0.0104858
binkey=40 [Edge status: 0 0 0 1 0 1 0 0 ] P(G)=P(cluster8=0)[0.8] * P(cluster1=1|cluster2=0) * P(cluster9=1|cluster6=0) * P(cluster7=0|cluster10=0) * P(cluster10=0|cluster6=0) * P(cluster6=0|cluster2=0) * P(cluster2=0|cluster3=0) * P(cluster3=0|cluster8=0)[0.0131072]=0.0104858
binkey=168 [Edge status: 0 0 0 1 0 1 0 1 ] P(G)=P(cluster8=0)[0.8] * P(cluster1=1|cluster2=0) * P(cluster9=1|cluster6=0) * P(cluster7=1|cluster10=0) * P(cluster10=0|cluster6=0) * P(cluster6=0|cluster2=0) * P(cluster2=0|cluster3=0) * P(cluster3=0|cluster8=0)[0.0032768]=0.00262144
binkey=224 [Edge status: 0 0 0 0 0 1 1 1 ] P(G)=P(cluster8=0)[0.8] * P(cluster1=0|cluster2=0) * P(cluster9=1|cluster6=0) * P(cluster7=1|cluster10=1) * P(cluster10=1|cluster6=0) * P(cluster6=0|cluster2=0) * P(cluster2=0|cluster3=0) * P(cluster3=0|cluster8=0)[0.0131072]=0.0104858
binkey=200 [Edge status: 0 0 0 1 0 0 1 1 ] P(G)=P(cluster8=0)[0.8] * P(cluster1=1|cluster2=0) * P(cluster9=0|cluster6=0) * P(cluster7=1|cluster10=1) * P(cluster10=1|cluster6=0) * P(cluster6=0|cluster2=0) * P(cluster2=0|cluster3=0) * P(cluster3=0|cluster8=0)[0.0131072]=0.0104858
binkey=232 [Edge status: 0 0 0 1 0 1 1 1 ] P(G)=P(cluster8=0)[0.8] * P(cluster1=1|cluster2=0) * P(cluster9=1|cluster6=0) * P(cluster7=1|cluster10=1) * P(cluster10=1|cluster6=0) * P(cluster6=0|cluster2=0) * P(cluster2=0|cluster3=0) * P(cluster3=0|cluster8=0)[0.0032768]=0.00262144
binkey=7 [Edge status: 1 1 1 0 0 0 0 0 ] P(G)=P(cluster8=1)[0.2] * P(cluster1=0|cluster2=1) * P(cluster9=0|cluster6=0) * P(cluster7=0|cluster10=0) * P(cluster10=0|cluster6=0) * P(cluster6=0|cluster2=1) * P(cluster2=1|cluster3=1) * P(cluster3=1|cluster8=1)[0.0131072]=0.00262144
ITERATION 0 newScore=-2.6136e+06 diffscore=18633 priorChange=-108.131 successMove=52
ITERATION 1 newScore=-2.60512e+06 diffscore=8480.08 priorChange=-121.994 successMove=52
ITERATION 2 newScore=-2.59731e+06 diffscore=7808.4 priorChange=-116.449 successMove=51
ITERATION 3 newScore=-2.59317e+06 diffscore=4143.34 priorChange=-116.449 successMove=50
ITERATION 4 newScore=-2.58583e+06 diffscore=7336.25 priorChange=-124.766 successMove=52
binkey=240 [Edge status: 0 0 0 0 1 1 1 1 ] P(G)=P(cluster8=0)[0.8] * P(cluster1=0|cluster2=0) * P(cluster9=1|cluster6=1) * P(cluster7=1|cluster10=1) * P(cluster10=1|cluster6=1) * P(cluster6=1|cluster2=0) * P(cluster2=0|cluster3=0) * P(cluster3=0|cluster8=0)[0.0524288]=0.041943
ITERATION 5 newScore=-2.57822e+06 diffscore=7615.79 priorChange=-121.994 successMove=54
ITERATION 6 newScore=-2.57094e+06 diffscore=7282.21 priorChange=-120.608 successMove=50
ITERATION 7 newScore=-2.56984e+06 diffscore=1095.25 priorChange=-130.312 successMove=52
ITERATION 8 newScore=-2.56606e+06 diffscore=3777.99 priorChange=-119.221 successMove=51
ITERATION 9 newScore=-2.56206e+06 diffscore=4000.49 priorChange=-123.38 successMove=50
ITERATION 10 newScore=-2.55707e+06 diffscore=4987.98 priorChange=-108.131 successMove=50
ITERATION 11 newScore=-2.55424e+06 diffscore=2835.5 priorChange=-124.766 successMove=51
ITERATION 12 newScore=-2.55345e+06 diffscore=789.741 priorChange=-126.153 successMove=51
ITERATION 13 newScore=-2.55138e+06 diffscore=2068.3 priorChange=-120.608 successMove=54
ITERATION 14 newScore=-2.54892e+06 diffscore=2460.3 priorChange=-115.062 successMove=50
ITERATION 15 newScore=-2.5459e+06 diffscore=3016.73 priorChange=-127.539 successMove=50
ITERATION 16 newScore=-2.54526e+06 diffscore=645.864 priorChange=-117.835 successMove=51
ITERATION 17 newScore=-2.54329e+06 diffscore=1963.69 priorChange=-123.38 successMove=51
ITERATION 18 newScore=-2.54258e+06 diffscore=717.816 priorChange=-121.994 successMove=51
ITERATION 19 newScore=-2.53976e+06 diffscore=2818.38 priorChange=-115.062 successMove=52
ITERATION 20 newScore=-2.53536e+06 diffscore=4402.08 priorChange=-117.835 successMove=52
ITERATION 21 newScore=-2.53405e+06 diffscore=1309.24 priorChange=-115.062 successMove=52
ITERATION 22 newScore=-2.53244e+06 diffscore=1606.43 priorChange=-109.517 successMove=52
ITERATION 23 newScore=-2.53039e+06 diffscore=2054.59 priorChange=-108.131 successMove=50
ITERATION 24 newScore=-2.52924e+06 diffscore=1149.23 priorChange=-105.358 successMove=50
ITERATION 25 newScore=-2.52877e+06 diffscore=470.181 priorChange=-113.676 successMove=50
ITERATION 26 newScore=-2.52715e+06 diffscore=1620.59 priorChange=-106.745 successMove=51
ITERATION 27 newScore=-2.52413e+06 diffscore=3011.03 priorChange=-128.925 successMove=50
ITERATION 28 newScore=-2.52365e+06 diffscore=480.602 priorChange=-109.517 successMove=50
ITERATION 29 newScore=-2.52224e+06 diffscore=1413.35 priorChange=-117.835 successMove=50
ITERATION 30 newScore=-2.52148e+06 diffscore=758.868 priorChange=-106.745 successMove=51
ITERATION 31 newScore=-2.52111e+06 diffscore=374.213 priorChange=-101.199 successMove=49
ITERATION 32 newScore=-2.52062e+06 diffscore=482.684 priorChange=-103.972 successMove=49
ITERATION 33 newScore=-2.51835e+06 diffscore=2276.55 priorChange=-112.29 successMove=50
ITERATION 34 newScore=-2.51798e+06 diffscore=363.852 priorChange=-101.199 successMove=48
ITERATION 35 newScore=-2.51633e+06 diffscore=1650.06 priorChange=-95.6543 successMove=49
ITERATION 36 newScore=-2.51391e+06 diffscore=2429.27 priorChange=-98.4269 successMove=52
ITERATION 37 newScore=-2.51204e+06 diffscore=1862.44 priorChange=-113.676 successMove=47
ITERATION 38 newScore=-2.5117e+06 diffscore=347.407 priorChange=-106.745 successMove=48
ITERATION 39 newScore=-2.51119e+06 diffscore=503.857 priorChange=-88.7228 successMove=46
ITERATION 40 newScore=-2.50898e+06 diffscore=2207.54 priorChange=-97.0406 successMove=46
ITERATION 41 newScore=-2.50741e+06 diffscore=1576.11 priorChange=-97.0406 successMove=45
ITERATION 42 newScore=-2.50711e+06 diffscore=294.206 priorChange=-85.9503 successMove=44
ITERATION 43 newScore=-2.50675e+06 diffscore=365.707 priorChange=-92.8817 successMove=44
ITERATION 44 newScore=-2.50644e+06 diffscore=303.752 priorChange=-99.8132 successMove=42
ITERATION 45 newScore=-2.50619e+06 diffscore=253.044 priorChange=-66.5421 successMove=42
ITERATION 46 newScore=-2.50592e+06 diffscore=268.86 priorChange=-79.0188 successMove=40
ITERATION 47 newScore=-2.50551e+06 diffscore=411.81 priorChange=-72.0873 successMove=39
ITERATION 48 newScore=-2.50398e+06 diffscore=1525.78 priorChange=-74.8599 successMove=37
ITERATION 49 newScore=-2.50241e+06 diffscore=1572.32 priorChange=-83.1777 successMove=37
ITERATION 50 newScore=-2.50101e+06 diffscore=1403.44 priorChange=-74.8599 successMove=35
ITERATION 51 newScore=-2.50078e+06 diffscore=225.593 priorChange=-74.8599 successMove=33
ITERATION 52 newScore=-2.50056e+06 diffscore=219.837 priorChange=-72.0873 successMove=33
ITERATION 53 newScore=-2.50035e+06 diffscore=208.746 priorChange=-59.6107 successMove=33
ITERATION 54 newScore=-2.5e+06 diffscore=357.603 priorChange=-69.3147 successMove=32
ITERATION 55 newScore=-2.49884e+06 diffscore=1158.02 priorChange=-62.3832 successMove=30
ITERATION 56 newScore=-2.49851e+06 diffscore=327.366 priorChange=-74.8599 successMove=30
ITERATION 57 newScore=-2.49806e+06 diffscore=453.173 priorChange=-72.0873 successMove=30
ITERATION 58 newScore=-2.49644e+06 diffscore=1620.06 priorChange=-79.0188 successMove=30
ITERATION 59 newScore=-2.49625e+06 diffscore=187.362 priorChange=-67.9284 successMove=30
ITERATION 60 newScore=-2.49602e+06 diffscore=233.851 priorChange=-65.1558 successMove=30
ITERATION 61 newScore=-2.49582e+06 diffscore=200.162 priorChange=-59.6107 successMove=29
ITERATION 62 newScore=-2.49445e+06 diffscore=1365.35 priorChange=-62.3832 successMove=30
ITERATION 63 newScore=-2.49407e+06 diffscore=382.581 priorChange=-62.3832 successMove=29
ITERATION 64 newScore=-2.49287e+06 diffscore=1200.25 priorChange=-48.5203 successMove=27
ITERATION 65 newScore=-2.49264e+06 diffscore=229.604 priorChange=-58.2244 successMove=26
ITERATION 66 newScore=-2.49125e+06 diffscore=1387.37 priorChange=-52.6792 successMove=26
ITERATION 67 newScore=-2.49068e+06 diffscore=571.73 priorChange=-45.7477 successMove=28
ITERATION 68 newScore=-2.48942e+06 diffscore=1257.87 priorChange=-54.0655 successMove=27
ITERATION 69 newScore=-2.48923e+06 diffscore=196.91 priorChange=-47.134 successMove=27
ITERATION 70 newScore=-2.48905e+06 diffscore=174.717 priorChange=-48.5203 successMove=25
ITERATION 71 newScore=-2.48794e+06 diffscore=1107.62 priorChange=-41.5888 successMove=23
ITERATION 72 newScore=-2.4878e+06 diffscore=139.703 priorChange=-40.2025 successMove=23
ITERATION 73 newScore=-2.48768e+06 diffscore=123.406 priorChange=-44.3614 successMove=22
ITERATION 74 newScore=-2.48674e+06 diffscore=937.689 priorChange=-55.4518 successMove=22
ITERATION 75 newScore=-2.48556e+06 diffscore=1185.15 priorChange=-48.5203 successMove=22
ITERATION 76 newScore=-2.48544e+06 diffscore=113.137 priorChange=-44.3614 successMove=20
ITERATION 77 newScore=-2.48531e+06 diffscore=132.141 priorChange=-47.134 successMove=21
ITERATION 78 newScore=-2.48522e+06 diffscore=90.6727 priorChange=-33.2711 successMove=19
ITERATION 79 newScore=-2.48512e+06 diffscore=98.9212 priorChange=-33.2711 successMove=17
ITERATION 80 newScore=-2.48493e+06 diffscore=187.782 priorChange=-36.0437 successMove=17
ITERATION 81 newScore=-2.4848e+06 diffscore=130.927 priorChange=-30.4985 successMove=17
ITERATION 82 newScore=-2.48473e+06 diffscore=76.2184 priorChange=-27.7259 successMove=16
ITERATION 83 newScore=-2.48367e+06 diffscore=1052.5 priorChange=-20.7944 successMove=14
ITERATION 84 newScore=-2.48362e+06 diffscore=57.597 priorChange=-30.4985 successMove=13
ITERATION 85 newScore=-2.48347e+06 diffscore=150.045 priorChange=-30.4985 successMove=13
ITERATION 86 newScore=-2.48341e+06 diffscore=53.3003 priorChange=-22.1807 successMove=15
ITERATION 87 newScore=-2.48224e+06 diffscore=1174.61 priorChange=-26.3396 successMove=13
ITERATION 88 newScore=-2.48216e+06 diffscore=77.8373 priorChange=-19.4081 successMove=12
ITERATION 89 newScore=-2.4821e+06 diffscore=63.8143 priorChange=-22.1807 successMove=11
ITERATION 90 newScore=-2.48206e+06 diffscore=38.4054 priorChange=-23.567 successMove=11
ITERATION 91 newScore=-2.48203e+06 diffscore=34.0633 priorChange=-19.4081 successMove=11
ITERATION 92 newScore=-2.48199e+06 diffscore=34.3304 priorChange=-20.7944 successMove=11
ITERATION 93 newScore=-2.48197e+06 diffscore=25.2423 priorChange=-15.2492 successMove=11
ITERATION 94 newScore=-2.48194e+06 diffscore=29.6705 priorChange=-22.1807 successMove=10
ITERATION 95 newScore=-2.48192e+06 diffscore=20.2631 priorChange=-12.4766 successMove=8
ITERATION 96 newScore=-2.48189e+06 diffscore=29.8659 priorChange=-20.7944 successMove=8
ITERATION 97 newScore=-2.48187e+06 diffscore=18.0427 priorChange=-8.31777 successMove=7
ITERATION 98 newScore=-2.48185e+06 diffscore=17.6565 priorChange=-6.93147 successMove=7
ITERATION 99 newScore=-2.48183e+06 diffscore=22.3254 priorChange=-12.4766 successMove=7
MetaLearner::dumpAllGraphs
Final Score -2.48183e+06
MetaLearner::start runtime: 1241054909 ms
Results/
Results/cluster3/
Results/cluster3/fold0/
Results/cluster3/fold0/modelparams.txt
Results/cluster3/fold0/var_mb_pw_k50.txt
Results/cluster7/
Results/cluster7/fold0/
Results/cluster7/fold0/modelparams.txt
Results/cluster7/fold0/var_mb_pw_k50.txt
Results/cluster2/
Results/cluster2/fold0/
Results/cluster2/fold0/modelparams.txt
Results/cluster2/fold0/var_mb_pw_k50.txt
Results/cluster9/
Results/cluster9/fold0/
Results/cluster9/fold0/modelparams.txt
Results/cluster9/fold0/var_mb_pw_k50.txt
Results/cluster6/
Results/cluster6/fold0/
Results/cluster6/fold0/modelparams.txt
Results/cluster6/fold0/var_mb_pw_k50.txt
Results/cluster1/
Results/cluster1/fold0/
Results/cluster1/fold0/modelparams.txt
Results/cluster1/fold0/var_mb_pw_k50.txt
Results/cluster10/
Results/cluster10/fold0/
Results/cluster10/fold0/modelparams.txt
Results/cluster10/fold0/var_mb_pw_k50.txt
Results/cluster8/
Results/cluster8/scoreFile.txt
Results/cluster8/fold0/
Results/cluster8/fold0/modelparams.txt
Results/cluster8/fold0/var_mb_pw_k50.txt
