000 (49777.2233.000) 10/11 10:48:13 Job submitted from host: <144.92.142.142:9618?addrs=144.92.142.142-9618&noUDP&sock=44923_051a_3>
...
001 (49777.2233.000) 10/11 18:44:55 Job executing on host: <144.92.142.148:9618?addrs=144.92.142.148-9618&noUDP&sock=2468_6bd3_3>
...
006 (49777.2233.000) 10/11 18:45:04 Image size of job updated: 105764
	104  -  MemoryUsage of job (MB)
	105764  -  ResidentSetSize of job (KB)
...
006 (49777.2233.000) 10/11 18:50:05 Image size of job updated: 735260
	655  -  MemoryUsage of job (MB)
	670536  -  ResidentSetSize of job (KB)
...
006 (49777.2233.000) 10/11 18:55:05 Image size of job updated: 892508
	816  -  MemoryUsage of job (MB)
	834688  -  ResidentSetSize of job (KB)
...
006 (49777.2233.000) 10/11 19:00:05 Image size of job updated: 1123916
	1041  -  MemoryUsage of job (MB)
	1065540  -  ResidentSetSize of job (KB)
...
006 (49777.2233.000) 10/11 19:05:06 Image size of job updated: 1366948
	1284  -  MemoryUsage of job (MB)
	1314720  -  ResidentSetSize of job (KB)
...
006 (49777.2233.000) 10/11 19:10:07 Image size of job updated: 1718780
	1646  -  MemoryUsage of job (MB)
	1684812  -  ResidentSetSize of job (KB)
...
006 (49777.2233.000) 10/11 19:15:07 Image size of job updated: 2201500
	2096  -  MemoryUsage of job (MB)
	2145292  -  ResidentSetSize of job (KB)
...
006 (49777.2233.000) 10/11 19:20:07 Image size of job updated: 2694436
	2580  -  MemoryUsage of job (MB)
	2640928  -  ResidentSetSize of job (KB)
...
006 (49777.2233.000) 10/11 19:23:35 Image size of job updated: 3057256
	2580  -  MemoryUsage of job (MB)
	2640928  -  ResidentSetSize of job (KB)
...
005 (49777.2233.000) 10/11 19:23:35 Job terminated.
	(1) Normal termination (return value 0)
		Usr 0 00:38:32, Sys 0 00:00:06  -  Run Remote Usage
		Usr 0 00:00:00, Sys 0 00:00:00  -  Run Local Usage
		Usr 0 00:38:32, Sys 0 00:00:06  -  Total Remote Usage
		Usr 0 00:00:00, Sys 0 00:00:00  -  Total Local Usage
	178135  -  Run Bytes Sent By Job
	316843968  -  Run Bytes Received By Job
	178135  -  Total Bytes Sent By Job
	316843968  -  Total Bytes Received By Job
	Partitionable Resources :     Usage  Request Allocated 
	   Cpus                 :      1.00        1         1 
	   Disk (KB)            : 325000      819200  40969912 
	   Memory (MB)          :   2580       20480     20480 
...
