./CVN -f config_condor.txt -x50 -v1 -l TFs_OGs.txt -n AllGenes199.txt -d celltype_tree_ancestor.txt -m testdata_ogids.txt -s celltype_order.txt -p 0.2 -c yes -b -4 -q 4
(cluster3|cluster8) p_maintain_edge=0.8 p_gain=0.2
(cluster2|cluster3) p_maintain_edge=0.8 p_gain=0.2
(cluster1|cluster2) p_maintain_edge=0.8 p_gain=0.2
(cluster6|cluster2) p_maintain_edge=0.8 p_gain=0.2
(cluster9|cluster6) p_maintain_edge=0.8 p_gain=0.2
(cluster10|cluster6) p_maintain_edge=0.8 p_gain=0.2
(cluster7|cluster10) p_maintain_edge=0.8 p_gain=0.2
speciesSet.size()=8 Root is cluster8
MappedOrthogroupReader::readSpeciesMapping() --- celltype_order.txt
MappedOrthogroupReader::readFile - testdata_ogids.txt
MappedOrthogroupReader::generateGeneOrthoMap()
MetaLearner::init_onefold() read:config_condor.txt
MetaLearner::setinputVariableNames number of variables: 2039
readEvidenceTable:cluster8.table
PotentialManager::loadEvidenceFromTable varCount=2039 sampleCount=348
motifNetwork.size() = 319
0=cluster8 motifNetwork=cluster8_network.txt
variable size=2039
readEvidenceTable:cluster3.table
PotentialManager::loadEvidenceFromTable varCount=2039 sampleCount=95
motifNetwork.size() = 326
1=cluster3 motifNetwork=cluster3_network.txt
variable size=2039
readEvidenceTable:cluster2.table
PotentialManager::loadEvidenceFromTable varCount=2039 sampleCount=386
motifNetwork.size() = 328
2=cluster2 motifNetwork=cluster2_network.txt
variable size=2039
readEvidenceTable:cluster1.table
PotentialManager::loadEvidenceFromTable varCount=2039 sampleCount=36
motifNetwork.size() = 322
3=cluster1 motifNetwork=cluster1_network.txt
variable size=2039
readEvidenceTable:cluster6.table
PotentialManager::loadEvidenceFromTable varCount=2039 sampleCount=524
motifNetwork.size() = 320
4=cluster6 motifNetwork=cluster6_network.txt
variable size=2039
readEvidenceTable:cluster9.table
PotentialManager::loadEvidenceFromTable varCount=2039 sampleCount=184
motifNetwork.size() = 327
5=cluster9 motifNetwork=cluster9_network.txt
variable size=2039
readEvidenceTable:cluster10.table
PotentialManager::loadEvidenceFromTable varCount=2039 sampleCount=165
motifNetwork.size() = 326
6=cluster10 motifNetwork=cluster10_network.txt
variable size=2039
readEvidenceTable:cluster7.table
PotentialManager::loadEvidenceFromTable varCount=2039 sampleCount=1032
motifNetwork.size() = 320
7=cluster7 motifNetwork=cluster7_network.txt
variable size=2039
-------------------------------------------------------------
MetaLearner::start
precomputeEmptyGraphPrior
binkey=0 [Edge status: 0 0 0 0 0 0 0 0 ] P(G)=P(cluster8=0)[0.8] * P(cluster1=0|cluster2=0) * P(cluster9=0|cluster6=0) * P(cluster7=0|cluster10=0) * P(cluster10=0|cluster6=0) * P(cluster6=0|cluster2=0) * P(cluster2=0|cluster3=0) * P(cluster3=0|cluster8=0)[0.209715]=0.167772
condsetMap_Tree
0 cluster8=0 cluster3=0 cluster2=0 cluster1=0 cluster6=0 cluster9=0 cluster10=0 cluster7=1
1 cluster8=0 cluster3=0 cluster2=0 cluster1=0 cluster6=0 cluster9=1 cluster10=0 cluster7=0
2 cluster8=0 cluster3=0 cluster2=0 cluster1=0 cluster6=0 cluster9=1 cluster10=0 cluster7=1
3 cluster8=0 cluster3=0 cluster2=0 cluster1=1 cluster6=0 cluster9=0 cluster10=0 cluster7=0
4 cluster8=0 cluster3=0 cluster2=0 cluster1=1 cluster6=0 cluster9=0 cluster10=0 cluster7=1
5 cluster8=0 cluster3=0 cluster2=0 cluster1=1 cluster6=0 cluster9=1 cluster10=0 cluster7=0
6 cluster8=0 cluster3=0 cluster2=0 cluster1=1 cluster6=0 cluster9=1 cluster10=0 cluster7=1
7 cluster8=0 cluster3=0 cluster2=0 cluster1=0 cluster6=0 cluster9=0 cluster10=1 cluster7=1
8 cluster8=0 cluster3=0 cluster2=0 cluster1=0 cluster6=0 cluster9=1 cluster10=1 cluster7=1
9 cluster8=0 cluster3=0 cluster2=0 cluster1=1 cluster6=0 cluster9=0 cluster10=1 cluster7=1
10 cluster8=0 cluster3=0 cluster2=0 cluster1=1 cluster6=0 cluster9=1 cluster10=1 cluster7=1
11 cluster8=0 cluster3=0 cluster2=0 cluster1=0 cluster6=1 cluster9=1 cluster10=1 cluster7=1
12 cluster8=0 cluster3=0 cluster2=0 cluster1=1 cluster6=1 cluster9=1 cluster10=1 cluster7=1
13 cluster8=0 cluster3=0 cluster2=1 cluster1=1 cluster6=1 cluster9=1 cluster10=1 cluster7=1
14 cluster8=0 cluster3=1 cluster2=1 cluster1=1 cluster6=1 cluster9=1 cluster10=1 cluster7=1
15 cluster8=1 cluster3=1 cluster2=1 cluster1=1 cluster6=1 cluster9=1 cluster10=1 cluster7=1
16 cluster8=1 cluster3=1 cluster2=1 cluster1=1 cluster6=1 cluster9=1 cluster10=1 cluster7=0
17 cluster8=1 cluster3=1 cluster2=1 cluster1=1 cluster6=1 cluster9=0 cluster10=1 cluster7=1
18 cluster8=1 cluster3=1 cluster2=1 cluster1=1 cluster6=1 cluster9=0 cluster10=1 cluster7=0
19 cluster8=1 cluster3=1 cluster2=1 cluster1=0 cluster6=1 cluster9=1 cluster10=1 cluster7=1
20 cluster8=1 cluster3=1 cluster2=1 cluster1=0 cluster6=1 cluster9=1 cluster10=1 cluster7=0
21 cluster8=1 cluster3=1 cluster2=1 cluster1=0 cluster6=1 cluster9=0 cluster10=1 cluster7=1
22 cluster8=1 cluster3=1 cluster2=1 cluster1=0 cluster6=1 cluster9=0 cluster10=1 cluster7=0
23 cluster8=1 cluster3=1 cluster2=1 cluster1=1 cluster6=1 cluster9=1 cluster10=0 cluster7=0
24 cluster8=1 cluster3=1 cluster2=1 cluster1=1 cluster6=1 cluster9=0 cluster10=0 cluster7=0
25 cluster8=1 cluster3=1 cluster2=1 cluster1=0 cluster6=1 cluster9=1 cluster10=0 cluster7=0
26 cluster8=1 cluster3=1 cluster2=1 cluster1=0 cluster6=1 cluster9=0 cluster10=0 cluster7=0
27 cluster8=1 cluster3=1 cluster2=1 cluster1=1 cluster6=0 cluster9=0 cluster10=0 cluster7=0
28 cluster8=1 cluster3=1 cluster2=1 cluster1=0 cluster6=0 cluster9=0 cluster10=0 cluster7=0
29 cluster8=1 cluster3=1 cluster2=0 cluster1=0 cluster6=0 cluster9=0 cluster10=0 cluster7=0
30 cluster8=1 cluster3=0 cluster2=0 cluster1=0 cluster6=0 cluster9=0 cluster10=0 cluster7=0
31 cluster8=0 cluster3=0 cluster2=0 cluster1=0 cluster6=1 cluster9=0 cluster10=0 cluster7=0
32 cluster8=0 cluster3=0 cluster2=1 cluster1=0 cluster6=0 cluster9=0 cluster10=0 cluster7=0
33 cluster8=0 cluster3=0 cluster2=0 cluster1=0 cluster6=0 cluster9=0 cluster10=1 cluster7=0
34 cluster8=0 cluster3=1 cluster2=0 cluster1=0 cluster6=0 cluster9=0 cluster10=0 cluster7=0
inputRegulatorOGs.size() = 1999 inputOGList.size() = 50
binkey=128 [Edge status: 0 0 0 0 0 0 0 1 ] P(G)=P(cluster8=0)[0.8] * P(cluster1=0|cluster2=0) * P(cluster9=0|cluster6=0) * P(cluster7=1|cluster10=0) * P(cluster10=0|cluster6=0) * P(cluster6=0|cluster2=0) * P(cluster2=0|cluster3=0) * P(cluster3=0|cluster8=0)[0.0524288]=0.041943
binkey=1 [Edge status: 1 0 0 0 0 0 0 0 ] P(G)=P(cluster8=1)[0.2] * P(cluster1=0|cluster2=0) * P(cluster9=0|cluster6=0) * P(cluster7=0|cluster10=0) * P(cluster10=0|cluster6=0) * P(cluster6=0|cluster2=0) * P(cluster2=0|cluster3=0) * P(cluster3=0|cluster8=1)[0.0524288]=0.0104858
binkey=192 [Edge status: 0 0 0 0 0 0 1 1 ] P(G)=P(cluster8=0)[0.8] * P(cluster1=0|cluster2=0) * P(cluster9=0|cluster6=0) * P(cluster7=1|cluster10=1) * P(cluster10=1|cluster6=0) * P(cluster6=0|cluster2=0) * P(cluster2=0|cluster3=0) * P(cluster3=0|cluster8=0)[0.0524288]=0.041943
binkey=64 [Edge status: 0 0 0 0 0 0 1 0 ] P(G)=P(cluster8=0)[0.8] * P(cluster1=0|cluster2=0) * P(cluster9=0|cluster6=0) * P(cluster7=0|cluster10=1) * P(cluster10=1|cluster6=0) * P(cluster6=0|cluster2=0) * P(cluster2=0|cluster3=0) * P(cluster3=0|cluster8=0)[0.0131072]=0.0104858
binkey=32 [Edge status: 0 0 0 0 0 1 0 0 ] P(G)=P(cluster8=0)[0.8] * P(cluster1=0|cluster2=0) * P(cluster9=1|cluster6=0) * P(cluster7=0|cluster10=0) * P(cluster10=0|cluster6=0) * P(cluster6=0|cluster2=0) * P(cluster2=0|cluster3=0) * P(cluster3=0|cluster8=0)[0.0524288]=0.041943
binkey=4 [Edge status: 0 0 1 0 0 0 0 0 ] P(G)=P(cluster8=0)[0.8] * P(cluster1=0|cluster2=1) * P(cluster9=0|cluster6=0) * P(cluster7=0|cluster10=0) * P(cluster10=0|cluster6=0) * P(cluster6=0|cluster2=1) * P(cluster2=1|cluster3=0) * P(cluster3=0|cluster8=0)[0.0032768]=0.00262144
binkey=8 [Edge status: 0 0 0 1 0 0 0 0 ] P(G)=P(cluster8=0)[0.8] * P(cluster1=1|cluster2=0) * P(cluster9=0|cluster6=0) * P(cluster7=0|cluster10=0) * P(cluster10=0|cluster6=0) * P(cluster6=0|cluster2=0) * P(cluster2=0|cluster3=0) * P(cluster3=0|cluster8=0)[0.0524288]=0.041943
binkey=16 [Edge status: 0 0 0 0 1 0 0 0 ] P(G)=P(cluster8=0)[0.8] * P(cluster1=0|cluster2=0) * P(cluster9=0|cluster6=1) * P(cluster7=0|cluster10=0) * P(cluster10=0|cluster6=1) * P(cluster6=1|cluster2=0) * P(cluster2=0|cluster3=0) * P(cluster3=0|cluster8=0)[0.0032768]=0.00262144
binkey=2 [Edge status: 0 1 0 0 0 0 0 0 ] P(G)=P(cluster8=0)[0.8] * P(cluster1=0|cluster2=0) * P(cluster9=0|cluster6=0) * P(cluster7=0|cluster10=0) * P(cluster10=0|cluster6=0) * P(cluster6=0|cluster2=0) * P(cluster2=0|cluster3=1) * P(cluster3=1|cluster8=0)[0.0131072]=0.0104858
binkey=7 [Edge status: 1 1 1 0 0 0 0 0 ] P(G)=P(cluster8=1)[0.2] * P(cluster1=0|cluster2=1) * P(cluster9=0|cluster6=0) * P(cluster7=0|cluster10=0) * P(cluster10=0|cluster6=0) * P(cluster6=0|cluster2=1) * P(cluster2=1|cluster3=1) * P(cluster3=1|cluster8=1)[0.0131072]=0.00262144
binkey=3 [Edge status: 1 1 0 0 0 0 0 0 ] P(G)=P(cluster8=1)[0.2] * P(cluster1=0|cluster2=0) * P(cluster9=0|cluster6=0) * P(cluster7=0|cluster10=0) * P(cluster10=0|cluster6=0) * P(cluster6=0|cluster2=0) * P(cluster2=0|cluster3=1) * P(cluster3=1|cluster8=1)[0.0524288]=0.0104858
binkey=160 [Edge status: 0 0 0 0 0 1 0 1 ] P(G)=P(cluster8=0)[0.8] * P(cluster1=0|cluster2=0) * P(cluster9=1|cluster6=0) * P(cluster7=1|cluster10=0) * P(cluster10=0|cluster6=0) * P(cluster6=0|cluster2=0) * P(cluster2=0|cluster3=0) * P(cluster3=0|cluster8=0)[0.0131072]=0.0104858
binkey=136 [Edge status: 0 0 0 1 0 0 0 1 ] P(G)=P(cluster8=0)[0.8] * P(cluster1=1|cluster2=0) * P(cluster9=0|cluster6=0) * P(cluster7=1|cluster10=0) * P(cluster10=0|cluster6=0) * P(cluster6=0|cluster2=0) * P(cluster2=0|cluster3=0) * P(cluster3=0|cluster8=0)[0.0131072]=0.0104858
binkey=40 [Edge status: 0 0 0 1 0 1 0 0 ] P(G)=P(cluster8=0)[0.8] * P(cluster1=1|cluster2=0) * P(cluster9=1|cluster6=0) * P(cluster7=0|cluster10=0) * P(cluster10=0|cluster6=0) * P(cluster6=0|cluster2=0) * P(cluster2=0|cluster3=0) * P(cluster3=0|cluster8=0)[0.0131072]=0.0104858
binkey=168 [Edge status: 0 0 0 1 0 1 0 1 ] P(G)=P(cluster8=0)[0.8] * P(cluster1=1|cluster2=0) * P(cluster9=1|cluster6=0) * P(cluster7=1|cluster10=0) * P(cluster10=0|cluster6=0) * P(cluster6=0|cluster2=0) * P(cluster2=0|cluster3=0) * P(cluster3=0|cluster8=0)[0.0032768]=0.00262144
binkey=23 [Edge status: 1 1 1 0 1 0 0 0 ] P(G)=P(cluster8=1)[0.2] * P(cluster1=0|cluster2=1) * P(cluster9=0|cluster6=1) * P(cluster7=0|cluster10=0) * P(cluster10=0|cluster6=1) * P(cluster6=1|cluster2=1) * P(cluster2=1|cluster3=1) * P(cluster3=1|cluster8=1)[0.0032768]=0.00065536
binkey=224 [Edge status: 0 0 0 0 0 1 1 1 ] P(G)=P(cluster8=0)[0.8] * P(cluster1=0|cluster2=0) * P(cluster9=1|cluster6=0) * P(cluster7=1|cluster10=1) * P(cluster10=1|cluster6=0) * P(cluster6=0|cluster2=0) * P(cluster2=0|cluster3=0) * P(cluster3=0|cluster8=0)[0.0131072]=0.0104858
binkey=200 [Edge status: 0 0 0 1 0 0 1 1 ] P(G)=P(cluster8=0)[0.8] * P(cluster1=1|cluster2=0) * P(cluster9=0|cluster6=0) * P(cluster7=1|cluster10=1) * P(cluster10=1|cluster6=0) * P(cluster6=0|cluster2=0) * P(cluster2=0|cluster3=0) * P(cluster3=0|cluster8=0)[0.0131072]=0.0104858
binkey=240 [Edge status: 0 0 0 0 1 1 1 1 ] P(G)=P(cluster8=0)[0.8] * P(cluster1=0|cluster2=0) * P(cluster9=1|cluster6=1) * P(cluster7=1|cluster10=1) * P(cluster10=1|cluster6=1) * P(cluster6=1|cluster2=0) * P(cluster2=0|cluster3=0) * P(cluster3=0|cluster8=0)[0.0524288]=0.041943
binkey=232 [Edge status: 0 0 0 1 0 1 1 1 ] P(G)=P(cluster8=0)[0.8] * P(cluster1=1|cluster2=0) * P(cluster9=1|cluster6=0) * P(cluster7=1|cluster10=1) * P(cluster10=1|cluster6=0) * P(cluster6=0|cluster2=0) * P(cluster2=0|cluster3=0) * P(cluster3=0|cluster8=0)[0.0032768]=0.00262144
binkey=248 [Edge status: 0 0 0 1 1 1 1 1 ] P(G)=P(cluster8=0)[0.8] * P(cluster1=1|cluster2=0) * P(cluster9=1|cluster6=1) * P(cluster7=1|cluster10=1) * P(cluster10=1|cluster6=1) * P(cluster6=1|cluster2=0) * P(cluster2=0|cluster3=0) * P(cluster3=0|cluster8=0)[0.0131072]=0.0104858
binkey=252 [Edge status: 0 0 1 1 1 1 1 1 ] P(G)=P(cluster8=0)[0.8] * P(cluster1=1|cluster2=1) * P(cluster9=1|cluster6=1) * P(cluster7=1|cluster10=1) * P(cluster10=1|cluster6=1) * P(cluster6=1|cluster2=1) * P(cluster2=1|cluster3=0) * P(cluster3=0|cluster8=0)[0.0524288]=0.041943
binkey=215 [Edge status: 1 1 1 0 1 0 1 1 ] P(G)=P(cluster8=1)[0.2] * P(cluster1=0|cluster2=1) * P(cluster9=0|cluster6=1) * P(cluster7=1|cluster10=1) * P(cluster10=1|cluster6=1) * P(cluster6=1|cluster2=1) * P(cluster2=1|cluster3=1) * P(cluster3=1|cluster8=1)[0.0131072]=0.00262144
binkey=87 [Edge status: 1 1 1 0 1 0 1 0 ] P(G)=P(cluster8=1)[0.2] * P(cluster1=0|cluster2=1) * P(cluster9=0|cluster6=1) * P(cluster7=0|cluster10=1) * P(cluster10=1|cluster6=1) * P(cluster6=1|cluster2=1) * P(cluster2=1|cluster3=1) * P(cluster3=1|cluster8=1)[0.0032768]=0.00065536
ITERATION 0 newScore=-2.71449e+06 diffscore=15733.9 priorChange=-105.358 successMove=61
ITERATION 1 newScore=-2.70921e+06 diffscore=5277.93 priorChange=-106.745 successMove=53
ITERATION 2 newScore=-2.70245e+06 diffscore=6762.23 priorChange=-123.38 successMove=53
ITERATION 3 newScore=-2.69834e+06 diffscore=4108.93 priorChange=-113.676 successMove=50
binkey=15 [Edge status: 1 1 1 1 0 0 0 0 ] P(G)=P(cluster8=1)[0.2] * P(cluster1=1|cluster2=1) * P(cluster9=0|cluster6=0) * P(cluster7=0|cluster10=0) * P(cluster10=0|cluster6=0) * P(cluster6=0|cluster2=1) * P(cluster2=1|cluster3=1) * P(cluster3=1|cluster8=1)[0.0524288]=0.0104858
binkey=55 [Edge status: 1 1 1 0 1 1 0 0 ] P(G)=P(cluster8=1)[0.2] * P(cluster1=0|cluster2=1) * P(cluster9=1|cluster6=1) * P(cluster7=0|cluster10=0) * P(cluster10=0|cluster6=1) * P(cluster6=1|cluster2=1) * P(cluster2=1|cluster3=1) * P(cluster3=1|cluster8=1)[0.0131072]=0.00262144
ITERATION 4 newScore=-2.69483e+06 diffscore=3511.73 priorChange=-123.38 successMove=54
ITERATION 5 newScore=-2.6911e+06 diffscore=3729.89 priorChange=-119.221 successMove=50
ITERATION 6 newScore=-2.68981e+06 diffscore=1287.24 priorChange=-102.586 successMove=52
ITERATION 7 newScore=-2.68784e+06 diffscore=1970.37 priorChange=-115.062 successMove=54
ITERATION 8 newScore=-2.68445e+06 diffscore=3390.81 priorChange=-108.131 successMove=53
ITERATION 9 newScore=-2.68375e+06 diffscore=702.947 priorChange=-112.29 successMove=52
ITERATION 10 newScore=-2.68042e+06 diffscore=3327.42 priorChange=-101.199 successMove=51
ITERATION 11 newScore=-2.67659e+06 diffscore=3826.21 priorChange=-108.131 successMove=53
ITERATION 12 newScore=-2.67151e+06 diffscore=5079.82 priorChange=-103.972 successMove=52
ITERATION 13 newScore=-2.66858e+06 diffscore=2931.51 priorChange=-109.517 successMove=50
ITERATION 14 newScore=-2.6671e+06 diffscore=1483.12 priorChange=-110.904 successMove=53
ITERATION 15 newScore=-2.66569e+06 diffscore=1412.9 priorChange=-106.745 successMove=51
ITERATION 16 newScore=-2.66503e+06 diffscore=652.098 priorChange=-101.199 successMove=52
ITERATION 17 newScore=-2.66211e+06 diffscore=2921.37 priorChange=-108.131 successMove=55
ITERATION 18 newScore=-2.65901e+06 diffscore=3100.4 priorChange=-91.4954 successMove=51
ITERATION 19 newScore=-2.65578e+06 diffscore=3230.75 priorChange=-98.4269 successMove=49
ITERATION 20 newScore=-2.65521e+06 diffscore=574.029 priorChange=-103.972 successMove=50
ITERATION 21 newScore=-2.65359e+06 diffscore=1615.49 priorChange=-105.358 successMove=51
ITERATION 22 newScore=-2.65117e+06 diffscore=2417.49 priorChange=-102.586 successMove=50
ITERATION 23 newScore=-2.64983e+06 diffscore=1339.93 priorChange=-103.972 successMove=50
ITERATION 24 newScore=-2.64567e+06 diffscore=4165.68 priorChange=-105.358 successMove=51
ITERATION 25 newScore=-2.6449e+06 diffscore=767.89 priorChange=-102.586 successMove=48
ITERATION 26 newScore=-2.64185e+06 diffscore=3051.58 priorChange=-88.7228 successMove=48
ITERATION 27 newScore=-2.63724e+06 diffscore=4609.32 priorChange=-105.358 successMove=49
ITERATION 28 newScore=-2.63451e+06 diffscore=2732.05 priorChange=-103.972 successMove=46
ITERATION 29 newScore=-2.63326e+06 diffscore=1246.98 priorChange=-87.3365 successMove=48
ITERATION 30 newScore=-2.6292e+06 diffscore=4062.24 priorChange=-99.8132 successMove=47
ITERATION 31 newScore=-2.62778e+06 diffscore=1421.71 priorChange=-99.8132 successMove=47
ITERATION 32 newScore=-2.62669e+06 diffscore=1091.03 priorChange=-85.9503 successMove=46
ITERATION 33 newScore=-2.62609e+06 diffscore=590.802 priorChange=-103.972 successMove=46
ITERATION 34 newScore=-2.62417e+06 diffscore=1923.59 priorChange=-98.4269 successMove=46
ITERATION 35 newScore=-2.62286e+06 diffscore=1314.34 priorChange=-99.8132 successMove=46
ITERATION 36 newScore=-2.62218e+06 diffscore=679.089 priorChange=-105.358 successMove=47
ITERATION 37 newScore=-2.62179e+06 diffscore=389.956 priorChange=-98.4269 successMove=46
ITERATION 38 newScore=-2.61964e+06 diffscore=2147.1 priorChange=-90.1091 successMove=47
ITERATION 39 newScore=-2.61928e+06 diffscore=358.964 priorChange=-99.8132 successMove=46
ITERATION 40 newScore=-2.61897e+06 diffscore=315.512 priorChange=-87.3365 successMove=51
ITERATION 41 newScore=-2.61859e+06 diffscore=377.866 priorChange=-87.3365 successMove=46
ITERATION 42 newScore=-2.61719e+06 diffscore=1400.98 priorChange=-101.199 successMove=45
ITERATION 43 newScore=-2.61688e+06 diffscore=303.886 priorChange=-88.7228 successMove=46
ITERATION 44 newScore=-2.61549e+06 diffscore=1396.2 priorChange=-102.586 successMove=45
ITERATION 45 newScore=-2.61517e+06 diffscore=320.077 priorChange=-103.972 successMove=46
ITERATION 46 newScore=-2.61483e+06 diffscore=334.671 priorChange=-99.8132 successMove=44
ITERATION 47 newScore=-2.61451e+06 diffscore=320.805 priorChange=-101.199 successMove=45
ITERATION 48 newScore=-2.61404e+06 diffscore=469.45 priorChange=-115.062 successMove=46
ITERATION 49 newScore=-2.61153e+06 diffscore=2512.37 priorChange=-90.1091 successMove=43
ITERATION 50 newScore=-2.61025e+06 diffscore=1277.96 priorChange=-91.4954 successMove=42
ITERATION 51 newScore=-2.61e+06 diffscore=253.56 priorChange=-77.6325 successMove=42
ITERATION 52 newScore=-2.60972e+06 diffscore=279.754 priorChange=-88.7228 successMove=40
ITERATION 53 newScore=-2.60943e+06 diffscore=286.755 priorChange=-77.6325 successMove=42
ITERATION 54 newScore=-2.60781e+06 diffscore=1621.6 priorChange=-74.8599 successMove=39
ITERATION 55 newScore=-2.60663e+06 diffscore=1181.61 priorChange=-79.0188 successMove=39
ITERATION 56 newScore=-2.60549e+06 diffscore=1138.71 priorChange=-88.7228 successMove=39
ITERATION 57 newScore=-2.60518e+06 diffscore=311.776 priorChange=-85.9503 successMove=39
ITERATION 58 newScore=-2.6047e+06 diffscore=479.815 priorChange=-88.7228 successMove=38
ITERATION 59 newScore=-2.6036e+06 diffscore=1097.72 priorChange=-92.8817 successMove=38
ITERATION 60 newScore=-2.60336e+06 diffscore=243.456 priorChange=-85.9503 successMove=39
ITERATION 61 newScore=-2.60184e+06 diffscore=1514.27 priorChange=-76.2462 successMove=38
ITERATION 62 newScore=-2.60083e+06 diffscore=1014.12 priorChange=-66.5421 successMove=36
ITERATION 63 newScore=-2.6006e+06 diffscore=233.115 priorChange=-56.8381 successMove=37
ITERATION 64 newScore=-2.59891e+06 diffscore=1687.94 priorChange=-70.701 successMove=36
ITERATION 65 newScore=-2.59716e+06 diffscore=1751.59 priorChange=-70.701 successMove=34
ITERATION 66 newScore=-2.59692e+06 diffscore=236.624 priorChange=-54.0655 successMove=34
ITERATION 67 newScore=-2.5956e+06 diffscore=1317.35 priorChange=-72.0873 successMove=32
ITERATION 68 newScore=-2.59541e+06 diffscore=191.735 priorChange=-58.2244 successMove=35
ITERATION 69 newScore=-2.59523e+06 diffscore=175.434 priorChange=-58.2244 successMove=31
ITERATION 70 newScore=-2.5949e+06 diffscore=339.743 priorChange=-69.3147 successMove=31
ITERATION 71 newScore=-2.59369e+06 diffscore=1209.09 priorChange=-54.0655 successMove=31
ITERATION 72 newScore=-2.59235e+06 diffscore=1334.37 priorChange=-62.3832 successMove=32
ITERATION 73 newScore=-2.59104e+06 diffscore=1316.25 priorChange=-54.0655 successMove=31
ITERATION 74 newScore=-2.59005e+06 diffscore=987.481 priorChange=-56.8381 successMove=27
ITERATION 75 newScore=-2.58986e+06 diffscore=185.092 priorChange=-45.7477 successMove=26
ITERATION 76 newScore=-2.58969e+06 diffscore=171.633 priorChange=-56.8381 successMove=25
ITERATION 77 newScore=-2.58738e+06 diffscore=2307.14 priorChange=-52.6792 successMove=24
ITERATION 78 newScore=-2.5873e+06 diffscore=85.8973 priorChange=-45.7477 successMove=22
ITERATION 79 newScore=-2.5872e+06 diffscore=97.208 priorChange=-49.9066 successMove=22
ITERATION 80 newScore=-2.5871e+06 diffscore=98.2793 priorChange=-48.5203 successMove=21
ITERATION 81 newScore=-2.58701e+06 diffscore=96.86 priorChange=-42.9751 successMove=20
ITERATION 82 newScore=-2.58691e+06 diffscore=100.833 priorChange=-36.0437 successMove=20
ITERATION 83 newScore=-2.5856e+06 diffscore=1303.52 priorChange=-40.2025 successMove=19
ITERATION 84 newScore=-2.58552e+06 diffscore=78.2382 priorChange=-40.2025 successMove=20
ITERATION 85 newScore=-2.58524e+06 diffscore=286.632 priorChange=-42.9751 successMove=19
ITERATION 86 newScore=-2.58512e+06 diffscore=119.221 priorChange=-40.2025 successMove=18
ITERATION 87 newScore=-2.58408e+06 diffscore=1035.19 priorChange=-30.4985 successMove=17
ITERATION 88 newScore=-2.58396e+06 diffscore=117.651 priorChange=-37.4299 successMove=17
ITERATION 89 newScore=-2.5838e+06 diffscore=160.872 priorChange=-37.4299 successMove=17
ITERATION 90 newScore=-2.58265e+06 diffscore=1157.6 priorChange=-41.5888 successMove=17
ITERATION 91 newScore=-2.58259e+06 diffscore=60.7299 priorChange=-31.8848 successMove=15
ITERATION 92 newScore=-2.5825e+06 diffscore=89.6712 priorChange=-36.0437 successMove=15
ITERATION 93 newScore=-2.58243e+06 diffscore=69.5893 priorChange=-37.4299 successMove=15
ITERATION 94 newScore=-2.58236e+06 diffscore=69.3856 priorChange=-30.4985 successMove=14
ITERATION 95 newScore=-2.58229e+06 diffscore=67.5577 priorChange=-27.7259 successMove=13
ITERATION 96 newScore=-2.58106e+06 diffscore=1226.53 priorChange=-20.7944 successMove=12
ITERATION 97 newScore=-2.58101e+06 diffscore=55.3289 priorChange=-22.1807 successMove=11
ITERATION 98 newScore=-2.58096e+06 diffscore=51.2478 priorChange=-15.2492 successMove=10
ITERATION 99 newScore=-2.58088e+06 diffscore=74.2334 priorChange=-20.7944 successMove=9
MetaLearner::dumpAllGraphs
Final Score -2.58088e+06
MetaLearner::start runtime: 1584795390 ms
Results/
Results/cluster3/
Results/cluster3/fold0/
Results/cluster3/fold0/var_mb_pw_k50.txt
Results/cluster3/fold0/modelparams.txt
Results/cluster7/
Results/cluster7/fold0/
Results/cluster7/fold0/var_mb_pw_k50.txt
Results/cluster7/fold0/modelparams.txt
Results/cluster10/
Results/cluster10/fold0/
Results/cluster10/fold0/var_mb_pw_k50.txt
Results/cluster10/fold0/modelparams.txt
Results/cluster1/
Results/cluster1/fold0/
Results/cluster1/fold0/var_mb_pw_k50.txt
Results/cluster1/fold0/modelparams.txt
Results/cluster6/
Results/cluster6/fold0/
Results/cluster6/fold0/var_mb_pw_k50.txt
Results/cluster6/fold0/modelparams.txt
Results/cluster9/
Results/cluster9/fold0/
Results/cluster9/fold0/var_mb_pw_k50.txt
Results/cluster9/fold0/modelparams.txt
Results/cluster8/
Results/cluster8/fold0/
Results/cluster8/fold0/var_mb_pw_k50.txt
Results/cluster8/fold0/modelparams.txt
Results/cluster8/scoreFile.txt
Results/cluster2/
Results/cluster2/fold0/
Results/cluster2/fold0/var_mb_pw_k50.txt
Results/cluster2/fold0/modelparams.txt
