000 (49777.479.000) 10/11 10:48:09 Job submitted from host: <144.92.142.142:9618?addrs=144.92.142.142-9618&noUDP&sock=44923_051a_3>
...
001 (49777.479.000) 10/11 14:03:20 Job executing on host: <144.92.142.132:9618?addrs=144.92.142.132-9618&noUDP&sock=30679_d219_3>
...
006 (49777.479.000) 10/11 14:03:28 Image size of job updated: 170520
	104  -  MemoryUsage of job (MB)
	105768  -  ResidentSetSize of job (KB)
...
006 (49777.479.000) 10/11 14:08:28 Image size of job updated: 992628
	907  -  MemoryUsage of job (MB)
	928524  -  ResidentSetSize of job (KB)
...
006 (49777.479.000) 10/11 14:13:28 Image size of job updated: 1996484
	1887  -  MemoryUsage of job (MB)
	1931840  -  ResidentSetSize of job (KB)
...
006 (49777.479.000) 10/11 14:18:29 Image size of job updated: 2962400
	2830  -  MemoryUsage of job (MB)
	2897712  -  ResidentSetSize of job (KB)
...
006 (49777.479.000) 10/11 14:19:21 Image size of job updated: 3119396
	2830  -  MemoryUsage of job (MB)
	2897712  -  ResidentSetSize of job (KB)
...
005 (49777.479.000) 10/11 14:19:21 Job terminated.
	(1) Normal termination (return value 0)
		Usr 0 00:15:57, Sys 0 00:00:03  -  Run Remote Usage
		Usr 0 00:00:00, Sys 0 00:00:00  -  Run Local Usage
		Usr 0 00:15:57, Sys 0 00:00:03  -  Total Remote Usage
		Usr 0 00:00:00, Sys 0 00:00:00  -  Total Local Usage
	159174  -  Run Bytes Sent By Job
	316905856  -  Run Bytes Received By Job
	159174  -  Total Bytes Sent By Job
	316905856  -  Total Bytes Received By Job
	Partitionable Resources :     Usage  Request Allocated 
	   Cpus                 :      1.00        1         1 
	   Disk (KB)            : 325000      819200   1428816 
	   Memory (MB)          :   2830       20480     20480 
...
