./CVN -f config_condor.txt -x50 -v1 -l TFs_OGs.txt -n AllGenes138.txt -d celltype_tree_ancestor.txt -m testdata_ogids.txt -s celltype_order.txt -p 0.2 -c yes -b -4 -q 4
(cluster3|cluster8) p_maintain_edge=0.8 p_gain=0.2
(cluster2|cluster3) p_maintain_edge=0.8 p_gain=0.2
(cluster1|cluster2) p_maintain_edge=0.8 p_gain=0.2
(cluster6|cluster2) p_maintain_edge=0.8 p_gain=0.2
(cluster9|cluster6) p_maintain_edge=0.8 p_gain=0.2
(cluster10|cluster6) p_maintain_edge=0.8 p_gain=0.2
(cluster7|cluster10) p_maintain_edge=0.8 p_gain=0.2
speciesSet.size()=8 Root is cluster8
MappedOrthogroupReader::readSpeciesMapping() --- celltype_order.txt
MappedOrthogroupReader::readFile - testdata_ogids.txt
MappedOrthogroupReader::generateGeneOrthoMap()
MetaLearner::init_onefold() read:config_condor.txt
MetaLearner::setinputVariableNames number of variables: 2040
readEvidenceTable:cluster8.table
PotentialManager::loadEvidenceFromTable varCount=2040 sampleCount=348
motifNetwork.size() = 319
0=cluster8 motifNetwork=cluster8_network.txt
variable size=2040
readEvidenceTable:cluster3.table
PotentialManager::loadEvidenceFromTable varCount=2040 sampleCount=95
motifNetwork.size() = 326
1=cluster3 motifNetwork=cluster3_network.txt
variable size=2040
readEvidenceTable:cluster2.table
PotentialManager::loadEvidenceFromTable varCount=2040 sampleCount=386
motifNetwork.size() = 328
2=cluster2 motifNetwork=cluster2_network.txt
variable size=2040
readEvidenceTable:cluster1.table
PotentialManager::loadEvidenceFromTable varCount=2040 sampleCount=36
motifNetwork.size() = 322
3=cluster1 motifNetwork=cluster1_network.txt
variable size=2040
readEvidenceTable:cluster6.table
PotentialManager::loadEvidenceFromTable varCount=2040 sampleCount=524
motifNetwork.size() = 320
4=cluster6 motifNetwork=cluster6_network.txt
variable size=2040
readEvidenceTable:cluster9.table
PotentialManager::loadEvidenceFromTable varCount=2040 sampleCount=184
motifNetwork.size() = 327
5=cluster9 motifNetwork=cluster9_network.txt
variable size=2040
readEvidenceTable:cluster10.table
PotentialManager::loadEvidenceFromTable varCount=2040 sampleCount=165
motifNetwork.size() = 326
6=cluster10 motifNetwork=cluster10_network.txt
variable size=2040
readEvidenceTable:cluster7.table
PotentialManager::loadEvidenceFromTable varCount=2040 sampleCount=1032
motifNetwork.size() = 320
7=cluster7 motifNetwork=cluster7_network.txt
variable size=2040
-------------------------------------------------------------
MetaLearner::start
precomputeEmptyGraphPrior
binkey=0 [Edge status: 0 0 0 0 0 0 0 0 ] P(G)=P(cluster8=0)[0.8] * P(cluster1=0|cluster2=0) * P(cluster9=0|cluster6=0) * P(cluster7=0|cluster10=0) * P(cluster10=0|cluster6=0) * P(cluster6=0|cluster2=0) * P(cluster2=0|cluster3=0) * P(cluster3=0|cluster8=0)[0.209715]=0.167772
condsetMap_Tree
0 cluster8=0 cluster3=0 cluster2=0 cluster1=0 cluster6=0 cluster9=0 cluster10=0 cluster7=1
1 cluster8=0 cluster3=0 cluster2=0 cluster1=0 cluster6=0 cluster9=1 cluster10=0 cluster7=0
2 cluster8=0 cluster3=0 cluster2=0 cluster1=0 cluster6=0 cluster9=1 cluster10=0 cluster7=1
3 cluster8=0 cluster3=0 cluster2=0 cluster1=1 cluster6=0 cluster9=0 cluster10=0 cluster7=0
4 cluster8=0 cluster3=0 cluster2=0 cluster1=1 cluster6=0 cluster9=0 cluster10=0 cluster7=1
5 cluster8=0 cluster3=0 cluster2=0 cluster1=1 cluster6=0 cluster9=1 cluster10=0 cluster7=0
6 cluster8=0 cluster3=0 cluster2=0 cluster1=1 cluster6=0 cluster9=1 cluster10=0 cluster7=1
7 cluster8=0 cluster3=0 cluster2=0 cluster1=0 cluster6=0 cluster9=0 cluster10=1 cluster7=1
8 cluster8=0 cluster3=0 cluster2=0 cluster1=0 cluster6=0 cluster9=1 cluster10=1 cluster7=1
9 cluster8=0 cluster3=0 cluster2=0 cluster1=1 cluster6=0 cluster9=0 cluster10=1 cluster7=1
10 cluster8=0 cluster3=0 cluster2=0 cluster1=1 cluster6=0 cluster9=1 cluster10=1 cluster7=1
11 cluster8=0 cluster3=0 cluster2=0 cluster1=0 cluster6=1 cluster9=1 cluster10=1 cluster7=1
12 cluster8=0 cluster3=0 cluster2=0 cluster1=1 cluster6=1 cluster9=1 cluster10=1 cluster7=1
13 cluster8=0 cluster3=0 cluster2=1 cluster1=1 cluster6=1 cluster9=1 cluster10=1 cluster7=1
14 cluster8=0 cluster3=1 cluster2=1 cluster1=1 cluster6=1 cluster9=1 cluster10=1 cluster7=1
15 cluster8=1 cluster3=1 cluster2=1 cluster1=1 cluster6=1 cluster9=1 cluster10=1 cluster7=1
16 cluster8=1 cluster3=1 cluster2=1 cluster1=1 cluster6=1 cluster9=1 cluster10=1 cluster7=0
17 cluster8=1 cluster3=1 cluster2=1 cluster1=1 cluster6=1 cluster9=0 cluster10=1 cluster7=1
18 cluster8=1 cluster3=1 cluster2=1 cluster1=1 cluster6=1 cluster9=0 cluster10=1 cluster7=0
19 cluster8=1 cluster3=1 cluster2=1 cluster1=0 cluster6=1 cluster9=1 cluster10=1 cluster7=1
20 cluster8=1 cluster3=1 cluster2=1 cluster1=0 cluster6=1 cluster9=1 cluster10=1 cluster7=0
21 cluster8=1 cluster3=1 cluster2=1 cluster1=0 cluster6=1 cluster9=0 cluster10=1 cluster7=1
22 cluster8=1 cluster3=1 cluster2=1 cluster1=0 cluster6=1 cluster9=0 cluster10=1 cluster7=0
23 cluster8=1 cluster3=1 cluster2=1 cluster1=1 cluster6=1 cluster9=1 cluster10=0 cluster7=0
24 cluster8=1 cluster3=1 cluster2=1 cluster1=1 cluster6=1 cluster9=0 cluster10=0 cluster7=0
25 cluster8=1 cluster3=1 cluster2=1 cluster1=0 cluster6=1 cluster9=1 cluster10=0 cluster7=0
26 cluster8=1 cluster3=1 cluster2=1 cluster1=0 cluster6=1 cluster9=0 cluster10=0 cluster7=0
27 cluster8=1 cluster3=1 cluster2=1 cluster1=1 cluster6=0 cluster9=0 cluster10=0 cluster7=0
28 cluster8=1 cluster3=1 cluster2=1 cluster1=0 cluster6=0 cluster9=0 cluster10=0 cluster7=0
29 cluster8=1 cluster3=1 cluster2=0 cluster1=0 cluster6=0 cluster9=0 cluster10=0 cluster7=0
30 cluster8=1 cluster3=0 cluster2=0 cluster1=0 cluster6=0 cluster9=0 cluster10=0 cluster7=0
31 cluster8=0 cluster3=0 cluster2=0 cluster1=0 cluster6=1 cluster9=0 cluster10=0 cluster7=0
32 cluster8=0 cluster3=0 cluster2=1 cluster1=0 cluster6=0 cluster9=0 cluster10=0 cluster7=0
33 cluster8=0 cluster3=0 cluster2=0 cluster1=0 cluster6=0 cluster9=0 cluster10=1 cluster7=0
34 cluster8=0 cluster3=1 cluster2=0 cluster1=0 cluster6=0 cluster9=0 cluster10=0 cluster7=0
inputRegulatorOGs.size() = 1999 inputOGList.size() = 50
binkey=4 [Edge status: 0 0 1 0 0 0 0 0 ] P(G)=P(cluster8=0)[0.8] * P(cluster1=0|cluster2=1) * P(cluster9=0|cluster6=0) * P(cluster7=0|cluster10=0) * P(cluster10=0|cluster6=0) * P(cluster6=0|cluster2=1) * P(cluster2=1|cluster3=0) * P(cluster3=0|cluster8=0)[0.0032768]=0.00262144
binkey=32 [Edge status: 0 0 0 0 0 1 0 0 ] P(G)=P(cluster8=0)[0.8] * P(cluster1=0|cluster2=0) * P(cluster9=1|cluster6=0) * P(cluster7=0|cluster10=0) * P(cluster10=0|cluster6=0) * P(cluster6=0|cluster2=0) * P(cluster2=0|cluster3=0) * P(cluster3=0|cluster8=0)[0.0524288]=0.041943
binkey=8 [Edge status: 0 0 0 1 0 0 0 0 ] P(G)=P(cluster8=0)[0.8] * P(cluster1=1|cluster2=0) * P(cluster9=0|cluster6=0) * P(cluster7=0|cluster10=0) * P(cluster10=0|cluster6=0) * P(cluster6=0|cluster2=0) * P(cluster2=0|cluster3=0) * P(cluster3=0|cluster8=0)[0.0524288]=0.041943
binkey=1 [Edge status: 1 0 0 0 0 0 0 0 ] P(G)=P(cluster8=1)[0.2] * P(cluster1=0|cluster2=0) * P(cluster9=0|cluster6=0) * P(cluster7=0|cluster10=0) * P(cluster10=0|cluster6=0) * P(cluster6=0|cluster2=0) * P(cluster2=0|cluster3=0) * P(cluster3=0|cluster8=1)[0.0524288]=0.0104858
binkey=16 [Edge status: 0 0 0 0 1 0 0 0 ] P(G)=P(cluster8=0)[0.8] * P(cluster1=0|cluster2=0) * P(cluster9=0|cluster6=1) * P(cluster7=0|cluster10=0) * P(cluster10=0|cluster6=1) * P(cluster6=1|cluster2=0) * P(cluster2=0|cluster3=0) * P(cluster3=0|cluster8=0)[0.0032768]=0.00262144
binkey=64 [Edge status: 0 0 0 0 0 0 1 0 ] P(G)=P(cluster8=0)[0.8] * P(cluster1=0|cluster2=0) * P(cluster9=0|cluster6=0) * P(cluster7=0|cluster10=1) * P(cluster10=1|cluster6=0) * P(cluster6=0|cluster2=0) * P(cluster2=0|cluster3=0) * P(cluster3=0|cluster8=0)[0.0131072]=0.0104858
binkey=2 [Edge status: 0 1 0 0 0 0 0 0 ] P(G)=P(cluster8=0)[0.8] * P(cluster1=0|cluster2=0) * P(cluster9=0|cluster6=0) * P(cluster7=0|cluster10=0) * P(cluster10=0|cluster6=0) * P(cluster6=0|cluster2=0) * P(cluster2=0|cluster3=1) * P(cluster3=1|cluster8=0)[0.0131072]=0.0104858
binkey=128 [Edge status: 0 0 0 0 0 0 0 1 ] P(G)=P(cluster8=0)[0.8] * P(cluster1=0|cluster2=0) * P(cluster9=0|cluster6=0) * P(cluster7=1|cluster10=0) * P(cluster10=0|cluster6=0) * P(cluster6=0|cluster2=0) * P(cluster2=0|cluster3=0) * P(cluster3=0|cluster8=0)[0.0524288]=0.041943
binkey=136 [Edge status: 0 0 0 1 0 0 0 1 ] P(G)=P(cluster8=0)[0.8] * P(cluster1=1|cluster2=0) * P(cluster9=0|cluster6=0) * P(cluster7=1|cluster10=0) * P(cluster10=0|cluster6=0) * P(cluster6=0|cluster2=0) * P(cluster2=0|cluster3=0) * P(cluster3=0|cluster8=0)[0.0131072]=0.0104858
binkey=160 [Edge status: 0 0 0 0 0 1 0 1 ] P(G)=P(cluster8=0)[0.8] * P(cluster1=0|cluster2=0) * P(cluster9=1|cluster6=0) * P(cluster7=1|cluster10=0) * P(cluster10=0|cluster6=0) * P(cluster6=0|cluster2=0) * P(cluster2=0|cluster3=0) * P(cluster3=0|cluster8=0)[0.0131072]=0.0104858
binkey=40 [Edge status: 0 0 0 1 0 1 0 0 ] P(G)=P(cluster8=0)[0.8] * P(cluster1=1|cluster2=0) * P(cluster9=1|cluster6=0) * P(cluster7=0|cluster10=0) * P(cluster10=0|cluster6=0) * P(cluster6=0|cluster2=0) * P(cluster2=0|cluster3=0) * P(cluster3=0|cluster8=0)[0.0131072]=0.0104858
binkey=168 [Edge status: 0 0 0 1 0 1 0 1 ] P(G)=P(cluster8=0)[0.8] * P(cluster1=1|cluster2=0) * P(cluster9=1|cluster6=0) * P(cluster7=1|cluster10=0) * P(cluster10=0|cluster6=0) * P(cluster6=0|cluster2=0) * P(cluster2=0|cluster3=0) * P(cluster3=0|cluster8=0)[0.0032768]=0.00262144
binkey=192 [Edge status: 0 0 0 0 0 0 1 1 ] P(G)=P(cluster8=0)[0.8] * P(cluster1=0|cluster2=0) * P(cluster9=0|cluster6=0) * P(cluster7=1|cluster10=1) * P(cluster10=1|cluster6=0) * P(cluster6=0|cluster2=0) * P(cluster2=0|cluster3=0) * P(cluster3=0|cluster8=0)[0.0524288]=0.041943
binkey=224 [Edge status: 0 0 0 0 0 1 1 1 ] P(G)=P(cluster8=0)[0.8] * P(cluster1=0|cluster2=0) * P(cluster9=1|cluster6=0) * P(cluster7=1|cluster10=1) * P(cluster10=1|cluster6=0) * P(cluster6=0|cluster2=0) * P(cluster2=0|cluster3=0) * P(cluster3=0|cluster8=0)[0.0131072]=0.0104858
binkey=200 [Edge status: 0 0 0 1 0 0 1 1 ] P(G)=P(cluster8=0)[0.8] * P(cluster1=1|cluster2=0) * P(cluster9=0|cluster6=0) * P(cluster7=1|cluster10=1) * P(cluster10=1|cluster6=0) * P(cluster6=0|cluster2=0) * P(cluster2=0|cluster3=0) * P(cluster3=0|cluster8=0)[0.0131072]=0.0104858
binkey=232 [Edge status: 0 0 0 1 0 1 1 1 ] P(G)=P(cluster8=0)[0.8] * P(cluster1=1|cluster2=0) * P(cluster9=1|cluster6=0) * P(cluster7=1|cluster10=1) * P(cluster10=1|cluster6=0) * P(cluster6=0|cluster2=0) * P(cluster2=0|cluster3=0) * P(cluster3=0|cluster8=0)[0.0032768]=0.00262144
binkey=240 [Edge status: 0 0 0 0 1 1 1 1 ] P(G)=P(cluster8=0)[0.8] * P(cluster1=0|cluster2=0) * P(cluster9=1|cluster6=1) * P(cluster7=1|cluster10=1) * P(cluster10=1|cluster6=1) * P(cluster6=1|cluster2=0) * P(cluster2=0|cluster3=0) * P(cluster3=0|cluster8=0)[0.0524288]=0.041943
binkey=248 [Edge status: 0 0 0 1 1 1 1 1 ] P(G)=P(cluster8=0)[0.8] * P(cluster1=1|cluster2=0) * P(cluster9=1|cluster6=1) * P(cluster7=1|cluster10=1) * P(cluster10=1|cluster6=1) * P(cluster6=1|cluster2=0) * P(cluster2=0|cluster3=0) * P(cluster3=0|cluster8=0)[0.0131072]=0.0104858
binkey=252 [Edge status: 0 0 1 1 1 1 1 1 ] P(G)=P(cluster8=0)[0.8] * P(cluster1=1|cluster2=1) * P(cluster9=1|cluster6=1) * P(cluster7=1|cluster10=1) * P(cluster10=1|cluster6=1) * P(cluster6=1|cluster2=1) * P(cluster2=1|cluster3=0) * P(cluster3=0|cluster8=0)[0.0524288]=0.041943
binkey=254 [Edge status: 0 1 1 1 1 1 1 1 ] P(G)=P(cluster8=0)[0.8] * P(cluster1=1|cluster2=1) * P(cluster9=1|cluster6=1) * P(cluster7=1|cluster10=1) * P(cluster10=1|cluster6=1) * P(cluster6=1|cluster2=1) * P(cluster2=1|cluster3=1) * P(cluster3=1|cluster8=0)[0.0524288]=0.041943
binkey=255 [Edge status: 1 1 1 1 1 1 1 1 ] P(G)=P(cluster8=1)[0.2] * P(cluster1=1|cluster2=1) * P(cluster9=1|cluster6=1) * P(cluster7=1|cluster10=1) * P(cluster10=1|cluster6=1) * P(cluster6=1|cluster2=1) * P(cluster2=1|cluster3=1) * P(cluster3=1|cluster8=1)[0.209715]=0.041943
binkey=127 [Edge status: 1 1 1 1 1 1 1 0 ] P(G)=P(cluster8=1)[0.2] * P(cluster1=1|cluster2=1) * P(cluster9=1|cluster6=1) * P(cluster7=0|cluster10=1) * P(cluster10=1|cluster6=1) * P(cluster6=1|cluster2=1) * P(cluster2=1|cluster3=1) * P(cluster3=1|cluster8=1)[0.0524288]=0.0104858
binkey=223 [Edge status: 1 1 1 1 1 0 1 1 ] P(G)=P(cluster8=1)[0.2] * P(cluster1=1|cluster2=1) * P(cluster9=0|cluster6=1) * P(cluster7=1|cluster10=1) * P(cluster10=1|cluster6=1) * P(cluster6=1|cluster2=1) * P(cluster2=1|cluster3=1) * P(cluster3=1|cluster8=1)[0.0524288]=0.0104858
binkey=95 [Edge status: 1 1 1 1 1 0 1 0 ] P(G)=P(cluster8=1)[0.2] * P(cluster1=1|cluster2=1) * P(cluster9=0|cluster6=1) * P(cluster7=0|cluster10=1) * P(cluster10=1|cluster6=1) * P(cluster6=1|cluster2=1) * P(cluster2=1|cluster3=1) * P(cluster3=1|cluster8=1)[0.0131072]=0.00262144
binkey=247 [Edge status: 1 1 1 0 1 1 1 1 ] P(G)=P(cluster8=1)[0.2] * P(cluster1=0|cluster2=1) * P(cluster9=1|cluster6=1) * P(cluster7=1|cluster10=1) * P(cluster10=1|cluster6=1) * P(cluster6=1|cluster2=1) * P(cluster2=1|cluster3=1) * P(cluster3=1|cluster8=1)[0.0524288]=0.0104858
binkey=119 [Edge status: 1 1 1 0 1 1 1 0 ] P(G)=P(cluster8=1)[0.2] * P(cluster1=0|cluster2=1) * P(cluster9=1|cluster6=1) * P(cluster7=0|cluster10=1) * P(cluster10=1|cluster6=1) * P(cluster6=1|cluster2=1) * P(cluster2=1|cluster3=1) * P(cluster3=1|cluster8=1)[0.0131072]=0.00262144
binkey=215 [Edge status: 1 1 1 0 1 0 1 1 ] P(G)=P(cluster8=1)[0.2] * P(cluster1=0|cluster2=1) * P(cluster9=0|cluster6=1) * P(cluster7=1|cluster10=1) * P(cluster10=1|cluster6=1) * P(cluster6=1|cluster2=1) * P(cluster2=1|cluster3=1) * P(cluster3=1|cluster8=1)[0.0131072]=0.00262144
binkey=87 [Edge status: 1 1 1 0 1 0 1 0 ] P(G)=P(cluster8=1)[0.2] * P(cluster1=0|cluster2=1) * P(cluster9=0|cluster6=1) * P(cluster7=0|cluster10=1) * P(cluster10=1|cluster6=1) * P(cluster6=1|cluster2=1) * P(cluster2=1|cluster3=1) * P(cluster3=1|cluster8=1)[0.0032768]=0.00065536
binkey=63 [Edge status: 1 1 1 1 1 1 0 0 ] P(G)=P(cluster8=1)[0.2] * P(cluster1=1|cluster2=1) * P(cluster9=1|cluster6=1) * P(cluster7=0|cluster10=0) * P(cluster10=0|cluster6=1) * P(cluster6=1|cluster2=1) * P(cluster2=1|cluster3=1) * P(cluster3=1|cluster8=1)[0.0524288]=0.0104858
binkey=31 [Edge status: 1 1 1 1 1 0 0 0 ] P(G)=P(cluster8=1)[0.2] * P(cluster1=1|cluster2=1) * P(cluster9=0|cluster6=1) * P(cluster7=0|cluster10=0) * P(cluster10=0|cluster6=1) * P(cluster6=1|cluster2=1) * P(cluster2=1|cluster3=1) * P(cluster3=1|cluster8=1)[0.0131072]=0.00262144
binkey=55 [Edge status: 1 1 1 0 1 1 0 0 ] P(G)=P(cluster8=1)[0.2] * P(cluster1=0|cluster2=1) * P(cluster9=1|cluster6=1) * P(cluster7=0|cluster10=0) * P(cluster10=0|cluster6=1) * P(cluster6=1|cluster2=1) * P(cluster2=1|cluster3=1) * P(cluster3=1|cluster8=1)[0.0131072]=0.00262144
binkey=23 [Edge status: 1 1 1 0 1 0 0 0 ] P(G)=P(cluster8=1)[0.2] * P(cluster1=0|cluster2=1) * P(cluster9=0|cluster6=1) * P(cluster7=0|cluster10=0) * P(cluster10=0|cluster6=1) * P(cluster6=1|cluster2=1) * P(cluster2=1|cluster3=1) * P(cluster3=1|cluster8=1)[0.0032768]=0.00065536
binkey=15 [Edge status: 1 1 1 1 0 0 0 0 ] P(G)=P(cluster8=1)[0.2] * P(cluster1=1|cluster2=1) * P(cluster9=0|cluster6=0) * P(cluster7=0|cluster10=0) * P(cluster10=0|cluster6=0) * P(cluster6=0|cluster2=1) * P(cluster2=1|cluster3=1) * P(cluster3=1|cluster8=1)[0.0524288]=0.0104858
binkey=7 [Edge status: 1 1 1 0 0 0 0 0 ] P(G)=P(cluster8=1)[0.2] * P(cluster1=0|cluster2=1) * P(cluster9=0|cluster6=0) * P(cluster7=0|cluster10=0) * P(cluster10=0|cluster6=0) * P(cluster6=0|cluster2=1) * P(cluster2=1|cluster3=1) * P(cluster3=1|cluster8=1)[0.0131072]=0.00262144
binkey=3 [Edge status: 1 1 0 0 0 0 0 0 ] P(G)=P(cluster8=1)[0.2] * P(cluster1=0|cluster2=0) * P(cluster9=0|cluster6=0) * P(cluster7=0|cluster10=0) * P(cluster10=0|cluster6=0) * P(cluster6=0|cluster2=0) * P(cluster2=0|cluster3=1) * P(cluster3=1|cluster8=1)[0.0524288]=0.0104858
ITERATION 0 newScore=-2.74049e+06 diffscore=15325 priorChange=-108.131 successMove=74
ITERATION 1 newScore=-2.73431e+06 diffscore=6184 priorChange=-117.835 successMove=67
ITERATION 2 newScore=-2.72997e+06 diffscore=4335.58 priorChange=-120.608 successMove=58
ITERATION 3 newScore=-2.72676e+06 diffscore=3217.69 priorChange=-101.199 successMove=52
ITERATION 4 newScore=-2.7236e+06 diffscore=3158.87 priorChange=-97.0406 successMove=55
ITERATION 5 newScore=-2.71941e+06 diffscore=4184.87 priorChange=-99.8132 successMove=54
ITERATION 6 newScore=-2.7173e+06 diffscore=2112.69 priorChange=-119.221 successMove=58
ITERATION 7 newScore=-2.71487e+06 diffscore=2429.33 priorChange=-110.904 successMove=51
ITERATION 8 newScore=-2.71396e+06 diffscore=908.002 priorChange=-110.904 successMove=52
ITERATION 9 newScore=-2.71023e+06 diffscore=3730.03 priorChange=-101.199 successMove=50
ITERATION 10 newScore=-2.70939e+06 diffscore=841.594 priorChange=-115.062 successMove=56
ITERATION 11 newScore=-2.70408e+06 diffscore=5307.67 priorChange=-110.904 successMove=50
ITERATION 12 newScore=-2.69916e+06 diffscore=4923.75 priorChange=-110.904 successMove=51
ITERATION 13 newScore=-2.69556e+06 diffscore=3600.13 priorChange=-97.0406 successMove=50
ITERATION 14 newScore=-2.69447e+06 diffscore=1085.46 priorChange=-99.8132 successMove=50
ITERATION 15 newScore=-2.69022e+06 diffscore=4256.08 priorChange=-106.745 successMove=50
ITERATION 16 newScore=-2.68827e+06 diffscore=1950.95 priorChange=-109.517 successMove=48
ITERATION 17 newScore=-2.68769e+06 diffscore=573.516 priorChange=-116.449 successMove=47
ITERATION 18 newScore=-2.68679e+06 diffscore=908.393 priorChange=-101.199 successMove=52
ITERATION 19 newScore=-2.68447e+06 diffscore=2314.43 priorChange=-97.0406 successMove=49
ITERATION 20 newScore=-2.6805e+06 diffscore=3972.71 priorChange=-103.972 successMove=48
ITERATION 21 newScore=-2.67699e+06 diffscore=3507.22 priorChange=-101.199 successMove=49
ITERATION 22 newScore=-2.67347e+06 diffscore=3521.38 priorChange=-94.268 successMove=49
ITERATION 23 newScore=-2.67234e+06 diffscore=1126.84 priorChange=-101.199 successMove=46
ITERATION 24 newScore=-2.67184e+06 diffscore=506.399 priorChange=-99.8132 successMove=45
ITERATION 25 newScore=-2.67126e+06 diffscore=572.38 priorChange=-97.0406 successMove=45
ITERATION 26 newScore=-2.66859e+06 diffscore=2677 priorChange=-92.8817 successMove=47
ITERATION 27 newScore=-2.66566e+06 diffscore=2928.46 priorChange=-92.8817 successMove=45
ITERATION 28 newScore=-2.66381e+06 diffscore=1851.35 priorChange=-91.4954 successMove=46
ITERATION 29 newScore=-2.66294e+06 diffscore=870.905 priorChange=-91.4954 successMove=44
ITERATION 30 newScore=-2.66173e+06 diffscore=1202.91 priorChange=-80.4051 successMove=44
ITERATION 31 newScore=-2.65831e+06 diffscore=3427.92 priorChange=-87.3365 successMove=45
ITERATION 32 newScore=-2.65475e+06 diffscore=3552.11 priorChange=-90.1091 successMove=44
ITERATION 33 newScore=-2.65265e+06 diffscore=2102.76 priorChange=-91.4954 successMove=46
ITERATION 34 newScore=-2.64984e+06 diffscore=2805.76 priorChange=-103.972 successMove=44
ITERATION 35 newScore=-2.64914e+06 diffscore=704.111 priorChange=-103.972 successMove=43
ITERATION 36 newScore=-2.64872e+06 diffscore=422.651 priorChange=-101.199 successMove=43
ITERATION 37 newScore=-2.64732e+06 diffscore=1401.25 priorChange=-83.1777 successMove=42
ITERATION 38 newScore=-2.64663e+06 diffscore=686.112 priorChange=-72.0873 successMove=42
ITERATION 39 newScore=-2.64457e+06 diffscore=2061.12 priorChange=-73.4736 successMove=43
ITERATION 40 newScore=-2.64378e+06 diffscore=787.457 priorChange=-80.4051 successMove=41
ITERATION 41 newScore=-2.6427e+06 diffscore=1081.04 priorChange=-79.0188 successMove=41
ITERATION 42 newScore=-2.6424e+06 diffscore=299.778 priorChange=-73.4736 successMove=41
ITERATION 43 newScore=-2.64067e+06 diffscore=1736.01 priorChange=-91.4954 successMove=41
ITERATION 44 newScore=-2.64004e+06 diffscore=625.26 priorChange=-88.7228 successMove=43
ITERATION 45 newScore=-2.63971e+06 diffscore=325.676 priorChange=-92.8817 successMove=42
ITERATION 46 newScore=-2.63927e+06 diffscore=446.487 priorChange=-90.1091 successMove=41
ITERATION 47 newScore=-2.63777e+06 diffscore=1501.51 priorChange=-94.268 successMove=41
ITERATION 48 newScore=-2.63739e+06 diffscore=377.489 priorChange=-81.7914 successMove=42
ITERATION 49 newScore=-2.63635e+06 diffscore=1035.2 priorChange=-81.7914 successMove=40
ITERATION 50 newScore=-2.63423e+06 diffscore=2125.3 priorChange=-85.9503 successMove=40
ITERATION 51 newScore=-2.63175e+06 diffscore=2481.13 priorChange=-63.7695 successMove=41
ITERATION 52 newScore=-2.63145e+06 diffscore=294.974 priorChange=-72.0873 successMove=38
ITERATION 53 newScore=-2.63097e+06 diffscore=484.287 priorChange=-69.3147 successMove=40
ITERATION 54 newScore=-2.62769e+06 diffscore=3281.91 priorChange=-79.0188 successMove=37
ITERATION 55 newScore=-2.62748e+06 diffscore=208.75 priorChange=-58.2244 successMove=34
ITERATION 56 newScore=-2.62701e+06 diffscore=466.642 priorChange=-67.9284 successMove=34
ITERATION 57 newScore=-2.62557e+06 diffscore=1439.4 priorChange=-81.7914 successMove=34
ITERATION 58 newScore=-2.62539e+06 diffscore=184.041 priorChange=-66.5421 successMove=34
ITERATION 59 newScore=-2.62519e+06 diffscore=193.781 priorChange=-72.0873 successMove=34
ITERATION 60 newScore=-2.625e+06 diffscore=192.94 priorChange=-49.9066 successMove=33
ITERATION 61 newScore=-2.62474e+06 diffscore=263.138 priorChange=-72.0873 successMove=32
ITERATION 62 newScore=-2.62453e+06 diffscore=208.227 priorChange=-52.6792 successMove=34
ITERATION 63 newScore=-2.62242e+06 diffscore=2110.24 priorChange=-66.5421 successMove=32
ITERATION 64 newScore=-2.62108e+06 diffscore=1339.43 priorChange=-54.0655 successMove=32
ITERATION 65 newScore=-2.62095e+06 diffscore=134.516 priorChange=-54.0655 successMove=32
ITERATION 66 newScore=-2.62079e+06 diffscore=151.662 priorChange=-66.5421 successMove=33
ITERATION 67 newScore=-2.62062e+06 diffscore=169.82 priorChange=-67.9284 successMove=30
ITERATION 68 newScore=-2.62048e+06 diffscore=141.51 priorChange=-67.9284 successMove=29
ITERATION 69 newScore=-2.62037e+06 diffscore=110.963 priorChange=-49.9066 successMove=29
ITERATION 70 newScore=-2.62024e+06 diffscore=127.388 priorChange=-56.8381 successMove=28
ITERATION 71 newScore=-2.62013e+06 diffscore=110.717 priorChange=-62.3832 successMove=29
ITERATION 72 newScore=-2.62002e+06 diffscore=116.982 priorChange=-56.8381 successMove=27
ITERATION 73 newScore=-2.61992e+06 diffscore=91.5341 priorChange=-47.134 successMove=25
ITERATION 74 newScore=-2.61982e+06 diffscore=107.4 priorChange=-52.6792 successMove=25
ITERATION 75 newScore=-2.61971e+06 diffscore=112.08 priorChange=-42.9751 successMove=25
ITERATION 76 newScore=-2.6196e+06 diffscore=103.775 priorChange=-54.0655 successMove=24
ITERATION 77 newScore=-2.61949e+06 diffscore=109.85 priorChange=-49.9066 successMove=24
ITERATION 78 newScore=-2.61938e+06 diffscore=110.043 priorChange=-54.0655 successMove=24
ITERATION 79 newScore=-2.61928e+06 diffscore=105.353 priorChange=-33.2711 successMove=23
ITERATION 80 newScore=-2.61915e+06 diffscore=122.913 priorChange=-36.0437 successMove=20
ITERATION 81 newScore=-2.61899e+06 diffscore=165.65 priorChange=-33.2711 successMove=20
ITERATION 82 newScore=-2.6187e+06 diffscore=291.093 priorChange=-38.8162 successMove=18
ITERATION 83 newScore=-2.61776e+06 diffscore=939.63 priorChange=-38.8162 successMove=18
ITERATION 84 newScore=-2.61762e+06 diffscore=133.659 priorChange=-30.4985 successMove=18
ITERATION 85 newScore=-2.6175e+06 diffscore=122.212 priorChange=-29.1122 successMove=17
ITERATION 86 newScore=-2.61626e+06 diffscore=1243.03 priorChange=-37.4299 successMove=15
ITERATION 87 newScore=-2.61617e+06 diffscore=85.0339 priorChange=-30.4985 successMove=15
ITERATION 88 newScore=-2.61606e+06 diffscore=113.106 priorChange=-23.567 successMove=14
ITERATION 89 newScore=-2.61595e+06 diffscore=109.834 priorChange=-27.7259 successMove=15
ITERATION 90 newScore=-2.61462e+06 diffscore=1328.58 priorChange=-23.567 successMove=13
ITERATION 91 newScore=-2.61424e+06 diffscore=382.504 priorChange=-26.3396 successMove=13
ITERATION 92 newScore=-2.61403e+06 diffscore=205.733 priorChange=-24.9533 successMove=13
ITERATION 93 newScore=-2.6132e+06 diffscore=836.585 priorChange=-19.4081 successMove=12
ITERATION 94 newScore=-2.61315e+06 diffscore=41.9272 priorChange=-18.0218 successMove=12
ITERATION 95 newScore=-2.61312e+06 diffscore=35.0897 priorChange=-18.0218 successMove=11
ITERATION 96 newScore=-2.61309e+06 diffscore=34.2575 priorChange=-22.1807 successMove=10
ITERATION 97 newScore=-2.61305e+06 diffscore=31.5234 priorChange=-20.7944 successMove=10
ITERATION 98 newScore=-2.61301e+06 diffscore=38.9666 priorChange=-20.7944 successMove=10
ITERATION 99 newScore=-2.61298e+06 diffscore=38.0708 priorChange=-24.9533 successMove=10
MetaLearner::dumpAllGraphs
Final Score -2.61298e+06
MetaLearner::start runtime: 744512543 ms
Results/
Results/cluster8/
Results/cluster8/fold0/
Results/cluster8/fold0/var_mb_pw_k50.txt
Results/cluster8/fold0/modelparams.txt
Results/cluster8/scoreFile.txt
Results/cluster3/
Results/cluster3/fold0/
Results/cluster3/fold0/var_mb_pw_k50.txt
Results/cluster3/fold0/modelparams.txt
Results/cluster2/
Results/cluster2/fold0/
Results/cluster2/fold0/var_mb_pw_k50.txt
Results/cluster2/fold0/modelparams.txt
Results/cluster1/
Results/cluster1/fold0/
Results/cluster1/fold0/var_mb_pw_k50.txt
Results/cluster1/fold0/modelparams.txt
Results/cluster6/
Results/cluster6/fold0/
Results/cluster6/fold0/var_mb_pw_k50.txt
Results/cluster6/fold0/modelparams.txt
Results/cluster9/
Results/cluster9/fold0/
Results/cluster9/fold0/var_mb_pw_k50.txt
Results/cluster9/fold0/modelparams.txt
Results/cluster10/
Results/cluster10/fold0/
Results/cluster10/fold0/var_mb_pw_k50.txt
Results/cluster10/fold0/modelparams.txt
Results/cluster7/
Results/cluster7/fold0/
Results/cluster7/fold0/var_mb_pw_k50.txt
Results/cluster7/fold0/modelparams.txt
