./CVN -f config_condor.txt -x50 -v1 -l TFs_OGs.txt -n AllGenes59.txt -d celltype_tree_ancestor.txt -m testdata_ogids.txt -s celltype_order.txt -p 0.2 -c yes -b -4 -q 4
(cluster3|cluster8) p_maintain_edge=0.8 p_gain=0.2
(cluster2|cluster3) p_maintain_edge=0.8 p_gain=0.2
(cluster1|cluster2) p_maintain_edge=0.8 p_gain=0.2
(cluster6|cluster2) p_maintain_edge=0.8 p_gain=0.2
(cluster9|cluster6) p_maintain_edge=0.8 p_gain=0.2
(cluster10|cluster6) p_maintain_edge=0.8 p_gain=0.2
(cluster7|cluster10) p_maintain_edge=0.8 p_gain=0.2
speciesSet.size()=8 Root is cluster8
MappedOrthogroupReader::readSpeciesMapping() --- celltype_order.txt
MappedOrthogroupReader::readFile - testdata_ogids.txt
MappedOrthogroupReader::generateGeneOrthoMap()
MetaLearner::init_onefold() read:config_condor.txt
MetaLearner::setinputVariableNames number of variables: 2043
readEvidenceTable:cluster8.table
PotentialManager::loadEvidenceFromTable varCount=2043 sampleCount=348
motifNetwork.size() = 319
0=cluster8 motifNetwork=cluster8_network.txt
variable size=2043
readEvidenceTable:cluster3.table
PotentialManager::loadEvidenceFromTable varCount=2043 sampleCount=95
motifNetwork.size() = 326
1=cluster3 motifNetwork=cluster3_network.txt
variable size=2043
readEvidenceTable:cluster2.table
PotentialManager::loadEvidenceFromTable varCount=2043 sampleCount=386
motifNetwork.size() = 328
2=cluster2 motifNetwork=cluster2_network.txt
variable size=2043
readEvidenceTable:cluster1.table
PotentialManager::loadEvidenceFromTable varCount=2043 sampleCount=36
motifNetwork.size() = 322
3=cluster1 motifNetwork=cluster1_network.txt
variable size=2043
readEvidenceTable:cluster6.table
PotentialManager::loadEvidenceFromTable varCount=2043 sampleCount=524
motifNetwork.size() = 320
4=cluster6 motifNetwork=cluster6_network.txt
variable size=2043
readEvidenceTable:cluster9.table
PotentialManager::loadEvidenceFromTable varCount=2043 sampleCount=184
motifNetwork.size() = 327
5=cluster9 motifNetwork=cluster9_network.txt
variable size=2043
readEvidenceTable:cluster10.table
PotentialManager::loadEvidenceFromTable varCount=2043 sampleCount=165
motifNetwork.size() = 326
6=cluster10 motifNetwork=cluster10_network.txt
variable size=2043
readEvidenceTable:cluster7.table
PotentialManager::loadEvidenceFromTable varCount=2043 sampleCount=1032
motifNetwork.size() = 320
7=cluster7 motifNetwork=cluster7_network.txt
variable size=2043
-------------------------------------------------------------
MetaLearner::start
precomputeEmptyGraphPrior
binkey=0 [Edge status: 0 0 0 0 0 0 0 0 ] P(G)=P(cluster8=0)[0.8] * P(cluster1=0|cluster2=0) * P(cluster9=0|cluster6=0) * P(cluster7=0|cluster10=0) * P(cluster10=0|cluster6=0) * P(cluster6=0|cluster2=0) * P(cluster2=0|cluster3=0) * P(cluster3=0|cluster8=0)[0.209715]=0.167772
condsetMap_Tree
0 cluster8=0 cluster3=0 cluster2=0 cluster1=0 cluster6=0 cluster9=0 cluster10=0 cluster7=1
1 cluster8=0 cluster3=0 cluster2=0 cluster1=0 cluster6=0 cluster9=1 cluster10=0 cluster7=0
2 cluster8=0 cluster3=0 cluster2=0 cluster1=0 cluster6=0 cluster9=1 cluster10=0 cluster7=1
3 cluster8=0 cluster3=0 cluster2=0 cluster1=1 cluster6=0 cluster9=0 cluster10=0 cluster7=0
4 cluster8=0 cluster3=0 cluster2=0 cluster1=1 cluster6=0 cluster9=0 cluster10=0 cluster7=1
5 cluster8=0 cluster3=0 cluster2=0 cluster1=1 cluster6=0 cluster9=1 cluster10=0 cluster7=0
6 cluster8=0 cluster3=0 cluster2=0 cluster1=1 cluster6=0 cluster9=1 cluster10=0 cluster7=1
7 cluster8=0 cluster3=0 cluster2=0 cluster1=0 cluster6=0 cluster9=0 cluster10=1 cluster7=1
8 cluster8=0 cluster3=0 cluster2=0 cluster1=0 cluster6=0 cluster9=1 cluster10=1 cluster7=1
9 cluster8=0 cluster3=0 cluster2=0 cluster1=1 cluster6=0 cluster9=0 cluster10=1 cluster7=1
10 cluster8=0 cluster3=0 cluster2=0 cluster1=1 cluster6=0 cluster9=1 cluster10=1 cluster7=1
11 cluster8=0 cluster3=0 cluster2=0 cluster1=0 cluster6=1 cluster9=1 cluster10=1 cluster7=1
12 cluster8=0 cluster3=0 cluster2=0 cluster1=1 cluster6=1 cluster9=1 cluster10=1 cluster7=1
13 cluster8=0 cluster3=0 cluster2=1 cluster1=1 cluster6=1 cluster9=1 cluster10=1 cluster7=1
14 cluster8=0 cluster3=1 cluster2=1 cluster1=1 cluster6=1 cluster9=1 cluster10=1 cluster7=1
15 cluster8=1 cluster3=1 cluster2=1 cluster1=1 cluster6=1 cluster9=1 cluster10=1 cluster7=1
16 cluster8=1 cluster3=1 cluster2=1 cluster1=1 cluster6=1 cluster9=1 cluster10=1 cluster7=0
17 cluster8=1 cluster3=1 cluster2=1 cluster1=1 cluster6=1 cluster9=0 cluster10=1 cluster7=1
18 cluster8=1 cluster3=1 cluster2=1 cluster1=1 cluster6=1 cluster9=0 cluster10=1 cluster7=0
19 cluster8=1 cluster3=1 cluster2=1 cluster1=0 cluster6=1 cluster9=1 cluster10=1 cluster7=1
20 cluster8=1 cluster3=1 cluster2=1 cluster1=0 cluster6=1 cluster9=1 cluster10=1 cluster7=0
21 cluster8=1 cluster3=1 cluster2=1 cluster1=0 cluster6=1 cluster9=0 cluster10=1 cluster7=1
22 cluster8=1 cluster3=1 cluster2=1 cluster1=0 cluster6=1 cluster9=0 cluster10=1 cluster7=0
23 cluster8=1 cluster3=1 cluster2=1 cluster1=1 cluster6=1 cluster9=1 cluster10=0 cluster7=0
24 cluster8=1 cluster3=1 cluster2=1 cluster1=1 cluster6=1 cluster9=0 cluster10=0 cluster7=0
25 cluster8=1 cluster3=1 cluster2=1 cluster1=0 cluster6=1 cluster9=1 cluster10=0 cluster7=0
26 cluster8=1 cluster3=1 cluster2=1 cluster1=0 cluster6=1 cluster9=0 cluster10=0 cluster7=0
27 cluster8=1 cluster3=1 cluster2=1 cluster1=1 cluster6=0 cluster9=0 cluster10=0 cluster7=0
28 cluster8=1 cluster3=1 cluster2=1 cluster1=0 cluster6=0 cluster9=0 cluster10=0 cluster7=0
29 cluster8=1 cluster3=1 cluster2=0 cluster1=0 cluster6=0 cluster9=0 cluster10=0 cluster7=0
30 cluster8=1 cluster3=0 cluster2=0 cluster1=0 cluster6=0 cluster9=0 cluster10=0 cluster7=0
31 cluster8=0 cluster3=0 cluster2=0 cluster1=0 cluster6=1 cluster9=0 cluster10=0 cluster7=0
32 cluster8=0 cluster3=0 cluster2=1 cluster1=0 cluster6=0 cluster9=0 cluster10=0 cluster7=0
33 cluster8=0 cluster3=0 cluster2=0 cluster1=0 cluster6=0 cluster9=0 cluster10=1 cluster7=0
34 cluster8=0 cluster3=1 cluster2=0 cluster1=0 cluster6=0 cluster9=0 cluster10=0 cluster7=0
inputRegulatorOGs.size() = 1999 inputOGList.size() = 50
binkey=16 [Edge status: 0 0 0 0 1 0 0 0 ] P(G)=P(cluster8=0)[0.8] * P(cluster1=0|cluster2=0) * P(cluster9=0|cluster6=1) * P(cluster7=0|cluster10=0) * P(cluster10=0|cluster6=1) * P(cluster6=1|cluster2=0) * P(cluster2=0|cluster3=0) * P(cluster3=0|cluster8=0)[0.0032768]=0.00262144
binkey=32 [Edge status: 0 0 0 0 0 1 0 0 ] P(G)=P(cluster8=0)[0.8] * P(cluster1=0|cluster2=0) * P(cluster9=1|cluster6=0) * P(cluster7=0|cluster10=0) * P(cluster10=0|cluster6=0) * P(cluster6=0|cluster2=0) * P(cluster2=0|cluster3=0) * P(cluster3=0|cluster8=0)[0.0524288]=0.041943
binkey=64 [Edge status: 0 0 0 0 0 0 1 0 ] P(G)=P(cluster8=0)[0.8] * P(cluster1=0|cluster2=0) * P(cluster9=0|cluster6=0) * P(cluster7=0|cluster10=1) * P(cluster10=1|cluster6=0) * P(cluster6=0|cluster2=0) * P(cluster2=0|cluster3=0) * P(cluster3=0|cluster8=0)[0.0131072]=0.0104858
binkey=128 [Edge status: 0 0 0 0 0 0 0 1 ] P(G)=P(cluster8=0)[0.8] * P(cluster1=0|cluster2=0) * P(cluster9=0|cluster6=0) * P(cluster7=1|cluster10=0) * P(cluster10=0|cluster6=0) * P(cluster6=0|cluster2=0) * P(cluster2=0|cluster3=0) * P(cluster3=0|cluster8=0)[0.0524288]=0.041943
binkey=4 [Edge status: 0 0 1 0 0 0 0 0 ] P(G)=P(cluster8=0)[0.8] * P(cluster1=0|cluster2=1) * P(cluster9=0|cluster6=0) * P(cluster7=0|cluster10=0) * P(cluster10=0|cluster6=0) * P(cluster6=0|cluster2=1) * P(cluster2=1|cluster3=0) * P(cluster3=0|cluster8=0)[0.0032768]=0.00262144
binkey=8 [Edge status: 0 0 0 1 0 0 0 0 ] P(G)=P(cluster8=0)[0.8] * P(cluster1=1|cluster2=0) * P(cluster9=0|cluster6=0) * P(cluster7=0|cluster10=0) * P(cluster10=0|cluster6=0) * P(cluster6=0|cluster2=0) * P(cluster2=0|cluster3=0) * P(cluster3=0|cluster8=0)[0.0524288]=0.041943
binkey=1 [Edge status: 1 0 0 0 0 0 0 0 ] P(G)=P(cluster8=1)[0.2] * P(cluster1=0|cluster2=0) * P(cluster9=0|cluster6=0) * P(cluster7=0|cluster10=0) * P(cluster10=0|cluster6=0) * P(cluster6=0|cluster2=0) * P(cluster2=0|cluster3=0) * P(cluster3=0|cluster8=1)[0.0524288]=0.0104858
binkey=40 [Edge status: 0 0 0 1 0 1 0 0 ] P(G)=P(cluster8=0)[0.8] * P(cluster1=1|cluster2=0) * P(cluster9=1|cluster6=0) * P(cluster7=0|cluster10=0) * P(cluster10=0|cluster6=0) * P(cluster6=0|cluster2=0) * P(cluster2=0|cluster3=0) * P(cluster3=0|cluster8=0)[0.0131072]=0.0104858
binkey=2 [Edge status: 0 1 0 0 0 0 0 0 ] P(G)=P(cluster8=0)[0.8] * P(cluster1=0|cluster2=0) * P(cluster9=0|cluster6=0) * P(cluster7=0|cluster10=0) * P(cluster10=0|cluster6=0) * P(cluster6=0|cluster2=0) * P(cluster2=0|cluster3=1) * P(cluster3=1|cluster8=0)[0.0131072]=0.0104858
binkey=3 [Edge status: 1 1 0 0 0 0 0 0 ] P(G)=P(cluster8=1)[0.2] * P(cluster1=0|cluster2=0) * P(cluster9=0|cluster6=0) * P(cluster7=0|cluster10=0) * P(cluster10=0|cluster6=0) * P(cluster6=0|cluster2=0) * P(cluster2=0|cluster3=1) * P(cluster3=1|cluster8=1)[0.0524288]=0.0104858
binkey=160 [Edge status: 0 0 0 0 0 1 0 1 ] P(G)=P(cluster8=0)[0.8] * P(cluster1=0|cluster2=0) * P(cluster9=1|cluster6=0) * P(cluster7=1|cluster10=0) * P(cluster10=0|cluster6=0) * P(cluster6=0|cluster2=0) * P(cluster2=0|cluster3=0) * P(cluster3=0|cluster8=0)[0.0131072]=0.0104858
binkey=192 [Edge status: 0 0 0 0 0 0 1 1 ] P(G)=P(cluster8=0)[0.8] * P(cluster1=0|cluster2=0) * P(cluster9=0|cluster6=0) * P(cluster7=1|cluster10=1) * P(cluster10=1|cluster6=0) * P(cluster6=0|cluster2=0) * P(cluster2=0|cluster3=0) * P(cluster3=0|cluster8=0)[0.0524288]=0.041943
binkey=224 [Edge status: 0 0 0 0 0 1 1 1 ] P(G)=P(cluster8=0)[0.8] * P(cluster1=0|cluster2=0) * P(cluster9=1|cluster6=0) * P(cluster7=1|cluster10=1) * P(cluster10=1|cluster6=0) * P(cluster6=0|cluster2=0) * P(cluster2=0|cluster3=0) * P(cluster3=0|cluster8=0)[0.0131072]=0.0104858
binkey=240 [Edge status: 0 0 0 0 1 1 1 1 ] P(G)=P(cluster8=0)[0.8] * P(cluster1=0|cluster2=0) * P(cluster9=1|cluster6=1) * P(cluster7=1|cluster10=1) * P(cluster10=1|cluster6=1) * P(cluster6=1|cluster2=0) * P(cluster2=0|cluster3=0) * P(cluster3=0|cluster8=0)[0.0524288]=0.041943
binkey=136 [Edge status: 0 0 0 1 0 0 0 1 ] P(G)=P(cluster8=0)[0.8] * P(cluster1=1|cluster2=0) * P(cluster9=0|cluster6=0) * P(cluster7=1|cluster10=0) * P(cluster10=0|cluster6=0) * P(cluster6=0|cluster2=0) * P(cluster2=0|cluster3=0) * P(cluster3=0|cluster8=0)[0.0131072]=0.0104858
binkey=200 [Edge status: 0 0 0 1 0 0 1 1 ] P(G)=P(cluster8=0)[0.8] * P(cluster1=1|cluster2=0) * P(cluster9=0|cluster6=0) * P(cluster7=1|cluster10=1) * P(cluster10=1|cluster6=0) * P(cluster6=0|cluster2=0) * P(cluster2=0|cluster3=0) * P(cluster3=0|cluster8=0)[0.0131072]=0.0104858
binkey=7 [Edge status: 1 1 1 0 0 0 0 0 ] P(G)=P(cluster8=1)[0.2] * P(cluster1=0|cluster2=1) * P(cluster9=0|cluster6=0) * P(cluster7=0|cluster10=0) * P(cluster10=0|cluster6=0) * P(cluster6=0|cluster2=1) * P(cluster2=1|cluster3=1) * P(cluster3=1|cluster8=1)[0.0131072]=0.00262144
binkey=168 [Edge status: 0 0 0 1 0 1 0 1 ] P(G)=P(cluster8=0)[0.8] * P(cluster1=1|cluster2=0) * P(cluster9=1|cluster6=0) * P(cluster7=1|cluster10=0) * P(cluster10=0|cluster6=0) * P(cluster6=0|cluster2=0) * P(cluster2=0|cluster3=0) * P(cluster3=0|cluster8=0)[0.0032768]=0.00262144
binkey=232 [Edge status: 0 0 0 1 0 1 1 1 ] P(G)=P(cluster8=0)[0.8] * P(cluster1=1|cluster2=0) * P(cluster9=1|cluster6=0) * P(cluster7=1|cluster10=1) * P(cluster10=1|cluster6=0) * P(cluster6=0|cluster2=0) * P(cluster2=0|cluster3=0) * P(cluster3=0|cluster8=0)[0.0032768]=0.00262144
binkey=215 [Edge status: 1 1 1 0 1 0 1 1 ] P(G)=P(cluster8=1)[0.2] * P(cluster1=0|cluster2=1) * P(cluster9=0|cluster6=1) * P(cluster7=1|cluster10=1) * P(cluster10=1|cluster6=1) * P(cluster6=1|cluster2=1) * P(cluster2=1|cluster3=1) * P(cluster3=1|cluster8=1)[0.0131072]=0.00262144
binkey=87 [Edge status: 1 1 1 0 1 0 1 0 ] P(G)=P(cluster8=1)[0.2] * P(cluster1=0|cluster2=1) * P(cluster9=0|cluster6=1) * P(cluster7=0|cluster10=1) * P(cluster10=1|cluster6=1) * P(cluster6=1|cluster2=1) * P(cluster2=1|cluster3=1) * P(cluster3=1|cluster8=1)[0.0032768]=0.00065536
binkey=23 [Edge status: 1 1 1 0 1 0 0 0 ] P(G)=P(cluster8=1)[0.2] * P(cluster1=0|cluster2=1) * P(cluster9=0|cluster6=1) * P(cluster7=0|cluster10=0) * P(cluster10=0|cluster6=1) * P(cluster6=1|cluster2=1) * P(cluster2=1|cluster3=1) * P(cluster3=1|cluster8=1)[0.0032768]=0.00065536
binkey=248 [Edge status: 0 0 0 1 1 1 1 1 ] P(G)=P(cluster8=0)[0.8] * P(cluster1=1|cluster2=0) * P(cluster9=1|cluster6=1) * P(cluster7=1|cluster10=1) * P(cluster10=1|cluster6=1) * P(cluster6=1|cluster2=0) * P(cluster2=0|cluster3=0) * P(cluster3=0|cluster8=0)[0.0131072]=0.0104858
binkey=252 [Edge status: 0 0 1 1 1 1 1 1 ] P(G)=P(cluster8=0)[0.8] * P(cluster1=1|cluster2=1) * P(cluster9=1|cluster6=1) * P(cluster7=1|cluster10=1) * P(cluster10=1|cluster6=1) * P(cluster6=1|cluster2=1) * P(cluster2=1|cluster3=0) * P(cluster3=0|cluster8=0)[0.0524288]=0.041943
binkey=55 [Edge status: 1 1 1 0 1 1 0 0 ] P(G)=P(cluster8=1)[0.2] * P(cluster1=0|cluster2=1) * P(cluster9=1|cluster6=1) * P(cluster7=0|cluster10=0) * P(cluster10=0|cluster6=1) * P(cluster6=1|cluster2=1) * P(cluster2=1|cluster3=1) * P(cluster3=1|cluster8=1)[0.0131072]=0.00262144
binkey=63 [Edge status: 1 1 1 1 1 1 0 0 ] P(G)=P(cluster8=1)[0.2] * P(cluster1=1|cluster2=1) * P(cluster9=1|cluster6=1) * P(cluster7=0|cluster10=0) * P(cluster10=0|cluster6=1) * P(cluster6=1|cluster2=1) * P(cluster2=1|cluster3=1) * P(cluster3=1|cluster8=1)[0.0524288]=0.0104858
binkey=31 [Edge status: 1 1 1 1 1 0 0 0 ] P(G)=P(cluster8=1)[0.2] * P(cluster1=1|cluster2=1) * P(cluster9=0|cluster6=1) * P(cluster7=0|cluster10=0) * P(cluster10=0|cluster6=1) * P(cluster6=1|cluster2=1) * P(cluster2=1|cluster3=1) * P(cluster3=1|cluster8=1)[0.0131072]=0.00262144
binkey=15 [Edge status: 1 1 1 1 0 0 0 0 ] P(G)=P(cluster8=1)[0.2] * P(cluster1=1|cluster2=1) * P(cluster9=0|cluster6=0) * P(cluster7=0|cluster10=0) * P(cluster10=0|cluster6=0) * P(cluster6=0|cluster2=1) * P(cluster2=1|cluster3=1) * P(cluster3=1|cluster8=1)[0.0524288]=0.0104858
binkey=247 [Edge status: 1 1 1 0 1 1 1 1 ] P(G)=P(cluster8=1)[0.2] * P(cluster1=0|cluster2=1) * P(cluster9=1|cluster6=1) * P(cluster7=1|cluster10=1) * P(cluster10=1|cluster6=1) * P(cluster6=1|cluster2=1) * P(cluster2=1|cluster3=1) * P(cluster3=1|cluster8=1)[0.0524288]=0.0104858
binkey=119 [Edge status: 1 1 1 0 1 1 1 0 ] P(G)=P(cluster8=1)[0.2] * P(cluster1=0|cluster2=1) * P(cluster9=1|cluster6=1) * P(cluster7=0|cluster10=1) * P(cluster10=1|cluster6=1) * P(cluster6=1|cluster2=1) * P(cluster2=1|cluster3=1) * P(cluster3=1|cluster8=1)[0.0131072]=0.00262144
ITERATION 0 newScore=-2.73237e+06 diffscore=12950.2 priorChange=-115.062 successMove=68
ITERATION 1 newScore=-2.72579e+06 diffscore=6575.02 priorChange=-113.676 successMove=59
ITERATION 2 newScore=-2.72281e+06 diffscore=2980.6 priorChange=-119.221 successMove=62
ITERATION 3 newScore=-2.71475e+06 diffscore=8060.83 priorChange=-113.676 successMove=53
ITERATION 4 newScore=-2.70737e+06 diffscore=7384.69 priorChange=-117.835 successMove=50
ITERATION 5 newScore=-2.70286e+06 diffscore=4506.21 priorChange=-109.517 successMove=52
ITERATION 6 newScore=-2.6986e+06 diffscore=4258.45 priorChange=-109.517 successMove=51
ITERATION 7 newScore=-2.69485e+06 diffscore=3748.38 priorChange=-121.994 successMove=52
ITERATION 8 newScore=-2.69376e+06 diffscore=1089.58 priorChange=-116.449 successMove=54
ITERATION 9 newScore=-2.6864e+06 diffscore=7360.18 priorChange=-121.994 successMove=52
ITERATION 10 newScore=-2.68422e+06 diffscore=2186.45 priorChange=-119.221 successMove=51
ITERATION 11 newScore=-2.67937e+06 diffscore=4847.18 priorChange=-101.199 successMove=56
ITERATION 12 newScore=-2.67595e+06 diffscore=3415.04 priorChange=-116.449 successMove=53
ITERATION 13 newScore=-2.67523e+06 diffscore=723.052 priorChange=-119.221 successMove=50
ITERATION 14 newScore=-2.67291e+06 diffscore=2317.57 priorChange=-113.676 successMove=55
ITERATION 15 newScore=-2.67044e+06 diffscore=2470.49 priorChange=-113.676 successMove=52
ITERATION 16 newScore=-2.66672e+06 diffscore=3720.47 priorChange=-112.29 successMove=49
ITERATION 17 newScore=-2.66471e+06 diffscore=2016.04 priorChange=-112.29 successMove=48
ITERATION 18 newScore=-2.6641e+06 diffscore=606.321 priorChange=-113.676 successMove=48
ITERATION 19 newScore=-2.66258e+06 diffscore=1519.96 priorChange=-98.4269 successMove=49
ITERATION 20 newScore=-2.66122e+06 diffscore=1360.99 priorChange=-99.8132 successMove=49
ITERATION 21 newScore=-2.65988e+06 diffscore=1336.52 priorChange=-105.358 successMove=48
ITERATION 22 newScore=-2.65935e+06 diffscore=532.03 priorChange=-92.8817 successMove=50
ITERATION 23 newScore=-2.65586e+06 diffscore=3493.8 priorChange=-99.8132 successMove=49
ITERATION 24 newScore=-2.65524e+06 diffscore=615.289 priorChange=-102.586 successMove=49
ITERATION 25 newScore=-2.65465e+06 diffscore=589.472 priorChange=-98.4269 successMove=48
ITERATION 26 newScore=-2.65236e+06 diffscore=2290.54 priorChange=-95.6543 successMove=51
ITERATION 27 newScore=-2.65042e+06 diffscore=1944.89 priorChange=-110.904 successMove=47
ITERATION 28 newScore=-2.6489e+06 diffscore=1519.27 priorChange=-98.4269 successMove=47
ITERATION 29 newScore=-2.646e+06 diffscore=2892.02 priorChange=-97.0406 successMove=45
ITERATION 30 newScore=-2.64557e+06 diffscore=439.813 priorChange=-91.4954 successMove=44
ITERATION 31 newScore=-2.64273e+06 diffscore=2834.56 priorChange=-103.972 successMove=45
ITERATION 32 newScore=-2.64109e+06 diffscore=1640.51 priorChange=-98.4269 successMove=46
ITERATION 33 newScore=-2.64065e+06 diffscore=441.172 priorChange=-106.745 successMove=47
ITERATION 34 newScore=-2.64023e+06 diffscore=420.131 priorChange=-97.0406 successMove=44
ITERATION 35 newScore=-2.63882e+06 diffscore=1410.95 priorChange=-88.7228 successMove=44
ITERATION 36 newScore=-2.63716e+06 diffscore=1660.05 priorChange=-94.268 successMove=43
ITERATION 37 newScore=-2.63543e+06 diffscore=1729.01 priorChange=-103.972 successMove=43
ITERATION 38 newScore=-2.63513e+06 diffscore=300.706 priorChange=-84.564 successMove=43
ITERATION 39 newScore=-2.63477e+06 diffscore=355.507 priorChange=-103.972 successMove=42
ITERATION 40 newScore=-2.63444e+06 diffscore=330.8 priorChange=-97.0406 successMove=43
ITERATION 41 newScore=-2.63344e+06 diffscore=1005.36 priorChange=-95.6543 successMove=45
ITERATION 42 newScore=-2.63309e+06 diffscore=345.598 priorChange=-90.1091 successMove=41
ITERATION 43 newScore=-2.63273e+06 diffscore=362.48 priorChange=-92.8817 successMove=40
ITERATION 44 newScore=-2.63229e+06 diffscore=435.487 priorChange=-91.4954 successMove=40
ITERATION 45 newScore=-2.6294e+06 diffscore=2890.36 priorChange=-98.4269 successMove=39
ITERATION 46 newScore=-2.62914e+06 diffscore=264.884 priorChange=-84.564 successMove=41
ITERATION 47 newScore=-2.62887e+06 diffscore=264.543 priorChange=-79.0188 successMove=40
ITERATION 48 newScore=-2.62667e+06 diffscore=2203.99 priorChange=-90.1091 successMove=39
ITERATION 49 newScore=-2.62641e+06 diffscore=255.32 priorChange=-87.3365 successMove=39
ITERATION 50 newScore=-2.62617e+06 diffscore=243.692 priorChange=-72.0873 successMove=37
ITERATION 51 newScore=-2.6249e+06 diffscore=1268.79 priorChange=-76.2462 successMove=39
ITERATION 52 newScore=-2.62471e+06 diffscore=189.641 priorChange=-74.8599 successMove=36
ITERATION 53 newScore=-2.62453e+06 diffscore=186.356 priorChange=-88.7228 successMove=37
ITERATION 54 newScore=-2.62435e+06 diffscore=174.317 priorChange=-79.0188 successMove=35
ITERATION 55 newScore=-2.62408e+06 diffscore=270.093 priorChange=-85.9503 successMove=36
ITERATION 56 newScore=-2.62387e+06 diffscore=214.868 priorChange=-73.4736 successMove=36
ITERATION 57 newScore=-2.62366e+06 diffscore=210.859 priorChange=-80.4051 successMove=36
ITERATION 58 newScore=-2.62222e+06 diffscore=1434.88 priorChange=-85.9503 successMove=36
ITERATION 59 newScore=-2.622e+06 diffscore=220.835 priorChange=-85.9503 successMove=34
ITERATION 60 newScore=-2.62161e+06 diffscore=386.603 priorChange=-74.8599 successMove=34
ITERATION 61 newScore=-2.619e+06 diffscore=2613.26 priorChange=-84.564 successMove=35
ITERATION 62 newScore=-2.61883e+06 diffscore=170.316 priorChange=-69.3147 successMove=33
ITERATION 63 newScore=-2.61861e+06 diffscore=220.993 priorChange=-77.6325 successMove=35
ITERATION 64 newScore=-2.61728e+06 diffscore=1332.47 priorChange=-70.701 successMove=32
ITERATION 65 newScore=-2.61479e+06 diffscore=2489.64 priorChange=-66.5421 successMove=31
ITERATION 66 newScore=-2.61465e+06 diffscore=139.601 priorChange=-70.701 successMove=30
ITERATION 67 newScore=-2.61453e+06 diffscore=114.915 priorChange=-52.6792 successMove=30
ITERATION 68 newScore=-2.61439e+06 diffscore=141.167 priorChange=-66.5421 successMove=29
ITERATION 69 newScore=-2.61425e+06 diffscore=141.903 priorChange=-69.3147 successMove=28
ITERATION 70 newScore=-2.61413e+06 diffscore=116.457 priorChange=-49.9066 successMove=28
ITERATION 71 newScore=-2.61401e+06 diffscore=125.4 priorChange=-49.9066 successMove=27
ITERATION 72 newScore=-2.61386e+06 diffscore=144.182 priorChange=-48.5203 successMove=25
ITERATION 73 newScore=-2.61372e+06 diffscore=142.107 priorChange=-36.0437 successMove=25
ITERATION 74 newScore=-2.61277e+06 diffscore=955.35 priorChange=-51.2929 successMove=24
ITERATION 75 newScore=-2.61263e+06 diffscore=134.855 priorChange=-54.0655 successMove=23
ITERATION 76 newScore=-2.61094e+06 diffscore=1694.36 priorChange=-36.0437 successMove=23
ITERATION 77 newScore=-2.61028e+06 diffscore=654.709 priorChange=-47.134 successMove=20
ITERATION 78 newScore=-2.6102e+06 diffscore=85.7495 priorChange=-52.6792 successMove=20
ITERATION 79 newScore=-2.6101e+06 diffscore=95.4983 priorChange=-44.3614 successMove=19
ITERATION 80 newScore=-2.61001e+06 diffscore=92.23 priorChange=-41.5888 successMove=20
ITERATION 81 newScore=-2.60992e+06 diffscore=91.3613 priorChange=-48.5203 successMove=19
ITERATION 82 newScore=-2.60982e+06 diffscore=92.3752 priorChange=-40.2025 successMove=18
ITERATION 83 newScore=-2.60974e+06 diffscore=82.4522 priorChange=-40.2025 successMove=17
ITERATION 84 newScore=-2.60965e+06 diffscore=89.3936 priorChange=-31.8848 successMove=17
ITERATION 85 newScore=-2.60957e+06 diffscore=79.1143 priorChange=-37.4299 successMove=16
ITERATION 86 newScore=-2.6095e+06 diffscore=76.5922 priorChange=-34.6574 successMove=17
ITERATION 87 newScore=-2.60943e+06 diffscore=71.2155 priorChange=-27.7259 successMove=16
ITERATION 88 newScore=-2.60922e+06 diffscore=201.826 priorChange=-33.2711 successMove=15
ITERATION 89 newScore=-2.60792e+06 diffscore=1299.96 priorChange=-29.1122 successMove=14
ITERATION 90 newScore=-2.60781e+06 diffscore=109.518 priorChange=-33.2711 successMove=14
ITERATION 91 newScore=-2.60757e+06 diffscore=239.335 priorChange=-36.0437 successMove=14
ITERATION 92 newScore=-2.60673e+06 diffscore=846.851 priorChange=-22.1807 successMove=14
ITERATION 93 newScore=-2.60668e+06 diffscore=47.0094 priorChange=-23.567 successMove=13
ITERATION 94 newScore=-2.60663e+06 diffscore=46.6845 priorChange=-24.9533 successMove=12
ITERATION 95 newScore=-2.60658e+06 diffscore=52.8533 priorChange=-30.4985 successMove=12
ITERATION 96 newScore=-2.60654e+06 diffscore=36.813 priorChange=-15.2492 successMove=11
ITERATION 97 newScore=-2.60651e+06 diffscore=38.0855 priorChange=-22.1807 successMove=11
ITERATION 98 newScore=-2.60647e+06 diffscore=33.5717 priorChange=-16.6355 successMove=9
ITERATION 99 newScore=-2.60645e+06 diffscore=23.8857 priorChange=-8.31777 successMove=8
MetaLearner::dumpAllGraphs
Final Score -2.60645e+06
MetaLearner::start runtime: 1273768706 ms
Results/
Results/cluster10/
Results/cluster10/fold0/
Results/cluster10/fold0/modelparams.txt
Results/cluster10/fold0/var_mb_pw_k50.txt
Results/cluster1/
Results/cluster1/fold0/
Results/cluster1/fold0/modelparams.txt
Results/cluster1/fold0/var_mb_pw_k50.txt
Results/cluster6/
Results/cluster6/fold0/
Results/cluster6/fold0/modelparams.txt
Results/cluster6/fold0/var_mb_pw_k50.txt
Results/cluster9/
Results/cluster9/fold0/
Results/cluster9/fold0/modelparams.txt
Results/cluster9/fold0/var_mb_pw_k50.txt
Results/cluster2/
Results/cluster2/fold0/
Results/cluster2/fold0/modelparams.txt
Results/cluster2/fold0/var_mb_pw_k50.txt
Results/cluster7/
Results/cluster7/fold0/
Results/cluster7/fold0/modelparams.txt
Results/cluster7/fold0/var_mb_pw_k50.txt
Results/cluster3/
Results/cluster3/fold0/
Results/cluster3/fold0/modelparams.txt
Results/cluster3/fold0/var_mb_pw_k50.txt
Results/cluster8/
Results/cluster8/scoreFile.txt
Results/cluster8/fold0/
Results/cluster8/fold0/modelparams.txt
Results/cluster8/fold0/var_mb_pw_k50.txt
