000 (49777.956.000) 10/11 10:48:10 Job submitted from host: <144.92.142.142:9618?addrs=144.92.142.142-9618&noUDP&sock=44923_051a_3>
...
001 (49777.956.000) 10/11 15:18:15 Job executing on host: <144.92.142.133:9618?addrs=144.92.142.133-9618&noUDP&sock=26367_25b9_3>
...
006 (49777.956.000) 10/11 15:18:23 Image size of job updated: 105828
	104  -  MemoryUsage of job (MB)
	105828  -  ResidentSetSize of job (KB)
...
006 (49777.956.000) 10/11 15:23:23 Image size of job updated: 864168
	801  -  MemoryUsage of job (MB)
	819460  -  ResidentSetSize of job (KB)
...
006 (49777.956.000) 10/11 15:28:24 Image size of job updated: 1873360
	1800  -  MemoryUsage of job (MB)
	1842724  -  ResidentSetSize of job (KB)
...
006 (49777.956.000) 10/11 15:33:25 Image size of job updated: 2885776
	2778  -  MemoryUsage of job (MB)
	2844172  -  ResidentSetSize of job (KB)
...
006 (49777.956.000) 10/11 15:36:04 Image size of job updated: 3404592
	2778  -  MemoryUsage of job (MB)
	2844172  -  ResidentSetSize of job (KB)
...
005 (49777.956.000) 10/11 15:36:04 Job terminated.
	(1) Normal termination (return value 0)
		Usr 0 00:17:46, Sys 0 00:00:03  -  Run Remote Usage
		Usr 0 00:00:00, Sys 0 00:00:00  -  Run Local Usage
		Usr 0 00:17:46, Sys 0 00:00:03  -  Total Remote Usage
		Usr 0 00:00:00, Sys 0 00:00:00  -  Total Local Usage
	173401  -  Run Bytes Sent By Job
	316889568  -  Run Bytes Received By Job
	173401  -  Total Bytes Sent By Job
	316889568  -  Total Bytes Received By Job
	Partitionable Resources :     Usage  Request Allocated 
	   Cpus                 :      1.00        1         1 
	   Disk (KB)            : 325000      819200   1428816 
	   Memory (MB)          :   2778       20480     20480 
...
