./CVN -f config_condor.txt -x50 -v1 -l TFs_OGs.txt -n AllGenes96.txt -d celltype_tree_ancestor.txt -m testdata_ogids.txt -s celltype_order.txt -p 0.2 -c yes -b -4 -q 4
(cluster3|cluster8) p_maintain_edge=0.8 p_gain=0.2
(cluster2|cluster3) p_maintain_edge=0.8 p_gain=0.2
(cluster1|cluster2) p_maintain_edge=0.8 p_gain=0.2
(cluster6|cluster2) p_maintain_edge=0.8 p_gain=0.2
(cluster9|cluster6) p_maintain_edge=0.8 p_gain=0.2
(cluster10|cluster6) p_maintain_edge=0.8 p_gain=0.2
(cluster7|cluster10) p_maintain_edge=0.8 p_gain=0.2
speciesSet.size()=8 Root is cluster8
MappedOrthogroupReader::readSpeciesMapping() --- celltype_order.txt
MappedOrthogroupReader::readFile - testdata_ogids.txt
MappedOrthogroupReader::generateGeneOrthoMap()
MetaLearner::init_onefold() read:config_condor.txt
MetaLearner::setinputVariableNames number of variables: 2043
readEvidenceTable:cluster8.table
PotentialManager::loadEvidenceFromTable varCount=2043 sampleCount=348
motifNetwork.size() = 319
0=cluster8 motifNetwork=cluster8_network.txt
variable size=2043
readEvidenceTable:cluster3.table
PotentialManager::loadEvidenceFromTable varCount=2043 sampleCount=95
motifNetwork.size() = 326
1=cluster3 motifNetwork=cluster3_network.txt
variable size=2043
readEvidenceTable:cluster2.table
PotentialManager::loadEvidenceFromTable varCount=2043 sampleCount=386
motifNetwork.size() = 328
2=cluster2 motifNetwork=cluster2_network.txt
variable size=2043
readEvidenceTable:cluster1.table
PotentialManager::loadEvidenceFromTable varCount=2043 sampleCount=36
motifNetwork.size() = 322
3=cluster1 motifNetwork=cluster1_network.txt
variable size=2043
readEvidenceTable:cluster6.table
PotentialManager::loadEvidenceFromTable varCount=2043 sampleCount=524
motifNetwork.size() = 320
4=cluster6 motifNetwork=cluster6_network.txt
variable size=2043
readEvidenceTable:cluster9.table
PotentialManager::loadEvidenceFromTable varCount=2043 sampleCount=184
motifNetwork.size() = 327
5=cluster9 motifNetwork=cluster9_network.txt
variable size=2043
readEvidenceTable:cluster10.table
PotentialManager::loadEvidenceFromTable varCount=2043 sampleCount=165
motifNetwork.size() = 326
6=cluster10 motifNetwork=cluster10_network.txt
variable size=2043
readEvidenceTable:cluster7.table
PotentialManager::loadEvidenceFromTable varCount=2043 sampleCount=1032
motifNetwork.size() = 320
7=cluster7 motifNetwork=cluster7_network.txt
variable size=2043
-------------------------------------------------------------
MetaLearner::start
precomputeEmptyGraphPrior
binkey=0 [Edge status: 0 0 0 0 0 0 0 0 ] P(G)=P(cluster8=0)[0.8] * P(cluster1=0|cluster2=0) * P(cluster9=0|cluster6=0) * P(cluster7=0|cluster10=0) * P(cluster10=0|cluster6=0) * P(cluster6=0|cluster2=0) * P(cluster2=0|cluster3=0) * P(cluster3=0|cluster8=0)[0.209715]=0.167772
condsetMap_Tree
0 cluster8=0 cluster3=0 cluster2=0 cluster1=0 cluster6=0 cluster9=0 cluster10=0 cluster7=1
1 cluster8=0 cluster3=0 cluster2=0 cluster1=0 cluster6=0 cluster9=1 cluster10=0 cluster7=0
2 cluster8=0 cluster3=0 cluster2=0 cluster1=0 cluster6=0 cluster9=1 cluster10=0 cluster7=1
3 cluster8=0 cluster3=0 cluster2=0 cluster1=1 cluster6=0 cluster9=0 cluster10=0 cluster7=0
4 cluster8=0 cluster3=0 cluster2=0 cluster1=1 cluster6=0 cluster9=0 cluster10=0 cluster7=1
5 cluster8=0 cluster3=0 cluster2=0 cluster1=1 cluster6=0 cluster9=1 cluster10=0 cluster7=0
6 cluster8=0 cluster3=0 cluster2=0 cluster1=1 cluster6=0 cluster9=1 cluster10=0 cluster7=1
7 cluster8=0 cluster3=0 cluster2=0 cluster1=0 cluster6=0 cluster9=0 cluster10=1 cluster7=1
8 cluster8=0 cluster3=0 cluster2=0 cluster1=0 cluster6=0 cluster9=1 cluster10=1 cluster7=1
9 cluster8=0 cluster3=0 cluster2=0 cluster1=1 cluster6=0 cluster9=0 cluster10=1 cluster7=1
10 cluster8=0 cluster3=0 cluster2=0 cluster1=1 cluster6=0 cluster9=1 cluster10=1 cluster7=1
11 cluster8=0 cluster3=0 cluster2=0 cluster1=0 cluster6=1 cluster9=1 cluster10=1 cluster7=1
12 cluster8=0 cluster3=0 cluster2=0 cluster1=1 cluster6=1 cluster9=1 cluster10=1 cluster7=1
13 cluster8=0 cluster3=0 cluster2=1 cluster1=1 cluster6=1 cluster9=1 cluster10=1 cluster7=1
14 cluster8=0 cluster3=1 cluster2=1 cluster1=1 cluster6=1 cluster9=1 cluster10=1 cluster7=1
15 cluster8=1 cluster3=1 cluster2=1 cluster1=1 cluster6=1 cluster9=1 cluster10=1 cluster7=1
16 cluster8=1 cluster3=1 cluster2=1 cluster1=1 cluster6=1 cluster9=1 cluster10=1 cluster7=0
17 cluster8=1 cluster3=1 cluster2=1 cluster1=1 cluster6=1 cluster9=0 cluster10=1 cluster7=1
18 cluster8=1 cluster3=1 cluster2=1 cluster1=1 cluster6=1 cluster9=0 cluster10=1 cluster7=0
19 cluster8=1 cluster3=1 cluster2=1 cluster1=0 cluster6=1 cluster9=1 cluster10=1 cluster7=1
20 cluster8=1 cluster3=1 cluster2=1 cluster1=0 cluster6=1 cluster9=1 cluster10=1 cluster7=0
21 cluster8=1 cluster3=1 cluster2=1 cluster1=0 cluster6=1 cluster9=0 cluster10=1 cluster7=1
22 cluster8=1 cluster3=1 cluster2=1 cluster1=0 cluster6=1 cluster9=0 cluster10=1 cluster7=0
23 cluster8=1 cluster3=1 cluster2=1 cluster1=1 cluster6=1 cluster9=1 cluster10=0 cluster7=0
24 cluster8=1 cluster3=1 cluster2=1 cluster1=1 cluster6=1 cluster9=0 cluster10=0 cluster7=0
25 cluster8=1 cluster3=1 cluster2=1 cluster1=0 cluster6=1 cluster9=1 cluster10=0 cluster7=0
26 cluster8=1 cluster3=1 cluster2=1 cluster1=0 cluster6=1 cluster9=0 cluster10=0 cluster7=0
27 cluster8=1 cluster3=1 cluster2=1 cluster1=1 cluster6=0 cluster9=0 cluster10=0 cluster7=0
28 cluster8=1 cluster3=1 cluster2=1 cluster1=0 cluster6=0 cluster9=0 cluster10=0 cluster7=0
29 cluster8=1 cluster3=1 cluster2=0 cluster1=0 cluster6=0 cluster9=0 cluster10=0 cluster7=0
30 cluster8=1 cluster3=0 cluster2=0 cluster1=0 cluster6=0 cluster9=0 cluster10=0 cluster7=0
31 cluster8=0 cluster3=0 cluster2=0 cluster1=0 cluster6=1 cluster9=0 cluster10=0 cluster7=0
32 cluster8=0 cluster3=0 cluster2=1 cluster1=0 cluster6=0 cluster9=0 cluster10=0 cluster7=0
33 cluster8=0 cluster3=0 cluster2=0 cluster1=0 cluster6=0 cluster9=0 cluster10=1 cluster7=0
34 cluster8=0 cluster3=1 cluster2=0 cluster1=0 cluster6=0 cluster9=0 cluster10=0 cluster7=0
inputRegulatorOGs.size() = 1999 inputOGList.size() = 50
binkey=4 [Edge status: 0 0 1 0 0 0 0 0 ] P(G)=P(cluster8=0)[0.8] * P(cluster1=0|cluster2=1) * P(cluster9=0|cluster6=0) * P(cluster7=0|cluster10=0) * P(cluster10=0|cluster6=0) * P(cluster6=0|cluster2=1) * P(cluster2=1|cluster3=0) * P(cluster3=0|cluster8=0)[0.0032768]=0.00262144
binkey=32 [Edge status: 0 0 0 0 0 1 0 0 ] P(G)=P(cluster8=0)[0.8] * P(cluster1=0|cluster2=0) * P(cluster9=1|cluster6=0) * P(cluster7=0|cluster10=0) * P(cluster10=0|cluster6=0) * P(cluster6=0|cluster2=0) * P(cluster2=0|cluster3=0) * P(cluster3=0|cluster8=0)[0.0524288]=0.041943
binkey=64 [Edge status: 0 0 0 0 0 0 1 0 ] P(G)=P(cluster8=0)[0.8] * P(cluster1=0|cluster2=0) * P(cluster9=0|cluster6=0) * P(cluster7=0|cluster10=1) * P(cluster10=1|cluster6=0) * P(cluster6=0|cluster2=0) * P(cluster2=0|cluster3=0) * P(cluster3=0|cluster8=0)[0.0131072]=0.0104858
binkey=16 [Edge status: 0 0 0 0 1 0 0 0 ] P(G)=P(cluster8=0)[0.8] * P(cluster1=0|cluster2=0) * P(cluster9=0|cluster6=1) * P(cluster7=0|cluster10=0) * P(cluster10=0|cluster6=1) * P(cluster6=1|cluster2=0) * P(cluster2=0|cluster3=0) * P(cluster3=0|cluster8=0)[0.0032768]=0.00262144
binkey=1 [Edge status: 1 0 0 0 0 0 0 0 ] P(G)=P(cluster8=1)[0.2] * P(cluster1=0|cluster2=0) * P(cluster9=0|cluster6=0) * P(cluster7=0|cluster10=0) * P(cluster10=0|cluster6=0) * P(cluster6=0|cluster2=0) * P(cluster2=0|cluster3=0) * P(cluster3=0|cluster8=1)[0.0524288]=0.0104858
binkey=2 [Edge status: 0 1 0 0 0 0 0 0 ] P(G)=P(cluster8=0)[0.8] * P(cluster1=0|cluster2=0) * P(cluster9=0|cluster6=0) * P(cluster7=0|cluster10=0) * P(cluster10=0|cluster6=0) * P(cluster6=0|cluster2=0) * P(cluster2=0|cluster3=1) * P(cluster3=1|cluster8=0)[0.0131072]=0.0104858
binkey=128 [Edge status: 0 0 0 0 0 0 0 1 ] P(G)=P(cluster8=0)[0.8] * P(cluster1=0|cluster2=0) * P(cluster9=0|cluster6=0) * P(cluster7=1|cluster10=0) * P(cluster10=0|cluster6=0) * P(cluster6=0|cluster2=0) * P(cluster2=0|cluster3=0) * P(cluster3=0|cluster8=0)[0.0524288]=0.041943
binkey=8 [Edge status: 0 0 0 1 0 0 0 0 ] P(G)=P(cluster8=0)[0.8] * P(cluster1=1|cluster2=0) * P(cluster9=0|cluster6=0) * P(cluster7=0|cluster10=0) * P(cluster10=0|cluster6=0) * P(cluster6=0|cluster2=0) * P(cluster2=0|cluster3=0) * P(cluster3=0|cluster8=0)[0.0524288]=0.041943
binkey=192 [Edge status: 0 0 0 0 0 0 1 1 ] P(G)=P(cluster8=0)[0.8] * P(cluster1=0|cluster2=0) * P(cluster9=0|cluster6=0) * P(cluster7=1|cluster10=1) * P(cluster10=1|cluster6=0) * P(cluster6=0|cluster2=0) * P(cluster2=0|cluster3=0) * P(cluster3=0|cluster8=0)[0.0524288]=0.041943
binkey=40 [Edge status: 0 0 0 1 0 1 0 0 ] P(G)=P(cluster8=0)[0.8] * P(cluster1=1|cluster2=0) * P(cluster9=1|cluster6=0) * P(cluster7=0|cluster10=0) * P(cluster10=0|cluster6=0) * P(cluster6=0|cluster2=0) * P(cluster2=0|cluster3=0) * P(cluster3=0|cluster8=0)[0.0131072]=0.0104858
binkey=136 [Edge status: 0 0 0 1 0 0 0 1 ] P(G)=P(cluster8=0)[0.8] * P(cluster1=1|cluster2=0) * P(cluster9=0|cluster6=0) * P(cluster7=1|cluster10=0) * P(cluster10=0|cluster6=0) * P(cluster6=0|cluster2=0) * P(cluster2=0|cluster3=0) * P(cluster3=0|cluster8=0)[0.0131072]=0.0104858
binkey=3 [Edge status: 1 1 0 0 0 0 0 0 ] P(G)=P(cluster8=1)[0.2] * P(cluster1=0|cluster2=0) * P(cluster9=0|cluster6=0) * P(cluster7=0|cluster10=0) * P(cluster10=0|cluster6=0) * P(cluster6=0|cluster2=0) * P(cluster2=0|cluster3=1) * P(cluster3=1|cluster8=1)[0.0524288]=0.0104858
binkey=160 [Edge status: 0 0 0 0 0 1 0 1 ] P(G)=P(cluster8=0)[0.8] * P(cluster1=0|cluster2=0) * P(cluster9=1|cluster6=0) * P(cluster7=1|cluster10=0) * P(cluster10=0|cluster6=0) * P(cluster6=0|cluster2=0) * P(cluster2=0|cluster3=0) * P(cluster3=0|cluster8=0)[0.0131072]=0.0104858
binkey=224 [Edge status: 0 0 0 0 0 1 1 1 ] P(G)=P(cluster8=0)[0.8] * P(cluster1=0|cluster2=0) * P(cluster9=1|cluster6=0) * P(cluster7=1|cluster10=1) * P(cluster10=1|cluster6=0) * P(cluster6=0|cluster2=0) * P(cluster2=0|cluster3=0) * P(cluster3=0|cluster8=0)[0.0131072]=0.0104858
binkey=240 [Edge status: 0 0 0 0 1 1 1 1 ] P(G)=P(cluster8=0)[0.8] * P(cluster1=0|cluster2=0) * P(cluster9=1|cluster6=1) * P(cluster7=1|cluster10=1) * P(cluster10=1|cluster6=1) * P(cluster6=1|cluster2=0) * P(cluster2=0|cluster3=0) * P(cluster3=0|cluster8=0)[0.0524288]=0.041943
binkey=200 [Edge status: 0 0 0 1 0 0 1 1 ] P(G)=P(cluster8=0)[0.8] * P(cluster1=1|cluster2=0) * P(cluster9=0|cluster6=0) * P(cluster7=1|cluster10=1) * P(cluster10=1|cluster6=0) * P(cluster6=0|cluster2=0) * P(cluster2=0|cluster3=0) * P(cluster3=0|cluster8=0)[0.0131072]=0.0104858
binkey=168 [Edge status: 0 0 0 1 0 1 0 1 ] P(G)=P(cluster8=0)[0.8] * P(cluster1=1|cluster2=0) * P(cluster9=1|cluster6=0) * P(cluster7=1|cluster10=0) * P(cluster10=0|cluster6=0) * P(cluster6=0|cluster2=0) * P(cluster2=0|cluster3=0) * P(cluster3=0|cluster8=0)[0.0032768]=0.00262144
binkey=23 [Edge status: 1 1 1 0 1 0 0 0 ] P(G)=P(cluster8=1)[0.2] * P(cluster1=0|cluster2=1) * P(cluster9=0|cluster6=1) * P(cluster7=0|cluster10=0) * P(cluster10=0|cluster6=1) * P(cluster6=1|cluster2=1) * P(cluster2=1|cluster3=1) * P(cluster3=1|cluster8=1)[0.0032768]=0.00065536
binkey=7 [Edge status: 1 1 1 0 0 0 0 0 ] P(G)=P(cluster8=1)[0.2] * P(cluster1=0|cluster2=1) * P(cluster9=0|cluster6=0) * P(cluster7=0|cluster10=0) * P(cluster10=0|cluster6=0) * P(cluster6=0|cluster2=1) * P(cluster2=1|cluster3=1) * P(cluster3=1|cluster8=1)[0.0131072]=0.00262144
binkey=232 [Edge status: 0 0 0 1 0 1 1 1 ] P(G)=P(cluster8=0)[0.8] * P(cluster1=1|cluster2=0) * P(cluster9=1|cluster6=0) * P(cluster7=1|cluster10=1) * P(cluster10=1|cluster6=0) * P(cluster6=0|cluster2=0) * P(cluster2=0|cluster3=0) * P(cluster3=0|cluster8=0)[0.0032768]=0.00262144
binkey=247 [Edge status: 1 1 1 0 1 1 1 1 ] P(G)=P(cluster8=1)[0.2] * P(cluster1=0|cluster2=1) * P(cluster9=1|cluster6=1) * P(cluster7=1|cluster10=1) * P(cluster10=1|cluster6=1) * P(cluster6=1|cluster2=1) * P(cluster2=1|cluster3=1) * P(cluster3=1|cluster8=1)[0.0524288]=0.0104858
binkey=119 [Edge status: 1 1 1 0 1 1 1 0 ] P(G)=P(cluster8=1)[0.2] * P(cluster1=0|cluster2=1) * P(cluster9=1|cluster6=1) * P(cluster7=0|cluster10=1) * P(cluster10=1|cluster6=1) * P(cluster6=1|cluster2=1) * P(cluster2=1|cluster3=1) * P(cluster3=1|cluster8=1)[0.0131072]=0.00262144
binkey=215 [Edge status: 1 1 1 0 1 0 1 1 ] P(G)=P(cluster8=1)[0.2] * P(cluster1=0|cluster2=1) * P(cluster9=0|cluster6=1) * P(cluster7=1|cluster10=1) * P(cluster10=1|cluster6=1) * P(cluster6=1|cluster2=1) * P(cluster2=1|cluster3=1) * P(cluster3=1|cluster8=1)[0.0131072]=0.00262144
binkey=87 [Edge status: 1 1 1 0 1 0 1 0 ] P(G)=P(cluster8=1)[0.2] * P(cluster1=0|cluster2=1) * P(cluster9=0|cluster6=1) * P(cluster7=0|cluster10=1) * P(cluster10=1|cluster6=1) * P(cluster6=1|cluster2=1) * P(cluster2=1|cluster3=1) * P(cluster3=1|cluster8=1)[0.0032768]=0.00065536
binkey=55 [Edge status: 1 1 1 0 1 1 0 0 ] P(G)=P(cluster8=1)[0.2] * P(cluster1=0|cluster2=1) * P(cluster9=1|cluster6=1) * P(cluster7=0|cluster10=0) * P(cluster10=0|cluster6=1) * P(cluster6=1|cluster2=1) * P(cluster2=1|cluster3=1) * P(cluster3=1|cluster8=1)[0.0131072]=0.00262144
binkey=248 [Edge status: 0 0 0 1 1 1 1 1 ] P(G)=P(cluster8=0)[0.8] * P(cluster1=1|cluster2=0) * P(cluster9=1|cluster6=1) * P(cluster7=1|cluster10=1) * P(cluster10=1|cluster6=1) * P(cluster6=1|cluster2=0) * P(cluster2=0|cluster3=0) * P(cluster3=0|cluster8=0)[0.0131072]=0.0104858
binkey=252 [Edge status: 0 0 1 1 1 1 1 1 ] P(G)=P(cluster8=0)[0.8] * P(cluster1=1|cluster2=1) * P(cluster9=1|cluster6=1) * P(cluster7=1|cluster10=1) * P(cluster10=1|cluster6=1) * P(cluster6=1|cluster2=1) * P(cluster2=1|cluster3=0) * P(cluster3=0|cluster8=0)[0.0524288]=0.041943
binkey=254 [Edge status: 0 1 1 1 1 1 1 1 ] P(G)=P(cluster8=0)[0.8] * P(cluster1=1|cluster2=1) * P(cluster9=1|cluster6=1) * P(cluster7=1|cluster10=1) * P(cluster10=1|cluster6=1) * P(cluster6=1|cluster2=1) * P(cluster2=1|cluster3=1) * P(cluster3=1|cluster8=0)[0.0524288]=0.041943
binkey=255 [Edge status: 1 1 1 1 1 1 1 1 ] P(G)=P(cluster8=1)[0.2] * P(cluster1=1|cluster2=1) * P(cluster9=1|cluster6=1) * P(cluster7=1|cluster10=1) * P(cluster10=1|cluster6=1) * P(cluster6=1|cluster2=1) * P(cluster2=1|cluster3=1) * P(cluster3=1|cluster8=1)[0.209715]=0.041943
binkey=127 [Edge status: 1 1 1 1 1 1 1 0 ] P(G)=P(cluster8=1)[0.2] * P(cluster1=1|cluster2=1) * P(cluster9=1|cluster6=1) * P(cluster7=0|cluster10=1) * P(cluster10=1|cluster6=1) * P(cluster6=1|cluster2=1) * P(cluster2=1|cluster3=1) * P(cluster3=1|cluster8=1)[0.0524288]=0.0104858
binkey=223 [Edge status: 1 1 1 1 1 0 1 1 ] P(G)=P(cluster8=1)[0.2] * P(cluster1=1|cluster2=1) * P(cluster9=0|cluster6=1) * P(cluster7=1|cluster10=1) * P(cluster10=1|cluster6=1) * P(cluster6=1|cluster2=1) * P(cluster2=1|cluster3=1) * P(cluster3=1|cluster8=1)[0.0524288]=0.0104858
binkey=95 [Edge status: 1 1 1 1 1 0 1 0 ] P(G)=P(cluster8=1)[0.2] * P(cluster1=1|cluster2=1) * P(cluster9=0|cluster6=1) * P(cluster7=0|cluster10=1) * P(cluster10=1|cluster6=1) * P(cluster6=1|cluster2=1) * P(cluster2=1|cluster3=1) * P(cluster3=1|cluster8=1)[0.0131072]=0.00262144
binkey=63 [Edge status: 1 1 1 1 1 1 0 0 ] P(G)=P(cluster8=1)[0.2] * P(cluster1=1|cluster2=1) * P(cluster9=1|cluster6=1) * P(cluster7=0|cluster10=0) * P(cluster10=0|cluster6=1) * P(cluster6=1|cluster2=1) * P(cluster2=1|cluster3=1) * P(cluster3=1|cluster8=1)[0.0524288]=0.0104858
binkey=31 [Edge status: 1 1 1 1 1 0 0 0 ] P(G)=P(cluster8=1)[0.2] * P(cluster1=1|cluster2=1) * P(cluster9=0|cluster6=1) * P(cluster7=0|cluster10=0) * P(cluster10=0|cluster6=1) * P(cluster6=1|cluster2=1) * P(cluster2=1|cluster3=1) * P(cluster3=1|cluster8=1)[0.0131072]=0.00262144
binkey=15 [Edge status: 1 1 1 1 0 0 0 0 ] P(G)=P(cluster8=1)[0.2] * P(cluster1=1|cluster2=1) * P(cluster9=0|cluster6=0) * P(cluster7=0|cluster10=0) * P(cluster10=0|cluster6=0) * P(cluster6=0|cluster2=1) * P(cluster2=1|cluster3=1) * P(cluster3=1|cluster8=1)[0.0524288]=0.0104858
ITERATION 0 newScore=-2.71493e+06 diffscore=13826.2 priorChange=-99.8132 successMove=59
ITERATION 1 newScore=-2.709e+06 diffscore=5931.66 priorChange=-113.676 successMove=52
ITERATION 2 newScore=-2.70183e+06 diffscore=7167.13 priorChange=-117.835 successMove=52
ITERATION 3 newScore=-2.69634e+06 diffscore=5483.49 priorChange=-105.358 successMove=56
ITERATION 4 newScore=-2.69332e+06 diffscore=3020.37 priorChange=-109.517 successMove=52
ITERATION 5 newScore=-2.68988e+06 diffscore=3445.18 priorChange=-99.8132 successMove=51
ITERATION 6 newScore=-2.68575e+06 diffscore=4125.57 priorChange=-116.449 successMove=53
ITERATION 7 newScore=-2.6819e+06 diffscore=3854.92 priorChange=-115.062 successMove=57
ITERATION 8 newScore=-2.67584e+06 diffscore=6058 priorChange=-109.517 successMove=50
ITERATION 9 newScore=-2.67345e+06 diffscore=2394.37 priorChange=-106.745 successMove=61
ITERATION 10 newScore=-2.66757e+06 diffscore=5872.78 priorChange=-106.745 successMove=50
ITERATION 11 newScore=-2.66494e+06 diffscore=2634.29 priorChange=-116.449 successMove=50
ITERATION 12 newScore=-2.66402e+06 diffscore=921.179 priorChange=-116.449 successMove=50
ITERATION 13 newScore=-2.66178e+06 diffscore=2241.42 priorChange=-102.586 successMove=53
ITERATION 14 newScore=-2.65709e+06 diffscore=4687.85 priorChange=-98.4269 successMove=51
ITERATION 15 newScore=-2.6534e+06 diffscore=3693.81 priorChange=-110.904 successMove=51
ITERATION 16 newScore=-2.65104e+06 diffscore=2358.9 priorChange=-116.449 successMove=50
ITERATION 17 newScore=-2.6462e+06 diffscore=4836.57 priorChange=-123.38 successMove=50
ITERATION 18 newScore=-2.64559e+06 diffscore=611.404 priorChange=-113.676 successMove=52
ITERATION 19 newScore=-2.64418e+06 diffscore=1412.6 priorChange=-101.199 successMove=50
ITERATION 20 newScore=-2.64234e+06 diffscore=1835.27 priorChange=-117.835 successMove=53
ITERATION 21 newScore=-2.63969e+06 diffscore=2646.86 priorChange=-99.8132 successMove=52
ITERATION 22 newScore=-2.63685e+06 diffscore=2843.9 priorChange=-117.835 successMove=52
ITERATION 23 newScore=-2.63343e+06 diffscore=3417.51 priorChange=-117.835 successMove=51
ITERATION 24 newScore=-2.63166e+06 diffscore=1776.77 priorChange=-120.608 successMove=51
ITERATION 25 newScore=-2.63038e+06 diffscore=1277.46 priorChange=-116.449 successMove=50
ITERATION 26 newScore=-2.62989e+06 diffscore=486.976 priorChange=-115.062 successMove=50
ITERATION 27 newScore=-2.62865e+06 diffscore=1245.37 priorChange=-113.676 successMove=50
ITERATION 28 newScore=-2.62459e+06 diffscore=4058.94 priorChange=-102.586 successMove=50
ITERATION 29 newScore=-2.62257e+06 diffscore=2013.87 priorChange=-102.586 successMove=49
ITERATION 30 newScore=-2.62178e+06 diffscore=794.246 priorChange=-99.8132 successMove=49
ITERATION 31 newScore=-2.61997e+06 diffscore=1805.47 priorChange=-113.676 successMove=49
ITERATION 32 newScore=-2.61913e+06 diffscore=845.061 priorChange=-108.131 successMove=49
ITERATION 33 newScore=-2.61873e+06 diffscore=396.812 priorChange=-99.8132 successMove=49
ITERATION 34 newScore=-2.61751e+06 diffscore=1219.92 priorChange=-88.7228 successMove=49
ITERATION 35 newScore=-2.61441e+06 diffscore=3101.85 priorChange=-91.4954 successMove=49
ITERATION 36 newScore=-2.61321e+06 diffscore=1200.16 priorChange=-92.8817 successMove=49
ITERATION 37 newScore=-2.6127e+06 diffscore=505.506 priorChange=-109.517 successMove=48
ITERATION 38 newScore=-2.60994e+06 diffscore=2762.53 priorChange=-99.8132 successMove=48
ITERATION 39 newScore=-2.60821e+06 diffscore=1727.63 priorChange=-105.358 successMove=49
ITERATION 40 newScore=-2.60628e+06 diffscore=1930.6 priorChange=-101.199 successMove=48
ITERATION 41 newScore=-2.6059e+06 diffscore=382.767 priorChange=-106.745 successMove=47
ITERATION 42 newScore=-2.60558e+06 diffscore=324.692 priorChange=-98.4269 successMove=47
ITERATION 43 newScore=-2.60401e+06 diffscore=1566.36 priorChange=-92.8817 successMove=50
ITERATION 44 newScore=-2.60348e+06 diffscore=524.897 priorChange=-94.268 successMove=47
ITERATION 45 newScore=-2.60222e+06 diffscore=1261.48 priorChange=-95.6543 successMove=49
ITERATION 46 newScore=-2.6019e+06 diffscore=325.786 priorChange=-110.904 successMove=47
ITERATION 47 newScore=-2.60141e+06 diffscore=489.679 priorChange=-101.199 successMove=47
ITERATION 48 newScore=-2.60056e+06 diffscore=845.858 priorChange=-108.131 successMove=48
ITERATION 49 newScore=-2.59683e+06 diffscore=3734.32 priorChange=-88.7228 successMove=46
ITERATION 50 newScore=-2.5953e+06 diffscore=1523.5 priorChange=-94.268 successMove=46
ITERATION 51 newScore=-2.59502e+06 diffscore=281.567 priorChange=-87.3365 successMove=45
ITERATION 52 newScore=-2.59475e+06 diffscore=268.754 priorChange=-99.8132 successMove=46
ITERATION 53 newScore=-2.59447e+06 diffscore=283.386 priorChange=-95.6543 successMove=46
ITERATION 54 newScore=-2.59291e+06 diffscore=1558.29 priorChange=-91.4954 successMove=49
ITERATION 55 newScore=-2.59257e+06 diffscore=342.95 priorChange=-92.8817 successMove=46
ITERATION 56 newScore=-2.59062e+06 diffscore=1944.3 priorChange=-102.586 successMove=47
ITERATION 57 newScore=-2.59026e+06 diffscore=364.244 priorChange=-95.6543 successMove=45
ITERATION 58 newScore=-2.5886e+06 diffscore=1655.39 priorChange=-99.8132 successMove=43
ITERATION 59 newScore=-2.58744e+06 diffscore=1168.99 priorChange=-76.2462 successMove=42
ITERATION 60 newScore=-2.58636e+06 diffscore=1075.96 priorChange=-105.358 successMove=41
ITERATION 61 newScore=-2.58501e+06 diffscore=1347.1 priorChange=-94.268 successMove=41
ITERATION 62 newScore=-2.58474e+06 diffscore=270.239 priorChange=-92.8817 successMove=40
ITERATION 63 newScore=-2.58437e+06 diffscore=368.246 priorChange=-81.7914 successMove=38
ITERATION 64 newScore=-2.5831e+06 diffscore=1272.46 priorChange=-79.0188 successMove=38
ITERATION 65 newScore=-2.58291e+06 diffscore=190.765 priorChange=-76.2462 successMove=40
ITERATION 66 newScore=-2.58153e+06 diffscore=1381.24 priorChange=-72.0873 successMove=40
ITERATION 67 newScore=-2.58129e+06 diffscore=236.02 priorChange=-79.0188 successMove=36
ITERATION 68 newScore=-2.581e+06 diffscore=295.381 priorChange=-83.1777 successMove=36
ITERATION 69 newScore=-2.57948e+06 diffscore=1518.34 priorChange=-72.0873 successMove=34
ITERATION 70 newScore=-2.5793e+06 diffscore=179.847 priorChange=-62.3832 successMove=34
ITERATION 71 newScore=-2.57791e+06 diffscore=1386.46 priorChange=-70.701 successMove=34
ITERATION 72 newScore=-2.57778e+06 diffscore=135.857 priorChange=-62.3832 successMove=32
ITERATION 73 newScore=-2.57764e+06 diffscore=138.41 priorChange=-62.3832 successMove=31
ITERATION 74 newScore=-2.57745e+06 diffscore=189.249 priorChange=-67.9284 successMove=31
ITERATION 75 newScore=-2.57718e+06 diffscore=266.913 priorChange=-60.997 successMove=32
ITERATION 76 newScore=-2.57574e+06 diffscore=1447.97 priorChange=-49.9066 successMove=28
ITERATION 77 newScore=-2.57455e+06 diffscore=1187.83 priorChange=-55.4518 successMove=26
ITERATION 78 newScore=-2.57443e+06 diffscore=116.307 priorChange=-48.5203 successMove=23
ITERATION 79 newScore=-2.57372e+06 diffscore=710.123 priorChange=-44.3614 successMove=25
ITERATION 80 newScore=-2.57329e+06 diffscore=427.891 priorChange=-51.2929 successMove=24
ITERATION 81 newScore=-2.57302e+06 diffscore=268.678 priorChange=-38.8162 successMove=19
ITERATION 82 newScore=-2.5721e+06 diffscore=923.115 priorChange=-33.2711 successMove=19
ITERATION 83 newScore=-2.5706e+06 diffscore=1503.94 priorChange=-34.6574 successMove=19
ITERATION 84 newScore=-2.57052e+06 diffscore=76.2815 priorChange=-34.6574 successMove=18
ITERATION 85 newScore=-2.57047e+06 diffscore=55.0403 priorChange=-24.9533 successMove=15
ITERATION 86 newScore=-2.5704e+06 diffscore=68.9066 priorChange=-27.7259 successMove=14
ITERATION 87 newScore=-2.57032e+06 diffscore=73.0693 priorChange=-24.9533 successMove=14
ITERATION 88 newScore=-2.57023e+06 diffscore=97.1771 priorChange=-30.4985 successMove=15
ITERATION 89 newScore=-2.57014e+06 diffscore=88.9717 priorChange=-29.1122 successMove=14
ITERATION 90 newScore=-2.57007e+06 diffscore=70.1373 priorChange=-29.1122 successMove=14
ITERATION 91 newScore=-2.56999e+06 diffscore=77.4671 priorChange=-22.1807 successMove=13
ITERATION 92 newScore=-2.56979e+06 diffscore=200.65 priorChange=-31.8848 successMove=13
ITERATION 93 newScore=-2.56955e+06 diffscore=234.804 priorChange=-24.9533 successMove=10
ITERATION 94 newScore=-2.56943e+06 diffscore=128.963 priorChange=-16.6355 successMove=9
ITERATION 95 newScore=-2.56938e+06 diffscore=49.6252 priorChange=-12.4766 successMove=9
ITERATION 96 newScore=-2.56933e+06 diffscore=44.2216 priorChange=-19.4081 successMove=10
ITERATION 97 newScore=-2.56931e+06 diffscore=27.0192 priorChange=-8.31777 successMove=7
ITERATION 98 newScore=-2.56928e+06 diffscore=27.4018 priorChange=-12.4766 successMove=7
ITERATION 99 newScore=-2.56924e+06 diffscore=38.301 priorChange=-15.2492 successMove=6
MetaLearner::dumpAllGraphs
Final Score -2.56924e+06
MetaLearner::start runtime: 1635326353 ms
Results/
Results/cluster3/
Results/cluster3/fold0/
Results/cluster3/fold0/var_mb_pw_k50.txt
Results/cluster3/fold0/modelparams.txt
Results/cluster7/
Results/cluster7/fold0/
Results/cluster7/fold0/var_mb_pw_k50.txt
Results/cluster7/fold0/modelparams.txt
Results/cluster10/
Results/cluster10/fold0/
Results/cluster10/fold0/var_mb_pw_k50.txt
Results/cluster10/fold0/modelparams.txt
Results/cluster1/
Results/cluster1/fold0/
Results/cluster1/fold0/var_mb_pw_k50.txt
Results/cluster1/fold0/modelparams.txt
Results/cluster6/
Results/cluster6/fold0/
Results/cluster6/fold0/var_mb_pw_k50.txt
Results/cluster6/fold0/modelparams.txt
Results/cluster9/
Results/cluster9/fold0/
Results/cluster9/fold0/var_mb_pw_k50.txt
Results/cluster9/fold0/modelparams.txt
Results/cluster8/
Results/cluster8/fold0/
Results/cluster8/fold0/var_mb_pw_k50.txt
Results/cluster8/fold0/modelparams.txt
Results/cluster8/scoreFile.txt
Results/cluster2/
Results/cluster2/fold0/
Results/cluster2/fold0/var_mb_pw_k50.txt
Results/cluster2/fold0/modelparams.txt
