./CVN -f config_condor.txt -x50 -v1 -l TFs_OGs.txt -n AllGenes64.txt -d celltype_tree_ancestor.txt -m testdata_ogids.txt -s celltype_order.txt -p 0.2 -c yes -b -4 -q 4
(cluster3|cluster8) p_maintain_edge=0.8 p_gain=0.2
(cluster2|cluster3) p_maintain_edge=0.8 p_gain=0.2
(cluster1|cluster2) p_maintain_edge=0.8 p_gain=0.2
(cluster6|cluster2) p_maintain_edge=0.8 p_gain=0.2
(cluster9|cluster6) p_maintain_edge=0.8 p_gain=0.2
(cluster10|cluster6) p_maintain_edge=0.8 p_gain=0.2
(cluster7|cluster10) p_maintain_edge=0.8 p_gain=0.2
speciesSet.size()=8 Root is cluster8
MappedOrthogroupReader::readSpeciesMapping() --- celltype_order.txt
MappedOrthogroupReader::readFile - testdata_ogids.txt
MappedOrthogroupReader::generateGeneOrthoMap()
MetaLearner::init_onefold() read:config_condor.txt
MetaLearner::setinputVariableNames number of variables: 2043
readEvidenceTable:cluster8.table
PotentialManager::loadEvidenceFromTable varCount=2043 sampleCount=348
motifNetwork.size() = 319
0=cluster8 motifNetwork=cluster8_network.txt
variable size=2043
readEvidenceTable:cluster3.table
PotentialManager::loadEvidenceFromTable varCount=2043 sampleCount=95
motifNetwork.size() = 326
1=cluster3 motifNetwork=cluster3_network.txt
variable size=2043
readEvidenceTable:cluster2.table
PotentialManager::loadEvidenceFromTable varCount=2043 sampleCount=386
motifNetwork.size() = 328
2=cluster2 motifNetwork=cluster2_network.txt
variable size=2043
readEvidenceTable:cluster1.table
PotentialManager::loadEvidenceFromTable varCount=2043 sampleCount=36
motifNetwork.size() = 322
3=cluster1 motifNetwork=cluster1_network.txt
variable size=2043
readEvidenceTable:cluster6.table
PotentialManager::loadEvidenceFromTable varCount=2043 sampleCount=524
motifNetwork.size() = 320
4=cluster6 motifNetwork=cluster6_network.txt
variable size=2043
readEvidenceTable:cluster9.table
PotentialManager::loadEvidenceFromTable varCount=2043 sampleCount=184
motifNetwork.size() = 327
5=cluster9 motifNetwork=cluster9_network.txt
variable size=2043
readEvidenceTable:cluster10.table
PotentialManager::loadEvidenceFromTable varCount=2043 sampleCount=165
motifNetwork.size() = 326
6=cluster10 motifNetwork=cluster10_network.txt
variable size=2043
readEvidenceTable:cluster7.table
PotentialManager::loadEvidenceFromTable varCount=2043 sampleCount=1032
motifNetwork.size() = 320
7=cluster7 motifNetwork=cluster7_network.txt
variable size=2043
-------------------------------------------------------------
MetaLearner::start
precomputeEmptyGraphPrior
binkey=0 [Edge status: 0 0 0 0 0 0 0 0 ] P(G)=P(cluster8=0)[0.8] * P(cluster1=0|cluster2=0) * P(cluster9=0|cluster6=0) * P(cluster7=0|cluster10=0) * P(cluster10=0|cluster6=0) * P(cluster6=0|cluster2=0) * P(cluster2=0|cluster3=0) * P(cluster3=0|cluster8=0)[0.209715]=0.167772
condsetMap_Tree
0 cluster8=0 cluster3=0 cluster2=0 cluster1=0 cluster6=0 cluster9=0 cluster10=0 cluster7=1
1 cluster8=0 cluster3=0 cluster2=0 cluster1=0 cluster6=0 cluster9=1 cluster10=0 cluster7=0
2 cluster8=0 cluster3=0 cluster2=0 cluster1=0 cluster6=0 cluster9=1 cluster10=0 cluster7=1
3 cluster8=0 cluster3=0 cluster2=0 cluster1=1 cluster6=0 cluster9=0 cluster10=0 cluster7=0
4 cluster8=0 cluster3=0 cluster2=0 cluster1=1 cluster6=0 cluster9=0 cluster10=0 cluster7=1
5 cluster8=0 cluster3=0 cluster2=0 cluster1=1 cluster6=0 cluster9=1 cluster10=0 cluster7=0
6 cluster8=0 cluster3=0 cluster2=0 cluster1=1 cluster6=0 cluster9=1 cluster10=0 cluster7=1
7 cluster8=0 cluster3=0 cluster2=0 cluster1=0 cluster6=0 cluster9=0 cluster10=1 cluster7=1
8 cluster8=0 cluster3=0 cluster2=0 cluster1=0 cluster6=0 cluster9=1 cluster10=1 cluster7=1
9 cluster8=0 cluster3=0 cluster2=0 cluster1=1 cluster6=0 cluster9=0 cluster10=1 cluster7=1
10 cluster8=0 cluster3=0 cluster2=0 cluster1=1 cluster6=0 cluster9=1 cluster10=1 cluster7=1
11 cluster8=0 cluster3=0 cluster2=0 cluster1=0 cluster6=1 cluster9=1 cluster10=1 cluster7=1
12 cluster8=0 cluster3=0 cluster2=0 cluster1=1 cluster6=1 cluster9=1 cluster10=1 cluster7=1
13 cluster8=0 cluster3=0 cluster2=1 cluster1=1 cluster6=1 cluster9=1 cluster10=1 cluster7=1
14 cluster8=0 cluster3=1 cluster2=1 cluster1=1 cluster6=1 cluster9=1 cluster10=1 cluster7=1
15 cluster8=1 cluster3=1 cluster2=1 cluster1=1 cluster6=1 cluster9=1 cluster10=1 cluster7=1
16 cluster8=1 cluster3=1 cluster2=1 cluster1=1 cluster6=1 cluster9=1 cluster10=1 cluster7=0
17 cluster8=1 cluster3=1 cluster2=1 cluster1=1 cluster6=1 cluster9=0 cluster10=1 cluster7=1
18 cluster8=1 cluster3=1 cluster2=1 cluster1=1 cluster6=1 cluster9=0 cluster10=1 cluster7=0
19 cluster8=1 cluster3=1 cluster2=1 cluster1=0 cluster6=1 cluster9=1 cluster10=1 cluster7=1
20 cluster8=1 cluster3=1 cluster2=1 cluster1=0 cluster6=1 cluster9=1 cluster10=1 cluster7=0
21 cluster8=1 cluster3=1 cluster2=1 cluster1=0 cluster6=1 cluster9=0 cluster10=1 cluster7=1
22 cluster8=1 cluster3=1 cluster2=1 cluster1=0 cluster6=1 cluster9=0 cluster10=1 cluster7=0
23 cluster8=1 cluster3=1 cluster2=1 cluster1=1 cluster6=1 cluster9=1 cluster10=0 cluster7=0
24 cluster8=1 cluster3=1 cluster2=1 cluster1=1 cluster6=1 cluster9=0 cluster10=0 cluster7=0
25 cluster8=1 cluster3=1 cluster2=1 cluster1=0 cluster6=1 cluster9=1 cluster10=0 cluster7=0
26 cluster8=1 cluster3=1 cluster2=1 cluster1=0 cluster6=1 cluster9=0 cluster10=0 cluster7=0
27 cluster8=1 cluster3=1 cluster2=1 cluster1=1 cluster6=0 cluster9=0 cluster10=0 cluster7=0
28 cluster8=1 cluster3=1 cluster2=1 cluster1=0 cluster6=0 cluster9=0 cluster10=0 cluster7=0
29 cluster8=1 cluster3=1 cluster2=0 cluster1=0 cluster6=0 cluster9=0 cluster10=0 cluster7=0
30 cluster8=1 cluster3=0 cluster2=0 cluster1=0 cluster6=0 cluster9=0 cluster10=0 cluster7=0
31 cluster8=0 cluster3=0 cluster2=0 cluster1=0 cluster6=1 cluster9=0 cluster10=0 cluster7=0
32 cluster8=0 cluster3=0 cluster2=1 cluster1=0 cluster6=0 cluster9=0 cluster10=0 cluster7=0
33 cluster8=0 cluster3=0 cluster2=0 cluster1=0 cluster6=0 cluster9=0 cluster10=1 cluster7=0
34 cluster8=0 cluster3=1 cluster2=0 cluster1=0 cluster6=0 cluster9=0 cluster10=0 cluster7=0
inputRegulatorOGs.size() = 1999 inputOGList.size() = 50
binkey=4 [Edge status: 0 0 1 0 0 0 0 0 ] P(G)=P(cluster8=0)[0.8] * P(cluster1=0|cluster2=1) * P(cluster9=0|cluster6=0) * P(cluster7=0|cluster10=0) * P(cluster10=0|cluster6=0) * P(cluster6=0|cluster2=1) * P(cluster2=1|cluster3=0) * P(cluster3=0|cluster8=0)[0.0032768]=0.00262144
binkey=32 [Edge status: 0 0 0 0 0 1 0 0 ] P(G)=P(cluster8=0)[0.8] * P(cluster1=0|cluster2=0) * P(cluster9=1|cluster6=0) * P(cluster7=0|cluster10=0) * P(cluster10=0|cluster6=0) * P(cluster6=0|cluster2=0) * P(cluster2=0|cluster3=0) * P(cluster3=0|cluster8=0)[0.0524288]=0.041943
binkey=1 [Edge status: 1 0 0 0 0 0 0 0 ] P(G)=P(cluster8=1)[0.2] * P(cluster1=0|cluster2=0) * P(cluster9=0|cluster6=0) * P(cluster7=0|cluster10=0) * P(cluster10=0|cluster6=0) * P(cluster6=0|cluster2=0) * P(cluster2=0|cluster3=0) * P(cluster3=0|cluster8=1)[0.0524288]=0.0104858
binkey=64 [Edge status: 0 0 0 0 0 0 1 0 ] P(G)=P(cluster8=0)[0.8] * P(cluster1=0|cluster2=0) * P(cluster9=0|cluster6=0) * P(cluster7=0|cluster10=1) * P(cluster10=1|cluster6=0) * P(cluster6=0|cluster2=0) * P(cluster2=0|cluster3=0) * P(cluster3=0|cluster8=0)[0.0131072]=0.0104858
binkey=128 [Edge status: 0 0 0 0 0 0 0 1 ] P(G)=P(cluster8=0)[0.8] * P(cluster1=0|cluster2=0) * P(cluster9=0|cluster6=0) * P(cluster7=1|cluster10=0) * P(cluster10=0|cluster6=0) * P(cluster6=0|cluster2=0) * P(cluster2=0|cluster3=0) * P(cluster3=0|cluster8=0)[0.0524288]=0.041943
binkey=16 [Edge status: 0 0 0 0 1 0 0 0 ] P(G)=P(cluster8=0)[0.8] * P(cluster1=0|cluster2=0) * P(cluster9=0|cluster6=1) * P(cluster7=0|cluster10=0) * P(cluster10=0|cluster6=1) * P(cluster6=1|cluster2=0) * P(cluster2=0|cluster3=0) * P(cluster3=0|cluster8=0)[0.0032768]=0.00262144
binkey=192 [Edge status: 0 0 0 0 0 0 1 1 ] P(G)=P(cluster8=0)[0.8] * P(cluster1=0|cluster2=0) * P(cluster9=0|cluster6=0) * P(cluster7=1|cluster10=1) * P(cluster10=1|cluster6=0) * P(cluster6=0|cluster2=0) * P(cluster2=0|cluster3=0) * P(cluster3=0|cluster8=0)[0.0524288]=0.041943
binkey=160 [Edge status: 0 0 0 0 0 1 0 1 ] P(G)=P(cluster8=0)[0.8] * P(cluster1=0|cluster2=0) * P(cluster9=1|cluster6=0) * P(cluster7=1|cluster10=0) * P(cluster10=0|cluster6=0) * P(cluster6=0|cluster2=0) * P(cluster2=0|cluster3=0) * P(cluster3=0|cluster8=0)[0.0131072]=0.0104858
binkey=8 [Edge status: 0 0 0 1 0 0 0 0 ] P(G)=P(cluster8=0)[0.8] * P(cluster1=1|cluster2=0) * P(cluster9=0|cluster6=0) * P(cluster7=0|cluster10=0) * P(cluster10=0|cluster6=0) * P(cluster6=0|cluster2=0) * P(cluster2=0|cluster3=0) * P(cluster3=0|cluster8=0)[0.0524288]=0.041943
binkey=2 [Edge status: 0 1 0 0 0 0 0 0 ] P(G)=P(cluster8=0)[0.8] * P(cluster1=0|cluster2=0) * P(cluster9=0|cluster6=0) * P(cluster7=0|cluster10=0) * P(cluster10=0|cluster6=0) * P(cluster6=0|cluster2=0) * P(cluster2=0|cluster3=1) * P(cluster3=1|cluster8=0)[0.0131072]=0.0104858
binkey=40 [Edge status: 0 0 0 1 0 1 0 0 ] P(G)=P(cluster8=0)[0.8] * P(cluster1=1|cluster2=0) * P(cluster9=1|cluster6=0) * P(cluster7=0|cluster10=0) * P(cluster10=0|cluster6=0) * P(cluster6=0|cluster2=0) * P(cluster2=0|cluster3=0) * P(cluster3=0|cluster8=0)[0.0131072]=0.0104858
binkey=224 [Edge status: 0 0 0 0 0 1 1 1 ] P(G)=P(cluster8=0)[0.8] * P(cluster1=0|cluster2=0) * P(cluster9=1|cluster6=0) * P(cluster7=1|cluster10=1) * P(cluster10=1|cluster6=0) * P(cluster6=0|cluster2=0) * P(cluster2=0|cluster3=0) * P(cluster3=0|cluster8=0)[0.0131072]=0.0104858
binkey=3 [Edge status: 1 1 0 0 0 0 0 0 ] P(G)=P(cluster8=1)[0.2] * P(cluster1=0|cluster2=0) * P(cluster9=0|cluster6=0) * P(cluster7=0|cluster10=0) * P(cluster10=0|cluster6=0) * P(cluster6=0|cluster2=0) * P(cluster2=0|cluster3=1) * P(cluster3=1|cluster8=1)[0.0524288]=0.0104858
binkey=7 [Edge status: 1 1 1 0 0 0 0 0 ] P(G)=P(cluster8=1)[0.2] * P(cluster1=0|cluster2=1) * P(cluster9=0|cluster6=0) * P(cluster7=0|cluster10=0) * P(cluster10=0|cluster6=0) * P(cluster6=0|cluster2=1) * P(cluster2=1|cluster3=1) * P(cluster3=1|cluster8=1)[0.0131072]=0.00262144
binkey=136 [Edge status: 0 0 0 1 0 0 0 1 ] P(G)=P(cluster8=0)[0.8] * P(cluster1=1|cluster2=0) * P(cluster9=0|cluster6=0) * P(cluster7=1|cluster10=0) * P(cluster10=0|cluster6=0) * P(cluster6=0|cluster2=0) * P(cluster2=0|cluster3=0) * P(cluster3=0|cluster8=0)[0.0131072]=0.0104858
binkey=23 [Edge status: 1 1 1 0 1 0 0 0 ] P(G)=P(cluster8=1)[0.2] * P(cluster1=0|cluster2=1) * P(cluster9=0|cluster6=1) * P(cluster7=0|cluster10=0) * P(cluster10=0|cluster6=1) * P(cluster6=1|cluster2=1) * P(cluster2=1|cluster3=1) * P(cluster3=1|cluster8=1)[0.0032768]=0.00065536
binkey=200 [Edge status: 0 0 0 1 0 0 1 1 ] P(G)=P(cluster8=0)[0.8] * P(cluster1=1|cluster2=0) * P(cluster9=0|cluster6=0) * P(cluster7=1|cluster10=1) * P(cluster10=1|cluster6=0) * P(cluster6=0|cluster2=0) * P(cluster2=0|cluster3=0) * P(cluster3=0|cluster8=0)[0.0131072]=0.0104858
binkey=55 [Edge status: 1 1 1 0 1 1 0 0 ] P(G)=P(cluster8=1)[0.2] * P(cluster1=0|cluster2=1) * P(cluster9=1|cluster6=1) * P(cluster7=0|cluster10=0) * P(cluster10=0|cluster6=1) * P(cluster6=1|cluster2=1) * P(cluster2=1|cluster3=1) * P(cluster3=1|cluster8=1)[0.0131072]=0.00262144
binkey=240 [Edge status: 0 0 0 0 1 1 1 1 ] P(G)=P(cluster8=0)[0.8] * P(cluster1=0|cluster2=0) * P(cluster9=1|cluster6=1) * P(cluster7=1|cluster10=1) * P(cluster10=1|cluster6=1) * P(cluster6=1|cluster2=0) * P(cluster2=0|cluster3=0) * P(cluster3=0|cluster8=0)[0.0524288]=0.041943
binkey=63 [Edge status: 1 1 1 1 1 1 0 0 ] P(G)=P(cluster8=1)[0.2] * P(cluster1=1|cluster2=1) * P(cluster9=1|cluster6=1) * P(cluster7=0|cluster10=0) * P(cluster10=0|cluster6=1) * P(cluster6=1|cluster2=1) * P(cluster2=1|cluster3=1) * P(cluster3=1|cluster8=1)[0.0524288]=0.0104858
binkey=31 [Edge status: 1 1 1 1 1 0 0 0 ] P(G)=P(cluster8=1)[0.2] * P(cluster1=1|cluster2=1) * P(cluster9=0|cluster6=1) * P(cluster7=0|cluster10=0) * P(cluster10=0|cluster6=1) * P(cluster6=1|cluster2=1) * P(cluster2=1|cluster3=1) * P(cluster3=1|cluster8=1)[0.0131072]=0.00262144
binkey=15 [Edge status: 1 1 1 1 0 0 0 0 ] P(G)=P(cluster8=1)[0.2] * P(cluster1=1|cluster2=1) * P(cluster9=0|cluster6=0) * P(cluster7=0|cluster10=0) * P(cluster10=0|cluster6=0) * P(cluster6=0|cluster2=1) * P(cluster2=1|cluster3=1) * P(cluster3=1|cluster8=1)[0.0524288]=0.0104858
binkey=168 [Edge status: 0 0 0 1 0 1 0 1 ] P(G)=P(cluster8=0)[0.8] * P(cluster1=1|cluster2=0) * P(cluster9=1|cluster6=0) * P(cluster7=1|cluster10=0) * P(cluster10=0|cluster6=0) * P(cluster6=0|cluster2=0) * P(cluster2=0|cluster3=0) * P(cluster3=0|cluster8=0)[0.0032768]=0.00262144
binkey=232 [Edge status: 0 0 0 1 0 1 1 1 ] P(G)=P(cluster8=0)[0.8] * P(cluster1=1|cluster2=0) * P(cluster9=1|cluster6=0) * P(cluster7=1|cluster10=1) * P(cluster10=1|cluster6=0) * P(cluster6=0|cluster2=0) * P(cluster2=0|cluster3=0) * P(cluster3=0|cluster8=0)[0.0032768]=0.00262144
binkey=248 [Edge status: 0 0 0 1 1 1 1 1 ] P(G)=P(cluster8=0)[0.8] * P(cluster1=1|cluster2=0) * P(cluster9=1|cluster6=1) * P(cluster7=1|cluster10=1) * P(cluster10=1|cluster6=1) * P(cluster6=1|cluster2=0) * P(cluster2=0|cluster3=0) * P(cluster3=0|cluster8=0)[0.0131072]=0.0104858
binkey=247 [Edge status: 1 1 1 0 1 1 1 1 ] P(G)=P(cluster8=1)[0.2] * P(cluster1=0|cluster2=1) * P(cluster9=1|cluster6=1) * P(cluster7=1|cluster10=1) * P(cluster10=1|cluster6=1) * P(cluster6=1|cluster2=1) * P(cluster2=1|cluster3=1) * P(cluster3=1|cluster8=1)[0.0524288]=0.0104858
binkey=119 [Edge status: 1 1 1 0 1 1 1 0 ] P(G)=P(cluster8=1)[0.2] * P(cluster1=0|cluster2=1) * P(cluster9=1|cluster6=1) * P(cluster7=0|cluster10=1) * P(cluster10=1|cluster6=1) * P(cluster6=1|cluster2=1) * P(cluster2=1|cluster3=1) * P(cluster3=1|cluster8=1)[0.0131072]=0.00262144
binkey=215 [Edge status: 1 1 1 0 1 0 1 1 ] P(G)=P(cluster8=1)[0.2] * P(cluster1=0|cluster2=1) * P(cluster9=0|cluster6=1) * P(cluster7=1|cluster10=1) * P(cluster10=1|cluster6=1) * P(cluster6=1|cluster2=1) * P(cluster2=1|cluster3=1) * P(cluster3=1|cluster8=1)[0.0131072]=0.00262144
binkey=87 [Edge status: 1 1 1 0 1 0 1 0 ] P(G)=P(cluster8=1)[0.2] * P(cluster1=0|cluster2=1) * P(cluster9=0|cluster6=1) * P(cluster7=0|cluster10=1) * P(cluster10=1|cluster6=1) * P(cluster6=1|cluster2=1) * P(cluster2=1|cluster3=1) * P(cluster3=1|cluster8=1)[0.0032768]=0.00065536
ITERATION 0 newScore=-2.69621e+06 diffscore=21787.4 priorChange=-110.904 successMove=62
ITERATION 1 newScore=-2.68839e+06 diffscore=7812.41 priorChange=-119.221 successMove=56
ITERATION 2 newScore=-2.67986e+06 diffscore=8530.97 priorChange=-106.745 successMove=52
ITERATION 3 newScore=-2.67662e+06 diffscore=3244.12 priorChange=-109.517 successMove=52
ITERATION 4 newScore=-2.66852e+06 diffscore=8095.16 priorChange=-109.517 successMove=60
ITERATION 5 newScore=-2.66457e+06 diffscore=3951.44 priorChange=-110.904 successMove=50
ITERATION 6 newScore=-2.66009e+06 diffscore=4480.73 priorChange=-116.449 successMove=52
ITERATION 7 newScore=-2.65617e+06 diffscore=3922.63 priorChange=-119.221 successMove=51
ITERATION 8 newScore=-2.65382e+06 diffscore=2349.54 priorChange=-112.29 successMove=53
ITERATION 9 newScore=-2.64817e+06 diffscore=5647.88 priorChange=-115.062 successMove=53
ITERATION 10 newScore=-2.64569e+06 diffscore=2479.13 priorChange=-138.629 successMove=54
ITERATION 11 newScore=-2.64471e+06 diffscore=984.576 priorChange=-119.221 successMove=50
ITERATION 12 newScore=-2.6426e+06 diffscore=2105.79 priorChange=-109.517 successMove=51
ITERATION 13 newScore=-2.6411e+06 diffscore=1500.39 priorChange=-117.835 successMove=51
ITERATION 14 newScore=-2.63679e+06 diffscore=4314.67 priorChange=-110.904 successMove=49
ITERATION 15 newScore=-2.63473e+06 diffscore=2060.17 priorChange=-110.904 successMove=51
ITERATION 16 newScore=-2.63143e+06 diffscore=3298.95 priorChange=-103.972 successMove=52
ITERATION 17 newScore=-2.62804e+06 diffscore=3385.02 priorChange=-119.221 successMove=51
ITERATION 18 newScore=-2.62756e+06 diffscore=482.23 priorChange=-128.925 successMove=50
ITERATION 19 newScore=-2.62713e+06 diffscore=430.669 priorChange=-112.29 successMove=50
ITERATION 20 newScore=-2.62671e+06 diffscore=423.88 priorChange=-120.608 successMove=50
ITERATION 21 newScore=-2.62625e+06 diffscore=451.162 priorChange=-117.835 successMove=51
ITERATION 22 newScore=-2.62581e+06 diffscore=444.511 priorChange=-124.766 successMove=49
ITERATION 23 newScore=-2.62534e+06 diffscore=471.382 priorChange=-106.745 successMove=49
ITERATION 24 newScore=-2.62469e+06 diffscore=647.917 priorChange=-105.358 successMove=48
ITERATION 25 newScore=-2.62423e+06 diffscore=464.774 priorChange=-103.972 successMove=47
ITERATION 26 newScore=-2.62235e+06 diffscore=1873.63 priorChange=-110.904 successMove=47
ITERATION 27 newScore=-2.62195e+06 diffscore=402.261 priorChange=-112.29 successMove=48
ITERATION 28 newScore=-2.62026e+06 diffscore=1692.76 priorChange=-112.29 successMove=47
ITERATION 29 newScore=-2.6198e+06 diffscore=457.306 priorChange=-112.29 successMove=48
ITERATION 30 newScore=-2.61917e+06 diffscore=630.225 priorChange=-95.6543 successMove=47
ITERATION 31 newScore=-2.61521e+06 diffscore=3957.33 priorChange=-102.586 successMove=48
ITERATION 32 newScore=-2.61484e+06 diffscore=375.801 priorChange=-99.8132 successMove=52
ITERATION 33 newScore=-2.61447e+06 diffscore=369.138 priorChange=-103.972 successMove=48
ITERATION 34 newScore=-2.61402e+06 diffscore=449.296 priorChange=-116.449 successMove=47
ITERATION 35 newScore=-2.61338e+06 diffscore=641.865 priorChange=-99.8132 successMove=47
ITERATION 36 newScore=-2.61137e+06 diffscore=2010.3 priorChange=-99.8132 successMove=46
ITERATION 37 newScore=-2.6097e+06 diffscore=1662.89 priorChange=-90.1091 successMove=46
ITERATION 38 newScore=-2.60924e+06 diffscore=466.823 priorChange=-79.0188 successMove=47
ITERATION 39 newScore=-2.60719e+06 diffscore=2042.25 priorChange=-105.358 successMove=47
ITERATION 40 newScore=-2.60546e+06 diffscore=1732.62 priorChange=-98.4269 successMove=45
ITERATION 41 newScore=-2.60375e+06 diffscore=1706.02 priorChange=-95.6543 successMove=45
ITERATION 42 newScore=-2.60155e+06 diffscore=2200.42 priorChange=-101.199 successMove=45
ITERATION 43 newScore=-2.6007e+06 diffscore=852.377 priorChange=-85.9503 successMove=46
ITERATION 44 newScore=-2.59749e+06 diffscore=3213.95 priorChange=-97.0406 successMove=47
ITERATION 45 newScore=-2.5941e+06 diffscore=3390.64 priorChange=-108.131 successMove=46
ITERATION 46 newScore=-2.59386e+06 diffscore=240.017 priorChange=-95.6543 successMove=43
ITERATION 47 newScore=-2.59359e+06 diffscore=264.407 priorChange=-106.745 successMove=42
ITERATION 48 newScore=-2.59334e+06 diffscore=249.688 priorChange=-81.7914 successMove=39
ITERATION 49 newScore=-2.593e+06 diffscore=344.651 priorChange=-79.0188 successMove=40
ITERATION 50 newScore=-2.59152e+06 diffscore=1476.46 priorChange=-74.8599 successMove=40
ITERATION 51 newScore=-2.59125e+06 diffscore=274.725 priorChange=-76.2462 successMove=37
ITERATION 52 newScore=-2.5907e+06 diffscore=552.169 priorChange=-66.5421 successMove=36
ITERATION 53 newScore=-2.58972e+06 diffscore=973.209 priorChange=-66.5421 successMove=36
ITERATION 54 newScore=-2.58925e+06 diffscore=471.29 priorChange=-70.701 successMove=35
ITERATION 55 newScore=-2.58752e+06 diffscore=1728.68 priorChange=-74.8599 successMove=35
ITERATION 56 newScore=-2.58667e+06 diffscore=847.311 priorChange=-62.3832 successMove=36
ITERATION 57 newScore=-2.58479e+06 diffscore=1883.46 priorChange=-73.4736 successMove=35
ITERATION 58 newScore=-2.58364e+06 diffscore=1148.17 priorChange=-58.2244 successMove=33
ITERATION 59 newScore=-2.58348e+06 diffscore=161.774 priorChange=-56.8381 successMove=32
ITERATION 60 newScore=-2.58333e+06 diffscore=153.995 priorChange=-56.8381 successMove=31
ITERATION 61 newScore=-2.58181e+06 diffscore=1522.09 priorChange=-52.6792 successMove=30
ITERATION 62 newScore=-2.58164e+06 diffscore=163.815 priorChange=-51.2929 successMove=28
ITERATION 63 newScore=-2.58148e+06 diffscore=160.773 priorChange=-51.2929 successMove=28
ITERATION 64 newScore=-2.58125e+06 diffscore=235.688 priorChange=-47.134 successMove=26
ITERATION 65 newScore=-2.58093e+06 diffscore=314.781 priorChange=-52.6792 successMove=26
ITERATION 66 newScore=-2.57987e+06 diffscore=1062.88 priorChange=-44.3614 successMove=25
ITERATION 67 newScore=-2.57773e+06 diffscore=2136.5 priorChange=-41.5888 successMove=23
ITERATION 68 newScore=-2.5776e+06 diffscore=127.523 priorChange=-47.134 successMove=23
ITERATION 69 newScore=-2.57743e+06 diffscore=174.459 priorChange=-52.6792 successMove=23
ITERATION 70 newScore=-2.57579e+06 diffscore=1637.92 priorChange=-40.2025 successMove=23
ITERATION 71 newScore=-2.57563e+06 diffscore=158.003 priorChange=-42.9751 successMove=22
ITERATION 72 newScore=-2.57542e+06 diffscore=209.468 priorChange=-37.4299 successMove=21
ITERATION 73 newScore=-2.57514e+06 diffscore=285.645 priorChange=-48.5203 successMove=20
ITERATION 74 newScore=-2.57224e+06 diffscore=2897.61 priorChange=-33.2711 successMove=19
ITERATION 75 newScore=-2.57178e+06 diffscore=456.87 priorChange=-34.6574 successMove=19
ITERATION 76 newScore=-2.57168e+06 diffscore=99.4606 priorChange=-37.4299 successMove=17
ITERATION 77 newScore=-2.57158e+06 diffscore=101.09 priorChange=-36.0437 successMove=16
ITERATION 78 newScore=-2.57043e+06 diffscore=1151.35 priorChange=-19.4081 successMove=14
ITERATION 79 newScore=-2.57038e+06 diffscore=55.9078 priorChange=-29.1122 successMove=14
ITERATION 80 newScore=-2.57033e+06 diffscore=47.7611 priorChange=-22.1807 successMove=14
ITERATION 81 newScore=-2.57027e+06 diffscore=53.6967 priorChange=-24.9533 successMove=13
ITERATION 82 newScore=-2.57022e+06 diffscore=55.4592 priorChange=-24.9533 successMove=14
ITERATION 83 newScore=-2.57015e+06 diffscore=70.3574 priorChange=-22.1807 successMove=13
ITERATION 84 newScore=-2.57008e+06 diffscore=67.5697 priorChange=-29.1122 successMove=13
ITERATION 85 newScore=-2.56998e+06 diffscore=98.7733 priorChange=-16.6355 successMove=13
ITERATION 86 newScore=-2.56977e+06 diffscore=207.427 priorChange=-22.1807 successMove=12
ITERATION 87 newScore=-2.56849e+06 diffscore=1288.21 priorChange=-22.1807 successMove=11
ITERATION 88 newScore=-2.56844e+06 diffscore=45.9742 priorChange=-19.4081 successMove=10
ITERATION 89 newScore=-2.56841e+06 diffscore=33.5741 priorChange=-13.8629 successMove=9
ITERATION 90 newScore=-2.56836e+06 diffscore=45.0028 priorChange=-13.8629 successMove=9
ITERATION 91 newScore=-2.56832e+06 diffscore=46.6572 priorChange=-23.567 successMove=9
ITERATION 92 newScore=-2.56828e+06 diffscore=34.1246 priorChange=-18.0218 successMove=9
ITERATION 93 newScore=-2.56825e+06 diffscore=33.8409 priorChange=-13.8629 successMove=8
ITERATION 94 newScore=-2.56822e+06 diffscore=28.8778 priorChange=-15.2492 successMove=6
ITERATION 95 newScore=-2.56819e+06 diffscore=29.034 priorChange=-13.8629 successMove=6
ITERATION 96 newScore=-2.56816e+06 diffscore=30.6085 priorChange=-12.4766 successMove=6
ITERATION 97 newScore=-2.56813e+06 diffscore=29.6463 priorChange=-8.31777 successMove=6
ITERATION 98 newScore=-2.5681e+06 diffscore=30.9434 priorChange=-11.0904 successMove=5
ITERATION 99 newScore=-2.56805e+06 diffscore=50.7136 priorChange=-13.8629 successMove=5
MetaLearner::dumpAllGraphs
Final Score -2.56805e+06
MetaLearner::start runtime: 1281950277 ms
Results/
Results/cluster10/
Results/cluster10/fold0/
Results/cluster10/fold0/modelparams.txt
Results/cluster10/fold0/var_mb_pw_k50.txt
Results/cluster1/
Results/cluster1/fold0/
Results/cluster1/fold0/modelparams.txt
Results/cluster1/fold0/var_mb_pw_k50.txt
Results/cluster6/
Results/cluster6/fold0/
Results/cluster6/fold0/modelparams.txt
Results/cluster6/fold0/var_mb_pw_k50.txt
Results/cluster9/
Results/cluster9/fold0/
Results/cluster9/fold0/modelparams.txt
Results/cluster9/fold0/var_mb_pw_k50.txt
Results/cluster2/
Results/cluster2/fold0/
Results/cluster2/fold0/modelparams.txt
Results/cluster2/fold0/var_mb_pw_k50.txt
Results/cluster7/
Results/cluster7/fold0/
Results/cluster7/fold0/modelparams.txt
Results/cluster7/fold0/var_mb_pw_k50.txt
Results/cluster3/
Results/cluster3/fold0/
Results/cluster3/fold0/modelparams.txt
Results/cluster3/fold0/var_mb_pw_k50.txt
Results/cluster8/
Results/cluster8/scoreFile.txt
Results/cluster8/fold0/
Results/cluster8/fold0/modelparams.txt
Results/cluster8/fold0/var_mb_pw_k50.txt
