./CVN -f config_condor.txt -x50 -v1 -l TFs_OGs.txt -n AllGenes40.txt -d celltype_tree_ancestor.txt -m testdata_ogids.txt -s celltype_order.txt -p 0.2 -c yes -b -4 -q 4
(cluster3|cluster8) p_maintain_edge=0.8 p_gain=0.2
(cluster2|cluster3) p_maintain_edge=0.8 p_gain=0.2
(cluster1|cluster2) p_maintain_edge=0.8 p_gain=0.2
(cluster6|cluster2) p_maintain_edge=0.8 p_gain=0.2
(cluster9|cluster6) p_maintain_edge=0.8 p_gain=0.2
(cluster10|cluster6) p_maintain_edge=0.8 p_gain=0.2
(cluster7|cluster10) p_maintain_edge=0.8 p_gain=0.2
speciesSet.size()=8 Root is cluster8
MappedOrthogroupReader::readSpeciesMapping() --- celltype_order.txt
MappedOrthogroupReader::readFile - testdata_ogids.txt
MappedOrthogroupReader::generateGeneOrthoMap()
MetaLearner::init_onefold() read:config_condor.txt
MetaLearner::setinputVariableNames number of variables: 2042
readEvidenceTable:cluster8.table
PotentialManager::loadEvidenceFromTable varCount=2042 sampleCount=348
motifNetwork.size() = 319
0=cluster8 motifNetwork=cluster8_network.txt
variable size=2042
readEvidenceTable:cluster3.table
PotentialManager::loadEvidenceFromTable varCount=2042 sampleCount=95
motifNetwork.size() = 326
1=cluster3 motifNetwork=cluster3_network.txt
variable size=2042
readEvidenceTable:cluster2.table
PotentialManager::loadEvidenceFromTable varCount=2042 sampleCount=386
motifNetwork.size() = 328
2=cluster2 motifNetwork=cluster2_network.txt
variable size=2042
readEvidenceTable:cluster1.table
PotentialManager::loadEvidenceFromTable varCount=2042 sampleCount=36
motifNetwork.size() = 322
3=cluster1 motifNetwork=cluster1_network.txt
variable size=2042
readEvidenceTable:cluster6.table
PotentialManager::loadEvidenceFromTable varCount=2042 sampleCount=524
motifNetwork.size() = 320
4=cluster6 motifNetwork=cluster6_network.txt
variable size=2042
readEvidenceTable:cluster9.table
PotentialManager::loadEvidenceFromTable varCount=2042 sampleCount=184
motifNetwork.size() = 327
5=cluster9 motifNetwork=cluster9_network.txt
variable size=2042
readEvidenceTable:cluster10.table
PotentialManager::loadEvidenceFromTable varCount=2042 sampleCount=165
motifNetwork.size() = 326
6=cluster10 motifNetwork=cluster10_network.txt
variable size=2042
readEvidenceTable:cluster7.table
PotentialManager::loadEvidenceFromTable varCount=2042 sampleCount=1032
motifNetwork.size() = 320
7=cluster7 motifNetwork=cluster7_network.txt
variable size=2042
-------------------------------------------------------------
MetaLearner::start
precomputeEmptyGraphPrior
binkey=0 [Edge status: 0 0 0 0 0 0 0 0 ] P(G)=P(cluster8=0)[0.8] * P(cluster1=0|cluster2=0) * P(cluster9=0|cluster6=0) * P(cluster7=0|cluster10=0) * P(cluster10=0|cluster6=0) * P(cluster6=0|cluster2=0) * P(cluster2=0|cluster3=0) * P(cluster3=0|cluster8=0)[0.209715]=0.167772
condsetMap_Tree
0 cluster8=0 cluster3=0 cluster2=0 cluster1=0 cluster6=0 cluster9=0 cluster10=0 cluster7=1
1 cluster8=0 cluster3=0 cluster2=0 cluster1=0 cluster6=0 cluster9=1 cluster10=0 cluster7=0
2 cluster8=0 cluster3=0 cluster2=0 cluster1=0 cluster6=0 cluster9=1 cluster10=0 cluster7=1
3 cluster8=0 cluster3=0 cluster2=0 cluster1=1 cluster6=0 cluster9=0 cluster10=0 cluster7=0
4 cluster8=0 cluster3=0 cluster2=0 cluster1=1 cluster6=0 cluster9=0 cluster10=0 cluster7=1
5 cluster8=0 cluster3=0 cluster2=0 cluster1=1 cluster6=0 cluster9=1 cluster10=0 cluster7=0
6 cluster8=0 cluster3=0 cluster2=0 cluster1=1 cluster6=0 cluster9=1 cluster10=0 cluster7=1
7 cluster8=0 cluster3=0 cluster2=0 cluster1=0 cluster6=0 cluster9=0 cluster10=1 cluster7=1
8 cluster8=0 cluster3=0 cluster2=0 cluster1=0 cluster6=0 cluster9=1 cluster10=1 cluster7=1
9 cluster8=0 cluster3=0 cluster2=0 cluster1=1 cluster6=0 cluster9=0 cluster10=1 cluster7=1
10 cluster8=0 cluster3=0 cluster2=0 cluster1=1 cluster6=0 cluster9=1 cluster10=1 cluster7=1
11 cluster8=0 cluster3=0 cluster2=0 cluster1=0 cluster6=1 cluster9=1 cluster10=1 cluster7=1
12 cluster8=0 cluster3=0 cluster2=0 cluster1=1 cluster6=1 cluster9=1 cluster10=1 cluster7=1
13 cluster8=0 cluster3=0 cluster2=1 cluster1=1 cluster6=1 cluster9=1 cluster10=1 cluster7=1
14 cluster8=0 cluster3=1 cluster2=1 cluster1=1 cluster6=1 cluster9=1 cluster10=1 cluster7=1
15 cluster8=1 cluster3=1 cluster2=1 cluster1=1 cluster6=1 cluster9=1 cluster10=1 cluster7=1
16 cluster8=1 cluster3=1 cluster2=1 cluster1=1 cluster6=1 cluster9=1 cluster10=1 cluster7=0
17 cluster8=1 cluster3=1 cluster2=1 cluster1=1 cluster6=1 cluster9=0 cluster10=1 cluster7=1
18 cluster8=1 cluster3=1 cluster2=1 cluster1=1 cluster6=1 cluster9=0 cluster10=1 cluster7=0
19 cluster8=1 cluster3=1 cluster2=1 cluster1=0 cluster6=1 cluster9=1 cluster10=1 cluster7=1
20 cluster8=1 cluster3=1 cluster2=1 cluster1=0 cluster6=1 cluster9=1 cluster10=1 cluster7=0
21 cluster8=1 cluster3=1 cluster2=1 cluster1=0 cluster6=1 cluster9=0 cluster10=1 cluster7=1
22 cluster8=1 cluster3=1 cluster2=1 cluster1=0 cluster6=1 cluster9=0 cluster10=1 cluster7=0
23 cluster8=1 cluster3=1 cluster2=1 cluster1=1 cluster6=1 cluster9=1 cluster10=0 cluster7=0
24 cluster8=1 cluster3=1 cluster2=1 cluster1=1 cluster6=1 cluster9=0 cluster10=0 cluster7=0
25 cluster8=1 cluster3=1 cluster2=1 cluster1=0 cluster6=1 cluster9=1 cluster10=0 cluster7=0
26 cluster8=1 cluster3=1 cluster2=1 cluster1=0 cluster6=1 cluster9=0 cluster10=0 cluster7=0
27 cluster8=1 cluster3=1 cluster2=1 cluster1=1 cluster6=0 cluster9=0 cluster10=0 cluster7=0
28 cluster8=1 cluster3=1 cluster2=1 cluster1=0 cluster6=0 cluster9=0 cluster10=0 cluster7=0
29 cluster8=1 cluster3=1 cluster2=0 cluster1=0 cluster6=0 cluster9=0 cluster10=0 cluster7=0
30 cluster8=1 cluster3=0 cluster2=0 cluster1=0 cluster6=0 cluster9=0 cluster10=0 cluster7=0
31 cluster8=0 cluster3=0 cluster2=0 cluster1=0 cluster6=1 cluster9=0 cluster10=0 cluster7=0
32 cluster8=0 cluster3=0 cluster2=1 cluster1=0 cluster6=0 cluster9=0 cluster10=0 cluster7=0
33 cluster8=0 cluster3=0 cluster2=0 cluster1=0 cluster6=0 cluster9=0 cluster10=1 cluster7=0
34 cluster8=0 cluster3=1 cluster2=0 cluster1=0 cluster6=0 cluster9=0 cluster10=0 cluster7=0
inputRegulatorOGs.size() = 1999 inputOGList.size() = 50
binkey=1 [Edge status: 1 0 0 0 0 0 0 0 ] P(G)=P(cluster8=1)[0.2] * P(cluster1=0|cluster2=0) * P(cluster9=0|cluster6=0) * P(cluster7=0|cluster10=0) * P(cluster10=0|cluster6=0) * P(cluster6=0|cluster2=0) * P(cluster2=0|cluster3=0) * P(cluster3=0|cluster8=1)[0.0524288]=0.0104858
binkey=32 [Edge status: 0 0 0 0 0 1 0 0 ] P(G)=P(cluster8=0)[0.8] * P(cluster1=0|cluster2=0) * P(cluster9=1|cluster6=0) * P(cluster7=0|cluster10=0) * P(cluster10=0|cluster6=0) * P(cluster6=0|cluster2=0) * P(cluster2=0|cluster3=0) * P(cluster3=0|cluster8=0)[0.0524288]=0.041943
binkey=2 [Edge status: 0 1 0 0 0 0 0 0 ] P(G)=P(cluster8=0)[0.8] * P(cluster1=0|cluster2=0) * P(cluster9=0|cluster6=0) * P(cluster7=0|cluster10=0) * P(cluster10=0|cluster6=0) * P(cluster6=0|cluster2=0) * P(cluster2=0|cluster3=1) * P(cluster3=1|cluster8=0)[0.0131072]=0.0104858
binkey=8 [Edge status: 0 0 0 1 0 0 0 0 ] P(G)=P(cluster8=0)[0.8] * P(cluster1=1|cluster2=0) * P(cluster9=0|cluster6=0) * P(cluster7=0|cluster10=0) * P(cluster10=0|cluster6=0) * P(cluster6=0|cluster2=0) * P(cluster2=0|cluster3=0) * P(cluster3=0|cluster8=0)[0.0524288]=0.041943
binkey=16 [Edge status: 0 0 0 0 1 0 0 0 ] P(G)=P(cluster8=0)[0.8] * P(cluster1=0|cluster2=0) * P(cluster9=0|cluster6=1) * P(cluster7=0|cluster10=0) * P(cluster10=0|cluster6=1) * P(cluster6=1|cluster2=0) * P(cluster2=0|cluster3=0) * P(cluster3=0|cluster8=0)[0.0032768]=0.00262144
binkey=128 [Edge status: 0 0 0 0 0 0 0 1 ] P(G)=P(cluster8=0)[0.8] * P(cluster1=0|cluster2=0) * P(cluster9=0|cluster6=0) * P(cluster7=1|cluster10=0) * P(cluster10=0|cluster6=0) * P(cluster6=0|cluster2=0) * P(cluster2=0|cluster3=0) * P(cluster3=0|cluster8=0)[0.0524288]=0.041943
binkey=64 [Edge status: 0 0 0 0 0 0 1 0 ] P(G)=P(cluster8=0)[0.8] * P(cluster1=0|cluster2=0) * P(cluster9=0|cluster6=0) * P(cluster7=0|cluster10=1) * P(cluster10=1|cluster6=0) * P(cluster6=0|cluster2=0) * P(cluster2=0|cluster3=0) * P(cluster3=0|cluster8=0)[0.0131072]=0.0104858
binkey=4 [Edge status: 0 0 1 0 0 0 0 0 ] P(G)=P(cluster8=0)[0.8] * P(cluster1=0|cluster2=1) * P(cluster9=0|cluster6=0) * P(cluster7=0|cluster10=0) * P(cluster10=0|cluster6=0) * P(cluster6=0|cluster2=1) * P(cluster2=1|cluster3=0) * P(cluster3=0|cluster8=0)[0.0032768]=0.00262144
binkey=40 [Edge status: 0 0 0 1 0 1 0 0 ] P(G)=P(cluster8=0)[0.8] * P(cluster1=1|cluster2=0) * P(cluster9=1|cluster6=0) * P(cluster7=0|cluster10=0) * P(cluster10=0|cluster6=0) * P(cluster6=0|cluster2=0) * P(cluster2=0|cluster3=0) * P(cluster3=0|cluster8=0)[0.0131072]=0.0104858
binkey=160 [Edge status: 0 0 0 0 0 1 0 1 ] P(G)=P(cluster8=0)[0.8] * P(cluster1=0|cluster2=0) * P(cluster9=1|cluster6=0) * P(cluster7=1|cluster10=0) * P(cluster10=0|cluster6=0) * P(cluster6=0|cluster2=0) * P(cluster2=0|cluster3=0) * P(cluster3=0|cluster8=0)[0.0131072]=0.0104858
binkey=192 [Edge status: 0 0 0 0 0 0 1 1 ] P(G)=P(cluster8=0)[0.8] * P(cluster1=0|cluster2=0) * P(cluster9=0|cluster6=0) * P(cluster7=1|cluster10=1) * P(cluster10=1|cluster6=0) * P(cluster6=0|cluster2=0) * P(cluster2=0|cluster3=0) * P(cluster3=0|cluster8=0)[0.0524288]=0.041943
binkey=136 [Edge status: 0 0 0 1 0 0 0 1 ] P(G)=P(cluster8=0)[0.8] * P(cluster1=1|cluster2=0) * P(cluster9=0|cluster6=0) * P(cluster7=1|cluster10=0) * P(cluster10=0|cluster6=0) * P(cluster6=0|cluster2=0) * P(cluster2=0|cluster3=0) * P(cluster3=0|cluster8=0)[0.0131072]=0.0104858
binkey=3 [Edge status: 1 1 0 0 0 0 0 0 ] P(G)=P(cluster8=1)[0.2] * P(cluster1=0|cluster2=0) * P(cluster9=0|cluster6=0) * P(cluster7=0|cluster10=0) * P(cluster10=0|cluster6=0) * P(cluster6=0|cluster2=0) * P(cluster2=0|cluster3=1) * P(cluster3=1|cluster8=1)[0.0524288]=0.0104858
binkey=168 [Edge status: 0 0 0 1 0 1 0 1 ] P(G)=P(cluster8=0)[0.8] * P(cluster1=1|cluster2=0) * P(cluster9=1|cluster6=0) * P(cluster7=1|cluster10=0) * P(cluster10=0|cluster6=0) * P(cluster6=0|cluster2=0) * P(cluster2=0|cluster3=0) * P(cluster3=0|cluster8=0)[0.0032768]=0.00262144
binkey=224 [Edge status: 0 0 0 0 0 1 1 1 ] P(G)=P(cluster8=0)[0.8] * P(cluster1=0|cluster2=0) * P(cluster9=1|cluster6=0) * P(cluster7=1|cluster10=1) * P(cluster10=1|cluster6=0) * P(cluster6=0|cluster2=0) * P(cluster2=0|cluster3=0) * P(cluster3=0|cluster8=0)[0.0131072]=0.0104858
binkey=200 [Edge status: 0 0 0 1 0 0 1 1 ] P(G)=P(cluster8=0)[0.8] * P(cluster1=1|cluster2=0) * P(cluster9=0|cluster6=0) * P(cluster7=1|cluster10=1) * P(cluster10=1|cluster6=0) * P(cluster6=0|cluster2=0) * P(cluster2=0|cluster3=0) * P(cluster3=0|cluster8=0)[0.0131072]=0.0104858
binkey=232 [Edge status: 0 0 0 1 0 1 1 1 ] P(G)=P(cluster8=0)[0.8] * P(cluster1=1|cluster2=0) * P(cluster9=1|cluster6=0) * P(cluster7=1|cluster10=1) * P(cluster10=1|cluster6=0) * P(cluster6=0|cluster2=0) * P(cluster2=0|cluster3=0) * P(cluster3=0|cluster8=0)[0.0032768]=0.00262144
binkey=7 [Edge status: 1 1 1 0 0 0 0 0 ] P(G)=P(cluster8=1)[0.2] * P(cluster1=0|cluster2=1) * P(cluster9=0|cluster6=0) * P(cluster7=0|cluster10=0) * P(cluster10=0|cluster6=0) * P(cluster6=0|cluster2=1) * P(cluster2=1|cluster3=1) * P(cluster3=1|cluster8=1)[0.0131072]=0.00262144
binkey=240 [Edge status: 0 0 0 0 1 1 1 1 ] P(G)=P(cluster8=0)[0.8] * P(cluster1=0|cluster2=0) * P(cluster9=1|cluster6=1) * P(cluster7=1|cluster10=1) * P(cluster10=1|cluster6=1) * P(cluster6=1|cluster2=0) * P(cluster2=0|cluster3=0) * P(cluster3=0|cluster8=0)[0.0524288]=0.041943
binkey=23 [Edge status: 1 1 1 0 1 0 0 0 ] P(G)=P(cluster8=1)[0.2] * P(cluster1=0|cluster2=1) * P(cluster9=0|cluster6=1) * P(cluster7=0|cluster10=0) * P(cluster10=0|cluster6=1) * P(cluster6=1|cluster2=1) * P(cluster2=1|cluster3=1) * P(cluster3=1|cluster8=1)[0.0032768]=0.00065536
binkey=248 [Edge status: 0 0 0 1 1 1 1 1 ] P(G)=P(cluster8=0)[0.8] * P(cluster1=1|cluster2=0) * P(cluster9=1|cluster6=1) * P(cluster7=1|cluster10=1) * P(cluster10=1|cluster6=1) * P(cluster6=1|cluster2=0) * P(cluster2=0|cluster3=0) * P(cluster3=0|cluster8=0)[0.0131072]=0.0104858
binkey=247 [Edge status: 1 1 1 0 1 1 1 1 ] P(G)=P(cluster8=1)[0.2] * P(cluster1=0|cluster2=1) * P(cluster9=1|cluster6=1) * P(cluster7=1|cluster10=1) * P(cluster10=1|cluster6=1) * P(cluster6=1|cluster2=1) * P(cluster2=1|cluster3=1) * P(cluster3=1|cluster8=1)[0.0524288]=0.0104858
binkey=119 [Edge status: 1 1 1 0 1 1 1 0 ] P(G)=P(cluster8=1)[0.2] * P(cluster1=0|cluster2=1) * P(cluster9=1|cluster6=1) * P(cluster7=0|cluster10=1) * P(cluster10=1|cluster6=1) * P(cluster6=1|cluster2=1) * P(cluster2=1|cluster3=1) * P(cluster3=1|cluster8=1)[0.0131072]=0.00262144
binkey=215 [Edge status: 1 1 1 0 1 0 1 1 ] P(G)=P(cluster8=1)[0.2] * P(cluster1=0|cluster2=1) * P(cluster9=0|cluster6=1) * P(cluster7=1|cluster10=1) * P(cluster10=1|cluster6=1) * P(cluster6=1|cluster2=1) * P(cluster2=1|cluster3=1) * P(cluster3=1|cluster8=1)[0.0131072]=0.00262144
binkey=87 [Edge status: 1 1 1 0 1 0 1 0 ] P(G)=P(cluster8=1)[0.2] * P(cluster1=0|cluster2=1) * P(cluster9=0|cluster6=1) * P(cluster7=0|cluster10=1) * P(cluster10=1|cluster6=1) * P(cluster6=1|cluster2=1) * P(cluster2=1|cluster3=1) * P(cluster3=1|cluster8=1)[0.0032768]=0.00065536
binkey=55 [Edge status: 1 1 1 0 1 1 0 0 ] P(G)=P(cluster8=1)[0.2] * P(cluster1=0|cluster2=1) * P(cluster9=1|cluster6=1) * P(cluster7=0|cluster10=0) * P(cluster10=0|cluster6=1) * P(cluster6=1|cluster2=1) * P(cluster2=1|cluster3=1) * P(cluster3=1|cluster8=1)[0.0131072]=0.00262144
binkey=252 [Edge status: 0 0 1 1 1 1 1 1 ] P(G)=P(cluster8=0)[0.8] * P(cluster1=1|cluster2=1) * P(cluster9=1|cluster6=1) * P(cluster7=1|cluster10=1) * P(cluster10=1|cluster6=1) * P(cluster6=1|cluster2=1) * P(cluster2=1|cluster3=0) * P(cluster3=0|cluster8=0)[0.0524288]=0.041943
binkey=15 [Edge status: 1 1 1 1 0 0 0 0 ] P(G)=P(cluster8=1)[0.2] * P(cluster1=1|cluster2=1) * P(cluster9=0|cluster6=0) * P(cluster7=0|cluster10=0) * P(cluster10=0|cluster6=0) * P(cluster6=0|cluster2=1) * P(cluster2=1|cluster3=1) * P(cluster3=1|cluster8=1)[0.0524288]=0.0104858
binkey=254 [Edge status: 0 1 1 1 1 1 1 1 ] P(G)=P(cluster8=0)[0.8] * P(cluster1=1|cluster2=1) * P(cluster9=1|cluster6=1) * P(cluster7=1|cluster10=1) * P(cluster10=1|cluster6=1) * P(cluster6=1|cluster2=1) * P(cluster2=1|cluster3=1) * P(cluster3=1|cluster8=0)[0.0524288]=0.041943
binkey=255 [Edge status: 1 1 1 1 1 1 1 1 ] P(G)=P(cluster8=1)[0.2] * P(cluster1=1|cluster2=1) * P(cluster9=1|cluster6=1) * P(cluster7=1|cluster10=1) * P(cluster10=1|cluster6=1) * P(cluster6=1|cluster2=1) * P(cluster2=1|cluster3=1) * P(cluster3=1|cluster8=1)[0.209715]=0.041943
binkey=127 [Edge status: 1 1 1 1 1 1 1 0 ] P(G)=P(cluster8=1)[0.2] * P(cluster1=1|cluster2=1) * P(cluster9=1|cluster6=1) * P(cluster7=0|cluster10=1) * P(cluster10=1|cluster6=1) * P(cluster6=1|cluster2=1) * P(cluster2=1|cluster3=1) * P(cluster3=1|cluster8=1)[0.0524288]=0.0104858
binkey=223 [Edge status: 1 1 1 1 1 0 1 1 ] P(G)=P(cluster8=1)[0.2] * P(cluster1=1|cluster2=1) * P(cluster9=0|cluster6=1) * P(cluster7=1|cluster10=1) * P(cluster10=1|cluster6=1) * P(cluster6=1|cluster2=1) * P(cluster2=1|cluster3=1) * P(cluster3=1|cluster8=1)[0.0524288]=0.0104858
binkey=95 [Edge status: 1 1 1 1 1 0 1 0 ] P(G)=P(cluster8=1)[0.2] * P(cluster1=1|cluster2=1) * P(cluster9=0|cluster6=1) * P(cluster7=0|cluster10=1) * P(cluster10=1|cluster6=1) * P(cluster6=1|cluster2=1) * P(cluster2=1|cluster3=1) * P(cluster3=1|cluster8=1)[0.0131072]=0.00262144
binkey=63 [Edge status: 1 1 1 1 1 1 0 0 ] P(G)=P(cluster8=1)[0.2] * P(cluster1=1|cluster2=1) * P(cluster9=1|cluster6=1) * P(cluster7=0|cluster10=0) * P(cluster10=0|cluster6=1) * P(cluster6=1|cluster2=1) * P(cluster2=1|cluster3=1) * P(cluster3=1|cluster8=1)[0.0524288]=0.0104858
binkey=31 [Edge status: 1 1 1 1 1 0 0 0 ] P(G)=P(cluster8=1)[0.2] * P(cluster1=1|cluster2=1) * P(cluster9=0|cluster6=1) * P(cluster7=0|cluster10=0) * P(cluster10=0|cluster6=1) * P(cluster6=1|cluster2=1) * P(cluster2=1|cluster3=1) * P(cluster3=1|cluster8=1)[0.0131072]=0.00262144
ITERATION 0 newScore=-2.68541e+06 diffscore=12534.5 priorChange=-98.4269 successMove=56
ITERATION 1 newScore=-2.68203e+06 diffscore=3371.68 priorChange=-123.38 successMove=56
ITERATION 2 newScore=-2.67991e+06 diffscore=2121.1 priorChange=-120.608 successMove=60
ITERATION 3 newScore=-2.67153e+06 diffscore=8387.06 priorChange=-109.517 successMove=51
ITERATION 4 newScore=-2.66639e+06 diffscore=5133.49 priorChange=-123.38 successMove=53
ITERATION 5 newScore=-2.6654e+06 diffscore=997.436 priorChange=-113.676 successMove=54
ITERATION 6 newScore=-2.66043e+06 diffscore=4966.04 priorChange=-117.835 successMove=53
ITERATION 7 newScore=-2.65666e+06 diffscore=3764.77 priorChange=-124.766 successMove=52
ITERATION 8 newScore=-2.6511e+06 diffscore=5565.48 priorChange=-121.994 successMove=52
ITERATION 9 newScore=-2.64949e+06 diffscore=1608.9 priorChange=-121.994 successMove=52
ITERATION 10 newScore=-2.64584e+06 diffscore=3648.35 priorChange=-119.221 successMove=52
ITERATION 11 newScore=-2.64055e+06 diffscore=5290.22 priorChange=-105.358 successMove=52
ITERATION 12 newScore=-2.6384e+06 diffscore=2151.97 priorChange=-109.517 successMove=51
ITERATION 13 newScore=-2.6366e+06 diffscore=1800.89 priorChange=-113.676 successMove=52
ITERATION 14 newScore=-2.63245e+06 diffscore=4147.79 priorChange=-117.835 successMove=52
ITERATION 15 newScore=-2.62782e+06 diffscore=4628.92 priorChange=-108.131 successMove=55
ITERATION 16 newScore=-2.62644e+06 diffscore=1384.57 priorChange=-94.268 successMove=51
ITERATION 17 newScore=-2.62311e+06 diffscore=3326.21 priorChange=-113.676 successMove=52
ITERATION 18 newScore=-2.6209e+06 diffscore=2215.42 priorChange=-108.131 successMove=50
ITERATION 19 newScore=-2.61824e+06 diffscore=2656.61 priorChange=-112.29 successMove=50
ITERATION 20 newScore=-2.61607e+06 diffscore=2170.83 priorChange=-103.972 successMove=50
ITERATION 21 newScore=-2.61376e+06 diffscore=2308.59 priorChange=-99.8132 successMove=52
ITERATION 22 newScore=-2.61084e+06 diffscore=2920.92 priorChange=-102.586 successMove=50
ITERATION 23 newScore=-2.60978e+06 diffscore=1063.53 priorChange=-106.745 successMove=51
ITERATION 24 newScore=-2.6093e+06 diffscore=479.388 priorChange=-88.7228 successMove=51
ITERATION 25 newScore=-2.60657e+06 diffscore=2727.4 priorChange=-97.0406 successMove=50
ITERATION 26 newScore=-2.60607e+06 diffscore=500.345 priorChange=-102.586 successMove=52
ITERATION 27 newScore=-2.60555e+06 diffscore=516.014 priorChange=-101.199 successMove=50
ITERATION 28 newScore=-2.60482e+06 diffscore=734.231 priorChange=-88.7228 successMove=49
ITERATION 29 newScore=-2.60191e+06 diffscore=2910.79 priorChange=-98.4269 successMove=50
ITERATION 30 newScore=-2.60044e+06 diffscore=1469.12 priorChange=-95.6543 successMove=50
ITERATION 31 newScore=-2.59895e+06 diffscore=1491.84 priorChange=-109.517 successMove=50
ITERATION 32 newScore=-2.59613e+06 diffscore=2818.59 priorChange=-98.4269 successMove=47
ITERATION 33 newScore=-2.59547e+06 diffscore=652.934 priorChange=-102.586 successMove=46
ITERATION 34 newScore=-2.59151e+06 diffscore=3962.89 priorChange=-85.9503 successMove=46
ITERATION 35 newScore=-2.59107e+06 diffscore=441.602 priorChange=-87.3365 successMove=46
ITERATION 36 newScore=-2.58937e+06 diffscore=1701.05 priorChange=-85.9503 successMove=45
ITERATION 37 newScore=-2.58772e+06 diffscore=1650.29 priorChange=-84.564 successMove=44
ITERATION 38 newScore=-2.58587e+06 diffscore=1844.26 priorChange=-101.199 successMove=44
ITERATION 39 newScore=-2.58421e+06 diffscore=1668.74 priorChange=-77.6325 successMove=45
ITERATION 40 newScore=-2.58387e+06 diffscore=335.422 priorChange=-85.9503 successMove=44
ITERATION 41 newScore=-2.58318e+06 diffscore=693.831 priorChange=-84.564 successMove=44
ITERATION 42 newScore=-2.58057e+06 diffscore=2605.9 priorChange=-81.7914 successMove=45
ITERATION 43 newScore=-2.58021e+06 diffscore=358.994 priorChange=-88.7228 successMove=44
ITERATION 44 newScore=-2.5792e+06 diffscore=1008.09 priorChange=-102.586 successMove=44
ITERATION 45 newScore=-2.57891e+06 diffscore=292.741 priorChange=-79.0188 successMove=44
ITERATION 46 newScore=-2.57863e+06 diffscore=278.531 priorChange=-79.0188 successMove=43
ITERATION 47 newScore=-2.57832e+06 diffscore=308.903 priorChange=-59.6107 successMove=41
ITERATION 48 newScore=-2.57639e+06 diffscore=1930 priorChange=-84.564 successMove=40
ITERATION 49 newScore=-2.57503e+06 diffscore=1367.29 priorChange=-90.1091 successMove=40
ITERATION 50 newScore=-2.57481e+06 diffscore=212.646 priorChange=-84.564 successMove=41
ITERATION 51 newScore=-2.57462e+06 diffscore=196.202 priorChange=-90.1091 successMove=40
ITERATION 52 newScore=-2.5732e+06 diffscore=1417.29 priorChange=-83.1777 successMove=41
ITERATION 53 newScore=-2.57302e+06 diffscore=179.849 priorChange=-90.1091 successMove=40
ITERATION 54 newScore=-2.57286e+06 diffscore=164.864 priorChange=-77.6325 successMove=40
ITERATION 55 newScore=-2.57265e+06 diffscore=209.755 priorChange=-90.1091 successMove=40
ITERATION 56 newScore=-2.57246e+06 diffscore=180.679 priorChange=-65.1558 successMove=40
ITERATION 57 newScore=-2.57227e+06 diffscore=197.485 priorChange=-77.6325 successMove=41
ITERATION 58 newScore=-2.57208e+06 diffscore=185.11 priorChange=-74.8599 successMove=37
ITERATION 59 newScore=-2.57191e+06 diffscore=177.004 priorChange=-67.9284 successMove=38
ITERATION 60 newScore=-2.57171e+06 diffscore=197.184 priorChange=-80.4051 successMove=35
ITERATION 61 newScore=-2.57156e+06 diffscore=143.172 priorChange=-77.6325 successMove=35
ITERATION 62 newScore=-2.57143e+06 diffscore=131.036 priorChange=-69.3147 successMove=35
ITERATION 63 newScore=-2.57129e+06 diffscore=147.885 priorChange=-72.0873 successMove=34
ITERATION 64 newScore=-2.57112e+06 diffscore=161.723 priorChange=-72.0873 successMove=34
ITERATION 65 newScore=-2.57096e+06 diffscore=159.592 priorChange=-72.0873 successMove=35
ITERATION 66 newScore=-2.5707e+06 diffscore=262.135 priorChange=-56.8381 successMove=35
ITERATION 67 newScore=-2.5705e+06 diffscore=206.569 priorChange=-63.7695 successMove=33
ITERATION 68 newScore=-2.56907e+06 diffscore=1424.78 priorChange=-59.6107 successMove=31
ITERATION 69 newScore=-2.56785e+06 diffscore=1217.67 priorChange=-58.2244 successMove=29
ITERATION 70 newScore=-2.5677e+06 diffscore=150.726 priorChange=-59.6107 successMove=27
ITERATION 71 newScore=-2.56748e+06 diffscore=222.412 priorChange=-58.2244 successMove=25
ITERATION 72 newScore=-2.56624e+06 diffscore=1236.49 priorChange=-36.0437 successMove=23
ITERATION 73 newScore=-2.56612e+06 diffscore=126.162 priorChange=-49.9066 successMove=22
ITERATION 74 newScore=-2.56601e+06 diffscore=111.667 priorChange=-48.5203 successMove=22
ITERATION 75 newScore=-2.56449e+06 diffscore=1518.03 priorChange=-42.9751 successMove=22
ITERATION 76 newScore=-2.56434e+06 diffscore=145.138 priorChange=-48.5203 successMove=21
ITERATION 77 newScore=-2.56299e+06 diffscore=1353.88 priorChange=-33.2711 successMove=20
ITERATION 78 newScore=-2.56186e+06 diffscore=1133.03 priorChange=-30.4985 successMove=19
ITERATION 79 newScore=-2.56179e+06 diffscore=64.9996 priorChange=-34.6574 successMove=23
ITERATION 80 newScore=-2.56171e+06 diffscore=83.4353 priorChange=-44.3614 successMove=17
ITERATION 81 newScore=-2.56161e+06 diffscore=92.3918 priorChange=-26.3396 successMove=17
ITERATION 82 newScore=-2.56155e+06 diffscore=68.5186 priorChange=-30.4985 successMove=17
ITERATION 83 newScore=-2.56147e+06 diffscore=73.516 priorChange=-24.9533 successMove=16
ITERATION 84 newScore=-2.56141e+06 diffscore=60.6259 priorChange=-29.1122 successMove=16
ITERATION 85 newScore=-2.56133e+06 diffscore=82.4881 priorChange=-30.4985 successMove=15
ITERATION 86 newScore=-2.56122e+06 diffscore=104.819 priorChange=-23.567 successMove=18
ITERATION 87 newScore=-2.56001e+06 diffscore=1214.57 priorChange=-24.9533 successMove=16
ITERATION 88 newScore=-2.55993e+06 diffscore=79.7296 priorChange=-37.4299 successMove=14
ITERATION 89 newScore=-2.55987e+06 diffscore=62.3933 priorChange=-34.6574 successMove=14
ITERATION 90 newScore=-2.5598e+06 diffscore=69.1951 priorChange=-36.0437 successMove=13
ITERATION 91 newScore=-2.55972e+06 diffscore=76.0594 priorChange=-30.4985 successMove=15
ITERATION 92 newScore=-2.55966e+06 diffscore=65.3812 priorChange=-20.7944 successMove=13
ITERATION 93 newScore=-2.5596e+06 diffscore=53.7804 priorChange=-20.7944 successMove=13
ITERATION 94 newScore=-2.55953e+06 diffscore=71.5658 priorChange=-19.4081 successMove=12
ITERATION 95 newScore=-2.55835e+06 diffscore=1182.77 priorChange=-22.1807 successMove=10
ITERATION 96 newScore=-2.55824e+06 diffscore=108.293 priorChange=-27.7259 successMove=10
ITERATION 97 newScore=-2.55818e+06 diffscore=60.9986 priorChange=-22.1807 successMove=9
ITERATION 98 newScore=-2.55813e+06 diffscore=50.5662 priorChange=-11.0904 successMove=9
ITERATION 99 newScore=-2.55808e+06 diffscore=49.6046 priorChange=-15.2492 successMove=7
MetaLearner::dumpAllGraphs
Final Score -2.55808e+06
MetaLearner::start runtime: 1614731587 ms
Results/
Results/cluster9/
Results/cluster9/fold0/
Results/cluster9/fold0/var_mb_pw_k50.txt
Results/cluster9/fold0/modelparams.txt
Results/cluster3/
Results/cluster3/fold0/
Results/cluster3/fold0/var_mb_pw_k50.txt
Results/cluster3/fold0/modelparams.txt
Results/cluster1/
Results/cluster1/fold0/
Results/cluster1/fold0/var_mb_pw_k50.txt
Results/cluster1/fold0/modelparams.txt
Results/cluster10/
Results/cluster10/fold0/
Results/cluster10/fold0/var_mb_pw_k50.txt
Results/cluster10/fold0/modelparams.txt
Results/cluster6/
Results/cluster6/fold0/
Results/cluster6/fold0/var_mb_pw_k50.txt
Results/cluster6/fold0/modelparams.txt
Results/cluster2/
Results/cluster2/fold0/
Results/cluster2/fold0/var_mb_pw_k50.txt
Results/cluster2/fold0/modelparams.txt
Results/cluster7/
Results/cluster7/fold0/
Results/cluster7/fold0/var_mb_pw_k50.txt
Results/cluster7/fold0/modelparams.txt
Results/cluster8/
Results/cluster8/scoreFile.txt
Results/cluster8/fold0/
Results/cluster8/fold0/var_mb_pw_k50.txt
Results/cluster8/fold0/modelparams.txt
