000 (49777.2453.000) 10/11 10:48:14 Job submitted from host: <144.92.142.142:9618?addrs=144.92.142.142-9618&noUDP&sock=44923_051a_3>
...
001 (49777.2453.000) 10/11 19:13:39 Job executing on host: <128.105.68.27:9618?addrs=128.105.68.27-9618&alias=e2457.chtc.wisc.edu&noUDP&sock=startd_4846_880a>
...
006 (49777.2453.000) 10/11 19:13:48 Image size of job updated: 156804
	104  -  MemoryUsage of job (MB)
	105496  -  ResidentSetSize of job (KB)
...
006 (49777.2453.000) 10/11 19:18:49 Image size of job updated: 722304
	655  -  MemoryUsage of job (MB)
	670484  -  ResidentSetSize of job (KB)
...
006 (49777.2453.000) 10/11 19:23:49 Image size of job updated: 923520
	852  -  MemoryUsage of job (MB)
	872444  -  ResidentSetSize of job (KB)
...
006 (49777.2453.000) 10/11 19:28:49 Image size of job updated: 1392488
	1333  -  MemoryUsage of job (MB)
	1364012  -  ResidentSetSize of job (KB)
...
006 (49777.2453.000) 10/11 19:33:50 Image size of job updated: 2168956
	2116  -  MemoryUsage of job (MB)
	2165912  -  ResidentSetSize of job (KB)
...
006 (49777.2453.000) 10/11 19:38:50 Image size of job updated: 2944340
	2843  -  MemoryUsage of job (MB)
	2910656  -  ResidentSetSize of job (KB)
...
006 (49777.2453.000) 10/11 19:40:31 Image size of job updated: 3218580
	2843  -  MemoryUsage of job (MB)
	2910656  -  ResidentSetSize of job (KB)
...
005 (49777.2453.000) 10/11 19:40:31 Job terminated.
	(1) Normal termination (return value 0)
		Usr 0 00:26:30, Sys 0 00:00:05  -  Run Remote Usage
		Usr 0 00:00:00, Sys 0 00:00:00  -  Run Local Usage
		Usr 0 00:26:30, Sys 0 00:00:05  -  Total Remote Usage
		Usr 0 00:00:00, Sys 0 00:00:00  -  Total Local Usage
	168845  -  Run Bytes Sent By Job
	316778592  -  Run Bytes Received By Job
	168845  -  Total Bytes Sent By Job
	316778592  -  Total Bytes Received By Job
	Partitionable Resources :     Usage  Request Allocated 
	   Cpus                 :      1.00        1         1 
	   Disk (KB)            : 325000      819200   1705482 
	   Memory (MB)          :   2843       20480     20480 
...
