./CVN -f config_condor.txt -x50 -v1 -l TFs_OGs.txt -n AllGenes201.txt -d celltype_tree_ancestor.txt -m testdata_ogids.txt -s celltype_order.txt -p 0.2 -c yes -b -4 -q 4
(cluster3|cluster8) p_maintain_edge=0.8 p_gain=0.2
(cluster2|cluster3) p_maintain_edge=0.8 p_gain=0.2
(cluster1|cluster2) p_maintain_edge=0.8 p_gain=0.2
(cluster6|cluster2) p_maintain_edge=0.8 p_gain=0.2
(cluster9|cluster6) p_maintain_edge=0.8 p_gain=0.2
(cluster10|cluster6) p_maintain_edge=0.8 p_gain=0.2
(cluster7|cluster10) p_maintain_edge=0.8 p_gain=0.2
speciesSet.size()=8 Root is cluster8
MappedOrthogroupReader::readSpeciesMapping() --- celltype_order.txt
MappedOrthogroupReader::readFile - testdata_ogids.txt
MappedOrthogroupReader::generateGeneOrthoMap()
MetaLearner::init_onefold() read:config_condor.txt
MetaLearner::setinputVariableNames number of variables: 2044
readEvidenceTable:cluster8.table
PotentialManager::loadEvidenceFromTable varCount=2044 sampleCount=348
motifNetwork.size() = 319
0=cluster8 motifNetwork=cluster8_network.txt
variable size=2044
readEvidenceTable:cluster3.table
PotentialManager::loadEvidenceFromTable varCount=2044 sampleCount=95
motifNetwork.size() = 326
1=cluster3 motifNetwork=cluster3_network.txt
variable size=2044
readEvidenceTable:cluster2.table
PotentialManager::loadEvidenceFromTable varCount=2044 sampleCount=386
motifNetwork.size() = 328
2=cluster2 motifNetwork=cluster2_network.txt
variable size=2044
readEvidenceTable:cluster1.table
PotentialManager::loadEvidenceFromTable varCount=2044 sampleCount=36
motifNetwork.size() = 322
3=cluster1 motifNetwork=cluster1_network.txt
variable size=2044
readEvidenceTable:cluster6.table
PotentialManager::loadEvidenceFromTable varCount=2044 sampleCount=524
motifNetwork.size() = 320
4=cluster6 motifNetwork=cluster6_network.txt
variable size=2044
readEvidenceTable:cluster9.table
PotentialManager::loadEvidenceFromTable varCount=2044 sampleCount=184
motifNetwork.size() = 327
5=cluster9 motifNetwork=cluster9_network.txt
variable size=2044
readEvidenceTable:cluster10.table
PotentialManager::loadEvidenceFromTable varCount=2044 sampleCount=165
motifNetwork.size() = 326
6=cluster10 motifNetwork=cluster10_network.txt
variable size=2044
readEvidenceTable:cluster7.table
PotentialManager::loadEvidenceFromTable varCount=2044 sampleCount=1032
motifNetwork.size() = 320
7=cluster7 motifNetwork=cluster7_network.txt
variable size=2044
-------------------------------------------------------------
MetaLearner::start
precomputeEmptyGraphPrior
binkey=0 [Edge status: 0 0 0 0 0 0 0 0 ] P(G)=P(cluster8=0)[0.8] * P(cluster1=0|cluster2=0) * P(cluster9=0|cluster6=0) * P(cluster7=0|cluster10=0) * P(cluster10=0|cluster6=0) * P(cluster6=0|cluster2=0) * P(cluster2=0|cluster3=0) * P(cluster3=0|cluster8=0)[0.209715]=0.167772
condsetMap_Tree
0 cluster8=0 cluster3=0 cluster2=0 cluster1=0 cluster6=0 cluster9=0 cluster10=0 cluster7=1
1 cluster8=0 cluster3=0 cluster2=0 cluster1=0 cluster6=0 cluster9=1 cluster10=0 cluster7=0
2 cluster8=0 cluster3=0 cluster2=0 cluster1=0 cluster6=0 cluster9=1 cluster10=0 cluster7=1
3 cluster8=0 cluster3=0 cluster2=0 cluster1=1 cluster6=0 cluster9=0 cluster10=0 cluster7=0
4 cluster8=0 cluster3=0 cluster2=0 cluster1=1 cluster6=0 cluster9=0 cluster10=0 cluster7=1
5 cluster8=0 cluster3=0 cluster2=0 cluster1=1 cluster6=0 cluster9=1 cluster10=0 cluster7=0
6 cluster8=0 cluster3=0 cluster2=0 cluster1=1 cluster6=0 cluster9=1 cluster10=0 cluster7=1
7 cluster8=0 cluster3=0 cluster2=0 cluster1=0 cluster6=0 cluster9=0 cluster10=1 cluster7=1
8 cluster8=0 cluster3=0 cluster2=0 cluster1=0 cluster6=0 cluster9=1 cluster10=1 cluster7=1
9 cluster8=0 cluster3=0 cluster2=0 cluster1=1 cluster6=0 cluster9=0 cluster10=1 cluster7=1
10 cluster8=0 cluster3=0 cluster2=0 cluster1=1 cluster6=0 cluster9=1 cluster10=1 cluster7=1
11 cluster8=0 cluster3=0 cluster2=0 cluster1=0 cluster6=1 cluster9=1 cluster10=1 cluster7=1
12 cluster8=0 cluster3=0 cluster2=0 cluster1=1 cluster6=1 cluster9=1 cluster10=1 cluster7=1
13 cluster8=0 cluster3=0 cluster2=1 cluster1=1 cluster6=1 cluster9=1 cluster10=1 cluster7=1
14 cluster8=0 cluster3=1 cluster2=1 cluster1=1 cluster6=1 cluster9=1 cluster10=1 cluster7=1
15 cluster8=1 cluster3=1 cluster2=1 cluster1=1 cluster6=1 cluster9=1 cluster10=1 cluster7=1
16 cluster8=1 cluster3=1 cluster2=1 cluster1=1 cluster6=1 cluster9=1 cluster10=1 cluster7=0
17 cluster8=1 cluster3=1 cluster2=1 cluster1=1 cluster6=1 cluster9=0 cluster10=1 cluster7=1
18 cluster8=1 cluster3=1 cluster2=1 cluster1=1 cluster6=1 cluster9=0 cluster10=1 cluster7=0
19 cluster8=1 cluster3=1 cluster2=1 cluster1=0 cluster6=1 cluster9=1 cluster10=1 cluster7=1
20 cluster8=1 cluster3=1 cluster2=1 cluster1=0 cluster6=1 cluster9=1 cluster10=1 cluster7=0
21 cluster8=1 cluster3=1 cluster2=1 cluster1=0 cluster6=1 cluster9=0 cluster10=1 cluster7=1
22 cluster8=1 cluster3=1 cluster2=1 cluster1=0 cluster6=1 cluster9=0 cluster10=1 cluster7=0
23 cluster8=1 cluster3=1 cluster2=1 cluster1=1 cluster6=1 cluster9=1 cluster10=0 cluster7=0
24 cluster8=1 cluster3=1 cluster2=1 cluster1=1 cluster6=1 cluster9=0 cluster10=0 cluster7=0
25 cluster8=1 cluster3=1 cluster2=1 cluster1=0 cluster6=1 cluster9=1 cluster10=0 cluster7=0
26 cluster8=1 cluster3=1 cluster2=1 cluster1=0 cluster6=1 cluster9=0 cluster10=0 cluster7=0
27 cluster8=1 cluster3=1 cluster2=1 cluster1=1 cluster6=0 cluster9=0 cluster10=0 cluster7=0
28 cluster8=1 cluster3=1 cluster2=1 cluster1=0 cluster6=0 cluster9=0 cluster10=0 cluster7=0
29 cluster8=1 cluster3=1 cluster2=0 cluster1=0 cluster6=0 cluster9=0 cluster10=0 cluster7=0
30 cluster8=1 cluster3=0 cluster2=0 cluster1=0 cluster6=0 cluster9=0 cluster10=0 cluster7=0
31 cluster8=0 cluster3=0 cluster2=0 cluster1=0 cluster6=1 cluster9=0 cluster10=0 cluster7=0
32 cluster8=0 cluster3=0 cluster2=1 cluster1=0 cluster6=0 cluster9=0 cluster10=0 cluster7=0
33 cluster8=0 cluster3=0 cluster2=0 cluster1=0 cluster6=0 cluster9=0 cluster10=1 cluster7=0
34 cluster8=0 cluster3=1 cluster2=0 cluster1=0 cluster6=0 cluster9=0 cluster10=0 cluster7=0
inputRegulatorOGs.size() = 1999 inputOGList.size() = 50
binkey=16 [Edge status: 0 0 0 0 1 0 0 0 ] P(G)=P(cluster8=0)[0.8] * P(cluster1=0|cluster2=0) * P(cluster9=0|cluster6=1) * P(cluster7=0|cluster10=0) * P(cluster10=0|cluster6=1) * P(cluster6=1|cluster2=0) * P(cluster2=0|cluster3=0) * P(cluster3=0|cluster8=0)[0.0032768]=0.00262144
binkey=4 [Edge status: 0 0 1 0 0 0 0 0 ] P(G)=P(cluster8=0)[0.8] * P(cluster1=0|cluster2=1) * P(cluster9=0|cluster6=0) * P(cluster7=0|cluster10=0) * P(cluster10=0|cluster6=0) * P(cluster6=0|cluster2=1) * P(cluster2=1|cluster3=0) * P(cluster3=0|cluster8=0)[0.0032768]=0.00262144
binkey=64 [Edge status: 0 0 0 0 0 0 1 0 ] P(G)=P(cluster8=0)[0.8] * P(cluster1=0|cluster2=0) * P(cluster9=0|cluster6=0) * P(cluster7=0|cluster10=1) * P(cluster10=1|cluster6=0) * P(cluster6=0|cluster2=0) * P(cluster2=0|cluster3=0) * P(cluster3=0|cluster8=0)[0.0131072]=0.0104858
binkey=128 [Edge status: 0 0 0 0 0 0 0 1 ] P(G)=P(cluster8=0)[0.8] * P(cluster1=0|cluster2=0) * P(cluster9=0|cluster6=0) * P(cluster7=1|cluster10=0) * P(cluster10=0|cluster6=0) * P(cluster6=0|cluster2=0) * P(cluster2=0|cluster3=0) * P(cluster3=0|cluster8=0)[0.0524288]=0.041943
binkey=32 [Edge status: 0 0 0 0 0 1 0 0 ] P(G)=P(cluster8=0)[0.8] * P(cluster1=0|cluster2=0) * P(cluster9=1|cluster6=0) * P(cluster7=0|cluster10=0) * P(cluster10=0|cluster6=0) * P(cluster6=0|cluster2=0) * P(cluster2=0|cluster3=0) * P(cluster3=0|cluster8=0)[0.0524288]=0.041943
binkey=160 [Edge status: 0 0 0 0 0 1 0 1 ] P(G)=P(cluster8=0)[0.8] * P(cluster1=0|cluster2=0) * P(cluster9=1|cluster6=0) * P(cluster7=1|cluster10=0) * P(cluster10=0|cluster6=0) * P(cluster6=0|cluster2=0) * P(cluster2=0|cluster3=0) * P(cluster3=0|cluster8=0)[0.0131072]=0.0104858
binkey=192 [Edge status: 0 0 0 0 0 0 1 1 ] P(G)=P(cluster8=0)[0.8] * P(cluster1=0|cluster2=0) * P(cluster9=0|cluster6=0) * P(cluster7=1|cluster10=1) * P(cluster10=1|cluster6=0) * P(cluster6=0|cluster2=0) * P(cluster2=0|cluster3=0) * P(cluster3=0|cluster8=0)[0.0524288]=0.041943
binkey=2 [Edge status: 0 1 0 0 0 0 0 0 ] P(G)=P(cluster8=0)[0.8] * P(cluster1=0|cluster2=0) * P(cluster9=0|cluster6=0) * P(cluster7=0|cluster10=0) * P(cluster10=0|cluster6=0) * P(cluster6=0|cluster2=0) * P(cluster2=0|cluster3=1) * P(cluster3=1|cluster8=0)[0.0131072]=0.0104858
binkey=1 [Edge status: 1 0 0 0 0 0 0 0 ] P(G)=P(cluster8=1)[0.2] * P(cluster1=0|cluster2=0) * P(cluster9=0|cluster6=0) * P(cluster7=0|cluster10=0) * P(cluster10=0|cluster6=0) * P(cluster6=0|cluster2=0) * P(cluster2=0|cluster3=0) * P(cluster3=0|cluster8=1)[0.0524288]=0.0104858
binkey=8 [Edge status: 0 0 0 1 0 0 0 0 ] P(G)=P(cluster8=0)[0.8] * P(cluster1=1|cluster2=0) * P(cluster9=0|cluster6=0) * P(cluster7=0|cluster10=0) * P(cluster10=0|cluster6=0) * P(cluster6=0|cluster2=0) * P(cluster2=0|cluster3=0) * P(cluster3=0|cluster8=0)[0.0524288]=0.041943
binkey=3 [Edge status: 1 1 0 0 0 0 0 0 ] P(G)=P(cluster8=1)[0.2] * P(cluster1=0|cluster2=0) * P(cluster9=0|cluster6=0) * P(cluster7=0|cluster10=0) * P(cluster10=0|cluster6=0) * P(cluster6=0|cluster2=0) * P(cluster2=0|cluster3=1) * P(cluster3=1|cluster8=1)[0.0524288]=0.0104858
binkey=136 [Edge status: 0 0 0 1 0 0 0 1 ] P(G)=P(cluster8=0)[0.8] * P(cluster1=1|cluster2=0) * P(cluster9=0|cluster6=0) * P(cluster7=1|cluster10=0) * P(cluster10=0|cluster6=0) * P(cluster6=0|cluster2=0) * P(cluster2=0|cluster3=0) * P(cluster3=0|cluster8=0)[0.0131072]=0.0104858
binkey=40 [Edge status: 0 0 0 1 0 1 0 0 ] P(G)=P(cluster8=0)[0.8] * P(cluster1=1|cluster2=0) * P(cluster9=1|cluster6=0) * P(cluster7=0|cluster10=0) * P(cluster10=0|cluster6=0) * P(cluster6=0|cluster2=0) * P(cluster2=0|cluster3=0) * P(cluster3=0|cluster8=0)[0.0131072]=0.0104858
binkey=224 [Edge status: 0 0 0 0 0 1 1 1 ] P(G)=P(cluster8=0)[0.8] * P(cluster1=0|cluster2=0) * P(cluster9=1|cluster6=0) * P(cluster7=1|cluster10=1) * P(cluster10=1|cluster6=0) * P(cluster6=0|cluster2=0) * P(cluster2=0|cluster3=0) * P(cluster3=0|cluster8=0)[0.0131072]=0.0104858
binkey=240 [Edge status: 0 0 0 0 1 1 1 1 ] P(G)=P(cluster8=0)[0.8] * P(cluster1=0|cluster2=0) * P(cluster9=1|cluster6=1) * P(cluster7=1|cluster10=1) * P(cluster10=1|cluster6=1) * P(cluster6=1|cluster2=0) * P(cluster2=0|cluster3=0) * P(cluster3=0|cluster8=0)[0.0524288]=0.041943
binkey=200 [Edge status: 0 0 0 1 0 0 1 1 ] P(G)=P(cluster8=0)[0.8] * P(cluster1=1|cluster2=0) * P(cluster9=0|cluster6=0) * P(cluster7=1|cluster10=1) * P(cluster10=1|cluster6=0) * P(cluster6=0|cluster2=0) * P(cluster2=0|cluster3=0) * P(cluster3=0|cluster8=0)[0.0131072]=0.0104858
binkey=168 [Edge status: 0 0 0 1 0 1 0 1 ] P(G)=P(cluster8=0)[0.8] * P(cluster1=1|cluster2=0) * P(cluster9=1|cluster6=0) * P(cluster7=1|cluster10=0) * P(cluster10=0|cluster6=0) * P(cluster6=0|cluster2=0) * P(cluster2=0|cluster3=0) * P(cluster3=0|cluster8=0)[0.0032768]=0.00262144
binkey=7 [Edge status: 1 1 1 0 0 0 0 0 ] P(G)=P(cluster8=1)[0.2] * P(cluster1=0|cluster2=1) * P(cluster9=0|cluster6=0) * P(cluster7=0|cluster10=0) * P(cluster10=0|cluster6=0) * P(cluster6=0|cluster2=1) * P(cluster2=1|cluster3=1) * P(cluster3=1|cluster8=1)[0.0131072]=0.00262144
binkey=232 [Edge status: 0 0 0 1 0 1 1 1 ] P(G)=P(cluster8=0)[0.8] * P(cluster1=1|cluster2=0) * P(cluster9=1|cluster6=0) * P(cluster7=1|cluster10=1) * P(cluster10=1|cluster6=0) * P(cluster6=0|cluster2=0) * P(cluster2=0|cluster3=0) * P(cluster3=0|cluster8=0)[0.0032768]=0.00262144
binkey=247 [Edge status: 1 1 1 0 1 1 1 1 ] P(G)=P(cluster8=1)[0.2] * P(cluster1=0|cluster2=1) * P(cluster9=1|cluster6=1) * P(cluster7=1|cluster10=1) * P(cluster10=1|cluster6=1) * P(cluster6=1|cluster2=1) * P(cluster2=1|cluster3=1) * P(cluster3=1|cluster8=1)[0.0524288]=0.0104858
binkey=119 [Edge status: 1 1 1 0 1 1 1 0 ] P(G)=P(cluster8=1)[0.2] * P(cluster1=0|cluster2=1) * P(cluster9=1|cluster6=1) * P(cluster7=0|cluster10=1) * P(cluster10=1|cluster6=1) * P(cluster6=1|cluster2=1) * P(cluster2=1|cluster3=1) * P(cluster3=1|cluster8=1)[0.0131072]=0.00262144
binkey=215 [Edge status: 1 1 1 0 1 0 1 1 ] P(G)=P(cluster8=1)[0.2] * P(cluster1=0|cluster2=1) * P(cluster9=0|cluster6=1) * P(cluster7=1|cluster10=1) * P(cluster10=1|cluster6=1) * P(cluster6=1|cluster2=1) * P(cluster2=1|cluster3=1) * P(cluster3=1|cluster8=1)[0.0131072]=0.00262144
binkey=87 [Edge status: 1 1 1 0 1 0 1 0 ] P(G)=P(cluster8=1)[0.2] * P(cluster1=0|cluster2=1) * P(cluster9=0|cluster6=1) * P(cluster7=0|cluster10=1) * P(cluster10=1|cluster6=1) * P(cluster6=1|cluster2=1) * P(cluster2=1|cluster3=1) * P(cluster3=1|cluster8=1)[0.0032768]=0.00065536
binkey=55 [Edge status: 1 1 1 0 1 1 0 0 ] P(G)=P(cluster8=1)[0.2] * P(cluster1=0|cluster2=1) * P(cluster9=1|cluster6=1) * P(cluster7=0|cluster10=0) * P(cluster10=0|cluster6=1) * P(cluster6=1|cluster2=1) * P(cluster2=1|cluster3=1) * P(cluster3=1|cluster8=1)[0.0131072]=0.00262144
binkey=23 [Edge status: 1 1 1 0 1 0 0 0 ] P(G)=P(cluster8=1)[0.2] * P(cluster1=0|cluster2=1) * P(cluster9=0|cluster6=1) * P(cluster7=0|cluster10=0) * P(cluster10=0|cluster6=1) * P(cluster6=1|cluster2=1) * P(cluster2=1|cluster3=1) * P(cluster3=1|cluster8=1)[0.0032768]=0.00065536
binkey=248 [Edge status: 0 0 0 1 1 1 1 1 ] P(G)=P(cluster8=0)[0.8] * P(cluster1=1|cluster2=0) * P(cluster9=1|cluster6=1) * P(cluster7=1|cluster10=1) * P(cluster10=1|cluster6=1) * P(cluster6=1|cluster2=0) * P(cluster2=0|cluster3=0) * P(cluster3=0|cluster8=0)[0.0131072]=0.0104858
binkey=252 [Edge status: 0 0 1 1 1 1 1 1 ] P(G)=P(cluster8=0)[0.8] * P(cluster1=1|cluster2=1) * P(cluster9=1|cluster6=1) * P(cluster7=1|cluster10=1) * P(cluster10=1|cluster6=1) * P(cluster6=1|cluster2=1) * P(cluster2=1|cluster3=0) * P(cluster3=0|cluster8=0)[0.0524288]=0.041943
binkey=254 [Edge status: 0 1 1 1 1 1 1 1 ] P(G)=P(cluster8=0)[0.8] * P(cluster1=1|cluster2=1) * P(cluster9=1|cluster6=1) * P(cluster7=1|cluster10=1) * P(cluster10=1|cluster6=1) * P(cluster6=1|cluster2=1) * P(cluster2=1|cluster3=1) * P(cluster3=1|cluster8=0)[0.0524288]=0.041943
binkey=255 [Edge status: 1 1 1 1 1 1 1 1 ] P(G)=P(cluster8=1)[0.2] * P(cluster1=1|cluster2=1) * P(cluster9=1|cluster6=1) * P(cluster7=1|cluster10=1) * P(cluster10=1|cluster6=1) * P(cluster6=1|cluster2=1) * P(cluster2=1|cluster3=1) * P(cluster3=1|cluster8=1)[0.209715]=0.041943
binkey=127 [Edge status: 1 1 1 1 1 1 1 0 ] P(G)=P(cluster8=1)[0.2] * P(cluster1=1|cluster2=1) * P(cluster9=1|cluster6=1) * P(cluster7=0|cluster10=1) * P(cluster10=1|cluster6=1) * P(cluster6=1|cluster2=1) * P(cluster2=1|cluster3=1) * P(cluster3=1|cluster8=1)[0.0524288]=0.0104858
binkey=223 [Edge status: 1 1 1 1 1 0 1 1 ] P(G)=P(cluster8=1)[0.2] * P(cluster1=1|cluster2=1) * P(cluster9=0|cluster6=1) * P(cluster7=1|cluster10=1) * P(cluster10=1|cluster6=1) * P(cluster6=1|cluster2=1) * P(cluster2=1|cluster3=1) * P(cluster3=1|cluster8=1)[0.0524288]=0.0104858
binkey=95 [Edge status: 1 1 1 1 1 0 1 0 ] P(G)=P(cluster8=1)[0.2] * P(cluster1=1|cluster2=1) * P(cluster9=0|cluster6=1) * P(cluster7=0|cluster10=1) * P(cluster10=1|cluster6=1) * P(cluster6=1|cluster2=1) * P(cluster2=1|cluster3=1) * P(cluster3=1|cluster8=1)[0.0131072]=0.00262144
binkey=63 [Edge status: 1 1 1 1 1 1 0 0 ] P(G)=P(cluster8=1)[0.2] * P(cluster1=1|cluster2=1) * P(cluster9=1|cluster6=1) * P(cluster7=0|cluster10=0) * P(cluster10=0|cluster6=1) * P(cluster6=1|cluster2=1) * P(cluster2=1|cluster3=1) * P(cluster3=1|cluster8=1)[0.0524288]=0.0104858
binkey=31 [Edge status: 1 1 1 1 1 0 0 0 ] P(G)=P(cluster8=1)[0.2] * P(cluster1=1|cluster2=1) * P(cluster9=0|cluster6=1) * P(cluster7=0|cluster10=0) * P(cluster10=0|cluster6=1) * P(cluster6=1|cluster2=1) * P(cluster2=1|cluster3=1) * P(cluster3=1|cluster8=1)[0.0131072]=0.00262144
binkey=15 [Edge status: 1 1 1 1 0 0 0 0 ] P(G)=P(cluster8=1)[0.2] * P(cluster1=1|cluster2=1) * P(cluster9=0|cluster6=0) * P(cluster7=0|cluster10=0) * P(cluster10=0|cluster6=0) * P(cluster6=0|cluster2=1) * P(cluster2=1|cluster3=1) * P(cluster3=1|cluster8=1)[0.0524288]=0.0104858
ITERATION 0 newScore=-2.70492e+06 diffscore=14369.1 priorChange=-102.586 successMove=71
ITERATION 1 newScore=-2.69647e+06 diffscore=8444.64 priorChange=-119.221 successMove=55
ITERATION 2 newScore=-2.69251e+06 diffscore=3963.64 priorChange=-123.38 successMove=56
ITERATION 3 newScore=-2.68461e+06 diffscore=7904.54 priorChange=-123.38 successMove=65
ITERATION 4 newScore=-2.68073e+06 diffscore=3877.55 priorChange=-119.221 successMove=58
ITERATION 5 newScore=-2.67458e+06 diffscore=6144.37 priorChange=-112.29 successMove=51
ITERATION 6 newScore=-2.66605e+06 diffscore=8538.15 priorChange=-128.925 successMove=55
ITERATION 7 newScore=-2.66255e+06 diffscore=3493.8 priorChange=-113.676 successMove=54
ITERATION 8 newScore=-2.65626e+06 diffscore=6290.21 priorChange=-127.539 successMove=52
ITERATION 9 newScore=-2.65326e+06 diffscore=3003.46 priorChange=-103.972 successMove=51
ITERATION 10 newScore=-2.64931e+06 diffscore=3953.75 priorChange=-121.994 successMove=55
ITERATION 11 newScore=-2.64473e+06 diffscore=4574.79 priorChange=-117.835 successMove=50
ITERATION 12 newScore=-2.64288e+06 diffscore=1853.61 priorChange=-112.29 successMove=52
ITERATION 13 newScore=-2.6386e+06 diffscore=4273.87 priorChange=-124.766 successMove=54
ITERATION 14 newScore=-2.63764e+06 diffscore=959.989 priorChange=-121.994 successMove=51
ITERATION 15 newScore=-2.63698e+06 diffscore=665.643 priorChange=-116.449 successMove=50
ITERATION 16 newScore=-2.63258e+06 diffscore=4394.65 priorChange=-106.745 successMove=53
ITERATION 17 newScore=-2.63067e+06 diffscore=1909.86 priorChange=-115.062 successMove=50
ITERATION 18 newScore=-2.62799e+06 diffscore=2681.99 priorChange=-112.29 successMove=52
ITERATION 19 newScore=-2.62745e+06 diffscore=541.793 priorChange=-110.904 successMove=51
ITERATION 20 newScore=-2.62544e+06 diffscore=2006.72 priorChange=-109.517 successMove=51
ITERATION 21 newScore=-2.62416e+06 diffscore=1284.34 priorChange=-119.221 successMove=51
ITERATION 22 newScore=-2.62283e+06 diffscore=1328.05 priorChange=-115.062 successMove=59
ITERATION 23 newScore=-2.62212e+06 diffscore=711.191 priorChange=-115.062 successMove=51
ITERATION 24 newScore=-2.61898e+06 diffscore=3140.51 priorChange=-95.6543 successMove=50
ITERATION 25 newScore=-2.61756e+06 diffscore=1417.32 priorChange=-115.062 successMove=52
ITERATION 26 newScore=-2.61687e+06 diffscore=690.155 priorChange=-117.835 successMove=54
ITERATION 27 newScore=-2.61317e+06 diffscore=3701.15 priorChange=-103.972 successMove=51
ITERATION 28 newScore=-2.61087e+06 diffscore=2303.48 priorChange=-101.199 successMove=50
ITERATION 29 newScore=-2.61002e+06 diffscore=842.39 priorChange=-101.199 successMove=51
ITERATION 30 newScore=-2.60959e+06 diffscore=430.238 priorChange=-105.358 successMove=51
ITERATION 31 newScore=-2.60633e+06 diffscore=3264.21 priorChange=-110.904 successMove=48
ITERATION 32 newScore=-2.60497e+06 diffscore=1359.71 priorChange=-97.0406 successMove=48
ITERATION 33 newScore=-2.6034e+06 diffscore=1565.34 priorChange=-106.745 successMove=47
ITERATION 34 newScore=-2.60302e+06 diffscore=381.094 priorChange=-103.972 successMove=47
ITERATION 35 newScore=-2.60241e+06 diffscore=615.805 priorChange=-97.0406 successMove=48
ITERATION 36 newScore=-2.59965e+06 diffscore=2753.06 priorChange=-87.3365 successMove=50
ITERATION 37 newScore=-2.59919e+06 diffscore=467.027 priorChange=-95.6543 successMove=48
ITERATION 38 newScore=-2.59875e+06 diffscore=435.178 priorChange=-84.564 successMove=47
ITERATION 39 newScore=-2.59633e+06 diffscore=2421.24 priorChange=-98.4269 successMove=47
ITERATION 40 newScore=-2.59599e+06 diffscore=337.369 priorChange=-92.8817 successMove=48
ITERATION 41 newScore=-2.59438e+06 diffscore=1615.25 priorChange=-97.0406 successMove=46
ITERATION 42 newScore=-2.59249e+06 diffscore=1892.61 priorChange=-91.4954 successMove=46
ITERATION 43 newScore=-2.59214e+06 diffscore=349.016 priorChange=-90.1091 successMove=46
ITERATION 44 newScore=-2.59101e+06 diffscore=1129.64 priorChange=-88.7228 successMove=48
ITERATION 45 newScore=-2.5893e+06 diffscore=1706.54 priorChange=-92.8817 successMove=45
ITERATION 46 newScore=-2.58892e+06 diffscore=375.422 priorChange=-87.3365 successMove=45
ITERATION 47 newScore=-2.5868e+06 diffscore=2125.71 priorChange=-94.268 successMove=46
ITERATION 48 newScore=-2.58655e+06 diffscore=254.115 priorChange=-94.268 successMove=46
ITERATION 49 newScore=-2.5858e+06 diffscore=746.627 priorChange=-88.7228 successMove=45
ITERATION 50 newScore=-2.58558e+06 diffscore=216.449 priorChange=-88.7228 successMove=45
ITERATION 51 newScore=-2.58528e+06 diffscore=297.351 priorChange=-77.6325 successMove=46
ITERATION 52 newScore=-2.58506e+06 diffscore=222.48 priorChange=-81.7914 successMove=44
ITERATION 53 newScore=-2.58482e+06 diffscore=238.408 priorChange=-76.2462 successMove=42
ITERATION 54 newScore=-2.58457e+06 diffscore=254.53 priorChange=-72.0873 successMove=40
ITERATION 55 newScore=-2.58429e+06 diffscore=281.383 priorChange=-73.4736 successMove=42
ITERATION 56 newScore=-2.58292e+06 diffscore=1364.75 priorChange=-80.4051 successMove=39
ITERATION 57 newScore=-2.58251e+06 diffscore=410.877 priorChange=-72.0873 successMove=39
ITERATION 58 newScore=-2.58204e+06 diffscore=468.898 priorChange=-83.1777 successMove=38
ITERATION 59 newScore=-2.57853e+06 diffscore=3512.9 priorChange=-70.701 successMove=37
ITERATION 60 newScore=-2.57833e+06 diffscore=198.819 priorChange=-70.701 successMove=38
ITERATION 61 newScore=-2.57738e+06 diffscore=948.694 priorChange=-79.0188 successMove=36
ITERATION 62 newScore=-2.57668e+06 diffscore=705.687 priorChange=-60.997 successMove=36
ITERATION 63 newScore=-2.57642e+06 diffscore=257.204 priorChange=-72.0873 successMove=34
ITERATION 64 newScore=-2.57624e+06 diffscore=181.921 priorChange=-67.9284 successMove=35
ITERATION 65 newScore=-2.57501e+06 diffscore=1225.5 priorChange=-70.701 successMove=33
ITERATION 66 newScore=-2.57385e+06 diffscore=1166.88 priorChange=-52.6792 successMove=30
ITERATION 67 newScore=-2.57368e+06 diffscore=162.986 priorChange=-62.3832 successMove=29
ITERATION 68 newScore=-2.57353e+06 diffscore=148.344 priorChange=-56.8381 successMove=29
ITERATION 69 newScore=-2.57199e+06 diffscore=1540.01 priorChange=-54.0655 successMove=29
ITERATION 70 newScore=-2.57179e+06 diffscore=203.897 priorChange=-58.2244 successMove=26
ITERATION 71 newScore=-2.57165e+06 diffscore=138.664 priorChange=-52.6792 successMove=25
ITERATION 72 newScore=-2.57034e+06 diffscore=1315.06 priorChange=-54.0655 successMove=26
ITERATION 73 newScore=-2.56998e+06 diffscore=356.168 priorChange=-48.5203 successMove=25
ITERATION 74 newScore=-2.56986e+06 diffscore=122.017 priorChange=-40.2025 successMove=24
ITERATION 75 newScore=-2.56969e+06 diffscore=163.736 priorChange=-48.5203 successMove=24
ITERATION 76 newScore=-2.56816e+06 diffscore=1534.83 priorChange=-51.2929 successMove=23
ITERATION 77 newScore=-2.56755e+06 diffscore=607.234 priorChange=-47.134 successMove=23
ITERATION 78 newScore=-2.56746e+06 diffscore=95.9239 priorChange=-40.2025 successMove=21
ITERATION 79 newScore=-2.56737e+06 diffscore=87.1725 priorChange=-41.5888 successMove=20
ITERATION 80 newScore=-2.56728e+06 diffscore=88.2081 priorChange=-31.8848 successMove=19
ITERATION 81 newScore=-2.5672e+06 diffscore=82.1479 priorChange=-37.4299 successMove=18
ITERATION 82 newScore=-2.56712e+06 diffscore=81.869 priorChange=-30.4985 successMove=17
ITERATION 83 newScore=-2.56704e+06 diffscore=75.4288 priorChange=-31.8848 successMove=17
ITERATION 84 newScore=-2.56697e+06 diffscore=76.4379 priorChange=-29.1122 successMove=16
ITERATION 85 newScore=-2.56688e+06 diffscore=87.1088 priorChange=-34.6574 successMove=15
ITERATION 86 newScore=-2.56674e+06 diffscore=141.281 priorChange=-29.1122 successMove=14
ITERATION 87 newScore=-2.56663e+06 diffscore=104.41 priorChange=-22.1807 successMove=12
ITERATION 88 newScore=-2.56649e+06 diffscore=139.504 priorChange=-26.3396 successMove=12
ITERATION 89 newScore=-2.56631e+06 diffscore=179.065 priorChange=-19.4081 successMove=11
ITERATION 90 newScore=-2.56616e+06 diffscore=159.043 priorChange=-19.4081 successMove=10
ITERATION 91 newScore=-2.56595e+06 diffscore=206.246 priorChange=-20.7944 successMove=10
ITERATION 92 newScore=-2.56362e+06 diffscore=2332.07 priorChange=-20.7944 successMove=10
ITERATION 93 newScore=-2.56358e+06 diffscore=33.7681 priorChange=-15.2492 successMove=8
ITERATION 94 newScore=-2.56355e+06 diffscore=31.2536 priorChange=-15.2492 successMove=9
ITERATION 95 newScore=-2.56352e+06 diffscore=30.6069 priorChange=-13.8629 successMove=8
ITERATION 96 newScore=-2.56349e+06 diffscore=27.7538 priorChange=-11.0904 successMove=8
ITERATION 97 newScore=-2.56346e+06 diffscore=33.5634 priorChange=-18.0218 successMove=8
ITERATION 98 newScore=-2.56343e+06 diffscore=28.4935 priorChange=-11.0904 successMove=9
ITERATION 99 newScore=-2.5634e+06 diffscore=28.1603 priorChange=-12.4766 successMove=8
MetaLearner::dumpAllGraphs
Final Score -2.5634e+06
MetaLearner::start runtime: 1294358880 ms
Results/
Results/cluster3/
Results/cluster3/fold0/
Results/cluster3/fold0/modelparams.txt
Results/cluster3/fold0/var_mb_pw_k50.txt
Results/cluster7/
Results/cluster7/fold0/
Results/cluster7/fold0/modelparams.txt
Results/cluster7/fold0/var_mb_pw_k50.txt
Results/cluster2/
Results/cluster2/fold0/
Results/cluster2/fold0/modelparams.txt
Results/cluster2/fold0/var_mb_pw_k50.txt
Results/cluster9/
Results/cluster9/fold0/
Results/cluster9/fold0/modelparams.txt
Results/cluster9/fold0/var_mb_pw_k50.txt
Results/cluster6/
Results/cluster6/fold0/
Results/cluster6/fold0/modelparams.txt
Results/cluster6/fold0/var_mb_pw_k50.txt
Results/cluster1/
Results/cluster1/fold0/
Results/cluster1/fold0/modelparams.txt
Results/cluster1/fold0/var_mb_pw_k50.txt
Results/cluster10/
Results/cluster10/fold0/
Results/cluster10/fold0/modelparams.txt
Results/cluster10/fold0/var_mb_pw_k50.txt
Results/cluster8/
Results/cluster8/scoreFile.txt
Results/cluster8/fold0/
Results/cluster8/fold0/modelparams.txt
Results/cluster8/fold0/var_mb_pw_k50.txt
