./CVN -f config_condor.txt -x50 -v1 -l TFs_OGs.txt -n AllGenes161.txt -d celltype_tree_ancestor.txt -m testdata_ogids.txt -s celltype_order.txt -p 0.2 -c yes -b -4 -q 4
(cluster3|cluster8) p_maintain_edge=0.8 p_gain=0.2
(cluster2|cluster3) p_maintain_edge=0.8 p_gain=0.2
(cluster1|cluster2) p_maintain_edge=0.8 p_gain=0.2
(cluster6|cluster2) p_maintain_edge=0.8 p_gain=0.2
(cluster9|cluster6) p_maintain_edge=0.8 p_gain=0.2
(cluster10|cluster6) p_maintain_edge=0.8 p_gain=0.2
(cluster7|cluster10) p_maintain_edge=0.8 p_gain=0.2
speciesSet.size()=8 Root is cluster8
MappedOrthogroupReader::readSpeciesMapping() --- celltype_order.txt
MappedOrthogroupReader::readFile - testdata_ogids.txt
MappedOrthogroupReader::generateGeneOrthoMap()
MetaLearner::init_onefold() read:config_condor.txt
MetaLearner::setinputVariableNames number of variables: 2042
readEvidenceTable:cluster8.table
PotentialManager::loadEvidenceFromTable varCount=2042 sampleCount=348
motifNetwork.size() = 319
0=cluster8 motifNetwork=cluster8_network.txt
variable size=2042
readEvidenceTable:cluster3.table
PotentialManager::loadEvidenceFromTable varCount=2042 sampleCount=95
motifNetwork.size() = 326
1=cluster3 motifNetwork=cluster3_network.txt
variable size=2042
readEvidenceTable:cluster2.table
PotentialManager::loadEvidenceFromTable varCount=2042 sampleCount=386
motifNetwork.size() = 328
2=cluster2 motifNetwork=cluster2_network.txt
variable size=2042
readEvidenceTable:cluster1.table
PotentialManager::loadEvidenceFromTable varCount=2042 sampleCount=36
motifNetwork.size() = 322
3=cluster1 motifNetwork=cluster1_network.txt
variable size=2042
readEvidenceTable:cluster6.table
PotentialManager::loadEvidenceFromTable varCount=2042 sampleCount=524
motifNetwork.size() = 320
4=cluster6 motifNetwork=cluster6_network.txt
variable size=2042
readEvidenceTable:cluster9.table
PotentialManager::loadEvidenceFromTable varCount=2042 sampleCount=184
motifNetwork.size() = 327
5=cluster9 motifNetwork=cluster9_network.txt
variable size=2042
readEvidenceTable:cluster10.table
PotentialManager::loadEvidenceFromTable varCount=2042 sampleCount=165
motifNetwork.size() = 326
6=cluster10 motifNetwork=cluster10_network.txt
variable size=2042
readEvidenceTable:cluster7.table
PotentialManager::loadEvidenceFromTable varCount=2042 sampleCount=1032
motifNetwork.size() = 320
7=cluster7 motifNetwork=cluster7_network.txt
variable size=2042
-------------------------------------------------------------
MetaLearner::start
precomputeEmptyGraphPrior
binkey=0 [Edge status: 0 0 0 0 0 0 0 0 ] P(G)=P(cluster8=0)[0.8] * P(cluster1=0|cluster2=0) * P(cluster9=0|cluster6=0) * P(cluster7=0|cluster10=0) * P(cluster10=0|cluster6=0) * P(cluster6=0|cluster2=0) * P(cluster2=0|cluster3=0) * P(cluster3=0|cluster8=0)[0.209715]=0.167772
condsetMap_Tree
0 cluster8=0 cluster3=0 cluster2=0 cluster1=0 cluster6=0 cluster9=0 cluster10=0 cluster7=1
1 cluster8=0 cluster3=0 cluster2=0 cluster1=0 cluster6=0 cluster9=1 cluster10=0 cluster7=0
2 cluster8=0 cluster3=0 cluster2=0 cluster1=0 cluster6=0 cluster9=1 cluster10=0 cluster7=1
3 cluster8=0 cluster3=0 cluster2=0 cluster1=1 cluster6=0 cluster9=0 cluster10=0 cluster7=0
4 cluster8=0 cluster3=0 cluster2=0 cluster1=1 cluster6=0 cluster9=0 cluster10=0 cluster7=1
5 cluster8=0 cluster3=0 cluster2=0 cluster1=1 cluster6=0 cluster9=1 cluster10=0 cluster7=0
6 cluster8=0 cluster3=0 cluster2=0 cluster1=1 cluster6=0 cluster9=1 cluster10=0 cluster7=1
7 cluster8=0 cluster3=0 cluster2=0 cluster1=0 cluster6=0 cluster9=0 cluster10=1 cluster7=1
8 cluster8=0 cluster3=0 cluster2=0 cluster1=0 cluster6=0 cluster9=1 cluster10=1 cluster7=1
9 cluster8=0 cluster3=0 cluster2=0 cluster1=1 cluster6=0 cluster9=0 cluster10=1 cluster7=1
10 cluster8=0 cluster3=0 cluster2=0 cluster1=1 cluster6=0 cluster9=1 cluster10=1 cluster7=1
11 cluster8=0 cluster3=0 cluster2=0 cluster1=0 cluster6=1 cluster9=1 cluster10=1 cluster7=1
12 cluster8=0 cluster3=0 cluster2=0 cluster1=1 cluster6=1 cluster9=1 cluster10=1 cluster7=1
13 cluster8=0 cluster3=0 cluster2=1 cluster1=1 cluster6=1 cluster9=1 cluster10=1 cluster7=1
14 cluster8=0 cluster3=1 cluster2=1 cluster1=1 cluster6=1 cluster9=1 cluster10=1 cluster7=1
15 cluster8=1 cluster3=1 cluster2=1 cluster1=1 cluster6=1 cluster9=1 cluster10=1 cluster7=1
16 cluster8=1 cluster3=1 cluster2=1 cluster1=1 cluster6=1 cluster9=1 cluster10=1 cluster7=0
17 cluster8=1 cluster3=1 cluster2=1 cluster1=1 cluster6=1 cluster9=0 cluster10=1 cluster7=1
18 cluster8=1 cluster3=1 cluster2=1 cluster1=1 cluster6=1 cluster9=0 cluster10=1 cluster7=0
19 cluster8=1 cluster3=1 cluster2=1 cluster1=0 cluster6=1 cluster9=1 cluster10=1 cluster7=1
20 cluster8=1 cluster3=1 cluster2=1 cluster1=0 cluster6=1 cluster9=1 cluster10=1 cluster7=0
21 cluster8=1 cluster3=1 cluster2=1 cluster1=0 cluster6=1 cluster9=0 cluster10=1 cluster7=1
22 cluster8=1 cluster3=1 cluster2=1 cluster1=0 cluster6=1 cluster9=0 cluster10=1 cluster7=0
23 cluster8=1 cluster3=1 cluster2=1 cluster1=1 cluster6=1 cluster9=1 cluster10=0 cluster7=0
24 cluster8=1 cluster3=1 cluster2=1 cluster1=1 cluster6=1 cluster9=0 cluster10=0 cluster7=0
25 cluster8=1 cluster3=1 cluster2=1 cluster1=0 cluster6=1 cluster9=1 cluster10=0 cluster7=0
26 cluster8=1 cluster3=1 cluster2=1 cluster1=0 cluster6=1 cluster9=0 cluster10=0 cluster7=0
27 cluster8=1 cluster3=1 cluster2=1 cluster1=1 cluster6=0 cluster9=0 cluster10=0 cluster7=0
28 cluster8=1 cluster3=1 cluster2=1 cluster1=0 cluster6=0 cluster9=0 cluster10=0 cluster7=0
29 cluster8=1 cluster3=1 cluster2=0 cluster1=0 cluster6=0 cluster9=0 cluster10=0 cluster7=0
30 cluster8=1 cluster3=0 cluster2=0 cluster1=0 cluster6=0 cluster9=0 cluster10=0 cluster7=0
31 cluster8=0 cluster3=0 cluster2=0 cluster1=0 cluster6=1 cluster9=0 cluster10=0 cluster7=0
32 cluster8=0 cluster3=0 cluster2=1 cluster1=0 cluster6=0 cluster9=0 cluster10=0 cluster7=0
33 cluster8=0 cluster3=0 cluster2=0 cluster1=0 cluster6=0 cluster9=0 cluster10=1 cluster7=0
34 cluster8=0 cluster3=1 cluster2=0 cluster1=0 cluster6=0 cluster9=0 cluster10=0 cluster7=0
inputRegulatorOGs.size() = 1999 inputOGList.size() = 50
binkey=4 [Edge status: 0 0 1 0 0 0 0 0 ] P(G)=P(cluster8=0)[0.8] * P(cluster1=0|cluster2=1) * P(cluster9=0|cluster6=0) * P(cluster7=0|cluster10=0) * P(cluster10=0|cluster6=0) * P(cluster6=0|cluster2=1) * P(cluster2=1|cluster3=0) * P(cluster3=0|cluster8=0)[0.0032768]=0.00262144
binkey=64 [Edge status: 0 0 0 0 0 0 1 0 ] P(G)=P(cluster8=0)[0.8] * P(cluster1=0|cluster2=0) * P(cluster9=0|cluster6=0) * P(cluster7=0|cluster10=1) * P(cluster10=1|cluster6=0) * P(cluster6=0|cluster2=0) * P(cluster2=0|cluster3=0) * P(cluster3=0|cluster8=0)[0.0131072]=0.0104858
binkey=8 [Edge status: 0 0 0 1 0 0 0 0 ] P(G)=P(cluster8=0)[0.8] * P(cluster1=1|cluster2=0) * P(cluster9=0|cluster6=0) * P(cluster7=0|cluster10=0) * P(cluster10=0|cluster6=0) * P(cluster6=0|cluster2=0) * P(cluster2=0|cluster3=0) * P(cluster3=0|cluster8=0)[0.0524288]=0.041943
binkey=1 [Edge status: 1 0 0 0 0 0 0 0 ] P(G)=P(cluster8=1)[0.2] * P(cluster1=0|cluster2=0) * P(cluster9=0|cluster6=0) * P(cluster7=0|cluster10=0) * P(cluster10=0|cluster6=0) * P(cluster6=0|cluster2=0) * P(cluster2=0|cluster3=0) * P(cluster3=0|cluster8=1)[0.0524288]=0.0104858
binkey=2 [Edge status: 0 1 0 0 0 0 0 0 ] P(G)=P(cluster8=0)[0.8] * P(cluster1=0|cluster2=0) * P(cluster9=0|cluster6=0) * P(cluster7=0|cluster10=0) * P(cluster10=0|cluster6=0) * P(cluster6=0|cluster2=0) * P(cluster2=0|cluster3=1) * P(cluster3=1|cluster8=0)[0.0131072]=0.0104858
binkey=16 [Edge status: 0 0 0 0 1 0 0 0 ] P(G)=P(cluster8=0)[0.8] * P(cluster1=0|cluster2=0) * P(cluster9=0|cluster6=1) * P(cluster7=0|cluster10=0) * P(cluster10=0|cluster6=1) * P(cluster6=1|cluster2=0) * P(cluster2=0|cluster3=0) * P(cluster3=0|cluster8=0)[0.0032768]=0.00262144
binkey=128 [Edge status: 0 0 0 0 0 0 0 1 ] P(G)=P(cluster8=0)[0.8] * P(cluster1=0|cluster2=0) * P(cluster9=0|cluster6=0) * P(cluster7=1|cluster10=0) * P(cluster10=0|cluster6=0) * P(cluster6=0|cluster2=0) * P(cluster2=0|cluster3=0) * P(cluster3=0|cluster8=0)[0.0524288]=0.041943
binkey=136 [Edge status: 0 0 0 1 0 0 0 1 ] P(G)=P(cluster8=0)[0.8] * P(cluster1=1|cluster2=0) * P(cluster9=0|cluster6=0) * P(cluster7=1|cluster10=0) * P(cluster10=0|cluster6=0) * P(cluster6=0|cluster2=0) * P(cluster2=0|cluster3=0) * P(cluster3=0|cluster8=0)[0.0131072]=0.0104858
binkey=3 [Edge status: 1 1 0 0 0 0 0 0 ] P(G)=P(cluster8=1)[0.2] * P(cluster1=0|cluster2=0) * P(cluster9=0|cluster6=0) * P(cluster7=0|cluster10=0) * P(cluster10=0|cluster6=0) * P(cluster6=0|cluster2=0) * P(cluster2=0|cluster3=1) * P(cluster3=1|cluster8=1)[0.0524288]=0.0104858
binkey=32 [Edge status: 0 0 0 0 0 1 0 0 ] P(G)=P(cluster8=0)[0.8] * P(cluster1=0|cluster2=0) * P(cluster9=1|cluster6=0) * P(cluster7=0|cluster10=0) * P(cluster10=0|cluster6=0) * P(cluster6=0|cluster2=0) * P(cluster2=0|cluster3=0) * P(cluster3=0|cluster8=0)[0.0524288]=0.041943
binkey=160 [Edge status: 0 0 0 0 0 1 0 1 ] P(G)=P(cluster8=0)[0.8] * P(cluster1=0|cluster2=0) * P(cluster9=1|cluster6=0) * P(cluster7=1|cluster10=0) * P(cluster10=0|cluster6=0) * P(cluster6=0|cluster2=0) * P(cluster2=0|cluster3=0) * P(cluster3=0|cluster8=0)[0.0131072]=0.0104858
binkey=192 [Edge status: 0 0 0 0 0 0 1 1 ] P(G)=P(cluster8=0)[0.8] * P(cluster1=0|cluster2=0) * P(cluster9=0|cluster6=0) * P(cluster7=1|cluster10=1) * P(cluster10=1|cluster6=0) * P(cluster6=0|cluster2=0) * P(cluster2=0|cluster3=0) * P(cluster3=0|cluster8=0)[0.0524288]=0.041943
binkey=224 [Edge status: 0 0 0 0 0 1 1 1 ] P(G)=P(cluster8=0)[0.8] * P(cluster1=0|cluster2=0) * P(cluster9=1|cluster6=0) * P(cluster7=1|cluster10=1) * P(cluster10=1|cluster6=0) * P(cluster6=0|cluster2=0) * P(cluster2=0|cluster3=0) * P(cluster3=0|cluster8=0)[0.0131072]=0.0104858
binkey=240 [Edge status: 0 0 0 0 1 1 1 1 ] P(G)=P(cluster8=0)[0.8] * P(cluster1=0|cluster2=0) * P(cluster9=1|cluster6=1) * P(cluster7=1|cluster10=1) * P(cluster10=1|cluster6=1) * P(cluster6=1|cluster2=0) * P(cluster2=0|cluster3=0) * P(cluster3=0|cluster8=0)[0.0524288]=0.041943
binkey=7 [Edge status: 1 1 1 0 0 0 0 0 ] P(G)=P(cluster8=1)[0.2] * P(cluster1=0|cluster2=1) * P(cluster9=0|cluster6=0) * P(cluster7=0|cluster10=0) * P(cluster10=0|cluster6=0) * P(cluster6=0|cluster2=1) * P(cluster2=1|cluster3=1) * P(cluster3=1|cluster8=1)[0.0131072]=0.00262144
binkey=200 [Edge status: 0 0 0 1 0 0 1 1 ] P(G)=P(cluster8=0)[0.8] * P(cluster1=1|cluster2=0) * P(cluster9=0|cluster6=0) * P(cluster7=1|cluster10=1) * P(cluster10=1|cluster6=0) * P(cluster6=0|cluster2=0) * P(cluster2=0|cluster3=0) * P(cluster3=0|cluster8=0)[0.0131072]=0.0104858
binkey=40 [Edge status: 0 0 0 1 0 1 0 0 ] P(G)=P(cluster8=0)[0.8] * P(cluster1=1|cluster2=0) * P(cluster9=1|cluster6=0) * P(cluster7=0|cluster10=0) * P(cluster10=0|cluster6=0) * P(cluster6=0|cluster2=0) * P(cluster2=0|cluster3=0) * P(cluster3=0|cluster8=0)[0.0131072]=0.0104858
binkey=168 [Edge status: 0 0 0 1 0 1 0 1 ] P(G)=P(cluster8=0)[0.8] * P(cluster1=1|cluster2=0) * P(cluster9=1|cluster6=0) * P(cluster7=1|cluster10=0) * P(cluster10=0|cluster6=0) * P(cluster6=0|cluster2=0) * P(cluster2=0|cluster3=0) * P(cluster3=0|cluster8=0)[0.0032768]=0.00262144
binkey=232 [Edge status: 0 0 0 1 0 1 1 1 ] P(G)=P(cluster8=0)[0.8] * P(cluster1=1|cluster2=0) * P(cluster9=1|cluster6=0) * P(cluster7=1|cluster10=1) * P(cluster10=1|cluster6=0) * P(cluster6=0|cluster2=0) * P(cluster2=0|cluster3=0) * P(cluster3=0|cluster8=0)[0.0032768]=0.00262144
binkey=87 [Edge status: 1 1 1 0 1 0 1 0 ] P(G)=P(cluster8=1)[0.2] * P(cluster1=0|cluster2=1) * P(cluster9=0|cluster6=1) * P(cluster7=0|cluster10=1) * P(cluster10=1|cluster6=1) * P(cluster6=1|cluster2=1) * P(cluster2=1|cluster3=1) * P(cluster3=1|cluster8=1)[0.0032768]=0.00065536
binkey=23 [Edge status: 1 1 1 0 1 0 0 0 ] P(G)=P(cluster8=1)[0.2] * P(cluster1=0|cluster2=1) * P(cluster9=0|cluster6=1) * P(cluster7=0|cluster10=0) * P(cluster10=0|cluster6=1) * P(cluster6=1|cluster2=1) * P(cluster2=1|cluster3=1) * P(cluster3=1|cluster8=1)[0.0032768]=0.00065536
ITERATION 0 newScore=-2.68952e+06 diffscore=13137.8 priorChange=-102.586 successMove=54
ITERATION 1 newScore=-2.6845e+06 diffscore=5025.65 priorChange=-102.586 successMove=51
ITERATION 2 newScore=-2.67702e+06 diffscore=7475.77 priorChange=-120.608 successMove=53
ITERATION 3 newScore=-2.66949e+06 diffscore=7535.28 priorChange=-113.676 successMove=51
ITERATION 4 newScore=-2.66479e+06 diffscore=4701.98 priorChange=-115.062 successMove=52
ITERATION 5 newScore=-2.66123e+06 diffscore=3560.26 priorChange=-115.062 successMove=51
ITERATION 6 newScore=-2.65872e+06 diffscore=2506.86 priorChange=-127.539 successMove=52
ITERATION 7 newScore=-2.65126e+06 diffscore=7461.26 priorChange=-117.835 successMove=51
ITERATION 8 newScore=-2.64701e+06 diffscore=4244.99 priorChange=-106.745 successMove=50
ITERATION 9 newScore=-2.64476e+06 diffscore=2255.08 priorChange=-116.449 successMove=50
ITERATION 10 newScore=-2.64266e+06 diffscore=2094.72 priorChange=-116.449 successMove=50
ITERATION 11 newScore=-2.64193e+06 diffscore=729.176 priorChange=-113.676 successMove=52
binkey=248 [Edge status: 0 0 0 1 1 1 1 1 ] P(G)=P(cluster8=0)[0.8] * P(cluster1=1|cluster2=0) * P(cluster9=1|cluster6=1) * P(cluster7=1|cluster10=1) * P(cluster10=1|cluster6=1) * P(cluster6=1|cluster2=0) * P(cluster2=0|cluster3=0) * P(cluster3=0|cluster8=0)[0.0131072]=0.0104858
binkey=252 [Edge status: 0 0 1 1 1 1 1 1 ] P(G)=P(cluster8=0)[0.8] * P(cluster1=1|cluster2=1) * P(cluster9=1|cluster6=1) * P(cluster7=1|cluster10=1) * P(cluster10=1|cluster6=1) * P(cluster6=1|cluster2=1) * P(cluster2=1|cluster3=0) * P(cluster3=0|cluster8=0)[0.0524288]=0.041943
ITERATION 12 newScore=-2.63833e+06 diffscore=3608.13 priorChange=-108.131 successMove=49
ITERATION 13 newScore=-2.63322e+06 diffscore=5101.53 priorChange=-101.199 successMove=49
ITERATION 14 newScore=-2.63252e+06 diffscore=700.721 priorChange=-110.904 successMove=54
ITERATION 15 newScore=-2.6289e+06 diffscore=3620.25 priorChange=-113.676 successMove=49
ITERATION 16 newScore=-2.62707e+06 diffscore=1836.04 priorChange=-106.745 successMove=51
ITERATION 17 newScore=-2.62572e+06 diffscore=1342.22 priorChange=-110.904 successMove=48
ITERATION 18 newScore=-2.6252e+06 diffscore=527.149 priorChange=-115.062 successMove=53
ITERATION 19 newScore=-2.62357e+06 diffscore=1631.35 priorChange=-112.29 successMove=47
ITERATION 20 newScore=-2.62299e+06 diffscore=578.641 priorChange=-101.199 successMove=47
ITERATION 21 newScore=-2.62022e+06 diffscore=2769.69 priorChange=-110.904 successMove=48
ITERATION 22 newScore=-2.61882e+06 diffscore=1394.56 priorChange=-109.517 successMove=45
ITERATION 23 newScore=-2.61717e+06 diffscore=1654.24 priorChange=-109.517 successMove=45
ITERATION 24 newScore=-2.61651e+06 diffscore=656.448 priorChange=-84.564 successMove=45
ITERATION 25 newScore=-2.61445e+06 diffscore=2060.47 priorChange=-95.6543 successMove=43
ITERATION 26 newScore=-2.61174e+06 diffscore=2713.25 priorChange=-94.268 successMove=45
ITERATION 27 newScore=-2.61061e+06 diffscore=1124.36 priorChange=-98.4269 successMove=43
ITERATION 28 newScore=-2.61019e+06 diffscore=420.826 priorChange=-97.0406 successMove=43
ITERATION 29 newScore=-2.60824e+06 diffscore=1949.55 priorChange=-112.29 successMove=43
ITERATION 30 newScore=-2.60733e+06 diffscore=916.016 priorChange=-91.4954 successMove=44
ITERATION 31 newScore=-2.60682e+06 diffscore=510.001 priorChange=-92.8817 successMove=43
ITERATION 32 newScore=-2.60642e+06 diffscore=399.838 priorChange=-98.4269 successMove=43
ITERATION 33 newScore=-2.60446e+06 diffscore=1958.27 priorChange=-94.268 successMove=45
ITERATION 34 newScore=-2.60238e+06 diffscore=2082.55 priorChange=-85.9503 successMove=45
ITERATION 35 newScore=-2.60165e+06 diffscore=723.239 priorChange=-105.358 successMove=43
ITERATION 36 newScore=-2.60022e+06 diffscore=1437.49 priorChange=-98.4269 successMove=44
ITERATION 37 newScore=-2.5985e+06 diffscore=1718.49 priorChange=-85.9503 successMove=43
ITERATION 38 newScore=-2.59817e+06 diffscore=332.391 priorChange=-94.268 successMove=43
ITERATION 39 newScore=-2.59739e+06 diffscore=771.814 priorChange=-91.4954 successMove=44
ITERATION 40 newScore=-2.59638e+06 diffscore=1018.54 priorChange=-87.3365 successMove=42
ITERATION 41 newScore=-2.59524e+06 diffscore=1136.06 priorChange=-83.1777 successMove=45
ITERATION 42 newScore=-2.59324e+06 diffscore=2001.3 priorChange=-85.9503 successMove=42
ITERATION 43 newScore=-2.59295e+06 diffscore=283.942 priorChange=-77.6325 successMove=43
ITERATION 44 newScore=-2.59265e+06 diffscore=306.154 priorChange=-98.4269 successMove=42
ITERATION 45 newScore=-2.59233e+06 diffscore=315.773 priorChange=-95.6543 successMove=43
ITERATION 46 newScore=-2.59051e+06 diffscore=1819.41 priorChange=-67.9284 successMove=44
ITERATION 47 newScore=-2.58863e+06 diffscore=1881.68 priorChange=-76.2462 successMove=42
ITERATION 48 newScore=-2.58841e+06 diffscore=225.619 priorChange=-94.268 successMove=43
ITERATION 49 newScore=-2.58817e+06 diffscore=237.104 priorChange=-95.6543 successMove=42
ITERATION 50 newScore=-2.58793e+06 diffscore=240.699 priorChange=-92.8817 successMove=41
ITERATION 51 newScore=-2.58771e+06 diffscore=214.994 priorChange=-84.564 successMove=42
ITERATION 52 newScore=-2.58745e+06 diffscore=259.1 priorChange=-90.1091 successMove=40
ITERATION 53 newScore=-2.5872e+06 diffscore=251.902 priorChange=-80.4051 successMove=40
ITERATION 54 newScore=-2.58679e+06 diffscore=409.948 priorChange=-84.564 successMove=39
ITERATION 55 newScore=-2.5855e+06 diffscore=1287.42 priorChange=-74.8599 successMove=37
ITERATION 56 newScore=-2.58391e+06 diffscore=1590.34 priorChange=-88.7228 successMove=38
ITERATION 57 newScore=-2.58342e+06 diffscore=491.063 priorChange=-74.8599 successMove=37
ITERATION 58 newScore=-2.58318e+06 diffscore=238.344 priorChange=-85.9503 successMove=36
ITERATION 59 newScore=-2.5821e+06 diffscore=1084.33 priorChange=-73.4736 successMove=34
ITERATION 60 newScore=-2.58053e+06 diffscore=1574.96 priorChange=-70.701 successMove=34
ITERATION 61 newScore=-2.57932e+06 diffscore=1206.66 priorChange=-72.0873 successMove=32
ITERATION 62 newScore=-2.57901e+06 diffscore=304.475 priorChange=-58.2244 successMove=32
ITERATION 63 newScore=-2.57791e+06 diffscore=1102.36 priorChange=-65.1558 successMove=32
ITERATION 64 newScore=-2.57646e+06 diffscore=1452.9 priorChange=-59.6107 successMove=33
ITERATION 65 newScore=-2.57624e+06 diffscore=223.438 priorChange=-65.1558 successMove=31
ITERATION 66 newScore=-2.57366e+06 diffscore=2576.15 priorChange=-65.1558 successMove=31
ITERATION 67 newScore=-2.57349e+06 diffscore=167.331 priorChange=-62.3832 successMove=29
ITERATION 68 newScore=-2.57331e+06 diffscore=180.318 priorChange=-58.2244 successMove=28
ITERATION 69 newScore=-2.57241e+06 diffscore=902.288 priorChange=-59.6107 successMove=29
ITERATION 70 newScore=-2.57163e+06 diffscore=776.833 priorChange=-62.3832 successMove=28
ITERATION 71 newScore=-2.5715e+06 diffscore=134.992 priorChange=-56.8381 successMove=28
ITERATION 72 newScore=-2.57137e+06 diffscore=124.599 priorChange=-58.2244 successMove=26
ITERATION 73 newScore=-2.57124e+06 diffscore=137.485 priorChange=-54.0655 successMove=25
ITERATION 74 newScore=-2.57108e+06 diffscore=158.305 priorChange=-38.8162 successMove=23
ITERATION 75 newScore=-2.57091e+06 diffscore=171.337 priorChange=-41.5888 successMove=22
ITERATION 76 newScore=-2.57061e+06 diffscore=291.86 priorChange=-47.134 successMove=25
ITERATION 77 newScore=-2.56919e+06 diffscore=1425.26 priorChange=-51.2929 successMove=21
ITERATION 78 newScore=-2.56812e+06 diffscore=1073.73 priorChange=-38.8162 successMove=20
ITERATION 79 newScore=-2.56674e+06 diffscore=1371.64 priorChange=-36.0437 successMove=22
ITERATION 80 newScore=-2.56654e+06 diffscore=199.624 priorChange=-34.6574 successMove=21
ITERATION 81 newScore=-2.56636e+06 diffscore=181.702 priorChange=-42.9751 successMove=20
ITERATION 82 newScore=-2.56611e+06 diffscore=250.221 priorChange=-36.0437 successMove=22
ITERATION 83 newScore=-2.56484e+06 diffscore=1271.12 priorChange=-38.8162 successMove=19
ITERATION 84 newScore=-2.56456e+06 diffscore=280.254 priorChange=-33.2711 successMove=19
ITERATION 85 newScore=-2.56389e+06 diffscore=671.513 priorChange=-33.2711 successMove=18
ITERATION 86 newScore=-2.56243e+06 diffscore=1461.96 priorChange=-30.4985 successMove=16
ITERATION 87 newScore=-2.56223e+06 diffscore=192.364 priorChange=-37.4299 successMove=16
ITERATION 88 newScore=-2.56208e+06 diffscore=154.388 priorChange=-29.1122 successMove=15
ITERATION 89 newScore=-2.56196e+06 diffscore=119.634 priorChange=-23.567 successMove=15
ITERATION 90 newScore=-2.56184e+06 diffscore=121.567 priorChange=-31.8848 successMove=14
ITERATION 91 newScore=-2.56168e+06 diffscore=159.915 priorChange=-22.1807 successMove=15
ITERATION 92 newScore=-2.56132e+06 diffscore=357.034 priorChange=-26.3396 successMove=13
ITERATION 93 newScore=-2.55997e+06 diffscore=1353.77 priorChange=-22.1807 successMove=13
ITERATION 94 newScore=-2.55891e+06 diffscore=1058.5 priorChange=-27.7259 successMove=12
ITERATION 95 newScore=-2.55809e+06 diffscore=817.426 priorChange=-23.567 successMove=11
ITERATION 96 newScore=-2.55804e+06 diffscore=48.4149 priorChange=-30.4985 successMove=11
ITERATION 97 newScore=-2.558e+06 diffscore=43.2691 priorChange=-24.9533 successMove=10
ITERATION 98 newScore=-2.55796e+06 diffscore=36.8749 priorChange=-24.9533 successMove=10
ITERATION 99 newScore=-2.55793e+06 diffscore=29.9269 priorChange=-12.4766 successMove=9
MetaLearner::dumpAllGraphs
Final Score -2.55793e+06
MetaLearner::start runtime: 1604736110 ms
Results/
Results/cluster2/
Results/cluster2/fold0/
Results/cluster2/fold0/var_mb_pw_k50.txt
Results/cluster2/fold0/modelparams.txt
Results/cluster9/
Results/cluster9/fold0/
Results/cluster9/fold0/var_mb_pw_k50.txt
Results/cluster9/fold0/modelparams.txt
Results/cluster1/
Results/cluster1/fold0/
Results/cluster1/fold0/var_mb_pw_k50.txt
Results/cluster1/fold0/modelparams.txt
Results/cluster3/
Results/cluster3/fold0/
Results/cluster3/fold0/var_mb_pw_k50.txt
Results/cluster3/fold0/modelparams.txt
Results/cluster8/
Results/cluster8/scoreFile.txt
Results/cluster8/fold0/
Results/cluster8/fold0/var_mb_pw_k50.txt
Results/cluster8/fold0/modelparams.txt
Results/cluster6/
Results/cluster6/fold0/
Results/cluster6/fold0/var_mb_pw_k50.txt
Results/cluster6/fold0/modelparams.txt
Results/cluster10/
Results/cluster10/fold0/
Results/cluster10/fold0/var_mb_pw_k50.txt
Results/cluster10/fold0/modelparams.txt
Results/cluster7/
Results/cluster7/fold0/
Results/cluster7/fold0/var_mb_pw_k50.txt
Results/cluster7/fold0/modelparams.txt
