000 (49777.401.000) 10/11 10:48:08 Job submitted from host: <144.92.142.142:9618?addrs=144.92.142.142-9618&noUDP&sock=44923_051a_3>
...
001 (49777.401.000) 10/11 13:43:05 Job executing on host: <128.105.68.38:9618?addrs=128.105.68.38-9618&alias=e2468.chtc.wisc.edu&noUDP&sock=startd_4884_98a3>
...
006 (49777.401.000) 10/11 13:43:14 Image size of job updated: 156748
	103  -  MemoryUsage of job (MB)
	105268  -  ResidentSetSize of job (KB)
...
006 (49777.401.000) 10/11 13:48:15 Image size of job updated: 722328
	656  -  MemoryUsage of job (MB)
	671080  -  ResidentSetSize of job (KB)
...
006 (49777.401.000) 10/11 13:53:16 Image size of job updated: 795888
	733  -  MemoryUsage of job (MB)
	750016  -  ResidentSetSize of job (KB)
...
006 (49777.401.000) 10/11 13:58:16 Image size of job updated: 941216
	873  -  MemoryUsage of job (MB)
	892972  -  ResidentSetSize of job (KB)
...
006 (49777.401.000) 10/11 14:03:17 Image size of job updated: 1465724
	1412  -  MemoryUsage of job (MB)
	1445788  -  ResidentSetSize of job (KB)
...
006 (49777.401.000) 10/11 14:08:18 Image size of job updated: 1993720
	1897  -  MemoryUsage of job (MB)
	1941844  -  ResidentSetSize of job (KB)
...
006 (49777.401.000) 10/11 14:12:13 Image size of job updated: 2366720
	1897  -  MemoryUsage of job (MB)
	1941844  -  ResidentSetSize of job (KB)
...
005 (49777.401.000) 10/11 14:12:14 Job terminated.
	(1) Normal termination (return value 0)
		Usr 0 00:28:28, Sys 0 00:00:03  -  Run Remote Usage
		Usr 0 00:00:00, Sys 0 00:00:00  -  Run Local Usage
		Usr 0 00:28:28, Sys 0 00:00:03  -  Total Remote Usage
		Usr 0 00:00:00, Sys 0 00:00:00  -  Total Local Usage
	169809  -  Run Bytes Sent By Job
	316905856  -  Run Bytes Received By Job
	169809  -  Total Bytes Sent By Job
	316905856  -  Total Bytes Received By Job
	Partitionable Resources :     Usage  Request Allocated 
	   Cpus                 :      1.00        1         1 
	   Disk (KB)            : 325000      819200   1694917 
	   Memory (MB)          :   1897       20480     20480 
...
