./CVN -f config_condor.txt -x50 -v1 -l TFs_OGs.txt -n AllGenes58.txt -d celltype_tree_ancestor.txt -m testdata_ogids.txt -s celltype_order.txt -p 0.2 -c yes -b -4 -q 4
(cluster3|cluster8) p_maintain_edge=0.8 p_gain=0.2
(cluster2|cluster3) p_maintain_edge=0.8 p_gain=0.2
(cluster1|cluster2) p_maintain_edge=0.8 p_gain=0.2
(cluster6|cluster2) p_maintain_edge=0.8 p_gain=0.2
(cluster9|cluster6) p_maintain_edge=0.8 p_gain=0.2
(cluster10|cluster6) p_maintain_edge=0.8 p_gain=0.2
(cluster7|cluster10) p_maintain_edge=0.8 p_gain=0.2
speciesSet.size()=8 Root is cluster8
MappedOrthogroupReader::readSpeciesMapping() --- celltype_order.txt
MappedOrthogroupReader::readFile - testdata_ogids.txt
MappedOrthogroupReader::generateGeneOrthoMap()
MetaLearner::init_onefold() read:config_condor.txt
MetaLearner::setinputVariableNames number of variables: 2043
readEvidenceTable:cluster8.table
PotentialManager::loadEvidenceFromTable varCount=2043 sampleCount=348
motifNetwork.size() = 319
0=cluster8 motifNetwork=cluster8_network.txt
variable size=2043
readEvidenceTable:cluster3.table
PotentialManager::loadEvidenceFromTable varCount=2043 sampleCount=95
motifNetwork.size() = 326
1=cluster3 motifNetwork=cluster3_network.txt
variable size=2043
readEvidenceTable:cluster2.table
PotentialManager::loadEvidenceFromTable varCount=2043 sampleCount=386
motifNetwork.size() = 328
2=cluster2 motifNetwork=cluster2_network.txt
variable size=2043
readEvidenceTable:cluster1.table
PotentialManager::loadEvidenceFromTable varCount=2043 sampleCount=36
motifNetwork.size() = 322
3=cluster1 motifNetwork=cluster1_network.txt
variable size=2043
readEvidenceTable:cluster6.table
PotentialManager::loadEvidenceFromTable varCount=2043 sampleCount=524
motifNetwork.size() = 320
4=cluster6 motifNetwork=cluster6_network.txt
variable size=2043
readEvidenceTable:cluster9.table
PotentialManager::loadEvidenceFromTable varCount=2043 sampleCount=184
motifNetwork.size() = 327
5=cluster9 motifNetwork=cluster9_network.txt
variable size=2043
readEvidenceTable:cluster10.table
PotentialManager::loadEvidenceFromTable varCount=2043 sampleCount=165
motifNetwork.size() = 326
6=cluster10 motifNetwork=cluster10_network.txt
variable size=2043
readEvidenceTable:cluster7.table
PotentialManager::loadEvidenceFromTable varCount=2043 sampleCount=1032
motifNetwork.size() = 320
7=cluster7 motifNetwork=cluster7_network.txt
variable size=2043
-------------------------------------------------------------
MetaLearner::start
precomputeEmptyGraphPrior
binkey=0 [Edge status: 0 0 0 0 0 0 0 0 ] P(G)=P(cluster8=0)[0.8] * P(cluster1=0|cluster2=0) * P(cluster9=0|cluster6=0) * P(cluster7=0|cluster10=0) * P(cluster10=0|cluster6=0) * P(cluster6=0|cluster2=0) * P(cluster2=0|cluster3=0) * P(cluster3=0|cluster8=0)[0.209715]=0.167772
condsetMap_Tree
0 cluster8=0 cluster3=0 cluster2=0 cluster1=0 cluster6=0 cluster9=0 cluster10=0 cluster7=1
1 cluster8=0 cluster3=0 cluster2=0 cluster1=0 cluster6=0 cluster9=1 cluster10=0 cluster7=0
2 cluster8=0 cluster3=0 cluster2=0 cluster1=0 cluster6=0 cluster9=1 cluster10=0 cluster7=1
3 cluster8=0 cluster3=0 cluster2=0 cluster1=1 cluster6=0 cluster9=0 cluster10=0 cluster7=0
4 cluster8=0 cluster3=0 cluster2=0 cluster1=1 cluster6=0 cluster9=0 cluster10=0 cluster7=1
5 cluster8=0 cluster3=0 cluster2=0 cluster1=1 cluster6=0 cluster9=1 cluster10=0 cluster7=0
6 cluster8=0 cluster3=0 cluster2=0 cluster1=1 cluster6=0 cluster9=1 cluster10=0 cluster7=1
7 cluster8=0 cluster3=0 cluster2=0 cluster1=0 cluster6=0 cluster9=0 cluster10=1 cluster7=1
8 cluster8=0 cluster3=0 cluster2=0 cluster1=0 cluster6=0 cluster9=1 cluster10=1 cluster7=1
9 cluster8=0 cluster3=0 cluster2=0 cluster1=1 cluster6=0 cluster9=0 cluster10=1 cluster7=1
10 cluster8=0 cluster3=0 cluster2=0 cluster1=1 cluster6=0 cluster9=1 cluster10=1 cluster7=1
11 cluster8=0 cluster3=0 cluster2=0 cluster1=0 cluster6=1 cluster9=1 cluster10=1 cluster7=1
12 cluster8=0 cluster3=0 cluster2=0 cluster1=1 cluster6=1 cluster9=1 cluster10=1 cluster7=1
13 cluster8=0 cluster3=0 cluster2=1 cluster1=1 cluster6=1 cluster9=1 cluster10=1 cluster7=1
14 cluster8=0 cluster3=1 cluster2=1 cluster1=1 cluster6=1 cluster9=1 cluster10=1 cluster7=1
15 cluster8=1 cluster3=1 cluster2=1 cluster1=1 cluster6=1 cluster9=1 cluster10=1 cluster7=1
16 cluster8=1 cluster3=1 cluster2=1 cluster1=1 cluster6=1 cluster9=1 cluster10=1 cluster7=0
17 cluster8=1 cluster3=1 cluster2=1 cluster1=1 cluster6=1 cluster9=0 cluster10=1 cluster7=1
18 cluster8=1 cluster3=1 cluster2=1 cluster1=1 cluster6=1 cluster9=0 cluster10=1 cluster7=0
19 cluster8=1 cluster3=1 cluster2=1 cluster1=0 cluster6=1 cluster9=1 cluster10=1 cluster7=1
20 cluster8=1 cluster3=1 cluster2=1 cluster1=0 cluster6=1 cluster9=1 cluster10=1 cluster7=0
21 cluster8=1 cluster3=1 cluster2=1 cluster1=0 cluster6=1 cluster9=0 cluster10=1 cluster7=1
22 cluster8=1 cluster3=1 cluster2=1 cluster1=0 cluster6=1 cluster9=0 cluster10=1 cluster7=0
23 cluster8=1 cluster3=1 cluster2=1 cluster1=1 cluster6=1 cluster9=1 cluster10=0 cluster7=0
24 cluster8=1 cluster3=1 cluster2=1 cluster1=1 cluster6=1 cluster9=0 cluster10=0 cluster7=0
25 cluster8=1 cluster3=1 cluster2=1 cluster1=0 cluster6=1 cluster9=1 cluster10=0 cluster7=0
26 cluster8=1 cluster3=1 cluster2=1 cluster1=0 cluster6=1 cluster9=0 cluster10=0 cluster7=0
27 cluster8=1 cluster3=1 cluster2=1 cluster1=1 cluster6=0 cluster9=0 cluster10=0 cluster7=0
28 cluster8=1 cluster3=1 cluster2=1 cluster1=0 cluster6=0 cluster9=0 cluster10=0 cluster7=0
29 cluster8=1 cluster3=1 cluster2=0 cluster1=0 cluster6=0 cluster9=0 cluster10=0 cluster7=0
30 cluster8=1 cluster3=0 cluster2=0 cluster1=0 cluster6=0 cluster9=0 cluster10=0 cluster7=0
31 cluster8=0 cluster3=0 cluster2=0 cluster1=0 cluster6=1 cluster9=0 cluster10=0 cluster7=0
32 cluster8=0 cluster3=0 cluster2=1 cluster1=0 cluster6=0 cluster9=0 cluster10=0 cluster7=0
33 cluster8=0 cluster3=0 cluster2=0 cluster1=0 cluster6=0 cluster9=0 cluster10=1 cluster7=0
34 cluster8=0 cluster3=1 cluster2=0 cluster1=0 cluster6=0 cluster9=0 cluster10=0 cluster7=0
inputRegulatorOGs.size() = 1999 inputOGList.size() = 50
binkey=2 [Edge status: 0 1 0 0 0 0 0 0 ] P(G)=P(cluster8=0)[0.8] * P(cluster1=0|cluster2=0) * P(cluster9=0|cluster6=0) * P(cluster7=0|cluster10=0) * P(cluster10=0|cluster6=0) * P(cluster6=0|cluster2=0) * P(cluster2=0|cluster3=1) * P(cluster3=1|cluster8=0)[0.0131072]=0.0104858
binkey=1 [Edge status: 1 0 0 0 0 0 0 0 ] P(G)=P(cluster8=1)[0.2] * P(cluster1=0|cluster2=0) * P(cluster9=0|cluster6=0) * P(cluster7=0|cluster10=0) * P(cluster10=0|cluster6=0) * P(cluster6=0|cluster2=0) * P(cluster2=0|cluster3=0) * P(cluster3=0|cluster8=1)[0.0524288]=0.0104858
binkey=16 [Edge status: 0 0 0 0 1 0 0 0 ] P(G)=P(cluster8=0)[0.8] * P(cluster1=0|cluster2=0) * P(cluster9=0|cluster6=1) * P(cluster7=0|cluster10=0) * P(cluster10=0|cluster6=1) * P(cluster6=1|cluster2=0) * P(cluster2=0|cluster3=0) * P(cluster3=0|cluster8=0)[0.0032768]=0.00262144
binkey=4 [Edge status: 0 0 1 0 0 0 0 0 ] P(G)=P(cluster8=0)[0.8] * P(cluster1=0|cluster2=1) * P(cluster9=0|cluster6=0) * P(cluster7=0|cluster10=0) * P(cluster10=0|cluster6=0) * P(cluster6=0|cluster2=1) * P(cluster2=1|cluster3=0) * P(cluster3=0|cluster8=0)[0.0032768]=0.00262144
binkey=128 [Edge status: 0 0 0 0 0 0 0 1 ] P(G)=P(cluster8=0)[0.8] * P(cluster1=0|cluster2=0) * P(cluster9=0|cluster6=0) * P(cluster7=1|cluster10=0) * P(cluster10=0|cluster6=0) * P(cluster6=0|cluster2=0) * P(cluster2=0|cluster3=0) * P(cluster3=0|cluster8=0)[0.0524288]=0.041943
binkey=7 [Edge status: 1 1 1 0 0 0 0 0 ] P(G)=P(cluster8=1)[0.2] * P(cluster1=0|cluster2=1) * P(cluster9=0|cluster6=0) * P(cluster7=0|cluster10=0) * P(cluster10=0|cluster6=0) * P(cluster6=0|cluster2=1) * P(cluster2=1|cluster3=1) * P(cluster3=1|cluster8=1)[0.0131072]=0.00262144
binkey=3 [Edge status: 1 1 0 0 0 0 0 0 ] P(G)=P(cluster8=1)[0.2] * P(cluster1=0|cluster2=0) * P(cluster9=0|cluster6=0) * P(cluster7=0|cluster10=0) * P(cluster10=0|cluster6=0) * P(cluster6=0|cluster2=0) * P(cluster2=0|cluster3=1) * P(cluster3=1|cluster8=1)[0.0524288]=0.0104858
binkey=64 [Edge status: 0 0 0 0 0 0 1 0 ] P(G)=P(cluster8=0)[0.8] * P(cluster1=0|cluster2=0) * P(cluster9=0|cluster6=0) * P(cluster7=0|cluster10=1) * P(cluster10=1|cluster6=0) * P(cluster6=0|cluster2=0) * P(cluster2=0|cluster3=0) * P(cluster3=0|cluster8=0)[0.0131072]=0.0104858
binkey=32 [Edge status: 0 0 0 0 0 1 0 0 ] P(G)=P(cluster8=0)[0.8] * P(cluster1=0|cluster2=0) * P(cluster9=1|cluster6=0) * P(cluster7=0|cluster10=0) * P(cluster10=0|cluster6=0) * P(cluster6=0|cluster2=0) * P(cluster2=0|cluster3=0) * P(cluster3=0|cluster8=0)[0.0524288]=0.041943
binkey=160 [Edge status: 0 0 0 0 0 1 0 1 ] P(G)=P(cluster8=0)[0.8] * P(cluster1=0|cluster2=0) * P(cluster9=1|cluster6=0) * P(cluster7=1|cluster10=0) * P(cluster10=0|cluster6=0) * P(cluster6=0|cluster2=0) * P(cluster2=0|cluster3=0) * P(cluster3=0|cluster8=0)[0.0131072]=0.0104858
binkey=192 [Edge status: 0 0 0 0 0 0 1 1 ] P(G)=P(cluster8=0)[0.8] * P(cluster1=0|cluster2=0) * P(cluster9=0|cluster6=0) * P(cluster7=1|cluster10=1) * P(cluster10=1|cluster6=0) * P(cluster6=0|cluster2=0) * P(cluster2=0|cluster3=0) * P(cluster3=0|cluster8=0)[0.0524288]=0.041943
binkey=224 [Edge status: 0 0 0 0 0 1 1 1 ] P(G)=P(cluster8=0)[0.8] * P(cluster1=0|cluster2=0) * P(cluster9=1|cluster6=0) * P(cluster7=1|cluster10=1) * P(cluster10=1|cluster6=0) * P(cluster6=0|cluster2=0) * P(cluster2=0|cluster3=0) * P(cluster3=0|cluster8=0)[0.0131072]=0.0104858
binkey=8 [Edge status: 0 0 0 1 0 0 0 0 ] P(G)=P(cluster8=0)[0.8] * P(cluster1=1|cluster2=0) * P(cluster9=0|cluster6=0) * P(cluster7=0|cluster10=0) * P(cluster10=0|cluster6=0) * P(cluster6=0|cluster2=0) * P(cluster2=0|cluster3=0) * P(cluster3=0|cluster8=0)[0.0524288]=0.041943
binkey=136 [Edge status: 0 0 0 1 0 0 0 1 ] P(G)=P(cluster8=0)[0.8] * P(cluster1=1|cluster2=0) * P(cluster9=0|cluster6=0) * P(cluster7=1|cluster10=0) * P(cluster10=0|cluster6=0) * P(cluster6=0|cluster2=0) * P(cluster2=0|cluster3=0) * P(cluster3=0|cluster8=0)[0.0131072]=0.0104858
binkey=40 [Edge status: 0 0 0 1 0 1 0 0 ] P(G)=P(cluster8=0)[0.8] * P(cluster1=1|cluster2=0) * P(cluster9=1|cluster6=0) * P(cluster7=0|cluster10=0) * P(cluster10=0|cluster6=0) * P(cluster6=0|cluster2=0) * P(cluster2=0|cluster3=0) * P(cluster3=0|cluster8=0)[0.0131072]=0.0104858
binkey=168 [Edge status: 0 0 0 1 0 1 0 1 ] P(G)=P(cluster8=0)[0.8] * P(cluster1=1|cluster2=0) * P(cluster9=1|cluster6=0) * P(cluster7=1|cluster10=0) * P(cluster10=0|cluster6=0) * P(cluster6=0|cluster2=0) * P(cluster2=0|cluster3=0) * P(cluster3=0|cluster8=0)[0.0032768]=0.00262144
binkey=215 [Edge status: 1 1 1 0 1 0 1 1 ] P(G)=P(cluster8=1)[0.2] * P(cluster1=0|cluster2=1) * P(cluster9=0|cluster6=1) * P(cluster7=1|cluster10=1) * P(cluster10=1|cluster6=1) * P(cluster6=1|cluster2=1) * P(cluster2=1|cluster3=1) * P(cluster3=1|cluster8=1)[0.0131072]=0.00262144
binkey=87 [Edge status: 1 1 1 0 1 0 1 0 ] P(G)=P(cluster8=1)[0.2] * P(cluster1=0|cluster2=1) * P(cluster9=0|cluster6=1) * P(cluster7=0|cluster10=1) * P(cluster10=1|cluster6=1) * P(cluster6=1|cluster2=1) * P(cluster2=1|cluster3=1) * P(cluster3=1|cluster8=1)[0.0032768]=0.00065536
binkey=23 [Edge status: 1 1 1 0 1 0 0 0 ] P(G)=P(cluster8=1)[0.2] * P(cluster1=0|cluster2=1) * P(cluster9=0|cluster6=1) * P(cluster7=0|cluster10=0) * P(cluster10=0|cluster6=1) * P(cluster6=1|cluster2=1) * P(cluster2=1|cluster3=1) * P(cluster3=1|cluster8=1)[0.0032768]=0.00065536
binkey=200 [Edge status: 0 0 0 1 0 0 1 1 ] P(G)=P(cluster8=0)[0.8] * P(cluster1=1|cluster2=0) * P(cluster9=0|cluster6=0) * P(cluster7=1|cluster10=1) * P(cluster10=1|cluster6=0) * P(cluster6=0|cluster2=0) * P(cluster2=0|cluster3=0) * P(cluster3=0|cluster8=0)[0.0131072]=0.0104858
binkey=232 [Edge status: 0 0 0 1 0 1 1 1 ] P(G)=P(cluster8=0)[0.8] * P(cluster1=1|cluster2=0) * P(cluster9=1|cluster6=0) * P(cluster7=1|cluster10=1) * P(cluster10=1|cluster6=0) * P(cluster6=0|cluster2=0) * P(cluster2=0|cluster3=0) * P(cluster3=0|cluster8=0)[0.0032768]=0.00262144
binkey=240 [Edge status: 0 0 0 0 1 1 1 1 ] P(G)=P(cluster8=0)[0.8] * P(cluster1=0|cluster2=0) * P(cluster9=1|cluster6=1) * P(cluster7=1|cluster10=1) * P(cluster10=1|cluster6=1) * P(cluster6=1|cluster2=0) * P(cluster2=0|cluster3=0) * P(cluster3=0|cluster8=0)[0.0524288]=0.041943
binkey=248 [Edge status: 0 0 0 1 1 1 1 1 ] P(G)=P(cluster8=0)[0.8] * P(cluster1=1|cluster2=0) * P(cluster9=1|cluster6=1) * P(cluster7=1|cluster10=1) * P(cluster10=1|cluster6=1) * P(cluster6=1|cluster2=0) * P(cluster2=0|cluster3=0) * P(cluster3=0|cluster8=0)[0.0131072]=0.0104858
binkey=252 [Edge status: 0 0 1 1 1 1 1 1 ] P(G)=P(cluster8=0)[0.8] * P(cluster1=1|cluster2=1) * P(cluster9=1|cluster6=1) * P(cluster7=1|cluster10=1) * P(cluster10=1|cluster6=1) * P(cluster6=1|cluster2=1) * P(cluster2=1|cluster3=0) * P(cluster3=0|cluster8=0)[0.0524288]=0.041943
binkey=55 [Edge status: 1 1 1 0 1 1 0 0 ] P(G)=P(cluster8=1)[0.2] * P(cluster1=0|cluster2=1) * P(cluster9=1|cluster6=1) * P(cluster7=0|cluster10=0) * P(cluster10=0|cluster6=1) * P(cluster6=1|cluster2=1) * P(cluster2=1|cluster3=1) * P(cluster3=1|cluster8=1)[0.0131072]=0.00262144
binkey=31 [Edge status: 1 1 1 1 1 0 0 0 ] P(G)=P(cluster8=1)[0.2] * P(cluster1=1|cluster2=1) * P(cluster9=0|cluster6=1) * P(cluster7=0|cluster10=0) * P(cluster10=0|cluster6=1) * P(cluster6=1|cluster2=1) * P(cluster2=1|cluster3=1) * P(cluster3=1|cluster8=1)[0.0131072]=0.00262144
binkey=15 [Edge status: 1 1 1 1 0 0 0 0 ] P(G)=P(cluster8=1)[0.2] * P(cluster1=1|cluster2=1) * P(cluster9=0|cluster6=0) * P(cluster7=0|cluster10=0) * P(cluster10=0|cluster6=0) * P(cluster6=0|cluster2=1) * P(cluster2=1|cluster3=1) * P(cluster3=1|cluster8=1)[0.0524288]=0.0104858
binkey=247 [Edge status: 1 1 1 0 1 1 1 1 ] P(G)=P(cluster8=1)[0.2] * P(cluster1=0|cluster2=1) * P(cluster9=1|cluster6=1) * P(cluster7=1|cluster10=1) * P(cluster10=1|cluster6=1) * P(cluster6=1|cluster2=1) * P(cluster2=1|cluster3=1) * P(cluster3=1|cluster8=1)[0.0524288]=0.0104858
binkey=119 [Edge status: 1 1 1 0 1 1 1 0 ] P(G)=P(cluster8=1)[0.2] * P(cluster1=0|cluster2=1) * P(cluster9=1|cluster6=1) * P(cluster7=0|cluster10=1) * P(cluster10=1|cluster6=1) * P(cluster6=1|cluster2=1) * P(cluster2=1|cluster3=1) * P(cluster3=1|cluster8=1)[0.0131072]=0.00262144
ITERATION 0 newScore=-2.72437e+06 diffscore=14049.2 priorChange=-109.517 successMove=66
ITERATION 1 newScore=-2.72005e+06 diffscore=4316.57 priorChange=-110.904 successMove=60
ITERATION 2 newScore=-2.71458e+06 diffscore=5469.74 priorChange=-112.29 successMove=54
ITERATION 3 newScore=-2.71184e+06 diffscore=2744.93 priorChange=-116.449 successMove=51
ITERATION 4 newScore=-2.7084e+06 diffscore=3433.55 priorChange=-112.29 successMove=52
ITERATION 5 newScore=-2.70225e+06 diffscore=6151.22 priorChange=-117.835 successMove=52
ITERATION 6 newScore=-2.69466e+06 diffscore=7592.24 priorChange=-120.608 successMove=53
ITERATION 7 newScore=-2.69092e+06 diffscore=3744.17 priorChange=-117.835 successMove=53
binkey=223 [Edge status: 1 1 1 1 1 0 1 1 ] P(G)=P(cluster8=1)[0.2] * P(cluster1=1|cluster2=1) * P(cluster9=0|cluster6=1) * P(cluster7=1|cluster10=1) * P(cluster10=1|cluster6=1) * P(cluster6=1|cluster2=1) * P(cluster2=1|cluster3=1) * P(cluster3=1|cluster8=1)[0.0524288]=0.0104858
binkey=95 [Edge status: 1 1 1 1 1 0 1 0 ] P(G)=P(cluster8=1)[0.2] * P(cluster1=1|cluster2=1) * P(cluster9=0|cluster6=1) * P(cluster7=0|cluster10=1) * P(cluster10=1|cluster6=1) * P(cluster6=1|cluster2=1) * P(cluster2=1|cluster3=1) * P(cluster3=1|cluster8=1)[0.0131072]=0.00262144
ITERATION 8 newScore=-2.68621e+06 diffscore=4706.84 priorChange=-115.062 successMove=61
ITERATION 9 newScore=-2.6854e+06 diffscore=809.946 priorChange=-112.29 successMove=51
ITERATION 10 newScore=-2.68086e+06 diffscore=4540.51 priorChange=-113.676 successMove=51
ITERATION 11 newScore=-2.6783e+06 diffscore=2557.5 priorChange=-116.449 successMove=53
ITERATION 12 newScore=-2.67512e+06 diffscore=3182.88 priorChange=-101.199 successMove=51
ITERATION 13 newScore=-2.67353e+06 diffscore=1590.02 priorChange=-116.449 successMove=51
ITERATION 14 newScore=-2.66904e+06 diffscore=4487.98 priorChange=-105.358 successMove=50
ITERATION 15 newScore=-2.6668e+06 diffscore=2244.13 priorChange=-109.517 successMove=54
ITERATION 16 newScore=-2.66533e+06 diffscore=1467.48 priorChange=-116.449 successMove=54
ITERATION 17 newScore=-2.66466e+06 diffscore=674.07 priorChange=-119.221 successMove=51
ITERATION 18 newScore=-2.66091e+06 diffscore=3748.25 priorChange=-106.745 successMove=51
ITERATION 19 newScore=-2.65951e+06 diffscore=1392.94 priorChange=-119.221 successMove=50
ITERATION 20 newScore=-2.65659e+06 diffscore=2929.56 priorChange=-117.835 successMove=52
ITERATION 21 newScore=-2.65511e+06 diffscore=1474.66 priorChange=-105.358 successMove=50
ITERATION 22 newScore=-2.65322e+06 diffscore=1889.47 priorChange=-98.4269 successMove=48
ITERATION 23 newScore=-2.65024e+06 diffscore=2981.55 priorChange=-94.268 successMove=51
ITERATION 24 newScore=-2.64895e+06 diffscore=1287.17 priorChange=-108.131 successMove=49
ITERATION 25 newScore=-2.64475e+06 diffscore=4199.25 priorChange=-105.358 successMove=48
ITERATION 26 newScore=-2.6431e+06 diffscore=1657.11 priorChange=-103.972 successMove=50
ITERATION 27 newScore=-2.64045e+06 diffscore=2646.66 priorChange=-103.972 successMove=49
ITERATION 28 newScore=-2.63863e+06 diffscore=1821.3 priorChange=-98.4269 successMove=49
ITERATION 29 newScore=-2.63614e+06 diffscore=2486.46 priorChange=-92.8817 successMove=48
ITERATION 30 newScore=-2.63409e+06 diffscore=2054.94 priorChange=-97.0406 successMove=48
ITERATION 31 newScore=-2.63362e+06 diffscore=471.166 priorChange=-91.4954 successMove=48
ITERATION 32 newScore=-2.63249e+06 diffscore=1125.2 priorChange=-90.1091 successMove=49
ITERATION 33 newScore=-2.63044e+06 diffscore=2050.03 priorChange=-77.6325 successMove=45
ITERATION 34 newScore=-2.62673e+06 diffscore=3708.71 priorChange=-92.8817 successMove=46
ITERATION 35 newScore=-2.62628e+06 diffscore=451.329 priorChange=-95.6543 successMove=49
ITERATION 36 newScore=-2.62592e+06 diffscore=359.354 priorChange=-85.9503 successMove=45
ITERATION 37 newScore=-2.62315e+06 diffscore=2773.55 priorChange=-76.2462 successMove=45
ITERATION 38 newScore=-2.61977e+06 diffscore=3372.33 priorChange=-88.7228 successMove=45
ITERATION 39 newScore=-2.61949e+06 diffscore=284.688 priorChange=-88.7228 successMove=46
ITERATION 40 newScore=-2.61911e+06 diffscore=382.231 priorChange=-110.904 successMove=47
ITERATION 41 newScore=-2.6185e+06 diffscore=609.639 priorChange=-102.586 successMove=44
ITERATION 42 newScore=-2.61809e+06 diffscore=406.81 priorChange=-106.745 successMove=45
ITERATION 43 newScore=-2.61675e+06 diffscore=1339.47 priorChange=-102.586 successMove=45
ITERATION 44 newScore=-2.61622e+06 diffscore=532.355 priorChange=-103.972 successMove=42
ITERATION 45 newScore=-2.61471e+06 diffscore=1504.77 priorChange=-109.517 successMove=41
ITERATION 46 newScore=-2.61337e+06 diffscore=1341.48 priorChange=-94.268 successMove=40
ITERATION 47 newScore=-2.61307e+06 diffscore=305.784 priorChange=-95.6543 successMove=41
ITERATION 48 newScore=-2.61141e+06 diffscore=1658.94 priorChange=-83.1777 successMove=39
ITERATION 49 newScore=-2.61052e+06 diffscore=884.74 priorChange=-94.268 successMove=38
ITERATION 50 newScore=-2.60909e+06 diffscore=1437.01 priorChange=-83.1777 successMove=36
ITERATION 51 newScore=-2.60891e+06 diffscore=179.773 priorChange=-80.4051 successMove=36
ITERATION 52 newScore=-2.6087e+06 diffscore=206.956 priorChange=-79.0188 successMove=36
ITERATION 53 newScore=-2.60767e+06 diffscore=1025.74 priorChange=-94.268 successMove=35
ITERATION 54 newScore=-2.60742e+06 diffscore=252.2 priorChange=-77.6325 successMove=38
ITERATION 55 newScore=-2.60721e+06 diffscore=212.505 priorChange=-67.9284 successMove=36
ITERATION 56 newScore=-2.607e+06 diffscore=205.956 priorChange=-81.7914 successMove=35
ITERATION 57 newScore=-2.60681e+06 diffscore=195.96 priorChange=-80.4051 successMove=34
ITERATION 58 newScore=-2.60651e+06 diffscore=294.539 priorChange=-66.5421 successMove=34
ITERATION 59 newScore=-2.6051e+06 diffscore=1417.27 priorChange=-72.0873 successMove=37
ITERATION 60 newScore=-2.60364e+06 diffscore=1454.05 priorChange=-74.8599 successMove=32
ITERATION 61 newScore=-2.60343e+06 diffscore=212.447 priorChange=-69.3147 successMove=30
ITERATION 62 newScore=-2.60199e+06 diffscore=1442.74 priorChange=-67.9284 successMove=30
ITERATION 63 newScore=-2.60161e+06 diffscore=372.344 priorChange=-67.9284 successMove=30
ITERATION 64 newScore=-2.60131e+06 diffscore=309.078 priorChange=-58.2244 successMove=30
ITERATION 65 newScore=-2.60072e+06 diffscore=585.793 priorChange=-58.2244 successMove=31
ITERATION 66 newScore=-2.59825e+06 diffscore=2468.37 priorChange=-77.6325 successMove=29
ITERATION 67 newScore=-2.59703e+06 diffscore=1225.72 priorChange=-67.9284 successMove=30
ITERATION 68 newScore=-2.59688e+06 diffscore=142.505 priorChange=-67.9284 successMove=28
ITERATION 69 newScore=-2.59664e+06 diffscore=238.814 priorChange=-45.7477 successMove=27
ITERATION 70 newScore=-2.59535e+06 diffscore=1293.74 priorChange=-58.2244 successMove=25
ITERATION 71 newScore=-2.59523e+06 diffscore=118.78 priorChange=-40.2025 successMove=25
ITERATION 72 newScore=-2.5951e+06 diffscore=127.613 priorChange=-44.3614 successMove=26
ITERATION 73 newScore=-2.59488e+06 diffscore=220.885 priorChange=-45.7477 successMove=23
ITERATION 74 newScore=-2.59469e+06 diffscore=193.919 priorChange=-36.0437 successMove=23
ITERATION 75 newScore=-2.59384e+06 diffscore=849.217 priorChange=-37.4299 successMove=22
ITERATION 76 newScore=-2.59373e+06 diffscore=106.138 priorChange=-45.7477 successMove=21
ITERATION 77 newScore=-2.59267e+06 diffscore=1066.86 priorChange=-40.2025 successMove=19
ITERATION 78 newScore=-2.5926e+06 diffscore=70.412 priorChange=-29.1122 successMove=18
ITERATION 79 newScore=-2.59248e+06 diffscore=111.692 priorChange=-30.4985 successMove=16
ITERATION 80 newScore=-2.5923e+06 diffscore=186.087 priorChange=-31.8848 successMove=15
ITERATION 81 newScore=-2.59171e+06 diffscore=587.387 priorChange=-24.9533 successMove=14
ITERATION 82 newScore=-2.5911e+06 diffscore=614.529 priorChange=-27.7259 successMove=14
ITERATION 83 newScore=-2.59096e+06 diffscore=140.91 priorChange=-19.4081 successMove=13
ITERATION 84 newScore=-2.58992e+06 diffscore=1032.58 priorChange=-23.567 successMove=12
ITERATION 85 newScore=-2.58986e+06 diffscore=61.2029 priorChange=-27.7259 successMove=12
ITERATION 86 newScore=-2.58981e+06 diffscore=52.9547 priorChange=-23.567 successMove=13
ITERATION 87 newScore=-2.58974e+06 diffscore=67.1239 priorChange=-22.1807 successMove=12
ITERATION 88 newScore=-2.58967e+06 diffscore=74.8344 priorChange=-24.9533 successMove=12
ITERATION 89 newScore=-2.58948e+06 diffscore=186.755 priorChange=-16.6355 successMove=11
ITERATION 90 newScore=-2.58845e+06 diffscore=1031.65 priorChange=-15.2492 successMove=11
ITERATION 91 newScore=-2.58841e+06 diffscore=40.7149 priorChange=-22.1807 successMove=10
ITERATION 92 newScore=-2.58837e+06 diffscore=36.6495 priorChange=-16.6355 successMove=10
ITERATION 93 newScore=-2.58831e+06 diffscore=66.235 priorChange=-6.93147 successMove=8
ITERATION 94 newScore=-2.58827e+06 diffscore=33.396 priorChange=-9.70406 successMove=8
ITERATION 95 newScore=-2.58825e+06 diffscore=24.559 priorChange=-5.54518 successMove=8
ITERATION 96 newScore=-2.58821e+06 diffscore=36.9313 priorChange=-11.0904 successMove=7
ITERATION 97 newScore=-2.58815e+06 diffscore=65.0692 priorChange=-9.70406 successMove=7
ITERATION 98 newScore=-2.5881e+06 diffscore=42.3683 priorChange=-4.15888 successMove=6
ITERATION 99 newScore=-2.58795e+06 diffscore=149.364 priorChange=-6.93147 successMove=5
MetaLearner::dumpAllGraphs
Final Score -2.58795e+06
MetaLearner::start runtime: 1443853226 ms
Results/
Results/cluster9/
Results/cluster9/fold0/
Results/cluster9/fold0/modelparams.txt
Results/cluster9/fold0/var_mb_pw_k50.txt
Results/cluster10/
Results/cluster10/fold0/
Results/cluster10/fold0/modelparams.txt
Results/cluster10/fold0/var_mb_pw_k50.txt
Results/cluster6/
Results/cluster6/fold0/
Results/cluster6/fold0/modelparams.txt
Results/cluster6/fold0/var_mb_pw_k50.txt
Results/cluster1/
Results/cluster1/fold0/
Results/cluster1/fold0/modelparams.txt
Results/cluster1/fold0/var_mb_pw_k50.txt
Results/cluster3/
Results/cluster3/fold0/
Results/cluster3/fold0/modelparams.txt
Results/cluster3/fold0/var_mb_pw_k50.txt
Results/cluster8/
Results/cluster8/fold0/
Results/cluster8/fold0/modelparams.txt
Results/cluster8/fold0/var_mb_pw_k50.txt
Results/cluster8/scoreFile.txt
Results/cluster7/
Results/cluster7/fold0/
Results/cluster7/fold0/modelparams.txt
Results/cluster7/fold0/var_mb_pw_k50.txt
Results/cluster2/
Results/cluster2/fold0/
Results/cluster2/fold0/modelparams.txt
Results/cluster2/fold0/var_mb_pw_k50.txt
