000 (49777.2554.000) 10/11 10:48:14 Job submitted from host: <144.92.142.142:9618?addrs=144.92.142.142-9618&noUDP&sock=44923_051a_3>
...
001 (49777.2554.000) 10/11 19:26:25 Job executing on host: <128.105.68.23:9618?addrs=128.105.68.23-9618&alias=gpulab2004.chtc.wisc.edu&noUDP&sock=startd_62541_80a6>
...
006 (49777.2554.000) 10/11 19:26:33 Image size of job updated: 105468
	103  -  MemoryUsage of job (MB)
	105468  -  ResidentSetSize of job (KB)
...
006 (49777.2554.000) 10/11 19:31:33 Image size of job updated: 751760
	691  -  MemoryUsage of job (MB)
	707100  -  ResidentSetSize of job (KB)
...
006 (49777.2554.000) 10/11 19:36:34 Image size of job updated: 983816
	912  -  MemoryUsage of job (MB)
	933076  -  ResidentSetSize of job (KB)
...
006 (49777.2554.000) 10/11 19:41:35 Image size of job updated: 1167824
	1095  -  MemoryUsage of job (MB)
	1120632  -  ResidentSetSize of job (KB)
...
006 (49777.2554.000) 10/11 19:46:35 Image size of job updated: 1441224
	1358  -  MemoryUsage of job (MB)
	1390192  -  ResidentSetSize of job (KB)
...
006 (49777.2554.000) 10/11 19:50:01 Image size of job updated: 1647868
	1358  -  MemoryUsage of job (MB)
	1390192  -  ResidentSetSize of job (KB)
...
005 (49777.2554.000) 10/11 19:50:01 Job terminated.
	(1) Normal termination (return value 0)
		Usr 0 00:23:32, Sys 0 00:00:02  -  Run Remote Usage
		Usr 0 00:00:00, Sys 0 00:00:00  -  Run Local Usage
		Usr 0 00:23:32, Sys 0 00:00:02  -  Total Remote Usage
		Usr 0 00:00:00, Sys 0 00:00:00  -  Total Local Usage
	178663  -  Run Bytes Sent By Job
	316778592  -  Run Bytes Received By Job
	178663  -  Total Bytes Sent By Job
	316778592  -  Total Bytes Received By Job
	Partitionable Resources :     Usage  Request Allocated 
	   Cpus                 :      1.00        1         1 
	   Disk (KB)            : 325000      819200  18192444 
	   Gpus                 :                            0 
	   Ioheavy              :                            0 
	   Memory (MB)          :   1358       20480     21341 
...
