000 (49777.1350.000) 10/11 10:48:11 Job submitted from host: <144.92.142.142:9618?addrs=144.92.142.142-9618&noUDP&sock=44923_051a_3>
...
001 (49777.1350.000) 10/11 16:28:22 Job executing on host: <128.105.68.16:9618?addrs=128.105.68.16-9618&alias=coba2000.chtc.wisc.edu&noUDP&sock=startd_7305_336c>
...
006 (49777.1350.000) 10/11 16:28:31 Image size of job updated: 156352
	103  -  MemoryUsage of job (MB)
	105236  -  ResidentSetSize of job (KB)
...
006 (49777.1350.000) 10/11 16:33:32 Image size of job updated: 741132
	680  -  MemoryUsage of job (MB)
	696296  -  ResidentSetSize of job (KB)
...
006 (49777.1350.000) 10/11 16:38:33 Image size of job updated: 1263896
	1187  -  MemoryUsage of job (MB)
	1214544  -  ResidentSetSize of job (KB)
...
006 (49777.1350.000) 10/11 16:43:33 Image size of job updated: 2214880
	2123  -  MemoryUsage of job (MB)
	2173448  -  ResidentSetSize of job (KB)
...
006 (49777.1350.000) 10/11 16:48:34 Image size of job updated: 3405568
	3278  -  MemoryUsage of job (MB)
	3356448  -  ResidentSetSize of job (KB)
...
006 (49777.1350.000) 10/11 16:53:25 Image size of job updated: 4531472
	3278  -  MemoryUsage of job (MB)
	3356448  -  ResidentSetSize of job (KB)
...
005 (49777.1350.000) 10/11 16:53:25 Job terminated.
	(1) Normal termination (return value 0)
		Usr 0 00:24:48, Sys 0 00:00:08  -  Run Remote Usage
		Usr 0 00:00:00, Sys 0 00:00:00  -  Run Local Usage
		Usr 0 00:24:48, Sys 0 00:00:08  -  Total Remote Usage
		Usr 0 00:00:00, Sys 0 00:00:00  -  Total Local Usage
	175014  -  Run Bytes Sent By Job
	316719136  -  Run Bytes Received By Job
	175014  -  Total Bytes Sent By Job
	316719136  -  Total Bytes Received By Job
	Partitionable Resources :     Usage  Request Allocated 
	   Cpus                 :      1.00        1         1 
	   Disk (KB)            : 325000      819200  44742796 
	   Gpus                 :                            0 
	   Ioheavy              :                            0 
	   Memory (MB)          :   3278       20480     21341 
...
