./CVN -f config_condor.txt -x50 -v1 -l TFs_OGs.txt -n AllGenes164.txt -d celltype_tree_ancestor.txt -m testdata_ogids.txt -s celltype_order.txt -p 0.2 -c yes -b -4 -q 4
(cluster3|cluster8) p_maintain_edge=0.8 p_gain=0.2
(cluster2|cluster3) p_maintain_edge=0.8 p_gain=0.2
(cluster1|cluster2) p_maintain_edge=0.8 p_gain=0.2
(cluster6|cluster2) p_maintain_edge=0.8 p_gain=0.2
(cluster9|cluster6) p_maintain_edge=0.8 p_gain=0.2
(cluster10|cluster6) p_maintain_edge=0.8 p_gain=0.2
(cluster7|cluster10) p_maintain_edge=0.8 p_gain=0.2
speciesSet.size()=8 Root is cluster8
MappedOrthogroupReader::readSpeciesMapping() --- celltype_order.txt
MappedOrthogroupReader::readFile - testdata_ogids.txt
MappedOrthogroupReader::generateGeneOrthoMap()
MetaLearner::init_onefold() read:config_condor.txt
MetaLearner::setinputVariableNames number of variables: 2046
readEvidenceTable:cluster8.table
PotentialManager::loadEvidenceFromTable varCount=2046 sampleCount=348
motifNetwork.size() = 319
0=cluster8 motifNetwork=cluster8_network.txt
variable size=2046
readEvidenceTable:cluster3.table
PotentialManager::loadEvidenceFromTable varCount=2046 sampleCount=95
motifNetwork.size() = 326
1=cluster3 motifNetwork=cluster3_network.txt
variable size=2046
readEvidenceTable:cluster2.table
PotentialManager::loadEvidenceFromTable varCount=2046 sampleCount=386
motifNetwork.size() = 328
2=cluster2 motifNetwork=cluster2_network.txt
variable size=2046
readEvidenceTable:cluster1.table
PotentialManager::loadEvidenceFromTable varCount=2046 sampleCount=36
motifNetwork.size() = 322
3=cluster1 motifNetwork=cluster1_network.txt
variable size=2046
readEvidenceTable:cluster6.table
PotentialManager::loadEvidenceFromTable varCount=2046 sampleCount=524
motifNetwork.size() = 320
4=cluster6 motifNetwork=cluster6_network.txt
variable size=2046
readEvidenceTable:cluster9.table
PotentialManager::loadEvidenceFromTable varCount=2046 sampleCount=184
motifNetwork.size() = 327
5=cluster9 motifNetwork=cluster9_network.txt
variable size=2046
readEvidenceTable:cluster10.table
PotentialManager::loadEvidenceFromTable varCount=2046 sampleCount=165
motifNetwork.size() = 326
6=cluster10 motifNetwork=cluster10_network.txt
variable size=2046
readEvidenceTable:cluster7.table
PotentialManager::loadEvidenceFromTable varCount=2046 sampleCount=1032
motifNetwork.size() = 320
7=cluster7 motifNetwork=cluster7_network.txt
variable size=2046
-------------------------------------------------------------
MetaLearner::start
precomputeEmptyGraphPrior
binkey=0 [Edge status: 0 0 0 0 0 0 0 0 ] P(G)=P(cluster8=0)[0.8] * P(cluster1=0|cluster2=0) * P(cluster9=0|cluster6=0) * P(cluster7=0|cluster10=0) * P(cluster10=0|cluster6=0) * P(cluster6=0|cluster2=0) * P(cluster2=0|cluster3=0) * P(cluster3=0|cluster8=0)[0.209715]=0.167772
condsetMap_Tree
0 cluster8=0 cluster3=0 cluster2=0 cluster1=0 cluster6=0 cluster9=0 cluster10=0 cluster7=1
1 cluster8=0 cluster3=0 cluster2=0 cluster1=0 cluster6=0 cluster9=1 cluster10=0 cluster7=0
2 cluster8=0 cluster3=0 cluster2=0 cluster1=0 cluster6=0 cluster9=1 cluster10=0 cluster7=1
3 cluster8=0 cluster3=0 cluster2=0 cluster1=1 cluster6=0 cluster9=0 cluster10=0 cluster7=0
4 cluster8=0 cluster3=0 cluster2=0 cluster1=1 cluster6=0 cluster9=0 cluster10=0 cluster7=1
5 cluster8=0 cluster3=0 cluster2=0 cluster1=1 cluster6=0 cluster9=1 cluster10=0 cluster7=0
6 cluster8=0 cluster3=0 cluster2=0 cluster1=1 cluster6=0 cluster9=1 cluster10=0 cluster7=1
7 cluster8=0 cluster3=0 cluster2=0 cluster1=0 cluster6=0 cluster9=0 cluster10=1 cluster7=1
8 cluster8=0 cluster3=0 cluster2=0 cluster1=0 cluster6=0 cluster9=1 cluster10=1 cluster7=1
9 cluster8=0 cluster3=0 cluster2=0 cluster1=1 cluster6=0 cluster9=0 cluster10=1 cluster7=1
10 cluster8=0 cluster3=0 cluster2=0 cluster1=1 cluster6=0 cluster9=1 cluster10=1 cluster7=1
11 cluster8=0 cluster3=0 cluster2=0 cluster1=0 cluster6=1 cluster9=1 cluster10=1 cluster7=1
12 cluster8=0 cluster3=0 cluster2=0 cluster1=1 cluster6=1 cluster9=1 cluster10=1 cluster7=1
13 cluster8=0 cluster3=0 cluster2=1 cluster1=1 cluster6=1 cluster9=1 cluster10=1 cluster7=1
14 cluster8=0 cluster3=1 cluster2=1 cluster1=1 cluster6=1 cluster9=1 cluster10=1 cluster7=1
15 cluster8=1 cluster3=1 cluster2=1 cluster1=1 cluster6=1 cluster9=1 cluster10=1 cluster7=1
16 cluster8=1 cluster3=1 cluster2=1 cluster1=1 cluster6=1 cluster9=1 cluster10=1 cluster7=0
17 cluster8=1 cluster3=1 cluster2=1 cluster1=1 cluster6=1 cluster9=0 cluster10=1 cluster7=1
18 cluster8=1 cluster3=1 cluster2=1 cluster1=1 cluster6=1 cluster9=0 cluster10=1 cluster7=0
19 cluster8=1 cluster3=1 cluster2=1 cluster1=0 cluster6=1 cluster9=1 cluster10=1 cluster7=1
20 cluster8=1 cluster3=1 cluster2=1 cluster1=0 cluster6=1 cluster9=1 cluster10=1 cluster7=0
21 cluster8=1 cluster3=1 cluster2=1 cluster1=0 cluster6=1 cluster9=0 cluster10=1 cluster7=1
22 cluster8=1 cluster3=1 cluster2=1 cluster1=0 cluster6=1 cluster9=0 cluster10=1 cluster7=0
23 cluster8=1 cluster3=1 cluster2=1 cluster1=1 cluster6=1 cluster9=1 cluster10=0 cluster7=0
24 cluster8=1 cluster3=1 cluster2=1 cluster1=1 cluster6=1 cluster9=0 cluster10=0 cluster7=0
25 cluster8=1 cluster3=1 cluster2=1 cluster1=0 cluster6=1 cluster9=1 cluster10=0 cluster7=0
26 cluster8=1 cluster3=1 cluster2=1 cluster1=0 cluster6=1 cluster9=0 cluster10=0 cluster7=0
27 cluster8=1 cluster3=1 cluster2=1 cluster1=1 cluster6=0 cluster9=0 cluster10=0 cluster7=0
28 cluster8=1 cluster3=1 cluster2=1 cluster1=0 cluster6=0 cluster9=0 cluster10=0 cluster7=0
29 cluster8=1 cluster3=1 cluster2=0 cluster1=0 cluster6=0 cluster9=0 cluster10=0 cluster7=0
30 cluster8=1 cluster3=0 cluster2=0 cluster1=0 cluster6=0 cluster9=0 cluster10=0 cluster7=0
31 cluster8=0 cluster3=0 cluster2=0 cluster1=0 cluster6=1 cluster9=0 cluster10=0 cluster7=0
32 cluster8=0 cluster3=0 cluster2=1 cluster1=0 cluster6=0 cluster9=0 cluster10=0 cluster7=0
33 cluster8=0 cluster3=0 cluster2=0 cluster1=0 cluster6=0 cluster9=0 cluster10=1 cluster7=0
34 cluster8=0 cluster3=1 cluster2=0 cluster1=0 cluster6=0 cluster9=0 cluster10=0 cluster7=0
inputRegulatorOGs.size() = 1999 inputOGList.size() = 50
binkey=64 [Edge status: 0 0 0 0 0 0 1 0 ] P(G)=P(cluster8=0)[0.8] * P(cluster1=0|cluster2=0) * P(cluster9=0|cluster6=0) * P(cluster7=0|cluster10=1) * P(cluster10=1|cluster6=0) * P(cluster6=0|cluster2=0) * P(cluster2=0|cluster3=0) * P(cluster3=0|cluster8=0)[0.0131072]=0.0104858
binkey=4 [Edge status: 0 0 1 0 0 0 0 0 ] P(G)=P(cluster8=0)[0.8] * P(cluster1=0|cluster2=1) * P(cluster9=0|cluster6=0) * P(cluster7=0|cluster10=0) * P(cluster10=0|cluster6=0) * P(cluster6=0|cluster2=1) * P(cluster2=1|cluster3=0) * P(cluster3=0|cluster8=0)[0.0032768]=0.00262144
binkey=128 [Edge status: 0 0 0 0 0 0 0 1 ] P(G)=P(cluster8=0)[0.8] * P(cluster1=0|cluster2=0) * P(cluster9=0|cluster6=0) * P(cluster7=1|cluster10=0) * P(cluster10=0|cluster6=0) * P(cluster6=0|cluster2=0) * P(cluster2=0|cluster3=0) * P(cluster3=0|cluster8=0)[0.0524288]=0.041943
binkey=1 [Edge status: 1 0 0 0 0 0 0 0 ] P(G)=P(cluster8=1)[0.2] * P(cluster1=0|cluster2=0) * P(cluster9=0|cluster6=0) * P(cluster7=0|cluster10=0) * P(cluster10=0|cluster6=0) * P(cluster6=0|cluster2=0) * P(cluster2=0|cluster3=0) * P(cluster3=0|cluster8=1)[0.0524288]=0.0104858
binkey=2 [Edge status: 0 1 0 0 0 0 0 0 ] P(G)=P(cluster8=0)[0.8] * P(cluster1=0|cluster2=0) * P(cluster9=0|cluster6=0) * P(cluster7=0|cluster10=0) * P(cluster10=0|cluster6=0) * P(cluster6=0|cluster2=0) * P(cluster2=0|cluster3=1) * P(cluster3=1|cluster8=0)[0.0131072]=0.0104858
binkey=16 [Edge status: 0 0 0 0 1 0 0 0 ] P(G)=P(cluster8=0)[0.8] * P(cluster1=0|cluster2=0) * P(cluster9=0|cluster6=1) * P(cluster7=0|cluster10=0) * P(cluster10=0|cluster6=1) * P(cluster6=1|cluster2=0) * P(cluster2=0|cluster3=0) * P(cluster3=0|cluster8=0)[0.0032768]=0.00262144
binkey=32 [Edge status: 0 0 0 0 0 1 0 0 ] P(G)=P(cluster8=0)[0.8] * P(cluster1=0|cluster2=0) * P(cluster9=1|cluster6=0) * P(cluster7=0|cluster10=0) * P(cluster10=0|cluster6=0) * P(cluster6=0|cluster2=0) * P(cluster2=0|cluster3=0) * P(cluster3=0|cluster8=0)[0.0524288]=0.041943
binkey=3 [Edge status: 1 1 0 0 0 0 0 0 ] P(G)=P(cluster8=1)[0.2] * P(cluster1=0|cluster2=0) * P(cluster9=0|cluster6=0) * P(cluster7=0|cluster10=0) * P(cluster10=0|cluster6=0) * P(cluster6=0|cluster2=0) * P(cluster2=0|cluster3=1) * P(cluster3=1|cluster8=1)[0.0524288]=0.0104858
binkey=192 [Edge status: 0 0 0 0 0 0 1 1 ] P(G)=P(cluster8=0)[0.8] * P(cluster1=0|cluster2=0) * P(cluster9=0|cluster6=0) * P(cluster7=1|cluster10=1) * P(cluster10=1|cluster6=0) * P(cluster6=0|cluster2=0) * P(cluster2=0|cluster3=0) * P(cluster3=0|cluster8=0)[0.0524288]=0.041943
binkey=8 [Edge status: 0 0 0 1 0 0 0 0 ] P(G)=P(cluster8=0)[0.8] * P(cluster1=1|cluster2=0) * P(cluster9=0|cluster6=0) * P(cluster7=0|cluster10=0) * P(cluster10=0|cluster6=0) * P(cluster6=0|cluster2=0) * P(cluster2=0|cluster3=0) * P(cluster3=0|cluster8=0)[0.0524288]=0.041943
binkey=136 [Edge status: 0 0 0 1 0 0 0 1 ] P(G)=P(cluster8=0)[0.8] * P(cluster1=1|cluster2=0) * P(cluster9=0|cluster6=0) * P(cluster7=1|cluster10=0) * P(cluster10=0|cluster6=0) * P(cluster6=0|cluster2=0) * P(cluster2=0|cluster3=0) * P(cluster3=0|cluster8=0)[0.0131072]=0.0104858
binkey=160 [Edge status: 0 0 0 0 0 1 0 1 ] P(G)=P(cluster8=0)[0.8] * P(cluster1=0|cluster2=0) * P(cluster9=1|cluster6=0) * P(cluster7=1|cluster10=0) * P(cluster10=0|cluster6=0) * P(cluster6=0|cluster2=0) * P(cluster2=0|cluster3=0) * P(cluster3=0|cluster8=0)[0.0131072]=0.0104858
binkey=40 [Edge status: 0 0 0 1 0 1 0 0 ] P(G)=P(cluster8=0)[0.8] * P(cluster1=1|cluster2=0) * P(cluster9=1|cluster6=0) * P(cluster7=0|cluster10=0) * P(cluster10=0|cluster6=0) * P(cluster6=0|cluster2=0) * P(cluster2=0|cluster3=0) * P(cluster3=0|cluster8=0)[0.0131072]=0.0104858
binkey=168 [Edge status: 0 0 0 1 0 1 0 1 ] P(G)=P(cluster8=0)[0.8] * P(cluster1=1|cluster2=0) * P(cluster9=1|cluster6=0) * P(cluster7=1|cluster10=0) * P(cluster10=0|cluster6=0) * P(cluster6=0|cluster2=0) * P(cluster2=0|cluster3=0) * P(cluster3=0|cluster8=0)[0.0032768]=0.00262144
binkey=63 [Edge status: 1 1 1 1 1 1 0 0 ] P(G)=P(cluster8=1)[0.2] * P(cluster1=1|cluster2=1) * P(cluster9=1|cluster6=1) * P(cluster7=0|cluster10=0) * P(cluster10=0|cluster6=1) * P(cluster6=1|cluster2=1) * P(cluster2=1|cluster3=1) * P(cluster3=1|cluster8=1)[0.0524288]=0.0104858
binkey=31 [Edge status: 1 1 1 1 1 0 0 0 ] P(G)=P(cluster8=1)[0.2] * P(cluster1=1|cluster2=1) * P(cluster9=0|cluster6=1) * P(cluster7=0|cluster10=0) * P(cluster10=0|cluster6=1) * P(cluster6=1|cluster2=1) * P(cluster2=1|cluster3=1) * P(cluster3=1|cluster8=1)[0.0131072]=0.00262144
binkey=55 [Edge status: 1 1 1 0 1 1 0 0 ] P(G)=P(cluster8=1)[0.2] * P(cluster1=0|cluster2=1) * P(cluster9=1|cluster6=1) * P(cluster7=0|cluster10=0) * P(cluster10=0|cluster6=1) * P(cluster6=1|cluster2=1) * P(cluster2=1|cluster3=1) * P(cluster3=1|cluster8=1)[0.0131072]=0.00262144
binkey=23 [Edge status: 1 1 1 0 1 0 0 0 ] P(G)=P(cluster8=1)[0.2] * P(cluster1=0|cluster2=1) * P(cluster9=0|cluster6=1) * P(cluster7=0|cluster10=0) * P(cluster10=0|cluster6=1) * P(cluster6=1|cluster2=1) * P(cluster2=1|cluster3=1) * P(cluster3=1|cluster8=1)[0.0032768]=0.00065536
binkey=15 [Edge status: 1 1 1 1 0 0 0 0 ] P(G)=P(cluster8=1)[0.2] * P(cluster1=1|cluster2=1) * P(cluster9=0|cluster6=0) * P(cluster7=0|cluster10=0) * P(cluster10=0|cluster6=0) * P(cluster6=0|cluster2=1) * P(cluster2=1|cluster3=1) * P(cluster3=1|cluster8=1)[0.0524288]=0.0104858
binkey=7 [Edge status: 1 1 1 0 0 0 0 0 ] P(G)=P(cluster8=1)[0.2] * P(cluster1=0|cluster2=1) * P(cluster9=0|cluster6=0) * P(cluster7=0|cluster10=0) * P(cluster10=0|cluster6=0) * P(cluster6=0|cluster2=1) * P(cluster2=1|cluster3=1) * P(cluster3=1|cluster8=1)[0.0131072]=0.00262144
binkey=224 [Edge status: 0 0 0 0 0 1 1 1 ] P(G)=P(cluster8=0)[0.8] * P(cluster1=0|cluster2=0) * P(cluster9=1|cluster6=0) * P(cluster7=1|cluster10=1) * P(cluster10=1|cluster6=0) * P(cluster6=0|cluster2=0) * P(cluster2=0|cluster3=0) * P(cluster3=0|cluster8=0)[0.0131072]=0.0104858
binkey=200 [Edge status: 0 0 0 1 0 0 1 1 ] P(G)=P(cluster8=0)[0.8] * P(cluster1=1|cluster2=0) * P(cluster9=0|cluster6=0) * P(cluster7=1|cluster10=1) * P(cluster10=1|cluster6=0) * P(cluster6=0|cluster2=0) * P(cluster2=0|cluster3=0) * P(cluster3=0|cluster8=0)[0.0131072]=0.0104858
binkey=232 [Edge status: 0 0 0 1 0 1 1 1 ] P(G)=P(cluster8=0)[0.8] * P(cluster1=1|cluster2=0) * P(cluster9=1|cluster6=0) * P(cluster7=1|cluster10=1) * P(cluster10=1|cluster6=0) * P(cluster6=0|cluster2=0) * P(cluster2=0|cluster3=0) * P(cluster3=0|cluster8=0)[0.0032768]=0.00262144
binkey=240 [Edge status: 0 0 0 0 1 1 1 1 ] P(G)=P(cluster8=0)[0.8] * P(cluster1=0|cluster2=0) * P(cluster9=1|cluster6=1) * P(cluster7=1|cluster10=1) * P(cluster10=1|cluster6=1) * P(cluster6=1|cluster2=0) * P(cluster2=0|cluster3=0) * P(cluster3=0|cluster8=0)[0.0524288]=0.041943
binkey=248 [Edge status: 0 0 0 1 1 1 1 1 ] P(G)=P(cluster8=0)[0.8] * P(cluster1=1|cluster2=0) * P(cluster9=1|cluster6=1) * P(cluster7=1|cluster10=1) * P(cluster10=1|cluster6=1) * P(cluster6=1|cluster2=0) * P(cluster2=0|cluster3=0) * P(cluster3=0|cluster8=0)[0.0131072]=0.0104858
binkey=252 [Edge status: 0 0 1 1 1 1 1 1 ] P(G)=P(cluster8=0)[0.8] * P(cluster1=1|cluster2=1) * P(cluster9=1|cluster6=1) * P(cluster7=1|cluster10=1) * P(cluster10=1|cluster6=1) * P(cluster6=1|cluster2=1) * P(cluster2=1|cluster3=0) * P(cluster3=0|cluster8=0)[0.0524288]=0.041943
binkey=247 [Edge status: 1 1 1 0 1 1 1 1 ] P(G)=P(cluster8=1)[0.2] * P(cluster1=0|cluster2=1) * P(cluster9=1|cluster6=1) * P(cluster7=1|cluster10=1) * P(cluster10=1|cluster6=1) * P(cluster6=1|cluster2=1) * P(cluster2=1|cluster3=1) * P(cluster3=1|cluster8=1)[0.0524288]=0.0104858
binkey=119 [Edge status: 1 1 1 0 1 1 1 0 ] P(G)=P(cluster8=1)[0.2] * P(cluster1=0|cluster2=1) * P(cluster9=1|cluster6=1) * P(cluster7=0|cluster10=1) * P(cluster10=1|cluster6=1) * P(cluster6=1|cluster2=1) * P(cluster2=1|cluster3=1) * P(cluster3=1|cluster8=1)[0.0131072]=0.00262144
binkey=215 [Edge status: 1 1 1 0 1 0 1 1 ] P(G)=P(cluster8=1)[0.2] * P(cluster1=0|cluster2=1) * P(cluster9=0|cluster6=1) * P(cluster7=1|cluster10=1) * P(cluster10=1|cluster6=1) * P(cluster6=1|cluster2=1) * P(cluster2=1|cluster3=1) * P(cluster3=1|cluster8=1)[0.0131072]=0.00262144
binkey=87 [Edge status: 1 1 1 0 1 0 1 0 ] P(G)=P(cluster8=1)[0.2] * P(cluster1=0|cluster2=1) * P(cluster9=0|cluster6=1) * P(cluster7=0|cluster10=1) * P(cluster10=1|cluster6=1) * P(cluster6=1|cluster2=1) * P(cluster2=1|cluster3=1) * P(cluster3=1|cluster8=1)[0.0032768]=0.00065536
ITERATION 0 newScore=-2.73356e+06 diffscore=14556.2 priorChange=-101.199 successMove=56
ITERATION 1 newScore=-2.72925e+06 diffscore=4308.63 priorChange=-113.676 successMove=55
ITERATION 2 newScore=-2.72611e+06 diffscore=3141.11 priorChange=-119.221 successMove=55
ITERATION 3 newScore=-2.72019e+06 diffscore=5918.2 priorChange=-103.972 successMove=52
ITERATION 4 newScore=-2.71326e+06 diffscore=6929.36 priorChange=-99.8132 successMove=53
ITERATION 5 newScore=-2.70828e+06 diffscore=4976.63 priorChange=-113.676 successMove=57
ITERATION 6 newScore=-2.70396e+06 diffscore=4323.68 priorChange=-108.131 successMove=52
ITERATION 7 newScore=-2.69963e+06 diffscore=4324.8 priorChange=-115.062 successMove=52
ITERATION 8 newScore=-2.69196e+06 diffscore=7676.52 priorChange=-108.131 successMove=52
ITERATION 9 newScore=-2.68608e+06 diffscore=5875.02 priorChange=-116.449 successMove=51
ITERATION 10 newScore=-2.68387e+06 diffscore=2213.76 priorChange=-103.972 successMove=51
ITERATION 11 newScore=-2.67997e+06 diffscore=3894.99 priorChange=-121.994 successMove=50
ITERATION 12 newScore=-2.67522e+06 diffscore=4753.12 priorChange=-116.449 successMove=51
ITERATION 13 newScore=-2.67288e+06 diffscore=2338.76 priorChange=-119.221 successMove=52
ITERATION 14 newScore=-2.67141e+06 diffscore=1474.9 priorChange=-120.608 successMove=53
ITERATION 15 newScore=-2.67082e+06 diffscore=592.579 priorChange=-105.358 successMove=50
ITERATION 16 newScore=-2.66923e+06 diffscore=1589.94 priorChange=-109.517 successMove=49
ITERATION 17 newScore=-2.66738e+06 diffscore=1847.67 priorChange=-102.586 successMove=50
ITERATION 18 newScore=-2.66603e+06 diffscore=1349.16 priorChange=-113.676 successMove=52
ITERATION 19 newScore=-2.66457e+06 diffscore=1460.91 priorChange=-115.062 successMove=50
ITERATION 20 newScore=-2.66365e+06 diffscore=918.153 priorChange=-109.517 successMove=50
ITERATION 21 newScore=-2.66296e+06 diffscore=690.063 priorChange=-121.994 successMove=48
ITERATION 22 newScore=-2.66026e+06 diffscore=2696.75 priorChange=-91.4954 successMove=47
ITERATION 23 newScore=-2.65966e+06 diffscore=603.331 priorChange=-109.517 successMove=48
ITERATION 24 newScore=-2.65833e+06 diffscore=1326.19 priorChange=-91.4954 successMove=46
ITERATION 25 newScore=-2.65481e+06 diffscore=3518.19 priorChange=-97.0406 successMove=47
ITERATION 26 newScore=-2.65347e+06 diffscore=1343.87 priorChange=-101.199 successMove=47
ITERATION 27 newScore=-2.65302e+06 diffscore=453.401 priorChange=-90.1091 successMove=45
ITERATION 28 newScore=-2.65241e+06 diffscore=604.906 priorChange=-105.358 successMove=45
ITERATION 29 newScore=-2.65092e+06 diffscore=1493.44 priorChange=-90.1091 successMove=46
ITERATION 30 newScore=-2.64925e+06 diffscore=1668.85 priorChange=-95.6543 successMove=44
ITERATION 31 newScore=-2.64867e+06 diffscore=575.977 priorChange=-91.4954 successMove=46
ITERATION 32 newScore=-2.64786e+06 diffscore=813.797 priorChange=-91.4954 successMove=44
ITERATION 33 newScore=-2.64445e+06 diffscore=3411.17 priorChange=-99.8132 successMove=44
ITERATION 34 newScore=-2.64155e+06 diffscore=2896.94 priorChange=-95.6543 successMove=43
ITERATION 35 newScore=-2.63993e+06 diffscore=1622.1 priorChange=-91.4954 successMove=43
ITERATION 36 newScore=-2.6396e+06 diffscore=334.241 priorChange=-103.972 successMove=43
ITERATION 37 newScore=-2.6391e+06 diffscore=495.085 priorChange=-112.29 successMove=41
ITERATION 38 newScore=-2.63872e+06 diffscore=385.743 priorChange=-83.1777 successMove=40
ITERATION 39 newScore=-2.63757e+06 diffscore=1149.5 priorChange=-77.6325 successMove=41
ITERATION 40 newScore=-2.63641e+06 diffscore=1154.88 priorChange=-73.4736 successMove=40
ITERATION 41 newScore=-2.63363e+06 diffscore=2777.91 priorChange=-85.9503 successMove=39
ITERATION 42 newScore=-2.63223e+06 diffscore=1403.45 priorChange=-81.7914 successMove=39
ITERATION 43 newScore=-2.6319e+06 diffscore=331.637 priorChange=-94.268 successMove=40
ITERATION 44 newScore=-2.63035e+06 diffscore=1547.11 priorChange=-84.564 successMove=39
ITERATION 45 newScore=-2.63006e+06 diffscore=289.634 priorChange=-85.9503 successMove=39
ITERATION 46 newScore=-2.62967e+06 diffscore=391.594 priorChange=-80.4051 successMove=39
ITERATION 47 newScore=-2.62853e+06 diffscore=1139.62 priorChange=-91.4954 successMove=39
ITERATION 48 newScore=-2.62699e+06 diffscore=1537.59 priorChange=-92.8817 successMove=42
ITERATION 49 newScore=-2.62568e+06 diffscore=1307.62 priorChange=-72.0873 successMove=38
ITERATION 50 newScore=-2.62425e+06 diffscore=1430.67 priorChange=-84.564 successMove=38
ITERATION 51 newScore=-2.62402e+06 diffscore=231.115 priorChange=-85.9503 successMove=39
ITERATION 52 newScore=-2.62377e+06 diffscore=251.413 priorChange=-88.7228 successMove=38
ITERATION 53 newScore=-2.62235e+06 diffscore=1419.69 priorChange=-79.0188 successMove=39
ITERATION 54 newScore=-2.62209e+06 diffscore=261.734 priorChange=-83.1777 successMove=37
ITERATION 55 newScore=-2.62182e+06 diffscore=272.78 priorChange=-90.1091 successMove=37
ITERATION 56 newScore=-2.62156e+06 diffscore=256.823 priorChange=-76.2462 successMove=37
ITERATION 57 newScore=-2.62032e+06 diffscore=1243.95 priorChange=-85.9503 successMove=37
ITERATION 58 newScore=-2.62005e+06 diffscore=271.149 priorChange=-73.4736 successMove=38
ITERATION 59 newScore=-2.61882e+06 diffscore=1221.12 priorChange=-90.1091 successMove=37
ITERATION 60 newScore=-2.61765e+06 diffscore=1174.46 priorChange=-85.9503 successMove=36
ITERATION 61 newScore=-2.61746e+06 diffscore=191.967 priorChange=-69.3147 successMove=37
ITERATION 62 newScore=-2.61723e+06 diffscore=232.494 priorChange=-72.0873 successMove=36
ITERATION 63 newScore=-2.61601e+06 diffscore=1217.78 priorChange=-84.564 successMove=36
ITERATION 64 newScore=-2.61584e+06 diffscore=163.502 priorChange=-79.0188 successMove=36
ITERATION 65 newScore=-2.61568e+06 diffscore=167.777 priorChange=-80.4051 successMove=34
ITERATION 66 newScore=-2.61552e+06 diffscore=160.148 priorChange=-70.701 successMove=34
ITERATION 67 newScore=-2.61533e+06 diffscore=186.065 priorChange=-79.0188 successMove=35
ITERATION 68 newScore=-2.61513e+06 diffscore=203.133 priorChange=-84.564 successMove=35
ITERATION 69 newScore=-2.6149e+06 diffscore=223.078 priorChange=-83.1777 successMove=34
ITERATION 70 newScore=-2.61465e+06 diffscore=249.431 priorChange=-65.1558 successMove=33
ITERATION 71 newScore=-2.61437e+06 diffscore=281.783 priorChange=-49.9066 successMove=30
ITERATION 72 newScore=-2.61313e+06 diffscore=1244.92 priorChange=-51.2929 successMove=28
ITERATION 73 newScore=-2.61216e+06 diffscore=969.811 priorChange=-54.0655 successMove=26
ITERATION 74 newScore=-2.61114e+06 diffscore=1013.84 priorChange=-49.9066 successMove=25
ITERATION 75 newScore=-2.61095e+06 diffscore=197.756 priorChange=-34.6574 successMove=24
ITERATION 76 newScore=-2.60972e+06 diffscore=1227.32 priorChange=-42.9751 successMove=22
ITERATION 77 newScore=-2.60952e+06 diffscore=200.77 priorChange=-38.8162 successMove=19
ITERATION 78 newScore=-2.60829e+06 diffscore=1228.79 priorChange=-37.4299 successMove=17
ITERATION 79 newScore=-2.60809e+06 diffscore=203.856 priorChange=-44.3614 successMove=16
ITERATION 80 newScore=-2.60793e+06 diffscore=158.078 priorChange=-38.8162 successMove=15
ITERATION 81 newScore=-2.60776e+06 diffscore=172.376 priorChange=-26.3396 successMove=13
ITERATION 82 newScore=-2.60757e+06 diffscore=189.297 priorChange=-27.7259 successMove=13
ITERATION 83 newScore=-2.60746e+06 diffscore=108.396 priorChange=-27.7259 successMove=14
ITERATION 84 newScore=-2.60738e+06 diffscore=79.2753 priorChange=-34.6574 successMove=13
ITERATION 85 newScore=-2.60724e+06 diffscore=133.85 priorChange=-36.0437 successMove=13
ITERATION 86 newScore=-2.60633e+06 diffscore=916.362 priorChange=-27.7259 successMove=12
ITERATION 87 newScore=-2.60615e+06 diffscore=179.285 priorChange=-27.7259 successMove=12
ITERATION 88 newScore=-2.60607e+06 diffscore=76.0625 priorChange=-23.567 successMove=13
ITERATION 89 newScore=-2.60601e+06 diffscore=62.7214 priorChange=-30.4985 successMove=12
ITERATION 90 newScore=-2.60595e+06 diffscore=57.1463 priorChange=-22.1807 successMove=11
ITERATION 91 newScore=-2.60589e+06 diffscore=63.8343 priorChange=-23.567 successMove=10
ITERATION 92 newScore=-2.60582e+06 diffscore=69.1881 priorChange=-29.1122 successMove=10
ITERATION 93 newScore=-2.60572e+06 diffscore=98.2539 priorChange=-23.567 successMove=10
ITERATION 94 newScore=-2.60564e+06 diffscore=76.6122 priorChange=-23.567 successMove=8
ITERATION 95 newScore=-2.60554e+06 diffscore=105.146 priorChange=-18.0218 successMove=7
ITERATION 96 newScore=-2.60544e+06 diffscore=96.603 priorChange=-11.0904 successMove=7
ITERATION 97 newScore=-2.60526e+06 diffscore=183.678 priorChange=-12.4766 successMove=6
ITERATION 98 newScore=-2.60434e+06 diffscore=915.929 priorChange=-12.4766 successMove=6
ITERATION 99 newScore=-2.60432e+06 diffscore=23.7496 priorChange=-8.31777 successMove=7
MetaLearner::dumpAllGraphs
Final Score -2.60432e+06
MetaLearner::start runtime: 822565931 ms
Results/
Results/cluster8/
Results/cluster8/fold0/
Results/cluster8/fold0/var_mb_pw_k50.txt
Results/cluster8/fold0/modelparams.txt
Results/cluster8/scoreFile.txt
Results/cluster3/
Results/cluster3/fold0/
Results/cluster3/fold0/var_mb_pw_k50.txt
Results/cluster3/fold0/modelparams.txt
Results/cluster2/
Results/cluster2/fold0/
Results/cluster2/fold0/var_mb_pw_k50.txt
Results/cluster2/fold0/modelparams.txt
Results/cluster1/
Results/cluster1/fold0/
Results/cluster1/fold0/var_mb_pw_k50.txt
Results/cluster1/fold0/modelparams.txt
Results/cluster6/
Results/cluster6/fold0/
Results/cluster6/fold0/var_mb_pw_k50.txt
Results/cluster6/fold0/modelparams.txt
Results/cluster9/
Results/cluster9/fold0/
Results/cluster9/fold0/var_mb_pw_k50.txt
Results/cluster9/fold0/modelparams.txt
Results/cluster10/
Results/cluster10/fold0/
Results/cluster10/fold0/var_mb_pw_k50.txt
Results/cluster10/fold0/modelparams.txt
Results/cluster7/
Results/cluster7/fold0/
Results/cluster7/fold0/var_mb_pw_k50.txt
Results/cluster7/fold0/modelparams.txt
