000 (49777.1408.000) 10/11 10:48:11 Job submitted from host: <144.92.142.142:9618?addrs=144.92.142.142-9618&noUDP&sock=44923_051a_3>
...
001 (49777.1408.000) 10/11 16:35:55 Job executing on host: <128.105.68.23:9618?addrs=128.105.68.23-9618&alias=gpulab2004.chtc.wisc.edu&noUDP&sock=startd_62541_80a6>
...
006 (49777.1408.000) 10/11 16:36:03 Image size of job updated: 156276
	103  -  MemoryUsage of job (MB)
	105144  -  ResidentSetSize of job (KB)
...
006 (49777.1408.000) 10/11 16:41:03 Image size of job updated: 719052
	653  -  MemoryUsage of job (MB)
	667848  -  ResidentSetSize of job (KB)
...
006 (49777.1408.000) 10/11 16:46:04 Image size of job updated: 760184
	699  -  MemoryUsage of job (MB)
	714832  -  ResidentSetSize of job (KB)
...
006 (49777.1408.000) 10/11 16:51:05 Image size of job updated: 921268
	858  -  MemoryUsage of job (MB)
	878136  -  ResidentSetSize of job (KB)
...
006 (49777.1408.000) 10/11 16:56:05 Image size of job updated: 1089808
	1015  -  MemoryUsage of job (MB)
	1038696  -  ResidentSetSize of job (KB)
...
006 (49777.1408.000) 10/11 16:57:49 Image size of job updated: 1145412
	1015  -  MemoryUsage of job (MB)
	1038696  -  ResidentSetSize of job (KB)
...
005 (49777.1408.000) 10/11 16:57:49 Job terminated.
	(1) Normal termination (return value 0)
		Usr 0 00:21:50, Sys 0 00:00:02  -  Run Remote Usage
		Usr 0 00:00:00, Sys 0 00:00:00  -  Run Local Usage
		Usr 0 00:21:50, Sys 0 00:00:02  -  Total Remote Usage
		Usr 0 00:00:00, Sys 0 00:00:00  -  Total Local Usage
	171226  -  Run Bytes Sent By Job
	316719168  -  Run Bytes Received By Job
	171226  -  Total Bytes Sent By Job
	316719168  -  Total Bytes Received By Job
	Partitionable Resources :     Usage  Request Allocated 
	   Cpus                 :      1.00        1         1 
	   Disk (KB)            : 325000      819200  18192444 
	   Gpus                 :                            0 
	   Ioheavy              :                            0 
	   Memory (MB)          :   1015       20480     21341 
...
