./CVN -f config_condor.txt -x50 -v1 -l TFs_OGs.txt -n AllGenes86.txt -d celltype_tree_ancestor.txt -m testdata_ogids.txt -s celltype_order.txt -p 0.2 -c yes -b -4 -q 4
(cluster3|cluster8) p_maintain_edge=0.8 p_gain=0.2
(cluster2|cluster3) p_maintain_edge=0.8 p_gain=0.2
(cluster1|cluster2) p_maintain_edge=0.8 p_gain=0.2
(cluster6|cluster2) p_maintain_edge=0.8 p_gain=0.2
(cluster9|cluster6) p_maintain_edge=0.8 p_gain=0.2
(cluster10|cluster6) p_maintain_edge=0.8 p_gain=0.2
(cluster7|cluster10) p_maintain_edge=0.8 p_gain=0.2
speciesSet.size()=8 Root is cluster8
MappedOrthogroupReader::readSpeciesMapping() --- celltype_order.txt
MappedOrthogroupReader::readFile - testdata_ogids.txt
MappedOrthogroupReader::generateGeneOrthoMap()
MetaLearner::init_onefold() read:config_condor.txt
MetaLearner::setinputVariableNames number of variables: 2043
readEvidenceTable:cluster8.table
PotentialManager::loadEvidenceFromTable varCount=2043 sampleCount=348
motifNetwork.size() = 319
0=cluster8 motifNetwork=cluster8_network.txt
variable size=2043
readEvidenceTable:cluster3.table
PotentialManager::loadEvidenceFromTable varCount=2043 sampleCount=95
motifNetwork.size() = 326
1=cluster3 motifNetwork=cluster3_network.txt
variable size=2043
readEvidenceTable:cluster2.table
PotentialManager::loadEvidenceFromTable varCount=2043 sampleCount=386
motifNetwork.size() = 328
2=cluster2 motifNetwork=cluster2_network.txt
variable size=2043
readEvidenceTable:cluster1.table
PotentialManager::loadEvidenceFromTable varCount=2043 sampleCount=36
motifNetwork.size() = 322
3=cluster1 motifNetwork=cluster1_network.txt
variable size=2043
readEvidenceTable:cluster6.table
PotentialManager::loadEvidenceFromTable varCount=2043 sampleCount=524
motifNetwork.size() = 320
4=cluster6 motifNetwork=cluster6_network.txt
variable size=2043
readEvidenceTable:cluster9.table
PotentialManager::loadEvidenceFromTable varCount=2043 sampleCount=184
motifNetwork.size() = 327
5=cluster9 motifNetwork=cluster9_network.txt
variable size=2043
readEvidenceTable:cluster10.table
PotentialManager::loadEvidenceFromTable varCount=2043 sampleCount=165
motifNetwork.size() = 326
6=cluster10 motifNetwork=cluster10_network.txt
variable size=2043
readEvidenceTable:cluster7.table
PotentialManager::loadEvidenceFromTable varCount=2043 sampleCount=1032
motifNetwork.size() = 320
7=cluster7 motifNetwork=cluster7_network.txt
variable size=2043
-------------------------------------------------------------
MetaLearner::start
precomputeEmptyGraphPrior
binkey=0 [Edge status: 0 0 0 0 0 0 0 0 ] P(G)=P(cluster8=0)[0.8] * P(cluster1=0|cluster2=0) * P(cluster9=0|cluster6=0) * P(cluster7=0|cluster10=0) * P(cluster10=0|cluster6=0) * P(cluster6=0|cluster2=0) * P(cluster2=0|cluster3=0) * P(cluster3=0|cluster8=0)[0.209715]=0.167772
condsetMap_Tree
0 cluster8=0 cluster3=0 cluster2=0 cluster1=0 cluster6=0 cluster9=0 cluster10=0 cluster7=1
1 cluster8=0 cluster3=0 cluster2=0 cluster1=0 cluster6=0 cluster9=1 cluster10=0 cluster7=0
2 cluster8=0 cluster3=0 cluster2=0 cluster1=0 cluster6=0 cluster9=1 cluster10=0 cluster7=1
3 cluster8=0 cluster3=0 cluster2=0 cluster1=1 cluster6=0 cluster9=0 cluster10=0 cluster7=0
4 cluster8=0 cluster3=0 cluster2=0 cluster1=1 cluster6=0 cluster9=0 cluster10=0 cluster7=1
5 cluster8=0 cluster3=0 cluster2=0 cluster1=1 cluster6=0 cluster9=1 cluster10=0 cluster7=0
6 cluster8=0 cluster3=0 cluster2=0 cluster1=1 cluster6=0 cluster9=1 cluster10=0 cluster7=1
7 cluster8=0 cluster3=0 cluster2=0 cluster1=0 cluster6=0 cluster9=0 cluster10=1 cluster7=1
8 cluster8=0 cluster3=0 cluster2=0 cluster1=0 cluster6=0 cluster9=1 cluster10=1 cluster7=1
9 cluster8=0 cluster3=0 cluster2=0 cluster1=1 cluster6=0 cluster9=0 cluster10=1 cluster7=1
10 cluster8=0 cluster3=0 cluster2=0 cluster1=1 cluster6=0 cluster9=1 cluster10=1 cluster7=1
11 cluster8=0 cluster3=0 cluster2=0 cluster1=0 cluster6=1 cluster9=1 cluster10=1 cluster7=1
12 cluster8=0 cluster3=0 cluster2=0 cluster1=1 cluster6=1 cluster9=1 cluster10=1 cluster7=1
13 cluster8=0 cluster3=0 cluster2=1 cluster1=1 cluster6=1 cluster9=1 cluster10=1 cluster7=1
14 cluster8=0 cluster3=1 cluster2=1 cluster1=1 cluster6=1 cluster9=1 cluster10=1 cluster7=1
15 cluster8=1 cluster3=1 cluster2=1 cluster1=1 cluster6=1 cluster9=1 cluster10=1 cluster7=1
16 cluster8=1 cluster3=1 cluster2=1 cluster1=1 cluster6=1 cluster9=1 cluster10=1 cluster7=0
17 cluster8=1 cluster3=1 cluster2=1 cluster1=1 cluster6=1 cluster9=0 cluster10=1 cluster7=1
18 cluster8=1 cluster3=1 cluster2=1 cluster1=1 cluster6=1 cluster9=0 cluster10=1 cluster7=0
19 cluster8=1 cluster3=1 cluster2=1 cluster1=0 cluster6=1 cluster9=1 cluster10=1 cluster7=1
20 cluster8=1 cluster3=1 cluster2=1 cluster1=0 cluster6=1 cluster9=1 cluster10=1 cluster7=0
21 cluster8=1 cluster3=1 cluster2=1 cluster1=0 cluster6=1 cluster9=0 cluster10=1 cluster7=1
22 cluster8=1 cluster3=1 cluster2=1 cluster1=0 cluster6=1 cluster9=0 cluster10=1 cluster7=0
23 cluster8=1 cluster3=1 cluster2=1 cluster1=1 cluster6=1 cluster9=1 cluster10=0 cluster7=0
24 cluster8=1 cluster3=1 cluster2=1 cluster1=1 cluster6=1 cluster9=0 cluster10=0 cluster7=0
25 cluster8=1 cluster3=1 cluster2=1 cluster1=0 cluster6=1 cluster9=1 cluster10=0 cluster7=0
26 cluster8=1 cluster3=1 cluster2=1 cluster1=0 cluster6=1 cluster9=0 cluster10=0 cluster7=0
27 cluster8=1 cluster3=1 cluster2=1 cluster1=1 cluster6=0 cluster9=0 cluster10=0 cluster7=0
28 cluster8=1 cluster3=1 cluster2=1 cluster1=0 cluster6=0 cluster9=0 cluster10=0 cluster7=0
29 cluster8=1 cluster3=1 cluster2=0 cluster1=0 cluster6=0 cluster9=0 cluster10=0 cluster7=0
30 cluster8=1 cluster3=0 cluster2=0 cluster1=0 cluster6=0 cluster9=0 cluster10=0 cluster7=0
31 cluster8=0 cluster3=0 cluster2=0 cluster1=0 cluster6=1 cluster9=0 cluster10=0 cluster7=0
32 cluster8=0 cluster3=0 cluster2=1 cluster1=0 cluster6=0 cluster9=0 cluster10=0 cluster7=0
33 cluster8=0 cluster3=0 cluster2=0 cluster1=0 cluster6=0 cluster9=0 cluster10=1 cluster7=0
34 cluster8=0 cluster3=1 cluster2=0 cluster1=0 cluster6=0 cluster9=0 cluster10=0 cluster7=0
inputRegulatorOGs.size() = 1999 inputOGList.size() = 50
binkey=1 [Edge status: 1 0 0 0 0 0 0 0 ] P(G)=P(cluster8=1)[0.2] * P(cluster1=0|cluster2=0) * P(cluster9=0|cluster6=0) * P(cluster7=0|cluster10=0) * P(cluster10=0|cluster6=0) * P(cluster6=0|cluster2=0) * P(cluster2=0|cluster3=0) * P(cluster3=0|cluster8=1)[0.0524288]=0.0104858
binkey=64 [Edge status: 0 0 0 0 0 0 1 0 ] P(G)=P(cluster8=0)[0.8] * P(cluster1=0|cluster2=0) * P(cluster9=0|cluster6=0) * P(cluster7=0|cluster10=1) * P(cluster10=1|cluster6=0) * P(cluster6=0|cluster2=0) * P(cluster2=0|cluster3=0) * P(cluster3=0|cluster8=0)[0.0131072]=0.0104858
binkey=32 [Edge status: 0 0 0 0 0 1 0 0 ] P(G)=P(cluster8=0)[0.8] * P(cluster1=0|cluster2=0) * P(cluster9=1|cluster6=0) * P(cluster7=0|cluster10=0) * P(cluster10=0|cluster6=0) * P(cluster6=0|cluster2=0) * P(cluster2=0|cluster3=0) * P(cluster3=0|cluster8=0)[0.0524288]=0.041943
binkey=2 [Edge status: 0 1 0 0 0 0 0 0 ] P(G)=P(cluster8=0)[0.8] * P(cluster1=0|cluster2=0) * P(cluster9=0|cluster6=0) * P(cluster7=0|cluster10=0) * P(cluster10=0|cluster6=0) * P(cluster6=0|cluster2=0) * P(cluster2=0|cluster3=1) * P(cluster3=1|cluster8=0)[0.0131072]=0.0104858
binkey=16 [Edge status: 0 0 0 0 1 0 0 0 ] P(G)=P(cluster8=0)[0.8] * P(cluster1=0|cluster2=0) * P(cluster9=0|cluster6=1) * P(cluster7=0|cluster10=0) * P(cluster10=0|cluster6=1) * P(cluster6=1|cluster2=0) * P(cluster2=0|cluster3=0) * P(cluster3=0|cluster8=0)[0.0032768]=0.00262144
binkey=4 [Edge status: 0 0 1 0 0 0 0 0 ] P(G)=P(cluster8=0)[0.8] * P(cluster1=0|cluster2=1) * P(cluster9=0|cluster6=0) * P(cluster7=0|cluster10=0) * P(cluster10=0|cluster6=0) * P(cluster6=0|cluster2=1) * P(cluster2=1|cluster3=0) * P(cluster3=0|cluster8=0)[0.0032768]=0.00262144
binkey=8 [Edge status: 0 0 0 1 0 0 0 0 ] P(G)=P(cluster8=0)[0.8] * P(cluster1=1|cluster2=0) * P(cluster9=0|cluster6=0) * P(cluster7=0|cluster10=0) * P(cluster10=0|cluster6=0) * P(cluster6=0|cluster2=0) * P(cluster2=0|cluster3=0) * P(cluster3=0|cluster8=0)[0.0524288]=0.041943
binkey=128 [Edge status: 0 0 0 0 0 0 0 1 ] P(G)=P(cluster8=0)[0.8] * P(cluster1=0|cluster2=0) * P(cluster9=0|cluster6=0) * P(cluster7=1|cluster10=0) * P(cluster10=0|cluster6=0) * P(cluster6=0|cluster2=0) * P(cluster2=0|cluster3=0) * P(cluster3=0|cluster8=0)[0.0524288]=0.041943
binkey=160 [Edge status: 0 0 0 0 0 1 0 1 ] P(G)=P(cluster8=0)[0.8] * P(cluster1=0|cluster2=0) * P(cluster9=1|cluster6=0) * P(cluster7=1|cluster10=0) * P(cluster10=0|cluster6=0) * P(cluster6=0|cluster2=0) * P(cluster2=0|cluster3=0) * P(cluster3=0|cluster8=0)[0.0131072]=0.0104858
binkey=3 [Edge status: 1 1 0 0 0 0 0 0 ] P(G)=P(cluster8=1)[0.2] * P(cluster1=0|cluster2=0) * P(cluster9=0|cluster6=0) * P(cluster7=0|cluster10=0) * P(cluster10=0|cluster6=0) * P(cluster6=0|cluster2=0) * P(cluster2=0|cluster3=1) * P(cluster3=1|cluster8=1)[0.0524288]=0.0104858
binkey=40 [Edge status: 0 0 0 1 0 1 0 0 ] P(G)=P(cluster8=0)[0.8] * P(cluster1=1|cluster2=0) * P(cluster9=1|cluster6=0) * P(cluster7=0|cluster10=0) * P(cluster10=0|cluster6=0) * P(cluster6=0|cluster2=0) * P(cluster2=0|cluster3=0) * P(cluster3=0|cluster8=0)[0.0131072]=0.0104858
binkey=192 [Edge status: 0 0 0 0 0 0 1 1 ] P(G)=P(cluster8=0)[0.8] * P(cluster1=0|cluster2=0) * P(cluster9=0|cluster6=0) * P(cluster7=1|cluster10=1) * P(cluster10=1|cluster6=0) * P(cluster6=0|cluster2=0) * P(cluster2=0|cluster3=0) * P(cluster3=0|cluster8=0)[0.0524288]=0.041943
binkey=224 [Edge status: 0 0 0 0 0 1 1 1 ] P(G)=P(cluster8=0)[0.8] * P(cluster1=0|cluster2=0) * P(cluster9=1|cluster6=0) * P(cluster7=1|cluster10=1) * P(cluster10=1|cluster6=0) * P(cluster6=0|cluster2=0) * P(cluster2=0|cluster3=0) * P(cluster3=0|cluster8=0)[0.0131072]=0.0104858
binkey=136 [Edge status: 0 0 0 1 0 0 0 1 ] P(G)=P(cluster8=0)[0.8] * P(cluster1=1|cluster2=0) * P(cluster9=0|cluster6=0) * P(cluster7=1|cluster10=0) * P(cluster10=0|cluster6=0) * P(cluster6=0|cluster2=0) * P(cluster2=0|cluster3=0) * P(cluster3=0|cluster8=0)[0.0131072]=0.0104858
binkey=200 [Edge status: 0 0 0 1 0 0 1 1 ] P(G)=P(cluster8=0)[0.8] * P(cluster1=1|cluster2=0) * P(cluster9=0|cluster6=0) * P(cluster7=1|cluster10=1) * P(cluster10=1|cluster6=0) * P(cluster6=0|cluster2=0) * P(cluster2=0|cluster3=0) * P(cluster3=0|cluster8=0)[0.0131072]=0.0104858
binkey=240 [Edge status: 0 0 0 0 1 1 1 1 ] P(G)=P(cluster8=0)[0.8] * P(cluster1=0|cluster2=0) * P(cluster9=1|cluster6=1) * P(cluster7=1|cluster10=1) * P(cluster10=1|cluster6=1) * P(cluster6=1|cluster2=0) * P(cluster2=0|cluster3=0) * P(cluster3=0|cluster8=0)[0.0524288]=0.041943
binkey=247 [Edge status: 1 1 1 0 1 1 1 1 ] P(G)=P(cluster8=1)[0.2] * P(cluster1=0|cluster2=1) * P(cluster9=1|cluster6=1) * P(cluster7=1|cluster10=1) * P(cluster10=1|cluster6=1) * P(cluster6=1|cluster2=1) * P(cluster2=1|cluster3=1) * P(cluster3=1|cluster8=1)[0.0524288]=0.0104858
binkey=119 [Edge status: 1 1 1 0 1 1 1 0 ] P(G)=P(cluster8=1)[0.2] * P(cluster1=0|cluster2=1) * P(cluster9=1|cluster6=1) * P(cluster7=0|cluster10=1) * P(cluster10=1|cluster6=1) * P(cluster6=1|cluster2=1) * P(cluster2=1|cluster3=1) * P(cluster3=1|cluster8=1)[0.0131072]=0.00262144
binkey=215 [Edge status: 1 1 1 0 1 0 1 1 ] P(G)=P(cluster8=1)[0.2] * P(cluster1=0|cluster2=1) * P(cluster9=0|cluster6=1) * P(cluster7=1|cluster10=1) * P(cluster10=1|cluster6=1) * P(cluster6=1|cluster2=1) * P(cluster2=1|cluster3=1) * P(cluster3=1|cluster8=1)[0.0131072]=0.00262144
binkey=87 [Edge status: 1 1 1 0 1 0 1 0 ] P(G)=P(cluster8=1)[0.2] * P(cluster1=0|cluster2=1) * P(cluster9=0|cluster6=1) * P(cluster7=0|cluster10=1) * P(cluster10=1|cluster6=1) * P(cluster6=1|cluster2=1) * P(cluster2=1|cluster3=1) * P(cluster3=1|cluster8=1)[0.0032768]=0.00065536
binkey=55 [Edge status: 1 1 1 0 1 1 0 0 ] P(G)=P(cluster8=1)[0.2] * P(cluster1=0|cluster2=1) * P(cluster9=1|cluster6=1) * P(cluster7=0|cluster10=0) * P(cluster10=0|cluster6=1) * P(cluster6=1|cluster2=1) * P(cluster2=1|cluster3=1) * P(cluster3=1|cluster8=1)[0.0131072]=0.00262144
binkey=23 [Edge status: 1 1 1 0 1 0 0 0 ] P(G)=P(cluster8=1)[0.2] * P(cluster1=0|cluster2=1) * P(cluster9=0|cluster6=1) * P(cluster7=0|cluster10=0) * P(cluster10=0|cluster6=1) * P(cluster6=1|cluster2=1) * P(cluster2=1|cluster3=1) * P(cluster3=1|cluster8=1)[0.0032768]=0.00065536
binkey=7 [Edge status: 1 1 1 0 0 0 0 0 ] P(G)=P(cluster8=1)[0.2] * P(cluster1=0|cluster2=1) * P(cluster9=0|cluster6=0) * P(cluster7=0|cluster10=0) * P(cluster10=0|cluster6=0) * P(cluster6=0|cluster2=1) * P(cluster2=1|cluster3=1) * P(cluster3=1|cluster8=1)[0.0131072]=0.00262144
binkey=168 [Edge status: 0 0 0 1 0 1 0 1 ] P(G)=P(cluster8=0)[0.8] * P(cluster1=1|cluster2=0) * P(cluster9=1|cluster6=0) * P(cluster7=1|cluster10=0) * P(cluster10=0|cluster6=0) * P(cluster6=0|cluster2=0) * P(cluster2=0|cluster3=0) * P(cluster3=0|cluster8=0)[0.0032768]=0.00262144
binkey=232 [Edge status: 0 0 0 1 0 1 1 1 ] P(G)=P(cluster8=0)[0.8] * P(cluster1=1|cluster2=0) * P(cluster9=1|cluster6=0) * P(cluster7=1|cluster10=1) * P(cluster10=1|cluster6=0) * P(cluster6=0|cluster2=0) * P(cluster2=0|cluster3=0) * P(cluster3=0|cluster8=0)[0.0032768]=0.00262144
ITERATION 0 newScore=-2.77374e+06 diffscore=13806.7 priorChange=-106.745 successMove=66
binkey=15 [Edge status: 1 1 1 1 0 0 0 0 ] P(G)=P(cluster8=1)[0.2] * P(cluster1=1|cluster2=1) * P(cluster9=0|cluster6=0) * P(cluster7=0|cluster10=0) * P(cluster10=0|cluster6=0) * P(cluster6=0|cluster2=1) * P(cluster2=1|cluster3=1) * P(cluster3=1|cluster8=1)[0.0524288]=0.0104858
ITERATION 1 newScore=-2.76827e+06 diffscore=5471.04 priorChange=-116.449 successMove=53
ITERATION 2 newScore=-2.75962e+06 diffscore=8657.45 priorChange=-103.972 successMove=57
ITERATION 3 newScore=-2.75538e+06 diffscore=4232.15 priorChange=-98.4269 successMove=60
ITERATION 4 newScore=-2.74831e+06 diffscore=7077.31 priorChange=-99.8132 successMove=51
ITERATION 5 newScore=-2.74165e+06 diffscore=6659.29 priorChange=-109.517 successMove=55
ITERATION 6 newScore=-2.73532e+06 diffscore=6328.32 priorChange=-121.994 successMove=56
ITERATION 7 newScore=-2.73065e+06 diffscore=4668.92 priorChange=-116.449 successMove=51
ITERATION 8 newScore=-2.72537e+06 diffscore=5280.03 priorChange=-108.131 successMove=50
ITERATION 9 newScore=-2.72162e+06 diffscore=3751.2 priorChange=-113.676 successMove=57
binkey=248 [Edge status: 0 0 0 1 1 1 1 1 ] P(G)=P(cluster8=0)[0.8] * P(cluster1=1|cluster2=0) * P(cluster9=1|cluster6=1) * P(cluster7=1|cluster10=1) * P(cluster10=1|cluster6=1) * P(cluster6=1|cluster2=0) * P(cluster2=0|cluster3=0) * P(cluster3=0|cluster8=0)[0.0131072]=0.0104858
ITERATION 10 newScore=-2.71909e+06 diffscore=2524.05 priorChange=-108.131 successMove=50
ITERATION 11 newScore=-2.71663e+06 diffscore=2463.1 priorChange=-116.449 successMove=54
ITERATION 12 newScore=-2.71302e+06 diffscore=3610.22 priorChange=-116.449 successMove=55
ITERATION 13 newScore=-2.70852e+06 diffscore=4500.34 priorChange=-106.745 successMove=51
ITERATION 14 newScore=-2.70732e+06 diffscore=1200.19 priorChange=-110.904 successMove=50
ITERATION 15 newScore=-2.70539e+06 diffscore=1933.13 priorChange=-102.586 successMove=51
ITERATION 16 newScore=-2.70107e+06 diffscore=4319.15 priorChange=-103.972 successMove=50
ITERATION 17 newScore=-2.6988e+06 diffscore=2264.65 priorChange=-113.676 successMove=55
ITERATION 18 newScore=-2.6966e+06 diffscore=2205.6 priorChange=-88.7228 successMove=50
ITERATION 19 newScore=-2.69214e+06 diffscore=4453.51 priorChange=-94.268 successMove=50
ITERATION 20 newScore=-2.69094e+06 diffscore=1203.7 priorChange=-98.4269 successMove=49
ITERATION 21 newScore=-2.69018e+06 diffscore=755.888 priorChange=-101.199 successMove=53
ITERATION 22 newScore=-2.68692e+06 diffscore=3259.74 priorChange=-101.199 successMove=46
ITERATION 23 newScore=-2.68373e+06 diffscore=3195.71 priorChange=-88.7228 successMove=47
ITERATION 24 newScore=-2.68063e+06 diffscore=3097.62 priorChange=-103.972 successMove=45
ITERATION 25 newScore=-2.6801e+06 diffscore=528.187 priorChange=-109.517 successMove=46
ITERATION 26 newScore=-2.67853e+06 diffscore=1572.32 priorChange=-94.268 successMove=45
ITERATION 27 newScore=-2.67801e+06 diffscore=523.499 priorChange=-90.1091 successMove=44
ITERATION 28 newScore=-2.67446e+06 diffscore=3544.17 priorChange=-103.972 successMove=44
ITERATION 29 newScore=-2.67214e+06 diffscore=2319.61 priorChange=-105.358 successMove=47
ITERATION 30 newScore=-2.67061e+06 diffscore=1528.7 priorChange=-106.745 successMove=43
ITERATION 31 newScore=-2.67007e+06 diffscore=541.623 priorChange=-90.1091 successMove=43
ITERATION 32 newScore=-2.66899e+06 diffscore=1086.1 priorChange=-91.4954 successMove=45
ITERATION 33 newScore=-2.66732e+06 diffscore=1670.62 priorChange=-97.0406 successMove=42
ITERATION 34 newScore=-2.66448e+06 diffscore=2838.38 priorChange=-105.358 successMove=42
ITERATION 35 newScore=-2.66299e+06 diffscore=1488.08 priorChange=-98.4269 successMove=44
ITERATION 36 newScore=-2.66266e+06 diffscore=327.052 priorChange=-97.0406 successMove=42
ITERATION 37 newScore=-2.66078e+06 diffscore=1886.96 priorChange=-91.4954 successMove=46
ITERATION 38 newScore=-2.65897e+06 diffscore=1807.52 priorChange=-90.1091 successMove=43
ITERATION 39 newScore=-2.65857e+06 diffscore=398.32 priorChange=-103.972 successMove=43
ITERATION 40 newScore=-2.65816e+06 diffscore=412.557 priorChange=-88.7228 successMove=42
ITERATION 41 newScore=-2.65766e+06 diffscore=495.147 priorChange=-85.9503 successMove=41
ITERATION 42 newScore=-2.654e+06 diffscore=3660.15 priorChange=-99.8132 successMove=41
ITERATION 43 newScore=-2.65141e+06 diffscore=2593.47 priorChange=-81.7914 successMove=42
ITERATION 44 newScore=-2.65118e+06 diffscore=232.152 priorChange=-94.268 successMove=41
ITERATION 45 newScore=-2.65092e+06 diffscore=255.047 priorChange=-95.6543 successMove=43
ITERATION 46 newScore=-2.65064e+06 diffscore=284.381 priorChange=-95.6543 successMove=40
ITERATION 47 newScore=-2.65007e+06 diffscore=565.486 priorChange=-88.7228 successMove=40
ITERATION 48 newScore=-2.64875e+06 diffscore=1317.94 priorChange=-87.3365 successMove=40
ITERATION 49 newScore=-2.64842e+06 diffscore=338.563 priorChange=-90.1091 successMove=40
ITERATION 50 newScore=-2.64601e+06 diffscore=2401.34 priorChange=-88.7228 successMove=39
ITERATION 51 newScore=-2.64572e+06 diffscore=292.694 priorChange=-77.6325 successMove=39
ITERATION 52 newScore=-2.64547e+06 diffscore=246.321 priorChange=-85.9503 successMove=38
ITERATION 53 newScore=-2.6452e+06 diffscore=270.806 priorChange=-76.2462 successMove=39
ITERATION 54 newScore=-2.64288e+06 diffscore=2324.85 priorChange=-74.8599 successMove=39
ITERATION 55 newScore=-2.64264e+06 diffscore=241.342 priorChange=-94.268 successMove=38
ITERATION 56 newScore=-2.64241e+06 diffscore=228.411 priorChange=-77.6325 successMove=36
ITERATION 57 newScore=-2.64209e+06 diffscore=321.944 priorChange=-76.2462 successMove=36
ITERATION 58 newScore=-2.64177e+06 diffscore=312.782 priorChange=-83.1777 successMove=37
ITERATION 59 newScore=-2.64138e+06 diffscore=390.756 priorChange=-66.5421 successMove=33
ITERATION 60 newScore=-2.64006e+06 diffscore=1324.53 priorChange=-76.2462 successMove=31
ITERATION 61 newScore=-2.63914e+06 diffscore=915.553 priorChange=-70.701 successMove=30
ITERATION 62 newScore=-2.63892e+06 diffscore=221.398 priorChange=-65.1558 successMove=29
ITERATION 63 newScore=-2.63872e+06 diffscore=201.726 priorChange=-70.701 successMove=30
ITERATION 64 newScore=-2.63789e+06 diffscore=835.547 priorChange=-72.0873 successMove=29
ITERATION 65 newScore=-2.63774e+06 diffscore=149.623 priorChange=-60.997 successMove=28
ITERATION 66 newScore=-2.63759e+06 diffscore=147.974 priorChange=-67.9284 successMove=27
ITERATION 67 newScore=-2.63742e+06 diffscore=164.276 priorChange=-59.6107 successMove=26
ITERATION 68 newScore=-2.63729e+06 diffscore=131.479 priorChange=-60.997 successMove=25
ITERATION 69 newScore=-2.63704e+06 diffscore=255.239 priorChange=-63.7695 successMove=26
ITERATION 70 newScore=-2.63578e+06 diffscore=1256.02 priorChange=-55.4518 successMove=24
ITERATION 71 newScore=-2.63565e+06 diffscore=126.752 priorChange=-56.8381 successMove=24
ITERATION 72 newScore=-2.63553e+06 diffscore=122.306 priorChange=-33.2711 successMove=23
ITERATION 73 newScore=-2.63542e+06 diffscore=115.854 priorChange=-54.0655 successMove=21
ITERATION 74 newScore=-2.63449e+06 diffscore=926.671 priorChange=-47.134 successMove=19
ITERATION 75 newScore=-2.63439e+06 diffscore=96.5314 priorChange=-41.5888 successMove=18
ITERATION 76 newScore=-2.6343e+06 diffscore=87.7876 priorChange=-34.6574 successMove=16
ITERATION 77 newScore=-2.63422e+06 diffscore=83.0243 priorChange=-27.7259 successMove=13
ITERATION 78 newScore=-2.63413e+06 diffscore=95.5217 priorChange=-31.8848 successMove=13
ITERATION 79 newScore=-2.63403e+06 diffscore=99.8114 priorChange=-23.567 successMove=13
ITERATION 80 newScore=-2.63389e+06 diffscore=133.131 priorChange=-29.1122 successMove=13
ITERATION 81 newScore=-2.63313e+06 diffscore=764.269 priorChange=-31.8848 successMove=13
ITERATION 82 newScore=-2.63307e+06 diffscore=63.6584 priorChange=-15.2492 successMove=11
ITERATION 83 newScore=-2.633e+06 diffscore=68.7875 priorChange=-18.0218 successMove=11
ITERATION 84 newScore=-2.63289e+06 diffscore=102.926 priorChange=-22.1807 successMove=11
ITERATION 85 newScore=-2.63222e+06 diffscore=669.809 priorChange=-23.567 successMove=9
ITERATION 86 newScore=-2.63219e+06 diffscore=36.5798 priorChange=-22.1807 successMove=9
ITERATION 87 newScore=-2.63216e+06 diffscore=28.5683 priorChange=-20.7944 successMove=9
ITERATION 88 newScore=-2.63213e+06 diffscore=30.1275 priorChange=-22.1807 successMove=9
ITERATION 89 newScore=-2.6321e+06 diffscore=28.5138 priorChange=-20.7944 successMove=8
ITERATION 90 newScore=-2.63207e+06 diffscore=26.1471 priorChange=-19.4081 successMove=8
ITERATION 91 newScore=-2.63206e+06 diffscore=15.5762 priorChange=-11.0904 successMove=8
ITERATION 92 newScore=-2.63204e+06 diffscore=18.2735 priorChange=-9.70406 successMove=8
ITERATION 93 newScore=-2.63202e+06 diffscore=18.5918 priorChange=-12.4766 successMove=9
ITERATION 94 newScore=-2.632e+06 diffscore=16.843 priorChange=-11.0904 successMove=6
ITERATION 95 newScore=-2.63199e+06 diffscore=13.7235 priorChange=-8.31777 successMove=5
ITERATION 96 newScore=-2.63197e+06 diffscore=16.1435 priorChange=-9.70406 successMove=5
ITERATION 97 newScore=-2.63196e+06 diffscore=12.8621 priorChange=-6.93147 successMove=5
ITERATION 98 newScore=-2.63195e+06 diffscore=14.1486 priorChange=-9.70406 successMove=5
ITERATION 99 newScore=-2.63193e+06 diffscore=14.1274 priorChange=-6.93147 successMove=5
MetaLearner::dumpAllGraphs
Final Score -2.63193e+06
MetaLearner::start runtime: 1433631131 ms
Results/
Results/cluster6/
Results/cluster6/fold0/
Results/cluster6/fold0/modelparams.txt
Results/cluster6/fold0/var_mb_pw_k50.txt
Results/cluster2/
Results/cluster2/fold0/
Results/cluster2/fold0/modelparams.txt
Results/cluster2/fold0/var_mb_pw_k50.txt
Results/cluster10/
Results/cluster10/fold0/
Results/cluster10/fold0/modelparams.txt
Results/cluster10/fold0/var_mb_pw_k50.txt
Results/cluster7/
Results/cluster7/fold0/
Results/cluster7/fold0/modelparams.txt
Results/cluster7/fold0/var_mb_pw_k50.txt
Results/cluster3/
Results/cluster3/fold0/
Results/cluster3/fold0/modelparams.txt
Results/cluster3/fold0/var_mb_pw_k50.txt
Results/cluster1/
Results/cluster1/fold0/
Results/cluster1/fold0/modelparams.txt
Results/cluster1/fold0/var_mb_pw_k50.txt
Results/cluster9/
Results/cluster9/fold0/
Results/cluster9/fold0/modelparams.txt
Results/cluster9/fold0/var_mb_pw_k50.txt
Results/cluster8/
Results/cluster8/scoreFile.txt
Results/cluster8/fold0/
Results/cluster8/fold0/modelparams.txt
Results/cluster8/fold0/var_mb_pw_k50.txt
