./CVN -f config_condor.txt -x50 -v1 -l TFs_OGs.txt -n AllGenes164.txt -d celltype_tree_ancestor.txt -m testdata_ogids.txt -s celltype_order.txt -p 0.2 -c yes -b -4 -q 4
(cluster3|cluster8) p_maintain_edge=0.8 p_gain=0.2
(cluster2|cluster3) p_maintain_edge=0.8 p_gain=0.2
(cluster1|cluster2) p_maintain_edge=0.8 p_gain=0.2
(cluster6|cluster2) p_maintain_edge=0.8 p_gain=0.2
(cluster9|cluster6) p_maintain_edge=0.8 p_gain=0.2
(cluster10|cluster6) p_maintain_edge=0.8 p_gain=0.2
(cluster7|cluster10) p_maintain_edge=0.8 p_gain=0.2
speciesSet.size()=8 Root is cluster8
MappedOrthogroupReader::readSpeciesMapping() --- celltype_order.txt
MappedOrthogroupReader::readFile - testdata_ogids.txt
MappedOrthogroupReader::generateGeneOrthoMap()
MetaLearner::init_onefold() read:config_condor.txt
MetaLearner::setinputVariableNames number of variables: 2046
readEvidenceTable:cluster8.table
PotentialManager::loadEvidenceFromTable varCount=2046 sampleCount=348
motifNetwork.size() = 319
0=cluster8 motifNetwork=cluster8_network.txt
variable size=2046
readEvidenceTable:cluster3.table
PotentialManager::loadEvidenceFromTable varCount=2046 sampleCount=95
motifNetwork.size() = 326
1=cluster3 motifNetwork=cluster3_network.txt
variable size=2046
readEvidenceTable:cluster2.table
PotentialManager::loadEvidenceFromTable varCount=2046 sampleCount=386
motifNetwork.size() = 328
2=cluster2 motifNetwork=cluster2_network.txt
variable size=2046
readEvidenceTable:cluster1.table
PotentialManager::loadEvidenceFromTable varCount=2046 sampleCount=36
motifNetwork.size() = 322
3=cluster1 motifNetwork=cluster1_network.txt
variable size=2046
readEvidenceTable:cluster6.table
PotentialManager::loadEvidenceFromTable varCount=2046 sampleCount=524
motifNetwork.size() = 320
4=cluster6 motifNetwork=cluster6_network.txt
variable size=2046
readEvidenceTable:cluster9.table
PotentialManager::loadEvidenceFromTable varCount=2046 sampleCount=184
motifNetwork.size() = 327
5=cluster9 motifNetwork=cluster9_network.txt
variable size=2046
readEvidenceTable:cluster10.table
PotentialManager::loadEvidenceFromTable varCount=2046 sampleCount=165
motifNetwork.size() = 326
6=cluster10 motifNetwork=cluster10_network.txt
variable size=2046
readEvidenceTable:cluster7.table
PotentialManager::loadEvidenceFromTable varCount=2046 sampleCount=1032
motifNetwork.size() = 320
7=cluster7 motifNetwork=cluster7_network.txt
variable size=2046
-------------------------------------------------------------
MetaLearner::start
precomputeEmptyGraphPrior
binkey=0 [Edge status: 0 0 0 0 0 0 0 0 ] P(G)=P(cluster8=0)[0.8] * P(cluster1=0|cluster2=0) * P(cluster9=0|cluster6=0) * P(cluster7=0|cluster10=0) * P(cluster10=0|cluster6=0) * P(cluster6=0|cluster2=0) * P(cluster2=0|cluster3=0) * P(cluster3=0|cluster8=0)[0.209715]=0.167772
condsetMap_Tree
0 cluster8=0 cluster3=0 cluster2=0 cluster1=0 cluster6=0 cluster9=0 cluster10=0 cluster7=1
1 cluster8=0 cluster3=0 cluster2=0 cluster1=0 cluster6=0 cluster9=1 cluster10=0 cluster7=0
2 cluster8=0 cluster3=0 cluster2=0 cluster1=0 cluster6=0 cluster9=1 cluster10=0 cluster7=1
3 cluster8=0 cluster3=0 cluster2=0 cluster1=1 cluster6=0 cluster9=0 cluster10=0 cluster7=0
4 cluster8=0 cluster3=0 cluster2=0 cluster1=1 cluster6=0 cluster9=0 cluster10=0 cluster7=1
5 cluster8=0 cluster3=0 cluster2=0 cluster1=1 cluster6=0 cluster9=1 cluster10=0 cluster7=0
6 cluster8=0 cluster3=0 cluster2=0 cluster1=1 cluster6=0 cluster9=1 cluster10=0 cluster7=1
7 cluster8=0 cluster3=0 cluster2=0 cluster1=0 cluster6=0 cluster9=0 cluster10=1 cluster7=1
8 cluster8=0 cluster3=0 cluster2=0 cluster1=0 cluster6=0 cluster9=1 cluster10=1 cluster7=1
9 cluster8=0 cluster3=0 cluster2=0 cluster1=1 cluster6=0 cluster9=0 cluster10=1 cluster7=1
10 cluster8=0 cluster3=0 cluster2=0 cluster1=1 cluster6=0 cluster9=1 cluster10=1 cluster7=1
11 cluster8=0 cluster3=0 cluster2=0 cluster1=0 cluster6=1 cluster9=1 cluster10=1 cluster7=1
12 cluster8=0 cluster3=0 cluster2=0 cluster1=1 cluster6=1 cluster9=1 cluster10=1 cluster7=1
13 cluster8=0 cluster3=0 cluster2=1 cluster1=1 cluster6=1 cluster9=1 cluster10=1 cluster7=1
14 cluster8=0 cluster3=1 cluster2=1 cluster1=1 cluster6=1 cluster9=1 cluster10=1 cluster7=1
15 cluster8=1 cluster3=1 cluster2=1 cluster1=1 cluster6=1 cluster9=1 cluster10=1 cluster7=1
16 cluster8=1 cluster3=1 cluster2=1 cluster1=1 cluster6=1 cluster9=1 cluster10=1 cluster7=0
17 cluster8=1 cluster3=1 cluster2=1 cluster1=1 cluster6=1 cluster9=0 cluster10=1 cluster7=1
18 cluster8=1 cluster3=1 cluster2=1 cluster1=1 cluster6=1 cluster9=0 cluster10=1 cluster7=0
19 cluster8=1 cluster3=1 cluster2=1 cluster1=0 cluster6=1 cluster9=1 cluster10=1 cluster7=1
20 cluster8=1 cluster3=1 cluster2=1 cluster1=0 cluster6=1 cluster9=1 cluster10=1 cluster7=0
21 cluster8=1 cluster3=1 cluster2=1 cluster1=0 cluster6=1 cluster9=0 cluster10=1 cluster7=1
22 cluster8=1 cluster3=1 cluster2=1 cluster1=0 cluster6=1 cluster9=0 cluster10=1 cluster7=0
23 cluster8=1 cluster3=1 cluster2=1 cluster1=1 cluster6=1 cluster9=1 cluster10=0 cluster7=0
24 cluster8=1 cluster3=1 cluster2=1 cluster1=1 cluster6=1 cluster9=0 cluster10=0 cluster7=0
25 cluster8=1 cluster3=1 cluster2=1 cluster1=0 cluster6=1 cluster9=1 cluster10=0 cluster7=0
26 cluster8=1 cluster3=1 cluster2=1 cluster1=0 cluster6=1 cluster9=0 cluster10=0 cluster7=0
27 cluster8=1 cluster3=1 cluster2=1 cluster1=1 cluster6=0 cluster9=0 cluster10=0 cluster7=0
28 cluster8=1 cluster3=1 cluster2=1 cluster1=0 cluster6=0 cluster9=0 cluster10=0 cluster7=0
29 cluster8=1 cluster3=1 cluster2=0 cluster1=0 cluster6=0 cluster9=0 cluster10=0 cluster7=0
30 cluster8=1 cluster3=0 cluster2=0 cluster1=0 cluster6=0 cluster9=0 cluster10=0 cluster7=0
31 cluster8=0 cluster3=0 cluster2=0 cluster1=0 cluster6=1 cluster9=0 cluster10=0 cluster7=0
32 cluster8=0 cluster3=0 cluster2=1 cluster1=0 cluster6=0 cluster9=0 cluster10=0 cluster7=0
33 cluster8=0 cluster3=0 cluster2=0 cluster1=0 cluster6=0 cluster9=0 cluster10=1 cluster7=0
34 cluster8=0 cluster3=1 cluster2=0 cluster1=0 cluster6=0 cluster9=0 cluster10=0 cluster7=0
inputRegulatorOGs.size() = 1999 inputOGList.size() = 50
binkey=4 [Edge status: 0 0 1 0 0 0 0 0 ] P(G)=P(cluster8=0)[0.8] * P(cluster1=0|cluster2=1) * P(cluster9=0|cluster6=0) * P(cluster7=0|cluster10=0) * P(cluster10=0|cluster6=0) * P(cluster6=0|cluster2=1) * P(cluster2=1|cluster3=0) * P(cluster3=0|cluster8=0)[0.0032768]=0.00262144
binkey=16 [Edge status: 0 0 0 0 1 0 0 0 ] P(G)=P(cluster8=0)[0.8] * P(cluster1=0|cluster2=0) * P(cluster9=0|cluster6=1) * P(cluster7=0|cluster10=0) * P(cluster10=0|cluster6=1) * P(cluster6=1|cluster2=0) * P(cluster2=0|cluster3=0) * P(cluster3=0|cluster8=0)[0.0032768]=0.00262144
binkey=64 [Edge status: 0 0 0 0 0 0 1 0 ] P(G)=P(cluster8=0)[0.8] * P(cluster1=0|cluster2=0) * P(cluster9=0|cluster6=0) * P(cluster7=0|cluster10=1) * P(cluster10=1|cluster6=0) * P(cluster6=0|cluster2=0) * P(cluster2=0|cluster3=0) * P(cluster3=0|cluster8=0)[0.0131072]=0.0104858
binkey=128 [Edge status: 0 0 0 0 0 0 0 1 ] P(G)=P(cluster8=0)[0.8] * P(cluster1=0|cluster2=0) * P(cluster9=0|cluster6=0) * P(cluster7=1|cluster10=0) * P(cluster10=0|cluster6=0) * P(cluster6=0|cluster2=0) * P(cluster2=0|cluster3=0) * P(cluster3=0|cluster8=0)[0.0524288]=0.041943
binkey=1 [Edge status: 1 0 0 0 0 0 0 0 ] P(G)=P(cluster8=1)[0.2] * P(cluster1=0|cluster2=0) * P(cluster9=0|cluster6=0) * P(cluster7=0|cluster10=0) * P(cluster10=0|cluster6=0) * P(cluster6=0|cluster2=0) * P(cluster2=0|cluster3=0) * P(cluster3=0|cluster8=1)[0.0524288]=0.0104858
binkey=2 [Edge status: 0 1 0 0 0 0 0 0 ] P(G)=P(cluster8=0)[0.8] * P(cluster1=0|cluster2=0) * P(cluster9=0|cluster6=0) * P(cluster7=0|cluster10=0) * P(cluster10=0|cluster6=0) * P(cluster6=0|cluster2=0) * P(cluster2=0|cluster3=1) * P(cluster3=1|cluster8=0)[0.0131072]=0.0104858
binkey=32 [Edge status: 0 0 0 0 0 1 0 0 ] P(G)=P(cluster8=0)[0.8] * P(cluster1=0|cluster2=0) * P(cluster9=1|cluster6=0) * P(cluster7=0|cluster10=0) * P(cluster10=0|cluster6=0) * P(cluster6=0|cluster2=0) * P(cluster2=0|cluster3=0) * P(cluster3=0|cluster8=0)[0.0524288]=0.041943
binkey=160 [Edge status: 0 0 0 0 0 1 0 1 ] P(G)=P(cluster8=0)[0.8] * P(cluster1=0|cluster2=0) * P(cluster9=1|cluster6=0) * P(cluster7=1|cluster10=0) * P(cluster10=0|cluster6=0) * P(cluster6=0|cluster2=0) * P(cluster2=0|cluster3=0) * P(cluster3=0|cluster8=0)[0.0131072]=0.0104858
binkey=192 [Edge status: 0 0 0 0 0 0 1 1 ] P(G)=P(cluster8=0)[0.8] * P(cluster1=0|cluster2=0) * P(cluster9=0|cluster6=0) * P(cluster7=1|cluster10=1) * P(cluster10=1|cluster6=0) * P(cluster6=0|cluster2=0) * P(cluster2=0|cluster3=0) * P(cluster3=0|cluster8=0)[0.0524288]=0.041943
binkey=3 [Edge status: 1 1 0 0 0 0 0 0 ] P(G)=P(cluster8=1)[0.2] * P(cluster1=0|cluster2=0) * P(cluster9=0|cluster6=0) * P(cluster7=0|cluster10=0) * P(cluster10=0|cluster6=0) * P(cluster6=0|cluster2=0) * P(cluster2=0|cluster3=1) * P(cluster3=1|cluster8=1)[0.0524288]=0.0104858
binkey=23 [Edge status: 1 1 1 0 1 0 0 0 ] P(G)=P(cluster8=1)[0.2] * P(cluster1=0|cluster2=1) * P(cluster9=0|cluster6=1) * P(cluster7=0|cluster10=0) * P(cluster10=0|cluster6=1) * P(cluster6=1|cluster2=1) * P(cluster2=1|cluster3=1) * P(cluster3=1|cluster8=1)[0.0032768]=0.00065536
binkey=7 [Edge status: 1 1 1 0 0 0 0 0 ] P(G)=P(cluster8=1)[0.2] * P(cluster1=0|cluster2=1) * P(cluster9=0|cluster6=0) * P(cluster7=0|cluster10=0) * P(cluster10=0|cluster6=0) * P(cluster6=0|cluster2=1) * P(cluster2=1|cluster3=1) * P(cluster3=1|cluster8=1)[0.0131072]=0.00262144
binkey=8 [Edge status: 0 0 0 1 0 0 0 0 ] P(G)=P(cluster8=0)[0.8] * P(cluster1=1|cluster2=0) * P(cluster9=0|cluster6=0) * P(cluster7=0|cluster10=0) * P(cluster10=0|cluster6=0) * P(cluster6=0|cluster2=0) * P(cluster2=0|cluster3=0) * P(cluster3=0|cluster8=0)[0.0524288]=0.041943
binkey=136 [Edge status: 0 0 0 1 0 0 0 1 ] P(G)=P(cluster8=0)[0.8] * P(cluster1=1|cluster2=0) * P(cluster9=0|cluster6=0) * P(cluster7=1|cluster10=0) * P(cluster10=0|cluster6=0) * P(cluster6=0|cluster2=0) * P(cluster2=0|cluster3=0) * P(cluster3=0|cluster8=0)[0.0131072]=0.0104858
binkey=200 [Edge status: 0 0 0 1 0 0 1 1 ] P(G)=P(cluster8=0)[0.8] * P(cluster1=1|cluster2=0) * P(cluster9=0|cluster6=0) * P(cluster7=1|cluster10=1) * P(cluster10=1|cluster6=0) * P(cluster6=0|cluster2=0) * P(cluster2=0|cluster3=0) * P(cluster3=0|cluster8=0)[0.0131072]=0.0104858
binkey=40 [Edge status: 0 0 0 1 0 1 0 0 ] P(G)=P(cluster8=0)[0.8] * P(cluster1=1|cluster2=0) * P(cluster9=1|cluster6=0) * P(cluster7=0|cluster10=0) * P(cluster10=0|cluster6=0) * P(cluster6=0|cluster2=0) * P(cluster2=0|cluster3=0) * P(cluster3=0|cluster8=0)[0.0131072]=0.0104858
binkey=168 [Edge status: 0 0 0 1 0 1 0 1 ] P(G)=P(cluster8=0)[0.8] * P(cluster1=1|cluster2=0) * P(cluster9=1|cluster6=0) * P(cluster7=1|cluster10=0) * P(cluster10=0|cluster6=0) * P(cluster6=0|cluster2=0) * P(cluster2=0|cluster3=0) * P(cluster3=0|cluster8=0)[0.0032768]=0.00262144
binkey=224 [Edge status: 0 0 0 0 0 1 1 1 ] P(G)=P(cluster8=0)[0.8] * P(cluster1=0|cluster2=0) * P(cluster9=1|cluster6=0) * P(cluster7=1|cluster10=1) * P(cluster10=1|cluster6=0) * P(cluster6=0|cluster2=0) * P(cluster2=0|cluster3=0) * P(cluster3=0|cluster8=0)[0.0131072]=0.0104858
binkey=240 [Edge status: 0 0 0 0 1 1 1 1 ] P(G)=P(cluster8=0)[0.8] * P(cluster1=0|cluster2=0) * P(cluster9=1|cluster6=1) * P(cluster7=1|cluster10=1) * P(cluster10=1|cluster6=1) * P(cluster6=1|cluster2=0) * P(cluster2=0|cluster3=0) * P(cluster3=0|cluster8=0)[0.0524288]=0.041943
binkey=232 [Edge status: 0 0 0 1 0 1 1 1 ] P(G)=P(cluster8=0)[0.8] * P(cluster1=1|cluster2=0) * P(cluster9=1|cluster6=0) * P(cluster7=1|cluster10=1) * P(cluster10=1|cluster6=0) * P(cluster6=0|cluster2=0) * P(cluster2=0|cluster3=0) * P(cluster3=0|cluster8=0)[0.0032768]=0.00262144
binkey=248 [Edge status: 0 0 0 1 1 1 1 1 ] P(G)=P(cluster8=0)[0.8] * P(cluster1=1|cluster2=0) * P(cluster9=1|cluster6=1) * P(cluster7=1|cluster10=1) * P(cluster10=1|cluster6=1) * P(cluster6=1|cluster2=0) * P(cluster2=0|cluster3=0) * P(cluster3=0|cluster8=0)[0.0131072]=0.0104858
binkey=15 [Edge status: 1 1 1 1 0 0 0 0 ] P(G)=P(cluster8=1)[0.2] * P(cluster1=1|cluster2=1) * P(cluster9=0|cluster6=0) * P(cluster7=0|cluster10=0) * P(cluster10=0|cluster6=0) * P(cluster6=0|cluster2=1) * P(cluster2=1|cluster3=1) * P(cluster3=1|cluster8=1)[0.0524288]=0.0104858
binkey=55 [Edge status: 1 1 1 0 1 1 0 0 ] P(G)=P(cluster8=1)[0.2] * P(cluster1=0|cluster2=1) * P(cluster9=1|cluster6=1) * P(cluster7=0|cluster10=0) * P(cluster10=0|cluster6=1) * P(cluster6=1|cluster2=1) * P(cluster2=1|cluster3=1) * P(cluster3=1|cluster8=1)[0.0131072]=0.00262144
ITERATION 0 newScore=-2.71288e+06 diffscore=12348.6 priorChange=-101.199 successMove=60
ITERATION 1 newScore=-2.707e+06 diffscore=5878.8 priorChange=-98.4269 successMove=52
ITERATION 2 newScore=-2.70277e+06 diffscore=4233.14 priorChange=-109.517 successMove=54
ITERATION 3 newScore=-2.69665e+06 diffscore=6112.82 priorChange=-117.835 successMove=54
ITERATION 4 newScore=-2.69393e+06 diffscore=2719.39 priorChange=-123.38 successMove=50
ITERATION 5 newScore=-2.68689e+06 diffscore=7048.07 priorChange=-103.972 successMove=51
ITERATION 6 newScore=-2.67842e+06 diffscore=8467.43 priorChange=-113.676 successMove=53
ITERATION 7 newScore=-2.6746e+06 diffscore=3821.48 priorChange=-115.062 successMove=54
ITERATION 8 newScore=-2.67331e+06 diffscore=1284.63 priorChange=-116.449 successMove=54
ITERATION 9 newScore=-2.6684e+06 diffscore=4908.51 priorChange=-119.221 successMove=53
ITERATION 10 newScore=-2.66459e+06 diffscore=3815.78 priorChange=-116.449 successMove=50
ITERATION 11 newScore=-2.66162e+06 diffscore=2969.72 priorChange=-109.517 successMove=51
ITERATION 12 newScore=-2.65802e+06 diffscore=3600.09 priorChange=-112.29 successMove=52
ITERATION 13 newScore=-2.65738e+06 diffscore=637.135 priorChange=-113.676 successMove=51
ITERATION 14 newScore=-2.65363e+06 diffscore=3749.98 priorChange=-115.062 successMove=53
ITERATION 15 newScore=-2.651e+06 diffscore=2634.23 priorChange=-102.586 successMove=50
ITERATION 16 newScore=-2.6503e+06 diffscore=695.016 priorChange=-112.29 successMove=50
ITERATION 17 newScore=-2.64877e+06 diffscore=1531.6 priorChange=-101.199 successMove=50
ITERATION 18 newScore=-2.64082e+06 diffscore=7949.23 priorChange=-115.062 successMove=49
ITERATION 19 newScore=-2.64028e+06 diffscore=545.195 priorChange=-113.676 successMove=47
ITERATION 20 newScore=-2.63719e+06 diffscore=3087.62 priorChange=-103.972 successMove=47
ITERATION 21 newScore=-2.63594e+06 diffscore=1244.19 priorChange=-103.972 successMove=49
ITERATION 22 newScore=-2.63539e+06 diffscore=551.329 priorChange=-112.29 successMove=50
ITERATION 23 newScore=-2.6324e+06 diffscore=2995.25 priorChange=-94.268 successMove=48
ITERATION 24 newScore=-2.63121e+06 diffscore=1185.1 priorChange=-92.8817 successMove=47
ITERATION 25 newScore=-2.6289e+06 diffscore=2314.63 priorChange=-103.972 successMove=49
ITERATION 26 newScore=-2.62732e+06 diffscore=1580.23 priorChange=-103.972 successMove=45
ITERATION 27 newScore=-2.62603e+06 diffscore=1284.51 priorChange=-97.0406 successMove=46
ITERATION 28 newScore=-2.62423e+06 diffscore=1803.29 priorChange=-92.8817 successMove=43
ITERATION 29 newScore=-2.62306e+06 diffscore=1170.2 priorChange=-103.972 successMove=44
ITERATION 30 newScore=-2.62071e+06 diffscore=2346.31 priorChange=-90.1091 successMove=42
ITERATION 31 newScore=-2.62036e+06 diffscore=350.483 priorChange=-98.4269 successMove=43
ITERATION 32 newScore=-2.61998e+06 diffscore=384.944 priorChange=-80.4051 successMove=40
ITERATION 33 newScore=-2.61895e+06 diffscore=1022.44 priorChange=-85.9503 successMove=39
ITERATION 34 newScore=-2.6186e+06 diffscore=350 priorChange=-85.9503 successMove=38
ITERATION 35 newScore=-2.61831e+06 diffscore=297.194 priorChange=-88.7228 successMove=38
ITERATION 36 newScore=-2.61655e+06 diffscore=1758.87 priorChange=-80.4051 successMove=39
ITERATION 37 newScore=-2.6161e+06 diffscore=451.687 priorChange=-79.0188 successMove=39
ITERATION 38 newScore=-2.61392e+06 diffscore=2180.78 priorChange=-85.9503 successMove=38
ITERATION 39 newScore=-2.61359e+06 diffscore=321.684 priorChange=-88.7228 successMove=38
ITERATION 40 newScore=-2.61198e+06 diffscore=1613.41 priorChange=-87.3365 successMove=37
ITERATION 41 newScore=-2.61159e+06 diffscore=386.841 priorChange=-87.3365 successMove=36
ITERATION 42 newScore=-2.61118e+06 diffscore=416.201 priorChange=-87.3365 successMove=36
ITERATION 43 newScore=-2.60846e+06 diffscore=2718.07 priorChange=-66.5421 successMove=38
ITERATION 44 newScore=-2.60811e+06 diffscore=346.567 priorChange=-81.7914 successMove=36
ITERATION 45 newScore=-2.60683e+06 diffscore=1279.99 priorChange=-70.701 successMove=36
ITERATION 46 newScore=-2.60651e+06 diffscore=323.168 priorChange=-65.1558 successMove=36
ITERATION 47 newScore=-2.60611e+06 diffscore=397.478 priorChange=-74.8599 successMove=36
ITERATION 48 newScore=-2.60421e+06 diffscore=1905.7 priorChange=-60.997 successMove=36
ITERATION 49 newScore=-2.60394e+06 diffscore=266.371 priorChange=-81.7914 successMove=37
ITERATION 50 newScore=-2.60135e+06 diffscore=2587.1 priorChange=-69.3147 successMove=36
ITERATION 51 newScore=-2.60113e+06 diffscore=222.2 priorChange=-84.564 successMove=36
ITERATION 52 newScore=-2.60091e+06 diffscore=222.021 priorChange=-81.7914 successMove=36
ITERATION 53 newScore=-2.59945e+06 diffscore=1455.97 priorChange=-90.1091 successMove=37
ITERATION 54 newScore=-2.59925e+06 diffscore=202.708 priorChange=-77.6325 successMove=36
ITERATION 55 newScore=-2.59905e+06 diffscore=200.603 priorChange=-80.4051 successMove=35
ITERATION 56 newScore=-2.5977e+06 diffscore=1346.56 priorChange=-83.1777 successMove=36
ITERATION 57 newScore=-2.59742e+06 diffscore=280.544 priorChange=-84.564 successMove=35
ITERATION 58 newScore=-2.59612e+06 diffscore=1299.51 priorChange=-72.0873 successMove=34
ITERATION 59 newScore=-2.59585e+06 diffscore=273.884 priorChange=-74.8599 successMove=34
ITERATION 60 newScore=-2.59559e+06 diffscore=263.913 priorChange=-65.1558 successMove=35
ITERATION 61 newScore=-2.59422e+06 diffscore=1369.58 priorChange=-73.4736 successMove=34
ITERATION 62 newScore=-2.59269e+06 diffscore=1524.03 priorChange=-72.0873 successMove=33
ITERATION 63 newScore=-2.59242e+06 diffscore=267.722 priorChange=-66.5421 successMove=31
ITERATION 64 newScore=-2.59213e+06 diffscore=296.03 priorChange=-60.997 successMove=29
ITERATION 65 newScore=-2.59162e+06 diffscore=503.544 priorChange=-67.9284 successMove=30
ITERATION 66 newScore=-2.59016e+06 diffscore=1460.6 priorChange=-58.2244 successMove=29
ITERATION 67 newScore=-2.59004e+06 diffscore=122.531 priorChange=-55.4518 successMove=26
ITERATION 68 newScore=-2.58988e+06 diffscore=157.285 priorChange=-55.4518 successMove=25
ITERATION 69 newScore=-2.5897e+06 diffscore=181.17 priorChange=-58.2244 successMove=25
ITERATION 70 newScore=-2.58861e+06 diffscore=1091.01 priorChange=-56.8381 successMove=24
ITERATION 71 newScore=-2.5885e+06 diffscore=116.431 priorChange=-48.5203 successMove=24
ITERATION 72 newScore=-2.58816e+06 diffscore=338.849 priorChange=-44.3614 successMove=25
ITERATION 73 newScore=-2.5869e+06 diffscore=1258.13 priorChange=-52.6792 successMove=23
ITERATION 74 newScore=-2.58682e+06 diffscore=81.0297 priorChange=-38.8162 successMove=22
ITERATION 75 newScore=-2.58673e+06 diffscore=84.6398 priorChange=-42.9751 successMove=22
ITERATION 76 newScore=-2.58546e+06 diffscore=1274.45 priorChange=-47.134 successMove=22
ITERATION 77 newScore=-2.58536e+06 diffscore=96.8508 priorChange=-36.0437 successMove=19
ITERATION 78 newScore=-2.58528e+06 diffscore=80.3253 priorChange=-40.2025 successMove=17
ITERATION 79 newScore=-2.58518e+06 diffscore=97.9738 priorChange=-22.1807 successMove=17
ITERATION 80 newScore=-2.58511e+06 diffscore=76.3511 priorChange=-29.1122 successMove=15
ITERATION 81 newScore=-2.58502e+06 diffscore=83.6293 priorChange=-30.4985 successMove=16
ITERATION 82 newScore=-2.58494e+06 diffscore=87.14 priorChange=-26.3396 successMove=14
ITERATION 83 newScore=-2.58477e+06 diffscore=163.64 priorChange=-36.0437 successMove=14
ITERATION 84 newScore=-2.58363e+06 diffscore=1147.37 priorChange=-20.7944 successMove=14
ITERATION 85 newScore=-2.58358e+06 diffscore=48.2201 priorChange=-27.7259 successMove=12
ITERATION 86 newScore=-2.58354e+06 diffscore=39.9495 priorChange=-26.3396 successMove=12
ITERATION 87 newScore=-2.58349e+06 diffscore=51.5095 priorChange=-30.4985 successMove=12
ITERATION 88 newScore=-2.58334e+06 diffscore=149.935 priorChange=-16.6355 successMove=11
ITERATION 89 newScore=-2.58226e+06 diffscore=1077.61 priorChange=-31.8848 successMove=12
ITERATION 90 newScore=-2.58222e+06 diffscore=40.4236 priorChange=-27.7259 successMove=11
ITERATION 91 newScore=-2.58218e+06 diffscore=38.6524 priorChange=-29.1122 successMove=11
ITERATION 92 newScore=-2.58214e+06 diffscore=43.53 priorChange=-24.9533 successMove=12
ITERATION 93 newScore=-2.58209e+06 diffscore=40.9879 priorChange=-23.567 successMove=11
ITERATION 94 newScore=-2.58205e+06 diffscore=44.8878 priorChange=-23.567 successMove=10
ITERATION 95 newScore=-2.58088e+06 diffscore=1172.53 priorChange=-20.7944 successMove=9
ITERATION 96 newScore=-2.58077e+06 diffscore=106.184 priorChange=-20.7944 successMove=9
ITERATION 97 newScore=-2.58073e+06 diffscore=40.7143 priorChange=-15.2492 successMove=8
ITERATION 98 newScore=-2.58069e+06 diffscore=40.4746 priorChange=-18.0218 successMove=7
ITERATION 99 newScore=-2.58066e+06 diffscore=33.1945 priorChange=-9.70406 successMove=6
MetaLearner::dumpAllGraphs
Final Score -2.58066e+06
MetaLearner::start runtime: 1160146284 ms
Results/
Results/cluster3/
Results/cluster3/fold0/
Results/cluster3/fold0/modelparams.txt
Results/cluster3/fold0/var_mb_pw_k50.txt
Results/cluster7/
Results/cluster7/fold0/
Results/cluster7/fold0/modelparams.txt
Results/cluster7/fold0/var_mb_pw_k50.txt
Results/cluster2/
Results/cluster2/fold0/
Results/cluster2/fold0/modelparams.txt
Results/cluster2/fold0/var_mb_pw_k50.txt
Results/cluster9/
Results/cluster9/fold0/
Results/cluster9/fold0/modelparams.txt
Results/cluster9/fold0/var_mb_pw_k50.txt
Results/cluster6/
Results/cluster6/fold0/
Results/cluster6/fold0/modelparams.txt
Results/cluster6/fold0/var_mb_pw_k50.txt
Results/cluster1/
Results/cluster1/fold0/
Results/cluster1/fold0/modelparams.txt
Results/cluster1/fold0/var_mb_pw_k50.txt
Results/cluster10/
Results/cluster10/fold0/
Results/cluster10/fold0/modelparams.txt
Results/cluster10/fold0/var_mb_pw_k50.txt
Results/cluster8/
Results/cluster8/scoreFile.txt
Results/cluster8/fold0/
Results/cluster8/fold0/modelparams.txt
Results/cluster8/fold0/var_mb_pw_k50.txt
