./CVN -f config_condor.txt -x50 -v1 -l TFs_OGs.txt -n AllGenes64.txt -d celltype_tree_ancestor.txt -m testdata_ogids.txt -s celltype_order.txt -p 0.2 -c yes -b -4 -q 4
(cluster3|cluster8) p_maintain_edge=0.8 p_gain=0.2
(cluster2|cluster3) p_maintain_edge=0.8 p_gain=0.2
(cluster1|cluster2) p_maintain_edge=0.8 p_gain=0.2
(cluster6|cluster2) p_maintain_edge=0.8 p_gain=0.2
(cluster9|cluster6) p_maintain_edge=0.8 p_gain=0.2
(cluster10|cluster6) p_maintain_edge=0.8 p_gain=0.2
(cluster7|cluster10) p_maintain_edge=0.8 p_gain=0.2
speciesSet.size()=8 Root is cluster8
MappedOrthogroupReader::readSpeciesMapping() --- celltype_order.txt
MappedOrthogroupReader::readFile - testdata_ogids.txt
MappedOrthogroupReader::generateGeneOrthoMap()
MetaLearner::init_onefold() read:config_condor.txt
MetaLearner::setinputVariableNames number of variables: 2043
readEvidenceTable:cluster8.table
PotentialManager::loadEvidenceFromTable varCount=2043 sampleCount=348
motifNetwork.size() = 319
0=cluster8 motifNetwork=cluster8_network.txt
variable size=2043
readEvidenceTable:cluster3.table
PotentialManager::loadEvidenceFromTable varCount=2043 sampleCount=95
motifNetwork.size() = 326
1=cluster3 motifNetwork=cluster3_network.txt
variable size=2043
readEvidenceTable:cluster2.table
PotentialManager::loadEvidenceFromTable varCount=2043 sampleCount=386
motifNetwork.size() = 328
2=cluster2 motifNetwork=cluster2_network.txt
variable size=2043
readEvidenceTable:cluster1.table
PotentialManager::loadEvidenceFromTable varCount=2043 sampleCount=36
motifNetwork.size() = 322
3=cluster1 motifNetwork=cluster1_network.txt
variable size=2043
readEvidenceTable:cluster6.table
PotentialManager::loadEvidenceFromTable varCount=2043 sampleCount=524
motifNetwork.size() = 320
4=cluster6 motifNetwork=cluster6_network.txt
variable size=2043
readEvidenceTable:cluster9.table
PotentialManager::loadEvidenceFromTable varCount=2043 sampleCount=184
motifNetwork.size() = 327
5=cluster9 motifNetwork=cluster9_network.txt
variable size=2043
readEvidenceTable:cluster10.table
PotentialManager::loadEvidenceFromTable varCount=2043 sampleCount=165
motifNetwork.size() = 326
6=cluster10 motifNetwork=cluster10_network.txt
variable size=2043
readEvidenceTable:cluster7.table
PotentialManager::loadEvidenceFromTable varCount=2043 sampleCount=1032
motifNetwork.size() = 320
7=cluster7 motifNetwork=cluster7_network.txt
variable size=2043
-------------------------------------------------------------
MetaLearner::start
precomputeEmptyGraphPrior
binkey=0 [Edge status: 0 0 0 0 0 0 0 0 ] P(G)=P(cluster8=0)[0.8] * P(cluster1=0|cluster2=0) * P(cluster9=0|cluster6=0) * P(cluster7=0|cluster10=0) * P(cluster10=0|cluster6=0) * P(cluster6=0|cluster2=0) * P(cluster2=0|cluster3=0) * P(cluster3=0|cluster8=0)[0.209715]=0.167772
condsetMap_Tree
0 cluster8=0 cluster3=0 cluster2=0 cluster1=0 cluster6=0 cluster9=0 cluster10=0 cluster7=1
1 cluster8=0 cluster3=0 cluster2=0 cluster1=0 cluster6=0 cluster9=1 cluster10=0 cluster7=0
2 cluster8=0 cluster3=0 cluster2=0 cluster1=0 cluster6=0 cluster9=1 cluster10=0 cluster7=1
3 cluster8=0 cluster3=0 cluster2=0 cluster1=1 cluster6=0 cluster9=0 cluster10=0 cluster7=0
4 cluster8=0 cluster3=0 cluster2=0 cluster1=1 cluster6=0 cluster9=0 cluster10=0 cluster7=1
5 cluster8=0 cluster3=0 cluster2=0 cluster1=1 cluster6=0 cluster9=1 cluster10=0 cluster7=0
6 cluster8=0 cluster3=0 cluster2=0 cluster1=1 cluster6=0 cluster9=1 cluster10=0 cluster7=1
7 cluster8=0 cluster3=0 cluster2=0 cluster1=0 cluster6=0 cluster9=0 cluster10=1 cluster7=1
8 cluster8=0 cluster3=0 cluster2=0 cluster1=0 cluster6=0 cluster9=1 cluster10=1 cluster7=1
9 cluster8=0 cluster3=0 cluster2=0 cluster1=1 cluster6=0 cluster9=0 cluster10=1 cluster7=1
10 cluster8=0 cluster3=0 cluster2=0 cluster1=1 cluster6=0 cluster9=1 cluster10=1 cluster7=1
11 cluster8=0 cluster3=0 cluster2=0 cluster1=0 cluster6=1 cluster9=1 cluster10=1 cluster7=1
12 cluster8=0 cluster3=0 cluster2=0 cluster1=1 cluster6=1 cluster9=1 cluster10=1 cluster7=1
13 cluster8=0 cluster3=0 cluster2=1 cluster1=1 cluster6=1 cluster9=1 cluster10=1 cluster7=1
14 cluster8=0 cluster3=1 cluster2=1 cluster1=1 cluster6=1 cluster9=1 cluster10=1 cluster7=1
15 cluster8=1 cluster3=1 cluster2=1 cluster1=1 cluster6=1 cluster9=1 cluster10=1 cluster7=1
16 cluster8=1 cluster3=1 cluster2=1 cluster1=1 cluster6=1 cluster9=1 cluster10=1 cluster7=0
17 cluster8=1 cluster3=1 cluster2=1 cluster1=1 cluster6=1 cluster9=0 cluster10=1 cluster7=1
18 cluster8=1 cluster3=1 cluster2=1 cluster1=1 cluster6=1 cluster9=0 cluster10=1 cluster7=0
19 cluster8=1 cluster3=1 cluster2=1 cluster1=0 cluster6=1 cluster9=1 cluster10=1 cluster7=1
20 cluster8=1 cluster3=1 cluster2=1 cluster1=0 cluster6=1 cluster9=1 cluster10=1 cluster7=0
21 cluster8=1 cluster3=1 cluster2=1 cluster1=0 cluster6=1 cluster9=0 cluster10=1 cluster7=1
22 cluster8=1 cluster3=1 cluster2=1 cluster1=0 cluster6=1 cluster9=0 cluster10=1 cluster7=0
23 cluster8=1 cluster3=1 cluster2=1 cluster1=1 cluster6=1 cluster9=1 cluster10=0 cluster7=0
24 cluster8=1 cluster3=1 cluster2=1 cluster1=1 cluster6=1 cluster9=0 cluster10=0 cluster7=0
25 cluster8=1 cluster3=1 cluster2=1 cluster1=0 cluster6=1 cluster9=1 cluster10=0 cluster7=0
26 cluster8=1 cluster3=1 cluster2=1 cluster1=0 cluster6=1 cluster9=0 cluster10=0 cluster7=0
27 cluster8=1 cluster3=1 cluster2=1 cluster1=1 cluster6=0 cluster9=0 cluster10=0 cluster7=0
28 cluster8=1 cluster3=1 cluster2=1 cluster1=0 cluster6=0 cluster9=0 cluster10=0 cluster7=0
29 cluster8=1 cluster3=1 cluster2=0 cluster1=0 cluster6=0 cluster9=0 cluster10=0 cluster7=0
30 cluster8=1 cluster3=0 cluster2=0 cluster1=0 cluster6=0 cluster9=0 cluster10=0 cluster7=0
31 cluster8=0 cluster3=0 cluster2=0 cluster1=0 cluster6=1 cluster9=0 cluster10=0 cluster7=0
32 cluster8=0 cluster3=0 cluster2=1 cluster1=0 cluster6=0 cluster9=0 cluster10=0 cluster7=0
33 cluster8=0 cluster3=0 cluster2=0 cluster1=0 cluster6=0 cluster9=0 cluster10=1 cluster7=0
34 cluster8=0 cluster3=1 cluster2=0 cluster1=0 cluster6=0 cluster9=0 cluster10=0 cluster7=0
inputRegulatorOGs.size() = 1999 inputOGList.size() = 50
binkey=4 [Edge status: 0 0 1 0 0 0 0 0 ] P(G)=P(cluster8=0)[0.8] * P(cluster1=0|cluster2=1) * P(cluster9=0|cluster6=0) * P(cluster7=0|cluster10=0) * P(cluster10=0|cluster6=0) * P(cluster6=0|cluster2=1) * P(cluster2=1|cluster3=0) * P(cluster3=0|cluster8=0)[0.0032768]=0.00262144
binkey=16 [Edge status: 0 0 0 0 1 0 0 0 ] P(G)=P(cluster8=0)[0.8] * P(cluster1=0|cluster2=0) * P(cluster9=0|cluster6=1) * P(cluster7=0|cluster10=0) * P(cluster10=0|cluster6=1) * P(cluster6=1|cluster2=0) * P(cluster2=0|cluster3=0) * P(cluster3=0|cluster8=0)[0.0032768]=0.00262144
binkey=32 [Edge status: 0 0 0 0 0 1 0 0 ] P(G)=P(cluster8=0)[0.8] * P(cluster1=0|cluster2=0) * P(cluster9=1|cluster6=0) * P(cluster7=0|cluster10=0) * P(cluster10=0|cluster6=0) * P(cluster6=0|cluster2=0) * P(cluster2=0|cluster3=0) * P(cluster3=0|cluster8=0)[0.0524288]=0.041943
binkey=64 [Edge status: 0 0 0 0 0 0 1 0 ] P(G)=P(cluster8=0)[0.8] * P(cluster1=0|cluster2=0) * P(cluster9=0|cluster6=0) * P(cluster7=0|cluster10=1) * P(cluster10=1|cluster6=0) * P(cluster6=0|cluster2=0) * P(cluster2=0|cluster3=0) * P(cluster3=0|cluster8=0)[0.0131072]=0.0104858
binkey=128 [Edge status: 0 0 0 0 0 0 0 1 ] P(G)=P(cluster8=0)[0.8] * P(cluster1=0|cluster2=0) * P(cluster9=0|cluster6=0) * P(cluster7=1|cluster10=0) * P(cluster10=0|cluster6=0) * P(cluster6=0|cluster2=0) * P(cluster2=0|cluster3=0) * P(cluster3=0|cluster8=0)[0.0524288]=0.041943
binkey=1 [Edge status: 1 0 0 0 0 0 0 0 ] P(G)=P(cluster8=1)[0.2] * P(cluster1=0|cluster2=0) * P(cluster9=0|cluster6=0) * P(cluster7=0|cluster10=0) * P(cluster10=0|cluster6=0) * P(cluster6=0|cluster2=0) * P(cluster2=0|cluster3=0) * P(cluster3=0|cluster8=1)[0.0524288]=0.0104858
binkey=192 [Edge status: 0 0 0 0 0 0 1 1 ] P(G)=P(cluster8=0)[0.8] * P(cluster1=0|cluster2=0) * P(cluster9=0|cluster6=0) * P(cluster7=1|cluster10=1) * P(cluster10=1|cluster6=0) * P(cluster6=0|cluster2=0) * P(cluster2=0|cluster3=0) * P(cluster3=0|cluster8=0)[0.0524288]=0.041943
binkey=160 [Edge status: 0 0 0 0 0 1 0 1 ] P(G)=P(cluster8=0)[0.8] * P(cluster1=0|cluster2=0) * P(cluster9=1|cluster6=0) * P(cluster7=1|cluster10=0) * P(cluster10=0|cluster6=0) * P(cluster6=0|cluster2=0) * P(cluster2=0|cluster3=0) * P(cluster3=0|cluster8=0)[0.0131072]=0.0104858
binkey=8 [Edge status: 0 0 0 1 0 0 0 0 ] P(G)=P(cluster8=0)[0.8] * P(cluster1=1|cluster2=0) * P(cluster9=0|cluster6=0) * P(cluster7=0|cluster10=0) * P(cluster10=0|cluster6=0) * P(cluster6=0|cluster2=0) * P(cluster2=0|cluster3=0) * P(cluster3=0|cluster8=0)[0.0524288]=0.041943
binkey=40 [Edge status: 0 0 0 1 0 1 0 0 ] P(G)=P(cluster8=0)[0.8] * P(cluster1=1|cluster2=0) * P(cluster9=1|cluster6=0) * P(cluster7=0|cluster10=0) * P(cluster10=0|cluster6=0) * P(cluster6=0|cluster2=0) * P(cluster2=0|cluster3=0) * P(cluster3=0|cluster8=0)[0.0131072]=0.0104858
binkey=2 [Edge status: 0 1 0 0 0 0 0 0 ] P(G)=P(cluster8=0)[0.8] * P(cluster1=0|cluster2=0) * P(cluster9=0|cluster6=0) * P(cluster7=0|cluster10=0) * P(cluster10=0|cluster6=0) * P(cluster6=0|cluster2=0) * P(cluster2=0|cluster3=1) * P(cluster3=1|cluster8=0)[0.0131072]=0.0104858
binkey=136 [Edge status: 0 0 0 1 0 0 0 1 ] P(G)=P(cluster8=0)[0.8] * P(cluster1=1|cluster2=0) * P(cluster9=0|cluster6=0) * P(cluster7=1|cluster10=0) * P(cluster10=0|cluster6=0) * P(cluster6=0|cluster2=0) * P(cluster2=0|cluster3=0) * P(cluster3=0|cluster8=0)[0.0131072]=0.0104858
binkey=200 [Edge status: 0 0 0 1 0 0 1 1 ] P(G)=P(cluster8=0)[0.8] * P(cluster1=1|cluster2=0) * P(cluster9=0|cluster6=0) * P(cluster7=1|cluster10=1) * P(cluster10=1|cluster6=0) * P(cluster6=0|cluster2=0) * P(cluster2=0|cluster3=0) * P(cluster3=0|cluster8=0)[0.0131072]=0.0104858
binkey=7 [Edge status: 1 1 1 0 0 0 0 0 ] P(G)=P(cluster8=1)[0.2] * P(cluster1=0|cluster2=1) * P(cluster9=0|cluster6=0) * P(cluster7=0|cluster10=0) * P(cluster10=0|cluster6=0) * P(cluster6=0|cluster2=1) * P(cluster2=1|cluster3=1) * P(cluster3=1|cluster8=1)[0.0131072]=0.00262144
binkey=3 [Edge status: 1 1 0 0 0 0 0 0 ] P(G)=P(cluster8=1)[0.2] * P(cluster1=0|cluster2=0) * P(cluster9=0|cluster6=0) * P(cluster7=0|cluster10=0) * P(cluster10=0|cluster6=0) * P(cluster6=0|cluster2=0) * P(cluster2=0|cluster3=1) * P(cluster3=1|cluster8=1)[0.0524288]=0.0104858
binkey=168 [Edge status: 0 0 0 1 0 1 0 1 ] P(G)=P(cluster8=0)[0.8] * P(cluster1=1|cluster2=0) * P(cluster9=1|cluster6=0) * P(cluster7=1|cluster10=0) * P(cluster10=0|cluster6=0) * P(cluster6=0|cluster2=0) * P(cluster2=0|cluster3=0) * P(cluster3=0|cluster8=0)[0.0032768]=0.00262144
binkey=15 [Edge status: 1 1 1 1 0 0 0 0 ] P(G)=P(cluster8=1)[0.2] * P(cluster1=1|cluster2=1) * P(cluster9=0|cluster6=0) * P(cluster7=0|cluster10=0) * P(cluster10=0|cluster6=0) * P(cluster6=0|cluster2=1) * P(cluster2=1|cluster3=1) * P(cluster3=1|cluster8=1)[0.0524288]=0.0104858
binkey=224 [Edge status: 0 0 0 0 0 1 1 1 ] P(G)=P(cluster8=0)[0.8] * P(cluster1=0|cluster2=0) * P(cluster9=1|cluster6=0) * P(cluster7=1|cluster10=1) * P(cluster10=1|cluster6=0) * P(cluster6=0|cluster2=0) * P(cluster2=0|cluster3=0) * P(cluster3=0|cluster8=0)[0.0131072]=0.0104858
binkey=240 [Edge status: 0 0 0 0 1 1 1 1 ] P(G)=P(cluster8=0)[0.8] * P(cluster1=0|cluster2=0) * P(cluster9=1|cluster6=1) * P(cluster7=1|cluster10=1) * P(cluster10=1|cluster6=1) * P(cluster6=1|cluster2=0) * P(cluster2=0|cluster3=0) * P(cluster3=0|cluster8=0)[0.0524288]=0.041943
binkey=23 [Edge status: 1 1 1 0 1 0 0 0 ] P(G)=P(cluster8=1)[0.2] * P(cluster1=0|cluster2=1) * P(cluster9=0|cluster6=1) * P(cluster7=0|cluster10=0) * P(cluster10=0|cluster6=1) * P(cluster6=1|cluster2=1) * P(cluster2=1|cluster3=1) * P(cluster3=1|cluster8=1)[0.0032768]=0.00065536
binkey=232 [Edge status: 0 0 0 1 0 1 1 1 ] P(G)=P(cluster8=0)[0.8] * P(cluster1=1|cluster2=0) * P(cluster9=1|cluster6=0) * P(cluster7=1|cluster10=1) * P(cluster10=1|cluster6=0) * P(cluster6=0|cluster2=0) * P(cluster2=0|cluster3=0) * P(cluster3=0|cluster8=0)[0.0032768]=0.00262144
binkey=248 [Edge status: 0 0 0 1 1 1 1 1 ] P(G)=P(cluster8=0)[0.8] * P(cluster1=1|cluster2=0) * P(cluster9=1|cluster6=1) * P(cluster7=1|cluster10=1) * P(cluster10=1|cluster6=1) * P(cluster6=1|cluster2=0) * P(cluster2=0|cluster3=0) * P(cluster3=0|cluster8=0)[0.0131072]=0.0104858
binkey=252 [Edge status: 0 0 1 1 1 1 1 1 ] P(G)=P(cluster8=0)[0.8] * P(cluster1=1|cluster2=1) * P(cluster9=1|cluster6=1) * P(cluster7=1|cluster10=1) * P(cluster10=1|cluster6=1) * P(cluster6=1|cluster2=1) * P(cluster2=1|cluster3=0) * P(cluster3=0|cluster8=0)[0.0524288]=0.041943
binkey=215 [Edge status: 1 1 1 0 1 0 1 1 ] P(G)=P(cluster8=1)[0.2] * P(cluster1=0|cluster2=1) * P(cluster9=0|cluster6=1) * P(cluster7=1|cluster10=1) * P(cluster10=1|cluster6=1) * P(cluster6=1|cluster2=1) * P(cluster2=1|cluster3=1) * P(cluster3=1|cluster8=1)[0.0131072]=0.00262144
binkey=87 [Edge status: 1 1 1 0 1 0 1 0 ] P(G)=P(cluster8=1)[0.2] * P(cluster1=0|cluster2=1) * P(cluster9=0|cluster6=1) * P(cluster7=0|cluster10=1) * P(cluster10=1|cluster6=1) * P(cluster6=1|cluster2=1) * P(cluster2=1|cluster3=1) * P(cluster3=1|cluster8=1)[0.0032768]=0.00065536
binkey=63 [Edge status: 1 1 1 1 1 1 0 0 ] P(G)=P(cluster8=1)[0.2] * P(cluster1=1|cluster2=1) * P(cluster9=1|cluster6=1) * P(cluster7=0|cluster10=0) * P(cluster10=0|cluster6=1) * P(cluster6=1|cluster2=1) * P(cluster2=1|cluster3=1) * P(cluster3=1|cluster8=1)[0.0524288]=0.0104858
binkey=31 [Edge status: 1 1 1 1 1 0 0 0 ] P(G)=P(cluster8=1)[0.2] * P(cluster1=1|cluster2=1) * P(cluster9=0|cluster6=1) * P(cluster7=0|cluster10=0) * P(cluster10=0|cluster6=1) * P(cluster6=1|cluster2=1) * P(cluster2=1|cluster3=1) * P(cluster3=1|cluster8=1)[0.0131072]=0.00262144
binkey=55 [Edge status: 1 1 1 0 1 1 0 0 ] P(G)=P(cluster8=1)[0.2] * P(cluster1=0|cluster2=1) * P(cluster9=1|cluster6=1) * P(cluster7=0|cluster10=0) * P(cluster10=0|cluster6=1) * P(cluster6=1|cluster2=1) * P(cluster2=1|cluster3=1) * P(cluster3=1|cluster8=1)[0.0131072]=0.00262144
binkey=247 [Edge status: 1 1 1 0 1 1 1 1 ] P(G)=P(cluster8=1)[0.2] * P(cluster1=0|cluster2=1) * P(cluster9=1|cluster6=1) * P(cluster7=1|cluster10=1) * P(cluster10=1|cluster6=1) * P(cluster6=1|cluster2=1) * P(cluster2=1|cluster3=1) * P(cluster3=1|cluster8=1)[0.0524288]=0.0104858
binkey=119 [Edge status: 1 1 1 0 1 1 1 0 ] P(G)=P(cluster8=1)[0.2] * P(cluster1=0|cluster2=1) * P(cluster9=1|cluster6=1) * P(cluster7=0|cluster10=1) * P(cluster10=1|cluster6=1) * P(cluster6=1|cluster2=1) * P(cluster2=1|cluster3=1) * P(cluster3=1|cluster8=1)[0.0131072]=0.00262144
ITERATION 0 newScore=-2.6749e+06 diffscore=17640.9 priorChange=-108.131 successMove=68
ITERATION 1 newScore=-2.66724e+06 diffscore=7663.52 priorChange=-115.062 successMove=54
ITERATION 2 newScore=-2.6589e+06 diffscore=8341.2 priorChange=-113.676 successMove=51
ITERATION 3 newScore=-2.65677e+06 diffscore=2124.12 priorChange=-109.517 successMove=52
ITERATION 4 newScore=-2.64743e+06 diffscore=9339.94 priorChange=-101.199 successMove=54
ITERATION 5 newScore=-2.64328e+06 diffscore=4151.56 priorChange=-110.904 successMove=51
ITERATION 6 newScore=-2.63494e+06 diffscore=8336.46 priorChange=-115.062 successMove=56
ITERATION 7 newScore=-2.63068e+06 diffscore=4265.5 priorChange=-119.221 successMove=51
ITERATION 8 newScore=-2.62316e+06 diffscore=7518.18 priorChange=-126.153 successMove=50
ITERATION 9 newScore=-2.62237e+06 diffscore=795.03 priorChange=-128.925 successMove=51
ITERATION 10 newScore=-2.62135e+06 diffscore=1019.92 priorChange=-124.766 successMove=51
ITERATION 11 newScore=-2.61781e+06 diffscore=3533.01 priorChange=-113.676 successMove=51
ITERATION 12 newScore=-2.61528e+06 diffscore=2531.59 priorChange=-120.608 successMove=50
ITERATION 13 newScore=-2.61276e+06 diffscore=2523.32 priorChange=-120.608 successMove=50
ITERATION 14 newScore=-2.61008e+06 diffscore=2677.61 priorChange=-119.221 successMove=51
ITERATION 15 newScore=-2.60614e+06 diffscore=3940.35 priorChange=-110.904 successMove=52
ITERATION 16 newScore=-2.60544e+06 diffscore=703.617 priorChange=-116.449 successMove=49
ITERATION 17 newScore=-2.60306e+06 diffscore=2376.05 priorChange=-120.608 successMove=50
ITERATION 18 newScore=-2.60049e+06 diffscore=2573.64 priorChange=-128.925 successMove=49
ITERATION 19 newScore=-2.59991e+06 diffscore=575.345 priorChange=-121.994 successMove=52
ITERATION 20 newScore=-2.59853e+06 diffscore=1381.22 priorChange=-128.925 successMove=51
ITERATION 21 newScore=-2.59784e+06 diffscore=689.584 priorChange=-119.221 successMove=49
ITERATION 22 newScore=-2.59716e+06 diffscore=684.088 priorChange=-115.062 successMove=51
ITERATION 23 newScore=-2.59554e+06 diffscore=1618 priorChange=-102.586 successMove=48
ITERATION 24 newScore=-2.59235e+06 diffscore=3191.17 priorChange=-112.29 successMove=49
ITERATION 25 newScore=-2.58915e+06 diffscore=3198.65 priorChange=-109.517 successMove=50
ITERATION 26 newScore=-2.58735e+06 diffscore=1795.17 priorChange=-103.972 successMove=51
ITERATION 27 newScore=-2.58296e+06 diffscore=4392.54 priorChange=-92.8817 successMove=48
ITERATION 28 newScore=-2.58253e+06 diffscore=432.188 priorChange=-95.6543 successMove=51
ITERATION 29 newScore=-2.5806e+06 diffscore=1925.15 priorChange=-99.8132 successMove=49
ITERATION 30 newScore=-2.58023e+06 diffscore=369.608 priorChange=-95.6543 successMove=48
ITERATION 31 newScore=-2.57957e+06 diffscore=660.267 priorChange=-103.972 successMove=51
ITERATION 32 newScore=-2.57645e+06 diffscore=3124.29 priorChange=-106.745 successMove=50
ITERATION 33 newScore=-2.57544e+06 diffscore=1009.67 priorChange=-99.8132 successMove=49
ITERATION 34 newScore=-2.57505e+06 diffscore=385.786 priorChange=-90.1091 successMove=48
ITERATION 35 newScore=-2.57466e+06 diffscore=393.212 priorChange=-103.972 successMove=47
ITERATION 36 newScore=-2.57407e+06 diffscore=590.689 priorChange=-98.4269 successMove=46
ITERATION 37 newScore=-2.57296e+06 diffscore=1110.65 priorChange=-102.586 successMove=45
ITERATION 38 newScore=-2.57265e+06 diffscore=312.996 priorChange=-108.131 successMove=47
ITERATION 39 newScore=-2.57232e+06 diffscore=326.759 priorChange=-90.1091 successMove=45
ITERATION 40 newScore=-2.57197e+06 diffscore=346.907 priorChange=-103.972 successMove=47
ITERATION 41 newScore=-2.57162e+06 diffscore=347.819 priorChange=-90.1091 successMove=45
ITERATION 42 newScore=-2.57125e+06 diffscore=378.975 priorChange=-95.6543 successMove=46
ITERATION 43 newScore=-2.56808e+06 diffscore=3167.27 priorChange=-95.6543 successMove=44
ITERATION 44 newScore=-2.56713e+06 diffscore=944.964 priorChange=-106.745 successMove=43
ITERATION 45 newScore=-2.5667e+06 diffscore=431.46 priorChange=-103.972 successMove=43
ITERATION 46 newScore=-2.56633e+06 diffscore=366.888 priorChange=-102.586 successMove=42
ITERATION 47 newScore=-2.56501e+06 diffscore=1321.66 priorChange=-97.0406 successMove=41
ITERATION 48 newScore=-2.56211e+06 diffscore=2901.07 priorChange=-77.6325 successMove=39
ITERATION 49 newScore=-2.56179e+06 diffscore=317.751 priorChange=-94.268 successMove=39
ITERATION 50 newScore=-2.56138e+06 diffscore=416.737 priorChange=-83.1777 successMove=39
ITERATION 51 newScore=-2.55828e+06 diffscore=3098.85 priorChange=-90.1091 successMove=38
ITERATION 52 newScore=-2.55783e+06 diffscore=453.523 priorChange=-67.9284 successMove=37
ITERATION 53 newScore=-2.55383e+06 diffscore=3993.37 priorChange=-84.564 successMove=37
ITERATION 54 newScore=-2.5535e+06 diffscore=326.887 priorChange=-83.1777 successMove=38
ITERATION 55 newScore=-2.55222e+06 diffscore=1286.52 priorChange=-80.4051 successMove=37
ITERATION 56 newScore=-2.55192e+06 diffscore=298.651 priorChange=-99.8132 successMove=37
ITERATION 57 newScore=-2.55164e+06 diffscore=275.457 priorChange=-95.6543 successMove=36
ITERATION 58 newScore=-2.55038e+06 diffscore=1264.39 priorChange=-81.7914 successMove=33
ITERATION 59 newScore=-2.55017e+06 diffscore=211.407 priorChange=-62.3832 successMove=31
ITERATION 60 newScore=-2.54991e+06 diffscore=260.96 priorChange=-65.1558 successMove=30
ITERATION 61 newScore=-2.54892e+06 diffscore=988.15 priorChange=-59.6107 successMove=29
ITERATION 62 newScore=-2.54872e+06 diffscore=202.138 priorChange=-55.4518 successMove=29
ITERATION 63 newScore=-2.54854e+06 diffscore=180.893 priorChange=-44.3614 successMove=27
ITERATION 64 newScore=-2.54832e+06 diffscore=213.369 priorChange=-62.3832 successMove=27
ITERATION 65 newScore=-2.5481e+06 diffscore=224.034 priorChange=-52.6792 successMove=25
ITERATION 66 newScore=-2.54784e+06 diffscore=262.344 priorChange=-52.6792 successMove=25
ITERATION 67 newScore=-2.54645e+06 diffscore=1383.34 priorChange=-49.9066 successMove=23
ITERATION 68 newScore=-2.54635e+06 diffscore=104.741 priorChange=-45.7477 successMove=23
ITERATION 69 newScore=-2.54624e+06 diffscore=109.731 priorChange=-40.2025 successMove=24
ITERATION 70 newScore=-2.54485e+06 diffscore=1387.22 priorChange=-42.9751 successMove=23
ITERATION 71 newScore=-2.54473e+06 diffscore=118.199 priorChange=-42.9751 successMove=22
ITERATION 72 newScore=-2.54464e+06 diffscore=96.3734 priorChange=-42.9751 successMove=21
ITERATION 73 newScore=-2.5444e+06 diffscore=235.501 priorChange=-36.0437 successMove=19
ITERATION 74 newScore=-2.54424e+06 diffscore=157.499 priorChange=-40.2025 successMove=17
ITERATION 75 newScore=-2.54327e+06 diffscore=976.945 priorChange=-34.6574 successMove=17
ITERATION 76 newScore=-2.54318e+06 diffscore=88.627 priorChange=-38.8162 successMove=17
ITERATION 77 newScore=-2.54308e+06 diffscore=96.378 priorChange=-40.2025 successMove=17
ITERATION 78 newScore=-2.54296e+06 diffscore=120.146 priorChange=-42.9751 successMove=17
ITERATION 79 newScore=-2.54276e+06 diffscore=198.79 priorChange=-36.0437 successMove=17
ITERATION 80 newScore=-2.54199e+06 diffscore=768.387 priorChange=-34.6574 successMove=17
ITERATION 81 newScore=-2.5419e+06 diffscore=98.3048 priorChange=-31.8848 successMove=16
ITERATION 82 newScore=-2.5418e+06 diffscore=99.2432 priorChange=-38.8162 successMove=16
ITERATION 83 newScore=-2.54171e+06 diffscore=90.2503 priorChange=-24.9533 successMove=14
ITERATION 84 newScore=-2.54161e+06 diffscore=94.6844 priorChange=-26.3396 successMove=15
ITERATION 85 newScore=-2.54145e+06 diffscore=158.732 priorChange=-22.1807 successMove=14
ITERATION 86 newScore=-2.53988e+06 diffscore=1570.51 priorChange=-26.3396 successMove=14
ITERATION 87 newScore=-2.53883e+06 diffscore=1055.36 priorChange=-20.7944 successMove=14
ITERATION 88 newScore=-2.53822e+06 diffscore=610.827 priorChange=-20.7944 successMove=11
ITERATION 89 newScore=-2.5381e+06 diffscore=121.561 priorChange=-26.3396 successMove=10
ITERATION 90 newScore=-2.53767e+06 diffscore=427.159 priorChange=-23.567 successMove=10
ITERATION 91 newScore=-2.53754e+06 diffscore=131.606 priorChange=-20.7944 successMove=10
ITERATION 92 newScore=-2.53746e+06 diffscore=72.1545 priorChange=-20.7944 successMove=10
ITERATION 93 newScore=-2.53739e+06 diffscore=70.7216 priorChange=-20.7944 successMove=10
ITERATION 94 newScore=-2.5373e+06 diffscore=96.2492 priorChange=-20.7944 successMove=10
ITERATION 95 newScore=-2.53721e+06 diffscore=83.9879 priorChange=-22.1807 successMove=10
ITERATION 96 newScore=-2.5371e+06 diffscore=116.532 priorChange=-15.2492 successMove=10
ITERATION 97 newScore=-2.53644e+06 diffscore=655.115 priorChange=-20.7944 successMove=9
ITERATION 98 newScore=-2.53637e+06 diffscore=71.7218 priorChange=-20.7944 successMove=9
ITERATION 99 newScore=-2.53625e+06 diffscore=114.95 priorChange=-18.0218 successMove=9
MetaLearner::dumpAllGraphs
Final Score -2.53625e+06
MetaLearner::start runtime: 1506998599 ms
Results/
Results/cluster1/
Results/cluster1/fold0/
Results/cluster1/fold0/var_mb_pw_k50.txt
Results/cluster1/fold0/modelparams.txt
Results/cluster2/
Results/cluster2/fold0/
Results/cluster2/fold0/var_mb_pw_k50.txt
Results/cluster2/fold0/modelparams.txt
Results/cluster6/
Results/cluster6/fold0/
Results/cluster6/fold0/var_mb_pw_k50.txt
Results/cluster6/fold0/modelparams.txt
Results/cluster9/
Results/cluster9/fold0/
Results/cluster9/fold0/var_mb_pw_k50.txt
Results/cluster9/fold0/modelparams.txt
Results/cluster10/
Results/cluster10/fold0/
Results/cluster10/fold0/var_mb_pw_k50.txt
Results/cluster10/fold0/modelparams.txt
Results/cluster7/
Results/cluster7/fold0/
Results/cluster7/fold0/var_mb_pw_k50.txt
Results/cluster7/fold0/modelparams.txt
Results/cluster3/
Results/cluster3/fold0/
Results/cluster3/fold0/var_mb_pw_k50.txt
Results/cluster3/fold0/modelparams.txt
Results/cluster8/
Results/cluster8/fold0/
Results/cluster8/fold0/var_mb_pw_k50.txt
Results/cluster8/fold0/modelparams.txt
Results/cluster8/scoreFile.txt
