./CVN -f config_condor.txt -x50 -v1 -l TFs_OGs.txt -n AllGenes48.txt -d celltype_tree_ancestor.txt -m testdata_ogids.txt -s celltype_order.txt -p 0.2 -c yes -b -4 -q 4
(cluster3|cluster8) p_maintain_edge=0.8 p_gain=0.2
(cluster2|cluster3) p_maintain_edge=0.8 p_gain=0.2
(cluster1|cluster2) p_maintain_edge=0.8 p_gain=0.2
(cluster6|cluster2) p_maintain_edge=0.8 p_gain=0.2
(cluster9|cluster6) p_maintain_edge=0.8 p_gain=0.2
(cluster10|cluster6) p_maintain_edge=0.8 p_gain=0.2
(cluster7|cluster10) p_maintain_edge=0.8 p_gain=0.2
speciesSet.size()=8 Root is cluster8
MappedOrthogroupReader::readSpeciesMapping() --- celltype_order.txt
MappedOrthogroupReader::readFile - testdata_ogids.txt
MappedOrthogroupReader::generateGeneOrthoMap()
MetaLearner::init_onefold() read:config_condor.txt
MetaLearner::setinputVariableNames number of variables: 2041
readEvidenceTable:cluster8.table
PotentialManager::loadEvidenceFromTable varCount=2041 sampleCount=348
motifNetwork.size() = 319
0=cluster8 motifNetwork=cluster8_network.txt
variable size=2041
readEvidenceTable:cluster3.table
PotentialManager::loadEvidenceFromTable varCount=2041 sampleCount=95
motifNetwork.size() = 326
1=cluster3 motifNetwork=cluster3_network.txt
variable size=2041
readEvidenceTable:cluster2.table
PotentialManager::loadEvidenceFromTable varCount=2041 sampleCount=386
motifNetwork.size() = 328
2=cluster2 motifNetwork=cluster2_network.txt
variable size=2041
readEvidenceTable:cluster1.table
PotentialManager::loadEvidenceFromTable varCount=2041 sampleCount=36
motifNetwork.size() = 322
3=cluster1 motifNetwork=cluster1_network.txt
variable size=2041
readEvidenceTable:cluster6.table
PotentialManager::loadEvidenceFromTable varCount=2041 sampleCount=524
motifNetwork.size() = 320
4=cluster6 motifNetwork=cluster6_network.txt
variable size=2041
readEvidenceTable:cluster9.table
PotentialManager::loadEvidenceFromTable varCount=2041 sampleCount=184
motifNetwork.size() = 327
5=cluster9 motifNetwork=cluster9_network.txt
variable size=2041
readEvidenceTable:cluster10.table
PotentialManager::loadEvidenceFromTable varCount=2041 sampleCount=165
motifNetwork.size() = 326
6=cluster10 motifNetwork=cluster10_network.txt
variable size=2041
readEvidenceTable:cluster7.table
PotentialManager::loadEvidenceFromTable varCount=2041 sampleCount=1032
motifNetwork.size() = 320
7=cluster7 motifNetwork=cluster7_network.txt
variable size=2041
-------------------------------------------------------------
MetaLearner::start
precomputeEmptyGraphPrior
binkey=0 [Edge status: 0 0 0 0 0 0 0 0 ] P(G)=P(cluster8=0)[0.8] * P(cluster1=0|cluster2=0) * P(cluster9=0|cluster6=0) * P(cluster7=0|cluster10=0) * P(cluster10=0|cluster6=0) * P(cluster6=0|cluster2=0) * P(cluster2=0|cluster3=0) * P(cluster3=0|cluster8=0)[0.209715]=0.167772
condsetMap_Tree
0 cluster8=0 cluster3=0 cluster2=0 cluster1=0 cluster6=0 cluster9=0 cluster10=0 cluster7=1
1 cluster8=0 cluster3=0 cluster2=0 cluster1=0 cluster6=0 cluster9=1 cluster10=0 cluster7=0
2 cluster8=0 cluster3=0 cluster2=0 cluster1=0 cluster6=0 cluster9=1 cluster10=0 cluster7=1
3 cluster8=0 cluster3=0 cluster2=0 cluster1=1 cluster6=0 cluster9=0 cluster10=0 cluster7=0
4 cluster8=0 cluster3=0 cluster2=0 cluster1=1 cluster6=0 cluster9=0 cluster10=0 cluster7=1
5 cluster8=0 cluster3=0 cluster2=0 cluster1=1 cluster6=0 cluster9=1 cluster10=0 cluster7=0
6 cluster8=0 cluster3=0 cluster2=0 cluster1=1 cluster6=0 cluster9=1 cluster10=0 cluster7=1
7 cluster8=0 cluster3=0 cluster2=0 cluster1=0 cluster6=0 cluster9=0 cluster10=1 cluster7=1
8 cluster8=0 cluster3=0 cluster2=0 cluster1=0 cluster6=0 cluster9=1 cluster10=1 cluster7=1
9 cluster8=0 cluster3=0 cluster2=0 cluster1=1 cluster6=0 cluster9=0 cluster10=1 cluster7=1
10 cluster8=0 cluster3=0 cluster2=0 cluster1=1 cluster6=0 cluster9=1 cluster10=1 cluster7=1
11 cluster8=0 cluster3=0 cluster2=0 cluster1=0 cluster6=1 cluster9=1 cluster10=1 cluster7=1
12 cluster8=0 cluster3=0 cluster2=0 cluster1=1 cluster6=1 cluster9=1 cluster10=1 cluster7=1
13 cluster8=0 cluster3=0 cluster2=1 cluster1=1 cluster6=1 cluster9=1 cluster10=1 cluster7=1
14 cluster8=0 cluster3=1 cluster2=1 cluster1=1 cluster6=1 cluster9=1 cluster10=1 cluster7=1
15 cluster8=1 cluster3=1 cluster2=1 cluster1=1 cluster6=1 cluster9=1 cluster10=1 cluster7=1
16 cluster8=1 cluster3=1 cluster2=1 cluster1=1 cluster6=1 cluster9=1 cluster10=1 cluster7=0
17 cluster8=1 cluster3=1 cluster2=1 cluster1=1 cluster6=1 cluster9=0 cluster10=1 cluster7=1
18 cluster8=1 cluster3=1 cluster2=1 cluster1=1 cluster6=1 cluster9=0 cluster10=1 cluster7=0
19 cluster8=1 cluster3=1 cluster2=1 cluster1=0 cluster6=1 cluster9=1 cluster10=1 cluster7=1
20 cluster8=1 cluster3=1 cluster2=1 cluster1=0 cluster6=1 cluster9=1 cluster10=1 cluster7=0
21 cluster8=1 cluster3=1 cluster2=1 cluster1=0 cluster6=1 cluster9=0 cluster10=1 cluster7=1
22 cluster8=1 cluster3=1 cluster2=1 cluster1=0 cluster6=1 cluster9=0 cluster10=1 cluster7=0
23 cluster8=1 cluster3=1 cluster2=1 cluster1=1 cluster6=1 cluster9=1 cluster10=0 cluster7=0
24 cluster8=1 cluster3=1 cluster2=1 cluster1=1 cluster6=1 cluster9=0 cluster10=0 cluster7=0
25 cluster8=1 cluster3=1 cluster2=1 cluster1=0 cluster6=1 cluster9=1 cluster10=0 cluster7=0
26 cluster8=1 cluster3=1 cluster2=1 cluster1=0 cluster6=1 cluster9=0 cluster10=0 cluster7=0
27 cluster8=1 cluster3=1 cluster2=1 cluster1=1 cluster6=0 cluster9=0 cluster10=0 cluster7=0
28 cluster8=1 cluster3=1 cluster2=1 cluster1=0 cluster6=0 cluster9=0 cluster10=0 cluster7=0
29 cluster8=1 cluster3=1 cluster2=0 cluster1=0 cluster6=0 cluster9=0 cluster10=0 cluster7=0
30 cluster8=1 cluster3=0 cluster2=0 cluster1=0 cluster6=0 cluster9=0 cluster10=0 cluster7=0
31 cluster8=0 cluster3=0 cluster2=0 cluster1=0 cluster6=1 cluster9=0 cluster10=0 cluster7=0
32 cluster8=0 cluster3=0 cluster2=1 cluster1=0 cluster6=0 cluster9=0 cluster10=0 cluster7=0
33 cluster8=0 cluster3=0 cluster2=0 cluster1=0 cluster6=0 cluster9=0 cluster10=1 cluster7=0
34 cluster8=0 cluster3=1 cluster2=0 cluster1=0 cluster6=0 cluster9=0 cluster10=0 cluster7=0
inputRegulatorOGs.size() = 1999 inputOGList.size() = 50
binkey=16 [Edge status: 0 0 0 0 1 0 0 0 ] P(G)=P(cluster8=0)[0.8] * P(cluster1=0|cluster2=0) * P(cluster9=0|cluster6=1) * P(cluster7=0|cluster10=0) * P(cluster10=0|cluster6=1) * P(cluster6=1|cluster2=0) * P(cluster2=0|cluster3=0) * P(cluster3=0|cluster8=0)[0.0032768]=0.00262144
binkey=64 [Edge status: 0 0 0 0 0 0 1 0 ] P(G)=P(cluster8=0)[0.8] * P(cluster1=0|cluster2=0) * P(cluster9=0|cluster6=0) * P(cluster7=0|cluster10=1) * P(cluster10=1|cluster6=0) * P(cluster6=0|cluster2=0) * P(cluster2=0|cluster3=0) * P(cluster3=0|cluster8=0)[0.0131072]=0.0104858
binkey=32 [Edge status: 0 0 0 0 0 1 0 0 ] P(G)=P(cluster8=0)[0.8] * P(cluster1=0|cluster2=0) * P(cluster9=1|cluster6=0) * P(cluster7=0|cluster10=0) * P(cluster10=0|cluster6=0) * P(cluster6=0|cluster2=0) * P(cluster2=0|cluster3=0) * P(cluster3=0|cluster8=0)[0.0524288]=0.041943
binkey=2 [Edge status: 0 1 0 0 0 0 0 0 ] P(G)=P(cluster8=0)[0.8] * P(cluster1=0|cluster2=0) * P(cluster9=0|cluster6=0) * P(cluster7=0|cluster10=0) * P(cluster10=0|cluster6=0) * P(cluster6=0|cluster2=0) * P(cluster2=0|cluster3=1) * P(cluster3=1|cluster8=0)[0.0131072]=0.0104858
binkey=1 [Edge status: 1 0 0 0 0 0 0 0 ] P(G)=P(cluster8=1)[0.2] * P(cluster1=0|cluster2=0) * P(cluster9=0|cluster6=0) * P(cluster7=0|cluster10=0) * P(cluster10=0|cluster6=0) * P(cluster6=0|cluster2=0) * P(cluster2=0|cluster3=0) * P(cluster3=0|cluster8=1)[0.0524288]=0.0104858
binkey=4 [Edge status: 0 0 1 0 0 0 0 0 ] P(G)=P(cluster8=0)[0.8] * P(cluster1=0|cluster2=1) * P(cluster9=0|cluster6=0) * P(cluster7=0|cluster10=0) * P(cluster10=0|cluster6=0) * P(cluster6=0|cluster2=1) * P(cluster2=1|cluster3=0) * P(cluster3=0|cluster8=0)[0.0032768]=0.00262144
binkey=128 [Edge status: 0 0 0 0 0 0 0 1 ] P(G)=P(cluster8=0)[0.8] * P(cluster1=0|cluster2=0) * P(cluster9=0|cluster6=0) * P(cluster7=1|cluster10=0) * P(cluster10=0|cluster6=0) * P(cluster6=0|cluster2=0) * P(cluster2=0|cluster3=0) * P(cluster3=0|cluster8=0)[0.0524288]=0.041943
binkey=8 [Edge status: 0 0 0 1 0 0 0 0 ] P(G)=P(cluster8=0)[0.8] * P(cluster1=1|cluster2=0) * P(cluster9=0|cluster6=0) * P(cluster7=0|cluster10=0) * P(cluster10=0|cluster6=0) * P(cluster6=0|cluster2=0) * P(cluster2=0|cluster3=0) * P(cluster3=0|cluster8=0)[0.0524288]=0.041943
binkey=136 [Edge status: 0 0 0 1 0 0 0 1 ] P(G)=P(cluster8=0)[0.8] * P(cluster1=1|cluster2=0) * P(cluster9=0|cluster6=0) * P(cluster7=1|cluster10=0) * P(cluster10=0|cluster6=0) * P(cluster6=0|cluster2=0) * P(cluster2=0|cluster3=0) * P(cluster3=0|cluster8=0)[0.0131072]=0.0104858
binkey=40 [Edge status: 0 0 0 1 0 1 0 0 ] P(G)=P(cluster8=0)[0.8] * P(cluster1=1|cluster2=0) * P(cluster9=1|cluster6=0) * P(cluster7=0|cluster10=0) * P(cluster10=0|cluster6=0) * P(cluster6=0|cluster2=0) * P(cluster2=0|cluster3=0) * P(cluster3=0|cluster8=0)[0.0131072]=0.0104858
binkey=160 [Edge status: 0 0 0 0 0 1 0 1 ] P(G)=P(cluster8=0)[0.8] * P(cluster1=0|cluster2=0) * P(cluster9=1|cluster6=0) * P(cluster7=1|cluster10=0) * P(cluster10=0|cluster6=0) * P(cluster6=0|cluster2=0) * P(cluster2=0|cluster3=0) * P(cluster3=0|cluster8=0)[0.0131072]=0.0104858
binkey=168 [Edge status: 0 0 0 1 0 1 0 1 ] P(G)=P(cluster8=0)[0.8] * P(cluster1=1|cluster2=0) * P(cluster9=1|cluster6=0) * P(cluster7=1|cluster10=0) * P(cluster10=0|cluster6=0) * P(cluster6=0|cluster2=0) * P(cluster2=0|cluster3=0) * P(cluster3=0|cluster8=0)[0.0032768]=0.00262144
binkey=192 [Edge status: 0 0 0 0 0 0 1 1 ] P(G)=P(cluster8=0)[0.8] * P(cluster1=0|cluster2=0) * P(cluster9=0|cluster6=0) * P(cluster7=1|cluster10=1) * P(cluster10=1|cluster6=0) * P(cluster6=0|cluster2=0) * P(cluster2=0|cluster3=0) * P(cluster3=0|cluster8=0)[0.0524288]=0.041943
binkey=3 [Edge status: 1 1 0 0 0 0 0 0 ] P(G)=P(cluster8=1)[0.2] * P(cluster1=0|cluster2=0) * P(cluster9=0|cluster6=0) * P(cluster7=0|cluster10=0) * P(cluster10=0|cluster6=0) * P(cluster6=0|cluster2=0) * P(cluster2=0|cluster3=1) * P(cluster3=1|cluster8=1)[0.0524288]=0.0104858
binkey=7 [Edge status: 1 1 1 0 0 0 0 0 ] P(G)=P(cluster8=1)[0.2] * P(cluster1=0|cluster2=1) * P(cluster9=0|cluster6=0) * P(cluster7=0|cluster10=0) * P(cluster10=0|cluster6=0) * P(cluster6=0|cluster2=1) * P(cluster2=1|cluster3=1) * P(cluster3=1|cluster8=1)[0.0131072]=0.00262144
binkey=224 [Edge status: 0 0 0 0 0 1 1 1 ] P(G)=P(cluster8=0)[0.8] * P(cluster1=0|cluster2=0) * P(cluster9=1|cluster6=0) * P(cluster7=1|cluster10=1) * P(cluster10=1|cluster6=0) * P(cluster6=0|cluster2=0) * P(cluster2=0|cluster3=0) * P(cluster3=0|cluster8=0)[0.0131072]=0.0104858
binkey=240 [Edge status: 0 0 0 0 1 1 1 1 ] P(G)=P(cluster8=0)[0.8] * P(cluster1=0|cluster2=0) * P(cluster9=1|cluster6=1) * P(cluster7=1|cluster10=1) * P(cluster10=1|cluster6=1) * P(cluster6=1|cluster2=0) * P(cluster2=0|cluster3=0) * P(cluster3=0|cluster8=0)[0.0524288]=0.041943
binkey=200 [Edge status: 0 0 0 1 0 0 1 1 ] P(G)=P(cluster8=0)[0.8] * P(cluster1=1|cluster2=0) * P(cluster9=0|cluster6=0) * P(cluster7=1|cluster10=1) * P(cluster10=1|cluster6=0) * P(cluster6=0|cluster2=0) * P(cluster2=0|cluster3=0) * P(cluster3=0|cluster8=0)[0.0131072]=0.0104858
binkey=15 [Edge status: 1 1 1 1 0 0 0 0 ] P(G)=P(cluster8=1)[0.2] * P(cluster1=1|cluster2=1) * P(cluster9=0|cluster6=0) * P(cluster7=0|cluster10=0) * P(cluster10=0|cluster6=0) * P(cluster6=0|cluster2=1) * P(cluster2=1|cluster3=1) * P(cluster3=1|cluster8=1)[0.0524288]=0.0104858
binkey=232 [Edge status: 0 0 0 1 0 1 1 1 ] P(G)=P(cluster8=0)[0.8] * P(cluster1=1|cluster2=0) * P(cluster9=1|cluster6=0) * P(cluster7=1|cluster10=1) * P(cluster10=1|cluster6=0) * P(cluster6=0|cluster2=0) * P(cluster2=0|cluster3=0) * P(cluster3=0|cluster8=0)[0.0032768]=0.00262144
binkey=248 [Edge status: 0 0 0 1 1 1 1 1 ] P(G)=P(cluster8=0)[0.8] * P(cluster1=1|cluster2=0) * P(cluster9=1|cluster6=1) * P(cluster7=1|cluster10=1) * P(cluster10=1|cluster6=1) * P(cluster6=1|cluster2=0) * P(cluster2=0|cluster3=0) * P(cluster3=0|cluster8=0)[0.0131072]=0.0104858
binkey=55 [Edge status: 1 1 1 0 1 1 0 0 ] P(G)=P(cluster8=1)[0.2] * P(cluster1=0|cluster2=1) * P(cluster9=1|cluster6=1) * P(cluster7=0|cluster10=0) * P(cluster10=0|cluster6=1) * P(cluster6=1|cluster2=1) * P(cluster2=1|cluster3=1) * P(cluster3=1|cluster8=1)[0.0131072]=0.00262144
binkey=23 [Edge status: 1 1 1 0 1 0 0 0 ] P(G)=P(cluster8=1)[0.2] * P(cluster1=0|cluster2=1) * P(cluster9=0|cluster6=1) * P(cluster7=0|cluster10=0) * P(cluster10=0|cluster6=1) * P(cluster6=1|cluster2=1) * P(cluster2=1|cluster3=1) * P(cluster3=1|cluster8=1)[0.0032768]=0.00065536
binkey=247 [Edge status: 1 1 1 0 1 1 1 1 ] P(G)=P(cluster8=1)[0.2] * P(cluster1=0|cluster2=1) * P(cluster9=1|cluster6=1) * P(cluster7=1|cluster10=1) * P(cluster10=1|cluster6=1) * P(cluster6=1|cluster2=1) * P(cluster2=1|cluster3=1) * P(cluster3=1|cluster8=1)[0.0524288]=0.0104858
binkey=119 [Edge status: 1 1 1 0 1 1 1 0 ] P(G)=P(cluster8=1)[0.2] * P(cluster1=0|cluster2=1) * P(cluster9=1|cluster6=1) * P(cluster7=0|cluster10=1) * P(cluster10=1|cluster6=1) * P(cluster6=1|cluster2=1) * P(cluster2=1|cluster3=1) * P(cluster3=1|cluster8=1)[0.0131072]=0.00262144
binkey=215 [Edge status: 1 1 1 0 1 0 1 1 ] P(G)=P(cluster8=1)[0.2] * P(cluster1=0|cluster2=1) * P(cluster9=0|cluster6=1) * P(cluster7=1|cluster10=1) * P(cluster10=1|cluster6=1) * P(cluster6=1|cluster2=1) * P(cluster2=1|cluster3=1) * P(cluster3=1|cluster8=1)[0.0131072]=0.00262144
binkey=87 [Edge status: 1 1 1 0 1 0 1 0 ] P(G)=P(cluster8=1)[0.2] * P(cluster1=0|cluster2=1) * P(cluster9=0|cluster6=1) * P(cluster7=0|cluster10=1) * P(cluster10=1|cluster6=1) * P(cluster6=1|cluster2=1) * P(cluster2=1|cluster3=1) * P(cluster3=1|cluster8=1)[0.0032768]=0.00065536
binkey=63 [Edge status: 1 1 1 1 1 1 0 0 ] P(G)=P(cluster8=1)[0.2] * P(cluster1=1|cluster2=1) * P(cluster9=1|cluster6=1) * P(cluster7=0|cluster10=0) * P(cluster10=0|cluster6=1) * P(cluster6=1|cluster2=1) * P(cluster2=1|cluster3=1) * P(cluster3=1|cluster8=1)[0.0524288]=0.0104858
binkey=31 [Edge status: 1 1 1 1 1 0 0 0 ] P(G)=P(cluster8=1)[0.2] * P(cluster1=1|cluster2=1) * P(cluster9=0|cluster6=1) * P(cluster7=0|cluster10=0) * P(cluster10=0|cluster6=1) * P(cluster6=1|cluster2=1) * P(cluster2=1|cluster3=1) * P(cluster3=1|cluster8=1)[0.0131072]=0.00262144
ITERATION 0 newScore=-2.72405e+06 diffscore=13417.1 priorChange=-108.131 successMove=53
ITERATION 1 newScore=-2.71756e+06 diffscore=6487.56 priorChange=-108.131 successMove=55
ITERATION 2 newScore=-2.7123e+06 diffscore=5261.9 priorChange=-110.904 successMove=55
binkey=223 [Edge status: 1 1 1 1 1 0 1 1 ] P(G)=P(cluster8=1)[0.2] * P(cluster1=1|cluster2=1) * P(cluster9=0|cluster6=1) * P(cluster7=1|cluster10=1) * P(cluster10=1|cluster6=1) * P(cluster6=1|cluster2=1) * P(cluster2=1|cluster3=1) * P(cluster3=1|cluster8=1)[0.0524288]=0.0104858
binkey=95 [Edge status: 1 1 1 1 1 0 1 0 ] P(G)=P(cluster8=1)[0.2] * P(cluster1=1|cluster2=1) * P(cluster9=0|cluster6=1) * P(cluster7=0|cluster10=1) * P(cluster10=1|cluster6=1) * P(cluster6=1|cluster2=1) * P(cluster2=1|cluster3=1) * P(cluster3=1|cluster8=1)[0.0131072]=0.00262144
ITERATION 3 newScore=-2.7069e+06 diffscore=5400.56 priorChange=-119.221 successMove=52
ITERATION 4 newScore=-2.7031e+06 diffscore=3799.36 priorChange=-119.221 successMove=54
ITERATION 5 newScore=-2.70053e+06 diffscore=2573.33 priorChange=-112.29 successMove=51
ITERATION 6 newScore=-2.69906e+06 diffscore=1468.37 priorChange=-120.608 successMove=52
ITERATION 7 newScore=-2.6981e+06 diffscore=963.838 priorChange=-106.745 successMove=51
ITERATION 8 newScore=-2.6944e+06 diffscore=3697.33 priorChange=-112.29 successMove=50
ITERATION 9 newScore=-2.68951e+06 diffscore=4891.88 priorChange=-109.517 successMove=52
ITERATION 10 newScore=-2.68592e+06 diffscore=3585.74 priorChange=-109.517 successMove=51
binkey=252 [Edge status: 0 0 1 1 1 1 1 1 ] P(G)=P(cluster8=0)[0.8] * P(cluster1=1|cluster2=1) * P(cluster9=1|cluster6=1) * P(cluster7=1|cluster10=1) * P(cluster10=1|cluster6=1) * P(cluster6=1|cluster2=1) * P(cluster2=1|cluster3=0) * P(cluster3=0|cluster8=0)[0.0524288]=0.041943
ITERATION 11 newScore=-2.68319e+06 diffscore=2733.25 priorChange=-120.608 successMove=51
ITERATION 12 newScore=-2.67902e+06 diffscore=4170.91 priorChange=-112.29 successMove=51
ITERATION 13 newScore=-2.67543e+06 diffscore=3585.07 priorChange=-105.358 successMove=51
ITERATION 14 newScore=-2.67236e+06 diffscore=3074.91 priorChange=-121.994 successMove=56
ITERATION 15 newScore=-2.66949e+06 diffscore=2865.26 priorChange=-110.904 successMove=52
ITERATION 16 newScore=-2.66673e+06 diffscore=2759.22 priorChange=-103.972 successMove=55
ITERATION 17 newScore=-2.66472e+06 diffscore=2014.63 priorChange=-102.586 successMove=51
ITERATION 18 newScore=-2.66288e+06 diffscore=1842.84 priorChange=-110.904 successMove=50
ITERATION 19 newScore=-2.66012e+06 diffscore=2755.61 priorChange=-98.4269 successMove=49
ITERATION 20 newScore=-2.65941e+06 diffscore=707.338 priorChange=-105.358 successMove=49
ITERATION 21 newScore=-2.65616e+06 diffscore=3251.5 priorChange=-103.972 successMove=54
ITERATION 22 newScore=-2.65472e+06 diffscore=1443.61 priorChange=-116.449 successMove=52
ITERATION 23 newScore=-2.65081e+06 diffscore=3909 priorChange=-99.8132 successMove=51
ITERATION 24 newScore=-2.64908e+06 diffscore=1726.91 priorChange=-115.062 successMove=49
ITERATION 25 newScore=-2.64787e+06 diffscore=1207.49 priorChange=-112.29 successMove=50
ITERATION 26 newScore=-2.64632e+06 diffscore=1552.83 priorChange=-105.358 successMove=48
ITERATION 27 newScore=-2.64564e+06 diffscore=679.29 priorChange=-98.4269 successMove=48
ITERATION 28 newScore=-2.64383e+06 diffscore=1813.58 priorChange=-87.3365 successMove=50
ITERATION 29 newScore=-2.64298e+06 diffscore=844.29 priorChange=-101.199 successMove=48
ITERATION 30 newScore=-2.63975e+06 diffscore=3231.83 priorChange=-108.131 successMove=48
ITERATION 31 newScore=-2.63861e+06 diffscore=1141.93 priorChange=-90.1091 successMove=47
ITERATION 32 newScore=-2.63685e+06 diffscore=1758.7 priorChange=-95.6543 successMove=51
ITERATION 33 newScore=-2.63635e+06 diffscore=505.1 priorChange=-101.199 successMove=51
ITERATION 34 newScore=-2.63467e+06 diffscore=1678.66 priorChange=-108.131 successMove=50
ITERATION 35 newScore=-2.63196e+06 diffscore=2704.42 priorChange=-109.517 successMove=46
ITERATION 36 newScore=-2.62895e+06 diffscore=3008.91 priorChange=-88.7228 successMove=48
ITERATION 37 newScore=-2.62704e+06 diffscore=1918.6 priorChange=-102.586 successMove=47
ITERATION 38 newScore=-2.62668e+06 diffscore=358.31 priorChange=-99.8132 successMove=47
ITERATION 39 newScore=-2.62612e+06 diffscore=555.996 priorChange=-102.586 successMove=46
ITERATION 40 newScore=-2.62368e+06 diffscore=2445.59 priorChange=-90.1091 successMove=46
ITERATION 41 newScore=-2.62334e+06 diffscore=333.356 priorChange=-99.8132 successMove=46
ITERATION 42 newScore=-2.62183e+06 diffscore=1510.5 priorChange=-119.221 successMove=48
ITERATION 43 newScore=-2.62151e+06 diffscore=319.445 priorChange=-85.9503 successMove=44
ITERATION 44 newScore=-2.62123e+06 diffscore=283.017 priorChange=-99.8132 successMove=44
ITERATION 45 newScore=-2.61967e+06 diffscore=1558.19 priorChange=-88.7228 successMove=45
ITERATION 46 newScore=-2.61939e+06 diffscore=283.873 priorChange=-85.9503 successMove=45
ITERATION 47 newScore=-2.61821e+06 diffscore=1175.74 priorChange=-90.1091 successMove=43
ITERATION 48 newScore=-2.61657e+06 diffscore=1638.95 priorChange=-77.6325 successMove=41
ITERATION 49 newScore=-2.61509e+06 diffscore=1478.66 priorChange=-94.268 successMove=41
ITERATION 50 newScore=-2.61357e+06 diffscore=1527.53 priorChange=-87.3365 successMove=39
ITERATION 51 newScore=-2.61328e+06 diffscore=282.783 priorChange=-85.9503 successMove=39
ITERATION 52 newScore=-2.61291e+06 diffscore=379.057 priorChange=-92.8817 successMove=40
ITERATION 53 newScore=-2.61243e+06 diffscore=471.098 priorChange=-83.1777 successMove=40
ITERATION 54 newScore=-2.61081e+06 diffscore=1625.02 priorChange=-77.6325 successMove=40
ITERATION 55 newScore=-2.60929e+06 diffscore=1518.82 priorChange=-73.4736 successMove=40
ITERATION 56 newScore=-2.60798e+06 diffscore=1306.57 priorChange=-81.7914 successMove=37
ITERATION 57 newScore=-2.60765e+06 diffscore=331.303 priorChange=-85.9503 successMove=38
ITERATION 58 newScore=-2.60734e+06 diffscore=310.859 priorChange=-81.7914 successMove=37
ITERATION 59 newScore=-2.60467e+06 diffscore=2669.68 priorChange=-74.8599 successMove=37
ITERATION 60 newScore=-2.60423e+06 diffscore=437.317 priorChange=-79.0188 successMove=36
ITERATION 61 newScore=-2.60293e+06 diffscore=1308.47 priorChange=-73.4736 successMove=35
ITERATION 62 newScore=-2.60244e+06 diffscore=486.466 priorChange=-74.8599 successMove=37
ITERATION 63 newScore=-2.60026e+06 diffscore=2176.26 priorChange=-83.1777 successMove=35
ITERATION 64 newScore=-2.6001e+06 diffscore=159.959 priorChange=-59.6107 successMove=32
ITERATION 65 newScore=-2.59989e+06 diffscore=216.72 priorChange=-70.701 successMove=32
ITERATION 66 newScore=-2.59954e+06 diffscore=347.723 priorChange=-63.7695 successMove=30
ITERATION 67 newScore=-2.59798e+06 diffscore=1557.71 priorChange=-62.3832 successMove=29
ITERATION 68 newScore=-2.59641e+06 diffscore=1570.94 priorChange=-55.4518 successMove=28
ITERATION 69 newScore=-2.59472e+06 diffscore=1695.3 priorChange=-55.4518 successMove=28
ITERATION 70 newScore=-2.59287e+06 diffscore=1843.49 priorChange=-55.4518 successMove=27
ITERATION 71 newScore=-2.59155e+06 diffscore=1323.81 priorChange=-56.8381 successMove=26
ITERATION 72 newScore=-2.59019e+06 diffscore=1362.02 priorChange=-42.9751 successMove=26
ITERATION 73 newScore=-2.58981e+06 diffscore=377.546 priorChange=-55.4518 successMove=25
ITERATION 74 newScore=-2.58972e+06 diffscore=88.0216 priorChange=-56.8381 successMove=25
ITERATION 75 newScore=-2.58963e+06 diffscore=86.0721 priorChange=-49.9066 successMove=26
ITERATION 76 newScore=-2.58952e+06 diffscore=116.676 priorChange=-49.9066 successMove=24
ITERATION 77 newScore=-2.58939e+06 diffscore=122.523 priorChange=-60.997 successMove=24
ITERATION 78 newScore=-2.58927e+06 diffscore=127.578 priorChange=-55.4518 successMove=24
ITERATION 79 newScore=-2.58914e+06 diffscore=130.149 priorChange=-58.2244 successMove=24
ITERATION 80 newScore=-2.58902e+06 diffscore=118.781 priorChange=-54.0655 successMove=22
ITERATION 81 newScore=-2.58883e+06 diffscore=192.248 priorChange=-49.9066 successMove=21
ITERATION 82 newScore=-2.5887e+06 diffscore=129.522 priorChange=-37.4299 successMove=19
ITERATION 83 newScore=-2.58795e+06 diffscore=745.823 priorChange=-31.8848 successMove=16
ITERATION 84 newScore=-2.58781e+06 diffscore=142.125 priorChange=-34.6574 successMove=15
ITERATION 85 newScore=-2.58773e+06 diffscore=81.1522 priorChange=-33.2711 successMove=14
ITERATION 86 newScore=-2.58668e+06 diffscore=1044.62 priorChange=-36.0437 successMove=14
ITERATION 87 newScore=-2.58661e+06 diffscore=68.8868 priorChange=-38.8162 successMove=14
ITERATION 88 newScore=-2.58654e+06 diffscore=73.6924 priorChange=-26.3396 successMove=13
ITERATION 89 newScore=-2.58644e+06 diffscore=104.588 priorChange=-29.1122 successMove=13
ITERATION 90 newScore=-2.58628e+06 diffscore=156.414 priorChange=-27.7259 successMove=10
ITERATION 91 newScore=-2.58607e+06 diffscore=207.902 priorChange=-24.9533 successMove=9
ITERATION 92 newScore=-2.58481e+06 diffscore=1265.12 priorChange=-15.2492 successMove=9
ITERATION 93 newScore=-2.58382e+06 diffscore=983.656 priorChange=-19.4081 successMove=8
ITERATION 94 newScore=-2.58377e+06 diffscore=50.7319 priorChange=-16.6355 successMove=7
ITERATION 95 newScore=-2.58373e+06 diffscore=45.4704 priorChange=-13.8629 successMove=7
ITERATION 96 newScore=-2.58368e+06 diffscore=43.5433 priorChange=-11.0904 successMove=6
ITERATION 97 newScore=-2.58364e+06 diffscore=47.3926 priorChange=-15.2492 successMove=6
ITERATION 98 newScore=-2.58356e+06 diffscore=80.0598 priorChange=-15.2492 successMove=6
ITERATION 99 newScore=-2.58347e+06 diffscore=84.5073 priorChange=-12.4766 successMove=6
MetaLearner::dumpAllGraphs
Final Score -2.58347e+06
MetaLearner::start runtime: 1316701388 ms
Results/
Results/cluster10/
Results/cluster10/fold0/
Results/cluster10/fold0/modelparams.txt
Results/cluster10/fold0/var_mb_pw_k50.txt
Results/cluster1/
Results/cluster1/fold0/
Results/cluster1/fold0/modelparams.txt
Results/cluster1/fold0/var_mb_pw_k50.txt
Results/cluster6/
Results/cluster6/fold0/
Results/cluster6/fold0/modelparams.txt
Results/cluster6/fold0/var_mb_pw_k50.txt
Results/cluster9/
Results/cluster9/fold0/
Results/cluster9/fold0/modelparams.txt
Results/cluster9/fold0/var_mb_pw_k50.txt
Results/cluster2/
Results/cluster2/fold0/
Results/cluster2/fold0/modelparams.txt
Results/cluster2/fold0/var_mb_pw_k50.txt
Results/cluster7/
Results/cluster7/fold0/
Results/cluster7/fold0/modelparams.txt
Results/cluster7/fold0/var_mb_pw_k50.txt
Results/cluster3/
Results/cluster3/fold0/
Results/cluster3/fold0/modelparams.txt
Results/cluster3/fold0/var_mb_pw_k50.txt
Results/cluster8/
Results/cluster8/scoreFile.txt
Results/cluster8/fold0/
Results/cluster8/fold0/modelparams.txt
Results/cluster8/fold0/var_mb_pw_k50.txt
