000 (49777.1725.000) 10/11 10:48:12 Job submitted from host: <144.92.142.142:9618?addrs=144.92.142.142-9618&noUDP&sock=44923_051a_3>
...
001 (49777.1725.000) 10/11 17:27:03 Job executing on host: <128.105.245.10:9618?addrs=128.105.245.10-9618&alias=gpu2000.chtc.wisc.edu&noUDP&sock=startd_6299_2b25>
...
006 (49777.1725.000) 10/11 17:27:12 Image size of job updated: 105184
	103  -  MemoryUsage of job (MB)
	105184  -  ResidentSetSize of job (KB)
...
006 (49777.1725.000) 10/11 17:32:13 Image size of job updated: 719228
	653  -  MemoryUsage of job (MB)
	668004  -  ResidentSetSize of job (KB)
...
006 (49777.1725.000) 10/11 17:37:13 Image size of job updated: 918456
	853  -  MemoryUsage of job (MB)
	872920  -  ResidentSetSize of job (KB)
...
006 (49777.1725.000) 10/11 17:42:13 Image size of job updated: 1232084
	1171  -  MemoryUsage of job (MB)
	1198800  -  ResidentSetSize of job (KB)
...
006 (49777.1725.000) 10/11 17:47:14 Image size of job updated: 1584208
	1515  -  MemoryUsage of job (MB)
	1550540  -  ResidentSetSize of job (KB)
...
006 (49777.1725.000) 10/11 17:52:14 Image size of job updated: 1917244
	1834  -  MemoryUsage of job (MB)
	1877368  -  ResidentSetSize of job (KB)
...
006 (49777.1725.000) 10/11 17:57:14 Image size of job updated: 2245612
	2154  -  MemoryUsage of job (MB)
	2205184  -  ResidentSetSize of job (KB)
...
006 (49777.1725.000) 10/11 17:58:51 Image size of job updated: 2346956
	2154  -  MemoryUsage of job (MB)
	2205184  -  ResidentSetSize of job (KB)
...
005 (49777.1725.000) 10/11 17:58:51 Job terminated.
	(1) Normal termination (return value 0)
		Usr 0 00:31:33, Sys 0 00:00:09  -  Run Remote Usage
		Usr 0 00:00:00, Sys 0 00:00:00  -  Run Local Usage
		Usr 0 00:31:33, Sys 0 00:00:09  -  Total Remote Usage
		Usr 0 00:00:00, Sys 0 00:00:00  -  Total Local Usage
	166377  -  Run Bytes Sent By Job
	316887328  -  Run Bytes Received By Job
	166377  -  Total Bytes Sent By Job
	316887328  -  Total Bytes Received By Job
	Partitionable Resources :     Usage  Request Allocated 
	   Cpus                 :      0.99        1         1 
	   Disk (KB)            : 325000      819200  18119584 
	   Gpus                 :                            0 
	   Ioheavy              :                            0 
	   Memory (MB)          :   2154       20480     25710 
...
