./CVN -f config_condor.txt -x50 -v1 -l TFs_OGs.txt -n AllGenes107.txt -d celltype_tree_ancestor.txt -m testdata_ogids.txt -s celltype_order.txt -p 0.2 -c yes -b -4 -q 4
(cluster3|cluster8) p_maintain_edge=0.8 p_gain=0.2
(cluster2|cluster3) p_maintain_edge=0.8 p_gain=0.2
(cluster1|cluster2) p_maintain_edge=0.8 p_gain=0.2
(cluster6|cluster2) p_maintain_edge=0.8 p_gain=0.2
(cluster9|cluster6) p_maintain_edge=0.8 p_gain=0.2
(cluster10|cluster6) p_maintain_edge=0.8 p_gain=0.2
(cluster7|cluster10) p_maintain_edge=0.8 p_gain=0.2
speciesSet.size()=8 Root is cluster8
MappedOrthogroupReader::readSpeciesMapping() --- celltype_order.txt
MappedOrthogroupReader::readFile - testdata_ogids.txt
MappedOrthogroupReader::generateGeneOrthoMap()
MetaLearner::init_onefold() read:config_condor.txt
MetaLearner::setinputVariableNames number of variables: 2034
readEvidenceTable:cluster8.table
PotentialManager::loadEvidenceFromTable varCount=2034 sampleCount=348
motifNetwork.size() = 319
0=cluster8 motifNetwork=cluster8_network.txt
variable size=2034
readEvidenceTable:cluster3.table
PotentialManager::loadEvidenceFromTable varCount=2034 sampleCount=95
motifNetwork.size() = 326
1=cluster3 motifNetwork=cluster3_network.txt
variable size=2034
readEvidenceTable:cluster2.table
PotentialManager::loadEvidenceFromTable varCount=2034 sampleCount=386
motifNetwork.size() = 328
2=cluster2 motifNetwork=cluster2_network.txt
variable size=2034
readEvidenceTable:cluster1.table
PotentialManager::loadEvidenceFromTable varCount=2034 sampleCount=36
motifNetwork.size() = 322
3=cluster1 motifNetwork=cluster1_network.txt
variable size=2034
readEvidenceTable:cluster6.table
PotentialManager::loadEvidenceFromTable varCount=2034 sampleCount=524
motifNetwork.size() = 320
4=cluster6 motifNetwork=cluster6_network.txt
variable size=2034
readEvidenceTable:cluster9.table
PotentialManager::loadEvidenceFromTable varCount=2034 sampleCount=184
motifNetwork.size() = 327
5=cluster9 motifNetwork=cluster9_network.txt
variable size=2034
readEvidenceTable:cluster10.table
PotentialManager::loadEvidenceFromTable varCount=2034 sampleCount=165
motifNetwork.size() = 326
6=cluster10 motifNetwork=cluster10_network.txt
variable size=2034
readEvidenceTable:cluster7.table
PotentialManager::loadEvidenceFromTable varCount=2034 sampleCount=1032
motifNetwork.size() = 320
7=cluster7 motifNetwork=cluster7_network.txt
variable size=2034
-------------------------------------------------------------
MetaLearner::start
precomputeEmptyGraphPrior
binkey=0 [Edge status: 0 0 0 0 0 0 0 0 ] P(G)=P(cluster8=0)[0.8] * P(cluster1=0|cluster2=0) * P(cluster9=0|cluster6=0) * P(cluster7=0|cluster10=0) * P(cluster10=0|cluster6=0) * P(cluster6=0|cluster2=0) * P(cluster2=0|cluster3=0) * P(cluster3=0|cluster8=0)[0.209715]=0.167772
condsetMap_Tree
0 cluster8=0 cluster3=0 cluster2=0 cluster1=0 cluster6=0 cluster9=0 cluster10=0 cluster7=1
1 cluster8=0 cluster3=0 cluster2=0 cluster1=0 cluster6=0 cluster9=1 cluster10=0 cluster7=0
2 cluster8=0 cluster3=0 cluster2=0 cluster1=0 cluster6=0 cluster9=1 cluster10=0 cluster7=1
3 cluster8=0 cluster3=0 cluster2=0 cluster1=1 cluster6=0 cluster9=0 cluster10=0 cluster7=0
4 cluster8=0 cluster3=0 cluster2=0 cluster1=1 cluster6=0 cluster9=0 cluster10=0 cluster7=1
5 cluster8=0 cluster3=0 cluster2=0 cluster1=1 cluster6=0 cluster9=1 cluster10=0 cluster7=0
6 cluster8=0 cluster3=0 cluster2=0 cluster1=1 cluster6=0 cluster9=1 cluster10=0 cluster7=1
7 cluster8=0 cluster3=0 cluster2=0 cluster1=0 cluster6=0 cluster9=0 cluster10=1 cluster7=1
8 cluster8=0 cluster3=0 cluster2=0 cluster1=0 cluster6=0 cluster9=1 cluster10=1 cluster7=1
9 cluster8=0 cluster3=0 cluster2=0 cluster1=1 cluster6=0 cluster9=0 cluster10=1 cluster7=1
10 cluster8=0 cluster3=0 cluster2=0 cluster1=1 cluster6=0 cluster9=1 cluster10=1 cluster7=1
11 cluster8=0 cluster3=0 cluster2=0 cluster1=0 cluster6=1 cluster9=1 cluster10=1 cluster7=1
12 cluster8=0 cluster3=0 cluster2=0 cluster1=1 cluster6=1 cluster9=1 cluster10=1 cluster7=1
13 cluster8=0 cluster3=0 cluster2=1 cluster1=1 cluster6=1 cluster9=1 cluster10=1 cluster7=1
14 cluster8=0 cluster3=1 cluster2=1 cluster1=1 cluster6=1 cluster9=1 cluster10=1 cluster7=1
15 cluster8=1 cluster3=1 cluster2=1 cluster1=1 cluster6=1 cluster9=1 cluster10=1 cluster7=1
16 cluster8=1 cluster3=1 cluster2=1 cluster1=1 cluster6=1 cluster9=1 cluster10=1 cluster7=0
17 cluster8=1 cluster3=1 cluster2=1 cluster1=1 cluster6=1 cluster9=0 cluster10=1 cluster7=1
18 cluster8=1 cluster3=1 cluster2=1 cluster1=1 cluster6=1 cluster9=0 cluster10=1 cluster7=0
19 cluster8=1 cluster3=1 cluster2=1 cluster1=0 cluster6=1 cluster9=1 cluster10=1 cluster7=1
20 cluster8=1 cluster3=1 cluster2=1 cluster1=0 cluster6=1 cluster9=1 cluster10=1 cluster7=0
21 cluster8=1 cluster3=1 cluster2=1 cluster1=0 cluster6=1 cluster9=0 cluster10=1 cluster7=1
22 cluster8=1 cluster3=1 cluster2=1 cluster1=0 cluster6=1 cluster9=0 cluster10=1 cluster7=0
23 cluster8=1 cluster3=1 cluster2=1 cluster1=1 cluster6=1 cluster9=1 cluster10=0 cluster7=0
24 cluster8=1 cluster3=1 cluster2=1 cluster1=1 cluster6=1 cluster9=0 cluster10=0 cluster7=0
25 cluster8=1 cluster3=1 cluster2=1 cluster1=0 cluster6=1 cluster9=1 cluster10=0 cluster7=0
26 cluster8=1 cluster3=1 cluster2=1 cluster1=0 cluster6=1 cluster9=0 cluster10=0 cluster7=0
27 cluster8=1 cluster3=1 cluster2=1 cluster1=1 cluster6=0 cluster9=0 cluster10=0 cluster7=0
28 cluster8=1 cluster3=1 cluster2=1 cluster1=0 cluster6=0 cluster9=0 cluster10=0 cluster7=0
29 cluster8=1 cluster3=1 cluster2=0 cluster1=0 cluster6=0 cluster9=0 cluster10=0 cluster7=0
30 cluster8=1 cluster3=0 cluster2=0 cluster1=0 cluster6=0 cluster9=0 cluster10=0 cluster7=0
31 cluster8=0 cluster3=0 cluster2=0 cluster1=0 cluster6=1 cluster9=0 cluster10=0 cluster7=0
32 cluster8=0 cluster3=0 cluster2=1 cluster1=0 cluster6=0 cluster9=0 cluster10=0 cluster7=0
33 cluster8=0 cluster3=0 cluster2=0 cluster1=0 cluster6=0 cluster9=0 cluster10=1 cluster7=0
34 cluster8=0 cluster3=1 cluster2=0 cluster1=0 cluster6=0 cluster9=0 cluster10=0 cluster7=0
inputRegulatorOGs.size() = 1999 inputOGList.size() = 50
binkey=16 [Edge status: 0 0 0 0 1 0 0 0 ] P(G)=P(cluster8=0)[0.8] * P(cluster1=0|cluster2=0) * P(cluster9=0|cluster6=1) * P(cluster7=0|cluster10=0) * P(cluster10=0|cluster6=1) * P(cluster6=1|cluster2=0) * P(cluster2=0|cluster3=0) * P(cluster3=0|cluster8=0)[0.0032768]=0.00262144
binkey=128 [Edge status: 0 0 0 0 0 0 0 1 ] P(G)=P(cluster8=0)[0.8] * P(cluster1=0|cluster2=0) * P(cluster9=0|cluster6=0) * P(cluster7=1|cluster10=0) * P(cluster10=0|cluster6=0) * P(cluster6=0|cluster2=0) * P(cluster2=0|cluster3=0) * P(cluster3=0|cluster8=0)[0.0524288]=0.041943
binkey=1 [Edge status: 1 0 0 0 0 0 0 0 ] P(G)=P(cluster8=1)[0.2] * P(cluster1=0|cluster2=0) * P(cluster9=0|cluster6=0) * P(cluster7=0|cluster10=0) * P(cluster10=0|cluster6=0) * P(cluster6=0|cluster2=0) * P(cluster2=0|cluster3=0) * P(cluster3=0|cluster8=1)[0.0524288]=0.0104858
binkey=2 [Edge status: 0 1 0 0 0 0 0 0 ] P(G)=P(cluster8=0)[0.8] * P(cluster1=0|cluster2=0) * P(cluster9=0|cluster6=0) * P(cluster7=0|cluster10=0) * P(cluster10=0|cluster6=0) * P(cluster6=0|cluster2=0) * P(cluster2=0|cluster3=1) * P(cluster3=1|cluster8=0)[0.0131072]=0.0104858
binkey=4 [Edge status: 0 0 1 0 0 0 0 0 ] P(G)=P(cluster8=0)[0.8] * P(cluster1=0|cluster2=1) * P(cluster9=0|cluster6=0) * P(cluster7=0|cluster10=0) * P(cluster10=0|cluster6=0) * P(cluster6=0|cluster2=1) * P(cluster2=1|cluster3=0) * P(cluster3=0|cluster8=0)[0.0032768]=0.00262144
binkey=64 [Edge status: 0 0 0 0 0 0 1 0 ] P(G)=P(cluster8=0)[0.8] * P(cluster1=0|cluster2=0) * P(cluster9=0|cluster6=0) * P(cluster7=0|cluster10=1) * P(cluster10=1|cluster6=0) * P(cluster6=0|cluster2=0) * P(cluster2=0|cluster3=0) * P(cluster3=0|cluster8=0)[0.0131072]=0.0104858
binkey=8 [Edge status: 0 0 0 1 0 0 0 0 ] P(G)=P(cluster8=0)[0.8] * P(cluster1=1|cluster2=0) * P(cluster9=0|cluster6=0) * P(cluster7=0|cluster10=0) * P(cluster10=0|cluster6=0) * P(cluster6=0|cluster2=0) * P(cluster2=0|cluster3=0) * P(cluster3=0|cluster8=0)[0.0524288]=0.041943
binkey=32 [Edge status: 0 0 0 0 0 1 0 0 ] P(G)=P(cluster8=0)[0.8] * P(cluster1=0|cluster2=0) * P(cluster9=1|cluster6=0) * P(cluster7=0|cluster10=0) * P(cluster10=0|cluster6=0) * P(cluster6=0|cluster2=0) * P(cluster2=0|cluster3=0) * P(cluster3=0|cluster8=0)[0.0524288]=0.041943
binkey=160 [Edge status: 0 0 0 0 0 1 0 1 ] P(G)=P(cluster8=0)[0.8] * P(cluster1=0|cluster2=0) * P(cluster9=1|cluster6=0) * P(cluster7=1|cluster10=0) * P(cluster10=0|cluster6=0) * P(cluster6=0|cluster2=0) * P(cluster2=0|cluster3=0) * P(cluster3=0|cluster8=0)[0.0131072]=0.0104858
binkey=3 [Edge status: 1 1 0 0 0 0 0 0 ] P(G)=P(cluster8=1)[0.2] * P(cluster1=0|cluster2=0) * P(cluster9=0|cluster6=0) * P(cluster7=0|cluster10=0) * P(cluster10=0|cluster6=0) * P(cluster6=0|cluster2=0) * P(cluster2=0|cluster3=1) * P(cluster3=1|cluster8=1)[0.0524288]=0.0104858
binkey=136 [Edge status: 0 0 0 1 0 0 0 1 ] P(G)=P(cluster8=0)[0.8] * P(cluster1=1|cluster2=0) * P(cluster9=0|cluster6=0) * P(cluster7=1|cluster10=0) * P(cluster10=0|cluster6=0) * P(cluster6=0|cluster2=0) * P(cluster2=0|cluster3=0) * P(cluster3=0|cluster8=0)[0.0131072]=0.0104858
binkey=40 [Edge status: 0 0 0 1 0 1 0 0 ] P(G)=P(cluster8=0)[0.8] * P(cluster1=1|cluster2=0) * P(cluster9=1|cluster6=0) * P(cluster7=0|cluster10=0) * P(cluster10=0|cluster6=0) * P(cluster6=0|cluster2=0) * P(cluster2=0|cluster3=0) * P(cluster3=0|cluster8=0)[0.0131072]=0.0104858
binkey=192 [Edge status: 0 0 0 0 0 0 1 1 ] P(G)=P(cluster8=0)[0.8] * P(cluster1=0|cluster2=0) * P(cluster9=0|cluster6=0) * P(cluster7=1|cluster10=1) * P(cluster10=1|cluster6=0) * P(cluster6=0|cluster2=0) * P(cluster2=0|cluster3=0) * P(cluster3=0|cluster8=0)[0.0524288]=0.041943
binkey=200 [Edge status: 0 0 0 1 0 0 1 1 ] P(G)=P(cluster8=0)[0.8] * P(cluster1=1|cluster2=0) * P(cluster9=0|cluster6=0) * P(cluster7=1|cluster10=1) * P(cluster10=1|cluster6=0) * P(cluster6=0|cluster2=0) * P(cluster2=0|cluster3=0) * P(cluster3=0|cluster8=0)[0.0131072]=0.0104858
binkey=7 [Edge status: 1 1 1 0 0 0 0 0 ] P(G)=P(cluster8=1)[0.2] * P(cluster1=0|cluster2=1) * P(cluster9=0|cluster6=0) * P(cluster7=0|cluster10=0) * P(cluster10=0|cluster6=0) * P(cluster6=0|cluster2=1) * P(cluster2=1|cluster3=1) * P(cluster3=1|cluster8=1)[0.0131072]=0.00262144
binkey=224 [Edge status: 0 0 0 0 0 1 1 1 ] P(G)=P(cluster8=0)[0.8] * P(cluster1=0|cluster2=0) * P(cluster9=1|cluster6=0) * P(cluster7=1|cluster10=1) * P(cluster10=1|cluster6=0) * P(cluster6=0|cluster2=0) * P(cluster2=0|cluster3=0) * P(cluster3=0|cluster8=0)[0.0131072]=0.0104858
binkey=240 [Edge status: 0 0 0 0 1 1 1 1 ] P(G)=P(cluster8=0)[0.8] * P(cluster1=0|cluster2=0) * P(cluster9=1|cluster6=1) * P(cluster7=1|cluster10=1) * P(cluster10=1|cluster6=1) * P(cluster6=1|cluster2=0) * P(cluster2=0|cluster3=0) * P(cluster3=0|cluster8=0)[0.0524288]=0.041943
binkey=168 [Edge status: 0 0 0 1 0 1 0 1 ] P(G)=P(cluster8=0)[0.8] * P(cluster1=1|cluster2=0) * P(cluster9=1|cluster6=0) * P(cluster7=1|cluster10=0) * P(cluster10=0|cluster6=0) * P(cluster6=0|cluster2=0) * P(cluster2=0|cluster3=0) * P(cluster3=0|cluster8=0)[0.0032768]=0.00262144
binkey=232 [Edge status: 0 0 0 1 0 1 1 1 ] P(G)=P(cluster8=0)[0.8] * P(cluster1=1|cluster2=0) * P(cluster9=1|cluster6=0) * P(cluster7=1|cluster10=1) * P(cluster10=1|cluster6=0) * P(cluster6=0|cluster2=0) * P(cluster2=0|cluster3=0) * P(cluster3=0|cluster8=0)[0.0032768]=0.00262144
binkey=215 [Edge status: 1 1 1 0 1 0 1 1 ] P(G)=P(cluster8=1)[0.2] * P(cluster1=0|cluster2=1) * P(cluster9=0|cluster6=1) * P(cluster7=1|cluster10=1) * P(cluster10=1|cluster6=1) * P(cluster6=1|cluster2=1) * P(cluster2=1|cluster3=1) * P(cluster3=1|cluster8=1)[0.0131072]=0.00262144
binkey=87 [Edge status: 1 1 1 0 1 0 1 0 ] P(G)=P(cluster8=1)[0.2] * P(cluster1=0|cluster2=1) * P(cluster9=0|cluster6=1) * P(cluster7=0|cluster10=1) * P(cluster10=1|cluster6=1) * P(cluster6=1|cluster2=1) * P(cluster2=1|cluster3=1) * P(cluster3=1|cluster8=1)[0.0032768]=0.00065536
binkey=23 [Edge status: 1 1 1 0 1 0 0 0 ] P(G)=P(cluster8=1)[0.2] * P(cluster1=0|cluster2=1) * P(cluster9=0|cluster6=1) * P(cluster7=0|cluster10=0) * P(cluster10=0|cluster6=1) * P(cluster6=1|cluster2=1) * P(cluster2=1|cluster3=1) * P(cluster3=1|cluster8=1)[0.0032768]=0.00065536
binkey=248 [Edge status: 0 0 0 1 1 1 1 1 ] P(G)=P(cluster8=0)[0.8] * P(cluster1=1|cluster2=0) * P(cluster9=1|cluster6=1) * P(cluster7=1|cluster10=1) * P(cluster10=1|cluster6=1) * P(cluster6=1|cluster2=0) * P(cluster2=0|cluster3=0) * P(cluster3=0|cluster8=0)[0.0131072]=0.0104858
binkey=252 [Edge status: 0 0 1 1 1 1 1 1 ] P(G)=P(cluster8=0)[0.8] * P(cluster1=1|cluster2=1) * P(cluster9=1|cluster6=1) * P(cluster7=1|cluster10=1) * P(cluster10=1|cluster6=1) * P(cluster6=1|cluster2=1) * P(cluster2=1|cluster3=0) * P(cluster3=0|cluster8=0)[0.0524288]=0.041943
binkey=254 [Edge status: 0 1 1 1 1 1 1 1 ] P(G)=P(cluster8=0)[0.8] * P(cluster1=1|cluster2=1) * P(cluster9=1|cluster6=1) * P(cluster7=1|cluster10=1) * P(cluster10=1|cluster6=1) * P(cluster6=1|cluster2=1) * P(cluster2=1|cluster3=1) * P(cluster3=1|cluster8=0)[0.0524288]=0.041943
binkey=255 [Edge status: 1 1 1 1 1 1 1 1 ] P(G)=P(cluster8=1)[0.2] * P(cluster1=1|cluster2=1) * P(cluster9=1|cluster6=1) * P(cluster7=1|cluster10=1) * P(cluster10=1|cluster6=1) * P(cluster6=1|cluster2=1) * P(cluster2=1|cluster3=1) * P(cluster3=1|cluster8=1)[0.209715]=0.041943
binkey=127 [Edge status: 1 1 1 1 1 1 1 0 ] P(G)=P(cluster8=1)[0.2] * P(cluster1=1|cluster2=1) * P(cluster9=1|cluster6=1) * P(cluster7=0|cluster10=1) * P(cluster10=1|cluster6=1) * P(cluster6=1|cluster2=1) * P(cluster2=1|cluster3=1) * P(cluster3=1|cluster8=1)[0.0524288]=0.0104858
binkey=223 [Edge status: 1 1 1 1 1 0 1 1 ] P(G)=P(cluster8=1)[0.2] * P(cluster1=1|cluster2=1) * P(cluster9=0|cluster6=1) * P(cluster7=1|cluster10=1) * P(cluster10=1|cluster6=1) * P(cluster6=1|cluster2=1) * P(cluster2=1|cluster3=1) * P(cluster3=1|cluster8=1)[0.0524288]=0.0104858
binkey=95 [Edge status: 1 1 1 1 1 0 1 0 ] P(G)=P(cluster8=1)[0.2] * P(cluster1=1|cluster2=1) * P(cluster9=0|cluster6=1) * P(cluster7=0|cluster10=1) * P(cluster10=1|cluster6=1) * P(cluster6=1|cluster2=1) * P(cluster2=1|cluster3=1) * P(cluster3=1|cluster8=1)[0.0131072]=0.00262144
binkey=247 [Edge status: 1 1 1 0 1 1 1 1 ] P(G)=P(cluster8=1)[0.2] * P(cluster1=0|cluster2=1) * P(cluster9=1|cluster6=1) * P(cluster7=1|cluster10=1) * P(cluster10=1|cluster6=1) * P(cluster6=1|cluster2=1) * P(cluster2=1|cluster3=1) * P(cluster3=1|cluster8=1)[0.0524288]=0.0104858
binkey=119 [Edge status: 1 1 1 0 1 1 1 0 ] P(G)=P(cluster8=1)[0.2] * P(cluster1=0|cluster2=1) * P(cluster9=1|cluster6=1) * P(cluster7=0|cluster10=1) * P(cluster10=1|cluster6=1) * P(cluster6=1|cluster2=1) * P(cluster2=1|cluster3=1) * P(cluster3=1|cluster8=1)[0.0131072]=0.00262144
binkey=63 [Edge status: 1 1 1 1 1 1 0 0 ] P(G)=P(cluster8=1)[0.2] * P(cluster1=1|cluster2=1) * P(cluster9=1|cluster6=1) * P(cluster7=0|cluster10=0) * P(cluster10=0|cluster6=1) * P(cluster6=1|cluster2=1) * P(cluster2=1|cluster3=1) * P(cluster3=1|cluster8=1)[0.0524288]=0.0104858
binkey=31 [Edge status: 1 1 1 1 1 0 0 0 ] P(G)=P(cluster8=1)[0.2] * P(cluster1=1|cluster2=1) * P(cluster9=0|cluster6=1) * P(cluster7=0|cluster10=0) * P(cluster10=0|cluster6=1) * P(cluster6=1|cluster2=1) * P(cluster2=1|cluster3=1) * P(cluster3=1|cluster8=1)[0.0131072]=0.00262144
binkey=55 [Edge status: 1 1 1 0 1 1 0 0 ] P(G)=P(cluster8=1)[0.2] * P(cluster1=0|cluster2=1) * P(cluster9=1|cluster6=1) * P(cluster7=0|cluster10=0) * P(cluster10=0|cluster6=1) * P(cluster6=1|cluster2=1) * P(cluster2=1|cluster3=1) * P(cluster3=1|cluster8=1)[0.0131072]=0.00262144
binkey=15 [Edge status: 1 1 1 1 0 0 0 0 ] P(G)=P(cluster8=1)[0.2] * P(cluster1=1|cluster2=1) * P(cluster9=0|cluster6=0) * P(cluster7=0|cluster10=0) * P(cluster10=0|cluster6=0) * P(cluster6=0|cluster2=1) * P(cluster2=1|cluster3=1) * P(cluster3=1|cluster8=1)[0.0524288]=0.0104858
ITERATION 0 newScore=-2.71242e+06 diffscore=7790.54 priorChange=-94.268 successMove=51
ITERATION 1 newScore=-2.7077e+06 diffscore=4715.67 priorChange=-113.676 successMove=58
ITERATION 2 newScore=-2.70326e+06 diffscore=4441.06 priorChange=-95.6543 successMove=51
ITERATION 3 newScore=-2.6979e+06 diffscore=5356.71 priorChange=-103.972 successMove=55
ITERATION 4 newScore=-2.69434e+06 diffscore=3568.51 priorChange=-109.517 successMove=52
ITERATION 5 newScore=-2.69198e+06 diffscore=2356.33 priorChange=-108.131 successMove=50
ITERATION 6 newScore=-2.68817e+06 diffscore=3807.76 priorChange=-110.904 successMove=52
ITERATION 7 newScore=-2.68703e+06 diffscore=1144.39 priorChange=-108.131 successMove=56
ITERATION 8 newScore=-2.6821e+06 diffscore=4930.5 priorChange=-103.972 successMove=51
ITERATION 9 newScore=-2.6798e+06 diffscore=2297.73 priorChange=-106.745 successMove=51
ITERATION 10 newScore=-2.67778e+06 diffscore=2022.98 priorChange=-99.8132 successMove=51
ITERATION 11 newScore=-2.67636e+06 diffscore=1420.69 priorChange=-109.517 successMove=53
ITERATION 12 newScore=-2.67412e+06 diffscore=2239.04 priorChange=-119.221 successMove=54
ITERATION 13 newScore=-2.67231e+06 diffscore=1808.21 priorChange=-115.062 successMove=60
ITERATION 14 newScore=-2.67021e+06 diffscore=2098.02 priorChange=-103.972 successMove=50
ITERATION 15 newScore=-2.66629e+06 diffscore=3924.24 priorChange=-109.517 successMove=51
ITERATION 16 newScore=-2.66496e+06 diffscore=1326.77 priorChange=-105.358 successMove=52
ITERATION 17 newScore=-2.66214e+06 diffscore=2821.79 priorChange=-102.586 successMove=50
ITERATION 18 newScore=-2.66003e+06 diffscore=2110.99 priorChange=-99.8132 successMove=50
ITERATION 19 newScore=-2.65954e+06 diffscore=486.978 priorChange=-97.0406 successMove=50
ITERATION 20 newScore=-2.65802e+06 diffscore=1523.08 priorChange=-97.0406 successMove=51
ITERATION 21 newScore=-2.65626e+06 diffscore=1760.89 priorChange=-109.517 successMove=49
ITERATION 22 newScore=-2.65517e+06 diffscore=1085.29 priorChange=-103.972 successMove=51
ITERATION 23 newScore=-2.65475e+06 diffscore=416.253 priorChange=-99.8132 successMove=50
ITERATION 24 newScore=-2.65433e+06 diffscore=427.054 priorChange=-99.8132 successMove=49
ITERATION 25 newScore=-2.65228e+06 diffscore=2050.89 priorChange=-105.358 successMove=49
ITERATION 26 newScore=-2.65096e+06 diffscore=1320.37 priorChange=-90.1091 successMove=49
ITERATION 27 newScore=-2.65039e+06 diffscore=561.109 priorChange=-92.8817 successMove=51
ITERATION 28 newScore=-2.64929e+06 diffscore=1106.92 priorChange=-88.7228 successMove=47
ITERATION 29 newScore=-2.6466e+06 diffscore=2690.26 priorChange=-79.0188 successMove=48
ITERATION 30 newScore=-2.64632e+06 diffscore=277.393 priorChange=-92.8817 successMove=47
ITERATION 31 newScore=-2.64599e+06 diffscore=333.557 priorChange=-94.268 successMove=47
ITERATION 32 newScore=-2.6457e+06 diffscore=287.861 priorChange=-88.7228 successMove=46
ITERATION 33 newScore=-2.6454e+06 diffscore=298.958 priorChange=-88.7228 successMove=46
ITERATION 34 newScore=-2.6448e+06 diffscore=604.061 priorChange=-87.3365 successMove=46
ITERATION 35 newScore=-2.64449e+06 diffscore=307.796 priorChange=-87.3365 successMove=48
ITERATION 36 newScore=-2.64416e+06 diffscore=328.866 priorChange=-92.8817 successMove=45
ITERATION 37 newScore=-2.64371e+06 diffscore=445.71 priorChange=-70.701 successMove=44
ITERATION 38 newScore=-2.64265e+06 diffscore=1063.02 priorChange=-77.6325 successMove=43
ITERATION 39 newScore=-2.64031e+06 diffscore=2344.48 priorChange=-73.4736 successMove=42
ITERATION 40 newScore=-2.63993e+06 diffscore=380.029 priorChange=-73.4736 successMove=41
ITERATION 41 newScore=-2.63941e+06 diffscore=515.938 priorChange=-79.0188 successMove=43
ITERATION 42 newScore=-2.63701e+06 diffscore=2397.12 priorChange=-83.1777 successMove=44
ITERATION 43 newScore=-2.63561e+06 diffscore=1401.55 priorChange=-74.8599 successMove=41
ITERATION 44 newScore=-2.63404e+06 diffscore=1569.08 priorChange=-85.9503 successMove=41
ITERATION 45 newScore=-2.63278e+06 diffscore=1259.48 priorChange=-73.4736 successMove=43
ITERATION 46 newScore=-2.63247e+06 diffscore=312.682 priorChange=-70.701 successMove=41
ITERATION 47 newScore=-2.63216e+06 diffscore=314.381 priorChange=-72.0873 successMove=40
ITERATION 48 newScore=-2.63093e+06 diffscore=1222.26 priorChange=-73.4736 successMove=40
ITERATION 49 newScore=-2.63069e+06 diffscore=246.982 priorChange=-74.8599 successMove=38
ITERATION 50 newScore=-2.63036e+06 diffscore=323.262 priorChange=-67.9284 successMove=39
ITERATION 51 newScore=-2.62981e+06 diffscore=554.437 priorChange=-81.7914 successMove=39
ITERATION 52 newScore=-2.62942e+06 diffscore=388.491 priorChange=-67.9284 successMove=38
ITERATION 53 newScore=-2.62777e+06 diffscore=1648.52 priorChange=-84.564 successMove=39
ITERATION 54 newScore=-2.62726e+06 diffscore=516.096 priorChange=-60.997 successMove=36
ITERATION 55 newScore=-2.6258e+06 diffscore=1453.82 priorChange=-62.3832 successMove=35
ITERATION 56 newScore=-2.62557e+06 diffscore=232.201 priorChange=-63.7695 successMove=35
ITERATION 57 newScore=-2.62525e+06 diffscore=315.114 priorChange=-70.701 successMove=35
ITERATION 58 newScore=-2.62498e+06 diffscore=271.587 priorChange=-63.7695 successMove=34
ITERATION 59 newScore=-2.62468e+06 diffscore=301.39 priorChange=-60.997 successMove=32
ITERATION 60 newScore=-2.62324e+06 diffscore=1442.42 priorChange=-54.0655 successMove=31
ITERATION 61 newScore=-2.62266e+06 diffscore=582.985 priorChange=-60.997 successMove=31
ITERATION 62 newScore=-2.62068e+06 diffscore=1978.43 priorChange=-59.6107 successMove=31
ITERATION 63 newScore=-2.62051e+06 diffscore=168.701 priorChange=-63.7695 successMove=33
ITERATION 64 newScore=-2.6203e+06 diffscore=209.324 priorChange=-67.9284 successMove=31
ITERATION 65 newScore=-2.62e+06 diffscore=301.797 priorChange=-63.7695 successMove=32
ITERATION 66 newScore=-2.61762e+06 diffscore=2374.21 priorChange=-52.6792 successMove=31
ITERATION 67 newScore=-2.61748e+06 diffscore=145.339 priorChange=-56.8381 successMove=30
ITERATION 68 newScore=-2.61734e+06 diffscore=141.602 priorChange=-70.701 successMove=31
ITERATION 69 newScore=-2.61713e+06 diffscore=209.778 priorChange=-48.5203 successMove=31
ITERATION 70 newScore=-2.61697e+06 diffscore=157.358 priorChange=-54.0655 successMove=28
ITERATION 71 newScore=-2.61679e+06 diffscore=177.412 priorChange=-58.2244 successMove=28
ITERATION 72 newScore=-2.61592e+06 diffscore=873.349 priorChange=-49.9066 successMove=25
ITERATION 73 newScore=-2.61576e+06 diffscore=158.757 priorChange=-44.3614 successMove=25
ITERATION 74 newScore=-2.61554e+06 diffscore=221.13 priorChange=-49.9066 successMove=23
ITERATION 75 newScore=-2.61526e+06 diffscore=279.534 priorChange=-40.2025 successMove=22
ITERATION 76 newScore=-2.61503e+06 diffscore=230.744 priorChange=-47.134 successMove=21
ITERATION 77 newScore=-2.61488e+06 diffscore=150.231 priorChange=-41.5888 successMove=21
ITERATION 78 newScore=-2.61454e+06 diffscore=336.048 priorChange=-42.9751 successMove=22
ITERATION 79 newScore=-2.61274e+06 diffscore=1805.29 priorChange=-40.2025 successMove=22
ITERATION 80 newScore=-2.61257e+06 diffscore=167.585 priorChange=-41.5888 successMove=21
ITERATION 81 newScore=-2.61243e+06 diffscore=137.887 priorChange=-47.134 successMove=20
ITERATION 82 newScore=-2.61229e+06 diffscore=137.62 priorChange=-40.2025 successMove=21
ITERATION 83 newScore=-2.61218e+06 diffscore=112.024 priorChange=-33.2711 successMove=19
ITERATION 84 newScore=-2.61208e+06 diffscore=99.1802 priorChange=-26.3396 successMove=18
ITERATION 85 newScore=-2.6109e+06 diffscore=1178.73 priorChange=-26.3396 successMove=16
ITERATION 86 newScore=-2.61078e+06 diffscore=122.259 priorChange=-27.7259 successMove=18
ITERATION 87 newScore=-2.61054e+06 diffscore=239.251 priorChange=-33.2711 successMove=17
ITERATION 88 newScore=-2.61048e+06 diffscore=65.714 priorChange=-36.0437 successMove=18
ITERATION 89 newScore=-2.61041e+06 diffscore=70.6936 priorChange=-31.8848 successMove=15
ITERATION 90 newScore=-2.61033e+06 diffscore=76.1051 priorChange=-38.8162 successMove=14
ITERATION 91 newScore=-2.61026e+06 diffscore=70.58 priorChange=-30.4985 successMove=14
ITERATION 92 newScore=-2.61019e+06 diffscore=65.4031 priorChange=-26.3396 successMove=14
ITERATION 93 newScore=-2.61014e+06 diffscore=54.9754 priorChange=-24.9533 successMove=13
ITERATION 94 newScore=-2.61006e+06 diffscore=74.6765 priorChange=-27.7259 successMove=11
ITERATION 95 newScore=-2.60974e+06 diffscore=325.623 priorChange=-22.1807 successMove=10
ITERATION 96 newScore=-2.60962e+06 diffscore=118.02 priorChange=-26.3396 successMove=10
ITERATION 97 newScore=-2.60951e+06 diffscore=106.761 priorChange=-16.6355 successMove=8
ITERATION 98 newScore=-2.60839e+06 diffscore=1123.62 priorChange=-15.2492 successMove=7
ITERATION 99 newScore=-2.6083e+06 diffscore=93.4087 priorChange=-16.6355 successMove=6
MetaLearner::dumpAllGraphs
Final Score -2.6083e+06
MetaLearner::start runtime: 1325596363 ms
Results/
Results/cluster10/
Results/cluster10/fold0/
Results/cluster10/fold0/modelparams.txt
Results/cluster10/fold0/var_mb_pw_k50.txt
Results/cluster1/
Results/cluster1/fold0/
Results/cluster1/fold0/modelparams.txt
Results/cluster1/fold0/var_mb_pw_k50.txt
Results/cluster6/
Results/cluster6/fold0/
Results/cluster6/fold0/modelparams.txt
Results/cluster6/fold0/var_mb_pw_k50.txt
Results/cluster9/
Results/cluster9/fold0/
Results/cluster9/fold0/modelparams.txt
Results/cluster9/fold0/var_mb_pw_k50.txt
Results/cluster2/
Results/cluster2/fold0/
Results/cluster2/fold0/modelparams.txt
Results/cluster2/fold0/var_mb_pw_k50.txt
Results/cluster7/
Results/cluster7/fold0/
Results/cluster7/fold0/modelparams.txt
Results/cluster7/fold0/var_mb_pw_k50.txt
Results/cluster3/
Results/cluster3/fold0/
Results/cluster3/fold0/modelparams.txt
Results/cluster3/fold0/var_mb_pw_k50.txt
Results/cluster8/
Results/cluster8/scoreFile.txt
Results/cluster8/fold0/
Results/cluster8/fold0/modelparams.txt
Results/cluster8/fold0/var_mb_pw_k50.txt
