000 (49777.1497.000) 10/11 10:48:12 Job submitted from host: <144.92.142.142:9618?addrs=144.92.142.142-9618&noUDP&sock=44923_051a_3>
...
001 (49777.1497.000) 10/11 16:52:42 Job executing on host: <144.92.142.170:9618?addrs=144.92.142.170-9618&noUDP&sock=20228_4dd1_3>
...
006 (49777.1497.000) 10/11 16:52:51 Image size of job updated: 106056
	104  -  MemoryUsage of job (MB)
	106056  -  ResidentSetSize of job (KB)
...
006 (49777.1497.000) 10/11 16:53:25 Image size of job updated: 314084
	141  -  MemoryUsage of job (MB)
	144028  -  ResidentSetSize of job (KB)
...
004 (49777.1497.000) 10/11 16:53:25 Job was evicted.
	(0) Job was not checkpointed.
		Usr 0 00:00:42, Sys 0 00:00:00  -  Run Remote Usage
		Usr 0 00:00:00, Sys 0 00:00:00  -  Run Local Usage
	0  -  Run Bytes Sent By Job
	316715872  -  Run Bytes Received By Job
	Partitionable Resources :     Usage  Request Allocated 
	   Cpus                 :      1.00        1         1 
	   Disk (KB)            : 325000      819200   3124004 
	   Memory (MB)          :    141       20480     20480 
...
001 (49777.1497.000) 10/11 16:53:40 Job executing on host: <128.105.68.23:9618?addrs=128.105.68.23-9618&alias=gpulab2004.chtc.wisc.edu&noUDP&sock=startd_62541_80a6>
...
006 (49777.1497.000) 10/11 16:58:48 Image size of job updated: 723736
	657  -  MemoryUsage of job (MB)
	672580  -  ResidentSetSize of job (KB)
...
006 (49777.1497.000) 10/11 17:03:49 Image size of job updated: 972328
	902  -  MemoryUsage of job (MB)
	923200  -  ResidentSetSize of job (KB)
...
006 (49777.1497.000) 10/11 17:08:50 Image size of job updated: 1267296
	1202  -  MemoryUsage of job (MB)
	1230040  -  ResidentSetSize of job (KB)
...
006 (49777.1497.000) 10/11 17:13:50 Image size of job updated: 1588520
	1505  -  MemoryUsage of job (MB)
	1540492  -  ResidentSetSize of job (KB)
...
006 (49777.1497.000) 10/11 17:14:30 Image size of job updated: 1638232
	1505  -  MemoryUsage of job (MB)
	1540492  -  ResidentSetSize of job (KB)
...
005 (49777.1497.000) 10/11 17:14:30 Job terminated.
	(1) Normal termination (return value 0)
		Usr 0 00:20:46, Sys 0 00:00:03  -  Run Remote Usage
		Usr 0 00:00:00, Sys 0 00:00:00  -  Run Local Usage
		Usr 0 00:21:28, Sys 0 00:00:03  -  Total Remote Usage
		Usr 0 00:00:00, Sys 0 00:00:00  -  Total Local Usage
	168401  -  Run Bytes Sent By Job
	316715872  -  Run Bytes Received By Job
	168401  -  Total Bytes Sent By Job
	633431744  -  Total Bytes Received By Job
	Partitionable Resources :     Usage  Request Allocated 
	   Cpus                 :      1.00        1         1 
	   Disk (KB)            : 325000      819200  18192444 
	   Gpus                 :                            0 
	   Ioheavy              :                            0 
	   Memory (MB)          :   1505       20480     21341 
...
