000 (49777.347.000) 10/11 10:48:08 Job submitted from host: <144.92.142.142:9618?addrs=144.92.142.142-9618&noUDP&sock=44923_051a_3>
...
001 (49777.347.000) 10/11 13:19:50 Job executing on host: <128.105.68.53:9618?addrs=128.105.68.53-9618&alias=e2483.chtc.wisc.edu&noUDP&sock=startd_4911_1db1>
...
006 (49777.347.000) 10/11 13:19:59 Image size of job updated: 105100
	103  -  MemoryUsage of job (MB)
	105100  -  ResidentSetSize of job (KB)
...
006 (49777.347.000) 10/11 13:25:00 Image size of job updated: 717992
	652  -  MemoryUsage of job (MB)
	666688  -  ResidentSetSize of job (KB)
...
006 (49777.347.000) 10/11 13:30:00 Image size of job updated: 908228
	844  -  MemoryUsage of job (MB)
	864160  -  ResidentSetSize of job (KB)
...
006 (49777.347.000) 10/11 13:35:01 Image size of job updated: 1276388
	1219  -  MemoryUsage of job (MB)
	1247884  -  ResidentSetSize of job (KB)
...
006 (49777.347.000) 10/11 13:40:02 Image size of job updated: 1731440
	1660  -  MemoryUsage of job (MB)
	1699720  -  ResidentSetSize of job (KB)
...
006 (49777.347.000) 10/11 13:45:02 Image size of job updated: 2188316
	2087  -  MemoryUsage of job (MB)
	2136376  -  ResidentSetSize of job (KB)
...
006 (49777.347.000) 10/11 13:48:55 Image size of job updated: 2533456
	2087  -  MemoryUsage of job (MB)
	2136376  -  ResidentSetSize of job (KB)
...
005 (49777.347.000) 10/11 13:48:55 Job terminated.
	(1) Normal termination (return value 0)
		Usr 0 00:28:34, Sys 0 00:00:04  -  Run Remote Usage
		Usr 0 00:00:00, Sys 0 00:00:00  -  Run Local Usage
		Usr 0 00:28:34, Sys 0 00:00:04  -  Total Remote Usage
		Usr 0 00:00:00, Sys 0 00:00:00  -  Total Local Usage
	170713  -  Run Bytes Sent By Job
	316905856  -  Run Bytes Received By Job
	170713  -  Total Bytes Sent By Job
	316905856  -  Total Bytes Received By Job
	Partitionable Resources :     Usage  Request Allocated 
	   Cpus                 :      1.00        1         1 
	   Disk (KB)            : 325000      819200   1709928 
	   Memory (MB)          :   2087       20480     20480 
...
