000 (49777.1980.000) 10/11 10:48:13 Job submitted from host: <144.92.142.142:9618?addrs=144.92.142.142-9618&noUDP&sock=44923_051a_3>
...
001 (49777.1980.000) 10/11 18:06:49 Job executing on host: <128.105.68.23:9618?addrs=128.105.68.23-9618&alias=gpulab2004.chtc.wisc.edu&noUDP&sock=startd_62541_80a6>
...
006 (49777.1980.000) 10/11 18:06:58 Image size of job updated: 156728
	104  -  MemoryUsage of job (MB)
	105500  -  ResidentSetSize of job (KB)
...
006 (49777.1980.000) 10/11 18:11:59 Image size of job updated: 765928
	709  -  MemoryUsage of job (MB)
	725284  -  ResidentSetSize of job (KB)
...
006 (49777.1980.000) 10/11 18:16:59 Image size of job updated: 1206768
	1132  -  MemoryUsage of job (MB)
	1158388  -  ResidentSetSize of job (KB)
...
006 (49777.1980.000) 10/11 18:22:00 Image size of job updated: 2174376
	2076  -  MemoryUsage of job (MB)
	2125268  -  ResidentSetSize of job (KB)
...
006 (49777.1980.000) 10/11 18:27:01 Image size of job updated: 3165120
	3041  -  MemoryUsage of job (MB)
	3113984  -  ResidentSetSize of job (KB)
...
006 (49777.1980.000) 10/11 18:28:23 Image size of job updated: 3408016
	3041  -  MemoryUsage of job (MB)
	3113984  -  ResidentSetSize of job (KB)
...
005 (49777.1980.000) 10/11 18:28:23 Job terminated.
	(1) Normal termination (return value 0)
		Usr 0 00:21:28, Sys 0 00:00:03  -  Run Remote Usage
		Usr 0 00:00:00, Sys 0 00:00:00  -  Run Local Usage
		Usr 0 00:21:28, Sys 0 00:00:03  -  Total Remote Usage
		Usr 0 00:00:00, Sys 0 00:00:00  -  Total Local Usage
	171962  -  Run Bytes Sent By Job
	316808288  -  Run Bytes Received By Job
	171962  -  Total Bytes Sent By Job
	316808288  -  Total Bytes Received By Job
	Partitionable Resources :     Usage  Request Allocated 
	   Cpus                 :      1.00        1         1 
	   Disk (KB)            : 325000      819200  18192444 
	   Gpus                 :                            0 
	   Ioheavy              :                            0 
	   Memory (MB)          :   3041       20480     21341 
...
