./CVN -f config_condor.txt -x50 -v1 -l TFs_OGs.txt -n AllGenes142.txt -d celltype_tree_ancestor.txt -m testdata_ogids.txt -s celltype_order.txt -p 0.2 -c yes -b -4 -q 4
(cluster3|cluster8) p_maintain_edge=0.8 p_gain=0.2
(cluster2|cluster3) p_maintain_edge=0.8 p_gain=0.2
(cluster1|cluster2) p_maintain_edge=0.8 p_gain=0.2
(cluster6|cluster2) p_maintain_edge=0.8 p_gain=0.2
(cluster9|cluster6) p_maintain_edge=0.8 p_gain=0.2
(cluster10|cluster6) p_maintain_edge=0.8 p_gain=0.2
(cluster7|cluster10) p_maintain_edge=0.8 p_gain=0.2
speciesSet.size()=8 Root is cluster8
MappedOrthogroupReader::readSpeciesMapping() --- celltype_order.txt
MappedOrthogroupReader::readFile - testdata_ogids.txt
MappedOrthogroupReader::generateGeneOrthoMap()
MetaLearner::init_onefold() read:config_condor.txt
MetaLearner::setinputVariableNames number of variables: 2045
readEvidenceTable:cluster8.table
PotentialManager::loadEvidenceFromTable varCount=2045 sampleCount=348
motifNetwork.size() = 319
0=cluster8 motifNetwork=cluster8_network.txt
variable size=2045
readEvidenceTable:cluster3.table
PotentialManager::loadEvidenceFromTable varCount=2045 sampleCount=95
motifNetwork.size() = 326
1=cluster3 motifNetwork=cluster3_network.txt
variable size=2045
readEvidenceTable:cluster2.table
PotentialManager::loadEvidenceFromTable varCount=2045 sampleCount=386
motifNetwork.size() = 328
2=cluster2 motifNetwork=cluster2_network.txt
variable size=2045
readEvidenceTable:cluster1.table
PotentialManager::loadEvidenceFromTable varCount=2045 sampleCount=36
motifNetwork.size() = 322
3=cluster1 motifNetwork=cluster1_network.txt
variable size=2045
readEvidenceTable:cluster6.table
PotentialManager::loadEvidenceFromTable varCount=2045 sampleCount=524
motifNetwork.size() = 320
4=cluster6 motifNetwork=cluster6_network.txt
variable size=2045
readEvidenceTable:cluster9.table
PotentialManager::loadEvidenceFromTable varCount=2045 sampleCount=184
motifNetwork.size() = 327
5=cluster9 motifNetwork=cluster9_network.txt
variable size=2045
readEvidenceTable:cluster10.table
PotentialManager::loadEvidenceFromTable varCount=2045 sampleCount=165
motifNetwork.size() = 326
6=cluster10 motifNetwork=cluster10_network.txt
variable size=2045
readEvidenceTable:cluster7.table
PotentialManager::loadEvidenceFromTable varCount=2045 sampleCount=1032
motifNetwork.size() = 320
7=cluster7 motifNetwork=cluster7_network.txt
variable size=2045
-------------------------------------------------------------
MetaLearner::start
precomputeEmptyGraphPrior
binkey=0 [Edge status: 0 0 0 0 0 0 0 0 ] P(G)=P(cluster8=0)[0.8] * P(cluster1=0|cluster2=0) * P(cluster9=0|cluster6=0) * P(cluster7=0|cluster10=0) * P(cluster10=0|cluster6=0) * P(cluster6=0|cluster2=0) * P(cluster2=0|cluster3=0) * P(cluster3=0|cluster8=0)[0.209715]=0.167772
condsetMap_Tree
0 cluster8=0 cluster3=0 cluster2=0 cluster1=0 cluster6=0 cluster9=0 cluster10=0 cluster7=1
1 cluster8=0 cluster3=0 cluster2=0 cluster1=0 cluster6=0 cluster9=1 cluster10=0 cluster7=0
2 cluster8=0 cluster3=0 cluster2=0 cluster1=0 cluster6=0 cluster9=1 cluster10=0 cluster7=1
3 cluster8=0 cluster3=0 cluster2=0 cluster1=1 cluster6=0 cluster9=0 cluster10=0 cluster7=0
4 cluster8=0 cluster3=0 cluster2=0 cluster1=1 cluster6=0 cluster9=0 cluster10=0 cluster7=1
5 cluster8=0 cluster3=0 cluster2=0 cluster1=1 cluster6=0 cluster9=1 cluster10=0 cluster7=0
6 cluster8=0 cluster3=0 cluster2=0 cluster1=1 cluster6=0 cluster9=1 cluster10=0 cluster7=1
7 cluster8=0 cluster3=0 cluster2=0 cluster1=0 cluster6=0 cluster9=0 cluster10=1 cluster7=1
8 cluster8=0 cluster3=0 cluster2=0 cluster1=0 cluster6=0 cluster9=1 cluster10=1 cluster7=1
9 cluster8=0 cluster3=0 cluster2=0 cluster1=1 cluster6=0 cluster9=0 cluster10=1 cluster7=1
10 cluster8=0 cluster3=0 cluster2=0 cluster1=1 cluster6=0 cluster9=1 cluster10=1 cluster7=1
11 cluster8=0 cluster3=0 cluster2=0 cluster1=0 cluster6=1 cluster9=1 cluster10=1 cluster7=1
12 cluster8=0 cluster3=0 cluster2=0 cluster1=1 cluster6=1 cluster9=1 cluster10=1 cluster7=1
13 cluster8=0 cluster3=0 cluster2=1 cluster1=1 cluster6=1 cluster9=1 cluster10=1 cluster7=1
14 cluster8=0 cluster3=1 cluster2=1 cluster1=1 cluster6=1 cluster9=1 cluster10=1 cluster7=1
15 cluster8=1 cluster3=1 cluster2=1 cluster1=1 cluster6=1 cluster9=1 cluster10=1 cluster7=1
16 cluster8=1 cluster3=1 cluster2=1 cluster1=1 cluster6=1 cluster9=1 cluster10=1 cluster7=0
17 cluster8=1 cluster3=1 cluster2=1 cluster1=1 cluster6=1 cluster9=0 cluster10=1 cluster7=1
18 cluster8=1 cluster3=1 cluster2=1 cluster1=1 cluster6=1 cluster9=0 cluster10=1 cluster7=0
19 cluster8=1 cluster3=1 cluster2=1 cluster1=0 cluster6=1 cluster9=1 cluster10=1 cluster7=1
20 cluster8=1 cluster3=1 cluster2=1 cluster1=0 cluster6=1 cluster9=1 cluster10=1 cluster7=0
21 cluster8=1 cluster3=1 cluster2=1 cluster1=0 cluster6=1 cluster9=0 cluster10=1 cluster7=1
22 cluster8=1 cluster3=1 cluster2=1 cluster1=0 cluster6=1 cluster9=0 cluster10=1 cluster7=0
23 cluster8=1 cluster3=1 cluster2=1 cluster1=1 cluster6=1 cluster9=1 cluster10=0 cluster7=0
24 cluster8=1 cluster3=1 cluster2=1 cluster1=1 cluster6=1 cluster9=0 cluster10=0 cluster7=0
25 cluster8=1 cluster3=1 cluster2=1 cluster1=0 cluster6=1 cluster9=1 cluster10=0 cluster7=0
26 cluster8=1 cluster3=1 cluster2=1 cluster1=0 cluster6=1 cluster9=0 cluster10=0 cluster7=0
27 cluster8=1 cluster3=1 cluster2=1 cluster1=1 cluster6=0 cluster9=0 cluster10=0 cluster7=0
28 cluster8=1 cluster3=1 cluster2=1 cluster1=0 cluster6=0 cluster9=0 cluster10=0 cluster7=0
29 cluster8=1 cluster3=1 cluster2=0 cluster1=0 cluster6=0 cluster9=0 cluster10=0 cluster7=0
30 cluster8=1 cluster3=0 cluster2=0 cluster1=0 cluster6=0 cluster9=0 cluster10=0 cluster7=0
31 cluster8=0 cluster3=0 cluster2=0 cluster1=0 cluster6=1 cluster9=0 cluster10=0 cluster7=0
32 cluster8=0 cluster3=0 cluster2=1 cluster1=0 cluster6=0 cluster9=0 cluster10=0 cluster7=0
33 cluster8=0 cluster3=0 cluster2=0 cluster1=0 cluster6=0 cluster9=0 cluster10=1 cluster7=0
34 cluster8=0 cluster3=1 cluster2=0 cluster1=0 cluster6=0 cluster9=0 cluster10=0 cluster7=0
inputRegulatorOGs.size() = 1999 inputOGList.size() = 50
binkey=1 [Edge status: 1 0 0 0 0 0 0 0 ] P(G)=P(cluster8=1)[0.2] * P(cluster1=0|cluster2=0) * P(cluster9=0|cluster6=0) * P(cluster7=0|cluster10=0) * P(cluster10=0|cluster6=0) * P(cluster6=0|cluster2=0) * P(cluster2=0|cluster3=0) * P(cluster3=0|cluster8=1)[0.0524288]=0.0104858
binkey=4 [Edge status: 0 0 1 0 0 0 0 0 ] P(G)=P(cluster8=0)[0.8] * P(cluster1=0|cluster2=1) * P(cluster9=0|cluster6=0) * P(cluster7=0|cluster10=0) * P(cluster10=0|cluster6=0) * P(cluster6=0|cluster2=1) * P(cluster2=1|cluster3=0) * P(cluster3=0|cluster8=0)[0.0032768]=0.00262144
binkey=64 [Edge status: 0 0 0 0 0 0 1 0 ] P(G)=P(cluster8=0)[0.8] * P(cluster1=0|cluster2=0) * P(cluster9=0|cluster6=0) * P(cluster7=0|cluster10=1) * P(cluster10=1|cluster6=0) * P(cluster6=0|cluster2=0) * P(cluster2=0|cluster3=0) * P(cluster3=0|cluster8=0)[0.0131072]=0.0104858
binkey=128 [Edge status: 0 0 0 0 0 0 0 1 ] P(G)=P(cluster8=0)[0.8] * P(cluster1=0|cluster2=0) * P(cluster9=0|cluster6=0) * P(cluster7=1|cluster10=0) * P(cluster10=0|cluster6=0) * P(cluster6=0|cluster2=0) * P(cluster2=0|cluster3=0) * P(cluster3=0|cluster8=0)[0.0524288]=0.041943
binkey=32 [Edge status: 0 0 0 0 0 1 0 0 ] P(G)=P(cluster8=0)[0.8] * P(cluster1=0|cluster2=0) * P(cluster9=1|cluster6=0) * P(cluster7=0|cluster10=0) * P(cluster10=0|cluster6=0) * P(cluster6=0|cluster2=0) * P(cluster2=0|cluster3=0) * P(cluster3=0|cluster8=0)[0.0524288]=0.041943
binkey=160 [Edge status: 0 0 0 0 0 1 0 1 ] P(G)=P(cluster8=0)[0.8] * P(cluster1=0|cluster2=0) * P(cluster9=1|cluster6=0) * P(cluster7=1|cluster10=0) * P(cluster10=0|cluster6=0) * P(cluster6=0|cluster2=0) * P(cluster2=0|cluster3=0) * P(cluster3=0|cluster8=0)[0.0131072]=0.0104858
binkey=8 [Edge status: 0 0 0 1 0 0 0 0 ] P(G)=P(cluster8=0)[0.8] * P(cluster1=1|cluster2=0) * P(cluster9=0|cluster6=0) * P(cluster7=0|cluster10=0) * P(cluster10=0|cluster6=0) * P(cluster6=0|cluster2=0) * P(cluster2=0|cluster3=0) * P(cluster3=0|cluster8=0)[0.0524288]=0.041943
binkey=2 [Edge status: 0 1 0 0 0 0 0 0 ] P(G)=P(cluster8=0)[0.8] * P(cluster1=0|cluster2=0) * P(cluster9=0|cluster6=0) * P(cluster7=0|cluster10=0) * P(cluster10=0|cluster6=0) * P(cluster6=0|cluster2=0) * P(cluster2=0|cluster3=1) * P(cluster3=1|cluster8=0)[0.0131072]=0.0104858
binkey=16 [Edge status: 0 0 0 0 1 0 0 0 ] P(G)=P(cluster8=0)[0.8] * P(cluster1=0|cluster2=0) * P(cluster9=0|cluster6=1) * P(cluster7=0|cluster10=0) * P(cluster10=0|cluster6=1) * P(cluster6=1|cluster2=0) * P(cluster2=0|cluster3=0) * P(cluster3=0|cluster8=0)[0.0032768]=0.00262144
binkey=136 [Edge status: 0 0 0 1 0 0 0 1 ] P(G)=P(cluster8=0)[0.8] * P(cluster1=1|cluster2=0) * P(cluster9=0|cluster6=0) * P(cluster7=1|cluster10=0) * P(cluster10=0|cluster6=0) * P(cluster6=0|cluster2=0) * P(cluster2=0|cluster3=0) * P(cluster3=0|cluster8=0)[0.0131072]=0.0104858
binkey=40 [Edge status: 0 0 0 1 0 1 0 0 ] P(G)=P(cluster8=0)[0.8] * P(cluster1=1|cluster2=0) * P(cluster9=1|cluster6=0) * P(cluster7=0|cluster10=0) * P(cluster10=0|cluster6=0) * P(cluster6=0|cluster2=0) * P(cluster2=0|cluster3=0) * P(cluster3=0|cluster8=0)[0.0131072]=0.0104858
binkey=168 [Edge status: 0 0 0 1 0 1 0 1 ] P(G)=P(cluster8=0)[0.8] * P(cluster1=1|cluster2=0) * P(cluster9=1|cluster6=0) * P(cluster7=1|cluster10=0) * P(cluster10=0|cluster6=0) * P(cluster6=0|cluster2=0) * P(cluster2=0|cluster3=0) * P(cluster3=0|cluster8=0)[0.0032768]=0.00262144
binkey=192 [Edge status: 0 0 0 0 0 0 1 1 ] P(G)=P(cluster8=0)[0.8] * P(cluster1=0|cluster2=0) * P(cluster9=0|cluster6=0) * P(cluster7=1|cluster10=1) * P(cluster10=1|cluster6=0) * P(cluster6=0|cluster2=0) * P(cluster2=0|cluster3=0) * P(cluster3=0|cluster8=0)[0.0524288]=0.041943
binkey=3 [Edge status: 1 1 0 0 0 0 0 0 ] P(G)=P(cluster8=1)[0.2] * P(cluster1=0|cluster2=0) * P(cluster9=0|cluster6=0) * P(cluster7=0|cluster10=0) * P(cluster10=0|cluster6=0) * P(cluster6=0|cluster2=0) * P(cluster2=0|cluster3=1) * P(cluster3=1|cluster8=1)[0.0524288]=0.0104858
binkey=7 [Edge status: 1 1 1 0 0 0 0 0 ] P(G)=P(cluster8=1)[0.2] * P(cluster1=0|cluster2=1) * P(cluster9=0|cluster6=0) * P(cluster7=0|cluster10=0) * P(cluster10=0|cluster6=0) * P(cluster6=0|cluster2=1) * P(cluster2=1|cluster3=1) * P(cluster3=1|cluster8=1)[0.0131072]=0.00262144
binkey=224 [Edge status: 0 0 0 0 0 1 1 1 ] P(G)=P(cluster8=0)[0.8] * P(cluster1=0|cluster2=0) * P(cluster9=1|cluster6=0) * P(cluster7=1|cluster10=1) * P(cluster10=1|cluster6=0) * P(cluster6=0|cluster2=0) * P(cluster2=0|cluster3=0) * P(cluster3=0|cluster8=0)[0.0131072]=0.0104858
binkey=240 [Edge status: 0 0 0 0 1 1 1 1 ] P(G)=P(cluster8=0)[0.8] * P(cluster1=0|cluster2=0) * P(cluster9=1|cluster6=1) * P(cluster7=1|cluster10=1) * P(cluster10=1|cluster6=1) * P(cluster6=1|cluster2=0) * P(cluster2=0|cluster3=0) * P(cluster3=0|cluster8=0)[0.0524288]=0.041943
binkey=200 [Edge status: 0 0 0 1 0 0 1 1 ] P(G)=P(cluster8=0)[0.8] * P(cluster1=1|cluster2=0) * P(cluster9=0|cluster6=0) * P(cluster7=1|cluster10=1) * P(cluster10=1|cluster6=0) * P(cluster6=0|cluster2=0) * P(cluster2=0|cluster3=0) * P(cluster3=0|cluster8=0)[0.0131072]=0.0104858
binkey=127 [Edge status: 1 1 1 1 1 1 1 0 ] P(G)=P(cluster8=1)[0.2] * P(cluster1=1|cluster2=1) * P(cluster9=1|cluster6=1) * P(cluster7=0|cluster10=1) * P(cluster10=1|cluster6=1) * P(cluster6=1|cluster2=1) * P(cluster2=1|cluster3=1) * P(cluster3=1|cluster8=1)[0.0524288]=0.0104858
binkey=95 [Edge status: 1 1 1 1 1 0 1 0 ] P(G)=P(cluster8=1)[0.2] * P(cluster1=1|cluster2=1) * P(cluster9=0|cluster6=1) * P(cluster7=0|cluster10=1) * P(cluster10=1|cluster6=1) * P(cluster6=1|cluster2=1) * P(cluster2=1|cluster3=1) * P(cluster3=1|cluster8=1)[0.0131072]=0.00262144
binkey=119 [Edge status: 1 1 1 0 1 1 1 0 ] P(G)=P(cluster8=1)[0.2] * P(cluster1=0|cluster2=1) * P(cluster9=1|cluster6=1) * P(cluster7=0|cluster10=1) * P(cluster10=1|cluster6=1) * P(cluster6=1|cluster2=1) * P(cluster2=1|cluster3=1) * P(cluster3=1|cluster8=1)[0.0131072]=0.00262144
binkey=87 [Edge status: 1 1 1 0 1 0 1 0 ] P(G)=P(cluster8=1)[0.2] * P(cluster1=0|cluster2=1) * P(cluster9=0|cluster6=1) * P(cluster7=0|cluster10=1) * P(cluster10=1|cluster6=1) * P(cluster6=1|cluster2=1) * P(cluster2=1|cluster3=1) * P(cluster3=1|cluster8=1)[0.0032768]=0.00065536
binkey=63 [Edge status: 1 1 1 1 1 1 0 0 ] P(G)=P(cluster8=1)[0.2] * P(cluster1=1|cluster2=1) * P(cluster9=1|cluster6=1) * P(cluster7=0|cluster10=0) * P(cluster10=0|cluster6=1) * P(cluster6=1|cluster2=1) * P(cluster2=1|cluster3=1) * P(cluster3=1|cluster8=1)[0.0524288]=0.0104858
binkey=31 [Edge status: 1 1 1 1 1 0 0 0 ] P(G)=P(cluster8=1)[0.2] * P(cluster1=1|cluster2=1) * P(cluster9=0|cluster6=1) * P(cluster7=0|cluster10=0) * P(cluster10=0|cluster6=1) * P(cluster6=1|cluster2=1) * P(cluster2=1|cluster3=1) * P(cluster3=1|cluster8=1)[0.0131072]=0.00262144
binkey=55 [Edge status: 1 1 1 0 1 1 0 0 ] P(G)=P(cluster8=1)[0.2] * P(cluster1=0|cluster2=1) * P(cluster9=1|cluster6=1) * P(cluster7=0|cluster10=0) * P(cluster10=0|cluster6=1) * P(cluster6=1|cluster2=1) * P(cluster2=1|cluster3=1) * P(cluster3=1|cluster8=1)[0.0131072]=0.00262144
binkey=23 [Edge status: 1 1 1 0 1 0 0 0 ] P(G)=P(cluster8=1)[0.2] * P(cluster1=0|cluster2=1) * P(cluster9=0|cluster6=1) * P(cluster7=0|cluster10=0) * P(cluster10=0|cluster6=1) * P(cluster6=1|cluster2=1) * P(cluster2=1|cluster3=1) * P(cluster3=1|cluster8=1)[0.0032768]=0.00065536
binkey=15 [Edge status: 1 1 1 1 0 0 0 0 ] P(G)=P(cluster8=1)[0.2] * P(cluster1=1|cluster2=1) * P(cluster9=0|cluster6=0) * P(cluster7=0|cluster10=0) * P(cluster10=0|cluster6=0) * P(cluster6=0|cluster2=1) * P(cluster2=1|cluster3=1) * P(cluster3=1|cluster8=1)[0.0524288]=0.0104858
binkey=232 [Edge status: 0 0 0 1 0 1 1 1 ] P(G)=P(cluster8=0)[0.8] * P(cluster1=1|cluster2=0) * P(cluster9=1|cluster6=0) * P(cluster7=1|cluster10=1) * P(cluster10=1|cluster6=0) * P(cluster6=0|cluster2=0) * P(cluster2=0|cluster3=0) * P(cluster3=0|cluster8=0)[0.0032768]=0.00262144
binkey=248 [Edge status: 0 0 0 1 1 1 1 1 ] P(G)=P(cluster8=0)[0.8] * P(cluster1=1|cluster2=0) * P(cluster9=1|cluster6=1) * P(cluster7=1|cluster10=1) * P(cluster10=1|cluster6=1) * P(cluster6=1|cluster2=0) * P(cluster2=0|cluster3=0) * P(cluster3=0|cluster8=0)[0.0131072]=0.0104858
binkey=252 [Edge status: 0 0 1 1 1 1 1 1 ] P(G)=P(cluster8=0)[0.8] * P(cluster1=1|cluster2=1) * P(cluster9=1|cluster6=1) * P(cluster7=1|cluster10=1) * P(cluster10=1|cluster6=1) * P(cluster6=1|cluster2=1) * P(cluster2=1|cluster3=0) * P(cluster3=0|cluster8=0)[0.0524288]=0.041943
binkey=254 [Edge status: 0 1 1 1 1 1 1 1 ] P(G)=P(cluster8=0)[0.8] * P(cluster1=1|cluster2=1) * P(cluster9=1|cluster6=1) * P(cluster7=1|cluster10=1) * P(cluster10=1|cluster6=1) * P(cluster6=1|cluster2=1) * P(cluster2=1|cluster3=1) * P(cluster3=1|cluster8=0)[0.0524288]=0.041943
binkey=247 [Edge status: 1 1 1 0 1 1 1 1 ] P(G)=P(cluster8=1)[0.2] * P(cluster1=0|cluster2=1) * P(cluster9=1|cluster6=1) * P(cluster7=1|cluster10=1) * P(cluster10=1|cluster6=1) * P(cluster6=1|cluster2=1) * P(cluster2=1|cluster3=1) * P(cluster3=1|cluster8=1)[0.0524288]=0.0104858
binkey=215 [Edge status: 1 1 1 0 1 0 1 1 ] P(G)=P(cluster8=1)[0.2] * P(cluster1=0|cluster2=1) * P(cluster9=0|cluster6=1) * P(cluster7=1|cluster10=1) * P(cluster10=1|cluster6=1) * P(cluster6=1|cluster2=1) * P(cluster2=1|cluster3=1) * P(cluster3=1|cluster8=1)[0.0131072]=0.00262144
ITERATION 0 newScore=-2.71128e+06 diffscore=16373.2 priorChange=-99.8132 successMove=56
ITERATION 1 newScore=-2.70026e+06 diffscore=11013.7 priorChange=-115.062 successMove=52
ITERATION 2 newScore=-2.69297e+06 diffscore=7296.05 priorChange=-115.062 successMove=52
ITERATION 3 newScore=-2.6879e+06 diffscore=5070.45 priorChange=-116.449 successMove=55
ITERATION 4 newScore=-2.68688e+06 diffscore=1012.23 priorChange=-110.904 successMove=54
ITERATION 5 newScore=-2.68151e+06 diffscore=5378.09 priorChange=-113.676 successMove=51
ITERATION 6 newScore=-2.68033e+06 diffscore=1176.21 priorChange=-110.904 successMove=51
ITERATION 7 newScore=-2.67823e+06 diffscore=2095.51 priorChange=-110.904 successMove=54
ITERATION 8 newScore=-2.67595e+06 diffscore=2282.25 priorChange=-115.062 successMove=53
ITERATION 9 newScore=-2.67468e+06 diffscore=1271.96 priorChange=-101.199 successMove=50
ITERATION 10 newScore=-2.66799e+06 diffscore=6686.22 priorChange=-95.6543 successMove=52
ITERATION 11 newScore=-2.66347e+06 diffscore=4525.99 priorChange=-108.131 successMove=51
ITERATION 12 newScore=-2.65902e+06 diffscore=4443.19 priorChange=-103.972 successMove=51
ITERATION 13 newScore=-2.65687e+06 diffscore=2152.26 priorChange=-123.38 successMove=49
ITERATION 14 newScore=-2.65455e+06 diffscore=2324.71 priorChange=-121.994 successMove=54
ITERATION 15 newScore=-2.6537e+06 diffscore=850.307 priorChange=-115.062 successMove=50
ITERATION 16 newScore=-2.6474e+06 diffscore=6291.68 priorChange=-112.29 successMove=50
ITERATION 17 newScore=-2.64496e+06 diffscore=2443.86 priorChange=-121.994 successMove=50
ITERATION 18 newScore=-2.64104e+06 diffscore=3925.08 priorChange=-112.29 successMove=51
ITERATION 19 newScore=-2.63618e+06 diffscore=4851.14 priorChange=-113.676 successMove=49
ITERATION 20 newScore=-2.6337e+06 diffscore=2485.94 priorChange=-112.29 successMove=50
ITERATION 21 newScore=-2.63185e+06 diffscore=1850.9 priorChange=-119.221 successMove=51
ITERATION 22 newScore=-2.62979e+06 diffscore=2053.24 priorChange=-127.539 successMove=48
ITERATION 23 newScore=-2.62788e+06 diffscore=1918.59 priorChange=-117.835 successMove=50
ITERATION 24 newScore=-2.62668e+06 diffscore=1196.87 priorChange=-120.608 successMove=52
ITERATION 25 newScore=-2.62468e+06 diffscore=2002.84 priorChange=-112.29 successMove=47
ITERATION 26 newScore=-2.6241e+06 diffscore=575.233 priorChange=-115.062 successMove=51
ITERATION 27 newScore=-2.62277e+06 diffscore=1327.35 priorChange=-119.221 successMove=48
ITERATION 28 newScore=-2.62119e+06 diffscore=1587.95 priorChange=-102.586 successMove=45
ITERATION 29 newScore=-2.61985e+06 diffscore=1333.28 priorChange=-106.745 successMove=46
ITERATION 30 newScore=-2.61777e+06 diffscore=2081.77 priorChange=-105.358 successMove=46
ITERATION 31 newScore=-2.61649e+06 diffscore=1285.08 priorChange=-110.904 successMove=45
ITERATION 32 newScore=-2.6153e+06 diffscore=1184.74 priorChange=-108.131 successMove=46
ITERATION 33 newScore=-2.61495e+06 diffscore=348.787 priorChange=-91.4954 successMove=47
ITERATION 34 newScore=-2.61391e+06 diffscore=1038.77 priorChange=-103.972 successMove=44
ITERATION 35 newScore=-2.61236e+06 diffscore=1555.79 priorChange=-98.4269 successMove=44
ITERATION 36 newScore=-2.61199e+06 diffscore=365 priorChange=-109.517 successMove=45
ITERATION 37 newScore=-2.61169e+06 diffscore=305.996 priorChange=-102.586 successMove=47
ITERATION 38 newScore=-2.61035e+06 diffscore=1336.64 priorChange=-97.0406 successMove=47
ITERATION 39 newScore=-2.61008e+06 diffscore=273.321 priorChange=-97.0406 successMove=44
ITERATION 40 newScore=-2.60978e+06 diffscore=295.211 priorChange=-98.4269 successMove=45
ITERATION 41 newScore=-2.60943e+06 diffscore=355.449 priorChange=-90.1091 successMove=42
ITERATION 42 newScore=-2.60898e+06 diffscore=442.491 priorChange=-106.745 successMove=43
ITERATION 43 newScore=-2.60864e+06 diffscore=347.482 priorChange=-105.358 successMove=42
ITERATION 44 newScore=-2.60655e+06 diffscore=2082.67 priorChange=-101.199 successMove=42
ITERATION 45 newScore=-2.60612e+06 diffscore=430.016 priorChange=-91.4954 successMove=41
ITERATION 46 newScore=-2.60387e+06 diffscore=2248.75 priorChange=-95.6543 successMove=42
ITERATION 47 newScore=-2.60233e+06 diffscore=1542.17 priorChange=-80.4051 successMove=43
ITERATION 48 newScore=-2.60179e+06 diffscore=544.315 priorChange=-94.268 successMove=41
ITERATION 49 newScore=-2.60157e+06 diffscore=217.372 priorChange=-99.8132 successMove=40
ITERATION 50 newScore=-2.60132e+06 diffscore=255.485 priorChange=-91.4954 successMove=38
ITERATION 51 newScore=-2.60102e+06 diffscore=297.178 priorChange=-80.4051 successMove=38
ITERATION 52 newScore=-2.60057e+06 diffscore=452.561 priorChange=-90.1091 successMove=42
ITERATION 53 newScore=-2.59918e+06 diffscore=1384.64 priorChange=-85.9503 successMove=37
ITERATION 54 newScore=-2.59765e+06 diffscore=1534.29 priorChange=-91.4954 successMove=37
ITERATION 55 newScore=-2.59743e+06 diffscore=216.091 priorChange=-85.9503 successMove=37
ITERATION 56 newScore=-2.5972e+06 diffscore=227.643 priorChange=-80.4051 successMove=37
ITERATION 57 newScore=-2.59693e+06 diffscore=268.985 priorChange=-81.7914 successMove=37
ITERATION 58 newScore=-2.59542e+06 diffscore=1514.02 priorChange=-84.564 successMove=36
ITERATION 59 newScore=-2.59412e+06 diffscore=1296.52 priorChange=-87.3365 successMove=37
ITERATION 60 newScore=-2.59368e+06 diffscore=443.377 priorChange=-80.4051 successMove=36
ITERATION 61 newScore=-2.59154e+06 diffscore=2139.67 priorChange=-69.3147 successMove=33
ITERATION 62 newScore=-2.59066e+06 diffscore=875.893 priorChange=-63.7695 successMove=31
ITERATION 63 newScore=-2.58974e+06 diffscore=921.104 priorChange=-59.6107 successMove=30
ITERATION 64 newScore=-2.58953e+06 diffscore=212.392 priorChange=-54.0655 successMove=31
ITERATION 65 newScore=-2.58804e+06 diffscore=1492.63 priorChange=-55.4518 successMove=29
ITERATION 66 newScore=-2.58786e+06 diffscore=179.828 priorChange=-56.8381 successMove=28
ITERATION 67 newScore=-2.58767e+06 diffscore=188.595 priorChange=-58.2244 successMove=28
ITERATION 68 newScore=-2.5862e+06 diffscore=1470.51 priorChange=-58.2244 successMove=28
ITERATION 69 newScore=-2.58471e+06 diffscore=1489.77 priorChange=-66.5421 successMove=28
ITERATION 70 newScore=-2.58439e+06 diffscore=314.933 priorChange=-52.6792 successMove=28
ITERATION 71 newScore=-2.58401e+06 diffscore=382.657 priorChange=-48.5203 successMove=27
ITERATION 72 newScore=-2.58196e+06 diffscore=2049.9 priorChange=-55.4518 successMove=26
ITERATION 73 newScore=-2.58178e+06 diffscore=182.138 priorChange=-56.8381 successMove=26
ITERATION 74 newScore=-2.58047e+06 diffscore=1313.2 priorChange=-54.0655 successMove=24
ITERATION 75 newScore=-2.57924e+06 diffscore=1230.82 priorChange=-44.3614 successMove=22
ITERATION 76 newScore=-2.57916e+06 diffscore=78.746 priorChange=-42.9751 successMove=22
ITERATION 77 newScore=-2.57906e+06 diffscore=98.8657 priorChange=-41.5888 successMove=20
ITERATION 78 newScore=-2.57895e+06 diffscore=112.644 priorChange=-52.6792 successMove=18
ITERATION 79 newScore=-2.57887e+06 diffscore=72.1966 priorChange=-34.6574 successMove=14
ITERATION 80 newScore=-2.5775e+06 diffscore=1369.25 priorChange=-27.7259 successMove=13
ITERATION 81 newScore=-2.57746e+06 diffscore=46.119 priorChange=-30.4985 successMove=13
ITERATION 82 newScore=-2.57741e+06 diffscore=48.7815 priorChange=-24.9533 successMove=12
ITERATION 83 newScore=-2.57736e+06 diffscore=47.3525 priorChange=-34.6574 successMove=13
ITERATION 84 newScore=-2.57732e+06 diffscore=42.9715 priorChange=-29.1122 successMove=12
ITERATION 85 newScore=-2.57728e+06 diffscore=34.9999 priorChange=-22.1807 successMove=10
ITERATION 86 newScore=-2.57725e+06 diffscore=35.8359 priorChange=-19.4081 successMove=7
ITERATION 87 newScore=-2.57721e+06 diffscore=35.4804 priorChange=-15.2492 successMove=7
ITERATION 88 newScore=-2.57718e+06 diffscore=37.5671 priorChange=-16.6355 successMove=7
ITERATION 89 newScore=-2.57714e+06 diffscore=31.0942 priorChange=-11.0904 successMove=7
ITERATION 90 newScore=-2.57702e+06 diffscore=128.646 priorChange=-12.4766 successMove=8
ITERATION 91 newScore=-2.57622e+06 diffscore=794.696 priorChange=-12.4766 successMove=7
ITERATION 92 newScore=-2.57621e+06 diffscore=10.6828 priorChange=-8.31777 successMove=4
ITERATION 93 newScore=-2.5762e+06 diffscore=13.7116 priorChange=-11.0904 successMove=4
ITERATION 94 newScore=-2.57618e+06 diffscore=13.3232 priorChange=-9.70406 successMove=4
ITERATION 95 newScore=-2.57617e+06 diffscore=13.7205 priorChange=-9.70406 successMove=4
ITERATION 96 newScore=-2.57616e+06 diffscore=13.3035 priorChange=-9.70406 successMove=4
ITERATION 97 newScore=-2.57614e+06 diffscore=14.7754 priorChange=-8.31777 successMove=3
ITERATION 98 newScore=-2.57613e+06 diffscore=16.167 priorChange=-8.31777 successMove=3
ITERATION 99 newScore=-2.57611e+06 diffscore=19.771 priorChange=-6.93147 successMove=3
MetaLearner::dumpAllGraphs
Final Score -2.57611e+06
MetaLearner::start runtime: 1151900941 ms
Results/
Results/cluster3/
Results/cluster3/fold0/
Results/cluster3/fold0/modelparams.txt
Results/cluster3/fold0/var_mb_pw_k50.txt
Results/cluster7/
Results/cluster7/fold0/
Results/cluster7/fold0/modelparams.txt
Results/cluster7/fold0/var_mb_pw_k50.txt
Results/cluster2/
Results/cluster2/fold0/
Results/cluster2/fold0/modelparams.txt
Results/cluster2/fold0/var_mb_pw_k50.txt
Results/cluster9/
Results/cluster9/fold0/
Results/cluster9/fold0/modelparams.txt
Results/cluster9/fold0/var_mb_pw_k50.txt
Results/cluster6/
Results/cluster6/fold0/
Results/cluster6/fold0/modelparams.txt
Results/cluster6/fold0/var_mb_pw_k50.txt
Results/cluster1/
Results/cluster1/fold0/
Results/cluster1/fold0/modelparams.txt
Results/cluster1/fold0/var_mb_pw_k50.txt
Results/cluster10/
Results/cluster10/fold0/
Results/cluster10/fold0/modelparams.txt
Results/cluster10/fold0/var_mb_pw_k50.txt
Results/cluster8/
Results/cluster8/scoreFile.txt
Results/cluster8/fold0/
Results/cluster8/fold0/modelparams.txt
Results/cluster8/fold0/var_mb_pw_k50.txt
