000 (49777.1582.000) 10/11 10:48:12 Job submitted from host: <144.92.142.142:9618?addrs=144.92.142.142-9618&noUDP&sock=44923_051a_3>
...
001 (49777.1582.000) 10/11 17:02:51 Job executing on host: <144.92.142.191:9618?addrs=144.92.142.191-9618&noUDP&sock=12603_302e_3>
...
006 (49777.1582.000) 10/11 17:03:00 Image size of job updated: 106048
	104  -  MemoryUsage of job (MB)
	106048  -  ResidentSetSize of job (KB)
...
006 (49777.1582.000) 10/11 17:03:12 Image size of job updated: 314132
	104  -  MemoryUsage of job (MB)
	106048  -  ResidentSetSize of job (KB)
...
004 (49777.1582.000) 10/11 17:03:12 Job was evicted.
	(0) Job was not checkpointed.
		Usr 0 00:00:20, Sys 0 00:00:00  -  Run Remote Usage
		Usr 0 00:00:00, Sys 0 00:00:00  -  Run Local Usage
	0  -  Run Bytes Sent By Job
	316715872  -  Run Bytes Received By Job
	Partitionable Resources :    Usage  Request Allocated 
	   Cpus                 :        0        1         1 
	   Disk (KB)            :   325000   819200   1428813 
	   Memory (MB)          :      104    20480     20480 
...
001 (49777.1582.000) 10/11 17:03:44 Job executing on host: <128.105.68.23:9618?addrs=128.105.68.23-9618&alias=gpulab2004.chtc.wisc.edu&noUDP&sock=startd_62541_80a6>
...
006 (49777.1582.000) 10/11 17:08:52 Image size of job updated: 758824
	700  -  MemoryUsage of job (MB)
	715900  -  ResidentSetSize of job (KB)
...
006 (49777.1582.000) 10/11 17:13:53 Image size of job updated: 1042520
	979  -  MemoryUsage of job (MB)
	1002484  -  ResidentSetSize of job (KB)
...
006 (49777.1582.000) 10/11 17:18:54 Image size of job updated: 1403832
	1324  -  MemoryUsage of job (MB)
	1354976  -  ResidentSetSize of job (KB)
...
006 (49777.1582.000) 10/11 17:23:54 Image size of job updated: 1960904
	1866  -  MemoryUsage of job (MB)
	1909780  -  ResidentSetSize of job (KB)
...
006 (49777.1582.000) 10/11 17:24:24 Image size of job updated: 1996092
	1866  -  MemoryUsage of job (MB)
	1909784  -  ResidentSetSize of job (KB)
...
005 (49777.1582.000) 10/11 17:24:24 Job terminated.
	(1) Normal termination (return value 0)
		Usr 0 00:20:36, Sys 0 00:00:02  -  Run Remote Usage
		Usr 0 00:00:00, Sys 0 00:00:00  -  Run Local Usage
		Usr 0 00:20:56, Sys 0 00:00:02  -  Total Remote Usage
		Usr 0 00:00:00, Sys 0 00:00:00  -  Total Local Usage
	171516  -  Run Bytes Sent By Job
	316715872  -  Run Bytes Received By Job
	171516  -  Total Bytes Sent By Job
	633431744  -  Total Bytes Received By Job
	Partitionable Resources :     Usage  Request Allocated 
	   Cpus                 :      1.00        1         1 
	   Disk (KB)            : 325000      819200  18192444 
	   Gpus                 :                            0 
	   Ioheavy              :                            0 
	   Memory (MB)          :   1866       20480     21341 
...
