./CVN -f config_condor.txt -x50 -v1 -l TFs_OGs.txt -n AllGenes189.txt -d celltype_tree_ancestor.txt -m testdata_ogids.txt -s celltype_order.txt -p 0.2 -c yes -b -4 -q 4
(cluster3|cluster8) p_maintain_edge=0.8 p_gain=0.2
(cluster2|cluster3) p_maintain_edge=0.8 p_gain=0.2
(cluster1|cluster2) p_maintain_edge=0.8 p_gain=0.2
(cluster6|cluster2) p_maintain_edge=0.8 p_gain=0.2
(cluster9|cluster6) p_maintain_edge=0.8 p_gain=0.2
(cluster10|cluster6) p_maintain_edge=0.8 p_gain=0.2
(cluster7|cluster10) p_maintain_edge=0.8 p_gain=0.2
speciesSet.size()=8 Root is cluster8
MappedOrthogroupReader::readSpeciesMapping() --- celltype_order.txt
MappedOrthogroupReader::readFile - testdata_ogids.txt
MappedOrthogroupReader::generateGeneOrthoMap()
MetaLearner::init_onefold() read:config_condor.txt
MetaLearner::setinputVariableNames number of variables: 2042
readEvidenceTable:cluster8.table
PotentialManager::loadEvidenceFromTable varCount=2042 sampleCount=348
motifNetwork.size() = 319
0=cluster8 motifNetwork=cluster8_network.txt
variable size=2042
readEvidenceTable:cluster3.table
PotentialManager::loadEvidenceFromTable varCount=2042 sampleCount=95
motifNetwork.size() = 326
1=cluster3 motifNetwork=cluster3_network.txt
variable size=2042
readEvidenceTable:cluster2.table
PotentialManager::loadEvidenceFromTable varCount=2042 sampleCount=386
motifNetwork.size() = 328
2=cluster2 motifNetwork=cluster2_network.txt
variable size=2042
readEvidenceTable:cluster1.table
PotentialManager::loadEvidenceFromTable varCount=2042 sampleCount=36
motifNetwork.size() = 322
3=cluster1 motifNetwork=cluster1_network.txt
variable size=2042
readEvidenceTable:cluster6.table
PotentialManager::loadEvidenceFromTable varCount=2042 sampleCount=524
motifNetwork.size() = 320
4=cluster6 motifNetwork=cluster6_network.txt
variable size=2042
readEvidenceTable:cluster9.table
PotentialManager::loadEvidenceFromTable varCount=2042 sampleCount=184
motifNetwork.size() = 327
5=cluster9 motifNetwork=cluster9_network.txt
variable size=2042
readEvidenceTable:cluster10.table
PotentialManager::loadEvidenceFromTable varCount=2042 sampleCount=165
motifNetwork.size() = 326
6=cluster10 motifNetwork=cluster10_network.txt
variable size=2042
readEvidenceTable:cluster7.table
PotentialManager::loadEvidenceFromTable varCount=2042 sampleCount=1032
motifNetwork.size() = 320
7=cluster7 motifNetwork=cluster7_network.txt
variable size=2042
-------------------------------------------------------------
MetaLearner::start
precomputeEmptyGraphPrior
binkey=0 [Edge status: 0 0 0 0 0 0 0 0 ] P(G)=P(cluster8=0)[0.8] * P(cluster1=0|cluster2=0) * P(cluster9=0|cluster6=0) * P(cluster7=0|cluster10=0) * P(cluster10=0|cluster6=0) * P(cluster6=0|cluster2=0) * P(cluster2=0|cluster3=0) * P(cluster3=0|cluster8=0)[0.209715]=0.167772
condsetMap_Tree
0 cluster8=0 cluster3=0 cluster2=0 cluster1=0 cluster6=0 cluster9=0 cluster10=0 cluster7=1
1 cluster8=0 cluster3=0 cluster2=0 cluster1=0 cluster6=0 cluster9=1 cluster10=0 cluster7=0
2 cluster8=0 cluster3=0 cluster2=0 cluster1=0 cluster6=0 cluster9=1 cluster10=0 cluster7=1
3 cluster8=0 cluster3=0 cluster2=0 cluster1=1 cluster6=0 cluster9=0 cluster10=0 cluster7=0
4 cluster8=0 cluster3=0 cluster2=0 cluster1=1 cluster6=0 cluster9=0 cluster10=0 cluster7=1
5 cluster8=0 cluster3=0 cluster2=0 cluster1=1 cluster6=0 cluster9=1 cluster10=0 cluster7=0
6 cluster8=0 cluster3=0 cluster2=0 cluster1=1 cluster6=0 cluster9=1 cluster10=0 cluster7=1
7 cluster8=0 cluster3=0 cluster2=0 cluster1=0 cluster6=0 cluster9=0 cluster10=1 cluster7=1
8 cluster8=0 cluster3=0 cluster2=0 cluster1=0 cluster6=0 cluster9=1 cluster10=1 cluster7=1
9 cluster8=0 cluster3=0 cluster2=0 cluster1=1 cluster6=0 cluster9=0 cluster10=1 cluster7=1
10 cluster8=0 cluster3=0 cluster2=0 cluster1=1 cluster6=0 cluster9=1 cluster10=1 cluster7=1
11 cluster8=0 cluster3=0 cluster2=0 cluster1=0 cluster6=1 cluster9=1 cluster10=1 cluster7=1
12 cluster8=0 cluster3=0 cluster2=0 cluster1=1 cluster6=1 cluster9=1 cluster10=1 cluster7=1
13 cluster8=0 cluster3=0 cluster2=1 cluster1=1 cluster6=1 cluster9=1 cluster10=1 cluster7=1
14 cluster8=0 cluster3=1 cluster2=1 cluster1=1 cluster6=1 cluster9=1 cluster10=1 cluster7=1
15 cluster8=1 cluster3=1 cluster2=1 cluster1=1 cluster6=1 cluster9=1 cluster10=1 cluster7=1
16 cluster8=1 cluster3=1 cluster2=1 cluster1=1 cluster6=1 cluster9=1 cluster10=1 cluster7=0
17 cluster8=1 cluster3=1 cluster2=1 cluster1=1 cluster6=1 cluster9=0 cluster10=1 cluster7=1
18 cluster8=1 cluster3=1 cluster2=1 cluster1=1 cluster6=1 cluster9=0 cluster10=1 cluster7=0
19 cluster8=1 cluster3=1 cluster2=1 cluster1=0 cluster6=1 cluster9=1 cluster10=1 cluster7=1
20 cluster8=1 cluster3=1 cluster2=1 cluster1=0 cluster6=1 cluster9=1 cluster10=1 cluster7=0
21 cluster8=1 cluster3=1 cluster2=1 cluster1=0 cluster6=1 cluster9=0 cluster10=1 cluster7=1
22 cluster8=1 cluster3=1 cluster2=1 cluster1=0 cluster6=1 cluster9=0 cluster10=1 cluster7=0
23 cluster8=1 cluster3=1 cluster2=1 cluster1=1 cluster6=1 cluster9=1 cluster10=0 cluster7=0
24 cluster8=1 cluster3=1 cluster2=1 cluster1=1 cluster6=1 cluster9=0 cluster10=0 cluster7=0
25 cluster8=1 cluster3=1 cluster2=1 cluster1=0 cluster6=1 cluster9=1 cluster10=0 cluster7=0
26 cluster8=1 cluster3=1 cluster2=1 cluster1=0 cluster6=1 cluster9=0 cluster10=0 cluster7=0
27 cluster8=1 cluster3=1 cluster2=1 cluster1=1 cluster6=0 cluster9=0 cluster10=0 cluster7=0
28 cluster8=1 cluster3=1 cluster2=1 cluster1=0 cluster6=0 cluster9=0 cluster10=0 cluster7=0
29 cluster8=1 cluster3=1 cluster2=0 cluster1=0 cluster6=0 cluster9=0 cluster10=0 cluster7=0
30 cluster8=1 cluster3=0 cluster2=0 cluster1=0 cluster6=0 cluster9=0 cluster10=0 cluster7=0
31 cluster8=0 cluster3=0 cluster2=0 cluster1=0 cluster6=1 cluster9=0 cluster10=0 cluster7=0
32 cluster8=0 cluster3=0 cluster2=1 cluster1=0 cluster6=0 cluster9=0 cluster10=0 cluster7=0
33 cluster8=0 cluster3=0 cluster2=0 cluster1=0 cluster6=0 cluster9=0 cluster10=1 cluster7=0
34 cluster8=0 cluster3=1 cluster2=0 cluster1=0 cluster6=0 cluster9=0 cluster10=0 cluster7=0
inputRegulatorOGs.size() = 1999 inputOGList.size() = 50
binkey=8 [Edge status: 0 0 0 1 0 0 0 0 ] P(G)=P(cluster8=0)[0.8] * P(cluster1=1|cluster2=0) * P(cluster9=0|cluster6=0) * P(cluster7=0|cluster10=0) * P(cluster10=0|cluster6=0) * P(cluster6=0|cluster2=0) * P(cluster2=0|cluster3=0) * P(cluster3=0|cluster8=0)[0.0524288]=0.041943
binkey=1 [Edge status: 1 0 0 0 0 0 0 0 ] P(G)=P(cluster8=1)[0.2] * P(cluster1=0|cluster2=0) * P(cluster9=0|cluster6=0) * P(cluster7=0|cluster10=0) * P(cluster10=0|cluster6=0) * P(cluster6=0|cluster2=0) * P(cluster2=0|cluster3=0) * P(cluster3=0|cluster8=1)[0.0524288]=0.0104858
binkey=2 [Edge status: 0 1 0 0 0 0 0 0 ] P(G)=P(cluster8=0)[0.8] * P(cluster1=0|cluster2=0) * P(cluster9=0|cluster6=0) * P(cluster7=0|cluster10=0) * P(cluster10=0|cluster6=0) * P(cluster6=0|cluster2=0) * P(cluster2=0|cluster3=1) * P(cluster3=1|cluster8=0)[0.0131072]=0.0104858
binkey=32 [Edge status: 0 0 0 0 0 1 0 0 ] P(G)=P(cluster8=0)[0.8] * P(cluster1=0|cluster2=0) * P(cluster9=1|cluster6=0) * P(cluster7=0|cluster10=0) * P(cluster10=0|cluster6=0) * P(cluster6=0|cluster2=0) * P(cluster2=0|cluster3=0) * P(cluster3=0|cluster8=0)[0.0524288]=0.041943
binkey=4 [Edge status: 0 0 1 0 0 0 0 0 ] P(G)=P(cluster8=0)[0.8] * P(cluster1=0|cluster2=1) * P(cluster9=0|cluster6=0) * P(cluster7=0|cluster10=0) * P(cluster10=0|cluster6=0) * P(cluster6=0|cluster2=1) * P(cluster2=1|cluster3=0) * P(cluster3=0|cluster8=0)[0.0032768]=0.00262144
binkey=16 [Edge status: 0 0 0 0 1 0 0 0 ] P(G)=P(cluster8=0)[0.8] * P(cluster1=0|cluster2=0) * P(cluster9=0|cluster6=1) * P(cluster7=0|cluster10=0) * P(cluster10=0|cluster6=1) * P(cluster6=1|cluster2=0) * P(cluster2=0|cluster3=0) * P(cluster3=0|cluster8=0)[0.0032768]=0.00262144
binkey=128 [Edge status: 0 0 0 0 0 0 0 1 ] P(G)=P(cluster8=0)[0.8] * P(cluster1=0|cluster2=0) * P(cluster9=0|cluster6=0) * P(cluster7=1|cluster10=0) * P(cluster10=0|cluster6=0) * P(cluster6=0|cluster2=0) * P(cluster2=0|cluster3=0) * P(cluster3=0|cluster8=0)[0.0524288]=0.041943
binkey=40 [Edge status: 0 0 0 1 0 1 0 0 ] P(G)=P(cluster8=0)[0.8] * P(cluster1=1|cluster2=0) * P(cluster9=1|cluster6=0) * P(cluster7=0|cluster10=0) * P(cluster10=0|cluster6=0) * P(cluster6=0|cluster2=0) * P(cluster2=0|cluster3=0) * P(cluster3=0|cluster8=0)[0.0131072]=0.0104858
binkey=64 [Edge status: 0 0 0 0 0 0 1 0 ] P(G)=P(cluster8=0)[0.8] * P(cluster1=0|cluster2=0) * P(cluster9=0|cluster6=0) * P(cluster7=0|cluster10=1) * P(cluster10=1|cluster6=0) * P(cluster6=0|cluster2=0) * P(cluster2=0|cluster3=0) * P(cluster3=0|cluster8=0)[0.0131072]=0.0104858
binkey=192 [Edge status: 0 0 0 0 0 0 1 1 ] P(G)=P(cluster8=0)[0.8] * P(cluster1=0|cluster2=0) * P(cluster9=0|cluster6=0) * P(cluster7=1|cluster10=1) * P(cluster10=1|cluster6=0) * P(cluster6=0|cluster2=0) * P(cluster2=0|cluster3=0) * P(cluster3=0|cluster8=0)[0.0524288]=0.041943
binkey=136 [Edge status: 0 0 0 1 0 0 0 1 ] P(G)=P(cluster8=0)[0.8] * P(cluster1=1|cluster2=0) * P(cluster9=0|cluster6=0) * P(cluster7=1|cluster10=0) * P(cluster10=0|cluster6=0) * P(cluster6=0|cluster2=0) * P(cluster2=0|cluster3=0) * P(cluster3=0|cluster8=0)[0.0131072]=0.0104858
binkey=200 [Edge status: 0 0 0 1 0 0 1 1 ] P(G)=P(cluster8=0)[0.8] * P(cluster1=1|cluster2=0) * P(cluster9=0|cluster6=0) * P(cluster7=1|cluster10=1) * P(cluster10=1|cluster6=0) * P(cluster6=0|cluster2=0) * P(cluster2=0|cluster3=0) * P(cluster3=0|cluster8=0)[0.0131072]=0.0104858
binkey=160 [Edge status: 0 0 0 0 0 1 0 1 ] P(G)=P(cluster8=0)[0.8] * P(cluster1=0|cluster2=0) * P(cluster9=1|cluster6=0) * P(cluster7=1|cluster10=0) * P(cluster10=0|cluster6=0) * P(cluster6=0|cluster2=0) * P(cluster2=0|cluster3=0) * P(cluster3=0|cluster8=0)[0.0131072]=0.0104858
binkey=3 [Edge status: 1 1 0 0 0 0 0 0 ] P(G)=P(cluster8=1)[0.2] * P(cluster1=0|cluster2=0) * P(cluster9=0|cluster6=0) * P(cluster7=0|cluster10=0) * P(cluster10=0|cluster6=0) * P(cluster6=0|cluster2=0) * P(cluster2=0|cluster3=1) * P(cluster3=1|cluster8=1)[0.0524288]=0.0104858
binkey=224 [Edge status: 0 0 0 0 0 1 1 1 ] P(G)=P(cluster8=0)[0.8] * P(cluster1=0|cluster2=0) * P(cluster9=1|cluster6=0) * P(cluster7=1|cluster10=1) * P(cluster10=1|cluster6=0) * P(cluster6=0|cluster2=0) * P(cluster2=0|cluster3=0) * P(cluster3=0|cluster8=0)[0.0131072]=0.0104858
binkey=7 [Edge status: 1 1 1 0 0 0 0 0 ] P(G)=P(cluster8=1)[0.2] * P(cluster1=0|cluster2=1) * P(cluster9=0|cluster6=0) * P(cluster7=0|cluster10=0) * P(cluster10=0|cluster6=0) * P(cluster6=0|cluster2=1) * P(cluster2=1|cluster3=1) * P(cluster3=1|cluster8=1)[0.0131072]=0.00262144
binkey=168 [Edge status: 0 0 0 1 0 1 0 1 ] P(G)=P(cluster8=0)[0.8] * P(cluster1=1|cluster2=0) * P(cluster9=1|cluster6=0) * P(cluster7=1|cluster10=0) * P(cluster10=0|cluster6=0) * P(cluster6=0|cluster2=0) * P(cluster2=0|cluster3=0) * P(cluster3=0|cluster8=0)[0.0032768]=0.00262144
binkey=232 [Edge status: 0 0 0 1 0 1 1 1 ] P(G)=P(cluster8=0)[0.8] * P(cluster1=1|cluster2=0) * P(cluster9=1|cluster6=0) * P(cluster7=1|cluster10=1) * P(cluster10=1|cluster6=0) * P(cluster6=0|cluster2=0) * P(cluster2=0|cluster3=0) * P(cluster3=0|cluster8=0)[0.0032768]=0.00262144
binkey=240 [Edge status: 0 0 0 0 1 1 1 1 ] P(G)=P(cluster8=0)[0.8] * P(cluster1=0|cluster2=0) * P(cluster9=1|cluster6=1) * P(cluster7=1|cluster10=1) * P(cluster10=1|cluster6=1) * P(cluster6=1|cluster2=0) * P(cluster2=0|cluster3=0) * P(cluster3=0|cluster8=0)[0.0524288]=0.041943
binkey=248 [Edge status: 0 0 0 1 1 1 1 1 ] P(G)=P(cluster8=0)[0.8] * P(cluster1=1|cluster2=0) * P(cluster9=1|cluster6=1) * P(cluster7=1|cluster10=1) * P(cluster10=1|cluster6=1) * P(cluster6=1|cluster2=0) * P(cluster2=0|cluster3=0) * P(cluster3=0|cluster8=0)[0.0131072]=0.0104858
binkey=252 [Edge status: 0 0 1 1 1 1 1 1 ] P(G)=P(cluster8=0)[0.8] * P(cluster1=1|cluster2=1) * P(cluster9=1|cluster6=1) * P(cluster7=1|cluster10=1) * P(cluster10=1|cluster6=1) * P(cluster6=1|cluster2=1) * P(cluster2=1|cluster3=0) * P(cluster3=0|cluster8=0)[0.0524288]=0.041943
binkey=247 [Edge status: 1 1 1 0 1 1 1 1 ] P(G)=P(cluster8=1)[0.2] * P(cluster1=0|cluster2=1) * P(cluster9=1|cluster6=1) * P(cluster7=1|cluster10=1) * P(cluster10=1|cluster6=1) * P(cluster6=1|cluster2=1) * P(cluster2=1|cluster3=1) * P(cluster3=1|cluster8=1)[0.0524288]=0.0104858
binkey=119 [Edge status: 1 1 1 0 1 1 1 0 ] P(G)=P(cluster8=1)[0.2] * P(cluster1=0|cluster2=1) * P(cluster9=1|cluster6=1) * P(cluster7=0|cluster10=1) * P(cluster10=1|cluster6=1) * P(cluster6=1|cluster2=1) * P(cluster2=1|cluster3=1) * P(cluster3=1|cluster8=1)[0.0131072]=0.00262144
binkey=215 [Edge status: 1 1 1 0 1 0 1 1 ] P(G)=P(cluster8=1)[0.2] * P(cluster1=0|cluster2=1) * P(cluster9=0|cluster6=1) * P(cluster7=1|cluster10=1) * P(cluster10=1|cluster6=1) * P(cluster6=1|cluster2=1) * P(cluster2=1|cluster3=1) * P(cluster3=1|cluster8=1)[0.0131072]=0.00262144
binkey=87 [Edge status: 1 1 1 0 1 0 1 0 ] P(G)=P(cluster8=1)[0.2] * P(cluster1=0|cluster2=1) * P(cluster9=0|cluster6=1) * P(cluster7=0|cluster10=1) * P(cluster10=1|cluster6=1) * P(cluster6=1|cluster2=1) * P(cluster2=1|cluster3=1) * P(cluster3=1|cluster8=1)[0.0032768]=0.00065536
binkey=55 [Edge status: 1 1 1 0 1 1 0 0 ] P(G)=P(cluster8=1)[0.2] * P(cluster1=0|cluster2=1) * P(cluster9=1|cluster6=1) * P(cluster7=0|cluster10=0) * P(cluster10=0|cluster6=1) * P(cluster6=1|cluster2=1) * P(cluster2=1|cluster3=1) * P(cluster3=1|cluster8=1)[0.0131072]=0.00262144
binkey=23 [Edge status: 1 1 1 0 1 0 0 0 ] P(G)=P(cluster8=1)[0.2] * P(cluster1=0|cluster2=1) * P(cluster9=0|cluster6=1) * P(cluster7=0|cluster10=0) * P(cluster10=0|cluster6=1) * P(cluster6=1|cluster2=1) * P(cluster2=1|cluster3=1) * P(cluster3=1|cluster8=1)[0.0032768]=0.00065536
ITERATION 0 newScore=-2.70614e+06 diffscore=23239 priorChange=-121.994 successMove=58
ITERATION 1 newScore=-2.69851e+06 diffscore=7630.56 priorChange=-126.153 successMove=62
ITERATION 2 newScore=-2.69511e+06 diffscore=3404.3 priorChange=-116.449 successMove=52
ITERATION 3 newScore=-2.69076e+06 diffscore=4348.33 priorChange=-121.994 successMove=51
ITERATION 4 newScore=-2.68863e+06 diffscore=2126.18 priorChange=-108.131 successMove=52
ITERATION 5 newScore=-2.68514e+06 diffscore=3487.76 priorChange=-120.608 successMove=57
ITERATION 6 newScore=-2.6817e+06 diffscore=3441.48 priorChange=-112.29 successMove=52
ITERATION 7 newScore=-2.67485e+06 diffscore=6851.28 priorChange=-103.972 successMove=51
ITERATION 8 newScore=-2.67022e+06 diffscore=4634.36 priorChange=-109.517 successMove=51
ITERATION 9 newScore=-2.66522e+06 diffscore=4996.95 priorChange=-110.904 successMove=50
ITERATION 10 newScore=-2.66152e+06 diffscore=3704.22 priorChange=-116.449 successMove=52
ITERATION 11 newScore=-2.66016e+06 diffscore=1360.34 priorChange=-105.358 successMove=50
ITERATION 12 newScore=-2.65677e+06 diffscore=3385.28 priorChange=-110.904 successMove=50
ITERATION 13 newScore=-2.65463e+06 diffscore=2144.43 priorChange=-105.358 successMove=50
ITERATION 14 newScore=-2.6535e+06 diffscore=1123.11 priorChange=-116.449 successMove=51
ITERATION 15 newScore=-2.64857e+06 diffscore=4931.57 priorChange=-98.4269 successMove=52
ITERATION 16 newScore=-2.64752e+06 diffscore=1053.79 priorChange=-102.586 successMove=49
ITERATION 17 newScore=-2.64396e+06 diffscore=3555.21 priorChange=-105.358 successMove=52
ITERATION 18 newScore=-2.6398e+06 diffscore=4162.7 priorChange=-106.745 successMove=50
ITERATION 19 newScore=-2.63794e+06 diffscore=1862.51 priorChange=-103.972 successMove=51
ITERATION 20 newScore=-2.63724e+06 diffscore=698.884 priorChange=-119.221 successMove=51
ITERATION 21 newScore=-2.63331e+06 diffscore=3926.6 priorChange=-106.745 successMove=51
ITERATION 22 newScore=-2.63099e+06 diffscore=2321.41 priorChange=-120.608 successMove=51
ITERATION 23 newScore=-2.62901e+06 diffscore=1976.57 priorChange=-124.766 successMove=50
ITERATION 24 newScore=-2.62752e+06 diffscore=1493.2 priorChange=-110.904 successMove=50
ITERATION 25 newScore=-2.62504e+06 diffscore=2476.03 priorChange=-95.6543 successMove=50
ITERATION 26 newScore=-2.62256e+06 diffscore=2479.77 priorChange=-103.972 successMove=51
ITERATION 27 newScore=-2.61733e+06 diffscore=5236.64 priorChange=-94.268 successMove=49
ITERATION 28 newScore=-2.61618e+06 diffscore=1147.71 priorChange=-97.0406 successMove=48
ITERATION 29 newScore=-2.61565e+06 diffscore=531.842 priorChange=-109.517 successMove=49
ITERATION 30 newScore=-2.61368e+06 diffscore=1971.7 priorChange=-99.8132 successMove=48
ITERATION 31 newScore=-2.61183e+06 diffscore=1842.79 priorChange=-112.29 successMove=49
ITERATION 32 newScore=-2.60972e+06 diffscore=2110.81 priorChange=-119.221 successMove=49
ITERATION 33 newScore=-2.60593e+06 diffscore=3788.53 priorChange=-109.517 successMove=50
ITERATION 34 newScore=-2.60532e+06 diffscore=615.843 priorChange=-91.4954 successMove=48
ITERATION 35 newScore=-2.60479e+06 diffscore=532.988 priorChange=-103.972 successMove=50
ITERATION 36 newScore=-2.60344e+06 diffscore=1347.15 priorChange=-119.221 successMove=48
ITERATION 37 newScore=-2.60059e+06 diffscore=2847.76 priorChange=-110.904 successMove=48
ITERATION 38 newScore=-2.6e+06 diffscore=586.942 priorChange=-110.904 successMove=45
ITERATION 39 newScore=-2.59877e+06 diffscore=1238.31 priorChange=-109.517 successMove=50
ITERATION 40 newScore=-2.59738e+06 diffscore=1386.61 priorChange=-103.972 successMove=45
ITERATION 41 newScore=-2.59552e+06 diffscore=1860.05 priorChange=-87.3365 successMove=46
ITERATION 42 newScore=-2.59441e+06 diffscore=1103.58 priorChange=-84.564 successMove=45
ITERATION 43 newScore=-2.59406e+06 diffscore=352.403 priorChange=-81.7914 successMove=46
ITERATION 44 newScore=-2.59371e+06 diffscore=350.443 priorChange=-87.3365 successMove=47
ITERATION 45 newScore=-2.59329e+06 diffscore=421.309 priorChange=-94.268 successMove=44
ITERATION 46 newScore=-2.59203e+06 diffscore=1262.93 priorChange=-92.8817 successMove=45
ITERATION 47 newScore=-2.58961e+06 diffscore=2415.79 priorChange=-101.199 successMove=45
ITERATION 48 newScore=-2.58741e+06 diffscore=2203.67 priorChange=-101.199 successMove=45
ITERATION 49 newScore=-2.58658e+06 diffscore=832.567 priorChange=-87.3365 successMove=45
ITERATION 50 newScore=-2.58466e+06 diffscore=1915.47 priorChange=-97.0406 successMove=46
ITERATION 51 newScore=-2.58318e+06 diffscore=1479.88 priorChange=-105.358 successMove=45
ITERATION 52 newScore=-2.58184e+06 diffscore=1344.98 priorChange=-81.7914 successMove=43
ITERATION 53 newScore=-2.58159e+06 diffscore=240.715 priorChange=-88.7228 successMove=41
ITERATION 54 newScore=-2.58135e+06 diffscore=249.183 priorChange=-92.8817 successMove=41
ITERATION 55 newScore=-2.57999e+06 diffscore=1355.54 priorChange=-84.564 successMove=41
ITERATION 56 newScore=-2.5798e+06 diffscore=189.551 priorChange=-73.4736 successMove=39
ITERATION 57 newScore=-2.57961e+06 diffscore=187.688 priorChange=-81.7914 successMove=40
ITERATION 58 newScore=-2.57942e+06 diffscore=195.134 priorChange=-87.3365 successMove=38
ITERATION 59 newScore=-2.57922e+06 diffscore=202.329 priorChange=-85.9503 successMove=41
ITERATION 60 newScore=-2.57901e+06 diffscore=204.945 priorChange=-65.1558 successMove=38
ITERATION 61 newScore=-2.57874e+06 diffscore=275.349 priorChange=-87.3365 successMove=38
ITERATION 62 newScore=-2.5785e+06 diffscore=230.307 priorChange=-66.5421 successMove=37
ITERATION 63 newScore=-2.57693e+06 diffscore=1579.03 priorChange=-74.8599 successMove=36
ITERATION 64 newScore=-2.57664e+06 diffscore=284.069 priorChange=-83.1777 successMove=36
ITERATION 65 newScore=-2.57609e+06 diffscore=550.495 priorChange=-77.6325 successMove=37
ITERATION 66 newScore=-2.5759e+06 diffscore=187.326 priorChange=-70.701 successMove=34
ITERATION 67 newScore=-2.57461e+06 diffscore=1294.21 priorChange=-77.6325 successMove=36
ITERATION 68 newScore=-2.57441e+06 diffscore=204.247 priorChange=-67.9284 successMove=33
ITERATION 69 newScore=-2.57423e+06 diffscore=175.834 priorChange=-58.2244 successMove=32
ITERATION 70 newScore=-2.57405e+06 diffscore=182.185 priorChange=-67.9284 successMove=32
ITERATION 71 newScore=-2.57372e+06 diffscore=324.931 priorChange=-70.701 successMove=32
ITERATION 72 newScore=-2.57354e+06 diffscore=182.421 priorChange=-79.0188 successMove=33
ITERATION 73 newScore=-2.57254e+06 diffscore=1000.26 priorChange=-65.1558 successMove=31
ITERATION 74 newScore=-2.5724e+06 diffscore=140.675 priorChange=-54.0655 successMove=30
ITERATION 75 newScore=-2.57227e+06 diffscore=132.071 priorChange=-58.2244 successMove=29
ITERATION 76 newScore=-2.57211e+06 diffscore=159.925 priorChange=-63.7695 successMove=28
ITERATION 77 newScore=-2.57189e+06 diffscore=218.039 priorChange=-51.2929 successMove=30
ITERATION 78 newScore=-2.57104e+06 diffscore=853.769 priorChange=-56.8381 successMove=27
ITERATION 79 newScore=-2.57091e+06 diffscore=129.592 priorChange=-58.2244 successMove=26
ITERATION 80 newScore=-2.5707e+06 diffscore=204.412 priorChange=-54.0655 successMove=25
ITERATION 81 newScore=-2.57047e+06 diffscore=226.974 priorChange=-44.3614 successMove=24
ITERATION 82 newScore=-2.56932e+06 diffscore=1157.59 priorChange=-42.9751 successMove=23
ITERATION 83 newScore=-2.56918e+06 diffscore=141.172 priorChange=-38.8162 successMove=24
ITERATION 84 newScore=-2.56903e+06 diffscore=146.948 priorChange=-44.3614 successMove=21
ITERATION 85 newScore=-2.56888e+06 diffscore=148.599 priorChange=-49.9066 successMove=20
ITERATION 86 newScore=-2.56873e+06 diffscore=150.64 priorChange=-37.4299 successMove=19
ITERATION 87 newScore=-2.56854e+06 diffscore=186.822 priorChange=-31.8848 successMove=18
ITERATION 88 newScore=-2.56833e+06 diffscore=217.16 priorChange=-38.8162 successMove=16
ITERATION 89 newScore=-2.56813e+06 diffscore=190.749 priorChange=-30.4985 successMove=14
ITERATION 90 newScore=-2.56692e+06 diffscore=1210.22 priorChange=-29.1122 successMove=13
ITERATION 91 newScore=-2.56666e+06 diffscore=265.393 priorChange=-24.9533 successMove=13
ITERATION 92 newScore=-2.56643e+06 diffscore=229.973 priorChange=-27.7259 successMove=13
ITERATION 93 newScore=-2.56589e+06 diffscore=537.641 priorChange=-22.1807 successMove=13
ITERATION 94 newScore=-2.56571e+06 diffscore=182.723 priorChange=-23.567 successMove=13
ITERATION 95 newScore=-2.56455e+06 diffscore=1157.39 priorChange=-23.567 successMove=12
ITERATION 96 newScore=-2.56358e+06 diffscore=971.826 priorChange=-20.7944 successMove=12
ITERATION 97 newScore=-2.56352e+06 diffscore=60.9497 priorChange=-29.1122 successMove=12
ITERATION 98 newScore=-2.56347e+06 diffscore=53.1215 priorChange=-22.1807 successMove=12
ITERATION 99 newScore=-2.56341e+06 diffscore=54.5302 priorChange=-30.4985 successMove=13
MetaLearner::dumpAllGraphs
Final Score -2.56341e+06
MetaLearner::start runtime: 1322794380 ms
Results/
Results/cluster10/
Results/cluster10/fold0/
Results/cluster10/fold0/modelparams.txt
Results/cluster10/fold0/var_mb_pw_k50.txt
Results/cluster1/
Results/cluster1/fold0/
Results/cluster1/fold0/modelparams.txt
Results/cluster1/fold0/var_mb_pw_k50.txt
Results/cluster6/
Results/cluster6/fold0/
Results/cluster6/fold0/modelparams.txt
Results/cluster6/fold0/var_mb_pw_k50.txt
Results/cluster9/
Results/cluster9/fold0/
Results/cluster9/fold0/modelparams.txt
Results/cluster9/fold0/var_mb_pw_k50.txt
Results/cluster2/
Results/cluster2/fold0/
Results/cluster2/fold0/modelparams.txt
Results/cluster2/fold0/var_mb_pw_k50.txt
Results/cluster7/
Results/cluster7/fold0/
Results/cluster7/fold0/modelparams.txt
Results/cluster7/fold0/var_mb_pw_k50.txt
Results/cluster3/
Results/cluster3/fold0/
Results/cluster3/fold0/modelparams.txt
Results/cluster3/fold0/var_mb_pw_k50.txt
Results/cluster8/
Results/cluster8/scoreFile.txt
Results/cluster8/fold0/
Results/cluster8/fold0/modelparams.txt
Results/cluster8/fold0/var_mb_pw_k50.txt
