./CVN -f config_condor.txt -x50 -v1 -l TFs_OGs.txt -n AllGenes70.txt -d celltype_tree_ancestor.txt -m testdata_ogids.txt -s celltype_order.txt -p 0.2 -c yes -b -4 -q 4
(cluster3|cluster8) p_maintain_edge=0.8 p_gain=0.2
(cluster2|cluster3) p_maintain_edge=0.8 p_gain=0.2
(cluster1|cluster2) p_maintain_edge=0.8 p_gain=0.2
(cluster6|cluster2) p_maintain_edge=0.8 p_gain=0.2
(cluster9|cluster6) p_maintain_edge=0.8 p_gain=0.2
(cluster10|cluster6) p_maintain_edge=0.8 p_gain=0.2
(cluster7|cluster10) p_maintain_edge=0.8 p_gain=0.2
speciesSet.size()=8 Root is cluster8
MappedOrthogroupReader::readSpeciesMapping() --- celltype_order.txt
MappedOrthogroupReader::readFile - testdata_ogids.txt
MappedOrthogroupReader::generateGeneOrthoMap()
MetaLearner::init_onefold() read:config_condor.txt
MetaLearner::setinputVariableNames number of variables: 2042
readEvidenceTable:cluster8.table
PotentialManager::loadEvidenceFromTable varCount=2042 sampleCount=348
motifNetwork.size() = 319
0=cluster8 motifNetwork=cluster8_network.txt
variable size=2042
readEvidenceTable:cluster3.table
PotentialManager::loadEvidenceFromTable varCount=2042 sampleCount=95
motifNetwork.size() = 326
1=cluster3 motifNetwork=cluster3_network.txt
variable size=2042
readEvidenceTable:cluster2.table
PotentialManager::loadEvidenceFromTable varCount=2042 sampleCount=386
motifNetwork.size() = 328
2=cluster2 motifNetwork=cluster2_network.txt
variable size=2042
readEvidenceTable:cluster1.table
PotentialManager::loadEvidenceFromTable varCount=2042 sampleCount=36
motifNetwork.size() = 322
3=cluster1 motifNetwork=cluster1_network.txt
variable size=2042
readEvidenceTable:cluster6.table
PotentialManager::loadEvidenceFromTable varCount=2042 sampleCount=524
motifNetwork.size() = 320
4=cluster6 motifNetwork=cluster6_network.txt
variable size=2042
readEvidenceTable:cluster9.table
PotentialManager::loadEvidenceFromTable varCount=2042 sampleCount=184
motifNetwork.size() = 327
5=cluster9 motifNetwork=cluster9_network.txt
variable size=2042
readEvidenceTable:cluster10.table
PotentialManager::loadEvidenceFromTable varCount=2042 sampleCount=165
motifNetwork.size() = 326
6=cluster10 motifNetwork=cluster10_network.txt
variable size=2042
readEvidenceTable:cluster7.table
PotentialManager::loadEvidenceFromTable varCount=2042 sampleCount=1032
motifNetwork.size() = 320
7=cluster7 motifNetwork=cluster7_network.txt
variable size=2042
-------------------------------------------------------------
MetaLearner::start
precomputeEmptyGraphPrior
binkey=0 [Edge status: 0 0 0 0 0 0 0 0 ] P(G)=P(cluster8=0)[0.8] * P(cluster1=0|cluster2=0) * P(cluster9=0|cluster6=0) * P(cluster7=0|cluster10=0) * P(cluster10=0|cluster6=0) * P(cluster6=0|cluster2=0) * P(cluster2=0|cluster3=0) * P(cluster3=0|cluster8=0)[0.209715]=0.167772
condsetMap_Tree
0 cluster8=0 cluster3=0 cluster2=0 cluster1=0 cluster6=0 cluster9=0 cluster10=0 cluster7=1
1 cluster8=0 cluster3=0 cluster2=0 cluster1=0 cluster6=0 cluster9=1 cluster10=0 cluster7=0
2 cluster8=0 cluster3=0 cluster2=0 cluster1=0 cluster6=0 cluster9=1 cluster10=0 cluster7=1
3 cluster8=0 cluster3=0 cluster2=0 cluster1=1 cluster6=0 cluster9=0 cluster10=0 cluster7=0
4 cluster8=0 cluster3=0 cluster2=0 cluster1=1 cluster6=0 cluster9=0 cluster10=0 cluster7=1
5 cluster8=0 cluster3=0 cluster2=0 cluster1=1 cluster6=0 cluster9=1 cluster10=0 cluster7=0
6 cluster8=0 cluster3=0 cluster2=0 cluster1=1 cluster6=0 cluster9=1 cluster10=0 cluster7=1
7 cluster8=0 cluster3=0 cluster2=0 cluster1=0 cluster6=0 cluster9=0 cluster10=1 cluster7=1
8 cluster8=0 cluster3=0 cluster2=0 cluster1=0 cluster6=0 cluster9=1 cluster10=1 cluster7=1
9 cluster8=0 cluster3=0 cluster2=0 cluster1=1 cluster6=0 cluster9=0 cluster10=1 cluster7=1
10 cluster8=0 cluster3=0 cluster2=0 cluster1=1 cluster6=0 cluster9=1 cluster10=1 cluster7=1
11 cluster8=0 cluster3=0 cluster2=0 cluster1=0 cluster6=1 cluster9=1 cluster10=1 cluster7=1
12 cluster8=0 cluster3=0 cluster2=0 cluster1=1 cluster6=1 cluster9=1 cluster10=1 cluster7=1
13 cluster8=0 cluster3=0 cluster2=1 cluster1=1 cluster6=1 cluster9=1 cluster10=1 cluster7=1
14 cluster8=0 cluster3=1 cluster2=1 cluster1=1 cluster6=1 cluster9=1 cluster10=1 cluster7=1
15 cluster8=1 cluster3=1 cluster2=1 cluster1=1 cluster6=1 cluster9=1 cluster10=1 cluster7=1
16 cluster8=1 cluster3=1 cluster2=1 cluster1=1 cluster6=1 cluster9=1 cluster10=1 cluster7=0
17 cluster8=1 cluster3=1 cluster2=1 cluster1=1 cluster6=1 cluster9=0 cluster10=1 cluster7=1
18 cluster8=1 cluster3=1 cluster2=1 cluster1=1 cluster6=1 cluster9=0 cluster10=1 cluster7=0
19 cluster8=1 cluster3=1 cluster2=1 cluster1=0 cluster6=1 cluster9=1 cluster10=1 cluster7=1
20 cluster8=1 cluster3=1 cluster2=1 cluster1=0 cluster6=1 cluster9=1 cluster10=1 cluster7=0
21 cluster8=1 cluster3=1 cluster2=1 cluster1=0 cluster6=1 cluster9=0 cluster10=1 cluster7=1
22 cluster8=1 cluster3=1 cluster2=1 cluster1=0 cluster6=1 cluster9=0 cluster10=1 cluster7=0
23 cluster8=1 cluster3=1 cluster2=1 cluster1=1 cluster6=1 cluster9=1 cluster10=0 cluster7=0
24 cluster8=1 cluster3=1 cluster2=1 cluster1=1 cluster6=1 cluster9=0 cluster10=0 cluster7=0
25 cluster8=1 cluster3=1 cluster2=1 cluster1=0 cluster6=1 cluster9=1 cluster10=0 cluster7=0
26 cluster8=1 cluster3=1 cluster2=1 cluster1=0 cluster6=1 cluster9=0 cluster10=0 cluster7=0
27 cluster8=1 cluster3=1 cluster2=1 cluster1=1 cluster6=0 cluster9=0 cluster10=0 cluster7=0
28 cluster8=1 cluster3=1 cluster2=1 cluster1=0 cluster6=0 cluster9=0 cluster10=0 cluster7=0
29 cluster8=1 cluster3=1 cluster2=0 cluster1=0 cluster6=0 cluster9=0 cluster10=0 cluster7=0
30 cluster8=1 cluster3=0 cluster2=0 cluster1=0 cluster6=0 cluster9=0 cluster10=0 cluster7=0
31 cluster8=0 cluster3=0 cluster2=0 cluster1=0 cluster6=1 cluster9=0 cluster10=0 cluster7=0
32 cluster8=0 cluster3=0 cluster2=1 cluster1=0 cluster6=0 cluster9=0 cluster10=0 cluster7=0
33 cluster8=0 cluster3=0 cluster2=0 cluster1=0 cluster6=0 cluster9=0 cluster10=1 cluster7=0
34 cluster8=0 cluster3=1 cluster2=0 cluster1=0 cluster6=0 cluster9=0 cluster10=0 cluster7=0
inputRegulatorOGs.size() = 1999 inputOGList.size() = 50
binkey=2 [Edge status: 0 1 0 0 0 0 0 0 ] P(G)=P(cluster8=0)[0.8] * P(cluster1=0|cluster2=0) * P(cluster9=0|cluster6=0) * P(cluster7=0|cluster10=0) * P(cluster10=0|cluster6=0) * P(cluster6=0|cluster2=0) * P(cluster2=0|cluster3=1) * P(cluster3=1|cluster8=0)[0.0131072]=0.0104858
binkey=16 [Edge status: 0 0 0 0 1 0 0 0 ] P(G)=P(cluster8=0)[0.8] * P(cluster1=0|cluster2=0) * P(cluster9=0|cluster6=1) * P(cluster7=0|cluster10=0) * P(cluster10=0|cluster6=1) * P(cluster6=1|cluster2=0) * P(cluster2=0|cluster3=0) * P(cluster3=0|cluster8=0)[0.0032768]=0.00262144
binkey=4 [Edge status: 0 0 1 0 0 0 0 0 ] P(G)=P(cluster8=0)[0.8] * P(cluster1=0|cluster2=1) * P(cluster9=0|cluster6=0) * P(cluster7=0|cluster10=0) * P(cluster10=0|cluster6=0) * P(cluster6=0|cluster2=1) * P(cluster2=1|cluster3=0) * P(cluster3=0|cluster8=0)[0.0032768]=0.00262144
binkey=1 [Edge status: 1 0 0 0 0 0 0 0 ] P(G)=P(cluster8=1)[0.2] * P(cluster1=0|cluster2=0) * P(cluster9=0|cluster6=0) * P(cluster7=0|cluster10=0) * P(cluster10=0|cluster6=0) * P(cluster6=0|cluster2=0) * P(cluster2=0|cluster3=0) * P(cluster3=0|cluster8=1)[0.0524288]=0.0104858
binkey=64 [Edge status: 0 0 0 0 0 0 1 0 ] P(G)=P(cluster8=0)[0.8] * P(cluster1=0|cluster2=0) * P(cluster9=0|cluster6=0) * P(cluster7=0|cluster10=1) * P(cluster10=1|cluster6=0) * P(cluster6=0|cluster2=0) * P(cluster2=0|cluster3=0) * P(cluster3=0|cluster8=0)[0.0131072]=0.0104858
binkey=32 [Edge status: 0 0 0 0 0 1 0 0 ] P(G)=P(cluster8=0)[0.8] * P(cluster1=0|cluster2=0) * P(cluster9=1|cluster6=0) * P(cluster7=0|cluster10=0) * P(cluster10=0|cluster6=0) * P(cluster6=0|cluster2=0) * P(cluster2=0|cluster3=0) * P(cluster3=0|cluster8=0)[0.0524288]=0.041943
binkey=128 [Edge status: 0 0 0 0 0 0 0 1 ] P(G)=P(cluster8=0)[0.8] * P(cluster1=0|cluster2=0) * P(cluster9=0|cluster6=0) * P(cluster7=1|cluster10=0) * P(cluster10=0|cluster6=0) * P(cluster6=0|cluster2=0) * P(cluster2=0|cluster3=0) * P(cluster3=0|cluster8=0)[0.0524288]=0.041943
binkey=3 [Edge status: 1 1 0 0 0 0 0 0 ] P(G)=P(cluster8=1)[0.2] * P(cluster1=0|cluster2=0) * P(cluster9=0|cluster6=0) * P(cluster7=0|cluster10=0) * P(cluster10=0|cluster6=0) * P(cluster6=0|cluster2=0) * P(cluster2=0|cluster3=1) * P(cluster3=1|cluster8=1)[0.0524288]=0.0104858
binkey=192 [Edge status: 0 0 0 0 0 0 1 1 ] P(G)=P(cluster8=0)[0.8] * P(cluster1=0|cluster2=0) * P(cluster9=0|cluster6=0) * P(cluster7=1|cluster10=1) * P(cluster10=1|cluster6=0) * P(cluster6=0|cluster2=0) * P(cluster2=0|cluster3=0) * P(cluster3=0|cluster8=0)[0.0524288]=0.041943
binkey=160 [Edge status: 0 0 0 0 0 1 0 1 ] P(G)=P(cluster8=0)[0.8] * P(cluster1=0|cluster2=0) * P(cluster9=1|cluster6=0) * P(cluster7=1|cluster10=0) * P(cluster10=0|cluster6=0) * P(cluster6=0|cluster2=0) * P(cluster2=0|cluster3=0) * P(cluster3=0|cluster8=0)[0.0131072]=0.0104858
binkey=224 [Edge status: 0 0 0 0 0 1 1 1 ] P(G)=P(cluster8=0)[0.8] * P(cluster1=0|cluster2=0) * P(cluster9=1|cluster6=0) * P(cluster7=1|cluster10=1) * P(cluster10=1|cluster6=0) * P(cluster6=0|cluster2=0) * P(cluster2=0|cluster3=0) * P(cluster3=0|cluster8=0)[0.0131072]=0.0104858
binkey=240 [Edge status: 0 0 0 0 1 1 1 1 ] P(G)=P(cluster8=0)[0.8] * P(cluster1=0|cluster2=0) * P(cluster9=1|cluster6=1) * P(cluster7=1|cluster10=1) * P(cluster10=1|cluster6=1) * P(cluster6=1|cluster2=0) * P(cluster2=0|cluster3=0) * P(cluster3=0|cluster8=0)[0.0524288]=0.041943
binkey=8 [Edge status: 0 0 0 1 0 0 0 0 ] P(G)=P(cluster8=0)[0.8] * P(cluster1=1|cluster2=0) * P(cluster9=0|cluster6=0) * P(cluster7=0|cluster10=0) * P(cluster10=0|cluster6=0) * P(cluster6=0|cluster2=0) * P(cluster2=0|cluster3=0) * P(cluster3=0|cluster8=0)[0.0524288]=0.041943
binkey=136 [Edge status: 0 0 0 1 0 0 0 1 ] P(G)=P(cluster8=0)[0.8] * P(cluster1=1|cluster2=0) * P(cluster9=0|cluster6=0) * P(cluster7=1|cluster10=0) * P(cluster10=0|cluster6=0) * P(cluster6=0|cluster2=0) * P(cluster2=0|cluster3=0) * P(cluster3=0|cluster8=0)[0.0131072]=0.0104858
binkey=40 [Edge status: 0 0 0 1 0 1 0 0 ] P(G)=P(cluster8=0)[0.8] * P(cluster1=1|cluster2=0) * P(cluster9=1|cluster6=0) * P(cluster7=0|cluster10=0) * P(cluster10=0|cluster6=0) * P(cluster6=0|cluster2=0) * P(cluster2=0|cluster3=0) * P(cluster3=0|cluster8=0)[0.0131072]=0.0104858
binkey=168 [Edge status: 0 0 0 1 0 1 0 1 ] P(G)=P(cluster8=0)[0.8] * P(cluster1=1|cluster2=0) * P(cluster9=1|cluster6=0) * P(cluster7=1|cluster10=0) * P(cluster10=0|cluster6=0) * P(cluster6=0|cluster2=0) * P(cluster2=0|cluster3=0) * P(cluster3=0|cluster8=0)[0.0032768]=0.00262144
binkey=200 [Edge status: 0 0 0 1 0 0 1 1 ] P(G)=P(cluster8=0)[0.8] * P(cluster1=1|cluster2=0) * P(cluster9=0|cluster6=0) * P(cluster7=1|cluster10=1) * P(cluster10=1|cluster6=0) * P(cluster6=0|cluster2=0) * P(cluster2=0|cluster3=0) * P(cluster3=0|cluster8=0)[0.0131072]=0.0104858
binkey=232 [Edge status: 0 0 0 1 0 1 1 1 ] P(G)=P(cluster8=0)[0.8] * P(cluster1=1|cluster2=0) * P(cluster9=1|cluster6=0) * P(cluster7=1|cluster10=1) * P(cluster10=1|cluster6=0) * P(cluster6=0|cluster2=0) * P(cluster2=0|cluster3=0) * P(cluster3=0|cluster8=0)[0.0032768]=0.00262144
binkey=248 [Edge status: 0 0 0 1 1 1 1 1 ] P(G)=P(cluster8=0)[0.8] * P(cluster1=1|cluster2=0) * P(cluster9=1|cluster6=1) * P(cluster7=1|cluster10=1) * P(cluster10=1|cluster6=1) * P(cluster6=1|cluster2=0) * P(cluster2=0|cluster3=0) * P(cluster3=0|cluster8=0)[0.0131072]=0.0104858
binkey=252 [Edge status: 0 0 1 1 1 1 1 1 ] P(G)=P(cluster8=0)[0.8] * P(cluster1=1|cluster2=1) * P(cluster9=1|cluster6=1) * P(cluster7=1|cluster10=1) * P(cluster10=1|cluster6=1) * P(cluster6=1|cluster2=1) * P(cluster2=1|cluster3=0) * P(cluster3=0|cluster8=0)[0.0524288]=0.041943
binkey=254 [Edge status: 0 1 1 1 1 1 1 1 ] P(G)=P(cluster8=0)[0.8] * P(cluster1=1|cluster2=1) * P(cluster9=1|cluster6=1) * P(cluster7=1|cluster10=1) * P(cluster10=1|cluster6=1) * P(cluster6=1|cluster2=1) * P(cluster2=1|cluster3=1) * P(cluster3=1|cluster8=0)[0.0524288]=0.041943
binkey=255 [Edge status: 1 1 1 1 1 1 1 1 ] P(G)=P(cluster8=1)[0.2] * P(cluster1=1|cluster2=1) * P(cluster9=1|cluster6=1) * P(cluster7=1|cluster10=1) * P(cluster10=1|cluster6=1) * P(cluster6=1|cluster2=1) * P(cluster2=1|cluster3=1) * P(cluster3=1|cluster8=1)[0.209715]=0.041943
binkey=127 [Edge status: 1 1 1 1 1 1 1 0 ] P(G)=P(cluster8=1)[0.2] * P(cluster1=1|cluster2=1) * P(cluster9=1|cluster6=1) * P(cluster7=0|cluster10=1) * P(cluster10=1|cluster6=1) * P(cluster6=1|cluster2=1) * P(cluster2=1|cluster3=1) * P(cluster3=1|cluster8=1)[0.0524288]=0.0104858
binkey=223 [Edge status: 1 1 1 1 1 0 1 1 ] P(G)=P(cluster8=1)[0.2] * P(cluster1=1|cluster2=1) * P(cluster9=0|cluster6=1) * P(cluster7=1|cluster10=1) * P(cluster10=1|cluster6=1) * P(cluster6=1|cluster2=1) * P(cluster2=1|cluster3=1) * P(cluster3=1|cluster8=1)[0.0524288]=0.0104858
binkey=95 [Edge status: 1 1 1 1 1 0 1 0 ] P(G)=P(cluster8=1)[0.2] * P(cluster1=1|cluster2=1) * P(cluster9=0|cluster6=1) * P(cluster7=0|cluster10=1) * P(cluster10=1|cluster6=1) * P(cluster6=1|cluster2=1) * P(cluster2=1|cluster3=1) * P(cluster3=1|cluster8=1)[0.0131072]=0.00262144
binkey=247 [Edge status: 1 1 1 0 1 1 1 1 ] P(G)=P(cluster8=1)[0.2] * P(cluster1=0|cluster2=1) * P(cluster9=1|cluster6=1) * P(cluster7=1|cluster10=1) * P(cluster10=1|cluster6=1) * P(cluster6=1|cluster2=1) * P(cluster2=1|cluster3=1) * P(cluster3=1|cluster8=1)[0.0524288]=0.0104858
binkey=119 [Edge status: 1 1 1 0 1 1 1 0 ] P(G)=P(cluster8=1)[0.2] * P(cluster1=0|cluster2=1) * P(cluster9=1|cluster6=1) * P(cluster7=0|cluster10=1) * P(cluster10=1|cluster6=1) * P(cluster6=1|cluster2=1) * P(cluster2=1|cluster3=1) * P(cluster3=1|cluster8=1)[0.0131072]=0.00262144
binkey=215 [Edge status: 1 1 1 0 1 0 1 1 ] P(G)=P(cluster8=1)[0.2] * P(cluster1=0|cluster2=1) * P(cluster9=0|cluster6=1) * P(cluster7=1|cluster10=1) * P(cluster10=1|cluster6=1) * P(cluster6=1|cluster2=1) * P(cluster2=1|cluster3=1) * P(cluster3=1|cluster8=1)[0.0131072]=0.00262144
binkey=87 [Edge status: 1 1 1 0 1 0 1 0 ] P(G)=P(cluster8=1)[0.2] * P(cluster1=0|cluster2=1) * P(cluster9=0|cluster6=1) * P(cluster7=0|cluster10=1) * P(cluster10=1|cluster6=1) * P(cluster6=1|cluster2=1) * P(cluster2=1|cluster3=1) * P(cluster3=1|cluster8=1)[0.0032768]=0.00065536
binkey=63 [Edge status: 1 1 1 1 1 1 0 0 ] P(G)=P(cluster8=1)[0.2] * P(cluster1=1|cluster2=1) * P(cluster9=1|cluster6=1) * P(cluster7=0|cluster10=0) * P(cluster10=0|cluster6=1) * P(cluster6=1|cluster2=1) * P(cluster2=1|cluster3=1) * P(cluster3=1|cluster8=1)[0.0524288]=0.0104858
binkey=31 [Edge status: 1 1 1 1 1 0 0 0 ] P(G)=P(cluster8=1)[0.2] * P(cluster1=1|cluster2=1) * P(cluster9=0|cluster6=1) * P(cluster7=0|cluster10=0) * P(cluster10=0|cluster6=1) * P(cluster6=1|cluster2=1) * P(cluster2=1|cluster3=1) * P(cluster3=1|cluster8=1)[0.0131072]=0.00262144
binkey=55 [Edge status: 1 1 1 0 1 1 0 0 ] P(G)=P(cluster8=1)[0.2] * P(cluster1=0|cluster2=1) * P(cluster9=1|cluster6=1) * P(cluster7=0|cluster10=0) * P(cluster10=0|cluster6=1) * P(cluster6=1|cluster2=1) * P(cluster2=1|cluster3=1) * P(cluster3=1|cluster8=1)[0.0131072]=0.00262144
binkey=23 [Edge status: 1 1 1 0 1 0 0 0 ] P(G)=P(cluster8=1)[0.2] * P(cluster1=0|cluster2=1) * P(cluster9=0|cluster6=1) * P(cluster7=0|cluster10=0) * P(cluster10=0|cluster6=1) * P(cluster6=1|cluster2=1) * P(cluster2=1|cluster3=1) * P(cluster3=1|cluster8=1)[0.0032768]=0.00065536
binkey=15 [Edge status: 1 1 1 1 0 0 0 0 ] P(G)=P(cluster8=1)[0.2] * P(cluster1=1|cluster2=1) * P(cluster9=0|cluster6=0) * P(cluster7=0|cluster10=0) * P(cluster10=0|cluster6=0) * P(cluster6=0|cluster2=1) * P(cluster2=1|cluster3=1) * P(cluster3=1|cluster8=1)[0.0524288]=0.0104858
binkey=7 [Edge status: 1 1 1 0 0 0 0 0 ] P(G)=P(cluster8=1)[0.2] * P(cluster1=0|cluster2=1) * P(cluster9=0|cluster6=0) * P(cluster7=0|cluster10=0) * P(cluster10=0|cluster6=0) * P(cluster6=0|cluster2=1) * P(cluster2=1|cluster3=1) * P(cluster3=1|cluster8=1)[0.0131072]=0.00262144
ITERATION 0 newScore=-2.66658e+06 diffscore=14076.8 priorChange=-97.0406 successMove=66
ITERATION 1 newScore=-2.65837e+06 diffscore=8212.82 priorChange=-120.608 successMove=62
ITERATION 2 newScore=-2.65299e+06 diffscore=5376.53 priorChange=-115.062 successMove=55
ITERATION 3 newScore=-2.64356e+06 diffscore=9436.69 priorChange=-115.062 successMove=54
ITERATION 4 newScore=-2.63711e+06 diffscore=6443.77 priorChange=-116.449 successMove=60
ITERATION 5 newScore=-2.63435e+06 diffscore=2760.96 priorChange=-117.835 successMove=62
ITERATION 6 newScore=-2.63091e+06 diffscore=3442.59 priorChange=-116.449 successMove=53
ITERATION 7 newScore=-2.62855e+06 diffscore=2359.39 priorChange=-120.608 successMove=52
ITERATION 8 newScore=-2.62449e+06 diffscore=4062.49 priorChange=-108.131 successMove=52
ITERATION 9 newScore=-2.61835e+06 diffscore=6134.03 priorChange=-120.608 successMove=50
ITERATION 10 newScore=-2.61571e+06 diffscore=2645.7 priorChange=-92.8817 successMove=55
ITERATION 11 newScore=-2.615e+06 diffscore=712.895 priorChange=-108.131 successMove=51
ITERATION 12 newScore=-2.61324e+06 diffscore=1753.98 priorChange=-113.676 successMove=59
ITERATION 13 newScore=-2.60886e+06 diffscore=4377.21 priorChange=-105.358 successMove=50
ITERATION 14 newScore=-2.6019e+06 diffscore=6966.46 priorChange=-113.676 successMove=53
ITERATION 15 newScore=-2.60135e+06 diffscore=552.342 priorChange=-110.904 successMove=53
ITERATION 16 newScore=-2.5991e+06 diffscore=2243.57 priorChange=-98.4269 successMove=51
ITERATION 17 newScore=-2.59495e+06 diffscore=4147.22 priorChange=-113.676 successMove=56
ITERATION 18 newScore=-2.59324e+06 diffscore=1716.49 priorChange=-117.835 successMove=50
ITERATION 19 newScore=-2.59267e+06 diffscore=565.447 priorChange=-116.449 successMove=55
ITERATION 20 newScore=-2.59019e+06 diffscore=2480.66 priorChange=-119.221 successMove=53
ITERATION 21 newScore=-2.58979e+06 diffscore=405.34 priorChange=-98.4269 successMove=51
ITERATION 22 newScore=-2.58784e+06 diffscore=1942.19 priorChange=-116.449 successMove=51
ITERATION 23 newScore=-2.5874e+06 diffscore=446.11 priorChange=-105.358 successMove=53
ITERATION 24 newScore=-2.58567e+06 diffscore=1729.84 priorChange=-113.676 successMove=53
ITERATION 25 newScore=-2.58523e+06 diffscore=436.842 priorChange=-116.449 successMove=49
ITERATION 26 newScore=-2.5848e+06 diffscore=431.842 priorChange=-91.4954 successMove=48
ITERATION 27 newScore=-2.58436e+06 diffscore=443.125 priorChange=-113.676 successMove=50
ITERATION 28 newScore=-2.58388e+06 diffscore=477.909 priorChange=-102.586 successMove=48
ITERATION 29 newScore=-2.58157e+06 diffscore=2305.95 priorChange=-87.3365 successMove=47
ITERATION 30 newScore=-2.58082e+06 diffscore=757.189 priorChange=-97.0406 successMove=48
ITERATION 31 newScore=-2.57957e+06 diffscore=1243.6 priorChange=-101.199 successMove=48
ITERATION 32 newScore=-2.57788e+06 diffscore=1694.12 priorChange=-117.835 successMove=50
ITERATION 33 newScore=-2.5769e+06 diffscore=982.101 priorChange=-109.517 successMove=48
ITERATION 34 newScore=-2.57388e+06 diffscore=3015.23 priorChange=-109.517 successMove=47
ITERATION 35 newScore=-2.57337e+06 diffscore=512.547 priorChange=-103.972 successMove=47
ITERATION 36 newScore=-2.57253e+06 diffscore=841.191 priorChange=-97.0406 successMove=47
ITERATION 37 newScore=-2.57201e+06 diffscore=519.535 priorChange=-88.7228 successMove=45
ITERATION 38 newScore=-2.56983e+06 diffscore=2172.6 priorChange=-90.1091 successMove=47
ITERATION 39 newScore=-2.56809e+06 diffscore=1746.49 priorChange=-99.8132 successMove=46
ITERATION 40 newScore=-2.56733e+06 diffscore=753.753 priorChange=-105.358 successMove=47
ITERATION 41 newScore=-2.56569e+06 diffscore=1644.53 priorChange=-91.4954 successMove=49
ITERATION 42 newScore=-2.56484e+06 diffscore=853.688 priorChange=-90.1091 successMove=44
ITERATION 43 newScore=-2.5634e+06 diffscore=1438.31 priorChange=-84.564 successMove=45
ITERATION 44 newScore=-2.56312e+06 diffscore=280.721 priorChange=-94.268 successMove=44
ITERATION 45 newScore=-2.56285e+06 diffscore=270.354 priorChange=-90.1091 successMove=43
ITERATION 46 newScore=-2.56231e+06 diffscore=536.365 priorChange=-85.9503 successMove=42
ITERATION 47 newScore=-2.56195e+06 diffscore=359.81 priorChange=-81.7914 successMove=42
ITERATION 48 newScore=-2.56045e+06 diffscore=1505.3 priorChange=-92.8817 successMove=42
ITERATION 49 newScore=-2.5602e+06 diffscore=240.957 priorChange=-81.7914 successMove=43
ITERATION 50 newScore=-2.55997e+06 diffscore=234.654 priorChange=-74.8599 successMove=41
ITERATION 51 newScore=-2.55963e+06 diffscore=339.678 priorChange=-92.8817 successMove=40
ITERATION 52 newScore=-2.55905e+06 diffscore=584.456 priorChange=-84.564 successMove=43
ITERATION 53 newScore=-2.55659e+06 diffscore=2452.8 priorChange=-81.7914 successMove=40
ITERATION 54 newScore=-2.55527e+06 diffscore=1322.96 priorChange=-76.2462 successMove=38
ITERATION 55 newScore=-2.55381e+06 diffscore=1461.6 priorChange=-81.7914 successMove=37
ITERATION 56 newScore=-2.55333e+06 diffscore=478.735 priorChange=-70.701 successMove=39
ITERATION 57 newScore=-2.55317e+06 diffscore=159.724 priorChange=-73.4736 successMove=35
ITERATION 58 newScore=-2.55303e+06 diffscore=140.08 priorChange=-65.1558 successMove=34
ITERATION 59 newScore=-2.55287e+06 diffscore=162.717 priorChange=-56.8381 successMove=31
ITERATION 60 newScore=-2.55269e+06 diffscore=180.222 priorChange=-72.0873 successMove=31
ITERATION 61 newScore=-2.55141e+06 diffscore=1272.37 priorChange=-48.5203 successMove=31
ITERATION 62 newScore=-2.55123e+06 diffscore=184.373 priorChange=-74.8599 successMove=31
ITERATION 63 newScore=-2.551e+06 diffscore=235.043 priorChange=-62.3832 successMove=30
ITERATION 64 newScore=-2.55077e+06 diffscore=223.52 priorChange=-52.6792 successMove=28
ITERATION 65 newScore=-2.55035e+06 diffscore=421.594 priorChange=-37.4299 successMove=26
ITERATION 66 newScore=-2.55017e+06 diffscore=177.551 priorChange=-52.6792 successMove=26
ITERATION 67 newScore=-2.55e+06 diffscore=169.183 priorChange=-45.7477 successMove=31
ITERATION 68 newScore=-2.54893e+06 diffscore=1069.8 priorChange=-40.2025 successMove=24
ITERATION 69 newScore=-2.54773e+06 diffscore=1203.76 priorChange=-38.8162 successMove=24
ITERATION 70 newScore=-2.54766e+06 diffscore=68.8309 priorChange=-44.3614 successMove=25
ITERATION 71 newScore=-2.54759e+06 diffscore=67.5665 priorChange=-37.4299 successMove=24
ITERATION 72 newScore=-2.54752e+06 diffscore=71.034 priorChange=-48.5203 successMove=24
ITERATION 73 newScore=-2.54746e+06 diffscore=59.7117 priorChange=-38.8162 successMove=23
ITERATION 74 newScore=-2.54738e+06 diffscore=79.9885 priorChange=-40.2025 successMove=22
ITERATION 75 newScore=-2.54731e+06 diffscore=74.0698 priorChange=-36.0437 successMove=20
ITERATION 76 newScore=-2.54723e+06 diffscore=75.8513 priorChange=-37.4299 successMove=22
ITERATION 77 newScore=-2.54716e+06 diffscore=72.2314 priorChange=-44.3614 successMove=19
ITERATION 78 newScore=-2.5471e+06 diffscore=62.9021 priorChange=-26.3396 successMove=17
ITERATION 79 newScore=-2.54702e+06 diffscore=74.9236 priorChange=-33.2711 successMove=16
ITERATION 80 newScore=-2.54689e+06 diffscore=128.106 priorChange=-20.7944 successMove=15
ITERATION 81 newScore=-2.54661e+06 diffscore=285.078 priorChange=-19.4081 successMove=13
ITERATION 82 newScore=-2.54654e+06 diffscore=70.1433 priorChange=-26.3396 successMove=13
ITERATION 83 newScore=-2.54645e+06 diffscore=85.0045 priorChange=-23.567 successMove=13
ITERATION 84 newScore=-2.54628e+06 diffscore=170.464 priorChange=-26.3396 successMove=11
ITERATION 85 newScore=-2.54567e+06 diffscore=616.568 priorChange=-22.1807 successMove=11
ITERATION 86 newScore=-2.54564e+06 diffscore=30.1243 priorChange=-11.0904 successMove=11
ITERATION 87 newScore=-2.54546e+06 diffscore=179.533 priorChange=-23.567 successMove=10
ITERATION 88 newScore=-2.54536e+06 diffscore=93.0437 priorChange=-18.0218 successMove=9
ITERATION 89 newScore=-2.54431e+06 diffscore=1056.25 priorChange=-16.6355 successMove=8
ITERATION 90 newScore=-2.54429e+06 diffscore=21.1651 priorChange=-13.8629 successMove=8
ITERATION 91 newScore=-2.54427e+06 diffscore=18.0552 priorChange=-12.4766 successMove=8
ITERATION 92 newScore=-2.54425e+06 diffscore=19.8812 priorChange=-15.2492 successMove=8
ITERATION 93 newScore=-2.54422e+06 diffscore=24.3861 priorChange=-16.6355 successMove=8
ITERATION 94 newScore=-2.5442e+06 diffscore=21.0741 priorChange=-16.6355 successMove=7
ITERATION 95 newScore=-2.54419e+06 diffscore=13.4649 priorChange=-8.31777 successMove=6
ITERATION 96 newScore=-2.54417e+06 diffscore=17.7944 priorChange=-12.4766 successMove=7
ITERATION 97 newScore=-2.54416e+06 diffscore=14.5475 priorChange=-8.31777 successMove=5
ITERATION 98 newScore=-2.54414e+06 diffscore=13.4105 priorChange=-9.70406 successMove=5
ITERATION 99 newScore=-2.54414e+06 diffscore=4.99504 priorChange=-2.77259 successMove=3
MetaLearner::dumpAllGraphs
Final Score -2.54414e+06
MetaLearner::start runtime: 1602735920 ms
Results/
Results/cluster2/
Results/cluster2/fold0/
Results/cluster2/fold0/var_mb_pw_k50.txt
Results/cluster2/fold0/modelparams.txt
Results/cluster9/
Results/cluster9/fold0/
Results/cluster9/fold0/var_mb_pw_k50.txt
Results/cluster9/fold0/modelparams.txt
Results/cluster1/
Results/cluster1/fold0/
Results/cluster1/fold0/var_mb_pw_k50.txt
Results/cluster1/fold0/modelparams.txt
Results/cluster6/
Results/cluster6/fold0/
Results/cluster6/fold0/var_mb_pw_k50.txt
Results/cluster6/fold0/modelparams.txt
Results/cluster8/
Results/cluster8/fold0/
Results/cluster8/fold0/var_mb_pw_k50.txt
Results/cluster8/fold0/modelparams.txt
Results/cluster8/scoreFile.txt
Results/cluster7/
Results/cluster7/fold0/
Results/cluster7/fold0/var_mb_pw_k50.txt
Results/cluster7/fold0/modelparams.txt
Results/cluster3/
Results/cluster3/fold0/
Results/cluster3/fold0/var_mb_pw_k50.txt
Results/cluster3/fold0/modelparams.txt
Results/cluster10/
Results/cluster10/fold0/
Results/cluster10/fold0/var_mb_pw_k50.txt
Results/cluster10/fold0/modelparams.txt
