000 (49777.1284.000) 10/11 10:48:11 Job submitted from host: <144.92.142.142:9618?addrs=144.92.142.142-9618&noUDP&sock=44923_051a_3>
...
001 (49777.1284.000) 10/11 16:16:27 Job executing on host: <144.92.142.191:9618?addrs=144.92.142.191-9618&noUDP&sock=12603_302e_3>
...
006 (49777.1284.000) 10/11 16:16:35 Image size of job updated: 105704
	104  -  MemoryUsage of job (MB)
	105704  -  ResidentSetSize of job (KB)
...
006 (49777.1284.000) 10/11 16:16:49 Image size of job updated: 313092
	104  -  MemoryUsage of job (MB)
	105704  -  ResidentSetSize of job (KB)
...
004 (49777.1284.000) 10/11 16:16:49 Job was evicted.
	(0) Job was not checkpointed.
		Usr 0 00:00:22, Sys 0 00:00:00  -  Run Remote Usage
		Usr 0 00:00:00, Sys 0 00:00:00  -  Run Local Usage
	0  -  Run Bytes Sent By Job
	316719136  -  Run Bytes Received By Job
	Partitionable Resources :    Usage  Request Allocated 
	   Cpus                 :        0        1         1 
	   Disk (KB)            :   325000   819200   1428813 
	   Memory (MB)          :      104    20480     20480 
...
001 (49777.1284.000) 10/11 16:17:03 Job executing on host: <128.105.68.16:9618?addrs=128.105.68.16-9618&alias=coba2000.chtc.wisc.edu&noUDP&sock=startd_7305_336c>
...
006 (49777.1284.000) 10/11 16:22:13 Image size of job updated: 756884
	691  -  MemoryUsage of job (MB)
	706592  -  ResidentSetSize of job (KB)
...
006 (49777.1284.000) 10/11 16:27:14 Image size of job updated: 998336
	926  -  MemoryUsage of job (MB)
	947324  -  ResidentSetSize of job (KB)
...
006 (49777.1284.000) 10/11 16:32:14 Image size of job updated: 1427640
	1362  -  MemoryUsage of job (MB)
	1393668  -  ResidentSetSize of job (KB)
...
006 (49777.1284.000) 10/11 16:37:15 Image size of job updated: 2277460
	2176  -  MemoryUsage of job (MB)
	2227600  -  ResidentSetSize of job (KB)
...
006 (49777.1284.000) 10/11 16:40:02 Image size of job updated: 2825328
	2176  -  MemoryUsage of job (MB)
	2227600  -  ResidentSetSize of job (KB)
...
005 (49777.1284.000) 10/11 16:40:02 Job terminated.
	(1) Normal termination (return value 0)
		Usr 0 00:22:47, Sys 0 00:00:06  -  Run Remote Usage
		Usr 0 00:00:00, Sys 0 00:00:00  -  Run Local Usage
		Usr 0 00:23:09, Sys 0 00:00:06  -  Total Remote Usage
		Usr 0 00:00:00, Sys 0 00:00:00  -  Total Local Usage
	178397  -  Run Bytes Sent By Job
	316719136  -  Run Bytes Received By Job
	178397  -  Total Bytes Sent By Job
	633438272  -  Total Bytes Received By Job
	Partitionable Resources :     Usage  Request Allocated 
	   Cpus                 :      0.99        1         1 
	   Disk (KB)            : 325000      819200  44742796 
	   Gpus                 :                            0 
	   Ioheavy              :                            0 
	   Memory (MB)          :   2176       20480     21341 
...
