000 (49777.1311.000) 10/11 10:48:11 Job submitted from host: <144.92.142.142:9618?addrs=144.92.142.142-9618&noUDP&sock=44923_051a_3>
...
001 (49777.1311.000) 10/11 16:22:06 Job executing on host: <128.105.68.16:9618?addrs=128.105.68.16-9618&alias=coba2000.chtc.wisc.edu&noUDP&sock=startd_7305_336c>
...
006 (49777.1311.000) 10/11 16:22:15 Image size of job updated: 156592
	103  -  MemoryUsage of job (MB)
	105352  -  ResidentSetSize of job (KB)
...
006 (49777.1311.000) 10/11 16:27:16 Image size of job updated: 729164
	663  -  MemoryUsage of job (MB)
	678044  -  ResidentSetSize of job (KB)
...
006 (49777.1311.000) 10/11 16:32:17 Image size of job updated: 900716
	836  -  MemoryUsage of job (MB)
	855984  -  ResidentSetSize of job (KB)
...
006 (49777.1311.000) 10/11 16:37:17 Image size of job updated: 1086432
	1013  -  MemoryUsage of job (MB)
	1036444  -  ResidentSetSize of job (KB)
...
006 (49777.1311.000) 10/11 16:42:18 Image size of job updated: 1265308
	1187  -  MemoryUsage of job (MB)
	1214852  -  ResidentSetSize of job (KB)
...
006 (49777.1311.000) 10/11 16:45:40 Image size of job updated: 1499612
	1187  -  MemoryUsage of job (MB)
	1214852  -  ResidentSetSize of job (KB)
...
005 (49777.1311.000) 10/11 16:45:40 Job terminated.
	(1) Normal termination (return value 0)
		Usr 0 00:23:23, Sys 0 00:00:04  -  Run Remote Usage
		Usr 0 00:00:00, Sys 0 00:00:00  -  Run Local Usage
		Usr 0 00:23:23, Sys 0 00:00:04  -  Total Remote Usage
		Usr 0 00:00:00, Sys 0 00:00:00  -  Total Local Usage
	173562  -  Run Bytes Sent By Job
	316719136  -  Run Bytes Received By Job
	173562  -  Total Bytes Sent By Job
	316719136  -  Total Bytes Received By Job
	Partitionable Resources :     Usage  Request Allocated 
	   Cpus                 :      0.99        1         1 
	   Disk (KB)            : 325000      819200  44742796 
	   Gpus                 :                            0 
	   Ioheavy              :                            0 
	   Memory (MB)          :   1187       20480     21341 
...
