000 (49777.1083.000) 10/11 10:48:10 Job submitted from host: <144.92.142.142:9618?addrs=144.92.142.142-9618&noUDP&sock=44923_051a_3>
...
001 (49777.1083.000) 10/11 15:41:56 Job executing on host: <128.105.68.23:9618?addrs=128.105.68.23-9618&alias=gpulab2004.chtc.wisc.edu&noUDP&sock=startd_62541_80a6>
...
006 (49777.1083.000) 10/11 15:42:04 Image size of job updated: 105668
	104  -  MemoryUsage of job (MB)
	105668  -  ResidentSetSize of job (KB)
...
006 (49777.1083.000) 10/11 15:47:04 Image size of job updated: 811424
	770  -  MemoryUsage of job (MB)
	788108  -  ResidentSetSize of job (KB)
...
006 (49777.1083.000) 10/11 15:52:04 Image size of job updated: 1431740
	1386  -  MemoryUsage of job (MB)
	1418996  -  ResidentSetSize of job (KB)
...
006 (49777.1083.000) 10/11 15:57:05 Image size of job updated: 2584892
	2509  -  MemoryUsage of job (MB)
	2568488  -  ResidentSetSize of job (KB)
...
006 (49777.1083.000) 10/11 16:02:05 Image size of job updated: 3927388
	3796  -  MemoryUsage of job (MB)
	3886668  -  ResidentSetSize of job (KB)
...
006 (49777.1083.000) 10/11 16:03:16 Image size of job updated: 4246836
	3796  -  MemoryUsage of job (MB)
	3886668  -  ResidentSetSize of job (KB)
...
005 (49777.1083.000) 10/11 16:03:17 Job terminated.
	(1) Normal termination (return value 0)
		Usr 0 00:21:14, Sys 0 00:00:04  -  Run Remote Usage
		Usr 0 00:00:00, Sys 0 00:00:00  -  Run Local Usage
		Usr 0 00:21:14, Sys 0 00:00:04  -  Total Remote Usage
		Usr 0 00:00:00, Sys 0 00:00:00  -  Total Local Usage
	171800  -  Run Bytes Sent By Job
	316773216  -  Run Bytes Received By Job
	171800  -  Total Bytes Sent By Job
	316773216  -  Total Bytes Received By Job
	Partitionable Resources :     Usage  Request Allocated 
	   Cpus                 :      1.00        1         1 
	   Disk (KB)            : 325000      819200  18192444 
	   Gpus                 :                            0 
	   Ioheavy              :                            0 
	   Memory (MB)          :   3796       20480     21341 
...
