./CVN -f config_condor.txt -x50 -v1 -l TFs_OGs.txt -n AllGenes154.txt -d celltype_tree_ancestor.txt -m testdata_ogids.txt -s celltype_order.txt -p 0.2 -c yes -b -4 -q 4
(cluster3|cluster8) p_maintain_edge=0.8 p_gain=0.2
(cluster2|cluster3) p_maintain_edge=0.8 p_gain=0.2
(cluster1|cluster2) p_maintain_edge=0.8 p_gain=0.2
(cluster6|cluster2) p_maintain_edge=0.8 p_gain=0.2
(cluster9|cluster6) p_maintain_edge=0.8 p_gain=0.2
(cluster10|cluster6) p_maintain_edge=0.8 p_gain=0.2
(cluster7|cluster10) p_maintain_edge=0.8 p_gain=0.2
speciesSet.size()=8 Root is cluster8
MappedOrthogroupReader::readSpeciesMapping() --- celltype_order.txt
MappedOrthogroupReader::readFile - testdata_ogids.txt
MappedOrthogroupReader::generateGeneOrthoMap()
MetaLearner::init_onefold() read:config_condor.txt
MetaLearner::setinputVariableNames number of variables: 2040
readEvidenceTable:cluster8.table
PotentialManager::loadEvidenceFromTable varCount=2040 sampleCount=348
motifNetwork.size() = 319
0=cluster8 motifNetwork=cluster8_network.txt
variable size=2040
readEvidenceTable:cluster3.table
PotentialManager::loadEvidenceFromTable varCount=2040 sampleCount=95
motifNetwork.size() = 326
1=cluster3 motifNetwork=cluster3_network.txt
variable size=2040
readEvidenceTable:cluster2.table
PotentialManager::loadEvidenceFromTable varCount=2040 sampleCount=386
motifNetwork.size() = 328
2=cluster2 motifNetwork=cluster2_network.txt
variable size=2040
readEvidenceTable:cluster1.table
PotentialManager::loadEvidenceFromTable varCount=2040 sampleCount=36
motifNetwork.size() = 322
3=cluster1 motifNetwork=cluster1_network.txt
variable size=2040
readEvidenceTable:cluster6.table
PotentialManager::loadEvidenceFromTable varCount=2040 sampleCount=524
motifNetwork.size() = 320
4=cluster6 motifNetwork=cluster6_network.txt
variable size=2040
readEvidenceTable:cluster9.table
PotentialManager::loadEvidenceFromTable varCount=2040 sampleCount=184
motifNetwork.size() = 327
5=cluster9 motifNetwork=cluster9_network.txt
variable size=2040
readEvidenceTable:cluster10.table
PotentialManager::loadEvidenceFromTable varCount=2040 sampleCount=165
motifNetwork.size() = 326
6=cluster10 motifNetwork=cluster10_network.txt
variable size=2040
readEvidenceTable:cluster7.table
PotentialManager::loadEvidenceFromTable varCount=2040 sampleCount=1032
motifNetwork.size() = 320
7=cluster7 motifNetwork=cluster7_network.txt
variable size=2040
-------------------------------------------------------------
MetaLearner::start
precomputeEmptyGraphPrior
binkey=0 [Edge status: 0 0 0 0 0 0 0 0 ] P(G)=P(cluster8=0)[0.8] * P(cluster1=0|cluster2=0) * P(cluster9=0|cluster6=0) * P(cluster7=0|cluster10=0) * P(cluster10=0|cluster6=0) * P(cluster6=0|cluster2=0) * P(cluster2=0|cluster3=0) * P(cluster3=0|cluster8=0)[0.209715]=0.167772
condsetMap_Tree
0 cluster8=0 cluster3=0 cluster2=0 cluster1=0 cluster6=0 cluster9=0 cluster10=0 cluster7=1
1 cluster8=0 cluster3=0 cluster2=0 cluster1=0 cluster6=0 cluster9=1 cluster10=0 cluster7=0
2 cluster8=0 cluster3=0 cluster2=0 cluster1=0 cluster6=0 cluster9=1 cluster10=0 cluster7=1
3 cluster8=0 cluster3=0 cluster2=0 cluster1=1 cluster6=0 cluster9=0 cluster10=0 cluster7=0
4 cluster8=0 cluster3=0 cluster2=0 cluster1=1 cluster6=0 cluster9=0 cluster10=0 cluster7=1
5 cluster8=0 cluster3=0 cluster2=0 cluster1=1 cluster6=0 cluster9=1 cluster10=0 cluster7=0
6 cluster8=0 cluster3=0 cluster2=0 cluster1=1 cluster6=0 cluster9=1 cluster10=0 cluster7=1
7 cluster8=0 cluster3=0 cluster2=0 cluster1=0 cluster6=0 cluster9=0 cluster10=1 cluster7=1
8 cluster8=0 cluster3=0 cluster2=0 cluster1=0 cluster6=0 cluster9=1 cluster10=1 cluster7=1
9 cluster8=0 cluster3=0 cluster2=0 cluster1=1 cluster6=0 cluster9=0 cluster10=1 cluster7=1
10 cluster8=0 cluster3=0 cluster2=0 cluster1=1 cluster6=0 cluster9=1 cluster10=1 cluster7=1
11 cluster8=0 cluster3=0 cluster2=0 cluster1=0 cluster6=1 cluster9=1 cluster10=1 cluster7=1
12 cluster8=0 cluster3=0 cluster2=0 cluster1=1 cluster6=1 cluster9=1 cluster10=1 cluster7=1
13 cluster8=0 cluster3=0 cluster2=1 cluster1=1 cluster6=1 cluster9=1 cluster10=1 cluster7=1
14 cluster8=0 cluster3=1 cluster2=1 cluster1=1 cluster6=1 cluster9=1 cluster10=1 cluster7=1
15 cluster8=1 cluster3=1 cluster2=1 cluster1=1 cluster6=1 cluster9=1 cluster10=1 cluster7=1
16 cluster8=1 cluster3=1 cluster2=1 cluster1=1 cluster6=1 cluster9=1 cluster10=1 cluster7=0
17 cluster8=1 cluster3=1 cluster2=1 cluster1=1 cluster6=1 cluster9=0 cluster10=1 cluster7=1
18 cluster8=1 cluster3=1 cluster2=1 cluster1=1 cluster6=1 cluster9=0 cluster10=1 cluster7=0
19 cluster8=1 cluster3=1 cluster2=1 cluster1=0 cluster6=1 cluster9=1 cluster10=1 cluster7=1
20 cluster8=1 cluster3=1 cluster2=1 cluster1=0 cluster6=1 cluster9=1 cluster10=1 cluster7=0
21 cluster8=1 cluster3=1 cluster2=1 cluster1=0 cluster6=1 cluster9=0 cluster10=1 cluster7=1
22 cluster8=1 cluster3=1 cluster2=1 cluster1=0 cluster6=1 cluster9=0 cluster10=1 cluster7=0
23 cluster8=1 cluster3=1 cluster2=1 cluster1=1 cluster6=1 cluster9=1 cluster10=0 cluster7=0
24 cluster8=1 cluster3=1 cluster2=1 cluster1=1 cluster6=1 cluster9=0 cluster10=0 cluster7=0
25 cluster8=1 cluster3=1 cluster2=1 cluster1=0 cluster6=1 cluster9=1 cluster10=0 cluster7=0
26 cluster8=1 cluster3=1 cluster2=1 cluster1=0 cluster6=1 cluster9=0 cluster10=0 cluster7=0
27 cluster8=1 cluster3=1 cluster2=1 cluster1=1 cluster6=0 cluster9=0 cluster10=0 cluster7=0
28 cluster8=1 cluster3=1 cluster2=1 cluster1=0 cluster6=0 cluster9=0 cluster10=0 cluster7=0
29 cluster8=1 cluster3=1 cluster2=0 cluster1=0 cluster6=0 cluster9=0 cluster10=0 cluster7=0
30 cluster8=1 cluster3=0 cluster2=0 cluster1=0 cluster6=0 cluster9=0 cluster10=0 cluster7=0
31 cluster8=0 cluster3=0 cluster2=0 cluster1=0 cluster6=1 cluster9=0 cluster10=0 cluster7=0
32 cluster8=0 cluster3=0 cluster2=1 cluster1=0 cluster6=0 cluster9=0 cluster10=0 cluster7=0
33 cluster8=0 cluster3=0 cluster2=0 cluster1=0 cluster6=0 cluster9=0 cluster10=1 cluster7=0
34 cluster8=0 cluster3=1 cluster2=0 cluster1=0 cluster6=0 cluster9=0 cluster10=0 cluster7=0
inputRegulatorOGs.size() = 1999 inputOGList.size() = 50
binkey=128 [Edge status: 0 0 0 0 0 0 0 1 ] P(G)=P(cluster8=0)[0.8] * P(cluster1=0|cluster2=0) * P(cluster9=0|cluster6=0) * P(cluster7=1|cluster10=0) * P(cluster10=0|cluster6=0) * P(cluster6=0|cluster2=0) * P(cluster2=0|cluster3=0) * P(cluster3=0|cluster8=0)[0.0524288]=0.041943
binkey=1 [Edge status: 1 0 0 0 0 0 0 0 ] P(G)=P(cluster8=1)[0.2] * P(cluster1=0|cluster2=0) * P(cluster9=0|cluster6=0) * P(cluster7=0|cluster10=0) * P(cluster10=0|cluster6=0) * P(cluster6=0|cluster2=0) * P(cluster2=0|cluster3=0) * P(cluster3=0|cluster8=1)[0.0524288]=0.0104858
binkey=64 [Edge status: 0 0 0 0 0 0 1 0 ] P(G)=P(cluster8=0)[0.8] * P(cluster1=0|cluster2=0) * P(cluster9=0|cluster6=0) * P(cluster7=0|cluster10=1) * P(cluster10=1|cluster6=0) * P(cluster6=0|cluster2=0) * P(cluster2=0|cluster3=0) * P(cluster3=0|cluster8=0)[0.0131072]=0.0104858
binkey=32 [Edge status: 0 0 0 0 0 1 0 0 ] P(G)=P(cluster8=0)[0.8] * P(cluster1=0|cluster2=0) * P(cluster9=1|cluster6=0) * P(cluster7=0|cluster10=0) * P(cluster10=0|cluster6=0) * P(cluster6=0|cluster2=0) * P(cluster2=0|cluster3=0) * P(cluster3=0|cluster8=0)[0.0524288]=0.041943
binkey=16 [Edge status: 0 0 0 0 1 0 0 0 ] P(G)=P(cluster8=0)[0.8] * P(cluster1=0|cluster2=0) * P(cluster9=0|cluster6=1) * P(cluster7=0|cluster10=0) * P(cluster10=0|cluster6=1) * P(cluster6=1|cluster2=0) * P(cluster2=0|cluster3=0) * P(cluster3=0|cluster8=0)[0.0032768]=0.00262144
binkey=4 [Edge status: 0 0 1 0 0 0 0 0 ] P(G)=P(cluster8=0)[0.8] * P(cluster1=0|cluster2=1) * P(cluster9=0|cluster6=0) * P(cluster7=0|cluster10=0) * P(cluster10=0|cluster6=0) * P(cluster6=0|cluster2=1) * P(cluster2=1|cluster3=0) * P(cluster3=0|cluster8=0)[0.0032768]=0.00262144
binkey=8 [Edge status: 0 0 0 1 0 0 0 0 ] P(G)=P(cluster8=0)[0.8] * P(cluster1=1|cluster2=0) * P(cluster9=0|cluster6=0) * P(cluster7=0|cluster10=0) * P(cluster10=0|cluster6=0) * P(cluster6=0|cluster2=0) * P(cluster2=0|cluster3=0) * P(cluster3=0|cluster8=0)[0.0524288]=0.041943
binkey=2 [Edge status: 0 1 0 0 0 0 0 0 ] P(G)=P(cluster8=0)[0.8] * P(cluster1=0|cluster2=0) * P(cluster9=0|cluster6=0) * P(cluster7=0|cluster10=0) * P(cluster10=0|cluster6=0) * P(cluster6=0|cluster2=0) * P(cluster2=0|cluster3=1) * P(cluster3=1|cluster8=0)[0.0131072]=0.0104858
binkey=136 [Edge status: 0 0 0 1 0 0 0 1 ] P(G)=P(cluster8=0)[0.8] * P(cluster1=1|cluster2=0) * P(cluster9=0|cluster6=0) * P(cluster7=1|cluster10=0) * P(cluster10=0|cluster6=0) * P(cluster6=0|cluster2=0) * P(cluster2=0|cluster3=0) * P(cluster3=0|cluster8=0)[0.0131072]=0.0104858
binkey=192 [Edge status: 0 0 0 0 0 0 1 1 ] P(G)=P(cluster8=0)[0.8] * P(cluster1=0|cluster2=0) * P(cluster9=0|cluster6=0) * P(cluster7=1|cluster10=1) * P(cluster10=1|cluster6=0) * P(cluster6=0|cluster2=0) * P(cluster2=0|cluster3=0) * P(cluster3=0|cluster8=0)[0.0524288]=0.041943
binkey=200 [Edge status: 0 0 0 1 0 0 1 1 ] P(G)=P(cluster8=0)[0.8] * P(cluster1=1|cluster2=0) * P(cluster9=0|cluster6=0) * P(cluster7=1|cluster10=1) * P(cluster10=1|cluster6=0) * P(cluster6=0|cluster2=0) * P(cluster2=0|cluster3=0) * P(cluster3=0|cluster8=0)[0.0131072]=0.0104858
binkey=160 [Edge status: 0 0 0 0 0 1 0 1 ] P(G)=P(cluster8=0)[0.8] * P(cluster1=0|cluster2=0) * P(cluster9=1|cluster6=0) * P(cluster7=1|cluster10=0) * P(cluster10=0|cluster6=0) * P(cluster6=0|cluster2=0) * P(cluster2=0|cluster3=0) * P(cluster3=0|cluster8=0)[0.0131072]=0.0104858
binkey=3 [Edge status: 1 1 0 0 0 0 0 0 ] P(G)=P(cluster8=1)[0.2] * P(cluster1=0|cluster2=0) * P(cluster9=0|cluster6=0) * P(cluster7=0|cluster10=0) * P(cluster10=0|cluster6=0) * P(cluster6=0|cluster2=0) * P(cluster2=0|cluster3=1) * P(cluster3=1|cluster8=1)[0.0524288]=0.0104858
binkey=7 [Edge status: 1 1 1 0 0 0 0 0 ] P(G)=P(cluster8=1)[0.2] * P(cluster1=0|cluster2=1) * P(cluster9=0|cluster6=0) * P(cluster7=0|cluster10=0) * P(cluster10=0|cluster6=0) * P(cluster6=0|cluster2=1) * P(cluster2=1|cluster3=1) * P(cluster3=1|cluster8=1)[0.0131072]=0.00262144
binkey=224 [Edge status: 0 0 0 0 0 1 1 1 ] P(G)=P(cluster8=0)[0.8] * P(cluster1=0|cluster2=0) * P(cluster9=1|cluster6=0) * P(cluster7=1|cluster10=1) * P(cluster10=1|cluster6=0) * P(cluster6=0|cluster2=0) * P(cluster2=0|cluster3=0) * P(cluster3=0|cluster8=0)[0.0131072]=0.0104858
binkey=40 [Edge status: 0 0 0 1 0 1 0 0 ] P(G)=P(cluster8=0)[0.8] * P(cluster1=1|cluster2=0) * P(cluster9=1|cluster6=0) * P(cluster7=0|cluster10=0) * P(cluster10=0|cluster6=0) * P(cluster6=0|cluster2=0) * P(cluster2=0|cluster3=0) * P(cluster3=0|cluster8=0)[0.0131072]=0.0104858
binkey=240 [Edge status: 0 0 0 0 1 1 1 1 ] P(G)=P(cluster8=0)[0.8] * P(cluster1=0|cluster2=0) * P(cluster9=1|cluster6=1) * P(cluster7=1|cluster10=1) * P(cluster10=1|cluster6=1) * P(cluster6=1|cluster2=0) * P(cluster2=0|cluster3=0) * P(cluster3=0|cluster8=0)[0.0524288]=0.041943
binkey=247 [Edge status: 1 1 1 0 1 1 1 1 ] P(G)=P(cluster8=1)[0.2] * P(cluster1=0|cluster2=1) * P(cluster9=1|cluster6=1) * P(cluster7=1|cluster10=1) * P(cluster10=1|cluster6=1) * P(cluster6=1|cluster2=1) * P(cluster2=1|cluster3=1) * P(cluster3=1|cluster8=1)[0.0524288]=0.0104858
binkey=119 [Edge status: 1 1 1 0 1 1 1 0 ] P(G)=P(cluster8=1)[0.2] * P(cluster1=0|cluster2=1) * P(cluster9=1|cluster6=1) * P(cluster7=0|cluster10=1) * P(cluster10=1|cluster6=1) * P(cluster6=1|cluster2=1) * P(cluster2=1|cluster3=1) * P(cluster3=1|cluster8=1)[0.0131072]=0.00262144
binkey=215 [Edge status: 1 1 1 0 1 0 1 1 ] P(G)=P(cluster8=1)[0.2] * P(cluster1=0|cluster2=1) * P(cluster9=0|cluster6=1) * P(cluster7=1|cluster10=1) * P(cluster10=1|cluster6=1) * P(cluster6=1|cluster2=1) * P(cluster2=1|cluster3=1) * P(cluster3=1|cluster8=1)[0.0131072]=0.00262144
binkey=87 [Edge status: 1 1 1 0 1 0 1 0 ] P(G)=P(cluster8=1)[0.2] * P(cluster1=0|cluster2=1) * P(cluster9=0|cluster6=1) * P(cluster7=0|cluster10=1) * P(cluster10=1|cluster6=1) * P(cluster6=1|cluster2=1) * P(cluster2=1|cluster3=1) * P(cluster3=1|cluster8=1)[0.0032768]=0.00065536
binkey=55 [Edge status: 1 1 1 0 1 1 0 0 ] P(G)=P(cluster8=1)[0.2] * P(cluster1=0|cluster2=1) * P(cluster9=1|cluster6=1) * P(cluster7=0|cluster10=0) * P(cluster10=0|cluster6=1) * P(cluster6=1|cluster2=1) * P(cluster2=1|cluster3=1) * P(cluster3=1|cluster8=1)[0.0131072]=0.00262144
binkey=23 [Edge status: 1 1 1 0 1 0 0 0 ] P(G)=P(cluster8=1)[0.2] * P(cluster1=0|cluster2=1) * P(cluster9=0|cluster6=1) * P(cluster7=0|cluster10=0) * P(cluster10=0|cluster6=1) * P(cluster6=1|cluster2=1) * P(cluster2=1|cluster3=1) * P(cluster3=1|cluster8=1)[0.0032768]=0.00065536
binkey=168 [Edge status: 0 0 0 1 0 1 0 1 ] P(G)=P(cluster8=0)[0.8] * P(cluster1=1|cluster2=0) * P(cluster9=1|cluster6=0) * P(cluster7=1|cluster10=0) * P(cluster10=0|cluster6=0) * P(cluster6=0|cluster2=0) * P(cluster2=0|cluster3=0) * P(cluster3=0|cluster8=0)[0.0032768]=0.00262144
binkey=232 [Edge status: 0 0 0 1 0 1 1 1 ] P(G)=P(cluster8=0)[0.8] * P(cluster1=1|cluster2=0) * P(cluster9=1|cluster6=0) * P(cluster7=1|cluster10=1) * P(cluster10=1|cluster6=0) * P(cluster6=0|cluster2=0) * P(cluster2=0|cluster3=0) * P(cluster3=0|cluster8=0)[0.0032768]=0.00262144
binkey=248 [Edge status: 0 0 0 1 1 1 1 1 ] P(G)=P(cluster8=0)[0.8] * P(cluster1=1|cluster2=0) * P(cluster9=1|cluster6=1) * P(cluster7=1|cluster10=1) * P(cluster10=1|cluster6=1) * P(cluster6=1|cluster2=0) * P(cluster2=0|cluster3=0) * P(cluster3=0|cluster8=0)[0.0131072]=0.0104858
binkey=252 [Edge status: 0 0 1 1 1 1 1 1 ] P(G)=P(cluster8=0)[0.8] * P(cluster1=1|cluster2=1) * P(cluster9=1|cluster6=1) * P(cluster7=1|cluster10=1) * P(cluster10=1|cluster6=1) * P(cluster6=1|cluster2=1) * P(cluster2=1|cluster3=0) * P(cluster3=0|cluster8=0)[0.0524288]=0.041943
binkey=31 [Edge status: 1 1 1 1 1 0 0 0 ] P(G)=P(cluster8=1)[0.2] * P(cluster1=1|cluster2=1) * P(cluster9=0|cluster6=1) * P(cluster7=0|cluster10=0) * P(cluster10=0|cluster6=1) * P(cluster6=1|cluster2=1) * P(cluster2=1|cluster3=1) * P(cluster3=1|cluster8=1)[0.0131072]=0.00262144
binkey=15 [Edge status: 1 1 1 1 0 0 0 0 ] P(G)=P(cluster8=1)[0.2] * P(cluster1=1|cluster2=1) * P(cluster9=0|cluster6=0) * P(cluster7=0|cluster10=0) * P(cluster10=0|cluster6=0) * P(cluster6=0|cluster2=1) * P(cluster2=1|cluster3=1) * P(cluster3=1|cluster8=1)[0.0524288]=0.0104858
binkey=254 [Edge status: 0 1 1 1 1 1 1 1 ] P(G)=P(cluster8=0)[0.8] * P(cluster1=1|cluster2=1) * P(cluster9=1|cluster6=1) * P(cluster7=1|cluster10=1) * P(cluster10=1|cluster6=1) * P(cluster6=1|cluster2=1) * P(cluster2=1|cluster3=1) * P(cluster3=1|cluster8=0)[0.0524288]=0.041943
binkey=255 [Edge status: 1 1 1 1 1 1 1 1 ] P(G)=P(cluster8=1)[0.2] * P(cluster1=1|cluster2=1) * P(cluster9=1|cluster6=1) * P(cluster7=1|cluster10=1) * P(cluster10=1|cluster6=1) * P(cluster6=1|cluster2=1) * P(cluster2=1|cluster3=1) * P(cluster3=1|cluster8=1)[0.209715]=0.041943
binkey=127 [Edge status: 1 1 1 1 1 1 1 0 ] P(G)=P(cluster8=1)[0.2] * P(cluster1=1|cluster2=1) * P(cluster9=1|cluster6=1) * P(cluster7=0|cluster10=1) * P(cluster10=1|cluster6=1) * P(cluster6=1|cluster2=1) * P(cluster2=1|cluster3=1) * P(cluster3=1|cluster8=1)[0.0524288]=0.0104858
binkey=223 [Edge status: 1 1 1 1 1 0 1 1 ] P(G)=P(cluster8=1)[0.2] * P(cluster1=1|cluster2=1) * P(cluster9=0|cluster6=1) * P(cluster7=1|cluster10=1) * P(cluster10=1|cluster6=1) * P(cluster6=1|cluster2=1) * P(cluster2=1|cluster3=1) * P(cluster3=1|cluster8=1)[0.0524288]=0.0104858
binkey=95 [Edge status: 1 1 1 1 1 0 1 0 ] P(G)=P(cluster8=1)[0.2] * P(cluster1=1|cluster2=1) * P(cluster9=0|cluster6=1) * P(cluster7=0|cluster10=1) * P(cluster10=1|cluster6=1) * P(cluster6=1|cluster2=1) * P(cluster2=1|cluster3=1) * P(cluster3=1|cluster8=1)[0.0131072]=0.00262144
binkey=63 [Edge status: 1 1 1 1 1 1 0 0 ] P(G)=P(cluster8=1)[0.2] * P(cluster1=1|cluster2=1) * P(cluster9=1|cluster6=1) * P(cluster7=0|cluster10=0) * P(cluster10=0|cluster6=1) * P(cluster6=1|cluster2=1) * P(cluster2=1|cluster3=1) * P(cluster3=1|cluster8=1)[0.0524288]=0.0104858
ITERATION 0 newScore=-2.71717e+06 diffscore=18652 priorChange=-117.835 successMove=59
ITERATION 1 newScore=-2.70853e+06 diffscore=8641.87 priorChange=-109.517 successMove=51
ITERATION 2 newScore=-2.70305e+06 diffscore=5484.23 priorChange=-123.38 successMove=54
ITERATION 3 newScore=-2.69977e+06 diffscore=3270.38 priorChange=-123.38 successMove=51
ITERATION 4 newScore=-2.69545e+06 diffscore=4326.48 priorChange=-108.131 successMove=51
ITERATION 5 newScore=-2.68541e+06 diffscore=10035.5 priorChange=-120.608 successMove=51
ITERATION 6 newScore=-2.68302e+06 diffscore=2394.24 priorChange=-109.517 successMove=50
ITERATION 7 newScore=-2.68039e+06 diffscore=2625.87 priorChange=-101.199 successMove=50
ITERATION 8 newScore=-2.67507e+06 diffscore=5324.79 priorChange=-126.153 successMove=51
ITERATION 9 newScore=-2.67316e+06 diffscore=1911.21 priorChange=-120.608 successMove=50
ITERATION 10 newScore=-2.67079e+06 diffscore=2366.77 priorChange=-112.29 successMove=54
ITERATION 11 newScore=-2.66686e+06 diffscore=3931.4 priorChange=-101.199 successMove=51
ITERATION 12 newScore=-2.66607e+06 diffscore=792.53 priorChange=-108.131 successMove=51
ITERATION 13 newScore=-2.66109e+06 diffscore=4980.47 priorChange=-101.199 successMove=49
ITERATION 14 newScore=-2.66004e+06 diffscore=1044.09 priorChange=-102.586 successMove=50
ITERATION 15 newScore=-2.65789e+06 diffscore=2148.95 priorChange=-98.4269 successMove=52
ITERATION 16 newScore=-2.65735e+06 diffscore=541.497 priorChange=-115.062 successMove=49
ITERATION 17 newScore=-2.65546e+06 diffscore=1886.88 priorChange=-109.517 successMove=49
ITERATION 18 newScore=-2.65465e+06 diffscore=811.676 priorChange=-105.358 successMove=51
ITERATION 19 newScore=-2.65378e+06 diffscore=873.578 priorChange=-106.745 successMove=49
ITERATION 20 newScore=-2.65177e+06 diffscore=2008.1 priorChange=-115.062 successMove=51
ITERATION 21 newScore=-2.64712e+06 diffscore=4652.29 priorChange=-106.745 successMove=50
ITERATION 22 newScore=-2.6458e+06 diffscore=1320.65 priorChange=-117.835 successMove=49
ITERATION 23 newScore=-2.64528e+06 diffscore=522.81 priorChange=-131.698 successMove=49
ITERATION 24 newScore=-2.64471e+06 diffscore=565.587 priorChange=-123.38 successMove=50
ITERATION 25 newScore=-2.6412e+06 diffscore=3513.37 priorChange=-117.835 successMove=49
ITERATION 26 newScore=-2.63785e+06 diffscore=3347.68 priorChange=-95.6543 successMove=49
ITERATION 27 newScore=-2.6373e+06 diffscore=545.602 priorChange=-99.8132 successMove=50
ITERATION 28 newScore=-2.63676e+06 diffscore=545.628 priorChange=-116.449 successMove=49
ITERATION 29 newScore=-2.63408e+06 diffscore=2674.27 priorChange=-112.29 successMove=50
ITERATION 30 newScore=-2.63231e+06 diffscore=1771.03 priorChange=-109.517 successMove=51
ITERATION 31 newScore=-2.62975e+06 diffscore=2563.08 priorChange=-110.904 successMove=49
ITERATION 32 newScore=-2.62901e+06 diffscore=735.137 priorChange=-109.517 successMove=48
ITERATION 33 newScore=-2.62502e+06 diffscore=3988.81 priorChange=-106.745 successMove=48
ITERATION 34 newScore=-2.62463e+06 diffscore=394.355 priorChange=-108.131 successMove=49
ITERATION 35 newScore=-2.62376e+06 diffscore=870.209 priorChange=-98.4269 successMove=47
ITERATION 36 newScore=-2.62248e+06 diffscore=1277.69 priorChange=-102.586 successMove=48
ITERATION 37 newScore=-2.62062e+06 diffscore=1862.57 priorChange=-105.358 successMove=47
ITERATION 38 newScore=-2.62023e+06 diffscore=389.339 priorChange=-99.8132 successMove=45
ITERATION 39 newScore=-2.61848e+06 diffscore=1747.68 priorChange=-101.199 successMove=44
ITERATION 40 newScore=-2.61743e+06 diffscore=1055.18 priorChange=-101.199 successMove=44
ITERATION 41 newScore=-2.61688e+06 diffscore=549.62 priorChange=-106.745 successMove=44
ITERATION 42 newScore=-2.61562e+06 diffscore=1259.89 priorChange=-92.8817 successMove=44
ITERATION 43 newScore=-2.61393e+06 diffscore=1685.88 priorChange=-99.8132 successMove=44
ITERATION 44 newScore=-2.61285e+06 diffscore=1081.94 priorChange=-94.268 successMove=44
ITERATION 45 newScore=-2.6113e+06 diffscore=1552.74 priorChange=-94.268 successMove=43
ITERATION 46 newScore=-2.6096e+06 diffscore=1702.19 priorChange=-98.4269 successMove=44
ITERATION 47 newScore=-2.60887e+06 diffscore=725.312 priorChange=-85.9503 successMove=43
ITERATION 48 newScore=-2.60819e+06 diffscore=675.705 priorChange=-95.6543 successMove=42
ITERATION 49 newScore=-2.60667e+06 diffscore=1527.6 priorChange=-92.8817 successMove=42
ITERATION 50 newScore=-2.60559e+06 diffscore=1081.51 priorChange=-80.4051 successMove=42
ITERATION 51 newScore=-2.60511e+06 diffscore=471.577 priorChange=-81.7914 successMove=40
ITERATION 52 newScore=-2.60476e+06 diffscore=350.289 priorChange=-79.0188 successMove=40
ITERATION 53 newScore=-2.60312e+06 diffscore=1648.18 priorChange=-77.6325 successMove=39
ITERATION 54 newScore=-2.60061e+06 diffscore=2503.75 priorChange=-76.2462 successMove=39
ITERATION 55 newScore=-2.5991e+06 diffscore=1513.06 priorChange=-56.8381 successMove=39
ITERATION 56 newScore=-2.59835e+06 diffscore=752.43 priorChange=-80.4051 successMove=41
ITERATION 57 newScore=-2.5963e+06 diffscore=2042.5 priorChange=-74.8599 successMove=40
ITERATION 58 newScore=-2.59571e+06 diffscore=598.494 priorChange=-62.3832 successMove=38
ITERATION 59 newScore=-2.59371e+06 diffscore=1998.16 priorChange=-76.2462 successMove=39
ITERATION 60 newScore=-2.59327e+06 diffscore=439.736 priorChange=-87.3365 successMove=36
ITERATION 61 newScore=-2.59222e+06 diffscore=1043.52 priorChange=-79.0188 successMove=37
ITERATION 62 newScore=-2.59188e+06 diffscore=343.021 priorChange=-62.3832 successMove=34
ITERATION 63 newScore=-2.58915e+06 diffscore=2725.97 priorChange=-60.997 successMove=32
ITERATION 64 newScore=-2.58832e+06 diffscore=830.108 priorChange=-58.2244 successMove=32
ITERATION 65 newScore=-2.58816e+06 diffscore=165.215 priorChange=-62.3832 successMove=32
ITERATION 66 newScore=-2.58793e+06 diffscore=227.075 priorChange=-58.2244 successMove=30
ITERATION 67 newScore=-2.58776e+06 diffscore=176.305 priorChange=-65.1558 successMove=29
ITERATION 68 newScore=-2.58698e+06 diffscore=779.904 priorChange=-62.3832 successMove=28
ITERATION 69 newScore=-2.58688e+06 diffscore=92.1358 priorChange=-41.5888 successMove=26
ITERATION 70 newScore=-2.58537e+06 diffscore=1511.7 priorChange=-44.3614 successMove=27
ITERATION 71 newScore=-2.58527e+06 diffscore=103.081 priorChange=-47.134 successMove=25
ITERATION 72 newScore=-2.5846e+06 diffscore=665.595 priorChange=-63.7695 successMove=25
ITERATION 73 newScore=-2.58347e+06 diffscore=1135.74 priorChange=-52.6792 successMove=25
ITERATION 74 newScore=-2.58338e+06 diffscore=89.5298 priorChange=-49.9066 successMove=25
ITERATION 75 newScore=-2.58329e+06 diffscore=93.3576 priorChange=-48.5203 successMove=23
ITERATION 76 newScore=-2.58319e+06 diffscore=96.7313 priorChange=-42.9751 successMove=21
ITERATION 77 newScore=-2.5831e+06 diffscore=89.4244 priorChange=-37.4299 successMove=22
ITERATION 78 newScore=-2.58302e+06 diffscore=77.8015 priorChange=-37.4299 successMove=19
ITERATION 79 newScore=-2.5829e+06 diffscore=117.31 priorChange=-29.1122 successMove=19
ITERATION 80 newScore=-2.58273e+06 diffscore=177.783 priorChange=-29.1122 successMove=17
ITERATION 81 newScore=-2.58127e+06 diffscore=1454.97 priorChange=-29.1122 successMove=17
ITERATION 82 newScore=-2.58082e+06 diffscore=451.932 priorChange=-26.3396 successMove=15
ITERATION 83 newScore=-2.58072e+06 diffscore=97.4321 priorChange=-27.7259 successMove=15
ITERATION 84 newScore=-2.58065e+06 diffscore=72.2857 priorChange=-18.0218 successMove=15
ITERATION 85 newScore=-2.58058e+06 diffscore=73.6999 priorChange=-27.7259 successMove=14
ITERATION 86 newScore=-2.58051e+06 diffscore=64.4592 priorChange=-27.7259 successMove=13
ITERATION 87 newScore=-2.58043e+06 diffscore=77.1424 priorChange=-26.3396 successMove=12
ITERATION 88 newScore=-2.57937e+06 diffscore=1067.2 priorChange=-24.9533 successMove=11
ITERATION 89 newScore=-2.57934e+06 diffscore=28.0695 priorChange=-16.6355 successMove=10
ITERATION 90 newScore=-2.5793e+06 diffscore=36.3615 priorChange=-22.1807 successMove=10
ITERATION 91 newScore=-2.57927e+06 diffscore=36.8293 priorChange=-20.7944 successMove=9
ITERATION 92 newScore=-2.57923e+06 diffscore=37.5715 priorChange=-18.0218 successMove=8
ITERATION 93 newScore=-2.57921e+06 diffscore=20.1996 priorChange=-8.31777 successMove=6
ITERATION 94 newScore=-2.57918e+06 diffscore=24.8131 priorChange=-11.0904 successMove=5
ITERATION 95 newScore=-2.57915e+06 diffscore=29.889 priorChange=-9.70406 successMove=5
ITERATION 96 newScore=-2.57913e+06 diffscore=26.8464 priorChange=-9.70406 successMove=4
ITERATION 97 newScore=-2.5791e+06 diffscore=22.4861 priorChange=-1.38629 successMove=4
ITERATION 98 newScore=-2.57908e+06 diffscore=22.576 priorChange=-6.93147 successMove=4
ITERATION 99 newScore=-2.57895e+06 diffscore=128.179 priorChange=-11.0904 successMove=4
MetaLearner::dumpAllGraphs
Final Score -2.57895e+06
MetaLearner::start runtime: 1306024623 ms
Results/
Results/cluster8/
Results/cluster8/fold0/
Results/cluster8/fold0/var_mb_pw_k50.txt
Results/cluster8/fold0/modelparams.txt
Results/cluster8/scoreFile.txt
Results/cluster3/
Results/cluster3/fold0/
Results/cluster3/fold0/var_mb_pw_k50.txt
Results/cluster3/fold0/modelparams.txt
Results/cluster2/
Results/cluster2/fold0/
Results/cluster2/fold0/var_mb_pw_k50.txt
Results/cluster2/fold0/modelparams.txt
Results/cluster1/
Results/cluster1/fold0/
Results/cluster1/fold0/var_mb_pw_k50.txt
Results/cluster1/fold0/modelparams.txt
Results/cluster6/
Results/cluster6/fold0/
Results/cluster6/fold0/var_mb_pw_k50.txt
Results/cluster6/fold0/modelparams.txt
Results/cluster9/
Results/cluster9/fold0/
Results/cluster9/fold0/var_mb_pw_k50.txt
Results/cluster9/fold0/modelparams.txt
Results/cluster10/
Results/cluster10/fold0/
Results/cluster10/fold0/var_mb_pw_k50.txt
Results/cluster10/fold0/modelparams.txt
Results/cluster7/
Results/cluster7/fold0/
Results/cluster7/fold0/var_mb_pw_k50.txt
Results/cluster7/fold0/modelparams.txt
