000 (49777.1709.000) 10/11 10:48:12 Job submitted from host: <144.92.142.142:9618?addrs=144.92.142.142-9618&noUDP&sock=44923_051a_3>
...
001 (49777.1709.000) 10/11 17:24:06 Job executing on host: <144.92.142.184:9618?addrs=144.92.142.184-9618&noUDP&sock=18313_c5f4_3>
...
006 (49777.1709.000) 10/11 17:24:14 Image size of job updated: 105852
	104  -  MemoryUsage of job (MB)
	105852  -  ResidentSetSize of job (KB)
...
006 (49777.1709.000) 10/11 17:27:54 Image size of job updated: 736108
	104  -  MemoryUsage of job (MB)
	105852  -  ResidentSetSize of job (KB)
...
004 (49777.1709.000) 10/11 17:27:54 Job was evicted.
	(0) Job was not checkpointed.
		Usr 0 00:03:44, Sys 0 00:00:01  -  Run Remote Usage
		Usr 0 00:00:00, Sys 0 00:00:00  -  Run Local Usage
	0  -  Run Bytes Sent By Job
	316887328  -  Run Bytes Received By Job
	Partitionable Resources :     Usage  Request Allocated 
	   Cpus                 :      1.00        1         1 
	   Disk (KB)            : 325000      819200   1428816 
	   Memory (MB)          :    104       20480     20480 
...
001 (49777.1709.000) 10/11 17:28:17 Job executing on host: <144.92.142.191:9618?addrs=144.92.142.191-9618&noUDP&sock=12603_302e_3>
...
006 (49777.1709.000) 10/11 17:28:59 Image size of job updated: 750000
	166  -  MemoryUsage of job (MB)
	169552  -  ResidentSetSize of job (KB)
...
004 (49777.1709.000) 10/11 17:28:59 Job was evicted.
	(0) Job was not checkpointed.
		Usr 0 00:00:41, Sys 0 00:00:00  -  Run Remote Usage
		Usr 0 00:00:00, Sys 0 00:00:00  -  Run Local Usage
	0  -  Run Bytes Sent By Job
	316887328  -  Run Bytes Received By Job
	Partitionable Resources :    Usage  Request Allocated 
	   Cpus                 :        0        1         1 
	   Disk (KB)            :   325000   819200   1428813 
	   Memory (MB)          :      166    20480     20480 
...
001 (49777.1709.000) 10/11 17:29:10 Job executing on host: <128.105.68.26:9618?addrs=128.105.68.26-9618&alias=e2456.chtc.wisc.edu&noUDP&sock=startd_4882_3972>
...
006 (49777.1709.000) 10/11 17:34:20 Image size of job updated: 750000
	655  -  MemoryUsage of job (MB)
	670680  -  ResidentSetSize of job (KB)
...
006 (49777.1709.000) 10/11 17:39:20 Image size of job updated: 860336
	804  -  MemoryUsage of job (MB)
	822744  -  ResidentSetSize of job (KB)
...
006 (49777.1709.000) 10/11 17:44:21 Image size of job updated: 1154496
	1086  -  MemoryUsage of job (MB)
	1111296  -  ResidentSetSize of job (KB)
...
006 (49777.1709.000) 10/11 17:49:22 Image size of job updated: 1572628
	1485  -  MemoryUsage of job (MB)
	1520232  -  ResidentSetSize of job (KB)
...
006 (49777.1709.000) 10/11 17:54:22 Image size of job updated: 2060784
	1962  -  MemoryUsage of job (MB)
	2008632  -  ResidentSetSize of job (KB)
...
006 (49777.1709.000) 10/11 17:57:24 Image size of job updated: 2365708
	1962  -  MemoryUsage of job (MB)
	2008632  -  ResidentSetSize of job (KB)
...
005 (49777.1709.000) 10/11 17:57:24 Job terminated.
	(1) Normal termination (return value 0)
		Usr 0 00:27:36, Sys 0 00:00:04  -  Run Remote Usage
		Usr 0 00:00:00, Sys 0 00:00:00  -  Run Local Usage
		Usr 0 00:32:01, Sys 0 00:00:05  -  Total Remote Usage
		Usr 0 00:00:00, Sys 0 00:00:00  -  Total Local Usage
	167915  -  Run Bytes Sent By Job
	316887328  -  Run Bytes Received By Job
	167915  -  Total Bytes Sent By Job
	950662016  -  Total Bytes Received By Job
	Partitionable Resources :     Usage  Request Allocated 
	   Cpus                 :      0.98        1         1 
	   Disk (KB)            : 325000      819200   1719902 
	   Memory (MB)          :   1962       20480     20480 
...
