./CVN -f config_condor.txt -x50 -v1 -l TFs_OGs.txt -n AllGenes200.txt -d celltype_tree_ancestor.txt -m testdata_ogids.txt -s celltype_order.txt -p 0.2 -c yes -b -4 -q 4
(cluster3|cluster8) p_maintain_edge=0.8 p_gain=0.2
(cluster2|cluster3) p_maintain_edge=0.8 p_gain=0.2
(cluster1|cluster2) p_maintain_edge=0.8 p_gain=0.2
(cluster6|cluster2) p_maintain_edge=0.8 p_gain=0.2
(cluster9|cluster6) p_maintain_edge=0.8 p_gain=0.2
(cluster10|cluster6) p_maintain_edge=0.8 p_gain=0.2
(cluster7|cluster10) p_maintain_edge=0.8 p_gain=0.2
speciesSet.size()=8 Root is cluster8
MappedOrthogroupReader::readSpeciesMapping() --- celltype_order.txt
MappedOrthogroupReader::readFile - testdata_ogids.txt
MappedOrthogroupReader::generateGeneOrthoMap()
MetaLearner::init_onefold() read:config_condor.txt
MetaLearner::setinputVariableNames number of variables: 2044
readEvidenceTable:cluster8.table
PotentialManager::loadEvidenceFromTable varCount=2044 sampleCount=348
motifNetwork.size() = 319
0=cluster8 motifNetwork=cluster8_network.txt
variable size=2044
readEvidenceTable:cluster3.table
PotentialManager::loadEvidenceFromTable varCount=2044 sampleCount=95
motifNetwork.size() = 326
1=cluster3 motifNetwork=cluster3_network.txt
variable size=2044
readEvidenceTable:cluster2.table
PotentialManager::loadEvidenceFromTable varCount=2044 sampleCount=386
motifNetwork.size() = 328
2=cluster2 motifNetwork=cluster2_network.txt
variable size=2044
readEvidenceTable:cluster1.table
PotentialManager::loadEvidenceFromTable varCount=2044 sampleCount=36
motifNetwork.size() = 322
3=cluster1 motifNetwork=cluster1_network.txt
variable size=2044
readEvidenceTable:cluster6.table
PotentialManager::loadEvidenceFromTable varCount=2044 sampleCount=524
motifNetwork.size() = 320
4=cluster6 motifNetwork=cluster6_network.txt
variable size=2044
readEvidenceTable:cluster9.table
PotentialManager::loadEvidenceFromTable varCount=2044 sampleCount=184
motifNetwork.size() = 327
5=cluster9 motifNetwork=cluster9_network.txt
variable size=2044
readEvidenceTable:cluster10.table
PotentialManager::loadEvidenceFromTable varCount=2044 sampleCount=165
motifNetwork.size() = 326
6=cluster10 motifNetwork=cluster10_network.txt
variable size=2044
readEvidenceTable:cluster7.table
PotentialManager::loadEvidenceFromTable varCount=2044 sampleCount=1032
motifNetwork.size() = 320
7=cluster7 motifNetwork=cluster7_network.txt
variable size=2044
-------------------------------------------------------------
MetaLearner::start
precomputeEmptyGraphPrior
binkey=0 [Edge status: 0 0 0 0 0 0 0 0 ] P(G)=P(cluster8=0)[0.8] * P(cluster1=0|cluster2=0) * P(cluster9=0|cluster6=0) * P(cluster7=0|cluster10=0) * P(cluster10=0|cluster6=0) * P(cluster6=0|cluster2=0) * P(cluster2=0|cluster3=0) * P(cluster3=0|cluster8=0)[0.209715]=0.167772
condsetMap_Tree
0 cluster8=0 cluster3=0 cluster2=0 cluster1=0 cluster6=0 cluster9=0 cluster10=0 cluster7=1
1 cluster8=0 cluster3=0 cluster2=0 cluster1=0 cluster6=0 cluster9=1 cluster10=0 cluster7=0
2 cluster8=0 cluster3=0 cluster2=0 cluster1=0 cluster6=0 cluster9=1 cluster10=0 cluster7=1
3 cluster8=0 cluster3=0 cluster2=0 cluster1=1 cluster6=0 cluster9=0 cluster10=0 cluster7=0
4 cluster8=0 cluster3=0 cluster2=0 cluster1=1 cluster6=0 cluster9=0 cluster10=0 cluster7=1
5 cluster8=0 cluster3=0 cluster2=0 cluster1=1 cluster6=0 cluster9=1 cluster10=0 cluster7=0
6 cluster8=0 cluster3=0 cluster2=0 cluster1=1 cluster6=0 cluster9=1 cluster10=0 cluster7=1
7 cluster8=0 cluster3=0 cluster2=0 cluster1=0 cluster6=0 cluster9=0 cluster10=1 cluster7=1
8 cluster8=0 cluster3=0 cluster2=0 cluster1=0 cluster6=0 cluster9=1 cluster10=1 cluster7=1
9 cluster8=0 cluster3=0 cluster2=0 cluster1=1 cluster6=0 cluster9=0 cluster10=1 cluster7=1
10 cluster8=0 cluster3=0 cluster2=0 cluster1=1 cluster6=0 cluster9=1 cluster10=1 cluster7=1
11 cluster8=0 cluster3=0 cluster2=0 cluster1=0 cluster6=1 cluster9=1 cluster10=1 cluster7=1
12 cluster8=0 cluster3=0 cluster2=0 cluster1=1 cluster6=1 cluster9=1 cluster10=1 cluster7=1
13 cluster8=0 cluster3=0 cluster2=1 cluster1=1 cluster6=1 cluster9=1 cluster10=1 cluster7=1
14 cluster8=0 cluster3=1 cluster2=1 cluster1=1 cluster6=1 cluster9=1 cluster10=1 cluster7=1
15 cluster8=1 cluster3=1 cluster2=1 cluster1=1 cluster6=1 cluster9=1 cluster10=1 cluster7=1
16 cluster8=1 cluster3=1 cluster2=1 cluster1=1 cluster6=1 cluster9=1 cluster10=1 cluster7=0
17 cluster8=1 cluster3=1 cluster2=1 cluster1=1 cluster6=1 cluster9=0 cluster10=1 cluster7=1
18 cluster8=1 cluster3=1 cluster2=1 cluster1=1 cluster6=1 cluster9=0 cluster10=1 cluster7=0
19 cluster8=1 cluster3=1 cluster2=1 cluster1=0 cluster6=1 cluster9=1 cluster10=1 cluster7=1
20 cluster8=1 cluster3=1 cluster2=1 cluster1=0 cluster6=1 cluster9=1 cluster10=1 cluster7=0
21 cluster8=1 cluster3=1 cluster2=1 cluster1=0 cluster6=1 cluster9=0 cluster10=1 cluster7=1
22 cluster8=1 cluster3=1 cluster2=1 cluster1=0 cluster6=1 cluster9=0 cluster10=1 cluster7=0
23 cluster8=1 cluster3=1 cluster2=1 cluster1=1 cluster6=1 cluster9=1 cluster10=0 cluster7=0
24 cluster8=1 cluster3=1 cluster2=1 cluster1=1 cluster6=1 cluster9=0 cluster10=0 cluster7=0
25 cluster8=1 cluster3=1 cluster2=1 cluster1=0 cluster6=1 cluster9=1 cluster10=0 cluster7=0
26 cluster8=1 cluster3=1 cluster2=1 cluster1=0 cluster6=1 cluster9=0 cluster10=0 cluster7=0
27 cluster8=1 cluster3=1 cluster2=1 cluster1=1 cluster6=0 cluster9=0 cluster10=0 cluster7=0
28 cluster8=1 cluster3=1 cluster2=1 cluster1=0 cluster6=0 cluster9=0 cluster10=0 cluster7=0
29 cluster8=1 cluster3=1 cluster2=0 cluster1=0 cluster6=0 cluster9=0 cluster10=0 cluster7=0
30 cluster8=1 cluster3=0 cluster2=0 cluster1=0 cluster6=0 cluster9=0 cluster10=0 cluster7=0
31 cluster8=0 cluster3=0 cluster2=0 cluster1=0 cluster6=1 cluster9=0 cluster10=0 cluster7=0
32 cluster8=0 cluster3=0 cluster2=1 cluster1=0 cluster6=0 cluster9=0 cluster10=0 cluster7=0
33 cluster8=0 cluster3=0 cluster2=0 cluster1=0 cluster6=0 cluster9=0 cluster10=1 cluster7=0
34 cluster8=0 cluster3=1 cluster2=0 cluster1=0 cluster6=0 cluster9=0 cluster10=0 cluster7=0
inputRegulatorOGs.size() = 1999 inputOGList.size() = 50
binkey=32 [Edge status: 0 0 0 0 0 1 0 0 ] P(G)=P(cluster8=0)[0.8] * P(cluster1=0|cluster2=0) * P(cluster9=1|cluster6=0) * P(cluster7=0|cluster10=0) * P(cluster10=0|cluster6=0) * P(cluster6=0|cluster2=0) * P(cluster2=0|cluster3=0) * P(cluster3=0|cluster8=0)[0.0524288]=0.041943
binkey=1 [Edge status: 1 0 0 0 0 0 0 0 ] P(G)=P(cluster8=1)[0.2] * P(cluster1=0|cluster2=0) * P(cluster9=0|cluster6=0) * P(cluster7=0|cluster10=0) * P(cluster10=0|cluster6=0) * P(cluster6=0|cluster2=0) * P(cluster2=0|cluster3=0) * P(cluster3=0|cluster8=1)[0.0524288]=0.0104858
binkey=64 [Edge status: 0 0 0 0 0 0 1 0 ] P(G)=P(cluster8=0)[0.8] * P(cluster1=0|cluster2=0) * P(cluster9=0|cluster6=0) * P(cluster7=0|cluster10=1) * P(cluster10=1|cluster6=0) * P(cluster6=0|cluster2=0) * P(cluster2=0|cluster3=0) * P(cluster3=0|cluster8=0)[0.0131072]=0.0104858
binkey=2 [Edge status: 0 1 0 0 0 0 0 0 ] P(G)=P(cluster8=0)[0.8] * P(cluster1=0|cluster2=0) * P(cluster9=0|cluster6=0) * P(cluster7=0|cluster10=0) * P(cluster10=0|cluster6=0) * P(cluster6=0|cluster2=0) * P(cluster2=0|cluster3=1) * P(cluster3=1|cluster8=0)[0.0131072]=0.0104858
binkey=128 [Edge status: 0 0 0 0 0 0 0 1 ] P(G)=P(cluster8=0)[0.8] * P(cluster1=0|cluster2=0) * P(cluster9=0|cluster6=0) * P(cluster7=1|cluster10=0) * P(cluster10=0|cluster6=0) * P(cluster6=0|cluster2=0) * P(cluster2=0|cluster3=0) * P(cluster3=0|cluster8=0)[0.0524288]=0.041943
binkey=4 [Edge status: 0 0 1 0 0 0 0 0 ] P(G)=P(cluster8=0)[0.8] * P(cluster1=0|cluster2=1) * P(cluster9=0|cluster6=0) * P(cluster7=0|cluster10=0) * P(cluster10=0|cluster6=0) * P(cluster6=0|cluster2=1) * P(cluster2=1|cluster3=0) * P(cluster3=0|cluster8=0)[0.0032768]=0.00262144
binkey=16 [Edge status: 0 0 0 0 1 0 0 0 ] P(G)=P(cluster8=0)[0.8] * P(cluster1=0|cluster2=0) * P(cluster9=0|cluster6=1) * P(cluster7=0|cluster10=0) * P(cluster10=0|cluster6=1) * P(cluster6=1|cluster2=0) * P(cluster2=0|cluster3=0) * P(cluster3=0|cluster8=0)[0.0032768]=0.00262144
binkey=3 [Edge status: 1 1 0 0 0 0 0 0 ] P(G)=P(cluster8=1)[0.2] * P(cluster1=0|cluster2=0) * P(cluster9=0|cluster6=0) * P(cluster7=0|cluster10=0) * P(cluster10=0|cluster6=0) * P(cluster6=0|cluster2=0) * P(cluster2=0|cluster3=1) * P(cluster3=1|cluster8=1)[0.0524288]=0.0104858
binkey=160 [Edge status: 0 0 0 0 0 1 0 1 ] P(G)=P(cluster8=0)[0.8] * P(cluster1=0|cluster2=0) * P(cluster9=1|cluster6=0) * P(cluster7=1|cluster10=0) * P(cluster10=0|cluster6=0) * P(cluster6=0|cluster2=0) * P(cluster2=0|cluster3=0) * P(cluster3=0|cluster8=0)[0.0131072]=0.0104858
binkey=8 [Edge status: 0 0 0 1 0 0 0 0 ] P(G)=P(cluster8=0)[0.8] * P(cluster1=1|cluster2=0) * P(cluster9=0|cluster6=0) * P(cluster7=0|cluster10=0) * P(cluster10=0|cluster6=0) * P(cluster6=0|cluster2=0) * P(cluster2=0|cluster3=0) * P(cluster3=0|cluster8=0)[0.0524288]=0.041943
binkey=192 [Edge status: 0 0 0 0 0 0 1 1 ] P(G)=P(cluster8=0)[0.8] * P(cluster1=0|cluster2=0) * P(cluster9=0|cluster6=0) * P(cluster7=1|cluster10=1) * P(cluster10=1|cluster6=0) * P(cluster6=0|cluster2=0) * P(cluster2=0|cluster3=0) * P(cluster3=0|cluster8=0)[0.0524288]=0.041943
binkey=136 [Edge status: 0 0 0 1 0 0 0 1 ] P(G)=P(cluster8=0)[0.8] * P(cluster1=1|cluster2=0) * P(cluster9=0|cluster6=0) * P(cluster7=1|cluster10=0) * P(cluster10=0|cluster6=0) * P(cluster6=0|cluster2=0) * P(cluster2=0|cluster3=0) * P(cluster3=0|cluster8=0)[0.0131072]=0.0104858
binkey=224 [Edge status: 0 0 0 0 0 1 1 1 ] P(G)=P(cluster8=0)[0.8] * P(cluster1=0|cluster2=0) * P(cluster9=1|cluster6=0) * P(cluster7=1|cluster10=1) * P(cluster10=1|cluster6=0) * P(cluster6=0|cluster2=0) * P(cluster2=0|cluster3=0) * P(cluster3=0|cluster8=0)[0.0131072]=0.0104858
binkey=40 [Edge status: 0 0 0 1 0 1 0 0 ] P(G)=P(cluster8=0)[0.8] * P(cluster1=1|cluster2=0) * P(cluster9=1|cluster6=0) * P(cluster7=0|cluster10=0) * P(cluster10=0|cluster6=0) * P(cluster6=0|cluster2=0) * P(cluster2=0|cluster3=0) * P(cluster3=0|cluster8=0)[0.0131072]=0.0104858
binkey=168 [Edge status: 0 0 0 1 0 1 0 1 ] P(G)=P(cluster8=0)[0.8] * P(cluster1=1|cluster2=0) * P(cluster9=1|cluster6=0) * P(cluster7=1|cluster10=0) * P(cluster10=0|cluster6=0) * P(cluster6=0|cluster2=0) * P(cluster2=0|cluster3=0) * P(cluster3=0|cluster8=0)[0.0032768]=0.00262144
binkey=200 [Edge status: 0 0 0 1 0 0 1 1 ] P(G)=P(cluster8=0)[0.8] * P(cluster1=1|cluster2=0) * P(cluster9=0|cluster6=0) * P(cluster7=1|cluster10=1) * P(cluster10=1|cluster6=0) * P(cluster6=0|cluster2=0) * P(cluster2=0|cluster3=0) * P(cluster3=0|cluster8=0)[0.0131072]=0.0104858
binkey=232 [Edge status: 0 0 0 1 0 1 1 1 ] P(G)=P(cluster8=0)[0.8] * P(cluster1=1|cluster2=0) * P(cluster9=1|cluster6=0) * P(cluster7=1|cluster10=1) * P(cluster10=1|cluster6=0) * P(cluster6=0|cluster2=0) * P(cluster2=0|cluster3=0) * P(cluster3=0|cluster8=0)[0.0032768]=0.00262144
binkey=240 [Edge status: 0 0 0 0 1 1 1 1 ] P(G)=P(cluster8=0)[0.8] * P(cluster1=0|cluster2=0) * P(cluster9=1|cluster6=1) * P(cluster7=1|cluster10=1) * P(cluster10=1|cluster6=1) * P(cluster6=1|cluster2=0) * P(cluster2=0|cluster3=0) * P(cluster3=0|cluster8=0)[0.0524288]=0.041943
binkey=248 [Edge status: 0 0 0 1 1 1 1 1 ] P(G)=P(cluster8=0)[0.8] * P(cluster1=1|cluster2=0) * P(cluster9=1|cluster6=1) * P(cluster7=1|cluster10=1) * P(cluster10=1|cluster6=1) * P(cluster6=1|cluster2=0) * P(cluster2=0|cluster3=0) * P(cluster3=0|cluster8=0)[0.0131072]=0.0104858
binkey=252 [Edge status: 0 0 1 1 1 1 1 1 ] P(G)=P(cluster8=0)[0.8] * P(cluster1=1|cluster2=1) * P(cluster9=1|cluster6=1) * P(cluster7=1|cluster10=1) * P(cluster10=1|cluster6=1) * P(cluster6=1|cluster2=1) * P(cluster2=1|cluster3=0) * P(cluster3=0|cluster8=0)[0.0524288]=0.041943
binkey=23 [Edge status: 1 1 1 0 1 0 0 0 ] P(G)=P(cluster8=1)[0.2] * P(cluster1=0|cluster2=1) * P(cluster9=0|cluster6=1) * P(cluster7=0|cluster10=0) * P(cluster10=0|cluster6=1) * P(cluster6=1|cluster2=1) * P(cluster2=1|cluster3=1) * P(cluster3=1|cluster8=1)[0.0032768]=0.00065536
binkey=7 [Edge status: 1 1 1 0 0 0 0 0 ] P(G)=P(cluster8=1)[0.2] * P(cluster1=0|cluster2=1) * P(cluster9=0|cluster6=0) * P(cluster7=0|cluster10=0) * P(cluster10=0|cluster6=0) * P(cluster6=0|cluster2=1) * P(cluster2=1|cluster3=1) * P(cluster3=1|cluster8=1)[0.0131072]=0.00262144
binkey=215 [Edge status: 1 1 1 0 1 0 1 1 ] P(G)=P(cluster8=1)[0.2] * P(cluster1=0|cluster2=1) * P(cluster9=0|cluster6=1) * P(cluster7=1|cluster10=1) * P(cluster10=1|cluster6=1) * P(cluster6=1|cluster2=1) * P(cluster2=1|cluster3=1) * P(cluster3=1|cluster8=1)[0.0131072]=0.00262144
binkey=87 [Edge status: 1 1 1 0 1 0 1 0 ] P(G)=P(cluster8=1)[0.2] * P(cluster1=0|cluster2=1) * P(cluster9=0|cluster6=1) * P(cluster7=0|cluster10=1) * P(cluster10=1|cluster6=1) * P(cluster6=1|cluster2=1) * P(cluster2=1|cluster3=1) * P(cluster3=1|cluster8=1)[0.0032768]=0.00065536
binkey=247 [Edge status: 1 1 1 0 1 1 1 1 ] P(G)=P(cluster8=1)[0.2] * P(cluster1=0|cluster2=1) * P(cluster9=1|cluster6=1) * P(cluster7=1|cluster10=1) * P(cluster10=1|cluster6=1) * P(cluster6=1|cluster2=1) * P(cluster2=1|cluster3=1) * P(cluster3=1|cluster8=1)[0.0524288]=0.0104858
binkey=119 [Edge status: 1 1 1 0 1 1 1 0 ] P(G)=P(cluster8=1)[0.2] * P(cluster1=0|cluster2=1) * P(cluster9=1|cluster6=1) * P(cluster7=0|cluster10=1) * P(cluster10=1|cluster6=1) * P(cluster6=1|cluster2=1) * P(cluster2=1|cluster3=1) * P(cluster3=1|cluster8=1)[0.0131072]=0.00262144
binkey=55 [Edge status: 1 1 1 0 1 1 0 0 ] P(G)=P(cluster8=1)[0.2] * P(cluster1=0|cluster2=1) * P(cluster9=1|cluster6=1) * P(cluster7=0|cluster10=0) * P(cluster10=0|cluster6=1) * P(cluster6=1|cluster2=1) * P(cluster2=1|cluster3=1) * P(cluster3=1|cluster8=1)[0.0131072]=0.00262144
binkey=15 [Edge status: 1 1 1 1 0 0 0 0 ] P(G)=P(cluster8=1)[0.2] * P(cluster1=1|cluster2=1) * P(cluster9=0|cluster6=0) * P(cluster7=0|cluster10=0) * P(cluster10=0|cluster6=0) * P(cluster6=0|cluster2=1) * P(cluster2=1|cluster3=1) * P(cluster3=1|cluster8=1)[0.0524288]=0.0104858
binkey=127 [Edge status: 1 1 1 1 1 1 1 0 ] P(G)=P(cluster8=1)[0.2] * P(cluster1=1|cluster2=1) * P(cluster9=1|cluster6=1) * P(cluster7=0|cluster10=1) * P(cluster10=1|cluster6=1) * P(cluster6=1|cluster2=1) * P(cluster2=1|cluster3=1) * P(cluster3=1|cluster8=1)[0.0524288]=0.0104858
binkey=95 [Edge status: 1 1 1 1 1 0 1 0 ] P(G)=P(cluster8=1)[0.2] * P(cluster1=1|cluster2=1) * P(cluster9=0|cluster6=1) * P(cluster7=0|cluster10=1) * P(cluster10=1|cluster6=1) * P(cluster6=1|cluster2=1) * P(cluster2=1|cluster3=1) * P(cluster3=1|cluster8=1)[0.0131072]=0.00262144
binkey=63 [Edge status: 1 1 1 1 1 1 0 0 ] P(G)=P(cluster8=1)[0.2] * P(cluster1=1|cluster2=1) * P(cluster9=1|cluster6=1) * P(cluster7=0|cluster10=0) * P(cluster10=0|cluster6=1) * P(cluster6=1|cluster2=1) * P(cluster2=1|cluster3=1) * P(cluster3=1|cluster8=1)[0.0524288]=0.0104858
binkey=31 [Edge status: 1 1 1 1 1 0 0 0 ] P(G)=P(cluster8=1)[0.2] * P(cluster1=1|cluster2=1) * P(cluster9=0|cluster6=1) * P(cluster7=0|cluster10=0) * P(cluster10=0|cluster6=1) * P(cluster6=1|cluster2=1) * P(cluster2=1|cluster3=1) * P(cluster3=1|cluster8=1)[0.0131072]=0.00262144
ITERATION 0 newScore=-2.74114e+06 diffscore=15381.9 priorChange=-106.745 successMove=64
binkey=254 [Edge status: 0 1 1 1 1 1 1 1 ] P(G)=P(cluster8=0)[0.8] * P(cluster1=1|cluster2=1) * P(cluster9=1|cluster6=1) * P(cluster7=1|cluster10=1) * P(cluster10=1|cluster6=1) * P(cluster6=1|cluster2=1) * P(cluster2=1|cluster3=1) * P(cluster3=1|cluster8=0)[0.0524288]=0.041943
ITERATION 1 newScore=-2.73247e+06 diffscore=8673.91 priorChange=-113.676 successMove=51
ITERATION 2 newScore=-2.72895e+06 diffscore=3519.88 priorChange=-121.994 successMove=54
ITERATION 3 newScore=-2.72471e+06 diffscore=4236.13 priorChange=-130.312 successMove=54
ITERATION 4 newScore=-2.71952e+06 diffscore=5191.87 priorChange=-105.358 successMove=52
ITERATION 5 newScore=-2.71647e+06 diffscore=3054.89 priorChange=-121.994 successMove=51
ITERATION 6 newScore=-2.71245e+06 diffscore=4015.19 priorChange=-117.835 successMove=55
ITERATION 7 newScore=-2.70814e+06 diffscore=4312.64 priorChange=-110.904 successMove=51
ITERATION 8 newScore=-2.70587e+06 diffscore=2270.98 priorChange=-109.517 successMove=52
ITERATION 9 newScore=-2.70278e+06 diffscore=3088.56 priorChange=-110.904 successMove=50
ITERATION 10 newScore=-2.69977e+06 diffscore=3009.4 priorChange=-110.904 successMove=62
ITERATION 11 newScore=-2.69838e+06 diffscore=1393.97 priorChange=-110.904 successMove=51
ITERATION 12 newScore=-2.69769e+06 diffscore=684.723 priorChange=-106.745 successMove=51
ITERATION 13 newScore=-2.6943e+06 diffscore=3387.75 priorChange=-101.199 successMove=51
ITERATION 14 newScore=-2.69353e+06 diffscore=773.607 priorChange=-108.131 successMove=48
ITERATION 15 newScore=-2.69125e+06 diffscore=2277.73 priorChange=-109.517 successMove=48
ITERATION 16 newScore=-2.68686e+06 diffscore=4387.9 priorChange=-112.29 successMove=50
ITERATION 17 newScore=-2.68448e+06 diffscore=2380.44 priorChange=-102.586 successMove=49
ITERATION 18 newScore=-2.68311e+06 diffscore=1378.74 priorChange=-101.199 successMove=49
ITERATION 19 newScore=-2.68228e+06 diffscore=822.693 priorChange=-101.199 successMove=50
ITERATION 20 newScore=-2.6808e+06 diffscore=1485.71 priorChange=-101.199 successMove=47
ITERATION 21 newScore=-2.67742e+06 diffscore=3373.61 priorChange=-91.4954 successMove=48
ITERATION 22 newScore=-2.67459e+06 diffscore=2830.78 priorChange=-94.268 successMove=48
ITERATION 23 newScore=-2.67133e+06 diffscore=3266.96 priorChange=-101.199 successMove=47
ITERATION 24 newScore=-2.66989e+06 diffscore=1431.75 priorChange=-90.1091 successMove=48
ITERATION 25 newScore=-2.6673e+06 diffscore=2596.08 priorChange=-97.0406 successMove=47
ITERATION 26 newScore=-2.66499e+06 diffscore=2307.26 priorChange=-103.972 successMove=47
ITERATION 27 newScore=-2.66345e+06 diffscore=1541.47 priorChange=-101.199 successMove=48
ITERATION 28 newScore=-2.65997e+06 diffscore=3483.08 priorChange=-103.972 successMove=47
ITERATION 29 newScore=-2.65927e+06 diffscore=700.81 priorChange=-116.449 successMove=50
ITERATION 30 newScore=-2.65888e+06 diffscore=390.479 priorChange=-105.358 successMove=47
ITERATION 31 newScore=-2.65847e+06 diffscore=407.223 priorChange=-99.8132 successMove=51
ITERATION 32 newScore=-2.65574e+06 diffscore=2729.48 priorChange=-101.199 successMove=48
ITERATION 33 newScore=-2.6552e+06 diffscore=539.193 priorChange=-92.8817 successMove=49
ITERATION 34 newScore=-2.6533e+06 diffscore=1898.4 priorChange=-105.358 successMove=47
ITERATION 35 newScore=-2.65047e+06 diffscore=2832.94 priorChange=-94.268 successMove=48
ITERATION 36 newScore=-2.64902e+06 diffscore=1449.92 priorChange=-92.8817 successMove=47
ITERATION 37 newScore=-2.64841e+06 diffscore=603.941 priorChange=-94.268 successMove=46
ITERATION 38 newScore=-2.64702e+06 diffscore=1395.85 priorChange=-99.8132 successMove=45
ITERATION 39 newScore=-2.64555e+06 diffscore=1465.19 priorChange=-81.7914 successMove=45
ITERATION 40 newScore=-2.644e+06 diffscore=1554.12 priorChange=-94.268 successMove=45
ITERATION 41 newScore=-2.64108e+06 diffscore=2918.15 priorChange=-98.4269 successMove=48
ITERATION 42 newScore=-2.63949e+06 diffscore=1592.55 priorChange=-91.4954 successMove=46
ITERATION 43 newScore=-2.6384e+06 diffscore=1085.11 priorChange=-91.4954 successMove=44
ITERATION 44 newScore=-2.63814e+06 diffscore=265.832 priorChange=-94.268 successMove=45
ITERATION 45 newScore=-2.63777e+06 diffscore=372.08 priorChange=-99.8132 successMove=45
ITERATION 46 newScore=-2.63734e+06 diffscore=421.016 priorChange=-77.6325 successMove=43
ITERATION 47 newScore=-2.63707e+06 diffscore=271.604 priorChange=-81.7914 successMove=41
ITERATION 48 newScore=-2.63602e+06 diffscore=1052.48 priorChange=-95.6543 successMove=41
ITERATION 49 newScore=-2.63578e+06 diffscore=237.885 priorChange=-80.4051 successMove=41
ITERATION 50 newScore=-2.63545e+06 diffscore=335.634 priorChange=-81.7914 successMove=41
ITERATION 51 newScore=-2.63405e+06 diffscore=1395.45 priorChange=-87.3365 successMove=41
ITERATION 52 newScore=-2.6338e+06 diffscore=254.77 priorChange=-79.0188 successMove=41
ITERATION 53 newScore=-2.63357e+06 diffscore=225.636 priorChange=-77.6325 successMove=41
ITERATION 54 newScore=-2.6332e+06 diffscore=368.174 priorChange=-79.0188 successMove=41
ITERATION 55 newScore=-2.63295e+06 diffscore=248.88 priorChange=-72.0873 successMove=40
ITERATION 56 newScore=-2.63262e+06 diffscore=335.022 priorChange=-70.701 successMove=37
ITERATION 57 newScore=-2.6324e+06 diffscore=218.787 priorChange=-79.0188 successMove=37
ITERATION 58 newScore=-2.63117e+06 diffscore=1227 priorChange=-58.2244 successMove=37
ITERATION 59 newScore=-2.62963e+06 diffscore=1541.98 priorChange=-72.0873 successMove=37
ITERATION 60 newScore=-2.62835e+06 diffscore=1279.21 priorChange=-62.3832 successMove=35
ITERATION 61 newScore=-2.6282e+06 diffscore=155.256 priorChange=-56.8381 successMove=35
ITERATION 62 newScore=-2.62801e+06 diffscore=185.135 priorChange=-49.9066 successMove=31
ITERATION 63 newScore=-2.62779e+06 diffscore=226.117 priorChange=-60.997 successMove=32
ITERATION 64 newScore=-2.62739e+06 diffscore=394.94 priorChange=-66.5421 successMove=31
ITERATION 65 newScore=-2.62609e+06 diffscore=1298.51 priorChange=-65.1558 successMove=33
ITERATION 66 newScore=-2.62559e+06 diffscore=506.384 priorChange=-69.3147 successMove=30
ITERATION 67 newScore=-2.6253e+06 diffscore=282.58 priorChange=-55.4518 successMove=29
ITERATION 68 newScore=-2.62478e+06 diffscore=520.949 priorChange=-54.0655 successMove=28
ITERATION 69 newScore=-2.62151e+06 diffscore=3276.13 priorChange=-60.997 successMove=29
ITERATION 70 newScore=-2.62112e+06 diffscore=389.641 priorChange=-58.2244 successMove=28
ITERATION 71 newScore=-2.61997e+06 diffscore=1147.5 priorChange=-56.8381 successMove=28
ITERATION 72 newScore=-2.61977e+06 diffscore=201.124 priorChange=-48.5203 successMove=27
ITERATION 73 newScore=-2.61962e+06 diffscore=149.248 priorChange=-62.3832 successMove=26
ITERATION 74 newScore=-2.61945e+06 diffscore=172.406 priorChange=-55.4518 successMove=27
ITERATION 75 newScore=-2.6192e+06 diffscore=241.996 priorChange=-56.8381 successMove=25
ITERATION 76 newScore=-2.61871e+06 diffscore=496.515 priorChange=-54.0655 successMove=23
ITERATION 77 newScore=-2.61845e+06 diffscore=255.303 priorChange=-44.3614 successMove=23
ITERATION 78 newScore=-2.61734e+06 diffscore=1111.15 priorChange=-33.2711 successMove=21
ITERATION 79 newScore=-2.61724e+06 diffscore=98.1025 priorChange=-41.5888 successMove=20
ITERATION 80 newScore=-2.61717e+06 diffscore=72.282 priorChange=-44.3614 successMove=20
ITERATION 81 newScore=-2.61636e+06 diffscore=805.625 priorChange=-41.5888 successMove=19
ITERATION 82 newScore=-2.61595e+06 diffscore=417.143 priorChange=-33.2711 successMove=17
ITERATION 83 newScore=-2.61585e+06 diffscore=96.236 priorChange=-37.4299 successMove=15
ITERATION 84 newScore=-2.61512e+06 diffscore=727.242 priorChange=-37.4299 successMove=15
ITERATION 85 newScore=-2.61507e+06 diffscore=54.0191 priorChange=-27.7259 successMove=15
ITERATION 86 newScore=-2.61502e+06 diffscore=52.3671 priorChange=-27.7259 successMove=12
ITERATION 87 newScore=-2.61495e+06 diffscore=68.6613 priorChange=-20.7944 successMove=12
ITERATION 88 newScore=-2.61488e+06 diffscore=72.57 priorChange=-23.567 successMove=12
ITERATION 89 newScore=-2.61481e+06 diffscore=69.3801 priorChange=-29.1122 successMove=12
ITERATION 90 newScore=-2.61475e+06 diffscore=58.9279 priorChange=-27.7259 successMove=13
ITERATION 91 newScore=-2.61468e+06 diffscore=68.9163 priorChange=-26.3396 successMove=12
ITERATION 92 newScore=-2.61461e+06 diffscore=70.5121 priorChange=-31.8848 successMove=12
ITERATION 93 newScore=-2.61452e+06 diffscore=89.7286 priorChange=-36.0437 successMove=12
ITERATION 94 newScore=-2.61445e+06 diffscore=72.6167 priorChange=-23.567 successMove=11
ITERATION 95 newScore=-2.61428e+06 diffscore=166.871 priorChange=-15.2492 successMove=7
ITERATION 96 newScore=-2.61425e+06 diffscore=33.5049 priorChange=-15.2492 successMove=7
ITERATION 97 newScore=-2.61421e+06 diffscore=33.9066 priorChange=-11.0904 successMove=7
ITERATION 98 newScore=-2.61418e+06 diffscore=35.6541 priorChange=-13.8629 successMove=6
ITERATION 99 newScore=-2.61409e+06 diffscore=84.674 priorChange=-9.70406 successMove=4
MetaLearner::dumpAllGraphs
Final Score -2.61409e+06
MetaLearner::start runtime: 1771175268 ms
Results/
Results/cluster8/
Results/cluster8/scoreFile.txt
Results/cluster8/fold0/
Results/cluster8/fold0/modelparams.txt
Results/cluster8/fold0/var_mb_pw_k50.txt
Results/cluster1/
Results/cluster1/fold0/
Results/cluster1/fold0/modelparams.txt
Results/cluster1/fold0/var_mb_pw_k50.txt
Results/cluster6/
Results/cluster6/fold0/
Results/cluster6/fold0/modelparams.txt
Results/cluster6/fold0/var_mb_pw_k50.txt
Results/cluster9/
Results/cluster9/fold0/
Results/cluster9/fold0/modelparams.txt
Results/cluster9/fold0/var_mb_pw_k50.txt
Results/cluster10/
Results/cluster10/fold0/
Results/cluster10/fold0/modelparams.txt
Results/cluster10/fold0/var_mb_pw_k50.txt
Results/cluster3/
Results/cluster3/fold0/
Results/cluster3/fold0/modelparams.txt
Results/cluster3/fold0/var_mb_pw_k50.txt
Results/cluster2/
Results/cluster2/fold0/
Results/cluster2/fold0/modelparams.txt
Results/cluster2/fold0/var_mb_pw_k50.txt
Results/cluster7/
Results/cluster7/fold0/
Results/cluster7/fold0/modelparams.txt
Results/cluster7/fold0/var_mb_pw_k50.txt
