./CVN -f config_condor.txt -x50 -v1 -l TFs_OGs.txt -n AllGenes217.txt -d celltype_tree_ancestor.txt -m testdata_ogids.txt -s celltype_order.txt -p 0.2 -c yes -b -4 -q 4
(cluster3|cluster8) p_maintain_edge=0.8 p_gain=0.2
(cluster2|cluster3) p_maintain_edge=0.8 p_gain=0.2
(cluster1|cluster2) p_maintain_edge=0.8 p_gain=0.2
(cluster6|cluster2) p_maintain_edge=0.8 p_gain=0.2
(cluster9|cluster6) p_maintain_edge=0.8 p_gain=0.2
(cluster10|cluster6) p_maintain_edge=0.8 p_gain=0.2
(cluster7|cluster10) p_maintain_edge=0.8 p_gain=0.2
speciesSet.size()=8 Root is cluster8
MappedOrthogroupReader::readSpeciesMapping() --- celltype_order.txt
MappedOrthogroupReader::readFile - testdata_ogids.txt
MappedOrthogroupReader::generateGeneOrthoMap()
MetaLearner::init_onefold() read:config_condor.txt
MetaLearner::setinputVariableNames number of variables: 2030
readEvidenceTable:cluster8.table
PotentialManager::loadEvidenceFromTable varCount=2030 sampleCount=348
motifNetwork.size() = 319
0=cluster8 motifNetwork=cluster8_network.txt
variable size=2030
readEvidenceTable:cluster3.table
PotentialManager::loadEvidenceFromTable varCount=2030 sampleCount=95
motifNetwork.size() = 326
1=cluster3 motifNetwork=cluster3_network.txt
variable size=2030
readEvidenceTable:cluster2.table
PotentialManager::loadEvidenceFromTable varCount=2030 sampleCount=386
motifNetwork.size() = 328
2=cluster2 motifNetwork=cluster2_network.txt
variable size=2030
readEvidenceTable:cluster1.table
PotentialManager::loadEvidenceFromTable varCount=2030 sampleCount=36
motifNetwork.size() = 322
3=cluster1 motifNetwork=cluster1_network.txt
variable size=2030
readEvidenceTable:cluster6.table
PotentialManager::loadEvidenceFromTable varCount=2030 sampleCount=524
motifNetwork.size() = 320
4=cluster6 motifNetwork=cluster6_network.txt
variable size=2030
readEvidenceTable:cluster9.table
PotentialManager::loadEvidenceFromTable varCount=2030 sampleCount=184
motifNetwork.size() = 327
5=cluster9 motifNetwork=cluster9_network.txt
variable size=2030
readEvidenceTable:cluster10.table
PotentialManager::loadEvidenceFromTable varCount=2030 sampleCount=165
motifNetwork.size() = 326
6=cluster10 motifNetwork=cluster10_network.txt
variable size=2030
readEvidenceTable:cluster7.table
PotentialManager::loadEvidenceFromTable varCount=2030 sampleCount=1032
motifNetwork.size() = 320
7=cluster7 motifNetwork=cluster7_network.txt
variable size=2030
-------------------------------------------------------------
MetaLearner::start
precomputeEmptyGraphPrior
binkey=0 [Edge status: 0 0 0 0 0 0 0 0 ] P(G)=P(cluster8=0)[0.8] * P(cluster1=0|cluster2=0) * P(cluster9=0|cluster6=0) * P(cluster7=0|cluster10=0) * P(cluster10=0|cluster6=0) * P(cluster6=0|cluster2=0) * P(cluster2=0|cluster3=0) * P(cluster3=0|cluster8=0)[0.209715]=0.167772
condsetMap_Tree
0 cluster8=0 cluster3=0 cluster2=0 cluster1=0 cluster6=0 cluster9=0 cluster10=0 cluster7=1
1 cluster8=0 cluster3=0 cluster2=0 cluster1=0 cluster6=0 cluster9=1 cluster10=0 cluster7=0
2 cluster8=0 cluster3=0 cluster2=0 cluster1=0 cluster6=0 cluster9=1 cluster10=0 cluster7=1
3 cluster8=0 cluster3=0 cluster2=0 cluster1=1 cluster6=0 cluster9=0 cluster10=0 cluster7=0
4 cluster8=0 cluster3=0 cluster2=0 cluster1=1 cluster6=0 cluster9=0 cluster10=0 cluster7=1
5 cluster8=0 cluster3=0 cluster2=0 cluster1=1 cluster6=0 cluster9=1 cluster10=0 cluster7=0
6 cluster8=0 cluster3=0 cluster2=0 cluster1=1 cluster6=0 cluster9=1 cluster10=0 cluster7=1
7 cluster8=0 cluster3=0 cluster2=0 cluster1=0 cluster6=0 cluster9=0 cluster10=1 cluster7=1
8 cluster8=0 cluster3=0 cluster2=0 cluster1=0 cluster6=0 cluster9=1 cluster10=1 cluster7=1
9 cluster8=0 cluster3=0 cluster2=0 cluster1=1 cluster6=0 cluster9=0 cluster10=1 cluster7=1
10 cluster8=0 cluster3=0 cluster2=0 cluster1=1 cluster6=0 cluster9=1 cluster10=1 cluster7=1
11 cluster8=0 cluster3=0 cluster2=0 cluster1=0 cluster6=1 cluster9=1 cluster10=1 cluster7=1
12 cluster8=0 cluster3=0 cluster2=0 cluster1=1 cluster6=1 cluster9=1 cluster10=1 cluster7=1
13 cluster8=0 cluster3=0 cluster2=1 cluster1=1 cluster6=1 cluster9=1 cluster10=1 cluster7=1
14 cluster8=0 cluster3=1 cluster2=1 cluster1=1 cluster6=1 cluster9=1 cluster10=1 cluster7=1
15 cluster8=1 cluster3=1 cluster2=1 cluster1=1 cluster6=1 cluster9=1 cluster10=1 cluster7=1
16 cluster8=1 cluster3=1 cluster2=1 cluster1=1 cluster6=1 cluster9=1 cluster10=1 cluster7=0
17 cluster8=1 cluster3=1 cluster2=1 cluster1=1 cluster6=1 cluster9=0 cluster10=1 cluster7=1
18 cluster8=1 cluster3=1 cluster2=1 cluster1=1 cluster6=1 cluster9=0 cluster10=1 cluster7=0
19 cluster8=1 cluster3=1 cluster2=1 cluster1=0 cluster6=1 cluster9=1 cluster10=1 cluster7=1
20 cluster8=1 cluster3=1 cluster2=1 cluster1=0 cluster6=1 cluster9=1 cluster10=1 cluster7=0
21 cluster8=1 cluster3=1 cluster2=1 cluster1=0 cluster6=1 cluster9=0 cluster10=1 cluster7=1
22 cluster8=1 cluster3=1 cluster2=1 cluster1=0 cluster6=1 cluster9=0 cluster10=1 cluster7=0
23 cluster8=1 cluster3=1 cluster2=1 cluster1=1 cluster6=1 cluster9=1 cluster10=0 cluster7=0
24 cluster8=1 cluster3=1 cluster2=1 cluster1=1 cluster6=1 cluster9=0 cluster10=0 cluster7=0
25 cluster8=1 cluster3=1 cluster2=1 cluster1=0 cluster6=1 cluster9=1 cluster10=0 cluster7=0
26 cluster8=1 cluster3=1 cluster2=1 cluster1=0 cluster6=1 cluster9=0 cluster10=0 cluster7=0
27 cluster8=1 cluster3=1 cluster2=1 cluster1=1 cluster6=0 cluster9=0 cluster10=0 cluster7=0
28 cluster8=1 cluster3=1 cluster2=1 cluster1=0 cluster6=0 cluster9=0 cluster10=0 cluster7=0
29 cluster8=1 cluster3=1 cluster2=0 cluster1=0 cluster6=0 cluster9=0 cluster10=0 cluster7=0
30 cluster8=1 cluster3=0 cluster2=0 cluster1=0 cluster6=0 cluster9=0 cluster10=0 cluster7=0
31 cluster8=0 cluster3=0 cluster2=0 cluster1=0 cluster6=1 cluster9=0 cluster10=0 cluster7=0
32 cluster8=0 cluster3=0 cluster2=1 cluster1=0 cluster6=0 cluster9=0 cluster10=0 cluster7=0
33 cluster8=0 cluster3=0 cluster2=0 cluster1=0 cluster6=0 cluster9=0 cluster10=1 cluster7=0
34 cluster8=0 cluster3=1 cluster2=0 cluster1=0 cluster6=0 cluster9=0 cluster10=0 cluster7=0
inputRegulatorOGs.size() = 1999 inputOGList.size() = 50
binkey=8 [Edge status: 0 0 0 1 0 0 0 0 ] P(G)=P(cluster8=0)[0.8] * P(cluster1=1|cluster2=0) * P(cluster9=0|cluster6=0) * P(cluster7=0|cluster10=0) * P(cluster10=0|cluster6=0) * P(cluster6=0|cluster2=0) * P(cluster2=0|cluster3=0) * P(cluster3=0|cluster8=0)[0.0524288]=0.041943
binkey=2 [Edge status: 0 1 0 0 0 0 0 0 ] P(G)=P(cluster8=0)[0.8] * P(cluster1=0|cluster2=0) * P(cluster9=0|cluster6=0) * P(cluster7=0|cluster10=0) * P(cluster10=0|cluster6=0) * P(cluster6=0|cluster2=0) * P(cluster2=0|cluster3=1) * P(cluster3=1|cluster8=0)[0.0131072]=0.0104858
binkey=1 [Edge status: 1 0 0 0 0 0 0 0 ] P(G)=P(cluster8=1)[0.2] * P(cluster1=0|cluster2=0) * P(cluster9=0|cluster6=0) * P(cluster7=0|cluster10=0) * P(cluster10=0|cluster6=0) * P(cluster6=0|cluster2=0) * P(cluster2=0|cluster3=0) * P(cluster3=0|cluster8=1)[0.0524288]=0.0104858
binkey=4 [Edge status: 0 0 1 0 0 0 0 0 ] P(G)=P(cluster8=0)[0.8] * P(cluster1=0|cluster2=1) * P(cluster9=0|cluster6=0) * P(cluster7=0|cluster10=0) * P(cluster10=0|cluster6=0) * P(cluster6=0|cluster2=1) * P(cluster2=1|cluster3=0) * P(cluster3=0|cluster8=0)[0.0032768]=0.00262144
binkey=128 [Edge status: 0 0 0 0 0 0 0 1 ] P(G)=P(cluster8=0)[0.8] * P(cluster1=0|cluster2=0) * P(cluster9=0|cluster6=0) * P(cluster7=1|cluster10=0) * P(cluster10=0|cluster6=0) * P(cluster6=0|cluster2=0) * P(cluster2=0|cluster3=0) * P(cluster3=0|cluster8=0)[0.0524288]=0.041943
binkey=32 [Edge status: 0 0 0 0 0 1 0 0 ] P(G)=P(cluster8=0)[0.8] * P(cluster1=0|cluster2=0) * P(cluster9=1|cluster6=0) * P(cluster7=0|cluster10=0) * P(cluster10=0|cluster6=0) * P(cluster6=0|cluster2=0) * P(cluster2=0|cluster3=0) * P(cluster3=0|cluster8=0)[0.0524288]=0.041943
binkey=16 [Edge status: 0 0 0 0 1 0 0 0 ] P(G)=P(cluster8=0)[0.8] * P(cluster1=0|cluster2=0) * P(cluster9=0|cluster6=1) * P(cluster7=0|cluster10=0) * P(cluster10=0|cluster6=1) * P(cluster6=1|cluster2=0) * P(cluster2=0|cluster3=0) * P(cluster3=0|cluster8=0)[0.0032768]=0.00262144
binkey=64 [Edge status: 0 0 0 0 0 0 1 0 ] P(G)=P(cluster8=0)[0.8] * P(cluster1=0|cluster2=0) * P(cluster9=0|cluster6=0) * P(cluster7=0|cluster10=1) * P(cluster10=1|cluster6=0) * P(cluster6=0|cluster2=0) * P(cluster2=0|cluster3=0) * P(cluster3=0|cluster8=0)[0.0131072]=0.0104858
binkey=87 [Edge status: 1 1 1 0 1 0 1 0 ] P(G)=P(cluster8=1)[0.2] * P(cluster1=0|cluster2=1) * P(cluster9=0|cluster6=1) * P(cluster7=0|cluster10=1) * P(cluster10=1|cluster6=1) * P(cluster6=1|cluster2=1) * P(cluster2=1|cluster3=1) * P(cluster3=1|cluster8=1)[0.0032768]=0.00065536
binkey=23 [Edge status: 1 1 1 0 1 0 0 0 ] P(G)=P(cluster8=1)[0.2] * P(cluster1=0|cluster2=1) * P(cluster9=0|cluster6=1) * P(cluster7=0|cluster10=0) * P(cluster10=0|cluster6=1) * P(cluster6=1|cluster2=1) * P(cluster2=1|cluster3=1) * P(cluster3=1|cluster8=1)[0.0032768]=0.00065536
binkey=7 [Edge status: 1 1 1 0 0 0 0 0 ] P(G)=P(cluster8=1)[0.2] * P(cluster1=0|cluster2=1) * P(cluster9=0|cluster6=0) * P(cluster7=0|cluster10=0) * P(cluster10=0|cluster6=0) * P(cluster6=0|cluster2=1) * P(cluster2=1|cluster3=1) * P(cluster3=1|cluster8=1)[0.0131072]=0.00262144
binkey=3 [Edge status: 1 1 0 0 0 0 0 0 ] P(G)=P(cluster8=1)[0.2] * P(cluster1=0|cluster2=0) * P(cluster9=0|cluster6=0) * P(cluster7=0|cluster10=0) * P(cluster10=0|cluster6=0) * P(cluster6=0|cluster2=0) * P(cluster2=0|cluster3=1) * P(cluster3=1|cluster8=1)[0.0524288]=0.0104858
binkey=40 [Edge status: 0 0 0 1 0 1 0 0 ] P(G)=P(cluster8=0)[0.8] * P(cluster1=1|cluster2=0) * P(cluster9=1|cluster6=0) * P(cluster7=0|cluster10=0) * P(cluster10=0|cluster6=0) * P(cluster6=0|cluster2=0) * P(cluster2=0|cluster3=0) * P(cluster3=0|cluster8=0)[0.0131072]=0.0104858
binkey=136 [Edge status: 0 0 0 1 0 0 0 1 ] P(G)=P(cluster8=0)[0.8] * P(cluster1=1|cluster2=0) * P(cluster9=0|cluster6=0) * P(cluster7=1|cluster10=0) * P(cluster10=0|cluster6=0) * P(cluster6=0|cluster2=0) * P(cluster2=0|cluster3=0) * P(cluster3=0|cluster8=0)[0.0131072]=0.0104858
binkey=160 [Edge status: 0 0 0 0 0 1 0 1 ] P(G)=P(cluster8=0)[0.8] * P(cluster1=0|cluster2=0) * P(cluster9=1|cluster6=0) * P(cluster7=1|cluster10=0) * P(cluster10=0|cluster6=0) * P(cluster6=0|cluster2=0) * P(cluster2=0|cluster3=0) * P(cluster3=0|cluster8=0)[0.0131072]=0.0104858
binkey=192 [Edge status: 0 0 0 0 0 0 1 1 ] P(G)=P(cluster8=0)[0.8] * P(cluster1=0|cluster2=0) * P(cluster9=0|cluster6=0) * P(cluster7=1|cluster10=1) * P(cluster10=1|cluster6=0) * P(cluster6=0|cluster2=0) * P(cluster2=0|cluster3=0) * P(cluster3=0|cluster8=0)[0.0524288]=0.041943
binkey=224 [Edge status: 0 0 0 0 0 1 1 1 ] P(G)=P(cluster8=0)[0.8] * P(cluster1=0|cluster2=0) * P(cluster9=1|cluster6=0) * P(cluster7=1|cluster10=1) * P(cluster10=1|cluster6=0) * P(cluster6=0|cluster2=0) * P(cluster2=0|cluster3=0) * P(cluster3=0|cluster8=0)[0.0131072]=0.0104858
binkey=200 [Edge status: 0 0 0 1 0 0 1 1 ] P(G)=P(cluster8=0)[0.8] * P(cluster1=1|cluster2=0) * P(cluster9=0|cluster6=0) * P(cluster7=1|cluster10=1) * P(cluster10=1|cluster6=0) * P(cluster6=0|cluster2=0) * P(cluster2=0|cluster3=0) * P(cluster3=0|cluster8=0)[0.0131072]=0.0104858
binkey=168 [Edge status: 0 0 0 1 0 1 0 1 ] P(G)=P(cluster8=0)[0.8] * P(cluster1=1|cluster2=0) * P(cluster9=1|cluster6=0) * P(cluster7=1|cluster10=0) * P(cluster10=0|cluster6=0) * P(cluster6=0|cluster2=0) * P(cluster2=0|cluster3=0) * P(cluster3=0|cluster8=0)[0.0032768]=0.00262144
binkey=240 [Edge status: 0 0 0 0 1 1 1 1 ] P(G)=P(cluster8=0)[0.8] * P(cluster1=0|cluster2=0) * P(cluster9=1|cluster6=1) * P(cluster7=1|cluster10=1) * P(cluster10=1|cluster6=1) * P(cluster6=1|cluster2=0) * P(cluster2=0|cluster3=0) * P(cluster3=0|cluster8=0)[0.0524288]=0.041943
binkey=232 [Edge status: 0 0 0 1 0 1 1 1 ] P(G)=P(cluster8=0)[0.8] * P(cluster1=1|cluster2=0) * P(cluster9=1|cluster6=0) * P(cluster7=1|cluster10=1) * P(cluster10=1|cluster6=0) * P(cluster6=0|cluster2=0) * P(cluster2=0|cluster3=0) * P(cluster3=0|cluster8=0)[0.0032768]=0.00262144
binkey=248 [Edge status: 0 0 0 1 1 1 1 1 ] P(G)=P(cluster8=0)[0.8] * P(cluster1=1|cluster2=0) * P(cluster9=1|cluster6=1) * P(cluster7=1|cluster10=1) * P(cluster10=1|cluster6=1) * P(cluster6=1|cluster2=0) * P(cluster2=0|cluster3=0) * P(cluster3=0|cluster8=0)[0.0131072]=0.0104858
binkey=252 [Edge status: 0 0 1 1 1 1 1 1 ] P(G)=P(cluster8=0)[0.8] * P(cluster1=1|cluster2=1) * P(cluster9=1|cluster6=1) * P(cluster7=1|cluster10=1) * P(cluster10=1|cluster6=1) * P(cluster6=1|cluster2=1) * P(cluster2=1|cluster3=0) * P(cluster3=0|cluster8=0)[0.0524288]=0.041943
binkey=254 [Edge status: 0 1 1 1 1 1 1 1 ] P(G)=P(cluster8=0)[0.8] * P(cluster1=1|cluster2=1) * P(cluster9=1|cluster6=1) * P(cluster7=1|cluster10=1) * P(cluster10=1|cluster6=1) * P(cluster6=1|cluster2=1) * P(cluster2=1|cluster3=1) * P(cluster3=1|cluster8=0)[0.0524288]=0.041943
binkey=255 [Edge status: 1 1 1 1 1 1 1 1 ] P(G)=P(cluster8=1)[0.2] * P(cluster1=1|cluster2=1) * P(cluster9=1|cluster6=1) * P(cluster7=1|cluster10=1) * P(cluster10=1|cluster6=1) * P(cluster6=1|cluster2=1) * P(cluster2=1|cluster3=1) * P(cluster3=1|cluster8=1)[0.209715]=0.041943
binkey=127 [Edge status: 1 1 1 1 1 1 1 0 ] P(G)=P(cluster8=1)[0.2] * P(cluster1=1|cluster2=1) * P(cluster9=1|cluster6=1) * P(cluster7=0|cluster10=1) * P(cluster10=1|cluster6=1) * P(cluster6=1|cluster2=1) * P(cluster2=1|cluster3=1) * P(cluster3=1|cluster8=1)[0.0524288]=0.0104858
binkey=223 [Edge status: 1 1 1 1 1 0 1 1 ] P(G)=P(cluster8=1)[0.2] * P(cluster1=1|cluster2=1) * P(cluster9=0|cluster6=1) * P(cluster7=1|cluster10=1) * P(cluster10=1|cluster6=1) * P(cluster6=1|cluster2=1) * P(cluster2=1|cluster3=1) * P(cluster3=1|cluster8=1)[0.0524288]=0.0104858
binkey=95 [Edge status: 1 1 1 1 1 0 1 0 ] P(G)=P(cluster8=1)[0.2] * P(cluster1=1|cluster2=1) * P(cluster9=0|cluster6=1) * P(cluster7=0|cluster10=1) * P(cluster10=1|cluster6=1) * P(cluster6=1|cluster2=1) * P(cluster2=1|cluster3=1) * P(cluster3=1|cluster8=1)[0.0131072]=0.00262144
binkey=247 [Edge status: 1 1 1 0 1 1 1 1 ] P(G)=P(cluster8=1)[0.2] * P(cluster1=0|cluster2=1) * P(cluster9=1|cluster6=1) * P(cluster7=1|cluster10=1) * P(cluster10=1|cluster6=1) * P(cluster6=1|cluster2=1) * P(cluster2=1|cluster3=1) * P(cluster3=1|cluster8=1)[0.0524288]=0.0104858
binkey=119 [Edge status: 1 1 1 0 1 1 1 0 ] P(G)=P(cluster8=1)[0.2] * P(cluster1=0|cluster2=1) * P(cluster9=1|cluster6=1) * P(cluster7=0|cluster10=1) * P(cluster10=1|cluster6=1) * P(cluster6=1|cluster2=1) * P(cluster2=1|cluster3=1) * P(cluster3=1|cluster8=1)[0.0131072]=0.00262144
binkey=215 [Edge status: 1 1 1 0 1 0 1 1 ] P(G)=P(cluster8=1)[0.2] * P(cluster1=0|cluster2=1) * P(cluster9=0|cluster6=1) * P(cluster7=1|cluster10=1) * P(cluster10=1|cluster6=1) * P(cluster6=1|cluster2=1) * P(cluster2=1|cluster3=1) * P(cluster3=1|cluster8=1)[0.0131072]=0.00262144
binkey=63 [Edge status: 1 1 1 1 1 1 0 0 ] P(G)=P(cluster8=1)[0.2] * P(cluster1=1|cluster2=1) * P(cluster9=1|cluster6=1) * P(cluster7=0|cluster10=0) * P(cluster10=0|cluster6=1) * P(cluster6=1|cluster2=1) * P(cluster2=1|cluster3=1) * P(cluster3=1|cluster8=1)[0.0524288]=0.0104858
binkey=31 [Edge status: 1 1 1 1 1 0 0 0 ] P(G)=P(cluster8=1)[0.2] * P(cluster1=1|cluster2=1) * P(cluster9=0|cluster6=1) * P(cluster7=0|cluster10=0) * P(cluster10=0|cluster6=1) * P(cluster6=1|cluster2=1) * P(cluster2=1|cluster3=1) * P(cluster3=1|cluster8=1)[0.0131072]=0.00262144
binkey=55 [Edge status: 1 1 1 0 1 1 0 0 ] P(G)=P(cluster8=1)[0.2] * P(cluster1=0|cluster2=1) * P(cluster9=1|cluster6=1) * P(cluster7=0|cluster10=0) * P(cluster10=0|cluster6=1) * P(cluster6=1|cluster2=1) * P(cluster2=1|cluster3=1) * P(cluster3=1|cluster8=1)[0.0131072]=0.00262144
binkey=15 [Edge status: 1 1 1 1 0 0 0 0 ] P(G)=P(cluster8=1)[0.2] * P(cluster1=1|cluster2=1) * P(cluster9=0|cluster6=0) * P(cluster7=0|cluster10=0) * P(cluster10=0|cluster6=0) * P(cluster6=0|cluster2=1) * P(cluster2=1|cluster3=1) * P(cluster3=1|cluster8=1)[0.0524288]=0.0104858
ITERATION 0 newScore=-2.65971e+06 diffscore=22972 priorChange=-109.517 successMove=79
ITERATION 1 newScore=-2.65036e+06 diffscore=9351.1 priorChange=-116.449 successMove=55
ITERATION 2 newScore=-2.64433e+06 diffscore=6026.38 priorChange=-112.29 successMove=51
ITERATION 3 newScore=-2.63887e+06 diffscore=5457.02 priorChange=-115.062 successMove=50
ITERATION 4 newScore=-2.62511e+06 diffscore=13757.8 priorChange=-105.358 successMove=54
ITERATION 5 newScore=-2.62289e+06 diffscore=2222.51 priorChange=-116.449 successMove=55
ITERATION 6 newScore=-2.62079e+06 diffscore=2098.44 priorChange=-120.608 successMove=50
ITERATION 7 newScore=-2.61864e+06 diffscore=2152.14 priorChange=-123.38 successMove=51
ITERATION 8 newScore=-2.61353e+06 diffscore=5115.22 priorChange=-115.062 successMove=53
ITERATION 9 newScore=-2.60935e+06 diffscore=4175.01 priorChange=-110.904 successMove=54
ITERATION 10 newScore=-2.60495e+06 diffscore=4402.56 priorChange=-130.312 successMove=51
ITERATION 11 newScore=-2.59858e+06 diffscore=6372.04 priorChange=-112.29 successMove=57
ITERATION 12 newScore=-2.59783e+06 diffscore=742.507 priorChange=-106.745 successMove=54
ITERATION 13 newScore=-2.59568e+06 diffscore=2158.44 priorChange=-113.676 successMove=51
ITERATION 14 newScore=-2.59384e+06 diffscore=1831 priorChange=-113.676 successMove=49
ITERATION 15 newScore=-2.59318e+06 diffscore=666.998 priorChange=-120.608 successMove=51
ITERATION 16 newScore=-2.59254e+06 diffscore=634.985 priorChange=-119.221 successMove=49
ITERATION 17 newScore=-2.58957e+06 diffscore=2976.26 priorChange=-113.676 successMove=51
ITERATION 18 newScore=-2.58892e+06 diffscore=644.854 priorChange=-105.358 successMove=50
ITERATION 19 newScore=-2.5884e+06 diffscore=520.439 priorChange=-99.8132 successMove=50
ITERATION 20 newScore=-2.58522e+06 diffscore=3182.71 priorChange=-110.904 successMove=47
ITERATION 21 newScore=-2.58429e+06 diffscore=928.094 priorChange=-110.904 successMove=48
ITERATION 22 newScore=-2.58371e+06 diffscore=578.284 priorChange=-109.517 successMove=47
ITERATION 23 newScore=-2.5831e+06 diffscore=614.63 priorChange=-91.4954 successMove=49
ITERATION 24 newScore=-2.58147e+06 diffscore=1627.9 priorChange=-91.4954 successMove=51
ITERATION 25 newScore=-2.57969e+06 diffscore=1777.36 priorChange=-98.4269 successMove=53
ITERATION 26 newScore=-2.57863e+06 diffscore=1064.03 priorChange=-98.4269 successMove=47
ITERATION 27 newScore=-2.5782e+06 diffscore=430.669 priorChange=-105.358 successMove=46
ITERATION 28 newScore=-2.57752e+06 diffscore=674.54 priorChange=-109.517 successMove=45
ITERATION 29 newScore=-2.57454e+06 diffscore=2985.4 priorChange=-92.8817 successMove=45
ITERATION 30 newScore=-2.57422e+06 diffscore=315.992 priorChange=-101.199 successMove=47
ITERATION 31 newScore=-2.57384e+06 diffscore=382.258 priorChange=-91.4954 successMove=44
ITERATION 32 newScore=-2.5722e+06 diffscore=1637.38 priorChange=-95.6543 successMove=44
ITERATION 33 newScore=-2.57185e+06 diffscore=354.254 priorChange=-98.4269 successMove=45
ITERATION 34 newScore=-2.57144e+06 diffscore=405.341 priorChange=-79.0188 successMove=44
ITERATION 35 newScore=-2.57111e+06 diffscore=336.181 priorChange=-94.268 successMove=45
ITERATION 36 newScore=-2.57071e+06 diffscore=393.107 priorChange=-102.586 successMove=44
ITERATION 37 newScore=-2.56899e+06 diffscore=1719.86 priorChange=-95.6543 successMove=46
ITERATION 38 newScore=-2.56758e+06 diffscore=1417.24 priorChange=-91.4954 successMove=43
ITERATION 39 newScore=-2.56601e+06 diffscore=1567.92 priorChange=-105.358 successMove=43
ITERATION 40 newScore=-2.56548e+06 diffscore=532.266 priorChange=-102.586 successMove=43
ITERATION 41 newScore=-2.56285e+06 diffscore=2625.84 priorChange=-92.8817 successMove=43
ITERATION 42 newScore=-2.5624e+06 diffscore=454.441 priorChange=-99.8132 successMove=44
ITERATION 43 newScore=-2.56121e+06 diffscore=1186.2 priorChange=-94.268 successMove=43
ITERATION 44 newScore=-2.56043e+06 diffscore=777.099 priorChange=-94.268 successMove=42
ITERATION 45 newScore=-2.56019e+06 diffscore=245.132 priorChange=-87.3365 successMove=42
ITERATION 46 newScore=-2.55985e+06 diffscore=336.247 priorChange=-88.7228 successMove=42
ITERATION 47 newScore=-2.55876e+06 diffscore=1094.49 priorChange=-92.8817 successMove=40
ITERATION 48 newScore=-2.5585e+06 diffscore=258.532 priorChange=-87.3365 successMove=40
ITERATION 49 newScore=-2.55698e+06 diffscore=1517.84 priorChange=-84.564 successMove=41
ITERATION 50 newScore=-2.55569e+06 diffscore=1287.81 priorChange=-85.9503 successMove=39
ITERATION 51 newScore=-2.55553e+06 diffscore=163.688 priorChange=-76.2462 successMove=38
ITERATION 52 newScore=-2.55539e+06 diffscore=140.133 priorChange=-59.6107 successMove=35
ITERATION 53 newScore=-2.55521e+06 diffscore=178.31 priorChange=-79.0188 successMove=34
ITERATION 54 newScore=-2.55505e+06 diffscore=156.047 priorChange=-67.9284 successMove=32
ITERATION 55 newScore=-2.55489e+06 diffscore=160.666 priorChange=-67.9284 successMove=32
ITERATION 56 newScore=-2.55469e+06 diffscore=199.551 priorChange=-62.3832 successMove=30
ITERATION 57 newScore=-2.55338e+06 diffscore=1315.36 priorChange=-51.2929 successMove=26
ITERATION 58 newScore=-2.55203e+06 diffscore=1343.98 priorChange=-40.2025 successMove=26
ITERATION 59 newScore=-2.55188e+06 diffscore=151.399 priorChange=-37.4299 successMove=26
ITERATION 60 newScore=-2.55165e+06 diffscore=228.418 priorChange=-45.7477 successMove=25
ITERATION 61 newScore=-2.55064e+06 diffscore=1011.9 priorChange=-42.9751 successMove=25
ITERATION 62 newScore=-2.55029e+06 diffscore=352.136 priorChange=-48.5203 successMove=23
ITERATION 63 newScore=-2.55015e+06 diffscore=139.543 priorChange=-51.2929 successMove=23
ITERATION 64 newScore=-2.55002e+06 diffscore=133.604 priorChange=-49.9066 successMove=22
ITERATION 65 newScore=-2.54984e+06 diffscore=173.021 priorChange=-48.5203 successMove=21
ITERATION 66 newScore=-2.54974e+06 diffscore=107.164 priorChange=-42.9751 successMove=21
ITERATION 67 newScore=-2.5496e+06 diffscore=138.205 priorChange=-38.8162 successMove=20
ITERATION 68 newScore=-2.54949e+06 diffscore=104.858 priorChange=-38.8162 successMove=18
ITERATION 69 newScore=-2.5494e+06 diffscore=99.2857 priorChange=-24.9533 successMove=16
ITERATION 70 newScore=-2.54792e+06 diffscore=1478.62 priorChange=-20.7944 successMove=14
ITERATION 71 newScore=-2.54784e+06 diffscore=77.3302 priorChange=-27.7259 successMove=14
ITERATION 72 newScore=-2.54773e+06 diffscore=105.01 priorChange=-29.1122 successMove=13
ITERATION 73 newScore=-2.54765e+06 diffscore=79.678 priorChange=-30.4985 successMove=16
ITERATION 74 newScore=-2.54759e+06 diffscore=68.2526 priorChange=-26.3396 successMove=13
ITERATION 75 newScore=-2.5475e+06 diffscore=86.3131 priorChange=-31.8848 successMove=13
ITERATION 76 newScore=-2.54743e+06 diffscore=74.2856 priorChange=-23.567 successMove=12
ITERATION 77 newScore=-2.54731e+06 diffscore=113.7 priorChange=-27.7259 successMove=12
ITERATION 78 newScore=-2.54714e+06 diffscore=168.198 priorChange=-22.1807 successMove=11
ITERATION 79 newScore=-2.54701e+06 diffscore=136.493 priorChange=-19.4081 successMove=9
ITERATION 80 newScore=-2.54561e+06 diffscore=1398.41 priorChange=-13.8629 successMove=8
ITERATION 81 newScore=-2.54525e+06 diffscore=355.759 priorChange=-15.2492 successMove=9
ITERATION 82 newScore=-2.54396e+06 diffscore=1291.57 priorChange=-15.2492 successMove=8
ITERATION 83 newScore=-2.54393e+06 diffscore=32.3181 priorChange=-15.2492 successMove=8
ITERATION 84 newScore=-2.54391e+06 diffscore=20.3043 priorChange=-9.70406 successMove=8
ITERATION 85 newScore=-2.54388e+06 diffscore=24.7151 priorChange=-13.8629 successMove=7
ITERATION 86 newScore=-2.54386e+06 diffscore=19.797 priorChange=-6.93147 successMove=6
ITERATION 87 newScore=-2.54384e+06 diffscore=21.8303 priorChange=-13.8629 successMove=6
ITERATION 88 newScore=-2.54382e+06 diffscore=20.2109 priorChange=-6.93147 successMove=6
ITERATION 89 newScore=-2.5438e+06 diffscore=26.607 priorChange=-13.8629 successMove=6
ITERATION 90 newScore=-2.54378e+06 diffscore=20.5986 priorChange=-11.0904 successMove=6
ITERATION 91 newScore=-2.54375e+06 diffscore=25.6511 priorChange=-11.0904 successMove=6
ITERATION 92 newScore=-2.54372e+06 diffscore=25.7855 priorChange=-9.70406 successMove=6
ITERATION 93 newScore=-2.54369e+06 diffscore=32.7864 priorChange=-13.8629 successMove=7
ITERATION 94 newScore=-2.54259e+06 diffscore=1096.97 priorChange=-13.8629 successMove=6
ITERATION 95 newScore=-2.54256e+06 diffscore=36.2964 priorChange=-12.4766 successMove=6
ITERATION 96 newScore=-2.54253e+06 diffscore=26.5036 priorChange=-13.8629 successMove=6
ITERATION 97 newScore=-2.54249e+06 diffscore=37.3112 priorChange=-6.93147 successMove=5
ITERATION 98 newScore=-2.54245e+06 diffscore=39.1928 priorChange=-4.15888 successMove=5
ITERATION 99 newScore=-2.54159e+06 diffscore=864.856 priorChange=-6.93147 successMove=4
MetaLearner::dumpAllGraphs
Final Score -2.54159e+06
MetaLearner::start runtime: 1410484672 ms
Results/
Results/cluster10/
Results/cluster10/fold0/
Results/cluster10/fold0/modelparams.txt
Results/cluster10/fold0/var_mb_pw_k50.txt
Results/cluster6/
Results/cluster6/fold0/
Results/cluster6/fold0/modelparams.txt
Results/cluster6/fold0/var_mb_pw_k50.txt
Results/cluster8/
Results/cluster8/fold0/
Results/cluster8/fold0/modelparams.txt
Results/cluster8/fold0/var_mb_pw_k50.txt
Results/cluster8/scoreFile.txt
Results/cluster7/
Results/cluster7/fold0/
Results/cluster7/fold0/modelparams.txt
Results/cluster7/fold0/var_mb_pw_k50.txt
Results/cluster1/
Results/cluster1/fold0/
Results/cluster1/fold0/modelparams.txt
Results/cluster1/fold0/var_mb_pw_k50.txt
Results/cluster9/
Results/cluster9/fold0/
Results/cluster9/fold0/modelparams.txt
Results/cluster9/fold0/var_mb_pw_k50.txt
Results/cluster2/
Results/cluster2/fold0/
Results/cluster2/fold0/modelparams.txt
Results/cluster2/fold0/var_mb_pw_k50.txt
Results/cluster3/
Results/cluster3/fold0/
Results/cluster3/fold0/modelparams.txt
Results/cluster3/fold0/var_mb_pw_k50.txt
