./CVN -f config_condor.txt -x50 -v1 -l TFs_OGs.txt -n AllGenes227.txt -d celltype_tree_ancestor.txt -m testdata_ogids.txt -s celltype_order.txt -p 0.2 -c yes -b -4 -q 4
(cluster3|cluster8) p_maintain_edge=0.8 p_gain=0.2
(cluster2|cluster3) p_maintain_edge=0.8 p_gain=0.2
(cluster1|cluster2) p_maintain_edge=0.8 p_gain=0.2
(cluster6|cluster2) p_maintain_edge=0.8 p_gain=0.2
(cluster9|cluster6) p_maintain_edge=0.8 p_gain=0.2
(cluster10|cluster6) p_maintain_edge=0.8 p_gain=0.2
(cluster7|cluster10) p_maintain_edge=0.8 p_gain=0.2
speciesSet.size()=8 Root is cluster8
MappedOrthogroupReader::readSpeciesMapping() --- celltype_order.txt
MappedOrthogroupReader::readFile - testdata_ogids.txt
MappedOrthogroupReader::generateGeneOrthoMap()
MetaLearner::init_onefold() read:config_condor.txt
MetaLearner::setinputVariableNames number of variables: 2031
readEvidenceTable:cluster8.table
PotentialManager::loadEvidenceFromTable varCount=2031 sampleCount=348
motifNetwork.size() = 319
0=cluster8 motifNetwork=cluster8_network.txt
variable size=2031
readEvidenceTable:cluster3.table
PotentialManager::loadEvidenceFromTable varCount=2031 sampleCount=95
motifNetwork.size() = 326
1=cluster3 motifNetwork=cluster3_network.txt
variable size=2031
readEvidenceTable:cluster2.table
PotentialManager::loadEvidenceFromTable varCount=2031 sampleCount=386
motifNetwork.size() = 328
2=cluster2 motifNetwork=cluster2_network.txt
variable size=2031
readEvidenceTable:cluster1.table
PotentialManager::loadEvidenceFromTable varCount=2031 sampleCount=36
motifNetwork.size() = 322
3=cluster1 motifNetwork=cluster1_network.txt
variable size=2031
readEvidenceTable:cluster6.table
PotentialManager::loadEvidenceFromTable varCount=2031 sampleCount=524
motifNetwork.size() = 320
4=cluster6 motifNetwork=cluster6_network.txt
variable size=2031
readEvidenceTable:cluster9.table
PotentialManager::loadEvidenceFromTable varCount=2031 sampleCount=184
motifNetwork.size() = 327
5=cluster9 motifNetwork=cluster9_network.txt
variable size=2031
readEvidenceTable:cluster10.table
PotentialManager::loadEvidenceFromTable varCount=2031 sampleCount=165
motifNetwork.size() = 326
6=cluster10 motifNetwork=cluster10_network.txt
variable size=2031
readEvidenceTable:cluster7.table
PotentialManager::loadEvidenceFromTable varCount=2031 sampleCount=1032
motifNetwork.size() = 320
7=cluster7 motifNetwork=cluster7_network.txt
variable size=2031
-------------------------------------------------------------
MetaLearner::start
precomputeEmptyGraphPrior
binkey=0 [Edge status: 0 0 0 0 0 0 0 0 ] P(G)=P(cluster8=0)[0.8] * P(cluster1=0|cluster2=0) * P(cluster9=0|cluster6=0) * P(cluster7=0|cluster10=0) * P(cluster10=0|cluster6=0) * P(cluster6=0|cluster2=0) * P(cluster2=0|cluster3=0) * P(cluster3=0|cluster8=0)[0.209715]=0.167772
condsetMap_Tree
0 cluster8=0 cluster3=0 cluster2=0 cluster1=0 cluster6=0 cluster9=0 cluster10=0 cluster7=1
1 cluster8=0 cluster3=0 cluster2=0 cluster1=0 cluster6=0 cluster9=1 cluster10=0 cluster7=0
2 cluster8=0 cluster3=0 cluster2=0 cluster1=0 cluster6=0 cluster9=1 cluster10=0 cluster7=1
3 cluster8=0 cluster3=0 cluster2=0 cluster1=1 cluster6=0 cluster9=0 cluster10=0 cluster7=0
4 cluster8=0 cluster3=0 cluster2=0 cluster1=1 cluster6=0 cluster9=0 cluster10=0 cluster7=1
5 cluster8=0 cluster3=0 cluster2=0 cluster1=1 cluster6=0 cluster9=1 cluster10=0 cluster7=0
6 cluster8=0 cluster3=0 cluster2=0 cluster1=1 cluster6=0 cluster9=1 cluster10=0 cluster7=1
7 cluster8=0 cluster3=0 cluster2=0 cluster1=0 cluster6=0 cluster9=0 cluster10=1 cluster7=1
8 cluster8=0 cluster3=0 cluster2=0 cluster1=0 cluster6=0 cluster9=1 cluster10=1 cluster7=1
9 cluster8=0 cluster3=0 cluster2=0 cluster1=1 cluster6=0 cluster9=0 cluster10=1 cluster7=1
10 cluster8=0 cluster3=0 cluster2=0 cluster1=1 cluster6=0 cluster9=1 cluster10=1 cluster7=1
11 cluster8=0 cluster3=0 cluster2=0 cluster1=0 cluster6=1 cluster9=1 cluster10=1 cluster7=1
12 cluster8=0 cluster3=0 cluster2=0 cluster1=1 cluster6=1 cluster9=1 cluster10=1 cluster7=1
13 cluster8=0 cluster3=0 cluster2=1 cluster1=1 cluster6=1 cluster9=1 cluster10=1 cluster7=1
14 cluster8=0 cluster3=1 cluster2=1 cluster1=1 cluster6=1 cluster9=1 cluster10=1 cluster7=1
15 cluster8=1 cluster3=1 cluster2=1 cluster1=1 cluster6=1 cluster9=1 cluster10=1 cluster7=1
16 cluster8=1 cluster3=1 cluster2=1 cluster1=1 cluster6=1 cluster9=1 cluster10=1 cluster7=0
17 cluster8=1 cluster3=1 cluster2=1 cluster1=1 cluster6=1 cluster9=0 cluster10=1 cluster7=1
18 cluster8=1 cluster3=1 cluster2=1 cluster1=1 cluster6=1 cluster9=0 cluster10=1 cluster7=0
19 cluster8=1 cluster3=1 cluster2=1 cluster1=0 cluster6=1 cluster9=1 cluster10=1 cluster7=1
20 cluster8=1 cluster3=1 cluster2=1 cluster1=0 cluster6=1 cluster9=1 cluster10=1 cluster7=0
21 cluster8=1 cluster3=1 cluster2=1 cluster1=0 cluster6=1 cluster9=0 cluster10=1 cluster7=1
22 cluster8=1 cluster3=1 cluster2=1 cluster1=0 cluster6=1 cluster9=0 cluster10=1 cluster7=0
23 cluster8=1 cluster3=1 cluster2=1 cluster1=1 cluster6=1 cluster9=1 cluster10=0 cluster7=0
24 cluster8=1 cluster3=1 cluster2=1 cluster1=1 cluster6=1 cluster9=0 cluster10=0 cluster7=0
25 cluster8=1 cluster3=1 cluster2=1 cluster1=0 cluster6=1 cluster9=1 cluster10=0 cluster7=0
26 cluster8=1 cluster3=1 cluster2=1 cluster1=0 cluster6=1 cluster9=0 cluster10=0 cluster7=0
27 cluster8=1 cluster3=1 cluster2=1 cluster1=1 cluster6=0 cluster9=0 cluster10=0 cluster7=0
28 cluster8=1 cluster3=1 cluster2=1 cluster1=0 cluster6=0 cluster9=0 cluster10=0 cluster7=0
29 cluster8=1 cluster3=1 cluster2=0 cluster1=0 cluster6=0 cluster9=0 cluster10=0 cluster7=0
30 cluster8=1 cluster3=0 cluster2=0 cluster1=0 cluster6=0 cluster9=0 cluster10=0 cluster7=0
31 cluster8=0 cluster3=0 cluster2=0 cluster1=0 cluster6=1 cluster9=0 cluster10=0 cluster7=0
32 cluster8=0 cluster3=0 cluster2=1 cluster1=0 cluster6=0 cluster9=0 cluster10=0 cluster7=0
33 cluster8=0 cluster3=0 cluster2=0 cluster1=0 cluster6=0 cluster9=0 cluster10=1 cluster7=0
34 cluster8=0 cluster3=1 cluster2=0 cluster1=0 cluster6=0 cluster9=0 cluster10=0 cluster7=0
inputRegulatorOGs.size() = 1999 inputOGList.size() = 50
binkey=2 [Edge status: 0 1 0 0 0 0 0 0 ] P(G)=P(cluster8=0)[0.8] * P(cluster1=0|cluster2=0) * P(cluster9=0|cluster6=0) * P(cluster7=0|cluster10=0) * P(cluster10=0|cluster6=0) * P(cluster6=0|cluster2=0) * P(cluster2=0|cluster3=1) * P(cluster3=1|cluster8=0)[0.0131072]=0.0104858
binkey=128 [Edge status: 0 0 0 0 0 0 0 1 ] P(G)=P(cluster8=0)[0.8] * P(cluster1=0|cluster2=0) * P(cluster9=0|cluster6=0) * P(cluster7=1|cluster10=0) * P(cluster10=0|cluster6=0) * P(cluster6=0|cluster2=0) * P(cluster2=0|cluster3=0) * P(cluster3=0|cluster8=0)[0.0524288]=0.041943
binkey=32 [Edge status: 0 0 0 0 0 1 0 0 ] P(G)=P(cluster8=0)[0.8] * P(cluster1=0|cluster2=0) * P(cluster9=1|cluster6=0) * P(cluster7=0|cluster10=0) * P(cluster10=0|cluster6=0) * P(cluster6=0|cluster2=0) * P(cluster2=0|cluster3=0) * P(cluster3=0|cluster8=0)[0.0524288]=0.041943
binkey=16 [Edge status: 0 0 0 0 1 0 0 0 ] P(G)=P(cluster8=0)[0.8] * P(cluster1=0|cluster2=0) * P(cluster9=0|cluster6=1) * P(cluster7=0|cluster10=0) * P(cluster10=0|cluster6=1) * P(cluster6=1|cluster2=0) * P(cluster2=0|cluster3=0) * P(cluster3=0|cluster8=0)[0.0032768]=0.00262144
binkey=1 [Edge status: 1 0 0 0 0 0 0 0 ] P(G)=P(cluster8=1)[0.2] * P(cluster1=0|cluster2=0) * P(cluster9=0|cluster6=0) * P(cluster7=0|cluster10=0) * P(cluster10=0|cluster6=0) * P(cluster6=0|cluster2=0) * P(cluster2=0|cluster3=0) * P(cluster3=0|cluster8=1)[0.0524288]=0.0104858
binkey=64 [Edge status: 0 0 0 0 0 0 1 0 ] P(G)=P(cluster8=0)[0.8] * P(cluster1=0|cluster2=0) * P(cluster9=0|cluster6=0) * P(cluster7=0|cluster10=1) * P(cluster10=1|cluster6=0) * P(cluster6=0|cluster2=0) * P(cluster2=0|cluster3=0) * P(cluster3=0|cluster8=0)[0.0131072]=0.0104858
binkey=8 [Edge status: 0 0 0 1 0 0 0 0 ] P(G)=P(cluster8=0)[0.8] * P(cluster1=1|cluster2=0) * P(cluster9=0|cluster6=0) * P(cluster7=0|cluster10=0) * P(cluster10=0|cluster6=0) * P(cluster6=0|cluster2=0) * P(cluster2=0|cluster3=0) * P(cluster3=0|cluster8=0)[0.0524288]=0.041943
binkey=4 [Edge status: 0 0 1 0 0 0 0 0 ] P(G)=P(cluster8=0)[0.8] * P(cluster1=0|cluster2=1) * P(cluster9=0|cluster6=0) * P(cluster7=0|cluster10=0) * P(cluster10=0|cluster6=0) * P(cluster6=0|cluster2=1) * P(cluster2=1|cluster3=0) * P(cluster3=0|cluster8=0)[0.0032768]=0.00262144
binkey=3 [Edge status: 1 1 0 0 0 0 0 0 ] P(G)=P(cluster8=1)[0.2] * P(cluster1=0|cluster2=0) * P(cluster9=0|cluster6=0) * P(cluster7=0|cluster10=0) * P(cluster10=0|cluster6=0) * P(cluster6=0|cluster2=0) * P(cluster2=0|cluster3=1) * P(cluster3=1|cluster8=1)[0.0524288]=0.0104858
binkey=160 [Edge status: 0 0 0 0 0 1 0 1 ] P(G)=P(cluster8=0)[0.8] * P(cluster1=0|cluster2=0) * P(cluster9=1|cluster6=0) * P(cluster7=1|cluster10=0) * P(cluster10=0|cluster6=0) * P(cluster6=0|cluster2=0) * P(cluster2=0|cluster3=0) * P(cluster3=0|cluster8=0)[0.0131072]=0.0104858
binkey=192 [Edge status: 0 0 0 0 0 0 1 1 ] P(G)=P(cluster8=0)[0.8] * P(cluster1=0|cluster2=0) * P(cluster9=0|cluster6=0) * P(cluster7=1|cluster10=1) * P(cluster10=1|cluster6=0) * P(cluster6=0|cluster2=0) * P(cluster2=0|cluster3=0) * P(cluster3=0|cluster8=0)[0.0524288]=0.041943
binkey=224 [Edge status: 0 0 0 0 0 1 1 1 ] P(G)=P(cluster8=0)[0.8] * P(cluster1=0|cluster2=0) * P(cluster9=1|cluster6=0) * P(cluster7=1|cluster10=1) * P(cluster10=1|cluster6=0) * P(cluster6=0|cluster2=0) * P(cluster2=0|cluster3=0) * P(cluster3=0|cluster8=0)[0.0131072]=0.0104858
binkey=240 [Edge status: 0 0 0 0 1 1 1 1 ] P(G)=P(cluster8=0)[0.8] * P(cluster1=0|cluster2=0) * P(cluster9=1|cluster6=1) * P(cluster7=1|cluster10=1) * P(cluster10=1|cluster6=1) * P(cluster6=1|cluster2=0) * P(cluster2=0|cluster3=0) * P(cluster3=0|cluster8=0)[0.0524288]=0.041943
binkey=136 [Edge status: 0 0 0 1 0 0 0 1 ] P(G)=P(cluster8=0)[0.8] * P(cluster1=1|cluster2=0) * P(cluster9=0|cluster6=0) * P(cluster7=1|cluster10=0) * P(cluster10=0|cluster6=0) * P(cluster6=0|cluster2=0) * P(cluster2=0|cluster3=0) * P(cluster3=0|cluster8=0)[0.0131072]=0.0104858
binkey=200 [Edge status: 0 0 0 1 0 0 1 1 ] P(G)=P(cluster8=0)[0.8] * P(cluster1=1|cluster2=0) * P(cluster9=0|cluster6=0) * P(cluster7=1|cluster10=1) * P(cluster10=1|cluster6=0) * P(cluster6=0|cluster2=0) * P(cluster2=0|cluster3=0) * P(cluster3=0|cluster8=0)[0.0131072]=0.0104858
binkey=40 [Edge status: 0 0 0 1 0 1 0 0 ] P(G)=P(cluster8=0)[0.8] * P(cluster1=1|cluster2=0) * P(cluster9=1|cluster6=0) * P(cluster7=0|cluster10=0) * P(cluster10=0|cluster6=0) * P(cluster6=0|cluster2=0) * P(cluster2=0|cluster3=0) * P(cluster3=0|cluster8=0)[0.0131072]=0.0104858
binkey=215 [Edge status: 1 1 1 0 1 0 1 1 ] P(G)=P(cluster8=1)[0.2] * P(cluster1=0|cluster2=1) * P(cluster9=0|cluster6=1) * P(cluster7=1|cluster10=1) * P(cluster10=1|cluster6=1) * P(cluster6=1|cluster2=1) * P(cluster2=1|cluster3=1) * P(cluster3=1|cluster8=1)[0.0131072]=0.00262144
binkey=87 [Edge status: 1 1 1 0 1 0 1 0 ] P(G)=P(cluster8=1)[0.2] * P(cluster1=0|cluster2=1) * P(cluster9=0|cluster6=1) * P(cluster7=0|cluster10=1) * P(cluster10=1|cluster6=1) * P(cluster6=1|cluster2=1) * P(cluster2=1|cluster3=1) * P(cluster3=1|cluster8=1)[0.0032768]=0.00065536
binkey=23 [Edge status: 1 1 1 0 1 0 0 0 ] P(G)=P(cluster8=1)[0.2] * P(cluster1=0|cluster2=1) * P(cluster9=0|cluster6=1) * P(cluster7=0|cluster10=0) * P(cluster10=0|cluster6=1) * P(cluster6=1|cluster2=1) * P(cluster2=1|cluster3=1) * P(cluster3=1|cluster8=1)[0.0032768]=0.00065536
binkey=7 [Edge status: 1 1 1 0 0 0 0 0 ] P(G)=P(cluster8=1)[0.2] * P(cluster1=0|cluster2=1) * P(cluster9=0|cluster6=0) * P(cluster7=0|cluster10=0) * P(cluster10=0|cluster6=0) * P(cluster6=0|cluster2=1) * P(cluster2=1|cluster3=1) * P(cluster3=1|cluster8=1)[0.0131072]=0.00262144
binkey=168 [Edge status: 0 0 0 1 0 1 0 1 ] P(G)=P(cluster8=0)[0.8] * P(cluster1=1|cluster2=0) * P(cluster9=1|cluster6=0) * P(cluster7=1|cluster10=0) * P(cluster10=0|cluster6=0) * P(cluster6=0|cluster2=0) * P(cluster2=0|cluster3=0) * P(cluster3=0|cluster8=0)[0.0032768]=0.00262144
binkey=232 [Edge status: 0 0 0 1 0 1 1 1 ] P(G)=P(cluster8=0)[0.8] * P(cluster1=1|cluster2=0) * P(cluster9=1|cluster6=0) * P(cluster7=1|cluster10=1) * P(cluster10=1|cluster6=0) * P(cluster6=0|cluster2=0) * P(cluster2=0|cluster3=0) * P(cluster3=0|cluster8=0)[0.0032768]=0.00262144
binkey=248 [Edge status: 0 0 0 1 1 1 1 1 ] P(G)=P(cluster8=0)[0.8] * P(cluster1=1|cluster2=0) * P(cluster9=1|cluster6=1) * P(cluster7=1|cluster10=1) * P(cluster10=1|cluster6=1) * P(cluster6=1|cluster2=0) * P(cluster2=0|cluster3=0) * P(cluster3=0|cluster8=0)[0.0131072]=0.0104858
binkey=252 [Edge status: 0 0 1 1 1 1 1 1 ] P(G)=P(cluster8=0)[0.8] * P(cluster1=1|cluster2=1) * P(cluster9=1|cluster6=1) * P(cluster7=1|cluster10=1) * P(cluster10=1|cluster6=1) * P(cluster6=1|cluster2=1) * P(cluster2=1|cluster3=0) * P(cluster3=0|cluster8=0)[0.0524288]=0.041943
binkey=254 [Edge status: 0 1 1 1 1 1 1 1 ] P(G)=P(cluster8=0)[0.8] * P(cluster1=1|cluster2=1) * P(cluster9=1|cluster6=1) * P(cluster7=1|cluster10=1) * P(cluster10=1|cluster6=1) * P(cluster6=1|cluster2=1) * P(cluster2=1|cluster3=1) * P(cluster3=1|cluster8=0)[0.0524288]=0.041943
binkey=31 [Edge status: 1 1 1 1 1 0 0 0 ] P(G)=P(cluster8=1)[0.2] * P(cluster1=1|cluster2=1) * P(cluster9=0|cluster6=1) * P(cluster7=0|cluster10=0) * P(cluster10=0|cluster6=1) * P(cluster6=1|cluster2=1) * P(cluster2=1|cluster3=1) * P(cluster3=1|cluster8=1)[0.0131072]=0.00262144
binkey=15 [Edge status: 1 1 1 1 0 0 0 0 ] P(G)=P(cluster8=1)[0.2] * P(cluster1=1|cluster2=1) * P(cluster9=0|cluster6=0) * P(cluster7=0|cluster10=0) * P(cluster10=0|cluster6=0) * P(cluster6=0|cluster2=1) * P(cluster2=1|cluster3=1) * P(cluster3=1|cluster8=1)[0.0524288]=0.0104858
binkey=119 [Edge status: 1 1 1 0 1 1 1 0 ] P(G)=P(cluster8=1)[0.2] * P(cluster1=0|cluster2=1) * P(cluster9=1|cluster6=1) * P(cluster7=0|cluster10=1) * P(cluster10=1|cluster6=1) * P(cluster6=1|cluster2=1) * P(cluster2=1|cluster3=1) * P(cluster3=1|cluster8=1)[0.0131072]=0.00262144
binkey=55 [Edge status: 1 1 1 0 1 1 0 0 ] P(G)=P(cluster8=1)[0.2] * P(cluster1=0|cluster2=1) * P(cluster9=1|cluster6=1) * P(cluster7=0|cluster10=0) * P(cluster10=0|cluster6=1) * P(cluster6=1|cluster2=1) * P(cluster2=1|cluster3=1) * P(cluster3=1|cluster8=1)[0.0131072]=0.00262144
binkey=63 [Edge status: 1 1 1 1 1 1 0 0 ] P(G)=P(cluster8=1)[0.2] * P(cluster1=1|cluster2=1) * P(cluster9=1|cluster6=1) * P(cluster7=0|cluster10=0) * P(cluster10=0|cluster6=1) * P(cluster6=1|cluster2=1) * P(cluster2=1|cluster3=1) * P(cluster3=1|cluster8=1)[0.0524288]=0.0104858
ITERATION 0 newScore=-2.67323e+06 diffscore=20882.9 priorChange=-110.904 successMove=54
ITERATION 1 newScore=-2.66349e+06 diffscore=9738.25 priorChange=-121.994 successMove=52
ITERATION 2 newScore=-2.65708e+06 diffscore=6409.8 priorChange=-128.925 successMove=55
ITERATION 3 newScore=-2.65002e+06 diffscore=7058.65 priorChange=-124.766 successMove=52
ITERATION 4 newScore=-2.64511e+06 diffscore=4911.97 priorChange=-116.449 successMove=54
binkey=247 [Edge status: 1 1 1 0 1 1 1 1 ] P(G)=P(cluster8=1)[0.2] * P(cluster1=0|cluster2=1) * P(cluster9=1|cluster6=1) * P(cluster7=1|cluster10=1) * P(cluster10=1|cluster6=1) * P(cluster6=1|cluster2=1) * P(cluster2=1|cluster3=1) * P(cluster3=1|cluster8=1)[0.0524288]=0.0104858
ITERATION 5 newScore=-2.64087e+06 diffscore=4235.24 priorChange=-119.221 successMove=51
ITERATION 6 newScore=-2.6334e+06 diffscore=7469.88 priorChange=-115.062 successMove=51
ITERATION 7 newScore=-2.62765e+06 diffscore=5749.82 priorChange=-115.062 successMove=51
ITERATION 8 newScore=-2.62416e+06 diffscore=3490.22 priorChange=-116.449 successMove=53
ITERATION 9 newScore=-2.6195e+06 diffscore=4659.04 priorChange=-109.517 successMove=53
ITERATION 10 newScore=-2.61691e+06 diffscore=2590.46 priorChange=-117.835 successMove=52
ITERATION 11 newScore=-2.61458e+06 diffscore=2331.34 priorChange=-126.153 successMove=52
ITERATION 12 newScore=-2.61149e+06 diffscore=3088.96 priorChange=-115.062 successMove=51
ITERATION 13 newScore=-2.61042e+06 diffscore=1070.92 priorChange=-117.835 successMove=56
ITERATION 14 newScore=-2.60781e+06 diffscore=2607.02 priorChange=-103.972 successMove=51
ITERATION 15 newScore=-2.60606e+06 diffscore=1750.46 priorChange=-112.29 successMove=50
ITERATION 16 newScore=-2.60459e+06 diffscore=1478.69 priorChange=-112.29 successMove=53
ITERATION 17 newScore=-2.60092e+06 diffscore=3668.96 priorChange=-97.0406 successMove=55
ITERATION 18 newScore=-2.59893e+06 diffscore=1988.04 priorChange=-105.358 successMove=49
ITERATION 19 newScore=-2.59826e+06 diffscore=664.927 priorChange=-110.904 successMove=51
ITERATION 20 newScore=-2.59232e+06 diffscore=5943.1 priorChange=-113.676 successMove=53
ITERATION 21 newScore=-2.59108e+06 diffscore=1238.7 priorChange=-101.199 successMove=49
ITERATION 22 newScore=-2.59046e+06 diffscore=617.804 priorChange=-110.904 successMove=51
ITERATION 23 newScore=-2.58818e+06 diffscore=2282.52 priorChange=-121.994 successMove=49
ITERATION 24 newScore=-2.58616e+06 diffscore=2023.26 priorChange=-98.4269 successMove=49
ITERATION 25 newScore=-2.58416e+06 diffscore=1999.48 priorChange=-109.517 successMove=48
ITERATION 26 newScore=-2.58109e+06 diffscore=3071.11 priorChange=-95.6543 successMove=48
ITERATION 27 newScore=-2.57965e+06 diffscore=1434.62 priorChange=-98.4269 successMove=47
ITERATION 28 newScore=-2.57907e+06 diffscore=587.07 priorChange=-105.358 successMove=47
ITERATION 29 newScore=-2.5782e+06 diffscore=863.381 priorChange=-97.0406 successMove=50
ITERATION 30 newScore=-2.57499e+06 diffscore=3215.05 priorChange=-109.517 successMove=47
ITERATION 31 newScore=-2.5746e+06 diffscore=383.191 priorChange=-102.586 successMove=47
ITERATION 32 newScore=-2.57423e+06 diffscore=377.059 priorChange=-109.517 successMove=47
ITERATION 33 newScore=-2.57259e+06 diffscore=1639.33 priorChange=-99.8132 successMove=45
ITERATION 34 newScore=-2.5723e+06 diffscore=287.858 priorChange=-88.7228 successMove=45
ITERATION 35 newScore=-2.57196e+06 diffscore=344.094 priorChange=-99.8132 successMove=47
ITERATION 36 newScore=-2.57147e+06 diffscore=480.765 priorChange=-98.4269 successMove=47
ITERATION 37 newScore=-2.56973e+06 diffscore=1744.07 priorChange=-95.6543 successMove=45
ITERATION 38 newScore=-2.5684e+06 diffscore=1334.66 priorChange=-90.1091 successMove=44
ITERATION 39 newScore=-2.56804e+06 diffscore=358.137 priorChange=-102.586 successMove=45
ITERATION 40 newScore=-2.56756e+06 diffscore=475.209 priorChange=-105.358 successMove=44
ITERATION 41 newScore=-2.56645e+06 diffscore=1117.27 priorChange=-90.1091 successMove=43
ITERATION 42 newScore=-2.56613e+06 diffscore=313.106 priorChange=-90.1091 successMove=42
ITERATION 43 newScore=-2.56431e+06 diffscore=1821.91 priorChange=-95.6543 successMove=41
ITERATION 44 newScore=-2.56402e+06 diffscore=291.371 priorChange=-87.3365 successMove=43
ITERATION 45 newScore=-2.56362e+06 diffscore=399.304 priorChange=-95.6543 successMove=41
ITERATION 46 newScore=-2.56197e+06 diffscore=1645.67 priorChange=-92.8817 successMove=42
ITERATION 47 newScore=-2.55765e+06 diffscore=4328.95 priorChange=-91.4954 successMove=40
ITERATION 48 newScore=-2.55746e+06 diffscore=187.455 priorChange=-73.4736 successMove=40
ITERATION 49 newScore=-2.55728e+06 diffscore=173.979 priorChange=-67.9284 successMove=38
ITERATION 50 newScore=-2.55708e+06 diffscore=206.128 priorChange=-80.4051 successMove=37
ITERATION 51 newScore=-2.55688e+06 diffscore=202.058 priorChange=-81.7914 successMove=39
ITERATION 52 newScore=-2.55666e+06 diffscore=213.913 priorChange=-87.3365 successMove=37
ITERATION 53 newScore=-2.55647e+06 diffscore=188.151 priorChange=-73.4736 successMove=36
ITERATION 54 newScore=-2.55628e+06 diffscore=195.543 priorChange=-76.2462 successMove=37
ITERATION 55 newScore=-2.55605e+06 diffscore=227.03 priorChange=-69.3147 successMove=36
ITERATION 56 newScore=-2.55587e+06 diffscore=180.437 priorChange=-66.5421 successMove=36
ITERATION 57 newScore=-2.55569e+06 diffscore=182.583 priorChange=-76.2462 successMove=34
ITERATION 58 newScore=-2.55552e+06 diffscore=170.555 priorChange=-63.7695 successMove=33
ITERATION 59 newScore=-2.55532e+06 diffscore=193.542 priorChange=-58.2244 successMove=33
ITERATION 60 newScore=-2.5551e+06 diffscore=221.718 priorChange=-63.7695 successMove=34
ITERATION 61 newScore=-2.55491e+06 diffscore=191.216 priorChange=-63.7695 successMove=31
ITERATION 62 newScore=-2.55474e+06 diffscore=172.713 priorChange=-54.0655 successMove=30
ITERATION 63 newScore=-2.55325e+06 diffscore=1486.41 priorChange=-58.2244 successMove=28
ITERATION 64 newScore=-2.5531e+06 diffscore=153.292 priorChange=-62.3832 successMove=27
ITERATION 65 newScore=-2.55254e+06 diffscore=558.965 priorChange=-51.2929 successMove=28
ITERATION 66 newScore=-2.55048e+06 diffscore=2062.96 priorChange=-47.134 successMove=27
ITERATION 67 newScore=-2.55032e+06 diffscore=152.712 priorChange=-54.0655 successMove=26
ITERATION 68 newScore=-2.55003e+06 diffscore=297.685 priorChange=-37.4299 successMove=24
ITERATION 69 newScore=-2.54879e+06 diffscore=1235.23 priorChange=-48.5203 successMove=24
ITERATION 70 newScore=-2.54864e+06 diffscore=154.549 priorChange=-47.134 successMove=23
ITERATION 71 newScore=-2.5476e+06 diffscore=1040.85 priorChange=-47.134 successMove=23
ITERATION 72 newScore=-2.54555e+06 diffscore=2043.77 priorChange=-38.8162 successMove=23
ITERATION 73 newScore=-2.54549e+06 diffscore=59.7963 priorChange=-30.4985 successMove=22
ITERATION 74 newScore=-2.54542e+06 diffscore=68.638 priorChange=-41.5888 successMove=21
ITERATION 75 newScore=-2.54535e+06 diffscore=71.288 priorChange=-42.9751 successMove=22
ITERATION 76 newScore=-2.54527e+06 diffscore=78.9921 priorChange=-40.2025 successMove=18
ITERATION 77 newScore=-2.54521e+06 diffscore=58.3505 priorChange=-20.7944 successMove=14
ITERATION 78 newScore=-2.54514e+06 diffscore=71.0602 priorChange=-26.3396 successMove=14
ITERATION 79 newScore=-2.54507e+06 diffscore=72.0816 priorChange=-27.7259 successMove=13
ITERATION 80 newScore=-2.54497e+06 diffscore=100.285 priorChange=-30.4985 successMove=13
ITERATION 81 newScore=-2.54487e+06 diffscore=102.689 priorChange=-26.3396 successMove=12
ITERATION 82 newScore=-2.5447e+06 diffscore=172.627 priorChange=-26.3396 successMove=12
ITERATION 83 newScore=-2.54408e+06 diffscore=615.921 priorChange=-23.567 successMove=13
ITERATION 84 newScore=-2.54402e+06 diffscore=63.2865 priorChange=-26.3396 successMove=12
ITERATION 85 newScore=-2.54391e+06 diffscore=109.817 priorChange=-15.2492 successMove=11
ITERATION 86 newScore=-2.54384e+06 diffscore=62.5458 priorChange=-18.0218 successMove=12
ITERATION 87 newScore=-2.54376e+06 diffscore=87.0447 priorChange=-19.4081 successMove=11
ITERATION 88 newScore=-2.54257e+06 diffscore=1191.33 priorChange=-20.7944 successMove=11
ITERATION 89 newScore=-2.5425e+06 diffscore=64.7395 priorChange=-23.567 successMove=11
ITERATION 90 newScore=-2.54243e+06 diffscore=68.2781 priorChange=-23.567 successMove=10
ITERATION 91 newScore=-2.54237e+06 diffscore=59.0051 priorChange=-22.1807 successMove=12
ITERATION 92 newScore=-2.5423e+06 diffscore=75.6472 priorChange=-19.4081 successMove=9
ITERATION 93 newScore=-2.54224e+06 diffscore=54.4435 priorChange=-16.6355 successMove=9
ITERATION 94 newScore=-2.54218e+06 diffscore=66.8577 priorChange=-16.6355 successMove=8
ITERATION 95 newScore=-2.54208e+06 diffscore=92.1934 priorChange=-16.6355 successMove=9
ITERATION 96 newScore=-2.542e+06 diffscore=89.5645 priorChange=-18.0218 successMove=8
ITERATION 97 newScore=-2.54185e+06 diffscore=147.366 priorChange=-9.70406 successMove=8
ITERATION 98 newScore=-2.54166e+06 diffscore=184.348 priorChange=-9.70406 successMove=8
ITERATION 99 newScore=-2.54158e+06 diffscore=80.4669 priorChange=-13.8629 successMove=7
MetaLearner::dumpAllGraphs
Final Score -2.54158e+06
MetaLearner::start runtime: 1209001702 ms
Results/
Results/cluster10/
Results/cluster10/fold0/
Results/cluster10/fold0/modelparams.txt
Results/cluster10/fold0/var_mb_pw_k50.txt
Results/cluster1/
Results/cluster1/fold0/
Results/cluster1/fold0/modelparams.txt
Results/cluster1/fold0/var_mb_pw_k50.txt
Results/cluster6/
Results/cluster6/fold0/
Results/cluster6/fold0/modelparams.txt
Results/cluster6/fold0/var_mb_pw_k50.txt
Results/cluster9/
Results/cluster9/fold0/
Results/cluster9/fold0/modelparams.txt
Results/cluster9/fold0/var_mb_pw_k50.txt
Results/cluster2/
Results/cluster2/fold0/
Results/cluster2/fold0/modelparams.txt
Results/cluster2/fold0/var_mb_pw_k50.txt
Results/cluster7/
Results/cluster7/fold0/
Results/cluster7/fold0/modelparams.txt
Results/cluster7/fold0/var_mb_pw_k50.txt
Results/cluster3/
Results/cluster3/fold0/
Results/cluster3/fold0/modelparams.txt
Results/cluster3/fold0/var_mb_pw_k50.txt
Results/cluster8/
Results/cluster8/scoreFile.txt
Results/cluster8/fold0/
Results/cluster8/fold0/modelparams.txt
Results/cluster8/fold0/var_mb_pw_k50.txt
