./CVN -f config_condor.txt -x50 -v1 -l TFs_OGs.txt -n AllGenes229.txt -d celltype_tree_ancestor.txt -m testdata_ogids.txt -s celltype_order.txt -p 0.2 -c yes -b -4 -q 4
(cluster3|cluster8) p_maintain_edge=0.8 p_gain=0.2
(cluster2|cluster3) p_maintain_edge=0.8 p_gain=0.2
(cluster1|cluster2) p_maintain_edge=0.8 p_gain=0.2
(cluster6|cluster2) p_maintain_edge=0.8 p_gain=0.2
(cluster9|cluster6) p_maintain_edge=0.8 p_gain=0.2
(cluster10|cluster6) p_maintain_edge=0.8 p_gain=0.2
(cluster7|cluster10) p_maintain_edge=0.8 p_gain=0.2
speciesSet.size()=8 Root is cluster8
MappedOrthogroupReader::readSpeciesMapping() --- celltype_order.txt
MappedOrthogroupReader::readFile - testdata_ogids.txt
MappedOrthogroupReader::generateGeneOrthoMap()
MetaLearner::init_onefold() read:config_condor.txt
MetaLearner::setinputVariableNames number of variables: 2032
readEvidenceTable:cluster8.table
PotentialManager::loadEvidenceFromTable varCount=2032 sampleCount=348
motifNetwork.size() = 319
0=cluster8 motifNetwork=cluster8_network.txt
variable size=2032
readEvidenceTable:cluster3.table
PotentialManager::loadEvidenceFromTable varCount=2032 sampleCount=95
motifNetwork.size() = 326
1=cluster3 motifNetwork=cluster3_network.txt
variable size=2032
readEvidenceTable:cluster2.table
PotentialManager::loadEvidenceFromTable varCount=2032 sampleCount=386
motifNetwork.size() = 328
2=cluster2 motifNetwork=cluster2_network.txt
variable size=2032
readEvidenceTable:cluster1.table
PotentialManager::loadEvidenceFromTable varCount=2032 sampleCount=36
motifNetwork.size() = 322
3=cluster1 motifNetwork=cluster1_network.txt
variable size=2032
readEvidenceTable:cluster6.table
PotentialManager::loadEvidenceFromTable varCount=2032 sampleCount=524
motifNetwork.size() = 320
4=cluster6 motifNetwork=cluster6_network.txt
variable size=2032
readEvidenceTable:cluster9.table
PotentialManager::loadEvidenceFromTable varCount=2032 sampleCount=184
motifNetwork.size() = 327
5=cluster9 motifNetwork=cluster9_network.txt
variable size=2032
readEvidenceTable:cluster10.table
PotentialManager::loadEvidenceFromTable varCount=2032 sampleCount=165
motifNetwork.size() = 326
6=cluster10 motifNetwork=cluster10_network.txt
variable size=2032
readEvidenceTable:cluster7.table
PotentialManager::loadEvidenceFromTable varCount=2032 sampleCount=1032
motifNetwork.size() = 320
7=cluster7 motifNetwork=cluster7_network.txt
variable size=2032
-------------------------------------------------------------
MetaLearner::start
precomputeEmptyGraphPrior
binkey=0 [Edge status: 0 0 0 0 0 0 0 0 ] P(G)=P(cluster8=0)[0.8] * P(cluster1=0|cluster2=0) * P(cluster9=0|cluster6=0) * P(cluster7=0|cluster10=0) * P(cluster10=0|cluster6=0) * P(cluster6=0|cluster2=0) * P(cluster2=0|cluster3=0) * P(cluster3=0|cluster8=0)[0.209715]=0.167772
condsetMap_Tree
0 cluster8=0 cluster3=0 cluster2=0 cluster1=0 cluster6=0 cluster9=0 cluster10=0 cluster7=1
1 cluster8=0 cluster3=0 cluster2=0 cluster1=0 cluster6=0 cluster9=1 cluster10=0 cluster7=0
2 cluster8=0 cluster3=0 cluster2=0 cluster1=0 cluster6=0 cluster9=1 cluster10=0 cluster7=1
3 cluster8=0 cluster3=0 cluster2=0 cluster1=1 cluster6=0 cluster9=0 cluster10=0 cluster7=0
4 cluster8=0 cluster3=0 cluster2=0 cluster1=1 cluster6=0 cluster9=0 cluster10=0 cluster7=1
5 cluster8=0 cluster3=0 cluster2=0 cluster1=1 cluster6=0 cluster9=1 cluster10=0 cluster7=0
6 cluster8=0 cluster3=0 cluster2=0 cluster1=1 cluster6=0 cluster9=1 cluster10=0 cluster7=1
7 cluster8=0 cluster3=0 cluster2=0 cluster1=0 cluster6=0 cluster9=0 cluster10=1 cluster7=1
8 cluster8=0 cluster3=0 cluster2=0 cluster1=0 cluster6=0 cluster9=1 cluster10=1 cluster7=1
9 cluster8=0 cluster3=0 cluster2=0 cluster1=1 cluster6=0 cluster9=0 cluster10=1 cluster7=1
10 cluster8=0 cluster3=0 cluster2=0 cluster1=1 cluster6=0 cluster9=1 cluster10=1 cluster7=1
11 cluster8=0 cluster3=0 cluster2=0 cluster1=0 cluster6=1 cluster9=1 cluster10=1 cluster7=1
12 cluster8=0 cluster3=0 cluster2=0 cluster1=1 cluster6=1 cluster9=1 cluster10=1 cluster7=1
13 cluster8=0 cluster3=0 cluster2=1 cluster1=1 cluster6=1 cluster9=1 cluster10=1 cluster7=1
14 cluster8=0 cluster3=1 cluster2=1 cluster1=1 cluster6=1 cluster9=1 cluster10=1 cluster7=1
15 cluster8=1 cluster3=1 cluster2=1 cluster1=1 cluster6=1 cluster9=1 cluster10=1 cluster7=1
16 cluster8=1 cluster3=1 cluster2=1 cluster1=1 cluster6=1 cluster9=1 cluster10=1 cluster7=0
17 cluster8=1 cluster3=1 cluster2=1 cluster1=1 cluster6=1 cluster9=0 cluster10=1 cluster7=1
18 cluster8=1 cluster3=1 cluster2=1 cluster1=1 cluster6=1 cluster9=0 cluster10=1 cluster7=0
19 cluster8=1 cluster3=1 cluster2=1 cluster1=0 cluster6=1 cluster9=1 cluster10=1 cluster7=1
20 cluster8=1 cluster3=1 cluster2=1 cluster1=0 cluster6=1 cluster9=1 cluster10=1 cluster7=0
21 cluster8=1 cluster3=1 cluster2=1 cluster1=0 cluster6=1 cluster9=0 cluster10=1 cluster7=1
22 cluster8=1 cluster3=1 cluster2=1 cluster1=0 cluster6=1 cluster9=0 cluster10=1 cluster7=0
23 cluster8=1 cluster3=1 cluster2=1 cluster1=1 cluster6=1 cluster9=1 cluster10=0 cluster7=0
24 cluster8=1 cluster3=1 cluster2=1 cluster1=1 cluster6=1 cluster9=0 cluster10=0 cluster7=0
25 cluster8=1 cluster3=1 cluster2=1 cluster1=0 cluster6=1 cluster9=1 cluster10=0 cluster7=0
26 cluster8=1 cluster3=1 cluster2=1 cluster1=0 cluster6=1 cluster9=0 cluster10=0 cluster7=0
27 cluster8=1 cluster3=1 cluster2=1 cluster1=1 cluster6=0 cluster9=0 cluster10=0 cluster7=0
28 cluster8=1 cluster3=1 cluster2=1 cluster1=0 cluster6=0 cluster9=0 cluster10=0 cluster7=0
29 cluster8=1 cluster3=1 cluster2=0 cluster1=0 cluster6=0 cluster9=0 cluster10=0 cluster7=0
30 cluster8=1 cluster3=0 cluster2=0 cluster1=0 cluster6=0 cluster9=0 cluster10=0 cluster7=0
31 cluster8=0 cluster3=0 cluster2=0 cluster1=0 cluster6=1 cluster9=0 cluster10=0 cluster7=0
32 cluster8=0 cluster3=0 cluster2=1 cluster1=0 cluster6=0 cluster9=0 cluster10=0 cluster7=0
33 cluster8=0 cluster3=0 cluster2=0 cluster1=0 cluster6=0 cluster9=0 cluster10=1 cluster7=0
34 cluster8=0 cluster3=1 cluster2=0 cluster1=0 cluster6=0 cluster9=0 cluster10=0 cluster7=0
inputRegulatorOGs.size() = 1999 inputOGList.size() = 50
binkey=32 [Edge status: 0 0 0 0 0 1 0 0 ] P(G)=P(cluster8=0)[0.8] * P(cluster1=0|cluster2=0) * P(cluster9=1|cluster6=0) * P(cluster7=0|cluster10=0) * P(cluster10=0|cluster6=0) * P(cluster6=0|cluster2=0) * P(cluster2=0|cluster3=0) * P(cluster3=0|cluster8=0)[0.0524288]=0.041943
binkey=1 [Edge status: 1 0 0 0 0 0 0 0 ] P(G)=P(cluster8=1)[0.2] * P(cluster1=0|cluster2=0) * P(cluster9=0|cluster6=0) * P(cluster7=0|cluster10=0) * P(cluster10=0|cluster6=0) * P(cluster6=0|cluster2=0) * P(cluster2=0|cluster3=0) * P(cluster3=0|cluster8=1)[0.0524288]=0.0104858
binkey=4 [Edge status: 0 0 1 0 0 0 0 0 ] P(G)=P(cluster8=0)[0.8] * P(cluster1=0|cluster2=1) * P(cluster9=0|cluster6=0) * P(cluster7=0|cluster10=0) * P(cluster10=0|cluster6=0) * P(cluster6=0|cluster2=1) * P(cluster2=1|cluster3=0) * P(cluster3=0|cluster8=0)[0.0032768]=0.00262144
binkey=16 [Edge status: 0 0 0 0 1 0 0 0 ] P(G)=P(cluster8=0)[0.8] * P(cluster1=0|cluster2=0) * P(cluster9=0|cluster6=1) * P(cluster7=0|cluster10=0) * P(cluster10=0|cluster6=1) * P(cluster6=1|cluster2=0) * P(cluster2=0|cluster3=0) * P(cluster3=0|cluster8=0)[0.0032768]=0.00262144
binkey=128 [Edge status: 0 0 0 0 0 0 0 1 ] P(G)=P(cluster8=0)[0.8] * P(cluster1=0|cluster2=0) * P(cluster9=0|cluster6=0) * P(cluster7=1|cluster10=0) * P(cluster10=0|cluster6=0) * P(cluster6=0|cluster2=0) * P(cluster2=0|cluster3=0) * P(cluster3=0|cluster8=0)[0.0524288]=0.041943
binkey=2 [Edge status: 0 1 0 0 0 0 0 0 ] P(G)=P(cluster8=0)[0.8] * P(cluster1=0|cluster2=0) * P(cluster9=0|cluster6=0) * P(cluster7=0|cluster10=0) * P(cluster10=0|cluster6=0) * P(cluster6=0|cluster2=0) * P(cluster2=0|cluster3=1) * P(cluster3=1|cluster8=0)[0.0131072]=0.0104858
binkey=64 [Edge status: 0 0 0 0 0 0 1 0 ] P(G)=P(cluster8=0)[0.8] * P(cluster1=0|cluster2=0) * P(cluster9=0|cluster6=0) * P(cluster7=0|cluster10=1) * P(cluster10=1|cluster6=0) * P(cluster6=0|cluster2=0) * P(cluster2=0|cluster3=0) * P(cluster3=0|cluster8=0)[0.0131072]=0.0104858
binkey=3 [Edge status: 1 1 0 0 0 0 0 0 ] P(G)=P(cluster8=1)[0.2] * P(cluster1=0|cluster2=0) * P(cluster9=0|cluster6=0) * P(cluster7=0|cluster10=0) * P(cluster10=0|cluster6=0) * P(cluster6=0|cluster2=0) * P(cluster2=0|cluster3=1) * P(cluster3=1|cluster8=1)[0.0524288]=0.0104858
binkey=192 [Edge status: 0 0 0 0 0 0 1 1 ] P(G)=P(cluster8=0)[0.8] * P(cluster1=0|cluster2=0) * P(cluster9=0|cluster6=0) * P(cluster7=1|cluster10=1) * P(cluster10=1|cluster6=0) * P(cluster6=0|cluster2=0) * P(cluster2=0|cluster3=0) * P(cluster3=0|cluster8=0)[0.0524288]=0.041943
binkey=8 [Edge status: 0 0 0 1 0 0 0 0 ] P(G)=P(cluster8=0)[0.8] * P(cluster1=1|cluster2=0) * P(cluster9=0|cluster6=0) * P(cluster7=0|cluster10=0) * P(cluster10=0|cluster6=0) * P(cluster6=0|cluster2=0) * P(cluster2=0|cluster3=0) * P(cluster3=0|cluster8=0)[0.0524288]=0.041943
binkey=40 [Edge status: 0 0 0 1 0 1 0 0 ] P(G)=P(cluster8=0)[0.8] * P(cluster1=1|cluster2=0) * P(cluster9=1|cluster6=0) * P(cluster7=0|cluster10=0) * P(cluster10=0|cluster6=0) * P(cluster6=0|cluster2=0) * P(cluster2=0|cluster3=0) * P(cluster3=0|cluster8=0)[0.0131072]=0.0104858
binkey=160 [Edge status: 0 0 0 0 0 1 0 1 ] P(G)=P(cluster8=0)[0.8] * P(cluster1=0|cluster2=0) * P(cluster9=1|cluster6=0) * P(cluster7=1|cluster10=0) * P(cluster10=0|cluster6=0) * P(cluster6=0|cluster2=0) * P(cluster2=0|cluster3=0) * P(cluster3=0|cluster8=0)[0.0131072]=0.0104858
binkey=136 [Edge status: 0 0 0 1 0 0 0 1 ] P(G)=P(cluster8=0)[0.8] * P(cluster1=1|cluster2=0) * P(cluster9=0|cluster6=0) * P(cluster7=1|cluster10=0) * P(cluster10=0|cluster6=0) * P(cluster6=0|cluster2=0) * P(cluster2=0|cluster3=0) * P(cluster3=0|cluster8=0)[0.0131072]=0.0104858
binkey=224 [Edge status: 0 0 0 0 0 1 1 1 ] P(G)=P(cluster8=0)[0.8] * P(cluster1=0|cluster2=0) * P(cluster9=1|cluster6=0) * P(cluster7=1|cluster10=1) * P(cluster10=1|cluster6=0) * P(cluster6=0|cluster2=0) * P(cluster2=0|cluster3=0) * P(cluster3=0|cluster8=0)[0.0131072]=0.0104858
binkey=240 [Edge status: 0 0 0 0 1 1 1 1 ] P(G)=P(cluster8=0)[0.8] * P(cluster1=0|cluster2=0) * P(cluster9=1|cluster6=1) * P(cluster7=1|cluster10=1) * P(cluster10=1|cluster6=1) * P(cluster6=1|cluster2=0) * P(cluster2=0|cluster3=0) * P(cluster3=0|cluster8=0)[0.0524288]=0.041943
binkey=7 [Edge status: 1 1 1 0 0 0 0 0 ] P(G)=P(cluster8=1)[0.2] * P(cluster1=0|cluster2=1) * P(cluster9=0|cluster6=0) * P(cluster7=0|cluster10=0) * P(cluster10=0|cluster6=0) * P(cluster6=0|cluster2=1) * P(cluster2=1|cluster3=1) * P(cluster3=1|cluster8=1)[0.0131072]=0.00262144
binkey=23 [Edge status: 1 1 1 0 1 0 0 0 ] P(G)=P(cluster8=1)[0.2] * P(cluster1=0|cluster2=1) * P(cluster9=0|cluster6=1) * P(cluster7=0|cluster10=0) * P(cluster10=0|cluster6=1) * P(cluster6=1|cluster2=1) * P(cluster2=1|cluster3=1) * P(cluster3=1|cluster8=1)[0.0032768]=0.00065536
binkey=247 [Edge status: 1 1 1 0 1 1 1 1 ] P(G)=P(cluster8=1)[0.2] * P(cluster1=0|cluster2=1) * P(cluster9=1|cluster6=1) * P(cluster7=1|cluster10=1) * P(cluster10=1|cluster6=1) * P(cluster6=1|cluster2=1) * P(cluster2=1|cluster3=1) * P(cluster3=1|cluster8=1)[0.0524288]=0.0104858
binkey=119 [Edge status: 1 1 1 0 1 1 1 0 ] P(G)=P(cluster8=1)[0.2] * P(cluster1=0|cluster2=1) * P(cluster9=1|cluster6=1) * P(cluster7=0|cluster10=1) * P(cluster10=1|cluster6=1) * P(cluster6=1|cluster2=1) * P(cluster2=1|cluster3=1) * P(cluster3=1|cluster8=1)[0.0131072]=0.00262144
binkey=215 [Edge status: 1 1 1 0 1 0 1 1 ] P(G)=P(cluster8=1)[0.2] * P(cluster1=0|cluster2=1) * P(cluster9=0|cluster6=1) * P(cluster7=1|cluster10=1) * P(cluster10=1|cluster6=1) * P(cluster6=1|cluster2=1) * P(cluster2=1|cluster3=1) * P(cluster3=1|cluster8=1)[0.0131072]=0.00262144
binkey=87 [Edge status: 1 1 1 0 1 0 1 0 ] P(G)=P(cluster8=1)[0.2] * P(cluster1=0|cluster2=1) * P(cluster9=0|cluster6=1) * P(cluster7=0|cluster10=1) * P(cluster10=1|cluster6=1) * P(cluster6=1|cluster2=1) * P(cluster2=1|cluster3=1) * P(cluster3=1|cluster8=1)[0.0032768]=0.00065536
binkey=55 [Edge status: 1 1 1 0 1 1 0 0 ] P(G)=P(cluster8=1)[0.2] * P(cluster1=0|cluster2=1) * P(cluster9=1|cluster6=1) * P(cluster7=0|cluster10=0) * P(cluster10=0|cluster6=1) * P(cluster6=1|cluster2=1) * P(cluster2=1|cluster3=1) * P(cluster3=1|cluster8=1)[0.0131072]=0.00262144
binkey=200 [Edge status: 0 0 0 1 0 0 1 1 ] P(G)=P(cluster8=0)[0.8] * P(cluster1=1|cluster2=0) * P(cluster9=0|cluster6=0) * P(cluster7=1|cluster10=1) * P(cluster10=1|cluster6=0) * P(cluster6=0|cluster2=0) * P(cluster2=0|cluster3=0) * P(cluster3=0|cluster8=0)[0.0131072]=0.0104858
binkey=168 [Edge status: 0 0 0 1 0 1 0 1 ] P(G)=P(cluster8=0)[0.8] * P(cluster1=1|cluster2=0) * P(cluster9=1|cluster6=0) * P(cluster7=1|cluster10=0) * P(cluster10=0|cluster6=0) * P(cluster6=0|cluster2=0) * P(cluster2=0|cluster3=0) * P(cluster3=0|cluster8=0)[0.0032768]=0.00262144
binkey=31 [Edge status: 1 1 1 1 1 0 0 0 ] P(G)=P(cluster8=1)[0.2] * P(cluster1=1|cluster2=1) * P(cluster9=0|cluster6=1) * P(cluster7=0|cluster10=0) * P(cluster10=0|cluster6=1) * P(cluster6=1|cluster2=1) * P(cluster2=1|cluster3=1) * P(cluster3=1|cluster8=1)[0.0131072]=0.00262144
binkey=15 [Edge status: 1 1 1 1 0 0 0 0 ] P(G)=P(cluster8=1)[0.2] * P(cluster1=1|cluster2=1) * P(cluster9=0|cluster6=0) * P(cluster7=0|cluster10=0) * P(cluster10=0|cluster6=0) * P(cluster6=0|cluster2=1) * P(cluster2=1|cluster3=1) * P(cluster3=1|cluster8=1)[0.0524288]=0.0104858
ITERATION 0 newScore=-2.66524e+06 diffscore=21931.7 priorChange=-119.221 successMove=50
binkey=232 [Edge status: 0 0 0 1 0 1 1 1 ] P(G)=P(cluster8=0)[0.8] * P(cluster1=1|cluster2=0) * P(cluster9=1|cluster6=0) * P(cluster7=1|cluster10=1) * P(cluster10=1|cluster6=0) * P(cluster6=0|cluster2=0) * P(cluster2=0|cluster3=0) * P(cluster3=0|cluster8=0)[0.0032768]=0.00262144
ITERATION 1 newScore=-2.65933e+06 diffscore=5910.4 priorChange=-116.449 successMove=51
ITERATION 2 newScore=-2.64452e+06 diffscore=14809.9 priorChange=-120.608 successMove=54
ITERATION 3 newScore=-2.63368e+06 diffscore=10835.5 priorChange=-117.835 successMove=50
ITERATION 4 newScore=-2.62159e+06 diffscore=12094.1 priorChange=-127.539 successMove=52
ITERATION 5 newScore=-2.61712e+06 diffscore=4469.22 priorChange=-123.38 successMove=50
ITERATION 6 newScore=-2.61502e+06 diffscore=2102.67 priorChange=-130.312 successMove=50
ITERATION 7 newScore=-2.61018e+06 diffscore=4837.94 priorChange=-120.608 successMove=50
ITERATION 8 newScore=-2.6036e+06 diffscore=6578.6 priorChange=-124.766 successMove=51
ITERATION 9 newScore=-2.60251e+06 diffscore=1092.24 priorChange=-127.539 successMove=53
ITERATION 10 newScore=-2.60006e+06 diffscore=2445.15 priorChange=-113.676 successMove=52
ITERATION 11 newScore=-2.59569e+06 diffscore=4374.12 priorChange=-124.766 successMove=50
ITERATION 12 newScore=-2.59223e+06 diffscore=3459.35 priorChange=-141.402 successMove=52
ITERATION 13 newScore=-2.58693e+06 diffscore=5303.32 priorChange=-130.312 successMove=50
ITERATION 14 newScore=-2.58536e+06 diffscore=1566.19 priorChange=-133.084 successMove=53
binkey=248 [Edge status: 0 0 0 1 1 1 1 1 ] P(G)=P(cluster8=0)[0.8] * P(cluster1=1|cluster2=0) * P(cluster9=1|cluster6=1) * P(cluster7=1|cluster10=1) * P(cluster10=1|cluster6=1) * P(cluster6=1|cluster2=0) * P(cluster2=0|cluster3=0) * P(cluster3=0|cluster8=0)[0.0131072]=0.0104858
ITERATION 15 newScore=-2.58371e+06 diffscore=1648.95 priorChange=-123.38 successMove=51
ITERATION 16 newScore=-2.58024e+06 diffscore=3473.65 priorChange=-135.857 successMove=51
ITERATION 17 newScore=-2.57929e+06 diffscore=949.474 priorChange=-126.153 successMove=53
ITERATION 18 newScore=-2.57451e+06 diffscore=4779.13 priorChange=-117.835 successMove=51
ITERATION 19 newScore=-2.57296e+06 diffscore=1549.38 priorChange=-115.062 successMove=53
ITERATION 20 newScore=-2.57213e+06 diffscore=827.461 priorChange=-120.608 successMove=51
ITERATION 21 newScore=-2.56536e+06 diffscore=6769.79 priorChange=-113.676 successMove=51
binkey=252 [Edge status: 0 0 1 1 1 1 1 1 ] P(G)=P(cluster8=0)[0.8] * P(cluster1=1|cluster2=1) * P(cluster9=1|cluster6=1) * P(cluster7=1|cluster10=1) * P(cluster10=1|cluster6=1) * P(cluster6=1|cluster2=1) * P(cluster2=1|cluster3=0) * P(cluster3=0|cluster8=0)[0.0524288]=0.041943
binkey=254 [Edge status: 0 1 1 1 1 1 1 1 ] P(G)=P(cluster8=0)[0.8] * P(cluster1=1|cluster2=1) * P(cluster9=1|cluster6=1) * P(cluster7=1|cluster10=1) * P(cluster10=1|cluster6=1) * P(cluster6=1|cluster2=1) * P(cluster2=1|cluster3=1) * P(cluster3=1|cluster8=0)[0.0524288]=0.041943
ITERATION 22 newScore=-2.5647e+06 diffscore=667.471 priorChange=-112.29 successMove=57
ITERATION 23 newScore=-2.56122e+06 diffscore=3477.7 priorChange=-115.062 successMove=50
ITERATION 24 newScore=-2.55731e+06 diffscore=3905.87 priorChange=-120.608 successMove=55
ITERATION 25 newScore=-2.55279e+06 diffscore=4521.9 priorChange=-117.835 successMove=51
ITERATION 26 newScore=-2.5522e+06 diffscore=595.132 priorChange=-121.994 successMove=50
ITERATION 27 newScore=-2.54751e+06 diffscore=4685.88 priorChange=-127.539 successMove=50
ITERATION 28 newScore=-2.54422e+06 diffscore=3289.9 priorChange=-119.221 successMove=51
ITERATION 29 newScore=-2.5423e+06 diffscore=1923.17 priorChange=-103.972 successMove=52
ITERATION 30 newScore=-2.54099e+06 diffscore=1307.82 priorChange=-117.835 successMove=50
ITERATION 31 newScore=-2.54056e+06 diffscore=424.932 priorChange=-115.062 successMove=51
ITERATION 32 newScore=-2.54013e+06 diffscore=431.073 priorChange=-113.676 successMove=51
ITERATION 33 newScore=-2.53715e+06 diffscore=2980.24 priorChange=-97.0406 successMove=50
ITERATION 34 newScore=-2.53653e+06 diffscore=621.56 priorChange=-105.358 successMove=50
ITERATION 35 newScore=-2.53337e+06 diffscore=3164.99 priorChange=-108.131 successMove=51
ITERATION 36 newScore=-2.52878e+06 diffscore=4584.71 priorChange=-112.29 successMove=50
ITERATION 37 newScore=-2.52833e+06 diffscore=454.323 priorChange=-110.904 successMove=51
ITERATION 38 newScore=-2.52785e+06 diffscore=474.766 priorChange=-108.131 successMove=50
ITERATION 39 newScore=-2.52723e+06 diffscore=621.788 priorChange=-113.676 successMove=49
ITERATION 40 newScore=-2.52634e+06 diffscore=888.902 priorChange=-101.199 successMove=48
ITERATION 41 newScore=-2.52226e+06 diffscore=4085.81 priorChange=-106.745 successMove=48
ITERATION 42 newScore=-2.51985e+06 diffscore=2402.46 priorChange=-98.4269 successMove=48
ITERATION 43 newScore=-2.51927e+06 diffscore=587.014 priorChange=-95.6543 successMove=47
ITERATION 44 newScore=-2.51704e+06 diffscore=2228.09 priorChange=-102.586 successMove=47
ITERATION 45 newScore=-2.51635e+06 diffscore=688.456 priorChange=-103.972 successMove=47
ITERATION 46 newScore=-2.5158e+06 diffscore=546.164 priorChange=-98.4269 successMove=48
ITERATION 47 newScore=-2.5152e+06 diffscore=601.451 priorChange=-120.608 successMove=47
ITERATION 48 newScore=-2.51485e+06 diffscore=348.418 priorChange=-119.221 successMove=47
ITERATION 49 newScore=-2.5134e+06 diffscore=1458.06 priorChange=-99.8132 successMove=47
ITERATION 50 newScore=-2.51308e+06 diffscore=312.613 priorChange=-88.7228 successMove=48
ITERATION 51 newScore=-2.51278e+06 diffscore=303.683 priorChange=-97.0406 successMove=47
ITERATION 52 newScore=-2.51236e+06 diffscore=415.583 priorChange=-102.586 successMove=45
ITERATION 53 newScore=-2.51081e+06 diffscore=1551.71 priorChange=-108.131 successMove=45
ITERATION 54 newScore=-2.50946e+06 diffscore=1349.26 priorChange=-90.1091 successMove=45
ITERATION 55 newScore=-2.50817e+06 diffscore=1296.88 priorChange=-94.268 successMove=44
ITERATION 56 newScore=-2.50794e+06 diffscore=228.844 priorChange=-103.972 successMove=44
ITERATION 57 newScore=-2.5077e+06 diffscore=235.163 priorChange=-102.586 successMove=44
ITERATION 58 newScore=-2.50749e+06 diffscore=210.471 priorChange=-95.6543 successMove=44
ITERATION 59 newScore=-2.50716e+06 diffscore=330.153 priorChange=-66.5421 successMove=42
ITERATION 60 newScore=-2.50559e+06 diffscore=1573.84 priorChange=-92.8817 successMove=41
ITERATION 61 newScore=-2.50438e+06 diffscore=1207.88 priorChange=-91.4954 successMove=36
ITERATION 62 newScore=-2.5042e+06 diffscore=175.015 priorChange=-79.0188 successMove=36
ITERATION 63 newScore=-2.50405e+06 diffscore=157.111 priorChange=-56.8381 successMove=36
ITERATION 64 newScore=-2.50261e+06 diffscore=1434.13 priorChange=-80.4051 successMove=33
ITERATION 65 newScore=-2.50246e+06 diffscore=157.293 priorChange=-72.0873 successMove=31
ITERATION 66 newScore=-2.50225e+06 diffscore=209.81 priorChange=-63.7695 successMove=30
ITERATION 67 newScore=-2.50138e+06 diffscore=861.876 priorChange=-74.8599 successMove=31
ITERATION 68 newScore=-2.50123e+06 diffscore=153.524 priorChange=-72.0873 successMove=31
ITERATION 69 newScore=-2.50108e+06 diffscore=154.134 priorChange=-59.6107 successMove=29
ITERATION 70 newScore=-2.50095e+06 diffscore=128.058 priorChange=-60.997 successMove=29
ITERATION 71 newScore=-2.5008e+06 diffscore=144.783 priorChange=-59.6107 successMove=26
ITERATION 72 newScore=-2.5006e+06 diffscore=209.198 priorChange=-65.1558 successMove=27
ITERATION 73 newScore=-2.49963e+06 diffscore=964.847 priorChange=-47.134 successMove=25
ITERATION 74 newScore=-2.49933e+06 diffscore=296.509 priorChange=-48.5203 successMove=25
ITERATION 75 newScore=-2.49856e+06 diffscore=778.447 priorChange=-41.5888 successMove=23
ITERATION 76 newScore=-2.49596e+06 diffscore=2599.97 priorChange=-42.9751 successMove=23
ITERATION 77 newScore=-2.4958e+06 diffscore=153.665 priorChange=-36.0437 successMove=17
ITERATION 78 newScore=-2.49439e+06 diffscore=1407.14 priorChange=-34.6574 successMove=15
ITERATION 79 newScore=-2.49431e+06 diffscore=86.2281 priorChange=-24.9533 successMove=15
ITERATION 80 newScore=-2.49422e+06 diffscore=87.4042 priorChange=-34.6574 successMove=14
ITERATION 81 newScore=-2.49412e+06 diffscore=102.089 priorChange=-26.3396 successMove=14
ITERATION 82 newScore=-2.49294e+06 diffscore=1179.35 priorChange=-20.7944 successMove=16
ITERATION 83 newScore=-2.49274e+06 diffscore=203.734 priorChange=-33.2711 successMove=14
ITERATION 84 newScore=-2.4923e+06 diffscore=432.229 priorChange=-24.9533 successMove=14
ITERATION 85 newScore=-2.49158e+06 diffscore=718.915 priorChange=-23.567 successMove=13
ITERATION 86 newScore=-2.4908e+06 diffscore=786.28 priorChange=-23.567 successMove=12
ITERATION 87 newScore=-2.49061e+06 diffscore=185.751 priorChange=-26.3396 successMove=12
ITERATION 88 newScore=-2.49002e+06 diffscore=595.211 priorChange=-26.3396 successMove=12
ITERATION 89 newScore=-2.48997e+06 diffscore=50.5847 priorChange=-20.7944 successMove=12
ITERATION 90 newScore=-2.48993e+06 diffscore=39.8938 priorChange=-15.2492 successMove=11
ITERATION 91 newScore=-2.48989e+06 diffscore=40.9289 priorChange=-20.7944 successMove=9
ITERATION 92 newScore=-2.48984e+06 diffscore=50.066 priorChange=-18.0218 successMove=8
ITERATION 93 newScore=-2.48976e+06 diffscore=71.1695 priorChange=-12.4766 successMove=6
ITERATION 94 newScore=-2.48973e+06 diffscore=32.1012 priorChange=-4.15888 successMove=5
ITERATION 95 newScore=-2.48954e+06 diffscore=196.834 priorChange=-5.54518 successMove=4
ITERATION 96 newScore=-2.48952e+06 diffscore=17.1629 priorChange=-12.4766 successMove=4
ITERATION 97 newScore=-2.4895e+06 diffscore=14.5955 priorChange=-9.70406 successMove=4
ITERATION 98 newScore=-2.48949e+06 diffscore=17.0605 priorChange=-11.0904 successMove=4
ITERATION 99 newScore=-2.48947e+06 diffscore=17.5221 priorChange=-12.4766 successMove=4
MetaLearner::dumpAllGraphs
Final Score -2.48947e+06
MetaLearner::start runtime: 887711719 ms
Results/
Results/cluster8/
Results/cluster8/fold0/
Results/cluster8/fold0/var_mb_pw_k50.txt
Results/cluster8/fold0/modelparams.txt
Results/cluster8/scoreFile.txt
Results/cluster3/
Results/cluster3/fold0/
Results/cluster3/fold0/var_mb_pw_k50.txt
Results/cluster3/fold0/modelparams.txt
Results/cluster2/
Results/cluster2/fold0/
Results/cluster2/fold0/var_mb_pw_k50.txt
Results/cluster2/fold0/modelparams.txt
Results/cluster1/
Results/cluster1/fold0/
Results/cluster1/fold0/var_mb_pw_k50.txt
Results/cluster1/fold0/modelparams.txt
Results/cluster6/
Results/cluster6/fold0/
Results/cluster6/fold0/var_mb_pw_k50.txt
Results/cluster6/fold0/modelparams.txt
Results/cluster9/
Results/cluster9/fold0/
Results/cluster9/fold0/var_mb_pw_k50.txt
Results/cluster9/fold0/modelparams.txt
Results/cluster10/
Results/cluster10/fold0/
Results/cluster10/fold0/var_mb_pw_k50.txt
Results/cluster10/fold0/modelparams.txt
Results/cluster7/
Results/cluster7/fold0/
Results/cluster7/fold0/var_mb_pw_k50.txt
Results/cluster7/fold0/modelparams.txt
