000 (49777.2307.000) 10/11 10:48:14 Job submitted from host: <144.92.142.142:9618?addrs=144.92.142.142-9618&noUDP&sock=44923_051a_3>
...
001 (49777.2307.000) 10/11 18:54:18 Job executing on host: <128.105.245.10:9618?addrs=128.105.245.10-9618&alias=gpu2000.chtc.wisc.edu&noUDP&sock=startd_6299_2b25>
...
006 (49777.2307.000) 10/11 18:54:26 Image size of job updated: 105660
	104  -  MemoryUsage of job (MB)
	105656  -  ResidentSetSize of job (KB)
...
006 (49777.2307.000) 10/11 18:59:26 Image size of job updated: 723124
	657  -  MemoryUsage of job (MB)
	671932  -  ResidentSetSize of job (KB)
...
006 (49777.2307.000) 10/11 19:04:26 Image size of job updated: 935932
	879  -  MemoryUsage of job (MB)
	899484  -  ResidentSetSize of job (KB)
...
006 (49777.2307.000) 10/11 19:09:27 Image size of job updated: 1206904
	1139  -  MemoryUsage of job (MB)
	1166252  -  ResidentSetSize of job (KB)
...
006 (49777.2307.000) 10/11 19:14:27 Image size of job updated: 1513904
	1441  -  MemoryUsage of job (MB)
	1475184  -  ResidentSetSize of job (KB)
...
006 (49777.2307.000) 10/11 19:19:27 Image size of job updated: 1838328
	1753  -  MemoryUsage of job (MB)
	1794056  -  ResidentSetSize of job (KB)
...
006 (49777.2307.000) 10/11 19:24:28 Image size of job updated: 2176388
	2076  -  MemoryUsage of job (MB)
	2125300  -  ResidentSetSize of job (KB)
...
006 (49777.2307.000) 10/11 19:27:24 Image size of job updated: 2351456
	2076  -  MemoryUsage of job (MB)
	2125300  -  ResidentSetSize of job (KB)
...
005 (49777.2307.000) 10/11 19:27:24 Job terminated.
	(1) Normal termination (return value 0)
		Usr 0 00:32:47, Sys 0 00:00:11  -  Run Remote Usage
		Usr 0 00:00:00, Sys 0 00:00:00  -  Run Local Usage
		Usr 0 00:32:47, Sys 0 00:00:11  -  Total Remote Usage
		Usr 0 00:00:00, Sys 0 00:00:00  -  Total Local Usage
	171048  -  Run Bytes Sent By Job
	316843968  -  Run Bytes Received By Job
	171048  -  Total Bytes Sent By Job
	316843968  -  Total Bytes Received By Job
	Partitionable Resources :     Usage  Request Allocated 
	   Cpus                 :      0.99        1         1 
	   Disk (KB)            : 325000      819200  18119584 
	   Gpus                 :                            0 
	   Ioheavy              :                            0 
	   Memory (MB)          :   2076       20480     25710 
...
