000 (49777.2281.000) 10/11 10:48:14 Job submitted from host: <144.92.142.142:9618?addrs=144.92.142.142-9618&noUDP&sock=44923_051a_3>
...
001 (49777.2281.000) 10/11 18:51:53 Job executing on host: <128.105.68.23:9618?addrs=128.105.68.23-9618&alias=gpulab2004.chtc.wisc.edu&noUDP&sock=startd_62541_80a6>
...
006 (49777.2281.000) 10/11 18:52:02 Image size of job updated: 105448
	103  -  MemoryUsage of job (MB)
	105448  -  ResidentSetSize of job (KB)
...
006 (49777.2281.000) 10/11 18:57:03 Image size of job updated: 726580
	662  -  MemoryUsage of job (MB)
	677316  -  ResidentSetSize of job (KB)
...
006 (49777.2281.000) 10/11 19:02:04 Image size of job updated: 936172
	865  -  MemoryUsage of job (MB)
	885664  -  ResidentSetSize of job (KB)
...
006 (49777.2281.000) 10/11 19:07:04 Image size of job updated: 1257868
	1187  -  MemoryUsage of job (MB)
	1214976  -  ResidentSetSize of job (KB)
...
006 (49777.2281.000) 10/11 19:12:05 Image size of job updated: 1783776
	1714  -  MemoryUsage of job (MB)
	1754976  -  ResidentSetSize of job (KB)
...
006 (49777.2281.000) 10/11 19:12:28 Image size of job updated: 1815152
	1714  -  MemoryUsage of job (MB)
	1754976  -  ResidentSetSize of job (KB)
...
005 (49777.2281.000) 10/11 19:12:28 Job terminated.
	(1) Normal termination (return value 0)
		Usr 0 00:20:30, Sys 0 00:00:02  -  Run Remote Usage
		Usr 0 00:00:00, Sys 0 00:00:00  -  Run Local Usage
		Usr 0 00:20:30, Sys 0 00:00:02  -  Total Remote Usage
		Usr 0 00:00:00, Sys 0 00:00:00  -  Total Local Usage
	170697  -  Run Bytes Sent By Job
	316843968  -  Run Bytes Received By Job
	170697  -  Total Bytes Sent By Job
	316843968  -  Total Bytes Received By Job
	Partitionable Resources :     Usage  Request Allocated 
	   Cpus                 :      1.00        1         1 
	   Disk (KB)            : 325000      819200  18192444 
	   Gpus                 :                            0 
	   Ioheavy              :                            0 
	   Memory (MB)          :   1714       20480     21341 
...
