./CVN -f config_condor.txt -x50 -v1 -l TFs_OGs.txt -n AllGenes155.txt -d celltype_tree_ancestor.txt -m testdata_ogids.txt -s celltype_order.txt -p 0.2 -c yes -b -4 -q 4
(cluster3|cluster8) p_maintain_edge=0.8 p_gain=0.2
(cluster2|cluster3) p_maintain_edge=0.8 p_gain=0.2
(cluster1|cluster2) p_maintain_edge=0.8 p_gain=0.2
(cluster6|cluster2) p_maintain_edge=0.8 p_gain=0.2
(cluster9|cluster6) p_maintain_edge=0.8 p_gain=0.2
(cluster10|cluster6) p_maintain_edge=0.8 p_gain=0.2
(cluster7|cluster10) p_maintain_edge=0.8 p_gain=0.2
speciesSet.size()=8 Root is cluster8
MappedOrthogroupReader::readSpeciesMapping() --- celltype_order.txt
MappedOrthogroupReader::readFile - testdata_ogids.txt
MappedOrthogroupReader::generateGeneOrthoMap()
MetaLearner::init_onefold() read:config_condor.txt
MetaLearner::setinputVariableNames number of variables: 2041
readEvidenceTable:cluster8.table
PotentialManager::loadEvidenceFromTable varCount=2041 sampleCount=348
motifNetwork.size() = 319
0=cluster8 motifNetwork=cluster8_network.txt
variable size=2041
readEvidenceTable:cluster3.table
PotentialManager::loadEvidenceFromTable varCount=2041 sampleCount=95
motifNetwork.size() = 326
1=cluster3 motifNetwork=cluster3_network.txt
variable size=2041
readEvidenceTable:cluster2.table
PotentialManager::loadEvidenceFromTable varCount=2041 sampleCount=386
motifNetwork.size() = 328
2=cluster2 motifNetwork=cluster2_network.txt
variable size=2041
readEvidenceTable:cluster1.table
PotentialManager::loadEvidenceFromTable varCount=2041 sampleCount=36
motifNetwork.size() = 322
3=cluster1 motifNetwork=cluster1_network.txt
variable size=2041
readEvidenceTable:cluster6.table
PotentialManager::loadEvidenceFromTable varCount=2041 sampleCount=524
motifNetwork.size() = 320
4=cluster6 motifNetwork=cluster6_network.txt
variable size=2041
readEvidenceTable:cluster9.table
PotentialManager::loadEvidenceFromTable varCount=2041 sampleCount=184
motifNetwork.size() = 327
5=cluster9 motifNetwork=cluster9_network.txt
variable size=2041
readEvidenceTable:cluster10.table
PotentialManager::loadEvidenceFromTable varCount=2041 sampleCount=165
motifNetwork.size() = 326
6=cluster10 motifNetwork=cluster10_network.txt
variable size=2041
readEvidenceTable:cluster7.table
PotentialManager::loadEvidenceFromTable varCount=2041 sampleCount=1032
motifNetwork.size() = 320
7=cluster7 motifNetwork=cluster7_network.txt
variable size=2041
-------------------------------------------------------------
MetaLearner::start
precomputeEmptyGraphPrior
binkey=0 [Edge status: 0 0 0 0 0 0 0 0 ] P(G)=P(cluster8=0)[0.8] * P(cluster1=0|cluster2=0) * P(cluster9=0|cluster6=0) * P(cluster7=0|cluster10=0) * P(cluster10=0|cluster6=0) * P(cluster6=0|cluster2=0) * P(cluster2=0|cluster3=0) * P(cluster3=0|cluster8=0)[0.209715]=0.167772
condsetMap_Tree
0 cluster8=0 cluster3=0 cluster2=0 cluster1=0 cluster6=0 cluster9=0 cluster10=0 cluster7=1
1 cluster8=0 cluster3=0 cluster2=0 cluster1=0 cluster6=0 cluster9=1 cluster10=0 cluster7=0
2 cluster8=0 cluster3=0 cluster2=0 cluster1=0 cluster6=0 cluster9=1 cluster10=0 cluster7=1
3 cluster8=0 cluster3=0 cluster2=0 cluster1=1 cluster6=0 cluster9=0 cluster10=0 cluster7=0
4 cluster8=0 cluster3=0 cluster2=0 cluster1=1 cluster6=0 cluster9=0 cluster10=0 cluster7=1
5 cluster8=0 cluster3=0 cluster2=0 cluster1=1 cluster6=0 cluster9=1 cluster10=0 cluster7=0
6 cluster8=0 cluster3=0 cluster2=0 cluster1=1 cluster6=0 cluster9=1 cluster10=0 cluster7=1
7 cluster8=0 cluster3=0 cluster2=0 cluster1=0 cluster6=0 cluster9=0 cluster10=1 cluster7=1
8 cluster8=0 cluster3=0 cluster2=0 cluster1=0 cluster6=0 cluster9=1 cluster10=1 cluster7=1
9 cluster8=0 cluster3=0 cluster2=0 cluster1=1 cluster6=0 cluster9=0 cluster10=1 cluster7=1
10 cluster8=0 cluster3=0 cluster2=0 cluster1=1 cluster6=0 cluster9=1 cluster10=1 cluster7=1
11 cluster8=0 cluster3=0 cluster2=0 cluster1=0 cluster6=1 cluster9=1 cluster10=1 cluster7=1
12 cluster8=0 cluster3=0 cluster2=0 cluster1=1 cluster6=1 cluster9=1 cluster10=1 cluster7=1
13 cluster8=0 cluster3=0 cluster2=1 cluster1=1 cluster6=1 cluster9=1 cluster10=1 cluster7=1
14 cluster8=0 cluster3=1 cluster2=1 cluster1=1 cluster6=1 cluster9=1 cluster10=1 cluster7=1
15 cluster8=1 cluster3=1 cluster2=1 cluster1=1 cluster6=1 cluster9=1 cluster10=1 cluster7=1
16 cluster8=1 cluster3=1 cluster2=1 cluster1=1 cluster6=1 cluster9=1 cluster10=1 cluster7=0
17 cluster8=1 cluster3=1 cluster2=1 cluster1=1 cluster6=1 cluster9=0 cluster10=1 cluster7=1
18 cluster8=1 cluster3=1 cluster2=1 cluster1=1 cluster6=1 cluster9=0 cluster10=1 cluster7=0
19 cluster8=1 cluster3=1 cluster2=1 cluster1=0 cluster6=1 cluster9=1 cluster10=1 cluster7=1
20 cluster8=1 cluster3=1 cluster2=1 cluster1=0 cluster6=1 cluster9=1 cluster10=1 cluster7=0
21 cluster8=1 cluster3=1 cluster2=1 cluster1=0 cluster6=1 cluster9=0 cluster10=1 cluster7=1
22 cluster8=1 cluster3=1 cluster2=1 cluster1=0 cluster6=1 cluster9=0 cluster10=1 cluster7=0
23 cluster8=1 cluster3=1 cluster2=1 cluster1=1 cluster6=1 cluster9=1 cluster10=0 cluster7=0
24 cluster8=1 cluster3=1 cluster2=1 cluster1=1 cluster6=1 cluster9=0 cluster10=0 cluster7=0
25 cluster8=1 cluster3=1 cluster2=1 cluster1=0 cluster6=1 cluster9=1 cluster10=0 cluster7=0
26 cluster8=1 cluster3=1 cluster2=1 cluster1=0 cluster6=1 cluster9=0 cluster10=0 cluster7=0
27 cluster8=1 cluster3=1 cluster2=1 cluster1=1 cluster6=0 cluster9=0 cluster10=0 cluster7=0
28 cluster8=1 cluster3=1 cluster2=1 cluster1=0 cluster6=0 cluster9=0 cluster10=0 cluster7=0
29 cluster8=1 cluster3=1 cluster2=0 cluster1=0 cluster6=0 cluster9=0 cluster10=0 cluster7=0
30 cluster8=1 cluster3=0 cluster2=0 cluster1=0 cluster6=0 cluster9=0 cluster10=0 cluster7=0
31 cluster8=0 cluster3=0 cluster2=0 cluster1=0 cluster6=1 cluster9=0 cluster10=0 cluster7=0
32 cluster8=0 cluster3=0 cluster2=1 cluster1=0 cluster6=0 cluster9=0 cluster10=0 cluster7=0
33 cluster8=0 cluster3=0 cluster2=0 cluster1=0 cluster6=0 cluster9=0 cluster10=1 cluster7=0
34 cluster8=0 cluster3=1 cluster2=0 cluster1=0 cluster6=0 cluster9=0 cluster10=0 cluster7=0
inputRegulatorOGs.size() = 1999 inputOGList.size() = 50
binkey=128 [Edge status: 0 0 0 0 0 0 0 1 ] P(G)=P(cluster8=0)[0.8] * P(cluster1=0|cluster2=0) * P(cluster9=0|cluster6=0) * P(cluster7=1|cluster10=0) * P(cluster10=0|cluster6=0) * P(cluster6=0|cluster2=0) * P(cluster2=0|cluster3=0) * P(cluster3=0|cluster8=0)[0.0524288]=0.041943
binkey=2 [Edge status: 0 1 0 0 0 0 0 0 ] P(G)=P(cluster8=0)[0.8] * P(cluster1=0|cluster2=0) * P(cluster9=0|cluster6=0) * P(cluster7=0|cluster10=0) * P(cluster10=0|cluster6=0) * P(cluster6=0|cluster2=0) * P(cluster2=0|cluster3=1) * P(cluster3=1|cluster8=0)[0.0131072]=0.0104858
binkey=32 [Edge status: 0 0 0 0 0 1 0 0 ] P(G)=P(cluster8=0)[0.8] * P(cluster1=0|cluster2=0) * P(cluster9=1|cluster6=0) * P(cluster7=0|cluster10=0) * P(cluster10=0|cluster6=0) * P(cluster6=0|cluster2=0) * P(cluster2=0|cluster3=0) * P(cluster3=0|cluster8=0)[0.0524288]=0.041943
binkey=4 [Edge status: 0 0 1 0 0 0 0 0 ] P(G)=P(cluster8=0)[0.8] * P(cluster1=0|cluster2=1) * P(cluster9=0|cluster6=0) * P(cluster7=0|cluster10=0) * P(cluster10=0|cluster6=0) * P(cluster6=0|cluster2=1) * P(cluster2=1|cluster3=0) * P(cluster3=0|cluster8=0)[0.0032768]=0.00262144
binkey=1 [Edge status: 1 0 0 0 0 0 0 0 ] P(G)=P(cluster8=1)[0.2] * P(cluster1=0|cluster2=0) * P(cluster9=0|cluster6=0) * P(cluster7=0|cluster10=0) * P(cluster10=0|cluster6=0) * P(cluster6=0|cluster2=0) * P(cluster2=0|cluster3=0) * P(cluster3=0|cluster8=1)[0.0524288]=0.0104858
binkey=64 [Edge status: 0 0 0 0 0 0 1 0 ] P(G)=P(cluster8=0)[0.8] * P(cluster1=0|cluster2=0) * P(cluster9=0|cluster6=0) * P(cluster7=0|cluster10=1) * P(cluster10=1|cluster6=0) * P(cluster6=0|cluster2=0) * P(cluster2=0|cluster3=0) * P(cluster3=0|cluster8=0)[0.0131072]=0.0104858
binkey=8 [Edge status: 0 0 0 1 0 0 0 0 ] P(G)=P(cluster8=0)[0.8] * P(cluster1=1|cluster2=0) * P(cluster9=0|cluster6=0) * P(cluster7=0|cluster10=0) * P(cluster10=0|cluster6=0) * P(cluster6=0|cluster2=0) * P(cluster2=0|cluster3=0) * P(cluster3=0|cluster8=0)[0.0524288]=0.041943
binkey=16 [Edge status: 0 0 0 0 1 0 0 0 ] P(G)=P(cluster8=0)[0.8] * P(cluster1=0|cluster2=0) * P(cluster9=0|cluster6=1) * P(cluster7=0|cluster10=0) * P(cluster10=0|cluster6=1) * P(cluster6=1|cluster2=0) * P(cluster2=0|cluster3=0) * P(cluster3=0|cluster8=0)[0.0032768]=0.00262144
binkey=136 [Edge status: 0 0 0 1 0 0 0 1 ] P(G)=P(cluster8=0)[0.8] * P(cluster1=1|cluster2=0) * P(cluster9=0|cluster6=0) * P(cluster7=1|cluster10=0) * P(cluster10=0|cluster6=0) * P(cluster6=0|cluster2=0) * P(cluster2=0|cluster3=0) * P(cluster3=0|cluster8=0)[0.0131072]=0.0104858
binkey=192 [Edge status: 0 0 0 0 0 0 1 1 ] P(G)=P(cluster8=0)[0.8] * P(cluster1=0|cluster2=0) * P(cluster9=0|cluster6=0) * P(cluster7=1|cluster10=1) * P(cluster10=1|cluster6=0) * P(cluster6=0|cluster2=0) * P(cluster2=0|cluster3=0) * P(cluster3=0|cluster8=0)[0.0524288]=0.041943
binkey=200 [Edge status: 0 0 0 1 0 0 1 1 ] P(G)=P(cluster8=0)[0.8] * P(cluster1=1|cluster2=0) * P(cluster9=0|cluster6=0) * P(cluster7=1|cluster10=1) * P(cluster10=1|cluster6=0) * P(cluster6=0|cluster2=0) * P(cluster2=0|cluster3=0) * P(cluster3=0|cluster8=0)[0.0131072]=0.0104858
binkey=40 [Edge status: 0 0 0 1 0 1 0 0 ] P(G)=P(cluster8=0)[0.8] * P(cluster1=1|cluster2=0) * P(cluster9=1|cluster6=0) * P(cluster7=0|cluster10=0) * P(cluster10=0|cluster6=0) * P(cluster6=0|cluster2=0) * P(cluster2=0|cluster3=0) * P(cluster3=0|cluster8=0)[0.0131072]=0.0104858
binkey=160 [Edge status: 0 0 0 0 0 1 0 1 ] P(G)=P(cluster8=0)[0.8] * P(cluster1=0|cluster2=0) * P(cluster9=1|cluster6=0) * P(cluster7=1|cluster10=0) * P(cluster10=0|cluster6=0) * P(cluster6=0|cluster2=0) * P(cluster2=0|cluster3=0) * P(cluster3=0|cluster8=0)[0.0131072]=0.0104858
binkey=3 [Edge status: 1 1 0 0 0 0 0 0 ] P(G)=P(cluster8=1)[0.2] * P(cluster1=0|cluster2=0) * P(cluster9=0|cluster6=0) * P(cluster7=0|cluster10=0) * P(cluster10=0|cluster6=0) * P(cluster6=0|cluster2=0) * P(cluster2=0|cluster3=1) * P(cluster3=1|cluster8=1)[0.0524288]=0.0104858
binkey=224 [Edge status: 0 0 0 0 0 1 1 1 ] P(G)=P(cluster8=0)[0.8] * P(cluster1=0|cluster2=0) * P(cluster9=1|cluster6=0) * P(cluster7=1|cluster10=1) * P(cluster10=1|cluster6=0) * P(cluster6=0|cluster2=0) * P(cluster2=0|cluster3=0) * P(cluster3=0|cluster8=0)[0.0131072]=0.0104858
binkey=168 [Edge status: 0 0 0 1 0 1 0 1 ] P(G)=P(cluster8=0)[0.8] * P(cluster1=1|cluster2=0) * P(cluster9=1|cluster6=0) * P(cluster7=1|cluster10=0) * P(cluster10=0|cluster6=0) * P(cluster6=0|cluster2=0) * P(cluster2=0|cluster3=0) * P(cluster3=0|cluster8=0)[0.0032768]=0.00262144
binkey=87 [Edge status: 1 1 1 0 1 0 1 0 ] P(G)=P(cluster8=1)[0.2] * P(cluster1=0|cluster2=1) * P(cluster9=0|cluster6=1) * P(cluster7=0|cluster10=1) * P(cluster10=1|cluster6=1) * P(cluster6=1|cluster2=1) * P(cluster2=1|cluster3=1) * P(cluster3=1|cluster8=1)[0.0032768]=0.00065536
binkey=23 [Edge status: 1 1 1 0 1 0 0 0 ] P(G)=P(cluster8=1)[0.2] * P(cluster1=0|cluster2=1) * P(cluster9=0|cluster6=1) * P(cluster7=0|cluster10=0) * P(cluster10=0|cluster6=1) * P(cluster6=1|cluster2=1) * P(cluster2=1|cluster3=1) * P(cluster3=1|cluster8=1)[0.0032768]=0.00065536
binkey=7 [Edge status: 1 1 1 0 0 0 0 0 ] P(G)=P(cluster8=1)[0.2] * P(cluster1=0|cluster2=1) * P(cluster9=0|cluster6=0) * P(cluster7=0|cluster10=0) * P(cluster10=0|cluster6=0) * P(cluster6=0|cluster2=1) * P(cluster2=1|cluster3=1) * P(cluster3=1|cluster8=1)[0.0131072]=0.00262144
binkey=232 [Edge status: 0 0 0 1 0 1 1 1 ] P(G)=P(cluster8=0)[0.8] * P(cluster1=1|cluster2=0) * P(cluster9=1|cluster6=0) * P(cluster7=1|cluster10=1) * P(cluster10=1|cluster6=0) * P(cluster6=0|cluster2=0) * P(cluster2=0|cluster3=0) * P(cluster3=0|cluster8=0)[0.0032768]=0.00262144
binkey=240 [Edge status: 0 0 0 0 1 1 1 1 ] P(G)=P(cluster8=0)[0.8] * P(cluster1=0|cluster2=0) * P(cluster9=1|cluster6=1) * P(cluster7=1|cluster10=1) * P(cluster10=1|cluster6=1) * P(cluster6=1|cluster2=0) * P(cluster2=0|cluster3=0) * P(cluster3=0|cluster8=0)[0.0524288]=0.041943
binkey=55 [Edge status: 1 1 1 0 1 1 0 0 ] P(G)=P(cluster8=1)[0.2] * P(cluster1=0|cluster2=1) * P(cluster9=1|cluster6=1) * P(cluster7=0|cluster10=0) * P(cluster10=0|cluster6=1) * P(cluster6=1|cluster2=1) * P(cluster2=1|cluster3=1) * P(cluster3=1|cluster8=1)[0.0131072]=0.00262144
binkey=248 [Edge status: 0 0 0 1 1 1 1 1 ] P(G)=P(cluster8=0)[0.8] * P(cluster1=1|cluster2=0) * P(cluster9=1|cluster6=1) * P(cluster7=1|cluster10=1) * P(cluster10=1|cluster6=1) * P(cluster6=1|cluster2=0) * P(cluster2=0|cluster3=0) * P(cluster3=0|cluster8=0)[0.0131072]=0.0104858
binkey=252 [Edge status: 0 0 1 1 1 1 1 1 ] P(G)=P(cluster8=0)[0.8] * P(cluster1=1|cluster2=1) * P(cluster9=1|cluster6=1) * P(cluster7=1|cluster10=1) * P(cluster10=1|cluster6=1) * P(cluster6=1|cluster2=1) * P(cluster2=1|cluster3=0) * P(cluster3=0|cluster8=0)[0.0524288]=0.041943
ITERATION 0 newScore=-2.76522e+06 diffscore=12326.3 priorChange=-109.517 successMove=60
binkey=247 [Edge status: 1 1 1 0 1 1 1 1 ] P(G)=P(cluster8=1)[0.2] * P(cluster1=0|cluster2=1) * P(cluster9=1|cluster6=1) * P(cluster7=1|cluster10=1) * P(cluster10=1|cluster6=1) * P(cluster6=1|cluster2=1) * P(cluster2=1|cluster3=1) * P(cluster3=1|cluster8=1)[0.0524288]=0.0104858
binkey=119 [Edge status: 1 1 1 0 1 1 1 0 ] P(G)=P(cluster8=1)[0.2] * P(cluster1=0|cluster2=1) * P(cluster9=1|cluster6=1) * P(cluster7=0|cluster10=1) * P(cluster10=1|cluster6=1) * P(cluster6=1|cluster2=1) * P(cluster2=1|cluster3=1) * P(cluster3=1|cluster8=1)[0.0131072]=0.00262144
binkey=215 [Edge status: 1 1 1 0 1 0 1 1 ] P(G)=P(cluster8=1)[0.2] * P(cluster1=0|cluster2=1) * P(cluster9=0|cluster6=1) * P(cluster7=1|cluster10=1) * P(cluster10=1|cluster6=1) * P(cluster6=1|cluster2=1) * P(cluster2=1|cluster3=1) * P(cluster3=1|cluster8=1)[0.0131072]=0.00262144
ITERATION 1 newScore=-2.75313e+06 diffscore=12084 priorChange=-109.517 successMove=52
ITERATION 2 newScore=-2.74402e+06 diffscore=9111.23 priorChange=-110.904 successMove=59
ITERATION 3 newScore=-2.73933e+06 diffscore=4695.49 priorChange=-113.676 successMove=54
ITERATION 4 newScore=-2.73433e+06 diffscore=4995.87 priorChange=-113.676 successMove=51
ITERATION 5 newScore=-2.7308e+06 diffscore=3530.85 priorChange=-106.745 successMove=51
ITERATION 6 newScore=-2.7257e+06 diffscore=5103.46 priorChange=-101.199 successMove=50
ITERATION 7 newScore=-2.72059e+06 diffscore=5105.78 priorChange=-116.449 successMove=52
ITERATION 8 newScore=-2.71852e+06 diffscore=2073.41 priorChange=-98.4269 successMove=52
ITERATION 9 newScore=-2.71297e+06 diffscore=5542.35 priorChange=-109.517 successMove=54
ITERATION 10 newScore=-2.71062e+06 diffscore=2358.58 priorChange=-116.449 successMove=56
ITERATION 11 newScore=-2.70888e+06 diffscore=1735.75 priorChange=-121.994 successMove=51
ITERATION 12 newScore=-2.70584e+06 diffscore=3039.03 priorChange=-121.994 successMove=51
ITERATION 13 newScore=-2.70012e+06 diffscore=5721.47 priorChange=-98.4269 successMove=56
ITERATION 14 newScore=-2.69749e+06 diffscore=2631.85 priorChange=-94.268 successMove=56
ITERATION 15 newScore=-2.69521e+06 diffscore=2274.82 priorChange=-115.062 successMove=54
ITERATION 16 newScore=-2.68942e+06 diffscore=5796.69 priorChange=-105.358 successMove=51
binkey=63 [Edge status: 1 1 1 1 1 1 0 0 ] P(G)=P(cluster8=1)[0.2] * P(cluster1=1|cluster2=1) * P(cluster9=1|cluster6=1) * P(cluster7=0|cluster10=0) * P(cluster10=0|cluster6=1) * P(cluster6=1|cluster2=1) * P(cluster2=1|cluster3=1) * P(cluster3=1|cluster8=1)[0.0524288]=0.0104858
binkey=31 [Edge status: 1 1 1 1 1 0 0 0 ] P(G)=P(cluster8=1)[0.2] * P(cluster1=1|cluster2=1) * P(cluster9=0|cluster6=1) * P(cluster7=0|cluster10=0) * P(cluster10=0|cluster6=1) * P(cluster6=1|cluster2=1) * P(cluster2=1|cluster3=1) * P(cluster3=1|cluster8=1)[0.0131072]=0.00262144
binkey=15 [Edge status: 1 1 1 1 0 0 0 0 ] P(G)=P(cluster8=1)[0.2] * P(cluster1=1|cluster2=1) * P(cluster9=0|cluster6=0) * P(cluster7=0|cluster10=0) * P(cluster10=0|cluster6=0) * P(cluster6=0|cluster2=1) * P(cluster2=1|cluster3=1) * P(cluster3=1|cluster8=1)[0.0524288]=0.0104858
ITERATION 17 newScore=-2.68882e+06 diffscore=600.383 priorChange=-116.449 successMove=55
ITERATION 18 newScore=-2.68612e+06 diffscore=2699.59 priorChange=-98.4269 successMove=54
ITERATION 19 newScore=-2.68289e+06 diffscore=3222.34 priorChange=-102.586 successMove=50
ITERATION 20 newScore=-2.68202e+06 diffscore=870.643 priorChange=-123.38 successMove=52
ITERATION 21 newScore=-2.68049e+06 diffscore=1528.51 priorChange=-115.062 successMove=52
ITERATION 22 newScore=-2.6789e+06 diffscore=1597.92 priorChange=-116.449 successMove=51
ITERATION 23 newScore=-2.67808e+06 diffscore=820.742 priorChange=-106.745 successMove=50
ITERATION 24 newScore=-2.67533e+06 diffscore=2744.07 priorChange=-103.972 successMove=50
ITERATION 25 newScore=-2.67299e+06 diffscore=2345.35 priorChange=-105.358 successMove=51
ITERATION 26 newScore=-2.66802e+06 diffscore=4964.49 priorChange=-106.745 successMove=49
ITERATION 27 newScore=-2.6661e+06 diffscore=1925.38 priorChange=-109.517 successMove=48
ITERATION 28 newScore=-2.66396e+06 diffscore=2133.51 priorChange=-110.904 successMove=48
ITERATION 29 newScore=-2.66344e+06 diffscore=527.688 priorChange=-98.4269 successMove=48
ITERATION 30 newScore=-2.65753e+06 diffscore=5902.08 priorChange=-105.358 successMove=48
ITERATION 31 newScore=-2.65596e+06 diffscore=1574.31 priorChange=-102.586 successMove=48
ITERATION 32 newScore=-2.65379e+06 diffscore=2169.23 priorChange=-98.4269 successMove=48
ITERATION 33 newScore=-2.6534e+06 diffscore=393.827 priorChange=-103.972 successMove=48
ITERATION 34 newScore=-2.65299e+06 diffscore=409.974 priorChange=-105.358 successMove=47
ITERATION 35 newScore=-2.65245e+06 diffscore=536.816 priorChange=-103.972 successMove=48
ITERATION 36 newScore=-2.65079e+06 diffscore=1661.58 priorChange=-110.904 successMove=49
ITERATION 37 newScore=-2.6504e+06 diffscore=392.526 priorChange=-105.358 successMove=47
ITERATION 38 newScore=-2.64914e+06 diffscore=1258.65 priorChange=-108.131 successMove=48
ITERATION 39 newScore=-2.64592e+06 diffscore=3212.93 priorChange=-103.972 successMove=47
ITERATION 40 newScore=-2.64471e+06 diffscore=1211.32 priorChange=-105.358 successMove=48
ITERATION 41 newScore=-2.64439e+06 diffscore=320.063 priorChange=-103.972 successMove=47
ITERATION 42 newScore=-2.64404e+06 diffscore=351.423 priorChange=-101.199 successMove=46
ITERATION 43 newScore=-2.64304e+06 diffscore=1001.25 priorChange=-105.358 successMove=45
ITERATION 44 newScore=-2.64159e+06 diffscore=1449.94 priorChange=-103.972 successMove=45
ITERATION 45 newScore=-2.64125e+06 diffscore=340.191 priorChange=-97.0406 successMove=46
ITERATION 46 newScore=-2.63982e+06 diffscore=1427.31 priorChange=-99.8132 successMove=46
ITERATION 47 newScore=-2.63948e+06 diffscore=339.432 priorChange=-95.6543 successMove=46
ITERATION 48 newScore=-2.63914e+06 diffscore=341.732 priorChange=-97.0406 successMove=45
ITERATION 49 newScore=-2.63877e+06 diffscore=371.707 priorChange=-109.517 successMove=45
ITERATION 50 newScore=-2.63841e+06 diffscore=359.312 priorChange=-84.564 successMove=45
ITERATION 51 newScore=-2.63795e+06 diffscore=456.921 priorChange=-88.7228 successMove=45
ITERATION 52 newScore=-2.63626e+06 diffscore=1697.55 priorChange=-90.1091 successMove=45
ITERATION 53 newScore=-2.63457e+06 diffscore=1690.46 priorChange=-94.268 successMove=44
ITERATION 54 newScore=-2.63284e+06 diffscore=1720.96 priorChange=-103.972 successMove=44
ITERATION 55 newScore=-2.62936e+06 diffscore=3480.56 priorChange=-83.1777 successMove=44
ITERATION 56 newScore=-2.62671e+06 diffscore=2656.8 priorChange=-74.8599 successMove=43
ITERATION 57 newScore=-2.62638e+06 diffscore=324.17 priorChange=-90.1091 successMove=42
ITERATION 58 newScore=-2.62505e+06 diffscore=1336.94 priorChange=-85.9503 successMove=41
ITERATION 59 newScore=-2.62475e+06 diffscore=292.238 priorChange=-77.6325 successMove=41
ITERATION 60 newScore=-2.62333e+06 diffscore=1428.64 priorChange=-84.564 successMove=40
ITERATION 61 newScore=-2.62293e+06 diffscore=390.629 priorChange=-91.4954 successMove=41
ITERATION 62 newScore=-2.6203e+06 diffscore=2638.92 priorChange=-74.8599 successMove=38
ITERATION 63 newScore=-2.61883e+06 diffscore=1464.76 priorChange=-83.1777 successMove=38
ITERATION 64 newScore=-2.61762e+06 diffscore=1214.66 priorChange=-70.701 successMove=36
ITERATION 65 newScore=-2.61742e+06 diffscore=200.248 priorChange=-72.0873 successMove=37
ITERATION 66 newScore=-2.61712e+06 diffscore=295.378 priorChange=-59.6107 successMove=32
ITERATION 67 newScore=-2.6168e+06 diffscore=323.586 priorChange=-59.6107 successMove=31
ITERATION 68 newScore=-2.6157e+06 diffscore=1093.79 priorChange=-63.7695 successMove=32
ITERATION 69 newScore=-2.61441e+06 diffscore=1297.12 priorChange=-73.4736 successMove=31
ITERATION 70 newScore=-2.61224e+06 diffscore=2168.58 priorChange=-63.7695 successMove=29
ITERATION 71 newScore=-2.61209e+06 diffscore=143.378 priorChange=-62.3832 successMove=29
ITERATION 72 newScore=-2.61193e+06 diffscore=168.674 priorChange=-69.3147 successMove=29
ITERATION 73 newScore=-2.61161e+06 diffscore=319.91 priorChange=-52.6792 successMove=28
ITERATION 74 newScore=-2.6115e+06 diffscore=101.239 priorChange=-51.2929 successMove=26
ITERATION 75 newScore=-2.61138e+06 diffscore=121.077 priorChange=-55.4518 successMove=25
ITERATION 76 newScore=-2.61124e+06 diffscore=144.562 priorChange=-58.2244 successMove=25
ITERATION 77 newScore=-2.61027e+06 diffscore=971.442 priorChange=-51.2929 successMove=25
ITERATION 78 newScore=-2.61013e+06 diffscore=132.402 priorChange=-47.134 successMove=25
ITERATION 79 newScore=-2.60881e+06 diffscore=1321.58 priorChange=-45.7477 successMove=23
ITERATION 80 newScore=-2.60871e+06 diffscore=107.153 priorChange=-45.7477 successMove=22
ITERATION 81 newScore=-2.60861e+06 diffscore=92.3025 priorChange=-42.9751 successMove=21
ITERATION 82 newScore=-2.60851e+06 diffscore=107.563 priorChange=-49.9066 successMove=20
ITERATION 83 newScore=-2.6084e+06 diffscore=104.955 priorChange=-36.0437 successMove=20
ITERATION 84 newScore=-2.60833e+06 diffscore=71.321 priorChange=-29.1122 successMove=20
ITERATION 85 newScore=-2.60826e+06 diffscore=69.7653 priorChange=-29.1122 successMove=19
ITERATION 86 newScore=-2.6082e+06 diffscore=61.9382 priorChange=-26.3396 successMove=16
ITERATION 87 newScore=-2.6081e+06 diffscore=100.571 priorChange=-24.9533 successMove=15
ITERATION 88 newScore=-2.60802e+06 diffscore=82.2054 priorChange=-24.9533 successMove=12
ITERATION 89 newScore=-2.60681e+06 diffscore=1210.1 priorChange=-23.567 successMove=12
ITERATION 90 newScore=-2.60671e+06 diffscore=97.2851 priorChange=-23.567 successMove=12
ITERATION 91 newScore=-2.60561e+06 diffscore=1099.37 priorChange=-27.7259 successMove=12
ITERATION 92 newScore=-2.60557e+06 diffscore=40.2681 priorChange=-23.567 successMove=12
ITERATION 93 newScore=-2.60554e+06 diffscore=29.9957 priorChange=-13.8629 successMove=12
ITERATION 94 newScore=-2.60551e+06 diffscore=32.685 priorChange=-19.4081 successMove=11
ITERATION 95 newScore=-2.60548e+06 diffscore=25.4107 priorChange=-13.8629 successMove=11
ITERATION 96 newScore=-2.60546e+06 diffscore=20.3779 priorChange=-13.8629 successMove=8
ITERATION 97 newScore=-2.60545e+06 diffscore=6.96029 priorChange=2.77259 successMove=7
ITERATION 98 newScore=-2.60543e+06 diffscore=20.0251 priorChange=-12.4766 successMove=6
ITERATION 99 newScore=-2.60542e+06 diffscore=12.5802 priorChange=-8.31777 successMove=5
MetaLearner::dumpAllGraphs
Final Score -2.60542e+06
MetaLearner::start runtime: 1278419707 ms
Results/
Results/cluster3/
Results/cluster3/fold0/
Results/cluster3/fold0/modelparams.txt
Results/cluster3/fold0/var_mb_pw_k50.txt
Results/cluster7/
Results/cluster7/fold0/
Results/cluster7/fold0/modelparams.txt
Results/cluster7/fold0/var_mb_pw_k50.txt
Results/cluster2/
Results/cluster2/fold0/
Results/cluster2/fold0/modelparams.txt
Results/cluster2/fold0/var_mb_pw_k50.txt
Results/cluster9/
Results/cluster9/fold0/
Results/cluster9/fold0/modelparams.txt
Results/cluster9/fold0/var_mb_pw_k50.txt
Results/cluster6/
Results/cluster6/fold0/
Results/cluster6/fold0/modelparams.txt
Results/cluster6/fold0/var_mb_pw_k50.txt
Results/cluster1/
Results/cluster1/fold0/
Results/cluster1/fold0/modelparams.txt
Results/cluster1/fold0/var_mb_pw_k50.txt
Results/cluster10/
Results/cluster10/fold0/
Results/cluster10/fold0/modelparams.txt
Results/cluster10/fold0/var_mb_pw_k50.txt
Results/cluster8/
Results/cluster8/scoreFile.txt
Results/cluster8/fold0/
Results/cluster8/fold0/modelparams.txt
Results/cluster8/fold0/var_mb_pw_k50.txt
