./CVN -f config_condor.txt -x50 -v1 -l TFs_OGs.txt -n AllGenes200.txt -d celltype_tree_ancestor.txt -m testdata_ogids.txt -s celltype_order.txt -p 0.2 -c yes -b -4 -q 4
(cluster3|cluster8) p_maintain_edge=0.8 p_gain=0.2
(cluster2|cluster3) p_maintain_edge=0.8 p_gain=0.2
(cluster1|cluster2) p_maintain_edge=0.8 p_gain=0.2
(cluster6|cluster2) p_maintain_edge=0.8 p_gain=0.2
(cluster9|cluster6) p_maintain_edge=0.8 p_gain=0.2
(cluster10|cluster6) p_maintain_edge=0.8 p_gain=0.2
(cluster7|cluster10) p_maintain_edge=0.8 p_gain=0.2
speciesSet.size()=8 Root is cluster8
MappedOrthogroupReader::readSpeciesMapping() --- celltype_order.txt
MappedOrthogroupReader::readFile - testdata_ogids.txt
MappedOrthogroupReader::generateGeneOrthoMap()
MetaLearner::init_onefold() read:config_condor.txt
MetaLearner::setinputVariableNames number of variables: 2044
readEvidenceTable:cluster8.table
PotentialManager::loadEvidenceFromTable varCount=2044 sampleCount=348
motifNetwork.size() = 319
0=cluster8 motifNetwork=cluster8_network.txt
variable size=2044
readEvidenceTable:cluster3.table
PotentialManager::loadEvidenceFromTable varCount=2044 sampleCount=95
motifNetwork.size() = 326
1=cluster3 motifNetwork=cluster3_network.txt
variable size=2044
readEvidenceTable:cluster2.table
PotentialManager::loadEvidenceFromTable varCount=2044 sampleCount=386
motifNetwork.size() = 328
2=cluster2 motifNetwork=cluster2_network.txt
variable size=2044
readEvidenceTable:cluster1.table
PotentialManager::loadEvidenceFromTable varCount=2044 sampleCount=36
motifNetwork.size() = 322
3=cluster1 motifNetwork=cluster1_network.txt
variable size=2044
readEvidenceTable:cluster6.table
PotentialManager::loadEvidenceFromTable varCount=2044 sampleCount=524
motifNetwork.size() = 320
4=cluster6 motifNetwork=cluster6_network.txt
variable size=2044
readEvidenceTable:cluster9.table
PotentialManager::loadEvidenceFromTable varCount=2044 sampleCount=184
motifNetwork.size() = 327
5=cluster9 motifNetwork=cluster9_network.txt
variable size=2044
readEvidenceTable:cluster10.table
PotentialManager::loadEvidenceFromTable varCount=2044 sampleCount=165
motifNetwork.size() = 326
6=cluster10 motifNetwork=cluster10_network.txt
variable size=2044
readEvidenceTable:cluster7.table
PotentialManager::loadEvidenceFromTable varCount=2044 sampleCount=1032
motifNetwork.size() = 320
7=cluster7 motifNetwork=cluster7_network.txt
variable size=2044
-------------------------------------------------------------
MetaLearner::start
precomputeEmptyGraphPrior
binkey=0 [Edge status: 0 0 0 0 0 0 0 0 ] P(G)=P(cluster8=0)[0.8] * P(cluster1=0|cluster2=0) * P(cluster9=0|cluster6=0) * P(cluster7=0|cluster10=0) * P(cluster10=0|cluster6=0) * P(cluster6=0|cluster2=0) * P(cluster2=0|cluster3=0) * P(cluster3=0|cluster8=0)[0.209715]=0.167772
condsetMap_Tree
0 cluster8=0 cluster3=0 cluster2=0 cluster1=0 cluster6=0 cluster9=0 cluster10=0 cluster7=1
1 cluster8=0 cluster3=0 cluster2=0 cluster1=0 cluster6=0 cluster9=1 cluster10=0 cluster7=0
2 cluster8=0 cluster3=0 cluster2=0 cluster1=0 cluster6=0 cluster9=1 cluster10=0 cluster7=1
3 cluster8=0 cluster3=0 cluster2=0 cluster1=1 cluster6=0 cluster9=0 cluster10=0 cluster7=0
4 cluster8=0 cluster3=0 cluster2=0 cluster1=1 cluster6=0 cluster9=0 cluster10=0 cluster7=1
5 cluster8=0 cluster3=0 cluster2=0 cluster1=1 cluster6=0 cluster9=1 cluster10=0 cluster7=0
6 cluster8=0 cluster3=0 cluster2=0 cluster1=1 cluster6=0 cluster9=1 cluster10=0 cluster7=1
7 cluster8=0 cluster3=0 cluster2=0 cluster1=0 cluster6=0 cluster9=0 cluster10=1 cluster7=1
8 cluster8=0 cluster3=0 cluster2=0 cluster1=0 cluster6=0 cluster9=1 cluster10=1 cluster7=1
9 cluster8=0 cluster3=0 cluster2=0 cluster1=1 cluster6=0 cluster9=0 cluster10=1 cluster7=1
10 cluster8=0 cluster3=0 cluster2=0 cluster1=1 cluster6=0 cluster9=1 cluster10=1 cluster7=1
11 cluster8=0 cluster3=0 cluster2=0 cluster1=0 cluster6=1 cluster9=1 cluster10=1 cluster7=1
12 cluster8=0 cluster3=0 cluster2=0 cluster1=1 cluster6=1 cluster9=1 cluster10=1 cluster7=1
13 cluster8=0 cluster3=0 cluster2=1 cluster1=1 cluster6=1 cluster9=1 cluster10=1 cluster7=1
14 cluster8=0 cluster3=1 cluster2=1 cluster1=1 cluster6=1 cluster9=1 cluster10=1 cluster7=1
15 cluster8=1 cluster3=1 cluster2=1 cluster1=1 cluster6=1 cluster9=1 cluster10=1 cluster7=1
16 cluster8=1 cluster3=1 cluster2=1 cluster1=1 cluster6=1 cluster9=1 cluster10=1 cluster7=0
17 cluster8=1 cluster3=1 cluster2=1 cluster1=1 cluster6=1 cluster9=0 cluster10=1 cluster7=1
18 cluster8=1 cluster3=1 cluster2=1 cluster1=1 cluster6=1 cluster9=0 cluster10=1 cluster7=0
19 cluster8=1 cluster3=1 cluster2=1 cluster1=0 cluster6=1 cluster9=1 cluster10=1 cluster7=1
20 cluster8=1 cluster3=1 cluster2=1 cluster1=0 cluster6=1 cluster9=1 cluster10=1 cluster7=0
21 cluster8=1 cluster3=1 cluster2=1 cluster1=0 cluster6=1 cluster9=0 cluster10=1 cluster7=1
22 cluster8=1 cluster3=1 cluster2=1 cluster1=0 cluster6=1 cluster9=0 cluster10=1 cluster7=0
23 cluster8=1 cluster3=1 cluster2=1 cluster1=1 cluster6=1 cluster9=1 cluster10=0 cluster7=0
24 cluster8=1 cluster3=1 cluster2=1 cluster1=1 cluster6=1 cluster9=0 cluster10=0 cluster7=0
25 cluster8=1 cluster3=1 cluster2=1 cluster1=0 cluster6=1 cluster9=1 cluster10=0 cluster7=0
26 cluster8=1 cluster3=1 cluster2=1 cluster1=0 cluster6=1 cluster9=0 cluster10=0 cluster7=0
27 cluster8=1 cluster3=1 cluster2=1 cluster1=1 cluster6=0 cluster9=0 cluster10=0 cluster7=0
28 cluster8=1 cluster3=1 cluster2=1 cluster1=0 cluster6=0 cluster9=0 cluster10=0 cluster7=0
29 cluster8=1 cluster3=1 cluster2=0 cluster1=0 cluster6=0 cluster9=0 cluster10=0 cluster7=0
30 cluster8=1 cluster3=0 cluster2=0 cluster1=0 cluster6=0 cluster9=0 cluster10=0 cluster7=0
31 cluster8=0 cluster3=0 cluster2=0 cluster1=0 cluster6=1 cluster9=0 cluster10=0 cluster7=0
32 cluster8=0 cluster3=0 cluster2=1 cluster1=0 cluster6=0 cluster9=0 cluster10=0 cluster7=0
33 cluster8=0 cluster3=0 cluster2=0 cluster1=0 cluster6=0 cluster9=0 cluster10=1 cluster7=0
34 cluster8=0 cluster3=1 cluster2=0 cluster1=0 cluster6=0 cluster9=0 cluster10=0 cluster7=0
inputRegulatorOGs.size() = 1999 inputOGList.size() = 50
binkey=2 [Edge status: 0 1 0 0 0 0 0 0 ] P(G)=P(cluster8=0)[0.8] * P(cluster1=0|cluster2=0) * P(cluster9=0|cluster6=0) * P(cluster7=0|cluster10=0) * P(cluster10=0|cluster6=0) * P(cluster6=0|cluster2=0) * P(cluster2=0|cluster3=1) * P(cluster3=1|cluster8=0)[0.0131072]=0.0104858
binkey=32 [Edge status: 0 0 0 0 0 1 0 0 ] P(G)=P(cluster8=0)[0.8] * P(cluster1=0|cluster2=0) * P(cluster9=1|cluster6=0) * P(cluster7=0|cluster10=0) * P(cluster10=0|cluster6=0) * P(cluster6=0|cluster2=0) * P(cluster2=0|cluster3=0) * P(cluster3=0|cluster8=0)[0.0524288]=0.041943
binkey=1 [Edge status: 1 0 0 0 0 0 0 0 ] P(G)=P(cluster8=1)[0.2] * P(cluster1=0|cluster2=0) * P(cluster9=0|cluster6=0) * P(cluster7=0|cluster10=0) * P(cluster10=0|cluster6=0) * P(cluster6=0|cluster2=0) * P(cluster2=0|cluster3=0) * P(cluster3=0|cluster8=1)[0.0524288]=0.0104858
binkey=16 [Edge status: 0 0 0 0 1 0 0 0 ] P(G)=P(cluster8=0)[0.8] * P(cluster1=0|cluster2=0) * P(cluster9=0|cluster6=1) * P(cluster7=0|cluster10=0) * P(cluster10=0|cluster6=1) * P(cluster6=1|cluster2=0) * P(cluster2=0|cluster3=0) * P(cluster3=0|cluster8=0)[0.0032768]=0.00262144
binkey=4 [Edge status: 0 0 1 0 0 0 0 0 ] P(G)=P(cluster8=0)[0.8] * P(cluster1=0|cluster2=1) * P(cluster9=0|cluster6=0) * P(cluster7=0|cluster10=0) * P(cluster10=0|cluster6=0) * P(cluster6=0|cluster2=1) * P(cluster2=1|cluster3=0) * P(cluster3=0|cluster8=0)[0.0032768]=0.00262144
binkey=128 [Edge status: 0 0 0 0 0 0 0 1 ] P(G)=P(cluster8=0)[0.8] * P(cluster1=0|cluster2=0) * P(cluster9=0|cluster6=0) * P(cluster7=1|cluster10=0) * P(cluster10=0|cluster6=0) * P(cluster6=0|cluster2=0) * P(cluster2=0|cluster3=0) * P(cluster3=0|cluster8=0)[0.0524288]=0.041943
binkey=64 [Edge status: 0 0 0 0 0 0 1 0 ] P(G)=P(cluster8=0)[0.8] * P(cluster1=0|cluster2=0) * P(cluster9=0|cluster6=0) * P(cluster7=0|cluster10=1) * P(cluster10=1|cluster6=0) * P(cluster6=0|cluster2=0) * P(cluster2=0|cluster3=0) * P(cluster3=0|cluster8=0)[0.0131072]=0.0104858
binkey=3 [Edge status: 1 1 0 0 0 0 0 0 ] P(G)=P(cluster8=1)[0.2] * P(cluster1=0|cluster2=0) * P(cluster9=0|cluster6=0) * P(cluster7=0|cluster10=0) * P(cluster10=0|cluster6=0) * P(cluster6=0|cluster2=0) * P(cluster2=0|cluster3=1) * P(cluster3=1|cluster8=1)[0.0524288]=0.0104858
binkey=160 [Edge status: 0 0 0 0 0 1 0 1 ] P(G)=P(cluster8=0)[0.8] * P(cluster1=0|cluster2=0) * P(cluster9=1|cluster6=0) * P(cluster7=1|cluster10=0) * P(cluster10=0|cluster6=0) * P(cluster6=0|cluster2=0) * P(cluster2=0|cluster3=0) * P(cluster3=0|cluster8=0)[0.0131072]=0.0104858
binkey=8 [Edge status: 0 0 0 1 0 0 0 0 ] P(G)=P(cluster8=0)[0.8] * P(cluster1=1|cluster2=0) * P(cluster9=0|cluster6=0) * P(cluster7=0|cluster10=0) * P(cluster10=0|cluster6=0) * P(cluster6=0|cluster2=0) * P(cluster2=0|cluster3=0) * P(cluster3=0|cluster8=0)[0.0524288]=0.041943
binkey=136 [Edge status: 0 0 0 1 0 0 0 1 ] P(G)=P(cluster8=0)[0.8] * P(cluster1=1|cluster2=0) * P(cluster9=0|cluster6=0) * P(cluster7=1|cluster10=0) * P(cluster10=0|cluster6=0) * P(cluster6=0|cluster2=0) * P(cluster2=0|cluster3=0) * P(cluster3=0|cluster8=0)[0.0131072]=0.0104858
binkey=40 [Edge status: 0 0 0 1 0 1 0 0 ] P(G)=P(cluster8=0)[0.8] * P(cluster1=1|cluster2=0) * P(cluster9=1|cluster6=0) * P(cluster7=0|cluster10=0) * P(cluster10=0|cluster6=0) * P(cluster6=0|cluster2=0) * P(cluster2=0|cluster3=0) * P(cluster3=0|cluster8=0)[0.0131072]=0.0104858
binkey=192 [Edge status: 0 0 0 0 0 0 1 1 ] P(G)=P(cluster8=0)[0.8] * P(cluster1=0|cluster2=0) * P(cluster9=0|cluster6=0) * P(cluster7=1|cluster10=1) * P(cluster10=1|cluster6=0) * P(cluster6=0|cluster2=0) * P(cluster2=0|cluster3=0) * P(cluster3=0|cluster8=0)[0.0524288]=0.041943
binkey=224 [Edge status: 0 0 0 0 0 1 1 1 ] P(G)=P(cluster8=0)[0.8] * P(cluster1=0|cluster2=0) * P(cluster9=1|cluster6=0) * P(cluster7=1|cluster10=1) * P(cluster10=1|cluster6=0) * P(cluster6=0|cluster2=0) * P(cluster2=0|cluster3=0) * P(cluster3=0|cluster8=0)[0.0131072]=0.0104858
binkey=168 [Edge status: 0 0 0 1 0 1 0 1 ] P(G)=P(cluster8=0)[0.8] * P(cluster1=1|cluster2=0) * P(cluster9=1|cluster6=0) * P(cluster7=1|cluster10=0) * P(cluster10=0|cluster6=0) * P(cluster6=0|cluster2=0) * P(cluster2=0|cluster3=0) * P(cluster3=0|cluster8=0)[0.0032768]=0.00262144
binkey=240 [Edge status: 0 0 0 0 1 1 1 1 ] P(G)=P(cluster8=0)[0.8] * P(cluster1=0|cluster2=0) * P(cluster9=1|cluster6=1) * P(cluster7=1|cluster10=1) * P(cluster10=1|cluster6=1) * P(cluster6=1|cluster2=0) * P(cluster2=0|cluster3=0) * P(cluster3=0|cluster8=0)[0.0524288]=0.041943
binkey=200 [Edge status: 0 0 0 1 0 0 1 1 ] P(G)=P(cluster8=0)[0.8] * P(cluster1=1|cluster2=0) * P(cluster9=0|cluster6=0) * P(cluster7=1|cluster10=1) * P(cluster10=1|cluster6=0) * P(cluster6=0|cluster2=0) * P(cluster2=0|cluster3=0) * P(cluster3=0|cluster8=0)[0.0131072]=0.0104858
binkey=23 [Edge status: 1 1 1 0 1 0 0 0 ] P(G)=P(cluster8=1)[0.2] * P(cluster1=0|cluster2=1) * P(cluster9=0|cluster6=1) * P(cluster7=0|cluster10=0) * P(cluster10=0|cluster6=1) * P(cluster6=1|cluster2=1) * P(cluster2=1|cluster3=1) * P(cluster3=1|cluster8=1)[0.0032768]=0.00065536
binkey=7 [Edge status: 1 1 1 0 0 0 0 0 ] P(G)=P(cluster8=1)[0.2] * P(cluster1=0|cluster2=1) * P(cluster9=0|cluster6=0) * P(cluster7=0|cluster10=0) * P(cluster10=0|cluster6=0) * P(cluster6=0|cluster2=1) * P(cluster2=1|cluster3=1) * P(cluster3=1|cluster8=1)[0.0131072]=0.00262144
binkey=215 [Edge status: 1 1 1 0 1 0 1 1 ] P(G)=P(cluster8=1)[0.2] * P(cluster1=0|cluster2=1) * P(cluster9=0|cluster6=1) * P(cluster7=1|cluster10=1) * P(cluster10=1|cluster6=1) * P(cluster6=1|cluster2=1) * P(cluster2=1|cluster3=1) * P(cluster3=1|cluster8=1)[0.0131072]=0.00262144
binkey=87 [Edge status: 1 1 1 0 1 0 1 0 ] P(G)=P(cluster8=1)[0.2] * P(cluster1=0|cluster2=1) * P(cluster9=0|cluster6=1) * P(cluster7=0|cluster10=1) * P(cluster10=1|cluster6=1) * P(cluster6=1|cluster2=1) * P(cluster2=1|cluster3=1) * P(cluster3=1|cluster8=1)[0.0032768]=0.00065536
binkey=31 [Edge status: 1 1 1 1 1 0 0 0 ] P(G)=P(cluster8=1)[0.2] * P(cluster1=1|cluster2=1) * P(cluster9=0|cluster6=1) * P(cluster7=0|cluster10=0) * P(cluster10=0|cluster6=1) * P(cluster6=1|cluster2=1) * P(cluster2=1|cluster3=1) * P(cluster3=1|cluster8=1)[0.0131072]=0.00262144
binkey=15 [Edge status: 1 1 1 1 0 0 0 0 ] P(G)=P(cluster8=1)[0.2] * P(cluster1=1|cluster2=1) * P(cluster9=0|cluster6=0) * P(cluster7=0|cluster10=0) * P(cluster10=0|cluster6=0) * P(cluster6=0|cluster2=1) * P(cluster2=1|cluster3=1) * P(cluster3=1|cluster8=1)[0.0524288]=0.0104858
binkey=232 [Edge status: 0 0 0 1 0 1 1 1 ] P(G)=P(cluster8=0)[0.8] * P(cluster1=1|cluster2=0) * P(cluster9=1|cluster6=0) * P(cluster7=1|cluster10=1) * P(cluster10=1|cluster6=0) * P(cluster6=0|cluster2=0) * P(cluster2=0|cluster3=0) * P(cluster3=0|cluster8=0)[0.0032768]=0.00262144
binkey=247 [Edge status: 1 1 1 0 1 1 1 1 ] P(G)=P(cluster8=1)[0.2] * P(cluster1=0|cluster2=1) * P(cluster9=1|cluster6=1) * P(cluster7=1|cluster10=1) * P(cluster10=1|cluster6=1) * P(cluster6=1|cluster2=1) * P(cluster2=1|cluster3=1) * P(cluster3=1|cluster8=1)[0.0524288]=0.0104858
binkey=119 [Edge status: 1 1 1 0 1 1 1 0 ] P(G)=P(cluster8=1)[0.2] * P(cluster1=0|cluster2=1) * P(cluster9=1|cluster6=1) * P(cluster7=0|cluster10=1) * P(cluster10=1|cluster6=1) * P(cluster6=1|cluster2=1) * P(cluster2=1|cluster3=1) * P(cluster3=1|cluster8=1)[0.0131072]=0.00262144
binkey=55 [Edge status: 1 1 1 0 1 1 0 0 ] P(G)=P(cluster8=1)[0.2] * P(cluster1=0|cluster2=1) * P(cluster9=1|cluster6=1) * P(cluster7=0|cluster10=0) * P(cluster10=0|cluster6=1) * P(cluster6=1|cluster2=1) * P(cluster2=1|cluster3=1) * P(cluster3=1|cluster8=1)[0.0131072]=0.00262144
binkey=248 [Edge status: 0 0 0 1 1 1 1 1 ] P(G)=P(cluster8=0)[0.8] * P(cluster1=1|cluster2=0) * P(cluster9=1|cluster6=1) * P(cluster7=1|cluster10=1) * P(cluster10=1|cluster6=1) * P(cluster6=1|cluster2=0) * P(cluster2=0|cluster3=0) * P(cluster3=0|cluster8=0)[0.0131072]=0.0104858
binkey=252 [Edge status: 0 0 1 1 1 1 1 1 ] P(G)=P(cluster8=0)[0.8] * P(cluster1=1|cluster2=1) * P(cluster9=1|cluster6=1) * P(cluster7=1|cluster10=1) * P(cluster10=1|cluster6=1) * P(cluster6=1|cluster2=1) * P(cluster2=1|cluster3=0) * P(cluster3=0|cluster8=0)[0.0524288]=0.041943
ITERATION 0 newScore=-2.67052e+06 diffscore=17006.1 priorChange=-103.972 successMove=61
ITERATION 1 newScore=-2.66172e+06 diffscore=8797.17 priorChange=-103.972 successMove=58
ITERATION 2 newScore=-2.65525e+06 diffscore=6471.1 priorChange=-117.835 successMove=57
ITERATION 3 newScore=-2.64756e+06 diffscore=7691.35 priorChange=-124.766 successMove=58
ITERATION 4 newScore=-2.6361e+06 diffscore=11452.5 priorChange=-113.676 successMove=52
ITERATION 5 newScore=-2.63518e+06 diffscore=922.267 priorChange=-112.29 successMove=55
ITERATION 6 newScore=-2.63418e+06 diffscore=1004.25 priorChange=-116.449 successMove=53
ITERATION 7 newScore=-2.62953e+06 diffscore=4651.81 priorChange=-131.698 successMove=52
ITERATION 8 newScore=-2.62381e+06 diffscore=5714.76 priorChange=-108.131 successMove=53
ITERATION 9 newScore=-2.62194e+06 diffscore=1868.88 priorChange=-123.38 successMove=50
ITERATION 10 newScore=-2.62033e+06 diffscore=1614.61 priorChange=-120.608 successMove=51
ITERATION 11 newScore=-2.61813e+06 diffscore=2199.53 priorChange=-117.835 successMove=51
ITERATION 12 newScore=-2.61699e+06 diffscore=1137.59 priorChange=-121.994 successMove=51
ITERATION 13 newScore=-2.61232e+06 diffscore=4674.62 priorChange=-109.517 successMove=51
ITERATION 14 newScore=-2.60999e+06 diffscore=2327.48 priorChange=-94.268 successMove=51
ITERATION 15 newScore=-2.60934e+06 diffscore=653.907 priorChange=-106.745 successMove=54
ITERATION 16 newScore=-2.60703e+06 diffscore=2308.73 priorChange=-110.904 successMove=52
ITERATION 17 newScore=-2.60224e+06 diffscore=4788.66 priorChange=-110.904 successMove=51
ITERATION 18 newScore=-2.59993e+06 diffscore=2310.07 priorChange=-109.517 successMove=51
ITERATION 19 newScore=-2.59697e+06 diffscore=2961.41 priorChange=-120.608 successMove=51
ITERATION 20 newScore=-2.59419e+06 diffscore=2776.5 priorChange=-101.199 successMove=52
ITERATION 21 newScore=-2.59305e+06 diffscore=1137.85 priorChange=-102.586 successMove=50
ITERATION 22 newScore=-2.58914e+06 diffscore=3914.31 priorChange=-97.0406 successMove=47
ITERATION 23 newScore=-2.5863e+06 diffscore=2841.84 priorChange=-110.904 successMove=50
ITERATION 24 newScore=-2.58567e+06 diffscore=622.15 priorChange=-105.358 successMove=47
ITERATION 25 newScore=-2.58416e+06 diffscore=1514.36 priorChange=-108.131 successMove=50
ITERATION 26 newScore=-2.58209e+06 diffscore=2065.86 priorChange=-113.676 successMove=45
ITERATION 27 newScore=-2.58045e+06 diffscore=1643.61 priorChange=-97.0406 successMove=47
ITERATION 28 newScore=-2.58007e+06 diffscore=377.889 priorChange=-109.517 successMove=45
ITERATION 29 newScore=-2.57845e+06 diffscore=1626.05 priorChange=-95.6543 successMove=48
ITERATION 30 newScore=-2.57555e+06 diffscore=2891.29 priorChange=-99.8132 successMove=45
ITERATION 31 newScore=-2.57525e+06 diffscore=303.818 priorChange=-101.199 successMove=47
ITERATION 32 newScore=-2.57497e+06 diffscore=277.325 priorChange=-95.6543 successMove=45
ITERATION 33 newScore=-2.57467e+06 diffscore=308.304 priorChange=-98.4269 successMove=45
ITERATION 34 newScore=-2.57301e+06 diffscore=1656.28 priorChange=-105.358 successMove=45
ITERATION 35 newScore=-2.57213e+06 diffscore=882.398 priorChange=-94.268 successMove=45
ITERATION 36 newScore=-2.57185e+06 diffscore=274.864 priorChange=-90.1091 successMove=45
ITERATION 37 newScore=-2.57158e+06 diffscore=276.186 priorChange=-98.4269 successMove=44
ITERATION 38 newScore=-2.57131e+06 diffscore=261.383 priorChange=-88.7228 successMove=44
ITERATION 39 newScore=-2.57104e+06 diffscore=274.007 priorChange=-105.358 successMove=43
ITERATION 40 newScore=-2.57077e+06 diffscore=274.816 priorChange=-73.4736 successMove=46
ITERATION 41 newScore=-2.57047e+06 diffscore=297.237 priorChange=-85.9503 successMove=43
ITERATION 42 newScore=-2.56824e+06 diffscore=2225.94 priorChange=-88.7228 successMove=43
ITERATION 43 newScore=-2.56797e+06 diffscore=271.919 priorChange=-88.7228 successMove=45
ITERATION 44 newScore=-2.56768e+06 diffscore=289.998 priorChange=-77.6325 successMove=44
ITERATION 45 newScore=-2.56618e+06 diffscore=1500.38 priorChange=-81.7914 successMove=43
ITERATION 46 newScore=-2.56581e+06 diffscore=366.891 priorChange=-70.701 successMove=43
ITERATION 47 newScore=-2.56499e+06 diffscore=823.921 priorChange=-94.268 successMove=42
ITERATION 48 newScore=-2.56433e+06 diffscore=656.313 priorChange=-84.564 successMove=41
ITERATION 49 newScore=-2.56397e+06 diffscore=360.837 priorChange=-91.4954 successMove=40
ITERATION 50 newScore=-2.56371e+06 diffscore=262.398 priorChange=-70.701 successMove=40
ITERATION 51 newScore=-2.56347e+06 diffscore=238.354 priorChange=-83.1777 successMove=40
ITERATION 52 newScore=-2.56312e+06 diffscore=355.45 priorChange=-70.701 successMove=40
ITERATION 53 newScore=-2.56275e+06 diffscore=361.785 priorChange=-83.1777 successMove=40
ITERATION 54 newScore=-2.56011e+06 diffscore=2644.83 priorChange=-74.8599 successMove=38
ITERATION 55 newScore=-2.55964e+06 diffscore=467.205 priorChange=-84.564 successMove=39
ITERATION 56 newScore=-2.55832e+06 diffscore=1320.52 priorChange=-83.1777 successMove=37
ITERATION 57 newScore=-2.55809e+06 diffscore=229.375 priorChange=-72.0873 successMove=37
ITERATION 58 newScore=-2.55776e+06 diffscore=336.709 priorChange=-69.3147 successMove=36
ITERATION 59 newScore=-2.557e+06 diffscore=752.022 priorChange=-73.4736 successMove=36
ITERATION 60 newScore=-2.55673e+06 diffscore=277.177 priorChange=-74.8599 successMove=36
ITERATION 61 newScore=-2.55527e+06 diffscore=1457.33 priorChange=-74.8599 successMove=34
ITERATION 62 newScore=-2.55501e+06 diffscore=256.834 priorChange=-77.6325 successMove=34
ITERATION 63 newScore=-2.55479e+06 diffscore=223.974 priorChange=-69.3147 successMove=34
ITERATION 64 newScore=-2.55308e+06 diffscore=1706.74 priorChange=-77.6325 successMove=33
ITERATION 65 newScore=-2.55272e+06 diffscore=359.063 priorChange=-77.6325 successMove=32
ITERATION 66 newScore=-2.55126e+06 diffscore=1460.82 priorChange=-66.5421 successMove=33
ITERATION 67 newScore=-2.55082e+06 diffscore=436.824 priorChange=-67.9284 successMove=32
ITERATION 68 newScore=-2.54945e+06 diffscore=1378.4 priorChange=-59.6107 successMove=29
ITERATION 69 newScore=-2.54928e+06 diffscore=165.474 priorChange=-59.6107 successMove=30
ITERATION 70 newScore=-2.5491e+06 diffscore=178.889 priorChange=-52.6792 successMove=25
ITERATION 71 newScore=-2.54894e+06 diffscore=158.647 priorChange=-47.134 successMove=22
ITERATION 72 newScore=-2.54879e+06 diffscore=155.916 priorChange=-48.5203 successMove=22
ITERATION 73 newScore=-2.5486e+06 diffscore=189.073 priorChange=-40.2025 successMove=22
ITERATION 74 newScore=-2.54724e+06 diffscore=1362.48 priorChange=-44.3614 successMove=22
ITERATION 75 newScore=-2.54668e+06 diffscore=558.72 priorChange=-38.8162 successMove=22
ITERATION 76 newScore=-2.54507e+06 diffscore=1604.69 priorChange=-42.9751 successMove=22
ITERATION 77 newScore=-2.54462e+06 diffscore=457.146 priorChange=-52.6792 successMove=22
ITERATION 78 newScore=-2.54411e+06 diffscore=503.733 priorChange=-44.3614 successMove=22
ITERATION 79 newScore=-2.54262e+06 diffscore=1495.6 priorChange=-41.5888 successMove=21
ITERATION 80 newScore=-2.54232e+06 diffscore=295.193 priorChange=-45.7477 successMove=21
ITERATION 81 newScore=-2.54221e+06 diffscore=113.184 priorChange=-47.134 successMove=21
ITERATION 82 newScore=-2.54135e+06 diffscore=854.571 priorChange=-38.8162 successMove=20
ITERATION 83 newScore=-2.54129e+06 diffscore=66.5525 priorChange=-33.2711 successMove=19
ITERATION 84 newScore=-2.54122e+06 diffscore=66.2985 priorChange=-30.4985 successMove=17
ITERATION 85 newScore=-2.54116e+06 diffscore=64.3688 priorChange=-23.567 successMove=16
ITERATION 86 newScore=-2.54108e+06 diffscore=77.5503 priorChange=-36.0437 successMove=15
ITERATION 87 newScore=-2.541e+06 diffscore=78.9012 priorChange=-30.4985 successMove=13
ITERATION 88 newScore=-2.54072e+06 diffscore=278.968 priorChange=-18.0218 successMove=11
ITERATION 89 newScore=-2.53999e+06 diffscore=729.243 priorChange=-13.8629 successMove=9
ITERATION 90 newScore=-2.53945e+06 diffscore=538.511 priorChange=-8.31777 successMove=9
ITERATION 91 newScore=-2.53833e+06 diffscore=1124.89 priorChange=-9.70406 successMove=7
ITERATION 92 newScore=-2.5383e+06 diffscore=25.8464 priorChange=-12.4766 successMove=6
ITERATION 93 newScore=-2.53828e+06 diffscore=21.7765 priorChange=-13.8629 successMove=6
ITERATION 94 newScore=-2.53826e+06 diffscore=17.5205 priorChange=-11.0904 successMove=6
ITERATION 95 newScore=-2.53825e+06 diffscore=14.4549 priorChange=-6.93147 successMove=5
ITERATION 96 newScore=-2.53823e+06 diffscore=21.5549 priorChange=-8.31777 successMove=4
ITERATION 97 newScore=-2.53821e+06 diffscore=17.8988 priorChange=-9.70406 successMove=4
ITERATION 98 newScore=-2.53819e+06 diffscore=14.0613 priorChange=-6.93147 successMove=3
ITERATION 99 newScore=-2.53819e+06 diffscore=9.08336 priorChange=-2.77259 successMove=2
MetaLearner::dumpAllGraphs
Final Score -2.53819e+06
MetaLearner::start runtime: 1316211297 ms
Results/
Results/cluster3/
Results/cluster3/fold0/
Results/cluster3/fold0/modelparams.txt
Results/cluster3/fold0/var_mb_pw_k50.txt
Results/cluster7/
Results/cluster7/fold0/
Results/cluster7/fold0/modelparams.txt
Results/cluster7/fold0/var_mb_pw_k50.txt
Results/cluster2/
Results/cluster2/fold0/
Results/cluster2/fold0/modelparams.txt
Results/cluster2/fold0/var_mb_pw_k50.txt
Results/cluster9/
Results/cluster9/fold0/
Results/cluster9/fold0/modelparams.txt
Results/cluster9/fold0/var_mb_pw_k50.txt
Results/cluster6/
Results/cluster6/fold0/
Results/cluster6/fold0/modelparams.txt
Results/cluster6/fold0/var_mb_pw_k50.txt
Results/cluster1/
Results/cluster1/fold0/
Results/cluster1/fold0/modelparams.txt
Results/cluster1/fold0/var_mb_pw_k50.txt
Results/cluster10/
Results/cluster10/fold0/
Results/cluster10/fold0/modelparams.txt
Results/cluster10/fold0/var_mb_pw_k50.txt
Results/cluster8/
Results/cluster8/scoreFile.txt
Results/cluster8/fold0/
Results/cluster8/fold0/modelparams.txt
Results/cluster8/fold0/var_mb_pw_k50.txt
