000 (49777.1963.000) 10/11 10:48:13 Job submitted from host: <144.92.142.142:9618?addrs=144.92.142.142-9618&noUDP&sock=44923_051a_3>
...
001 (49777.1963.000) 10/11 18:02:49 Job executing on host: <128.105.68.54:9618?addrs=128.105.68.54-9618&alias=e2484.chtc.wisc.edu&noUDP&sock=startd_4913_7ce2>
...
006 (49777.1963.000) 10/11 18:02:57 Image size of job updated: 105380
	103  -  MemoryUsage of job (MB)
	105380  -  ResidentSetSize of job (KB)
...
006 (49777.1963.000) 10/11 18:07:57 Image size of job updated: 722308
	656  -  MemoryUsage of job (MB)
	671108  -  ResidentSetSize of job (KB)
...
006 (49777.1963.000) 10/11 18:12:58 Image size of job updated: 847072
	789  -  MemoryUsage of job (MB)
	807200  -  ResidentSetSize of job (KB)
...
006 (49777.1963.000) 10/11 18:17:58 Image size of job updated: 1124400
	1056  -  MemoryUsage of job (MB)
	1080968  -  ResidentSetSize of job (KB)
...
006 (49777.1963.000) 10/11 18:22:58 Image size of job updated: 1474164
	1389  -  MemoryUsage of job (MB)
	1422056  -  ResidentSetSize of job (KB)
...
006 (49777.1963.000) 10/11 18:27:59 Image size of job updated: 1790076
	1701  -  MemoryUsage of job (MB)
	1741496  -  ResidentSetSize of job (KB)
...
006 (49777.1963.000) 10/11 18:32:59 Image size of job updated: 2146856
	2049  -  MemoryUsage of job (MB)
	2098160  -  ResidentSetSize of job (KB)
...
006 (49777.1963.000) 10/11 18:33:26 Image size of job updated: 2186624
	2049  -  MemoryUsage of job (MB)
	2098160  -  ResidentSetSize of job (KB)
...
005 (49777.1963.000) 10/11 18:33:27 Job terminated.
	(1) Normal termination (return value 0)
		Usr 0 00:28:14, Sys 0 00:00:06  -  Run Remote Usage
		Usr 0 00:00:00, Sys 0 00:00:00  -  Run Local Usage
		Usr 0 00:28:14, Sys 0 00:00:06  -  Total Remote Usage
		Usr 0 00:00:00, Sys 0 00:00:00  -  Total Local Usage
	174756  -  Run Bytes Sent By Job
	316808288  -  Run Bytes Received By Job
	174756  -  Total Bytes Sent By Job
	316808288  -  Total Bytes Received By Job
	Partitionable Resources :     Usage  Request Allocated 
	   Cpus                 :      0.99        1         1 
	   Disk (KB)            : 325000      819200   1693708 
	   Memory (MB)          :   2049       20480     20480 
...
