000 (49777.2155.000) 10/11 10:48:13 Job submitted from host: <144.92.142.142:9618?addrs=144.92.142.142-9618&noUDP&sock=44923_051a_3>
...
001 (49777.2155.000) 10/11 18:32:55 Job executing on host: <128.105.68.16:9618?addrs=128.105.68.16-9618&alias=coba2000.chtc.wisc.edu&noUDP&sock=startd_7305_336c>
...
006 (49777.2155.000) 10/11 18:33:03 Image size of job updated: 156308
	103  -  MemoryUsage of job (MB)
	105180  -  ResidentSetSize of job (KB)
...
006 (49777.2155.000) 10/11 18:38:03 Image size of job updated: 819816
	752  -  MemoryUsage of job (MB)
	769716  -  ResidentSetSize of job (KB)
...
006 (49777.2155.000) 10/11 18:43:04 Image size of job updated: 1182640
	1121  -  MemoryUsage of job (MB)
	1147400  -  ResidentSetSize of job (KB)
...
006 (49777.2155.000) 10/11 18:48:05 Image size of job updated: 1641016
	1555  -  MemoryUsage of job (MB)
	1591704  -  ResidentSetSize of job (KB)
...
006 (49777.2155.000) 10/11 18:53:05 Image size of job updated: 2341620
	2270  -  MemoryUsage of job (MB)
	2324108  -  ResidentSetSize of job (KB)
...
006 (49777.2155.000) 10/11 18:54:54 Image size of job updated: 2612816
	2270  -  MemoryUsage of job (MB)
	2324108  -  ResidentSetSize of job (KB)
...
005 (49777.2155.000) 10/11 18:54:54 Job terminated.
	(1) Normal termination (return value 0)
		Usr 0 00:21:46, Sys 0 00:00:06  -  Run Remote Usage
		Usr 0 00:00:00, Sys 0 00:00:00  -  Run Local Usage
		Usr 0 00:21:46, Sys 0 00:00:06  -  Total Remote Usage
		Usr 0 00:00:00, Sys 0 00:00:00  -  Total Local Usage
	166255  -  Run Bytes Sent By Job
	316808352  -  Run Bytes Received By Job
	166255  -  Total Bytes Sent By Job
	316808352  -  Total Bytes Received By Job
	Partitionable Resources :     Usage  Request Allocated 
	   Cpus                 :      0.98        1         1 
	   Disk (KB)            : 325000      819200  44742796 
	   Gpus                 :                            0 
	   Ioheavy              :                            0 
	   Memory (MB)          :   2270       20480     21341 
...
