./CVN -f config_condor.txt -x50 -v1 -l TFs_OGs.txt -n AllGenes38.txt -d celltype_tree_ancestor.txt -m testdata_ogids.txt -s celltype_order.txt -p 0.2 -c yes -b -4 -q 4
(cluster3|cluster8) p_maintain_edge=0.8 p_gain=0.2
(cluster2|cluster3) p_maintain_edge=0.8 p_gain=0.2
(cluster1|cluster2) p_maintain_edge=0.8 p_gain=0.2
(cluster6|cluster2) p_maintain_edge=0.8 p_gain=0.2
(cluster9|cluster6) p_maintain_edge=0.8 p_gain=0.2
(cluster10|cluster6) p_maintain_edge=0.8 p_gain=0.2
(cluster7|cluster10) p_maintain_edge=0.8 p_gain=0.2
speciesSet.size()=8 Root is cluster8
MappedOrthogroupReader::readSpeciesMapping() --- celltype_order.txt
MappedOrthogroupReader::readFile - testdata_ogids.txt
MappedOrthogroupReader::generateGeneOrthoMap()
MetaLearner::init_onefold() read:config_condor.txt
MetaLearner::setinputVariableNames number of variables: 2041
readEvidenceTable:cluster8.table
PotentialManager::loadEvidenceFromTable varCount=2041 sampleCount=348
motifNetwork.size() = 319
0=cluster8 motifNetwork=cluster8_network.txt
variable size=2041
readEvidenceTable:cluster3.table
PotentialManager::loadEvidenceFromTable varCount=2041 sampleCount=95
motifNetwork.size() = 326
1=cluster3 motifNetwork=cluster3_network.txt
variable size=2041
readEvidenceTable:cluster2.table
PotentialManager::loadEvidenceFromTable varCount=2041 sampleCount=386
motifNetwork.size() = 328
2=cluster2 motifNetwork=cluster2_network.txt
variable size=2041
readEvidenceTable:cluster1.table
PotentialManager::loadEvidenceFromTable varCount=2041 sampleCount=36
motifNetwork.size() = 322
3=cluster1 motifNetwork=cluster1_network.txt
variable size=2041
readEvidenceTable:cluster6.table
PotentialManager::loadEvidenceFromTable varCount=2041 sampleCount=524
motifNetwork.size() = 320
4=cluster6 motifNetwork=cluster6_network.txt
variable size=2041
readEvidenceTable:cluster9.table
PotentialManager::loadEvidenceFromTable varCount=2041 sampleCount=184
motifNetwork.size() = 327
5=cluster9 motifNetwork=cluster9_network.txt
variable size=2041
readEvidenceTable:cluster10.table
PotentialManager::loadEvidenceFromTable varCount=2041 sampleCount=165
motifNetwork.size() = 326
6=cluster10 motifNetwork=cluster10_network.txt
variable size=2041
readEvidenceTable:cluster7.table
PotentialManager::loadEvidenceFromTable varCount=2041 sampleCount=1032
motifNetwork.size() = 320
7=cluster7 motifNetwork=cluster7_network.txt
variable size=2041
-------------------------------------------------------------
MetaLearner::start
precomputeEmptyGraphPrior
binkey=0 [Edge status: 0 0 0 0 0 0 0 0 ] P(G)=P(cluster8=0)[0.8] * P(cluster1=0|cluster2=0) * P(cluster9=0|cluster6=0) * P(cluster7=0|cluster10=0) * P(cluster10=0|cluster6=0) * P(cluster6=0|cluster2=0) * P(cluster2=0|cluster3=0) * P(cluster3=0|cluster8=0)[0.209715]=0.167772
condsetMap_Tree
0 cluster8=0 cluster3=0 cluster2=0 cluster1=0 cluster6=0 cluster9=0 cluster10=0 cluster7=1
1 cluster8=0 cluster3=0 cluster2=0 cluster1=0 cluster6=0 cluster9=1 cluster10=0 cluster7=0
2 cluster8=0 cluster3=0 cluster2=0 cluster1=0 cluster6=0 cluster9=1 cluster10=0 cluster7=1
3 cluster8=0 cluster3=0 cluster2=0 cluster1=1 cluster6=0 cluster9=0 cluster10=0 cluster7=0
4 cluster8=0 cluster3=0 cluster2=0 cluster1=1 cluster6=0 cluster9=0 cluster10=0 cluster7=1
5 cluster8=0 cluster3=0 cluster2=0 cluster1=1 cluster6=0 cluster9=1 cluster10=0 cluster7=0
6 cluster8=0 cluster3=0 cluster2=0 cluster1=1 cluster6=0 cluster9=1 cluster10=0 cluster7=1
7 cluster8=0 cluster3=0 cluster2=0 cluster1=0 cluster6=0 cluster9=0 cluster10=1 cluster7=1
8 cluster8=0 cluster3=0 cluster2=0 cluster1=0 cluster6=0 cluster9=1 cluster10=1 cluster7=1
9 cluster8=0 cluster3=0 cluster2=0 cluster1=1 cluster6=0 cluster9=0 cluster10=1 cluster7=1
10 cluster8=0 cluster3=0 cluster2=0 cluster1=1 cluster6=0 cluster9=1 cluster10=1 cluster7=1
11 cluster8=0 cluster3=0 cluster2=0 cluster1=0 cluster6=1 cluster9=1 cluster10=1 cluster7=1
12 cluster8=0 cluster3=0 cluster2=0 cluster1=1 cluster6=1 cluster9=1 cluster10=1 cluster7=1
13 cluster8=0 cluster3=0 cluster2=1 cluster1=1 cluster6=1 cluster9=1 cluster10=1 cluster7=1
14 cluster8=0 cluster3=1 cluster2=1 cluster1=1 cluster6=1 cluster9=1 cluster10=1 cluster7=1
15 cluster8=1 cluster3=1 cluster2=1 cluster1=1 cluster6=1 cluster9=1 cluster10=1 cluster7=1
16 cluster8=1 cluster3=1 cluster2=1 cluster1=1 cluster6=1 cluster9=1 cluster10=1 cluster7=0
17 cluster8=1 cluster3=1 cluster2=1 cluster1=1 cluster6=1 cluster9=0 cluster10=1 cluster7=1
18 cluster8=1 cluster3=1 cluster2=1 cluster1=1 cluster6=1 cluster9=0 cluster10=1 cluster7=0
19 cluster8=1 cluster3=1 cluster2=1 cluster1=0 cluster6=1 cluster9=1 cluster10=1 cluster7=1
20 cluster8=1 cluster3=1 cluster2=1 cluster1=0 cluster6=1 cluster9=1 cluster10=1 cluster7=0
21 cluster8=1 cluster3=1 cluster2=1 cluster1=0 cluster6=1 cluster9=0 cluster10=1 cluster7=1
22 cluster8=1 cluster3=1 cluster2=1 cluster1=0 cluster6=1 cluster9=0 cluster10=1 cluster7=0
23 cluster8=1 cluster3=1 cluster2=1 cluster1=1 cluster6=1 cluster9=1 cluster10=0 cluster7=0
24 cluster8=1 cluster3=1 cluster2=1 cluster1=1 cluster6=1 cluster9=0 cluster10=0 cluster7=0
25 cluster8=1 cluster3=1 cluster2=1 cluster1=0 cluster6=1 cluster9=1 cluster10=0 cluster7=0
26 cluster8=1 cluster3=1 cluster2=1 cluster1=0 cluster6=1 cluster9=0 cluster10=0 cluster7=0
27 cluster8=1 cluster3=1 cluster2=1 cluster1=1 cluster6=0 cluster9=0 cluster10=0 cluster7=0
28 cluster8=1 cluster3=1 cluster2=1 cluster1=0 cluster6=0 cluster9=0 cluster10=0 cluster7=0
29 cluster8=1 cluster3=1 cluster2=0 cluster1=0 cluster6=0 cluster9=0 cluster10=0 cluster7=0
30 cluster8=1 cluster3=0 cluster2=0 cluster1=0 cluster6=0 cluster9=0 cluster10=0 cluster7=0
31 cluster8=0 cluster3=0 cluster2=0 cluster1=0 cluster6=1 cluster9=0 cluster10=0 cluster7=0
32 cluster8=0 cluster3=0 cluster2=1 cluster1=0 cluster6=0 cluster9=0 cluster10=0 cluster7=0
33 cluster8=0 cluster3=0 cluster2=0 cluster1=0 cluster6=0 cluster9=0 cluster10=1 cluster7=0
34 cluster8=0 cluster3=1 cluster2=0 cluster1=0 cluster6=0 cluster9=0 cluster10=0 cluster7=0
inputRegulatorOGs.size() = 1999 inputOGList.size() = 50
binkey=128 [Edge status: 0 0 0 0 0 0 0 1 ] P(G)=P(cluster8=0)[0.8] * P(cluster1=0|cluster2=0) * P(cluster9=0|cluster6=0) * P(cluster7=1|cluster10=0) * P(cluster10=0|cluster6=0) * P(cluster6=0|cluster2=0) * P(cluster2=0|cluster3=0) * P(cluster3=0|cluster8=0)[0.0524288]=0.041943
binkey=64 [Edge status: 0 0 0 0 0 0 1 0 ] P(G)=P(cluster8=0)[0.8] * P(cluster1=0|cluster2=0) * P(cluster9=0|cluster6=0) * P(cluster7=0|cluster10=1) * P(cluster10=1|cluster6=0) * P(cluster6=0|cluster2=0) * P(cluster2=0|cluster3=0) * P(cluster3=0|cluster8=0)[0.0131072]=0.0104858
binkey=4 [Edge status: 0 0 1 0 0 0 0 0 ] P(G)=P(cluster8=0)[0.8] * P(cluster1=0|cluster2=1) * P(cluster9=0|cluster6=0) * P(cluster7=0|cluster10=0) * P(cluster10=0|cluster6=0) * P(cluster6=0|cluster2=1) * P(cluster2=1|cluster3=0) * P(cluster3=0|cluster8=0)[0.0032768]=0.00262144
binkey=8 [Edge status: 0 0 0 1 0 0 0 0 ] P(G)=P(cluster8=0)[0.8] * P(cluster1=1|cluster2=0) * P(cluster9=0|cluster6=0) * P(cluster7=0|cluster10=0) * P(cluster10=0|cluster6=0) * P(cluster6=0|cluster2=0) * P(cluster2=0|cluster3=0) * P(cluster3=0|cluster8=0)[0.0524288]=0.041943
binkey=1 [Edge status: 1 0 0 0 0 0 0 0 ] P(G)=P(cluster8=1)[0.2] * P(cluster1=0|cluster2=0) * P(cluster9=0|cluster6=0) * P(cluster7=0|cluster10=0) * P(cluster10=0|cluster6=0) * P(cluster6=0|cluster2=0) * P(cluster2=0|cluster3=0) * P(cluster3=0|cluster8=1)[0.0524288]=0.0104858
binkey=32 [Edge status: 0 0 0 0 0 1 0 0 ] P(G)=P(cluster8=0)[0.8] * P(cluster1=0|cluster2=0) * P(cluster9=1|cluster6=0) * P(cluster7=0|cluster10=0) * P(cluster10=0|cluster6=0) * P(cluster6=0|cluster2=0) * P(cluster2=0|cluster3=0) * P(cluster3=0|cluster8=0)[0.0524288]=0.041943
binkey=16 [Edge status: 0 0 0 0 1 0 0 0 ] P(G)=P(cluster8=0)[0.8] * P(cluster1=0|cluster2=0) * P(cluster9=0|cluster6=1) * P(cluster7=0|cluster10=0) * P(cluster10=0|cluster6=1) * P(cluster6=1|cluster2=0) * P(cluster2=0|cluster3=0) * P(cluster3=0|cluster8=0)[0.0032768]=0.00262144
binkey=2 [Edge status: 0 1 0 0 0 0 0 0 ] P(G)=P(cluster8=0)[0.8] * P(cluster1=0|cluster2=0) * P(cluster9=0|cluster6=0) * P(cluster7=0|cluster10=0) * P(cluster10=0|cluster6=0) * P(cluster6=0|cluster2=0) * P(cluster2=0|cluster3=1) * P(cluster3=1|cluster8=0)[0.0131072]=0.0104858
binkey=136 [Edge status: 0 0 0 1 0 0 0 1 ] P(G)=P(cluster8=0)[0.8] * P(cluster1=1|cluster2=0) * P(cluster9=0|cluster6=0) * P(cluster7=1|cluster10=0) * P(cluster10=0|cluster6=0) * P(cluster6=0|cluster2=0) * P(cluster2=0|cluster3=0) * P(cluster3=0|cluster8=0)[0.0131072]=0.0104858
binkey=192 [Edge status: 0 0 0 0 0 0 1 1 ] P(G)=P(cluster8=0)[0.8] * P(cluster1=0|cluster2=0) * P(cluster9=0|cluster6=0) * P(cluster7=1|cluster10=1) * P(cluster10=1|cluster6=0) * P(cluster6=0|cluster2=0) * P(cluster2=0|cluster3=0) * P(cluster3=0|cluster8=0)[0.0524288]=0.041943
binkey=160 [Edge status: 0 0 0 0 0 1 0 1 ] P(G)=P(cluster8=0)[0.8] * P(cluster1=0|cluster2=0) * P(cluster9=1|cluster6=0) * P(cluster7=1|cluster10=0) * P(cluster10=0|cluster6=0) * P(cluster6=0|cluster2=0) * P(cluster2=0|cluster3=0) * P(cluster3=0|cluster8=0)[0.0131072]=0.0104858
binkey=224 [Edge status: 0 0 0 0 0 1 1 1 ] P(G)=P(cluster8=0)[0.8] * P(cluster1=0|cluster2=0) * P(cluster9=1|cluster6=0) * P(cluster7=1|cluster10=1) * P(cluster10=1|cluster6=0) * P(cluster6=0|cluster2=0) * P(cluster2=0|cluster3=0) * P(cluster3=0|cluster8=0)[0.0131072]=0.0104858
binkey=3 [Edge status: 1 1 0 0 0 0 0 0 ] P(G)=P(cluster8=1)[0.2] * P(cluster1=0|cluster2=0) * P(cluster9=0|cluster6=0) * P(cluster7=0|cluster10=0) * P(cluster10=0|cluster6=0) * P(cluster6=0|cluster2=0) * P(cluster2=0|cluster3=1) * P(cluster3=1|cluster8=1)[0.0524288]=0.0104858
binkey=240 [Edge status: 0 0 0 0 1 1 1 1 ] P(G)=P(cluster8=0)[0.8] * P(cluster1=0|cluster2=0) * P(cluster9=1|cluster6=1) * P(cluster7=1|cluster10=1) * P(cluster10=1|cluster6=1) * P(cluster6=1|cluster2=0) * P(cluster2=0|cluster3=0) * P(cluster3=0|cluster8=0)[0.0524288]=0.041943
binkey=200 [Edge status: 0 0 0 1 0 0 1 1 ] P(G)=P(cluster8=0)[0.8] * P(cluster1=1|cluster2=0) * P(cluster9=0|cluster6=0) * P(cluster7=1|cluster10=1) * P(cluster10=1|cluster6=0) * P(cluster6=0|cluster2=0) * P(cluster2=0|cluster3=0) * P(cluster3=0|cluster8=0)[0.0131072]=0.0104858
binkey=40 [Edge status: 0 0 0 1 0 1 0 0 ] P(G)=P(cluster8=0)[0.8] * P(cluster1=1|cluster2=0) * P(cluster9=1|cluster6=0) * P(cluster7=0|cluster10=0) * P(cluster10=0|cluster6=0) * P(cluster6=0|cluster2=0) * P(cluster2=0|cluster3=0) * P(cluster3=0|cluster8=0)[0.0131072]=0.0104858
binkey=168 [Edge status: 0 0 0 1 0 1 0 1 ] P(G)=P(cluster8=0)[0.8] * P(cluster1=1|cluster2=0) * P(cluster9=1|cluster6=0) * P(cluster7=1|cluster10=0) * P(cluster10=0|cluster6=0) * P(cluster6=0|cluster2=0) * P(cluster2=0|cluster3=0) * P(cluster3=0|cluster8=0)[0.0032768]=0.00262144
binkey=232 [Edge status: 0 0 0 1 0 1 1 1 ] P(G)=P(cluster8=0)[0.8] * P(cluster1=1|cluster2=0) * P(cluster9=1|cluster6=0) * P(cluster7=1|cluster10=1) * P(cluster10=1|cluster6=0) * P(cluster6=0|cluster2=0) * P(cluster2=0|cluster3=0) * P(cluster3=0|cluster8=0)[0.0032768]=0.00262144
binkey=248 [Edge status: 0 0 0 1 1 1 1 1 ] P(G)=P(cluster8=0)[0.8] * P(cluster1=1|cluster2=0) * P(cluster9=1|cluster6=1) * P(cluster7=1|cluster10=1) * P(cluster10=1|cluster6=1) * P(cluster6=1|cluster2=0) * P(cluster2=0|cluster3=0) * P(cluster3=0|cluster8=0)[0.0131072]=0.0104858
binkey=252 [Edge status: 0 0 1 1 1 1 1 1 ] P(G)=P(cluster8=0)[0.8] * P(cluster1=1|cluster2=1) * P(cluster9=1|cluster6=1) * P(cluster7=1|cluster10=1) * P(cluster10=1|cluster6=1) * P(cluster6=1|cluster2=1) * P(cluster2=1|cluster3=0) * P(cluster3=0|cluster8=0)[0.0524288]=0.041943
binkey=254 [Edge status: 0 1 1 1 1 1 1 1 ] P(G)=P(cluster8=0)[0.8] * P(cluster1=1|cluster2=1) * P(cluster9=1|cluster6=1) * P(cluster7=1|cluster10=1) * P(cluster10=1|cluster6=1) * P(cluster6=1|cluster2=1) * P(cluster2=1|cluster3=1) * P(cluster3=1|cluster8=0)[0.0524288]=0.041943
binkey=23 [Edge status: 1 1 1 0 1 0 0 0 ] P(G)=P(cluster8=1)[0.2] * P(cluster1=0|cluster2=1) * P(cluster9=0|cluster6=1) * P(cluster7=0|cluster10=0) * P(cluster10=0|cluster6=1) * P(cluster6=1|cluster2=1) * P(cluster2=1|cluster3=1) * P(cluster3=1|cluster8=1)[0.0032768]=0.00065536
binkey=7 [Edge status: 1 1 1 0 0 0 0 0 ] P(G)=P(cluster8=1)[0.2] * P(cluster1=0|cluster2=1) * P(cluster9=0|cluster6=0) * P(cluster7=0|cluster10=0) * P(cluster10=0|cluster6=0) * P(cluster6=0|cluster2=1) * P(cluster2=1|cluster3=1) * P(cluster3=1|cluster8=1)[0.0131072]=0.00262144
binkey=55 [Edge status: 1 1 1 0 1 1 0 0 ] P(G)=P(cluster8=1)[0.2] * P(cluster1=0|cluster2=1) * P(cluster9=1|cluster6=1) * P(cluster7=0|cluster10=0) * P(cluster10=0|cluster6=1) * P(cluster6=1|cluster2=1) * P(cluster2=1|cluster3=1) * P(cluster3=1|cluster8=1)[0.0131072]=0.00262144
binkey=247 [Edge status: 1 1 1 0 1 1 1 1 ] P(G)=P(cluster8=1)[0.2] * P(cluster1=0|cluster2=1) * P(cluster9=1|cluster6=1) * P(cluster7=1|cluster10=1) * P(cluster10=1|cluster6=1) * P(cluster6=1|cluster2=1) * P(cluster2=1|cluster3=1) * P(cluster3=1|cluster8=1)[0.0524288]=0.0104858
binkey=119 [Edge status: 1 1 1 0 1 1 1 0 ] P(G)=P(cluster8=1)[0.2] * P(cluster1=0|cluster2=1) * P(cluster9=1|cluster6=1) * P(cluster7=0|cluster10=1) * P(cluster10=1|cluster6=1) * P(cluster6=1|cluster2=1) * P(cluster2=1|cluster3=1) * P(cluster3=1|cluster8=1)[0.0131072]=0.00262144
binkey=215 [Edge status: 1 1 1 0 1 0 1 1 ] P(G)=P(cluster8=1)[0.2] * P(cluster1=0|cluster2=1) * P(cluster9=0|cluster6=1) * P(cluster7=1|cluster10=1) * P(cluster10=1|cluster6=1) * P(cluster6=1|cluster2=1) * P(cluster2=1|cluster3=1) * P(cluster3=1|cluster8=1)[0.0131072]=0.00262144
binkey=87 [Edge status: 1 1 1 0 1 0 1 0 ] P(G)=P(cluster8=1)[0.2] * P(cluster1=0|cluster2=1) * P(cluster9=0|cluster6=1) * P(cluster7=0|cluster10=1) * P(cluster10=1|cluster6=1) * P(cluster6=1|cluster2=1) * P(cluster2=1|cluster3=1) * P(cluster3=1|cluster8=1)[0.0032768]=0.00065536
ITERATION 0 newScore=-2.77122e+06 diffscore=12815.3 priorChange=-112.29 successMove=63
ITERATION 1 newScore=-2.76279e+06 diffscore=8424.05 priorChange=-109.517 successMove=52
ITERATION 2 newScore=-2.75969e+06 diffscore=3103.54 priorChange=-128.925 successMove=58
ITERATION 3 newScore=-2.75161e+06 diffscore=8082.74 priorChange=-112.29 successMove=56
ITERATION 4 newScore=-2.74536e+06 diffscore=6243.96 priorChange=-117.835 successMove=55
ITERATION 5 newScore=-2.73859e+06 diffscore=6772.91 priorChange=-101.199 successMove=51
ITERATION 6 newScore=-2.73488e+06 diffscore=3711.21 priorChange=-119.221 successMove=52
ITERATION 7 newScore=-2.73311e+06 diffscore=1762.89 priorChange=-110.904 successMove=53
ITERATION 8 newScore=-2.72803e+06 diffscore=5083.34 priorChange=-94.268 successMove=50
ITERATION 9 newScore=-2.72305e+06 diffscore=4982.23 priorChange=-120.608 successMove=53
ITERATION 10 newScore=-2.72132e+06 diffscore=1728.83 priorChange=-119.221 successMove=51
ITERATION 11 newScore=-2.7177e+06 diffscore=3617.76 priorChange=-113.676 successMove=49
ITERATION 12 newScore=-2.71671e+06 diffscore=996.902 priorChange=-113.676 successMove=52
ITERATION 13 newScore=-2.71313e+06 diffscore=3574.81 priorChange=-109.517 successMove=50
ITERATION 14 newScore=-2.71237e+06 diffscore=759.658 priorChange=-102.586 successMove=49
ITERATION 15 newScore=-2.71062e+06 diffscore=1752.58 priorChange=-92.8817 successMove=51
ITERATION 16 newScore=-2.70847e+06 diffscore=2148.97 priorChange=-106.745 successMove=50
ITERATION 17 newScore=-2.70778e+06 diffscore=693.126 priorChange=-98.4269 successMove=49
ITERATION 18 newScore=-2.70526e+06 diffscore=2516.07 priorChange=-106.745 successMove=51
ITERATION 19 newScore=-2.70199e+06 diffscore=3267.9 priorChange=-112.29 successMove=50
ITERATION 20 newScore=-2.70132e+06 diffscore=670.836 priorChange=-99.8132 successMove=49
ITERATION 21 newScore=-2.69778e+06 diffscore=3538.73 priorChange=-103.972 successMove=50
ITERATION 22 newScore=-2.69579e+06 diffscore=1994.64 priorChange=-116.449 successMove=49
ITERATION 23 newScore=-2.69398e+06 diffscore=1805.79 priorChange=-117.835 successMove=49
ITERATION 24 newScore=-2.69169e+06 diffscore=2292.5 priorChange=-117.835 successMove=49
ITERATION 25 newScore=-2.69107e+06 diffscore=622.842 priorChange=-112.29 successMove=49
ITERATION 26 newScore=-2.68965e+06 diffscore=1415.57 priorChange=-97.0406 successMove=51
ITERATION 27 newScore=-2.68731e+06 diffscore=2345.61 priorChange=-92.8817 successMove=50
ITERATION 28 newScore=-2.68223e+06 diffscore=5077.77 priorChange=-109.517 successMove=51
ITERATION 29 newScore=-2.67564e+06 diffscore=6583.44 priorChange=-109.517 successMove=48
ITERATION 30 newScore=-2.67511e+06 diffscore=532.575 priorChange=-105.358 successMove=48
ITERATION 31 newScore=-2.67334e+06 diffscore=1772.17 priorChange=-112.29 successMove=48
ITERATION 32 newScore=-2.6729e+06 diffscore=438.492 priorChange=-106.745 successMove=48
ITERATION 33 newScore=-2.67112e+06 diffscore=1778.43 priorChange=-97.0406 successMove=47
ITERATION 34 newScore=-2.67068e+06 diffscore=439.502 priorChange=-113.676 successMove=47
ITERATION 35 newScore=-2.67032e+06 diffscore=364.397 priorChange=-105.358 successMove=47
ITERATION 36 newScore=-2.66994e+06 diffscore=380.468 priorChange=-105.358 successMove=47
ITERATION 37 newScore=-2.6695e+06 diffscore=441.314 priorChange=-105.358 successMove=49
ITERATION 38 newScore=-2.66906e+06 diffscore=438.859 priorChange=-97.0406 successMove=45
ITERATION 39 newScore=-2.66812e+06 diffscore=942.241 priorChange=-103.972 successMove=46
ITERATION 40 newScore=-2.66524e+06 diffscore=2876.62 priorChange=-84.564 successMove=45
ITERATION 41 newScore=-2.66236e+06 diffscore=2883.8 priorChange=-90.1091 successMove=47
ITERATION 42 newScore=-2.66192e+06 diffscore=431.242 priorChange=-116.449 successMove=45
ITERATION 43 newScore=-2.66006e+06 diffscore=1861.81 priorChange=-103.972 successMove=45
ITERATION 44 newScore=-2.65725e+06 diffscore=2810.33 priorChange=-95.6543 successMove=45
ITERATION 45 newScore=-2.65688e+06 diffscore=375.33 priorChange=-101.199 successMove=43
ITERATION 46 newScore=-2.65535e+06 diffscore=1526.17 priorChange=-108.131 successMove=44
ITERATION 47 newScore=-2.65304e+06 diffscore=2306.73 priorChange=-99.8132 successMove=44
ITERATION 48 newScore=-2.65107e+06 diffscore=1970.34 priorChange=-101.199 successMove=42
ITERATION 49 newScore=-2.65071e+06 diffscore=359.659 priorChange=-105.358 successMove=42
ITERATION 50 newScore=-2.64923e+06 diffscore=1486.4 priorChange=-95.6543 successMove=44
ITERATION 51 newScore=-2.64893e+06 diffscore=293.865 priorChange=-99.8132 successMove=42
ITERATION 52 newScore=-2.64863e+06 diffscore=306.968 priorChange=-91.4954 successMove=43
ITERATION 53 newScore=-2.64663e+06 diffscore=1993.26 priorChange=-97.0406 successMove=42
ITERATION 54 newScore=-2.64636e+06 diffscore=276.093 priorChange=-92.8817 successMove=42
ITERATION 55 newScore=-2.64604e+06 diffscore=312.542 priorChange=-88.7228 successMove=41
ITERATION 56 newScore=-2.64568e+06 diffscore=361.825 priorChange=-85.9503 successMove=42
ITERATION 57 newScore=-2.64535e+06 diffscore=333.939 priorChange=-85.9503 successMove=40
ITERATION 58 newScore=-2.64499e+06 diffscore=362.418 priorChange=-85.9503 successMove=40
ITERATION 59 newScore=-2.64469e+06 diffscore=293.239 priorChange=-74.8599 successMove=38
ITERATION 60 newScore=-2.64325e+06 diffscore=1442.19 priorChange=-83.1777 successMove=38
ITERATION 61 newScore=-2.64181e+06 diffscore=1436.87 priorChange=-73.4736 successMove=37
ITERATION 62 newScore=-2.64096e+06 diffscore=857.583 priorChange=-83.1777 successMove=38
ITERATION 63 newScore=-2.64008e+06 diffscore=873.68 priorChange=-73.4736 successMove=36
ITERATION 64 newScore=-2.6378e+06 diffscore=2278.96 priorChange=-66.5421 successMove=36
ITERATION 65 newScore=-2.63743e+06 diffscore=375.997 priorChange=-70.701 successMove=34
ITERATION 66 newScore=-2.63705e+06 diffscore=382.567 priorChange=-79.0188 successMove=34
ITERATION 67 newScore=-2.63659e+06 diffscore=456.611 priorChange=-66.5421 successMove=33
ITERATION 68 newScore=-2.63509e+06 diffscore=1499.17 priorChange=-67.9284 successMove=32
ITERATION 69 newScore=-2.63287e+06 diffscore=2217.91 priorChange=-60.997 successMove=32
ITERATION 70 newScore=-2.63169e+06 diffscore=1178.95 priorChange=-69.3147 successMove=30
ITERATION 71 newScore=-2.63079e+06 diffscore=902.041 priorChange=-69.3147 successMove=31
ITERATION 72 newScore=-2.63055e+06 diffscore=244.387 priorChange=-59.6107 successMove=30
ITERATION 73 newScore=-2.63031e+06 diffscore=235.227 priorChange=-54.0655 successMove=28
ITERATION 74 newScore=-2.62935e+06 diffscore=965.806 priorChange=-58.2244 successMove=27
ITERATION 75 newScore=-2.62913e+06 diffscore=215.904 priorChange=-48.5203 successMove=26
ITERATION 76 newScore=-2.62792e+06 diffscore=1207.27 priorChange=-48.5203 successMove=25
ITERATION 77 newScore=-2.62778e+06 diffscore=138.718 priorChange=-52.6792 successMove=24
ITERATION 78 newScore=-2.62687e+06 diffscore=910.499 priorChange=-49.9066 successMove=24
ITERATION 79 newScore=-2.62676e+06 diffscore=114.298 priorChange=-55.4518 successMove=24
ITERATION 80 newScore=-2.62654e+06 diffscore=214.236 priorChange=-60.997 successMove=24
ITERATION 81 newScore=-2.62576e+06 diffscore=779.572 priorChange=-45.7477 successMove=24
ITERATION 82 newScore=-2.62569e+06 diffscore=76.6457 priorChange=-42.9751 successMove=20
ITERATION 83 newScore=-2.62562e+06 diffscore=71.2535 priorChange=-36.0437 successMove=19
ITERATION 84 newScore=-2.62552e+06 diffscore=101.062 priorChange=-30.4985 successMove=17
ITERATION 85 newScore=-2.62513e+06 diffscore=390.322 priorChange=-29.1122 successMove=15
ITERATION 86 newScore=-2.62504e+06 diffscore=84.7186 priorChange=-33.2711 successMove=14
ITERATION 87 newScore=-2.62491e+06 diffscore=129.611 priorChange=-30.4985 successMove=12
ITERATION 88 newScore=-2.62482e+06 diffscore=86.4756 priorChange=-16.6355 successMove=11
ITERATION 89 newScore=-2.62458e+06 diffscore=244.746 priorChange=-18.0218 successMove=10
ITERATION 90 newScore=-2.62448e+06 diffscore=102.305 priorChange=-22.1807 successMove=10
ITERATION 91 newScore=-2.6244e+06 diffscore=77.2902 priorChange=-20.7944 successMove=9
ITERATION 92 newScore=-2.62366e+06 diffscore=740.593 priorChange=-13.8629 successMove=9
ITERATION 93 newScore=-2.62361e+06 diffscore=51.0145 priorChange=-18.0218 successMove=9
ITERATION 94 newScore=-2.62352e+06 diffscore=91.3241 priorChange=-16.6355 successMove=9
ITERATION 95 newScore=-2.62333e+06 diffscore=191.079 priorChange=-12.4766 successMove=7
ITERATION 96 newScore=-2.62224e+06 diffscore=1090.7 priorChange=-12.4766 successMove=7
ITERATION 97 newScore=-2.6222e+06 diffscore=34.834 priorChange=-9.70406 successMove=6
ITERATION 98 newScore=-2.62216e+06 diffscore=39.0851 priorChange=-13.8629 successMove=6
ITERATION 99 newScore=-2.62212e+06 diffscore=46.516 priorChange=-12.4766 successMove=6
MetaLearner::dumpAllGraphs
Final Score -2.62212e+06
MetaLearner::start runtime: 1568755540 ms
Results/
Results/cluster3/
Results/cluster3/fold0/
Results/cluster3/fold0/var_mb_pw_k50.txt
Results/cluster3/fold0/modelparams.txt
Results/cluster7/
Results/cluster7/fold0/
Results/cluster7/fold0/var_mb_pw_k50.txt
Results/cluster7/fold0/modelparams.txt
Results/cluster10/
Results/cluster10/fold0/
Results/cluster10/fold0/var_mb_pw_k50.txt
Results/cluster10/fold0/modelparams.txt
Results/cluster1/
Results/cluster1/fold0/
Results/cluster1/fold0/var_mb_pw_k50.txt
Results/cluster1/fold0/modelparams.txt
Results/cluster6/
Results/cluster6/fold0/
Results/cluster6/fold0/var_mb_pw_k50.txt
Results/cluster6/fold0/modelparams.txt
Results/cluster9/
Results/cluster9/fold0/
Results/cluster9/fold0/var_mb_pw_k50.txt
Results/cluster9/fold0/modelparams.txt
Results/cluster8/
Results/cluster8/fold0/
Results/cluster8/fold0/var_mb_pw_k50.txt
Results/cluster8/fold0/modelparams.txt
Results/cluster8/scoreFile.txt
Results/cluster2/
Results/cluster2/fold0/
Results/cluster2/fold0/var_mb_pw_k50.txt
Results/cluster2/fold0/modelparams.txt
