./CVN -f config_condor.txt -x50 -v1 -l TFs_OGs.txt -n AllGenes99.txt -d celltype_tree_ancestor.txt -m testdata_ogids.txt -s celltype_order.txt -p 0.2 -c yes -b -4 -q 4
(cluster3|cluster8) p_maintain_edge=0.8 p_gain=0.2
(cluster2|cluster3) p_maintain_edge=0.8 p_gain=0.2
(cluster1|cluster2) p_maintain_edge=0.8 p_gain=0.2
(cluster6|cluster2) p_maintain_edge=0.8 p_gain=0.2
(cluster9|cluster6) p_maintain_edge=0.8 p_gain=0.2
(cluster10|cluster6) p_maintain_edge=0.8 p_gain=0.2
(cluster7|cluster10) p_maintain_edge=0.8 p_gain=0.2
speciesSet.size()=8 Root is cluster8
MappedOrthogroupReader::readSpeciesMapping() --- celltype_order.txt
MappedOrthogroupReader::readFile - testdata_ogids.txt
MappedOrthogroupReader::generateGeneOrthoMap()
MetaLearner::init_onefold() read:config_condor.txt
MetaLearner::setinputVariableNames number of variables: 2041
readEvidenceTable:cluster8.table
PotentialManager::loadEvidenceFromTable varCount=2041 sampleCount=348
motifNetwork.size() = 319
0=cluster8 motifNetwork=cluster8_network.txt
variable size=2041
readEvidenceTable:cluster3.table
PotentialManager::loadEvidenceFromTable varCount=2041 sampleCount=95
motifNetwork.size() = 326
1=cluster3 motifNetwork=cluster3_network.txt
variable size=2041
readEvidenceTable:cluster2.table
PotentialManager::loadEvidenceFromTable varCount=2041 sampleCount=386
motifNetwork.size() = 328
2=cluster2 motifNetwork=cluster2_network.txt
variable size=2041
readEvidenceTable:cluster1.table
PotentialManager::loadEvidenceFromTable varCount=2041 sampleCount=36
motifNetwork.size() = 322
3=cluster1 motifNetwork=cluster1_network.txt
variable size=2041
readEvidenceTable:cluster6.table
PotentialManager::loadEvidenceFromTable varCount=2041 sampleCount=524
motifNetwork.size() = 320
4=cluster6 motifNetwork=cluster6_network.txt
variable size=2041
readEvidenceTable:cluster9.table
PotentialManager::loadEvidenceFromTable varCount=2041 sampleCount=184
motifNetwork.size() = 327
5=cluster9 motifNetwork=cluster9_network.txt
variable size=2041
readEvidenceTable:cluster10.table
PotentialManager::loadEvidenceFromTable varCount=2041 sampleCount=165
motifNetwork.size() = 326
6=cluster10 motifNetwork=cluster10_network.txt
variable size=2041
readEvidenceTable:cluster7.table
PotentialManager::loadEvidenceFromTable varCount=2041 sampleCount=1032
motifNetwork.size() = 320
7=cluster7 motifNetwork=cluster7_network.txt
variable size=2041
-------------------------------------------------------------
MetaLearner::start
precomputeEmptyGraphPrior
binkey=0 [Edge status: 0 0 0 0 0 0 0 0 ] P(G)=P(cluster8=0)[0.8] * P(cluster1=0|cluster2=0) * P(cluster9=0|cluster6=0) * P(cluster7=0|cluster10=0) * P(cluster10=0|cluster6=0) * P(cluster6=0|cluster2=0) * P(cluster2=0|cluster3=0) * P(cluster3=0|cluster8=0)[0.209715]=0.167772
condsetMap_Tree
0 cluster8=0 cluster3=0 cluster2=0 cluster1=0 cluster6=0 cluster9=0 cluster10=0 cluster7=1
1 cluster8=0 cluster3=0 cluster2=0 cluster1=0 cluster6=0 cluster9=1 cluster10=0 cluster7=0
2 cluster8=0 cluster3=0 cluster2=0 cluster1=0 cluster6=0 cluster9=1 cluster10=0 cluster7=1
3 cluster8=0 cluster3=0 cluster2=0 cluster1=1 cluster6=0 cluster9=0 cluster10=0 cluster7=0
4 cluster8=0 cluster3=0 cluster2=0 cluster1=1 cluster6=0 cluster9=0 cluster10=0 cluster7=1
5 cluster8=0 cluster3=0 cluster2=0 cluster1=1 cluster6=0 cluster9=1 cluster10=0 cluster7=0
6 cluster8=0 cluster3=0 cluster2=0 cluster1=1 cluster6=0 cluster9=1 cluster10=0 cluster7=1
7 cluster8=0 cluster3=0 cluster2=0 cluster1=0 cluster6=0 cluster9=0 cluster10=1 cluster7=1
8 cluster8=0 cluster3=0 cluster2=0 cluster1=0 cluster6=0 cluster9=1 cluster10=1 cluster7=1
9 cluster8=0 cluster3=0 cluster2=0 cluster1=1 cluster6=0 cluster9=0 cluster10=1 cluster7=1
10 cluster8=0 cluster3=0 cluster2=0 cluster1=1 cluster6=0 cluster9=1 cluster10=1 cluster7=1
11 cluster8=0 cluster3=0 cluster2=0 cluster1=0 cluster6=1 cluster9=1 cluster10=1 cluster7=1
12 cluster8=0 cluster3=0 cluster2=0 cluster1=1 cluster6=1 cluster9=1 cluster10=1 cluster7=1
13 cluster8=0 cluster3=0 cluster2=1 cluster1=1 cluster6=1 cluster9=1 cluster10=1 cluster7=1
14 cluster8=0 cluster3=1 cluster2=1 cluster1=1 cluster6=1 cluster9=1 cluster10=1 cluster7=1
15 cluster8=1 cluster3=1 cluster2=1 cluster1=1 cluster6=1 cluster9=1 cluster10=1 cluster7=1
16 cluster8=1 cluster3=1 cluster2=1 cluster1=1 cluster6=1 cluster9=1 cluster10=1 cluster7=0
17 cluster8=1 cluster3=1 cluster2=1 cluster1=1 cluster6=1 cluster9=0 cluster10=1 cluster7=1
18 cluster8=1 cluster3=1 cluster2=1 cluster1=1 cluster6=1 cluster9=0 cluster10=1 cluster7=0
19 cluster8=1 cluster3=1 cluster2=1 cluster1=0 cluster6=1 cluster9=1 cluster10=1 cluster7=1
20 cluster8=1 cluster3=1 cluster2=1 cluster1=0 cluster6=1 cluster9=1 cluster10=1 cluster7=0
21 cluster8=1 cluster3=1 cluster2=1 cluster1=0 cluster6=1 cluster9=0 cluster10=1 cluster7=1
22 cluster8=1 cluster3=1 cluster2=1 cluster1=0 cluster6=1 cluster9=0 cluster10=1 cluster7=0
23 cluster8=1 cluster3=1 cluster2=1 cluster1=1 cluster6=1 cluster9=1 cluster10=0 cluster7=0
24 cluster8=1 cluster3=1 cluster2=1 cluster1=1 cluster6=1 cluster9=0 cluster10=0 cluster7=0
25 cluster8=1 cluster3=1 cluster2=1 cluster1=0 cluster6=1 cluster9=1 cluster10=0 cluster7=0
26 cluster8=1 cluster3=1 cluster2=1 cluster1=0 cluster6=1 cluster9=0 cluster10=0 cluster7=0
27 cluster8=1 cluster3=1 cluster2=1 cluster1=1 cluster6=0 cluster9=0 cluster10=0 cluster7=0
28 cluster8=1 cluster3=1 cluster2=1 cluster1=0 cluster6=0 cluster9=0 cluster10=0 cluster7=0
29 cluster8=1 cluster3=1 cluster2=0 cluster1=0 cluster6=0 cluster9=0 cluster10=0 cluster7=0
30 cluster8=1 cluster3=0 cluster2=0 cluster1=0 cluster6=0 cluster9=0 cluster10=0 cluster7=0
31 cluster8=0 cluster3=0 cluster2=0 cluster1=0 cluster6=1 cluster9=0 cluster10=0 cluster7=0
32 cluster8=0 cluster3=0 cluster2=1 cluster1=0 cluster6=0 cluster9=0 cluster10=0 cluster7=0
33 cluster8=0 cluster3=0 cluster2=0 cluster1=0 cluster6=0 cluster9=0 cluster10=1 cluster7=0
34 cluster8=0 cluster3=1 cluster2=0 cluster1=0 cluster6=0 cluster9=0 cluster10=0 cluster7=0
inputRegulatorOGs.size() = 1999 inputOGList.size() = 50
binkey=32 [Edge status: 0 0 0 0 0 1 0 0 ] P(G)=P(cluster8=0)[0.8] * P(cluster1=0|cluster2=0) * P(cluster9=1|cluster6=0) * P(cluster7=0|cluster10=0) * P(cluster10=0|cluster6=0) * P(cluster6=0|cluster2=0) * P(cluster2=0|cluster3=0) * P(cluster3=0|cluster8=0)[0.0524288]=0.041943
binkey=64 [Edge status: 0 0 0 0 0 0 1 0 ] P(G)=P(cluster8=0)[0.8] * P(cluster1=0|cluster2=0) * P(cluster9=0|cluster6=0) * P(cluster7=0|cluster10=1) * P(cluster10=1|cluster6=0) * P(cluster6=0|cluster2=0) * P(cluster2=0|cluster3=0) * P(cluster3=0|cluster8=0)[0.0131072]=0.0104858
binkey=128 [Edge status: 0 0 0 0 0 0 0 1 ] P(G)=P(cluster8=0)[0.8] * P(cluster1=0|cluster2=0) * P(cluster9=0|cluster6=0) * P(cluster7=1|cluster10=0) * P(cluster10=0|cluster6=0) * P(cluster6=0|cluster2=0) * P(cluster2=0|cluster3=0) * P(cluster3=0|cluster8=0)[0.0524288]=0.041943
binkey=16 [Edge status: 0 0 0 0 1 0 0 0 ] P(G)=P(cluster8=0)[0.8] * P(cluster1=0|cluster2=0) * P(cluster9=0|cluster6=1) * P(cluster7=0|cluster10=0) * P(cluster10=0|cluster6=1) * P(cluster6=1|cluster2=0) * P(cluster2=0|cluster3=0) * P(cluster3=0|cluster8=0)[0.0032768]=0.00262144
binkey=1 [Edge status: 1 0 0 0 0 0 0 0 ] P(G)=P(cluster8=1)[0.2] * P(cluster1=0|cluster2=0) * P(cluster9=0|cluster6=0) * P(cluster7=0|cluster10=0) * P(cluster10=0|cluster6=0) * P(cluster6=0|cluster2=0) * P(cluster2=0|cluster3=0) * P(cluster3=0|cluster8=1)[0.0524288]=0.0104858
binkey=192 [Edge status: 0 0 0 0 0 0 1 1 ] P(G)=P(cluster8=0)[0.8] * P(cluster1=0|cluster2=0) * P(cluster9=0|cluster6=0) * P(cluster7=1|cluster10=1) * P(cluster10=1|cluster6=0) * P(cluster6=0|cluster2=0) * P(cluster2=0|cluster3=0) * P(cluster3=0|cluster8=0)[0.0524288]=0.041943
binkey=160 [Edge status: 0 0 0 0 0 1 0 1 ] P(G)=P(cluster8=0)[0.8] * P(cluster1=0|cluster2=0) * P(cluster9=1|cluster6=0) * P(cluster7=1|cluster10=0) * P(cluster10=0|cluster6=0) * P(cluster6=0|cluster2=0) * P(cluster2=0|cluster3=0) * P(cluster3=0|cluster8=0)[0.0131072]=0.0104858
binkey=224 [Edge status: 0 0 0 0 0 1 1 1 ] P(G)=P(cluster8=0)[0.8] * P(cluster1=0|cluster2=0) * P(cluster9=1|cluster6=0) * P(cluster7=1|cluster10=1) * P(cluster10=1|cluster6=0) * P(cluster6=0|cluster2=0) * P(cluster2=0|cluster3=0) * P(cluster3=0|cluster8=0)[0.0131072]=0.0104858
binkey=2 [Edge status: 0 1 0 0 0 0 0 0 ] P(G)=P(cluster8=0)[0.8] * P(cluster1=0|cluster2=0) * P(cluster9=0|cluster6=0) * P(cluster7=0|cluster10=0) * P(cluster10=0|cluster6=0) * P(cluster6=0|cluster2=0) * P(cluster2=0|cluster3=1) * P(cluster3=1|cluster8=0)[0.0131072]=0.0104858
binkey=4 [Edge status: 0 0 1 0 0 0 0 0 ] P(G)=P(cluster8=0)[0.8] * P(cluster1=0|cluster2=1) * P(cluster9=0|cluster6=0) * P(cluster7=0|cluster10=0) * P(cluster10=0|cluster6=0) * P(cluster6=0|cluster2=1) * P(cluster2=1|cluster3=0) * P(cluster3=0|cluster8=0)[0.0032768]=0.00262144
binkey=8 [Edge status: 0 0 0 1 0 0 0 0 ] P(G)=P(cluster8=0)[0.8] * P(cluster1=1|cluster2=0) * P(cluster9=0|cluster6=0) * P(cluster7=0|cluster10=0) * P(cluster10=0|cluster6=0) * P(cluster6=0|cluster2=0) * P(cluster2=0|cluster3=0) * P(cluster3=0|cluster8=0)[0.0524288]=0.041943
binkey=40 [Edge status: 0 0 0 1 0 1 0 0 ] P(G)=P(cluster8=0)[0.8] * P(cluster1=1|cluster2=0) * P(cluster9=1|cluster6=0) * P(cluster7=0|cluster10=0) * P(cluster10=0|cluster6=0) * P(cluster6=0|cluster2=0) * P(cluster2=0|cluster3=0) * P(cluster3=0|cluster8=0)[0.0131072]=0.0104858
binkey=136 [Edge status: 0 0 0 1 0 0 0 1 ] P(G)=P(cluster8=0)[0.8] * P(cluster1=1|cluster2=0) * P(cluster9=0|cluster6=0) * P(cluster7=1|cluster10=0) * P(cluster10=0|cluster6=0) * P(cluster6=0|cluster2=0) * P(cluster2=0|cluster3=0) * P(cluster3=0|cluster8=0)[0.0131072]=0.0104858
binkey=3 [Edge status: 1 1 0 0 0 0 0 0 ] P(G)=P(cluster8=1)[0.2] * P(cluster1=0|cluster2=0) * P(cluster9=0|cluster6=0) * P(cluster7=0|cluster10=0) * P(cluster10=0|cluster6=0) * P(cluster6=0|cluster2=0) * P(cluster2=0|cluster3=1) * P(cluster3=1|cluster8=1)[0.0524288]=0.0104858
binkey=168 [Edge status: 0 0 0 1 0 1 0 1 ] P(G)=P(cluster8=0)[0.8] * P(cluster1=1|cluster2=0) * P(cluster9=1|cluster6=0) * P(cluster7=1|cluster10=0) * P(cluster10=0|cluster6=0) * P(cluster6=0|cluster2=0) * P(cluster2=0|cluster3=0) * P(cluster3=0|cluster8=0)[0.0032768]=0.00262144
binkey=200 [Edge status: 0 0 0 1 0 0 1 1 ] P(G)=P(cluster8=0)[0.8] * P(cluster1=1|cluster2=0) * P(cluster9=0|cluster6=0) * P(cluster7=1|cluster10=1) * P(cluster10=1|cluster6=0) * P(cluster6=0|cluster2=0) * P(cluster2=0|cluster3=0) * P(cluster3=0|cluster8=0)[0.0131072]=0.0104858
binkey=232 [Edge status: 0 0 0 1 0 1 1 1 ] P(G)=P(cluster8=0)[0.8] * P(cluster1=1|cluster2=0) * P(cluster9=1|cluster6=0) * P(cluster7=1|cluster10=1) * P(cluster10=1|cluster6=0) * P(cluster6=0|cluster2=0) * P(cluster2=0|cluster3=0) * P(cluster3=0|cluster8=0)[0.0032768]=0.00262144
binkey=240 [Edge status: 0 0 0 0 1 1 1 1 ] P(G)=P(cluster8=0)[0.8] * P(cluster1=0|cluster2=0) * P(cluster9=1|cluster6=1) * P(cluster7=1|cluster10=1) * P(cluster10=1|cluster6=1) * P(cluster6=1|cluster2=0) * P(cluster2=0|cluster3=0) * P(cluster3=0|cluster8=0)[0.0524288]=0.041943
binkey=248 [Edge status: 0 0 0 1 1 1 1 1 ] P(G)=P(cluster8=0)[0.8] * P(cluster1=1|cluster2=0) * P(cluster9=1|cluster6=1) * P(cluster7=1|cluster10=1) * P(cluster10=1|cluster6=1) * P(cluster6=1|cluster2=0) * P(cluster2=0|cluster3=0) * P(cluster3=0|cluster8=0)[0.0131072]=0.0104858
binkey=7 [Edge status: 1 1 1 0 0 0 0 0 ] P(G)=P(cluster8=1)[0.2] * P(cluster1=0|cluster2=1) * P(cluster9=0|cluster6=0) * P(cluster7=0|cluster10=0) * P(cluster10=0|cluster6=0) * P(cluster6=0|cluster2=1) * P(cluster2=1|cluster3=1) * P(cluster3=1|cluster8=1)[0.0131072]=0.00262144
binkey=247 [Edge status: 1 1 1 0 1 1 1 1 ] P(G)=P(cluster8=1)[0.2] * P(cluster1=0|cluster2=1) * P(cluster9=1|cluster6=1) * P(cluster7=1|cluster10=1) * P(cluster10=1|cluster6=1) * P(cluster6=1|cluster2=1) * P(cluster2=1|cluster3=1) * P(cluster3=1|cluster8=1)[0.0524288]=0.0104858
binkey=119 [Edge status: 1 1 1 0 1 1 1 0 ] P(G)=P(cluster8=1)[0.2] * P(cluster1=0|cluster2=1) * P(cluster9=1|cluster6=1) * P(cluster7=0|cluster10=1) * P(cluster10=1|cluster6=1) * P(cluster6=1|cluster2=1) * P(cluster2=1|cluster3=1) * P(cluster3=1|cluster8=1)[0.0131072]=0.00262144
binkey=215 [Edge status: 1 1 1 0 1 0 1 1 ] P(G)=P(cluster8=1)[0.2] * P(cluster1=0|cluster2=1) * P(cluster9=0|cluster6=1) * P(cluster7=1|cluster10=1) * P(cluster10=1|cluster6=1) * P(cluster6=1|cluster2=1) * P(cluster2=1|cluster3=1) * P(cluster3=1|cluster8=1)[0.0131072]=0.00262144
binkey=87 [Edge status: 1 1 1 0 1 0 1 0 ] P(G)=P(cluster8=1)[0.2] * P(cluster1=0|cluster2=1) * P(cluster9=0|cluster6=1) * P(cluster7=0|cluster10=1) * P(cluster10=1|cluster6=1) * P(cluster6=1|cluster2=1) * P(cluster2=1|cluster3=1) * P(cluster3=1|cluster8=1)[0.0032768]=0.00065536
binkey=55 [Edge status: 1 1 1 0 1 1 0 0 ] P(G)=P(cluster8=1)[0.2] * P(cluster1=0|cluster2=1) * P(cluster9=1|cluster6=1) * P(cluster7=0|cluster10=0) * P(cluster10=0|cluster6=1) * P(cluster6=1|cluster2=1) * P(cluster2=1|cluster3=1) * P(cluster3=1|cluster8=1)[0.0131072]=0.00262144
binkey=23 [Edge status: 1 1 1 0 1 0 0 0 ] P(G)=P(cluster8=1)[0.2] * P(cluster1=0|cluster2=1) * P(cluster9=0|cluster6=1) * P(cluster7=0|cluster10=0) * P(cluster10=0|cluster6=1) * P(cluster6=1|cluster2=1) * P(cluster2=1|cluster3=1) * P(cluster3=1|cluster8=1)[0.0032768]=0.00065536
ITERATION 0 newScore=-2.73218e+06 diffscore=21021.2 priorChange=-103.972 successMove=54
ITERATION 1 newScore=-2.71978e+06 diffscore=12403 priorChange=-117.835 successMove=52
ITERATION 2 newScore=-2.71499e+06 diffscore=4792.6 priorChange=-119.221 successMove=54
ITERATION 3 newScore=-2.71247e+06 diffscore=2517.28 priorChange=-119.221 successMove=52
ITERATION 4 newScore=-2.70739e+06 diffscore=5077.02 priorChange=-126.153 successMove=52
ITERATION 5 newScore=-2.70323e+06 diffscore=4157.93 priorChange=-112.29 successMove=51
ITERATION 6 newScore=-2.69908e+06 diffscore=4152.78 priorChange=-116.449 successMove=53
ITERATION 7 newScore=-2.69563e+06 diffscore=3454.82 priorChange=-121.994 successMove=51
ITERATION 8 newScore=-2.69093e+06 diffscore=4692.49 priorChange=-102.586 successMove=57
ITERATION 9 newScore=-2.69009e+06 diffscore=840.943 priorChange=-106.745 successMove=52
ITERATION 10 newScore=-2.68609e+06 diffscore=4004.98 priorChange=-116.449 successMove=50
ITERATION 11 newScore=-2.68181e+06 diffscore=4280.86 priorChange=-121.994 successMove=50
binkey=252 [Edge status: 0 0 1 1 1 1 1 1 ] P(G)=P(cluster8=0)[0.8] * P(cluster1=1|cluster2=1) * P(cluster9=1|cluster6=1) * P(cluster7=1|cluster10=1) * P(cluster10=1|cluster6=1) * P(cluster6=1|cluster2=1) * P(cluster2=1|cluster3=0) * P(cluster3=0|cluster8=0)[0.0524288]=0.041943
ITERATION 12 newScore=-2.6778e+06 diffscore=4009.7 priorChange=-102.586 successMove=53
ITERATION 13 newScore=-2.67433e+06 diffscore=3467.93 priorChange=-123.38 successMove=53
ITERATION 14 newScore=-2.67256e+06 diffscore=1773.85 priorChange=-113.676 successMove=51
ITERATION 15 newScore=-2.6709e+06 diffscore=1654.68 priorChange=-124.766 successMove=50
ITERATION 16 newScore=-2.6669e+06 diffscore=4003.26 priorChange=-119.221 successMove=49
ITERATION 17 newScore=-2.66514e+06 diffscore=1758.56 priorChange=-112.29 successMove=50
ITERATION 18 newScore=-2.66201e+06 diffscore=3124.95 priorChange=-119.221 successMove=50
ITERATION 19 newScore=-2.65795e+06 diffscore=4069.17 priorChange=-133.084 successMove=51
ITERATION 20 newScore=-2.65739e+06 diffscore=560.107 priorChange=-119.221 successMove=50
ITERATION 21 newScore=-2.65685e+06 diffscore=530.883 priorChange=-117.835 successMove=49
ITERATION 22 newScore=-2.65553e+06 diffscore=1326.66 priorChange=-106.745 successMove=49
ITERATION 23 newScore=-2.65413e+06 diffscore=1396.4 priorChange=-120.608 successMove=51
ITERATION 24 newScore=-2.65354e+06 diffscore=588.426 priorChange=-117.835 successMove=50
ITERATION 25 newScore=-2.65144e+06 diffscore=2101.49 priorChange=-113.676 successMove=50
ITERATION 26 newScore=-2.64905e+06 diffscore=2395.28 priorChange=-102.586 successMove=49
ITERATION 27 newScore=-2.64617e+06 diffscore=2879.34 priorChange=-109.517 successMove=52
ITERATION 28 newScore=-2.64294e+06 diffscore=3223.45 priorChange=-102.586 successMove=51
ITERATION 29 newScore=-2.64079e+06 diffscore=2156.82 priorChange=-109.517 successMove=50
ITERATION 30 newScore=-2.64039e+06 diffscore=398.832 priorChange=-131.698 successMove=50
ITERATION 31 newScore=-2.64002e+06 diffscore=371.875 priorChange=-120.608 successMove=49
ITERATION 32 newScore=-2.63965e+06 diffscore=362.766 priorChange=-115.062 successMove=49
ITERATION 33 newScore=-2.63899e+06 diffscore=662.781 priorChange=-99.8132 successMove=50
ITERATION 34 newScore=-2.63856e+06 diffscore=426.128 priorChange=-103.972 successMove=48
ITERATION 35 newScore=-2.63817e+06 diffscore=395.729 priorChange=-105.358 successMove=49
ITERATION 36 newScore=-2.63772e+06 diffscore=450.267 priorChange=-103.972 successMove=47
ITERATION 37 newScore=-2.6372e+06 diffscore=522.8 priorChange=-113.676 successMove=48
ITERATION 38 newScore=-2.63409e+06 diffscore=3109.48 priorChange=-106.745 successMove=47
ITERATION 39 newScore=-2.63372e+06 diffscore=369.786 priorChange=-102.586 successMove=47
ITERATION 40 newScore=-2.63322e+06 diffscore=498.133 priorChange=-108.131 successMove=47
ITERATION 41 newScore=-2.63272e+06 diffscore=495.192 priorChange=-110.904 successMove=49
ITERATION 42 newScore=-2.6309e+06 diffscore=1817.94 priorChange=-120.608 successMove=46
ITERATION 43 newScore=-2.62926e+06 diffscore=1648.77 priorChange=-98.4269 successMove=48
ITERATION 44 newScore=-2.6289e+06 diffscore=355.741 priorChange=-87.3365 successMove=46
ITERATION 45 newScore=-2.62855e+06 diffscore=352.499 priorChange=-91.4954 successMove=48
ITERATION 46 newScore=-2.62781e+06 diffscore=742.089 priorChange=-87.3365 successMove=48
ITERATION 47 newScore=-2.62749e+06 diffscore=319.447 priorChange=-85.9503 successMove=46
ITERATION 48 newScore=-2.62582e+06 diffscore=1661.85 priorChange=-91.4954 successMove=44
ITERATION 49 newScore=-2.62543e+06 diffscore=395.973 priorChange=-95.6543 successMove=46
ITERATION 50 newScore=-2.62492e+06 diffscore=509.485 priorChange=-102.586 successMove=43
ITERATION 51 newScore=-2.62443e+06 diffscore=488.736 priorChange=-80.4051 successMove=42
ITERATION 52 newScore=-2.62303e+06 diffscore=1401.57 priorChange=-84.564 successMove=42
ITERATION 53 newScore=-2.62027e+06 diffscore=2754.37 priorChange=-69.3147 successMove=40
ITERATION 54 newScore=-2.61903e+06 diffscore=1240.16 priorChange=-72.0873 successMove=39
ITERATION 55 newScore=-2.61736e+06 diffscore=1672.11 priorChange=-74.8599 successMove=39
ITERATION 56 newScore=-2.61546e+06 diffscore=1897.79 priorChange=-65.1558 successMove=36
ITERATION 57 newScore=-2.61394e+06 diffscore=1524.7 priorChange=-63.7695 successMove=37
ITERATION 58 newScore=-2.61107e+06 diffscore=2873.8 priorChange=-73.4736 successMove=35
ITERATION 59 newScore=-2.60966e+06 diffscore=1400.98 priorChange=-69.3147 successMove=34
ITERATION 60 newScore=-2.60952e+06 diffscore=144.875 priorChange=-63.7695 successMove=34
ITERATION 61 newScore=-2.60938e+06 diffscore=142.324 priorChange=-62.3832 successMove=31
ITERATION 62 newScore=-2.60922e+06 diffscore=154.082 priorChange=-58.2244 successMove=31
ITERATION 63 newScore=-2.609e+06 diffscore=220.049 priorChange=-79.0188 successMove=32
ITERATION 64 newScore=-2.60876e+06 diffscore=247.929 priorChange=-76.2462 successMove=32
ITERATION 65 newScore=-2.60849e+06 diffscore=265.966 priorChange=-58.2244 successMove=32
ITERATION 66 newScore=-2.60693e+06 diffscore=1557.85 priorChange=-54.0655 successMove=31
ITERATION 67 newScore=-2.60491e+06 diffscore=2022.03 priorChange=-83.1777 successMove=31
ITERATION 68 newScore=-2.60362e+06 diffscore=1290.71 priorChange=-63.7695 successMove=29
ITERATION 69 newScore=-2.60345e+06 diffscore=164.037 priorChange=-62.3832 successMove=28
ITERATION 70 newScore=-2.60302e+06 diffscore=431.192 priorChange=-54.0655 successMove=28
ITERATION 71 newScore=-2.60285e+06 diffscore=171.971 priorChange=-51.2929 successMove=26
ITERATION 72 newScore=-2.6027e+06 diffscore=154.74 priorChange=-47.134 successMove=26
ITERATION 73 newScore=-2.60163e+06 diffscore=1062.75 priorChange=-47.134 successMove=26
ITERATION 74 newScore=-2.60152e+06 diffscore=110.769 priorChange=-47.134 successMove=27
ITERATION 75 newScore=-2.60139e+06 diffscore=134.956 priorChange=-62.3832 successMove=25
ITERATION 76 newScore=-2.60126e+06 diffscore=130.164 priorChange=-60.997 successMove=25
ITERATION 77 newScore=-2.60113e+06 diffscore=126.809 priorChange=-49.9066 successMove=24
ITERATION 78 newScore=-2.60098e+06 diffscore=156.371 priorChange=-49.9066 successMove=26
ITERATION 79 newScore=-2.60083e+06 diffscore=148.724 priorChange=-45.7477 successMove=23
ITERATION 80 newScore=-2.59964e+06 diffscore=1187.42 priorChange=-31.8848 successMove=22
ITERATION 81 newScore=-2.59947e+06 diffscore=173.604 priorChange=-40.2025 successMove=20
ITERATION 82 newScore=-2.59869e+06 diffscore=775.389 priorChange=-36.0437 successMove=20
ITERATION 83 newScore=-2.5974e+06 diffscore=1286.17 priorChange=-23.567 successMove=18
ITERATION 84 newScore=-2.59733e+06 diffscore=72.7739 priorChange=-33.2711 successMove=18
ITERATION 85 newScore=-2.59727e+06 diffscore=59.1317 priorChange=-30.4985 successMove=17
ITERATION 86 newScore=-2.59722e+06 diffscore=48.4795 priorChange=-22.1807 successMove=17
ITERATION 87 newScore=-2.59717e+06 diffscore=51.4786 priorChange=-23.567 successMove=17
ITERATION 88 newScore=-2.59713e+06 diffscore=44.7448 priorChange=-23.567 successMove=15
ITERATION 89 newScore=-2.59708e+06 diffscore=50.9721 priorChange=-23.567 successMove=14
ITERATION 90 newScore=-2.597e+06 diffscore=72.9578 priorChange=-19.4081 successMove=14
ITERATION 91 newScore=-2.59688e+06 diffscore=123.306 priorChange=-22.1807 successMove=12
ITERATION 92 newScore=-2.5967e+06 diffscore=177.074 priorChange=-20.7944 successMove=12
ITERATION 93 newScore=-2.59652e+06 diffscore=183.01 priorChange=-19.4081 successMove=10
ITERATION 94 newScore=-2.59573e+06 diffscore=791.013 priorChange=-15.2492 successMove=10
ITERATION 95 newScore=-2.59556e+06 diffscore=168.765 priorChange=-19.4081 successMove=10
ITERATION 96 newScore=-2.59542e+06 diffscore=140.22 priorChange=-11.0904 successMove=10
ITERATION 97 newScore=-2.59534e+06 diffscore=77.8001 priorChange=-16.6355 successMove=10
ITERATION 98 newScore=-2.59527e+06 diffscore=76.148 priorChange=-12.4766 successMove=9
ITERATION 99 newScore=-2.59519e+06 diffscore=74.7686 priorChange=-16.6355 successMove=9
MetaLearner::dumpAllGraphs
Final Score -2.59519e+06
MetaLearner::start runtime: 1238091600 ms
Results/
Results/cluster3/
Results/cluster3/fold0/
Results/cluster3/fold0/modelparams.txt
Results/cluster3/fold0/var_mb_pw_k50.txt
Results/cluster7/
Results/cluster7/fold0/
Results/cluster7/fold0/modelparams.txt
Results/cluster7/fold0/var_mb_pw_k50.txt
Results/cluster2/
Results/cluster2/fold0/
Results/cluster2/fold0/modelparams.txt
Results/cluster2/fold0/var_mb_pw_k50.txt
Results/cluster9/
Results/cluster9/fold0/
Results/cluster9/fold0/modelparams.txt
Results/cluster9/fold0/var_mb_pw_k50.txt
Results/cluster6/
Results/cluster6/fold0/
Results/cluster6/fold0/modelparams.txt
Results/cluster6/fold0/var_mb_pw_k50.txt
Results/cluster1/
Results/cluster1/fold0/
Results/cluster1/fold0/modelparams.txt
Results/cluster1/fold0/var_mb_pw_k50.txt
Results/cluster10/
Results/cluster10/fold0/
Results/cluster10/fold0/modelparams.txt
Results/cluster10/fold0/var_mb_pw_k50.txt
Results/cluster8/
Results/cluster8/scoreFile.txt
Results/cluster8/fold0/
Results/cluster8/fold0/modelparams.txt
Results/cluster8/fold0/var_mb_pw_k50.txt
