./CVN -f config_condor.txt -x50 -v1 -l TFs_OGs.txt -n AllGenes77.txt -d celltype_tree_ancestor.txt -m testdata_ogids.txt -s celltype_order.txt -p 0.2 -c yes -b -4 -q 4
(cluster3|cluster8) p_maintain_edge=0.8 p_gain=0.2
(cluster2|cluster3) p_maintain_edge=0.8 p_gain=0.2
(cluster1|cluster2) p_maintain_edge=0.8 p_gain=0.2
(cluster6|cluster2) p_maintain_edge=0.8 p_gain=0.2
(cluster9|cluster6) p_maintain_edge=0.8 p_gain=0.2
(cluster10|cluster6) p_maintain_edge=0.8 p_gain=0.2
(cluster7|cluster10) p_maintain_edge=0.8 p_gain=0.2
speciesSet.size()=8 Root is cluster8
MappedOrthogroupReader::readSpeciesMapping() --- celltype_order.txt
MappedOrthogroupReader::readFile - testdata_ogids.txt
MappedOrthogroupReader::generateGeneOrthoMap()
MetaLearner::init_onefold() read:config_condor.txt
MetaLearner::setinputVariableNames number of variables: 2038
readEvidenceTable:cluster8.table
PotentialManager::loadEvidenceFromTable varCount=2038 sampleCount=348
motifNetwork.size() = 319
0=cluster8 motifNetwork=cluster8_network.txt
variable size=2038
readEvidenceTable:cluster3.table
PotentialManager::loadEvidenceFromTable varCount=2038 sampleCount=95
motifNetwork.size() = 326
1=cluster3 motifNetwork=cluster3_network.txt
variable size=2038
readEvidenceTable:cluster2.table
PotentialManager::loadEvidenceFromTable varCount=2038 sampleCount=386
motifNetwork.size() = 328
2=cluster2 motifNetwork=cluster2_network.txt
variable size=2038
readEvidenceTable:cluster1.table
PotentialManager::loadEvidenceFromTable varCount=2038 sampleCount=36
motifNetwork.size() = 322
3=cluster1 motifNetwork=cluster1_network.txt
variable size=2038
readEvidenceTable:cluster6.table
PotentialManager::loadEvidenceFromTable varCount=2038 sampleCount=524
motifNetwork.size() = 320
4=cluster6 motifNetwork=cluster6_network.txt
variable size=2038
readEvidenceTable:cluster9.table
PotentialManager::loadEvidenceFromTable varCount=2038 sampleCount=184
motifNetwork.size() = 327
5=cluster9 motifNetwork=cluster9_network.txt
variable size=2038
readEvidenceTable:cluster10.table
PotentialManager::loadEvidenceFromTable varCount=2038 sampleCount=165
motifNetwork.size() = 326
6=cluster10 motifNetwork=cluster10_network.txt
variable size=2038
readEvidenceTable:cluster7.table
PotentialManager::loadEvidenceFromTable varCount=2038 sampleCount=1032
motifNetwork.size() = 320
7=cluster7 motifNetwork=cluster7_network.txt
variable size=2038
-------------------------------------------------------------
MetaLearner::start
precomputeEmptyGraphPrior
binkey=0 [Edge status: 0 0 0 0 0 0 0 0 ] P(G)=P(cluster8=0)[0.8] * P(cluster1=0|cluster2=0) * P(cluster9=0|cluster6=0) * P(cluster7=0|cluster10=0) * P(cluster10=0|cluster6=0) * P(cluster6=0|cluster2=0) * P(cluster2=0|cluster3=0) * P(cluster3=0|cluster8=0)[0.209715]=0.167772
condsetMap_Tree
0 cluster8=0 cluster3=0 cluster2=0 cluster1=0 cluster6=0 cluster9=0 cluster10=0 cluster7=1
1 cluster8=0 cluster3=0 cluster2=0 cluster1=0 cluster6=0 cluster9=1 cluster10=0 cluster7=0
2 cluster8=0 cluster3=0 cluster2=0 cluster1=0 cluster6=0 cluster9=1 cluster10=0 cluster7=1
3 cluster8=0 cluster3=0 cluster2=0 cluster1=1 cluster6=0 cluster9=0 cluster10=0 cluster7=0
4 cluster8=0 cluster3=0 cluster2=0 cluster1=1 cluster6=0 cluster9=0 cluster10=0 cluster7=1
5 cluster8=0 cluster3=0 cluster2=0 cluster1=1 cluster6=0 cluster9=1 cluster10=0 cluster7=0
6 cluster8=0 cluster3=0 cluster2=0 cluster1=1 cluster6=0 cluster9=1 cluster10=0 cluster7=1
7 cluster8=0 cluster3=0 cluster2=0 cluster1=0 cluster6=0 cluster9=0 cluster10=1 cluster7=1
8 cluster8=0 cluster3=0 cluster2=0 cluster1=0 cluster6=0 cluster9=1 cluster10=1 cluster7=1
9 cluster8=0 cluster3=0 cluster2=0 cluster1=1 cluster6=0 cluster9=0 cluster10=1 cluster7=1
10 cluster8=0 cluster3=0 cluster2=0 cluster1=1 cluster6=0 cluster9=1 cluster10=1 cluster7=1
11 cluster8=0 cluster3=0 cluster2=0 cluster1=0 cluster6=1 cluster9=1 cluster10=1 cluster7=1
12 cluster8=0 cluster3=0 cluster2=0 cluster1=1 cluster6=1 cluster9=1 cluster10=1 cluster7=1
13 cluster8=0 cluster3=0 cluster2=1 cluster1=1 cluster6=1 cluster9=1 cluster10=1 cluster7=1
14 cluster8=0 cluster3=1 cluster2=1 cluster1=1 cluster6=1 cluster9=1 cluster10=1 cluster7=1
15 cluster8=1 cluster3=1 cluster2=1 cluster1=1 cluster6=1 cluster9=1 cluster10=1 cluster7=1
16 cluster8=1 cluster3=1 cluster2=1 cluster1=1 cluster6=1 cluster9=1 cluster10=1 cluster7=0
17 cluster8=1 cluster3=1 cluster2=1 cluster1=1 cluster6=1 cluster9=0 cluster10=1 cluster7=1
18 cluster8=1 cluster3=1 cluster2=1 cluster1=1 cluster6=1 cluster9=0 cluster10=1 cluster7=0
19 cluster8=1 cluster3=1 cluster2=1 cluster1=0 cluster6=1 cluster9=1 cluster10=1 cluster7=1
20 cluster8=1 cluster3=1 cluster2=1 cluster1=0 cluster6=1 cluster9=1 cluster10=1 cluster7=0
21 cluster8=1 cluster3=1 cluster2=1 cluster1=0 cluster6=1 cluster9=0 cluster10=1 cluster7=1
22 cluster8=1 cluster3=1 cluster2=1 cluster1=0 cluster6=1 cluster9=0 cluster10=1 cluster7=0
23 cluster8=1 cluster3=1 cluster2=1 cluster1=1 cluster6=1 cluster9=1 cluster10=0 cluster7=0
24 cluster8=1 cluster3=1 cluster2=1 cluster1=1 cluster6=1 cluster9=0 cluster10=0 cluster7=0
25 cluster8=1 cluster3=1 cluster2=1 cluster1=0 cluster6=1 cluster9=1 cluster10=0 cluster7=0
26 cluster8=1 cluster3=1 cluster2=1 cluster1=0 cluster6=1 cluster9=0 cluster10=0 cluster7=0
27 cluster8=1 cluster3=1 cluster2=1 cluster1=1 cluster6=0 cluster9=0 cluster10=0 cluster7=0
28 cluster8=1 cluster3=1 cluster2=1 cluster1=0 cluster6=0 cluster9=0 cluster10=0 cluster7=0
29 cluster8=1 cluster3=1 cluster2=0 cluster1=0 cluster6=0 cluster9=0 cluster10=0 cluster7=0
30 cluster8=1 cluster3=0 cluster2=0 cluster1=0 cluster6=0 cluster9=0 cluster10=0 cluster7=0
31 cluster8=0 cluster3=0 cluster2=0 cluster1=0 cluster6=1 cluster9=0 cluster10=0 cluster7=0
32 cluster8=0 cluster3=0 cluster2=1 cluster1=0 cluster6=0 cluster9=0 cluster10=0 cluster7=0
33 cluster8=0 cluster3=0 cluster2=0 cluster1=0 cluster6=0 cluster9=0 cluster10=1 cluster7=0
34 cluster8=0 cluster3=1 cluster2=0 cluster1=0 cluster6=0 cluster9=0 cluster10=0 cluster7=0
inputRegulatorOGs.size() = 1999 inputOGList.size() = 50
binkey=128 [Edge status: 0 0 0 0 0 0 0 1 ] P(G)=P(cluster8=0)[0.8] * P(cluster1=0|cluster2=0) * P(cluster9=0|cluster6=0) * P(cluster7=1|cluster10=0) * P(cluster10=0|cluster6=0) * P(cluster6=0|cluster2=0) * P(cluster2=0|cluster3=0) * P(cluster3=0|cluster8=0)[0.0524288]=0.041943
binkey=64 [Edge status: 0 0 0 0 0 0 1 0 ] P(G)=P(cluster8=0)[0.8] * P(cluster1=0|cluster2=0) * P(cluster9=0|cluster6=0) * P(cluster7=0|cluster10=1) * P(cluster10=1|cluster6=0) * P(cluster6=0|cluster2=0) * P(cluster2=0|cluster3=0) * P(cluster3=0|cluster8=0)[0.0131072]=0.0104858
binkey=1 [Edge status: 1 0 0 0 0 0 0 0 ] P(G)=P(cluster8=1)[0.2] * P(cluster1=0|cluster2=0) * P(cluster9=0|cluster6=0) * P(cluster7=0|cluster10=0) * P(cluster10=0|cluster6=0) * P(cluster6=0|cluster2=0) * P(cluster2=0|cluster3=0) * P(cluster3=0|cluster8=1)[0.0524288]=0.0104858
binkey=4 [Edge status: 0 0 1 0 0 0 0 0 ] P(G)=P(cluster8=0)[0.8] * P(cluster1=0|cluster2=1) * P(cluster9=0|cluster6=0) * P(cluster7=0|cluster10=0) * P(cluster10=0|cluster6=0) * P(cluster6=0|cluster2=1) * P(cluster2=1|cluster3=0) * P(cluster3=0|cluster8=0)[0.0032768]=0.00262144
binkey=32 [Edge status: 0 0 0 0 0 1 0 0 ] P(G)=P(cluster8=0)[0.8] * P(cluster1=0|cluster2=0) * P(cluster9=1|cluster6=0) * P(cluster7=0|cluster10=0) * P(cluster10=0|cluster6=0) * P(cluster6=0|cluster2=0) * P(cluster2=0|cluster3=0) * P(cluster3=0|cluster8=0)[0.0524288]=0.041943
binkey=8 [Edge status: 0 0 0 1 0 0 0 0 ] P(G)=P(cluster8=0)[0.8] * P(cluster1=1|cluster2=0) * P(cluster9=0|cluster6=0) * P(cluster7=0|cluster10=0) * P(cluster10=0|cluster6=0) * P(cluster6=0|cluster2=0) * P(cluster2=0|cluster3=0) * P(cluster3=0|cluster8=0)[0.0524288]=0.041943
binkey=16 [Edge status: 0 0 0 0 1 0 0 0 ] P(G)=P(cluster8=0)[0.8] * P(cluster1=0|cluster2=0) * P(cluster9=0|cluster6=1) * P(cluster7=0|cluster10=0) * P(cluster10=0|cluster6=1) * P(cluster6=1|cluster2=0) * P(cluster2=0|cluster3=0) * P(cluster3=0|cluster8=0)[0.0032768]=0.00262144
binkey=160 [Edge status: 0 0 0 0 0 1 0 1 ] P(G)=P(cluster8=0)[0.8] * P(cluster1=0|cluster2=0) * P(cluster9=1|cluster6=0) * P(cluster7=1|cluster10=0) * P(cluster10=0|cluster6=0) * P(cluster6=0|cluster2=0) * P(cluster2=0|cluster3=0) * P(cluster3=0|cluster8=0)[0.0131072]=0.0104858
binkey=192 [Edge status: 0 0 0 0 0 0 1 1 ] P(G)=P(cluster8=0)[0.8] * P(cluster1=0|cluster2=0) * P(cluster9=0|cluster6=0) * P(cluster7=1|cluster10=1) * P(cluster10=1|cluster6=0) * P(cluster6=0|cluster2=0) * P(cluster2=0|cluster3=0) * P(cluster3=0|cluster8=0)[0.0524288]=0.041943
binkey=40 [Edge status: 0 0 0 1 0 1 0 0 ] P(G)=P(cluster8=0)[0.8] * P(cluster1=1|cluster2=0) * P(cluster9=1|cluster6=0) * P(cluster7=0|cluster10=0) * P(cluster10=0|cluster6=0) * P(cluster6=0|cluster2=0) * P(cluster2=0|cluster3=0) * P(cluster3=0|cluster8=0)[0.0131072]=0.0104858
binkey=2 [Edge status: 0 1 0 0 0 0 0 0 ] P(G)=P(cluster8=0)[0.8] * P(cluster1=0|cluster2=0) * P(cluster9=0|cluster6=0) * P(cluster7=0|cluster10=0) * P(cluster10=0|cluster6=0) * P(cluster6=0|cluster2=0) * P(cluster2=0|cluster3=1) * P(cluster3=1|cluster8=0)[0.0131072]=0.0104858
binkey=136 [Edge status: 0 0 0 1 0 0 0 1 ] P(G)=P(cluster8=0)[0.8] * P(cluster1=1|cluster2=0) * P(cluster9=0|cluster6=0) * P(cluster7=1|cluster10=0) * P(cluster10=0|cluster6=0) * P(cluster6=0|cluster2=0) * P(cluster2=0|cluster3=0) * P(cluster3=0|cluster8=0)[0.0131072]=0.0104858
binkey=224 [Edge status: 0 0 0 0 0 1 1 1 ] P(G)=P(cluster8=0)[0.8] * P(cluster1=0|cluster2=0) * P(cluster9=1|cluster6=0) * P(cluster7=1|cluster10=1) * P(cluster10=1|cluster6=0) * P(cluster6=0|cluster2=0) * P(cluster2=0|cluster3=0) * P(cluster3=0|cluster8=0)[0.0131072]=0.0104858
binkey=240 [Edge status: 0 0 0 0 1 1 1 1 ] P(G)=P(cluster8=0)[0.8] * P(cluster1=0|cluster2=0) * P(cluster9=1|cluster6=1) * P(cluster7=1|cluster10=1) * P(cluster10=1|cluster6=1) * P(cluster6=1|cluster2=0) * P(cluster2=0|cluster3=0) * P(cluster3=0|cluster8=0)[0.0524288]=0.041943
binkey=55 [Edge status: 1 1 1 0 1 1 0 0 ] P(G)=P(cluster8=1)[0.2] * P(cluster1=0|cluster2=1) * P(cluster9=1|cluster6=1) * P(cluster7=0|cluster10=0) * P(cluster10=0|cluster6=1) * P(cluster6=1|cluster2=1) * P(cluster2=1|cluster3=1) * P(cluster3=1|cluster8=1)[0.0131072]=0.00262144
binkey=23 [Edge status: 1 1 1 0 1 0 0 0 ] P(G)=P(cluster8=1)[0.2] * P(cluster1=0|cluster2=1) * P(cluster9=0|cluster6=1) * P(cluster7=0|cluster10=0) * P(cluster10=0|cluster6=1) * P(cluster6=1|cluster2=1) * P(cluster2=1|cluster3=1) * P(cluster3=1|cluster8=1)[0.0032768]=0.00065536
binkey=7 [Edge status: 1 1 1 0 0 0 0 0 ] P(G)=P(cluster8=1)[0.2] * P(cluster1=0|cluster2=1) * P(cluster9=0|cluster6=0) * P(cluster7=0|cluster10=0) * P(cluster10=0|cluster6=0) * P(cluster6=0|cluster2=1) * P(cluster2=1|cluster3=1) * P(cluster3=1|cluster8=1)[0.0131072]=0.00262144
binkey=3 [Edge status: 1 1 0 0 0 0 0 0 ] P(G)=P(cluster8=1)[0.2] * P(cluster1=0|cluster2=0) * P(cluster9=0|cluster6=0) * P(cluster7=0|cluster10=0) * P(cluster10=0|cluster6=0) * P(cluster6=0|cluster2=0) * P(cluster2=0|cluster3=1) * P(cluster3=1|cluster8=1)[0.0524288]=0.0104858
binkey=168 [Edge status: 0 0 0 1 0 1 0 1 ] P(G)=P(cluster8=0)[0.8] * P(cluster1=1|cluster2=0) * P(cluster9=1|cluster6=0) * P(cluster7=1|cluster10=0) * P(cluster10=0|cluster6=0) * P(cluster6=0|cluster2=0) * P(cluster2=0|cluster3=0) * P(cluster3=0|cluster8=0)[0.0032768]=0.00262144
binkey=200 [Edge status: 0 0 0 1 0 0 1 1 ] P(G)=P(cluster8=0)[0.8] * P(cluster1=1|cluster2=0) * P(cluster9=0|cluster6=0) * P(cluster7=1|cluster10=1) * P(cluster10=1|cluster6=0) * P(cluster6=0|cluster2=0) * P(cluster2=0|cluster3=0) * P(cluster3=0|cluster8=0)[0.0131072]=0.0104858
binkey=232 [Edge status: 0 0 0 1 0 1 1 1 ] P(G)=P(cluster8=0)[0.8] * P(cluster1=1|cluster2=0) * P(cluster9=1|cluster6=0) * P(cluster7=1|cluster10=1) * P(cluster10=1|cluster6=0) * P(cluster6=0|cluster2=0) * P(cluster2=0|cluster3=0) * P(cluster3=0|cluster8=0)[0.0032768]=0.00262144
binkey=248 [Edge status: 0 0 0 1 1 1 1 1 ] P(G)=P(cluster8=0)[0.8] * P(cluster1=1|cluster2=0) * P(cluster9=1|cluster6=1) * P(cluster7=1|cluster10=1) * P(cluster10=1|cluster6=1) * P(cluster6=1|cluster2=0) * P(cluster2=0|cluster3=0) * P(cluster3=0|cluster8=0)[0.0131072]=0.0104858
binkey=215 [Edge status: 1 1 1 0 1 0 1 1 ] P(G)=P(cluster8=1)[0.2] * P(cluster1=0|cluster2=1) * P(cluster9=0|cluster6=1) * P(cluster7=1|cluster10=1) * P(cluster10=1|cluster6=1) * P(cluster6=1|cluster2=1) * P(cluster2=1|cluster3=1) * P(cluster3=1|cluster8=1)[0.0131072]=0.00262144
binkey=87 [Edge status: 1 1 1 0 1 0 1 0 ] P(G)=P(cluster8=1)[0.2] * P(cluster1=0|cluster2=1) * P(cluster9=0|cluster6=1) * P(cluster7=0|cluster10=1) * P(cluster10=1|cluster6=1) * P(cluster6=1|cluster2=1) * P(cluster2=1|cluster3=1) * P(cluster3=1|cluster8=1)[0.0032768]=0.00065536
binkey=247 [Edge status: 1 1 1 0 1 1 1 1 ] P(G)=P(cluster8=1)[0.2] * P(cluster1=0|cluster2=1) * P(cluster9=1|cluster6=1) * P(cluster7=1|cluster10=1) * P(cluster10=1|cluster6=1) * P(cluster6=1|cluster2=1) * P(cluster2=1|cluster3=1) * P(cluster3=1|cluster8=1)[0.0524288]=0.0104858
binkey=119 [Edge status: 1 1 1 0 1 1 1 0 ] P(G)=P(cluster8=1)[0.2] * P(cluster1=0|cluster2=1) * P(cluster9=1|cluster6=1) * P(cluster7=0|cluster10=1) * P(cluster10=1|cluster6=1) * P(cluster6=1|cluster2=1) * P(cluster2=1|cluster3=1) * P(cluster3=1|cluster8=1)[0.0131072]=0.00262144
ITERATION 0 newScore=-2.74429e+06 diffscore=12358.4 priorChange=-108.131 successMove=66
ITERATION 1 newScore=-2.74205e+06 diffscore=2243.92 priorChange=-108.131 successMove=61
ITERATION 2 newScore=-2.73626e+06 diffscore=5791.51 priorChange=-120.608 successMove=54
ITERATION 3 newScore=-2.73528e+06 diffscore=979.446 priorChange=-117.835 successMove=57
ITERATION 4 newScore=-2.7311e+06 diffscore=4180.9 priorChange=-113.676 successMove=54
ITERATION 5 newScore=-2.73015e+06 diffscore=951.684 priorChange=-115.062 successMove=53
ITERATION 6 newScore=-2.72659e+06 diffscore=3556.19 priorChange=-112.29 successMove=53
ITERATION 7 newScore=-2.72234e+06 diffscore=4251.25 priorChange=-103.972 successMove=55
ITERATION 8 newScore=-2.71943e+06 diffscore=2907.96 priorChange=-105.358 successMove=53
ITERATION 9 newScore=-2.71534e+06 diffscore=4089.9 priorChange=-95.6543 successMove=53
ITERATION 10 newScore=-2.71447e+06 diffscore=871.847 priorChange=-92.8817 successMove=54
ITERATION 11 newScore=-2.7109e+06 diffscore=3565.98 priorChange=-99.8132 successMove=50
ITERATION 12 newScore=-2.70558e+06 diffscore=5328.55 priorChange=-99.8132 successMove=51
ITERATION 13 newScore=-2.70269e+06 diffscore=2884.21 priorChange=-110.904 successMove=51
ITERATION 14 newScore=-2.70097e+06 diffscore=1721.46 priorChange=-98.4269 successMove=51
ITERATION 15 newScore=-2.69894e+06 diffscore=2029.24 priorChange=-95.6543 successMove=49
ITERATION 16 newScore=-2.69806e+06 diffscore=882.965 priorChange=-106.745 successMove=51
ITERATION 17 newScore=-2.69677e+06 diffscore=1288.36 priorChange=-92.8817 successMove=48
ITERATION 18 newScore=-2.69286e+06 diffscore=3911.6 priorChange=-92.8817 successMove=47
ITERATION 19 newScore=-2.69171e+06 diffscore=1151.93 priorChange=-98.4269 successMove=47
ITERATION 20 newScore=-2.6913e+06 diffscore=405.808 priorChange=-90.1091 successMove=44
ITERATION 21 newScore=-2.6888e+06 diffscore=2504.05 priorChange=-80.4051 successMove=44
ITERATION 22 newScore=-2.68838e+06 diffscore=414.654 priorChange=-98.4269 successMove=45
ITERATION 23 newScore=-2.68648e+06 diffscore=1905.82 priorChange=-85.9503 successMove=45
ITERATION 24 newScore=-2.68381e+06 diffscore=2665.49 priorChange=-87.3365 successMove=46
ITERATION 25 newScore=-2.68298e+06 diffscore=825.215 priorChange=-87.3365 successMove=45
ITERATION 26 newScore=-2.68053e+06 diffscore=2451.41 priorChange=-74.8599 successMove=44
ITERATION 27 newScore=-2.67877e+06 diffscore=1759.77 priorChange=-91.4954 successMove=45
ITERATION 28 newScore=-2.67709e+06 diffscore=1679.4 priorChange=-98.4269 successMove=45
ITERATION 29 newScore=-2.67663e+06 diffscore=464.254 priorChange=-101.199 successMove=45
ITERATION 30 newScore=-2.67624e+06 diffscore=392.587 priorChange=-80.4051 successMove=44
ITERATION 31 newScore=-2.67569e+06 diffscore=544.752 priorChange=-95.6543 successMove=45
ITERATION 32 newScore=-2.67439e+06 diffscore=1298.3 priorChange=-77.6325 successMove=44
ITERATION 33 newScore=-2.67268e+06 diffscore=1716.93 priorChange=-84.564 successMove=42
ITERATION 34 newScore=-2.6707e+06 diffscore=1972.91 priorChange=-73.4736 successMove=42
ITERATION 35 newScore=-2.66895e+06 diffscore=1754.16 priorChange=-85.9503 successMove=42
ITERATION 36 newScore=-2.66679e+06 diffscore=2163.73 priorChange=-77.6325 successMove=42
ITERATION 37 newScore=-2.66511e+06 diffscore=1679.8 priorChange=-83.1777 successMove=43
ITERATION 38 newScore=-2.66471e+06 diffscore=400.818 priorChange=-87.3365 successMove=43
ITERATION 39 newScore=-2.66425e+06 diffscore=460.377 priorChange=-83.1777 successMove=42
ITERATION 40 newScore=-2.66302e+06 diffscore=1223.18 priorChange=-80.4051 successMove=41
ITERATION 41 newScore=-2.66153e+06 diffscore=1488.33 priorChange=-84.564 successMove=44
ITERATION 42 newScore=-2.66091e+06 diffscore=628.747 priorChange=-77.6325 successMove=41
ITERATION 43 newScore=-2.66053e+06 diffscore=378.887 priorChange=-77.6325 successMove=42
ITERATION 44 newScore=-2.65992e+06 diffscore=608.164 priorChange=-88.7228 successMove=39
ITERATION 45 newScore=-2.65673e+06 diffscore=3191.85 priorChange=-67.9284 successMove=38
ITERATION 46 newScore=-2.65602e+06 diffscore=706.266 priorChange=-72.0873 successMove=38
ITERATION 47 newScore=-2.65571e+06 diffscore=314.359 priorChange=-79.0188 successMove=38
ITERATION 48 newScore=-2.65404e+06 diffscore=1668.87 priorChange=-74.8599 successMove=38
ITERATION 49 newScore=-2.65356e+06 diffscore=476.542 priorChange=-79.0188 successMove=39
ITERATION 50 newScore=-2.65239e+06 diffscore=1170.99 priorChange=-74.8599 successMove=38
ITERATION 51 newScore=-2.65217e+06 diffscore=224.502 priorChange=-66.5421 successMove=38
ITERATION 52 newScore=-2.65185e+06 diffscore=318.358 priorChange=-70.701 successMove=37
ITERATION 53 newScore=-2.65107e+06 diffscore=774.319 priorChange=-66.5421 successMove=42
ITERATION 54 newScore=-2.65048e+06 diffscore=587.527 priorChange=-66.5421 successMove=36
ITERATION 55 newScore=-2.65029e+06 diffscore=195.097 priorChange=-69.3147 successMove=35
ITERATION 56 newScore=-2.65007e+06 diffscore=221.856 priorChange=-66.5421 successMove=31
ITERATION 57 newScore=-2.6498e+06 diffscore=268.636 priorChange=-56.8381 successMove=32
ITERATION 58 newScore=-2.64889e+06 diffscore=905.34 priorChange=-55.4518 successMove=30
ITERATION 59 newScore=-2.64862e+06 diffscore=273.535 priorChange=-49.9066 successMove=30
ITERATION 60 newScore=-2.64839e+06 diffscore=234.955 priorChange=-42.9751 successMove=29
ITERATION 61 newScore=-2.64819e+06 diffscore=198.73 priorChange=-60.997 successMove=29
ITERATION 62 newScore=-2.64705e+06 diffscore=1135.12 priorChange=-56.8381 successMove=28
ITERATION 63 newScore=-2.64538e+06 diffscore=1674.4 priorChange=-58.2244 successMove=28
ITERATION 64 newScore=-2.64385e+06 diffscore=1525.26 priorChange=-65.1558 successMove=28
ITERATION 65 newScore=-2.64233e+06 diffscore=1519.04 priorChange=-69.3147 successMove=27
ITERATION 66 newScore=-2.64217e+06 diffscore=162.184 priorChange=-60.997 successMove=28
ITERATION 67 newScore=-2.64169e+06 diffscore=476.396 priorChange=-55.4518 successMove=26
ITERATION 68 newScore=-2.64149e+06 diffscore=204.326 priorChange=-52.6792 successMove=26
ITERATION 69 newScore=-2.64055e+06 diffscore=939.766 priorChange=-56.8381 successMove=25
ITERATION 70 newScore=-2.64035e+06 diffscore=197.333 priorChange=-49.9066 successMove=26
ITERATION 71 newScore=-2.6393e+06 diffscore=1056.54 priorChange=-47.134 successMove=25
ITERATION 72 newScore=-2.6374e+06 diffscore=1891.4 priorChange=-47.134 successMove=24
ITERATION 73 newScore=-2.63723e+06 diffscore=170.859 priorChange=-67.9284 successMove=24
ITERATION 74 newScore=-2.63595e+06 diffscore=1287.92 priorChange=-44.3614 successMove=22
ITERATION 75 newScore=-2.63576e+06 diffscore=183.342 priorChange=-41.5888 successMove=21
ITERATION 76 newScore=-2.63563e+06 diffscore=131.666 priorChange=-41.5888 successMove=20
ITERATION 77 newScore=-2.6344e+06 diffscore=1229.72 priorChange=-36.0437 successMove=17
ITERATION 78 newScore=-2.63424e+06 diffscore=162.711 priorChange=-33.2711 successMove=16
ITERATION 79 newScore=-2.63409e+06 diffscore=150.383 priorChange=-31.8848 successMove=16
ITERATION 80 newScore=-2.63304e+06 diffscore=1047.78 priorChange=-41.5888 successMove=16
ITERATION 81 newScore=-2.63293e+06 diffscore=107.573 priorChange=-24.9533 successMove=16
ITERATION 82 newScore=-2.63282e+06 diffscore=115.653 priorChange=-33.2711 successMove=16
ITERATION 83 newScore=-2.63258e+06 diffscore=241.906 priorChange=-30.4985 successMove=16
ITERATION 84 newScore=-2.63244e+06 diffscore=138.232 priorChange=-36.0437 successMove=16
ITERATION 85 newScore=-2.63233e+06 diffscore=108.786 priorChange=-23.567 successMove=14
ITERATION 86 newScore=-2.63217e+06 diffscore=159.299 priorChange=-24.9533 successMove=15
ITERATION 87 newScore=-2.63157e+06 diffscore=603.69 priorChange=-27.7259 successMove=13
ITERATION 88 newScore=-2.63102e+06 diffscore=547.678 priorChange=-16.6355 successMove=13
ITERATION 89 newScore=-2.63085e+06 diffscore=162.943 priorChange=-19.4081 successMove=12
ITERATION 90 newScore=-2.62961e+06 diffscore=1242.08 priorChange=-18.0218 successMove=12
ITERATION 91 newScore=-2.62877e+06 diffscore=844.224 priorChange=-22.1807 successMove=12
ITERATION 92 newScore=-2.62873e+06 diffscore=37.7709 priorChange=-19.4081 successMove=9
ITERATION 93 newScore=-2.62867e+06 diffscore=65.1869 priorChange=-16.6355 successMove=9
ITERATION 94 newScore=-2.62863e+06 diffscore=32.221 priorChange=-12.4766 successMove=8
ITERATION 95 newScore=-2.62861e+06 diffscore=27.9135 priorChange=-15.2492 successMove=7
ITERATION 96 newScore=-2.6285e+06 diffscore=102.755 priorChange=-19.4081 successMove=7
ITERATION 97 newScore=-2.62847e+06 diffscore=37.1064 priorChange=-15.2492 successMove=6
ITERATION 98 newScore=-2.62842e+06 diffscore=43.8589 priorChange=-12.4766 successMove=6
ITERATION 99 newScore=-2.62839e+06 diffscore=34.0195 priorChange=-12.4766 successMove=6
MetaLearner::dumpAllGraphs
Final Score -2.62839e+06
MetaLearner::start runtime: 1575213682 ms
Results/
Results/cluster1/
Results/cluster1/fold0/
Results/cluster1/fold0/modelparams.txt
Results/cluster1/fold0/var_mb_pw_k50.txt
Results/cluster3/
Results/cluster3/fold0/
Results/cluster3/fold0/modelparams.txt
Results/cluster3/fold0/var_mb_pw_k50.txt
Results/cluster10/
Results/cluster10/fold0/
Results/cluster10/fold0/modelparams.txt
Results/cluster10/fold0/var_mb_pw_k50.txt
Results/cluster7/
Results/cluster7/fold0/
Results/cluster7/fold0/modelparams.txt
Results/cluster7/fold0/var_mb_pw_k50.txt
Results/cluster6/
Results/cluster6/fold0/
Results/cluster6/fold0/modelparams.txt
Results/cluster6/fold0/var_mb_pw_k50.txt
Results/cluster8/
Results/cluster8/scoreFile.txt
Results/cluster8/fold0/
Results/cluster8/fold0/modelparams.txt
Results/cluster8/fold0/var_mb_pw_k50.txt
Results/cluster2/
Results/cluster2/fold0/
Results/cluster2/fold0/modelparams.txt
Results/cluster2/fold0/var_mb_pw_k50.txt
Results/cluster9/
Results/cluster9/fold0/
Results/cluster9/fold0/modelparams.txt
Results/cluster9/fold0/var_mb_pw_k50.txt
