./CVN -f config_condor.txt -x50 -v1 -l TFs_OGs.txt -n AllGenes195.txt -d celltype_tree_ancestor.txt -m testdata_ogids.txt -s celltype_order.txt -p 0.2 -c yes -b -4 -q 4
(cluster3|cluster8) p_maintain_edge=0.8 p_gain=0.2
(cluster2|cluster3) p_maintain_edge=0.8 p_gain=0.2
(cluster1|cluster2) p_maintain_edge=0.8 p_gain=0.2
(cluster6|cluster2) p_maintain_edge=0.8 p_gain=0.2
(cluster9|cluster6) p_maintain_edge=0.8 p_gain=0.2
(cluster10|cluster6) p_maintain_edge=0.8 p_gain=0.2
(cluster7|cluster10) p_maintain_edge=0.8 p_gain=0.2
speciesSet.size()=8 Root is cluster8
MappedOrthogroupReader::readSpeciesMapping() --- celltype_order.txt
MappedOrthogroupReader::readFile - testdata_ogids.txt
MappedOrthogroupReader::generateGeneOrthoMap()
MetaLearner::init_onefold() read:config_condor.txt
MetaLearner::setinputVariableNames number of variables: 2034
readEvidenceTable:cluster8.table
PotentialManager::loadEvidenceFromTable varCount=2034 sampleCount=348
motifNetwork.size() = 319
0=cluster8 motifNetwork=cluster8_network.txt
variable size=2034
readEvidenceTable:cluster3.table
PotentialManager::loadEvidenceFromTable varCount=2034 sampleCount=95
motifNetwork.size() = 326
1=cluster3 motifNetwork=cluster3_network.txt
variable size=2034
readEvidenceTable:cluster2.table
PotentialManager::loadEvidenceFromTable varCount=2034 sampleCount=386
motifNetwork.size() = 328
2=cluster2 motifNetwork=cluster2_network.txt
variable size=2034
readEvidenceTable:cluster1.table
PotentialManager::loadEvidenceFromTable varCount=2034 sampleCount=36
motifNetwork.size() = 322
3=cluster1 motifNetwork=cluster1_network.txt
variable size=2034
readEvidenceTable:cluster6.table
PotentialManager::loadEvidenceFromTable varCount=2034 sampleCount=524
motifNetwork.size() = 320
4=cluster6 motifNetwork=cluster6_network.txt
variable size=2034
readEvidenceTable:cluster9.table
PotentialManager::loadEvidenceFromTable varCount=2034 sampleCount=184
motifNetwork.size() = 327
5=cluster9 motifNetwork=cluster9_network.txt
variable size=2034
readEvidenceTable:cluster10.table
PotentialManager::loadEvidenceFromTable varCount=2034 sampleCount=165
motifNetwork.size() = 326
6=cluster10 motifNetwork=cluster10_network.txt
variable size=2034
readEvidenceTable:cluster7.table
PotentialManager::loadEvidenceFromTable varCount=2034 sampleCount=1032
motifNetwork.size() = 320
7=cluster7 motifNetwork=cluster7_network.txt
variable size=2034
-------------------------------------------------------------
MetaLearner::start
precomputeEmptyGraphPrior
binkey=0 [Edge status: 0 0 0 0 0 0 0 0 ] P(G)=P(cluster8=0)[0.8] * P(cluster1=0|cluster2=0) * P(cluster9=0|cluster6=0) * P(cluster7=0|cluster10=0) * P(cluster10=0|cluster6=0) * P(cluster6=0|cluster2=0) * P(cluster2=0|cluster3=0) * P(cluster3=0|cluster8=0)[0.209715]=0.167772
condsetMap_Tree
0 cluster8=0 cluster3=0 cluster2=0 cluster1=0 cluster6=0 cluster9=0 cluster10=0 cluster7=1
1 cluster8=0 cluster3=0 cluster2=0 cluster1=0 cluster6=0 cluster9=1 cluster10=0 cluster7=0
2 cluster8=0 cluster3=0 cluster2=0 cluster1=0 cluster6=0 cluster9=1 cluster10=0 cluster7=1
3 cluster8=0 cluster3=0 cluster2=0 cluster1=1 cluster6=0 cluster9=0 cluster10=0 cluster7=0
4 cluster8=0 cluster3=0 cluster2=0 cluster1=1 cluster6=0 cluster9=0 cluster10=0 cluster7=1
5 cluster8=0 cluster3=0 cluster2=0 cluster1=1 cluster6=0 cluster9=1 cluster10=0 cluster7=0
6 cluster8=0 cluster3=0 cluster2=0 cluster1=1 cluster6=0 cluster9=1 cluster10=0 cluster7=1
7 cluster8=0 cluster3=0 cluster2=0 cluster1=0 cluster6=0 cluster9=0 cluster10=1 cluster7=1
8 cluster8=0 cluster3=0 cluster2=0 cluster1=0 cluster6=0 cluster9=1 cluster10=1 cluster7=1
9 cluster8=0 cluster3=0 cluster2=0 cluster1=1 cluster6=0 cluster9=0 cluster10=1 cluster7=1
10 cluster8=0 cluster3=0 cluster2=0 cluster1=1 cluster6=0 cluster9=1 cluster10=1 cluster7=1
11 cluster8=0 cluster3=0 cluster2=0 cluster1=0 cluster6=1 cluster9=1 cluster10=1 cluster7=1
12 cluster8=0 cluster3=0 cluster2=0 cluster1=1 cluster6=1 cluster9=1 cluster10=1 cluster7=1
13 cluster8=0 cluster3=0 cluster2=1 cluster1=1 cluster6=1 cluster9=1 cluster10=1 cluster7=1
14 cluster8=0 cluster3=1 cluster2=1 cluster1=1 cluster6=1 cluster9=1 cluster10=1 cluster7=1
15 cluster8=1 cluster3=1 cluster2=1 cluster1=1 cluster6=1 cluster9=1 cluster10=1 cluster7=1
16 cluster8=1 cluster3=1 cluster2=1 cluster1=1 cluster6=1 cluster9=1 cluster10=1 cluster7=0
17 cluster8=1 cluster3=1 cluster2=1 cluster1=1 cluster6=1 cluster9=0 cluster10=1 cluster7=1
18 cluster8=1 cluster3=1 cluster2=1 cluster1=1 cluster6=1 cluster9=0 cluster10=1 cluster7=0
19 cluster8=1 cluster3=1 cluster2=1 cluster1=0 cluster6=1 cluster9=1 cluster10=1 cluster7=1
20 cluster8=1 cluster3=1 cluster2=1 cluster1=0 cluster6=1 cluster9=1 cluster10=1 cluster7=0
21 cluster8=1 cluster3=1 cluster2=1 cluster1=0 cluster6=1 cluster9=0 cluster10=1 cluster7=1
22 cluster8=1 cluster3=1 cluster2=1 cluster1=0 cluster6=1 cluster9=0 cluster10=1 cluster7=0
23 cluster8=1 cluster3=1 cluster2=1 cluster1=1 cluster6=1 cluster9=1 cluster10=0 cluster7=0
24 cluster8=1 cluster3=1 cluster2=1 cluster1=1 cluster6=1 cluster9=0 cluster10=0 cluster7=0
25 cluster8=1 cluster3=1 cluster2=1 cluster1=0 cluster6=1 cluster9=1 cluster10=0 cluster7=0
26 cluster8=1 cluster3=1 cluster2=1 cluster1=0 cluster6=1 cluster9=0 cluster10=0 cluster7=0
27 cluster8=1 cluster3=1 cluster2=1 cluster1=1 cluster6=0 cluster9=0 cluster10=0 cluster7=0
28 cluster8=1 cluster3=1 cluster2=1 cluster1=0 cluster6=0 cluster9=0 cluster10=0 cluster7=0
29 cluster8=1 cluster3=1 cluster2=0 cluster1=0 cluster6=0 cluster9=0 cluster10=0 cluster7=0
30 cluster8=1 cluster3=0 cluster2=0 cluster1=0 cluster6=0 cluster9=0 cluster10=0 cluster7=0
31 cluster8=0 cluster3=0 cluster2=0 cluster1=0 cluster6=1 cluster9=0 cluster10=0 cluster7=0
32 cluster8=0 cluster3=0 cluster2=1 cluster1=0 cluster6=0 cluster9=0 cluster10=0 cluster7=0
33 cluster8=0 cluster3=0 cluster2=0 cluster1=0 cluster6=0 cluster9=0 cluster10=1 cluster7=0
34 cluster8=0 cluster3=1 cluster2=0 cluster1=0 cluster6=0 cluster9=0 cluster10=0 cluster7=0
inputRegulatorOGs.size() = 1999 inputOGList.size() = 50
binkey=128 [Edge status: 0 0 0 0 0 0 0 1 ] P(G)=P(cluster8=0)[0.8] * P(cluster1=0|cluster2=0) * P(cluster9=0|cluster6=0) * P(cluster7=1|cluster10=0) * P(cluster10=0|cluster6=0) * P(cluster6=0|cluster2=0) * P(cluster2=0|cluster3=0) * P(cluster3=0|cluster8=0)[0.0524288]=0.041943
binkey=4 [Edge status: 0 0 1 0 0 0 0 0 ] P(G)=P(cluster8=0)[0.8] * P(cluster1=0|cluster2=1) * P(cluster9=0|cluster6=0) * P(cluster7=0|cluster10=0) * P(cluster10=0|cluster6=0) * P(cluster6=0|cluster2=1) * P(cluster2=1|cluster3=0) * P(cluster3=0|cluster8=0)[0.0032768]=0.00262144
binkey=16 [Edge status: 0 0 0 0 1 0 0 0 ] P(G)=P(cluster8=0)[0.8] * P(cluster1=0|cluster2=0) * P(cluster9=0|cluster6=1) * P(cluster7=0|cluster10=0) * P(cluster10=0|cluster6=1) * P(cluster6=1|cluster2=0) * P(cluster2=0|cluster3=0) * P(cluster3=0|cluster8=0)[0.0032768]=0.00262144
binkey=1 [Edge status: 1 0 0 0 0 0 0 0 ] P(G)=P(cluster8=1)[0.2] * P(cluster1=0|cluster2=0) * P(cluster9=0|cluster6=0) * P(cluster7=0|cluster10=0) * P(cluster10=0|cluster6=0) * P(cluster6=0|cluster2=0) * P(cluster2=0|cluster3=0) * P(cluster3=0|cluster8=1)[0.0524288]=0.0104858
binkey=64 [Edge status: 0 0 0 0 0 0 1 0 ] P(G)=P(cluster8=0)[0.8] * P(cluster1=0|cluster2=0) * P(cluster9=0|cluster6=0) * P(cluster7=0|cluster10=1) * P(cluster10=1|cluster6=0) * P(cluster6=0|cluster2=0) * P(cluster2=0|cluster3=0) * P(cluster3=0|cluster8=0)[0.0131072]=0.0104858
binkey=2 [Edge status: 0 1 0 0 0 0 0 0 ] P(G)=P(cluster8=0)[0.8] * P(cluster1=0|cluster2=0) * P(cluster9=0|cluster6=0) * P(cluster7=0|cluster10=0) * P(cluster10=0|cluster6=0) * P(cluster6=0|cluster2=0) * P(cluster2=0|cluster3=1) * P(cluster3=1|cluster8=0)[0.0131072]=0.0104858
binkey=32 [Edge status: 0 0 0 0 0 1 0 0 ] P(G)=P(cluster8=0)[0.8] * P(cluster1=0|cluster2=0) * P(cluster9=1|cluster6=0) * P(cluster7=0|cluster10=0) * P(cluster10=0|cluster6=0) * P(cluster6=0|cluster2=0) * P(cluster2=0|cluster3=0) * P(cluster3=0|cluster8=0)[0.0524288]=0.041943
binkey=192 [Edge status: 0 0 0 0 0 0 1 1 ] P(G)=P(cluster8=0)[0.8] * P(cluster1=0|cluster2=0) * P(cluster9=0|cluster6=0) * P(cluster7=1|cluster10=1) * P(cluster10=1|cluster6=0) * P(cluster6=0|cluster2=0) * P(cluster2=0|cluster3=0) * P(cluster3=0|cluster8=0)[0.0524288]=0.041943
binkey=8 [Edge status: 0 0 0 1 0 0 0 0 ] P(G)=P(cluster8=0)[0.8] * P(cluster1=1|cluster2=0) * P(cluster9=0|cluster6=0) * P(cluster7=0|cluster10=0) * P(cluster10=0|cluster6=0) * P(cluster6=0|cluster2=0) * P(cluster2=0|cluster3=0) * P(cluster3=0|cluster8=0)[0.0524288]=0.041943
binkey=136 [Edge status: 0 0 0 1 0 0 0 1 ] P(G)=P(cluster8=0)[0.8] * P(cluster1=1|cluster2=0) * P(cluster9=0|cluster6=0) * P(cluster7=1|cluster10=0) * P(cluster10=0|cluster6=0) * P(cluster6=0|cluster2=0) * P(cluster2=0|cluster3=0) * P(cluster3=0|cluster8=0)[0.0131072]=0.0104858
binkey=40 [Edge status: 0 0 0 1 0 1 0 0 ] P(G)=P(cluster8=0)[0.8] * P(cluster1=1|cluster2=0) * P(cluster9=1|cluster6=0) * P(cluster7=0|cluster10=0) * P(cluster10=0|cluster6=0) * P(cluster6=0|cluster2=0) * P(cluster2=0|cluster3=0) * P(cluster3=0|cluster8=0)[0.0131072]=0.0104858
binkey=200 [Edge status: 0 0 0 1 0 0 1 1 ] P(G)=P(cluster8=0)[0.8] * P(cluster1=1|cluster2=0) * P(cluster9=0|cluster6=0) * P(cluster7=1|cluster10=1) * P(cluster10=1|cluster6=0) * P(cluster6=0|cluster2=0) * P(cluster2=0|cluster3=0) * P(cluster3=0|cluster8=0)[0.0131072]=0.0104858
binkey=160 [Edge status: 0 0 0 0 0 1 0 1 ] P(G)=P(cluster8=0)[0.8] * P(cluster1=0|cluster2=0) * P(cluster9=1|cluster6=0) * P(cluster7=1|cluster10=0) * P(cluster10=0|cluster6=0) * P(cluster6=0|cluster2=0) * P(cluster2=0|cluster3=0) * P(cluster3=0|cluster8=0)[0.0131072]=0.0104858
binkey=168 [Edge status: 0 0 0 1 0 1 0 1 ] P(G)=P(cluster8=0)[0.8] * P(cluster1=1|cluster2=0) * P(cluster9=1|cluster6=0) * P(cluster7=1|cluster10=0) * P(cluster10=0|cluster6=0) * P(cluster6=0|cluster2=0) * P(cluster2=0|cluster3=0) * P(cluster3=0|cluster8=0)[0.0032768]=0.00262144
binkey=224 [Edge status: 0 0 0 0 0 1 1 1 ] P(G)=P(cluster8=0)[0.8] * P(cluster1=0|cluster2=0) * P(cluster9=1|cluster6=0) * P(cluster7=1|cluster10=1) * P(cluster10=1|cluster6=0) * P(cluster6=0|cluster2=0) * P(cluster2=0|cluster3=0) * P(cluster3=0|cluster8=0)[0.0131072]=0.0104858
binkey=232 [Edge status: 0 0 0 1 0 1 1 1 ] P(G)=P(cluster8=0)[0.8] * P(cluster1=1|cluster2=0) * P(cluster9=1|cluster6=0) * P(cluster7=1|cluster10=1) * P(cluster10=1|cluster6=0) * P(cluster6=0|cluster2=0) * P(cluster2=0|cluster3=0) * P(cluster3=0|cluster8=0)[0.0032768]=0.00262144
binkey=240 [Edge status: 0 0 0 0 1 1 1 1 ] P(G)=P(cluster8=0)[0.8] * P(cluster1=0|cluster2=0) * P(cluster9=1|cluster6=1) * P(cluster7=1|cluster10=1) * P(cluster10=1|cluster6=1) * P(cluster6=1|cluster2=0) * P(cluster2=0|cluster3=0) * P(cluster3=0|cluster8=0)[0.0524288]=0.041943
binkey=248 [Edge status: 0 0 0 1 1 1 1 1 ] P(G)=P(cluster8=0)[0.8] * P(cluster1=1|cluster2=0) * P(cluster9=1|cluster6=1) * P(cluster7=1|cluster10=1) * P(cluster10=1|cluster6=1) * P(cluster6=1|cluster2=0) * P(cluster2=0|cluster3=0) * P(cluster3=0|cluster8=0)[0.0131072]=0.0104858
binkey=252 [Edge status: 0 0 1 1 1 1 1 1 ] P(G)=P(cluster8=0)[0.8] * P(cluster1=1|cluster2=1) * P(cluster9=1|cluster6=1) * P(cluster7=1|cluster10=1) * P(cluster10=1|cluster6=1) * P(cluster6=1|cluster2=1) * P(cluster2=1|cluster3=0) * P(cluster3=0|cluster8=0)[0.0524288]=0.041943
binkey=7 [Edge status: 1 1 1 0 0 0 0 0 ] P(G)=P(cluster8=1)[0.2] * P(cluster1=0|cluster2=1) * P(cluster9=0|cluster6=0) * P(cluster7=0|cluster10=0) * P(cluster10=0|cluster6=0) * P(cluster6=0|cluster2=1) * P(cluster2=1|cluster3=1) * P(cluster3=1|cluster8=1)[0.0131072]=0.00262144
binkey=3 [Edge status: 1 1 0 0 0 0 0 0 ] P(G)=P(cluster8=1)[0.2] * P(cluster1=0|cluster2=0) * P(cluster9=0|cluster6=0) * P(cluster7=0|cluster10=0) * P(cluster10=0|cluster6=0) * P(cluster6=0|cluster2=0) * P(cluster2=0|cluster3=1) * P(cluster3=1|cluster8=1)[0.0524288]=0.0104858
binkey=215 [Edge status: 1 1 1 0 1 0 1 1 ] P(G)=P(cluster8=1)[0.2] * P(cluster1=0|cluster2=1) * P(cluster9=0|cluster6=1) * P(cluster7=1|cluster10=1) * P(cluster10=1|cluster6=1) * P(cluster6=1|cluster2=1) * P(cluster2=1|cluster3=1) * P(cluster3=1|cluster8=1)[0.0131072]=0.00262144
binkey=87 [Edge status: 1 1 1 0 1 0 1 0 ] P(G)=P(cluster8=1)[0.2] * P(cluster1=0|cluster2=1) * P(cluster9=0|cluster6=1) * P(cluster7=0|cluster10=1) * P(cluster10=1|cluster6=1) * P(cluster6=1|cluster2=1) * P(cluster2=1|cluster3=1) * P(cluster3=1|cluster8=1)[0.0032768]=0.00065536
binkey=23 [Edge status: 1 1 1 0 1 0 0 0 ] P(G)=P(cluster8=1)[0.2] * P(cluster1=0|cluster2=1) * P(cluster9=0|cluster6=1) * P(cluster7=0|cluster10=0) * P(cluster10=0|cluster6=1) * P(cluster6=1|cluster2=1) * P(cluster2=1|cluster3=1) * P(cluster3=1|cluster8=1)[0.0032768]=0.00065536
binkey=247 [Edge status: 1 1 1 0 1 1 1 1 ] P(G)=P(cluster8=1)[0.2] * P(cluster1=0|cluster2=1) * P(cluster9=1|cluster6=1) * P(cluster7=1|cluster10=1) * P(cluster10=1|cluster6=1) * P(cluster6=1|cluster2=1) * P(cluster2=1|cluster3=1) * P(cluster3=1|cluster8=1)[0.0524288]=0.0104858
binkey=119 [Edge status: 1 1 1 0 1 1 1 0 ] P(G)=P(cluster8=1)[0.2] * P(cluster1=0|cluster2=1) * P(cluster9=1|cluster6=1) * P(cluster7=0|cluster10=1) * P(cluster10=1|cluster6=1) * P(cluster6=1|cluster2=1) * P(cluster2=1|cluster3=1) * P(cluster3=1|cluster8=1)[0.0131072]=0.00262144
binkey=55 [Edge status: 1 1 1 0 1 1 0 0 ] P(G)=P(cluster8=1)[0.2] * P(cluster1=0|cluster2=1) * P(cluster9=1|cluster6=1) * P(cluster7=0|cluster10=0) * P(cluster10=0|cluster6=1) * P(cluster6=1|cluster2=1) * P(cluster2=1|cluster3=1) * P(cluster3=1|cluster8=1)[0.0131072]=0.00262144
ITERATION 0 newScore=-2.70639e+06 diffscore=7194.02 priorChange=-99.8132 successMove=67
ITERATION 1 newScore=-2.70313e+06 diffscore=3256.74 priorChange=-108.131 successMove=61
ITERATION 2 newScore=-2.69693e+06 diffscore=6200 priorChange=-115.062 successMove=53
ITERATION 3 newScore=-2.69456e+06 diffscore=2377.69 priorChange=-113.676 successMove=58
ITERATION 4 newScore=-2.69138e+06 diffscore=3173.31 priorChange=-105.358 successMove=54
ITERATION 5 newScore=-2.68831e+06 diffscore=3069.91 priorChange=-115.062 successMove=52
ITERATION 6 newScore=-2.68587e+06 diffscore=2439.66 priorChange=-116.449 successMove=53
ITERATION 7 newScore=-2.68448e+06 diffscore=1393.48 priorChange=-106.745 successMove=53
ITERATION 8 newScore=-2.6797e+06 diffscore=4784.66 priorChange=-97.0406 successMove=51
ITERATION 9 newScore=-2.67661e+06 diffscore=3089.07 priorChange=-101.199 successMove=50
ITERATION 10 newScore=-2.67406e+06 diffscore=2548.64 priorChange=-102.586 successMove=51
ITERATION 11 newScore=-2.6731e+06 diffscore=960.87 priorChange=-110.904 successMove=52
ITERATION 12 newScore=-2.67037e+06 diffscore=2728.46 priorChange=-101.199 successMove=52
ITERATION 13 newScore=-2.66782e+06 diffscore=2548.49 priorChange=-106.745 successMove=50
ITERATION 14 newScore=-2.66584e+06 diffscore=1984.89 priorChange=-101.199 successMove=50
ITERATION 15 newScore=-2.6652e+06 diffscore=634.435 priorChange=-119.221 successMove=49
ITERATION 16 newScore=-2.66354e+06 diffscore=1657.42 priorChange=-95.6543 successMove=50
binkey=15 [Edge status: 1 1 1 1 0 0 0 0 ] P(G)=P(cluster8=1)[0.2] * P(cluster1=1|cluster2=1) * P(cluster9=0|cluster6=0) * P(cluster7=0|cluster10=0) * P(cluster10=0|cluster6=0) * P(cluster6=0|cluster2=1) * P(cluster2=1|cluster3=1) * P(cluster3=1|cluster8=1)[0.0524288]=0.0104858
ITERATION 17 newScore=-2.66196e+06 diffscore=1580.33 priorChange=-91.4954 successMove=50
ITERATION 18 newScore=-2.65941e+06 diffscore=2551.39 priorChange=-91.4954 successMove=50
ITERATION 19 newScore=-2.65882e+06 diffscore=596.286 priorChange=-105.358 successMove=50
ITERATION 20 newScore=-2.65413e+06 diffscore=4682.07 priorChange=-90.1091 successMove=51
ITERATION 21 newScore=-2.65245e+06 diffscore=1687.31 priorChange=-99.8132 successMove=49
ITERATION 22 newScore=-2.65125e+06 diffscore=1199.38 priorChange=-92.8817 successMove=47
ITERATION 23 newScore=-2.6507e+06 diffscore=542.214 priorChange=-88.7228 successMove=49
ITERATION 24 newScore=-2.64819e+06 diffscore=2512.92 priorChange=-99.8132 successMove=48
ITERATION 25 newScore=-2.64773e+06 diffscore=456.286 priorChange=-102.586 successMove=46
ITERATION 26 newScore=-2.64592e+06 diffscore=1818.44 priorChange=-88.7228 successMove=46
ITERATION 27 newScore=-2.64542e+06 diffscore=498.762 priorChange=-98.4269 successMove=48
ITERATION 28 newScore=-2.64497e+06 diffscore=447.343 priorChange=-97.0406 successMove=46
ITERATION 29 newScore=-2.6446e+06 diffscore=366.885 priorChange=-95.6543 successMove=47
ITERATION 30 newScore=-2.64146e+06 diffscore=3147.87 priorChange=-84.564 successMove=49
ITERATION 31 newScore=-2.63871e+06 diffscore=2744.12 priorChange=-99.8132 successMove=46
ITERATION 32 newScore=-2.63781e+06 diffscore=896.635 priorChange=-85.9503 successMove=46
ITERATION 33 newScore=-2.63742e+06 diffscore=398.416 priorChange=-97.0406 successMove=48
ITERATION 34 newScore=-2.63592e+06 diffscore=1492.22 priorChange=-91.4954 successMove=45
ITERATION 35 newScore=-2.63559e+06 diffscore=335.868 priorChange=-80.4051 successMove=44
ITERATION 36 newScore=-2.63364e+06 diffscore=1946.55 priorChange=-85.9503 successMove=44
ITERATION 37 newScore=-2.63186e+06 diffscore=1781.84 priorChange=-94.268 successMove=44
ITERATION 38 newScore=-2.63024e+06 diffscore=1616.77 priorChange=-87.3365 successMove=45
ITERATION 39 newScore=-2.62985e+06 diffscore=392.555 priorChange=-92.8817 successMove=44
ITERATION 40 newScore=-2.62819e+06 diffscore=1663.42 priorChange=-91.4954 successMove=42
ITERATION 41 newScore=-2.62753e+06 diffscore=659.352 priorChange=-99.8132 successMove=41
ITERATION 42 newScore=-2.62685e+06 diffscore=681.268 priorChange=-90.1091 successMove=41
ITERATION 43 newScore=-2.62554e+06 diffscore=1310.49 priorChange=-81.7914 successMove=40
ITERATION 44 newScore=-2.62404e+06 diffscore=1492.53 priorChange=-81.7914 successMove=40
ITERATION 45 newScore=-2.62269e+06 diffscore=1357.26 priorChange=-80.4051 successMove=40
ITERATION 46 newScore=-2.62107e+06 diffscore=1614.04 priorChange=-94.268 successMove=42
ITERATION 47 newScore=-2.61988e+06 diffscore=1189.94 priorChange=-80.4051 successMove=40
ITERATION 48 newScore=-2.61926e+06 diffscore=621.521 priorChange=-88.7228 successMove=40
ITERATION 49 newScore=-2.61601e+06 diffscore=3249.32 priorChange=-81.7914 successMove=41
ITERATION 50 newScore=-2.61264e+06 diffscore=3368.61 priorChange=-80.4051 successMove=41
ITERATION 51 newScore=-2.61109e+06 diffscore=1550.07 priorChange=-85.9503 successMove=39
ITERATION 52 newScore=-2.61073e+06 diffscore=367.854 priorChange=-81.7914 successMove=39
ITERATION 53 newScore=-2.60848e+06 diffscore=2241.49 priorChange=-83.1777 successMove=39
ITERATION 54 newScore=-2.60818e+06 diffscore=304.227 priorChange=-79.0188 successMove=39
ITERATION 55 newScore=-2.60788e+06 diffscore=299.535 priorChange=-87.3365 successMove=38
ITERATION 56 newScore=-2.60749e+06 diffscore=385.538 priorChange=-81.7914 successMove=38
ITERATION 57 newScore=-2.60603e+06 diffscore=1461.47 priorChange=-84.564 successMove=35
ITERATION 58 newScore=-2.60456e+06 diffscore=1470.2 priorChange=-70.701 successMove=35
ITERATION 59 newScore=-2.60308e+06 diffscore=1480.72 priorChange=-58.2244 successMove=34
ITERATION 60 newScore=-2.60287e+06 diffscore=211.399 priorChange=-70.701 successMove=35
ITERATION 61 newScore=-2.60144e+06 diffscore=1427.82 priorChange=-52.6792 successMove=31
ITERATION 62 newScore=-2.60011e+06 diffscore=1337.12 priorChange=-60.997 successMove=30
ITERATION 63 newScore=-2.59965e+06 diffscore=457.186 priorChange=-63.7695 successMove=30
ITERATION 64 newScore=-2.59844e+06 diffscore=1206.57 priorChange=-58.2244 successMove=30
ITERATION 65 newScore=-2.59681e+06 diffscore=1634.71 priorChange=-62.3832 successMove=30
ITERATION 66 newScore=-2.59666e+06 diffscore=149.617 priorChange=-63.7695 successMove=29
ITERATION 67 newScore=-2.59636e+06 diffscore=302.094 priorChange=-60.997 successMove=29
ITERATION 68 newScore=-2.59576e+06 diffscore=599.46 priorChange=-67.9284 successMove=29
ITERATION 69 newScore=-2.59469e+06 diffscore=1066.9 priorChange=-49.9066 successMove=28
ITERATION 70 newScore=-2.59403e+06 diffscore=656.907 priorChange=-58.2244 successMove=27
ITERATION 71 newScore=-2.59384e+06 diffscore=194.764 priorChange=-54.0655 successMove=27
ITERATION 72 newScore=-2.59364e+06 diffscore=194.673 priorChange=-49.9066 successMove=28
ITERATION 73 newScore=-2.59349e+06 diffscore=151.818 priorChange=-55.4518 successMove=27
ITERATION 74 newScore=-2.59317e+06 diffscore=324.986 priorChange=-56.8381 successMove=28
ITERATION 75 newScore=-2.59287e+06 diffscore=297.884 priorChange=-47.134 successMove=27
ITERATION 76 newScore=-2.59177e+06 diffscore=1098.87 priorChange=-49.9066 successMove=27
ITERATION 77 newScore=-2.59076e+06 diffscore=1004.67 priorChange=-51.2929 successMove=26
ITERATION 78 newScore=-2.59056e+06 diffscore=201.562 priorChange=-56.8381 successMove=27
ITERATION 79 newScore=-2.59036e+06 diffscore=204.576 priorChange=-48.5203 successMove=26
ITERATION 80 newScore=-2.5901e+06 diffscore=262.264 priorChange=-48.5203 successMove=25
ITERATION 81 newScore=-2.58977e+06 diffscore=321.305 priorChange=-52.6792 successMove=27
ITERATION 82 newScore=-2.58813e+06 diffscore=1645.29 priorChange=-54.0655 successMove=23
ITERATION 83 newScore=-2.58654e+06 diffscore=1589.16 priorChange=-36.0437 successMove=23
ITERATION 84 newScore=-2.58602e+06 diffscore=524.651 priorChange=-48.5203 successMove=22
ITERATION 85 newScore=-2.58546e+06 diffscore=558.207 priorChange=-37.4299 successMove=21
ITERATION 86 newScore=-2.58419e+06 diffscore=1267.88 priorChange=-51.2929 successMove=21
ITERATION 87 newScore=-2.58407e+06 diffscore=120.261 priorChange=-42.9751 successMove=19
ITERATION 88 newScore=-2.58396e+06 diffscore=107.458 priorChange=-36.0437 successMove=19
ITERATION 89 newScore=-2.5836e+06 diffscore=360.904 priorChange=-27.7259 successMove=18
ITERATION 90 newScore=-2.58349e+06 diffscore=114.021 priorChange=-31.8848 successMove=18
ITERATION 91 newScore=-2.58332e+06 diffscore=165.976 priorChange=-36.0437 successMove=18
ITERATION 92 newScore=-2.58252e+06 diffscore=803.222 priorChange=-37.4299 successMove=18
ITERATION 93 newScore=-2.58243e+06 diffscore=91.7699 priorChange=-27.7259 successMove=16
ITERATION 94 newScore=-2.58235e+06 diffscore=77.0249 priorChange=-31.8848 successMove=16
ITERATION 95 newScore=-2.58228e+06 diffscore=72.131 priorChange=-24.9533 successMove=14
ITERATION 96 newScore=-2.58219e+06 diffscore=90.8859 priorChange=-30.4985 successMove=14
ITERATION 97 newScore=-2.5821e+06 diffscore=89.4709 priorChange=-26.3396 successMove=13
ITERATION 98 newScore=-2.58203e+06 diffscore=67.0576 priorChange=-26.3396 successMove=13
ITERATION 99 newScore=-2.58197e+06 diffscore=58.9194 priorChange=-16.6355 successMove=13
MetaLearner::dumpAllGraphs
Final Score -2.58197e+06
MetaLearner::start runtime: 1383920160 ms
Results/
Results/cluster10/
Results/cluster10/fold0/
Results/cluster10/fold0/modelparams.txt
Results/cluster10/fold0/var_mb_pw_k50.txt
Results/cluster1/
Results/cluster1/fold0/
Results/cluster1/fold0/modelparams.txt
Results/cluster1/fold0/var_mb_pw_k50.txt
Results/cluster6/
Results/cluster6/fold0/
Results/cluster6/fold0/modelparams.txt
Results/cluster6/fold0/var_mb_pw_k50.txt
Results/cluster9/
Results/cluster9/fold0/
Results/cluster9/fold0/modelparams.txt
Results/cluster9/fold0/var_mb_pw_k50.txt
Results/cluster2/
Results/cluster2/fold0/
Results/cluster2/fold0/modelparams.txt
Results/cluster2/fold0/var_mb_pw_k50.txt
Results/cluster7/
Results/cluster7/fold0/
Results/cluster7/fold0/modelparams.txt
Results/cluster7/fold0/var_mb_pw_k50.txt
Results/cluster3/
Results/cluster3/fold0/
Results/cluster3/fold0/modelparams.txt
Results/cluster3/fold0/var_mb_pw_k50.txt
Results/cluster8/
Results/cluster8/scoreFile.txt
Results/cluster8/fold0/
Results/cluster8/fold0/modelparams.txt
Results/cluster8/fold0/var_mb_pw_k50.txt
