./CVN -f config_condor.txt -x50 -v1 -l TFs_OGs.txt -n AllGenes177.txt -d celltype_tree_ancestor.txt -m testdata_ogids.txt -s celltype_order.txt -p 0.2 -c yes -b -4 -q 4
(cluster3|cluster8) p_maintain_edge=0.8 p_gain=0.2
(cluster2|cluster3) p_maintain_edge=0.8 p_gain=0.2
(cluster1|cluster2) p_maintain_edge=0.8 p_gain=0.2
(cluster6|cluster2) p_maintain_edge=0.8 p_gain=0.2
(cluster9|cluster6) p_maintain_edge=0.8 p_gain=0.2
(cluster10|cluster6) p_maintain_edge=0.8 p_gain=0.2
(cluster7|cluster10) p_maintain_edge=0.8 p_gain=0.2
speciesSet.size()=8 Root is cluster8
MappedOrthogroupReader::readSpeciesMapping() --- celltype_order.txt
MappedOrthogroupReader::readFile - testdata_ogids.txt
MappedOrthogroupReader::generateGeneOrthoMap()
MetaLearner::init_onefold() read:config_condor.txt
MetaLearner::setinputVariableNames number of variables: 2043
readEvidenceTable:cluster8.table
PotentialManager::loadEvidenceFromTable varCount=2043 sampleCount=348
motifNetwork.size() = 319
0=cluster8 motifNetwork=cluster8_network.txt
variable size=2043
readEvidenceTable:cluster3.table
PotentialManager::loadEvidenceFromTable varCount=2043 sampleCount=95
motifNetwork.size() = 326
1=cluster3 motifNetwork=cluster3_network.txt
variable size=2043
readEvidenceTable:cluster2.table
PotentialManager::loadEvidenceFromTable varCount=2043 sampleCount=386
motifNetwork.size() = 328
2=cluster2 motifNetwork=cluster2_network.txt
variable size=2043
readEvidenceTable:cluster1.table
PotentialManager::loadEvidenceFromTable varCount=2043 sampleCount=36
motifNetwork.size() = 322
3=cluster1 motifNetwork=cluster1_network.txt
variable size=2043
readEvidenceTable:cluster6.table
PotentialManager::loadEvidenceFromTable varCount=2043 sampleCount=524
motifNetwork.size() = 320
4=cluster6 motifNetwork=cluster6_network.txt
variable size=2043
readEvidenceTable:cluster9.table
PotentialManager::loadEvidenceFromTable varCount=2043 sampleCount=184
motifNetwork.size() = 327
5=cluster9 motifNetwork=cluster9_network.txt
variable size=2043
readEvidenceTable:cluster10.table
PotentialManager::loadEvidenceFromTable varCount=2043 sampleCount=165
motifNetwork.size() = 326
6=cluster10 motifNetwork=cluster10_network.txt
variable size=2043
readEvidenceTable:cluster7.table
PotentialManager::loadEvidenceFromTable varCount=2043 sampleCount=1032
motifNetwork.size() = 320
7=cluster7 motifNetwork=cluster7_network.txt
variable size=2043
-------------------------------------------------------------
MetaLearner::start
precomputeEmptyGraphPrior
binkey=0 [Edge status: 0 0 0 0 0 0 0 0 ] P(G)=P(cluster8=0)[0.8] * P(cluster1=0|cluster2=0) * P(cluster9=0|cluster6=0) * P(cluster7=0|cluster10=0) * P(cluster10=0|cluster6=0) * P(cluster6=0|cluster2=0) * P(cluster2=0|cluster3=0) * P(cluster3=0|cluster8=0)[0.209715]=0.167772
condsetMap_Tree
0 cluster8=0 cluster3=0 cluster2=0 cluster1=0 cluster6=0 cluster9=0 cluster10=0 cluster7=1
1 cluster8=0 cluster3=0 cluster2=0 cluster1=0 cluster6=0 cluster9=1 cluster10=0 cluster7=0
2 cluster8=0 cluster3=0 cluster2=0 cluster1=0 cluster6=0 cluster9=1 cluster10=0 cluster7=1
3 cluster8=0 cluster3=0 cluster2=0 cluster1=1 cluster6=0 cluster9=0 cluster10=0 cluster7=0
4 cluster8=0 cluster3=0 cluster2=0 cluster1=1 cluster6=0 cluster9=0 cluster10=0 cluster7=1
5 cluster8=0 cluster3=0 cluster2=0 cluster1=1 cluster6=0 cluster9=1 cluster10=0 cluster7=0
6 cluster8=0 cluster3=0 cluster2=0 cluster1=1 cluster6=0 cluster9=1 cluster10=0 cluster7=1
7 cluster8=0 cluster3=0 cluster2=0 cluster1=0 cluster6=0 cluster9=0 cluster10=1 cluster7=1
8 cluster8=0 cluster3=0 cluster2=0 cluster1=0 cluster6=0 cluster9=1 cluster10=1 cluster7=1
9 cluster8=0 cluster3=0 cluster2=0 cluster1=1 cluster6=0 cluster9=0 cluster10=1 cluster7=1
10 cluster8=0 cluster3=0 cluster2=0 cluster1=1 cluster6=0 cluster9=1 cluster10=1 cluster7=1
11 cluster8=0 cluster3=0 cluster2=0 cluster1=0 cluster6=1 cluster9=1 cluster10=1 cluster7=1
12 cluster8=0 cluster3=0 cluster2=0 cluster1=1 cluster6=1 cluster9=1 cluster10=1 cluster7=1
13 cluster8=0 cluster3=0 cluster2=1 cluster1=1 cluster6=1 cluster9=1 cluster10=1 cluster7=1
14 cluster8=0 cluster3=1 cluster2=1 cluster1=1 cluster6=1 cluster9=1 cluster10=1 cluster7=1
15 cluster8=1 cluster3=1 cluster2=1 cluster1=1 cluster6=1 cluster9=1 cluster10=1 cluster7=1
16 cluster8=1 cluster3=1 cluster2=1 cluster1=1 cluster6=1 cluster9=1 cluster10=1 cluster7=0
17 cluster8=1 cluster3=1 cluster2=1 cluster1=1 cluster6=1 cluster9=0 cluster10=1 cluster7=1
18 cluster8=1 cluster3=1 cluster2=1 cluster1=1 cluster6=1 cluster9=0 cluster10=1 cluster7=0
19 cluster8=1 cluster3=1 cluster2=1 cluster1=0 cluster6=1 cluster9=1 cluster10=1 cluster7=1
20 cluster8=1 cluster3=1 cluster2=1 cluster1=0 cluster6=1 cluster9=1 cluster10=1 cluster7=0
21 cluster8=1 cluster3=1 cluster2=1 cluster1=0 cluster6=1 cluster9=0 cluster10=1 cluster7=1
22 cluster8=1 cluster3=1 cluster2=1 cluster1=0 cluster6=1 cluster9=0 cluster10=1 cluster7=0
23 cluster8=1 cluster3=1 cluster2=1 cluster1=1 cluster6=1 cluster9=1 cluster10=0 cluster7=0
24 cluster8=1 cluster3=1 cluster2=1 cluster1=1 cluster6=1 cluster9=0 cluster10=0 cluster7=0
25 cluster8=1 cluster3=1 cluster2=1 cluster1=0 cluster6=1 cluster9=1 cluster10=0 cluster7=0
26 cluster8=1 cluster3=1 cluster2=1 cluster1=0 cluster6=1 cluster9=0 cluster10=0 cluster7=0
27 cluster8=1 cluster3=1 cluster2=1 cluster1=1 cluster6=0 cluster9=0 cluster10=0 cluster7=0
28 cluster8=1 cluster3=1 cluster2=1 cluster1=0 cluster6=0 cluster9=0 cluster10=0 cluster7=0
29 cluster8=1 cluster3=1 cluster2=0 cluster1=0 cluster6=0 cluster9=0 cluster10=0 cluster7=0
30 cluster8=1 cluster3=0 cluster2=0 cluster1=0 cluster6=0 cluster9=0 cluster10=0 cluster7=0
31 cluster8=0 cluster3=0 cluster2=0 cluster1=0 cluster6=1 cluster9=0 cluster10=0 cluster7=0
32 cluster8=0 cluster3=0 cluster2=1 cluster1=0 cluster6=0 cluster9=0 cluster10=0 cluster7=0
33 cluster8=0 cluster3=0 cluster2=0 cluster1=0 cluster6=0 cluster9=0 cluster10=1 cluster7=0
34 cluster8=0 cluster3=1 cluster2=0 cluster1=0 cluster6=0 cluster9=0 cluster10=0 cluster7=0
inputRegulatorOGs.size() = 1999 inputOGList.size() = 50
binkey=8 [Edge status: 0 0 0 1 0 0 0 0 ] P(G)=P(cluster8=0)[0.8] * P(cluster1=1|cluster2=0) * P(cluster9=0|cluster6=0) * P(cluster7=0|cluster10=0) * P(cluster10=0|cluster6=0) * P(cluster6=0|cluster2=0) * P(cluster2=0|cluster3=0) * P(cluster3=0|cluster8=0)[0.0524288]=0.041943
binkey=16 [Edge status: 0 0 0 0 1 0 0 0 ] P(G)=P(cluster8=0)[0.8] * P(cluster1=0|cluster2=0) * P(cluster9=0|cluster6=1) * P(cluster7=0|cluster10=0) * P(cluster10=0|cluster6=1) * P(cluster6=1|cluster2=0) * P(cluster2=0|cluster3=0) * P(cluster3=0|cluster8=0)[0.0032768]=0.00262144
binkey=128 [Edge status: 0 0 0 0 0 0 0 1 ] P(G)=P(cluster8=0)[0.8] * P(cluster1=0|cluster2=0) * P(cluster9=0|cluster6=0) * P(cluster7=1|cluster10=0) * P(cluster10=0|cluster6=0) * P(cluster6=0|cluster2=0) * P(cluster2=0|cluster3=0) * P(cluster3=0|cluster8=0)[0.0524288]=0.041943
binkey=32 [Edge status: 0 0 0 0 0 1 0 0 ] P(G)=P(cluster8=0)[0.8] * P(cluster1=0|cluster2=0) * P(cluster9=1|cluster6=0) * P(cluster7=0|cluster10=0) * P(cluster10=0|cluster6=0) * P(cluster6=0|cluster2=0) * P(cluster2=0|cluster3=0) * P(cluster3=0|cluster8=0)[0.0524288]=0.041943
binkey=64 [Edge status: 0 0 0 0 0 0 1 0 ] P(G)=P(cluster8=0)[0.8] * P(cluster1=0|cluster2=0) * P(cluster9=0|cluster6=0) * P(cluster7=0|cluster10=1) * P(cluster10=1|cluster6=0) * P(cluster6=0|cluster2=0) * P(cluster2=0|cluster3=0) * P(cluster3=0|cluster8=0)[0.0131072]=0.0104858
binkey=1 [Edge status: 1 0 0 0 0 0 0 0 ] P(G)=P(cluster8=1)[0.2] * P(cluster1=0|cluster2=0) * P(cluster9=0|cluster6=0) * P(cluster7=0|cluster10=0) * P(cluster10=0|cluster6=0) * P(cluster6=0|cluster2=0) * P(cluster2=0|cluster3=0) * P(cluster3=0|cluster8=1)[0.0524288]=0.0104858
binkey=40 [Edge status: 0 0 0 1 0 1 0 0 ] P(G)=P(cluster8=0)[0.8] * P(cluster1=1|cluster2=0) * P(cluster9=1|cluster6=0) * P(cluster7=0|cluster10=0) * P(cluster10=0|cluster6=0) * P(cluster6=0|cluster2=0) * P(cluster2=0|cluster3=0) * P(cluster3=0|cluster8=0)[0.0131072]=0.0104858
binkey=4 [Edge status: 0 0 1 0 0 0 0 0 ] P(G)=P(cluster8=0)[0.8] * P(cluster1=0|cluster2=1) * P(cluster9=0|cluster6=0) * P(cluster7=0|cluster10=0) * P(cluster10=0|cluster6=0) * P(cluster6=0|cluster2=1) * P(cluster2=1|cluster3=0) * P(cluster3=0|cluster8=0)[0.0032768]=0.00262144
binkey=2 [Edge status: 0 1 0 0 0 0 0 0 ] P(G)=P(cluster8=0)[0.8] * P(cluster1=0|cluster2=0) * P(cluster9=0|cluster6=0) * P(cluster7=0|cluster10=0) * P(cluster10=0|cluster6=0) * P(cluster6=0|cluster2=0) * P(cluster2=0|cluster3=1) * P(cluster3=1|cluster8=0)[0.0131072]=0.0104858
binkey=136 [Edge status: 0 0 0 1 0 0 0 1 ] P(G)=P(cluster8=0)[0.8] * P(cluster1=1|cluster2=0) * P(cluster9=0|cluster6=0) * P(cluster7=1|cluster10=0) * P(cluster10=0|cluster6=0) * P(cluster6=0|cluster2=0) * P(cluster2=0|cluster3=0) * P(cluster3=0|cluster8=0)[0.0131072]=0.0104858
binkey=192 [Edge status: 0 0 0 0 0 0 1 1 ] P(G)=P(cluster8=0)[0.8] * P(cluster1=0|cluster2=0) * P(cluster9=0|cluster6=0) * P(cluster7=1|cluster10=1) * P(cluster10=1|cluster6=0) * P(cluster6=0|cluster2=0) * P(cluster2=0|cluster3=0) * P(cluster3=0|cluster8=0)[0.0524288]=0.041943
binkey=160 [Edge status: 0 0 0 0 0 1 0 1 ] P(G)=P(cluster8=0)[0.8] * P(cluster1=0|cluster2=0) * P(cluster9=1|cluster6=0) * P(cluster7=1|cluster10=0) * P(cluster10=0|cluster6=0) * P(cluster6=0|cluster2=0) * P(cluster2=0|cluster3=0) * P(cluster3=0|cluster8=0)[0.0131072]=0.0104858
binkey=3 [Edge status: 1 1 0 0 0 0 0 0 ] P(G)=P(cluster8=1)[0.2] * P(cluster1=0|cluster2=0) * P(cluster9=0|cluster6=0) * P(cluster7=0|cluster10=0) * P(cluster10=0|cluster6=0) * P(cluster6=0|cluster2=0) * P(cluster2=0|cluster3=1) * P(cluster3=1|cluster8=1)[0.0524288]=0.0104858
binkey=224 [Edge status: 0 0 0 0 0 1 1 1 ] P(G)=P(cluster8=0)[0.8] * P(cluster1=0|cluster2=0) * P(cluster9=1|cluster6=0) * P(cluster7=1|cluster10=1) * P(cluster10=1|cluster6=0) * P(cluster6=0|cluster2=0) * P(cluster2=0|cluster3=0) * P(cluster3=0|cluster8=0)[0.0131072]=0.0104858
binkey=23 [Edge status: 1 1 1 0 1 0 0 0 ] P(G)=P(cluster8=1)[0.2] * P(cluster1=0|cluster2=1) * P(cluster9=0|cluster6=1) * P(cluster7=0|cluster10=0) * P(cluster10=0|cluster6=1) * P(cluster6=1|cluster2=1) * P(cluster2=1|cluster3=1) * P(cluster3=1|cluster8=1)[0.0032768]=0.00065536
binkey=7 [Edge status: 1 1 1 0 0 0 0 0 ] P(G)=P(cluster8=1)[0.2] * P(cluster1=0|cluster2=1) * P(cluster9=0|cluster6=0) * P(cluster7=0|cluster10=0) * P(cluster10=0|cluster6=0) * P(cluster6=0|cluster2=1) * P(cluster2=1|cluster3=1) * P(cluster3=1|cluster8=1)[0.0131072]=0.00262144
binkey=240 [Edge status: 0 0 0 0 1 1 1 1 ] P(G)=P(cluster8=0)[0.8] * P(cluster1=0|cluster2=0) * P(cluster9=1|cluster6=1) * P(cluster7=1|cluster10=1) * P(cluster10=1|cluster6=1) * P(cluster6=1|cluster2=0) * P(cluster2=0|cluster3=0) * P(cluster3=0|cluster8=0)[0.0524288]=0.041943
binkey=168 [Edge status: 0 0 0 1 0 1 0 1 ] P(G)=P(cluster8=0)[0.8] * P(cluster1=1|cluster2=0) * P(cluster9=1|cluster6=0) * P(cluster7=1|cluster10=0) * P(cluster10=0|cluster6=0) * P(cluster6=0|cluster2=0) * P(cluster2=0|cluster3=0) * P(cluster3=0|cluster8=0)[0.0032768]=0.00262144
binkey=200 [Edge status: 0 0 0 1 0 0 1 1 ] P(G)=P(cluster8=0)[0.8] * P(cluster1=1|cluster2=0) * P(cluster9=0|cluster6=0) * P(cluster7=1|cluster10=1) * P(cluster10=1|cluster6=0) * P(cluster6=0|cluster2=0) * P(cluster2=0|cluster3=0) * P(cluster3=0|cluster8=0)[0.0131072]=0.0104858
ITERATION 0 newScore=-2.67178e+06 diffscore=19934.9 priorChange=-110.904 successMove=58
ITERATION 1 newScore=-2.66277e+06 diffscore=9018.72 priorChange=-109.517 successMove=53
ITERATION 2 newScore=-2.6516e+06 diffscore=11168.4 priorChange=-110.904 successMove=52
ITERATION 3 newScore=-2.64515e+06 diffscore=6448.63 priorChange=-112.29 successMove=52
ITERATION 4 newScore=-2.64149e+06 diffscore=3659.27 priorChange=-108.131 successMove=50
ITERATION 5 newScore=-2.63903e+06 diffscore=2463.11 priorChange=-120.608 successMove=51
ITERATION 6 newScore=-2.63427e+06 diffscore=4757.34 priorChange=-120.608 successMove=50
ITERATION 7 newScore=-2.62717e+06 diffscore=7094.9 priorChange=-120.608 successMove=50
binkey=15 [Edge status: 1 1 1 1 0 0 0 0 ] P(G)=P(cluster8=1)[0.2] * P(cluster1=1|cluster2=1) * P(cluster9=0|cluster6=0) * P(cluster7=0|cluster10=0) * P(cluster10=0|cluster6=0) * P(cluster6=0|cluster2=1) * P(cluster2=1|cluster3=1) * P(cluster3=1|cluster8=1)[0.0524288]=0.0104858
ITERATION 8 newScore=-2.62627e+06 diffscore=906.615 priorChange=-117.835 successMove=50
ITERATION 9 newScore=-2.62295e+06 diffscore=3319.67 priorChange=-112.29 successMove=50
ITERATION 10 newScore=-2.62027e+06 diffscore=2676.34 priorChange=-113.676 successMove=51
ITERATION 11 newScore=-2.61407e+06 diffscore=6199.89 priorChange=-110.904 successMove=52
ITERATION 12 newScore=-2.61301e+06 diffscore=1061.6 priorChange=-119.221 successMove=49
ITERATION 13 newScore=-2.6095e+06 diffscore=3513.52 priorChange=-117.835 successMove=50
ITERATION 14 newScore=-2.60771e+06 diffscore=1787.34 priorChange=-109.517 successMove=51
ITERATION 15 newScore=-2.60453e+06 diffscore=3178.93 priorChange=-127.539 successMove=51
ITERATION 16 newScore=-2.60377e+06 diffscore=764.31 priorChange=-121.994 successMove=48
ITERATION 17 newScore=-2.60122e+06 diffscore=2546.39 priorChange=-108.131 successMove=48
ITERATION 18 newScore=-2.59929e+06 diffscore=1927.82 priorChange=-110.904 successMove=47
ITERATION 19 newScore=-2.59852e+06 diffscore=772.9 priorChange=-97.0406 successMove=49
ITERATION 20 newScore=-2.59761e+06 diffscore=904.308 priorChange=-112.29 successMove=47
ITERATION 21 newScore=-2.59698e+06 diffscore=629.726 priorChange=-103.972 successMove=47
ITERATION 22 newScore=-2.59457e+06 diffscore=2412.02 priorChange=-95.6543 successMove=48
ITERATION 23 newScore=-2.59383e+06 diffscore=741.949 priorChange=-105.358 successMove=46
ITERATION 24 newScore=-2.59321e+06 diffscore=617.229 priorChange=-98.4269 successMove=45
ITERATION 25 newScore=-2.59153e+06 diffscore=1686.14 priorChange=-102.586 successMove=45
ITERATION 26 newScore=-2.59075e+06 diffscore=776.47 priorChange=-97.0406 successMove=45
ITERATION 27 newScore=-2.59026e+06 diffscore=489.812 priorChange=-95.6543 successMove=45
ITERATION 28 newScore=-2.58725e+06 diffscore=3009.64 priorChange=-95.6543 successMove=45
ITERATION 29 newScore=-2.58551e+06 diffscore=1738.62 priorChange=-109.517 successMove=44
ITERATION 30 newScore=-2.58517e+06 diffscore=344.892 priorChange=-101.199 successMove=43
ITERATION 31 newScore=-2.58348e+06 diffscore=1683.28 priorChange=-101.199 successMove=45
ITERATION 32 newScore=-2.5831e+06 diffscore=381.047 priorChange=-90.1091 successMove=44
ITERATION 33 newScore=-2.58116e+06 diffscore=1939.22 priorChange=-85.9503 successMove=43
ITERATION 34 newScore=-2.58072e+06 diffscore=441.865 priorChange=-88.7228 successMove=45
ITERATION 35 newScore=-2.57839e+06 diffscore=2328.6 priorChange=-106.745 successMove=42
ITERATION 36 newScore=-2.57798e+06 diffscore=413.778 priorChange=-88.7228 successMove=42
ITERATION 37 newScore=-2.57647e+06 diffscore=1512.02 priorChange=-87.3365 successMove=42
ITERATION 38 newScore=-2.5746e+06 diffscore=1863.74 priorChange=-87.3365 successMove=42
ITERATION 39 newScore=-2.5721e+06 diffscore=2500.69 priorChange=-81.7914 successMove=43
ITERATION 40 newScore=-2.57176e+06 diffscore=348.337 priorChange=-92.8817 successMove=43
ITERATION 41 newScore=-2.57053e+06 diffscore=1221.72 priorChange=-88.7228 successMove=41
ITERATION 42 newScore=-2.56892e+06 diffscore=1616.77 priorChange=-87.3365 successMove=42
ITERATION 43 newScore=-2.56855e+06 diffscore=369.166 priorChange=-90.1091 successMove=41
ITERATION 44 newScore=-2.56537e+06 diffscore=3173.06 priorChange=-91.4954 successMove=42
ITERATION 45 newScore=-2.56494e+06 diffscore=432.517 priorChange=-84.564 successMove=41
ITERATION 46 newScore=-2.56337e+06 diffscore=1570.89 priorChange=-91.4954 successMove=39
ITERATION 47 newScore=-2.56296e+06 diffscore=406.169 priorChange=-72.0873 successMove=39
ITERATION 48 newScore=-2.56067e+06 diffscore=2291.17 priorChange=-73.4736 successMove=38
ITERATION 49 newScore=-2.55901e+06 diffscore=1660.4 priorChange=-81.7914 successMove=39
ITERATION 50 newScore=-2.55661e+06 diffscore=2400.85 priorChange=-69.3147 successMove=37
ITERATION 51 newScore=-2.55518e+06 diffscore=1436.71 priorChange=-76.2462 successMove=37
ITERATION 52 newScore=-2.55493e+06 diffscore=241.527 priorChange=-70.701 successMove=39
ITERATION 53 newScore=-2.55466e+06 diffscore=276.161 priorChange=-77.6325 successMove=39
ITERATION 54 newScore=-2.55303e+06 diffscore=1626.8 priorChange=-65.1558 successMove=39
ITERATION 55 newScore=-2.5517e+06 diffscore=1328.08 priorChange=-79.0188 successMove=37
ITERATION 56 newScore=-2.55016e+06 diffscore=1545.47 priorChange=-65.1558 successMove=37
ITERATION 57 newScore=-2.54996e+06 diffscore=196.632 priorChange=-70.701 successMove=34
ITERATION 58 newScore=-2.54963e+06 diffscore=326.023 priorChange=-69.3147 successMove=32
ITERATION 59 newScore=-2.54935e+06 diffscore=286.147 priorChange=-79.0188 successMove=32
ITERATION 60 newScore=-2.548e+06 diffscore=1345.99 priorChange=-67.9284 successMove=30
ITERATION 61 newScore=-2.54675e+06 diffscore=1257.6 priorChange=-67.9284 successMove=30
ITERATION 62 newScore=-2.54643e+06 diffscore=317.607 priorChange=-70.701 successMove=29
ITERATION 63 newScore=-2.54426e+06 diffscore=2164.29 priorChange=-52.6792 successMove=28
ITERATION 64 newScore=-2.54306e+06 diffscore=1207.43 priorChange=-56.8381 successMove=28
ITERATION 65 newScore=-2.54275e+06 diffscore=306.153 priorChange=-69.3147 successMove=27
ITERATION 66 newScore=-2.54254e+06 diffscore=206.21 priorChange=-48.5203 successMove=27
ITERATION 67 newScore=-2.54228e+06 diffscore=260.27 priorChange=-58.2244 successMove=27
ITERATION 68 newScore=-2.542e+06 diffscore=286.519 priorChange=-51.2929 successMove=28
ITERATION 69 newScore=-2.54045e+06 diffscore=1544.89 priorChange=-58.2244 successMove=26
ITERATION 70 newScore=-2.53947e+06 diffscore=983.438 priorChange=-52.6792 successMove=23
ITERATION 71 newScore=-2.53923e+06 diffscore=239.777 priorChange=-45.7477 successMove=23
ITERATION 72 newScore=-2.53842e+06 diffscore=811.718 priorChange=-45.7477 successMove=22
ITERATION 73 newScore=-2.53829e+06 diffscore=129.508 priorChange=-44.3614 successMove=22
ITERATION 74 newScore=-2.53811e+06 diffscore=174.757 priorChange=-45.7477 successMove=21
ITERATION 75 newScore=-2.53797e+06 diffscore=145.149 priorChange=-45.7477 successMove=21
ITERATION 76 newScore=-2.53664e+06 diffscore=1331.85 priorChange=-47.134 successMove=19
ITERATION 77 newScore=-2.53549e+06 diffscore=1150.19 priorChange=-36.0437 successMove=18
ITERATION 78 newScore=-2.53476e+06 diffscore=726.117 priorChange=-40.2025 successMove=20
ITERATION 79 newScore=-2.5347e+06 diffscore=59.0356 priorChange=-27.7259 successMove=17
ITERATION 80 newScore=-2.53465e+06 diffscore=52.1568 priorChange=-29.1122 successMove=17
ITERATION 81 newScore=-2.53459e+06 diffscore=56.855 priorChange=-33.2711 successMove=17
ITERATION 82 newScore=-2.53455e+06 diffscore=42.8938 priorChange=-22.1807 successMove=15
ITERATION 83 newScore=-2.53449e+06 diffscore=54.0573 priorChange=-29.1122 successMove=15
ITERATION 84 newScore=-2.53443e+06 diffscore=68.3301 priorChange=-27.7259 successMove=14
ITERATION 85 newScore=-2.53438e+06 diffscore=50.2936 priorChange=-26.3396 successMove=14
ITERATION 86 newScore=-2.53432e+06 diffscore=53.816 priorChange=-23.567 successMove=14
ITERATION 87 newScore=-2.53426e+06 diffscore=59.8048 priorChange=-34.6574 successMove=14
ITERATION 88 newScore=-2.53421e+06 diffscore=55.5464 priorChange=-27.7259 successMove=14
ITERATION 89 newScore=-2.53415e+06 diffscore=60.0563 priorChange=-29.1122 successMove=12
ITERATION 90 newScore=-2.53409e+06 diffscore=54.1645 priorChange=-19.4081 successMove=12
ITERATION 91 newScore=-2.53398e+06 diffscore=117.052 priorChange=-23.567 successMove=11
ITERATION 92 newScore=-2.53391e+06 diffscore=60.6632 priorChange=-22.1807 successMove=11
ITERATION 93 newScore=-2.53388e+06 diffscore=32.4956 priorChange=-18.0218 successMove=10
ITERATION 94 newScore=-2.53385e+06 diffscore=36.9671 priorChange=-18.0218 successMove=10
ITERATION 95 newScore=-2.53381e+06 diffscore=39.0373 priorChange=-20.7944 successMove=10
ITERATION 96 newScore=-2.53373e+06 diffscore=71.2965 priorChange=-22.1807 successMove=10
ITERATION 97 newScore=-2.53368e+06 diffscore=52.0065 priorChange=-22.1807 successMove=10
ITERATION 98 newScore=-2.53364e+06 diffscore=44.1837 priorChange=-15.2492 successMove=10
ITERATION 99 newScore=-2.53359e+06 diffscore=52.0033 priorChange=-15.2492 successMove=8
MetaLearner::dumpAllGraphs
Final Score -2.53359e+06
MetaLearner::start runtime: 1222568499 ms
Results/
Results/cluster10/
Results/cluster10/fold0/
Results/cluster10/fold0/modelparams.txt
Results/cluster10/fold0/var_mb_pw_k50.txt
Results/cluster1/
Results/cluster1/fold0/
Results/cluster1/fold0/modelparams.txt
Results/cluster1/fold0/var_mb_pw_k50.txt
Results/cluster6/
Results/cluster6/fold0/
Results/cluster6/fold0/modelparams.txt
Results/cluster6/fold0/var_mb_pw_k50.txt
Results/cluster9/
Results/cluster9/fold0/
Results/cluster9/fold0/modelparams.txt
Results/cluster9/fold0/var_mb_pw_k50.txt
Results/cluster2/
Results/cluster2/fold0/
Results/cluster2/fold0/modelparams.txt
Results/cluster2/fold0/var_mb_pw_k50.txt
Results/cluster7/
Results/cluster7/fold0/
Results/cluster7/fold0/modelparams.txt
Results/cluster7/fold0/var_mb_pw_k50.txt
Results/cluster3/
Results/cluster3/fold0/
Results/cluster3/fold0/modelparams.txt
Results/cluster3/fold0/var_mb_pw_k50.txt
Results/cluster8/
Results/cluster8/scoreFile.txt
Results/cluster8/fold0/
Results/cluster8/fold0/modelparams.txt
Results/cluster8/fold0/var_mb_pw_k50.txt
