000 (49777.2582.000) 10/11 10:48:14 Job submitted from host: <144.92.142.142:9618?addrs=144.92.142.142-9618&noUDP&sock=44923_051a_3>
...
001 (49777.2582.000) 10/11 19:29:53 Job executing on host: <128.105.245.10:9618?addrs=128.105.245.10-9618&alias=gpu2000.chtc.wisc.edu&noUDP&sock=startd_6299_2b25>
...
006 (49777.2582.000) 10/11 19:30:02 Image size of job updated: 156636
	103  -  MemoryUsage of job (MB)
	105368  -  ResidentSetSize of job (KB)
...
006 (49777.2582.000) 10/11 19:35:03 Image size of job updated: 720548
	654  -  MemoryUsage of job (MB)
	669260  -  ResidentSetSize of job (KB)
...
006 (49777.2582.000) 10/11 19:40:03 Image size of job updated: 869692
	818  -  MemoryUsage of job (MB)
	837588  -  ResidentSetSize of job (KB)
...
006 (49777.2582.000) 10/11 19:45:03 Image size of job updated: 1225528
	1150  -  MemoryUsage of job (MB)
	1176764  -  ResidentSetSize of job (KB)
...
006 (49777.2582.000) 10/11 19:50:04 Image size of job updated: 1585560
	1500  -  MemoryUsage of job (MB)
	1535132  -  ResidentSetSize of job (KB)
...
006 (49777.2582.000) 10/11 19:55:04 Image size of job updated: 2005228
	1921  -  MemoryUsage of job (MB)
	1967096  -  ResidentSetSize of job (KB)
...
006 (49777.2582.000) 10/11 20:00:04 Image size of job updated: 2420316
	2345  -  MemoryUsage of job (MB)
	2400812  -  ResidentSetSize of job (KB)
...
006 (49777.2582.000) 10/11 20:02:51 Image size of job updated: 2663348
	2345  -  MemoryUsage of job (MB)
	2400812  -  ResidentSetSize of job (KB)
...
005 (49777.2582.000) 10/11 20:02:52 Job terminated.
	(1) Normal termination (return value 0)
		Usr 0 00:32:40, Sys 0 00:00:10  -  Run Remote Usage
		Usr 0 00:00:00, Sys 0 00:00:00  -  Run Local Usage
		Usr 0 00:32:40, Sys 0 00:00:10  -  Total Remote Usage
		Usr 0 00:00:00, Sys 0 00:00:00  -  Total Local Usage
	174696  -  Run Bytes Sent By Job
	316778592  -  Run Bytes Received By Job
	174696  -  Total Bytes Sent By Job
	316778592  -  Total Bytes Received By Job
	Partitionable Resources :     Usage  Request Allocated 
	   Cpus                 :      0.99        1         1 
	   Disk (KB)            : 325000      819200  18119584 
	   Gpus                 :                            0 
	   Ioheavy              :                            0 
	   Memory (MB)          :   2345       20480     25710 
...
