000 (49777.1485.000) 10/11 10:48:11 Job submitted from host: <144.92.142.142:9618?addrs=144.92.142.142-9618&noUDP&sock=44923_051a_3>
...
001 (49777.1485.000) 10/11 16:50:33 Job executing on host: <128.105.68.23:9618?addrs=128.105.68.23-9618&alias=gpulab2004.chtc.wisc.edu&noUDP&sock=startd_62541_80a6>
...
006 (49777.1485.000) 10/11 16:50:42 Image size of job updated: 156304
	103  -  MemoryUsage of job (MB)
	105156  -  ResidentSetSize of job (KB)
...
006 (49777.1485.000) 10/11 16:55:42 Image size of job updated: 737724
	676  -  MemoryUsage of job (MB)
	691672  -  ResidentSetSize of job (KB)
...
006 (49777.1485.000) 10/11 17:00:42 Image size of job updated: 1190828
	1127  -  MemoryUsage of job (MB)
	1153508  -  ResidentSetSize of job (KB)
...
006 (49777.1485.000) 10/11 17:05:43 Image size of job updated: 1617828
	1537  -  MemoryUsage of job (MB)
	1573416  -  ResidentSetSize of job (KB)
...
006 (49777.1485.000) 10/11 17:10:44 Image size of job updated: 2133340
	2060  -  MemoryUsage of job (MB)
	2108524  -  ResidentSetSize of job (KB)
...
006 (49777.1485.000) 10/11 17:12:42 Image size of job updated: 2508780
	2060  -  MemoryUsage of job (MB)
	2108524  -  ResidentSetSize of job (KB)
...
005 (49777.1485.000) 10/11 17:12:42 Job terminated.
	(1) Normal termination (return value 0)
		Usr 0 00:22:03, Sys 0 00:00:03  -  Run Remote Usage
		Usr 0 00:00:00, Sys 0 00:00:00  -  Run Local Usage
		Usr 0 00:22:03, Sys 0 00:00:03  -  Total Remote Usage
		Usr 0 00:00:00, Sys 0 00:00:00  -  Total Local Usage
	174165  -  Run Bytes Sent By Job
	316715872  -  Run Bytes Received By Job
	174165  -  Total Bytes Sent By Job
	316715872  -  Total Bytes Received By Job
	Partitionable Resources :     Usage  Request Allocated 
	   Cpus                 :      0.99        1         1 
	   Disk (KB)            : 325000      819200  18192444 
	   Gpus                 :                            0 
	   Ioheavy              :                            0 
	   Memory (MB)          :   2060       20480     21341 
...
