000 (49777.568.000) 10/11 10:48:09 Job submitted from host: <144.92.142.142:9618?addrs=144.92.142.142-9618&noUDP&sock=44923_051a_3>
...
001 (49777.568.000) 10/11 14:19:12 Job executing on host: <128.105.68.23:9618?addrs=128.105.68.23-9618&alias=gpulab2004.chtc.wisc.edu&noUDP&sock=startd_62541_80a6>
...
006 (49777.568.000) 10/11 14:19:20 Image size of job updated: 156908
	104  -  MemoryUsage of job (MB)
	105772  -  ResidentSetSize of job (KB)
...
006 (49777.568.000) 10/11 14:24:20 Image size of job updated: 723764
	657  -  MemoryUsage of job (MB)
	672596  -  ResidentSetSize of job (KB)
...
006 (49777.568.000) 10/11 14:29:20 Image size of job updated: 904980
	840  -  MemoryUsage of job (MB)
	859920  -  ResidentSetSize of job (KB)
...
006 (49777.568.000) 10/11 14:34:21 Image size of job updated: 1283364
	1205  -  MemoryUsage of job (MB)
	1233588  -  ResidentSetSize of job (KB)
...
006 (49777.568.000) 10/11 14:39:21 Image size of job updated: 1734268
	1644  -  MemoryUsage of job (MB)
	1683312  -  ResidentSetSize of job (KB)
...
006 (49777.568.000) 10/11 14:42:31 Image size of job updated: 2025532
	1644  -  MemoryUsage of job (MB)
	1683312  -  ResidentSetSize of job (KB)
...
005 (49777.568.000) 10/11 14:42:31 Job terminated.
	(1) Normal termination (return value 0)
		Usr 0 00:23:14, Sys 0 00:00:03  -  Run Remote Usage
		Usr 0 00:00:00, Sys 0 00:00:00  -  Run Local Usage
		Usr 0 00:23:14, Sys 0 00:00:03  -  Total Remote Usage
		Usr 0 00:00:00, Sys 0 00:00:00  -  Total Local Usage
	172579  -  Run Bytes Sent By Job
	316723520  -  Run Bytes Received By Job
	172579  -  Total Bytes Sent By Job
	316723520  -  Total Bytes Received By Job
	Partitionable Resources :     Usage  Request Allocated 
	   Cpus                 :      1.00        1         1 
	   Disk (KB)            : 325000      819200  18192444 
	   Gpus                 :                            0 
	   Ioheavy              :                            0 
	   Memory (MB)          :   1644       20480     21341 
...
