000 (49777.1054.000) 10/11 10:48:10 Job submitted from host: <144.92.142.142:9618?addrs=144.92.142.142-9618&noUDP&sock=44923_051a_3>
...
001 (49777.1054.000) 10/11 15:36:38 Job executing on host: <128.105.68.47:9618?addrs=128.105.68.47-9618&alias=e2477.chtc.wisc.edu&noUDP&sock=startd_4901_41bf>
...
006 (49777.1054.000) 10/11 15:36:46 Image size of job updated: 156780
	104  -  MemoryUsage of job (MB)
	105828  -  ResidentSetSize of job (KB)
...
006 (49777.1054.000) 10/11 15:41:46 Image size of job updated: 722104
	672  -  MemoryUsage of job (MB)
	687680  -  ResidentSetSize of job (KB)
...
006 (49777.1054.000) 10/11 15:46:47 Image size of job updated: 1157560
	1101  -  MemoryUsage of job (MB)
	1126844  -  ResidentSetSize of job (KB)
...
006 (49777.1054.000) 10/11 15:51:48 Image size of job updated: 1546012
	1478  -  MemoryUsage of job (MB)
	1513340  -  ResidentSetSize of job (KB)
...
006 (49777.1054.000) 10/11 15:56:48 Image size of job updated: 1904980
	1811  -  MemoryUsage of job (MB)
	1854164  -  ResidentSetSize of job (KB)
...
006 (49777.1054.000) 10/11 16:01:48 Image size of job updated: 2345936
	2247  -  MemoryUsage of job (MB)
	2300852  -  ResidentSetSize of job (KB)
...
006 (49777.1054.000) 10/11 16:05:01 Image size of job updated: 2698184
	2247  -  MemoryUsage of job (MB)
	2300852  -  ResidentSetSize of job (KB)
...
005 (49777.1054.000) 10/11 16:05:01 Job terminated.
	(1) Normal termination (return value 0)
		Usr 0 00:27:36, Sys 0 00:00:05  -  Run Remote Usage
		Usr 0 00:00:00, Sys 0 00:00:00  -  Run Local Usage
		Usr 0 00:27:36, Sys 0 00:00:05  -  Total Remote Usage
		Usr 0 00:00:00, Sys 0 00:00:00  -  Total Local Usage
	172148  -  Run Bytes Sent By Job
	316773216  -  Run Bytes Received By Job
	172148  -  Total Bytes Sent By Job
	316773216  -  Total Bytes Received By Job
	Partitionable Resources :     Usage  Request Allocated 
	   Cpus                 :      1.00        1         1 
	   Disk (KB)            : 325000      819200   1701260 
	   Memory (MB)          :   2247       20480     20480 
...
