000 (49777.1569.000) 10/11 10:48:12 Job submitted from host: <144.92.142.142:9618?addrs=144.92.142.142-9618&noUDP&sock=44923_051a_3>
...
001 (49777.1569.000) 10/11 17:01:55 Job executing on host: <128.105.68.23:9618?addrs=128.105.68.23-9618&alias=gpulab2004.chtc.wisc.edu&noUDP&sock=startd_62541_80a6>
...
006 (49777.1569.000) 10/11 17:02:03 Image size of job updated: 105372
	103  -  MemoryUsage of job (MB)
	105372  -  ResidentSetSize of job (KB)
...
006 (49777.1569.000) 10/11 17:07:03 Image size of job updated: 726640
	674  -  MemoryUsage of job (MB)
	689900  -  ResidentSetSize of job (KB)
...
006 (49777.1569.000) 10/11 17:12:04 Image size of job updated: 1228984
	1160  -  MemoryUsage of job (MB)
	1187204  -  ResidentSetSize of job (KB)
...
006 (49777.1569.000) 10/11 17:17:05 Image size of job updated: 1700780
	1613  -  MemoryUsage of job (MB)
	1651464  -  ResidentSetSize of job (KB)
...
006 (49777.1569.000) 10/11 17:22:05 Image size of job updated: 2210288
	2117  -  MemoryUsage of job (MB)
	2167756  -  ResidentSetSize of job (KB)
...
006 (49777.1569.000) 10/11 17:23:52 Image size of job updated: 2404124
	2117  -  MemoryUsage of job (MB)
	2167768  -  ResidentSetSize of job (KB)
...
005 (49777.1569.000) 10/11 17:23:52 Job terminated.
	(1) Normal termination (return value 0)
		Usr 0 00:21:51, Sys 0 00:00:04  -  Run Remote Usage
		Usr 0 00:00:00, Sys 0 00:00:00  -  Run Local Usage
		Usr 0 00:21:51, Sys 0 00:00:04  -  Total Remote Usage
		Usr 0 00:00:00, Sys 0 00:00:00  -  Total Local Usage
	177018  -  Run Bytes Sent By Job
	316715872  -  Run Bytes Received By Job
	177018  -  Total Bytes Sent By Job
	316715872  -  Total Bytes Received By Job
	Partitionable Resources :     Usage  Request Allocated 
	   Cpus                 :      1.00        1         1 
	   Disk (KB)            : 325000      819200  18192444 
	   Gpus                 :                            0 
	   Ioheavy              :                            0 
	   Memory (MB)          :   2117       20480     21341 
...
