./CVN -f config_condor.txt -x50 -v1 -l TFs_OGs.txt -n AllGenes42.txt -d celltype_tree_ancestor.txt -m testdata_ogids.txt -s celltype_order.txt -p 0.2 -c yes -b -4 -q 4
(cluster3|cluster8) p_maintain_edge=0.8 p_gain=0.2
(cluster2|cluster3) p_maintain_edge=0.8 p_gain=0.2
(cluster1|cluster2) p_maintain_edge=0.8 p_gain=0.2
(cluster6|cluster2) p_maintain_edge=0.8 p_gain=0.2
(cluster9|cluster6) p_maintain_edge=0.8 p_gain=0.2
(cluster10|cluster6) p_maintain_edge=0.8 p_gain=0.2
(cluster7|cluster10) p_maintain_edge=0.8 p_gain=0.2
speciesSet.size()=8 Root is cluster8
MappedOrthogroupReader::readSpeciesMapping() --- celltype_order.txt
MappedOrthogroupReader::readFile - testdata_ogids.txt
MappedOrthogroupReader::generateGeneOrthoMap()
MetaLearner::init_onefold() read:config_condor.txt
MetaLearner::setinputVariableNames number of variables: 2039
readEvidenceTable:cluster8.table
PotentialManager::loadEvidenceFromTable varCount=2039 sampleCount=348
motifNetwork.size() = 319
0=cluster8 motifNetwork=cluster8_network.txt
variable size=2039
readEvidenceTable:cluster3.table
PotentialManager::loadEvidenceFromTable varCount=2039 sampleCount=95
motifNetwork.size() = 326
1=cluster3 motifNetwork=cluster3_network.txt
variable size=2039
readEvidenceTable:cluster2.table
PotentialManager::loadEvidenceFromTable varCount=2039 sampleCount=386
motifNetwork.size() = 328
2=cluster2 motifNetwork=cluster2_network.txt
variable size=2039
readEvidenceTable:cluster1.table
PotentialManager::loadEvidenceFromTable varCount=2039 sampleCount=36
motifNetwork.size() = 322
3=cluster1 motifNetwork=cluster1_network.txt
variable size=2039
readEvidenceTable:cluster6.table
PotentialManager::loadEvidenceFromTable varCount=2039 sampleCount=524
motifNetwork.size() = 320
4=cluster6 motifNetwork=cluster6_network.txt
variable size=2039
readEvidenceTable:cluster9.table
PotentialManager::loadEvidenceFromTable varCount=2039 sampleCount=184
motifNetwork.size() = 327
5=cluster9 motifNetwork=cluster9_network.txt
variable size=2039
readEvidenceTable:cluster10.table
PotentialManager::loadEvidenceFromTable varCount=2039 sampleCount=165
motifNetwork.size() = 326
6=cluster10 motifNetwork=cluster10_network.txt
variable size=2039
readEvidenceTable:cluster7.table
PotentialManager::loadEvidenceFromTable varCount=2039 sampleCount=1032
motifNetwork.size() = 320
7=cluster7 motifNetwork=cluster7_network.txt
variable size=2039
-------------------------------------------------------------
MetaLearner::start
precomputeEmptyGraphPrior
binkey=0 [Edge status: 0 0 0 0 0 0 0 0 ] P(G)=P(cluster8=0)[0.8] * P(cluster1=0|cluster2=0) * P(cluster9=0|cluster6=0) * P(cluster7=0|cluster10=0) * P(cluster10=0|cluster6=0) * P(cluster6=0|cluster2=0) * P(cluster2=0|cluster3=0) * P(cluster3=0|cluster8=0)[0.209715]=0.167772
condsetMap_Tree
0 cluster8=0 cluster3=0 cluster2=0 cluster1=0 cluster6=0 cluster9=0 cluster10=0 cluster7=1
1 cluster8=0 cluster3=0 cluster2=0 cluster1=0 cluster6=0 cluster9=1 cluster10=0 cluster7=0
2 cluster8=0 cluster3=0 cluster2=0 cluster1=0 cluster6=0 cluster9=1 cluster10=0 cluster7=1
3 cluster8=0 cluster3=0 cluster2=0 cluster1=1 cluster6=0 cluster9=0 cluster10=0 cluster7=0
4 cluster8=0 cluster3=0 cluster2=0 cluster1=1 cluster6=0 cluster9=0 cluster10=0 cluster7=1
5 cluster8=0 cluster3=0 cluster2=0 cluster1=1 cluster6=0 cluster9=1 cluster10=0 cluster7=0
6 cluster8=0 cluster3=0 cluster2=0 cluster1=1 cluster6=0 cluster9=1 cluster10=0 cluster7=1
7 cluster8=0 cluster3=0 cluster2=0 cluster1=0 cluster6=0 cluster9=0 cluster10=1 cluster7=1
8 cluster8=0 cluster3=0 cluster2=0 cluster1=0 cluster6=0 cluster9=1 cluster10=1 cluster7=1
9 cluster8=0 cluster3=0 cluster2=0 cluster1=1 cluster6=0 cluster9=0 cluster10=1 cluster7=1
10 cluster8=0 cluster3=0 cluster2=0 cluster1=1 cluster6=0 cluster9=1 cluster10=1 cluster7=1
11 cluster8=0 cluster3=0 cluster2=0 cluster1=0 cluster6=1 cluster9=1 cluster10=1 cluster7=1
12 cluster8=0 cluster3=0 cluster2=0 cluster1=1 cluster6=1 cluster9=1 cluster10=1 cluster7=1
13 cluster8=0 cluster3=0 cluster2=1 cluster1=1 cluster6=1 cluster9=1 cluster10=1 cluster7=1
14 cluster8=0 cluster3=1 cluster2=1 cluster1=1 cluster6=1 cluster9=1 cluster10=1 cluster7=1
15 cluster8=1 cluster3=1 cluster2=1 cluster1=1 cluster6=1 cluster9=1 cluster10=1 cluster7=1
16 cluster8=1 cluster3=1 cluster2=1 cluster1=1 cluster6=1 cluster9=1 cluster10=1 cluster7=0
17 cluster8=1 cluster3=1 cluster2=1 cluster1=1 cluster6=1 cluster9=0 cluster10=1 cluster7=1
18 cluster8=1 cluster3=1 cluster2=1 cluster1=1 cluster6=1 cluster9=0 cluster10=1 cluster7=0
19 cluster8=1 cluster3=1 cluster2=1 cluster1=0 cluster6=1 cluster9=1 cluster10=1 cluster7=1
20 cluster8=1 cluster3=1 cluster2=1 cluster1=0 cluster6=1 cluster9=1 cluster10=1 cluster7=0
21 cluster8=1 cluster3=1 cluster2=1 cluster1=0 cluster6=1 cluster9=0 cluster10=1 cluster7=1
22 cluster8=1 cluster3=1 cluster2=1 cluster1=0 cluster6=1 cluster9=0 cluster10=1 cluster7=0
23 cluster8=1 cluster3=1 cluster2=1 cluster1=1 cluster6=1 cluster9=1 cluster10=0 cluster7=0
24 cluster8=1 cluster3=1 cluster2=1 cluster1=1 cluster6=1 cluster9=0 cluster10=0 cluster7=0
25 cluster8=1 cluster3=1 cluster2=1 cluster1=0 cluster6=1 cluster9=1 cluster10=0 cluster7=0
26 cluster8=1 cluster3=1 cluster2=1 cluster1=0 cluster6=1 cluster9=0 cluster10=0 cluster7=0
27 cluster8=1 cluster3=1 cluster2=1 cluster1=1 cluster6=0 cluster9=0 cluster10=0 cluster7=0
28 cluster8=1 cluster3=1 cluster2=1 cluster1=0 cluster6=0 cluster9=0 cluster10=0 cluster7=0
29 cluster8=1 cluster3=1 cluster2=0 cluster1=0 cluster6=0 cluster9=0 cluster10=0 cluster7=0
30 cluster8=1 cluster3=0 cluster2=0 cluster1=0 cluster6=0 cluster9=0 cluster10=0 cluster7=0
31 cluster8=0 cluster3=0 cluster2=0 cluster1=0 cluster6=1 cluster9=0 cluster10=0 cluster7=0
32 cluster8=0 cluster3=0 cluster2=1 cluster1=0 cluster6=0 cluster9=0 cluster10=0 cluster7=0
33 cluster8=0 cluster3=0 cluster2=0 cluster1=0 cluster6=0 cluster9=0 cluster10=1 cluster7=0
34 cluster8=0 cluster3=1 cluster2=0 cluster1=0 cluster6=0 cluster9=0 cluster10=0 cluster7=0
inputRegulatorOGs.size() = 1999 inputOGList.size() = 50
binkey=128 [Edge status: 0 0 0 0 0 0 0 1 ] P(G)=P(cluster8=0)[0.8] * P(cluster1=0|cluster2=0) * P(cluster9=0|cluster6=0) * P(cluster7=1|cluster10=0) * P(cluster10=0|cluster6=0) * P(cluster6=0|cluster2=0) * P(cluster2=0|cluster3=0) * P(cluster3=0|cluster8=0)[0.0524288]=0.041943
binkey=8 [Edge status: 0 0 0 1 0 0 0 0 ] P(G)=P(cluster8=0)[0.8] * P(cluster1=1|cluster2=0) * P(cluster9=0|cluster6=0) * P(cluster7=0|cluster10=0) * P(cluster10=0|cluster6=0) * P(cluster6=0|cluster2=0) * P(cluster2=0|cluster3=0) * P(cluster3=0|cluster8=0)[0.0524288]=0.041943
binkey=32 [Edge status: 0 0 0 0 0 1 0 0 ] P(G)=P(cluster8=0)[0.8] * P(cluster1=0|cluster2=0) * P(cluster9=1|cluster6=0) * P(cluster7=0|cluster10=0) * P(cluster10=0|cluster6=0) * P(cluster6=0|cluster2=0) * P(cluster2=0|cluster3=0) * P(cluster3=0|cluster8=0)[0.0524288]=0.041943
binkey=4 [Edge status: 0 0 1 0 0 0 0 0 ] P(G)=P(cluster8=0)[0.8] * P(cluster1=0|cluster2=1) * P(cluster9=0|cluster6=0) * P(cluster7=0|cluster10=0) * P(cluster10=0|cluster6=0) * P(cluster6=0|cluster2=1) * P(cluster2=1|cluster3=0) * P(cluster3=0|cluster8=0)[0.0032768]=0.00262144
binkey=16 [Edge status: 0 0 0 0 1 0 0 0 ] P(G)=P(cluster8=0)[0.8] * P(cluster1=0|cluster2=0) * P(cluster9=0|cluster6=1) * P(cluster7=0|cluster10=0) * P(cluster10=0|cluster6=1) * P(cluster6=1|cluster2=0) * P(cluster2=0|cluster3=0) * P(cluster3=0|cluster8=0)[0.0032768]=0.00262144
binkey=192 [Edge status: 0 0 0 0 0 0 1 1 ] P(G)=P(cluster8=0)[0.8] * P(cluster1=0|cluster2=0) * P(cluster9=0|cluster6=0) * P(cluster7=1|cluster10=1) * P(cluster10=1|cluster6=0) * P(cluster6=0|cluster2=0) * P(cluster2=0|cluster3=0) * P(cluster3=0|cluster8=0)[0.0524288]=0.041943
binkey=64 [Edge status: 0 0 0 0 0 0 1 0 ] P(G)=P(cluster8=0)[0.8] * P(cluster1=0|cluster2=0) * P(cluster9=0|cluster6=0) * P(cluster7=0|cluster10=1) * P(cluster10=1|cluster6=0) * P(cluster6=0|cluster2=0) * P(cluster2=0|cluster3=0) * P(cluster3=0|cluster8=0)[0.0131072]=0.0104858
binkey=1 [Edge status: 1 0 0 0 0 0 0 0 ] P(G)=P(cluster8=1)[0.2] * P(cluster1=0|cluster2=0) * P(cluster9=0|cluster6=0) * P(cluster7=0|cluster10=0) * P(cluster10=0|cluster6=0) * P(cluster6=0|cluster2=0) * P(cluster2=0|cluster3=0) * P(cluster3=0|cluster8=1)[0.0524288]=0.0104858
binkey=2 [Edge status: 0 1 0 0 0 0 0 0 ] P(G)=P(cluster8=0)[0.8] * P(cluster1=0|cluster2=0) * P(cluster9=0|cluster6=0) * P(cluster7=0|cluster10=0) * P(cluster10=0|cluster6=0) * P(cluster6=0|cluster2=0) * P(cluster2=0|cluster3=1) * P(cluster3=1|cluster8=0)[0.0131072]=0.0104858
binkey=7 [Edge status: 1 1 1 0 0 0 0 0 ] P(G)=P(cluster8=1)[0.2] * P(cluster1=0|cluster2=1) * P(cluster9=0|cluster6=0) * P(cluster7=0|cluster10=0) * P(cluster10=0|cluster6=0) * P(cluster6=0|cluster2=1) * P(cluster2=1|cluster3=1) * P(cluster3=1|cluster8=1)[0.0131072]=0.00262144
binkey=3 [Edge status: 1 1 0 0 0 0 0 0 ] P(G)=P(cluster8=1)[0.2] * P(cluster1=0|cluster2=0) * P(cluster9=0|cluster6=0) * P(cluster7=0|cluster10=0) * P(cluster10=0|cluster6=0) * P(cluster6=0|cluster2=0) * P(cluster2=0|cluster3=1) * P(cluster3=1|cluster8=1)[0.0524288]=0.0104858
binkey=160 [Edge status: 0 0 0 0 0 1 0 1 ] P(G)=P(cluster8=0)[0.8] * P(cluster1=0|cluster2=0) * P(cluster9=1|cluster6=0) * P(cluster7=1|cluster10=0) * P(cluster10=0|cluster6=0) * P(cluster6=0|cluster2=0) * P(cluster2=0|cluster3=0) * P(cluster3=0|cluster8=0)[0.0131072]=0.0104858
binkey=136 [Edge status: 0 0 0 1 0 0 0 1 ] P(G)=P(cluster8=0)[0.8] * P(cluster1=1|cluster2=0) * P(cluster9=0|cluster6=0) * P(cluster7=1|cluster10=0) * P(cluster10=0|cluster6=0) * P(cluster6=0|cluster2=0) * P(cluster2=0|cluster3=0) * P(cluster3=0|cluster8=0)[0.0131072]=0.0104858
binkey=40 [Edge status: 0 0 0 1 0 1 0 0 ] P(G)=P(cluster8=0)[0.8] * P(cluster1=1|cluster2=0) * P(cluster9=1|cluster6=0) * P(cluster7=0|cluster10=0) * P(cluster10=0|cluster6=0) * P(cluster6=0|cluster2=0) * P(cluster2=0|cluster3=0) * P(cluster3=0|cluster8=0)[0.0131072]=0.0104858
binkey=168 [Edge status: 0 0 0 1 0 1 0 1 ] P(G)=P(cluster8=0)[0.8] * P(cluster1=1|cluster2=0) * P(cluster9=1|cluster6=0) * P(cluster7=1|cluster10=0) * P(cluster10=0|cluster6=0) * P(cluster6=0|cluster2=0) * P(cluster2=0|cluster3=0) * P(cluster3=0|cluster8=0)[0.0032768]=0.00262144
binkey=224 [Edge status: 0 0 0 0 0 1 1 1 ] P(G)=P(cluster8=0)[0.8] * P(cluster1=0|cluster2=0) * P(cluster9=1|cluster6=0) * P(cluster7=1|cluster10=1) * P(cluster10=1|cluster6=0) * P(cluster6=0|cluster2=0) * P(cluster2=0|cluster3=0) * P(cluster3=0|cluster8=0)[0.0131072]=0.0104858
binkey=200 [Edge status: 0 0 0 1 0 0 1 1 ] P(G)=P(cluster8=0)[0.8] * P(cluster1=1|cluster2=0) * P(cluster9=0|cluster6=0) * P(cluster7=1|cluster10=1) * P(cluster10=1|cluster6=0) * P(cluster6=0|cluster2=0) * P(cluster2=0|cluster3=0) * P(cluster3=0|cluster8=0)[0.0131072]=0.0104858
binkey=23 [Edge status: 1 1 1 0 1 0 0 0 ] P(G)=P(cluster8=1)[0.2] * P(cluster1=0|cluster2=1) * P(cluster9=0|cluster6=1) * P(cluster7=0|cluster10=0) * P(cluster10=0|cluster6=1) * P(cluster6=1|cluster2=1) * P(cluster2=1|cluster3=1) * P(cluster3=1|cluster8=1)[0.0032768]=0.00065536
binkey=232 [Edge status: 0 0 0 1 0 1 1 1 ] P(G)=P(cluster8=0)[0.8] * P(cluster1=1|cluster2=0) * P(cluster9=1|cluster6=0) * P(cluster7=1|cluster10=1) * P(cluster10=1|cluster6=0) * P(cluster6=0|cluster2=0) * P(cluster2=0|cluster3=0) * P(cluster3=0|cluster8=0)[0.0032768]=0.00262144
binkey=240 [Edge status: 0 0 0 0 1 1 1 1 ] P(G)=P(cluster8=0)[0.8] * P(cluster1=0|cluster2=0) * P(cluster9=1|cluster6=1) * P(cluster7=1|cluster10=1) * P(cluster10=1|cluster6=1) * P(cluster6=1|cluster2=0) * P(cluster2=0|cluster3=0) * P(cluster3=0|cluster8=0)[0.0524288]=0.041943
binkey=248 [Edge status: 0 0 0 1 1 1 1 1 ] P(G)=P(cluster8=0)[0.8] * P(cluster1=1|cluster2=0) * P(cluster9=1|cluster6=1) * P(cluster7=1|cluster10=1) * P(cluster10=1|cluster6=1) * P(cluster6=1|cluster2=0) * P(cluster2=0|cluster3=0) * P(cluster3=0|cluster8=0)[0.0131072]=0.0104858
binkey=252 [Edge status: 0 0 1 1 1 1 1 1 ] P(G)=P(cluster8=0)[0.8] * P(cluster1=1|cluster2=1) * P(cluster9=1|cluster6=1) * P(cluster7=1|cluster10=1) * P(cluster10=1|cluster6=1) * P(cluster6=1|cluster2=1) * P(cluster2=1|cluster3=0) * P(cluster3=0|cluster8=0)[0.0524288]=0.041943
binkey=119 [Edge status: 1 1 1 0 1 1 1 0 ] P(G)=P(cluster8=1)[0.2] * P(cluster1=0|cluster2=1) * P(cluster9=1|cluster6=1) * P(cluster7=0|cluster10=1) * P(cluster10=1|cluster6=1) * P(cluster6=1|cluster2=1) * P(cluster2=1|cluster3=1) * P(cluster3=1|cluster8=1)[0.0131072]=0.00262144
binkey=87 [Edge status: 1 1 1 0 1 0 1 0 ] P(G)=P(cluster8=1)[0.2] * P(cluster1=0|cluster2=1) * P(cluster9=0|cluster6=1) * P(cluster7=0|cluster10=1) * P(cluster10=1|cluster6=1) * P(cluster6=1|cluster2=1) * P(cluster2=1|cluster3=1) * P(cluster3=1|cluster8=1)[0.0032768]=0.00065536
binkey=55 [Edge status: 1 1 1 0 1 1 0 0 ] P(G)=P(cluster8=1)[0.2] * P(cluster1=0|cluster2=1) * P(cluster9=1|cluster6=1) * P(cluster7=0|cluster10=0) * P(cluster10=0|cluster6=1) * P(cluster6=1|cluster2=1) * P(cluster2=1|cluster3=1) * P(cluster3=1|cluster8=1)[0.0131072]=0.00262144
binkey=215 [Edge status: 1 1 1 0 1 0 1 1 ] P(G)=P(cluster8=1)[0.2] * P(cluster1=0|cluster2=1) * P(cluster9=0|cluster6=1) * P(cluster7=1|cluster10=1) * P(cluster10=1|cluster6=1) * P(cluster6=1|cluster2=1) * P(cluster2=1|cluster3=1) * P(cluster3=1|cluster8=1)[0.0131072]=0.00262144
binkey=247 [Edge status: 1 1 1 0 1 1 1 1 ] P(G)=P(cluster8=1)[0.2] * P(cluster1=0|cluster2=1) * P(cluster9=1|cluster6=1) * P(cluster7=1|cluster10=1) * P(cluster10=1|cluster6=1) * P(cluster6=1|cluster2=1) * P(cluster2=1|cluster3=1) * P(cluster3=1|cluster8=1)[0.0524288]=0.0104858
ITERATION 0 newScore=-2.71597e+06 diffscore=19309.7 priorChange=-109.517 successMove=60
ITERATION 1 newScore=-2.71009e+06 diffscore=5883.54 priorChange=-108.131 successMove=58
ITERATION 2 newScore=-2.7038e+06 diffscore=6292.35 priorChange=-113.676 successMove=51
ITERATION 3 newScore=-2.70056e+06 diffscore=3234.41 priorChange=-116.449 successMove=53
ITERATION 4 newScore=-2.69628e+06 diffscore=4278.86 priorChange=-121.994 successMove=51
ITERATION 5 newScore=-2.69109e+06 diffscore=5194.34 priorChange=-127.539 successMove=53
ITERATION 6 newScore=-2.68684e+06 diffscore=4246.44 priorChange=-116.449 successMove=53
ITERATION 7 newScore=-2.67901e+06 diffscore=7837.33 priorChange=-113.676 successMove=56
ITERATION 8 newScore=-2.67619e+06 diffscore=2817.54 priorChange=-108.131 successMove=52
ITERATION 9 newScore=-2.67146e+06 diffscore=4724.28 priorChange=-106.745 successMove=50
ITERATION 10 newScore=-2.66906e+06 diffscore=2400.44 priorChange=-120.608 successMove=52
ITERATION 11 newScore=-2.66504e+06 diffscore=4020.14 priorChange=-119.221 successMove=53
ITERATION 12 newScore=-2.66267e+06 diffscore=2376.08 priorChange=-115.062 successMove=51
ITERATION 13 newScore=-2.65815e+06 diffscore=4513.74 priorChange=-124.766 successMove=51
ITERATION 14 newScore=-2.65116e+06 diffscore=6992.34 priorChange=-113.676 successMove=49
ITERATION 15 newScore=-2.64663e+06 diffscore=4527.45 priorChange=-120.608 successMove=51
ITERATION 16 newScore=-2.64522e+06 diffscore=1409.71 priorChange=-120.608 successMove=51
ITERATION 17 newScore=-2.6425e+06 diffscore=2722.59 priorChange=-119.221 successMove=51
ITERATION 18 newScore=-2.6415e+06 diffscore=1002.27 priorChange=-116.449 successMove=50
ITERATION 19 newScore=-2.63927e+06 diffscore=2230.89 priorChange=-123.38 successMove=49
ITERATION 20 newScore=-2.63651e+06 diffscore=2759.66 priorChange=-99.8132 successMove=53
ITERATION 21 newScore=-2.63255e+06 diffscore=3961.29 priorChange=-109.517 successMove=49
ITERATION 22 newScore=-2.63148e+06 diffscore=1072.14 priorChange=-105.358 successMove=49
ITERATION 23 newScore=-2.62822e+06 diffscore=3259.46 priorChange=-119.221 successMove=49
ITERATION 24 newScore=-2.62701e+06 diffscore=1206.78 priorChange=-121.994 successMove=48
ITERATION 25 newScore=-2.6251e+06 diffscore=1909.08 priorChange=-105.358 successMove=49
ITERATION 26 newScore=-2.62193e+06 diffscore=3167.85 priorChange=-112.29 successMove=51
ITERATION 27 newScore=-2.62075e+06 diffscore=1179.76 priorChange=-110.904 successMove=47
ITERATION 28 newScore=-2.62004e+06 diffscore=715.257 priorChange=-98.4269 successMove=49
ITERATION 29 newScore=-2.61849e+06 diffscore=1549.06 priorChange=-109.517 successMove=47
ITERATION 30 newScore=-2.6147e+06 diffscore=3787.88 priorChange=-105.358 successMove=46
ITERATION 31 newScore=-2.61297e+06 diffscore=1734.93 priorChange=-113.676 successMove=46
ITERATION 32 newScore=-2.61231e+06 diffscore=659.11 priorChange=-99.8132 successMove=47
ITERATION 33 newScore=-2.61072e+06 diffscore=1584.37 priorChange=-109.517 successMove=48
ITERATION 34 newScore=-2.60881e+06 diffscore=1912.05 priorChange=-95.6543 successMove=47
ITERATION 35 newScore=-2.60744e+06 diffscore=1367.5 priorChange=-119.221 successMove=49
ITERATION 36 newScore=-2.60579e+06 diffscore=1656.76 priorChange=-113.676 successMove=50
ITERATION 37 newScore=-2.60416e+06 diffscore=1629.35 priorChange=-97.0406 successMove=48
ITERATION 38 newScore=-2.60259e+06 diffscore=1571.38 priorChange=-92.8817 successMove=46
ITERATION 39 newScore=-2.60135e+06 diffscore=1237.3 priorChange=-97.0406 successMove=46
ITERATION 40 newScore=-2.59933e+06 diffscore=2019.84 priorChange=-108.131 successMove=46
ITERATION 41 newScore=-2.59726e+06 diffscore=2072.07 priorChange=-91.4954 successMove=45
ITERATION 42 newScore=-2.59568e+06 diffscore=1571.7 priorChange=-88.7228 successMove=45
ITERATION 43 newScore=-2.59402e+06 diffscore=1665.79 priorChange=-91.4954 successMove=45
ITERATION 44 newScore=-2.59253e+06 diffscore=1488.21 priorChange=-95.6543 successMove=45
ITERATION 45 newScore=-2.59226e+06 diffscore=272.328 priorChange=-102.586 successMove=47
ITERATION 46 newScore=-2.59064e+06 diffscore=1617.03 priorChange=-73.4736 successMove=44
ITERATION 47 newScore=-2.59034e+06 diffscore=297.008 priorChange=-95.6543 successMove=45
ITERATION 48 newScore=-2.58883e+06 diffscore=1513.67 priorChange=-73.4736 successMove=45
ITERATION 49 newScore=-2.58759e+06 diffscore=1243.46 priorChange=-94.268 successMove=45
ITERATION 50 newScore=-2.58621e+06 diffscore=1375.73 priorChange=-97.0406 successMove=45
ITERATION 51 newScore=-2.58487e+06 diffscore=1337.84 priorChange=-81.7914 successMove=43
ITERATION 52 newScore=-2.58458e+06 diffscore=295.174 priorChange=-95.6543 successMove=41
ITERATION 53 newScore=-2.58428e+06 diffscore=293.811 priorChange=-83.1777 successMove=41
ITERATION 54 newScore=-2.58393e+06 diffscore=358.794 priorChange=-88.7228 successMove=41
ITERATION 55 newScore=-2.58158e+06 diffscore=2345.33 priorChange=-80.4051 successMove=41
ITERATION 56 newScore=-2.58027e+06 diffscore=1311.18 priorChange=-85.9503 successMove=45
ITERATION 57 newScore=-2.57816e+06 diffscore=2107.31 priorChange=-87.3365 successMove=41
ITERATION 58 newScore=-2.57798e+06 diffscore=181.428 priorChange=-73.4736 successMove=42
ITERATION 59 newScore=-2.57781e+06 diffscore=173.225 priorChange=-88.7228 successMove=41
ITERATION 60 newScore=-2.57751e+06 diffscore=300.961 priorChange=-97.0406 successMove=41
ITERATION 61 newScore=-2.57626e+06 diffscore=1244.07 priorChange=-69.3147 successMove=39
ITERATION 62 newScore=-2.57599e+06 diffscore=271.724 priorChange=-83.1777 successMove=37
ITERATION 63 newScore=-2.57575e+06 diffscore=243.388 priorChange=-87.3365 successMove=36
ITERATION 64 newScore=-2.57338e+06 diffscore=2368.51 priorChange=-73.4736 successMove=33
ITERATION 65 newScore=-2.57315e+06 diffscore=223.85 priorChange=-67.9284 successMove=32
ITERATION 66 newScore=-2.57292e+06 diffscore=231.175 priorChange=-66.5421 successMove=30
ITERATION 67 newScore=-2.57194e+06 diffscore=985.85 priorChange=-48.5203 successMove=28
ITERATION 68 newScore=-2.57179e+06 diffscore=145.614 priorChange=-55.4518 successMove=27
ITERATION 69 newScore=-2.57163e+06 diffscore=164.457 priorChange=-47.134 successMove=27
ITERATION 70 newScore=-2.57137e+06 diffscore=256.851 priorChange=-52.6792 successMove=26
ITERATION 71 newScore=-2.57102e+06 diffscore=345.38 priorChange=-58.2244 successMove=25
ITERATION 72 newScore=-2.57092e+06 diffscore=106.515 priorChange=-44.3614 successMove=24
ITERATION 73 newScore=-2.57072e+06 diffscore=195.542 priorChange=-47.134 successMove=23
ITERATION 74 newScore=-2.56889e+06 diffscore=1829.82 priorChange=-45.7477 successMove=22
ITERATION 75 newScore=-2.5688e+06 diffscore=90.3049 priorChange=-37.4299 successMove=23
ITERATION 76 newScore=-2.56874e+06 diffscore=65.874 priorChange=-30.4985 successMove=22
ITERATION 77 newScore=-2.56864e+06 diffscore=99.0124 priorChange=-36.0437 successMove=21
ITERATION 78 newScore=-2.56856e+06 diffscore=81.2313 priorChange=-47.134 successMove=22
ITERATION 79 newScore=-2.5685e+06 diffscore=57.5484 priorChange=-31.8848 successMove=16
ITERATION 80 newScore=-2.56845e+06 diffscore=50.9367 priorChange=-29.1122 successMove=16
ITERATION 81 newScore=-2.56839e+06 diffscore=63.1379 priorChange=-40.2025 successMove=16
ITERATION 82 newScore=-2.56833e+06 diffscore=58.4866 priorChange=-34.6574 successMove=15
ITERATION 83 newScore=-2.56827e+06 diffscore=54.2951 priorChange=-31.8848 successMove=14
ITERATION 84 newScore=-2.5682e+06 diffscore=71.366 priorChange=-33.2711 successMove=13
ITERATION 85 newScore=-2.56814e+06 diffscore=58.849 priorChange=-26.3396 successMove=13
ITERATION 86 newScore=-2.56809e+06 diffscore=48.1062 priorChange=-20.7944 successMove=9
ITERATION 87 newScore=-2.56803e+06 diffscore=62.884 priorChange=-22.1807 successMove=9
ITERATION 88 newScore=-2.56794e+06 diffscore=95.609 priorChange=-16.6355 successMove=10
ITERATION 89 newScore=-2.56786e+06 diffscore=77.7782 priorChange=-16.6355 successMove=7
ITERATION 90 newScore=-2.5678e+06 diffscore=56.7838 priorChange=-6.93147 successMove=8
ITERATION 91 newScore=-2.56776e+06 diffscore=37.6432 priorChange=-9.70406 successMove=7
ITERATION 92 newScore=-2.56766e+06 diffscore=104.319 priorChange=-13.8629 successMove=7
ITERATION 93 newScore=-2.56657e+06 diffscore=1086.37 priorChange=-15.2492 successMove=8
ITERATION 94 newScore=-2.56537e+06 diffscore=1200.95 priorChange=-6.93147 successMove=5
ITERATION 95 newScore=-2.56535e+06 diffscore=19.4035 priorChange=-9.70406 successMove=5
ITERATION 96 newScore=-2.56533e+06 diffscore=19.8293 priorChange=-9.70406 successMove=5
ITERATION 97 newScore=-2.5653e+06 diffscore=27.3998 priorChange=-13.8629 successMove=5
ITERATION 98 newScore=-2.56529e+06 diffscore=16.7428 priorChange=-9.70406 successMove=4
ITERATION 99 newScore=-2.56527e+06 diffscore=18.3774 priorChange=-6.93147 successMove=4
MetaLearner::dumpAllGraphs
Final Score -2.56527e+06
MetaLearner::start runtime: 1574097260 ms
Results/
Results/cluster2/
Results/cluster2/fold0/
Results/cluster2/fold0/var_mb_pw_k50.txt
Results/cluster2/fold0/modelparams.txt
Results/cluster9/
Results/cluster9/fold0/
Results/cluster9/fold0/var_mb_pw_k50.txt
Results/cluster9/fold0/modelparams.txt
Results/cluster1/
Results/cluster1/fold0/
Results/cluster1/fold0/var_mb_pw_k50.txt
Results/cluster1/fold0/modelparams.txt
Results/cluster3/
Results/cluster3/fold0/
Results/cluster3/fold0/var_mb_pw_k50.txt
Results/cluster3/fold0/modelparams.txt
Results/cluster8/
Results/cluster8/scoreFile.txt
Results/cluster8/fold0/
Results/cluster8/fold0/var_mb_pw_k50.txt
Results/cluster8/fold0/modelparams.txt
Results/cluster6/
Results/cluster6/fold0/
Results/cluster6/fold0/var_mb_pw_k50.txt
Results/cluster6/fold0/modelparams.txt
Results/cluster10/
Results/cluster10/fold0/
Results/cluster10/fold0/var_mb_pw_k50.txt
Results/cluster10/fold0/modelparams.txt
Results/cluster7/
Results/cluster7/fold0/
Results/cluster7/fold0/var_mb_pw_k50.txt
Results/cluster7/fold0/modelparams.txt
