000 (49777.788.000) 10/11 10:48:09 Job submitted from host: <144.92.142.142:9618?addrs=144.92.142.142-9618&noUDP&sock=44923_051a_3>
...
001 (49777.788.000) 10/11 14:44:42 Job executing on host: <128.105.68.16:9618?addrs=128.105.68.16-9618&alias=coba2000.chtc.wisc.edu&noUDP&sock=startd_7305_336c>
...
006 (49777.788.000) 10/11 14:44:51 Image size of job updated: 105440
	103  -  MemoryUsage of job (MB)
	105432  -  ResidentSetSize of job (KB)
...
006 (49777.788.000) 10/11 14:49:52 Image size of job updated: 721252
	655  -  MemoryUsage of job (MB)
	670128  -  ResidentSetSize of job (KB)
...
006 (49777.788.000) 10/11 14:54:52 Image size of job updated: 1030420
	957  -  MemoryUsage of job (MB)
	979516  -  ResidentSetSize of job (KB)
...
006 (49777.788.000) 10/11 14:59:52 Image size of job updated: 1485296
	1432  -  MemoryUsage of job (MB)
	1465480  -  ResidentSetSize of job (KB)
...
006 (49777.788.000) 10/11 15:04:53 Image size of job updated: 2576132
	2512  -  MemoryUsage of job (MB)
	2572016  -  ResidentSetSize of job (KB)
...
006 (49777.788.000) 10/11 15:08:25 Image size of job updated: 3599504
	2512  -  MemoryUsage of job (MB)
	2572016  -  ResidentSetSize of job (KB)
...
005 (49777.788.000) 10/11 15:08:25 Job terminated.
	(1) Normal termination (return value 0)
		Usr 0 00:23:29, Sys 0 00:00:06  -  Run Remote Usage
		Usr 0 00:00:00, Sys 0 00:00:00  -  Run Local Usage
		Usr 0 00:23:29, Sys 0 00:00:06  -  Total Remote Usage
		Usr 0 00:00:00, Sys 0 00:00:00  -  Total Local Usage
	173587  -  Run Bytes Sent By Job
	316889536  -  Run Bytes Received By Job
	173587  -  Total Bytes Sent By Job
	316889536  -  Total Bytes Received By Job
	Partitionable Resources :     Usage  Request Allocated 
	   Cpus                 :      0.99        1         1 
	   Disk (KB)            : 325000      819200  44742796 
	   Gpus                 :                            0 
	   Ioheavy              :                            0 
	   Memory (MB)          :   2512       20480     21341 
...
