./CVN -f config_condor.txt -x50 -v1 -l TFs_OGs.txt -n AllGenes91.txt -d celltype_tree_ancestor.txt -m testdata_ogids.txt -s celltype_order.txt -p 0.2 -c yes -b -4 -q 4
(cluster3|cluster8) p_maintain_edge=0.8 p_gain=0.2
(cluster2|cluster3) p_maintain_edge=0.8 p_gain=0.2
(cluster1|cluster2) p_maintain_edge=0.8 p_gain=0.2
(cluster6|cluster2) p_maintain_edge=0.8 p_gain=0.2
(cluster9|cluster6) p_maintain_edge=0.8 p_gain=0.2
(cluster10|cluster6) p_maintain_edge=0.8 p_gain=0.2
(cluster7|cluster10) p_maintain_edge=0.8 p_gain=0.2
speciesSet.size()=8 Root is cluster8
MappedOrthogroupReader::readSpeciesMapping() --- celltype_order.txt
MappedOrthogroupReader::readFile - testdata_ogids.txt
MappedOrthogroupReader::generateGeneOrthoMap()
MetaLearner::init_onefold() read:config_condor.txt
MetaLearner::setinputVariableNames number of variables: 2037
readEvidenceTable:cluster8.table
PotentialManager::loadEvidenceFromTable varCount=2037 sampleCount=348
motifNetwork.size() = 319
0=cluster8 motifNetwork=cluster8_network.txt
variable size=2037
readEvidenceTable:cluster3.table
PotentialManager::loadEvidenceFromTable varCount=2037 sampleCount=95
motifNetwork.size() = 326
1=cluster3 motifNetwork=cluster3_network.txt
variable size=2037
readEvidenceTable:cluster2.table
PotentialManager::loadEvidenceFromTable varCount=2037 sampleCount=386
motifNetwork.size() = 328
2=cluster2 motifNetwork=cluster2_network.txt
variable size=2037
readEvidenceTable:cluster1.table
PotentialManager::loadEvidenceFromTable varCount=2037 sampleCount=36
motifNetwork.size() = 322
3=cluster1 motifNetwork=cluster1_network.txt
variable size=2037
readEvidenceTable:cluster6.table
PotentialManager::loadEvidenceFromTable varCount=2037 sampleCount=524
motifNetwork.size() = 320
4=cluster6 motifNetwork=cluster6_network.txt
variable size=2037
readEvidenceTable:cluster9.table
PotentialManager::loadEvidenceFromTable varCount=2037 sampleCount=184
motifNetwork.size() = 327
5=cluster9 motifNetwork=cluster9_network.txt
variable size=2037
readEvidenceTable:cluster10.table
PotentialManager::loadEvidenceFromTable varCount=2037 sampleCount=165
motifNetwork.size() = 326
6=cluster10 motifNetwork=cluster10_network.txt
variable size=2037
readEvidenceTable:cluster7.table
PotentialManager::loadEvidenceFromTable varCount=2037 sampleCount=1032
motifNetwork.size() = 320
7=cluster7 motifNetwork=cluster7_network.txt
variable size=2037
-------------------------------------------------------------
MetaLearner::start
precomputeEmptyGraphPrior
binkey=0 [Edge status: 0 0 0 0 0 0 0 0 ] P(G)=P(cluster8=0)[0.8] * P(cluster1=0|cluster2=0) * P(cluster9=0|cluster6=0) * P(cluster7=0|cluster10=0) * P(cluster10=0|cluster6=0) * P(cluster6=0|cluster2=0) * P(cluster2=0|cluster3=0) * P(cluster3=0|cluster8=0)[0.209715]=0.167772
condsetMap_Tree
0 cluster8=0 cluster3=0 cluster2=0 cluster1=0 cluster6=0 cluster9=0 cluster10=0 cluster7=1
1 cluster8=0 cluster3=0 cluster2=0 cluster1=0 cluster6=0 cluster9=1 cluster10=0 cluster7=0
2 cluster8=0 cluster3=0 cluster2=0 cluster1=0 cluster6=0 cluster9=1 cluster10=0 cluster7=1
3 cluster8=0 cluster3=0 cluster2=0 cluster1=1 cluster6=0 cluster9=0 cluster10=0 cluster7=0
4 cluster8=0 cluster3=0 cluster2=0 cluster1=1 cluster6=0 cluster9=0 cluster10=0 cluster7=1
5 cluster8=0 cluster3=0 cluster2=0 cluster1=1 cluster6=0 cluster9=1 cluster10=0 cluster7=0
6 cluster8=0 cluster3=0 cluster2=0 cluster1=1 cluster6=0 cluster9=1 cluster10=0 cluster7=1
7 cluster8=0 cluster3=0 cluster2=0 cluster1=0 cluster6=0 cluster9=0 cluster10=1 cluster7=1
8 cluster8=0 cluster3=0 cluster2=0 cluster1=0 cluster6=0 cluster9=1 cluster10=1 cluster7=1
9 cluster8=0 cluster3=0 cluster2=0 cluster1=1 cluster6=0 cluster9=0 cluster10=1 cluster7=1
10 cluster8=0 cluster3=0 cluster2=0 cluster1=1 cluster6=0 cluster9=1 cluster10=1 cluster7=1
11 cluster8=0 cluster3=0 cluster2=0 cluster1=0 cluster6=1 cluster9=1 cluster10=1 cluster7=1
12 cluster8=0 cluster3=0 cluster2=0 cluster1=1 cluster6=1 cluster9=1 cluster10=1 cluster7=1
13 cluster8=0 cluster3=0 cluster2=1 cluster1=1 cluster6=1 cluster9=1 cluster10=1 cluster7=1
14 cluster8=0 cluster3=1 cluster2=1 cluster1=1 cluster6=1 cluster9=1 cluster10=1 cluster7=1
15 cluster8=1 cluster3=1 cluster2=1 cluster1=1 cluster6=1 cluster9=1 cluster10=1 cluster7=1
16 cluster8=1 cluster3=1 cluster2=1 cluster1=1 cluster6=1 cluster9=1 cluster10=1 cluster7=0
17 cluster8=1 cluster3=1 cluster2=1 cluster1=1 cluster6=1 cluster9=0 cluster10=1 cluster7=1
18 cluster8=1 cluster3=1 cluster2=1 cluster1=1 cluster6=1 cluster9=0 cluster10=1 cluster7=0
19 cluster8=1 cluster3=1 cluster2=1 cluster1=0 cluster6=1 cluster9=1 cluster10=1 cluster7=1
20 cluster8=1 cluster3=1 cluster2=1 cluster1=0 cluster6=1 cluster9=1 cluster10=1 cluster7=0
21 cluster8=1 cluster3=1 cluster2=1 cluster1=0 cluster6=1 cluster9=0 cluster10=1 cluster7=1
22 cluster8=1 cluster3=1 cluster2=1 cluster1=0 cluster6=1 cluster9=0 cluster10=1 cluster7=0
23 cluster8=1 cluster3=1 cluster2=1 cluster1=1 cluster6=1 cluster9=1 cluster10=0 cluster7=0
24 cluster8=1 cluster3=1 cluster2=1 cluster1=1 cluster6=1 cluster9=0 cluster10=0 cluster7=0
25 cluster8=1 cluster3=1 cluster2=1 cluster1=0 cluster6=1 cluster9=1 cluster10=0 cluster7=0
26 cluster8=1 cluster3=1 cluster2=1 cluster1=0 cluster6=1 cluster9=0 cluster10=0 cluster7=0
27 cluster8=1 cluster3=1 cluster2=1 cluster1=1 cluster6=0 cluster9=0 cluster10=0 cluster7=0
28 cluster8=1 cluster3=1 cluster2=1 cluster1=0 cluster6=0 cluster9=0 cluster10=0 cluster7=0
29 cluster8=1 cluster3=1 cluster2=0 cluster1=0 cluster6=0 cluster9=0 cluster10=0 cluster7=0
30 cluster8=1 cluster3=0 cluster2=0 cluster1=0 cluster6=0 cluster9=0 cluster10=0 cluster7=0
31 cluster8=0 cluster3=0 cluster2=0 cluster1=0 cluster6=1 cluster9=0 cluster10=0 cluster7=0
32 cluster8=0 cluster3=0 cluster2=1 cluster1=0 cluster6=0 cluster9=0 cluster10=0 cluster7=0
33 cluster8=0 cluster3=0 cluster2=0 cluster1=0 cluster6=0 cluster9=0 cluster10=1 cluster7=0
34 cluster8=0 cluster3=1 cluster2=0 cluster1=0 cluster6=0 cluster9=0 cluster10=0 cluster7=0
inputRegulatorOGs.size() = 1999 inputOGList.size() = 50
binkey=32 [Edge status: 0 0 0 0 0 1 0 0 ] P(G)=P(cluster8=0)[0.8] * P(cluster1=0|cluster2=0) * P(cluster9=1|cluster6=0) * P(cluster7=0|cluster10=0) * P(cluster10=0|cluster6=0) * P(cluster6=0|cluster2=0) * P(cluster2=0|cluster3=0) * P(cluster3=0|cluster8=0)[0.0524288]=0.041943
binkey=64 [Edge status: 0 0 0 0 0 0 1 0 ] P(G)=P(cluster8=0)[0.8] * P(cluster1=0|cluster2=0) * P(cluster9=0|cluster6=0) * P(cluster7=0|cluster10=1) * P(cluster10=1|cluster6=0) * P(cluster6=0|cluster2=0) * P(cluster2=0|cluster3=0) * P(cluster3=0|cluster8=0)[0.0131072]=0.0104858
binkey=8 [Edge status: 0 0 0 1 0 0 0 0 ] P(G)=P(cluster8=0)[0.8] * P(cluster1=1|cluster2=0) * P(cluster9=0|cluster6=0) * P(cluster7=0|cluster10=0) * P(cluster10=0|cluster6=0) * P(cluster6=0|cluster2=0) * P(cluster2=0|cluster3=0) * P(cluster3=0|cluster8=0)[0.0524288]=0.041943
binkey=2 [Edge status: 0 1 0 0 0 0 0 0 ] P(G)=P(cluster8=0)[0.8] * P(cluster1=0|cluster2=0) * P(cluster9=0|cluster6=0) * P(cluster7=0|cluster10=0) * P(cluster10=0|cluster6=0) * P(cluster6=0|cluster2=0) * P(cluster2=0|cluster3=1) * P(cluster3=1|cluster8=0)[0.0131072]=0.0104858
binkey=1 [Edge status: 1 0 0 0 0 0 0 0 ] P(G)=P(cluster8=1)[0.2] * P(cluster1=0|cluster2=0) * P(cluster9=0|cluster6=0) * P(cluster7=0|cluster10=0) * P(cluster10=0|cluster6=0) * P(cluster6=0|cluster2=0) * P(cluster2=0|cluster3=0) * P(cluster3=0|cluster8=1)[0.0524288]=0.0104858
binkey=16 [Edge status: 0 0 0 0 1 0 0 0 ] P(G)=P(cluster8=0)[0.8] * P(cluster1=0|cluster2=0) * P(cluster9=0|cluster6=1) * P(cluster7=0|cluster10=0) * P(cluster10=0|cluster6=1) * P(cluster6=1|cluster2=0) * P(cluster2=0|cluster3=0) * P(cluster3=0|cluster8=0)[0.0032768]=0.00262144
binkey=4 [Edge status: 0 0 1 0 0 0 0 0 ] P(G)=P(cluster8=0)[0.8] * P(cluster1=0|cluster2=1) * P(cluster9=0|cluster6=0) * P(cluster7=0|cluster10=0) * P(cluster10=0|cluster6=0) * P(cluster6=0|cluster2=1) * P(cluster2=1|cluster3=0) * P(cluster3=0|cluster8=0)[0.0032768]=0.00262144
binkey=128 [Edge status: 0 0 0 0 0 0 0 1 ] P(G)=P(cluster8=0)[0.8] * P(cluster1=0|cluster2=0) * P(cluster9=0|cluster6=0) * P(cluster7=1|cluster10=0) * P(cluster10=0|cluster6=0) * P(cluster6=0|cluster2=0) * P(cluster2=0|cluster3=0) * P(cluster3=0|cluster8=0)[0.0524288]=0.041943
binkey=160 [Edge status: 0 0 0 0 0 1 0 1 ] P(G)=P(cluster8=0)[0.8] * P(cluster1=0|cluster2=0) * P(cluster9=1|cluster6=0) * P(cluster7=1|cluster10=0) * P(cluster10=0|cluster6=0) * P(cluster6=0|cluster2=0) * P(cluster2=0|cluster3=0) * P(cluster3=0|cluster8=0)[0.0131072]=0.0104858
binkey=136 [Edge status: 0 0 0 1 0 0 0 1 ] P(G)=P(cluster8=0)[0.8] * P(cluster1=1|cluster2=0) * P(cluster9=0|cluster6=0) * P(cluster7=1|cluster10=0) * P(cluster10=0|cluster6=0) * P(cluster6=0|cluster2=0) * P(cluster2=0|cluster3=0) * P(cluster3=0|cluster8=0)[0.0131072]=0.0104858
binkey=40 [Edge status: 0 0 0 1 0 1 0 0 ] P(G)=P(cluster8=0)[0.8] * P(cluster1=1|cluster2=0) * P(cluster9=1|cluster6=0) * P(cluster7=0|cluster10=0) * P(cluster10=0|cluster6=0) * P(cluster6=0|cluster2=0) * P(cluster2=0|cluster3=0) * P(cluster3=0|cluster8=0)[0.0131072]=0.0104858
binkey=168 [Edge status: 0 0 0 1 0 1 0 1 ] P(G)=P(cluster8=0)[0.8] * P(cluster1=1|cluster2=0) * P(cluster9=1|cluster6=0) * P(cluster7=1|cluster10=0) * P(cluster10=0|cluster6=0) * P(cluster6=0|cluster2=0) * P(cluster2=0|cluster3=0) * P(cluster3=0|cluster8=0)[0.0032768]=0.00262144
binkey=192 [Edge status: 0 0 0 0 0 0 1 1 ] P(G)=P(cluster8=0)[0.8] * P(cluster1=0|cluster2=0) * P(cluster9=0|cluster6=0) * P(cluster7=1|cluster10=1) * P(cluster10=1|cluster6=0) * P(cluster6=0|cluster2=0) * P(cluster2=0|cluster3=0) * P(cluster3=0|cluster8=0)[0.0524288]=0.041943
binkey=224 [Edge status: 0 0 0 0 0 1 1 1 ] P(G)=P(cluster8=0)[0.8] * P(cluster1=0|cluster2=0) * P(cluster9=1|cluster6=0) * P(cluster7=1|cluster10=1) * P(cluster10=1|cluster6=0) * P(cluster6=0|cluster2=0) * P(cluster2=0|cluster3=0) * P(cluster3=0|cluster8=0)[0.0131072]=0.0104858
binkey=200 [Edge status: 0 0 0 1 0 0 1 1 ] P(G)=P(cluster8=0)[0.8] * P(cluster1=1|cluster2=0) * P(cluster9=0|cluster6=0) * P(cluster7=1|cluster10=1) * P(cluster10=1|cluster6=0) * P(cluster6=0|cluster2=0) * P(cluster2=0|cluster3=0) * P(cluster3=0|cluster8=0)[0.0131072]=0.0104858
binkey=232 [Edge status: 0 0 0 1 0 1 1 1 ] P(G)=P(cluster8=0)[0.8] * P(cluster1=1|cluster2=0) * P(cluster9=1|cluster6=0) * P(cluster7=1|cluster10=1) * P(cluster10=1|cluster6=0) * P(cluster6=0|cluster2=0) * P(cluster2=0|cluster3=0) * P(cluster3=0|cluster8=0)[0.0032768]=0.00262144
binkey=3 [Edge status: 1 1 0 0 0 0 0 0 ] P(G)=P(cluster8=1)[0.2] * P(cluster1=0|cluster2=0) * P(cluster9=0|cluster6=0) * P(cluster7=0|cluster10=0) * P(cluster10=0|cluster6=0) * P(cluster6=0|cluster2=0) * P(cluster2=0|cluster3=1) * P(cluster3=1|cluster8=1)[0.0524288]=0.0104858
binkey=240 [Edge status: 0 0 0 0 1 1 1 1 ] P(G)=P(cluster8=0)[0.8] * P(cluster1=0|cluster2=0) * P(cluster9=1|cluster6=1) * P(cluster7=1|cluster10=1) * P(cluster10=1|cluster6=1) * P(cluster6=1|cluster2=0) * P(cluster2=0|cluster3=0) * P(cluster3=0|cluster8=0)[0.0524288]=0.041943
binkey=248 [Edge status: 0 0 0 1 1 1 1 1 ] P(G)=P(cluster8=0)[0.8] * P(cluster1=1|cluster2=0) * P(cluster9=1|cluster6=1) * P(cluster7=1|cluster10=1) * P(cluster10=1|cluster6=1) * P(cluster6=1|cluster2=0) * P(cluster2=0|cluster3=0) * P(cluster3=0|cluster8=0)[0.0131072]=0.0104858
binkey=7 [Edge status: 1 1 1 0 0 0 0 0 ] P(G)=P(cluster8=1)[0.2] * P(cluster1=0|cluster2=1) * P(cluster9=0|cluster6=0) * P(cluster7=0|cluster10=0) * P(cluster10=0|cluster6=0) * P(cluster6=0|cluster2=1) * P(cluster2=1|cluster3=1) * P(cluster3=1|cluster8=1)[0.0131072]=0.00262144
binkey=55 [Edge status: 1 1 1 0 1 1 0 0 ] P(G)=P(cluster8=1)[0.2] * P(cluster1=0|cluster2=1) * P(cluster9=1|cluster6=1) * P(cluster7=0|cluster10=0) * P(cluster10=0|cluster6=1) * P(cluster6=1|cluster2=1) * P(cluster2=1|cluster3=1) * P(cluster3=1|cluster8=1)[0.0131072]=0.00262144
binkey=23 [Edge status: 1 1 1 0 1 0 0 0 ] P(G)=P(cluster8=1)[0.2] * P(cluster1=0|cluster2=1) * P(cluster9=0|cluster6=1) * P(cluster7=0|cluster10=0) * P(cluster10=0|cluster6=1) * P(cluster6=1|cluster2=1) * P(cluster2=1|cluster3=1) * P(cluster3=1|cluster8=1)[0.0032768]=0.00065536
binkey=215 [Edge status: 1 1 1 0 1 0 1 1 ] P(G)=P(cluster8=1)[0.2] * P(cluster1=0|cluster2=1) * P(cluster9=0|cluster6=1) * P(cluster7=1|cluster10=1) * P(cluster10=1|cluster6=1) * P(cluster6=1|cluster2=1) * P(cluster2=1|cluster3=1) * P(cluster3=1|cluster8=1)[0.0131072]=0.00262144
binkey=87 [Edge status: 1 1 1 0 1 0 1 0 ] P(G)=P(cluster8=1)[0.2] * P(cluster1=0|cluster2=1) * P(cluster9=0|cluster6=1) * P(cluster7=0|cluster10=1) * P(cluster10=1|cluster6=1) * P(cluster6=1|cluster2=1) * P(cluster2=1|cluster3=1) * P(cluster3=1|cluster8=1)[0.0032768]=0.00065536
binkey=223 [Edge status: 1 1 1 1 1 0 1 1 ] P(G)=P(cluster8=1)[0.2] * P(cluster1=1|cluster2=1) * P(cluster9=0|cluster6=1) * P(cluster7=1|cluster10=1) * P(cluster10=1|cluster6=1) * P(cluster6=1|cluster2=1) * P(cluster2=1|cluster3=1) * P(cluster3=1|cluster8=1)[0.0524288]=0.0104858
binkey=95 [Edge status: 1 1 1 1 1 0 1 0 ] P(G)=P(cluster8=1)[0.2] * P(cluster1=1|cluster2=1) * P(cluster9=0|cluster6=1) * P(cluster7=0|cluster10=1) * P(cluster10=1|cluster6=1) * P(cluster6=1|cluster2=1) * P(cluster2=1|cluster3=1) * P(cluster3=1|cluster8=1)[0.0131072]=0.00262144
binkey=31 [Edge status: 1 1 1 1 1 0 0 0 ] P(G)=P(cluster8=1)[0.2] * P(cluster1=1|cluster2=1) * P(cluster9=0|cluster6=1) * P(cluster7=0|cluster10=0) * P(cluster10=0|cluster6=1) * P(cluster6=1|cluster2=1) * P(cluster2=1|cluster3=1) * P(cluster3=1|cluster8=1)[0.0131072]=0.00262144
binkey=15 [Edge status: 1 1 1 1 0 0 0 0 ] P(G)=P(cluster8=1)[0.2] * P(cluster1=1|cluster2=1) * P(cluster9=0|cluster6=0) * P(cluster7=0|cluster10=0) * P(cluster10=0|cluster6=0) * P(cluster6=0|cluster2=1) * P(cluster2=1|cluster3=1) * P(cluster3=1|cluster8=1)[0.0524288]=0.0104858
ITERATION 0 newScore=-2.67111e+06 diffscore=19157.4 priorChange=-108.131 successMove=65
ITERATION 1 newScore=-2.66396e+06 diffscore=7148.02 priorChange=-103.972 successMove=55
ITERATION 2 newScore=-2.65449e+06 diffscore=9470.75 priorChange=-106.745 successMove=51
ITERATION 3 newScore=-2.6502e+06 diffscore=4293.22 priorChange=-113.676 successMove=55
ITERATION 4 newScore=-2.64749e+06 diffscore=2709.9 priorChange=-113.676 successMove=52
ITERATION 5 newScore=-2.64203e+06 diffscore=5458.69 priorChange=-116.449 successMove=55
ITERATION 6 newScore=-2.63883e+06 diffscore=3197.21 priorChange=-117.835 successMove=52
ITERATION 7 newScore=-2.63761e+06 diffscore=1217.09 priorChange=-123.38 successMove=52
ITERATION 8 newScore=-2.63451e+06 diffscore=3107.76 priorChange=-98.4269 successMove=52
ITERATION 9 newScore=-2.63054e+06 diffscore=3970.38 priorChange=-121.994 successMove=52
ITERATION 10 newScore=-2.62824e+06 diffscore=2296.57 priorChange=-121.994 successMove=51
ITERATION 11 newScore=-2.62726e+06 diffscore=975.427 priorChange=-119.221 successMove=52
ITERATION 12 newScore=-2.62575e+06 diffscore=1515.41 priorChange=-117.835 successMove=51
ITERATION 13 newScore=-2.62499e+06 diffscore=762.872 priorChange=-109.517 successMove=51
ITERATION 14 newScore=-2.62274e+06 diffscore=2244.63 priorChange=-98.4269 successMove=51
ITERATION 15 newScore=-2.62058e+06 diffscore=2165.17 priorChange=-97.0406 successMove=49
ITERATION 16 newScore=-2.61742e+06 diffscore=3151.16 priorChange=-106.745 successMove=48
ITERATION 17 newScore=-2.61581e+06 diffscore=1614.68 priorChange=-99.8132 successMove=48
ITERATION 18 newScore=-2.61396e+06 diffscore=1848.65 priorChange=-112.29 successMove=47
ITERATION 19 newScore=-2.61335e+06 diffscore=611.099 priorChange=-106.745 successMove=47
ITERATION 20 newScore=-2.6114e+06 diffscore=1950.66 priorChange=-95.6543 successMove=46
ITERATION 21 newScore=-2.60923e+06 diffscore=2166.75 priorChange=-91.4954 successMove=45
ITERATION 22 newScore=-2.60745e+06 diffscore=1782.16 priorChange=-98.4269 successMove=45
ITERATION 23 newScore=-2.60695e+06 diffscore=505.539 priorChange=-103.972 successMove=45
ITERATION 24 newScore=-2.60638e+06 diffscore=568.533 priorChange=-105.358 successMove=44
ITERATION 25 newScore=-2.60363e+06 diffscore=2742.56 priorChange=-102.586 successMove=44
ITERATION 26 newScore=-2.60316e+06 diffscore=477.848 priorChange=-97.0406 successMove=42
ITERATION 27 newScore=-2.6002e+06 diffscore=2960.44 priorChange=-105.358 successMove=43
ITERATION 28 newScore=-2.5985e+06 diffscore=1697.93 priorChange=-88.7228 successMove=42
ITERATION 29 newScore=-2.59808e+06 diffscore=416.019 priorChange=-90.1091 successMove=42
ITERATION 30 newScore=-2.59737e+06 diffscore=713.273 priorChange=-95.6543 successMove=42
ITERATION 31 newScore=-2.5945e+06 diffscore=2866.7 priorChange=-77.6325 successMove=42
ITERATION 32 newScore=-2.59154e+06 diffscore=2960.73 priorChange=-79.0188 successMove=42
ITERATION 33 newScore=-2.59107e+06 diffscore=467.184 priorChange=-94.268 successMove=41
ITERATION 34 newScore=-2.59056e+06 diffscore=514.34 priorChange=-85.9503 successMove=41
ITERATION 35 newScore=-2.58659e+06 diffscore=3973.41 priorChange=-91.4954 successMove=42
ITERATION 36 newScore=-2.58596e+06 diffscore=624.993 priorChange=-92.8817 successMove=44
ITERATION 37 newScore=-2.58315e+06 diffscore=2815.16 priorChange=-92.8817 successMove=41
ITERATION 38 newScore=-2.58278e+06 diffscore=367.277 priorChange=-105.358 successMove=41
ITERATION 39 newScore=-2.5812e+06 diffscore=1580.21 priorChange=-101.199 successMove=41
ITERATION 40 newScore=-2.58081e+06 diffscore=384.394 priorChange=-92.8817 successMove=41
ITERATION 41 newScore=-2.57836e+06 diffscore=2452.85 priorChange=-109.517 successMove=40
ITERATION 42 newScore=-2.57803e+06 diffscore=326.719 priorChange=-92.8817 successMove=42
ITERATION 43 newScore=-2.57709e+06 diffscore=942.496 priorChange=-91.4954 successMove=40
ITERATION 44 newScore=-2.57678e+06 diffscore=312.159 priorChange=-88.7228 successMove=40
ITERATION 45 newScore=-2.57527e+06 diffscore=1507.65 priorChange=-87.3365 successMove=40
ITERATION 46 newScore=-2.5748e+06 diffscore=472.372 priorChange=-97.0406 successMove=39
ITERATION 47 newScore=-2.57417e+06 diffscore=632.965 priorChange=-87.3365 successMove=39
ITERATION 48 newScore=-2.57275e+06 diffscore=1415.1 priorChange=-90.1091 successMove=39
ITERATION 49 newScore=-2.57112e+06 diffscore=1636.67 priorChange=-90.1091 successMove=40
ITERATION 50 newScore=-2.57083e+06 diffscore=283.409 priorChange=-84.564 successMove=39
ITERATION 51 newScore=-2.57053e+06 diffscore=304.112 priorChange=-88.7228 successMove=39
ITERATION 52 newScore=-2.5691e+06 diffscore=1425.37 priorChange=-81.7914 successMove=38
ITERATION 53 newScore=-2.56766e+06 diffscore=1437.46 priorChange=-91.4954 successMove=38
ITERATION 54 newScore=-2.56641e+06 diffscore=1250.72 priorChange=-66.5421 successMove=35
ITERATION 55 newScore=-2.56605e+06 diffscore=363.62 priorChange=-74.8599 successMove=34
ITERATION 56 newScore=-2.56485e+06 diffscore=1195.78 priorChange=-69.3147 successMove=35
ITERATION 57 newScore=-2.564e+06 diffscore=856.527 priorChange=-73.4736 successMove=37
ITERATION 58 newScore=-2.56384e+06 diffscore=157.931 priorChange=-77.6325 successMove=33
ITERATION 59 newScore=-2.56367e+06 diffscore=172.578 priorChange=-88.7228 successMove=33
ITERATION 60 newScore=-2.5635e+06 diffscore=163.722 priorChange=-76.2462 successMove=32
ITERATION 61 newScore=-2.56335e+06 diffscore=158.259 priorChange=-67.9284 successMove=32
ITERATION 62 newScore=-2.56319e+06 diffscore=160.242 priorChange=-62.3832 successMove=30
ITERATION 63 newScore=-2.56225e+06 diffscore=936.885 priorChange=-58.2244 successMove=29
ITERATION 64 newScore=-2.56212e+06 diffscore=128.365 priorChange=-54.0655 successMove=28
ITERATION 65 newScore=-2.56191e+06 diffscore=205.072 priorChange=-70.701 successMove=28
ITERATION 66 newScore=-2.56169e+06 diffscore=225.572 priorChange=-65.1558 successMove=28
ITERATION 67 newScore=-2.56086e+06 diffscore=833.4 priorChange=-49.9066 successMove=27
ITERATION 68 newScore=-2.5607e+06 diffscore=158.388 priorChange=-56.8381 successMove=26
ITERATION 69 newScore=-2.56054e+06 diffscore=161.426 priorChange=-62.3832 successMove=26
ITERATION 70 newScore=-2.55996e+06 diffscore=578.934 priorChange=-63.7695 successMove=26
ITERATION 71 newScore=-2.55808e+06 diffscore=1879.77 priorChange=-48.5203 successMove=25
ITERATION 72 newScore=-2.55796e+06 diffscore=121.873 priorChange=-48.5203 successMove=25
ITERATION 73 newScore=-2.55784e+06 diffscore=118.253 priorChange=-49.9066 successMove=23
ITERATION 74 newScore=-2.55769e+06 diffscore=144.229 priorChange=-38.8162 successMove=24
ITERATION 75 newScore=-2.55755e+06 diffscore=144.48 priorChange=-51.2929 successMove=23
ITERATION 76 newScore=-2.55741e+06 diffscore=141.764 priorChange=-30.4985 successMove=20
ITERATION 77 newScore=-2.55697e+06 diffscore=438.681 priorChange=-36.0437 successMove=21
ITERATION 78 newScore=-2.55567e+06 diffscore=1297.34 priorChange=-40.2025 successMove=20
ITERATION 79 newScore=-2.5555e+06 diffscore=167.199 priorChange=-33.2711 successMove=21
ITERATION 80 newScore=-2.55535e+06 diffscore=154.574 priorChange=-40.2025 successMove=20
ITERATION 81 newScore=-2.5552e+06 diffscore=150.471 priorChange=-33.2711 successMove=22
ITERATION 82 newScore=-2.55513e+06 diffscore=67.5358 priorChange=-22.1807 successMove=18
ITERATION 83 newScore=-2.55506e+06 diffscore=74.7341 priorChange=-27.7259 successMove=18
ITERATION 84 newScore=-2.55499e+06 diffscore=70.0558 priorChange=-23.567 successMove=16
ITERATION 85 newScore=-2.5549e+06 diffscore=88.5746 priorChange=-29.1122 successMove=16
ITERATION 86 newScore=-2.55483e+06 diffscore=67.0453 priorChange=-27.7259 successMove=14
ITERATION 87 newScore=-2.55476e+06 diffscore=71.9951 priorChange=-24.9533 successMove=14
ITERATION 88 newScore=-2.5547e+06 diffscore=62.5602 priorChange=-18.0218 successMove=13
ITERATION 89 newScore=-2.55463e+06 diffscore=66.3223 priorChange=-22.1807 successMove=12
ITERATION 90 newScore=-2.55426e+06 diffscore=369.671 priorChange=-15.2492 successMove=12
ITERATION 91 newScore=-2.55314e+06 diffscore=1115.58 priorChange=-23.567 successMove=12
ITERATION 92 newScore=-2.55303e+06 diffscore=109.781 priorChange=-13.8629 successMove=12
ITERATION 93 newScore=-2.5529e+06 diffscore=139.402 priorChange=-19.4081 successMove=12
ITERATION 94 newScore=-2.54924e+06 diffscore=3660.17 priorChange=-20.7944 successMove=11
ITERATION 95 newScore=-2.54919e+06 diffscore=48.1167 priorChange=-13.8629 successMove=10
ITERATION 96 newScore=-2.54914e+06 diffscore=49.4795 priorChange=-19.4081 successMove=10
ITERATION 97 newScore=-2.54908e+06 diffscore=58.4665 priorChange=-16.6355 successMove=10
ITERATION 98 newScore=-2.54902e+06 diffscore=56.4935 priorChange=-19.4081 successMove=10
ITERATION 99 newScore=-2.54897e+06 diffscore=51.7406 priorChange=-15.2492 successMove=11
MetaLearner::dumpAllGraphs
Final Score -2.54897e+06
MetaLearner::start runtime: 1486964227 ms
Results/
Results/cluster9/
Results/cluster9/fold0/
Results/cluster9/fold0/modelparams.txt
Results/cluster9/fold0/var_mb_pw_k50.txt
Results/cluster2/
Results/cluster2/fold0/
Results/cluster2/fold0/modelparams.txt
Results/cluster2/fold0/var_mb_pw_k50.txt
Results/cluster8/
Results/cluster8/scoreFile.txt
Results/cluster8/fold0/
Results/cluster8/fold0/modelparams.txt
Results/cluster8/fold0/var_mb_pw_k50.txt
Results/cluster3/
Results/cluster3/fold0/
Results/cluster3/fold0/modelparams.txt
Results/cluster3/fold0/var_mb_pw_k50.txt
Results/cluster7/
Results/cluster7/fold0/
Results/cluster7/fold0/modelparams.txt
Results/cluster7/fold0/var_mb_pw_k50.txt
Results/cluster6/
Results/cluster6/fold0/
Results/cluster6/fold0/modelparams.txt
Results/cluster6/fold0/var_mb_pw_k50.txt
Results/cluster1/
Results/cluster1/fold0/
Results/cluster1/fold0/modelparams.txt
Results/cluster1/fold0/var_mb_pw_k50.txt
Results/cluster10/
Results/cluster10/fold0/
Results/cluster10/fold0/modelparams.txt
Results/cluster10/fold0/var_mb_pw_k50.txt
