000 (49777.1051.000) 10/11 10:48:10 Job submitted from host: <144.92.142.142:9618?addrs=144.92.142.142-9618&noUDP&sock=44923_051a_3>
...
001 (49777.1051.000) 10/11 15:36:17 Job executing on host: <128.105.68.28:9618?addrs=128.105.68.28-9618&alias=e2458.chtc.wisc.edu&noUDP&sock=startd_4927_1735>
...
006 (49777.1051.000) 10/11 15:36:26 Image size of job updated: 105108
	103  -  MemoryUsage of job (MB)
	105108  -  ResidentSetSize of job (KB)
...
006 (49777.1051.000) 10/11 15:41:27 Image size of job updated: 719076
	653  -  MemoryUsage of job (MB)
	667652  -  ResidentSetSize of job (KB)
...
006 (49777.1051.000) 10/11 15:46:28 Image size of job updated: 813256
	745  -  MemoryUsage of job (MB)
	762032  -  ResidentSetSize of job (KB)
...
006 (49777.1051.000) 10/11 15:51:28 Image size of job updated: 1233764
	1171  -  MemoryUsage of job (MB)
	1198952  -  ResidentSetSize of job (KB)
...
006 (49777.1051.000) 10/11 15:56:28 Image size of job updated: 1639704
	1553  -  MemoryUsage of job (MB)
	1589276  -  ResidentSetSize of job (KB)
...
006 (49777.1051.000) 10/11 16:01:29 Image size of job updated: 2029184
	1947  -  MemoryUsage of job (MB)
	1993196  -  ResidentSetSize of job (KB)
...
006 (49777.1051.000) 10/11 16:03:23 Image size of job updated: 2191212
	1947  -  MemoryUsage of job (MB)
	1993328  -  ResidentSetSize of job (KB)
...
005 (49777.1051.000) 10/11 16:03:23 Job terminated.
	(1) Normal termination (return value 0)
		Usr 0 00:26:47, Sys 0 00:00:04  -  Run Remote Usage
		Usr 0 00:00:00, Sys 0 00:00:00  -  Run Local Usage
		Usr 0 00:26:47, Sys 0 00:00:04  -  Total Remote Usage
		Usr 0 00:00:00, Sys 0 00:00:00  -  Total Local Usage
	169823  -  Run Bytes Sent By Job
	316773216  -  Run Bytes Received By Job
	169823  -  Total Bytes Sent By Job
	316773216  -  Total Bytes Received By Job
	Partitionable Resources :     Usage  Request Allocated 
	   Cpus                 :      0.99        1         1 
	   Disk (KB)            : 325000      819200   1711968 
	   Memory (MB)          :   1947       20480     20480 
...
