./CVN -f config_condor.txt -x50 -v1 -l TFs_OGs.txt -n AllGenes210.txt -d celltype_tree_ancestor.txt -m testdata_ogids.txt -s celltype_order.txt -p 0.2 -c yes -b -4 -q 4
(cluster3|cluster8) p_maintain_edge=0.8 p_gain=0.2
(cluster2|cluster3) p_maintain_edge=0.8 p_gain=0.2
(cluster1|cluster2) p_maintain_edge=0.8 p_gain=0.2
(cluster6|cluster2) p_maintain_edge=0.8 p_gain=0.2
(cluster9|cluster6) p_maintain_edge=0.8 p_gain=0.2
(cluster10|cluster6) p_maintain_edge=0.8 p_gain=0.2
(cluster7|cluster10) p_maintain_edge=0.8 p_gain=0.2
speciesSet.size()=8 Root is cluster8
MappedOrthogroupReader::readSpeciesMapping() --- celltype_order.txt
MappedOrthogroupReader::readFile - testdata_ogids.txt
MappedOrthogroupReader::generateGeneOrthoMap()
MetaLearner::init_onefold() read:config_condor.txt
MetaLearner::setinputVariableNames number of variables: 2037
readEvidenceTable:cluster8.table
PotentialManager::loadEvidenceFromTable varCount=2037 sampleCount=348
motifNetwork.size() = 319
0=cluster8 motifNetwork=cluster8_network.txt
variable size=2037
readEvidenceTable:cluster3.table
PotentialManager::loadEvidenceFromTable varCount=2037 sampleCount=95
motifNetwork.size() = 326
1=cluster3 motifNetwork=cluster3_network.txt
variable size=2037
readEvidenceTable:cluster2.table
PotentialManager::loadEvidenceFromTable varCount=2037 sampleCount=386
motifNetwork.size() = 328
2=cluster2 motifNetwork=cluster2_network.txt
variable size=2037
readEvidenceTable:cluster1.table
PotentialManager::loadEvidenceFromTable varCount=2037 sampleCount=36
motifNetwork.size() = 322
3=cluster1 motifNetwork=cluster1_network.txt
variable size=2037
readEvidenceTable:cluster6.table
PotentialManager::loadEvidenceFromTable varCount=2037 sampleCount=524
motifNetwork.size() = 320
4=cluster6 motifNetwork=cluster6_network.txt
variable size=2037
readEvidenceTable:cluster9.table
PotentialManager::loadEvidenceFromTable varCount=2037 sampleCount=184
motifNetwork.size() = 327
5=cluster9 motifNetwork=cluster9_network.txt
variable size=2037
readEvidenceTable:cluster10.table
PotentialManager::loadEvidenceFromTable varCount=2037 sampleCount=165
motifNetwork.size() = 326
6=cluster10 motifNetwork=cluster10_network.txt
variable size=2037
readEvidenceTable:cluster7.table
PotentialManager::loadEvidenceFromTable varCount=2037 sampleCount=1032
motifNetwork.size() = 320
7=cluster7 motifNetwork=cluster7_network.txt
variable size=2037
-------------------------------------------------------------
MetaLearner::start
precomputeEmptyGraphPrior
binkey=0 [Edge status: 0 0 0 0 0 0 0 0 ] P(G)=P(cluster8=0)[0.8] * P(cluster1=0|cluster2=0) * P(cluster9=0|cluster6=0) * P(cluster7=0|cluster10=0) * P(cluster10=0|cluster6=0) * P(cluster6=0|cluster2=0) * P(cluster2=0|cluster3=0) * P(cluster3=0|cluster8=0)[0.209715]=0.167772
condsetMap_Tree
0 cluster8=0 cluster3=0 cluster2=0 cluster1=0 cluster6=0 cluster9=0 cluster10=0 cluster7=1
1 cluster8=0 cluster3=0 cluster2=0 cluster1=0 cluster6=0 cluster9=1 cluster10=0 cluster7=0
2 cluster8=0 cluster3=0 cluster2=0 cluster1=0 cluster6=0 cluster9=1 cluster10=0 cluster7=1
3 cluster8=0 cluster3=0 cluster2=0 cluster1=1 cluster6=0 cluster9=0 cluster10=0 cluster7=0
4 cluster8=0 cluster3=0 cluster2=0 cluster1=1 cluster6=0 cluster9=0 cluster10=0 cluster7=1
5 cluster8=0 cluster3=0 cluster2=0 cluster1=1 cluster6=0 cluster9=1 cluster10=0 cluster7=0
6 cluster8=0 cluster3=0 cluster2=0 cluster1=1 cluster6=0 cluster9=1 cluster10=0 cluster7=1
7 cluster8=0 cluster3=0 cluster2=0 cluster1=0 cluster6=0 cluster9=0 cluster10=1 cluster7=1
8 cluster8=0 cluster3=0 cluster2=0 cluster1=0 cluster6=0 cluster9=1 cluster10=1 cluster7=1
9 cluster8=0 cluster3=0 cluster2=0 cluster1=1 cluster6=0 cluster9=0 cluster10=1 cluster7=1
10 cluster8=0 cluster3=0 cluster2=0 cluster1=1 cluster6=0 cluster9=1 cluster10=1 cluster7=1
11 cluster8=0 cluster3=0 cluster2=0 cluster1=0 cluster6=1 cluster9=1 cluster10=1 cluster7=1
12 cluster8=0 cluster3=0 cluster2=0 cluster1=1 cluster6=1 cluster9=1 cluster10=1 cluster7=1
13 cluster8=0 cluster3=0 cluster2=1 cluster1=1 cluster6=1 cluster9=1 cluster10=1 cluster7=1
14 cluster8=0 cluster3=1 cluster2=1 cluster1=1 cluster6=1 cluster9=1 cluster10=1 cluster7=1
15 cluster8=1 cluster3=1 cluster2=1 cluster1=1 cluster6=1 cluster9=1 cluster10=1 cluster7=1
16 cluster8=1 cluster3=1 cluster2=1 cluster1=1 cluster6=1 cluster9=1 cluster10=1 cluster7=0
17 cluster8=1 cluster3=1 cluster2=1 cluster1=1 cluster6=1 cluster9=0 cluster10=1 cluster7=1
18 cluster8=1 cluster3=1 cluster2=1 cluster1=1 cluster6=1 cluster9=0 cluster10=1 cluster7=0
19 cluster8=1 cluster3=1 cluster2=1 cluster1=0 cluster6=1 cluster9=1 cluster10=1 cluster7=1
20 cluster8=1 cluster3=1 cluster2=1 cluster1=0 cluster6=1 cluster9=1 cluster10=1 cluster7=0
21 cluster8=1 cluster3=1 cluster2=1 cluster1=0 cluster6=1 cluster9=0 cluster10=1 cluster7=1
22 cluster8=1 cluster3=1 cluster2=1 cluster1=0 cluster6=1 cluster9=0 cluster10=1 cluster7=0
23 cluster8=1 cluster3=1 cluster2=1 cluster1=1 cluster6=1 cluster9=1 cluster10=0 cluster7=0
24 cluster8=1 cluster3=1 cluster2=1 cluster1=1 cluster6=1 cluster9=0 cluster10=0 cluster7=0
25 cluster8=1 cluster3=1 cluster2=1 cluster1=0 cluster6=1 cluster9=1 cluster10=0 cluster7=0
26 cluster8=1 cluster3=1 cluster2=1 cluster1=0 cluster6=1 cluster9=0 cluster10=0 cluster7=0
27 cluster8=1 cluster3=1 cluster2=1 cluster1=1 cluster6=0 cluster9=0 cluster10=0 cluster7=0
28 cluster8=1 cluster3=1 cluster2=1 cluster1=0 cluster6=0 cluster9=0 cluster10=0 cluster7=0
29 cluster8=1 cluster3=1 cluster2=0 cluster1=0 cluster6=0 cluster9=0 cluster10=0 cluster7=0
30 cluster8=1 cluster3=0 cluster2=0 cluster1=0 cluster6=0 cluster9=0 cluster10=0 cluster7=0
31 cluster8=0 cluster3=0 cluster2=0 cluster1=0 cluster6=1 cluster9=0 cluster10=0 cluster7=0
32 cluster8=0 cluster3=0 cluster2=1 cluster1=0 cluster6=0 cluster9=0 cluster10=0 cluster7=0
33 cluster8=0 cluster3=0 cluster2=0 cluster1=0 cluster6=0 cluster9=0 cluster10=1 cluster7=0
34 cluster8=0 cluster3=1 cluster2=0 cluster1=0 cluster6=0 cluster9=0 cluster10=0 cluster7=0
inputRegulatorOGs.size() = 1999 inputOGList.size() = 50
binkey=128 [Edge status: 0 0 0 0 0 0 0 1 ] P(G)=P(cluster8=0)[0.8] * P(cluster1=0|cluster2=0) * P(cluster9=0|cluster6=0) * P(cluster7=1|cluster10=0) * P(cluster10=0|cluster6=0) * P(cluster6=0|cluster2=0) * P(cluster2=0|cluster3=0) * P(cluster3=0|cluster8=0)[0.0524288]=0.041943
binkey=4 [Edge status: 0 0 1 0 0 0 0 0 ] P(G)=P(cluster8=0)[0.8] * P(cluster1=0|cluster2=1) * P(cluster9=0|cluster6=0) * P(cluster7=0|cluster10=0) * P(cluster10=0|cluster6=0) * P(cluster6=0|cluster2=1) * P(cluster2=1|cluster3=0) * P(cluster3=0|cluster8=0)[0.0032768]=0.00262144
binkey=1 [Edge status: 1 0 0 0 0 0 0 0 ] P(G)=P(cluster8=1)[0.2] * P(cluster1=0|cluster2=0) * P(cluster9=0|cluster6=0) * P(cluster7=0|cluster10=0) * P(cluster10=0|cluster6=0) * P(cluster6=0|cluster2=0) * P(cluster2=0|cluster3=0) * P(cluster3=0|cluster8=1)[0.0524288]=0.0104858
binkey=8 [Edge status: 0 0 0 1 0 0 0 0 ] P(G)=P(cluster8=0)[0.8] * P(cluster1=1|cluster2=0) * P(cluster9=0|cluster6=0) * P(cluster7=0|cluster10=0) * P(cluster10=0|cluster6=0) * P(cluster6=0|cluster2=0) * P(cluster2=0|cluster3=0) * P(cluster3=0|cluster8=0)[0.0524288]=0.041943
binkey=16 [Edge status: 0 0 0 0 1 0 0 0 ] P(G)=P(cluster8=0)[0.8] * P(cluster1=0|cluster2=0) * P(cluster9=0|cluster6=1) * P(cluster7=0|cluster10=0) * P(cluster10=0|cluster6=1) * P(cluster6=1|cluster2=0) * P(cluster2=0|cluster3=0) * P(cluster3=0|cluster8=0)[0.0032768]=0.00262144
binkey=64 [Edge status: 0 0 0 0 0 0 1 0 ] P(G)=P(cluster8=0)[0.8] * P(cluster1=0|cluster2=0) * P(cluster9=0|cluster6=0) * P(cluster7=0|cluster10=1) * P(cluster10=1|cluster6=0) * P(cluster6=0|cluster2=0) * P(cluster2=0|cluster3=0) * P(cluster3=0|cluster8=0)[0.0131072]=0.0104858
binkey=2 [Edge status: 0 1 0 0 0 0 0 0 ] P(G)=P(cluster8=0)[0.8] * P(cluster1=0|cluster2=0) * P(cluster9=0|cluster6=0) * P(cluster7=0|cluster10=0) * P(cluster10=0|cluster6=0) * P(cluster6=0|cluster2=0) * P(cluster2=0|cluster3=1) * P(cluster3=1|cluster8=0)[0.0131072]=0.0104858
binkey=32 [Edge status: 0 0 0 0 0 1 0 0 ] P(G)=P(cluster8=0)[0.8] * P(cluster1=0|cluster2=0) * P(cluster9=1|cluster6=0) * P(cluster7=0|cluster10=0) * P(cluster10=0|cluster6=0) * P(cluster6=0|cluster2=0) * P(cluster2=0|cluster3=0) * P(cluster3=0|cluster8=0)[0.0524288]=0.041943
binkey=192 [Edge status: 0 0 0 0 0 0 1 1 ] P(G)=P(cluster8=0)[0.8] * P(cluster1=0|cluster2=0) * P(cluster9=0|cluster6=0) * P(cluster7=1|cluster10=1) * P(cluster10=1|cluster6=0) * P(cluster6=0|cluster2=0) * P(cluster2=0|cluster3=0) * P(cluster3=0|cluster8=0)[0.0524288]=0.041943
binkey=160 [Edge status: 0 0 0 0 0 1 0 1 ] P(G)=P(cluster8=0)[0.8] * P(cluster1=0|cluster2=0) * P(cluster9=1|cluster6=0) * P(cluster7=1|cluster10=0) * P(cluster10=0|cluster6=0) * P(cluster6=0|cluster2=0) * P(cluster2=0|cluster3=0) * P(cluster3=0|cluster8=0)[0.0131072]=0.0104858
binkey=40 [Edge status: 0 0 0 1 0 1 0 0 ] P(G)=P(cluster8=0)[0.8] * P(cluster1=1|cluster2=0) * P(cluster9=1|cluster6=0) * P(cluster7=0|cluster10=0) * P(cluster10=0|cluster6=0) * P(cluster6=0|cluster2=0) * P(cluster2=0|cluster3=0) * P(cluster3=0|cluster8=0)[0.0131072]=0.0104858
binkey=136 [Edge status: 0 0 0 1 0 0 0 1 ] P(G)=P(cluster8=0)[0.8] * P(cluster1=1|cluster2=0) * P(cluster9=0|cluster6=0) * P(cluster7=1|cluster10=0) * P(cluster10=0|cluster6=0) * P(cluster6=0|cluster2=0) * P(cluster2=0|cluster3=0) * P(cluster3=0|cluster8=0)[0.0131072]=0.0104858
binkey=224 [Edge status: 0 0 0 0 0 1 1 1 ] P(G)=P(cluster8=0)[0.8] * P(cluster1=0|cluster2=0) * P(cluster9=1|cluster6=0) * P(cluster7=1|cluster10=1) * P(cluster10=1|cluster6=0) * P(cluster6=0|cluster2=0) * P(cluster2=0|cluster3=0) * P(cluster3=0|cluster8=0)[0.0131072]=0.0104858
binkey=240 [Edge status: 0 0 0 0 1 1 1 1 ] P(G)=P(cluster8=0)[0.8] * P(cluster1=0|cluster2=0) * P(cluster9=1|cluster6=1) * P(cluster7=1|cluster10=1) * P(cluster10=1|cluster6=1) * P(cluster6=1|cluster2=0) * P(cluster2=0|cluster3=0) * P(cluster3=0|cluster8=0)[0.0524288]=0.041943
binkey=200 [Edge status: 0 0 0 1 0 0 1 1 ] P(G)=P(cluster8=0)[0.8] * P(cluster1=1|cluster2=0) * P(cluster9=0|cluster6=0) * P(cluster7=1|cluster10=1) * P(cluster10=1|cluster6=0) * P(cluster6=0|cluster2=0) * P(cluster2=0|cluster3=0) * P(cluster3=0|cluster8=0)[0.0131072]=0.0104858
binkey=168 [Edge status: 0 0 0 1 0 1 0 1 ] P(G)=P(cluster8=0)[0.8] * P(cluster1=1|cluster2=0) * P(cluster9=1|cluster6=0) * P(cluster7=1|cluster10=0) * P(cluster10=0|cluster6=0) * P(cluster6=0|cluster2=0) * P(cluster2=0|cluster3=0) * P(cluster3=0|cluster8=0)[0.0032768]=0.00262144
binkey=7 [Edge status: 1 1 1 0 0 0 0 0 ] P(G)=P(cluster8=1)[0.2] * P(cluster1=0|cluster2=1) * P(cluster9=0|cluster6=0) * P(cluster7=0|cluster10=0) * P(cluster10=0|cluster6=0) * P(cluster6=0|cluster2=1) * P(cluster2=1|cluster3=1) * P(cluster3=1|cluster8=1)[0.0131072]=0.00262144
binkey=3 [Edge status: 1 1 0 0 0 0 0 0 ] P(G)=P(cluster8=1)[0.2] * P(cluster1=0|cluster2=0) * P(cluster9=0|cluster6=0) * P(cluster7=0|cluster10=0) * P(cluster10=0|cluster6=0) * P(cluster6=0|cluster2=0) * P(cluster2=0|cluster3=1) * P(cluster3=1|cluster8=1)[0.0524288]=0.0104858
binkey=232 [Edge status: 0 0 0 1 0 1 1 1 ] P(G)=P(cluster8=0)[0.8] * P(cluster1=1|cluster2=0) * P(cluster9=1|cluster6=0) * P(cluster7=1|cluster10=1) * P(cluster10=1|cluster6=0) * P(cluster6=0|cluster2=0) * P(cluster2=0|cluster3=0) * P(cluster3=0|cluster8=0)[0.0032768]=0.00262144
binkey=248 [Edge status: 0 0 0 1 1 1 1 1 ] P(G)=P(cluster8=0)[0.8] * P(cluster1=1|cluster2=0) * P(cluster9=1|cluster6=1) * P(cluster7=1|cluster10=1) * P(cluster10=1|cluster6=1) * P(cluster6=1|cluster2=0) * P(cluster2=0|cluster3=0) * P(cluster3=0|cluster8=0)[0.0131072]=0.0104858
binkey=247 [Edge status: 1 1 1 0 1 1 1 1 ] P(G)=P(cluster8=1)[0.2] * P(cluster1=0|cluster2=1) * P(cluster9=1|cluster6=1) * P(cluster7=1|cluster10=1) * P(cluster10=1|cluster6=1) * P(cluster6=1|cluster2=1) * P(cluster2=1|cluster3=1) * P(cluster3=1|cluster8=1)[0.0524288]=0.0104858
binkey=119 [Edge status: 1 1 1 0 1 1 1 0 ] P(G)=P(cluster8=1)[0.2] * P(cluster1=0|cluster2=1) * P(cluster9=1|cluster6=1) * P(cluster7=0|cluster10=1) * P(cluster10=1|cluster6=1) * P(cluster6=1|cluster2=1) * P(cluster2=1|cluster3=1) * P(cluster3=1|cluster8=1)[0.0131072]=0.00262144
binkey=215 [Edge status: 1 1 1 0 1 0 1 1 ] P(G)=P(cluster8=1)[0.2] * P(cluster1=0|cluster2=1) * P(cluster9=0|cluster6=1) * P(cluster7=1|cluster10=1) * P(cluster10=1|cluster6=1) * P(cluster6=1|cluster2=1) * P(cluster2=1|cluster3=1) * P(cluster3=1|cluster8=1)[0.0131072]=0.00262144
binkey=87 [Edge status: 1 1 1 0 1 0 1 0 ] P(G)=P(cluster8=1)[0.2] * P(cluster1=0|cluster2=1) * P(cluster9=0|cluster6=1) * P(cluster7=0|cluster10=1) * P(cluster10=1|cluster6=1) * P(cluster6=1|cluster2=1) * P(cluster2=1|cluster3=1) * P(cluster3=1|cluster8=1)[0.0032768]=0.00065536
binkey=55 [Edge status: 1 1 1 0 1 1 0 0 ] P(G)=P(cluster8=1)[0.2] * P(cluster1=0|cluster2=1) * P(cluster9=1|cluster6=1) * P(cluster7=0|cluster10=0) * P(cluster10=0|cluster6=1) * P(cluster6=1|cluster2=1) * P(cluster2=1|cluster3=1) * P(cluster3=1|cluster8=1)[0.0131072]=0.00262144
binkey=23 [Edge status: 1 1 1 0 1 0 0 0 ] P(G)=P(cluster8=1)[0.2] * P(cluster1=0|cluster2=1) * P(cluster9=0|cluster6=1) * P(cluster7=0|cluster10=0) * P(cluster10=0|cluster6=1) * P(cluster6=1|cluster2=1) * P(cluster2=1|cluster3=1) * P(cluster3=1|cluster8=1)[0.0032768]=0.00065536
binkey=15 [Edge status: 1 1 1 1 0 0 0 0 ] P(G)=P(cluster8=1)[0.2] * P(cluster1=1|cluster2=1) * P(cluster9=0|cluster6=0) * P(cluster7=0|cluster10=0) * P(cluster10=0|cluster6=0) * P(cluster6=0|cluster2=1) * P(cluster2=1|cluster3=1) * P(cluster3=1|cluster8=1)[0.0524288]=0.0104858
binkey=252 [Edge status: 0 0 1 1 1 1 1 1 ] P(G)=P(cluster8=0)[0.8] * P(cluster1=1|cluster2=1) * P(cluster9=1|cluster6=1) * P(cluster7=1|cluster10=1) * P(cluster10=1|cluster6=1) * P(cluster6=1|cluster2=1) * P(cluster2=1|cluster3=0) * P(cluster3=0|cluster8=0)[0.0524288]=0.041943
ITERATION 0 newScore=-2.72572e+06 diffscore=13894.5 priorChange=-103.972 successMove=64
ITERATION 1 newScore=-2.72265e+06 diffscore=3068.06 priorChange=-113.676 successMove=64
ITERATION 2 newScore=-2.7184e+06 diffscore=4247.6 priorChange=-110.904 successMove=59
ITERATION 3 newScore=-2.711e+06 diffscore=7401.66 priorChange=-103.972 successMove=53
ITERATION 4 newScore=-2.70425e+06 diffscore=6750.77 priorChange=-103.972 successMove=62
ITERATION 5 newScore=-2.69936e+06 diffscore=4883.41 priorChange=-108.131 successMove=59
ITERATION 6 newScore=-2.69511e+06 diffscore=4253.49 priorChange=-106.745 successMove=50
ITERATION 7 newScore=-2.68445e+06 diffscore=10659.9 priorChange=-108.131 successMove=55
ITERATION 8 newScore=-2.68076e+06 diffscore=3691.26 priorChange=-108.131 successMove=50
ITERATION 9 newScore=-2.6778e+06 diffscore=2958.89 priorChange=-121.994 successMove=52
ITERATION 10 newScore=-2.67364e+06 diffscore=4156.55 priorChange=-117.835 successMove=53
ITERATION 11 newScore=-2.67072e+06 diffscore=2928.35 priorChange=-121.994 successMove=53
ITERATION 12 newScore=-2.66419e+06 diffscore=6529.6 priorChange=-117.835 successMove=53
ITERATION 13 newScore=-2.66179e+06 diffscore=2396.55 priorChange=-123.38 successMove=52
ITERATION 14 newScore=-2.66067e+06 diffscore=1118.17 priorChange=-123.38 successMove=51
ITERATION 15 newScore=-2.66012e+06 diffscore=552.974 priorChange=-121.994 successMove=52
ITERATION 16 newScore=-2.65955e+06 diffscore=571.438 priorChange=-124.766 successMove=55
ITERATION 17 newScore=-2.65764e+06 diffscore=1907.02 priorChange=-120.608 successMove=51
ITERATION 18 newScore=-2.65644e+06 diffscore=1197.33 priorChange=-113.676 successMove=51
ITERATION 19 newScore=-2.6546e+06 diffscore=1847.07 priorChange=-95.6543 successMove=50
ITERATION 20 newScore=-2.65012e+06 diffscore=4472.73 priorChange=-126.153 successMove=55
ITERATION 21 newScore=-2.64833e+06 diffscore=1796.46 priorChange=-105.358 successMove=51
ITERATION 22 newScore=-2.6464e+06 diffscore=1927.08 priorChange=-112.29 successMove=51
ITERATION 23 newScore=-2.64597e+06 diffscore=427.724 priorChange=-116.449 successMove=50
ITERATION 24 newScore=-2.64548e+06 diffscore=492.027 priorChange=-103.972 successMove=50
ITERATION 25 newScore=-2.64388e+06 diffscore=1600.41 priorChange=-110.904 successMove=50
ITERATION 26 newScore=-2.6422e+06 diffscore=1682.02 priorChange=-117.835 successMove=52
ITERATION 27 newScore=-2.64048e+06 diffscore=1720.99 priorChange=-108.131 successMove=50
ITERATION 28 newScore=-2.63759e+06 diffscore=2882.92 priorChange=-105.358 successMove=49
ITERATION 29 newScore=-2.63613e+06 diffscore=1467.91 priorChange=-113.676 successMove=49
ITERATION 30 newScore=-2.63573e+06 diffscore=400.049 priorChange=-115.062 successMove=50
ITERATION 31 newScore=-2.63524e+06 diffscore=487.841 priorChange=-108.131 successMove=49
ITERATION 32 newScore=-2.63431e+06 diffscore=925.975 priorChange=-109.517 successMove=48
ITERATION 33 newScore=-2.63394e+06 diffscore=374.097 priorChange=-98.4269 successMove=47
ITERATION 34 newScore=-2.63361e+06 diffscore=330.836 priorChange=-91.4954 successMove=48
ITERATION 35 newScore=-2.63211e+06 diffscore=1500.02 priorChange=-94.268 successMove=47
ITERATION 36 newScore=-2.63175e+06 diffscore=354.134 priorChange=-84.564 successMove=46
ITERATION 37 newScore=-2.6303e+06 diffscore=1450.93 priorChange=-85.9503 successMove=46
ITERATION 38 newScore=-2.62979e+06 diffscore=508.977 priorChange=-92.8817 successMove=46
ITERATION 39 newScore=-2.62924e+06 diffscore=557.646 priorChange=-91.4954 successMove=46
ITERATION 40 newScore=-2.62892e+06 diffscore=319.98 priorChange=-77.6325 successMove=45
ITERATION 41 newScore=-2.6284e+06 diffscore=515.6 priorChange=-91.4954 successMove=45
ITERATION 42 newScore=-2.62804e+06 diffscore=356.992 priorChange=-83.1777 successMove=45
ITERATION 43 newScore=-2.62778e+06 diffscore=264.075 priorChange=-97.0406 successMove=47
ITERATION 44 newScore=-2.62733e+06 diffscore=448.615 priorChange=-101.199 successMove=45
ITERATION 45 newScore=-2.62701e+06 diffscore=319.031 priorChange=-88.7228 successMove=44
ITERATION 46 newScore=-2.62629e+06 diffscore=723.357 priorChange=-95.6543 successMove=49
ITERATION 47 newScore=-2.62499e+06 diffscore=1296.32 priorChange=-90.1091 successMove=42
ITERATION 48 newScore=-2.62372e+06 diffscore=1267.45 priorChange=-92.8817 successMove=41
ITERATION 49 newScore=-2.62337e+06 diffscore=355.033 priorChange=-67.9284 successMove=40
ITERATION 50 newScore=-2.62314e+06 diffscore=230.944 priorChange=-76.2462 successMove=39
ITERATION 51 newScore=-2.62179e+06 diffscore=1343.84 priorChange=-80.4051 successMove=39
ITERATION 52 newScore=-2.62155e+06 diffscore=245.309 priorChange=-72.0873 successMove=41
ITERATION 53 newScore=-2.62029e+06 diffscore=1262.07 priorChange=-73.4736 successMove=39
ITERATION 54 newScore=-2.61995e+06 diffscore=340.667 priorChange=-73.4736 successMove=37
ITERATION 55 newScore=-2.61968e+06 diffscore=261.055 priorChange=-83.1777 successMove=37
ITERATION 56 newScore=-2.61914e+06 diffscore=545.752 priorChange=-70.701 successMove=37
ITERATION 57 newScore=-2.61813e+06 diffscore=1004.51 priorChange=-77.6325 successMove=37
ITERATION 58 newScore=-2.61688e+06 diffscore=1255.08 priorChange=-79.0188 successMove=38
ITERATION 59 newScore=-2.61664e+06 diffscore=238.027 priorChange=-72.0873 successMove=38
ITERATION 60 newScore=-2.6146e+06 diffscore=2042.62 priorChange=-80.4051 successMove=38
ITERATION 61 newScore=-2.61439e+06 diffscore=213.325 priorChange=-65.1558 successMove=36
ITERATION 62 newScore=-2.6136e+06 diffscore=787.073 priorChange=-62.3832 successMove=34
ITERATION 63 newScore=-2.61344e+06 diffscore=154.734 priorChange=-73.4736 successMove=35
ITERATION 64 newScore=-2.61329e+06 diffscore=149.354 priorChange=-54.0655 successMove=32
ITERATION 65 newScore=-2.61312e+06 diffscore=170.318 priorChange=-66.5421 successMove=30
ITERATION 66 newScore=-2.61293e+06 diffscore=190.447 priorChange=-59.6107 successMove=31
ITERATION 67 newScore=-2.61271e+06 diffscore=227.785 priorChange=-58.2244 successMove=31
ITERATION 68 newScore=-2.61242e+06 diffscore=285.643 priorChange=-49.9066 successMove=32
ITERATION 69 newScore=-2.61168e+06 diffscore=735.297 priorChange=-52.6792 successMove=29
ITERATION 70 newScore=-2.61093e+06 diffscore=758.832 priorChange=-55.4518 successMove=29
ITERATION 71 newScore=-2.61076e+06 diffscore=164.278 priorChange=-44.3614 successMove=27
ITERATION 72 newScore=-2.61062e+06 diffscore=142.999 priorChange=-51.2929 successMove=26
ITERATION 73 newScore=-2.6105e+06 diffscore=115.196 priorChange=-45.7477 successMove=25
ITERATION 74 newScore=-2.61042e+06 diffscore=87.5898 priorChange=-45.7477 successMove=23
ITERATION 75 newScore=-2.61031e+06 diffscore=103.662 priorChange=-36.0437 successMove=24
ITERATION 76 newScore=-2.6101e+06 diffscore=208.388 priorChange=-38.8162 successMove=22
ITERATION 77 newScore=-2.60997e+06 diffscore=135.431 priorChange=-37.4299 successMove=21
ITERATION 78 newScore=-2.60912e+06 diffscore=852.305 priorChange=-38.8162 successMove=21
ITERATION 79 newScore=-2.60896e+06 diffscore=160.858 priorChange=-45.7477 successMove=20
ITERATION 80 newScore=-2.6087e+06 diffscore=251.076 priorChange=-37.4299 successMove=20
ITERATION 81 newScore=-2.60836e+06 diffscore=346.352 priorChange=-36.0437 successMove=17
ITERATION 82 newScore=-2.60828e+06 diffscore=73.2981 priorChange=-29.1122 successMove=16
ITERATION 83 newScore=-2.60821e+06 diffscore=75.8872 priorChange=-30.4985 successMove=15
ITERATION 84 newScore=-2.60812e+06 diffscore=87.2207 priorChange=-20.7944 successMove=13
ITERATION 85 newScore=-2.60728e+06 diffscore=846.032 priorChange=-26.3396 successMove=13
ITERATION 86 newScore=-2.60593e+06 diffscore=1345.8 priorChange=-22.1807 successMove=13
ITERATION 87 newScore=-2.60589e+06 diffscore=34.8136 priorChange=-19.4081 successMove=12
ITERATION 88 newScore=-2.60586e+06 diffscore=31.4822 priorChange=-18.0218 successMove=11
ITERATION 89 newScore=-2.60583e+06 diffscore=29.1344 priorChange=-19.4081 successMove=10
ITERATION 90 newScore=-2.60581e+06 diffscore=22.5296 priorChange=-13.8629 successMove=10
ITERATION 91 newScore=-2.60579e+06 diffscore=25.2289 priorChange=-20.7944 successMove=10
ITERATION 92 newScore=-2.60577e+06 diffscore=15.3038 priorChange=-9.70406 successMove=8
ITERATION 93 newScore=-2.60575e+06 diffscore=24.4369 priorChange=-16.6355 successMove=8
ITERATION 94 newScore=-2.60573e+06 diffscore=13.5723 priorChange=-8.31777 successMove=8
ITERATION 95 newScore=-2.60571e+06 diffscore=19.1767 priorChange=-15.2492 successMove=7
ITERATION 96 newScore=-2.6057e+06 diffscore=17.6107 priorChange=-13.8629 successMove=8
ITERATION 97 newScore=-2.60568e+06 diffscore=13.7304 priorChange=-8.31777 successMove=6
ITERATION 98 newScore=-2.60566e+06 diffscore=17.8247 priorChange=-12.4766 successMove=7
ITERATION 99 newScore=-2.60565e+06 diffscore=15.8457 priorChange=-11.0904 successMove=6
MetaLearner::dumpAllGraphs
Final Score -2.60565e+06
MetaLearner::start runtime: 1262845591 ms
Results/
Results/cluster3/
Results/cluster3/fold0/
Results/cluster3/fold0/modelparams.txt
Results/cluster3/fold0/var_mb_pw_k50.txt
Results/cluster7/
Results/cluster7/fold0/
Results/cluster7/fold0/modelparams.txt
Results/cluster7/fold0/var_mb_pw_k50.txt
Results/cluster2/
Results/cluster2/fold0/
Results/cluster2/fold0/modelparams.txt
Results/cluster2/fold0/var_mb_pw_k50.txt
Results/cluster9/
Results/cluster9/fold0/
Results/cluster9/fold0/modelparams.txt
Results/cluster9/fold0/var_mb_pw_k50.txt
Results/cluster6/
Results/cluster6/fold0/
Results/cluster6/fold0/modelparams.txt
Results/cluster6/fold0/var_mb_pw_k50.txt
Results/cluster1/
Results/cluster1/fold0/
Results/cluster1/fold0/modelparams.txt
Results/cluster1/fold0/var_mb_pw_k50.txt
Results/cluster10/
Results/cluster10/fold0/
Results/cluster10/fold0/modelparams.txt
Results/cluster10/fold0/var_mb_pw_k50.txt
Results/cluster8/
Results/cluster8/scoreFile.txt
Results/cluster8/fold0/
Results/cluster8/fold0/modelparams.txt
Results/cluster8/fold0/var_mb_pw_k50.txt
