./CVN -f config_condor.txt -x50 -v1 -l TFs_OGs.txt -n AllGenes20.txt -d celltype_tree_ancestor.txt -m testdata_ogids.txt -s celltype_order.txt -p 0.2 -c yes -b -4 -q 4
(cluster3|cluster8) p_maintain_edge=0.8 p_gain=0.2
(cluster2|cluster3) p_maintain_edge=0.8 p_gain=0.2
(cluster1|cluster2) p_maintain_edge=0.8 p_gain=0.2
(cluster6|cluster2) p_maintain_edge=0.8 p_gain=0.2
(cluster9|cluster6) p_maintain_edge=0.8 p_gain=0.2
(cluster10|cluster6) p_maintain_edge=0.8 p_gain=0.2
(cluster7|cluster10) p_maintain_edge=0.8 p_gain=0.2
speciesSet.size()=8 Root is cluster8
MappedOrthogroupReader::readSpeciesMapping() --- celltype_order.txt
MappedOrthogroupReader::readFile - testdata_ogids.txt
MappedOrthogroupReader::generateGeneOrthoMap()
MetaLearner::init_onefold() read:config_condor.txt
MetaLearner::setinputVariableNames number of variables: 2039
readEvidenceTable:cluster8.table
PotentialManager::loadEvidenceFromTable varCount=2039 sampleCount=348
motifNetwork.size() = 319
0=cluster8 motifNetwork=cluster8_network.txt
variable size=2039
readEvidenceTable:cluster3.table
PotentialManager::loadEvidenceFromTable varCount=2039 sampleCount=95
motifNetwork.size() = 326
1=cluster3 motifNetwork=cluster3_network.txt
variable size=2039
readEvidenceTable:cluster2.table
PotentialManager::loadEvidenceFromTable varCount=2039 sampleCount=386
motifNetwork.size() = 328
2=cluster2 motifNetwork=cluster2_network.txt
variable size=2039
readEvidenceTable:cluster1.table
PotentialManager::loadEvidenceFromTable varCount=2039 sampleCount=36
motifNetwork.size() = 322
3=cluster1 motifNetwork=cluster1_network.txt
variable size=2039
readEvidenceTable:cluster6.table
PotentialManager::loadEvidenceFromTable varCount=2039 sampleCount=524
motifNetwork.size() = 320
4=cluster6 motifNetwork=cluster6_network.txt
variable size=2039
readEvidenceTable:cluster9.table
PotentialManager::loadEvidenceFromTable varCount=2039 sampleCount=184
motifNetwork.size() = 327
5=cluster9 motifNetwork=cluster9_network.txt
variable size=2039
readEvidenceTable:cluster10.table
PotentialManager::loadEvidenceFromTable varCount=2039 sampleCount=165
motifNetwork.size() = 326
6=cluster10 motifNetwork=cluster10_network.txt
variable size=2039
readEvidenceTable:cluster7.table
PotentialManager::loadEvidenceFromTable varCount=2039 sampleCount=1032
motifNetwork.size() = 320
7=cluster7 motifNetwork=cluster7_network.txt
variable size=2039
-------------------------------------------------------------
MetaLearner::start
precomputeEmptyGraphPrior
binkey=0 [Edge status: 0 0 0 0 0 0 0 0 ] P(G)=P(cluster8=0)[0.8] * P(cluster1=0|cluster2=0) * P(cluster9=0|cluster6=0) * P(cluster7=0|cluster10=0) * P(cluster10=0|cluster6=0) * P(cluster6=0|cluster2=0) * P(cluster2=0|cluster3=0) * P(cluster3=0|cluster8=0)[0.209715]=0.167772
condsetMap_Tree
0 cluster8=0 cluster3=0 cluster2=0 cluster1=0 cluster6=0 cluster9=0 cluster10=0 cluster7=1
1 cluster8=0 cluster3=0 cluster2=0 cluster1=0 cluster6=0 cluster9=1 cluster10=0 cluster7=0
2 cluster8=0 cluster3=0 cluster2=0 cluster1=0 cluster6=0 cluster9=1 cluster10=0 cluster7=1
3 cluster8=0 cluster3=0 cluster2=0 cluster1=1 cluster6=0 cluster9=0 cluster10=0 cluster7=0
4 cluster8=0 cluster3=0 cluster2=0 cluster1=1 cluster6=0 cluster9=0 cluster10=0 cluster7=1
5 cluster8=0 cluster3=0 cluster2=0 cluster1=1 cluster6=0 cluster9=1 cluster10=0 cluster7=0
6 cluster8=0 cluster3=0 cluster2=0 cluster1=1 cluster6=0 cluster9=1 cluster10=0 cluster7=1
7 cluster8=0 cluster3=0 cluster2=0 cluster1=0 cluster6=0 cluster9=0 cluster10=1 cluster7=1
8 cluster8=0 cluster3=0 cluster2=0 cluster1=0 cluster6=0 cluster9=1 cluster10=1 cluster7=1
9 cluster8=0 cluster3=0 cluster2=0 cluster1=1 cluster6=0 cluster9=0 cluster10=1 cluster7=1
10 cluster8=0 cluster3=0 cluster2=0 cluster1=1 cluster6=0 cluster9=1 cluster10=1 cluster7=1
11 cluster8=0 cluster3=0 cluster2=0 cluster1=0 cluster6=1 cluster9=1 cluster10=1 cluster7=1
12 cluster8=0 cluster3=0 cluster2=0 cluster1=1 cluster6=1 cluster9=1 cluster10=1 cluster7=1
13 cluster8=0 cluster3=0 cluster2=1 cluster1=1 cluster6=1 cluster9=1 cluster10=1 cluster7=1
14 cluster8=0 cluster3=1 cluster2=1 cluster1=1 cluster6=1 cluster9=1 cluster10=1 cluster7=1
15 cluster8=1 cluster3=1 cluster2=1 cluster1=1 cluster6=1 cluster9=1 cluster10=1 cluster7=1
16 cluster8=1 cluster3=1 cluster2=1 cluster1=1 cluster6=1 cluster9=1 cluster10=1 cluster7=0
17 cluster8=1 cluster3=1 cluster2=1 cluster1=1 cluster6=1 cluster9=0 cluster10=1 cluster7=1
18 cluster8=1 cluster3=1 cluster2=1 cluster1=1 cluster6=1 cluster9=0 cluster10=1 cluster7=0
19 cluster8=1 cluster3=1 cluster2=1 cluster1=0 cluster6=1 cluster9=1 cluster10=1 cluster7=1
20 cluster8=1 cluster3=1 cluster2=1 cluster1=0 cluster6=1 cluster9=1 cluster10=1 cluster7=0
21 cluster8=1 cluster3=1 cluster2=1 cluster1=0 cluster6=1 cluster9=0 cluster10=1 cluster7=1
22 cluster8=1 cluster3=1 cluster2=1 cluster1=0 cluster6=1 cluster9=0 cluster10=1 cluster7=0
23 cluster8=1 cluster3=1 cluster2=1 cluster1=1 cluster6=1 cluster9=1 cluster10=0 cluster7=0
24 cluster8=1 cluster3=1 cluster2=1 cluster1=1 cluster6=1 cluster9=0 cluster10=0 cluster7=0
25 cluster8=1 cluster3=1 cluster2=1 cluster1=0 cluster6=1 cluster9=1 cluster10=0 cluster7=0
26 cluster8=1 cluster3=1 cluster2=1 cluster1=0 cluster6=1 cluster9=0 cluster10=0 cluster7=0
27 cluster8=1 cluster3=1 cluster2=1 cluster1=1 cluster6=0 cluster9=0 cluster10=0 cluster7=0
28 cluster8=1 cluster3=1 cluster2=1 cluster1=0 cluster6=0 cluster9=0 cluster10=0 cluster7=0
29 cluster8=1 cluster3=1 cluster2=0 cluster1=0 cluster6=0 cluster9=0 cluster10=0 cluster7=0
30 cluster8=1 cluster3=0 cluster2=0 cluster1=0 cluster6=0 cluster9=0 cluster10=0 cluster7=0
31 cluster8=0 cluster3=0 cluster2=0 cluster1=0 cluster6=1 cluster9=0 cluster10=0 cluster7=0
32 cluster8=0 cluster3=0 cluster2=1 cluster1=0 cluster6=0 cluster9=0 cluster10=0 cluster7=0
33 cluster8=0 cluster3=0 cluster2=0 cluster1=0 cluster6=0 cluster9=0 cluster10=1 cluster7=0
34 cluster8=0 cluster3=1 cluster2=0 cluster1=0 cluster6=0 cluster9=0 cluster10=0 cluster7=0
inputRegulatorOGs.size() = 1999 inputOGList.size() = 50
binkey=128 [Edge status: 0 0 0 0 0 0 0 1 ] P(G)=P(cluster8=0)[0.8] * P(cluster1=0|cluster2=0) * P(cluster9=0|cluster6=0) * P(cluster7=1|cluster10=0) * P(cluster10=0|cluster6=0) * P(cluster6=0|cluster2=0) * P(cluster2=0|cluster3=0) * P(cluster3=0|cluster8=0)[0.0524288]=0.041943
binkey=4 [Edge status: 0 0 1 0 0 0 0 0 ] P(G)=P(cluster8=0)[0.8] * P(cluster1=0|cluster2=1) * P(cluster9=0|cluster6=0) * P(cluster7=0|cluster10=0) * P(cluster10=0|cluster6=0) * P(cluster6=0|cluster2=1) * P(cluster2=1|cluster3=0) * P(cluster3=0|cluster8=0)[0.0032768]=0.00262144
binkey=32 [Edge status: 0 0 0 0 0 1 0 0 ] P(G)=P(cluster8=0)[0.8] * P(cluster1=0|cluster2=0) * P(cluster9=1|cluster6=0) * P(cluster7=0|cluster10=0) * P(cluster10=0|cluster6=0) * P(cluster6=0|cluster2=0) * P(cluster2=0|cluster3=0) * P(cluster3=0|cluster8=0)[0.0524288]=0.041943
binkey=1 [Edge status: 1 0 0 0 0 0 0 0 ] P(G)=P(cluster8=1)[0.2] * P(cluster1=0|cluster2=0) * P(cluster9=0|cluster6=0) * P(cluster7=0|cluster10=0) * P(cluster10=0|cluster6=0) * P(cluster6=0|cluster2=0) * P(cluster2=0|cluster3=0) * P(cluster3=0|cluster8=1)[0.0524288]=0.0104858
binkey=64 [Edge status: 0 0 0 0 0 0 1 0 ] P(G)=P(cluster8=0)[0.8] * P(cluster1=0|cluster2=0) * P(cluster9=0|cluster6=0) * P(cluster7=0|cluster10=1) * P(cluster10=1|cluster6=0) * P(cluster6=0|cluster2=0) * P(cluster2=0|cluster3=0) * P(cluster3=0|cluster8=0)[0.0131072]=0.0104858
binkey=16 [Edge status: 0 0 0 0 1 0 0 0 ] P(G)=P(cluster8=0)[0.8] * P(cluster1=0|cluster2=0) * P(cluster9=0|cluster6=1) * P(cluster7=0|cluster10=0) * P(cluster10=0|cluster6=1) * P(cluster6=1|cluster2=0) * P(cluster2=0|cluster3=0) * P(cluster3=0|cluster8=0)[0.0032768]=0.00262144
binkey=8 [Edge status: 0 0 0 1 0 0 0 0 ] P(G)=P(cluster8=0)[0.8] * P(cluster1=1|cluster2=0) * P(cluster9=0|cluster6=0) * P(cluster7=0|cluster10=0) * P(cluster10=0|cluster6=0) * P(cluster6=0|cluster2=0) * P(cluster2=0|cluster3=0) * P(cluster3=0|cluster8=0)[0.0524288]=0.041943
binkey=192 [Edge status: 0 0 0 0 0 0 1 1 ] P(G)=P(cluster8=0)[0.8] * P(cluster1=0|cluster2=0) * P(cluster9=0|cluster6=0) * P(cluster7=1|cluster10=1) * P(cluster10=1|cluster6=0) * P(cluster6=0|cluster2=0) * P(cluster2=0|cluster3=0) * P(cluster3=0|cluster8=0)[0.0524288]=0.041943
binkey=136 [Edge status: 0 0 0 1 0 0 0 1 ] P(G)=P(cluster8=0)[0.8] * P(cluster1=1|cluster2=0) * P(cluster9=0|cluster6=0) * P(cluster7=1|cluster10=0) * P(cluster10=0|cluster6=0) * P(cluster6=0|cluster2=0) * P(cluster2=0|cluster3=0) * P(cluster3=0|cluster8=0)[0.0131072]=0.0104858
binkey=2 [Edge status: 0 1 0 0 0 0 0 0 ] P(G)=P(cluster8=0)[0.8] * P(cluster1=0|cluster2=0) * P(cluster9=0|cluster6=0) * P(cluster7=0|cluster10=0) * P(cluster10=0|cluster6=0) * P(cluster6=0|cluster2=0) * P(cluster2=0|cluster3=1) * P(cluster3=1|cluster8=0)[0.0131072]=0.0104858
binkey=160 [Edge status: 0 0 0 0 0 1 0 1 ] P(G)=P(cluster8=0)[0.8] * P(cluster1=0|cluster2=0) * P(cluster9=1|cluster6=0) * P(cluster7=1|cluster10=0) * P(cluster10=0|cluster6=0) * P(cluster6=0|cluster2=0) * P(cluster2=0|cluster3=0) * P(cluster3=0|cluster8=0)[0.0131072]=0.0104858
binkey=224 [Edge status: 0 0 0 0 0 1 1 1 ] P(G)=P(cluster8=0)[0.8] * P(cluster1=0|cluster2=0) * P(cluster9=1|cluster6=0) * P(cluster7=1|cluster10=1) * P(cluster10=1|cluster6=0) * P(cluster6=0|cluster2=0) * P(cluster2=0|cluster3=0) * P(cluster3=0|cluster8=0)[0.0131072]=0.0104858
binkey=240 [Edge status: 0 0 0 0 1 1 1 1 ] P(G)=P(cluster8=0)[0.8] * P(cluster1=0|cluster2=0) * P(cluster9=1|cluster6=1) * P(cluster7=1|cluster10=1) * P(cluster10=1|cluster6=1) * P(cluster6=1|cluster2=0) * P(cluster2=0|cluster3=0) * P(cluster3=0|cluster8=0)[0.0524288]=0.041943
binkey=40 [Edge status: 0 0 0 1 0 1 0 0 ] P(G)=P(cluster8=0)[0.8] * P(cluster1=1|cluster2=0) * P(cluster9=1|cluster6=0) * P(cluster7=0|cluster10=0) * P(cluster10=0|cluster6=0) * P(cluster6=0|cluster2=0) * P(cluster2=0|cluster3=0) * P(cluster3=0|cluster8=0)[0.0131072]=0.0104858
binkey=168 [Edge status: 0 0 0 1 0 1 0 1 ] P(G)=P(cluster8=0)[0.8] * P(cluster1=1|cluster2=0) * P(cluster9=1|cluster6=0) * P(cluster7=1|cluster10=0) * P(cluster10=0|cluster6=0) * P(cluster6=0|cluster2=0) * P(cluster2=0|cluster3=0) * P(cluster3=0|cluster8=0)[0.0032768]=0.00262144
binkey=200 [Edge status: 0 0 0 1 0 0 1 1 ] P(G)=P(cluster8=0)[0.8] * P(cluster1=1|cluster2=0) * P(cluster9=0|cluster6=0) * P(cluster7=1|cluster10=1) * P(cluster10=1|cluster6=0) * P(cluster6=0|cluster2=0) * P(cluster2=0|cluster3=0) * P(cluster3=0|cluster8=0)[0.0131072]=0.0104858
binkey=232 [Edge status: 0 0 0 1 0 1 1 1 ] P(G)=P(cluster8=0)[0.8] * P(cluster1=1|cluster2=0) * P(cluster9=1|cluster6=0) * P(cluster7=1|cluster10=1) * P(cluster10=1|cluster6=0) * P(cluster6=0|cluster2=0) * P(cluster2=0|cluster3=0) * P(cluster3=0|cluster8=0)[0.0032768]=0.00262144
binkey=3 [Edge status: 1 1 0 0 0 0 0 0 ] P(G)=P(cluster8=1)[0.2] * P(cluster1=0|cluster2=0) * P(cluster9=0|cluster6=0) * P(cluster7=0|cluster10=0) * P(cluster10=0|cluster6=0) * P(cluster6=0|cluster2=0) * P(cluster2=0|cluster3=1) * P(cluster3=1|cluster8=1)[0.0524288]=0.0104858
binkey=215 [Edge status: 1 1 1 0 1 0 1 1 ] P(G)=P(cluster8=1)[0.2] * P(cluster1=0|cluster2=1) * P(cluster9=0|cluster6=1) * P(cluster7=1|cluster10=1) * P(cluster10=1|cluster6=1) * P(cluster6=1|cluster2=1) * P(cluster2=1|cluster3=1) * P(cluster3=1|cluster8=1)[0.0131072]=0.00262144
binkey=87 [Edge status: 1 1 1 0 1 0 1 0 ] P(G)=P(cluster8=1)[0.2] * P(cluster1=0|cluster2=1) * P(cluster9=0|cluster6=1) * P(cluster7=0|cluster10=1) * P(cluster10=1|cluster6=1) * P(cluster6=1|cluster2=1) * P(cluster2=1|cluster3=1) * P(cluster3=1|cluster8=1)[0.0032768]=0.00065536
binkey=23 [Edge status: 1 1 1 0 1 0 0 0 ] P(G)=P(cluster8=1)[0.2] * P(cluster1=0|cluster2=1) * P(cluster9=0|cluster6=1) * P(cluster7=0|cluster10=0) * P(cluster10=0|cluster6=1) * P(cluster6=1|cluster2=1) * P(cluster2=1|cluster3=1) * P(cluster3=1|cluster8=1)[0.0032768]=0.00065536
binkey=7 [Edge status: 1 1 1 0 0 0 0 0 ] P(G)=P(cluster8=1)[0.2] * P(cluster1=0|cluster2=1) * P(cluster9=0|cluster6=0) * P(cluster7=0|cluster10=0) * P(cluster10=0|cluster6=0) * P(cluster6=0|cluster2=1) * P(cluster2=1|cluster3=1) * P(cluster3=1|cluster8=1)[0.0131072]=0.00262144
binkey=55 [Edge status: 1 1 1 0 1 1 0 0 ] P(G)=P(cluster8=1)[0.2] * P(cluster1=0|cluster2=1) * P(cluster9=1|cluster6=1) * P(cluster7=0|cluster10=0) * P(cluster10=0|cluster6=1) * P(cluster6=1|cluster2=1) * P(cluster2=1|cluster3=1) * P(cluster3=1|cluster8=1)[0.0131072]=0.00262144
binkey=247 [Edge status: 1 1 1 0 1 1 1 1 ] P(G)=P(cluster8=1)[0.2] * P(cluster1=0|cluster2=1) * P(cluster9=1|cluster6=1) * P(cluster7=1|cluster10=1) * P(cluster10=1|cluster6=1) * P(cluster6=1|cluster2=1) * P(cluster2=1|cluster3=1) * P(cluster3=1|cluster8=1)[0.0524288]=0.0104858
binkey=119 [Edge status: 1 1 1 0 1 1 1 0 ] P(G)=P(cluster8=1)[0.2] * P(cluster1=0|cluster2=1) * P(cluster9=1|cluster6=1) * P(cluster7=0|cluster10=1) * P(cluster10=1|cluster6=1) * P(cluster6=1|cluster2=1) * P(cluster2=1|cluster3=1) * P(cluster3=1|cluster8=1)[0.0131072]=0.00262144
ITERATION 0 newScore=-2.66036e+06 diffscore=20659.6 priorChange=-121.994 successMove=67
ITERATION 1 newScore=-2.65404e+06 diffscore=6320.68 priorChange=-115.062 successMove=50
binkey=248 [Edge status: 0 0 0 1 1 1 1 1 ] P(G)=P(cluster8=0)[0.8] * P(cluster1=1|cluster2=0) * P(cluster9=1|cluster6=1) * P(cluster7=1|cluster10=1) * P(cluster10=1|cluster6=1) * P(cluster6=1|cluster2=0) * P(cluster2=0|cluster3=0) * P(cluster3=0|cluster8=0)[0.0131072]=0.0104858
ITERATION 2 newScore=-2.64425e+06 diffscore=9783.94 priorChange=-117.835 successMove=58
ITERATION 3 newScore=-2.64071e+06 diffscore=3541.75 priorChange=-121.994 successMove=55
ITERATION 4 newScore=-2.63277e+06 diffscore=7945.16 priorChange=-108.131 successMove=54
ITERATION 5 newScore=-2.62821e+06 diffscore=4559.01 priorChange=-116.449 successMove=50
ITERATION 6 newScore=-2.6212e+06 diffscore=7006.01 priorChange=-105.358 successMove=52
ITERATION 7 newScore=-2.61519e+06 diffscore=6012.67 priorChange=-113.676 successMove=51
binkey=63 [Edge status: 1 1 1 1 1 1 0 0 ] P(G)=P(cluster8=1)[0.2] * P(cluster1=1|cluster2=1) * P(cluster9=1|cluster6=1) * P(cluster7=0|cluster10=0) * P(cluster10=0|cluster6=1) * P(cluster6=1|cluster2=1) * P(cluster2=1|cluster3=1) * P(cluster3=1|cluster8=1)[0.0524288]=0.0104858
binkey=31 [Edge status: 1 1 1 1 1 0 0 0 ] P(G)=P(cluster8=1)[0.2] * P(cluster1=1|cluster2=1) * P(cluster9=0|cluster6=1) * P(cluster7=0|cluster10=0) * P(cluster10=0|cluster6=1) * P(cluster6=1|cluster2=1) * P(cluster2=1|cluster3=1) * P(cluster3=1|cluster8=1)[0.0131072]=0.00262144
binkey=15 [Edge status: 1 1 1 1 0 0 0 0 ] P(G)=P(cluster8=1)[0.2] * P(cluster1=1|cluster2=1) * P(cluster9=0|cluster6=0) * P(cluster7=0|cluster10=0) * P(cluster10=0|cluster6=0) * P(cluster6=0|cluster2=1) * P(cluster2=1|cluster3=1) * P(cluster3=1|cluster8=1)[0.0524288]=0.0104858
ITERATION 8 newScore=-2.61341e+06 diffscore=1774.09 priorChange=-112.29 successMove=50
ITERATION 9 newScore=-2.61039e+06 diffscore=3021.14 priorChange=-124.766 successMove=51
ITERATION 10 newScore=-2.60553e+06 diffscore=4866.92 priorChange=-137.243 successMove=50
ITERATION 11 newScore=-2.60458e+06 diffscore=944.45 priorChange=-124.766 successMove=51
ITERATION 12 newScore=-2.60074e+06 diffscore=3845.84 priorChange=-115.062 successMove=52
ITERATION 13 newScore=-2.59689e+06 diffscore=3843.64 priorChange=-115.062 successMove=51
ITERATION 14 newScore=-2.59409e+06 diffscore=2800.05 priorChange=-115.062 successMove=50
ITERATION 15 newScore=-2.59137e+06 diffscore=2722.91 priorChange=-126.153 successMove=51
ITERATION 16 newScore=-2.59005e+06 diffscore=1318.62 priorChange=-121.994 successMove=51
ITERATION 17 newScore=-2.58922e+06 diffscore=827.927 priorChange=-112.29 successMove=53
ITERATION 18 newScore=-2.58713e+06 diffscore=2088.71 priorChange=-117.835 successMove=50
ITERATION 19 newScore=-2.58467e+06 diffscore=2459.78 priorChange=-119.221 successMove=50
ITERATION 20 newScore=-2.58409e+06 diffscore=578.668 priorChange=-116.449 successMove=51
ITERATION 21 newScore=-2.58266e+06 diffscore=1436.12 priorChange=-106.745 successMove=51
ITERATION 22 newScore=-2.58185e+06 diffscore=806.461 priorChange=-102.586 successMove=49
ITERATION 23 newScore=-2.57824e+06 diffscore=3617.19 priorChange=-99.8132 successMove=50
ITERATION 24 newScore=-2.57604e+06 diffscore=2192.89 priorChange=-87.3365 successMove=49
ITERATION 25 newScore=-2.57387e+06 diffscore=2175.76 priorChange=-108.131 successMove=49
ITERATION 26 newScore=-2.57256e+06 diffscore=1303.27 priorChange=-98.4269 successMove=55
ITERATION 27 newScore=-2.5708e+06 diffscore=1766.15 priorChange=-102.586 successMove=48
ITERATION 28 newScore=-2.57028e+06 diffscore=515.756 priorChange=-103.972 successMove=48
ITERATION 29 newScore=-2.56826e+06 diffscore=2019 priorChange=-101.199 successMove=48
ITERATION 30 newScore=-2.56485e+06 diffscore=3416.15 priorChange=-108.131 successMove=48
ITERATION 31 newScore=-2.56204e+06 diffscore=2808.13 priorChange=-115.062 successMove=48
ITERATION 32 newScore=-2.56149e+06 diffscore=549.656 priorChange=-106.745 successMove=47
ITERATION 33 newScore=-2.55914e+06 diffscore=2346.46 priorChange=-98.4269 successMove=46
ITERATION 34 newScore=-2.55692e+06 diffscore=2217.23 priorChange=-85.9503 successMove=48
ITERATION 35 newScore=-2.55462e+06 diffscore=2300.47 priorChange=-112.29 successMove=48
ITERATION 36 newScore=-2.55427e+06 diffscore=353.729 priorChange=-102.586 successMove=48
ITERATION 37 newScore=-2.5537e+06 diffscore=567.477 priorChange=-91.4954 successMove=46
ITERATION 38 newScore=-2.55291e+06 diffscore=796.838 priorChange=-85.9503 successMove=48
ITERATION 39 newScore=-2.55254e+06 diffscore=367.339 priorChange=-101.199 successMove=48
ITERATION 40 newScore=-2.55208e+06 diffscore=458.2 priorChange=-90.1091 successMove=46
ITERATION 41 newScore=-2.54872e+06 diffscore=3360.57 priorChange=-91.4954 successMove=45
ITERATION 42 newScore=-2.54808e+06 diffscore=638.303 priorChange=-92.8817 successMove=47
ITERATION 43 newScore=-2.54544e+06 diffscore=2638.92 priorChange=-88.7228 successMove=46
ITERATION 44 newScore=-2.54512e+06 diffscore=325.006 priorChange=-90.1091 successMove=45
ITERATION 45 newScore=-2.54468e+06 diffscore=435.2 priorChange=-97.0406 successMove=46
ITERATION 46 newScore=-2.54224e+06 diffscore=2439.23 priorChange=-79.0188 successMove=45
ITERATION 47 newScore=-2.5419e+06 diffscore=343.196 priorChange=-92.8817 successMove=46
ITERATION 48 newScore=-2.54092e+06 diffscore=977.826 priorChange=-98.4269 successMove=45
ITERATION 49 newScore=-2.54063e+06 diffscore=291.242 priorChange=-91.4954 successMove=45
ITERATION 50 newScore=-2.54034e+06 diffscore=287.42 priorChange=-88.7228 successMove=45
ITERATION 51 newScore=-2.53995e+06 diffscore=398.477 priorChange=-102.586 successMove=44
ITERATION 52 newScore=-2.53928e+06 diffscore=662.215 priorChange=-87.3365 successMove=43
ITERATION 53 newScore=-2.53814e+06 diffscore=1145.7 priorChange=-87.3365 successMove=44
ITERATION 54 newScore=-2.53657e+06 diffscore=1569.39 priorChange=-84.564 successMove=41
ITERATION 55 newScore=-2.53483e+06 diffscore=1736.89 priorChange=-91.4954 successMove=42
ITERATION 56 newScore=-2.53389e+06 diffscore=942.631 priorChange=-81.7914 successMove=40
ITERATION 57 newScore=-2.53342e+06 diffscore=463.741 priorChange=-87.3365 successMove=38
ITERATION 58 newScore=-2.53241e+06 diffscore=1011.53 priorChange=-73.4736 successMove=37
ITERATION 59 newScore=-2.53199e+06 diffscore=425.665 priorChange=-69.3147 successMove=36
ITERATION 60 newScore=-2.52877e+06 diffscore=3217.27 priorChange=-63.7695 successMove=35
ITERATION 61 newScore=-2.52858e+06 diffscore=187.106 priorChange=-65.1558 successMove=35
ITERATION 62 newScore=-2.52834e+06 diffscore=241.62 priorChange=-67.9284 successMove=35
ITERATION 63 newScore=-2.52693e+06 diffscore=1406.82 priorChange=-69.3147 successMove=34
ITERATION 64 newScore=-2.52676e+06 diffscore=170.022 priorChange=-66.5421 successMove=33
ITERATION 65 newScore=-2.52652e+06 diffscore=246.419 priorChange=-73.4736 successMove=33
ITERATION 66 newScore=-2.52616e+06 diffscore=362.118 priorChange=-69.3147 successMove=33
ITERATION 67 newScore=-2.52593e+06 diffscore=224.184 priorChange=-72.0873 successMove=31
ITERATION 68 newScore=-2.52553e+06 diffscore=405.925 priorChange=-72.0873 successMove=30
ITERATION 69 newScore=-2.52469e+06 diffscore=838.08 priorChange=-49.9066 successMove=32
ITERATION 70 newScore=-2.52446e+06 diffscore=226.035 priorChange=-69.3147 successMove=29
ITERATION 71 newScore=-2.52398e+06 diffscore=477.745 priorChange=-52.6792 successMove=28
ITERATION 72 newScore=-2.52385e+06 diffscore=131.87 priorChange=-54.0655 successMove=28
ITERATION 73 newScore=-2.52314e+06 diffscore=710.302 priorChange=-54.0655 successMove=27
ITERATION 74 newScore=-2.52305e+06 diffscore=93.8565 priorChange=-42.9751 successMove=27
binkey=252 [Edge status: 0 0 1 1 1 1 1 1 ] P(G)=P(cluster8=0)[0.8] * P(cluster1=1|cluster2=1) * P(cluster9=1|cluster6=1) * P(cluster7=1|cluster10=1) * P(cluster10=1|cluster6=1) * P(cluster6=1|cluster2=1) * P(cluster2=1|cluster3=0) * P(cluster3=0|cluster8=0)[0.0524288]=0.041943
ITERATION 75 newScore=-2.52295e+06 diffscore=94.6183 priorChange=-51.2929 successMove=30
ITERATION 76 newScore=-2.52287e+06 diffscore=80.4534 priorChange=-47.134 successMove=20
ITERATION 77 newScore=-2.52279e+06 diffscore=80.6636 priorChange=-44.3614 successMove=23
ITERATION 78 newScore=-2.52271e+06 diffscore=81.3107 priorChange=-47.134 successMove=20
ITERATION 79 newScore=-2.52262e+06 diffscore=91.6392 priorChange=-36.0437 successMove=20
ITERATION 80 newScore=-2.52153e+06 diffscore=1088.39 priorChange=-31.8848 successMove=16
ITERATION 81 newScore=-2.52145e+06 diffscore=82.4194 priorChange=-42.9751 successMove=16
ITERATION 82 newScore=-2.52138e+06 diffscore=73.3353 priorChange=-29.1122 successMove=15
ITERATION 83 newScore=-2.5213e+06 diffscore=78.8836 priorChange=-30.4985 successMove=15
ITERATION 84 newScore=-2.52122e+06 diffscore=76.1814 priorChange=-33.2711 successMove=14
ITERATION 85 newScore=-2.52113e+06 diffscore=86.112 priorChange=-26.3396 successMove=14
ITERATION 86 newScore=-2.52099e+06 diffscore=143.736 priorChange=-19.4081 successMove=13
ITERATION 87 newScore=-2.52092e+06 diffscore=67.4532 priorChange=-24.9533 successMove=14
ITERATION 88 newScore=-2.52084e+06 diffscore=78.2725 priorChange=-23.567 successMove=11
ITERATION 89 newScore=-2.52076e+06 diffscore=86.7606 priorChange=-23.567 successMove=11
ITERATION 90 newScore=-2.52062e+06 diffscore=137.476 priorChange=-18.0218 successMove=10
ITERATION 91 newScore=-2.52054e+06 diffscore=85.2095 priorChange=-12.4766 successMove=9
ITERATION 92 newScore=-2.52016e+06 diffscore=376.87 priorChange=-16.6355 successMove=9
ITERATION 93 newScore=-2.51889e+06 diffscore=1263.89 priorChange=-11.0904 successMove=8
ITERATION 94 newScore=-2.51859e+06 diffscore=301.037 priorChange=-13.8629 successMove=8
ITERATION 95 newScore=-2.51855e+06 diffscore=39.9303 priorChange=-19.4081 successMove=7
ITERATION 96 newScore=-2.51851e+06 diffscore=39.3555 priorChange=-12.4766 successMove=7
ITERATION 97 newScore=-2.51848e+06 diffscore=33.4946 priorChange=-13.8629 successMove=7
ITERATION 98 newScore=-2.51845e+06 diffscore=34.2795 priorChange=-11.0904 successMove=7
ITERATION 99 newScore=-2.5184e+06 diffscore=42.3126 priorChange=-9.70406 successMove=7
MetaLearner::dumpAllGraphs
Final Score -2.5184e+06
MetaLearner::start runtime: 1608237362 ms
Results/
Results/cluster2/
Results/cluster2/fold0/
Results/cluster2/fold0/modelparams.txt
Results/cluster2/fold0/var_mb_pw_k50.txt
Results/cluster7/
Results/cluster7/fold0/
Results/cluster7/fold0/modelparams.txt
Results/cluster7/fold0/var_mb_pw_k50.txt
Results/cluster9/
Results/cluster9/fold0/
Results/cluster9/fold0/modelparams.txt
Results/cluster9/fold0/var_mb_pw_k50.txt
Results/cluster1/
Results/cluster1/fold0/
Results/cluster1/fold0/modelparams.txt
Results/cluster1/fold0/var_mb_pw_k50.txt
Results/cluster3/
Results/cluster3/fold0/
Results/cluster3/fold0/modelparams.txt
Results/cluster3/fold0/var_mb_pw_k50.txt
Results/cluster10/
Results/cluster10/fold0/
Results/cluster10/fold0/modelparams.txt
Results/cluster10/fold0/var_mb_pw_k50.txt
Results/cluster8/
Results/cluster8/scoreFile.txt
Results/cluster8/fold0/
Results/cluster8/fold0/modelparams.txt
Results/cluster8/fold0/var_mb_pw_k50.txt
Results/cluster6/
Results/cluster6/fold0/
Results/cluster6/fold0/modelparams.txt
Results/cluster6/fold0/var_mb_pw_k50.txt
