000 (49777.1008.000) 10/11 10:48:10 Job submitted from host: <144.92.142.142:9618?addrs=144.92.142.142-9618&noUDP&sock=44923_051a_3>
...
001 (49777.1008.000) 10/11 15:28:30 Job executing on host: <128.105.68.23:9618?addrs=128.105.68.23-9618&alias=gpulab2004.chtc.wisc.edu&noUDP&sock=startd_62541_80a6>
...
006 (49777.1008.000) 10/11 15:28:39 Image size of job updated: 156680
	103  -  MemoryUsage of job (MB)
	105448  -  ResidentSetSize of job (KB)
...
006 (49777.1008.000) 10/11 15:33:40 Image size of job updated: 767308
	715  -  MemoryUsage of job (MB)
	731896  -  ResidentSetSize of job (KB)
...
006 (49777.1008.000) 10/11 15:38:40 Image size of job updated: 1540092
	1455  -  MemoryUsage of job (MB)
	1489360  -  ResidentSetSize of job (KB)
...
006 (49777.1008.000) 10/11 15:43:40 Image size of job updated: 2540104
	2439  -  MemoryUsage of job (MB)
	2496772  -  ResidentSetSize of job (KB)
...
006 (49777.1008.000) 10/11 15:48:41 Image size of job updated: 3428712
	3330  -  MemoryUsage of job (MB)
	3409356  -  ResidentSetSize of job (KB)
...
006 (49777.1008.000) 10/11 15:51:29 Image size of job updated: 3891748
	3330  -  MemoryUsage of job (MB)
	3409356  -  ResidentSetSize of job (KB)
...
005 (49777.1008.000) 10/11 15:51:29 Job terminated.
	(1) Normal termination (return value 0)
		Usr 0 00:22:52, Sys 0 00:00:04  -  Run Remote Usage
		Usr 0 00:00:00, Sys 0 00:00:00  -  Run Local Usage
		Usr 0 00:22:52, Sys 0 00:00:04  -  Total Remote Usage
		Usr 0 00:00:00, Sys 0 00:00:00  -  Total Local Usage
	175141  -  Run Bytes Sent By Job
	316773216  -  Run Bytes Received By Job
	175141  -  Total Bytes Sent By Job
	316773216  -  Total Bytes Received By Job
	Partitionable Resources :     Usage  Request Allocated 
	   Cpus                 :      1.00        1         1 
	   Disk (KB)            : 325000      819200  18192444 
	   Gpus                 :                            0 
	   Ioheavy              :                            0 
	   Memory (MB)          :   3330       20480     21341 
...
