./CVN -f config_condor.txt -x50 -v1 -l TFs_OGs.txt -n AllGenes98.txt -d celltype_tree_ancestor.txt -m testdata_ogids.txt -s celltype_order.txt -p 0.2 -c yes -b -4 -q 4
(cluster3|cluster8) p_maintain_edge=0.8 p_gain=0.2
(cluster2|cluster3) p_maintain_edge=0.8 p_gain=0.2
(cluster1|cluster2) p_maintain_edge=0.8 p_gain=0.2
(cluster6|cluster2) p_maintain_edge=0.8 p_gain=0.2
(cluster9|cluster6) p_maintain_edge=0.8 p_gain=0.2
(cluster10|cluster6) p_maintain_edge=0.8 p_gain=0.2
(cluster7|cluster10) p_maintain_edge=0.8 p_gain=0.2
speciesSet.size()=8 Root is cluster8
MappedOrthogroupReader::readSpeciesMapping() --- celltype_order.txt
MappedOrthogroupReader::readFile - testdata_ogids.txt
MappedOrthogroupReader::generateGeneOrthoMap()
MetaLearner::init_onefold() read:config_condor.txt
MetaLearner::setinputVariableNames number of variables: 2039
readEvidenceTable:cluster8.table
PotentialManager::loadEvidenceFromTable varCount=2039 sampleCount=348
motifNetwork.size() = 319
0=cluster8 motifNetwork=cluster8_network.txt
variable size=2039
readEvidenceTable:cluster3.table
PotentialManager::loadEvidenceFromTable varCount=2039 sampleCount=95
motifNetwork.size() = 326
1=cluster3 motifNetwork=cluster3_network.txt
variable size=2039
readEvidenceTable:cluster2.table
PotentialManager::loadEvidenceFromTable varCount=2039 sampleCount=386
motifNetwork.size() = 328
2=cluster2 motifNetwork=cluster2_network.txt
variable size=2039
readEvidenceTable:cluster1.table
PotentialManager::loadEvidenceFromTable varCount=2039 sampleCount=36
motifNetwork.size() = 322
3=cluster1 motifNetwork=cluster1_network.txt
variable size=2039
readEvidenceTable:cluster6.table
PotentialManager::loadEvidenceFromTable varCount=2039 sampleCount=524
motifNetwork.size() = 320
4=cluster6 motifNetwork=cluster6_network.txt
variable size=2039
readEvidenceTable:cluster9.table
PotentialManager::loadEvidenceFromTable varCount=2039 sampleCount=184
motifNetwork.size() = 327
5=cluster9 motifNetwork=cluster9_network.txt
variable size=2039
readEvidenceTable:cluster10.table
PotentialManager::loadEvidenceFromTable varCount=2039 sampleCount=165
motifNetwork.size() = 326
6=cluster10 motifNetwork=cluster10_network.txt
variable size=2039
readEvidenceTable:cluster7.table
PotentialManager::loadEvidenceFromTable varCount=2039 sampleCount=1032
motifNetwork.size() = 320
7=cluster7 motifNetwork=cluster7_network.txt
variable size=2039
-------------------------------------------------------------
MetaLearner::start
precomputeEmptyGraphPrior
binkey=0 [Edge status: 0 0 0 0 0 0 0 0 ] P(G)=P(cluster8=0)[0.8] * P(cluster1=0|cluster2=0) * P(cluster9=0|cluster6=0) * P(cluster7=0|cluster10=0) * P(cluster10=0|cluster6=0) * P(cluster6=0|cluster2=0) * P(cluster2=0|cluster3=0) * P(cluster3=0|cluster8=0)[0.209715]=0.167772
condsetMap_Tree
0 cluster8=0 cluster3=0 cluster2=0 cluster1=0 cluster6=0 cluster9=0 cluster10=0 cluster7=1
1 cluster8=0 cluster3=0 cluster2=0 cluster1=0 cluster6=0 cluster9=1 cluster10=0 cluster7=0
2 cluster8=0 cluster3=0 cluster2=0 cluster1=0 cluster6=0 cluster9=1 cluster10=0 cluster7=1
3 cluster8=0 cluster3=0 cluster2=0 cluster1=1 cluster6=0 cluster9=0 cluster10=0 cluster7=0
4 cluster8=0 cluster3=0 cluster2=0 cluster1=1 cluster6=0 cluster9=0 cluster10=0 cluster7=1
5 cluster8=0 cluster3=0 cluster2=0 cluster1=1 cluster6=0 cluster9=1 cluster10=0 cluster7=0
6 cluster8=0 cluster3=0 cluster2=0 cluster1=1 cluster6=0 cluster9=1 cluster10=0 cluster7=1
7 cluster8=0 cluster3=0 cluster2=0 cluster1=0 cluster6=0 cluster9=0 cluster10=1 cluster7=1
8 cluster8=0 cluster3=0 cluster2=0 cluster1=0 cluster6=0 cluster9=1 cluster10=1 cluster7=1
9 cluster8=0 cluster3=0 cluster2=0 cluster1=1 cluster6=0 cluster9=0 cluster10=1 cluster7=1
10 cluster8=0 cluster3=0 cluster2=0 cluster1=1 cluster6=0 cluster9=1 cluster10=1 cluster7=1
11 cluster8=0 cluster3=0 cluster2=0 cluster1=0 cluster6=1 cluster9=1 cluster10=1 cluster7=1
12 cluster8=0 cluster3=0 cluster2=0 cluster1=1 cluster6=1 cluster9=1 cluster10=1 cluster7=1
13 cluster8=0 cluster3=0 cluster2=1 cluster1=1 cluster6=1 cluster9=1 cluster10=1 cluster7=1
14 cluster8=0 cluster3=1 cluster2=1 cluster1=1 cluster6=1 cluster9=1 cluster10=1 cluster7=1
15 cluster8=1 cluster3=1 cluster2=1 cluster1=1 cluster6=1 cluster9=1 cluster10=1 cluster7=1
16 cluster8=1 cluster3=1 cluster2=1 cluster1=1 cluster6=1 cluster9=1 cluster10=1 cluster7=0
17 cluster8=1 cluster3=1 cluster2=1 cluster1=1 cluster6=1 cluster9=0 cluster10=1 cluster7=1
18 cluster8=1 cluster3=1 cluster2=1 cluster1=1 cluster6=1 cluster9=0 cluster10=1 cluster7=0
19 cluster8=1 cluster3=1 cluster2=1 cluster1=0 cluster6=1 cluster9=1 cluster10=1 cluster7=1
20 cluster8=1 cluster3=1 cluster2=1 cluster1=0 cluster6=1 cluster9=1 cluster10=1 cluster7=0
21 cluster8=1 cluster3=1 cluster2=1 cluster1=0 cluster6=1 cluster9=0 cluster10=1 cluster7=1
22 cluster8=1 cluster3=1 cluster2=1 cluster1=0 cluster6=1 cluster9=0 cluster10=1 cluster7=0
23 cluster8=1 cluster3=1 cluster2=1 cluster1=1 cluster6=1 cluster9=1 cluster10=0 cluster7=0
24 cluster8=1 cluster3=1 cluster2=1 cluster1=1 cluster6=1 cluster9=0 cluster10=0 cluster7=0
25 cluster8=1 cluster3=1 cluster2=1 cluster1=0 cluster6=1 cluster9=1 cluster10=0 cluster7=0
26 cluster8=1 cluster3=1 cluster2=1 cluster1=0 cluster6=1 cluster9=0 cluster10=0 cluster7=0
27 cluster8=1 cluster3=1 cluster2=1 cluster1=1 cluster6=0 cluster9=0 cluster10=0 cluster7=0
28 cluster8=1 cluster3=1 cluster2=1 cluster1=0 cluster6=0 cluster9=0 cluster10=0 cluster7=0
29 cluster8=1 cluster3=1 cluster2=0 cluster1=0 cluster6=0 cluster9=0 cluster10=0 cluster7=0
30 cluster8=1 cluster3=0 cluster2=0 cluster1=0 cluster6=0 cluster9=0 cluster10=0 cluster7=0
31 cluster8=0 cluster3=0 cluster2=0 cluster1=0 cluster6=1 cluster9=0 cluster10=0 cluster7=0
32 cluster8=0 cluster3=0 cluster2=1 cluster1=0 cluster6=0 cluster9=0 cluster10=0 cluster7=0
33 cluster8=0 cluster3=0 cluster2=0 cluster1=0 cluster6=0 cluster9=0 cluster10=1 cluster7=0
34 cluster8=0 cluster3=1 cluster2=0 cluster1=0 cluster6=0 cluster9=0 cluster10=0 cluster7=0
inputRegulatorOGs.size() = 1999 inputOGList.size() = 50
binkey=128 [Edge status: 0 0 0 0 0 0 0 1 ] P(G)=P(cluster8=0)[0.8] * P(cluster1=0|cluster2=0) * P(cluster9=0|cluster6=0) * P(cluster7=1|cluster10=0) * P(cluster10=0|cluster6=0) * P(cluster6=0|cluster2=0) * P(cluster2=0|cluster3=0) * P(cluster3=0|cluster8=0)[0.0524288]=0.041943
binkey=192 [Edge status: 0 0 0 0 0 0 1 1 ] P(G)=P(cluster8=0)[0.8] * P(cluster1=0|cluster2=0) * P(cluster9=0|cluster6=0) * P(cluster7=1|cluster10=1) * P(cluster10=1|cluster6=0) * P(cluster6=0|cluster2=0) * P(cluster2=0|cluster3=0) * P(cluster3=0|cluster8=0)[0.0524288]=0.041943
binkey=64 [Edge status: 0 0 0 0 0 0 1 0 ] P(G)=P(cluster8=0)[0.8] * P(cluster1=0|cluster2=0) * P(cluster9=0|cluster6=0) * P(cluster7=0|cluster10=1) * P(cluster10=1|cluster6=0) * P(cluster6=0|cluster2=0) * P(cluster2=0|cluster3=0) * P(cluster3=0|cluster8=0)[0.0131072]=0.0104858
binkey=32 [Edge status: 0 0 0 0 0 1 0 0 ] P(G)=P(cluster8=0)[0.8] * P(cluster1=0|cluster2=0) * P(cluster9=1|cluster6=0) * P(cluster7=0|cluster10=0) * P(cluster10=0|cluster6=0) * P(cluster6=0|cluster2=0) * P(cluster2=0|cluster3=0) * P(cluster3=0|cluster8=0)[0.0524288]=0.041943
binkey=16 [Edge status: 0 0 0 0 1 0 0 0 ] P(G)=P(cluster8=0)[0.8] * P(cluster1=0|cluster2=0) * P(cluster9=0|cluster6=1) * P(cluster7=0|cluster10=0) * P(cluster10=0|cluster6=1) * P(cluster6=1|cluster2=0) * P(cluster2=0|cluster3=0) * P(cluster3=0|cluster8=0)[0.0032768]=0.00262144
binkey=4 [Edge status: 0 0 1 0 0 0 0 0 ] P(G)=P(cluster8=0)[0.8] * P(cluster1=0|cluster2=1) * P(cluster9=0|cluster6=0) * P(cluster7=0|cluster10=0) * P(cluster10=0|cluster6=0) * P(cluster6=0|cluster2=1) * P(cluster2=1|cluster3=0) * P(cluster3=0|cluster8=0)[0.0032768]=0.00262144
binkey=1 [Edge status: 1 0 0 0 0 0 0 0 ] P(G)=P(cluster8=1)[0.2] * P(cluster1=0|cluster2=0) * P(cluster9=0|cluster6=0) * P(cluster7=0|cluster10=0) * P(cluster10=0|cluster6=0) * P(cluster6=0|cluster2=0) * P(cluster2=0|cluster3=0) * P(cluster3=0|cluster8=1)[0.0524288]=0.0104858
binkey=160 [Edge status: 0 0 0 0 0 1 0 1 ] P(G)=P(cluster8=0)[0.8] * P(cluster1=0|cluster2=0) * P(cluster9=1|cluster6=0) * P(cluster7=1|cluster10=0) * P(cluster10=0|cluster6=0) * P(cluster6=0|cluster2=0) * P(cluster2=0|cluster3=0) * P(cluster3=0|cluster8=0)[0.0131072]=0.0104858
binkey=3 [Edge status: 1 1 0 0 0 0 0 0 ] P(G)=P(cluster8=1)[0.2] * P(cluster1=0|cluster2=0) * P(cluster9=0|cluster6=0) * P(cluster7=0|cluster10=0) * P(cluster10=0|cluster6=0) * P(cluster6=0|cluster2=0) * P(cluster2=0|cluster3=1) * P(cluster3=1|cluster8=1)[0.0524288]=0.0104858
binkey=2 [Edge status: 0 1 0 0 0 0 0 0 ] P(G)=P(cluster8=0)[0.8] * P(cluster1=0|cluster2=0) * P(cluster9=0|cluster6=0) * P(cluster7=0|cluster10=0) * P(cluster10=0|cluster6=0) * P(cluster6=0|cluster2=0) * P(cluster2=0|cluster3=1) * P(cluster3=1|cluster8=0)[0.0131072]=0.0104858
binkey=8 [Edge status: 0 0 0 1 0 0 0 0 ] P(G)=P(cluster8=0)[0.8] * P(cluster1=1|cluster2=0) * P(cluster9=0|cluster6=0) * P(cluster7=0|cluster10=0) * P(cluster10=0|cluster6=0) * P(cluster6=0|cluster2=0) * P(cluster2=0|cluster3=0) * P(cluster3=0|cluster8=0)[0.0524288]=0.041943
binkey=136 [Edge status: 0 0 0 1 0 0 0 1 ] P(G)=P(cluster8=0)[0.8] * P(cluster1=1|cluster2=0) * P(cluster9=0|cluster6=0) * P(cluster7=1|cluster10=0) * P(cluster10=0|cluster6=0) * P(cluster6=0|cluster2=0) * P(cluster2=0|cluster3=0) * P(cluster3=0|cluster8=0)[0.0131072]=0.0104858
binkey=40 [Edge status: 0 0 0 1 0 1 0 0 ] P(G)=P(cluster8=0)[0.8] * P(cluster1=1|cluster2=0) * P(cluster9=1|cluster6=0) * P(cluster7=0|cluster10=0) * P(cluster10=0|cluster6=0) * P(cluster6=0|cluster2=0) * P(cluster2=0|cluster3=0) * P(cluster3=0|cluster8=0)[0.0131072]=0.0104858
binkey=168 [Edge status: 0 0 0 1 0 1 0 1 ] P(G)=P(cluster8=0)[0.8] * P(cluster1=1|cluster2=0) * P(cluster9=1|cluster6=0) * P(cluster7=1|cluster10=0) * P(cluster10=0|cluster6=0) * P(cluster6=0|cluster2=0) * P(cluster2=0|cluster3=0) * P(cluster3=0|cluster8=0)[0.0032768]=0.00262144
binkey=224 [Edge status: 0 0 0 0 0 1 1 1 ] P(G)=P(cluster8=0)[0.8] * P(cluster1=0|cluster2=0) * P(cluster9=1|cluster6=0) * P(cluster7=1|cluster10=1) * P(cluster10=1|cluster6=0) * P(cluster6=0|cluster2=0) * P(cluster2=0|cluster3=0) * P(cluster3=0|cluster8=0)[0.0131072]=0.0104858
binkey=240 [Edge status: 0 0 0 0 1 1 1 1 ] P(G)=P(cluster8=0)[0.8] * P(cluster1=0|cluster2=0) * P(cluster9=1|cluster6=1) * P(cluster7=1|cluster10=1) * P(cluster10=1|cluster6=1) * P(cluster6=1|cluster2=0) * P(cluster2=0|cluster3=0) * P(cluster3=0|cluster8=0)[0.0524288]=0.041943
binkey=200 [Edge status: 0 0 0 1 0 0 1 1 ] P(G)=P(cluster8=0)[0.8] * P(cluster1=1|cluster2=0) * P(cluster9=0|cluster6=0) * P(cluster7=1|cluster10=1) * P(cluster10=1|cluster6=0) * P(cluster6=0|cluster2=0) * P(cluster2=0|cluster3=0) * P(cluster3=0|cluster8=0)[0.0131072]=0.0104858
binkey=223 [Edge status: 1 1 1 1 1 0 1 1 ] P(G)=P(cluster8=1)[0.2] * P(cluster1=1|cluster2=1) * P(cluster9=0|cluster6=1) * P(cluster7=1|cluster10=1) * P(cluster10=1|cluster6=1) * P(cluster6=1|cluster2=1) * P(cluster2=1|cluster3=1) * P(cluster3=1|cluster8=1)[0.0524288]=0.0104858
binkey=95 [Edge status: 1 1 1 1 1 0 1 0 ] P(G)=P(cluster8=1)[0.2] * P(cluster1=1|cluster2=1) * P(cluster9=0|cluster6=1) * P(cluster7=0|cluster10=1) * P(cluster10=1|cluster6=1) * P(cluster6=1|cluster2=1) * P(cluster2=1|cluster3=1) * P(cluster3=1|cluster8=1)[0.0131072]=0.00262144
binkey=215 [Edge status: 1 1 1 0 1 0 1 1 ] P(G)=P(cluster8=1)[0.2] * P(cluster1=0|cluster2=1) * P(cluster9=0|cluster6=1) * P(cluster7=1|cluster10=1) * P(cluster10=1|cluster6=1) * P(cluster6=1|cluster2=1) * P(cluster2=1|cluster3=1) * P(cluster3=1|cluster8=1)[0.0131072]=0.00262144
binkey=87 [Edge status: 1 1 1 0 1 0 1 0 ] P(G)=P(cluster8=1)[0.2] * P(cluster1=0|cluster2=1) * P(cluster9=0|cluster6=1) * P(cluster7=0|cluster10=1) * P(cluster10=1|cluster6=1) * P(cluster6=1|cluster2=1) * P(cluster2=1|cluster3=1) * P(cluster3=1|cluster8=1)[0.0032768]=0.00065536
binkey=31 [Edge status: 1 1 1 1 1 0 0 0 ] P(G)=P(cluster8=1)[0.2] * P(cluster1=1|cluster2=1) * P(cluster9=0|cluster6=1) * P(cluster7=0|cluster10=0) * P(cluster10=0|cluster6=1) * P(cluster6=1|cluster2=1) * P(cluster2=1|cluster3=1) * P(cluster3=1|cluster8=1)[0.0131072]=0.00262144
binkey=23 [Edge status: 1 1 1 0 1 0 0 0 ] P(G)=P(cluster8=1)[0.2] * P(cluster1=0|cluster2=1) * P(cluster9=0|cluster6=1) * P(cluster7=0|cluster10=0) * P(cluster10=0|cluster6=1) * P(cluster6=1|cluster2=1) * P(cluster2=1|cluster3=1) * P(cluster3=1|cluster8=1)[0.0032768]=0.00065536
binkey=15 [Edge status: 1 1 1 1 0 0 0 0 ] P(G)=P(cluster8=1)[0.2] * P(cluster1=1|cluster2=1) * P(cluster9=0|cluster6=0) * P(cluster7=0|cluster10=0) * P(cluster10=0|cluster6=0) * P(cluster6=0|cluster2=1) * P(cluster2=1|cluster3=1) * P(cluster3=1|cluster8=1)[0.0524288]=0.0104858
binkey=7 [Edge status: 1 1 1 0 0 0 0 0 ] P(G)=P(cluster8=1)[0.2] * P(cluster1=0|cluster2=1) * P(cluster9=0|cluster6=0) * P(cluster7=0|cluster10=0) * P(cluster10=0|cluster6=0) * P(cluster6=0|cluster2=1) * P(cluster2=1|cluster3=1) * P(cluster3=1|cluster8=1)[0.0131072]=0.00262144
ITERATION 0 newScore=-2.67928e+06 diffscore=11952.4 priorChange=-109.517 successMove=57
binkey=232 [Edge status: 0 0 0 1 0 1 1 1 ] P(G)=P(cluster8=0)[0.8] * P(cluster1=1|cluster2=0) * P(cluster9=1|cluster6=0) * P(cluster7=1|cluster10=1) * P(cluster10=1|cluster6=0) * P(cluster6=0|cluster2=0) * P(cluster2=0|cluster3=0) * P(cluster3=0|cluster8=0)[0.0032768]=0.00262144
ITERATION 1 newScore=-2.67395e+06 diffscore=5329.65 priorChange=-131.698 successMove=50
ITERATION 2 newScore=-2.66983e+06 diffscore=4115.08 priorChange=-130.312 successMove=50
ITERATION 3 newScore=-2.66225e+06 diffscore=7586.75 priorChange=-106.745 successMove=54
ITERATION 4 newScore=-2.65643e+06 diffscore=5819.65 priorChange=-112.29 successMove=53
ITERATION 5 newScore=-2.64613e+06 diffscore=10297.6 priorChange=-110.904 successMove=51
ITERATION 6 newScore=-2.64236e+06 diffscore=3773.49 priorChange=-102.586 successMove=50
ITERATION 7 newScore=-2.63937e+06 diffscore=2986.31 priorChange=-103.972 successMove=52
ITERATION 8 newScore=-2.63544e+06 diffscore=3928.03 priorChange=-110.904 successMove=52
binkey=55 [Edge status: 1 1 1 0 1 1 0 0 ] P(G)=P(cluster8=1)[0.2] * P(cluster1=0|cluster2=1) * P(cluster9=1|cluster6=1) * P(cluster7=0|cluster10=0) * P(cluster10=0|cluster6=1) * P(cluster6=1|cluster2=1) * P(cluster2=1|cluster3=1) * P(cluster3=1|cluster8=1)[0.0131072]=0.00262144
ITERATION 9 newScore=-2.62933e+06 diffscore=6107.66 priorChange=-119.221 successMove=50
ITERATION 10 newScore=-2.62676e+06 diffscore=2574.03 priorChange=-123.38 successMove=54
ITERATION 11 newScore=-2.61984e+06 diffscore=6922 priorChange=-123.38 successMove=50
ITERATION 12 newScore=-2.61657e+06 diffscore=3270.64 priorChange=-126.153 successMove=50
ITERATION 13 newScore=-2.61502e+06 diffscore=1544.37 priorChange=-123.38 successMove=51
ITERATION 14 newScore=-2.61392e+06 diffscore=1097.6 priorChange=-106.745 successMove=49
ITERATION 15 newScore=-2.60961e+06 diffscore=4318.53 priorChange=-110.904 successMove=49
binkey=119 [Edge status: 1 1 1 0 1 1 1 0 ] P(G)=P(cluster8=1)[0.2] * P(cluster1=0|cluster2=1) * P(cluster9=1|cluster6=1) * P(cluster7=0|cluster10=1) * P(cluster10=1|cluster6=1) * P(cluster6=1|cluster2=1) * P(cluster2=1|cluster3=1) * P(cluster3=1|cluster8=1)[0.0131072]=0.00262144
ITERATION 16 newScore=-2.60801e+06 diffscore=1593.83 priorChange=-110.904 successMove=49
ITERATION 17 newScore=-2.60601e+06 diffscore=1997.25 priorChange=-121.994 successMove=49
ITERATION 18 newScore=-2.60317e+06 diffscore=2844.38 priorChange=-108.131 successMove=50
ITERATION 19 newScore=-2.60104e+06 diffscore=2131.33 priorChange=-121.994 successMove=49
ITERATION 20 newScore=-2.6e+06 diffscore=1034.74 priorChange=-112.29 successMove=49
ITERATION 21 newScore=-2.59535e+06 diffscore=4657.54 priorChange=-105.358 successMove=50
ITERATION 22 newScore=-2.59264e+06 diffscore=2708 priorChange=-115.062 successMove=48
ITERATION 23 newScore=-2.59056e+06 diffscore=2081.53 priorChange=-101.199 successMove=49
ITERATION 24 newScore=-2.58991e+06 diffscore=651.001 priorChange=-103.972 successMove=48
ITERATION 25 newScore=-2.5888e+06 diffscore=1108.86 priorChange=-112.29 successMove=49
ITERATION 26 newScore=-2.58135e+06 diffscore=7443.17 priorChange=-98.4269 successMove=48
ITERATION 27 newScore=-2.58012e+06 diffscore=1235.86 priorChange=-112.29 successMove=48
ITERATION 28 newScore=-2.57961e+06 diffscore=511.064 priorChange=-103.972 successMove=49
ITERATION 29 newScore=-2.57769e+06 diffscore=1913.99 priorChange=-95.6543 successMove=51
ITERATION 30 newScore=-2.57294e+06 diffscore=4753 priorChange=-99.8132 successMove=48
ITERATION 31 newScore=-2.57248e+06 diffscore=458.566 priorChange=-94.268 successMove=48
ITERATION 32 newScore=-2.56735e+06 diffscore=5129 priorChange=-105.358 successMove=49
ITERATION 33 newScore=-2.56688e+06 diffscore=469.607 priorChange=-117.835 successMove=49
ITERATION 34 newScore=-2.56528e+06 diffscore=1605.32 priorChange=-103.972 successMove=46
ITERATION 35 newScore=-2.56481e+06 diffscore=464.628 priorChange=-99.8132 successMove=46
ITERATION 36 newScore=-2.56413e+06 diffscore=685.295 priorChange=-95.6543 successMove=45
ITERATION 37 newScore=-2.56302e+06 diffscore=1104.06 priorChange=-91.4954 successMove=45
ITERATION 38 newScore=-2.56223e+06 diffscore=789.781 priorChange=-99.8132 successMove=45
ITERATION 39 newScore=-2.55795e+06 diffscore=4282.06 priorChange=-103.972 successMove=45
ITERATION 40 newScore=-2.55737e+06 diffscore=578.166 priorChange=-94.268 successMove=46
ITERATION 41 newScore=-2.55686e+06 diffscore=516.039 priorChange=-115.062 successMove=45
ITERATION 42 newScore=-2.55614e+06 diffscore=716.375 priorChange=-102.586 successMove=46
ITERATION 43 newScore=-2.55579e+06 diffscore=347.451 priorChange=-112.29 successMove=45
ITERATION 44 newScore=-2.55546e+06 diffscore=331.874 priorChange=-108.131 successMove=44
ITERATION 45 newScore=-2.55509e+06 diffscore=368.734 priorChange=-95.6543 successMove=44
ITERATION 46 newScore=-2.55439e+06 diffscore=705.132 priorChange=-95.6543 successMove=44
ITERATION 47 newScore=-2.55391e+06 diffscore=483.149 priorChange=-88.7228 successMove=43
ITERATION 48 newScore=-2.5525e+06 diffscore=1403.83 priorChange=-102.586 successMove=43
ITERATION 49 newScore=-2.55197e+06 diffscore=533.255 priorChange=-106.745 successMove=45
ITERATION 50 newScore=-2.54968e+06 diffscore=2290.4 priorChange=-101.199 successMove=44
ITERATION 51 newScore=-2.54939e+06 diffscore=287.156 priorChange=-95.6543 successMove=41
ITERATION 52 newScore=-2.54669e+06 diffscore=2696.79 priorChange=-105.358 successMove=41
ITERATION 53 newScore=-2.54619e+06 diffscore=505.631 priorChange=-87.3365 successMove=41
ITERATION 54 newScore=-2.54518e+06 diffscore=1005.29 priorChange=-95.6543 successMove=41
ITERATION 55 newScore=-2.54492e+06 diffscore=265.067 priorChange=-84.564 successMove=39
ITERATION 56 newScore=-2.54472e+06 diffscore=197.873 priorChange=-83.1777 successMove=39
ITERATION 57 newScore=-2.54451e+06 diffscore=205.354 priorChange=-76.2462 successMove=38
ITERATION 58 newScore=-2.54425e+06 diffscore=264.043 priorChange=-66.5421 successMove=38
ITERATION 59 newScore=-2.54398e+06 diffscore=274.566 priorChange=-79.0188 successMove=37
ITERATION 60 newScore=-2.54309e+06 diffscore=887.476 priorChange=-81.7914 successMove=40
ITERATION 61 newScore=-2.54284e+06 diffscore=250.832 priorChange=-74.8599 successMove=37
ITERATION 62 newScore=-2.54153e+06 diffscore=1307.84 priorChange=-79.0188 successMove=37
ITERATION 63 newScore=-2.54132e+06 diffscore=210.652 priorChange=-58.2244 successMove=36
ITERATION 64 newScore=-2.54114e+06 diffscore=182.139 priorChange=-80.4051 successMove=34
ITERATION 65 newScore=-2.54088e+06 diffscore=261.297 priorChange=-72.0873 successMove=34
ITERATION 66 newScore=-2.53889e+06 diffscore=1983.72 priorChange=-62.3832 successMove=34
ITERATION 67 newScore=-2.53858e+06 diffscore=314.401 priorChange=-60.997 successMove=32
ITERATION 68 newScore=-2.53778e+06 diffscore=800.239 priorChange=-49.9066 successMove=30
ITERATION 69 newScore=-2.53757e+06 diffscore=210.046 priorChange=-62.3832 successMove=30
ITERATION 70 newScore=-2.53605e+06 diffscore=1517.21 priorChange=-51.2929 successMove=29
ITERATION 71 newScore=-2.53591e+06 diffscore=143.747 priorChange=-54.0655 successMove=28
ITERATION 72 newScore=-2.53575e+06 diffscore=152.065 priorChange=-45.7477 successMove=28
ITERATION 73 newScore=-2.53552e+06 diffscore=230.744 priorChange=-62.3832 successMove=27
ITERATION 74 newScore=-2.53533e+06 diffscore=195.808 priorChange=-54.0655 successMove=26
ITERATION 75 newScore=-2.53497e+06 diffscore=354.784 priorChange=-58.2244 successMove=25
ITERATION 76 newScore=-2.53472e+06 diffscore=251.861 priorChange=-60.997 successMove=26
ITERATION 77 newScore=-2.5335e+06 diffscore=1218.32 priorChange=-58.2244 successMove=25
ITERATION 78 newScore=-2.53307e+06 diffscore=431.145 priorChange=-55.4518 successMove=21
ITERATION 79 newScore=-2.53201e+06 diffscore=1065.55 priorChange=-45.7477 successMove=20
ITERATION 80 newScore=-2.53091e+06 diffscore=1095.39 priorChange=-31.8848 successMove=20
ITERATION 81 newScore=-2.53005e+06 diffscore=862.129 priorChange=-41.5888 successMove=19
ITERATION 82 newScore=-2.52997e+06 diffscore=80.5032 priorChange=-51.2929 successMove=19
ITERATION 83 newScore=-2.52988e+06 diffscore=89.7722 priorChange=-52.6792 successMove=19
ITERATION 84 newScore=-2.5298e+06 diffscore=78.1621 priorChange=-41.5888 successMove=18
ITERATION 85 newScore=-2.52972e+06 diffscore=80.3336 priorChange=-37.4299 successMove=18
ITERATION 86 newScore=-2.52966e+06 diffscore=58.9941 priorChange=-24.9533 successMove=17
ITERATION 87 newScore=-2.52857e+06 diffscore=1095.83 priorChange=-24.9533 successMove=14
ITERATION 88 newScore=-2.52848e+06 diffscore=89.6127 priorChange=-30.4985 successMove=14
ITERATION 89 newScore=-2.52841e+06 diffscore=63.3853 priorChange=-22.1807 successMove=12
ITERATION 90 newScore=-2.52828e+06 diffscore=137.022 priorChange=-18.0218 successMove=12
ITERATION 91 newScore=-2.52756e+06 diffscore=718.781 priorChange=-22.1807 successMove=9
ITERATION 92 newScore=-2.5275e+06 diffscore=54.6624 priorChange=-22.1807 successMove=9
ITERATION 93 newScore=-2.52748e+06 diffscore=25.2484 priorChange=-12.4766 successMove=10
ITERATION 94 newScore=-2.52744e+06 diffscore=36.5632 priorChange=-22.1807 successMove=8
ITERATION 95 newScore=-2.52741e+06 diffscore=27.303 priorChange=-16.6355 successMove=8
ITERATION 96 newScore=-2.52739e+06 diffscore=26.453 priorChange=-19.4081 successMove=8
ITERATION 97 newScore=-2.52736e+06 diffscore=24.2796 priorChange=-18.0218 successMove=7
ITERATION 98 newScore=-2.52734e+06 diffscore=23.2747 priorChange=-11.0904 successMove=6
ITERATION 99 newScore=-2.52731e+06 diffscore=32.5517 priorChange=-16.6355 successMove=6
MetaLearner::dumpAllGraphs
Final Score -2.52731e+06
MetaLearner::start runtime: 1528185872 ms
Results/
Results/cluster1/
Results/cluster1/fold0/
Results/cluster1/fold0/var_mb_pw_k50.txt
Results/cluster1/fold0/modelparams.txt
Results/cluster2/
Results/cluster2/fold0/
Results/cluster2/fold0/var_mb_pw_k50.txt
Results/cluster2/fold0/modelparams.txt
Results/cluster6/
Results/cluster6/fold0/
Results/cluster6/fold0/var_mb_pw_k50.txt
Results/cluster6/fold0/modelparams.txt
Results/cluster9/
Results/cluster9/fold0/
Results/cluster9/fold0/var_mb_pw_k50.txt
Results/cluster9/fold0/modelparams.txt
Results/cluster10/
Results/cluster10/fold0/
Results/cluster10/fold0/var_mb_pw_k50.txt
Results/cluster10/fold0/modelparams.txt
Results/cluster7/
Results/cluster7/fold0/
Results/cluster7/fold0/var_mb_pw_k50.txt
Results/cluster7/fold0/modelparams.txt
Results/cluster3/
Results/cluster3/fold0/
Results/cluster3/fold0/var_mb_pw_k50.txt
Results/cluster3/fold0/modelparams.txt
Results/cluster8/
Results/cluster8/fold0/
Results/cluster8/fold0/var_mb_pw_k50.txt
Results/cluster8/fold0/modelparams.txt
Results/cluster8/scoreFile.txt
