000 (49777.1402.000) 10/11 10:48:11 Job submitted from host: <144.92.142.142:9618?addrs=144.92.142.142-9618&noUDP&sock=44923_051a_3>
...
001 (49777.1402.000) 10/11 16:34:37 Job executing on host: <128.105.68.23:9618?addrs=128.105.68.23-9618&alias=gpulab2004.chtc.wisc.edu&noUDP&sock=startd_62541_80a6>
...
006 (49777.1402.000) 10/11 16:34:46 Image size of job updated: 156952
	104  -  MemoryUsage of job (MB)
	105716  -  ResidentSetSize of job (KB)
...
006 (49777.1402.000) 10/11 16:39:47 Image size of job updated: 785916
	724  -  MemoryUsage of job (MB)
	740512  -  ResidentSetSize of job (KB)
...
006 (49777.1402.000) 10/11 16:44:47 Image size of job updated: 1144956
	1082  -  MemoryUsage of job (MB)
	1107276  -  ResidentSetSize of job (KB)
...
006 (49777.1402.000) 10/11 16:49:47 Image size of job updated: 1465916
	1382  -  MemoryUsage of job (MB)
	1414728  -  ResidentSetSize of job (KB)
...
006 (49777.1402.000) 10/11 16:54:48 Image size of job updated: 1809620
	1723  -  MemoryUsage of job (MB)
	1763976  -  ResidentSetSize of job (KB)
...
006 (49777.1402.000) 10/11 16:57:29 Image size of job updated: 2052248
	1723  -  MemoryUsage of job (MB)
	1763976  -  ResidentSetSize of job (KB)
...
005 (49777.1402.000) 10/11 16:57:29 Job terminated.
	(1) Normal termination (return value 0)
		Usr 0 00:22:47, Sys 0 00:00:03  -  Run Remote Usage
		Usr 0 00:00:00, Sys 0 00:00:00  -  Run Local Usage
		Usr 0 00:22:47, Sys 0 00:00:03  -  Total Remote Usage
		Usr 0 00:00:00, Sys 0 00:00:00  -  Total Local Usage
	175783  -  Run Bytes Sent By Job
	316719168  -  Run Bytes Received By Job
	175783  -  Total Bytes Sent By Job
	316719168  -  Total Bytes Received By Job
	Partitionable Resources :     Usage  Request Allocated 
	   Cpus                 :      1.00        1         1 
	   Disk (KB)            : 325000      819200  18192444 
	   Gpus                 :                            0 
	   Ioheavy              :                            0 
	   Memory (MB)          :   1723       20480     21341 
...
