./CVN -f config_condor.txt -x50 -v1 -l TFs_OGs.txt -n AllGenes24.txt -d celltype_tree_ancestor.txt -m testdata_ogids.txt -s celltype_order.txt -p 0.2 -c yes -b -4 -q 4
(cluster3|cluster8) p_maintain_edge=0.8 p_gain=0.2
(cluster2|cluster3) p_maintain_edge=0.8 p_gain=0.2
(cluster1|cluster2) p_maintain_edge=0.8 p_gain=0.2
(cluster6|cluster2) p_maintain_edge=0.8 p_gain=0.2
(cluster9|cluster6) p_maintain_edge=0.8 p_gain=0.2
(cluster10|cluster6) p_maintain_edge=0.8 p_gain=0.2
(cluster7|cluster10) p_maintain_edge=0.8 p_gain=0.2
speciesSet.size()=8 Root is cluster8
MappedOrthogroupReader::readSpeciesMapping() --- celltype_order.txt
MappedOrthogroupReader::readFile - testdata_ogids.txt
MappedOrthogroupReader::generateGeneOrthoMap()
MetaLearner::init_onefold() read:config_condor.txt
MetaLearner::setinputVariableNames number of variables: 2038
readEvidenceTable:cluster8.table
PotentialManager::loadEvidenceFromTable varCount=2038 sampleCount=348
motifNetwork.size() = 319
0=cluster8 motifNetwork=cluster8_network.txt
variable size=2038
readEvidenceTable:cluster3.table
PotentialManager::loadEvidenceFromTable varCount=2038 sampleCount=95
motifNetwork.size() = 326
1=cluster3 motifNetwork=cluster3_network.txt
variable size=2038
readEvidenceTable:cluster2.table
PotentialManager::loadEvidenceFromTable varCount=2038 sampleCount=386
motifNetwork.size() = 328
2=cluster2 motifNetwork=cluster2_network.txt
variable size=2038
readEvidenceTable:cluster1.table
PotentialManager::loadEvidenceFromTable varCount=2038 sampleCount=36
motifNetwork.size() = 322
3=cluster1 motifNetwork=cluster1_network.txt
variable size=2038
readEvidenceTable:cluster6.table
PotentialManager::loadEvidenceFromTable varCount=2038 sampleCount=524
motifNetwork.size() = 320
4=cluster6 motifNetwork=cluster6_network.txt
variable size=2038
readEvidenceTable:cluster9.table
PotentialManager::loadEvidenceFromTable varCount=2038 sampleCount=184
motifNetwork.size() = 327
5=cluster9 motifNetwork=cluster9_network.txt
variable size=2038
readEvidenceTable:cluster10.table
PotentialManager::loadEvidenceFromTable varCount=2038 sampleCount=165
motifNetwork.size() = 326
6=cluster10 motifNetwork=cluster10_network.txt
variable size=2038
readEvidenceTable:cluster7.table
PotentialManager::loadEvidenceFromTable varCount=2038 sampleCount=1032
motifNetwork.size() = 320
7=cluster7 motifNetwork=cluster7_network.txt
variable size=2038
-------------------------------------------------------------
MetaLearner::start
precomputeEmptyGraphPrior
binkey=0 [Edge status: 0 0 0 0 0 0 0 0 ] P(G)=P(cluster8=0)[0.8] * P(cluster1=0|cluster2=0) * P(cluster9=0|cluster6=0) * P(cluster7=0|cluster10=0) * P(cluster10=0|cluster6=0) * P(cluster6=0|cluster2=0) * P(cluster2=0|cluster3=0) * P(cluster3=0|cluster8=0)[0.209715]=0.167772
condsetMap_Tree
0 cluster8=0 cluster3=0 cluster2=0 cluster1=0 cluster6=0 cluster9=0 cluster10=0 cluster7=1
1 cluster8=0 cluster3=0 cluster2=0 cluster1=0 cluster6=0 cluster9=1 cluster10=0 cluster7=0
2 cluster8=0 cluster3=0 cluster2=0 cluster1=0 cluster6=0 cluster9=1 cluster10=0 cluster7=1
3 cluster8=0 cluster3=0 cluster2=0 cluster1=1 cluster6=0 cluster9=0 cluster10=0 cluster7=0
4 cluster8=0 cluster3=0 cluster2=0 cluster1=1 cluster6=0 cluster9=0 cluster10=0 cluster7=1
5 cluster8=0 cluster3=0 cluster2=0 cluster1=1 cluster6=0 cluster9=1 cluster10=0 cluster7=0
6 cluster8=0 cluster3=0 cluster2=0 cluster1=1 cluster6=0 cluster9=1 cluster10=0 cluster7=1
7 cluster8=0 cluster3=0 cluster2=0 cluster1=0 cluster6=0 cluster9=0 cluster10=1 cluster7=1
8 cluster8=0 cluster3=0 cluster2=0 cluster1=0 cluster6=0 cluster9=1 cluster10=1 cluster7=1
9 cluster8=0 cluster3=0 cluster2=0 cluster1=1 cluster6=0 cluster9=0 cluster10=1 cluster7=1
10 cluster8=0 cluster3=0 cluster2=0 cluster1=1 cluster6=0 cluster9=1 cluster10=1 cluster7=1
11 cluster8=0 cluster3=0 cluster2=0 cluster1=0 cluster6=1 cluster9=1 cluster10=1 cluster7=1
12 cluster8=0 cluster3=0 cluster2=0 cluster1=1 cluster6=1 cluster9=1 cluster10=1 cluster7=1
13 cluster8=0 cluster3=0 cluster2=1 cluster1=1 cluster6=1 cluster9=1 cluster10=1 cluster7=1
14 cluster8=0 cluster3=1 cluster2=1 cluster1=1 cluster6=1 cluster9=1 cluster10=1 cluster7=1
15 cluster8=1 cluster3=1 cluster2=1 cluster1=1 cluster6=1 cluster9=1 cluster10=1 cluster7=1
16 cluster8=1 cluster3=1 cluster2=1 cluster1=1 cluster6=1 cluster9=1 cluster10=1 cluster7=0
17 cluster8=1 cluster3=1 cluster2=1 cluster1=1 cluster6=1 cluster9=0 cluster10=1 cluster7=1
18 cluster8=1 cluster3=1 cluster2=1 cluster1=1 cluster6=1 cluster9=0 cluster10=1 cluster7=0
19 cluster8=1 cluster3=1 cluster2=1 cluster1=0 cluster6=1 cluster9=1 cluster10=1 cluster7=1
20 cluster8=1 cluster3=1 cluster2=1 cluster1=0 cluster6=1 cluster9=1 cluster10=1 cluster7=0
21 cluster8=1 cluster3=1 cluster2=1 cluster1=0 cluster6=1 cluster9=0 cluster10=1 cluster7=1
22 cluster8=1 cluster3=1 cluster2=1 cluster1=0 cluster6=1 cluster9=0 cluster10=1 cluster7=0
23 cluster8=1 cluster3=1 cluster2=1 cluster1=1 cluster6=1 cluster9=1 cluster10=0 cluster7=0
24 cluster8=1 cluster3=1 cluster2=1 cluster1=1 cluster6=1 cluster9=0 cluster10=0 cluster7=0
25 cluster8=1 cluster3=1 cluster2=1 cluster1=0 cluster6=1 cluster9=1 cluster10=0 cluster7=0
26 cluster8=1 cluster3=1 cluster2=1 cluster1=0 cluster6=1 cluster9=0 cluster10=0 cluster7=0
27 cluster8=1 cluster3=1 cluster2=1 cluster1=1 cluster6=0 cluster9=0 cluster10=0 cluster7=0
28 cluster8=1 cluster3=1 cluster2=1 cluster1=0 cluster6=0 cluster9=0 cluster10=0 cluster7=0
29 cluster8=1 cluster3=1 cluster2=0 cluster1=0 cluster6=0 cluster9=0 cluster10=0 cluster7=0
30 cluster8=1 cluster3=0 cluster2=0 cluster1=0 cluster6=0 cluster9=0 cluster10=0 cluster7=0
31 cluster8=0 cluster3=0 cluster2=0 cluster1=0 cluster6=1 cluster9=0 cluster10=0 cluster7=0
32 cluster8=0 cluster3=0 cluster2=1 cluster1=0 cluster6=0 cluster9=0 cluster10=0 cluster7=0
33 cluster8=0 cluster3=0 cluster2=0 cluster1=0 cluster6=0 cluster9=0 cluster10=1 cluster7=0
34 cluster8=0 cluster3=1 cluster2=0 cluster1=0 cluster6=0 cluster9=0 cluster10=0 cluster7=0
inputRegulatorOGs.size() = 1999 inputOGList.size() = 50
binkey=16 [Edge status: 0 0 0 0 1 0 0 0 ] P(G)=P(cluster8=0)[0.8] * P(cluster1=0|cluster2=0) * P(cluster9=0|cluster6=1) * P(cluster7=0|cluster10=0) * P(cluster10=0|cluster6=1) * P(cluster6=1|cluster2=0) * P(cluster2=0|cluster3=0) * P(cluster3=0|cluster8=0)[0.0032768]=0.00262144
binkey=32 [Edge status: 0 0 0 0 0 1 0 0 ] P(G)=P(cluster8=0)[0.8] * P(cluster1=0|cluster2=0) * P(cluster9=1|cluster6=0) * P(cluster7=0|cluster10=0) * P(cluster10=0|cluster6=0) * P(cluster6=0|cluster2=0) * P(cluster2=0|cluster3=0) * P(cluster3=0|cluster8=0)[0.0524288]=0.041943
binkey=128 [Edge status: 0 0 0 0 0 0 0 1 ] P(G)=P(cluster8=0)[0.8] * P(cluster1=0|cluster2=0) * P(cluster9=0|cluster6=0) * P(cluster7=1|cluster10=0) * P(cluster10=0|cluster6=0) * P(cluster6=0|cluster2=0) * P(cluster2=0|cluster3=0) * P(cluster3=0|cluster8=0)[0.0524288]=0.041943
binkey=160 [Edge status: 0 0 0 0 0 1 0 1 ] P(G)=P(cluster8=0)[0.8] * P(cluster1=0|cluster2=0) * P(cluster9=1|cluster6=0) * P(cluster7=1|cluster10=0) * P(cluster10=0|cluster6=0) * P(cluster6=0|cluster2=0) * P(cluster2=0|cluster3=0) * P(cluster3=0|cluster8=0)[0.0131072]=0.0104858
binkey=2 [Edge status: 0 1 0 0 0 0 0 0 ] P(G)=P(cluster8=0)[0.8] * P(cluster1=0|cluster2=0) * P(cluster9=0|cluster6=0) * P(cluster7=0|cluster10=0) * P(cluster10=0|cluster6=0) * P(cluster6=0|cluster2=0) * P(cluster2=0|cluster3=1) * P(cluster3=1|cluster8=0)[0.0131072]=0.0104858
binkey=1 [Edge status: 1 0 0 0 0 0 0 0 ] P(G)=P(cluster8=1)[0.2] * P(cluster1=0|cluster2=0) * P(cluster9=0|cluster6=0) * P(cluster7=0|cluster10=0) * P(cluster10=0|cluster6=0) * P(cluster6=0|cluster2=0) * P(cluster2=0|cluster3=0) * P(cluster3=0|cluster8=1)[0.0524288]=0.0104858
binkey=64 [Edge status: 0 0 0 0 0 0 1 0 ] P(G)=P(cluster8=0)[0.8] * P(cluster1=0|cluster2=0) * P(cluster9=0|cluster6=0) * P(cluster7=0|cluster10=1) * P(cluster10=1|cluster6=0) * P(cluster6=0|cluster2=0) * P(cluster2=0|cluster3=0) * P(cluster3=0|cluster8=0)[0.0131072]=0.0104858
binkey=4 [Edge status: 0 0 1 0 0 0 0 0 ] P(G)=P(cluster8=0)[0.8] * P(cluster1=0|cluster2=1) * P(cluster9=0|cluster6=0) * P(cluster7=0|cluster10=0) * P(cluster10=0|cluster6=0) * P(cluster6=0|cluster2=1) * P(cluster2=1|cluster3=0) * P(cluster3=0|cluster8=0)[0.0032768]=0.00262144
binkey=192 [Edge status: 0 0 0 0 0 0 1 1 ] P(G)=P(cluster8=0)[0.8] * P(cluster1=0|cluster2=0) * P(cluster9=0|cluster6=0) * P(cluster7=1|cluster10=1) * P(cluster10=1|cluster6=0) * P(cluster6=0|cluster2=0) * P(cluster2=0|cluster3=0) * P(cluster3=0|cluster8=0)[0.0524288]=0.041943
binkey=224 [Edge status: 0 0 0 0 0 1 1 1 ] P(G)=P(cluster8=0)[0.8] * P(cluster1=0|cluster2=0) * P(cluster9=1|cluster6=0) * P(cluster7=1|cluster10=1) * P(cluster10=1|cluster6=0) * P(cluster6=0|cluster2=0) * P(cluster2=0|cluster3=0) * P(cluster3=0|cluster8=0)[0.0131072]=0.0104858
binkey=3 [Edge status: 1 1 0 0 0 0 0 0 ] P(G)=P(cluster8=1)[0.2] * P(cluster1=0|cluster2=0) * P(cluster9=0|cluster6=0) * P(cluster7=0|cluster10=0) * P(cluster10=0|cluster6=0) * P(cluster6=0|cluster2=0) * P(cluster2=0|cluster3=1) * P(cluster3=1|cluster8=1)[0.0524288]=0.0104858
binkey=8 [Edge status: 0 0 0 1 0 0 0 0 ] P(G)=P(cluster8=0)[0.8] * P(cluster1=1|cluster2=0) * P(cluster9=0|cluster6=0) * P(cluster7=0|cluster10=0) * P(cluster10=0|cluster6=0) * P(cluster6=0|cluster2=0) * P(cluster2=0|cluster3=0) * P(cluster3=0|cluster8=0)[0.0524288]=0.041943
binkey=136 [Edge status: 0 0 0 1 0 0 0 1 ] P(G)=P(cluster8=0)[0.8] * P(cluster1=1|cluster2=0) * P(cluster9=0|cluster6=0) * P(cluster7=1|cluster10=0) * P(cluster10=0|cluster6=0) * P(cluster6=0|cluster2=0) * P(cluster2=0|cluster3=0) * P(cluster3=0|cluster8=0)[0.0131072]=0.0104858
binkey=40 [Edge status: 0 0 0 1 0 1 0 0 ] P(G)=P(cluster8=0)[0.8] * P(cluster1=1|cluster2=0) * P(cluster9=1|cluster6=0) * P(cluster7=0|cluster10=0) * P(cluster10=0|cluster6=0) * P(cluster6=0|cluster2=0) * P(cluster2=0|cluster3=0) * P(cluster3=0|cluster8=0)[0.0131072]=0.0104858
binkey=168 [Edge status: 0 0 0 1 0 1 0 1 ] P(G)=P(cluster8=0)[0.8] * P(cluster1=1|cluster2=0) * P(cluster9=1|cluster6=0) * P(cluster7=1|cluster10=0) * P(cluster10=0|cluster6=0) * P(cluster6=0|cluster2=0) * P(cluster2=0|cluster3=0) * P(cluster3=0|cluster8=0)[0.0032768]=0.00262144
binkey=200 [Edge status: 0 0 0 1 0 0 1 1 ] P(G)=P(cluster8=0)[0.8] * P(cluster1=1|cluster2=0) * P(cluster9=0|cluster6=0) * P(cluster7=1|cluster10=1) * P(cluster10=1|cluster6=0) * P(cluster6=0|cluster2=0) * P(cluster2=0|cluster3=0) * P(cluster3=0|cluster8=0)[0.0131072]=0.0104858
binkey=232 [Edge status: 0 0 0 1 0 1 1 1 ] P(G)=P(cluster8=0)[0.8] * P(cluster1=1|cluster2=0) * P(cluster9=1|cluster6=0) * P(cluster7=1|cluster10=1) * P(cluster10=1|cluster6=0) * P(cluster6=0|cluster2=0) * P(cluster2=0|cluster3=0) * P(cluster3=0|cluster8=0)[0.0032768]=0.00262144
binkey=240 [Edge status: 0 0 0 0 1 1 1 1 ] P(G)=P(cluster8=0)[0.8] * P(cluster1=0|cluster2=0) * P(cluster9=1|cluster6=1) * P(cluster7=1|cluster10=1) * P(cluster10=1|cluster6=1) * P(cluster6=1|cluster2=0) * P(cluster2=0|cluster3=0) * P(cluster3=0|cluster8=0)[0.0524288]=0.041943
binkey=248 [Edge status: 0 0 0 1 1 1 1 1 ] P(G)=P(cluster8=0)[0.8] * P(cluster1=1|cluster2=0) * P(cluster9=1|cluster6=1) * P(cluster7=1|cluster10=1) * P(cluster10=1|cluster6=1) * P(cluster6=1|cluster2=0) * P(cluster2=0|cluster3=0) * P(cluster3=0|cluster8=0)[0.0131072]=0.0104858
binkey=247 [Edge status: 1 1 1 0 1 1 1 1 ] P(G)=P(cluster8=1)[0.2] * P(cluster1=0|cluster2=1) * P(cluster9=1|cluster6=1) * P(cluster7=1|cluster10=1) * P(cluster10=1|cluster6=1) * P(cluster6=1|cluster2=1) * P(cluster2=1|cluster3=1) * P(cluster3=1|cluster8=1)[0.0524288]=0.0104858
binkey=119 [Edge status: 1 1 1 0 1 1 1 0 ] P(G)=P(cluster8=1)[0.2] * P(cluster1=0|cluster2=1) * P(cluster9=1|cluster6=1) * P(cluster7=0|cluster10=1) * P(cluster10=1|cluster6=1) * P(cluster6=1|cluster2=1) * P(cluster2=1|cluster3=1) * P(cluster3=1|cluster8=1)[0.0131072]=0.00262144
binkey=215 [Edge status: 1 1 1 0 1 0 1 1 ] P(G)=P(cluster8=1)[0.2] * P(cluster1=0|cluster2=1) * P(cluster9=0|cluster6=1) * P(cluster7=1|cluster10=1) * P(cluster10=1|cluster6=1) * P(cluster6=1|cluster2=1) * P(cluster2=1|cluster3=1) * P(cluster3=1|cluster8=1)[0.0131072]=0.00262144
binkey=87 [Edge status: 1 1 1 0 1 0 1 0 ] P(G)=P(cluster8=1)[0.2] * P(cluster1=0|cluster2=1) * P(cluster9=0|cluster6=1) * P(cluster7=0|cluster10=1) * P(cluster10=1|cluster6=1) * P(cluster6=1|cluster2=1) * P(cluster2=1|cluster3=1) * P(cluster3=1|cluster8=1)[0.0032768]=0.00065536
binkey=55 [Edge status: 1 1 1 0 1 1 0 0 ] P(G)=P(cluster8=1)[0.2] * P(cluster1=0|cluster2=1) * P(cluster9=1|cluster6=1) * P(cluster7=0|cluster10=0) * P(cluster10=0|cluster6=1) * P(cluster6=1|cluster2=1) * P(cluster2=1|cluster3=1) * P(cluster3=1|cluster8=1)[0.0131072]=0.00262144
binkey=23 [Edge status: 1 1 1 0 1 0 0 0 ] P(G)=P(cluster8=1)[0.2] * P(cluster1=0|cluster2=1) * P(cluster9=0|cluster6=1) * P(cluster7=0|cluster10=0) * P(cluster10=0|cluster6=1) * P(cluster6=1|cluster2=1) * P(cluster2=1|cluster3=1) * P(cluster3=1|cluster8=1)[0.0032768]=0.00065536
binkey=7 [Edge status: 1 1 1 0 0 0 0 0 ] P(G)=P(cluster8=1)[0.2] * P(cluster1=0|cluster2=1) * P(cluster9=0|cluster6=0) * P(cluster7=0|cluster10=0) * P(cluster10=0|cluster6=0) * P(cluster6=0|cluster2=1) * P(cluster2=1|cluster3=1) * P(cluster3=1|cluster8=1)[0.0131072]=0.00262144
binkey=15 [Edge status: 1 1 1 1 0 0 0 0 ] P(G)=P(cluster8=1)[0.2] * P(cluster1=1|cluster2=1) * P(cluster9=0|cluster6=0) * P(cluster7=0|cluster10=0) * P(cluster10=0|cluster6=0) * P(cluster6=0|cluster2=1) * P(cluster2=1|cluster3=1) * P(cluster3=1|cluster8=1)[0.0524288]=0.0104858
binkey=63 [Edge status: 1 1 1 1 1 1 0 0 ] P(G)=P(cluster8=1)[0.2] * P(cluster1=1|cluster2=1) * P(cluster9=1|cluster6=1) * P(cluster7=0|cluster10=0) * P(cluster10=0|cluster6=1) * P(cluster6=1|cluster2=1) * P(cluster2=1|cluster3=1) * P(cluster3=1|cluster8=1)[0.0524288]=0.0104858
binkey=31 [Edge status: 1 1 1 1 1 0 0 0 ] P(G)=P(cluster8=1)[0.2] * P(cluster1=1|cluster2=1) * P(cluster9=0|cluster6=1) * P(cluster7=0|cluster10=0) * P(cluster10=0|cluster6=1) * P(cluster6=1|cluster2=1) * P(cluster2=1|cluster3=1) * P(cluster3=1|cluster8=1)[0.0131072]=0.00262144
ITERATION 0 newScore=-2.67672e+06 diffscore=9800.77 priorChange=-110.904 successMove=65
ITERATION 1 newScore=-2.67233e+06 diffscore=4386.46 priorChange=-113.676 successMove=62
ITERATION 2 newScore=-2.6665e+06 diffscore=5825.76 priorChange=-113.676 successMove=57
ITERATION 3 newScore=-2.66034e+06 diffscore=6163.55 priorChange=-109.517 successMove=53
ITERATION 4 newScore=-2.65413e+06 diffscore=6211.97 priorChange=-119.221 successMove=56
ITERATION 5 newScore=-2.65061e+06 diffscore=3522.45 priorChange=-120.608 successMove=53
ITERATION 6 newScore=-2.64867e+06 diffscore=1933.47 priorChange=-117.835 successMove=58
ITERATION 7 newScore=-2.64293e+06 diffscore=5742.15 priorChange=-113.676 successMove=51
ITERATION 8 newScore=-2.64016e+06 diffscore=2768.97 priorChange=-102.586 successMove=50
ITERATION 9 newScore=-2.63267e+06 diffscore=7486.78 priorChange=-109.517 successMove=53
ITERATION 10 newScore=-2.62993e+06 diffscore=2741.17 priorChange=-117.835 successMove=51
ITERATION 11 newScore=-2.62683e+06 diffscore=3099.98 priorChange=-106.745 successMove=51
ITERATION 12 newScore=-2.62139e+06 diffscore=5438.84 priorChange=-120.608 successMove=50
ITERATION 13 newScore=-2.61939e+06 diffscore=2002.25 priorChange=-105.358 successMove=50
ITERATION 14 newScore=-2.61852e+06 diffscore=870.812 priorChange=-121.994 successMove=55
binkey=252 [Edge status: 0 0 1 1 1 1 1 1 ] P(G)=P(cluster8=0)[0.8] * P(cluster1=1|cluster2=1) * P(cluster9=1|cluster6=1) * P(cluster7=1|cluster10=1) * P(cluster10=1|cluster6=1) * P(cluster6=1|cluster2=1) * P(cluster2=1|cluster3=0) * P(cluster3=0|cluster8=0)[0.0524288]=0.041943
ITERATION 15 newScore=-2.61488e+06 diffscore=3638.9 priorChange=-115.062 successMove=54
ITERATION 16 newScore=-2.61055e+06 diffscore=4331.8 priorChange=-113.676 successMove=49
ITERATION 17 newScore=-2.60725e+06 diffscore=3301.56 priorChange=-131.698 successMove=49
ITERATION 18 newScore=-2.60494e+06 diffscore=2310.39 priorChange=-117.835 successMove=48
ITERATION 19 newScore=-2.60338e+06 diffscore=1559.56 priorChange=-115.062 successMove=48
ITERATION 20 newScore=-2.60159e+06 diffscore=1786.7 priorChange=-106.745 successMove=52
ITERATION 21 newScore=-2.59976e+06 diffscore=1829.78 priorChange=-112.29 successMove=50
ITERATION 22 newScore=-2.59656e+06 diffscore=3204.39 priorChange=-116.449 successMove=47
ITERATION 23 newScore=-2.59406e+06 diffscore=2502.56 priorChange=-99.8132 successMove=48
ITERATION 24 newScore=-2.59291e+06 diffscore=1143.77 priorChange=-106.745 successMove=47
ITERATION 25 newScore=-2.59183e+06 diffscore=1085.73 priorChange=-116.449 successMove=46
ITERATION 26 newScore=-2.59145e+06 diffscore=378.82 priorChange=-101.199 successMove=47
ITERATION 27 newScore=-2.59103e+06 diffscore=412.787 priorChange=-102.586 successMove=45
ITERATION 28 newScore=-2.59056e+06 diffscore=477.794 priorChange=-83.1777 successMove=46
ITERATION 29 newScore=-2.59002e+06 diffscore=534.469 priorChange=-101.199 successMove=46
ITERATION 30 newScore=-2.58759e+06 diffscore=2430.89 priorChange=-91.4954 successMove=49
ITERATION 31 newScore=-2.58693e+06 diffscore=665.459 priorChange=-99.8132 successMove=50
ITERATION 32 newScore=-2.5866e+06 diffscore=324.715 priorChange=-85.9503 successMove=48
ITERATION 33 newScore=-2.58613e+06 diffscore=468.529 priorChange=-80.4051 successMove=44
ITERATION 34 newScore=-2.58321e+06 diffscore=2920.5 priorChange=-87.3365 successMove=45
ITERATION 35 newScore=-2.58289e+06 diffscore=318.972 priorChange=-94.268 successMove=46
ITERATION 36 newScore=-2.58256e+06 diffscore=337.899 priorChange=-88.7228 successMove=44
ITERATION 37 newScore=-2.58219e+06 diffscore=368.733 priorChange=-94.268 successMove=44
ITERATION 38 newScore=-2.58117e+06 diffscore=1017.58 priorChange=-99.8132 successMove=44
ITERATION 39 newScore=-2.58084e+06 diffscore=328.667 priorChange=-103.972 successMove=44
ITERATION 40 newScore=-2.57918e+06 diffscore=1662.38 priorChange=-87.3365 successMove=46
ITERATION 41 newScore=-2.57749e+06 diffscore=1683.86 priorChange=-109.517 successMove=46
ITERATION 42 newScore=-2.57709e+06 diffscore=400.527 priorChange=-101.199 successMove=44
ITERATION 43 newScore=-2.57566e+06 diffscore=1436.94 priorChange=-95.6543 successMove=47
ITERATION 44 newScore=-2.57529e+06 diffscore=371.265 priorChange=-95.6543 successMove=43
ITERATION 45 newScore=-2.57347e+06 diffscore=1814.52 priorChange=-84.564 successMove=43
ITERATION 46 newScore=-2.57291e+06 diffscore=561.85 priorChange=-97.0406 successMove=44
ITERATION 47 newScore=-2.57043e+06 diffscore=2476.61 priorChange=-76.2462 successMove=43
ITERATION 48 newScore=-2.56777e+06 diffscore=2666.64 priorChange=-95.6543 successMove=43
ITERATION 49 newScore=-2.56728e+06 diffscore=487.318 priorChange=-92.8817 successMove=43
ITERATION 50 newScore=-2.56696e+06 diffscore=315.403 priorChange=-87.3365 successMove=43
ITERATION 51 newScore=-2.5653e+06 diffscore=1658.75 priorChange=-103.972 successMove=44
ITERATION 52 newScore=-2.56394e+06 diffscore=1364.66 priorChange=-90.1091 successMove=43
ITERATION 53 newScore=-2.56358e+06 diffscore=356.327 priorChange=-83.1777 successMove=43
ITERATION 54 newScore=-2.56149e+06 diffscore=2095.01 priorChange=-91.4954 successMove=38
ITERATION 55 newScore=-2.56116e+06 diffscore=329.538 priorChange=-74.8599 successMove=39
ITERATION 56 newScore=-2.56082e+06 diffscore=341.486 priorChange=-81.7914 successMove=38
ITERATION 57 newScore=-2.56017e+06 diffscore=643.228 priorChange=-72.0873 successMove=38
ITERATION 58 newScore=-2.55701e+06 diffscore=3160.9 priorChange=-79.0188 successMove=37
ITERATION 59 newScore=-2.55564e+06 diffscore=1375.16 priorChange=-65.1558 successMove=37
ITERATION 60 newScore=-2.55524e+06 diffscore=402.637 priorChange=-67.9284 successMove=37
ITERATION 61 newScore=-2.55322e+06 diffscore=2012.12 priorChange=-73.4736 successMove=37
ITERATION 62 newScore=-2.55261e+06 diffscore=614.747 priorChange=-74.8599 successMove=37
ITERATION 63 newScore=-2.5518e+06 diffscore=806.461 priorChange=-67.9284 successMove=35
ITERATION 64 newScore=-2.55165e+06 diffscore=153.915 priorChange=-76.2462 successMove=35
ITERATION 65 newScore=-2.55155e+06 diffscore=102.95 priorChange=-52.6792 successMove=28
ITERATION 66 newScore=-2.55144e+06 diffscore=100.868 priorChange=-60.997 successMove=28
ITERATION 67 newScore=-2.55135e+06 diffscore=95.9612 priorChange=-54.0655 successMove=25
ITERATION 68 newScore=-2.55126e+06 diffscore=84.6594 priorChange=-44.3614 successMove=25
ITERATION 69 newScore=-2.55118e+06 diffscore=86.0693 priorChange=-44.3614 successMove=24
ITERATION 70 newScore=-2.55109e+06 diffscore=86.4274 priorChange=-42.9751 successMove=24
ITERATION 71 newScore=-2.55101e+06 diffscore=79.8454 priorChange=-36.0437 successMove=22
ITERATION 72 newScore=-2.55092e+06 diffscore=89.046 priorChange=-41.5888 successMove=20
ITERATION 73 newScore=-2.55083e+06 diffscore=96.933 priorChange=-45.7477 successMove=20
ITERATION 74 newScore=-2.55073e+06 diffscore=93.071 priorChange=-31.8848 successMove=19
ITERATION 75 newScore=-2.55064e+06 diffscore=92.2694 priorChange=-31.8848 successMove=17
ITERATION 76 newScore=-2.55055e+06 diffscore=88.8198 priorChange=-30.4985 successMove=17
ITERATION 77 newScore=-2.55042e+06 diffscore=129.418 priorChange=-33.2711 successMove=16
ITERATION 78 newScore=-2.55004e+06 diffscore=383.297 priorChange=-30.4985 successMove=16
ITERATION 79 newScore=-2.54992e+06 diffscore=115.551 priorChange=-36.0437 successMove=16
ITERATION 80 newScore=-2.54981e+06 diffscore=116.077 priorChange=-34.6574 successMove=16
ITERATION 81 newScore=-2.54969e+06 diffscore=119.227 priorChange=-33.2711 successMove=17
ITERATION 82 newScore=-2.54833e+06 diffscore=1355.55 priorChange=-31.8848 successMove=15
ITERATION 83 newScore=-2.54823e+06 diffscore=98.8837 priorChange=-31.8848 successMove=14
ITERATION 84 newScore=-2.54813e+06 diffscore=106.492 priorChange=-26.3396 successMove=14
ITERATION 85 newScore=-2.54803e+06 diffscore=94.0555 priorChange=-31.8848 successMove=15
ITERATION 86 newScore=-2.54794e+06 diffscore=96.3665 priorChange=-30.4985 successMove=14
ITERATION 87 newScore=-2.54784e+06 diffscore=96.6398 priorChange=-30.4985 successMove=14
ITERATION 88 newScore=-2.54773e+06 diffscore=109.289 priorChange=-27.7259 successMove=15
ITERATION 89 newScore=-2.54763e+06 diffscore=97.2509 priorChange=-24.9533 successMove=13
ITERATION 90 newScore=-2.54751e+06 diffscore=123.908 priorChange=-23.567 successMove=13
ITERATION 91 newScore=-2.54738e+06 diffscore=133.269 priorChange=-23.567 successMove=12
ITERATION 92 newScore=-2.54725e+06 diffscore=129.241 priorChange=-22.1807 successMove=12
ITERATION 93 newScore=-2.54605e+06 diffscore=1195.2 priorChange=-30.4985 successMove=12
ITERATION 94 newScore=-2.54502e+06 diffscore=1034.45 priorChange=-19.4081 successMove=12
ITERATION 95 newScore=-2.54443e+06 diffscore=584.05 priorChange=-22.1807 successMove=11
ITERATION 96 newScore=-2.54403e+06 diffscore=398.732 priorChange=-20.7944 successMove=11
ITERATION 97 newScore=-2.544e+06 diffscore=34.885 priorChange=-20.7944 successMove=12
ITERATION 98 newScore=-2.54396e+06 diffscore=37.1281 priorChange=-19.4081 successMove=10
ITERATION 99 newScore=-2.54393e+06 diffscore=34.6965 priorChange=-23.567 successMove=9
MetaLearner::dumpAllGraphs
Final Score -2.54393e+06
MetaLearner::start runtime: 1552801783 ms
Results/
Results/cluster9/
Results/cluster9/fold0/
Results/cluster9/fold0/modelparams.txt
Results/cluster9/fold0/var_mb_pw_k50.txt
Results/cluster10/
Results/cluster10/fold0/
Results/cluster10/fold0/modelparams.txt
Results/cluster10/fold0/var_mb_pw_k50.txt
Results/cluster6/
Results/cluster6/fold0/
Results/cluster6/fold0/modelparams.txt
Results/cluster6/fold0/var_mb_pw_k50.txt
Results/cluster1/
Results/cluster1/fold0/
Results/cluster1/fold0/modelparams.txt
Results/cluster1/fold0/var_mb_pw_k50.txt
Results/cluster3/
Results/cluster3/fold0/
Results/cluster3/fold0/modelparams.txt
Results/cluster3/fold0/var_mb_pw_k50.txt
Results/cluster8/
Results/cluster8/fold0/
Results/cluster8/fold0/modelparams.txt
Results/cluster8/fold0/var_mb_pw_k50.txt
Results/cluster8/scoreFile.txt
Results/cluster7/
Results/cluster7/fold0/
Results/cluster7/fold0/modelparams.txt
Results/cluster7/fold0/var_mb_pw_k50.txt
Results/cluster2/
Results/cluster2/fold0/
Results/cluster2/fold0/modelparams.txt
Results/cluster2/fold0/var_mb_pw_k50.txt
