000 (49777.1824.000) 10/11 10:48:12 Job submitted from host: <144.92.142.142:9618?addrs=144.92.142.142-9618&noUDP&sock=44923_051a_3>
...
001 (49777.1824.000) 10/11 17:42:40 Job executing on host: <128.105.68.23:9618?addrs=128.105.68.23-9618&alias=gpulab2004.chtc.wisc.edu&noUDP&sock=startd_62541_80a6>
...
006 (49777.1824.000) 10/11 17:42:49 Image size of job updated: 105684
	104  -  MemoryUsage of job (MB)
	105684  -  ResidentSetSize of job (KB)
...
006 (49777.1824.000) 10/11 17:47:50 Image size of job updated: 759004
	692  -  MemoryUsage of job (MB)
	708240  -  ResidentSetSize of job (KB)
...
006 (49777.1824.000) 10/11 17:52:51 Image size of job updated: 1169840
	1093  -  MemoryUsage of job (MB)
	1118776  -  ResidentSetSize of job (KB)
...
006 (49777.1824.000) 10/11 17:57:51 Image size of job updated: 1622444
	1553  -  MemoryUsage of job (MB)
	1589896  -  ResidentSetSize of job (KB)
...
006 (49777.1824.000) 10/11 18:02:52 Image size of job updated: 2069400
	1990  -  MemoryUsage of job (MB)
	2036816  -  ResidentSetSize of job (KB)
...
006 (49777.1824.000) 10/11 18:04:58 Image size of job updated: 2262804
	1990  -  MemoryUsage of job (MB)
	2036816  -  ResidentSetSize of job (KB)
...
005 (49777.1824.000) 10/11 18:04:58 Job terminated.
	(1) Normal termination (return value 0)
		Usr 0 00:22:13, Sys 0 00:00:03  -  Run Remote Usage
		Usr 0 00:00:00, Sys 0 00:00:00  -  Run Local Usage
		Usr 0 00:22:13, Sys 0 00:00:03  -  Total Remote Usage
		Usr 0 00:00:00, Sys 0 00:00:00  -  Total Local Usage
	175095  -  Run Bytes Sent By Job
	316887328  -  Run Bytes Received By Job
	175095  -  Total Bytes Sent By Job
	316887328  -  Total Bytes Received By Job
	Partitionable Resources :     Usage  Request Allocated 
	   Cpus                 :      0.99        1         1 
	   Disk (KB)            : 325000      819200  18192444 
	   Gpus                 :                            0 
	   Ioheavy              :                            0 
	   Memory (MB)          :   1990       20480     21341 
...
