./CVN -f config_condor.txt -x50 -v1 -l TFs_OGs.txt -n AllGenes144.txt -d celltype_tree_ancestor.txt -m testdata_ogids.txt -s celltype_order.txt -p 0.2 -c yes -b -4 -q 4
(cluster3|cluster8) p_maintain_edge=0.8 p_gain=0.2
(cluster2|cluster3) p_maintain_edge=0.8 p_gain=0.2
(cluster1|cluster2) p_maintain_edge=0.8 p_gain=0.2
(cluster6|cluster2) p_maintain_edge=0.8 p_gain=0.2
(cluster9|cluster6) p_maintain_edge=0.8 p_gain=0.2
(cluster10|cluster6) p_maintain_edge=0.8 p_gain=0.2
(cluster7|cluster10) p_maintain_edge=0.8 p_gain=0.2
speciesSet.size()=8 Root is cluster8
MappedOrthogroupReader::readSpeciesMapping() --- celltype_order.txt
MappedOrthogroupReader::readFile - testdata_ogids.txt
MappedOrthogroupReader::generateGeneOrthoMap()
MetaLearner::init_onefold() read:config_condor.txt
MetaLearner::setinputVariableNames number of variables: 2044
readEvidenceTable:cluster8.table
PotentialManager::loadEvidenceFromTable varCount=2044 sampleCount=348
motifNetwork.size() = 319
0=cluster8 motifNetwork=cluster8_network.txt
variable size=2044
readEvidenceTable:cluster3.table
PotentialManager::loadEvidenceFromTable varCount=2044 sampleCount=95
motifNetwork.size() = 326
1=cluster3 motifNetwork=cluster3_network.txt
variable size=2044
readEvidenceTable:cluster2.table
PotentialManager::loadEvidenceFromTable varCount=2044 sampleCount=386
motifNetwork.size() = 328
2=cluster2 motifNetwork=cluster2_network.txt
variable size=2044
readEvidenceTable:cluster1.table
PotentialManager::loadEvidenceFromTable varCount=2044 sampleCount=36
motifNetwork.size() = 322
3=cluster1 motifNetwork=cluster1_network.txt
variable size=2044
readEvidenceTable:cluster6.table
PotentialManager::loadEvidenceFromTable varCount=2044 sampleCount=524
motifNetwork.size() = 320
4=cluster6 motifNetwork=cluster6_network.txt
variable size=2044
readEvidenceTable:cluster9.table
PotentialManager::loadEvidenceFromTable varCount=2044 sampleCount=184
motifNetwork.size() = 327
5=cluster9 motifNetwork=cluster9_network.txt
variable size=2044
readEvidenceTable:cluster10.table
PotentialManager::loadEvidenceFromTable varCount=2044 sampleCount=165
motifNetwork.size() = 326
6=cluster10 motifNetwork=cluster10_network.txt
variable size=2044
readEvidenceTable:cluster7.table
PotentialManager::loadEvidenceFromTable varCount=2044 sampleCount=1032
motifNetwork.size() = 320
7=cluster7 motifNetwork=cluster7_network.txt
variable size=2044
-------------------------------------------------------------
MetaLearner::start
precomputeEmptyGraphPrior
binkey=0 [Edge status: 0 0 0 0 0 0 0 0 ] P(G)=P(cluster8=0)[0.8] * P(cluster1=0|cluster2=0) * P(cluster9=0|cluster6=0) * P(cluster7=0|cluster10=0) * P(cluster10=0|cluster6=0) * P(cluster6=0|cluster2=0) * P(cluster2=0|cluster3=0) * P(cluster3=0|cluster8=0)[0.209715]=0.167772
condsetMap_Tree
0 cluster8=0 cluster3=0 cluster2=0 cluster1=0 cluster6=0 cluster9=0 cluster10=0 cluster7=1
1 cluster8=0 cluster3=0 cluster2=0 cluster1=0 cluster6=0 cluster9=1 cluster10=0 cluster7=0
2 cluster8=0 cluster3=0 cluster2=0 cluster1=0 cluster6=0 cluster9=1 cluster10=0 cluster7=1
3 cluster8=0 cluster3=0 cluster2=0 cluster1=1 cluster6=0 cluster9=0 cluster10=0 cluster7=0
4 cluster8=0 cluster3=0 cluster2=0 cluster1=1 cluster6=0 cluster9=0 cluster10=0 cluster7=1
5 cluster8=0 cluster3=0 cluster2=0 cluster1=1 cluster6=0 cluster9=1 cluster10=0 cluster7=0
6 cluster8=0 cluster3=0 cluster2=0 cluster1=1 cluster6=0 cluster9=1 cluster10=0 cluster7=1
7 cluster8=0 cluster3=0 cluster2=0 cluster1=0 cluster6=0 cluster9=0 cluster10=1 cluster7=1
8 cluster8=0 cluster3=0 cluster2=0 cluster1=0 cluster6=0 cluster9=1 cluster10=1 cluster7=1
9 cluster8=0 cluster3=0 cluster2=0 cluster1=1 cluster6=0 cluster9=0 cluster10=1 cluster7=1
10 cluster8=0 cluster3=0 cluster2=0 cluster1=1 cluster6=0 cluster9=1 cluster10=1 cluster7=1
11 cluster8=0 cluster3=0 cluster2=0 cluster1=0 cluster6=1 cluster9=1 cluster10=1 cluster7=1
12 cluster8=0 cluster3=0 cluster2=0 cluster1=1 cluster6=1 cluster9=1 cluster10=1 cluster7=1
13 cluster8=0 cluster3=0 cluster2=1 cluster1=1 cluster6=1 cluster9=1 cluster10=1 cluster7=1
14 cluster8=0 cluster3=1 cluster2=1 cluster1=1 cluster6=1 cluster9=1 cluster10=1 cluster7=1
15 cluster8=1 cluster3=1 cluster2=1 cluster1=1 cluster6=1 cluster9=1 cluster10=1 cluster7=1
16 cluster8=1 cluster3=1 cluster2=1 cluster1=1 cluster6=1 cluster9=1 cluster10=1 cluster7=0
17 cluster8=1 cluster3=1 cluster2=1 cluster1=1 cluster6=1 cluster9=0 cluster10=1 cluster7=1
18 cluster8=1 cluster3=1 cluster2=1 cluster1=1 cluster6=1 cluster9=0 cluster10=1 cluster7=0
19 cluster8=1 cluster3=1 cluster2=1 cluster1=0 cluster6=1 cluster9=1 cluster10=1 cluster7=1
20 cluster8=1 cluster3=1 cluster2=1 cluster1=0 cluster6=1 cluster9=1 cluster10=1 cluster7=0
21 cluster8=1 cluster3=1 cluster2=1 cluster1=0 cluster6=1 cluster9=0 cluster10=1 cluster7=1
22 cluster8=1 cluster3=1 cluster2=1 cluster1=0 cluster6=1 cluster9=0 cluster10=1 cluster7=0
23 cluster8=1 cluster3=1 cluster2=1 cluster1=1 cluster6=1 cluster9=1 cluster10=0 cluster7=0
24 cluster8=1 cluster3=1 cluster2=1 cluster1=1 cluster6=1 cluster9=0 cluster10=0 cluster7=0
25 cluster8=1 cluster3=1 cluster2=1 cluster1=0 cluster6=1 cluster9=1 cluster10=0 cluster7=0
26 cluster8=1 cluster3=1 cluster2=1 cluster1=0 cluster6=1 cluster9=0 cluster10=0 cluster7=0
27 cluster8=1 cluster3=1 cluster2=1 cluster1=1 cluster6=0 cluster9=0 cluster10=0 cluster7=0
28 cluster8=1 cluster3=1 cluster2=1 cluster1=0 cluster6=0 cluster9=0 cluster10=0 cluster7=0
29 cluster8=1 cluster3=1 cluster2=0 cluster1=0 cluster6=0 cluster9=0 cluster10=0 cluster7=0
30 cluster8=1 cluster3=0 cluster2=0 cluster1=0 cluster6=0 cluster9=0 cluster10=0 cluster7=0
31 cluster8=0 cluster3=0 cluster2=0 cluster1=0 cluster6=1 cluster9=0 cluster10=0 cluster7=0
32 cluster8=0 cluster3=0 cluster2=1 cluster1=0 cluster6=0 cluster9=0 cluster10=0 cluster7=0
33 cluster8=0 cluster3=0 cluster2=0 cluster1=0 cluster6=0 cluster9=0 cluster10=1 cluster7=0
34 cluster8=0 cluster3=1 cluster2=0 cluster1=0 cluster6=0 cluster9=0 cluster10=0 cluster7=0
inputRegulatorOGs.size() = 1999 inputOGList.size() = 50
binkey=128 [Edge status: 0 0 0 0 0 0 0 1 ] P(G)=P(cluster8=0)[0.8] * P(cluster1=0|cluster2=0) * P(cluster9=0|cluster6=0) * P(cluster7=1|cluster10=0) * P(cluster10=0|cluster6=0) * P(cluster6=0|cluster2=0) * P(cluster2=0|cluster3=0) * P(cluster3=0|cluster8=0)[0.0524288]=0.041943
binkey=8 [Edge status: 0 0 0 1 0 0 0 0 ] P(G)=P(cluster8=0)[0.8] * P(cluster1=1|cluster2=0) * P(cluster9=0|cluster6=0) * P(cluster7=0|cluster10=0) * P(cluster10=0|cluster6=0) * P(cluster6=0|cluster2=0) * P(cluster2=0|cluster3=0) * P(cluster3=0|cluster8=0)[0.0524288]=0.041943
binkey=32 [Edge status: 0 0 0 0 0 1 0 0 ] P(G)=P(cluster8=0)[0.8] * P(cluster1=0|cluster2=0) * P(cluster9=1|cluster6=0) * P(cluster7=0|cluster10=0) * P(cluster10=0|cluster6=0) * P(cluster6=0|cluster2=0) * P(cluster2=0|cluster3=0) * P(cluster3=0|cluster8=0)[0.0524288]=0.041943
binkey=2 [Edge status: 0 1 0 0 0 0 0 0 ] P(G)=P(cluster8=0)[0.8] * P(cluster1=0|cluster2=0) * P(cluster9=0|cluster6=0) * P(cluster7=0|cluster10=0) * P(cluster10=0|cluster6=0) * P(cluster6=0|cluster2=0) * P(cluster2=0|cluster3=1) * P(cluster3=1|cluster8=0)[0.0131072]=0.0104858
binkey=4 [Edge status: 0 0 1 0 0 0 0 0 ] P(G)=P(cluster8=0)[0.8] * P(cluster1=0|cluster2=1) * P(cluster9=0|cluster6=0) * P(cluster7=0|cluster10=0) * P(cluster10=0|cluster6=0) * P(cluster6=0|cluster2=1) * P(cluster2=1|cluster3=0) * P(cluster3=0|cluster8=0)[0.0032768]=0.00262144
binkey=64 [Edge status: 0 0 0 0 0 0 1 0 ] P(G)=P(cluster8=0)[0.8] * P(cluster1=0|cluster2=0) * P(cluster9=0|cluster6=0) * P(cluster7=0|cluster10=1) * P(cluster10=1|cluster6=0) * P(cluster6=0|cluster2=0) * P(cluster2=0|cluster3=0) * P(cluster3=0|cluster8=0)[0.0131072]=0.0104858
binkey=16 [Edge status: 0 0 0 0 1 0 0 0 ] P(G)=P(cluster8=0)[0.8] * P(cluster1=0|cluster2=0) * P(cluster9=0|cluster6=1) * P(cluster7=0|cluster10=0) * P(cluster10=0|cluster6=1) * P(cluster6=1|cluster2=0) * P(cluster2=0|cluster3=0) * P(cluster3=0|cluster8=0)[0.0032768]=0.00262144
binkey=1 [Edge status: 1 0 0 0 0 0 0 0 ] P(G)=P(cluster8=1)[0.2] * P(cluster1=0|cluster2=0) * P(cluster9=0|cluster6=0) * P(cluster7=0|cluster10=0) * P(cluster10=0|cluster6=0) * P(cluster6=0|cluster2=0) * P(cluster2=0|cluster3=0) * P(cluster3=0|cluster8=1)[0.0524288]=0.0104858
binkey=192 [Edge status: 0 0 0 0 0 0 1 1 ] P(G)=P(cluster8=0)[0.8] * P(cluster1=0|cluster2=0) * P(cluster9=0|cluster6=0) * P(cluster7=1|cluster10=1) * P(cluster10=1|cluster6=0) * P(cluster6=0|cluster2=0) * P(cluster2=0|cluster3=0) * P(cluster3=0|cluster8=0)[0.0524288]=0.041943
binkey=40 [Edge status: 0 0 0 1 0 1 0 0 ] P(G)=P(cluster8=0)[0.8] * P(cluster1=1|cluster2=0) * P(cluster9=1|cluster6=0) * P(cluster7=0|cluster10=0) * P(cluster10=0|cluster6=0) * P(cluster6=0|cluster2=0) * P(cluster2=0|cluster3=0) * P(cluster3=0|cluster8=0)[0.0131072]=0.0104858
binkey=160 [Edge status: 0 0 0 0 0 1 0 1 ] P(G)=P(cluster8=0)[0.8] * P(cluster1=0|cluster2=0) * P(cluster9=1|cluster6=0) * P(cluster7=1|cluster10=0) * P(cluster10=0|cluster6=0) * P(cluster6=0|cluster2=0) * P(cluster2=0|cluster3=0) * P(cluster3=0|cluster8=0)[0.0131072]=0.0104858
binkey=136 [Edge status: 0 0 0 1 0 0 0 1 ] P(G)=P(cluster8=0)[0.8] * P(cluster1=1|cluster2=0) * P(cluster9=0|cluster6=0) * P(cluster7=1|cluster10=0) * P(cluster10=0|cluster6=0) * P(cluster6=0|cluster2=0) * P(cluster2=0|cluster3=0) * P(cluster3=0|cluster8=0)[0.0131072]=0.0104858
binkey=3 [Edge status: 1 1 0 0 0 0 0 0 ] P(G)=P(cluster8=1)[0.2] * P(cluster1=0|cluster2=0) * P(cluster9=0|cluster6=0) * P(cluster7=0|cluster10=0) * P(cluster10=0|cluster6=0) * P(cluster6=0|cluster2=0) * P(cluster2=0|cluster3=1) * P(cluster3=1|cluster8=1)[0.0524288]=0.0104858
binkey=7 [Edge status: 1 1 1 0 0 0 0 0 ] P(G)=P(cluster8=1)[0.2] * P(cluster1=0|cluster2=1) * P(cluster9=0|cluster6=0) * P(cluster7=0|cluster10=0) * P(cluster10=0|cluster6=0) * P(cluster6=0|cluster2=1) * P(cluster2=1|cluster3=1) * P(cluster3=1|cluster8=1)[0.0131072]=0.00262144
binkey=168 [Edge status: 0 0 0 1 0 1 0 1 ] P(G)=P(cluster8=0)[0.8] * P(cluster1=1|cluster2=0) * P(cluster9=1|cluster6=0) * P(cluster7=1|cluster10=0) * P(cluster10=0|cluster6=0) * P(cluster6=0|cluster2=0) * P(cluster2=0|cluster3=0) * P(cluster3=0|cluster8=0)[0.0032768]=0.00262144
binkey=224 [Edge status: 0 0 0 0 0 1 1 1 ] P(G)=P(cluster8=0)[0.8] * P(cluster1=0|cluster2=0) * P(cluster9=1|cluster6=0) * P(cluster7=1|cluster10=1) * P(cluster10=1|cluster6=0) * P(cluster6=0|cluster2=0) * P(cluster2=0|cluster3=0) * P(cluster3=0|cluster8=0)[0.0131072]=0.0104858
binkey=200 [Edge status: 0 0 0 1 0 0 1 1 ] P(G)=P(cluster8=0)[0.8] * P(cluster1=1|cluster2=0) * P(cluster9=0|cluster6=0) * P(cluster7=1|cluster10=1) * P(cluster10=1|cluster6=0) * P(cluster6=0|cluster2=0) * P(cluster2=0|cluster3=0) * P(cluster3=0|cluster8=0)[0.0131072]=0.0104858
binkey=232 [Edge status: 0 0 0 1 0 1 1 1 ] P(G)=P(cluster8=0)[0.8] * P(cluster1=1|cluster2=0) * P(cluster9=1|cluster6=0) * P(cluster7=1|cluster10=1) * P(cluster10=1|cluster6=0) * P(cluster6=0|cluster2=0) * P(cluster2=0|cluster3=0) * P(cluster3=0|cluster8=0)[0.0032768]=0.00262144
binkey=240 [Edge status: 0 0 0 0 1 1 1 1 ] P(G)=P(cluster8=0)[0.8] * P(cluster1=0|cluster2=0) * P(cluster9=1|cluster6=1) * P(cluster7=1|cluster10=1) * P(cluster10=1|cluster6=1) * P(cluster6=1|cluster2=0) * P(cluster2=0|cluster3=0) * P(cluster3=0|cluster8=0)[0.0524288]=0.041943
binkey=248 [Edge status: 0 0 0 1 1 1 1 1 ] P(G)=P(cluster8=0)[0.8] * P(cluster1=1|cluster2=0) * P(cluster9=1|cluster6=1) * P(cluster7=1|cluster10=1) * P(cluster10=1|cluster6=1) * P(cluster6=1|cluster2=0) * P(cluster2=0|cluster3=0) * P(cluster3=0|cluster8=0)[0.0131072]=0.0104858
binkey=252 [Edge status: 0 0 1 1 1 1 1 1 ] P(G)=P(cluster8=0)[0.8] * P(cluster1=1|cluster2=1) * P(cluster9=1|cluster6=1) * P(cluster7=1|cluster10=1) * P(cluster10=1|cluster6=1) * P(cluster6=1|cluster2=1) * P(cluster2=1|cluster3=0) * P(cluster3=0|cluster8=0)[0.0524288]=0.041943
binkey=23 [Edge status: 1 1 1 0 1 0 0 0 ] P(G)=P(cluster8=1)[0.2] * P(cluster1=0|cluster2=1) * P(cluster9=0|cluster6=1) * P(cluster7=0|cluster10=0) * P(cluster10=0|cluster6=1) * P(cluster6=1|cluster2=1) * P(cluster2=1|cluster3=1) * P(cluster3=1|cluster8=1)[0.0032768]=0.00065536
binkey=247 [Edge status: 1 1 1 0 1 1 1 1 ] P(G)=P(cluster8=1)[0.2] * P(cluster1=0|cluster2=1) * P(cluster9=1|cluster6=1) * P(cluster7=1|cluster10=1) * P(cluster10=1|cluster6=1) * P(cluster6=1|cluster2=1) * P(cluster2=1|cluster3=1) * P(cluster3=1|cluster8=1)[0.0524288]=0.0104858
binkey=119 [Edge status: 1 1 1 0 1 1 1 0 ] P(G)=P(cluster8=1)[0.2] * P(cluster1=0|cluster2=1) * P(cluster9=1|cluster6=1) * P(cluster7=0|cluster10=1) * P(cluster10=1|cluster6=1) * P(cluster6=1|cluster2=1) * P(cluster2=1|cluster3=1) * P(cluster3=1|cluster8=1)[0.0131072]=0.00262144
binkey=215 [Edge status: 1 1 1 0 1 0 1 1 ] P(G)=P(cluster8=1)[0.2] * P(cluster1=0|cluster2=1) * P(cluster9=0|cluster6=1) * P(cluster7=1|cluster10=1) * P(cluster10=1|cluster6=1) * P(cluster6=1|cluster2=1) * P(cluster2=1|cluster3=1) * P(cluster3=1|cluster8=1)[0.0131072]=0.00262144
binkey=87 [Edge status: 1 1 1 0 1 0 1 0 ] P(G)=P(cluster8=1)[0.2] * P(cluster1=0|cluster2=1) * P(cluster9=0|cluster6=1) * P(cluster7=0|cluster10=1) * P(cluster10=1|cluster6=1) * P(cluster6=1|cluster2=1) * P(cluster2=1|cluster3=1) * P(cluster3=1|cluster8=1)[0.0032768]=0.00065536
binkey=55 [Edge status: 1 1 1 0 1 1 0 0 ] P(G)=P(cluster8=1)[0.2] * P(cluster1=0|cluster2=1) * P(cluster9=1|cluster6=1) * P(cluster7=0|cluster10=0) * P(cluster10=0|cluster6=1) * P(cluster6=1|cluster2=1) * P(cluster2=1|cluster3=1) * P(cluster3=1|cluster8=1)[0.0131072]=0.00262144
binkey=15 [Edge status: 1 1 1 1 0 0 0 0 ] P(G)=P(cluster8=1)[0.2] * P(cluster1=1|cluster2=1) * P(cluster9=0|cluster6=0) * P(cluster7=0|cluster10=0) * P(cluster10=0|cluster6=0) * P(cluster6=0|cluster2=1) * P(cluster2=1|cluster3=1) * P(cluster3=1|cluster8=1)[0.0524288]=0.0104858
ITERATION 0 newScore=-2.74874e+06 diffscore=16471.5 priorChange=-102.586 successMove=54
ITERATION 1 newScore=-2.74247e+06 diffscore=6270.5 priorChange=-106.745 successMove=57
ITERATION 2 newScore=-2.737e+06 diffscore=5476.08 priorChange=-120.608 successMove=58
ITERATION 3 newScore=-2.73098e+06 diffscore=6021.78 priorChange=-123.38 successMove=51
ITERATION 4 newScore=-2.72474e+06 diffscore=6239.75 priorChange=-117.835 successMove=51
ITERATION 5 newScore=-2.71672e+06 diffscore=8013.86 priorChange=-119.221 successMove=52
ITERATION 6 newScore=-2.71191e+06 diffscore=4809.58 priorChange=-117.835 successMove=57
ITERATION 7 newScore=-2.70911e+06 diffscore=2799.89 priorChange=-108.131 successMove=54
ITERATION 8 newScore=-2.70254e+06 diffscore=6575.27 priorChange=-109.517 successMove=49
ITERATION 9 newScore=-2.6971e+06 diffscore=5442.02 priorChange=-117.835 successMove=50
ITERATION 10 newScore=-2.69498e+06 diffscore=2115.8 priorChange=-113.676 successMove=50
ITERATION 11 newScore=-2.6901e+06 diffscore=4883.18 priorChange=-133.084 successMove=50
ITERATION 12 newScore=-2.68787e+06 diffscore=2228.03 priorChange=-117.835 successMove=52
ITERATION 13 newScore=-2.68503e+06 diffscore=2840.71 priorChange=-115.062 successMove=52
ITERATION 14 newScore=-2.68281e+06 diffscore=2214.87 priorChange=-126.153 successMove=51
ITERATION 15 newScore=-2.68139e+06 diffscore=1421.67 priorChange=-121.994 successMove=54
ITERATION 16 newScore=-2.67812e+06 diffscore=3269.11 priorChange=-106.745 successMove=50
ITERATION 17 newScore=-2.67728e+06 diffscore=840.517 priorChange=-116.449 successMove=51
ITERATION 18 newScore=-2.67595e+06 diffscore=1331.38 priorChange=-117.835 successMove=49
ITERATION 19 newScore=-2.67456e+06 diffscore=1390.72 priorChange=-101.199 successMove=53
ITERATION 20 newScore=-2.67249e+06 diffscore=2065.27 priorChange=-112.29 successMove=50
ITERATION 21 newScore=-2.6717e+06 diffscore=798.501 priorChange=-108.131 successMove=50
ITERATION 22 newScore=-2.67008e+06 diffscore=1614.46 priorChange=-121.994 successMove=51
ITERATION 23 newScore=-2.66395e+06 diffscore=6131.82 priorChange=-117.835 successMove=54
ITERATION 24 newScore=-2.66106e+06 diffscore=2892.04 priorChange=-116.449 successMove=53
ITERATION 25 newScore=-2.65928e+06 diffscore=1780.72 priorChange=-106.745 successMove=50
ITERATION 26 newScore=-2.65831e+06 diffscore=966.001 priorChange=-120.608 successMove=50
ITERATION 27 newScore=-2.65641e+06 diffscore=1897.9 priorChange=-99.8132 successMove=49
ITERATION 28 newScore=-2.6559e+06 diffscore=507.739 priorChange=-120.608 successMove=49
ITERATION 29 newScore=-2.65288e+06 diffscore=3020.26 priorChange=-119.221 successMove=49
ITERATION 30 newScore=-2.6523e+06 diffscore=587.313 priorChange=-117.835 successMove=48
ITERATION 31 newScore=-2.65082e+06 diffscore=1480.95 priorChange=-117.835 successMove=49
ITERATION 32 newScore=-2.64939e+06 diffscore=1421.97 priorChange=-115.062 successMove=48
ITERATION 33 newScore=-2.64756e+06 diffscore=1837.47 priorChange=-115.062 successMove=47
ITERATION 34 newScore=-2.64695e+06 diffscore=609.201 priorChange=-97.0406 successMove=48
ITERATION 35 newScore=-2.64244e+06 diffscore=4507.42 priorChange=-95.6543 successMove=48
ITERATION 36 newScore=-2.64185e+06 diffscore=590.629 priorChange=-109.517 successMove=47
ITERATION 37 newScore=-2.64019e+06 diffscore=1661.01 priorChange=-117.835 successMove=48
ITERATION 38 newScore=-2.63629e+06 diffscore=3900.47 priorChange=-102.586 successMove=49
ITERATION 39 newScore=-2.63593e+06 diffscore=356.131 priorChange=-102.586 successMove=50
ITERATION 40 newScore=-2.63561e+06 diffscore=318.394 priorChange=-80.4051 successMove=47
ITERATION 41 newScore=-2.63526e+06 diffscore=348.589 priorChange=-98.4269 successMove=48
ITERATION 42 newScore=-2.63445e+06 diffscore=819.107 priorChange=-112.29 successMove=48
ITERATION 43 newScore=-2.63127e+06 diffscore=3178.71 priorChange=-97.0406 successMove=50
ITERATION 44 newScore=-2.63092e+06 diffscore=352.032 priorChange=-90.1091 successMove=48
ITERATION 45 newScore=-2.62824e+06 diffscore=2672.67 priorChange=-94.268 successMove=48
ITERATION 46 newScore=-2.62664e+06 diffscore=1601.4 priorChange=-112.29 successMove=48
ITERATION 47 newScore=-2.62626e+06 diffscore=379.855 priorChange=-119.221 successMove=47
ITERATION 48 newScore=-2.62498e+06 diffscore=1276.21 priorChange=-103.972 successMove=48
ITERATION 49 newScore=-2.62477e+06 diffscore=210.259 priorChange=-90.1091 successMove=46
ITERATION 50 newScore=-2.62445e+06 diffscore=320.602 priorChange=-98.4269 successMove=46
ITERATION 51 newScore=-2.62413e+06 diffscore=325.518 priorChange=-84.564 successMove=47
ITERATION 52 newScore=-2.62229e+06 diffscore=1833.66 priorChange=-106.745 successMove=45
ITERATION 53 newScore=-2.62099e+06 diffscore=1300.75 priorChange=-87.3365 successMove=43
ITERATION 54 newScore=-2.62072e+06 diffscore=269.844 priorChange=-95.6543 successMove=42
ITERATION 55 newScore=-2.61909e+06 diffscore=1630.38 priorChange=-88.7228 successMove=42
ITERATION 56 newScore=-2.61886e+06 diffscore=235.558 priorChange=-76.2462 successMove=43
ITERATION 57 newScore=-2.6186e+06 diffscore=256.513 priorChange=-95.6543 successMove=41
ITERATION 58 newScore=-2.61713e+06 diffscore=1469.89 priorChange=-87.3365 successMove=43
ITERATION 59 newScore=-2.61692e+06 diffscore=213.682 priorChange=-81.7914 successMove=40
ITERATION 60 newScore=-2.61669e+06 diffscore=228.84 priorChange=-83.1777 successMove=39
ITERATION 61 newScore=-2.61648e+06 diffscore=207.305 priorChange=-80.4051 successMove=40
ITERATION 62 newScore=-2.615e+06 diffscore=1481.59 priorChange=-79.0188 successMove=39
ITERATION 63 newScore=-2.61481e+06 diffscore=187.955 priorChange=-69.3147 successMove=36
ITERATION 64 newScore=-2.61462e+06 diffscore=195.453 priorChange=-60.997 successMove=37
ITERATION 65 newScore=-2.61427e+06 diffscore=345.844 priorChange=-79.0188 successMove=35
ITERATION 66 newScore=-2.61294e+06 diffscore=1326.95 priorChange=-56.8381 successMove=31
ITERATION 67 newScore=-2.61184e+06 diffscore=1100.34 priorChange=-66.5421 successMove=32
ITERATION 68 newScore=-2.6107e+06 diffscore=1140.99 priorChange=-80.4051 successMove=34
ITERATION 69 newScore=-2.60988e+06 diffscore=821.006 priorChange=-70.701 successMove=32
ITERATION 70 newScore=-2.60976e+06 diffscore=119.285 priorChange=-52.6792 successMove=30
ITERATION 71 newScore=-2.60964e+06 diffscore=119.051 priorChange=-58.2244 successMove=29
ITERATION 72 newScore=-2.60953e+06 diffscore=111.37 priorChange=-51.2929 successMove=27
ITERATION 73 newScore=-2.6094e+06 diffscore=131.517 priorChange=-62.3832 successMove=25
ITERATION 74 newScore=-2.60924e+06 diffscore=159.385 priorChange=-63.7695 successMove=23
ITERATION 75 newScore=-2.60911e+06 diffscore=132.236 priorChange=-37.4299 successMove=25
ITERATION 76 newScore=-2.60902e+06 diffscore=90.8289 priorChange=-45.7477 successMove=21
ITERATION 77 newScore=-2.60892e+06 diffscore=94.2852 priorChange=-37.4299 successMove=20
ITERATION 78 newScore=-2.60885e+06 diffscore=72.4616 priorChange=-29.1122 successMove=18
ITERATION 79 newScore=-2.60791e+06 diffscore=937.125 priorChange=-29.1122 successMove=16
ITERATION 80 newScore=-2.60786e+06 diffscore=52.8339 priorChange=-26.3396 successMove=17
ITERATION 81 newScore=-2.60781e+06 diffscore=50.448 priorChange=-26.3396 successMove=15
ITERATION 82 newScore=-2.60775e+06 diffscore=59.6654 priorChange=-29.1122 successMove=14
ITERATION 83 newScore=-2.6077e+06 diffscore=49.0238 priorChange=-27.7259 successMove=15
ITERATION 84 newScore=-2.60766e+06 diffscore=41.5006 priorChange=-22.1807 successMove=12
ITERATION 85 newScore=-2.60762e+06 diffscore=36.0152 priorChange=-20.7944 successMove=10
ITERATION 86 newScore=-2.60758e+06 diffscore=44.8596 priorChange=-16.6355 successMove=9
ITERATION 87 newScore=-2.60755e+06 diffscore=33.4025 priorChange=-12.4766 successMove=8
ITERATION 88 newScore=-2.60752e+06 diffscore=31.3607 priorChange=-11.0904 successMove=8
ITERATION 89 newScore=-2.60748e+06 diffscore=30.8331 priorChange=-15.2492 successMove=8
ITERATION 90 newScore=-2.60745e+06 diffscore=31.5693 priorChange=-15.2492 successMove=7
ITERATION 91 newScore=-2.60741e+06 diffscore=45.8246 priorChange=-15.2492 successMove=7
ITERATION 92 newScore=-2.60738e+06 diffscore=30.9482 priorChange=-15.2492 successMove=7
ITERATION 93 newScore=-2.60734e+06 diffscore=32.0648 priorChange=-16.6355 successMove=7
ITERATION 94 newScore=-2.60732e+06 diffscore=25.006 priorChange=-9.70406 successMove=7
ITERATION 95 newScore=-2.60729e+06 diffscore=26.1624 priorChange=-11.0904 successMove=7
ITERATION 96 newScore=-2.60727e+06 diffscore=27.639 priorChange=-13.8629 successMove=7
ITERATION 97 newScore=-2.60725e+06 diffscore=19.7332 priorChange=-12.4766 successMove=7
ITERATION 98 newScore=-2.60723e+06 diffscore=15.5864 priorChange=-8.31777 successMove=6
ITERATION 99 newScore=-2.60721e+06 diffscore=15.8084 priorChange=-9.70406 successMove=5
MetaLearner::dumpAllGraphs
Final Score -2.60721e+06
MetaLearner::start runtime: 1248807835 ms
Results/
Results/cluster3/
Results/cluster3/fold0/
Results/cluster3/fold0/modelparams.txt
Results/cluster3/fold0/var_mb_pw_k50.txt
Results/cluster7/
Results/cluster7/fold0/
Results/cluster7/fold0/modelparams.txt
Results/cluster7/fold0/var_mb_pw_k50.txt
Results/cluster2/
Results/cluster2/fold0/
Results/cluster2/fold0/modelparams.txt
Results/cluster2/fold0/var_mb_pw_k50.txt
Results/cluster9/
Results/cluster9/fold0/
Results/cluster9/fold0/modelparams.txt
Results/cluster9/fold0/var_mb_pw_k50.txt
Results/cluster6/
Results/cluster6/fold0/
Results/cluster6/fold0/modelparams.txt
Results/cluster6/fold0/var_mb_pw_k50.txt
Results/cluster1/
Results/cluster1/fold0/
Results/cluster1/fold0/modelparams.txt
Results/cluster1/fold0/var_mb_pw_k50.txt
Results/cluster10/
Results/cluster10/fold0/
Results/cluster10/fold0/modelparams.txt
Results/cluster10/fold0/var_mb_pw_k50.txt
Results/cluster8/
Results/cluster8/scoreFile.txt
Results/cluster8/fold0/
Results/cluster8/fold0/modelparams.txt
Results/cluster8/fold0/var_mb_pw_k50.txt
