./CVN -f config_condor.txt -x50 -v1 -l TFs_OGs.txt -n AllGenes1.txt -d celltype_tree_ancestor.txt -m testdata_ogids.txt -s celltype_order.txt -p 0.2 -c yes -b -4 -q 4
(cluster3|cluster8) p_maintain_edge=0.8 p_gain=0.2
(cluster2|cluster3) p_maintain_edge=0.8 p_gain=0.2
(cluster1|cluster2) p_maintain_edge=0.8 p_gain=0.2
(cluster6|cluster2) p_maintain_edge=0.8 p_gain=0.2
(cluster9|cluster6) p_maintain_edge=0.8 p_gain=0.2
(cluster10|cluster6) p_maintain_edge=0.8 p_gain=0.2
(cluster7|cluster10) p_maintain_edge=0.8 p_gain=0.2
speciesSet.size()=8 Root is cluster8
MappedOrthogroupReader::readSpeciesMapping() --- celltype_order.txt
MappedOrthogroupReader::readFile - testdata_ogids.txt
MappedOrthogroupReader::generateGeneOrthoMap()
MetaLearner::init_onefold() read:config_condor.txt
MetaLearner::setinputVariableNames number of variables: 2041
readEvidenceTable:cluster8.table
PotentialManager::loadEvidenceFromTable varCount=2041 sampleCount=348
motifNetwork.size() = 319
0=cluster8 motifNetwork=cluster8_network.txt
variable size=2041
readEvidenceTable:cluster3.table
PotentialManager::loadEvidenceFromTable varCount=2041 sampleCount=95
motifNetwork.size() = 326
1=cluster3 motifNetwork=cluster3_network.txt
variable size=2041
readEvidenceTable:cluster2.table
PotentialManager::loadEvidenceFromTable varCount=2041 sampleCount=386
motifNetwork.size() = 328
2=cluster2 motifNetwork=cluster2_network.txt
variable size=2041
readEvidenceTable:cluster1.table
PotentialManager::loadEvidenceFromTable varCount=2041 sampleCount=36
motifNetwork.size() = 322
3=cluster1 motifNetwork=cluster1_network.txt
variable size=2041
readEvidenceTable:cluster6.table
PotentialManager::loadEvidenceFromTable varCount=2041 sampleCount=524
motifNetwork.size() = 320
4=cluster6 motifNetwork=cluster6_network.txt
variable size=2041
readEvidenceTable:cluster9.table
PotentialManager::loadEvidenceFromTable varCount=2041 sampleCount=184
motifNetwork.size() = 327
5=cluster9 motifNetwork=cluster9_network.txt
variable size=2041
readEvidenceTable:cluster10.table
PotentialManager::loadEvidenceFromTable varCount=2041 sampleCount=165
motifNetwork.size() = 326
6=cluster10 motifNetwork=cluster10_network.txt
variable size=2041
readEvidenceTable:cluster7.table
PotentialManager::loadEvidenceFromTable varCount=2041 sampleCount=1032
motifNetwork.size() = 320
7=cluster7 motifNetwork=cluster7_network.txt
variable size=2041
-------------------------------------------------------------
MetaLearner::start
precomputeEmptyGraphPrior
binkey=0 [Edge status: 0 0 0 0 0 0 0 0 ] P(G)=P(cluster8=0)[0.8] * P(cluster1=0|cluster2=0) * P(cluster9=0|cluster6=0) * P(cluster7=0|cluster10=0) * P(cluster10=0|cluster6=0) * P(cluster6=0|cluster2=0) * P(cluster2=0|cluster3=0) * P(cluster3=0|cluster8=0)[0.209715]=0.167772
condsetMap_Tree
0 cluster8=0 cluster3=0 cluster2=0 cluster1=0 cluster6=0 cluster9=0 cluster10=0 cluster7=1
1 cluster8=0 cluster3=0 cluster2=0 cluster1=0 cluster6=0 cluster9=1 cluster10=0 cluster7=0
2 cluster8=0 cluster3=0 cluster2=0 cluster1=0 cluster6=0 cluster9=1 cluster10=0 cluster7=1
3 cluster8=0 cluster3=0 cluster2=0 cluster1=1 cluster6=0 cluster9=0 cluster10=0 cluster7=0
4 cluster8=0 cluster3=0 cluster2=0 cluster1=1 cluster6=0 cluster9=0 cluster10=0 cluster7=1
5 cluster8=0 cluster3=0 cluster2=0 cluster1=1 cluster6=0 cluster9=1 cluster10=0 cluster7=0
6 cluster8=0 cluster3=0 cluster2=0 cluster1=1 cluster6=0 cluster9=1 cluster10=0 cluster7=1
7 cluster8=0 cluster3=0 cluster2=0 cluster1=0 cluster6=0 cluster9=0 cluster10=1 cluster7=1
8 cluster8=0 cluster3=0 cluster2=0 cluster1=0 cluster6=0 cluster9=1 cluster10=1 cluster7=1
9 cluster8=0 cluster3=0 cluster2=0 cluster1=1 cluster6=0 cluster9=0 cluster10=1 cluster7=1
10 cluster8=0 cluster3=0 cluster2=0 cluster1=1 cluster6=0 cluster9=1 cluster10=1 cluster7=1
11 cluster8=0 cluster3=0 cluster2=0 cluster1=0 cluster6=1 cluster9=1 cluster10=1 cluster7=1
12 cluster8=0 cluster3=0 cluster2=0 cluster1=1 cluster6=1 cluster9=1 cluster10=1 cluster7=1
13 cluster8=0 cluster3=0 cluster2=1 cluster1=1 cluster6=1 cluster9=1 cluster10=1 cluster7=1
14 cluster8=0 cluster3=1 cluster2=1 cluster1=1 cluster6=1 cluster9=1 cluster10=1 cluster7=1
15 cluster8=1 cluster3=1 cluster2=1 cluster1=1 cluster6=1 cluster9=1 cluster10=1 cluster7=1
16 cluster8=1 cluster3=1 cluster2=1 cluster1=1 cluster6=1 cluster9=1 cluster10=1 cluster7=0
17 cluster8=1 cluster3=1 cluster2=1 cluster1=1 cluster6=1 cluster9=0 cluster10=1 cluster7=1
18 cluster8=1 cluster3=1 cluster2=1 cluster1=1 cluster6=1 cluster9=0 cluster10=1 cluster7=0
19 cluster8=1 cluster3=1 cluster2=1 cluster1=0 cluster6=1 cluster9=1 cluster10=1 cluster7=1
20 cluster8=1 cluster3=1 cluster2=1 cluster1=0 cluster6=1 cluster9=1 cluster10=1 cluster7=0
21 cluster8=1 cluster3=1 cluster2=1 cluster1=0 cluster6=1 cluster9=0 cluster10=1 cluster7=1
22 cluster8=1 cluster3=1 cluster2=1 cluster1=0 cluster6=1 cluster9=0 cluster10=1 cluster7=0
23 cluster8=1 cluster3=1 cluster2=1 cluster1=1 cluster6=1 cluster9=1 cluster10=0 cluster7=0
24 cluster8=1 cluster3=1 cluster2=1 cluster1=1 cluster6=1 cluster9=0 cluster10=0 cluster7=0
25 cluster8=1 cluster3=1 cluster2=1 cluster1=0 cluster6=1 cluster9=1 cluster10=0 cluster7=0
26 cluster8=1 cluster3=1 cluster2=1 cluster1=0 cluster6=1 cluster9=0 cluster10=0 cluster7=0
27 cluster8=1 cluster3=1 cluster2=1 cluster1=1 cluster6=0 cluster9=0 cluster10=0 cluster7=0
28 cluster8=1 cluster3=1 cluster2=1 cluster1=0 cluster6=0 cluster9=0 cluster10=0 cluster7=0
29 cluster8=1 cluster3=1 cluster2=0 cluster1=0 cluster6=0 cluster9=0 cluster10=0 cluster7=0
30 cluster8=1 cluster3=0 cluster2=0 cluster1=0 cluster6=0 cluster9=0 cluster10=0 cluster7=0
31 cluster8=0 cluster3=0 cluster2=0 cluster1=0 cluster6=1 cluster9=0 cluster10=0 cluster7=0
32 cluster8=0 cluster3=0 cluster2=1 cluster1=0 cluster6=0 cluster9=0 cluster10=0 cluster7=0
33 cluster8=0 cluster3=0 cluster2=0 cluster1=0 cluster6=0 cluster9=0 cluster10=1 cluster7=0
34 cluster8=0 cluster3=1 cluster2=0 cluster1=0 cluster6=0 cluster9=0 cluster10=0 cluster7=0
inputRegulatorOGs.size() = 1999 inputOGList.size() = 50
binkey=128 [Edge status: 0 0 0 0 0 0 0 1 ] P(G)=P(cluster8=0)[0.8] * P(cluster1=0|cluster2=0) * P(cluster9=0|cluster6=0) * P(cluster7=1|cluster10=0) * P(cluster10=0|cluster6=0) * P(cluster6=0|cluster2=0) * P(cluster2=0|cluster3=0) * P(cluster3=0|cluster8=0)[0.0524288]=0.041943
binkey=1 [Edge status: 1 0 0 0 0 0 0 0 ] P(G)=P(cluster8=1)[0.2] * P(cluster1=0|cluster2=0) * P(cluster9=0|cluster6=0) * P(cluster7=0|cluster10=0) * P(cluster10=0|cluster6=0) * P(cluster6=0|cluster2=0) * P(cluster2=0|cluster3=0) * P(cluster3=0|cluster8=1)[0.0524288]=0.0104858
binkey=4 [Edge status: 0 0 1 0 0 0 0 0 ] P(G)=P(cluster8=0)[0.8] * P(cluster1=0|cluster2=1) * P(cluster9=0|cluster6=0) * P(cluster7=0|cluster10=0) * P(cluster10=0|cluster6=0) * P(cluster6=0|cluster2=1) * P(cluster2=1|cluster3=0) * P(cluster3=0|cluster8=0)[0.0032768]=0.00262144
binkey=32 [Edge status: 0 0 0 0 0 1 0 0 ] P(G)=P(cluster8=0)[0.8] * P(cluster1=0|cluster2=0) * P(cluster9=1|cluster6=0) * P(cluster7=0|cluster10=0) * P(cluster10=0|cluster6=0) * P(cluster6=0|cluster2=0) * P(cluster2=0|cluster3=0) * P(cluster3=0|cluster8=0)[0.0524288]=0.041943
binkey=16 [Edge status: 0 0 0 0 1 0 0 0 ] P(G)=P(cluster8=0)[0.8] * P(cluster1=0|cluster2=0) * P(cluster9=0|cluster6=1) * P(cluster7=0|cluster10=0) * P(cluster10=0|cluster6=1) * P(cluster6=1|cluster2=0) * P(cluster2=0|cluster3=0) * P(cluster3=0|cluster8=0)[0.0032768]=0.00262144
binkey=2 [Edge status: 0 1 0 0 0 0 0 0 ] P(G)=P(cluster8=0)[0.8] * P(cluster1=0|cluster2=0) * P(cluster9=0|cluster6=0) * P(cluster7=0|cluster10=0) * P(cluster10=0|cluster6=0) * P(cluster6=0|cluster2=0) * P(cluster2=0|cluster3=1) * P(cluster3=1|cluster8=0)[0.0131072]=0.0104858
binkey=160 [Edge status: 0 0 0 0 0 1 0 1 ] P(G)=P(cluster8=0)[0.8] * P(cluster1=0|cluster2=0) * P(cluster9=1|cluster6=0) * P(cluster7=1|cluster10=0) * P(cluster10=0|cluster6=0) * P(cluster6=0|cluster2=0) * P(cluster2=0|cluster3=0) * P(cluster3=0|cluster8=0)[0.0131072]=0.0104858
binkey=3 [Edge status: 1 1 0 0 0 0 0 0 ] P(G)=P(cluster8=1)[0.2] * P(cluster1=0|cluster2=0) * P(cluster9=0|cluster6=0) * P(cluster7=0|cluster10=0) * P(cluster10=0|cluster6=0) * P(cluster6=0|cluster2=0) * P(cluster2=0|cluster3=1) * P(cluster3=1|cluster8=1)[0.0524288]=0.0104858
binkey=64 [Edge status: 0 0 0 0 0 0 1 0 ] P(G)=P(cluster8=0)[0.8] * P(cluster1=0|cluster2=0) * P(cluster9=0|cluster6=0) * P(cluster7=0|cluster10=1) * P(cluster10=1|cluster6=0) * P(cluster6=0|cluster2=0) * P(cluster2=0|cluster3=0) * P(cluster3=0|cluster8=0)[0.0131072]=0.0104858
binkey=8 [Edge status: 0 0 0 1 0 0 0 0 ] P(G)=P(cluster8=0)[0.8] * P(cluster1=1|cluster2=0) * P(cluster9=0|cluster6=0) * P(cluster7=0|cluster10=0) * P(cluster10=0|cluster6=0) * P(cluster6=0|cluster2=0) * P(cluster2=0|cluster3=0) * P(cluster3=0|cluster8=0)[0.0524288]=0.041943
binkey=192 [Edge status: 0 0 0 0 0 0 1 1 ] P(G)=P(cluster8=0)[0.8] * P(cluster1=0|cluster2=0) * P(cluster9=0|cluster6=0) * P(cluster7=1|cluster10=1) * P(cluster10=1|cluster6=0) * P(cluster6=0|cluster2=0) * P(cluster2=0|cluster3=0) * P(cluster3=0|cluster8=0)[0.0524288]=0.041943
binkey=40 [Edge status: 0 0 0 1 0 1 0 0 ] P(G)=P(cluster8=0)[0.8] * P(cluster1=1|cluster2=0) * P(cluster9=1|cluster6=0) * P(cluster7=0|cluster10=0) * P(cluster10=0|cluster6=0) * P(cluster6=0|cluster2=0) * P(cluster2=0|cluster3=0) * P(cluster3=0|cluster8=0)[0.0131072]=0.0104858
binkey=136 [Edge status: 0 0 0 1 0 0 0 1 ] P(G)=P(cluster8=0)[0.8] * P(cluster1=1|cluster2=0) * P(cluster9=0|cluster6=0) * P(cluster7=1|cluster10=0) * P(cluster10=0|cluster6=0) * P(cluster6=0|cluster2=0) * P(cluster2=0|cluster3=0) * P(cluster3=0|cluster8=0)[0.0131072]=0.0104858
binkey=200 [Edge status: 0 0 0 1 0 0 1 1 ] P(G)=P(cluster8=0)[0.8] * P(cluster1=1|cluster2=0) * P(cluster9=0|cluster6=0) * P(cluster7=1|cluster10=1) * P(cluster10=1|cluster6=0) * P(cluster6=0|cluster2=0) * P(cluster2=0|cluster3=0) * P(cluster3=0|cluster8=0)[0.0131072]=0.0104858
binkey=224 [Edge status: 0 0 0 0 0 1 1 1 ] P(G)=P(cluster8=0)[0.8] * P(cluster1=0|cluster2=0) * P(cluster9=1|cluster6=0) * P(cluster7=1|cluster10=1) * P(cluster10=1|cluster6=0) * P(cluster6=0|cluster2=0) * P(cluster2=0|cluster3=0) * P(cluster3=0|cluster8=0)[0.0131072]=0.0104858
binkey=240 [Edge status: 0 0 0 0 1 1 1 1 ] P(G)=P(cluster8=0)[0.8] * P(cluster1=0|cluster2=0) * P(cluster9=1|cluster6=1) * P(cluster7=1|cluster10=1) * P(cluster10=1|cluster6=1) * P(cluster6=1|cluster2=0) * P(cluster2=0|cluster3=0) * P(cluster3=0|cluster8=0)[0.0524288]=0.041943
binkey=168 [Edge status: 0 0 0 1 0 1 0 1 ] P(G)=P(cluster8=0)[0.8] * P(cluster1=1|cluster2=0) * P(cluster9=1|cluster6=0) * P(cluster7=1|cluster10=0) * P(cluster10=0|cluster6=0) * P(cluster6=0|cluster2=0) * P(cluster2=0|cluster3=0) * P(cluster3=0|cluster8=0)[0.0032768]=0.00262144
binkey=7 [Edge status: 1 1 1 0 0 0 0 0 ] P(G)=P(cluster8=1)[0.2] * P(cluster1=0|cluster2=1) * P(cluster9=0|cluster6=0) * P(cluster7=0|cluster10=0) * P(cluster10=0|cluster6=0) * P(cluster6=0|cluster2=1) * P(cluster2=1|cluster3=1) * P(cluster3=1|cluster8=1)[0.0131072]=0.00262144
binkey=87 [Edge status: 1 1 1 0 1 0 1 0 ] P(G)=P(cluster8=1)[0.2] * P(cluster1=0|cluster2=1) * P(cluster9=0|cluster6=1) * P(cluster7=0|cluster10=1) * P(cluster10=1|cluster6=1) * P(cluster6=1|cluster2=1) * P(cluster2=1|cluster3=1) * P(cluster3=1|cluster8=1)[0.0032768]=0.00065536
binkey=23 [Edge status: 1 1 1 0 1 0 0 0 ] P(G)=P(cluster8=1)[0.2] * P(cluster1=0|cluster2=1) * P(cluster9=0|cluster6=1) * P(cluster7=0|cluster10=0) * P(cluster10=0|cluster6=1) * P(cluster6=1|cluster2=1) * P(cluster2=1|cluster3=1) * P(cluster3=1|cluster8=1)[0.0032768]=0.00065536
binkey=247 [Edge status: 1 1 1 0 1 1 1 1 ] P(G)=P(cluster8=1)[0.2] * P(cluster1=0|cluster2=1) * P(cluster9=1|cluster6=1) * P(cluster7=1|cluster10=1) * P(cluster10=1|cluster6=1) * P(cluster6=1|cluster2=1) * P(cluster2=1|cluster3=1) * P(cluster3=1|cluster8=1)[0.0524288]=0.0104858
binkey=119 [Edge status: 1 1 1 0 1 1 1 0 ] P(G)=P(cluster8=1)[0.2] * P(cluster1=0|cluster2=1) * P(cluster9=1|cluster6=1) * P(cluster7=0|cluster10=1) * P(cluster10=1|cluster6=1) * P(cluster6=1|cluster2=1) * P(cluster2=1|cluster3=1) * P(cluster3=1|cluster8=1)[0.0131072]=0.00262144
binkey=215 [Edge status: 1 1 1 0 1 0 1 1 ] P(G)=P(cluster8=1)[0.2] * P(cluster1=0|cluster2=1) * P(cluster9=0|cluster6=1) * P(cluster7=1|cluster10=1) * P(cluster10=1|cluster6=1) * P(cluster6=1|cluster2=1) * P(cluster2=1|cluster3=1) * P(cluster3=1|cluster8=1)[0.0131072]=0.00262144
binkey=55 [Edge status: 1 1 1 0 1 1 0 0 ] P(G)=P(cluster8=1)[0.2] * P(cluster1=0|cluster2=1) * P(cluster9=1|cluster6=1) * P(cluster7=0|cluster10=0) * P(cluster10=0|cluster6=1) * P(cluster6=1|cluster2=1) * P(cluster2=1|cluster3=1) * P(cluster3=1|cluster8=1)[0.0131072]=0.00262144
binkey=232 [Edge status: 0 0 0 1 0 1 1 1 ] P(G)=P(cluster8=0)[0.8] * P(cluster1=1|cluster2=0) * P(cluster9=1|cluster6=0) * P(cluster7=1|cluster10=1) * P(cluster10=1|cluster6=0) * P(cluster6=0|cluster2=0) * P(cluster2=0|cluster3=0) * P(cluster3=0|cluster8=0)[0.0032768]=0.00262144
binkey=248 [Edge status: 0 0 0 1 1 1 1 1 ] P(G)=P(cluster8=0)[0.8] * P(cluster1=1|cluster2=0) * P(cluster9=1|cluster6=1) * P(cluster7=1|cluster10=1) * P(cluster10=1|cluster6=1) * P(cluster6=1|cluster2=0) * P(cluster2=0|cluster3=0) * P(cluster3=0|cluster8=0)[0.0131072]=0.0104858
binkey=252 [Edge status: 0 0 1 1 1 1 1 1 ] P(G)=P(cluster8=0)[0.8] * P(cluster1=1|cluster2=1) * P(cluster9=1|cluster6=1) * P(cluster7=1|cluster10=1) * P(cluster10=1|cluster6=1) * P(cluster6=1|cluster2=1) * P(cluster2=1|cluster3=0) * P(cluster3=0|cluster8=0)[0.0524288]=0.041943
binkey=15 [Edge status: 1 1 1 1 0 0 0 0 ] P(G)=P(cluster8=1)[0.2] * P(cluster1=1|cluster2=1) * P(cluster9=0|cluster6=0) * P(cluster7=0|cluster10=0) * P(cluster10=0|cluster6=0) * P(cluster6=0|cluster2=1) * P(cluster2=1|cluster3=1) * P(cluster3=1|cluster8=1)[0.0524288]=0.0104858
binkey=254 [Edge status: 0 1 1 1 1 1 1 1 ] P(G)=P(cluster8=0)[0.8] * P(cluster1=1|cluster2=1) * P(cluster9=1|cluster6=1) * P(cluster7=1|cluster10=1) * P(cluster10=1|cluster6=1) * P(cluster6=1|cluster2=1) * P(cluster2=1|cluster3=1) * P(cluster3=1|cluster8=0)[0.0524288]=0.041943
binkey=255 [Edge status: 1 1 1 1 1 1 1 1 ] P(G)=P(cluster8=1)[0.2] * P(cluster1=1|cluster2=1) * P(cluster9=1|cluster6=1) * P(cluster7=1|cluster10=1) * P(cluster10=1|cluster6=1) * P(cluster6=1|cluster2=1) * P(cluster2=1|cluster3=1) * P(cluster3=1|cluster8=1)[0.209715]=0.041943
binkey=127 [Edge status: 1 1 1 1 1 1 1 0 ] P(G)=P(cluster8=1)[0.2] * P(cluster1=1|cluster2=1) * P(cluster9=1|cluster6=1) * P(cluster7=0|cluster10=1) * P(cluster10=1|cluster6=1) * P(cluster6=1|cluster2=1) * P(cluster2=1|cluster3=1) * P(cluster3=1|cluster8=1)[0.0524288]=0.0104858
binkey=223 [Edge status: 1 1 1 1 1 0 1 1 ] P(G)=P(cluster8=1)[0.2] * P(cluster1=1|cluster2=1) * P(cluster9=0|cluster6=1) * P(cluster7=1|cluster10=1) * P(cluster10=1|cluster6=1) * P(cluster6=1|cluster2=1) * P(cluster2=1|cluster3=1) * P(cluster3=1|cluster8=1)[0.0524288]=0.0104858
binkey=95 [Edge status: 1 1 1 1 1 0 1 0 ] P(G)=P(cluster8=1)[0.2] * P(cluster1=1|cluster2=1) * P(cluster9=0|cluster6=1) * P(cluster7=0|cluster10=1) * P(cluster10=1|cluster6=1) * P(cluster6=1|cluster2=1) * P(cluster2=1|cluster3=1) * P(cluster3=1|cluster8=1)[0.0131072]=0.00262144
binkey=63 [Edge status: 1 1 1 1 1 1 0 0 ] P(G)=P(cluster8=1)[0.2] * P(cluster1=1|cluster2=1) * P(cluster9=1|cluster6=1) * P(cluster7=0|cluster10=0) * P(cluster10=0|cluster6=1) * P(cluster6=1|cluster2=1) * P(cluster2=1|cluster3=1) * P(cluster3=1|cluster8=1)[0.0524288]=0.0104858
binkey=31 [Edge status: 1 1 1 1 1 0 0 0 ] P(G)=P(cluster8=1)[0.2] * P(cluster1=1|cluster2=1) * P(cluster9=0|cluster6=1) * P(cluster7=0|cluster10=0) * P(cluster10=0|cluster6=1) * P(cluster6=1|cluster2=1) * P(cluster2=1|cluster3=1) * P(cluster3=1|cluster8=1)[0.0131072]=0.00262144
ITERATION 0 newScore=-2.68579e+06 diffscore=16486.4 priorChange=-106.745 successMove=69
ITERATION 1 newScore=-2.67724e+06 diffscore=8555.19 priorChange=-119.221 successMove=61
ITERATION 2 newScore=-2.66795e+06 diffscore=9290.7 priorChange=-124.766 successMove=58
ITERATION 3 newScore=-2.66424e+06 diffscore=3705.5 priorChange=-108.131 successMove=53
ITERATION 4 newScore=-2.66173e+06 diffscore=2512.99 priorChange=-120.608 successMove=52
ITERATION 5 newScore=-2.65562e+06 diffscore=6108.46 priorChange=-117.835 successMove=52
ITERATION 6 newScore=-2.65025e+06 diffscore=5367.51 priorChange=-116.449 successMove=52
ITERATION 7 newScore=-2.64734e+06 diffscore=2908.64 priorChange=-127.539 successMove=52
ITERATION 8 newScore=-2.64401e+06 diffscore=3332.69 priorChange=-121.994 successMove=52
ITERATION 9 newScore=-2.64045e+06 diffscore=3561.6 priorChange=-116.449 successMove=50
ITERATION 10 newScore=-2.63705e+06 diffscore=3395.56 priorChange=-99.8132 successMove=51
ITERATION 11 newScore=-2.63136e+06 diffscore=5692.09 priorChange=-108.131 successMove=51
ITERATION 12 newScore=-2.62963e+06 diffscore=1734.9 priorChange=-121.994 successMove=51
ITERATION 13 newScore=-2.62575e+06 diffscore=3879.35 priorChange=-99.8132 successMove=51
ITERATION 14 newScore=-2.62096e+06 diffscore=4789.75 priorChange=-130.312 successMove=51
ITERATION 15 newScore=-2.61928e+06 diffscore=1677.71 priorChange=-113.676 successMove=50
ITERATION 16 newScore=-2.61843e+06 diffscore=854.979 priorChange=-113.676 successMove=53
ITERATION 17 newScore=-2.61598e+06 diffscore=2442.07 priorChange=-112.29 successMove=51
ITERATION 18 newScore=-2.61374e+06 diffscore=2242.19 priorChange=-106.745 successMove=52
ITERATION 19 newScore=-2.61323e+06 diffscore=513.266 priorChange=-124.766 successMove=51
ITERATION 20 newScore=-2.6127e+06 diffscore=528.037 priorChange=-121.994 successMove=52
ITERATION 21 newScore=-2.61194e+06 diffscore=758.567 priorChange=-113.676 successMove=51
ITERATION 22 newScore=-2.61146e+06 diffscore=481.17 priorChange=-112.29 successMove=52
ITERATION 23 newScore=-2.60954e+06 diffscore=1917.71 priorChange=-113.676 successMove=50
ITERATION 24 newScore=-2.60802e+06 diffscore=1523.08 priorChange=-98.4269 successMove=51
ITERATION 25 newScore=-2.60619e+06 diffscore=1828.54 priorChange=-115.062 successMove=50
ITERATION 26 newScore=-2.6056e+06 diffscore=590.763 priorChange=-117.835 successMove=53
ITERATION 27 newScore=-2.6036e+06 diffscore=2003.38 priorChange=-95.6543 successMove=50
ITERATION 28 newScore=-2.60284e+06 diffscore=756.553 priorChange=-117.835 successMove=51
ITERATION 29 newScore=-2.60232e+06 diffscore=522.604 priorChange=-103.972 successMove=52
ITERATION 30 newScore=-2.60165e+06 diffscore=670.385 priorChange=-105.358 successMove=51
ITERATION 31 newScore=-2.59781e+06 diffscore=3838.83 priorChange=-97.0406 successMove=50
ITERATION 32 newScore=-2.59613e+06 diffscore=1677.65 priorChange=-95.6543 successMove=54
ITERATION 33 newScore=-2.59262e+06 diffscore=3514.8 priorChange=-91.4954 successMove=50
ITERATION 34 newScore=-2.5896e+06 diffscore=3019.74 priorChange=-98.4269 successMove=49
ITERATION 35 newScore=-2.58691e+06 diffscore=2683.56 priorChange=-117.835 successMove=50
ITERATION 36 newScore=-2.58596e+06 diffscore=948.839 priorChange=-110.904 successMove=51
ITERATION 37 newScore=-2.58494e+06 diffscore=1019.99 priorChange=-94.268 successMove=50
ITERATION 38 newScore=-2.58339e+06 diffscore=1554.01 priorChange=-97.0406 successMove=48
ITERATION 39 newScore=-2.58309e+06 diffscore=297.384 priorChange=-101.199 successMove=47
ITERATION 40 newScore=-2.58279e+06 diffscore=302.426 priorChange=-112.29 successMove=48
ITERATION 41 newScore=-2.58248e+06 diffscore=308.236 priorChange=-112.29 successMove=47
ITERATION 42 newScore=-2.58219e+06 diffscore=289.636 priorChange=-97.0406 successMove=47
ITERATION 43 newScore=-2.58187e+06 diffscore=317.837 priorChange=-98.4269 successMove=47
ITERATION 44 newScore=-2.58158e+06 diffscore=299.294 priorChange=-98.4269 successMove=48
ITERATION 45 newScore=-2.58126e+06 diffscore=317.664 priorChange=-90.1091 successMove=46
ITERATION 46 newScore=-2.58096e+06 diffscore=293.368 priorChange=-94.268 successMove=45
ITERATION 47 newScore=-2.57932e+06 diffscore=1644.9 priorChange=-83.1777 successMove=46
ITERATION 48 newScore=-2.57784e+06 diffscore=1476.32 priorChange=-94.268 successMove=45
ITERATION 49 newScore=-2.57618e+06 diffscore=1660.6 priorChange=-84.564 successMove=44
ITERATION 50 newScore=-2.57474e+06 diffscore=1439.97 priorChange=-87.3365 successMove=43
ITERATION 51 newScore=-2.57315e+06 diffscore=1590.01 priorChange=-80.4051 successMove=43
ITERATION 52 newScore=-2.57286e+06 diffscore=297.278 priorChange=-88.7228 successMove=44
ITERATION 53 newScore=-2.57233e+06 diffscore=524.574 priorChange=-79.0188 successMove=43
ITERATION 54 newScore=-2.57208e+06 diffscore=248.382 priorChange=-69.3147 successMove=41
ITERATION 55 newScore=-2.57171e+06 diffscore=368.716 priorChange=-84.564 successMove=40
ITERATION 56 newScore=-2.57139e+06 diffscore=318.972 priorChange=-88.7228 successMove=42
ITERATION 57 newScore=-2.57079e+06 diffscore=604.678 priorChange=-81.7914 successMove=40
ITERATION 58 newScore=-2.56989e+06 diffscore=897.876 priorChange=-88.7228 successMove=41
ITERATION 59 newScore=-2.56931e+06 diffscore=584.512 priorChange=-87.3365 successMove=40
ITERATION 60 newScore=-2.56798e+06 diffscore=1327.14 priorChange=-84.564 successMove=41
ITERATION 61 newScore=-2.56582e+06 diffscore=2162.35 priorChange=-84.564 successMove=39
ITERATION 62 newScore=-2.56555e+06 diffscore=270.902 priorChange=-85.9503 successMove=39
ITERATION 63 newScore=-2.5642e+06 diffscore=1349.99 priorChange=-73.4736 successMove=38
ITERATION 64 newScore=-2.56387e+06 diffscore=325.757 priorChange=-77.6325 successMove=36
ITERATION 65 newScore=-2.56336e+06 diffscore=515.45 priorChange=-76.2462 successMove=37
ITERATION 66 newScore=-2.5622e+06 diffscore=1158.31 priorChange=-79.0188 successMove=36
ITERATION 67 newScore=-2.56198e+06 diffscore=221.302 priorChange=-77.6325 successMove=36
ITERATION 68 newScore=-2.56069e+06 diffscore=1281.38 priorChange=-73.4736 successMove=36
ITERATION 69 newScore=-2.56054e+06 diffscore=157.134 priorChange=-62.3832 successMove=35
ITERATION 70 newScore=-2.55926e+06 diffscore=1278.1 priorChange=-79.0188 successMove=33
ITERATION 71 newScore=-2.55901e+06 diffscore=244.654 priorChange=-74.8599 successMove=32
ITERATION 72 newScore=-2.55866e+06 diffscore=357.627 priorChange=-52.6792 successMove=31
ITERATION 73 newScore=-2.55756e+06 diffscore=1096.67 priorChange=-65.1558 successMove=29
ITERATION 74 newScore=-2.55739e+06 diffscore=168.732 priorChange=-62.3832 successMove=29
ITERATION 75 newScore=-2.55722e+06 diffscore=171.41 priorChange=-74.8599 successMove=28
ITERATION 76 newScore=-2.55705e+06 diffscore=171.734 priorChange=-47.134 successMove=28
ITERATION 77 newScore=-2.55691e+06 diffscore=135.883 priorChange=-69.3147 successMove=27
ITERATION 78 newScore=-2.55678e+06 diffscore=137.644 priorChange=-62.3832 successMove=28
ITERATION 79 newScore=-2.55649e+06 diffscore=280.553 priorChange=-52.6792 successMove=25
ITERATION 80 newScore=-2.55524e+06 diffscore=1255.22 priorChange=-33.2711 successMove=21
ITERATION 81 newScore=-2.55468e+06 diffscore=558.075 priorChange=-45.7477 successMove=20
ITERATION 82 newScore=-2.5546e+06 diffscore=77.6162 priorChange=-38.8162 successMove=19
ITERATION 83 newScore=-2.55455e+06 diffscore=52.6127 priorChange=-27.7259 successMove=16
ITERATION 84 newScore=-2.55444e+06 diffscore=111.366 priorChange=-31.8848 successMove=15
ITERATION 85 newScore=-2.55339e+06 diffscore=1045.57 priorChange=-33.2711 successMove=15
ITERATION 86 newScore=-2.55333e+06 diffscore=64.6694 priorChange=-33.2711 successMove=15
ITERATION 87 newScore=-2.55328e+06 diffscore=54.0291 priorChange=-30.4985 successMove=14
ITERATION 88 newScore=-2.55324e+06 diffscore=39.2283 priorChange=-19.4081 successMove=14
ITERATION 89 newScore=-2.55317e+06 diffscore=63.8846 priorChange=-27.7259 successMove=14
ITERATION 90 newScore=-2.55312e+06 diffscore=51.1735 priorChange=-24.9533 successMove=13
ITERATION 91 newScore=-2.55307e+06 diffscore=55.9491 priorChange=-27.7259 successMove=12
ITERATION 92 newScore=-2.553e+06 diffscore=66.6074 priorChange=-24.9533 successMove=12
ITERATION 93 newScore=-2.55296e+06 diffscore=39.3611 priorChange=-23.567 successMove=11
ITERATION 94 newScore=-2.55285e+06 diffscore=109.542 priorChange=-13.8629 successMove=9
ITERATION 95 newScore=-2.55279e+06 diffscore=55.5046 priorChange=-16.6355 successMove=8
ITERATION 96 newScore=-2.55274e+06 diffscore=55.5089 priorChange=-12.4766 successMove=8
ITERATION 97 newScore=-2.55269e+06 diffscore=45.4178 priorChange=-9.70406 successMove=5
ITERATION 98 newScore=-2.55256e+06 diffscore=134.166 priorChange=-11.0904 successMove=5
ITERATION 99 newScore=-2.55175e+06 diffscore=807.367 priorChange=-11.0904 successMove=5
MetaLearner::dumpAllGraphs
Final Score -2.55175e+06
MetaLearner::start runtime: 1326846761 ms
Results/
Results/cluster10/
Results/cluster10/fold0/
Results/cluster10/fold0/modelparams.txt
Results/cluster10/fold0/var_mb_pw_k50.txt
Results/cluster1/
Results/cluster1/fold0/
Results/cluster1/fold0/modelparams.txt
Results/cluster1/fold0/var_mb_pw_k50.txt
Results/cluster6/
Results/cluster6/fold0/
Results/cluster6/fold0/modelparams.txt
Results/cluster6/fold0/var_mb_pw_k50.txt
Results/cluster9/
Results/cluster9/fold0/
Results/cluster9/fold0/modelparams.txt
Results/cluster9/fold0/var_mb_pw_k50.txt
Results/cluster2/
Results/cluster2/fold0/
Results/cluster2/fold0/modelparams.txt
Results/cluster2/fold0/var_mb_pw_k50.txt
Results/cluster7/
Results/cluster7/fold0/
Results/cluster7/fold0/modelparams.txt
Results/cluster7/fold0/var_mb_pw_k50.txt
Results/cluster3/
Results/cluster3/fold0/
Results/cluster3/fold0/modelparams.txt
Results/cluster3/fold0/var_mb_pw_k50.txt
Results/cluster8/
Results/cluster8/scoreFile.txt
Results/cluster8/fold0/
Results/cluster8/fold0/modelparams.txt
Results/cluster8/fold0/var_mb_pw_k50.txt
