./CVN -f config_condor.txt -x50 -v1 -l TFs_OGs.txt -n AllGenes17.txt -d celltype_tree_ancestor.txt -m testdata_ogids.txt -s celltype_order.txt -p 0.2 -c yes -b -4 -q 4
(cluster3|cluster8) p_maintain_edge=0.8 p_gain=0.2
(cluster2|cluster3) p_maintain_edge=0.8 p_gain=0.2
(cluster1|cluster2) p_maintain_edge=0.8 p_gain=0.2
(cluster6|cluster2) p_maintain_edge=0.8 p_gain=0.2
(cluster9|cluster6) p_maintain_edge=0.8 p_gain=0.2
(cluster10|cluster6) p_maintain_edge=0.8 p_gain=0.2
(cluster7|cluster10) p_maintain_edge=0.8 p_gain=0.2
speciesSet.size()=8 Root is cluster8
MappedOrthogroupReader::readSpeciesMapping() --- celltype_order.txt
MappedOrthogroupReader::readFile - testdata_ogids.txt
MappedOrthogroupReader::generateGeneOrthoMap()
MetaLearner::init_onefold() read:config_condor.txt
MetaLearner::setinputVariableNames number of variables: 2035
readEvidenceTable:cluster8.table
PotentialManager::loadEvidenceFromTable varCount=2035 sampleCount=348
motifNetwork.size() = 319
0=cluster8 motifNetwork=cluster8_network.txt
variable size=2035
readEvidenceTable:cluster3.table
PotentialManager::loadEvidenceFromTable varCount=2035 sampleCount=95
motifNetwork.size() = 326
1=cluster3 motifNetwork=cluster3_network.txt
variable size=2035
readEvidenceTable:cluster2.table
PotentialManager::loadEvidenceFromTable varCount=2035 sampleCount=386
motifNetwork.size() = 328
2=cluster2 motifNetwork=cluster2_network.txt
variable size=2035
readEvidenceTable:cluster1.table
PotentialManager::loadEvidenceFromTable varCount=2035 sampleCount=36
motifNetwork.size() = 322
3=cluster1 motifNetwork=cluster1_network.txt
variable size=2035
readEvidenceTable:cluster6.table
PotentialManager::loadEvidenceFromTable varCount=2035 sampleCount=524
motifNetwork.size() = 320
4=cluster6 motifNetwork=cluster6_network.txt
variable size=2035
readEvidenceTable:cluster9.table
PotentialManager::loadEvidenceFromTable varCount=2035 sampleCount=184
motifNetwork.size() = 327
5=cluster9 motifNetwork=cluster9_network.txt
variable size=2035
readEvidenceTable:cluster10.table
PotentialManager::loadEvidenceFromTable varCount=2035 sampleCount=165
motifNetwork.size() = 326
6=cluster10 motifNetwork=cluster10_network.txt
variable size=2035
readEvidenceTable:cluster7.table
PotentialManager::loadEvidenceFromTable varCount=2035 sampleCount=1032
motifNetwork.size() = 320
7=cluster7 motifNetwork=cluster7_network.txt
variable size=2035
-------------------------------------------------------------
MetaLearner::start
precomputeEmptyGraphPrior
binkey=0 [Edge status: 0 0 0 0 0 0 0 0 ] P(G)=P(cluster8=0)[0.8] * P(cluster1=0|cluster2=0) * P(cluster9=0|cluster6=0) * P(cluster7=0|cluster10=0) * P(cluster10=0|cluster6=0) * P(cluster6=0|cluster2=0) * P(cluster2=0|cluster3=0) * P(cluster3=0|cluster8=0)[0.209715]=0.167772
condsetMap_Tree
0 cluster8=0 cluster3=0 cluster2=0 cluster1=0 cluster6=0 cluster9=0 cluster10=0 cluster7=1
1 cluster8=0 cluster3=0 cluster2=0 cluster1=0 cluster6=0 cluster9=1 cluster10=0 cluster7=0
2 cluster8=0 cluster3=0 cluster2=0 cluster1=0 cluster6=0 cluster9=1 cluster10=0 cluster7=1
3 cluster8=0 cluster3=0 cluster2=0 cluster1=1 cluster6=0 cluster9=0 cluster10=0 cluster7=0
4 cluster8=0 cluster3=0 cluster2=0 cluster1=1 cluster6=0 cluster9=0 cluster10=0 cluster7=1
5 cluster8=0 cluster3=0 cluster2=0 cluster1=1 cluster6=0 cluster9=1 cluster10=0 cluster7=0
6 cluster8=0 cluster3=0 cluster2=0 cluster1=1 cluster6=0 cluster9=1 cluster10=0 cluster7=1
7 cluster8=0 cluster3=0 cluster2=0 cluster1=0 cluster6=0 cluster9=0 cluster10=1 cluster7=1
8 cluster8=0 cluster3=0 cluster2=0 cluster1=0 cluster6=0 cluster9=1 cluster10=1 cluster7=1
9 cluster8=0 cluster3=0 cluster2=0 cluster1=1 cluster6=0 cluster9=0 cluster10=1 cluster7=1
10 cluster8=0 cluster3=0 cluster2=0 cluster1=1 cluster6=0 cluster9=1 cluster10=1 cluster7=1
11 cluster8=0 cluster3=0 cluster2=0 cluster1=0 cluster6=1 cluster9=1 cluster10=1 cluster7=1
12 cluster8=0 cluster3=0 cluster2=0 cluster1=1 cluster6=1 cluster9=1 cluster10=1 cluster7=1
13 cluster8=0 cluster3=0 cluster2=1 cluster1=1 cluster6=1 cluster9=1 cluster10=1 cluster7=1
14 cluster8=0 cluster3=1 cluster2=1 cluster1=1 cluster6=1 cluster9=1 cluster10=1 cluster7=1
15 cluster8=1 cluster3=1 cluster2=1 cluster1=1 cluster6=1 cluster9=1 cluster10=1 cluster7=1
16 cluster8=1 cluster3=1 cluster2=1 cluster1=1 cluster6=1 cluster9=1 cluster10=1 cluster7=0
17 cluster8=1 cluster3=1 cluster2=1 cluster1=1 cluster6=1 cluster9=0 cluster10=1 cluster7=1
18 cluster8=1 cluster3=1 cluster2=1 cluster1=1 cluster6=1 cluster9=0 cluster10=1 cluster7=0
19 cluster8=1 cluster3=1 cluster2=1 cluster1=0 cluster6=1 cluster9=1 cluster10=1 cluster7=1
20 cluster8=1 cluster3=1 cluster2=1 cluster1=0 cluster6=1 cluster9=1 cluster10=1 cluster7=0
21 cluster8=1 cluster3=1 cluster2=1 cluster1=0 cluster6=1 cluster9=0 cluster10=1 cluster7=1
22 cluster8=1 cluster3=1 cluster2=1 cluster1=0 cluster6=1 cluster9=0 cluster10=1 cluster7=0
23 cluster8=1 cluster3=1 cluster2=1 cluster1=1 cluster6=1 cluster9=1 cluster10=0 cluster7=0
24 cluster8=1 cluster3=1 cluster2=1 cluster1=1 cluster6=1 cluster9=0 cluster10=0 cluster7=0
25 cluster8=1 cluster3=1 cluster2=1 cluster1=0 cluster6=1 cluster9=1 cluster10=0 cluster7=0
26 cluster8=1 cluster3=1 cluster2=1 cluster1=0 cluster6=1 cluster9=0 cluster10=0 cluster7=0
27 cluster8=1 cluster3=1 cluster2=1 cluster1=1 cluster6=0 cluster9=0 cluster10=0 cluster7=0
28 cluster8=1 cluster3=1 cluster2=1 cluster1=0 cluster6=0 cluster9=0 cluster10=0 cluster7=0
29 cluster8=1 cluster3=1 cluster2=0 cluster1=0 cluster6=0 cluster9=0 cluster10=0 cluster7=0
30 cluster8=1 cluster3=0 cluster2=0 cluster1=0 cluster6=0 cluster9=0 cluster10=0 cluster7=0
31 cluster8=0 cluster3=0 cluster2=0 cluster1=0 cluster6=1 cluster9=0 cluster10=0 cluster7=0
32 cluster8=0 cluster3=0 cluster2=1 cluster1=0 cluster6=0 cluster9=0 cluster10=0 cluster7=0
33 cluster8=0 cluster3=0 cluster2=0 cluster1=0 cluster6=0 cluster9=0 cluster10=1 cluster7=0
34 cluster8=0 cluster3=1 cluster2=0 cluster1=0 cluster6=0 cluster9=0 cluster10=0 cluster7=0
inputRegulatorOGs.size() = 1999 inputOGList.size() = 50
binkey=1 [Edge status: 1 0 0 0 0 0 0 0 ] P(G)=P(cluster8=1)[0.2] * P(cluster1=0|cluster2=0) * P(cluster9=0|cluster6=0) * P(cluster7=0|cluster10=0) * P(cluster10=0|cluster6=0) * P(cluster6=0|cluster2=0) * P(cluster2=0|cluster3=0) * P(cluster3=0|cluster8=1)[0.0524288]=0.0104858
binkey=64 [Edge status: 0 0 0 0 0 0 1 0 ] P(G)=P(cluster8=0)[0.8] * P(cluster1=0|cluster2=0) * P(cluster9=0|cluster6=0) * P(cluster7=0|cluster10=1) * P(cluster10=1|cluster6=0) * P(cluster6=0|cluster2=0) * P(cluster2=0|cluster3=0) * P(cluster3=0|cluster8=0)[0.0131072]=0.0104858
binkey=32 [Edge status: 0 0 0 0 0 1 0 0 ] P(G)=P(cluster8=0)[0.8] * P(cluster1=0|cluster2=0) * P(cluster9=1|cluster6=0) * P(cluster7=0|cluster10=0) * P(cluster10=0|cluster6=0) * P(cluster6=0|cluster2=0) * P(cluster2=0|cluster3=0) * P(cluster3=0|cluster8=0)[0.0524288]=0.041943
binkey=16 [Edge status: 0 0 0 0 1 0 0 0 ] P(G)=P(cluster8=0)[0.8] * P(cluster1=0|cluster2=0) * P(cluster9=0|cluster6=1) * P(cluster7=0|cluster10=0) * P(cluster10=0|cluster6=1) * P(cluster6=1|cluster2=0) * P(cluster2=0|cluster3=0) * P(cluster3=0|cluster8=0)[0.0032768]=0.00262144
binkey=128 [Edge status: 0 0 0 0 0 0 0 1 ] P(G)=P(cluster8=0)[0.8] * P(cluster1=0|cluster2=0) * P(cluster9=0|cluster6=0) * P(cluster7=1|cluster10=0) * P(cluster10=0|cluster6=0) * P(cluster6=0|cluster2=0) * P(cluster2=0|cluster3=0) * P(cluster3=0|cluster8=0)[0.0524288]=0.041943
binkey=2 [Edge status: 0 1 0 0 0 0 0 0 ] P(G)=P(cluster8=0)[0.8] * P(cluster1=0|cluster2=0) * P(cluster9=0|cluster6=0) * P(cluster7=0|cluster10=0) * P(cluster10=0|cluster6=0) * P(cluster6=0|cluster2=0) * P(cluster2=0|cluster3=1) * P(cluster3=1|cluster8=0)[0.0131072]=0.0104858
binkey=8 [Edge status: 0 0 0 1 0 0 0 0 ] P(G)=P(cluster8=0)[0.8] * P(cluster1=1|cluster2=0) * P(cluster9=0|cluster6=0) * P(cluster7=0|cluster10=0) * P(cluster10=0|cluster6=0) * P(cluster6=0|cluster2=0) * P(cluster2=0|cluster3=0) * P(cluster3=0|cluster8=0)[0.0524288]=0.041943
binkey=4 [Edge status: 0 0 1 0 0 0 0 0 ] P(G)=P(cluster8=0)[0.8] * P(cluster1=0|cluster2=1) * P(cluster9=0|cluster6=0) * P(cluster7=0|cluster10=0) * P(cluster10=0|cluster6=0) * P(cluster6=0|cluster2=1) * P(cluster2=1|cluster3=0) * P(cluster3=0|cluster8=0)[0.0032768]=0.00262144
binkey=3 [Edge status: 1 1 0 0 0 0 0 0 ] P(G)=P(cluster8=1)[0.2] * P(cluster1=0|cluster2=0) * P(cluster9=0|cluster6=0) * P(cluster7=0|cluster10=0) * P(cluster10=0|cluster6=0) * P(cluster6=0|cluster2=0) * P(cluster2=0|cluster3=1) * P(cluster3=1|cluster8=1)[0.0524288]=0.0104858
binkey=160 [Edge status: 0 0 0 0 0 1 0 1 ] P(G)=P(cluster8=0)[0.8] * P(cluster1=0|cluster2=0) * P(cluster9=1|cluster6=0) * P(cluster7=1|cluster10=0) * P(cluster10=0|cluster6=0) * P(cluster6=0|cluster2=0) * P(cluster2=0|cluster3=0) * P(cluster3=0|cluster8=0)[0.0131072]=0.0104858
binkey=15 [Edge status: 1 1 1 1 0 0 0 0 ] P(G)=P(cluster8=1)[0.2] * P(cluster1=1|cluster2=1) * P(cluster9=0|cluster6=0) * P(cluster7=0|cluster10=0) * P(cluster10=0|cluster6=0) * P(cluster6=0|cluster2=1) * P(cluster2=1|cluster3=1) * P(cluster3=1|cluster8=1)[0.0524288]=0.0104858
binkey=7 [Edge status: 1 1 1 0 0 0 0 0 ] P(G)=P(cluster8=1)[0.2] * P(cluster1=0|cluster2=1) * P(cluster9=0|cluster6=0) * P(cluster7=0|cluster10=0) * P(cluster10=0|cluster6=0) * P(cluster6=0|cluster2=1) * P(cluster2=1|cluster3=1) * P(cluster3=1|cluster8=1)[0.0131072]=0.00262144
binkey=192 [Edge status: 0 0 0 0 0 0 1 1 ] P(G)=P(cluster8=0)[0.8] * P(cluster1=0|cluster2=0) * P(cluster9=0|cluster6=0) * P(cluster7=1|cluster10=1) * P(cluster10=1|cluster6=0) * P(cluster6=0|cluster2=0) * P(cluster2=0|cluster3=0) * P(cluster3=0|cluster8=0)[0.0524288]=0.041943
binkey=136 [Edge status: 0 0 0 1 0 0 0 1 ] P(G)=P(cluster8=0)[0.8] * P(cluster1=1|cluster2=0) * P(cluster9=0|cluster6=0) * P(cluster7=1|cluster10=0) * P(cluster10=0|cluster6=0) * P(cluster6=0|cluster2=0) * P(cluster2=0|cluster3=0) * P(cluster3=0|cluster8=0)[0.0131072]=0.0104858
binkey=200 [Edge status: 0 0 0 1 0 0 1 1 ] P(G)=P(cluster8=0)[0.8] * P(cluster1=1|cluster2=0) * P(cluster9=0|cluster6=0) * P(cluster7=1|cluster10=1) * P(cluster10=1|cluster6=0) * P(cluster6=0|cluster2=0) * P(cluster2=0|cluster3=0) * P(cluster3=0|cluster8=0)[0.0131072]=0.0104858
binkey=224 [Edge status: 0 0 0 0 0 1 1 1 ] P(G)=P(cluster8=0)[0.8] * P(cluster1=0|cluster2=0) * P(cluster9=1|cluster6=0) * P(cluster7=1|cluster10=1) * P(cluster10=1|cluster6=0) * P(cluster6=0|cluster2=0) * P(cluster2=0|cluster3=0) * P(cluster3=0|cluster8=0)[0.0131072]=0.0104858
binkey=40 [Edge status: 0 0 0 1 0 1 0 0 ] P(G)=P(cluster8=0)[0.8] * P(cluster1=1|cluster2=0) * P(cluster9=1|cluster6=0) * P(cluster7=0|cluster10=0) * P(cluster10=0|cluster6=0) * P(cluster6=0|cluster2=0) * P(cluster2=0|cluster3=0) * P(cluster3=0|cluster8=0)[0.0131072]=0.0104858
binkey=168 [Edge status: 0 0 0 1 0 1 0 1 ] P(G)=P(cluster8=0)[0.8] * P(cluster1=1|cluster2=0) * P(cluster9=1|cluster6=0) * P(cluster7=1|cluster10=0) * P(cluster10=0|cluster6=0) * P(cluster6=0|cluster2=0) * P(cluster2=0|cluster3=0) * P(cluster3=0|cluster8=0)[0.0032768]=0.00262144
binkey=232 [Edge status: 0 0 0 1 0 1 1 1 ] P(G)=P(cluster8=0)[0.8] * P(cluster1=1|cluster2=0) * P(cluster9=1|cluster6=0) * P(cluster7=1|cluster10=1) * P(cluster10=1|cluster6=0) * P(cluster6=0|cluster2=0) * P(cluster2=0|cluster3=0) * P(cluster3=0|cluster8=0)[0.0032768]=0.00262144
binkey=23 [Edge status: 1 1 1 0 1 0 0 0 ] P(G)=P(cluster8=1)[0.2] * P(cluster1=0|cluster2=1) * P(cluster9=0|cluster6=1) * P(cluster7=0|cluster10=0) * P(cluster10=0|cluster6=1) * P(cluster6=1|cluster2=1) * P(cluster2=1|cluster3=1) * P(cluster3=1|cluster8=1)[0.0032768]=0.00065536
binkey=240 [Edge status: 0 0 0 0 1 1 1 1 ] P(G)=P(cluster8=0)[0.8] * P(cluster1=0|cluster2=0) * P(cluster9=1|cluster6=1) * P(cluster7=1|cluster10=1) * P(cluster10=1|cluster6=1) * P(cluster6=1|cluster2=0) * P(cluster2=0|cluster3=0) * P(cluster3=0|cluster8=0)[0.0524288]=0.041943
binkey=95 [Edge status: 1 1 1 1 1 0 1 0 ] P(G)=P(cluster8=1)[0.2] * P(cluster1=1|cluster2=1) * P(cluster9=0|cluster6=1) * P(cluster7=0|cluster10=1) * P(cluster10=1|cluster6=1) * P(cluster6=1|cluster2=1) * P(cluster2=1|cluster3=1) * P(cluster3=1|cluster8=1)[0.0131072]=0.00262144
binkey=87 [Edge status: 1 1 1 0 1 0 1 0 ] P(G)=P(cluster8=1)[0.2] * P(cluster1=0|cluster2=1) * P(cluster9=0|cluster6=1) * P(cluster7=0|cluster10=1) * P(cluster10=1|cluster6=1) * P(cluster6=1|cluster2=1) * P(cluster2=1|cluster3=1) * P(cluster3=1|cluster8=1)[0.0032768]=0.00065536
binkey=31 [Edge status: 1 1 1 1 1 0 0 0 ] P(G)=P(cluster8=1)[0.2] * P(cluster1=1|cluster2=1) * P(cluster9=0|cluster6=1) * P(cluster7=0|cluster10=0) * P(cluster10=0|cluster6=1) * P(cluster6=1|cluster2=1) * P(cluster2=1|cluster3=1) * P(cluster3=1|cluster8=1)[0.0131072]=0.00262144
binkey=215 [Edge status: 1 1 1 0 1 0 1 1 ] P(G)=P(cluster8=1)[0.2] * P(cluster1=0|cluster2=1) * P(cluster9=0|cluster6=1) * P(cluster7=1|cluster10=1) * P(cluster10=1|cluster6=1) * P(cluster6=1|cluster2=1) * P(cluster2=1|cluster3=1) * P(cluster3=1|cluster8=1)[0.0131072]=0.00262144
ITERATION 0 newScore=-2.6725e+06 diffscore=14726.5 priorChange=-101.199 successMove=61
binkey=248 [Edge status: 0 0 0 1 1 1 1 1 ] P(G)=P(cluster8=0)[0.8] * P(cluster1=1|cluster2=0) * P(cluster9=1|cluster6=1) * P(cluster7=1|cluster10=1) * P(cluster10=1|cluster6=1) * P(cluster6=1|cluster2=0) * P(cluster2=0|cluster3=0) * P(cluster3=0|cluster8=0)[0.0131072]=0.0104858
ITERATION 1 newScore=-2.66674e+06 diffscore=5756.95 priorChange=-110.904 successMove=56
ITERATION 2 newScore=-2.66012e+06 diffscore=6616.56 priorChange=-113.676 successMove=55
ITERATION 3 newScore=-2.65543e+06 diffscore=4692.54 priorChange=-98.4269 successMove=53
ITERATION 4 newScore=-2.65285e+06 diffscore=2583.29 priorChange=-98.4269 successMove=51
ITERATION 5 newScore=-2.64636e+06 diffscore=6486.42 priorChange=-103.972 successMove=50
ITERATION 6 newScore=-2.63979e+06 diffscore=6565.73 priorChange=-110.904 successMove=52
ITERATION 7 newScore=-2.63434e+06 diffscore=5457.9 priorChange=-105.358 successMove=54
ITERATION 8 newScore=-2.6321e+06 diffscore=2232.08 priorChange=-94.268 successMove=52
ITERATION 9 newScore=-2.63015e+06 diffscore=1953.47 priorChange=-109.517 successMove=50
ITERATION 10 newScore=-2.6293e+06 diffscore=850.283 priorChange=-108.131 successMove=51
ITERATION 11 newScore=-2.62532e+06 diffscore=3979.29 priorChange=-109.517 successMove=54
ITERATION 12 newScore=-2.62347e+06 diffscore=1846.83 priorChange=-108.131 successMove=51
ITERATION 13 newScore=-2.62257e+06 diffscore=908.238 priorChange=-108.131 successMove=50
ITERATION 14 newScore=-2.62086e+06 diffscore=1703.85 priorChange=-105.358 successMove=50
ITERATION 15 newScore=-2.62023e+06 diffscore=629.606 priorChange=-101.199 successMove=52
ITERATION 16 newScore=-2.61766e+06 diffscore=2574.78 priorChange=-92.8817 successMove=48
ITERATION 17 newScore=-2.61582e+06 diffscore=1839.88 priorChange=-108.131 successMove=47
ITERATION 18 newScore=-2.61528e+06 diffscore=538.923 priorChange=-108.131 successMove=47
ITERATION 19 newScore=-2.61317e+06 diffscore=2108.77 priorChange=-103.972 successMove=47
ITERATION 20 newScore=-2.61054e+06 diffscore=2633.84 priorChange=-98.4269 successMove=47
ITERATION 21 newScore=-2.61007e+06 diffscore=468.784 priorChange=-91.4954 successMove=47
ITERATION 22 newScore=-2.60953e+06 diffscore=542.209 priorChange=-97.0406 successMove=46
ITERATION 23 newScore=-2.60755e+06 diffscore=1977.53 priorChange=-99.8132 successMove=48
ITERATION 24 newScore=-2.60535e+06 diffscore=2194.34 priorChange=-102.586 successMove=48
ITERATION 25 newScore=-2.6014e+06 diffscore=3952.27 priorChange=-94.268 successMove=46
ITERATION 26 newScore=-2.60017e+06 diffscore=1233.6 priorChange=-108.131 successMove=46
ITERATION 27 newScore=-2.59804e+06 diffscore=2132.01 priorChange=-91.4954 successMove=45
ITERATION 28 newScore=-2.59635e+06 diffscore=1689.54 priorChange=-98.4269 successMove=49
ITERATION 29 newScore=-2.59563e+06 diffscore=715.133 priorChange=-94.268 successMove=45
ITERATION 30 newScore=-2.59418e+06 diffscore=1447.31 priorChange=-91.4954 successMove=46
binkey=252 [Edge status: 0 0 1 1 1 1 1 1 ] P(G)=P(cluster8=0)[0.8] * P(cluster1=1|cluster2=1) * P(cluster9=1|cluster6=1) * P(cluster7=1|cluster10=1) * P(cluster10=1|cluster6=1) * P(cluster6=1|cluster2=1) * P(cluster2=1|cluster3=0) * P(cluster3=0|cluster8=0)[0.0524288]=0.041943
ITERATION 31 newScore=-2.59383e+06 diffscore=358.11 priorChange=-101.199 successMove=44
ITERATION 32 newScore=-2.59317e+06 diffscore=655.042 priorChange=-94.268 successMove=43
ITERATION 33 newScore=-2.59175e+06 diffscore=1419.84 priorChange=-94.268 successMove=43
ITERATION 34 newScore=-2.59148e+06 diffscore=275.434 priorChange=-105.358 successMove=43
ITERATION 35 newScore=-2.59119e+06 diffscore=286.525 priorChange=-94.268 successMove=43
ITERATION 36 newScore=-2.59086e+06 diffscore=331.757 priorChange=-87.3365 successMove=44
ITERATION 37 newScore=-2.59052e+06 diffscore=335.768 priorChange=-77.6325 successMove=44
ITERATION 38 newScore=-2.58951e+06 diffscore=1014.59 priorChange=-88.7228 successMove=43
ITERATION 39 newScore=-2.58793e+06 diffscore=1572.77 priorChange=-70.701 successMove=43
ITERATION 40 newScore=-2.58489e+06 diffscore=3048.26 priorChange=-94.268 successMove=44
ITERATION 41 newScore=-2.58453e+06 diffscore=358.13 priorChange=-85.9503 successMove=44
ITERATION 42 newScore=-2.58285e+06 diffscore=1678.72 priorChange=-81.7914 successMove=44
ITERATION 43 newScore=-2.58255e+06 diffscore=297.124 priorChange=-91.4954 successMove=43
ITERATION 44 newScore=-2.58093e+06 diffscore=1617.89 priorChange=-95.6543 successMove=43
ITERATION 45 newScore=-2.58028e+06 diffscore=658.6 priorChange=-95.6543 successMove=44
ITERATION 46 newScore=-2.57991e+06 diffscore=368.024 priorChange=-77.6325 successMove=44
ITERATION 47 newScore=-2.57889e+06 diffscore=1014.83 priorChange=-80.4051 successMove=48
ITERATION 48 newScore=-2.57841e+06 diffscore=484.241 priorChange=-74.8599 successMove=45
ITERATION 49 newScore=-2.57733e+06 diffscore=1078.03 priorChange=-83.1777 successMove=42
ITERATION 50 newScore=-2.57574e+06 diffscore=1590.34 priorChange=-81.7914 successMove=42
ITERATION 51 newScore=-2.57532e+06 diffscore=418.151 priorChange=-85.9503 successMove=42
ITERATION 52 newScore=-2.57277e+06 diffscore=2548.34 priorChange=-77.6325 successMove=40
ITERATION 53 newScore=-2.57233e+06 diffscore=447.935 priorChange=-80.4051 successMove=40
ITERATION 54 newScore=-2.57071e+06 diffscore=1612.48 priorChange=-72.0873 successMove=42
ITERATION 55 newScore=-2.56927e+06 diffscore=1444.96 priorChange=-84.564 successMove=40
ITERATION 56 newScore=-2.56897e+06 diffscore=296.663 priorChange=-88.7228 successMove=40
ITERATION 57 newScore=-2.56847e+06 diffscore=498.293 priorChange=-66.5421 successMove=39
ITERATION 58 newScore=-2.56758e+06 diffscore=891.814 priorChange=-72.0873 successMove=40
ITERATION 59 newScore=-2.56726e+06 diffscore=318.425 priorChange=-83.1777 successMove=39
ITERATION 60 newScore=-2.56692e+06 diffscore=346.153 priorChange=-76.2462 successMove=38
ITERATION 61 newScore=-2.56541e+06 diffscore=1511.66 priorChange=-67.9284 successMove=37
ITERATION 62 newScore=-2.56451e+06 diffscore=899.138 priorChange=-58.2244 successMove=34
ITERATION 63 newScore=-2.56423e+06 diffscore=272.026 priorChange=-65.1558 successMove=36
ITERATION 64 newScore=-2.56322e+06 diffscore=1017.02 priorChange=-62.3832 successMove=33
ITERATION 65 newScore=-2.562e+06 diffscore=1217.19 priorChange=-49.9066 successMove=33
ITERATION 66 newScore=-2.5606e+06 diffscore=1396.34 priorChange=-58.2244 successMove=31
ITERATION 67 newScore=-2.56037e+06 diffscore=231.344 priorChange=-56.8381 successMove=30
ITERATION 68 newScore=-2.56014e+06 diffscore=231.232 priorChange=-63.7695 successMove=30
ITERATION 69 newScore=-2.55989e+06 diffscore=250.097 priorChange=-52.6792 successMove=29
ITERATION 70 newScore=-2.55853e+06 diffscore=1360.67 priorChange=-54.0655 successMove=30
ITERATION 71 newScore=-2.55738e+06 diffscore=1145.87 priorChange=-52.6792 successMove=28
ITERATION 72 newScore=-2.5572e+06 diffscore=180.095 priorChange=-49.9066 successMove=27
ITERATION 73 newScore=-2.55703e+06 diffscore=171.566 priorChange=-45.7477 successMove=27
ITERATION 74 newScore=-2.55683e+06 diffscore=198.084 priorChange=-55.4518 successMove=27
ITERATION 75 newScore=-2.55664e+06 diffscore=197.018 priorChange=-52.6792 successMove=26
ITERATION 76 newScore=-2.55644e+06 diffscore=195.928 priorChange=-54.0655 successMove=25
ITERATION 77 newScore=-2.55506e+06 diffscore=1378.6 priorChange=-44.3614 successMove=25
ITERATION 78 newScore=-2.55393e+06 diffscore=1128.98 priorChange=-49.9066 successMove=23
ITERATION 79 newScore=-2.55296e+06 diffscore=972.638 priorChange=-44.3614 successMove=23
ITERATION 80 newScore=-2.55283e+06 diffscore=136.37 priorChange=-47.134 successMove=23
ITERATION 81 newScore=-2.5526e+06 diffscore=225.981 priorChange=-47.134 successMove=23
ITERATION 82 newScore=-2.55243e+06 diffscore=165.24 priorChange=-40.2025 successMove=22
ITERATION 83 newScore=-2.55223e+06 diffscore=199.192 priorChange=-42.9751 successMove=21
ITERATION 84 newScore=-2.55098e+06 diffscore=1255.06 priorChange=-40.2025 successMove=21
ITERATION 85 newScore=-2.55083e+06 diffscore=145.76 priorChange=-40.2025 successMove=23
ITERATION 86 newScore=-2.5507e+06 diffscore=137.263 priorChange=-41.5888 successMove=19
ITERATION 87 newScore=-2.55054e+06 diffscore=160.001 priorChange=-38.8162 successMove=20
ITERATION 88 newScore=-2.55035e+06 diffscore=183.481 priorChange=-41.5888 successMove=20
ITERATION 89 newScore=-2.54924e+06 diffscore=1114.63 priorChange=-37.4299 successMove=19
ITERATION 90 newScore=-2.54849e+06 diffscore=753.127 priorChange=-31.8848 successMove=20
ITERATION 91 newScore=-2.5484e+06 diffscore=85.137 priorChange=-37.4299 successMove=20
ITERATION 92 newScore=-2.54831e+06 diffscore=93.4063 priorChange=-33.2711 successMove=18
ITERATION 93 newScore=-2.54821e+06 diffscore=98.0526 priorChange=-42.9751 successMove=18
ITERATION 94 newScore=-2.54809e+06 diffscore=115.631 priorChange=-30.4985 successMove=19
ITERATION 95 newScore=-2.54801e+06 diffscore=85.0945 priorChange=-33.2711 successMove=14
ITERATION 96 newScore=-2.54791e+06 diffscore=97.7629 priorChange=-24.9533 successMove=13
ITERATION 97 newScore=-2.54782e+06 diffscore=89.3574 priorChange=-23.567 successMove=12
ITERATION 98 newScore=-2.54773e+06 diffscore=93.5455 priorChange=-16.6355 successMove=11
ITERATION 99 newScore=-2.54744e+06 diffscore=285.528 priorChange=-11.0904 successMove=9
MetaLearner::dumpAllGraphs
Final Score -2.54744e+06
MetaLearner::start runtime: 1527682959 ms
Results/
Results/cluster2/
Results/cluster2/fold0/
Results/cluster2/fold0/var_mb_pw_k50.txt
Results/cluster2/fold0/modelparams.txt
Results/cluster6/
Results/cluster6/fold0/
Results/cluster6/fold0/var_mb_pw_k50.txt
Results/cluster6/fold0/modelparams.txt
Results/cluster8/
Results/cluster8/scoreFile.txt
Results/cluster8/fold0/
Results/cluster8/fold0/var_mb_pw_k50.txt
Results/cluster8/fold0/modelparams.txt
Results/cluster1/
Results/cluster1/fold0/
Results/cluster1/fold0/var_mb_pw_k50.txt
Results/cluster1/fold0/modelparams.txt
Results/cluster7/
Results/cluster7/fold0/
Results/cluster7/fold0/var_mb_pw_k50.txt
Results/cluster7/fold0/modelparams.txt
Results/cluster3/
Results/cluster3/fold0/
Results/cluster3/fold0/var_mb_pw_k50.txt
Results/cluster3/fold0/modelparams.txt
Results/cluster9/
Results/cluster9/fold0/
Results/cluster9/fold0/var_mb_pw_k50.txt
Results/cluster9/fold0/modelparams.txt
Results/cluster10/
Results/cluster10/fold0/
Results/cluster10/fold0/var_mb_pw_k50.txt
Results/cluster10/fold0/modelparams.txt
