./CVN -f config_condor.txt -x50 -v1 -l TFs_OGs.txt -n AllGenes206.txt -d celltype_tree_ancestor.txt -m testdata_ogids.txt -s celltype_order.txt -p 0.2 -c yes -b -4 -q 4
(cluster3|cluster8) p_maintain_edge=0.8 p_gain=0.2
(cluster2|cluster3) p_maintain_edge=0.8 p_gain=0.2
(cluster1|cluster2) p_maintain_edge=0.8 p_gain=0.2
(cluster6|cluster2) p_maintain_edge=0.8 p_gain=0.2
(cluster9|cluster6) p_maintain_edge=0.8 p_gain=0.2
(cluster10|cluster6) p_maintain_edge=0.8 p_gain=0.2
(cluster7|cluster10) p_maintain_edge=0.8 p_gain=0.2
speciesSet.size()=8 Root is cluster8
MappedOrthogroupReader::readSpeciesMapping() --- celltype_order.txt
MappedOrthogroupReader::readFile - testdata_ogids.txt
MappedOrthogroupReader::generateGeneOrthoMap()
MetaLearner::init_onefold() read:config_condor.txt
MetaLearner::setinputVariableNames number of variables: 2035
readEvidenceTable:cluster8.table
PotentialManager::loadEvidenceFromTable varCount=2035 sampleCount=348
motifNetwork.size() = 319
0=cluster8 motifNetwork=cluster8_network.txt
variable size=2035
readEvidenceTable:cluster3.table
PotentialManager::loadEvidenceFromTable varCount=2035 sampleCount=95
motifNetwork.size() = 326
1=cluster3 motifNetwork=cluster3_network.txt
variable size=2035
readEvidenceTable:cluster2.table
PotentialManager::loadEvidenceFromTable varCount=2035 sampleCount=386
motifNetwork.size() = 328
2=cluster2 motifNetwork=cluster2_network.txt
variable size=2035
readEvidenceTable:cluster1.table
PotentialManager::loadEvidenceFromTable varCount=2035 sampleCount=36
motifNetwork.size() = 322
3=cluster1 motifNetwork=cluster1_network.txt
variable size=2035
readEvidenceTable:cluster6.table
PotentialManager::loadEvidenceFromTable varCount=2035 sampleCount=524
motifNetwork.size() = 320
4=cluster6 motifNetwork=cluster6_network.txt
variable size=2035
readEvidenceTable:cluster9.table
PotentialManager::loadEvidenceFromTable varCount=2035 sampleCount=184
motifNetwork.size() = 327
5=cluster9 motifNetwork=cluster9_network.txt
variable size=2035
readEvidenceTable:cluster10.table
PotentialManager::loadEvidenceFromTable varCount=2035 sampleCount=165
motifNetwork.size() = 326
6=cluster10 motifNetwork=cluster10_network.txt
variable size=2035
readEvidenceTable:cluster7.table
PotentialManager::loadEvidenceFromTable varCount=2035 sampleCount=1032
motifNetwork.size() = 320
7=cluster7 motifNetwork=cluster7_network.txt
variable size=2035
-------------------------------------------------------------
MetaLearner::start
precomputeEmptyGraphPrior
binkey=0 [Edge status: 0 0 0 0 0 0 0 0 ] P(G)=P(cluster8=0)[0.8] * P(cluster1=0|cluster2=0) * P(cluster9=0|cluster6=0) * P(cluster7=0|cluster10=0) * P(cluster10=0|cluster6=0) * P(cluster6=0|cluster2=0) * P(cluster2=0|cluster3=0) * P(cluster3=0|cluster8=0)[0.209715]=0.167772
condsetMap_Tree
0 cluster8=0 cluster3=0 cluster2=0 cluster1=0 cluster6=0 cluster9=0 cluster10=0 cluster7=1
1 cluster8=0 cluster3=0 cluster2=0 cluster1=0 cluster6=0 cluster9=1 cluster10=0 cluster7=0
2 cluster8=0 cluster3=0 cluster2=0 cluster1=0 cluster6=0 cluster9=1 cluster10=0 cluster7=1
3 cluster8=0 cluster3=0 cluster2=0 cluster1=1 cluster6=0 cluster9=0 cluster10=0 cluster7=0
4 cluster8=0 cluster3=0 cluster2=0 cluster1=1 cluster6=0 cluster9=0 cluster10=0 cluster7=1
5 cluster8=0 cluster3=0 cluster2=0 cluster1=1 cluster6=0 cluster9=1 cluster10=0 cluster7=0
6 cluster8=0 cluster3=0 cluster2=0 cluster1=1 cluster6=0 cluster9=1 cluster10=0 cluster7=1
7 cluster8=0 cluster3=0 cluster2=0 cluster1=0 cluster6=0 cluster9=0 cluster10=1 cluster7=1
8 cluster8=0 cluster3=0 cluster2=0 cluster1=0 cluster6=0 cluster9=1 cluster10=1 cluster7=1
9 cluster8=0 cluster3=0 cluster2=0 cluster1=1 cluster6=0 cluster9=0 cluster10=1 cluster7=1
10 cluster8=0 cluster3=0 cluster2=0 cluster1=1 cluster6=0 cluster9=1 cluster10=1 cluster7=1
11 cluster8=0 cluster3=0 cluster2=0 cluster1=0 cluster6=1 cluster9=1 cluster10=1 cluster7=1
12 cluster8=0 cluster3=0 cluster2=0 cluster1=1 cluster6=1 cluster9=1 cluster10=1 cluster7=1
13 cluster8=0 cluster3=0 cluster2=1 cluster1=1 cluster6=1 cluster9=1 cluster10=1 cluster7=1
14 cluster8=0 cluster3=1 cluster2=1 cluster1=1 cluster6=1 cluster9=1 cluster10=1 cluster7=1
15 cluster8=1 cluster3=1 cluster2=1 cluster1=1 cluster6=1 cluster9=1 cluster10=1 cluster7=1
16 cluster8=1 cluster3=1 cluster2=1 cluster1=1 cluster6=1 cluster9=1 cluster10=1 cluster7=0
17 cluster8=1 cluster3=1 cluster2=1 cluster1=1 cluster6=1 cluster9=0 cluster10=1 cluster7=1
18 cluster8=1 cluster3=1 cluster2=1 cluster1=1 cluster6=1 cluster9=0 cluster10=1 cluster7=0
19 cluster8=1 cluster3=1 cluster2=1 cluster1=0 cluster6=1 cluster9=1 cluster10=1 cluster7=1
20 cluster8=1 cluster3=1 cluster2=1 cluster1=0 cluster6=1 cluster9=1 cluster10=1 cluster7=0
21 cluster8=1 cluster3=1 cluster2=1 cluster1=0 cluster6=1 cluster9=0 cluster10=1 cluster7=1
22 cluster8=1 cluster3=1 cluster2=1 cluster1=0 cluster6=1 cluster9=0 cluster10=1 cluster7=0
23 cluster8=1 cluster3=1 cluster2=1 cluster1=1 cluster6=1 cluster9=1 cluster10=0 cluster7=0
24 cluster8=1 cluster3=1 cluster2=1 cluster1=1 cluster6=1 cluster9=0 cluster10=0 cluster7=0
25 cluster8=1 cluster3=1 cluster2=1 cluster1=0 cluster6=1 cluster9=1 cluster10=0 cluster7=0
26 cluster8=1 cluster3=1 cluster2=1 cluster1=0 cluster6=1 cluster9=0 cluster10=0 cluster7=0
27 cluster8=1 cluster3=1 cluster2=1 cluster1=1 cluster6=0 cluster9=0 cluster10=0 cluster7=0
28 cluster8=1 cluster3=1 cluster2=1 cluster1=0 cluster6=0 cluster9=0 cluster10=0 cluster7=0
29 cluster8=1 cluster3=1 cluster2=0 cluster1=0 cluster6=0 cluster9=0 cluster10=0 cluster7=0
30 cluster8=1 cluster3=0 cluster2=0 cluster1=0 cluster6=0 cluster9=0 cluster10=0 cluster7=0
31 cluster8=0 cluster3=0 cluster2=0 cluster1=0 cluster6=1 cluster9=0 cluster10=0 cluster7=0
32 cluster8=0 cluster3=0 cluster2=1 cluster1=0 cluster6=0 cluster9=0 cluster10=0 cluster7=0
33 cluster8=0 cluster3=0 cluster2=0 cluster1=0 cluster6=0 cluster9=0 cluster10=1 cluster7=0
34 cluster8=0 cluster3=1 cluster2=0 cluster1=0 cluster6=0 cluster9=0 cluster10=0 cluster7=0
inputRegulatorOGs.size() = 1999 inputOGList.size() = 50
binkey=1 [Edge status: 1 0 0 0 0 0 0 0 ] P(G)=P(cluster8=1)[0.2] * P(cluster1=0|cluster2=0) * P(cluster9=0|cluster6=0) * P(cluster7=0|cluster10=0) * P(cluster10=0|cluster6=0) * P(cluster6=0|cluster2=0) * P(cluster2=0|cluster3=0) * P(cluster3=0|cluster8=1)[0.0524288]=0.0104858
binkey=64 [Edge status: 0 0 0 0 0 0 1 0 ] P(G)=P(cluster8=0)[0.8] * P(cluster1=0|cluster2=0) * P(cluster9=0|cluster6=0) * P(cluster7=0|cluster10=1) * P(cluster10=1|cluster6=0) * P(cluster6=0|cluster2=0) * P(cluster2=0|cluster3=0) * P(cluster3=0|cluster8=0)[0.0131072]=0.0104858
binkey=32 [Edge status: 0 0 0 0 0 1 0 0 ] P(G)=P(cluster8=0)[0.8] * P(cluster1=0|cluster2=0) * P(cluster9=1|cluster6=0) * P(cluster7=0|cluster10=0) * P(cluster10=0|cluster6=0) * P(cluster6=0|cluster2=0) * P(cluster2=0|cluster3=0) * P(cluster3=0|cluster8=0)[0.0524288]=0.041943
binkey=4 [Edge status: 0 0 1 0 0 0 0 0 ] P(G)=P(cluster8=0)[0.8] * P(cluster1=0|cluster2=1) * P(cluster9=0|cluster6=0) * P(cluster7=0|cluster10=0) * P(cluster10=0|cluster6=0) * P(cluster6=0|cluster2=1) * P(cluster2=1|cluster3=0) * P(cluster3=0|cluster8=0)[0.0032768]=0.00262144
binkey=16 [Edge status: 0 0 0 0 1 0 0 0 ] P(G)=P(cluster8=0)[0.8] * P(cluster1=0|cluster2=0) * P(cluster9=0|cluster6=1) * P(cluster7=0|cluster10=0) * P(cluster10=0|cluster6=1) * P(cluster6=1|cluster2=0) * P(cluster2=0|cluster3=0) * P(cluster3=0|cluster8=0)[0.0032768]=0.00262144
binkey=128 [Edge status: 0 0 0 0 0 0 0 1 ] P(G)=P(cluster8=0)[0.8] * P(cluster1=0|cluster2=0) * P(cluster9=0|cluster6=0) * P(cluster7=1|cluster10=0) * P(cluster10=0|cluster6=0) * P(cluster6=0|cluster2=0) * P(cluster2=0|cluster3=0) * P(cluster3=0|cluster8=0)[0.0524288]=0.041943
binkey=192 [Edge status: 0 0 0 0 0 0 1 1 ] P(G)=P(cluster8=0)[0.8] * P(cluster1=0|cluster2=0) * P(cluster9=0|cluster6=0) * P(cluster7=1|cluster10=1) * P(cluster10=1|cluster6=0) * P(cluster6=0|cluster2=0) * P(cluster2=0|cluster3=0) * P(cluster3=0|cluster8=0)[0.0524288]=0.041943
binkey=2 [Edge status: 0 1 0 0 0 0 0 0 ] P(G)=P(cluster8=0)[0.8] * P(cluster1=0|cluster2=0) * P(cluster9=0|cluster6=0) * P(cluster7=0|cluster10=0) * P(cluster10=0|cluster6=0) * P(cluster6=0|cluster2=0) * P(cluster2=0|cluster3=1) * P(cluster3=1|cluster8=0)[0.0131072]=0.0104858
binkey=8 [Edge status: 0 0 0 1 0 0 0 0 ] P(G)=P(cluster8=0)[0.8] * P(cluster1=1|cluster2=0) * P(cluster9=0|cluster6=0) * P(cluster7=0|cluster10=0) * P(cluster10=0|cluster6=0) * P(cluster6=0|cluster2=0) * P(cluster2=0|cluster3=0) * P(cluster3=0|cluster8=0)[0.0524288]=0.041943
binkey=40 [Edge status: 0 0 0 1 0 1 0 0 ] P(G)=P(cluster8=0)[0.8] * P(cluster1=1|cluster2=0) * P(cluster9=1|cluster6=0) * P(cluster7=0|cluster10=0) * P(cluster10=0|cluster6=0) * P(cluster6=0|cluster2=0) * P(cluster2=0|cluster3=0) * P(cluster3=0|cluster8=0)[0.0131072]=0.0104858
binkey=136 [Edge status: 0 0 0 1 0 0 0 1 ] P(G)=P(cluster8=0)[0.8] * P(cluster1=1|cluster2=0) * P(cluster9=0|cluster6=0) * P(cluster7=1|cluster10=0) * P(cluster10=0|cluster6=0) * P(cluster6=0|cluster2=0) * P(cluster2=0|cluster3=0) * P(cluster3=0|cluster8=0)[0.0131072]=0.0104858
binkey=160 [Edge status: 0 0 0 0 0 1 0 1 ] P(G)=P(cluster8=0)[0.8] * P(cluster1=0|cluster2=0) * P(cluster9=1|cluster6=0) * P(cluster7=1|cluster10=0) * P(cluster10=0|cluster6=0) * P(cluster6=0|cluster2=0) * P(cluster2=0|cluster3=0) * P(cluster3=0|cluster8=0)[0.0131072]=0.0104858
binkey=224 [Edge status: 0 0 0 0 0 1 1 1 ] P(G)=P(cluster8=0)[0.8] * P(cluster1=0|cluster2=0) * P(cluster9=1|cluster6=0) * P(cluster7=1|cluster10=1) * P(cluster10=1|cluster6=0) * P(cluster6=0|cluster2=0) * P(cluster2=0|cluster3=0) * P(cluster3=0|cluster8=0)[0.0131072]=0.0104858
binkey=3 [Edge status: 1 1 0 0 0 0 0 0 ] P(G)=P(cluster8=1)[0.2] * P(cluster1=0|cluster2=0) * P(cluster9=0|cluster6=0) * P(cluster7=0|cluster10=0) * P(cluster10=0|cluster6=0) * P(cluster6=0|cluster2=0) * P(cluster2=0|cluster3=1) * P(cluster3=1|cluster8=1)[0.0524288]=0.0104858
binkey=240 [Edge status: 0 0 0 0 1 1 1 1 ] P(G)=P(cluster8=0)[0.8] * P(cluster1=0|cluster2=0) * P(cluster9=1|cluster6=1) * P(cluster7=1|cluster10=1) * P(cluster10=1|cluster6=1) * P(cluster6=1|cluster2=0) * P(cluster2=0|cluster3=0) * P(cluster3=0|cluster8=0)[0.0524288]=0.041943
binkey=168 [Edge status: 0 0 0 1 0 1 0 1 ] P(G)=P(cluster8=0)[0.8] * P(cluster1=1|cluster2=0) * P(cluster9=1|cluster6=0) * P(cluster7=1|cluster10=0) * P(cluster10=0|cluster6=0) * P(cluster6=0|cluster2=0) * P(cluster2=0|cluster3=0) * P(cluster3=0|cluster8=0)[0.0032768]=0.00262144
binkey=200 [Edge status: 0 0 0 1 0 0 1 1 ] P(G)=P(cluster8=0)[0.8] * P(cluster1=1|cluster2=0) * P(cluster9=0|cluster6=0) * P(cluster7=1|cluster10=1) * P(cluster10=1|cluster6=0) * P(cluster6=0|cluster2=0) * P(cluster2=0|cluster3=0) * P(cluster3=0|cluster8=0)[0.0131072]=0.0104858
binkey=7 [Edge status: 1 1 1 0 0 0 0 0 ] P(G)=P(cluster8=1)[0.2] * P(cluster1=0|cluster2=1) * P(cluster9=0|cluster6=0) * P(cluster7=0|cluster10=0) * P(cluster10=0|cluster6=0) * P(cluster6=0|cluster2=1) * P(cluster2=1|cluster3=1) * P(cluster3=1|cluster8=1)[0.0131072]=0.00262144
binkey=247 [Edge status: 1 1 1 0 1 1 1 1 ] P(G)=P(cluster8=1)[0.2] * P(cluster1=0|cluster2=1) * P(cluster9=1|cluster6=1) * P(cluster7=1|cluster10=1) * P(cluster10=1|cluster6=1) * P(cluster6=1|cluster2=1) * P(cluster2=1|cluster3=1) * P(cluster3=1|cluster8=1)[0.0524288]=0.0104858
binkey=119 [Edge status: 1 1 1 0 1 1 1 0 ] P(G)=P(cluster8=1)[0.2] * P(cluster1=0|cluster2=1) * P(cluster9=1|cluster6=1) * P(cluster7=0|cluster10=1) * P(cluster10=1|cluster6=1) * P(cluster6=1|cluster2=1) * P(cluster2=1|cluster3=1) * P(cluster3=1|cluster8=1)[0.0131072]=0.00262144
binkey=215 [Edge status: 1 1 1 0 1 0 1 1 ] P(G)=P(cluster8=1)[0.2] * P(cluster1=0|cluster2=1) * P(cluster9=0|cluster6=1) * P(cluster7=1|cluster10=1) * P(cluster10=1|cluster6=1) * P(cluster6=1|cluster2=1) * P(cluster2=1|cluster3=1) * P(cluster3=1|cluster8=1)[0.0131072]=0.00262144
binkey=87 [Edge status: 1 1 1 0 1 0 1 0 ] P(G)=P(cluster8=1)[0.2] * P(cluster1=0|cluster2=1) * P(cluster9=0|cluster6=1) * P(cluster7=0|cluster10=1) * P(cluster10=1|cluster6=1) * P(cluster6=1|cluster2=1) * P(cluster2=1|cluster3=1) * P(cluster3=1|cluster8=1)[0.0032768]=0.00065536
binkey=55 [Edge status: 1 1 1 0 1 1 0 0 ] P(G)=P(cluster8=1)[0.2] * P(cluster1=0|cluster2=1) * P(cluster9=1|cluster6=1) * P(cluster7=0|cluster10=0) * P(cluster10=0|cluster6=1) * P(cluster6=1|cluster2=1) * P(cluster2=1|cluster3=1) * P(cluster3=1|cluster8=1)[0.0131072]=0.00262144
binkey=23 [Edge status: 1 1 1 0 1 0 0 0 ] P(G)=P(cluster8=1)[0.2] * P(cluster1=0|cluster2=1) * P(cluster9=0|cluster6=1) * P(cluster7=0|cluster10=0) * P(cluster10=0|cluster6=1) * P(cluster6=1|cluster2=1) * P(cluster2=1|cluster3=1) * P(cluster3=1|cluster8=1)[0.0032768]=0.00065536
binkey=232 [Edge status: 0 0 0 1 0 1 1 1 ] P(G)=P(cluster8=0)[0.8] * P(cluster1=1|cluster2=0) * P(cluster9=1|cluster6=0) * P(cluster7=1|cluster10=1) * P(cluster10=1|cluster6=0) * P(cluster6=0|cluster2=0) * P(cluster2=0|cluster3=0) * P(cluster3=0|cluster8=0)[0.0032768]=0.00262144
binkey=248 [Edge status: 0 0 0 1 1 1 1 1 ] P(G)=P(cluster8=0)[0.8] * P(cluster1=1|cluster2=0) * P(cluster9=1|cluster6=1) * P(cluster7=1|cluster10=1) * P(cluster10=1|cluster6=1) * P(cluster6=1|cluster2=0) * P(cluster2=0|cluster3=0) * P(cluster3=0|cluster8=0)[0.0131072]=0.0104858
binkey=252 [Edge status: 0 0 1 1 1 1 1 1 ] P(G)=P(cluster8=0)[0.8] * P(cluster1=1|cluster2=1) * P(cluster9=1|cluster6=1) * P(cluster7=1|cluster10=1) * P(cluster10=1|cluster6=1) * P(cluster6=1|cluster2=1) * P(cluster2=1|cluster3=0) * P(cluster3=0|cluster8=0)[0.0524288]=0.041943
binkey=15 [Edge status: 1 1 1 1 0 0 0 0 ] P(G)=P(cluster8=1)[0.2] * P(cluster1=1|cluster2=1) * P(cluster9=0|cluster6=0) * P(cluster7=0|cluster10=0) * P(cluster10=0|cluster6=0) * P(cluster6=0|cluster2=1) * P(cluster2=1|cluster3=1) * P(cluster3=1|cluster8=1)[0.0524288]=0.0104858
ITERATION 0 newScore=-2.6978e+06 diffscore=15853.4 priorChange=-110.904 successMove=63
ITERATION 1 newScore=-2.68838e+06 diffscore=9428.1 priorChange=-109.517 successMove=54
ITERATION 2 newScore=-2.68589e+06 diffscore=2487.07 priorChange=-112.29 successMove=51
ITERATION 3 newScore=-2.67522e+06 diffscore=10665.6 priorChange=-123.38 successMove=55
ITERATION 4 newScore=-2.67029e+06 diffscore=4928.61 priorChange=-109.517 successMove=50
ITERATION 5 newScore=-2.66544e+06 diffscore=4850 priorChange=-112.29 successMove=53
ITERATION 6 newScore=-2.65822e+06 diffscore=7220.4 priorChange=-117.835 successMove=50
ITERATION 7 newScore=-2.65549e+06 diffscore=2729.96 priorChange=-105.358 successMove=54
ITERATION 8 newScore=-2.65131e+06 diffscore=4185.04 priorChange=-108.131 successMove=54
ITERATION 9 newScore=-2.6483e+06 diffscore=3008.12 priorChange=-106.745 successMove=50
ITERATION 10 newScore=-2.64423e+06 diffscore=4076.03 priorChange=-102.586 successMove=51
ITERATION 11 newScore=-2.64201e+06 diffscore=2219.27 priorChange=-110.904 successMove=53
ITERATION 12 newScore=-2.63518e+06 diffscore=6822.54 priorChange=-113.676 successMove=51
ITERATION 13 newScore=-2.63361e+06 diffscore=1576.72 priorChange=-121.994 successMove=50
ITERATION 14 newScore=-2.63293e+06 diffscore=679.97 priorChange=-121.994 successMove=51
ITERATION 15 newScore=-2.63088e+06 diffscore=2047.54 priorChange=-109.517 successMove=52
ITERATION 16 newScore=-2.62942e+06 diffscore=1456.92 priorChange=-109.517 successMove=52
ITERATION 17 newScore=-2.62866e+06 diffscore=757.531 priorChange=-110.904 successMove=50
ITERATION 18 newScore=-2.6275e+06 diffscore=1162.49 priorChange=-112.29 successMove=52
ITERATION 19 newScore=-2.6268e+06 diffscore=699.197 priorChange=-121.994 successMove=52
ITERATION 20 newScore=-2.6261e+06 diffscore=702.021 priorChange=-109.517 successMove=50
ITERATION 21 newScore=-2.62307e+06 diffscore=3035.32 priorChange=-108.131 successMove=51
ITERATION 22 newScore=-2.62143e+06 diffscore=1639.05 priorChange=-116.449 successMove=50
ITERATION 23 newScore=-2.61974e+06 diffscore=1690.88 priorChange=-112.29 successMove=50
ITERATION 24 newScore=-2.61754e+06 diffscore=2197.47 priorChange=-110.904 successMove=49
ITERATION 25 newScore=-2.61547e+06 diffscore=2063.53 priorChange=-110.904 successMove=50
ITERATION 26 newScore=-2.61194e+06 diffscore=3537.1 priorChange=-101.199 successMove=48
ITERATION 27 newScore=-2.60793e+06 diffscore=4005.05 priorChange=-105.358 successMove=50
ITERATION 28 newScore=-2.60347e+06 diffscore=4461.59 priorChange=-92.8817 successMove=50
ITERATION 29 newScore=-2.60028e+06 diffscore=3191.39 priorChange=-119.221 successMove=48
ITERATION 30 newScore=-2.59629e+06 diffscore=3991.71 priorChange=-106.745 successMove=48
ITERATION 31 newScore=-2.59516e+06 diffscore=1127.24 priorChange=-108.131 successMove=48
ITERATION 32 newScore=-2.59416e+06 diffscore=996.196 priorChange=-98.4269 successMove=47
ITERATION 33 newScore=-2.59139e+06 diffscore=2778.06 priorChange=-117.835 successMove=47
ITERATION 34 newScore=-2.59098e+06 diffscore=401.357 priorChange=-99.8132 successMove=50
ITERATION 35 newScore=-2.58953e+06 diffscore=1455.1 priorChange=-88.7228 successMove=47
ITERATION 36 newScore=-2.58761e+06 diffscore=1916.05 priorChange=-101.199 successMove=47
ITERATION 37 newScore=-2.58687e+06 diffscore=745.289 priorChange=-92.8817 successMove=47
ITERATION 38 newScore=-2.58543e+06 diffscore=1435.36 priorChange=-95.6543 successMove=44
ITERATION 39 newScore=-2.58431e+06 diffscore=1121.9 priorChange=-92.8817 successMove=45
ITERATION 40 newScore=-2.58275e+06 diffscore=1556.7 priorChange=-106.745 successMove=43
ITERATION 41 newScore=-2.57995e+06 diffscore=2807.63 priorChange=-90.1091 successMove=44
ITERATION 42 newScore=-2.5771e+06 diffscore=2843.86 priorChange=-84.564 successMove=43
ITERATION 43 newScore=-2.57683e+06 diffscore=269.52 priorChange=-83.1777 successMove=42
ITERATION 44 newScore=-2.57644e+06 diffscore=393.987 priorChange=-90.1091 successMove=41
ITERATION 45 newScore=-2.5755e+06 diffscore=939.5 priorChange=-90.1091 successMove=41
ITERATION 46 newScore=-2.57523e+06 diffscore=271.543 priorChange=-85.9503 successMove=40
ITERATION 47 newScore=-2.5749e+06 diffscore=330.457 priorChange=-92.8817 successMove=39
ITERATION 48 newScore=-2.57461e+06 diffscore=292.192 priorChange=-85.9503 successMove=38
ITERATION 49 newScore=-2.57419e+06 diffscore=418.431 priorChange=-88.7228 successMove=38
ITERATION 50 newScore=-2.5739e+06 diffscore=286.366 priorChange=-66.5421 successMove=37
ITERATION 51 newScore=-2.57356e+06 diffscore=345.441 priorChange=-72.0873 successMove=37
ITERATION 52 newScore=-2.57319e+06 diffscore=370.022 priorChange=-87.3365 successMove=36
ITERATION 53 newScore=-2.5709e+06 diffscore=2284.58 priorChange=-74.8599 successMove=36
ITERATION 54 newScore=-2.57064e+06 diffscore=256.063 priorChange=-70.701 successMove=35
ITERATION 55 newScore=-2.56969e+06 diffscore=959.132 priorChange=-73.4736 successMove=34
ITERATION 56 newScore=-2.56946e+06 diffscore=230.744 priorChange=-72.0873 successMove=34
ITERATION 57 newScore=-2.56922e+06 diffscore=239.617 priorChange=-66.5421 successMove=33
ITERATION 58 newScore=-2.56893e+06 diffscore=284.863 priorChange=-72.0873 successMove=33
ITERATION 59 newScore=-2.56627e+06 diffscore=2663.5 priorChange=-66.5421 successMove=32
ITERATION 60 newScore=-2.56613e+06 diffscore=133.314 priorChange=-66.5421 successMove=30
ITERATION 61 newScore=-2.566e+06 diffscore=133.492 priorChange=-59.6107 successMove=30
ITERATION 62 newScore=-2.56587e+06 diffscore=129.187 priorChange=-65.1558 successMove=29
ITERATION 63 newScore=-2.56572e+06 diffscore=148.012 priorChange=-60.997 successMove=28
ITERATION 64 newScore=-2.56557e+06 diffscore=152.726 priorChange=-63.7695 successMove=28
ITERATION 65 newScore=-2.56541e+06 diffscore=160.846 priorChange=-56.8381 successMove=26
ITERATION 66 newScore=-2.56523e+06 diffscore=176.743 priorChange=-52.6792 successMove=25
ITERATION 67 newScore=-2.56506e+06 diffscore=170.81 priorChange=-54.0655 successMove=25
ITERATION 68 newScore=-2.56487e+06 diffscore=189.825 priorChange=-48.5203 successMove=23
ITERATION 69 newScore=-2.56469e+06 diffscore=184.903 priorChange=-44.3614 successMove=23
ITERATION 70 newScore=-2.56343e+06 diffscore=1257.27 priorChange=-47.134 successMove=22
ITERATION 71 newScore=-2.5633e+06 diffscore=129.445 priorChange=-45.7477 successMove=22
ITERATION 72 newScore=-2.56317e+06 diffscore=127.26 priorChange=-34.6574 successMove=20
ITERATION 73 newScore=-2.56293e+06 diffscore=241.093 priorChange=-33.2711 successMove=20
ITERATION 74 newScore=-2.56268e+06 diffscore=251.951 priorChange=-30.4985 successMove=19
ITERATION 75 newScore=-2.56175e+06 diffscore=925.514 priorChange=-33.2711 successMove=19
ITERATION 76 newScore=-2.56142e+06 diffscore=336.718 priorChange=-36.0437 successMove=20
ITERATION 77 newScore=-2.56091e+06 diffscore=504.706 priorChange=-34.6574 successMove=20
ITERATION 78 newScore=-2.55975e+06 diffscore=1160.44 priorChange=-26.3396 successMove=17
ITERATION 79 newScore=-2.55953e+06 diffscore=224.504 priorChange=-26.3396 successMove=17
ITERATION 80 newScore=-2.55847e+06 diffscore=1061.96 priorChange=-34.6574 successMove=17
ITERATION 81 newScore=-2.5584e+06 diffscore=64.1325 priorChange=-18.0218 successMove=13
ITERATION 82 newScore=-2.55834e+06 diffscore=61.7555 priorChange=-29.1122 successMove=12
ITERATION 83 newScore=-2.55825e+06 diffscore=92.3398 priorChange=-26.3396 successMove=11
ITERATION 84 newScore=-2.55705e+06 diffscore=1199.61 priorChange=-19.4081 successMove=11
ITERATION 85 newScore=-2.55698e+06 diffscore=72.3643 priorChange=-22.1807 successMove=11
ITERATION 86 newScore=-2.55693e+06 diffscore=42.1254 priorChange=-18.0218 successMove=11
ITERATION 87 newScore=-2.55688e+06 diffscore=51.9356 priorChange=-27.7259 successMove=11
ITERATION 88 newScore=-2.55683e+06 diffscore=49.1993 priorChange=-15.2492 successMove=10
ITERATION 89 newScore=-2.55678e+06 diffscore=52.5476 priorChange=-20.7944 successMove=9
ITERATION 90 newScore=-2.55674e+06 diffscore=43.8413 priorChange=-13.8629 successMove=8
ITERATION 91 newScore=-2.55668e+06 diffscore=56.9755 priorChange=-11.0904 successMove=7
ITERATION 92 newScore=-2.5566e+06 diffscore=80.1326 priorChange=-15.2492 successMove=7
ITERATION 93 newScore=-2.55647e+06 diffscore=130.772 priorChange=-11.0904 successMove=7
ITERATION 94 newScore=-2.5557e+06 diffscore=773.513 priorChange=-15.2492 successMove=7
ITERATION 95 newScore=-2.55547e+06 diffscore=225.275 priorChange=-16.6355 successMove=7
ITERATION 96 newScore=-2.5554e+06 diffscore=71.5743 priorChange=-12.4766 successMove=7
ITERATION 97 newScore=-2.55515e+06 diffscore=244.551 priorChange=-9.70406 successMove=7
ITERATION 98 newScore=-2.55325e+06 diffscore=1899.6 priorChange=-5.54518 successMove=7
ITERATION 99 newScore=-2.55324e+06 diffscore=19.0059 priorChange=-6.93147 successMove=6
MetaLearner::dumpAllGraphs
Final Score -2.55324e+06
MetaLearner::start runtime: 1224025322 ms
Results/
Results/cluster10/
Results/cluster10/fold0/
Results/cluster10/fold0/modelparams.txt
Results/cluster10/fold0/var_mb_pw_k50.txt
Results/cluster1/
Results/cluster1/fold0/
Results/cluster1/fold0/modelparams.txt
Results/cluster1/fold0/var_mb_pw_k50.txt
Results/cluster6/
Results/cluster6/fold0/
Results/cluster6/fold0/modelparams.txt
Results/cluster6/fold0/var_mb_pw_k50.txt
Results/cluster9/
Results/cluster9/fold0/
Results/cluster9/fold0/modelparams.txt
Results/cluster9/fold0/var_mb_pw_k50.txt
Results/cluster2/
Results/cluster2/fold0/
Results/cluster2/fold0/modelparams.txt
Results/cluster2/fold0/var_mb_pw_k50.txt
Results/cluster7/
Results/cluster7/fold0/
Results/cluster7/fold0/modelparams.txt
Results/cluster7/fold0/var_mb_pw_k50.txt
Results/cluster3/
Results/cluster3/fold0/
Results/cluster3/fold0/modelparams.txt
Results/cluster3/fold0/var_mb_pw_k50.txt
Results/cluster8/
Results/cluster8/scoreFile.txt
Results/cluster8/fold0/
Results/cluster8/fold0/modelparams.txt
Results/cluster8/fold0/var_mb_pw_k50.txt
