./CVN -f config_condor.txt -x50 -v1 -l TFs_OGs.txt -n AllGenes67.txt -d celltype_tree_ancestor.txt -m testdata_ogids.txt -s celltype_order.txt -p 0.2 -c yes -b -4 -q 4
(cluster3|cluster8) p_maintain_edge=0.8 p_gain=0.2
(cluster2|cluster3) p_maintain_edge=0.8 p_gain=0.2
(cluster1|cluster2) p_maintain_edge=0.8 p_gain=0.2
(cluster6|cluster2) p_maintain_edge=0.8 p_gain=0.2
(cluster9|cluster6) p_maintain_edge=0.8 p_gain=0.2
(cluster10|cluster6) p_maintain_edge=0.8 p_gain=0.2
(cluster7|cluster10) p_maintain_edge=0.8 p_gain=0.2
speciesSet.size()=8 Root is cluster8
MappedOrthogroupReader::readSpeciesMapping() --- celltype_order.txt
MappedOrthogroupReader::readFile - testdata_ogids.txt
MappedOrthogroupReader::generateGeneOrthoMap()
MetaLearner::init_onefold() read:config_condor.txt
MetaLearner::setinputVariableNames number of variables: 2046
readEvidenceTable:cluster8.table
PotentialManager::loadEvidenceFromTable varCount=2046 sampleCount=348
motifNetwork.size() = 319
0=cluster8 motifNetwork=cluster8_network.txt
variable size=2046
readEvidenceTable:cluster3.table
PotentialManager::loadEvidenceFromTable varCount=2046 sampleCount=95
motifNetwork.size() = 326
1=cluster3 motifNetwork=cluster3_network.txt
variable size=2046
readEvidenceTable:cluster2.table
PotentialManager::loadEvidenceFromTable varCount=2046 sampleCount=386
motifNetwork.size() = 328
2=cluster2 motifNetwork=cluster2_network.txt
variable size=2046
readEvidenceTable:cluster1.table
PotentialManager::loadEvidenceFromTable varCount=2046 sampleCount=36
motifNetwork.size() = 322
3=cluster1 motifNetwork=cluster1_network.txt
variable size=2046
readEvidenceTable:cluster6.table
PotentialManager::loadEvidenceFromTable varCount=2046 sampleCount=524
motifNetwork.size() = 320
4=cluster6 motifNetwork=cluster6_network.txt
variable size=2046
readEvidenceTable:cluster9.table
PotentialManager::loadEvidenceFromTable varCount=2046 sampleCount=184
motifNetwork.size() = 327
5=cluster9 motifNetwork=cluster9_network.txt
variable size=2046
readEvidenceTable:cluster10.table
PotentialManager::loadEvidenceFromTable varCount=2046 sampleCount=165
motifNetwork.size() = 326
6=cluster10 motifNetwork=cluster10_network.txt
variable size=2046
readEvidenceTable:cluster7.table
PotentialManager::loadEvidenceFromTable varCount=2046 sampleCount=1032
motifNetwork.size() = 320
7=cluster7 motifNetwork=cluster7_network.txt
variable size=2046
-------------------------------------------------------------
MetaLearner::start
precomputeEmptyGraphPrior
binkey=0 [Edge status: 0 0 0 0 0 0 0 0 ] P(G)=P(cluster8=0)[0.8] * P(cluster1=0|cluster2=0) * P(cluster9=0|cluster6=0) * P(cluster7=0|cluster10=0) * P(cluster10=0|cluster6=0) * P(cluster6=0|cluster2=0) * P(cluster2=0|cluster3=0) * P(cluster3=0|cluster8=0)[0.209715]=0.167772
condsetMap_Tree
0 cluster8=0 cluster3=0 cluster2=0 cluster1=0 cluster6=0 cluster9=0 cluster10=0 cluster7=1
1 cluster8=0 cluster3=0 cluster2=0 cluster1=0 cluster6=0 cluster9=1 cluster10=0 cluster7=0
2 cluster8=0 cluster3=0 cluster2=0 cluster1=0 cluster6=0 cluster9=1 cluster10=0 cluster7=1
3 cluster8=0 cluster3=0 cluster2=0 cluster1=1 cluster6=0 cluster9=0 cluster10=0 cluster7=0
4 cluster8=0 cluster3=0 cluster2=0 cluster1=1 cluster6=0 cluster9=0 cluster10=0 cluster7=1
5 cluster8=0 cluster3=0 cluster2=0 cluster1=1 cluster6=0 cluster9=1 cluster10=0 cluster7=0
6 cluster8=0 cluster3=0 cluster2=0 cluster1=1 cluster6=0 cluster9=1 cluster10=0 cluster7=1
7 cluster8=0 cluster3=0 cluster2=0 cluster1=0 cluster6=0 cluster9=0 cluster10=1 cluster7=1
8 cluster8=0 cluster3=0 cluster2=0 cluster1=0 cluster6=0 cluster9=1 cluster10=1 cluster7=1
9 cluster8=0 cluster3=0 cluster2=0 cluster1=1 cluster6=0 cluster9=0 cluster10=1 cluster7=1
10 cluster8=0 cluster3=0 cluster2=0 cluster1=1 cluster6=0 cluster9=1 cluster10=1 cluster7=1
11 cluster8=0 cluster3=0 cluster2=0 cluster1=0 cluster6=1 cluster9=1 cluster10=1 cluster7=1
12 cluster8=0 cluster3=0 cluster2=0 cluster1=1 cluster6=1 cluster9=1 cluster10=1 cluster7=1
13 cluster8=0 cluster3=0 cluster2=1 cluster1=1 cluster6=1 cluster9=1 cluster10=1 cluster7=1
14 cluster8=0 cluster3=1 cluster2=1 cluster1=1 cluster6=1 cluster9=1 cluster10=1 cluster7=1
15 cluster8=1 cluster3=1 cluster2=1 cluster1=1 cluster6=1 cluster9=1 cluster10=1 cluster7=1
16 cluster8=1 cluster3=1 cluster2=1 cluster1=1 cluster6=1 cluster9=1 cluster10=1 cluster7=0
17 cluster8=1 cluster3=1 cluster2=1 cluster1=1 cluster6=1 cluster9=0 cluster10=1 cluster7=1
18 cluster8=1 cluster3=1 cluster2=1 cluster1=1 cluster6=1 cluster9=0 cluster10=1 cluster7=0
19 cluster8=1 cluster3=1 cluster2=1 cluster1=0 cluster6=1 cluster9=1 cluster10=1 cluster7=1
20 cluster8=1 cluster3=1 cluster2=1 cluster1=0 cluster6=1 cluster9=1 cluster10=1 cluster7=0
21 cluster8=1 cluster3=1 cluster2=1 cluster1=0 cluster6=1 cluster9=0 cluster10=1 cluster7=1
22 cluster8=1 cluster3=1 cluster2=1 cluster1=0 cluster6=1 cluster9=0 cluster10=1 cluster7=0
23 cluster8=1 cluster3=1 cluster2=1 cluster1=1 cluster6=1 cluster9=1 cluster10=0 cluster7=0
24 cluster8=1 cluster3=1 cluster2=1 cluster1=1 cluster6=1 cluster9=0 cluster10=0 cluster7=0
25 cluster8=1 cluster3=1 cluster2=1 cluster1=0 cluster6=1 cluster9=1 cluster10=0 cluster7=0
26 cluster8=1 cluster3=1 cluster2=1 cluster1=0 cluster6=1 cluster9=0 cluster10=0 cluster7=0
27 cluster8=1 cluster3=1 cluster2=1 cluster1=1 cluster6=0 cluster9=0 cluster10=0 cluster7=0
28 cluster8=1 cluster3=1 cluster2=1 cluster1=0 cluster6=0 cluster9=0 cluster10=0 cluster7=0
29 cluster8=1 cluster3=1 cluster2=0 cluster1=0 cluster6=0 cluster9=0 cluster10=0 cluster7=0
30 cluster8=1 cluster3=0 cluster2=0 cluster1=0 cluster6=0 cluster9=0 cluster10=0 cluster7=0
31 cluster8=0 cluster3=0 cluster2=0 cluster1=0 cluster6=1 cluster9=0 cluster10=0 cluster7=0
32 cluster8=0 cluster3=0 cluster2=1 cluster1=0 cluster6=0 cluster9=0 cluster10=0 cluster7=0
33 cluster8=0 cluster3=0 cluster2=0 cluster1=0 cluster6=0 cluster9=0 cluster10=1 cluster7=0
34 cluster8=0 cluster3=1 cluster2=0 cluster1=0 cluster6=0 cluster9=0 cluster10=0 cluster7=0
inputRegulatorOGs.size() = 1999 inputOGList.size() = 50
binkey=32 [Edge status: 0 0 0 0 0 1 0 0 ] P(G)=P(cluster8=0)[0.8] * P(cluster1=0|cluster2=0) * P(cluster9=1|cluster6=0) * P(cluster7=0|cluster10=0) * P(cluster10=0|cluster6=0) * P(cluster6=0|cluster2=0) * P(cluster2=0|cluster3=0) * P(cluster3=0|cluster8=0)[0.0524288]=0.041943
binkey=2 [Edge status: 0 1 0 0 0 0 0 0 ] P(G)=P(cluster8=0)[0.8] * P(cluster1=0|cluster2=0) * P(cluster9=0|cluster6=0) * P(cluster7=0|cluster10=0) * P(cluster10=0|cluster6=0) * P(cluster6=0|cluster2=0) * P(cluster2=0|cluster3=1) * P(cluster3=1|cluster8=0)[0.0131072]=0.0104858
binkey=8 [Edge status: 0 0 0 1 0 0 0 0 ] P(G)=P(cluster8=0)[0.8] * P(cluster1=1|cluster2=0) * P(cluster9=0|cluster6=0) * P(cluster7=0|cluster10=0) * P(cluster10=0|cluster6=0) * P(cluster6=0|cluster2=0) * P(cluster2=0|cluster3=0) * P(cluster3=0|cluster8=0)[0.0524288]=0.041943
binkey=4 [Edge status: 0 0 1 0 0 0 0 0 ] P(G)=P(cluster8=0)[0.8] * P(cluster1=0|cluster2=1) * P(cluster9=0|cluster6=0) * P(cluster7=0|cluster10=0) * P(cluster10=0|cluster6=0) * P(cluster6=0|cluster2=1) * P(cluster2=1|cluster3=0) * P(cluster3=0|cluster8=0)[0.0032768]=0.00262144
binkey=1 [Edge status: 1 0 0 0 0 0 0 0 ] P(G)=P(cluster8=1)[0.2] * P(cluster1=0|cluster2=0) * P(cluster9=0|cluster6=0) * P(cluster7=0|cluster10=0) * P(cluster10=0|cluster6=0) * P(cluster6=0|cluster2=0) * P(cluster2=0|cluster3=0) * P(cluster3=0|cluster8=1)[0.0524288]=0.0104858
binkey=16 [Edge status: 0 0 0 0 1 0 0 0 ] P(G)=P(cluster8=0)[0.8] * P(cluster1=0|cluster2=0) * P(cluster9=0|cluster6=1) * P(cluster7=0|cluster10=0) * P(cluster10=0|cluster6=1) * P(cluster6=1|cluster2=0) * P(cluster2=0|cluster3=0) * P(cluster3=0|cluster8=0)[0.0032768]=0.00262144
binkey=128 [Edge status: 0 0 0 0 0 0 0 1 ] P(G)=P(cluster8=0)[0.8] * P(cluster1=0|cluster2=0) * P(cluster9=0|cluster6=0) * P(cluster7=1|cluster10=0) * P(cluster10=0|cluster6=0) * P(cluster6=0|cluster2=0) * P(cluster2=0|cluster3=0) * P(cluster3=0|cluster8=0)[0.0524288]=0.041943
binkey=136 [Edge status: 0 0 0 1 0 0 0 1 ] P(G)=P(cluster8=0)[0.8] * P(cluster1=1|cluster2=0) * P(cluster9=0|cluster6=0) * P(cluster7=1|cluster10=0) * P(cluster10=0|cluster6=0) * P(cluster6=0|cluster2=0) * P(cluster2=0|cluster3=0) * P(cluster3=0|cluster8=0)[0.0131072]=0.0104858
binkey=7 [Edge status: 1 1 1 0 0 0 0 0 ] P(G)=P(cluster8=1)[0.2] * P(cluster1=0|cluster2=1) * P(cluster9=0|cluster6=0) * P(cluster7=0|cluster10=0) * P(cluster10=0|cluster6=0) * P(cluster6=0|cluster2=1) * P(cluster2=1|cluster3=1) * P(cluster3=1|cluster8=1)[0.0131072]=0.00262144
binkey=3 [Edge status: 1 1 0 0 0 0 0 0 ] P(G)=P(cluster8=1)[0.2] * P(cluster1=0|cluster2=0) * P(cluster9=0|cluster6=0) * P(cluster7=0|cluster10=0) * P(cluster10=0|cluster6=0) * P(cluster6=0|cluster2=0) * P(cluster2=0|cluster3=1) * P(cluster3=1|cluster8=1)[0.0524288]=0.0104858
binkey=40 [Edge status: 0 0 0 1 0 1 0 0 ] P(G)=P(cluster8=0)[0.8] * P(cluster1=1|cluster2=0) * P(cluster9=1|cluster6=0) * P(cluster7=0|cluster10=0) * P(cluster10=0|cluster6=0) * P(cluster6=0|cluster2=0) * P(cluster2=0|cluster3=0) * P(cluster3=0|cluster8=0)[0.0131072]=0.0104858
binkey=160 [Edge status: 0 0 0 0 0 1 0 1 ] P(G)=P(cluster8=0)[0.8] * P(cluster1=0|cluster2=0) * P(cluster9=1|cluster6=0) * P(cluster7=1|cluster10=0) * P(cluster10=0|cluster6=0) * P(cluster6=0|cluster2=0) * P(cluster2=0|cluster3=0) * P(cluster3=0|cluster8=0)[0.0131072]=0.0104858
binkey=64 [Edge status: 0 0 0 0 0 0 1 0 ] P(G)=P(cluster8=0)[0.8] * P(cluster1=0|cluster2=0) * P(cluster9=0|cluster6=0) * P(cluster7=0|cluster10=1) * P(cluster10=1|cluster6=0) * P(cluster6=0|cluster2=0) * P(cluster2=0|cluster3=0) * P(cluster3=0|cluster8=0)[0.0131072]=0.0104858
binkey=192 [Edge status: 0 0 0 0 0 0 1 1 ] P(G)=P(cluster8=0)[0.8] * P(cluster1=0|cluster2=0) * P(cluster9=0|cluster6=0) * P(cluster7=1|cluster10=1) * P(cluster10=1|cluster6=0) * P(cluster6=0|cluster2=0) * P(cluster2=0|cluster3=0) * P(cluster3=0|cluster8=0)[0.0524288]=0.041943
binkey=168 [Edge status: 0 0 0 1 0 1 0 1 ] P(G)=P(cluster8=0)[0.8] * P(cluster1=1|cluster2=0) * P(cluster9=1|cluster6=0) * P(cluster7=1|cluster10=0) * P(cluster10=0|cluster6=0) * P(cluster6=0|cluster2=0) * P(cluster2=0|cluster3=0) * P(cluster3=0|cluster8=0)[0.0032768]=0.00262144
binkey=224 [Edge status: 0 0 0 0 0 1 1 1 ] P(G)=P(cluster8=0)[0.8] * P(cluster1=0|cluster2=0) * P(cluster9=1|cluster6=0) * P(cluster7=1|cluster10=1) * P(cluster10=1|cluster6=0) * P(cluster6=0|cluster2=0) * P(cluster2=0|cluster3=0) * P(cluster3=0|cluster8=0)[0.0131072]=0.0104858
binkey=200 [Edge status: 0 0 0 1 0 0 1 1 ] P(G)=P(cluster8=0)[0.8] * P(cluster1=1|cluster2=0) * P(cluster9=0|cluster6=0) * P(cluster7=1|cluster10=1) * P(cluster10=1|cluster6=0) * P(cluster6=0|cluster2=0) * P(cluster2=0|cluster3=0) * P(cluster3=0|cluster8=0)[0.0131072]=0.0104858
binkey=232 [Edge status: 0 0 0 1 0 1 1 1 ] P(G)=P(cluster8=0)[0.8] * P(cluster1=1|cluster2=0) * P(cluster9=1|cluster6=0) * P(cluster7=1|cluster10=1) * P(cluster10=1|cluster6=0) * P(cluster6=0|cluster2=0) * P(cluster2=0|cluster3=0) * P(cluster3=0|cluster8=0)[0.0032768]=0.00262144
binkey=240 [Edge status: 0 0 0 0 1 1 1 1 ] P(G)=P(cluster8=0)[0.8] * P(cluster1=0|cluster2=0) * P(cluster9=1|cluster6=1) * P(cluster7=1|cluster10=1) * P(cluster10=1|cluster6=1) * P(cluster6=1|cluster2=0) * P(cluster2=0|cluster3=0) * P(cluster3=0|cluster8=0)[0.0524288]=0.041943
binkey=248 [Edge status: 0 0 0 1 1 1 1 1 ] P(G)=P(cluster8=0)[0.8] * P(cluster1=1|cluster2=0) * P(cluster9=1|cluster6=1) * P(cluster7=1|cluster10=1) * P(cluster10=1|cluster6=1) * P(cluster6=1|cluster2=0) * P(cluster2=0|cluster3=0) * P(cluster3=0|cluster8=0)[0.0131072]=0.0104858
binkey=252 [Edge status: 0 0 1 1 1 1 1 1 ] P(G)=P(cluster8=0)[0.8] * P(cluster1=1|cluster2=1) * P(cluster9=1|cluster6=1) * P(cluster7=1|cluster10=1) * P(cluster10=1|cluster6=1) * P(cluster6=1|cluster2=1) * P(cluster2=1|cluster3=0) * P(cluster3=0|cluster8=0)[0.0524288]=0.041943
binkey=254 [Edge status: 0 1 1 1 1 1 1 1 ] P(G)=P(cluster8=0)[0.8] * P(cluster1=1|cluster2=1) * P(cluster9=1|cluster6=1) * P(cluster7=1|cluster10=1) * P(cluster10=1|cluster6=1) * P(cluster6=1|cluster2=1) * P(cluster2=1|cluster3=1) * P(cluster3=1|cluster8=0)[0.0524288]=0.041943
binkey=255 [Edge status: 1 1 1 1 1 1 1 1 ] P(G)=P(cluster8=1)[0.2] * P(cluster1=1|cluster2=1) * P(cluster9=1|cluster6=1) * P(cluster7=1|cluster10=1) * P(cluster10=1|cluster6=1) * P(cluster6=1|cluster2=1) * P(cluster2=1|cluster3=1) * P(cluster3=1|cluster8=1)[0.209715]=0.041943
binkey=127 [Edge status: 1 1 1 1 1 1 1 0 ] P(G)=P(cluster8=1)[0.2] * P(cluster1=1|cluster2=1) * P(cluster9=1|cluster6=1) * P(cluster7=0|cluster10=1) * P(cluster10=1|cluster6=1) * P(cluster6=1|cluster2=1) * P(cluster2=1|cluster3=1) * P(cluster3=1|cluster8=1)[0.0524288]=0.0104858
binkey=223 [Edge status: 1 1 1 1 1 0 1 1 ] P(G)=P(cluster8=1)[0.2] * P(cluster1=1|cluster2=1) * P(cluster9=0|cluster6=1) * P(cluster7=1|cluster10=1) * P(cluster10=1|cluster6=1) * P(cluster6=1|cluster2=1) * P(cluster2=1|cluster3=1) * P(cluster3=1|cluster8=1)[0.0524288]=0.0104858
binkey=95 [Edge status: 1 1 1 1 1 0 1 0 ] P(G)=P(cluster8=1)[0.2] * P(cluster1=1|cluster2=1) * P(cluster9=0|cluster6=1) * P(cluster7=0|cluster10=1) * P(cluster10=1|cluster6=1) * P(cluster6=1|cluster2=1) * P(cluster2=1|cluster3=1) * P(cluster3=1|cluster8=1)[0.0131072]=0.00262144
binkey=247 [Edge status: 1 1 1 0 1 1 1 1 ] P(G)=P(cluster8=1)[0.2] * P(cluster1=0|cluster2=1) * P(cluster9=1|cluster6=1) * P(cluster7=1|cluster10=1) * P(cluster10=1|cluster6=1) * P(cluster6=1|cluster2=1) * P(cluster2=1|cluster3=1) * P(cluster3=1|cluster8=1)[0.0524288]=0.0104858
binkey=119 [Edge status: 1 1 1 0 1 1 1 0 ] P(G)=P(cluster8=1)[0.2] * P(cluster1=0|cluster2=1) * P(cluster9=1|cluster6=1) * P(cluster7=0|cluster10=1) * P(cluster10=1|cluster6=1) * P(cluster6=1|cluster2=1) * P(cluster2=1|cluster3=1) * P(cluster3=1|cluster8=1)[0.0131072]=0.00262144
binkey=215 [Edge status: 1 1 1 0 1 0 1 1 ] P(G)=P(cluster8=1)[0.2] * P(cluster1=0|cluster2=1) * P(cluster9=0|cluster6=1) * P(cluster7=1|cluster10=1) * P(cluster10=1|cluster6=1) * P(cluster6=1|cluster2=1) * P(cluster2=1|cluster3=1) * P(cluster3=1|cluster8=1)[0.0131072]=0.00262144
binkey=87 [Edge status: 1 1 1 0 1 0 1 0 ] P(G)=P(cluster8=1)[0.2] * P(cluster1=0|cluster2=1) * P(cluster9=0|cluster6=1) * P(cluster7=0|cluster10=1) * P(cluster10=1|cluster6=1) * P(cluster6=1|cluster2=1) * P(cluster2=1|cluster3=1) * P(cluster3=1|cluster8=1)[0.0032768]=0.00065536
binkey=63 [Edge status: 1 1 1 1 1 1 0 0 ] P(G)=P(cluster8=1)[0.2] * P(cluster1=1|cluster2=1) * P(cluster9=1|cluster6=1) * P(cluster7=0|cluster10=0) * P(cluster10=0|cluster6=1) * P(cluster6=1|cluster2=1) * P(cluster2=1|cluster3=1) * P(cluster3=1|cluster8=1)[0.0524288]=0.0104858
binkey=31 [Edge status: 1 1 1 1 1 0 0 0 ] P(G)=P(cluster8=1)[0.2] * P(cluster1=1|cluster2=1) * P(cluster9=0|cluster6=1) * P(cluster7=0|cluster10=0) * P(cluster10=0|cluster6=1) * P(cluster6=1|cluster2=1) * P(cluster2=1|cluster3=1) * P(cluster3=1|cluster8=1)[0.0131072]=0.00262144
binkey=55 [Edge status: 1 1 1 0 1 1 0 0 ] P(G)=P(cluster8=1)[0.2] * P(cluster1=0|cluster2=1) * P(cluster9=1|cluster6=1) * P(cluster7=0|cluster10=0) * P(cluster10=0|cluster6=1) * P(cluster6=1|cluster2=1) * P(cluster2=1|cluster3=1) * P(cluster3=1|cluster8=1)[0.0131072]=0.00262144
binkey=23 [Edge status: 1 1 1 0 1 0 0 0 ] P(G)=P(cluster8=1)[0.2] * P(cluster1=0|cluster2=1) * P(cluster9=0|cluster6=1) * P(cluster7=0|cluster10=0) * P(cluster10=0|cluster6=1) * P(cluster6=1|cluster2=1) * P(cluster2=1|cluster3=1) * P(cluster3=1|cluster8=1)[0.0032768]=0.00065536
binkey=15 [Edge status: 1 1 1 1 0 0 0 0 ] P(G)=P(cluster8=1)[0.2] * P(cluster1=1|cluster2=1) * P(cluster9=0|cluster6=0) * P(cluster7=0|cluster10=0) * P(cluster10=0|cluster6=0) * P(cluster6=0|cluster2=1) * P(cluster2=1|cluster3=1) * P(cluster3=1|cluster8=1)[0.0524288]=0.0104858
ITERATION 0 newScore=-2.74114e+06 diffscore=21369.4 priorChange=-109.517 successMove=52
ITERATION 1 newScore=-2.73004e+06 diffscore=11102.3 priorChange=-126.153 successMove=53
ITERATION 2 newScore=-2.72015e+06 diffscore=9882.36 priorChange=-124.766 successMove=52
ITERATION 3 newScore=-2.71565e+06 diffscore=4503.91 priorChange=-126.153 successMove=52
ITERATION 4 newScore=-2.70894e+06 diffscore=6709.7 priorChange=-117.835 successMove=51
ITERATION 5 newScore=-2.70497e+06 diffscore=3967.24 priorChange=-133.084 successMove=54
ITERATION 6 newScore=-2.70104e+06 diffscore=3929.27 priorChange=-123.38 successMove=51
ITERATION 7 newScore=-2.69659e+06 diffscore=4456.74 priorChange=-115.062 successMove=52
ITERATION 8 newScore=-2.69121e+06 diffscore=5380.32 priorChange=-106.745 successMove=55
ITERATION 9 newScore=-2.68963e+06 diffscore=1581.17 priorChange=-99.8132 successMove=59
ITERATION 10 newScore=-2.68325e+06 diffscore=6380.56 priorChange=-92.8817 successMove=53
ITERATION 11 newScore=-2.67902e+06 diffscore=4225.94 priorChange=-106.745 successMove=51
ITERATION 12 newScore=-2.676e+06 diffscore=3020.73 priorChange=-116.449 successMove=52
ITERATION 13 newScore=-2.67004e+06 diffscore=5954.27 priorChange=-95.6543 successMove=51
ITERATION 14 newScore=-2.66694e+06 diffscore=3101.89 priorChange=-124.766 successMove=51
ITERATION 15 newScore=-2.66383e+06 diffscore=3108.93 priorChange=-112.29 successMove=51
ITERATION 16 newScore=-2.66176e+06 diffscore=2075.26 priorChange=-106.745 successMove=52
ITERATION 17 newScore=-2.65981e+06 diffscore=1949.05 priorChange=-112.29 successMove=54
ITERATION 18 newScore=-2.65549e+06 diffscore=4319.28 priorChange=-109.517 successMove=51
ITERATION 19 newScore=-2.65019e+06 diffscore=5298.6 priorChange=-119.221 successMove=50
ITERATION 20 newScore=-2.64784e+06 diffscore=2348.08 priorChange=-119.221 successMove=52
ITERATION 21 newScore=-2.64698e+06 diffscore=868.465 priorChange=-127.539 successMove=50
ITERATION 22 newScore=-2.6435e+06 diffscore=3475.69 priorChange=-127.539 successMove=51
ITERATION 23 newScore=-2.64187e+06 diffscore=1629.25 priorChange=-121.994 successMove=49
ITERATION 24 newScore=-2.64106e+06 diffscore=810.212 priorChange=-110.904 successMove=49
ITERATION 25 newScore=-2.63944e+06 diffscore=1619.05 priorChange=-133.084 successMove=50
ITERATION 26 newScore=-2.63897e+06 diffscore=466.46 priorChange=-113.676 successMove=49
ITERATION 27 newScore=-2.63761e+06 diffscore=1365.58 priorChange=-131.698 successMove=49
ITERATION 28 newScore=-2.63643e+06 diffscore=1175.15 priorChange=-131.698 successMove=47
ITERATION 29 newScore=-2.63603e+06 diffscore=399.802 priorChange=-95.6543 successMove=51
ITERATION 30 newScore=-2.63441e+06 diffscore=1620.2 priorChange=-120.608 successMove=49
ITERATION 31 newScore=-2.63409e+06 diffscore=323.142 priorChange=-115.062 successMove=48
ITERATION 32 newScore=-2.63365e+06 diffscore=441.588 priorChange=-105.358 successMove=49
ITERATION 33 newScore=-2.63201e+06 diffscore=1643.73 priorChange=-119.221 successMove=49
ITERATION 34 newScore=-2.63063e+06 diffscore=1378.64 priorChange=-106.745 successMove=48
ITERATION 35 newScore=-2.63027e+06 diffscore=361.337 priorChange=-120.608 successMove=47
ITERATION 36 newScore=-2.62884e+06 diffscore=1423.3 priorChange=-109.517 successMove=48
ITERATION 37 newScore=-2.62854e+06 diffscore=305.929 priorChange=-97.0406 successMove=47
ITERATION 38 newScore=-2.62747e+06 diffscore=1062 priorChange=-98.4269 successMove=48
ITERATION 39 newScore=-2.62593e+06 diffscore=1547.62 priorChange=-94.268 successMove=49
ITERATION 40 newScore=-2.62529e+06 diffscore=636.173 priorChange=-110.904 successMove=47
ITERATION 41 newScore=-2.62385e+06 diffscore=1438.74 priorChange=-109.517 successMove=47
ITERATION 42 newScore=-2.62275e+06 diffscore=1106.01 priorChange=-97.0406 successMove=46
ITERATION 43 newScore=-2.62131e+06 diffscore=1439.38 priorChange=-101.199 successMove=45
ITERATION 44 newScore=-2.62105e+06 diffscore=255.251 priorChange=-94.268 successMove=44
ITERATION 45 newScore=-2.62079e+06 diffscore=264.435 priorChange=-102.586 successMove=45
ITERATION 46 newScore=-2.62053e+06 diffscore=257.814 priorChange=-88.7228 successMove=44
ITERATION 47 newScore=-2.62013e+06 diffscore=403.252 priorChange=-95.6543 successMove=43
ITERATION 48 newScore=-2.61982e+06 diffscore=303.221 priorChange=-88.7228 successMove=43
ITERATION 49 newScore=-2.61949e+06 diffscore=330.734 priorChange=-88.7228 successMove=43
ITERATION 50 newScore=-2.61799e+06 diffscore=1501.56 priorChange=-97.0406 successMove=44
ITERATION 51 newScore=-2.6166e+06 diffscore=1388.29 priorChange=-103.972 successMove=43
ITERATION 52 newScore=-2.61619e+06 diffscore=408.925 priorChange=-99.8132 successMove=43
ITERATION 53 newScore=-2.61593e+06 diffscore=259.545 priorChange=-97.0406 successMove=43
ITERATION 54 newScore=-2.61445e+06 diffscore=1482.79 priorChange=-91.4954 successMove=42
ITERATION 55 newScore=-2.61416e+06 diffscore=292.202 priorChange=-80.4051 successMove=41
ITERATION 56 newScore=-2.61272e+06 diffscore=1438.39 priorChange=-87.3365 successMove=40
ITERATION 57 newScore=-2.61147e+06 diffscore=1247.18 priorChange=-88.7228 successMove=39
ITERATION 58 newScore=-2.61094e+06 diffscore=535.652 priorChange=-80.4051 successMove=37
ITERATION 59 newScore=-2.60967e+06 diffscore=1269.49 priorChange=-77.6325 successMove=36
ITERATION 60 newScore=-2.60939e+06 diffscore=277.645 priorChange=-74.8599 successMove=36
ITERATION 61 newScore=-2.60909e+06 diffscore=304.582 priorChange=-77.6325 successMove=34
ITERATION 62 newScore=-2.60619e+06 diffscore=2896.2 priorChange=-77.6325 successMove=32
ITERATION 63 newScore=-2.606e+06 diffscore=191.921 priorChange=-73.4736 successMove=32
ITERATION 64 newScore=-2.6058e+06 diffscore=194.444 priorChange=-59.6107 successMove=29
ITERATION 65 newScore=-2.60461e+06 diffscore=1196.54 priorChange=-54.0655 successMove=28
ITERATION 66 newScore=-2.60447e+06 diffscore=132.797 priorChange=-65.1558 successMove=26
ITERATION 67 newScore=-2.60434e+06 diffscore=131.504 priorChange=-63.7695 successMove=25
ITERATION 68 newScore=-2.60423e+06 diffscore=116.345 priorChange=-51.2929 successMove=24
ITERATION 69 newScore=-2.60411e+06 diffscore=118.322 priorChange=-47.134 successMove=25
ITERATION 70 newScore=-2.60396e+06 diffscore=142.657 priorChange=-54.0655 successMove=24
ITERATION 71 newScore=-2.60383e+06 diffscore=134.079 priorChange=-52.6792 successMove=24
ITERATION 72 newScore=-2.6037e+06 diffscore=131.907 priorChange=-51.2929 successMove=22
ITERATION 73 newScore=-2.60358e+06 diffscore=113.705 priorChange=-49.9066 successMove=22
ITERATION 74 newScore=-2.60347e+06 diffscore=116.443 priorChange=-47.134 successMove=22
ITERATION 75 newScore=-2.60331e+06 diffscore=159.556 priorChange=-37.4299 successMove=22
ITERATION 76 newScore=-2.60317e+06 diffscore=137.13 priorChange=-40.2025 successMove=20
ITERATION 77 newScore=-2.60298e+06 diffscore=187.385 priorChange=-41.5888 successMove=20
ITERATION 78 newScore=-2.60272e+06 diffscore=266.067 priorChange=-34.6574 successMove=20
ITERATION 79 newScore=-2.60165e+06 diffscore=1064.9 priorChange=-41.5888 successMove=19
ITERATION 80 newScore=-2.60087e+06 diffscore=788.021 priorChange=-42.9751 successMove=18
ITERATION 81 newScore=-2.60073e+06 diffscore=138.509 priorChange=-37.4299 successMove=19
ITERATION 82 newScore=-2.60053e+06 diffscore=197.521 priorChange=-44.3614 successMove=18
ITERATION 83 newScore=-2.59975e+06 diffscore=781.912 priorChange=-34.6574 successMove=15
ITERATION 84 newScore=-2.59963e+06 diffscore=121.088 priorChange=-36.0437 successMove=14
ITERATION 85 newScore=-2.5994e+06 diffscore=222.895 priorChange=-33.2711 successMove=15
ITERATION 86 newScore=-2.59865e+06 diffscore=748.653 priorChange=-31.8848 successMove=15
ITERATION 87 newScore=-2.59861e+06 diffscore=48.7135 priorChange=-27.7259 successMove=14
ITERATION 88 newScore=-2.59856e+06 diffscore=41.1099 priorChange=-23.567 successMove=13
ITERATION 89 newScore=-2.59852e+06 diffscore=40.631 priorChange=-26.3396 successMove=12
ITERATION 90 newScore=-2.59849e+06 diffscore=31.4627 priorChange=-16.6355 successMove=12
ITERATION 91 newScore=-2.59845e+06 diffscore=45.1734 priorChange=-20.7944 successMove=12
ITERATION 92 newScore=-2.59839e+06 diffscore=55.5872 priorChange=-30.4985 successMove=12
ITERATION 93 newScore=-2.59833e+06 diffscore=58.0237 priorChange=-18.0218 successMove=11
ITERATION 94 newScore=-2.59827e+06 diffscore=59.9566 priorChange=-26.3396 successMove=11
ITERATION 95 newScore=-2.59822e+06 diffscore=55.1186 priorChange=-24.9533 successMove=11
ITERATION 96 newScore=-2.59817e+06 diffscore=48.6265 priorChange=-20.7944 successMove=11
ITERATION 97 newScore=-2.59809e+06 diffscore=84.0952 priorChange=-20.7944 successMove=12
ITERATION 98 newScore=-2.59801e+06 diffscore=72.7293 priorChange=-23.567 successMove=11
ITERATION 99 newScore=-2.59787e+06 diffscore=138.661 priorChange=-22.1807 successMove=10
MetaLearner::dumpAllGraphs
Final Score -2.59787e+06
MetaLearner::start runtime: 1528515799 ms
Results/
Results/cluster6/
Results/cluster6/fold0/
Results/cluster6/fold0/var_mb_pw_k50.txt
Results/cluster6/fold0/modelparams.txt
Results/cluster1/
Results/cluster1/fold0/
Results/cluster1/fold0/var_mb_pw_k50.txt
Results/cluster1/fold0/modelparams.txt
Results/cluster10/
Results/cluster10/fold0/
Results/cluster10/fold0/var_mb_pw_k50.txt
Results/cluster10/fold0/modelparams.txt
Results/cluster8/
Results/cluster8/scoreFile.txt
Results/cluster8/fold0/
Results/cluster8/fold0/var_mb_pw_k50.txt
Results/cluster8/fold0/modelparams.txt
Results/cluster2/
Results/cluster2/fold0/
Results/cluster2/fold0/var_mb_pw_k50.txt
Results/cluster2/fold0/modelparams.txt
Results/cluster3/
Results/cluster3/fold0/
Results/cluster3/fold0/var_mb_pw_k50.txt
Results/cluster3/fold0/modelparams.txt
Results/cluster7/
Results/cluster7/fold0/
Results/cluster7/fold0/var_mb_pw_k50.txt
Results/cluster7/fold0/modelparams.txt
Results/cluster9/
Results/cluster9/fold0/
Results/cluster9/fold0/var_mb_pw_k50.txt
Results/cluster9/fold0/modelparams.txt
