000 (49777.336.000) 10/11 10:48:08 Job submitted from host: <144.92.142.142:9618?addrs=144.92.142.142-9618&noUDP&sock=44923_051a_3>
...
001 (49777.336.000) 10/11 13:17:31 Job executing on host: <128.105.68.47:9618?addrs=128.105.68.47-9618&alias=e2477.chtc.wisc.edu&noUDP&sock=startd_4901_41bf>
...
006 (49777.336.000) 10/11 13:17:40 Image size of job updated: 105588
	104  -  MemoryUsage of job (MB)
	105588  -  ResidentSetSize of job (KB)
...
006 (49777.336.000) 10/11 13:22:41 Image size of job updated: 722964
	656  -  MemoryUsage of job (MB)
	671416  -  ResidentSetSize of job (KB)
...
006 (49777.336.000) 10/11 13:27:42 Image size of job updated: 1040528
	969  -  MemoryUsage of job (MB)
	991912  -  ResidentSetSize of job (KB)
...
006 (49777.336.000) 10/11 13:32:42 Image size of job updated: 1401000
	1328  -  MemoryUsage of job (MB)
	1359136  -  ResidentSetSize of job (KB)
...
006 (49777.336.000) 10/11 13:37:42 Image size of job updated: 1741288
	1651  -  MemoryUsage of job (MB)
	1689796  -  ResidentSetSize of job (KB)
...
006 (49777.336.000) 10/11 13:42:43 Image size of job updated: 2067816
	1969  -  MemoryUsage of job (MB)
	2015968  -  ResidentSetSize of job (KB)
...
006 (49777.336.000) 10/11 13:46:44 Image size of job updated: 2331632
	1969  -  MemoryUsage of job (MB)
	2015968  -  ResidentSetSize of job (KB)
...
005 (49777.336.000) 10/11 13:46:44 Job terminated.
	(1) Normal termination (return value 0)
		Usr 0 00:28:58, Sys 0 00:00:07  -  Run Remote Usage
		Usr 0 00:00:00, Sys 0 00:00:00  -  Run Local Usage
		Usr 0 00:28:58, Sys 0 00:00:07  -  Total Remote Usage
		Usr 0 00:00:00, Sys 0 00:00:00  -  Total Local Usage
	177101  -  Run Bytes Sent By Job
	316905856  -  Run Bytes Received By Job
	177101  -  Total Bytes Sent By Job
	316905856  -  Total Bytes Received By Job
	Partitionable Resources :     Usage  Request Allocated 
	   Cpus                 :      1.00        1         1 
	   Disk (KB)            : 325000      819200   1701260 
	   Memory (MB)          :   1969       20480     20480 
...
