./CVN -f config_condor.txt -x50 -v1 -l TFs_OGs.txt -n AllGenes130.txt -d celltype_tree_ancestor.txt -m testdata_ogids.txt -s celltype_order.txt -p 0.2 -c yes -b -4 -q 4
(cluster3|cluster8) p_maintain_edge=0.8 p_gain=0.2
(cluster2|cluster3) p_maintain_edge=0.8 p_gain=0.2
(cluster1|cluster2) p_maintain_edge=0.8 p_gain=0.2
(cluster6|cluster2) p_maintain_edge=0.8 p_gain=0.2
(cluster9|cluster6) p_maintain_edge=0.8 p_gain=0.2
(cluster10|cluster6) p_maintain_edge=0.8 p_gain=0.2
(cluster7|cluster10) p_maintain_edge=0.8 p_gain=0.2
speciesSet.size()=8 Root is cluster8
MappedOrthogroupReader::readSpeciesMapping() --- celltype_order.txt
MappedOrthogroupReader::readFile - testdata_ogids.txt
MappedOrthogroupReader::generateGeneOrthoMap()
MetaLearner::init_onefold() read:config_condor.txt
MetaLearner::setinputVariableNames number of variables: 2041
readEvidenceTable:cluster8.table
PotentialManager::loadEvidenceFromTable varCount=2041 sampleCount=348
motifNetwork.size() = 319
0=cluster8 motifNetwork=cluster8_network.txt
variable size=2041
readEvidenceTable:cluster3.table
PotentialManager::loadEvidenceFromTable varCount=2041 sampleCount=95
motifNetwork.size() = 326
1=cluster3 motifNetwork=cluster3_network.txt
variable size=2041
readEvidenceTable:cluster2.table
PotentialManager::loadEvidenceFromTable varCount=2041 sampleCount=386
motifNetwork.size() = 328
2=cluster2 motifNetwork=cluster2_network.txt
variable size=2041
readEvidenceTable:cluster1.table
PotentialManager::loadEvidenceFromTable varCount=2041 sampleCount=36
motifNetwork.size() = 322
3=cluster1 motifNetwork=cluster1_network.txt
variable size=2041
readEvidenceTable:cluster6.table
PotentialManager::loadEvidenceFromTable varCount=2041 sampleCount=524
motifNetwork.size() = 320
4=cluster6 motifNetwork=cluster6_network.txt
variable size=2041
readEvidenceTable:cluster9.table
PotentialManager::loadEvidenceFromTable varCount=2041 sampleCount=184
motifNetwork.size() = 327
5=cluster9 motifNetwork=cluster9_network.txt
variable size=2041
readEvidenceTable:cluster10.table
PotentialManager::loadEvidenceFromTable varCount=2041 sampleCount=165
motifNetwork.size() = 326
6=cluster10 motifNetwork=cluster10_network.txt
variable size=2041
readEvidenceTable:cluster7.table
PotentialManager::loadEvidenceFromTable varCount=2041 sampleCount=1032
motifNetwork.size() = 320
7=cluster7 motifNetwork=cluster7_network.txt
variable size=2041
-------------------------------------------------------------
MetaLearner::start
precomputeEmptyGraphPrior
binkey=0 [Edge status: 0 0 0 0 0 0 0 0 ] P(G)=P(cluster8=0)[0.8] * P(cluster1=0|cluster2=0) * P(cluster9=0|cluster6=0) * P(cluster7=0|cluster10=0) * P(cluster10=0|cluster6=0) * P(cluster6=0|cluster2=0) * P(cluster2=0|cluster3=0) * P(cluster3=0|cluster8=0)[0.209715]=0.167772
condsetMap_Tree
0 cluster8=0 cluster3=0 cluster2=0 cluster1=0 cluster6=0 cluster9=0 cluster10=0 cluster7=1
1 cluster8=0 cluster3=0 cluster2=0 cluster1=0 cluster6=0 cluster9=1 cluster10=0 cluster7=0
2 cluster8=0 cluster3=0 cluster2=0 cluster1=0 cluster6=0 cluster9=1 cluster10=0 cluster7=1
3 cluster8=0 cluster3=0 cluster2=0 cluster1=1 cluster6=0 cluster9=0 cluster10=0 cluster7=0
4 cluster8=0 cluster3=0 cluster2=0 cluster1=1 cluster6=0 cluster9=0 cluster10=0 cluster7=1
5 cluster8=0 cluster3=0 cluster2=0 cluster1=1 cluster6=0 cluster9=1 cluster10=0 cluster7=0
6 cluster8=0 cluster3=0 cluster2=0 cluster1=1 cluster6=0 cluster9=1 cluster10=0 cluster7=1
7 cluster8=0 cluster3=0 cluster2=0 cluster1=0 cluster6=0 cluster9=0 cluster10=1 cluster7=1
8 cluster8=0 cluster3=0 cluster2=0 cluster1=0 cluster6=0 cluster9=1 cluster10=1 cluster7=1
9 cluster8=0 cluster3=0 cluster2=0 cluster1=1 cluster6=0 cluster9=0 cluster10=1 cluster7=1
10 cluster8=0 cluster3=0 cluster2=0 cluster1=1 cluster6=0 cluster9=1 cluster10=1 cluster7=1
11 cluster8=0 cluster3=0 cluster2=0 cluster1=0 cluster6=1 cluster9=1 cluster10=1 cluster7=1
12 cluster8=0 cluster3=0 cluster2=0 cluster1=1 cluster6=1 cluster9=1 cluster10=1 cluster7=1
13 cluster8=0 cluster3=0 cluster2=1 cluster1=1 cluster6=1 cluster9=1 cluster10=1 cluster7=1
14 cluster8=0 cluster3=1 cluster2=1 cluster1=1 cluster6=1 cluster9=1 cluster10=1 cluster7=1
15 cluster8=1 cluster3=1 cluster2=1 cluster1=1 cluster6=1 cluster9=1 cluster10=1 cluster7=1
16 cluster8=1 cluster3=1 cluster2=1 cluster1=1 cluster6=1 cluster9=1 cluster10=1 cluster7=0
17 cluster8=1 cluster3=1 cluster2=1 cluster1=1 cluster6=1 cluster9=0 cluster10=1 cluster7=1
18 cluster8=1 cluster3=1 cluster2=1 cluster1=1 cluster6=1 cluster9=0 cluster10=1 cluster7=0
19 cluster8=1 cluster3=1 cluster2=1 cluster1=0 cluster6=1 cluster9=1 cluster10=1 cluster7=1
20 cluster8=1 cluster3=1 cluster2=1 cluster1=0 cluster6=1 cluster9=1 cluster10=1 cluster7=0
21 cluster8=1 cluster3=1 cluster2=1 cluster1=0 cluster6=1 cluster9=0 cluster10=1 cluster7=1
22 cluster8=1 cluster3=1 cluster2=1 cluster1=0 cluster6=1 cluster9=0 cluster10=1 cluster7=0
23 cluster8=1 cluster3=1 cluster2=1 cluster1=1 cluster6=1 cluster9=1 cluster10=0 cluster7=0
24 cluster8=1 cluster3=1 cluster2=1 cluster1=1 cluster6=1 cluster9=0 cluster10=0 cluster7=0
25 cluster8=1 cluster3=1 cluster2=1 cluster1=0 cluster6=1 cluster9=1 cluster10=0 cluster7=0
26 cluster8=1 cluster3=1 cluster2=1 cluster1=0 cluster6=1 cluster9=0 cluster10=0 cluster7=0
27 cluster8=1 cluster3=1 cluster2=1 cluster1=1 cluster6=0 cluster9=0 cluster10=0 cluster7=0
28 cluster8=1 cluster3=1 cluster2=1 cluster1=0 cluster6=0 cluster9=0 cluster10=0 cluster7=0
29 cluster8=1 cluster3=1 cluster2=0 cluster1=0 cluster6=0 cluster9=0 cluster10=0 cluster7=0
30 cluster8=1 cluster3=0 cluster2=0 cluster1=0 cluster6=0 cluster9=0 cluster10=0 cluster7=0
31 cluster8=0 cluster3=0 cluster2=0 cluster1=0 cluster6=1 cluster9=0 cluster10=0 cluster7=0
32 cluster8=0 cluster3=0 cluster2=1 cluster1=0 cluster6=0 cluster9=0 cluster10=0 cluster7=0
33 cluster8=0 cluster3=0 cluster2=0 cluster1=0 cluster6=0 cluster9=0 cluster10=1 cluster7=0
34 cluster8=0 cluster3=1 cluster2=0 cluster1=0 cluster6=0 cluster9=0 cluster10=0 cluster7=0
inputRegulatorOGs.size() = 1999 inputOGList.size() = 50
binkey=128 [Edge status: 0 0 0 0 0 0 0 1 ] P(G)=P(cluster8=0)[0.8] * P(cluster1=0|cluster2=0) * P(cluster9=0|cluster6=0) * P(cluster7=1|cluster10=0) * P(cluster10=0|cluster6=0) * P(cluster6=0|cluster2=0) * P(cluster2=0|cluster3=0) * P(cluster3=0|cluster8=0)[0.0524288]=0.041943
binkey=4 [Edge status: 0 0 1 0 0 0 0 0 ] P(G)=P(cluster8=0)[0.8] * P(cluster1=0|cluster2=1) * P(cluster9=0|cluster6=0) * P(cluster7=0|cluster10=0) * P(cluster10=0|cluster6=0) * P(cluster6=0|cluster2=1) * P(cluster2=1|cluster3=0) * P(cluster3=0|cluster8=0)[0.0032768]=0.00262144
binkey=2 [Edge status: 0 1 0 0 0 0 0 0 ] P(G)=P(cluster8=0)[0.8] * P(cluster1=0|cluster2=0) * P(cluster9=0|cluster6=0) * P(cluster7=0|cluster10=0) * P(cluster10=0|cluster6=0) * P(cluster6=0|cluster2=0) * P(cluster2=0|cluster3=1) * P(cluster3=1|cluster8=0)[0.0131072]=0.0104858
binkey=32 [Edge status: 0 0 0 0 0 1 0 0 ] P(G)=P(cluster8=0)[0.8] * P(cluster1=0|cluster2=0) * P(cluster9=1|cluster6=0) * P(cluster7=0|cluster10=0) * P(cluster10=0|cluster6=0) * P(cluster6=0|cluster2=0) * P(cluster2=0|cluster3=0) * P(cluster3=0|cluster8=0)[0.0524288]=0.041943
binkey=64 [Edge status: 0 0 0 0 0 0 1 0 ] P(G)=P(cluster8=0)[0.8] * P(cluster1=0|cluster2=0) * P(cluster9=0|cluster6=0) * P(cluster7=0|cluster10=1) * P(cluster10=1|cluster6=0) * P(cluster6=0|cluster2=0) * P(cluster2=0|cluster3=0) * P(cluster3=0|cluster8=0)[0.0131072]=0.0104858
binkey=1 [Edge status: 1 0 0 0 0 0 0 0 ] P(G)=P(cluster8=1)[0.2] * P(cluster1=0|cluster2=0) * P(cluster9=0|cluster6=0) * P(cluster7=0|cluster10=0) * P(cluster10=0|cluster6=0) * P(cluster6=0|cluster2=0) * P(cluster2=0|cluster3=0) * P(cluster3=0|cluster8=1)[0.0524288]=0.0104858
binkey=192 [Edge status: 0 0 0 0 0 0 1 1 ] P(G)=P(cluster8=0)[0.8] * P(cluster1=0|cluster2=0) * P(cluster9=0|cluster6=0) * P(cluster7=1|cluster10=1) * P(cluster10=1|cluster6=0) * P(cluster6=0|cluster2=0) * P(cluster2=0|cluster3=0) * P(cluster3=0|cluster8=0)[0.0524288]=0.041943
binkey=16 [Edge status: 0 0 0 0 1 0 0 0 ] P(G)=P(cluster8=0)[0.8] * P(cluster1=0|cluster2=0) * P(cluster9=0|cluster6=1) * P(cluster7=0|cluster10=0) * P(cluster10=0|cluster6=1) * P(cluster6=1|cluster2=0) * P(cluster2=0|cluster3=0) * P(cluster3=0|cluster8=0)[0.0032768]=0.00262144
binkey=8 [Edge status: 0 0 0 1 0 0 0 0 ] P(G)=P(cluster8=0)[0.8] * P(cluster1=1|cluster2=0) * P(cluster9=0|cluster6=0) * P(cluster7=0|cluster10=0) * P(cluster10=0|cluster6=0) * P(cluster6=0|cluster2=0) * P(cluster2=0|cluster3=0) * P(cluster3=0|cluster8=0)[0.0524288]=0.041943
binkey=160 [Edge status: 0 0 0 0 0 1 0 1 ] P(G)=P(cluster8=0)[0.8] * P(cluster1=0|cluster2=0) * P(cluster9=1|cluster6=0) * P(cluster7=1|cluster10=0) * P(cluster10=0|cluster6=0) * P(cluster6=0|cluster2=0) * P(cluster2=0|cluster3=0) * P(cluster3=0|cluster8=0)[0.0131072]=0.0104858
binkey=136 [Edge status: 0 0 0 1 0 0 0 1 ] P(G)=P(cluster8=0)[0.8] * P(cluster1=1|cluster2=0) * P(cluster9=0|cluster6=0) * P(cluster7=1|cluster10=0) * P(cluster10=0|cluster6=0) * P(cluster6=0|cluster2=0) * P(cluster2=0|cluster3=0) * P(cluster3=0|cluster8=0)[0.0131072]=0.0104858
binkey=40 [Edge status: 0 0 0 1 0 1 0 0 ] P(G)=P(cluster8=0)[0.8] * P(cluster1=1|cluster2=0) * P(cluster9=1|cluster6=0) * P(cluster7=0|cluster10=0) * P(cluster10=0|cluster6=0) * P(cluster6=0|cluster2=0) * P(cluster2=0|cluster3=0) * P(cluster3=0|cluster8=0)[0.0131072]=0.0104858
binkey=168 [Edge status: 0 0 0 1 0 1 0 1 ] P(G)=P(cluster8=0)[0.8] * P(cluster1=1|cluster2=0) * P(cluster9=1|cluster6=0) * P(cluster7=1|cluster10=0) * P(cluster10=0|cluster6=0) * P(cluster6=0|cluster2=0) * P(cluster2=0|cluster3=0) * P(cluster3=0|cluster8=0)[0.0032768]=0.00262144
binkey=224 [Edge status: 0 0 0 0 0 1 1 1 ] P(G)=P(cluster8=0)[0.8] * P(cluster1=0|cluster2=0) * P(cluster9=1|cluster6=0) * P(cluster7=1|cluster10=1) * P(cluster10=1|cluster6=0) * P(cluster6=0|cluster2=0) * P(cluster2=0|cluster3=0) * P(cluster3=0|cluster8=0)[0.0131072]=0.0104858
binkey=200 [Edge status: 0 0 0 1 0 0 1 1 ] P(G)=P(cluster8=0)[0.8] * P(cluster1=1|cluster2=0) * P(cluster9=0|cluster6=0) * P(cluster7=1|cluster10=1) * P(cluster10=1|cluster6=0) * P(cluster6=0|cluster2=0) * P(cluster2=0|cluster3=0) * P(cluster3=0|cluster8=0)[0.0131072]=0.0104858
binkey=232 [Edge status: 0 0 0 1 0 1 1 1 ] P(G)=P(cluster8=0)[0.8] * P(cluster1=1|cluster2=0) * P(cluster9=1|cluster6=0) * P(cluster7=1|cluster10=1) * P(cluster10=1|cluster6=0) * P(cluster6=0|cluster2=0) * P(cluster2=0|cluster3=0) * P(cluster3=0|cluster8=0)[0.0032768]=0.00262144
binkey=240 [Edge status: 0 0 0 0 1 1 1 1 ] P(G)=P(cluster8=0)[0.8] * P(cluster1=0|cluster2=0) * P(cluster9=1|cluster6=1) * P(cluster7=1|cluster10=1) * P(cluster10=1|cluster6=1) * P(cluster6=1|cluster2=0) * P(cluster2=0|cluster3=0) * P(cluster3=0|cluster8=0)[0.0524288]=0.041943
binkey=248 [Edge status: 0 0 0 1 1 1 1 1 ] P(G)=P(cluster8=0)[0.8] * P(cluster1=1|cluster2=0) * P(cluster9=1|cluster6=1) * P(cluster7=1|cluster10=1) * P(cluster10=1|cluster6=1) * P(cluster6=1|cluster2=0) * P(cluster2=0|cluster3=0) * P(cluster3=0|cluster8=0)[0.0131072]=0.0104858
binkey=3 [Edge status: 1 1 0 0 0 0 0 0 ] P(G)=P(cluster8=1)[0.2] * P(cluster1=0|cluster2=0) * P(cluster9=0|cluster6=0) * P(cluster7=0|cluster10=0) * P(cluster10=0|cluster6=0) * P(cluster6=0|cluster2=0) * P(cluster2=0|cluster3=1) * P(cluster3=1|cluster8=1)[0.0524288]=0.0104858
binkey=23 [Edge status: 1 1 1 0 1 0 0 0 ] P(G)=P(cluster8=1)[0.2] * P(cluster1=0|cluster2=1) * P(cluster9=0|cluster6=1) * P(cluster7=0|cluster10=0) * P(cluster10=0|cluster6=1) * P(cluster6=1|cluster2=1) * P(cluster2=1|cluster3=1) * P(cluster3=1|cluster8=1)[0.0032768]=0.00065536
binkey=7 [Edge status: 1 1 1 0 0 0 0 0 ] P(G)=P(cluster8=1)[0.2] * P(cluster1=0|cluster2=1) * P(cluster9=0|cluster6=0) * P(cluster7=0|cluster10=0) * P(cluster10=0|cluster6=0) * P(cluster6=0|cluster2=1) * P(cluster2=1|cluster3=1) * P(cluster3=1|cluster8=1)[0.0131072]=0.00262144
binkey=55 [Edge status: 1 1 1 0 1 1 0 0 ] P(G)=P(cluster8=1)[0.2] * P(cluster1=0|cluster2=1) * P(cluster9=1|cluster6=1) * P(cluster7=0|cluster10=0) * P(cluster10=0|cluster6=1) * P(cluster6=1|cluster2=1) * P(cluster2=1|cluster3=1) * P(cluster3=1|cluster8=1)[0.0131072]=0.00262144
binkey=127 [Edge status: 1 1 1 1 1 1 1 0 ] P(G)=P(cluster8=1)[0.2] * P(cluster1=1|cluster2=1) * P(cluster9=1|cluster6=1) * P(cluster7=0|cluster10=1) * P(cluster10=1|cluster6=1) * P(cluster6=1|cluster2=1) * P(cluster2=1|cluster3=1) * P(cluster3=1|cluster8=1)[0.0524288]=0.0104858
binkey=95 [Edge status: 1 1 1 1 1 0 1 0 ] P(G)=P(cluster8=1)[0.2] * P(cluster1=1|cluster2=1) * P(cluster9=0|cluster6=1) * P(cluster7=0|cluster10=1) * P(cluster10=1|cluster6=1) * P(cluster6=1|cluster2=1) * P(cluster2=1|cluster3=1) * P(cluster3=1|cluster8=1)[0.0131072]=0.00262144
binkey=119 [Edge status: 1 1 1 0 1 1 1 0 ] P(G)=P(cluster8=1)[0.2] * P(cluster1=0|cluster2=1) * P(cluster9=1|cluster6=1) * P(cluster7=0|cluster10=1) * P(cluster10=1|cluster6=1) * P(cluster6=1|cluster2=1) * P(cluster2=1|cluster3=1) * P(cluster3=1|cluster8=1)[0.0131072]=0.00262144
binkey=87 [Edge status: 1 1 1 0 1 0 1 0 ] P(G)=P(cluster8=1)[0.2] * P(cluster1=0|cluster2=1) * P(cluster9=0|cluster6=1) * P(cluster7=0|cluster10=1) * P(cluster10=1|cluster6=1) * P(cluster6=1|cluster2=1) * P(cluster2=1|cluster3=1) * P(cluster3=1|cluster8=1)[0.0032768]=0.00065536
binkey=63 [Edge status: 1 1 1 1 1 1 0 0 ] P(G)=P(cluster8=1)[0.2] * P(cluster1=1|cluster2=1) * P(cluster9=1|cluster6=1) * P(cluster7=0|cluster10=0) * P(cluster10=0|cluster6=1) * P(cluster6=1|cluster2=1) * P(cluster2=1|cluster3=1) * P(cluster3=1|cluster8=1)[0.0524288]=0.0104858
binkey=31 [Edge status: 1 1 1 1 1 0 0 0 ] P(G)=P(cluster8=1)[0.2] * P(cluster1=1|cluster2=1) * P(cluster9=0|cluster6=1) * P(cluster7=0|cluster10=0) * P(cluster10=0|cluster6=1) * P(cluster6=1|cluster2=1) * P(cluster2=1|cluster3=1) * P(cluster3=1|cluster8=1)[0.0131072]=0.00262144
binkey=15 [Edge status: 1 1 1 1 0 0 0 0 ] P(G)=P(cluster8=1)[0.2] * P(cluster1=1|cluster2=1) * P(cluster9=0|cluster6=0) * P(cluster7=0|cluster10=0) * P(cluster10=0|cluster6=0) * P(cluster6=0|cluster2=1) * P(cluster2=1|cluster3=1) * P(cluster3=1|cluster8=1)[0.0524288]=0.0104858
binkey=252 [Edge status: 0 0 1 1 1 1 1 1 ] P(G)=P(cluster8=0)[0.8] * P(cluster1=1|cluster2=1) * P(cluster9=1|cluster6=1) * P(cluster7=1|cluster10=1) * P(cluster10=1|cluster6=1) * P(cluster6=1|cluster2=1) * P(cluster2=1|cluster3=0) * P(cluster3=0|cluster8=0)[0.0524288]=0.041943
binkey=254 [Edge status: 0 1 1 1 1 1 1 1 ] P(G)=P(cluster8=0)[0.8] * P(cluster1=1|cluster2=1) * P(cluster9=1|cluster6=1) * P(cluster7=1|cluster10=1) * P(cluster10=1|cluster6=1) * P(cluster6=1|cluster2=1) * P(cluster2=1|cluster3=1) * P(cluster3=1|cluster8=0)[0.0524288]=0.041943
binkey=255 [Edge status: 1 1 1 1 1 1 1 1 ] P(G)=P(cluster8=1)[0.2] * P(cluster1=1|cluster2=1) * P(cluster9=1|cluster6=1) * P(cluster7=1|cluster10=1) * P(cluster10=1|cluster6=1) * P(cluster6=1|cluster2=1) * P(cluster2=1|cluster3=1) * P(cluster3=1|cluster8=1)[0.209715]=0.041943
binkey=223 [Edge status: 1 1 1 1 1 0 1 1 ] P(G)=P(cluster8=1)[0.2] * P(cluster1=1|cluster2=1) * P(cluster9=0|cluster6=1) * P(cluster7=1|cluster10=1) * P(cluster10=1|cluster6=1) * P(cluster6=1|cluster2=1) * P(cluster2=1|cluster3=1) * P(cluster3=1|cluster8=1)[0.0524288]=0.0104858
binkey=247 [Edge status: 1 1 1 0 1 1 1 1 ] P(G)=P(cluster8=1)[0.2] * P(cluster1=0|cluster2=1) * P(cluster9=1|cluster6=1) * P(cluster7=1|cluster10=1) * P(cluster10=1|cluster6=1) * P(cluster6=1|cluster2=1) * P(cluster2=1|cluster3=1) * P(cluster3=1|cluster8=1)[0.0524288]=0.0104858
binkey=215 [Edge status: 1 1 1 0 1 0 1 1 ] P(G)=P(cluster8=1)[0.2] * P(cluster1=0|cluster2=1) * P(cluster9=0|cluster6=1) * P(cluster7=1|cluster10=1) * P(cluster10=1|cluster6=1) * P(cluster6=1|cluster2=1) * P(cluster2=1|cluster3=1) * P(cluster3=1|cluster8=1)[0.0131072]=0.00262144
ITERATION 0 newScore=-2.72902e+06 diffscore=11693.4 priorChange=-108.131 successMove=57
ITERATION 1 newScore=-2.72423e+06 diffscore=4791.98 priorChange=-116.449 successMove=58
ITERATION 2 newScore=-2.7132e+06 diffscore=11035.5 priorChange=-112.29 successMove=51
ITERATION 3 newScore=-2.71078e+06 diffscore=2420.3 priorChange=-101.199 successMove=53
ITERATION 4 newScore=-2.70537e+06 diffscore=5410.86 priorChange=-103.972 successMove=50
ITERATION 5 newScore=-2.69844e+06 diffscore=6927.54 priorChange=-97.0406 successMove=50
ITERATION 6 newScore=-2.69508e+06 diffscore=3358.86 priorChange=-103.972 successMove=50
ITERATION 7 newScore=-2.69197e+06 diffscore=3107.12 priorChange=-117.835 successMove=56
ITERATION 8 newScore=-2.68973e+06 diffscore=2238.99 priorChange=-119.221 successMove=54
ITERATION 9 newScore=-2.68708e+06 diffscore=2652.68 priorChange=-112.29 successMove=53
ITERATION 10 newScore=-2.68501e+06 diffscore=2070.37 priorChange=-105.358 successMove=53
ITERATION 11 newScore=-2.68128e+06 diffscore=3734.68 priorChange=-117.835 successMove=50
ITERATION 12 newScore=-2.67926e+06 diffscore=2011.85 priorChange=-108.131 successMove=55
ITERATION 13 newScore=-2.6779e+06 diffscore=1368.34 priorChange=-112.29 successMove=52
ITERATION 14 newScore=-2.67602e+06 diffscore=1872.59 priorChange=-106.745 successMove=50
ITERATION 15 newScore=-2.67363e+06 diffscore=2394.81 priorChange=-116.449 successMove=50
ITERATION 16 newScore=-2.67152e+06 diffscore=2105.78 priorChange=-115.062 successMove=50
ITERATION 17 newScore=-2.66968e+06 diffscore=1839.6 priorChange=-112.29 successMove=52
ITERATION 18 newScore=-2.66621e+06 diffscore=3469.89 priorChange=-105.358 successMove=49
ITERATION 19 newScore=-2.66414e+06 diffscore=2075.11 priorChange=-102.586 successMove=50
ITERATION 20 newScore=-2.66244e+06 diffscore=1698.55 priorChange=-123.38 successMove=49
ITERATION 21 newScore=-2.66014e+06 diffscore=2294.86 priorChange=-103.972 successMove=49
ITERATION 22 newScore=-2.65948e+06 diffscore=663.327 priorChange=-98.4269 successMove=51
ITERATION 23 newScore=-2.65687e+06 diffscore=2615.57 priorChange=-110.904 successMove=55
ITERATION 24 newScore=-2.65406e+06 diffscore=2808.24 priorChange=-98.4269 successMove=48
ITERATION 25 newScore=-2.65225e+06 diffscore=1810.85 priorChange=-92.8817 successMove=48
ITERATION 26 newScore=-2.65158e+06 diffscore=663.224 priorChange=-99.8132 successMove=49
ITERATION 27 newScore=-2.64894e+06 diffscore=2647.25 priorChange=-94.268 successMove=51
ITERATION 28 newScore=-2.64831e+06 diffscore=624.882 priorChange=-113.676 successMove=49
ITERATION 29 newScore=-2.6462e+06 diffscore=2111.02 priorChange=-109.517 successMove=50
ITERATION 30 newScore=-2.64286e+06 diffscore=3339.87 priorChange=-94.268 successMove=47
ITERATION 31 newScore=-2.63851e+06 diffscore=4347.95 priorChange=-99.8132 successMove=47
ITERATION 32 newScore=-2.63687e+06 diffscore=1644.18 priorChange=-98.4269 successMove=47
ITERATION 33 newScore=-2.63635e+06 diffscore=522.695 priorChange=-103.972 successMove=46
ITERATION 34 newScore=-2.63538e+06 diffscore=961.729 priorChange=-85.9503 successMove=47
ITERATION 35 newScore=-2.63364e+06 diffscore=1747.3 priorChange=-92.8817 successMove=45
ITERATION 36 newScore=-2.63162e+06 diffscore=2014.45 priorChange=-95.6543 successMove=48
ITERATION 37 newScore=-2.63117e+06 diffscore=446.744 priorChange=-94.268 successMove=48
ITERATION 38 newScore=-2.62913e+06 diffscore=2040.4 priorChange=-105.358 successMove=46
ITERATION 39 newScore=-2.62749e+06 diffscore=1642.73 priorChange=-83.1777 successMove=45
ITERATION 40 newScore=-2.62711e+06 diffscore=379.668 priorChange=-97.0406 successMove=45
ITERATION 41 newScore=-2.62533e+06 diffscore=1782.68 priorChange=-92.8817 successMove=44
ITERATION 42 newScore=-2.62336e+06 diffscore=1972.89 priorChange=-90.1091 successMove=43
ITERATION 43 newScore=-2.62306e+06 diffscore=297.221 priorChange=-76.2462 successMove=43
ITERATION 44 newScore=-2.62163e+06 diffscore=1432.97 priorChange=-80.4051 successMove=41
ITERATION 45 newScore=-2.62137e+06 diffscore=255.672 priorChange=-73.4736 successMove=39
ITERATION 46 newScore=-2.62106e+06 diffscore=307.204 priorChange=-91.4954 successMove=39
ITERATION 47 newScore=-2.62036e+06 diffscore=706.778 priorChange=-79.0188 successMove=39
ITERATION 48 newScore=-2.61788e+06 diffscore=2473.45 priorChange=-76.2462 successMove=38
ITERATION 49 newScore=-2.61752e+06 diffscore=360.204 priorChange=-70.701 successMove=39
ITERATION 50 newScore=-2.61626e+06 diffscore=1265.75 priorChange=-83.1777 successMove=38
ITERATION 51 newScore=-2.61589e+06 diffscore=370.349 priorChange=-102.586 successMove=38
ITERATION 52 newScore=-2.61558e+06 diffscore=304.351 priorChange=-97.0406 successMove=40
ITERATION 53 newScore=-2.61431e+06 diffscore=1273.77 priorChange=-77.6325 successMove=37
ITERATION 54 newScore=-2.61335e+06 diffscore=959.324 priorChange=-81.7914 successMove=37
ITERATION 55 newScore=-2.61307e+06 diffscore=283.504 priorChange=-81.7914 successMove=38
ITERATION 56 newScore=-2.61117e+06 diffscore=1891.89 priorChange=-76.2462 successMove=37
ITERATION 57 newScore=-2.61095e+06 diffscore=223.425 priorChange=-81.7914 successMove=37
ITERATION 58 newScore=-2.61069e+06 diffscore=256.716 priorChange=-80.4051 successMove=40
ITERATION 59 newScore=-2.61034e+06 diffscore=349.023 priorChange=-63.7695 successMove=36
ITERATION 60 newScore=-2.61e+06 diffscore=348.535 priorChange=-62.3832 successMove=35
ITERATION 61 newScore=-2.60866e+06 diffscore=1339.48 priorChange=-70.701 successMove=33
ITERATION 62 newScore=-2.60846e+06 diffscore=199.567 priorChange=-59.6107 successMove=34
ITERATION 63 newScore=-2.60579e+06 diffscore=2669.67 priorChange=-66.5421 successMove=33
ITERATION 64 newScore=-2.60469e+06 diffscore=1092.79 priorChange=-83.1777 successMove=33
ITERATION 65 newScore=-2.60443e+06 diffscore=265.799 priorChange=-70.701 successMove=32
ITERATION 66 newScore=-2.60352e+06 diffscore=904.505 priorChange=-59.6107 successMove=33
ITERATION 67 newScore=-2.60332e+06 diffscore=206.757 priorChange=-69.3147 successMove=32
ITERATION 68 newScore=-2.60269e+06 diffscore=625.383 priorChange=-70.701 successMove=31
ITERATION 69 newScore=-2.60125e+06 diffscore=1437.51 priorChange=-62.3832 successMove=30
ITERATION 70 newScore=-2.59997e+06 diffscore=1280.6 priorChange=-42.9751 successMove=31
ITERATION 71 newScore=-2.59978e+06 diffscore=193.441 priorChange=-66.5421 successMove=28
ITERATION 72 newScore=-2.59963e+06 diffscore=155.137 priorChange=-52.6792 successMove=28
ITERATION 73 newScore=-2.59946e+06 diffscore=168.863 priorChange=-49.9066 successMove=29
ITERATION 74 newScore=-2.59905e+06 diffscore=411.257 priorChange=-49.9066 successMove=24
ITERATION 75 newScore=-2.59814e+06 diffscore=910.377 priorChange=-47.134 successMove=23
ITERATION 76 newScore=-2.59802e+06 diffscore=119.042 priorChange=-44.3614 successMove=21
ITERATION 77 newScore=-2.59781e+06 diffscore=203.265 priorChange=-41.5888 successMove=21
ITERATION 78 newScore=-2.59759e+06 diffscore=225.86 priorChange=-41.5888 successMove=19
ITERATION 79 newScore=-2.59594e+06 diffscore=1643.28 priorChange=-40.2025 successMove=19
ITERATION 80 newScore=-2.59571e+06 diffscore=234.707 priorChange=-41.5888 successMove=19
ITERATION 81 newScore=-2.59561e+06 diffscore=101.992 priorChange=-30.4985 successMove=20
ITERATION 82 newScore=-2.59548e+06 diffscore=124.086 priorChange=-38.8162 successMove=19
ITERATION 83 newScore=-2.59537e+06 diffscore=117.925 priorChange=-26.3396 successMove=18
ITERATION 84 newScore=-2.59525e+06 diffscore=117.061 priorChange=-40.2025 successMove=17
ITERATION 85 newScore=-2.5951e+06 diffscore=150.163 priorChange=-30.4985 successMove=14
ITERATION 86 newScore=-2.59497e+06 diffscore=124.72 priorChange=-36.0437 successMove=14
ITERATION 87 newScore=-2.59488e+06 diffscore=92.8803 priorChange=-29.1122 successMove=13
ITERATION 88 newScore=-2.59476e+06 diffscore=117.546 priorChange=-31.8848 successMove=13
ITERATION 89 newScore=-2.59412e+06 diffscore=645.371 priorChange=-23.567 successMove=12
ITERATION 90 newScore=-2.59407e+06 diffscore=45.8159 priorChange=-27.7259 successMove=14
ITERATION 91 newScore=-2.59403e+06 diffscore=42.0267 priorChange=-23.567 successMove=13
ITERATION 92 newScore=-2.594e+06 diffscore=30.239 priorChange=-19.4081 successMove=11
ITERATION 93 newScore=-2.59397e+06 diffscore=30.644 priorChange=-20.7944 successMove=9
ITERATION 94 newScore=-2.59393e+06 diffscore=38.4679 priorChange=-23.567 successMove=9
ITERATION 95 newScore=-2.5939e+06 diffscore=32.1762 priorChange=-20.7944 successMove=9
ITERATION 96 newScore=-2.59387e+06 diffscore=27.7036 priorChange=-15.2492 successMove=9
ITERATION 97 newScore=-2.59382e+06 diffscore=45.8237 priorChange=-19.4081 successMove=7
ITERATION 98 newScore=-2.59378e+06 diffscore=47.5338 priorChange=-18.0218 successMove=7
ITERATION 99 newScore=-2.59373e+06 diffscore=45.4626 priorChange=-13.8629 successMove=7
MetaLearner::dumpAllGraphs
Final Score -2.59373e+06
MetaLearner::start runtime: 1212185202 ms
Results/
Results/cluster3/
Results/cluster3/fold0/
Results/cluster3/fold0/modelparams.txt
Results/cluster3/fold0/var_mb_pw_k50.txt
Results/cluster7/
Results/cluster7/fold0/
Results/cluster7/fold0/modelparams.txt
Results/cluster7/fold0/var_mb_pw_k50.txt
Results/cluster2/
Results/cluster2/fold0/
Results/cluster2/fold0/modelparams.txt
Results/cluster2/fold0/var_mb_pw_k50.txt
Results/cluster9/
Results/cluster9/fold0/
Results/cluster9/fold0/modelparams.txt
Results/cluster9/fold0/var_mb_pw_k50.txt
Results/cluster6/
Results/cluster6/fold0/
Results/cluster6/fold0/modelparams.txt
Results/cluster6/fold0/var_mb_pw_k50.txt
Results/cluster1/
Results/cluster1/fold0/
Results/cluster1/fold0/modelparams.txt
Results/cluster1/fold0/var_mb_pw_k50.txt
Results/cluster10/
Results/cluster10/fold0/
Results/cluster10/fold0/modelparams.txt
Results/cluster10/fold0/var_mb_pw_k50.txt
Results/cluster8/
Results/cluster8/scoreFile.txt
Results/cluster8/fold0/
Results/cluster8/fold0/modelparams.txt
Results/cluster8/fold0/var_mb_pw_k50.txt
