./CVN -f config_condor.txt -x50 -v1 -l TFs_OGs.txt -n AllGenes7.txt -d celltype_tree_ancestor.txt -m testdata_ogids.txt -s celltype_order.txt -p 0.2 -c yes -b -4 -q 4
(cluster3|cluster8) p_maintain_edge=0.8 p_gain=0.2
(cluster2|cluster3) p_maintain_edge=0.8 p_gain=0.2
(cluster1|cluster2) p_maintain_edge=0.8 p_gain=0.2
(cluster6|cluster2) p_maintain_edge=0.8 p_gain=0.2
(cluster9|cluster6) p_maintain_edge=0.8 p_gain=0.2
(cluster10|cluster6) p_maintain_edge=0.8 p_gain=0.2
(cluster7|cluster10) p_maintain_edge=0.8 p_gain=0.2
speciesSet.size()=8 Root is cluster8
MappedOrthogroupReader::readSpeciesMapping() --- celltype_order.txt
MappedOrthogroupReader::readFile - testdata_ogids.txt
MappedOrthogroupReader::generateGeneOrthoMap()
MetaLearner::init_onefold() read:config_condor.txt
MetaLearner::setinputVariableNames number of variables: 2037
readEvidenceTable:cluster8.table
PotentialManager::loadEvidenceFromTable varCount=2037 sampleCount=348
motifNetwork.size() = 319
0=cluster8 motifNetwork=cluster8_network.txt
variable size=2037
readEvidenceTable:cluster3.table
PotentialManager::loadEvidenceFromTable varCount=2037 sampleCount=95
motifNetwork.size() = 326
1=cluster3 motifNetwork=cluster3_network.txt
variable size=2037
readEvidenceTable:cluster2.table
PotentialManager::loadEvidenceFromTable varCount=2037 sampleCount=386
motifNetwork.size() = 328
2=cluster2 motifNetwork=cluster2_network.txt
variable size=2037
readEvidenceTable:cluster1.table
PotentialManager::loadEvidenceFromTable varCount=2037 sampleCount=36
motifNetwork.size() = 322
3=cluster1 motifNetwork=cluster1_network.txt
variable size=2037
readEvidenceTable:cluster6.table
PotentialManager::loadEvidenceFromTable varCount=2037 sampleCount=524
motifNetwork.size() = 320
4=cluster6 motifNetwork=cluster6_network.txt
variable size=2037
readEvidenceTable:cluster9.table
PotentialManager::loadEvidenceFromTable varCount=2037 sampleCount=184
motifNetwork.size() = 327
5=cluster9 motifNetwork=cluster9_network.txt
variable size=2037
readEvidenceTable:cluster10.table
PotentialManager::loadEvidenceFromTable varCount=2037 sampleCount=165
motifNetwork.size() = 326
6=cluster10 motifNetwork=cluster10_network.txt
variable size=2037
readEvidenceTable:cluster7.table
PotentialManager::loadEvidenceFromTable varCount=2037 sampleCount=1032
motifNetwork.size() = 320
7=cluster7 motifNetwork=cluster7_network.txt
variable size=2037
-------------------------------------------------------------
MetaLearner::start
precomputeEmptyGraphPrior
binkey=0 [Edge status: 0 0 0 0 0 0 0 0 ] P(G)=P(cluster8=0)[0.8] * P(cluster1=0|cluster2=0) * P(cluster9=0|cluster6=0) * P(cluster7=0|cluster10=0) * P(cluster10=0|cluster6=0) * P(cluster6=0|cluster2=0) * P(cluster2=0|cluster3=0) * P(cluster3=0|cluster8=0)[0.209715]=0.167772
condsetMap_Tree
0 cluster8=0 cluster3=0 cluster2=0 cluster1=0 cluster6=0 cluster9=0 cluster10=0 cluster7=1
1 cluster8=0 cluster3=0 cluster2=0 cluster1=0 cluster6=0 cluster9=1 cluster10=0 cluster7=0
2 cluster8=0 cluster3=0 cluster2=0 cluster1=0 cluster6=0 cluster9=1 cluster10=0 cluster7=1
3 cluster8=0 cluster3=0 cluster2=0 cluster1=1 cluster6=0 cluster9=0 cluster10=0 cluster7=0
4 cluster8=0 cluster3=0 cluster2=0 cluster1=1 cluster6=0 cluster9=0 cluster10=0 cluster7=1
5 cluster8=0 cluster3=0 cluster2=0 cluster1=1 cluster6=0 cluster9=1 cluster10=0 cluster7=0
6 cluster8=0 cluster3=0 cluster2=0 cluster1=1 cluster6=0 cluster9=1 cluster10=0 cluster7=1
7 cluster8=0 cluster3=0 cluster2=0 cluster1=0 cluster6=0 cluster9=0 cluster10=1 cluster7=1
8 cluster8=0 cluster3=0 cluster2=0 cluster1=0 cluster6=0 cluster9=1 cluster10=1 cluster7=1
9 cluster8=0 cluster3=0 cluster2=0 cluster1=1 cluster6=0 cluster9=0 cluster10=1 cluster7=1
10 cluster8=0 cluster3=0 cluster2=0 cluster1=1 cluster6=0 cluster9=1 cluster10=1 cluster7=1
11 cluster8=0 cluster3=0 cluster2=0 cluster1=0 cluster6=1 cluster9=1 cluster10=1 cluster7=1
12 cluster8=0 cluster3=0 cluster2=0 cluster1=1 cluster6=1 cluster9=1 cluster10=1 cluster7=1
13 cluster8=0 cluster3=0 cluster2=1 cluster1=1 cluster6=1 cluster9=1 cluster10=1 cluster7=1
14 cluster8=0 cluster3=1 cluster2=1 cluster1=1 cluster6=1 cluster9=1 cluster10=1 cluster7=1
15 cluster8=1 cluster3=1 cluster2=1 cluster1=1 cluster6=1 cluster9=1 cluster10=1 cluster7=1
16 cluster8=1 cluster3=1 cluster2=1 cluster1=1 cluster6=1 cluster9=1 cluster10=1 cluster7=0
17 cluster8=1 cluster3=1 cluster2=1 cluster1=1 cluster6=1 cluster9=0 cluster10=1 cluster7=1
18 cluster8=1 cluster3=1 cluster2=1 cluster1=1 cluster6=1 cluster9=0 cluster10=1 cluster7=0
19 cluster8=1 cluster3=1 cluster2=1 cluster1=0 cluster6=1 cluster9=1 cluster10=1 cluster7=1
20 cluster8=1 cluster3=1 cluster2=1 cluster1=0 cluster6=1 cluster9=1 cluster10=1 cluster7=0
21 cluster8=1 cluster3=1 cluster2=1 cluster1=0 cluster6=1 cluster9=0 cluster10=1 cluster7=1
22 cluster8=1 cluster3=1 cluster2=1 cluster1=0 cluster6=1 cluster9=0 cluster10=1 cluster7=0
23 cluster8=1 cluster3=1 cluster2=1 cluster1=1 cluster6=1 cluster9=1 cluster10=0 cluster7=0
24 cluster8=1 cluster3=1 cluster2=1 cluster1=1 cluster6=1 cluster9=0 cluster10=0 cluster7=0
25 cluster8=1 cluster3=1 cluster2=1 cluster1=0 cluster6=1 cluster9=1 cluster10=0 cluster7=0
26 cluster8=1 cluster3=1 cluster2=1 cluster1=0 cluster6=1 cluster9=0 cluster10=0 cluster7=0
27 cluster8=1 cluster3=1 cluster2=1 cluster1=1 cluster6=0 cluster9=0 cluster10=0 cluster7=0
28 cluster8=1 cluster3=1 cluster2=1 cluster1=0 cluster6=0 cluster9=0 cluster10=0 cluster7=0
29 cluster8=1 cluster3=1 cluster2=0 cluster1=0 cluster6=0 cluster9=0 cluster10=0 cluster7=0
30 cluster8=1 cluster3=0 cluster2=0 cluster1=0 cluster6=0 cluster9=0 cluster10=0 cluster7=0
31 cluster8=0 cluster3=0 cluster2=0 cluster1=0 cluster6=1 cluster9=0 cluster10=0 cluster7=0
32 cluster8=0 cluster3=0 cluster2=1 cluster1=0 cluster6=0 cluster9=0 cluster10=0 cluster7=0
33 cluster8=0 cluster3=0 cluster2=0 cluster1=0 cluster6=0 cluster9=0 cluster10=1 cluster7=0
34 cluster8=0 cluster3=1 cluster2=0 cluster1=0 cluster6=0 cluster9=0 cluster10=0 cluster7=0
inputRegulatorOGs.size() = 1999 inputOGList.size() = 50
binkey=16 [Edge status: 0 0 0 0 1 0 0 0 ] P(G)=P(cluster8=0)[0.8] * P(cluster1=0|cluster2=0) * P(cluster9=0|cluster6=1) * P(cluster7=0|cluster10=0) * P(cluster10=0|cluster6=1) * P(cluster6=1|cluster2=0) * P(cluster2=0|cluster3=0) * P(cluster3=0|cluster8=0)[0.0032768]=0.00262144
binkey=2 [Edge status: 0 1 0 0 0 0 0 0 ] P(G)=P(cluster8=0)[0.8] * P(cluster1=0|cluster2=0) * P(cluster9=0|cluster6=0) * P(cluster7=0|cluster10=0) * P(cluster10=0|cluster6=0) * P(cluster6=0|cluster2=0) * P(cluster2=0|cluster3=1) * P(cluster3=1|cluster8=0)[0.0131072]=0.0104858
binkey=128 [Edge status: 0 0 0 0 0 0 0 1 ] P(G)=P(cluster8=0)[0.8] * P(cluster1=0|cluster2=0) * P(cluster9=0|cluster6=0) * P(cluster7=1|cluster10=0) * P(cluster10=0|cluster6=0) * P(cluster6=0|cluster2=0) * P(cluster2=0|cluster3=0) * P(cluster3=0|cluster8=0)[0.0524288]=0.041943
binkey=32 [Edge status: 0 0 0 0 0 1 0 0 ] P(G)=P(cluster8=0)[0.8] * P(cluster1=0|cluster2=0) * P(cluster9=1|cluster6=0) * P(cluster7=0|cluster10=0) * P(cluster10=0|cluster6=0) * P(cluster6=0|cluster2=0) * P(cluster2=0|cluster3=0) * P(cluster3=0|cluster8=0)[0.0524288]=0.041943
binkey=64 [Edge status: 0 0 0 0 0 0 1 0 ] P(G)=P(cluster8=0)[0.8] * P(cluster1=0|cluster2=0) * P(cluster9=0|cluster6=0) * P(cluster7=0|cluster10=1) * P(cluster10=1|cluster6=0) * P(cluster6=0|cluster2=0) * P(cluster2=0|cluster3=0) * P(cluster3=0|cluster8=0)[0.0131072]=0.0104858
binkey=1 [Edge status: 1 0 0 0 0 0 0 0 ] P(G)=P(cluster8=1)[0.2] * P(cluster1=0|cluster2=0) * P(cluster9=0|cluster6=0) * P(cluster7=0|cluster10=0) * P(cluster10=0|cluster6=0) * P(cluster6=0|cluster2=0) * P(cluster2=0|cluster3=0) * P(cluster3=0|cluster8=1)[0.0524288]=0.0104858
binkey=4 [Edge status: 0 0 1 0 0 0 0 0 ] P(G)=P(cluster8=0)[0.8] * P(cluster1=0|cluster2=1) * P(cluster9=0|cluster6=0) * P(cluster7=0|cluster10=0) * P(cluster10=0|cluster6=0) * P(cluster6=0|cluster2=1) * P(cluster2=1|cluster3=0) * P(cluster3=0|cluster8=0)[0.0032768]=0.00262144
binkey=160 [Edge status: 0 0 0 0 0 1 0 1 ] P(G)=P(cluster8=0)[0.8] * P(cluster1=0|cluster2=0) * P(cluster9=1|cluster6=0) * P(cluster7=1|cluster10=0) * P(cluster10=0|cluster6=0) * P(cluster6=0|cluster2=0) * P(cluster2=0|cluster3=0) * P(cluster3=0|cluster8=0)[0.0131072]=0.0104858
binkey=3 [Edge status: 1 1 0 0 0 0 0 0 ] P(G)=P(cluster8=1)[0.2] * P(cluster1=0|cluster2=0) * P(cluster9=0|cluster6=0) * P(cluster7=0|cluster10=0) * P(cluster10=0|cluster6=0) * P(cluster6=0|cluster2=0) * P(cluster2=0|cluster3=1) * P(cluster3=1|cluster8=1)[0.0524288]=0.0104858
binkey=7 [Edge status: 1 1 1 0 0 0 0 0 ] P(G)=P(cluster8=1)[0.2] * P(cluster1=0|cluster2=1) * P(cluster9=0|cluster6=0) * P(cluster7=0|cluster10=0) * P(cluster10=0|cluster6=0) * P(cluster6=0|cluster2=1) * P(cluster2=1|cluster3=1) * P(cluster3=1|cluster8=1)[0.0131072]=0.00262144
binkey=8 [Edge status: 0 0 0 1 0 0 0 0 ] P(G)=P(cluster8=0)[0.8] * P(cluster1=1|cluster2=0) * P(cluster9=0|cluster6=0) * P(cluster7=0|cluster10=0) * P(cluster10=0|cluster6=0) * P(cluster6=0|cluster2=0) * P(cluster2=0|cluster3=0) * P(cluster3=0|cluster8=0)[0.0524288]=0.041943
binkey=192 [Edge status: 0 0 0 0 0 0 1 1 ] P(G)=P(cluster8=0)[0.8] * P(cluster1=0|cluster2=0) * P(cluster9=0|cluster6=0) * P(cluster7=1|cluster10=1) * P(cluster10=1|cluster6=0) * P(cluster6=0|cluster2=0) * P(cluster2=0|cluster3=0) * P(cluster3=0|cluster8=0)[0.0524288]=0.041943
binkey=40 [Edge status: 0 0 0 1 0 1 0 0 ] P(G)=P(cluster8=0)[0.8] * P(cluster1=1|cluster2=0) * P(cluster9=1|cluster6=0) * P(cluster7=0|cluster10=0) * P(cluster10=0|cluster6=0) * P(cluster6=0|cluster2=0) * P(cluster2=0|cluster3=0) * P(cluster3=0|cluster8=0)[0.0131072]=0.0104858
binkey=136 [Edge status: 0 0 0 1 0 0 0 1 ] P(G)=P(cluster8=0)[0.8] * P(cluster1=1|cluster2=0) * P(cluster9=0|cluster6=0) * P(cluster7=1|cluster10=0) * P(cluster10=0|cluster6=0) * P(cluster6=0|cluster2=0) * P(cluster2=0|cluster3=0) * P(cluster3=0|cluster8=0)[0.0131072]=0.0104858
binkey=168 [Edge status: 0 0 0 1 0 1 0 1 ] P(G)=P(cluster8=0)[0.8] * P(cluster1=1|cluster2=0) * P(cluster9=1|cluster6=0) * P(cluster7=1|cluster10=0) * P(cluster10=0|cluster6=0) * P(cluster6=0|cluster2=0) * P(cluster2=0|cluster3=0) * P(cluster3=0|cluster8=0)[0.0032768]=0.00262144
binkey=224 [Edge status: 0 0 0 0 0 1 1 1 ] P(G)=P(cluster8=0)[0.8] * P(cluster1=0|cluster2=0) * P(cluster9=1|cluster6=0) * P(cluster7=1|cluster10=1) * P(cluster10=1|cluster6=0) * P(cluster6=0|cluster2=0) * P(cluster2=0|cluster3=0) * P(cluster3=0|cluster8=0)[0.0131072]=0.0104858
binkey=200 [Edge status: 0 0 0 1 0 0 1 1 ] P(G)=P(cluster8=0)[0.8] * P(cluster1=1|cluster2=0) * P(cluster9=0|cluster6=0) * P(cluster7=1|cluster10=1) * P(cluster10=1|cluster6=0) * P(cluster6=0|cluster2=0) * P(cluster2=0|cluster3=0) * P(cluster3=0|cluster8=0)[0.0131072]=0.0104858
binkey=232 [Edge status: 0 0 0 1 0 1 1 1 ] P(G)=P(cluster8=0)[0.8] * P(cluster1=1|cluster2=0) * P(cluster9=1|cluster6=0) * P(cluster7=1|cluster10=1) * P(cluster10=1|cluster6=0) * P(cluster6=0|cluster2=0) * P(cluster2=0|cluster3=0) * P(cluster3=0|cluster8=0)[0.0032768]=0.00262144
binkey=240 [Edge status: 0 0 0 0 1 1 1 1 ] P(G)=P(cluster8=0)[0.8] * P(cluster1=0|cluster2=0) * P(cluster9=1|cluster6=1) * P(cluster7=1|cluster10=1) * P(cluster10=1|cluster6=1) * P(cluster6=1|cluster2=0) * P(cluster2=0|cluster3=0) * P(cluster3=0|cluster8=0)[0.0524288]=0.041943
binkey=248 [Edge status: 0 0 0 1 1 1 1 1 ] P(G)=P(cluster8=0)[0.8] * P(cluster1=1|cluster2=0) * P(cluster9=1|cluster6=1) * P(cluster7=1|cluster10=1) * P(cluster10=1|cluster6=1) * P(cluster6=1|cluster2=0) * P(cluster2=0|cluster3=0) * P(cluster3=0|cluster8=0)[0.0131072]=0.0104858
binkey=252 [Edge status: 0 0 1 1 1 1 1 1 ] P(G)=P(cluster8=0)[0.8] * P(cluster1=1|cluster2=1) * P(cluster9=1|cluster6=1) * P(cluster7=1|cluster10=1) * P(cluster10=1|cluster6=1) * P(cluster6=1|cluster2=1) * P(cluster2=1|cluster3=0) * P(cluster3=0|cluster8=0)[0.0524288]=0.041943
binkey=247 [Edge status: 1 1 1 0 1 1 1 1 ] P(G)=P(cluster8=1)[0.2] * P(cluster1=0|cluster2=1) * P(cluster9=1|cluster6=1) * P(cluster7=1|cluster10=1) * P(cluster10=1|cluster6=1) * P(cluster6=1|cluster2=1) * P(cluster2=1|cluster3=1) * P(cluster3=1|cluster8=1)[0.0524288]=0.0104858
binkey=119 [Edge status: 1 1 1 0 1 1 1 0 ] P(G)=P(cluster8=1)[0.2] * P(cluster1=0|cluster2=1) * P(cluster9=1|cluster6=1) * P(cluster7=0|cluster10=1) * P(cluster10=1|cluster6=1) * P(cluster6=1|cluster2=1) * P(cluster2=1|cluster3=1) * P(cluster3=1|cluster8=1)[0.0131072]=0.00262144
binkey=215 [Edge status: 1 1 1 0 1 0 1 1 ] P(G)=P(cluster8=1)[0.2] * P(cluster1=0|cluster2=1) * P(cluster9=0|cluster6=1) * P(cluster7=1|cluster10=1) * P(cluster10=1|cluster6=1) * P(cluster6=1|cluster2=1) * P(cluster2=1|cluster3=1) * P(cluster3=1|cluster8=1)[0.0131072]=0.00262144
binkey=87 [Edge status: 1 1 1 0 1 0 1 0 ] P(G)=P(cluster8=1)[0.2] * P(cluster1=0|cluster2=1) * P(cluster9=0|cluster6=1) * P(cluster7=0|cluster10=1) * P(cluster10=1|cluster6=1) * P(cluster6=1|cluster2=1) * P(cluster2=1|cluster3=1) * P(cluster3=1|cluster8=1)[0.0032768]=0.00065536
binkey=55 [Edge status: 1 1 1 0 1 1 0 0 ] P(G)=P(cluster8=1)[0.2] * P(cluster1=0|cluster2=1) * P(cluster9=1|cluster6=1) * P(cluster7=0|cluster10=0) * P(cluster10=0|cluster6=1) * P(cluster6=1|cluster2=1) * P(cluster2=1|cluster3=1) * P(cluster3=1|cluster8=1)[0.0131072]=0.00262144
binkey=23 [Edge status: 1 1 1 0 1 0 0 0 ] P(G)=P(cluster8=1)[0.2] * P(cluster1=0|cluster2=1) * P(cluster9=0|cluster6=1) * P(cluster7=0|cluster10=0) * P(cluster10=0|cluster6=1) * P(cluster6=1|cluster2=1) * P(cluster2=1|cluster3=1) * P(cluster3=1|cluster8=1)[0.0032768]=0.00065536
ITERATION 0 newScore=-2.70425e+06 diffscore=13159.9 priorChange=-108.131 successMove=73
ITERATION 1 newScore=-2.69603e+06 diffscore=8222.59 priorChange=-119.221 successMove=58
ITERATION 2 newScore=-2.69182e+06 diffscore=4211.07 priorChange=-110.904 successMove=55
ITERATION 3 newScore=-2.68532e+06 diffscore=6494.07 priorChange=-117.835 successMove=52
ITERATION 4 newScore=-2.68235e+06 diffscore=2975.92 priorChange=-119.221 successMove=55
ITERATION 5 newScore=-2.67643e+06 diffscore=5916.28 priorChange=-119.221 successMove=54
ITERATION 6 newScore=-2.67041e+06 diffscore=6022.04 priorChange=-117.835 successMove=52
ITERATION 7 newScore=-2.66897e+06 diffscore=1438.75 priorChange=-119.221 successMove=53
ITERATION 8 newScore=-2.66501e+06 diffscore=3956.4 priorChange=-112.29 successMove=53
ITERATION 9 newScore=-2.66077e+06 diffscore=4243.81 priorChange=-101.199 successMove=53
ITERATION 10 newScore=-2.65816e+06 diffscore=2608.02 priorChange=-117.835 successMove=51
ITERATION 11 newScore=-2.65665e+06 diffscore=1514.88 priorChange=-119.221 successMove=53
ITERATION 12 newScore=-2.65536e+06 diffscore=1288.85 priorChange=-110.904 successMove=54
ITERATION 13 newScore=-2.65433e+06 diffscore=1032.02 priorChange=-109.517 successMove=50
ITERATION 14 newScore=-2.65085e+06 diffscore=3479.49 priorChange=-109.517 successMove=50
ITERATION 15 newScore=-2.65018e+06 diffscore=669.061 priorChange=-112.29 successMove=51
ITERATION 16 newScore=-2.64785e+06 diffscore=2327.38 priorChange=-110.904 successMove=50
ITERATION 17 newScore=-2.64489e+06 diffscore=2956.78 priorChange=-128.925 successMove=54
ITERATION 18 newScore=-2.64288e+06 diffscore=2011.86 priorChange=-115.062 successMove=50
ITERATION 19 newScore=-2.64224e+06 diffscore=642.5 priorChange=-115.062 successMove=53
ITERATION 20 newScore=-2.63842e+06 diffscore=3818.29 priorChange=-115.062 successMove=50
ITERATION 21 newScore=-2.63675e+06 diffscore=1671.8 priorChange=-112.29 successMove=49
ITERATION 22 newScore=-2.63538e+06 diffscore=1370.68 priorChange=-110.904 successMove=51
ITERATION 23 newScore=-2.63359e+06 diffscore=1794.06 priorChange=-113.676 successMove=49
ITERATION 24 newScore=-2.63146e+06 diffscore=2129.67 priorChange=-109.517 successMove=49
ITERATION 25 newScore=-2.62788e+06 diffscore=3578.64 priorChange=-120.608 successMove=50
ITERATION 26 newScore=-2.6263e+06 diffscore=1576.34 priorChange=-109.517 successMove=49
ITERATION 27 newScore=-2.62588e+06 diffscore=424.437 priorChange=-108.131 successMove=48
ITERATION 28 newScore=-2.62544e+06 diffscore=437.255 priorChange=-101.199 successMove=48
ITERATION 29 newScore=-2.62486e+06 diffscore=579.484 priorChange=-108.131 successMove=48
ITERATION 30 newScore=-2.623e+06 diffscore=1857.52 priorChange=-99.8132 successMove=50
ITERATION 31 newScore=-2.61721e+06 diffscore=5790.85 priorChange=-97.0406 successMove=50
ITERATION 32 newScore=-2.6153e+06 diffscore=1915.81 priorChange=-94.268 successMove=49
ITERATION 33 newScore=-2.61282e+06 diffscore=2474.06 priorChange=-110.904 successMove=48
ITERATION 34 newScore=-2.61239e+06 diffscore=428.909 priorChange=-120.608 successMove=48
ITERATION 35 newScore=-2.61171e+06 diffscore=678.559 priorChange=-97.0406 successMove=48
ITERATION 36 newScore=-2.60983e+06 diffscore=1882.97 priorChange=-92.8817 successMove=48
ITERATION 37 newScore=-2.60941e+06 diffscore=419.997 priorChange=-88.7228 successMove=48
ITERATION 38 newScore=-2.60774e+06 diffscore=1668.56 priorChange=-95.6543 successMove=49
ITERATION 39 newScore=-2.60646e+06 diffscore=1277.71 priorChange=-90.1091 successMove=46
ITERATION 40 newScore=-2.6051e+06 diffscore=1367.34 priorChange=-94.268 successMove=48
ITERATION 41 newScore=-2.60478e+06 diffscore=316.462 priorChange=-88.7228 successMove=45
ITERATION 42 newScore=-2.60439e+06 diffscore=389.921 priorChange=-91.4954 successMove=46
ITERATION 43 newScore=-2.60278e+06 diffscore=1613.27 priorChange=-85.9503 successMove=46
ITERATION 44 newScore=-2.60131e+06 diffscore=1470.99 priorChange=-91.4954 successMove=44
ITERATION 45 newScore=-2.60085e+06 diffscore=454.877 priorChange=-87.3365 successMove=45
ITERATION 46 newScore=-2.5989e+06 diffscore=1956.13 priorChange=-80.4051 successMove=45
ITERATION 47 newScore=-2.59774e+06 diffscore=1160.27 priorChange=-79.0188 successMove=44
ITERATION 48 newScore=-2.59583e+06 diffscore=1901.14 priorChange=-84.564 successMove=44
ITERATION 49 newScore=-2.5947e+06 diffscore=1136.87 priorChange=-88.7228 successMove=43
ITERATION 50 newScore=-2.59434e+06 diffscore=356.052 priorChange=-94.268 successMove=43
ITERATION 51 newScore=-2.59403e+06 diffscore=311.208 priorChange=-83.1777 successMove=44
ITERATION 52 newScore=-2.59248e+06 diffscore=1546.13 priorChange=-69.3147 successMove=45
ITERATION 53 newScore=-2.59214e+06 diffscore=341.943 priorChange=-67.9284 successMove=43
ITERATION 54 newScore=-2.59158e+06 diffscore=565.132 priorChange=-79.0188 successMove=44
ITERATION 55 newScore=-2.59131e+06 diffscore=267.817 priorChange=-92.8817 successMove=42
ITERATION 56 newScore=-2.59108e+06 diffscore=230.922 priorChange=-72.0873 successMove=43
ITERATION 57 newScore=-2.59083e+06 diffscore=249.31 priorChange=-84.564 successMove=41
ITERATION 58 newScore=-2.59053e+06 diffscore=294.529 priorChange=-94.268 successMove=40
ITERATION 59 newScore=-2.5902e+06 diffscore=334.75 priorChange=-91.4954 successMove=39
ITERATION 60 newScore=-2.58759e+06 diffscore=2612.52 priorChange=-83.1777 successMove=40
ITERATION 61 newScore=-2.58735e+06 diffscore=240.035 priorChange=-88.7228 successMove=39
ITERATION 62 newScore=-2.58709e+06 diffscore=256.226 priorChange=-87.3365 successMove=37
ITERATION 63 newScore=-2.58682e+06 diffscore=269.05 priorChange=-77.6325 successMove=35
ITERATION 64 newScore=-2.58653e+06 diffscore=294.956 priorChange=-73.4736 successMove=36
ITERATION 65 newScore=-2.58537e+06 diffscore=1159.52 priorChange=-65.1558 successMove=35
ITERATION 66 newScore=-2.58401e+06 diffscore=1353.34 priorChange=-56.8381 successMove=33
ITERATION 67 newScore=-2.58244e+06 diffscore=1573.2 priorChange=-69.3147 successMove=31
ITERATION 68 newScore=-2.58228e+06 diffscore=159.141 priorChange=-63.7695 successMove=32
ITERATION 69 newScore=-2.58211e+06 diffscore=173.979 priorChange=-83.1777 successMove=30
ITERATION 70 newScore=-2.58194e+06 diffscore=163.013 priorChange=-70.701 successMove=29
ITERATION 71 newScore=-2.58174e+06 diffscore=201.326 priorChange=-65.1558 successMove=30
ITERATION 72 newScore=-2.58147e+06 diffscore=269.686 priorChange=-47.134 successMove=29
ITERATION 73 newScore=-2.58017e+06 diffscore=1300.04 priorChange=-47.134 successMove=26
ITERATION 74 newScore=-2.57998e+06 diffscore=193.525 priorChange=-36.0437 successMove=24
ITERATION 75 newScore=-2.57982e+06 diffscore=160.637 priorChange=-52.6792 successMove=25
ITERATION 76 newScore=-2.57963e+06 diffscore=190.523 priorChange=-55.4518 successMove=24
ITERATION 77 newScore=-2.57942e+06 diffscore=207.972 priorChange=-48.5203 successMove=22
ITERATION 78 newScore=-2.57909e+06 diffscore=328.651 priorChange=-42.9751 successMove=22
ITERATION 79 newScore=-2.57887e+06 diffscore=224.466 priorChange=-37.4299 successMove=22
ITERATION 80 newScore=-2.57757e+06 diffscore=1302.38 priorChange=-34.6574 successMove=21
ITERATION 81 newScore=-2.57561e+06 diffscore=1951.13 priorChange=-44.3614 successMove=21
ITERATION 82 newScore=-2.57554e+06 diffscore=78.0277 priorChange=-41.5888 successMove=20
ITERATION 83 newScore=-2.57547e+06 diffscore=64.211 priorChange=-38.8162 successMove=20
ITERATION 84 newScore=-2.57541e+06 diffscore=61.8456 priorChange=-33.2711 successMove=20
ITERATION 85 newScore=-2.57535e+06 diffscore=64.2942 priorChange=-40.2025 successMove=20
ITERATION 86 newScore=-2.57424e+06 diffscore=1107.62 priorChange=-38.8162 successMove=20
ITERATION 87 newScore=-2.57418e+06 diffscore=58.9382 priorChange=-37.4299 successMove=19
ITERATION 88 newScore=-2.57413e+06 diffscore=53.9527 priorChange=-31.8848 successMove=18
ITERATION 89 newScore=-2.57407e+06 diffscore=53.6249 priorChange=-33.2711 successMove=16
ITERATION 90 newScore=-2.57401e+06 diffscore=57.5101 priorChange=-27.7259 successMove=15
ITERATION 91 newScore=-2.57396e+06 diffscore=52.191 priorChange=-29.1122 successMove=15
ITERATION 92 newScore=-2.57392e+06 diffscore=44.4896 priorChange=-24.9533 successMove=15
ITERATION 93 newScore=-2.57386e+06 diffscore=55.5131 priorChange=-22.1807 successMove=14
ITERATION 94 newScore=-2.57378e+06 diffscore=77.1854 priorChange=-22.1807 successMove=13
ITERATION 95 newScore=-2.57365e+06 diffscore=134.602 priorChange=-22.1807 successMove=13
ITERATION 96 newScore=-2.57357e+06 diffscore=75.3525 priorChange=-20.7944 successMove=11
ITERATION 97 newScore=-2.57288e+06 diffscore=698.404 priorChange=-15.2492 successMove=9
ITERATION 98 newScore=-2.57283e+06 diffscore=46.0246 priorChange=-20.7944 successMove=9
ITERATION 99 newScore=-2.57277e+06 diffscore=60.9264 priorChange=-15.2492 successMove=10
MetaLearner::dumpAllGraphs
Final Score -2.57277e+06
MetaLearner::start runtime: 1573390483 ms
Results/
Results/cluster2/
Results/cluster2/fold0/
Results/cluster2/fold0/var_mb_pw_k50.txt
Results/cluster2/fold0/modelparams.txt
Results/cluster9/
Results/cluster9/fold0/
Results/cluster9/fold0/var_mb_pw_k50.txt
Results/cluster9/fold0/modelparams.txt
Results/cluster1/
Results/cluster1/fold0/
Results/cluster1/fold0/var_mb_pw_k50.txt
Results/cluster1/fold0/modelparams.txt
Results/cluster3/
Results/cluster3/fold0/
Results/cluster3/fold0/var_mb_pw_k50.txt
Results/cluster3/fold0/modelparams.txt
Results/cluster8/
Results/cluster8/scoreFile.txt
Results/cluster8/fold0/
Results/cluster8/fold0/var_mb_pw_k50.txt
Results/cluster8/fold0/modelparams.txt
Results/cluster6/
Results/cluster6/fold0/
Results/cluster6/fold0/var_mb_pw_k50.txt
Results/cluster6/fold0/modelparams.txt
Results/cluster10/
Results/cluster10/fold0/
Results/cluster10/fold0/var_mb_pw_k50.txt
Results/cluster10/fold0/modelparams.txt
Results/cluster7/
Results/cluster7/fold0/
Results/cluster7/fold0/var_mb_pw_k50.txt
Results/cluster7/fold0/modelparams.txt
