./CVN -f config_condor.txt -x50 -v1 -l TFs_OGs.txt -n AllGenes141.txt -d celltype_tree_ancestor.txt -m testdata_ogids.txt -s celltype_order.txt -p 0.2 -c yes -b -4 -q 4
(cluster3|cluster8) p_maintain_edge=0.8 p_gain=0.2
(cluster2|cluster3) p_maintain_edge=0.8 p_gain=0.2
(cluster1|cluster2) p_maintain_edge=0.8 p_gain=0.2
(cluster6|cluster2) p_maintain_edge=0.8 p_gain=0.2
(cluster9|cluster6) p_maintain_edge=0.8 p_gain=0.2
(cluster10|cluster6) p_maintain_edge=0.8 p_gain=0.2
(cluster7|cluster10) p_maintain_edge=0.8 p_gain=0.2
speciesSet.size()=8 Root is cluster8
MappedOrthogroupReader::readSpeciesMapping() --- celltype_order.txt
MappedOrthogroupReader::readFile - testdata_ogids.txt
MappedOrthogroupReader::generateGeneOrthoMap()
MetaLearner::init_onefold() read:config_condor.txt
MetaLearner::setinputVariableNames number of variables: 2044
readEvidenceTable:cluster8.table
PotentialManager::loadEvidenceFromTable varCount=2044 sampleCount=348
motifNetwork.size() = 319
0=cluster8 motifNetwork=cluster8_network.txt
variable size=2044
readEvidenceTable:cluster3.table
PotentialManager::loadEvidenceFromTable varCount=2044 sampleCount=95
motifNetwork.size() = 326
1=cluster3 motifNetwork=cluster3_network.txt
variable size=2044
readEvidenceTable:cluster2.table
PotentialManager::loadEvidenceFromTable varCount=2044 sampleCount=386
motifNetwork.size() = 328
2=cluster2 motifNetwork=cluster2_network.txt
variable size=2044
readEvidenceTable:cluster1.table
PotentialManager::loadEvidenceFromTable varCount=2044 sampleCount=36
motifNetwork.size() = 322
3=cluster1 motifNetwork=cluster1_network.txt
variable size=2044
readEvidenceTable:cluster6.table
PotentialManager::loadEvidenceFromTable varCount=2044 sampleCount=524
motifNetwork.size() = 320
4=cluster6 motifNetwork=cluster6_network.txt
variable size=2044
readEvidenceTable:cluster9.table
PotentialManager::loadEvidenceFromTable varCount=2044 sampleCount=184
motifNetwork.size() = 327
5=cluster9 motifNetwork=cluster9_network.txt
variable size=2044
readEvidenceTable:cluster10.table
PotentialManager::loadEvidenceFromTable varCount=2044 sampleCount=165
motifNetwork.size() = 326
6=cluster10 motifNetwork=cluster10_network.txt
variable size=2044
readEvidenceTable:cluster7.table
PotentialManager::loadEvidenceFromTable varCount=2044 sampleCount=1032
motifNetwork.size() = 320
7=cluster7 motifNetwork=cluster7_network.txt
variable size=2044
-------------------------------------------------------------
MetaLearner::start
precomputeEmptyGraphPrior
binkey=0 [Edge status: 0 0 0 0 0 0 0 0 ] P(G)=P(cluster8=0)[0.8] * P(cluster1=0|cluster2=0) * P(cluster9=0|cluster6=0) * P(cluster7=0|cluster10=0) * P(cluster10=0|cluster6=0) * P(cluster6=0|cluster2=0) * P(cluster2=0|cluster3=0) * P(cluster3=0|cluster8=0)[0.209715]=0.167772
condsetMap_Tree
0 cluster8=0 cluster3=0 cluster2=0 cluster1=0 cluster6=0 cluster9=0 cluster10=0 cluster7=1
1 cluster8=0 cluster3=0 cluster2=0 cluster1=0 cluster6=0 cluster9=1 cluster10=0 cluster7=0
2 cluster8=0 cluster3=0 cluster2=0 cluster1=0 cluster6=0 cluster9=1 cluster10=0 cluster7=1
3 cluster8=0 cluster3=0 cluster2=0 cluster1=1 cluster6=0 cluster9=0 cluster10=0 cluster7=0
4 cluster8=0 cluster3=0 cluster2=0 cluster1=1 cluster6=0 cluster9=0 cluster10=0 cluster7=1
5 cluster8=0 cluster3=0 cluster2=0 cluster1=1 cluster6=0 cluster9=1 cluster10=0 cluster7=0
6 cluster8=0 cluster3=0 cluster2=0 cluster1=1 cluster6=0 cluster9=1 cluster10=0 cluster7=1
7 cluster8=0 cluster3=0 cluster2=0 cluster1=0 cluster6=0 cluster9=0 cluster10=1 cluster7=1
8 cluster8=0 cluster3=0 cluster2=0 cluster1=0 cluster6=0 cluster9=1 cluster10=1 cluster7=1
9 cluster8=0 cluster3=0 cluster2=0 cluster1=1 cluster6=0 cluster9=0 cluster10=1 cluster7=1
10 cluster8=0 cluster3=0 cluster2=0 cluster1=1 cluster6=0 cluster9=1 cluster10=1 cluster7=1
11 cluster8=0 cluster3=0 cluster2=0 cluster1=0 cluster6=1 cluster9=1 cluster10=1 cluster7=1
12 cluster8=0 cluster3=0 cluster2=0 cluster1=1 cluster6=1 cluster9=1 cluster10=1 cluster7=1
13 cluster8=0 cluster3=0 cluster2=1 cluster1=1 cluster6=1 cluster9=1 cluster10=1 cluster7=1
14 cluster8=0 cluster3=1 cluster2=1 cluster1=1 cluster6=1 cluster9=1 cluster10=1 cluster7=1
15 cluster8=1 cluster3=1 cluster2=1 cluster1=1 cluster6=1 cluster9=1 cluster10=1 cluster7=1
16 cluster8=1 cluster3=1 cluster2=1 cluster1=1 cluster6=1 cluster9=1 cluster10=1 cluster7=0
17 cluster8=1 cluster3=1 cluster2=1 cluster1=1 cluster6=1 cluster9=0 cluster10=1 cluster7=1
18 cluster8=1 cluster3=1 cluster2=1 cluster1=1 cluster6=1 cluster9=0 cluster10=1 cluster7=0
19 cluster8=1 cluster3=1 cluster2=1 cluster1=0 cluster6=1 cluster9=1 cluster10=1 cluster7=1
20 cluster8=1 cluster3=1 cluster2=1 cluster1=0 cluster6=1 cluster9=1 cluster10=1 cluster7=0
21 cluster8=1 cluster3=1 cluster2=1 cluster1=0 cluster6=1 cluster9=0 cluster10=1 cluster7=1
22 cluster8=1 cluster3=1 cluster2=1 cluster1=0 cluster6=1 cluster9=0 cluster10=1 cluster7=0
23 cluster8=1 cluster3=1 cluster2=1 cluster1=1 cluster6=1 cluster9=1 cluster10=0 cluster7=0
24 cluster8=1 cluster3=1 cluster2=1 cluster1=1 cluster6=1 cluster9=0 cluster10=0 cluster7=0
25 cluster8=1 cluster3=1 cluster2=1 cluster1=0 cluster6=1 cluster9=1 cluster10=0 cluster7=0
26 cluster8=1 cluster3=1 cluster2=1 cluster1=0 cluster6=1 cluster9=0 cluster10=0 cluster7=0
27 cluster8=1 cluster3=1 cluster2=1 cluster1=1 cluster6=0 cluster9=0 cluster10=0 cluster7=0
28 cluster8=1 cluster3=1 cluster2=1 cluster1=0 cluster6=0 cluster9=0 cluster10=0 cluster7=0
29 cluster8=1 cluster3=1 cluster2=0 cluster1=0 cluster6=0 cluster9=0 cluster10=0 cluster7=0
30 cluster8=1 cluster3=0 cluster2=0 cluster1=0 cluster6=0 cluster9=0 cluster10=0 cluster7=0
31 cluster8=0 cluster3=0 cluster2=0 cluster1=0 cluster6=1 cluster9=0 cluster10=0 cluster7=0
32 cluster8=0 cluster3=0 cluster2=1 cluster1=0 cluster6=0 cluster9=0 cluster10=0 cluster7=0
33 cluster8=0 cluster3=0 cluster2=0 cluster1=0 cluster6=0 cluster9=0 cluster10=1 cluster7=0
34 cluster8=0 cluster3=1 cluster2=0 cluster1=0 cluster6=0 cluster9=0 cluster10=0 cluster7=0
inputRegulatorOGs.size() = 1999 inputOGList.size() = 50
binkey=2 [Edge status: 0 1 0 0 0 0 0 0 ] P(G)=P(cluster8=0)[0.8] * P(cluster1=0|cluster2=0) * P(cluster9=0|cluster6=0) * P(cluster7=0|cluster10=0) * P(cluster10=0|cluster6=0) * P(cluster6=0|cluster2=0) * P(cluster2=0|cluster3=1) * P(cluster3=1|cluster8=0)[0.0131072]=0.0104858
binkey=8 [Edge status: 0 0 0 1 0 0 0 0 ] P(G)=P(cluster8=0)[0.8] * P(cluster1=1|cluster2=0) * P(cluster9=0|cluster6=0) * P(cluster7=0|cluster10=0) * P(cluster10=0|cluster6=0) * P(cluster6=0|cluster2=0) * P(cluster2=0|cluster3=0) * P(cluster3=0|cluster8=0)[0.0524288]=0.041943
binkey=16 [Edge status: 0 0 0 0 1 0 0 0 ] P(G)=P(cluster8=0)[0.8] * P(cluster1=0|cluster2=0) * P(cluster9=0|cluster6=1) * P(cluster7=0|cluster10=0) * P(cluster10=0|cluster6=1) * P(cluster6=1|cluster2=0) * P(cluster2=0|cluster3=0) * P(cluster3=0|cluster8=0)[0.0032768]=0.00262144
binkey=4 [Edge status: 0 0 1 0 0 0 0 0 ] P(G)=P(cluster8=0)[0.8] * P(cluster1=0|cluster2=1) * P(cluster9=0|cluster6=0) * P(cluster7=0|cluster10=0) * P(cluster10=0|cluster6=0) * P(cluster6=0|cluster2=1) * P(cluster2=1|cluster3=0) * P(cluster3=0|cluster8=0)[0.0032768]=0.00262144
binkey=64 [Edge status: 0 0 0 0 0 0 1 0 ] P(G)=P(cluster8=0)[0.8] * P(cluster1=0|cluster2=0) * P(cluster9=0|cluster6=0) * P(cluster7=0|cluster10=1) * P(cluster10=1|cluster6=0) * P(cluster6=0|cluster2=0) * P(cluster2=0|cluster3=0) * P(cluster3=0|cluster8=0)[0.0131072]=0.0104858
binkey=128 [Edge status: 0 0 0 0 0 0 0 1 ] P(G)=P(cluster8=0)[0.8] * P(cluster1=0|cluster2=0) * P(cluster9=0|cluster6=0) * P(cluster7=1|cluster10=0) * P(cluster10=0|cluster6=0) * P(cluster6=0|cluster2=0) * P(cluster2=0|cluster3=0) * P(cluster3=0|cluster8=0)[0.0524288]=0.041943
binkey=136 [Edge status: 0 0 0 1 0 0 0 1 ] P(G)=P(cluster8=0)[0.8] * P(cluster1=1|cluster2=0) * P(cluster9=0|cluster6=0) * P(cluster7=1|cluster10=0) * P(cluster10=0|cluster6=0) * P(cluster6=0|cluster2=0) * P(cluster2=0|cluster3=0) * P(cluster3=0|cluster8=0)[0.0131072]=0.0104858
binkey=32 [Edge status: 0 0 0 0 0 1 0 0 ] P(G)=P(cluster8=0)[0.8] * P(cluster1=0|cluster2=0) * P(cluster9=1|cluster6=0) * P(cluster7=0|cluster10=0) * P(cluster10=0|cluster6=0) * P(cluster6=0|cluster2=0) * P(cluster2=0|cluster3=0) * P(cluster3=0|cluster8=0)[0.0524288]=0.041943
binkey=1 [Edge status: 1 0 0 0 0 0 0 0 ] P(G)=P(cluster8=1)[0.2] * P(cluster1=0|cluster2=0) * P(cluster9=0|cluster6=0) * P(cluster7=0|cluster10=0) * P(cluster10=0|cluster6=0) * P(cluster6=0|cluster2=0) * P(cluster2=0|cluster3=0) * P(cluster3=0|cluster8=1)[0.0524288]=0.0104858
binkey=192 [Edge status: 0 0 0 0 0 0 1 1 ] P(G)=P(cluster8=0)[0.8] * P(cluster1=0|cluster2=0) * P(cluster9=0|cluster6=0) * P(cluster7=1|cluster10=1) * P(cluster10=1|cluster6=0) * P(cluster6=0|cluster2=0) * P(cluster2=0|cluster3=0) * P(cluster3=0|cluster8=0)[0.0524288]=0.041943
binkey=160 [Edge status: 0 0 0 0 0 1 0 1 ] P(G)=P(cluster8=0)[0.8] * P(cluster1=0|cluster2=0) * P(cluster9=1|cluster6=0) * P(cluster7=1|cluster10=0) * P(cluster10=0|cluster6=0) * P(cluster6=0|cluster2=0) * P(cluster2=0|cluster3=0) * P(cluster3=0|cluster8=0)[0.0131072]=0.0104858
binkey=224 [Edge status: 0 0 0 0 0 1 1 1 ] P(G)=P(cluster8=0)[0.8] * P(cluster1=0|cluster2=0) * P(cluster9=1|cluster6=0) * P(cluster7=1|cluster10=1) * P(cluster10=1|cluster6=0) * P(cluster6=0|cluster2=0) * P(cluster2=0|cluster3=0) * P(cluster3=0|cluster8=0)[0.0131072]=0.0104858
binkey=240 [Edge status: 0 0 0 0 1 1 1 1 ] P(G)=P(cluster8=0)[0.8] * P(cluster1=0|cluster2=0) * P(cluster9=1|cluster6=1) * P(cluster7=1|cluster10=1) * P(cluster10=1|cluster6=1) * P(cluster6=1|cluster2=0) * P(cluster2=0|cluster3=0) * P(cluster3=0|cluster8=0)[0.0524288]=0.041943
binkey=3 [Edge status: 1 1 0 0 0 0 0 0 ] P(G)=P(cluster8=1)[0.2] * P(cluster1=0|cluster2=0) * P(cluster9=0|cluster6=0) * P(cluster7=0|cluster10=0) * P(cluster10=0|cluster6=0) * P(cluster6=0|cluster2=0) * P(cluster2=0|cluster3=1) * P(cluster3=1|cluster8=1)[0.0524288]=0.0104858
binkey=23 [Edge status: 1 1 1 0 1 0 0 0 ] P(G)=P(cluster8=1)[0.2] * P(cluster1=0|cluster2=1) * P(cluster9=0|cluster6=1) * P(cluster7=0|cluster10=0) * P(cluster10=0|cluster6=1) * P(cluster6=1|cluster2=1) * P(cluster2=1|cluster3=1) * P(cluster3=1|cluster8=1)[0.0032768]=0.00065536
binkey=7 [Edge status: 1 1 1 0 0 0 0 0 ] P(G)=P(cluster8=1)[0.2] * P(cluster1=0|cluster2=1) * P(cluster9=0|cluster6=0) * P(cluster7=0|cluster10=0) * P(cluster10=0|cluster6=0) * P(cluster6=0|cluster2=1) * P(cluster2=1|cluster3=1) * P(cluster3=1|cluster8=1)[0.0131072]=0.00262144
binkey=40 [Edge status: 0 0 0 1 0 1 0 0 ] P(G)=P(cluster8=0)[0.8] * P(cluster1=1|cluster2=0) * P(cluster9=1|cluster6=0) * P(cluster7=0|cluster10=0) * P(cluster10=0|cluster6=0) * P(cluster6=0|cluster2=0) * P(cluster2=0|cluster3=0) * P(cluster3=0|cluster8=0)[0.0131072]=0.0104858
binkey=168 [Edge status: 0 0 0 1 0 1 0 1 ] P(G)=P(cluster8=0)[0.8] * P(cluster1=1|cluster2=0) * P(cluster9=1|cluster6=0) * P(cluster7=1|cluster10=0) * P(cluster10=0|cluster6=0) * P(cluster6=0|cluster2=0) * P(cluster2=0|cluster3=0) * P(cluster3=0|cluster8=0)[0.0032768]=0.00262144
binkey=200 [Edge status: 0 0 0 1 0 0 1 1 ] P(G)=P(cluster8=0)[0.8] * P(cluster1=1|cluster2=0) * P(cluster9=0|cluster6=0) * P(cluster7=1|cluster10=1) * P(cluster10=1|cluster6=0) * P(cluster6=0|cluster2=0) * P(cluster2=0|cluster3=0) * P(cluster3=0|cluster8=0)[0.0131072]=0.0104858
binkey=232 [Edge status: 0 0 0 1 0 1 1 1 ] P(G)=P(cluster8=0)[0.8] * P(cluster1=1|cluster2=0) * P(cluster9=1|cluster6=0) * P(cluster7=1|cluster10=1) * P(cluster10=1|cluster6=0) * P(cluster6=0|cluster2=0) * P(cluster2=0|cluster3=0) * P(cluster3=0|cluster8=0)[0.0032768]=0.00262144
binkey=55 [Edge status: 1 1 1 0 1 1 0 0 ] P(G)=P(cluster8=1)[0.2] * P(cluster1=0|cluster2=1) * P(cluster9=1|cluster6=1) * P(cluster7=0|cluster10=0) * P(cluster10=0|cluster6=1) * P(cluster6=1|cluster2=1) * P(cluster2=1|cluster3=1) * P(cluster3=1|cluster8=1)[0.0131072]=0.00262144
binkey=248 [Edge status: 0 0 0 1 1 1 1 1 ] P(G)=P(cluster8=0)[0.8] * P(cluster1=1|cluster2=0) * P(cluster9=1|cluster6=1) * P(cluster7=1|cluster10=1) * P(cluster10=1|cluster6=1) * P(cluster6=1|cluster2=0) * P(cluster2=0|cluster3=0) * P(cluster3=0|cluster8=0)[0.0131072]=0.0104858
binkey=252 [Edge status: 0 0 1 1 1 1 1 1 ] P(G)=P(cluster8=0)[0.8] * P(cluster1=1|cluster2=1) * P(cluster9=1|cluster6=1) * P(cluster7=1|cluster10=1) * P(cluster10=1|cluster6=1) * P(cluster6=1|cluster2=1) * P(cluster2=1|cluster3=0) * P(cluster3=0|cluster8=0)[0.0524288]=0.041943
ITERATION 0 newScore=-2.721e+06 diffscore=5653.37 priorChange=-105.358 successMove=57
ITERATION 1 newScore=-2.70912e+06 diffscore=11882 priorChange=-110.904 successMove=53
ITERATION 2 newScore=-2.69986e+06 diffscore=9261.08 priorChange=-119.221 successMove=52
ITERATION 3 newScore=-2.69455e+06 diffscore=5308.58 priorChange=-109.517 successMove=51
ITERATION 4 newScore=-2.6919e+06 diffscore=2647.08 priorChange=-121.994 successMove=53
ITERATION 5 newScore=-2.68942e+06 diffscore=2484.39 priorChange=-109.517 successMove=53
ITERATION 6 newScore=-2.68394e+06 diffscore=5476.86 priorChange=-116.449 successMove=53
ITERATION 7 newScore=-2.68004e+06 diffscore=3899.31 priorChange=-97.0406 successMove=51
ITERATION 8 newScore=-2.67733e+06 diffscore=2704.85 priorChange=-116.449 successMove=52
ITERATION 9 newScore=-2.67446e+06 diffscore=2878.68 priorChange=-120.608 successMove=54
ITERATION 10 newScore=-2.67082e+06 diffscore=3631.29 priorChange=-116.449 successMove=51
ITERATION 11 newScore=-2.66582e+06 diffscore=5003.9 priorChange=-109.517 successMove=51
ITERATION 12 newScore=-2.66351e+06 diffscore=2311.84 priorChange=-113.676 successMove=52
ITERATION 13 newScore=-2.66223e+06 diffscore=1281.82 priorChange=-98.4269 successMove=51
ITERATION 14 newScore=-2.65893e+06 diffscore=3292.95 priorChange=-103.972 successMove=50
ITERATION 15 newScore=-2.65835e+06 diffscore=583.157 priorChange=-102.586 successMove=49
ITERATION 16 newScore=-2.65625e+06 diffscore=2105.61 priorChange=-99.8132 successMove=52
ITERATION 17 newScore=-2.65387e+06 diffscore=2372.33 priorChange=-109.517 successMove=50
ITERATION 18 newScore=-2.65212e+06 diffscore=1756.94 priorChange=-102.586 successMove=50
ITERATION 19 newScore=-2.65142e+06 diffscore=692.255 priorChange=-112.29 successMove=53
ITERATION 20 newScore=-2.65057e+06 diffscore=849.502 priorChange=-117.835 successMove=51
ITERATION 21 newScore=-2.64981e+06 diffscore=766.016 priorChange=-106.745 successMove=48
ITERATION 22 newScore=-2.64647e+06 diffscore=3337.48 priorChange=-101.199 successMove=49
ITERATION 23 newScore=-2.64478e+06 diffscore=1695.86 priorChange=-108.131 successMove=49
ITERATION 24 newScore=-2.64435e+06 diffscore=427.365 priorChange=-97.0406 successMove=48
ITERATION 25 newScore=-2.64382e+06 diffscore=525.287 priorChange=-102.586 successMove=49
ITERATION 26 newScore=-2.6413e+06 diffscore=2522.55 priorChange=-90.1091 successMove=49
ITERATION 27 newScore=-2.64095e+06 diffscore=347.007 priorChange=-103.972 successMove=47
ITERATION 28 newScore=-2.6406e+06 diffscore=352.881 priorChange=-109.517 successMove=47
ITERATION 29 newScore=-2.64023e+06 diffscore=366.674 priorChange=-106.745 successMove=50
ITERATION 30 newScore=-2.63848e+06 diffscore=1756.31 priorChange=-105.358 successMove=48
ITERATION 31 newScore=-2.6381e+06 diffscore=381.408 priorChange=-101.199 successMove=49
ITERATION 32 newScore=-2.63648e+06 diffscore=1620.05 priorChange=-92.8817 successMove=47
ITERATION 33 newScore=-2.6361e+06 diffscore=372.368 priorChange=-98.4269 successMove=47
ITERATION 34 newScore=-2.63427e+06 diffscore=1836.1 priorChange=-106.745 successMove=46
ITERATION 35 newScore=-2.63363e+06 diffscore=632.73 priorChange=-105.358 successMove=46
ITERATION 36 newScore=-2.63139e+06 diffscore=2242.51 priorChange=-98.4269 successMove=46
ITERATION 37 newScore=-2.62842e+06 diffscore=2968.1 priorChange=-108.131 successMove=45
ITERATION 38 newScore=-2.62789e+06 diffscore=532.789 priorChange=-92.8817 successMove=45
ITERATION 39 newScore=-2.62638e+06 diffscore=1506.14 priorChange=-76.2462 successMove=45
binkey=87 [Edge status: 1 1 1 0 1 0 1 0 ] P(G)=P(cluster8=1)[0.2] * P(cluster1=0|cluster2=1) * P(cluster9=0|cluster6=1) * P(cluster7=0|cluster10=1) * P(cluster10=1|cluster6=1) * P(cluster6=1|cluster2=1) * P(cluster2=1|cluster3=1) * P(cluster3=1|cluster8=1)[0.0032768]=0.00065536
ITERATION 40 newScore=-2.62582e+06 diffscore=569.121 priorChange=-79.0188 successMove=44
ITERATION 41 newScore=-2.62497e+06 diffscore=848.316 priorChange=-95.6543 successMove=44
ITERATION 42 newScore=-2.62222e+06 diffscore=2743.81 priorChange=-103.972 successMove=43
ITERATION 43 newScore=-2.62172e+06 diffscore=500.554 priorChange=-94.268 successMove=43
ITERATION 44 newScore=-2.61929e+06 diffscore=2435.12 priorChange=-94.268 successMove=44
ITERATION 45 newScore=-2.61898e+06 diffscore=304.817 priorChange=-97.0406 successMove=44
ITERATION 46 newScore=-2.6176e+06 diffscore=1379.14 priorChange=-94.268 successMove=44
ITERATION 47 newScore=-2.61702e+06 diffscore=585.491 priorChange=-90.1091 successMove=40
ITERATION 48 newScore=-2.61448e+06 diffscore=2537.29 priorChange=-77.6325 successMove=41
ITERATION 49 newScore=-2.61424e+06 diffscore=237.715 priorChange=-79.0188 successMove=40
ITERATION 50 newScore=-2.61397e+06 diffscore=277.316 priorChange=-74.8599 successMove=40
ITERATION 51 newScore=-2.61348e+06 diffscore=481.54 priorChange=-94.268 successMove=38
ITERATION 52 newScore=-2.61166e+06 diffscore=1821.16 priorChange=-95.6543 successMove=38
ITERATION 53 newScore=-2.61019e+06 diffscore=1474.77 priorChange=-65.1558 successMove=37
ITERATION 54 newScore=-2.60997e+06 diffscore=222.6 priorChange=-84.564 successMove=37
ITERATION 55 newScore=-2.60878e+06 diffscore=1183.77 priorChange=-70.701 successMove=36
ITERATION 56 newScore=-2.6086e+06 diffscore=186.78 priorChange=-77.6325 successMove=36
ITERATION 57 newScore=-2.60838e+06 diffscore=217.227 priorChange=-81.7914 successMove=37
ITERATION 58 newScore=-2.60819e+06 diffscore=187.027 priorChange=-76.2462 successMove=36
ITERATION 59 newScore=-2.60792e+06 diffscore=274.847 priorChange=-74.8599 successMove=34
ITERATION 60 newScore=-2.60643e+06 diffscore=1487.1 priorChange=-67.9284 successMove=34
ITERATION 61 newScore=-2.60625e+06 diffscore=178.748 priorChange=-62.3832 successMove=34
ITERATION 62 newScore=-2.60604e+06 diffscore=209.821 priorChange=-69.3147 successMove=34
ITERATION 63 newScore=-2.60544e+06 diffscore=602.49 priorChange=-69.3147 successMove=34
ITERATION 64 newScore=-2.60427e+06 diffscore=1164.9 priorChange=-62.3832 successMove=35
ITERATION 65 newScore=-2.60409e+06 diffscore=180.658 priorChange=-48.5203 successMove=32
ITERATION 66 newScore=-2.60392e+06 diffscore=172.35 priorChange=-55.4518 successMove=34
ITERATION 67 newScore=-2.60347e+06 diffscore=447.133 priorChange=-60.997 successMove=32
ITERATION 68 newScore=-2.60288e+06 diffscore=588.926 priorChange=-63.7695 successMove=32
ITERATION 69 newScore=-2.60267e+06 diffscore=212.117 priorChange=-65.1558 successMove=32
ITERATION 70 newScore=-2.60248e+06 diffscore=193.101 priorChange=-69.3147 successMove=32
ITERATION 71 newScore=-2.60228e+06 diffscore=199.5 priorChange=-70.701 successMove=32
ITERATION 72 newScore=-2.60204e+06 diffscore=240.673 priorChange=-67.9284 successMove=32
ITERATION 73 newScore=-2.60175e+06 diffscore=285.876 priorChange=-63.7695 successMove=34
ITERATION 74 newScore=-2.60045e+06 diffscore=1304.19 priorChange=-77.6325 successMove=31
ITERATION 75 newScore=-2.59912e+06 diffscore=1325.64 priorChange=-63.7695 successMove=32
ITERATION 76 newScore=-2.59781e+06 diffscore=1314.97 priorChange=-66.5421 successMove=32
ITERATION 77 newScore=-2.59662e+06 diffscore=1184.28 priorChange=-70.701 successMove=32
ITERATION 78 newScore=-2.59644e+06 diffscore=179.304 priorChange=-62.3832 successMove=31
ITERATION 79 newScore=-2.59506e+06 diffscore=1380.91 priorChange=-62.3832 successMove=30
ITERATION 80 newScore=-2.5949e+06 diffscore=160.961 priorChange=-56.8381 successMove=29
ITERATION 81 newScore=-2.59461e+06 diffscore=297.303 priorChange=-45.7477 successMove=27
ITERATION 82 newScore=-2.59392e+06 diffscore=684.653 priorChange=-49.9066 successMove=26
ITERATION 83 newScore=-2.59368e+06 diffscore=242.063 priorChange=-47.134 successMove=25
ITERATION 84 newScore=-2.59252e+06 diffscore=1161.76 priorChange=-49.9066 successMove=23
ITERATION 85 newScore=-2.59127e+06 diffscore=1243.33 priorChange=-41.5888 successMove=20
ITERATION 86 newScore=-2.59106e+06 diffscore=215.2 priorChange=-31.8848 successMove=21
ITERATION 87 newScore=-2.58979e+06 diffscore=1272.03 priorChange=-40.2025 successMove=20
ITERATION 88 newScore=-2.58967e+06 diffscore=119.681 priorChange=-31.8848 successMove=18
ITERATION 89 newScore=-2.58937e+06 diffscore=298.048 priorChange=-31.8848 successMove=18
ITERATION 90 newScore=-2.58922e+06 diffscore=146.216 priorChange=-24.9533 successMove=17
ITERATION 91 newScore=-2.58824e+06 diffscore=977.847 priorChange=-33.2711 successMove=17
ITERATION 92 newScore=-2.58817e+06 diffscore=73.998 priorChange=-29.1122 successMove=17
ITERATION 93 newScore=-2.58809e+06 diffscore=78.7507 priorChange=-30.4985 successMove=16
ITERATION 94 newScore=-2.58799e+06 diffscore=100.081 priorChange=-33.2711 successMove=16
ITERATION 95 newScore=-2.58786e+06 diffscore=129.4 priorChange=-29.1122 successMove=16
ITERATION 96 newScore=-2.58772e+06 diffscore=144.96 priorChange=-26.3396 successMove=16
ITERATION 97 newScore=-2.58762e+06 diffscore=97.8013 priorChange=-30.4985 successMove=15
ITERATION 98 newScore=-2.58752e+06 diffscore=103.411 priorChange=-27.7259 successMove=16
ITERATION 99 newScore=-2.5874e+06 diffscore=118.447 priorChange=-29.1122 successMove=14
MetaLearner::dumpAllGraphs
Final Score -2.5874e+06
MetaLearner::start runtime: 1307153861 ms
Results/
Results/cluster3/
Results/cluster3/fold0/
Results/cluster3/fold0/modelparams.txt
Results/cluster3/fold0/var_mb_pw_k50.txt
Results/cluster7/
Results/cluster7/fold0/
Results/cluster7/fold0/modelparams.txt
Results/cluster7/fold0/var_mb_pw_k50.txt
Results/cluster2/
Results/cluster2/fold0/
Results/cluster2/fold0/modelparams.txt
Results/cluster2/fold0/var_mb_pw_k50.txt
Results/cluster9/
Results/cluster9/fold0/
Results/cluster9/fold0/modelparams.txt
Results/cluster9/fold0/var_mb_pw_k50.txt
Results/cluster6/
Results/cluster6/fold0/
Results/cluster6/fold0/modelparams.txt
Results/cluster6/fold0/var_mb_pw_k50.txt
Results/cluster1/
Results/cluster1/fold0/
Results/cluster1/fold0/modelparams.txt
Results/cluster1/fold0/var_mb_pw_k50.txt
Results/cluster10/
Results/cluster10/fold0/
Results/cluster10/fold0/modelparams.txt
Results/cluster10/fold0/var_mb_pw_k50.txt
Results/cluster8/
Results/cluster8/scoreFile.txt
Results/cluster8/fold0/
Results/cluster8/fold0/modelparams.txt
Results/cluster8/fold0/var_mb_pw_k50.txt
