./CVN -f config_condor.txt -x50 -v1 -l TFs_OGs.txt -n AllGenes120.txt -d celltype_tree_ancestor.txt -m testdata_ogids.txt -s celltype_order.txt -p 0.2 -c yes -b -4 -q 4
(cluster3|cluster8) p_maintain_edge=0.8 p_gain=0.2
(cluster2|cluster3) p_maintain_edge=0.8 p_gain=0.2
(cluster1|cluster2) p_maintain_edge=0.8 p_gain=0.2
(cluster6|cluster2) p_maintain_edge=0.8 p_gain=0.2
(cluster9|cluster6) p_maintain_edge=0.8 p_gain=0.2
(cluster10|cluster6) p_maintain_edge=0.8 p_gain=0.2
(cluster7|cluster10) p_maintain_edge=0.8 p_gain=0.2
speciesSet.size()=8 Root is cluster8
MappedOrthogroupReader::readSpeciesMapping() --- celltype_order.txt
MappedOrthogroupReader::readFile - testdata_ogids.txt
MappedOrthogroupReader::generateGeneOrthoMap()
MetaLearner::init_onefold() read:config_condor.txt
MetaLearner::setinputVariableNames number of variables: 2037
readEvidenceTable:cluster8.table
PotentialManager::loadEvidenceFromTable varCount=2037 sampleCount=348
motifNetwork.size() = 319
0=cluster8 motifNetwork=cluster8_network.txt
variable size=2037
readEvidenceTable:cluster3.table
PotentialManager::loadEvidenceFromTable varCount=2037 sampleCount=95
motifNetwork.size() = 326
1=cluster3 motifNetwork=cluster3_network.txt
variable size=2037
readEvidenceTable:cluster2.table
PotentialManager::loadEvidenceFromTable varCount=2037 sampleCount=386
motifNetwork.size() = 328
2=cluster2 motifNetwork=cluster2_network.txt
variable size=2037
readEvidenceTable:cluster1.table
PotentialManager::loadEvidenceFromTable varCount=2037 sampleCount=36
motifNetwork.size() = 322
3=cluster1 motifNetwork=cluster1_network.txt
variable size=2037
readEvidenceTable:cluster6.table
PotentialManager::loadEvidenceFromTable varCount=2037 sampleCount=524
motifNetwork.size() = 320
4=cluster6 motifNetwork=cluster6_network.txt
variable size=2037
readEvidenceTable:cluster9.table
PotentialManager::loadEvidenceFromTable varCount=2037 sampleCount=184
motifNetwork.size() = 327
5=cluster9 motifNetwork=cluster9_network.txt
variable size=2037
readEvidenceTable:cluster10.table
PotentialManager::loadEvidenceFromTable varCount=2037 sampleCount=165
motifNetwork.size() = 326
6=cluster10 motifNetwork=cluster10_network.txt
variable size=2037
readEvidenceTable:cluster7.table
PotentialManager::loadEvidenceFromTable varCount=2037 sampleCount=1032
motifNetwork.size() = 320
7=cluster7 motifNetwork=cluster7_network.txt
variable size=2037
-------------------------------------------------------------
MetaLearner::start
precomputeEmptyGraphPrior
binkey=0 [Edge status: 0 0 0 0 0 0 0 0 ] P(G)=P(cluster8=0)[0.8] * P(cluster1=0|cluster2=0) * P(cluster9=0|cluster6=0) * P(cluster7=0|cluster10=0) * P(cluster10=0|cluster6=0) * P(cluster6=0|cluster2=0) * P(cluster2=0|cluster3=0) * P(cluster3=0|cluster8=0)[0.209715]=0.167772
condsetMap_Tree
0 cluster8=0 cluster3=0 cluster2=0 cluster1=0 cluster6=0 cluster9=0 cluster10=0 cluster7=1
1 cluster8=0 cluster3=0 cluster2=0 cluster1=0 cluster6=0 cluster9=1 cluster10=0 cluster7=0
2 cluster8=0 cluster3=0 cluster2=0 cluster1=0 cluster6=0 cluster9=1 cluster10=0 cluster7=1
3 cluster8=0 cluster3=0 cluster2=0 cluster1=1 cluster6=0 cluster9=0 cluster10=0 cluster7=0
4 cluster8=0 cluster3=0 cluster2=0 cluster1=1 cluster6=0 cluster9=0 cluster10=0 cluster7=1
5 cluster8=0 cluster3=0 cluster2=0 cluster1=1 cluster6=0 cluster9=1 cluster10=0 cluster7=0
6 cluster8=0 cluster3=0 cluster2=0 cluster1=1 cluster6=0 cluster9=1 cluster10=0 cluster7=1
7 cluster8=0 cluster3=0 cluster2=0 cluster1=0 cluster6=0 cluster9=0 cluster10=1 cluster7=1
8 cluster8=0 cluster3=0 cluster2=0 cluster1=0 cluster6=0 cluster9=1 cluster10=1 cluster7=1
9 cluster8=0 cluster3=0 cluster2=0 cluster1=1 cluster6=0 cluster9=0 cluster10=1 cluster7=1
10 cluster8=0 cluster3=0 cluster2=0 cluster1=1 cluster6=0 cluster9=1 cluster10=1 cluster7=1
11 cluster8=0 cluster3=0 cluster2=0 cluster1=0 cluster6=1 cluster9=1 cluster10=1 cluster7=1
12 cluster8=0 cluster3=0 cluster2=0 cluster1=1 cluster6=1 cluster9=1 cluster10=1 cluster7=1
13 cluster8=0 cluster3=0 cluster2=1 cluster1=1 cluster6=1 cluster9=1 cluster10=1 cluster7=1
14 cluster8=0 cluster3=1 cluster2=1 cluster1=1 cluster6=1 cluster9=1 cluster10=1 cluster7=1
15 cluster8=1 cluster3=1 cluster2=1 cluster1=1 cluster6=1 cluster9=1 cluster10=1 cluster7=1
16 cluster8=1 cluster3=1 cluster2=1 cluster1=1 cluster6=1 cluster9=1 cluster10=1 cluster7=0
17 cluster8=1 cluster3=1 cluster2=1 cluster1=1 cluster6=1 cluster9=0 cluster10=1 cluster7=1
18 cluster8=1 cluster3=1 cluster2=1 cluster1=1 cluster6=1 cluster9=0 cluster10=1 cluster7=0
19 cluster8=1 cluster3=1 cluster2=1 cluster1=0 cluster6=1 cluster9=1 cluster10=1 cluster7=1
20 cluster8=1 cluster3=1 cluster2=1 cluster1=0 cluster6=1 cluster9=1 cluster10=1 cluster7=0
21 cluster8=1 cluster3=1 cluster2=1 cluster1=0 cluster6=1 cluster9=0 cluster10=1 cluster7=1
22 cluster8=1 cluster3=1 cluster2=1 cluster1=0 cluster6=1 cluster9=0 cluster10=1 cluster7=0
23 cluster8=1 cluster3=1 cluster2=1 cluster1=1 cluster6=1 cluster9=1 cluster10=0 cluster7=0
24 cluster8=1 cluster3=1 cluster2=1 cluster1=1 cluster6=1 cluster9=0 cluster10=0 cluster7=0
25 cluster8=1 cluster3=1 cluster2=1 cluster1=0 cluster6=1 cluster9=1 cluster10=0 cluster7=0
26 cluster8=1 cluster3=1 cluster2=1 cluster1=0 cluster6=1 cluster9=0 cluster10=0 cluster7=0
27 cluster8=1 cluster3=1 cluster2=1 cluster1=1 cluster6=0 cluster9=0 cluster10=0 cluster7=0
28 cluster8=1 cluster3=1 cluster2=1 cluster1=0 cluster6=0 cluster9=0 cluster10=0 cluster7=0
29 cluster8=1 cluster3=1 cluster2=0 cluster1=0 cluster6=0 cluster9=0 cluster10=0 cluster7=0
30 cluster8=1 cluster3=0 cluster2=0 cluster1=0 cluster6=0 cluster9=0 cluster10=0 cluster7=0
31 cluster8=0 cluster3=0 cluster2=0 cluster1=0 cluster6=1 cluster9=0 cluster10=0 cluster7=0
32 cluster8=0 cluster3=0 cluster2=1 cluster1=0 cluster6=0 cluster9=0 cluster10=0 cluster7=0
33 cluster8=0 cluster3=0 cluster2=0 cluster1=0 cluster6=0 cluster9=0 cluster10=1 cluster7=0
34 cluster8=0 cluster3=1 cluster2=0 cluster1=0 cluster6=0 cluster9=0 cluster10=0 cluster7=0
inputRegulatorOGs.size() = 1999 inputOGList.size() = 50
binkey=128 [Edge status: 0 0 0 0 0 0 0 1 ] P(G)=P(cluster8=0)[0.8] * P(cluster1=0|cluster2=0) * P(cluster9=0|cluster6=0) * P(cluster7=1|cluster10=0) * P(cluster10=0|cluster6=0) * P(cluster6=0|cluster2=0) * P(cluster2=0|cluster3=0) * P(cluster3=0|cluster8=0)[0.0524288]=0.041943
binkey=1 [Edge status: 1 0 0 0 0 0 0 0 ] P(G)=P(cluster8=1)[0.2] * P(cluster1=0|cluster2=0) * P(cluster9=0|cluster6=0) * P(cluster7=0|cluster10=0) * P(cluster10=0|cluster6=0) * P(cluster6=0|cluster2=0) * P(cluster2=0|cluster3=0) * P(cluster3=0|cluster8=1)[0.0524288]=0.0104858
binkey=16 [Edge status: 0 0 0 0 1 0 0 0 ] P(G)=P(cluster8=0)[0.8] * P(cluster1=0|cluster2=0) * P(cluster9=0|cluster6=1) * P(cluster7=0|cluster10=0) * P(cluster10=0|cluster6=1) * P(cluster6=1|cluster2=0) * P(cluster2=0|cluster3=0) * P(cluster3=0|cluster8=0)[0.0032768]=0.00262144
binkey=4 [Edge status: 0 0 1 0 0 0 0 0 ] P(G)=P(cluster8=0)[0.8] * P(cluster1=0|cluster2=1) * P(cluster9=0|cluster6=0) * P(cluster7=0|cluster10=0) * P(cluster10=0|cluster6=0) * P(cluster6=0|cluster2=1) * P(cluster2=1|cluster3=0) * P(cluster3=0|cluster8=0)[0.0032768]=0.00262144
binkey=64 [Edge status: 0 0 0 0 0 0 1 0 ] P(G)=P(cluster8=0)[0.8] * P(cluster1=0|cluster2=0) * P(cluster9=0|cluster6=0) * P(cluster7=0|cluster10=1) * P(cluster10=1|cluster6=0) * P(cluster6=0|cluster2=0) * P(cluster2=0|cluster3=0) * P(cluster3=0|cluster8=0)[0.0131072]=0.0104858
binkey=32 [Edge status: 0 0 0 0 0 1 0 0 ] P(G)=P(cluster8=0)[0.8] * P(cluster1=0|cluster2=0) * P(cluster9=1|cluster6=0) * P(cluster7=0|cluster10=0) * P(cluster10=0|cluster6=0) * P(cluster6=0|cluster2=0) * P(cluster2=0|cluster3=0) * P(cluster3=0|cluster8=0)[0.0524288]=0.041943
binkey=2 [Edge status: 0 1 0 0 0 0 0 0 ] P(G)=P(cluster8=0)[0.8] * P(cluster1=0|cluster2=0) * P(cluster9=0|cluster6=0) * P(cluster7=0|cluster10=0) * P(cluster10=0|cluster6=0) * P(cluster6=0|cluster2=0) * P(cluster2=0|cluster3=1) * P(cluster3=1|cluster8=0)[0.0131072]=0.0104858
binkey=8 [Edge status: 0 0 0 1 0 0 0 0 ] P(G)=P(cluster8=0)[0.8] * P(cluster1=1|cluster2=0) * P(cluster9=0|cluster6=0) * P(cluster7=0|cluster10=0) * P(cluster10=0|cluster6=0) * P(cluster6=0|cluster2=0) * P(cluster2=0|cluster3=0) * P(cluster3=0|cluster8=0)[0.0524288]=0.041943
binkey=136 [Edge status: 0 0 0 1 0 0 0 1 ] P(G)=P(cluster8=0)[0.8] * P(cluster1=1|cluster2=0) * P(cluster9=0|cluster6=0) * P(cluster7=1|cluster10=0) * P(cluster10=0|cluster6=0) * P(cluster6=0|cluster2=0) * P(cluster2=0|cluster3=0) * P(cluster3=0|cluster8=0)[0.0131072]=0.0104858
binkey=160 [Edge status: 0 0 0 0 0 1 0 1 ] P(G)=P(cluster8=0)[0.8] * P(cluster1=0|cluster2=0) * P(cluster9=1|cluster6=0) * P(cluster7=1|cluster10=0) * P(cluster10=0|cluster6=0) * P(cluster6=0|cluster2=0) * P(cluster2=0|cluster3=0) * P(cluster3=0|cluster8=0)[0.0131072]=0.0104858
binkey=40 [Edge status: 0 0 0 1 0 1 0 0 ] P(G)=P(cluster8=0)[0.8] * P(cluster1=1|cluster2=0) * P(cluster9=1|cluster6=0) * P(cluster7=0|cluster10=0) * P(cluster10=0|cluster6=0) * P(cluster6=0|cluster2=0) * P(cluster2=0|cluster3=0) * P(cluster3=0|cluster8=0)[0.0131072]=0.0104858
binkey=3 [Edge status: 1 1 0 0 0 0 0 0 ] P(G)=P(cluster8=1)[0.2] * P(cluster1=0|cluster2=0) * P(cluster9=0|cluster6=0) * P(cluster7=0|cluster10=0) * P(cluster10=0|cluster6=0) * P(cluster6=0|cluster2=0) * P(cluster2=0|cluster3=1) * P(cluster3=1|cluster8=1)[0.0524288]=0.0104858
binkey=7 [Edge status: 1 1 1 0 0 0 0 0 ] P(G)=P(cluster8=1)[0.2] * P(cluster1=0|cluster2=1) * P(cluster9=0|cluster6=0) * P(cluster7=0|cluster10=0) * P(cluster10=0|cluster6=0) * P(cluster6=0|cluster2=1) * P(cluster2=1|cluster3=1) * P(cluster3=1|cluster8=1)[0.0131072]=0.00262144
binkey=31 [Edge status: 1 1 1 1 1 0 0 0 ] P(G)=P(cluster8=1)[0.2] * P(cluster1=1|cluster2=1) * P(cluster9=0|cluster6=1) * P(cluster7=0|cluster10=0) * P(cluster10=0|cluster6=1) * P(cluster6=1|cluster2=1) * P(cluster2=1|cluster3=1) * P(cluster3=1|cluster8=1)[0.0131072]=0.00262144
binkey=23 [Edge status: 1 1 1 0 1 0 0 0 ] P(G)=P(cluster8=1)[0.2] * P(cluster1=0|cluster2=1) * P(cluster9=0|cluster6=1) * P(cluster7=0|cluster10=0) * P(cluster10=0|cluster6=1) * P(cluster6=1|cluster2=1) * P(cluster2=1|cluster3=1) * P(cluster3=1|cluster8=1)[0.0032768]=0.00065536
binkey=15 [Edge status: 1 1 1 1 0 0 0 0 ] P(G)=P(cluster8=1)[0.2] * P(cluster1=1|cluster2=1) * P(cluster9=0|cluster6=0) * P(cluster7=0|cluster10=0) * P(cluster10=0|cluster6=0) * P(cluster6=0|cluster2=1) * P(cluster2=1|cluster3=1) * P(cluster3=1|cluster8=1)[0.0524288]=0.0104858
binkey=192 [Edge status: 0 0 0 0 0 0 1 1 ] P(G)=P(cluster8=0)[0.8] * P(cluster1=0|cluster2=0) * P(cluster9=0|cluster6=0) * P(cluster7=1|cluster10=1) * P(cluster10=1|cluster6=0) * P(cluster6=0|cluster2=0) * P(cluster2=0|cluster3=0) * P(cluster3=0|cluster8=0)[0.0524288]=0.041943
binkey=224 [Edge status: 0 0 0 0 0 1 1 1 ] P(G)=P(cluster8=0)[0.8] * P(cluster1=0|cluster2=0) * P(cluster9=1|cluster6=0) * P(cluster7=1|cluster10=1) * P(cluster10=1|cluster6=0) * P(cluster6=0|cluster2=0) * P(cluster2=0|cluster3=0) * P(cluster3=0|cluster8=0)[0.0131072]=0.0104858
binkey=240 [Edge status: 0 0 0 0 1 1 1 1 ] P(G)=P(cluster8=0)[0.8] * P(cluster1=0|cluster2=0) * P(cluster9=1|cluster6=1) * P(cluster7=1|cluster10=1) * P(cluster10=1|cluster6=1) * P(cluster6=1|cluster2=0) * P(cluster2=0|cluster3=0) * P(cluster3=0|cluster8=0)[0.0524288]=0.041943
binkey=168 [Edge status: 0 0 0 1 0 1 0 1 ] P(G)=P(cluster8=0)[0.8] * P(cluster1=1|cluster2=0) * P(cluster9=1|cluster6=0) * P(cluster7=1|cluster10=0) * P(cluster10=0|cluster6=0) * P(cluster6=0|cluster2=0) * P(cluster2=0|cluster3=0) * P(cluster3=0|cluster8=0)[0.0032768]=0.00262144
binkey=200 [Edge status: 0 0 0 1 0 0 1 1 ] P(G)=P(cluster8=0)[0.8] * P(cluster1=1|cluster2=0) * P(cluster9=0|cluster6=0) * P(cluster7=1|cluster10=1) * P(cluster10=1|cluster6=0) * P(cluster6=0|cluster2=0) * P(cluster2=0|cluster3=0) * P(cluster3=0|cluster8=0)[0.0131072]=0.0104858
binkey=232 [Edge status: 0 0 0 1 0 1 1 1 ] P(G)=P(cluster8=0)[0.8] * P(cluster1=1|cluster2=0) * P(cluster9=1|cluster6=0) * P(cluster7=1|cluster10=1) * P(cluster10=1|cluster6=0) * P(cluster6=0|cluster2=0) * P(cluster2=0|cluster3=0) * P(cluster3=0|cluster8=0)[0.0032768]=0.00262144
binkey=248 [Edge status: 0 0 0 1 1 1 1 1 ] P(G)=P(cluster8=0)[0.8] * P(cluster1=1|cluster2=0) * P(cluster9=1|cluster6=1) * P(cluster7=1|cluster10=1) * P(cluster10=1|cluster6=1) * P(cluster6=1|cluster2=0) * P(cluster2=0|cluster3=0) * P(cluster3=0|cluster8=0)[0.0131072]=0.0104858
binkey=252 [Edge status: 0 0 1 1 1 1 1 1 ] P(G)=P(cluster8=0)[0.8] * P(cluster1=1|cluster2=1) * P(cluster9=1|cluster6=1) * P(cluster7=1|cluster10=1) * P(cluster10=1|cluster6=1) * P(cluster6=1|cluster2=1) * P(cluster2=1|cluster3=0) * P(cluster3=0|cluster8=0)[0.0524288]=0.041943
binkey=254 [Edge status: 0 1 1 1 1 1 1 1 ] P(G)=P(cluster8=0)[0.8] * P(cluster1=1|cluster2=1) * P(cluster9=1|cluster6=1) * P(cluster7=1|cluster10=1) * P(cluster10=1|cluster6=1) * P(cluster6=1|cluster2=1) * P(cluster2=1|cluster3=1) * P(cluster3=1|cluster8=0)[0.0524288]=0.041943
ITERATION 0 newScore=-2.7349e+06 diffscore=9867.84 priorChange=-102.586 successMove=52
ITERATION 1 newScore=-2.72857e+06 diffscore=6327.79 priorChange=-117.835 successMove=55
ITERATION 2 newScore=-2.72051e+06 diffscore=8056.35 priorChange=-119.221 successMove=53
ITERATION 3 newScore=-2.71365e+06 diffscore=6861.52 priorChange=-124.766 successMove=51
ITERATION 4 newScore=-2.71121e+06 diffscore=2444.66 priorChange=-116.449 successMove=53
ITERATION 5 newScore=-2.70354e+06 diffscore=7663.26 priorChange=-115.062 successMove=54
ITERATION 6 newScore=-2.69716e+06 diffscore=6379.77 priorChange=-120.608 successMove=51
ITERATION 7 newScore=-2.69426e+06 diffscore=2901.8 priorChange=-116.449 successMove=53
ITERATION 8 newScore=-2.69162e+06 diffscore=2645.88 priorChange=-113.676 successMove=51
ITERATION 9 newScore=-2.68565e+06 diffscore=5965.18 priorChange=-108.131 successMove=55
ITERATION 10 newScore=-2.6836e+06 diffscore=2051.84 priorChange=-113.676 successMove=51
ITERATION 11 newScore=-2.68115e+06 diffscore=2453.63 priorChange=-115.062 successMove=52
ITERATION 12 newScore=-2.67768e+06 diffscore=3462.91 priorChange=-115.062 successMove=52
ITERATION 13 newScore=-2.67534e+06 diffscore=2346.21 priorChange=-106.745 successMove=50
ITERATION 14 newScore=-2.6724e+06 diffscore=2933.84 priorChange=-110.904 successMove=53
ITERATION 15 newScore=-2.66893e+06 diffscore=3477.03 priorChange=-109.517 successMove=51
ITERATION 16 newScore=-2.66308e+06 diffscore=5841.76 priorChange=-115.062 successMove=50
ITERATION 17 newScore=-2.66187e+06 diffscore=1209.91 priorChange=-105.358 successMove=51
ITERATION 18 newScore=-2.65723e+06 diffscore=4642.85 priorChange=-117.835 successMove=50
ITERATION 19 newScore=-2.65647e+06 diffscore=761.848 priorChange=-101.199 successMove=54
ITERATION 20 newScore=-2.65162e+06 diffscore=4852.73 priorChange=-109.517 successMove=49
ITERATION 21 newScore=-2.65097e+06 diffscore=648.614 priorChange=-110.904 successMove=53
ITERATION 22 newScore=-2.64873e+06 diffscore=2236.92 priorChange=-121.994 successMove=48
ITERATION 23 newScore=-2.6467e+06 diffscore=2030.06 priorChange=-113.676 successMove=48
ITERATION 24 newScore=-2.6431e+06 diffscore=3596.89 priorChange=-108.131 successMove=49
ITERATION 25 newScore=-2.64052e+06 diffscore=2588.35 priorChange=-101.199 successMove=48
ITERATION 26 newScore=-2.63911e+06 diffscore=1404.8 priorChange=-106.745 successMove=47
ITERATION 27 newScore=-2.63733e+06 diffscore=1781.57 priorChange=-112.29 successMove=47
ITERATION 28 newScore=-2.63422e+06 diffscore=3113.06 priorChange=-99.8132 successMove=49
ITERATION 29 newScore=-2.6333e+06 diffscore=921.485 priorChange=-109.517 successMove=49
ITERATION 30 newScore=-2.62712e+06 diffscore=6173.68 priorChange=-101.199 successMove=47
ITERATION 31 newScore=-2.62534e+06 diffscore=1780.1 priorChange=-99.8132 successMove=49
ITERATION 32 newScore=-2.62365e+06 diffscore=1692.28 priorChange=-120.608 successMove=48
ITERATION 33 newScore=-2.62307e+06 diffscore=583.468 priorChange=-99.8132 successMove=48
ITERATION 34 newScore=-2.62166e+06 diffscore=1409.48 priorChange=-92.8817 successMove=47
ITERATION 35 newScore=-2.62102e+06 diffscore=636.632 priorChange=-115.062 successMove=47
ITERATION 36 newScore=-2.6184e+06 diffscore=2621.95 priorChange=-103.972 successMove=47
ITERATION 37 newScore=-2.61644e+06 diffscore=1955.42 priorChange=-105.358 successMove=47
ITERATION 38 newScore=-2.61339e+06 diffscore=3055.86 priorChange=-99.8132 successMove=47
ITERATION 39 newScore=-2.61289e+06 diffscore=494.15 priorChange=-74.8599 successMove=48
ITERATION 40 newScore=-2.6116e+06 diffscore=1296.75 priorChange=-88.7228 successMove=47
ITERATION 41 newScore=-2.61104e+06 diffscore=551.522 priorChange=-79.0188 successMove=49
ITERATION 42 newScore=-2.60993e+06 diffscore=1111.25 priorChange=-101.199 successMove=48
ITERATION 43 newScore=-2.60839e+06 diffscore=1544.98 priorChange=-106.745 successMove=47
ITERATION 44 newScore=-2.60641e+06 diffscore=1979.76 priorChange=-95.6543 successMove=47
ITERATION 45 newScore=-2.60451e+06 diffscore=1895.83 priorChange=-101.199 successMove=47
ITERATION 46 newScore=-2.60183e+06 diffscore=2677.76 priorChange=-102.586 successMove=47
ITERATION 47 newScore=-2.60012e+06 diffscore=1718.85 priorChange=-95.6543 successMove=47
ITERATION 48 newScore=-2.59639e+06 diffscore=3725.16 priorChange=-97.0406 successMove=47
ITERATION 49 newScore=-2.59604e+06 diffscore=354.316 priorChange=-109.517 successMove=47
ITERATION 50 newScore=-2.59447e+06 diffscore=1570.27 priorChange=-109.517 successMove=50
ITERATION 51 newScore=-2.59285e+06 diffscore=1619.67 priorChange=-105.358 successMove=46
ITERATION 52 newScore=-2.59254e+06 diffscore=307.479 priorChange=-98.4269 successMove=46
ITERATION 53 newScore=-2.59223e+06 diffscore=308.619 priorChange=-103.972 successMove=47
ITERATION 54 newScore=-2.59153e+06 diffscore=699.619 priorChange=-81.7914 successMove=46
ITERATION 55 newScore=-2.59009e+06 diffscore=1437.47 priorChange=-90.1091 successMove=47
ITERATION 56 newScore=-2.58955e+06 diffscore=538.038 priorChange=-103.972 successMove=45
ITERATION 57 newScore=-2.58805e+06 diffscore=1506.13 priorChange=-95.6543 successMove=45
ITERATION 58 newScore=-2.58676e+06 diffscore=1284.49 priorChange=-84.564 successMove=46
ITERATION 59 newScore=-2.58369e+06 diffscore=3075.97 priorChange=-85.9503 successMove=44
ITERATION 60 newScore=-2.58347e+06 diffscore=220.006 priorChange=-80.4051 successMove=44
ITERATION 61 newScore=-2.58321e+06 diffscore=255.417 priorChange=-97.0406 successMove=43
binkey=55 [Edge status: 1 1 1 0 1 1 0 0 ] P(G)=P(cluster8=1)[0.2] * P(cluster1=0|cluster2=1) * P(cluster9=1|cluster6=1) * P(cluster7=0|cluster10=0) * P(cluster10=0|cluster6=1) * P(cluster6=1|cluster2=1) * P(cluster2=1|cluster3=1) * P(cluster3=1|cluster8=1)[0.0131072]=0.00262144
ITERATION 62 newScore=-2.58291e+06 diffscore=307.413 priorChange=-76.2462 successMove=42
ITERATION 63 newScore=-2.58149e+06 diffscore=1416.59 priorChange=-91.4954 successMove=46
ITERATION 64 newScore=-2.57902e+06 diffscore=2471.11 priorChange=-95.6543 successMove=41
ITERATION 65 newScore=-2.57881e+06 diffscore=206.462 priorChange=-88.7228 successMove=43
binkey=95 [Edge status: 1 1 1 1 1 0 1 0 ] P(G)=P(cluster8=1)[0.2] * P(cluster1=1|cluster2=1) * P(cluster9=0|cluster6=1) * P(cluster7=0|cluster10=1) * P(cluster10=1|cluster6=1) * P(cluster6=1|cluster2=1) * P(cluster2=1|cluster3=1) * P(cluster3=1|cluster8=1)[0.0131072]=0.00262144
binkey=87 [Edge status: 1 1 1 0 1 0 1 0 ] P(G)=P(cluster8=1)[0.2] * P(cluster1=0|cluster2=1) * P(cluster9=0|cluster6=1) * P(cluster7=0|cluster10=1) * P(cluster10=1|cluster6=1) * P(cluster6=1|cluster2=1) * P(cluster2=1|cluster3=1) * P(cluster3=1|cluster8=1)[0.0032768]=0.00065536
ITERATION 66 newScore=-2.57859e+06 diffscore=217.947 priorChange=-91.4954 successMove=43
ITERATION 67 newScore=-2.57825e+06 diffscore=339.128 priorChange=-83.1777 successMove=41
ITERATION 68 newScore=-2.57801e+06 diffscore=246.189 priorChange=-91.4954 successMove=41
ITERATION 69 newScore=-2.57778e+06 diffscore=229.169 priorChange=-88.7228 successMove=40
ITERATION 70 newScore=-2.57754e+06 diffscore=241.739 priorChange=-90.1091 successMove=39
ITERATION 71 newScore=-2.57716e+06 diffscore=381.928 priorChange=-76.2462 successMove=37
ITERATION 72 newScore=-2.57602e+06 diffscore=1137.88 priorChange=-80.4051 successMove=36
ITERATION 73 newScore=-2.57578e+06 diffscore=234.099 priorChange=-70.701 successMove=33
ITERATION 74 newScore=-2.57324e+06 diffscore=2547.93 priorChange=-54.0655 successMove=31
ITERATION 75 newScore=-2.57306e+06 diffscore=175.813 priorChange=-62.3832 successMove=31
ITERATION 76 newScore=-2.57287e+06 diffscore=185.951 priorChange=-45.7477 successMove=28
ITERATION 77 newScore=-2.57235e+06 diffscore=528.062 priorChange=-58.2244 successMove=28
ITERATION 78 newScore=-2.57145e+06 diffscore=894.573 priorChange=-56.8381 successMove=28
ITERATION 79 newScore=-2.56987e+06 diffscore=1585.81 priorChange=-52.6792 successMove=26
ITERATION 80 newScore=-2.56965e+06 diffscore=214.049 priorChange=-56.8381 successMove=26
ITERATION 81 newScore=-2.56945e+06 diffscore=199.028 priorChange=-59.6107 successMove=26
ITERATION 82 newScore=-2.56796e+06 diffscore=1487.11 priorChange=-42.9751 successMove=25
ITERATION 83 newScore=-2.56632e+06 diffscore=1649.16 priorChange=-58.2244 successMove=23
ITERATION 84 newScore=-2.56581e+06 diffscore=509.803 priorChange=-52.6792 successMove=23
ITERATION 85 newScore=-2.56571e+06 diffscore=91.7876 priorChange=-51.2929 successMove=22
ITERATION 86 newScore=-2.56562e+06 diffscore=89.801 priorChange=-41.5888 successMove=22
ITERATION 87 newScore=-2.56552e+06 diffscore=106.657 priorChange=-54.0655 successMove=21
ITERATION 88 newScore=-2.56543e+06 diffscore=92.6339 priorChange=-44.3614 successMove=21
ITERATION 89 newScore=-2.56526e+06 diffscore=168.156 priorChange=-45.7477 successMove=20
ITERATION 90 newScore=-2.5651e+06 diffscore=154.091 priorChange=-40.2025 successMove=20
ITERATION 91 newScore=-2.56495e+06 diffscore=151.145 priorChange=-40.2025 successMove=18
ITERATION 92 newScore=-2.5638e+06 diffscore=1153.24 priorChange=-36.0437 successMove=17
ITERATION 93 newScore=-2.56294e+06 diffscore=854.294 priorChange=-30.4985 successMove=16
ITERATION 94 newScore=-2.56285e+06 diffscore=94.0176 priorChange=-27.7259 successMove=15
ITERATION 95 newScore=-2.56276e+06 diffscore=90.9697 priorChange=-19.4081 successMove=15
ITERATION 96 newScore=-2.56268e+06 diffscore=82.5772 priorChange=-24.9533 successMove=13
ITERATION 97 newScore=-2.56256e+06 diffscore=114.839 priorChange=-18.0218 successMove=12
ITERATION 98 newScore=-2.5624e+06 diffscore=159.788 priorChange=-20.7944 successMove=11
ITERATION 99 newScore=-2.56167e+06 diffscore=735.516 priorChange=-13.8629 successMove=11
MetaLearner::dumpAllGraphs
Final Score -2.56167e+06
MetaLearner::start runtime: 1615067502 ms
Results/
Results/cluster8/
Results/cluster8/fold0/
Results/cluster8/fold0/var_mb_pw_k50.txt
Results/cluster8/fold0/modelparams.txt
Results/cluster8/scoreFile.txt
Results/cluster3/
Results/cluster3/fold0/
Results/cluster3/fold0/var_mb_pw_k50.txt
Results/cluster3/fold0/modelparams.txt
Results/cluster2/
Results/cluster2/fold0/
Results/cluster2/fold0/var_mb_pw_k50.txt
Results/cluster2/fold0/modelparams.txt
Results/cluster1/
Results/cluster1/fold0/
Results/cluster1/fold0/var_mb_pw_k50.txt
Results/cluster1/fold0/modelparams.txt
Results/cluster6/
Results/cluster6/fold0/
Results/cluster6/fold0/var_mb_pw_k50.txt
Results/cluster6/fold0/modelparams.txt
Results/cluster9/
Results/cluster9/fold0/
Results/cluster9/fold0/var_mb_pw_k50.txt
Results/cluster9/fold0/modelparams.txt
Results/cluster10/
Results/cluster10/fold0/
Results/cluster10/fold0/var_mb_pw_k50.txt
Results/cluster10/fold0/modelparams.txt
Results/cluster7/
Results/cluster7/fold0/
Results/cluster7/fold0/var_mb_pw_k50.txt
Results/cluster7/fold0/modelparams.txt
