./CVN -f config_condor.txt -x50 -v1 -l TFs_OGs.txt -n AllGenes26.txt -d celltype_tree_ancestor.txt -m testdata_ogids.txt -s celltype_order.txt -p 0.2 -c yes -b -4 -q 4
(cluster3|cluster8) p_maintain_edge=0.8 p_gain=0.2
(cluster2|cluster3) p_maintain_edge=0.8 p_gain=0.2
(cluster1|cluster2) p_maintain_edge=0.8 p_gain=0.2
(cluster6|cluster2) p_maintain_edge=0.8 p_gain=0.2
(cluster9|cluster6) p_maintain_edge=0.8 p_gain=0.2
(cluster10|cluster6) p_maintain_edge=0.8 p_gain=0.2
(cluster7|cluster10) p_maintain_edge=0.8 p_gain=0.2
speciesSet.size()=8 Root is cluster8
MappedOrthogroupReader::readSpeciesMapping() --- celltype_order.txt
MappedOrthogroupReader::readFile - testdata_ogids.txt
MappedOrthogroupReader::generateGeneOrthoMap()
MetaLearner::init_onefold() read:config_condor.txt
MetaLearner::setinputVariableNames number of variables: 2039
readEvidenceTable:cluster8.table
PotentialManager::loadEvidenceFromTable varCount=2039 sampleCount=348
motifNetwork.size() = 319
0=cluster8 motifNetwork=cluster8_network.txt
variable size=2039
readEvidenceTable:cluster3.table
PotentialManager::loadEvidenceFromTable varCount=2039 sampleCount=95
motifNetwork.size() = 326
1=cluster3 motifNetwork=cluster3_network.txt
variable size=2039
readEvidenceTable:cluster2.table
PotentialManager::loadEvidenceFromTable varCount=2039 sampleCount=386
motifNetwork.size() = 328
2=cluster2 motifNetwork=cluster2_network.txt
variable size=2039
readEvidenceTable:cluster1.table
PotentialManager::loadEvidenceFromTable varCount=2039 sampleCount=36
motifNetwork.size() = 322
3=cluster1 motifNetwork=cluster1_network.txt
variable size=2039
readEvidenceTable:cluster6.table
PotentialManager::loadEvidenceFromTable varCount=2039 sampleCount=524
motifNetwork.size() = 320
4=cluster6 motifNetwork=cluster6_network.txt
variable size=2039
readEvidenceTable:cluster9.table
PotentialManager::loadEvidenceFromTable varCount=2039 sampleCount=184
motifNetwork.size() = 327
5=cluster9 motifNetwork=cluster9_network.txt
variable size=2039
readEvidenceTable:cluster10.table
PotentialManager::loadEvidenceFromTable varCount=2039 sampleCount=165
motifNetwork.size() = 326
6=cluster10 motifNetwork=cluster10_network.txt
variable size=2039
readEvidenceTable:cluster7.table
PotentialManager::loadEvidenceFromTable varCount=2039 sampleCount=1032
motifNetwork.size() = 320
7=cluster7 motifNetwork=cluster7_network.txt
variable size=2039
-------------------------------------------------------------
MetaLearner::start
precomputeEmptyGraphPrior
binkey=0 [Edge status: 0 0 0 0 0 0 0 0 ] P(G)=P(cluster8=0)[0.8] * P(cluster1=0|cluster2=0) * P(cluster9=0|cluster6=0) * P(cluster7=0|cluster10=0) * P(cluster10=0|cluster6=0) * P(cluster6=0|cluster2=0) * P(cluster2=0|cluster3=0) * P(cluster3=0|cluster8=0)[0.209715]=0.167772
condsetMap_Tree
0 cluster8=0 cluster3=0 cluster2=0 cluster1=0 cluster6=0 cluster9=0 cluster10=0 cluster7=1
1 cluster8=0 cluster3=0 cluster2=0 cluster1=0 cluster6=0 cluster9=1 cluster10=0 cluster7=0
2 cluster8=0 cluster3=0 cluster2=0 cluster1=0 cluster6=0 cluster9=1 cluster10=0 cluster7=1
3 cluster8=0 cluster3=0 cluster2=0 cluster1=1 cluster6=0 cluster9=0 cluster10=0 cluster7=0
4 cluster8=0 cluster3=0 cluster2=0 cluster1=1 cluster6=0 cluster9=0 cluster10=0 cluster7=1
5 cluster8=0 cluster3=0 cluster2=0 cluster1=1 cluster6=0 cluster9=1 cluster10=0 cluster7=0
6 cluster8=0 cluster3=0 cluster2=0 cluster1=1 cluster6=0 cluster9=1 cluster10=0 cluster7=1
7 cluster8=0 cluster3=0 cluster2=0 cluster1=0 cluster6=0 cluster9=0 cluster10=1 cluster7=1
8 cluster8=0 cluster3=0 cluster2=0 cluster1=0 cluster6=0 cluster9=1 cluster10=1 cluster7=1
9 cluster8=0 cluster3=0 cluster2=0 cluster1=1 cluster6=0 cluster9=0 cluster10=1 cluster7=1
10 cluster8=0 cluster3=0 cluster2=0 cluster1=1 cluster6=0 cluster9=1 cluster10=1 cluster7=1
11 cluster8=0 cluster3=0 cluster2=0 cluster1=0 cluster6=1 cluster9=1 cluster10=1 cluster7=1
12 cluster8=0 cluster3=0 cluster2=0 cluster1=1 cluster6=1 cluster9=1 cluster10=1 cluster7=1
13 cluster8=0 cluster3=0 cluster2=1 cluster1=1 cluster6=1 cluster9=1 cluster10=1 cluster7=1
14 cluster8=0 cluster3=1 cluster2=1 cluster1=1 cluster6=1 cluster9=1 cluster10=1 cluster7=1
15 cluster8=1 cluster3=1 cluster2=1 cluster1=1 cluster6=1 cluster9=1 cluster10=1 cluster7=1
16 cluster8=1 cluster3=1 cluster2=1 cluster1=1 cluster6=1 cluster9=1 cluster10=1 cluster7=0
17 cluster8=1 cluster3=1 cluster2=1 cluster1=1 cluster6=1 cluster9=0 cluster10=1 cluster7=1
18 cluster8=1 cluster3=1 cluster2=1 cluster1=1 cluster6=1 cluster9=0 cluster10=1 cluster7=0
19 cluster8=1 cluster3=1 cluster2=1 cluster1=0 cluster6=1 cluster9=1 cluster10=1 cluster7=1
20 cluster8=1 cluster3=1 cluster2=1 cluster1=0 cluster6=1 cluster9=1 cluster10=1 cluster7=0
21 cluster8=1 cluster3=1 cluster2=1 cluster1=0 cluster6=1 cluster9=0 cluster10=1 cluster7=1
22 cluster8=1 cluster3=1 cluster2=1 cluster1=0 cluster6=1 cluster9=0 cluster10=1 cluster7=0
23 cluster8=1 cluster3=1 cluster2=1 cluster1=1 cluster6=1 cluster9=1 cluster10=0 cluster7=0
24 cluster8=1 cluster3=1 cluster2=1 cluster1=1 cluster6=1 cluster9=0 cluster10=0 cluster7=0
25 cluster8=1 cluster3=1 cluster2=1 cluster1=0 cluster6=1 cluster9=1 cluster10=0 cluster7=0
26 cluster8=1 cluster3=1 cluster2=1 cluster1=0 cluster6=1 cluster9=0 cluster10=0 cluster7=0
27 cluster8=1 cluster3=1 cluster2=1 cluster1=1 cluster6=0 cluster9=0 cluster10=0 cluster7=0
28 cluster8=1 cluster3=1 cluster2=1 cluster1=0 cluster6=0 cluster9=0 cluster10=0 cluster7=0
29 cluster8=1 cluster3=1 cluster2=0 cluster1=0 cluster6=0 cluster9=0 cluster10=0 cluster7=0
30 cluster8=1 cluster3=0 cluster2=0 cluster1=0 cluster6=0 cluster9=0 cluster10=0 cluster7=0
31 cluster8=0 cluster3=0 cluster2=0 cluster1=0 cluster6=1 cluster9=0 cluster10=0 cluster7=0
32 cluster8=0 cluster3=0 cluster2=1 cluster1=0 cluster6=0 cluster9=0 cluster10=0 cluster7=0
33 cluster8=0 cluster3=0 cluster2=0 cluster1=0 cluster6=0 cluster9=0 cluster10=1 cluster7=0
34 cluster8=0 cluster3=1 cluster2=0 cluster1=0 cluster6=0 cluster9=0 cluster10=0 cluster7=0
inputRegulatorOGs.size() = 1999 inputOGList.size() = 50
binkey=4 [Edge status: 0 0 1 0 0 0 0 0 ] P(G)=P(cluster8=0)[0.8] * P(cluster1=0|cluster2=1) * P(cluster9=0|cluster6=0) * P(cluster7=0|cluster10=0) * P(cluster10=0|cluster6=0) * P(cluster6=0|cluster2=1) * P(cluster2=1|cluster3=0) * P(cluster3=0|cluster8=0)[0.0032768]=0.00262144
binkey=128 [Edge status: 0 0 0 0 0 0 0 1 ] P(G)=P(cluster8=0)[0.8] * P(cluster1=0|cluster2=0) * P(cluster9=0|cluster6=0) * P(cluster7=1|cluster10=0) * P(cluster10=0|cluster6=0) * P(cluster6=0|cluster2=0) * P(cluster2=0|cluster3=0) * P(cluster3=0|cluster8=0)[0.0524288]=0.041943
binkey=32 [Edge status: 0 0 0 0 0 1 0 0 ] P(G)=P(cluster8=0)[0.8] * P(cluster1=0|cluster2=0) * P(cluster9=1|cluster6=0) * P(cluster7=0|cluster10=0) * P(cluster10=0|cluster6=0) * P(cluster6=0|cluster2=0) * P(cluster2=0|cluster3=0) * P(cluster3=0|cluster8=0)[0.0524288]=0.041943
binkey=8 [Edge status: 0 0 0 1 0 0 0 0 ] P(G)=P(cluster8=0)[0.8] * P(cluster1=1|cluster2=0) * P(cluster9=0|cluster6=0) * P(cluster7=0|cluster10=0) * P(cluster10=0|cluster6=0) * P(cluster6=0|cluster2=0) * P(cluster2=0|cluster3=0) * P(cluster3=0|cluster8=0)[0.0524288]=0.041943
binkey=2 [Edge status: 0 1 0 0 0 0 0 0 ] P(G)=P(cluster8=0)[0.8] * P(cluster1=0|cluster2=0) * P(cluster9=0|cluster6=0) * P(cluster7=0|cluster10=0) * P(cluster10=0|cluster6=0) * P(cluster6=0|cluster2=0) * P(cluster2=0|cluster3=1) * P(cluster3=1|cluster8=0)[0.0131072]=0.0104858
binkey=1 [Edge status: 1 0 0 0 0 0 0 0 ] P(G)=P(cluster8=1)[0.2] * P(cluster1=0|cluster2=0) * P(cluster9=0|cluster6=0) * P(cluster7=0|cluster10=0) * P(cluster10=0|cluster6=0) * P(cluster6=0|cluster2=0) * P(cluster2=0|cluster3=0) * P(cluster3=0|cluster8=1)[0.0524288]=0.0104858
binkey=64 [Edge status: 0 0 0 0 0 0 1 0 ] P(G)=P(cluster8=0)[0.8] * P(cluster1=0|cluster2=0) * P(cluster9=0|cluster6=0) * P(cluster7=0|cluster10=1) * P(cluster10=1|cluster6=0) * P(cluster6=0|cluster2=0) * P(cluster2=0|cluster3=0) * P(cluster3=0|cluster8=0)[0.0131072]=0.0104858
binkey=16 [Edge status: 0 0 0 0 1 0 0 0 ] P(G)=P(cluster8=0)[0.8] * P(cluster1=0|cluster2=0) * P(cluster9=0|cluster6=1) * P(cluster7=0|cluster10=0) * P(cluster10=0|cluster6=1) * P(cluster6=1|cluster2=0) * P(cluster2=0|cluster3=0) * P(cluster3=0|cluster8=0)[0.0032768]=0.00262144
binkey=136 [Edge status: 0 0 0 1 0 0 0 1 ] P(G)=P(cluster8=0)[0.8] * P(cluster1=1|cluster2=0) * P(cluster9=0|cluster6=0) * P(cluster7=1|cluster10=0) * P(cluster10=0|cluster6=0) * P(cluster6=0|cluster2=0) * P(cluster2=0|cluster3=0) * P(cluster3=0|cluster8=0)[0.0131072]=0.0104858
binkey=3 [Edge status: 1 1 0 0 0 0 0 0 ] P(G)=P(cluster8=1)[0.2] * P(cluster1=0|cluster2=0) * P(cluster9=0|cluster6=0) * P(cluster7=0|cluster10=0) * P(cluster10=0|cluster6=0) * P(cluster6=0|cluster2=0) * P(cluster2=0|cluster3=1) * P(cluster3=1|cluster8=1)[0.0524288]=0.0104858
binkey=160 [Edge status: 0 0 0 0 0 1 0 1 ] P(G)=P(cluster8=0)[0.8] * P(cluster1=0|cluster2=0) * P(cluster9=1|cluster6=0) * P(cluster7=1|cluster10=0) * P(cluster10=0|cluster6=0) * P(cluster6=0|cluster2=0) * P(cluster2=0|cluster3=0) * P(cluster3=0|cluster8=0)[0.0131072]=0.0104858
binkey=192 [Edge status: 0 0 0 0 0 0 1 1 ] P(G)=P(cluster8=0)[0.8] * P(cluster1=0|cluster2=0) * P(cluster9=0|cluster6=0) * P(cluster7=1|cluster10=1) * P(cluster10=1|cluster6=0) * P(cluster6=0|cluster2=0) * P(cluster2=0|cluster3=0) * P(cluster3=0|cluster8=0)[0.0524288]=0.041943
binkey=224 [Edge status: 0 0 0 0 0 1 1 1 ] P(G)=P(cluster8=0)[0.8] * P(cluster1=0|cluster2=0) * P(cluster9=1|cluster6=0) * P(cluster7=1|cluster10=1) * P(cluster10=1|cluster6=0) * P(cluster6=0|cluster2=0) * P(cluster2=0|cluster3=0) * P(cluster3=0|cluster8=0)[0.0131072]=0.0104858
binkey=240 [Edge status: 0 0 0 0 1 1 1 1 ] P(G)=P(cluster8=0)[0.8] * P(cluster1=0|cluster2=0) * P(cluster9=1|cluster6=1) * P(cluster7=1|cluster10=1) * P(cluster10=1|cluster6=1) * P(cluster6=1|cluster2=0) * P(cluster2=0|cluster3=0) * P(cluster3=0|cluster8=0)[0.0524288]=0.041943
binkey=247 [Edge status: 1 1 1 0 1 1 1 1 ] P(G)=P(cluster8=1)[0.2] * P(cluster1=0|cluster2=1) * P(cluster9=1|cluster6=1) * P(cluster7=1|cluster10=1) * P(cluster10=1|cluster6=1) * P(cluster6=1|cluster2=1) * P(cluster2=1|cluster3=1) * P(cluster3=1|cluster8=1)[0.0524288]=0.0104858
binkey=119 [Edge status: 1 1 1 0 1 1 1 0 ] P(G)=P(cluster8=1)[0.2] * P(cluster1=0|cluster2=1) * P(cluster9=1|cluster6=1) * P(cluster7=0|cluster10=1) * P(cluster10=1|cluster6=1) * P(cluster6=1|cluster2=1) * P(cluster2=1|cluster3=1) * P(cluster3=1|cluster8=1)[0.0131072]=0.00262144
binkey=215 [Edge status: 1 1 1 0 1 0 1 1 ] P(G)=P(cluster8=1)[0.2] * P(cluster1=0|cluster2=1) * P(cluster9=0|cluster6=1) * P(cluster7=1|cluster10=1) * P(cluster10=1|cluster6=1) * P(cluster6=1|cluster2=1) * P(cluster2=1|cluster3=1) * P(cluster3=1|cluster8=1)[0.0131072]=0.00262144
binkey=87 [Edge status: 1 1 1 0 1 0 1 0 ] P(G)=P(cluster8=1)[0.2] * P(cluster1=0|cluster2=1) * P(cluster9=0|cluster6=1) * P(cluster7=0|cluster10=1) * P(cluster10=1|cluster6=1) * P(cluster6=1|cluster2=1) * P(cluster2=1|cluster3=1) * P(cluster3=1|cluster8=1)[0.0032768]=0.00065536
binkey=55 [Edge status: 1 1 1 0 1 1 0 0 ] P(G)=P(cluster8=1)[0.2] * P(cluster1=0|cluster2=1) * P(cluster9=1|cluster6=1) * P(cluster7=0|cluster10=0) * P(cluster10=0|cluster6=1) * P(cluster6=1|cluster2=1) * P(cluster2=1|cluster3=1) * P(cluster3=1|cluster8=1)[0.0131072]=0.00262144
binkey=23 [Edge status: 1 1 1 0 1 0 0 0 ] P(G)=P(cluster8=1)[0.2] * P(cluster1=0|cluster2=1) * P(cluster9=0|cluster6=1) * P(cluster7=0|cluster10=0) * P(cluster10=0|cluster6=1) * P(cluster6=1|cluster2=1) * P(cluster2=1|cluster3=1) * P(cluster3=1|cluster8=1)[0.0032768]=0.00065536
binkey=7 [Edge status: 1 1 1 0 0 0 0 0 ] P(G)=P(cluster8=1)[0.2] * P(cluster1=0|cluster2=1) * P(cluster9=0|cluster6=0) * P(cluster7=0|cluster10=0) * P(cluster10=0|cluster6=0) * P(cluster6=0|cluster2=1) * P(cluster2=1|cluster3=1) * P(cluster3=1|cluster8=1)[0.0131072]=0.00262144
binkey=40 [Edge status: 0 0 0 1 0 1 0 0 ] P(G)=P(cluster8=0)[0.8] * P(cluster1=1|cluster2=0) * P(cluster9=1|cluster6=0) * P(cluster7=0|cluster10=0) * P(cluster10=0|cluster6=0) * P(cluster6=0|cluster2=0) * P(cluster2=0|cluster3=0) * P(cluster3=0|cluster8=0)[0.0131072]=0.0104858
binkey=168 [Edge status: 0 0 0 1 0 1 0 1 ] P(G)=P(cluster8=0)[0.8] * P(cluster1=1|cluster2=0) * P(cluster9=1|cluster6=0) * P(cluster7=1|cluster10=0) * P(cluster10=0|cluster6=0) * P(cluster6=0|cluster2=0) * P(cluster2=0|cluster3=0) * P(cluster3=0|cluster8=0)[0.0032768]=0.00262144
binkey=200 [Edge status: 0 0 0 1 0 0 1 1 ] P(G)=P(cluster8=0)[0.8] * P(cluster1=1|cluster2=0) * P(cluster9=0|cluster6=0) * P(cluster7=1|cluster10=1) * P(cluster10=1|cluster6=0) * P(cluster6=0|cluster2=0) * P(cluster2=0|cluster3=0) * P(cluster3=0|cluster8=0)[0.0131072]=0.0104858
binkey=232 [Edge status: 0 0 0 1 0 1 1 1 ] P(G)=P(cluster8=0)[0.8] * P(cluster1=1|cluster2=0) * P(cluster9=1|cluster6=0) * P(cluster7=1|cluster10=1) * P(cluster10=1|cluster6=0) * P(cluster6=0|cluster2=0) * P(cluster2=0|cluster3=0) * P(cluster3=0|cluster8=0)[0.0032768]=0.00262144
binkey=248 [Edge status: 0 0 0 1 1 1 1 1 ] P(G)=P(cluster8=0)[0.8] * P(cluster1=1|cluster2=0) * P(cluster9=1|cluster6=1) * P(cluster7=1|cluster10=1) * P(cluster10=1|cluster6=1) * P(cluster6=1|cluster2=0) * P(cluster2=0|cluster3=0) * P(cluster3=0|cluster8=0)[0.0131072]=0.0104858
binkey=15 [Edge status: 1 1 1 1 0 0 0 0 ] P(G)=P(cluster8=1)[0.2] * P(cluster1=1|cluster2=1) * P(cluster9=0|cluster6=0) * P(cluster7=0|cluster10=0) * P(cluster10=0|cluster6=0) * P(cluster6=0|cluster2=1) * P(cluster2=1|cluster3=1) * P(cluster3=1|cluster8=1)[0.0524288]=0.0104858
binkey=252 [Edge status: 0 0 1 1 1 1 1 1 ] P(G)=P(cluster8=0)[0.8] * P(cluster1=1|cluster2=1) * P(cluster9=1|cluster6=1) * P(cluster7=1|cluster10=1) * P(cluster10=1|cluster6=1) * P(cluster6=1|cluster2=1) * P(cluster2=1|cluster3=0) * P(cluster3=0|cluster8=0)[0.0524288]=0.041943
ITERATION 0 newScore=-2.72585e+06 diffscore=15055.6 priorChange=-108.131 successMove=60
ITERATION 1 newScore=-2.71567e+06 diffscore=10174.7 priorChange=-102.586 successMove=53
ITERATION 2 newScore=-2.71083e+06 diffscore=4841.78 priorChange=-115.062 successMove=57
ITERATION 3 newScore=-2.70427e+06 diffscore=6562.49 priorChange=-119.221 successMove=51
ITERATION 4 newScore=-2.70215e+06 diffscore=2122.57 priorChange=-116.449 successMove=56
ITERATION 5 newScore=-2.69674e+06 diffscore=5404.07 priorChange=-113.676 successMove=50
ITERATION 6 newScore=-2.68999e+06 diffscore=6755.06 priorChange=-121.994 successMove=52
ITERATION 7 newScore=-2.68485e+06 diffscore=5138.02 priorChange=-123.38 successMove=50
ITERATION 8 newScore=-2.68245e+06 diffscore=2399.93 priorChange=-120.608 successMove=53
ITERATION 9 newScore=-2.6771e+06 diffscore=5345.58 priorChange=-120.608 successMove=52
ITERATION 10 newScore=-2.67481e+06 diffscore=2295.38 priorChange=-126.153 successMove=52
ITERATION 11 newScore=-2.67189e+06 diffscore=2916.48 priorChange=-110.904 successMove=51
ITERATION 12 newScore=-2.6696e+06 diffscore=2289.09 priorChange=-126.153 successMove=57
ITERATION 13 newScore=-2.6689e+06 diffscore=698.914 priorChange=-106.745 successMove=51
ITERATION 14 newScore=-2.66493e+06 diffscore=3978.71 priorChange=-116.449 successMove=54
ITERATION 15 newScore=-2.66407e+06 diffscore=857.722 priorChange=-110.904 successMove=50
ITERATION 16 newScore=-2.66064e+06 diffscore=3425.94 priorChange=-115.062 successMove=50
ITERATION 17 newScore=-2.65889e+06 diffscore=1752.7 priorChange=-126.153 successMove=49
ITERATION 18 newScore=-2.65695e+06 diffscore=1938.45 priorChange=-108.131 successMove=51
ITERATION 19 newScore=-2.65418e+06 diffscore=2768.84 priorChange=-105.358 successMove=52
ITERATION 20 newScore=-2.65211e+06 diffscore=2069.88 priorChange=-103.972 successMove=49
ITERATION 21 newScore=-2.65089e+06 diffscore=1226.25 priorChange=-113.676 successMove=50
ITERATION 22 newScore=-2.64921e+06 diffscore=1674.56 priorChange=-101.199 successMove=51
ITERATION 23 newScore=-2.64723e+06 diffscore=1977.27 priorChange=-116.449 successMove=48
ITERATION 24 newScore=-2.64668e+06 diffscore=554.977 priorChange=-110.904 successMove=48
ITERATION 25 newScore=-2.64461e+06 diffscore=2069.53 priorChange=-98.4269 successMove=49
ITERATION 26 newScore=-2.64297e+06 diffscore=1641.62 priorChange=-102.586 successMove=47
ITERATION 27 newScore=-2.64188e+06 diffscore=1086.61 priorChange=-99.8132 successMove=49
ITERATION 28 newScore=-2.64144e+06 diffscore=438.787 priorChange=-101.199 successMove=50
ITERATION 29 newScore=-2.63873e+06 diffscore=2714.07 priorChange=-88.7228 successMove=47
ITERATION 30 newScore=-2.6383e+06 diffscore=431.196 priorChange=-97.0406 successMove=46
ITERATION 31 newScore=-2.63645e+06 diffscore=1847.78 priorChange=-99.8132 successMove=47
ITERATION 32 newScore=-2.6349e+06 diffscore=1547.21 priorChange=-97.0406 successMove=45
ITERATION 33 newScore=-2.63454e+06 diffscore=364.994 priorChange=-95.6543 successMove=44
ITERATION 34 newScore=-2.63416e+06 diffscore=377.596 priorChange=-90.1091 successMove=45
ITERATION 35 newScore=-2.63257e+06 diffscore=1594.48 priorChange=-102.586 successMove=47
ITERATION 36 newScore=-2.63218e+06 diffscore=384.218 priorChange=-106.745 successMove=44
ITERATION 37 newScore=-2.63176e+06 diffscore=422.262 priorChange=-92.8817 successMove=44
ITERATION 38 newScore=-2.62866e+06 diffscore=3097.77 priorChange=-103.972 successMove=46
ITERATION 39 newScore=-2.62608e+06 diffscore=2583.49 priorChange=-97.0406 successMove=45
ITERATION 40 newScore=-2.62553e+06 diffscore=549.939 priorChange=-87.3365 successMove=43
ITERATION 41 newScore=-2.62405e+06 diffscore=1478.6 priorChange=-95.6543 successMove=43
ITERATION 42 newScore=-2.62108e+06 diffscore=2971.99 priorChange=-110.904 successMove=45
ITERATION 43 newScore=-2.62071e+06 diffscore=370.029 priorChange=-105.358 successMove=43
ITERATION 44 newScore=-2.62029e+06 diffscore=414.681 priorChange=-101.199 successMove=44
ITERATION 45 newScore=-2.61874e+06 diffscore=1553.51 priorChange=-81.7914 successMove=43
ITERATION 46 newScore=-2.61751e+06 diffscore=1228.15 priorChange=-85.9503 successMove=43
ITERATION 47 newScore=-2.61716e+06 diffscore=346.65 priorChange=-105.358 successMove=43
ITERATION 48 newScore=-2.61681e+06 diffscore=356.562 priorChange=-110.904 successMove=42
ITERATION 49 newScore=-2.61547e+06 diffscore=1335.42 priorChange=-84.564 successMove=42
ITERATION 50 newScore=-2.6149e+06 diffscore=572.846 priorChange=-95.6543 successMove=43
ITERATION 51 newScore=-2.61404e+06 diffscore=856.958 priorChange=-85.9503 successMove=44
ITERATION 52 newScore=-2.61305e+06 diffscore=990.636 priorChange=-90.1091 successMove=42
ITERATION 53 newScore=-2.61098e+06 diffscore=2068.5 priorChange=-85.9503 successMove=42
ITERATION 54 newScore=-2.61071e+06 diffscore=271.804 priorChange=-88.7228 successMove=40
ITERATION 55 newScore=-2.61041e+06 diffscore=297.447 priorChange=-84.564 successMove=40
ITERATION 56 newScore=-2.60767e+06 diffscore=2745.86 priorChange=-83.1777 successMove=38
ITERATION 57 newScore=-2.60748e+06 diffscore=190.005 priorChange=-74.8599 successMove=39
ITERATION 58 newScore=-2.60727e+06 diffscore=203.491 priorChange=-77.6325 successMove=37
ITERATION 59 newScore=-2.60601e+06 diffscore=1268.23 priorChange=-91.4954 successMove=38
ITERATION 60 newScore=-2.60583e+06 diffscore=172.629 priorChange=-84.564 successMove=38
ITERATION 61 newScore=-2.60567e+06 diffscore=167.824 priorChange=-76.2462 successMove=35
ITERATION 62 newScore=-2.60547e+06 diffscore=192.335 priorChange=-84.564 successMove=35
ITERATION 63 newScore=-2.60528e+06 diffscore=194.008 priorChange=-80.4051 successMove=35
ITERATION 64 newScore=-2.60504e+06 diffscore=235.901 priorChange=-79.0188 successMove=34
ITERATION 65 newScore=-2.60483e+06 diffscore=212.452 priorChange=-72.0873 successMove=33
ITERATION 66 newScore=-2.6046e+06 diffscore=232.095 priorChange=-48.5203 successMove=30
ITERATION 67 newScore=-2.60422e+06 diffscore=377.606 priorChange=-55.4518 successMove=27
ITERATION 68 newScore=-2.60206e+06 diffscore=2156.4 priorChange=-67.9284 successMove=27
ITERATION 69 newScore=-2.6019e+06 diffscore=168.7 priorChange=-51.2929 successMove=27
ITERATION 70 newScore=-2.6003e+06 diffscore=1592.29 priorChange=-51.2929 successMove=26
ITERATION 71 newScore=-2.59822e+06 diffscore=2085.55 priorChange=-36.0437 successMove=26
ITERATION 72 newScore=-2.59803e+06 diffscore=187.615 priorChange=-45.7477 successMove=27
ITERATION 73 newScore=-2.59762e+06 diffscore=414.258 priorChange=-52.6792 successMove=24
ITERATION 74 newScore=-2.59711e+06 diffscore=505.351 priorChange=-45.7477 successMove=24
ITERATION 75 newScore=-2.59701e+06 diffscore=96.6479 priorChange=-44.3614 successMove=25
ITERATION 76 newScore=-2.5969e+06 diffscore=114.621 priorChange=-49.9066 successMove=24
ITERATION 77 newScore=-2.5954e+06 diffscore=1499.76 priorChange=-40.2025 successMove=23
ITERATION 78 newScore=-2.59528e+06 diffscore=124.04 priorChange=-52.6792 successMove=24
ITERATION 79 newScore=-2.59516e+06 diffscore=112.361 priorChange=-42.9751 successMove=19
ITERATION 80 newScore=-2.59503e+06 diffscore=135.528 priorChange=-37.4299 successMove=20
ITERATION 81 newScore=-2.59464e+06 diffscore=388.3 priorChange=-36.0437 successMove=18
ITERATION 82 newScore=-2.59455e+06 diffscore=92.7672 priorChange=-34.6574 successMove=16
ITERATION 83 newScore=-2.59447e+06 diffscore=77.7123 priorChange=-23.567 successMove=15
ITERATION 84 newScore=-2.59438e+06 diffscore=85.4321 priorChange=-31.8848 successMove=15
ITERATION 85 newScore=-2.59429e+06 diffscore=93.7799 priorChange=-36.0437 successMove=15
ITERATION 86 newScore=-2.5942e+06 diffscore=92.2261 priorChange=-30.4985 successMove=14
ITERATION 87 newScore=-2.59403e+06 diffscore=170.708 priorChange=-29.1122 successMove=14
ITERATION 88 newScore=-2.59391e+06 diffscore=118.86 priorChange=-16.6355 successMove=12
ITERATION 89 newScore=-2.59284e+06 diffscore=1071.07 priorChange=-16.6355 successMove=10
ITERATION 90 newScore=-2.59274e+06 diffscore=95.1678 priorChange=-18.0218 successMove=10
ITERATION 91 newScore=-2.59255e+06 diffscore=192.703 priorChange=-23.567 successMove=10
ITERATION 92 newScore=-2.59237e+06 diffscore=179.436 priorChange=-22.1807 successMove=9
ITERATION 93 newScore=-2.59117e+06 diffscore=1199.21 priorChange=-22.1807 successMove=9
ITERATION 94 newScore=-2.59092e+06 diffscore=253.072 priorChange=-18.0218 successMove=8
ITERATION 95 newScore=-2.58995e+06 diffscore=964.334 priorChange=-19.4081 successMove=8
ITERATION 96 newScore=-2.58988e+06 diffscore=77.6901 priorChange=-18.0218 successMove=7
ITERATION 97 newScore=-2.58979e+06 diffscore=87.9436 priorChange=-12.4766 successMove=7
ITERATION 98 newScore=-2.58973e+06 diffscore=57.955 priorChange=-12.4766 successMove=7
ITERATION 99 newScore=-2.58968e+06 diffscore=51.796 priorChange=-18.0218 successMove=7
MetaLearner::dumpAllGraphs
Final Score -2.58968e+06
MetaLearner::start runtime: 1221897988 ms
Results/
Results/cluster3/
Results/cluster3/fold0/
Results/cluster3/fold0/modelparams.txt
Results/cluster3/fold0/var_mb_pw_k50.txt
Results/cluster7/
Results/cluster7/fold0/
Results/cluster7/fold0/modelparams.txt
Results/cluster7/fold0/var_mb_pw_k50.txt
Results/cluster2/
Results/cluster2/fold0/
Results/cluster2/fold0/modelparams.txt
Results/cluster2/fold0/var_mb_pw_k50.txt
Results/cluster9/
Results/cluster9/fold0/
Results/cluster9/fold0/modelparams.txt
Results/cluster9/fold0/var_mb_pw_k50.txt
Results/cluster6/
Results/cluster6/fold0/
Results/cluster6/fold0/modelparams.txt
Results/cluster6/fold0/var_mb_pw_k50.txt
Results/cluster1/
Results/cluster1/fold0/
Results/cluster1/fold0/modelparams.txt
Results/cluster1/fold0/var_mb_pw_k50.txt
Results/cluster10/
Results/cluster10/fold0/
Results/cluster10/fold0/modelparams.txt
Results/cluster10/fold0/var_mb_pw_k50.txt
Results/cluster8/
Results/cluster8/scoreFile.txt
Results/cluster8/fold0/
Results/cluster8/fold0/modelparams.txt
Results/cluster8/fold0/var_mb_pw_k50.txt
