./CVN -f config_condor.txt -x50 -v1 -l TFs_OGs.txt -n AllGenes125.txt -d celltype_tree_ancestor.txt -m testdata_ogids.txt -s celltype_order.txt -p 0.2 -c yes -b -4 -q 4
(cluster3|cluster8) p_maintain_edge=0.8 p_gain=0.2
(cluster2|cluster3) p_maintain_edge=0.8 p_gain=0.2
(cluster1|cluster2) p_maintain_edge=0.8 p_gain=0.2
(cluster6|cluster2) p_maintain_edge=0.8 p_gain=0.2
(cluster9|cluster6) p_maintain_edge=0.8 p_gain=0.2
(cluster10|cluster6) p_maintain_edge=0.8 p_gain=0.2
(cluster7|cluster10) p_maintain_edge=0.8 p_gain=0.2
speciesSet.size()=8 Root is cluster8
MappedOrthogroupReader::readSpeciesMapping() --- celltype_order.txt
MappedOrthogroupReader::readFile - testdata_ogids.txt
MappedOrthogroupReader::generateGeneOrthoMap()
MetaLearner::init_onefold() read:config_condor.txt
MetaLearner::setinputVariableNames number of variables: 2038
readEvidenceTable:cluster8.table
PotentialManager::loadEvidenceFromTable varCount=2038 sampleCount=348
motifNetwork.size() = 319
0=cluster8 motifNetwork=cluster8_network.txt
variable size=2038
readEvidenceTable:cluster3.table
PotentialManager::loadEvidenceFromTable varCount=2038 sampleCount=95
motifNetwork.size() = 326
1=cluster3 motifNetwork=cluster3_network.txt
variable size=2038
readEvidenceTable:cluster2.table
PotentialManager::loadEvidenceFromTable varCount=2038 sampleCount=386
motifNetwork.size() = 328
2=cluster2 motifNetwork=cluster2_network.txt
variable size=2038
readEvidenceTable:cluster1.table
PotentialManager::loadEvidenceFromTable varCount=2038 sampleCount=36
motifNetwork.size() = 322
3=cluster1 motifNetwork=cluster1_network.txt
variable size=2038
readEvidenceTable:cluster6.table
PotentialManager::loadEvidenceFromTable varCount=2038 sampleCount=524
motifNetwork.size() = 320
4=cluster6 motifNetwork=cluster6_network.txt
variable size=2038
readEvidenceTable:cluster9.table
PotentialManager::loadEvidenceFromTable varCount=2038 sampleCount=184
motifNetwork.size() = 327
5=cluster9 motifNetwork=cluster9_network.txt
variable size=2038
readEvidenceTable:cluster10.table
PotentialManager::loadEvidenceFromTable varCount=2038 sampleCount=165
motifNetwork.size() = 326
6=cluster10 motifNetwork=cluster10_network.txt
variable size=2038
readEvidenceTable:cluster7.table
PotentialManager::loadEvidenceFromTable varCount=2038 sampleCount=1032
motifNetwork.size() = 320
7=cluster7 motifNetwork=cluster7_network.txt
variable size=2038
-------------------------------------------------------------
MetaLearner::start
precomputeEmptyGraphPrior
binkey=0 [Edge status: 0 0 0 0 0 0 0 0 ] P(G)=P(cluster8=0)[0.8] * P(cluster1=0|cluster2=0) * P(cluster9=0|cluster6=0) * P(cluster7=0|cluster10=0) * P(cluster10=0|cluster6=0) * P(cluster6=0|cluster2=0) * P(cluster2=0|cluster3=0) * P(cluster3=0|cluster8=0)[0.209715]=0.167772
condsetMap_Tree
0 cluster8=0 cluster3=0 cluster2=0 cluster1=0 cluster6=0 cluster9=0 cluster10=0 cluster7=1
1 cluster8=0 cluster3=0 cluster2=0 cluster1=0 cluster6=0 cluster9=1 cluster10=0 cluster7=0
2 cluster8=0 cluster3=0 cluster2=0 cluster1=0 cluster6=0 cluster9=1 cluster10=0 cluster7=1
3 cluster8=0 cluster3=0 cluster2=0 cluster1=1 cluster6=0 cluster9=0 cluster10=0 cluster7=0
4 cluster8=0 cluster3=0 cluster2=0 cluster1=1 cluster6=0 cluster9=0 cluster10=0 cluster7=1
5 cluster8=0 cluster3=0 cluster2=0 cluster1=1 cluster6=0 cluster9=1 cluster10=0 cluster7=0
6 cluster8=0 cluster3=0 cluster2=0 cluster1=1 cluster6=0 cluster9=1 cluster10=0 cluster7=1
7 cluster8=0 cluster3=0 cluster2=0 cluster1=0 cluster6=0 cluster9=0 cluster10=1 cluster7=1
8 cluster8=0 cluster3=0 cluster2=0 cluster1=0 cluster6=0 cluster9=1 cluster10=1 cluster7=1
9 cluster8=0 cluster3=0 cluster2=0 cluster1=1 cluster6=0 cluster9=0 cluster10=1 cluster7=1
10 cluster8=0 cluster3=0 cluster2=0 cluster1=1 cluster6=0 cluster9=1 cluster10=1 cluster7=1
11 cluster8=0 cluster3=0 cluster2=0 cluster1=0 cluster6=1 cluster9=1 cluster10=1 cluster7=1
12 cluster8=0 cluster3=0 cluster2=0 cluster1=1 cluster6=1 cluster9=1 cluster10=1 cluster7=1
13 cluster8=0 cluster3=0 cluster2=1 cluster1=1 cluster6=1 cluster9=1 cluster10=1 cluster7=1
14 cluster8=0 cluster3=1 cluster2=1 cluster1=1 cluster6=1 cluster9=1 cluster10=1 cluster7=1
15 cluster8=1 cluster3=1 cluster2=1 cluster1=1 cluster6=1 cluster9=1 cluster10=1 cluster7=1
16 cluster8=1 cluster3=1 cluster2=1 cluster1=1 cluster6=1 cluster9=1 cluster10=1 cluster7=0
17 cluster8=1 cluster3=1 cluster2=1 cluster1=1 cluster6=1 cluster9=0 cluster10=1 cluster7=1
18 cluster8=1 cluster3=1 cluster2=1 cluster1=1 cluster6=1 cluster9=0 cluster10=1 cluster7=0
19 cluster8=1 cluster3=1 cluster2=1 cluster1=0 cluster6=1 cluster9=1 cluster10=1 cluster7=1
20 cluster8=1 cluster3=1 cluster2=1 cluster1=0 cluster6=1 cluster9=1 cluster10=1 cluster7=0
21 cluster8=1 cluster3=1 cluster2=1 cluster1=0 cluster6=1 cluster9=0 cluster10=1 cluster7=1
22 cluster8=1 cluster3=1 cluster2=1 cluster1=0 cluster6=1 cluster9=0 cluster10=1 cluster7=0
23 cluster8=1 cluster3=1 cluster2=1 cluster1=1 cluster6=1 cluster9=1 cluster10=0 cluster7=0
24 cluster8=1 cluster3=1 cluster2=1 cluster1=1 cluster6=1 cluster9=0 cluster10=0 cluster7=0
25 cluster8=1 cluster3=1 cluster2=1 cluster1=0 cluster6=1 cluster9=1 cluster10=0 cluster7=0
26 cluster8=1 cluster3=1 cluster2=1 cluster1=0 cluster6=1 cluster9=0 cluster10=0 cluster7=0
27 cluster8=1 cluster3=1 cluster2=1 cluster1=1 cluster6=0 cluster9=0 cluster10=0 cluster7=0
28 cluster8=1 cluster3=1 cluster2=1 cluster1=0 cluster6=0 cluster9=0 cluster10=0 cluster7=0
29 cluster8=1 cluster3=1 cluster2=0 cluster1=0 cluster6=0 cluster9=0 cluster10=0 cluster7=0
30 cluster8=1 cluster3=0 cluster2=0 cluster1=0 cluster6=0 cluster9=0 cluster10=0 cluster7=0
31 cluster8=0 cluster3=0 cluster2=0 cluster1=0 cluster6=1 cluster9=0 cluster10=0 cluster7=0
32 cluster8=0 cluster3=0 cluster2=1 cluster1=0 cluster6=0 cluster9=0 cluster10=0 cluster7=0
33 cluster8=0 cluster3=0 cluster2=0 cluster1=0 cluster6=0 cluster9=0 cluster10=1 cluster7=0
34 cluster8=0 cluster3=1 cluster2=0 cluster1=0 cluster6=0 cluster9=0 cluster10=0 cluster7=0
inputRegulatorOGs.size() = 1999 inputOGList.size() = 50
binkey=16 [Edge status: 0 0 0 0 1 0 0 0 ] P(G)=P(cluster8=0)[0.8] * P(cluster1=0|cluster2=0) * P(cluster9=0|cluster6=1) * P(cluster7=0|cluster10=0) * P(cluster10=0|cluster6=1) * P(cluster6=1|cluster2=0) * P(cluster2=0|cluster3=0) * P(cluster3=0|cluster8=0)[0.0032768]=0.00262144
binkey=1 [Edge status: 1 0 0 0 0 0 0 0 ] P(G)=P(cluster8=1)[0.2] * P(cluster1=0|cluster2=0) * P(cluster9=0|cluster6=0) * P(cluster7=0|cluster10=0) * P(cluster10=0|cluster6=0) * P(cluster6=0|cluster2=0) * P(cluster2=0|cluster3=0) * P(cluster3=0|cluster8=1)[0.0524288]=0.0104858
binkey=64 [Edge status: 0 0 0 0 0 0 1 0 ] P(G)=P(cluster8=0)[0.8] * P(cluster1=0|cluster2=0) * P(cluster9=0|cluster6=0) * P(cluster7=0|cluster10=1) * P(cluster10=1|cluster6=0) * P(cluster6=0|cluster2=0) * P(cluster2=0|cluster3=0) * P(cluster3=0|cluster8=0)[0.0131072]=0.0104858
binkey=32 [Edge status: 0 0 0 0 0 1 0 0 ] P(G)=P(cluster8=0)[0.8] * P(cluster1=0|cluster2=0) * P(cluster9=1|cluster6=0) * P(cluster7=0|cluster10=0) * P(cluster10=0|cluster6=0) * P(cluster6=0|cluster2=0) * P(cluster2=0|cluster3=0) * P(cluster3=0|cluster8=0)[0.0524288]=0.041943
binkey=4 [Edge status: 0 0 1 0 0 0 0 0 ] P(G)=P(cluster8=0)[0.8] * P(cluster1=0|cluster2=1) * P(cluster9=0|cluster6=0) * P(cluster7=0|cluster10=0) * P(cluster10=0|cluster6=0) * P(cluster6=0|cluster2=1) * P(cluster2=1|cluster3=0) * P(cluster3=0|cluster8=0)[0.0032768]=0.00262144
binkey=128 [Edge status: 0 0 0 0 0 0 0 1 ] P(G)=P(cluster8=0)[0.8] * P(cluster1=0|cluster2=0) * P(cluster9=0|cluster6=0) * P(cluster7=1|cluster10=0) * P(cluster10=0|cluster6=0) * P(cluster6=0|cluster2=0) * P(cluster2=0|cluster3=0) * P(cluster3=0|cluster8=0)[0.0524288]=0.041943
binkey=160 [Edge status: 0 0 0 0 0 1 0 1 ] P(G)=P(cluster8=0)[0.8] * P(cluster1=0|cluster2=0) * P(cluster9=1|cluster6=0) * P(cluster7=1|cluster10=0) * P(cluster10=0|cluster6=0) * P(cluster6=0|cluster2=0) * P(cluster2=0|cluster3=0) * P(cluster3=0|cluster8=0)[0.0131072]=0.0104858
binkey=192 [Edge status: 0 0 0 0 0 0 1 1 ] P(G)=P(cluster8=0)[0.8] * P(cluster1=0|cluster2=0) * P(cluster9=0|cluster6=0) * P(cluster7=1|cluster10=1) * P(cluster10=1|cluster6=0) * P(cluster6=0|cluster2=0) * P(cluster2=0|cluster3=0) * P(cluster3=0|cluster8=0)[0.0524288]=0.041943
binkey=8 [Edge status: 0 0 0 1 0 0 0 0 ] P(G)=P(cluster8=0)[0.8] * P(cluster1=1|cluster2=0) * P(cluster9=0|cluster6=0) * P(cluster7=0|cluster10=0) * P(cluster10=0|cluster6=0) * P(cluster6=0|cluster2=0) * P(cluster2=0|cluster3=0) * P(cluster3=0|cluster8=0)[0.0524288]=0.041943
binkey=2 [Edge status: 0 1 0 0 0 0 0 0 ] P(G)=P(cluster8=0)[0.8] * P(cluster1=0|cluster2=0) * P(cluster9=0|cluster6=0) * P(cluster7=0|cluster10=0) * P(cluster10=0|cluster6=0) * P(cluster6=0|cluster2=0) * P(cluster2=0|cluster3=1) * P(cluster3=1|cluster8=0)[0.0131072]=0.0104858
binkey=40 [Edge status: 0 0 0 1 0 1 0 0 ] P(G)=P(cluster8=0)[0.8] * P(cluster1=1|cluster2=0) * P(cluster9=1|cluster6=0) * P(cluster7=0|cluster10=0) * P(cluster10=0|cluster6=0) * P(cluster6=0|cluster2=0) * P(cluster2=0|cluster3=0) * P(cluster3=0|cluster8=0)[0.0131072]=0.0104858
binkey=3 [Edge status: 1 1 0 0 0 0 0 0 ] P(G)=P(cluster8=1)[0.2] * P(cluster1=0|cluster2=0) * P(cluster9=0|cluster6=0) * P(cluster7=0|cluster10=0) * P(cluster10=0|cluster6=0) * P(cluster6=0|cluster2=0) * P(cluster2=0|cluster3=1) * P(cluster3=1|cluster8=1)[0.0524288]=0.0104858
binkey=136 [Edge status: 0 0 0 1 0 0 0 1 ] P(G)=P(cluster8=0)[0.8] * P(cluster1=1|cluster2=0) * P(cluster9=0|cluster6=0) * P(cluster7=1|cluster10=0) * P(cluster10=0|cluster6=0) * P(cluster6=0|cluster2=0) * P(cluster2=0|cluster3=0) * P(cluster3=0|cluster8=0)[0.0131072]=0.0104858
binkey=168 [Edge status: 0 0 0 1 0 1 0 1 ] P(G)=P(cluster8=0)[0.8] * P(cluster1=1|cluster2=0) * P(cluster9=1|cluster6=0) * P(cluster7=1|cluster10=0) * P(cluster10=0|cluster6=0) * P(cluster6=0|cluster2=0) * P(cluster2=0|cluster3=0) * P(cluster3=0|cluster8=0)[0.0032768]=0.00262144
binkey=224 [Edge status: 0 0 0 0 0 1 1 1 ] P(G)=P(cluster8=0)[0.8] * P(cluster1=0|cluster2=0) * P(cluster9=1|cluster6=0) * P(cluster7=1|cluster10=1) * P(cluster10=1|cluster6=0) * P(cluster6=0|cluster2=0) * P(cluster2=0|cluster3=0) * P(cluster3=0|cluster8=0)[0.0131072]=0.0104858
binkey=200 [Edge status: 0 0 0 1 0 0 1 1 ] P(G)=P(cluster8=0)[0.8] * P(cluster1=1|cluster2=0) * P(cluster9=0|cluster6=0) * P(cluster7=1|cluster10=1) * P(cluster10=1|cluster6=0) * P(cluster6=0|cluster2=0) * P(cluster2=0|cluster3=0) * P(cluster3=0|cluster8=0)[0.0131072]=0.0104858
binkey=232 [Edge status: 0 0 0 1 0 1 1 1 ] P(G)=P(cluster8=0)[0.8] * P(cluster1=1|cluster2=0) * P(cluster9=1|cluster6=0) * P(cluster7=1|cluster10=1) * P(cluster10=1|cluster6=0) * P(cluster6=0|cluster2=0) * P(cluster2=0|cluster3=0) * P(cluster3=0|cluster8=0)[0.0032768]=0.00262144
binkey=223 [Edge status: 1 1 1 1 1 0 1 1 ] P(G)=P(cluster8=1)[0.2] * P(cluster1=1|cluster2=1) * P(cluster9=0|cluster6=1) * P(cluster7=1|cluster10=1) * P(cluster10=1|cluster6=1) * P(cluster6=1|cluster2=1) * P(cluster2=1|cluster3=1) * P(cluster3=1|cluster8=1)[0.0524288]=0.0104858
binkey=95 [Edge status: 1 1 1 1 1 0 1 0 ] P(G)=P(cluster8=1)[0.2] * P(cluster1=1|cluster2=1) * P(cluster9=0|cluster6=1) * P(cluster7=0|cluster10=1) * P(cluster10=1|cluster6=1) * P(cluster6=1|cluster2=1) * P(cluster2=1|cluster3=1) * P(cluster3=1|cluster8=1)[0.0131072]=0.00262144
binkey=215 [Edge status: 1 1 1 0 1 0 1 1 ] P(G)=P(cluster8=1)[0.2] * P(cluster1=0|cluster2=1) * P(cluster9=0|cluster6=1) * P(cluster7=1|cluster10=1) * P(cluster10=1|cluster6=1) * P(cluster6=1|cluster2=1) * P(cluster2=1|cluster3=1) * P(cluster3=1|cluster8=1)[0.0131072]=0.00262144
binkey=87 [Edge status: 1 1 1 0 1 0 1 0 ] P(G)=P(cluster8=1)[0.2] * P(cluster1=0|cluster2=1) * P(cluster9=0|cluster6=1) * P(cluster7=0|cluster10=1) * P(cluster10=1|cluster6=1) * P(cluster6=1|cluster2=1) * P(cluster2=1|cluster3=1) * P(cluster3=1|cluster8=1)[0.0032768]=0.00065536
binkey=31 [Edge status: 1 1 1 1 1 0 0 0 ] P(G)=P(cluster8=1)[0.2] * P(cluster1=1|cluster2=1) * P(cluster9=0|cluster6=1) * P(cluster7=0|cluster10=0) * P(cluster10=0|cluster6=1) * P(cluster6=1|cluster2=1) * P(cluster2=1|cluster3=1) * P(cluster3=1|cluster8=1)[0.0131072]=0.00262144
binkey=23 [Edge status: 1 1 1 0 1 0 0 0 ] P(G)=P(cluster8=1)[0.2] * P(cluster1=0|cluster2=1) * P(cluster9=0|cluster6=1) * P(cluster7=0|cluster10=0) * P(cluster10=0|cluster6=1) * P(cluster6=1|cluster2=1) * P(cluster2=1|cluster3=1) * P(cluster3=1|cluster8=1)[0.0032768]=0.00065536
binkey=15 [Edge status: 1 1 1 1 0 0 0 0 ] P(G)=P(cluster8=1)[0.2] * P(cluster1=1|cluster2=1) * P(cluster9=0|cluster6=0) * P(cluster7=0|cluster10=0) * P(cluster10=0|cluster6=0) * P(cluster6=0|cluster2=1) * P(cluster2=1|cluster3=1) * P(cluster3=1|cluster8=1)[0.0524288]=0.0104858
binkey=7 [Edge status: 1 1 1 0 0 0 0 0 ] P(G)=P(cluster8=1)[0.2] * P(cluster1=0|cluster2=1) * P(cluster9=0|cluster6=0) * P(cluster7=0|cluster10=0) * P(cluster10=0|cluster6=0) * P(cluster6=0|cluster2=1) * P(cluster2=1|cluster3=1) * P(cluster3=1|cluster8=1)[0.0131072]=0.00262144
binkey=240 [Edge status: 0 0 0 0 1 1 1 1 ] P(G)=P(cluster8=0)[0.8] * P(cluster1=0|cluster2=0) * P(cluster9=1|cluster6=1) * P(cluster7=1|cluster10=1) * P(cluster10=1|cluster6=1) * P(cluster6=1|cluster2=0) * P(cluster2=0|cluster3=0) * P(cluster3=0|cluster8=0)[0.0524288]=0.041943
binkey=247 [Edge status: 1 1 1 0 1 1 1 1 ] P(G)=P(cluster8=1)[0.2] * P(cluster1=0|cluster2=1) * P(cluster9=1|cluster6=1) * P(cluster7=1|cluster10=1) * P(cluster10=1|cluster6=1) * P(cluster6=1|cluster2=1) * P(cluster2=1|cluster3=1) * P(cluster3=1|cluster8=1)[0.0524288]=0.0104858
binkey=119 [Edge status: 1 1 1 0 1 1 1 0 ] P(G)=P(cluster8=1)[0.2] * P(cluster1=0|cluster2=1) * P(cluster9=1|cluster6=1) * P(cluster7=0|cluster10=1) * P(cluster10=1|cluster6=1) * P(cluster6=1|cluster2=1) * P(cluster2=1|cluster3=1) * P(cluster3=1|cluster8=1)[0.0131072]=0.00262144
binkey=55 [Edge status: 1 1 1 0 1 1 0 0 ] P(G)=P(cluster8=1)[0.2] * P(cluster1=0|cluster2=1) * P(cluster9=1|cluster6=1) * P(cluster7=0|cluster10=0) * P(cluster10=0|cluster6=1) * P(cluster6=1|cluster2=1) * P(cluster2=1|cluster3=1) * P(cluster3=1|cluster8=1)[0.0131072]=0.00262144
ITERATION 0 newScore=-2.66725e+06 diffscore=26187.8 priorChange=-124.766 successMove=58
binkey=248 [Edge status: 0 0 0 1 1 1 1 1 ] P(G)=P(cluster8=0)[0.8] * P(cluster1=1|cluster2=0) * P(cluster9=1|cluster6=1) * P(cluster7=1|cluster10=1) * P(cluster10=1|cluster6=1) * P(cluster6=1|cluster2=0) * P(cluster2=0|cluster3=0) * P(cluster3=0|cluster8=0)[0.0131072]=0.0104858
ITERATION 1 newScore=-2.65572e+06 diffscore=11534.5 priorChange=-110.904 successMove=59
ITERATION 2 newScore=-2.64627e+06 diffscore=9443.31 priorChange=-115.062 successMove=53
ITERATION 3 newScore=-2.6363e+06 diffscore=9978.67 priorChange=-119.221 successMove=57
ITERATION 4 newScore=-2.63108e+06 diffscore=5210.86 priorChange=-109.517 successMove=52
ITERATION 5 newScore=-2.62614e+06 diffscore=4947.87 priorChange=-120.608 successMove=50
ITERATION 6 newScore=-2.62151e+06 diffscore=4630.07 priorChange=-113.676 successMove=55
ITERATION 7 newScore=-2.61655e+06 diffscore=4954.54 priorChange=-127.539 successMove=52
ITERATION 8 newScore=-2.61364e+06 diffscore=2911.57 priorChange=-124.766 successMove=51
ITERATION 9 newScore=-2.61061e+06 diffscore=3029.13 priorChange=-117.835 successMove=51
ITERATION 10 newScore=-2.60463e+06 diffscore=5980.93 priorChange=-130.312 successMove=50
ITERATION 11 newScore=-2.60155e+06 diffscore=3083.17 priorChange=-120.608 successMove=53
ITERATION 12 newScore=-2.59669e+06 diffscore=4859.44 priorChange=-127.539 successMove=51
ITERATION 13 newScore=-2.59238e+06 diffscore=4306.97 priorChange=-128.925 successMove=51
ITERATION 14 newScore=-2.59031e+06 diffscore=2067.22 priorChange=-113.676 successMove=53
ITERATION 15 newScore=-2.58552e+06 diffscore=4792.46 priorChange=-108.131 successMove=49
ITERATION 16 newScore=-2.58344e+06 diffscore=2080.13 priorChange=-113.676 successMove=48
ITERATION 17 newScore=-2.57763e+06 diffscore=5809.48 priorChange=-106.745 successMove=48
ITERATION 18 newScore=-2.57518e+06 diffscore=2450.28 priorChange=-126.153 successMove=48
ITERATION 19 newScore=-2.57453e+06 diffscore=652.001 priorChange=-119.221 successMove=53
ITERATION 20 newScore=-2.56735e+06 diffscore=7178.19 priorChange=-105.358 successMove=49
ITERATION 21 newScore=-2.5653e+06 diffscore=2048.46 priorChange=-120.608 successMove=48
ITERATION 22 newScore=-2.56472e+06 diffscore=577.458 priorChange=-115.062 successMove=48
ITERATION 23 newScore=-2.56414e+06 diffscore=589.07 priorChange=-112.29 successMove=50
ITERATION 24 newScore=-2.5619e+06 diffscore=2231.41 priorChange=-128.925 successMove=49
ITERATION 25 newScore=-2.56018e+06 diffscore=1723.32 priorChange=-91.4954 successMove=47
ITERATION 26 newScore=-2.55826e+06 diffscore=1923.56 priorChange=-116.449 successMove=51
ITERATION 27 newScore=-2.5577e+06 diffscore=559.346 priorChange=-112.29 successMove=49
ITERATION 28 newScore=-2.55572e+06 diffscore=1978.71 priorChange=-110.904 successMove=48
ITERATION 29 newScore=-2.55498e+06 diffscore=738.495 priorChange=-99.8132 successMove=48
ITERATION 30 newScore=-2.55231e+06 diffscore=2673.08 priorChange=-112.29 successMove=45
ITERATION 31 newScore=-2.55186e+06 diffscore=444.784 priorChange=-110.904 successMove=45
ITERATION 32 newScore=-2.55146e+06 diffscore=405.738 priorChange=-108.131 successMove=48
ITERATION 33 newScore=-2.55102e+06 diffscore=440.725 priorChange=-84.564 successMove=45
ITERATION 34 newScore=-2.55051e+06 diffscore=507.7 priorChange=-109.517 successMove=44
ITERATION 35 newScore=-2.54768e+06 diffscore=2830.27 priorChange=-91.4954 successMove=45
ITERATION 36 newScore=-2.54585e+06 diffscore=1828.34 priorChange=-98.4269 successMove=45
ITERATION 37 newScore=-2.54344e+06 diffscore=2414.97 priorChange=-113.676 successMove=44
ITERATION 38 newScore=-2.54289e+06 diffscore=541.764 priorChange=-110.904 successMove=44
ITERATION 39 newScore=-2.54256e+06 diffscore=335.135 priorChange=-98.4269 successMove=45
ITERATION 40 newScore=-2.54108e+06 diffscore=1474.5 priorChange=-99.8132 successMove=44
ITERATION 41 newScore=-2.53983e+06 diffscore=1249.38 priorChange=-95.6543 successMove=44
ITERATION 42 newScore=-2.53922e+06 diffscore=613.653 priorChange=-115.062 successMove=44
ITERATION 43 newScore=-2.53789e+06 diffscore=1328.99 priorChange=-109.517 successMove=48
ITERATION 44 newScore=-2.53501e+06 diffscore=2882.17 priorChange=-97.0406 successMove=45
ITERATION 45 newScore=-2.53352e+06 diffscore=1492.05 priorChange=-113.676 successMove=44
ITERATION 46 newScore=-2.53313e+06 diffscore=384.7 priorChange=-94.268 successMove=44
ITERATION 47 newScore=-2.53256e+06 diffscore=576.594 priorChange=-115.062 successMove=44
ITERATION 48 newScore=-2.52885e+06 diffscore=3709.83 priorChange=-91.4954 successMove=45
ITERATION 49 newScore=-2.52857e+06 diffscore=280.896 priorChange=-80.4051 successMove=43
ITERATION 50 newScore=-2.52705e+06 diffscore=1517.04 priorChange=-102.586 successMove=42
ITERATION 51 newScore=-2.52581e+06 diffscore=1238.2 priorChange=-115.062 successMove=42
ITERATION 52 newScore=-2.52532e+06 diffscore=486.357 priorChange=-88.7228 successMove=41
ITERATION 53 newScore=-2.52513e+06 diffscore=190.791 priorChange=-97.0406 successMove=39
ITERATION 54 newScore=-2.52495e+06 diffscore=178.921 priorChange=-84.564 successMove=39
ITERATION 55 newScore=-2.52477e+06 diffscore=182.062 priorChange=-90.1091 successMove=39
ITERATION 56 newScore=-2.52456e+06 diffscore=216.771 priorChange=-91.4954 successMove=39
ITERATION 57 newScore=-2.52436e+06 diffscore=199.137 priorChange=-70.701 successMove=39
ITERATION 58 newScore=-2.52415e+06 diffscore=209.925 priorChange=-80.4051 successMove=40
ITERATION 59 newScore=-2.5239e+06 diffscore=242.736 priorChange=-95.6543 successMove=37
ITERATION 60 newScore=-2.52126e+06 diffscore=2639.04 priorChange=-76.2462 successMove=36
ITERATION 61 newScore=-2.52027e+06 diffscore=997.234 priorChange=-103.972 successMove=37
ITERATION 62 newScore=-2.51817e+06 diffscore=2101.99 priorChange=-85.9503 successMove=36
ITERATION 63 newScore=-2.51798e+06 diffscore=180.669 priorChange=-88.7228 successMove=37
ITERATION 64 newScore=-2.51772e+06 diffscore=267.323 priorChange=-72.0873 successMove=33
ITERATION 65 newScore=-2.51691e+06 diffscore=808.524 priorChange=-70.701 successMove=33
ITERATION 66 newScore=-2.51615e+06 diffscore=758.823 priorChange=-66.5421 successMove=30
ITERATION 67 newScore=-2.51601e+06 diffscore=139.382 priorChange=-73.4736 successMove=27
ITERATION 68 newScore=-2.51583e+06 diffscore=181.551 priorChange=-62.3832 successMove=27
ITERATION 69 newScore=-2.51498e+06 diffscore=851.878 priorChange=-62.3832 successMove=26
ITERATION 70 newScore=-2.51485e+06 diffscore=122.971 priorChange=-62.3832 successMove=26
ITERATION 71 newScore=-2.51475e+06 diffscore=106.728 priorChange=-55.4518 successMove=26
ITERATION 72 newScore=-2.51465e+06 diffscore=102.353 priorChange=-44.3614 successMove=25
ITERATION 73 newScore=-2.51455e+06 diffscore=90.4783 priorChange=-44.3614 successMove=21
ITERATION 74 newScore=-2.51446e+06 diffscore=95.0967 priorChange=-44.3614 successMove=21
ITERATION 75 newScore=-2.51437e+06 diffscore=89.5161 priorChange=-48.5203 successMove=22
ITERATION 76 newScore=-2.51428e+06 diffscore=94.032 priorChange=-49.9066 successMove=19
ITERATION 77 newScore=-2.51419e+06 diffscore=87.8299 priorChange=-37.4299 successMove=19
ITERATION 78 newScore=-2.51408e+06 diffscore=109.849 priorChange=-41.5888 successMove=19
ITERATION 79 newScore=-2.51293e+06 diffscore=1143.5 priorChange=-38.8162 successMove=17
ITERATION 80 newScore=-2.51286e+06 diffscore=73.3597 priorChange=-44.3614 successMove=17
ITERATION 81 newScore=-2.51279e+06 diffscore=68.2934 priorChange=-34.6574 successMove=16
ITERATION 82 newScore=-2.51273e+06 diffscore=68.3127 priorChange=-40.2025 successMove=15
ITERATION 83 newScore=-2.51266e+06 diffscore=66.2085 priorChange=-38.8162 successMove=15
ITERATION 84 newScore=-2.5126e+06 diffscore=61.7548 priorChange=-20.7944 successMove=14
ITERATION 85 newScore=-2.51253e+06 diffscore=66.439 priorChange=-33.2711 successMove=15
ITERATION 86 newScore=-2.51248e+06 diffscore=50.2358 priorChange=-29.1122 successMove=14
ITERATION 87 newScore=-2.5124e+06 diffscore=77.9546 priorChange=-30.4985 successMove=14
ITERATION 88 newScore=-2.51232e+06 diffscore=78.5675 priorChange=-36.0437 successMove=14
ITERATION 89 newScore=-2.51222e+06 diffscore=101.501 priorChange=-26.3396 successMove=13
ITERATION 90 newScore=-2.50982e+06 diffscore=2398.37 priorChange=-27.7259 successMove=13
ITERATION 91 newScore=-2.50979e+06 diffscore=38.492 priorChange=-23.567 successMove=11
ITERATION 92 newScore=-2.50975e+06 diffscore=38.0455 priorChange=-20.7944 successMove=10
ITERATION 93 newScore=-2.5097e+06 diffscore=43.3352 priorChange=-19.4081 successMove=11
ITERATION 94 newScore=-2.50966e+06 diffscore=45.1217 priorChange=-23.567 successMove=9
ITERATION 95 newScore=-2.50962e+06 diffscore=37.4606 priorChange=-13.8629 successMove=7
ITERATION 96 newScore=-2.5095e+06 diffscore=116.576 priorChange=-16.6355 successMove=7
ITERATION 97 newScore=-2.5094e+06 diffscore=103.317 priorChange=-18.0218 successMove=7
ITERATION 98 newScore=-2.50936e+06 diffscore=39.4847 priorChange=-13.8629 successMove=6
ITERATION 99 newScore=-2.50933e+06 diffscore=35.6917 priorChange=-13.8629 successMove=6
MetaLearner::dumpAllGraphs
Final Score -2.50933e+06
MetaLearner::start runtime: 1529658426 ms
Results/
Results/cluster6/
Results/cluster6/fold0/
Results/cluster6/fold0/var_mb_pw_k50.txt
Results/cluster6/fold0/modelparams.txt
Results/cluster1/
Results/cluster1/fold0/
Results/cluster1/fold0/var_mb_pw_k50.txt
Results/cluster1/fold0/modelparams.txt
Results/cluster10/
Results/cluster10/fold0/
Results/cluster10/fold0/var_mb_pw_k50.txt
Results/cluster10/fold0/modelparams.txt
Results/cluster8/
Results/cluster8/scoreFile.txt
Results/cluster8/fold0/
Results/cluster8/fold0/var_mb_pw_k50.txt
Results/cluster8/fold0/modelparams.txt
Results/cluster2/
Results/cluster2/fold0/
Results/cluster2/fold0/var_mb_pw_k50.txt
Results/cluster2/fold0/modelparams.txt
Results/cluster3/
Results/cluster3/fold0/
Results/cluster3/fold0/var_mb_pw_k50.txt
Results/cluster3/fold0/modelparams.txt
Results/cluster7/
Results/cluster7/fold0/
Results/cluster7/fold0/var_mb_pw_k50.txt
Results/cluster7/fold0/modelparams.txt
Results/cluster9/
Results/cluster9/fold0/
Results/cluster9/fold0/var_mb_pw_k50.txt
Results/cluster9/fold0/modelparams.txt
