000 (49777.1583.000) 10/11 10:48:12 Job submitted from host: <144.92.142.142:9618?addrs=144.92.142.142-9618&noUDP&sock=44923_051a_3>
...
001 (49777.1583.000) 10/11 17:03:05 Job executing on host: <128.105.68.16:9618?addrs=128.105.68.16-9618&alias=coba2000.chtc.wisc.edu&noUDP&sock=startd_7305_336c>
...
006 (49777.1583.000) 10/11 17:03:14 Image size of job updated: 105480
	103  -  MemoryUsage of job (MB)
	105456  -  ResidentSetSize of job (KB)
...
006 (49777.1583.000) 10/11 17:08:15 Image size of job updated: 721492
	655  -  MemoryUsage of job (MB)
	670284  -  ResidentSetSize of job (KB)
...
006 (49777.1583.000) 10/11 17:13:16 Image size of job updated: 1029892
	965  -  MemoryUsage of job (MB)
	987920  -  ResidentSetSize of job (KB)
...
006 (49777.1583.000) 10/11 17:18:16 Image size of job updated: 1418632
	1356  -  MemoryUsage of job (MB)
	1388280  -  ResidentSetSize of job (KB)
...
006 (49777.1583.000) 10/11 17:23:17 Image size of job updated: 1836396
	1746  -  MemoryUsage of job (MB)
	1786972  -  ResidentSetSize of job (KB)
...
006 (49777.1583.000) 10/11 17:27:09 Image size of job updated: 2207084
	1746  -  MemoryUsage of job (MB)
	1786972  -  ResidentSetSize of job (KB)
...
005 (49777.1583.000) 10/11 17:27:10 Job terminated.
	(1) Normal termination (return value 0)
		Usr 0 00:23:51, Sys 0 00:00:06  -  Run Remote Usage
		Usr 0 00:00:00, Sys 0 00:00:00  -  Run Local Usage
		Usr 0 00:23:51, Sys 0 00:00:06  -  Total Remote Usage
		Usr 0 00:00:00, Sys 0 00:00:00  -  Total Local Usage
	178444  -  Run Bytes Sent By Job
	316715872  -  Run Bytes Received By Job
	178444  -  Total Bytes Sent By Job
	316715872  -  Total Bytes Received By Job
	Partitionable Resources :     Usage  Request Allocated 
	   Cpus                 :      0.99        1         1 
	   Disk (KB)            : 325000      819200  44742796 
	   Gpus                 :                            0 
	   Ioheavy              :                            0 
	   Memory (MB)          :   1746       20480     21341 
...
