./CVN -f config_condor.txt -x50 -v1 -l TFs_OGs.txt -n AllGenes191.txt -d celltype_tree_ancestor.txt -m testdata_ogids.txt -s celltype_order.txt -p 0.2 -c yes -b -4 -q 4
(cluster3|cluster8) p_maintain_edge=0.8 p_gain=0.2
(cluster2|cluster3) p_maintain_edge=0.8 p_gain=0.2
(cluster1|cluster2) p_maintain_edge=0.8 p_gain=0.2
(cluster6|cluster2) p_maintain_edge=0.8 p_gain=0.2
(cluster9|cluster6) p_maintain_edge=0.8 p_gain=0.2
(cluster10|cluster6) p_maintain_edge=0.8 p_gain=0.2
(cluster7|cluster10) p_maintain_edge=0.8 p_gain=0.2
speciesSet.size()=8 Root is cluster8
MappedOrthogroupReader::readSpeciesMapping() --- celltype_order.txt
MappedOrthogroupReader::readFile - testdata_ogids.txt
MappedOrthogroupReader::generateGeneOrthoMap()
MetaLearner::init_onefold() read:config_condor.txt
MetaLearner::setinputVariableNames number of variables: 2043
readEvidenceTable:cluster8.table
PotentialManager::loadEvidenceFromTable varCount=2043 sampleCount=348
motifNetwork.size() = 319
0=cluster8 motifNetwork=cluster8_network.txt
variable size=2043
readEvidenceTable:cluster3.table
PotentialManager::loadEvidenceFromTable varCount=2043 sampleCount=95
motifNetwork.size() = 326
1=cluster3 motifNetwork=cluster3_network.txt
variable size=2043
readEvidenceTable:cluster2.table
PotentialManager::loadEvidenceFromTable varCount=2043 sampleCount=386
motifNetwork.size() = 328
2=cluster2 motifNetwork=cluster2_network.txt
variable size=2043
readEvidenceTable:cluster1.table
PotentialManager::loadEvidenceFromTable varCount=2043 sampleCount=36
motifNetwork.size() = 322
3=cluster1 motifNetwork=cluster1_network.txt
variable size=2043
readEvidenceTable:cluster6.table
PotentialManager::loadEvidenceFromTable varCount=2043 sampleCount=524
motifNetwork.size() = 320
4=cluster6 motifNetwork=cluster6_network.txt
variable size=2043
readEvidenceTable:cluster9.table
PotentialManager::loadEvidenceFromTable varCount=2043 sampleCount=184
motifNetwork.size() = 327
5=cluster9 motifNetwork=cluster9_network.txt
variable size=2043
readEvidenceTable:cluster10.table
PotentialManager::loadEvidenceFromTable varCount=2043 sampleCount=165
motifNetwork.size() = 326
6=cluster10 motifNetwork=cluster10_network.txt
variable size=2043
readEvidenceTable:cluster7.table
PotentialManager::loadEvidenceFromTable varCount=2043 sampleCount=1032
motifNetwork.size() = 320
7=cluster7 motifNetwork=cluster7_network.txt
variable size=2043
-------------------------------------------------------------
MetaLearner::start
precomputeEmptyGraphPrior
binkey=0 [Edge status: 0 0 0 0 0 0 0 0 ] P(G)=P(cluster8=0)[0.8] * P(cluster1=0|cluster2=0) * P(cluster9=0|cluster6=0) * P(cluster7=0|cluster10=0) * P(cluster10=0|cluster6=0) * P(cluster6=0|cluster2=0) * P(cluster2=0|cluster3=0) * P(cluster3=0|cluster8=0)[0.209715]=0.167772
condsetMap_Tree
0 cluster8=0 cluster3=0 cluster2=0 cluster1=0 cluster6=0 cluster9=0 cluster10=0 cluster7=1
1 cluster8=0 cluster3=0 cluster2=0 cluster1=0 cluster6=0 cluster9=1 cluster10=0 cluster7=0
2 cluster8=0 cluster3=0 cluster2=0 cluster1=0 cluster6=0 cluster9=1 cluster10=0 cluster7=1
3 cluster8=0 cluster3=0 cluster2=0 cluster1=1 cluster6=0 cluster9=0 cluster10=0 cluster7=0
4 cluster8=0 cluster3=0 cluster2=0 cluster1=1 cluster6=0 cluster9=0 cluster10=0 cluster7=1
5 cluster8=0 cluster3=0 cluster2=0 cluster1=1 cluster6=0 cluster9=1 cluster10=0 cluster7=0
6 cluster8=0 cluster3=0 cluster2=0 cluster1=1 cluster6=0 cluster9=1 cluster10=0 cluster7=1
7 cluster8=0 cluster3=0 cluster2=0 cluster1=0 cluster6=0 cluster9=0 cluster10=1 cluster7=1
8 cluster8=0 cluster3=0 cluster2=0 cluster1=0 cluster6=0 cluster9=1 cluster10=1 cluster7=1
9 cluster8=0 cluster3=0 cluster2=0 cluster1=1 cluster6=0 cluster9=0 cluster10=1 cluster7=1
10 cluster8=0 cluster3=0 cluster2=0 cluster1=1 cluster6=0 cluster9=1 cluster10=1 cluster7=1
11 cluster8=0 cluster3=0 cluster2=0 cluster1=0 cluster6=1 cluster9=1 cluster10=1 cluster7=1
12 cluster8=0 cluster3=0 cluster2=0 cluster1=1 cluster6=1 cluster9=1 cluster10=1 cluster7=1
13 cluster8=0 cluster3=0 cluster2=1 cluster1=1 cluster6=1 cluster9=1 cluster10=1 cluster7=1
14 cluster8=0 cluster3=1 cluster2=1 cluster1=1 cluster6=1 cluster9=1 cluster10=1 cluster7=1
15 cluster8=1 cluster3=1 cluster2=1 cluster1=1 cluster6=1 cluster9=1 cluster10=1 cluster7=1
16 cluster8=1 cluster3=1 cluster2=1 cluster1=1 cluster6=1 cluster9=1 cluster10=1 cluster7=0
17 cluster8=1 cluster3=1 cluster2=1 cluster1=1 cluster6=1 cluster9=0 cluster10=1 cluster7=1
18 cluster8=1 cluster3=1 cluster2=1 cluster1=1 cluster6=1 cluster9=0 cluster10=1 cluster7=0
19 cluster8=1 cluster3=1 cluster2=1 cluster1=0 cluster6=1 cluster9=1 cluster10=1 cluster7=1
20 cluster8=1 cluster3=1 cluster2=1 cluster1=0 cluster6=1 cluster9=1 cluster10=1 cluster7=0
21 cluster8=1 cluster3=1 cluster2=1 cluster1=0 cluster6=1 cluster9=0 cluster10=1 cluster7=1
22 cluster8=1 cluster3=1 cluster2=1 cluster1=0 cluster6=1 cluster9=0 cluster10=1 cluster7=0
23 cluster8=1 cluster3=1 cluster2=1 cluster1=1 cluster6=1 cluster9=1 cluster10=0 cluster7=0
24 cluster8=1 cluster3=1 cluster2=1 cluster1=1 cluster6=1 cluster9=0 cluster10=0 cluster7=0
25 cluster8=1 cluster3=1 cluster2=1 cluster1=0 cluster6=1 cluster9=1 cluster10=0 cluster7=0
26 cluster8=1 cluster3=1 cluster2=1 cluster1=0 cluster6=1 cluster9=0 cluster10=0 cluster7=0
27 cluster8=1 cluster3=1 cluster2=1 cluster1=1 cluster6=0 cluster9=0 cluster10=0 cluster7=0
28 cluster8=1 cluster3=1 cluster2=1 cluster1=0 cluster6=0 cluster9=0 cluster10=0 cluster7=0
29 cluster8=1 cluster3=1 cluster2=0 cluster1=0 cluster6=0 cluster9=0 cluster10=0 cluster7=0
30 cluster8=1 cluster3=0 cluster2=0 cluster1=0 cluster6=0 cluster9=0 cluster10=0 cluster7=0
31 cluster8=0 cluster3=0 cluster2=0 cluster1=0 cluster6=1 cluster9=0 cluster10=0 cluster7=0
32 cluster8=0 cluster3=0 cluster2=1 cluster1=0 cluster6=0 cluster9=0 cluster10=0 cluster7=0
33 cluster8=0 cluster3=0 cluster2=0 cluster1=0 cluster6=0 cluster9=0 cluster10=1 cluster7=0
34 cluster8=0 cluster3=1 cluster2=0 cluster1=0 cluster6=0 cluster9=0 cluster10=0 cluster7=0
inputRegulatorOGs.size() = 1999 inputOGList.size() = 50
binkey=4 [Edge status: 0 0 1 0 0 0 0 0 ] P(G)=P(cluster8=0)[0.8] * P(cluster1=0|cluster2=1) * P(cluster9=0|cluster6=0) * P(cluster7=0|cluster10=0) * P(cluster10=0|cluster6=0) * P(cluster6=0|cluster2=1) * P(cluster2=1|cluster3=0) * P(cluster3=0|cluster8=0)[0.0032768]=0.00262144
binkey=2 [Edge status: 0 1 0 0 0 0 0 0 ] P(G)=P(cluster8=0)[0.8] * P(cluster1=0|cluster2=0) * P(cluster9=0|cluster6=0) * P(cluster7=0|cluster10=0) * P(cluster10=0|cluster6=0) * P(cluster6=0|cluster2=0) * P(cluster2=0|cluster3=1) * P(cluster3=1|cluster8=0)[0.0131072]=0.0104858
binkey=128 [Edge status: 0 0 0 0 0 0 0 1 ] P(G)=P(cluster8=0)[0.8] * P(cluster1=0|cluster2=0) * P(cluster9=0|cluster6=0) * P(cluster7=1|cluster10=0) * P(cluster10=0|cluster6=0) * P(cluster6=0|cluster2=0) * P(cluster2=0|cluster3=0) * P(cluster3=0|cluster8=0)[0.0524288]=0.041943
binkey=192 [Edge status: 0 0 0 0 0 0 1 1 ] P(G)=P(cluster8=0)[0.8] * P(cluster1=0|cluster2=0) * P(cluster9=0|cluster6=0) * P(cluster7=1|cluster10=1) * P(cluster10=1|cluster6=0) * P(cluster6=0|cluster2=0) * P(cluster2=0|cluster3=0) * P(cluster3=0|cluster8=0)[0.0524288]=0.041943
binkey=64 [Edge status: 0 0 0 0 0 0 1 0 ] P(G)=P(cluster8=0)[0.8] * P(cluster1=0|cluster2=0) * P(cluster9=0|cluster6=0) * P(cluster7=0|cluster10=1) * P(cluster10=1|cluster6=0) * P(cluster6=0|cluster2=0) * P(cluster2=0|cluster3=0) * P(cluster3=0|cluster8=0)[0.0131072]=0.0104858
binkey=16 [Edge status: 0 0 0 0 1 0 0 0 ] P(G)=P(cluster8=0)[0.8] * P(cluster1=0|cluster2=0) * P(cluster9=0|cluster6=1) * P(cluster7=0|cluster10=0) * P(cluster10=0|cluster6=1) * P(cluster6=1|cluster2=0) * P(cluster2=0|cluster3=0) * P(cluster3=0|cluster8=0)[0.0032768]=0.00262144
binkey=32 [Edge status: 0 0 0 0 0 1 0 0 ] P(G)=P(cluster8=0)[0.8] * P(cluster1=0|cluster2=0) * P(cluster9=1|cluster6=0) * P(cluster7=0|cluster10=0) * P(cluster10=0|cluster6=0) * P(cluster6=0|cluster2=0) * P(cluster2=0|cluster3=0) * P(cluster3=0|cluster8=0)[0.0524288]=0.041943
binkey=8 [Edge status: 0 0 0 1 0 0 0 0 ] P(G)=P(cluster8=0)[0.8] * P(cluster1=1|cluster2=0) * P(cluster9=0|cluster6=0) * P(cluster7=0|cluster10=0) * P(cluster10=0|cluster6=0) * P(cluster6=0|cluster2=0) * P(cluster2=0|cluster3=0) * P(cluster3=0|cluster8=0)[0.0524288]=0.041943
binkey=1 [Edge status: 1 0 0 0 0 0 0 0 ] P(G)=P(cluster8=1)[0.2] * P(cluster1=0|cluster2=0) * P(cluster9=0|cluster6=0) * P(cluster7=0|cluster10=0) * P(cluster10=0|cluster6=0) * P(cluster6=0|cluster2=0) * P(cluster2=0|cluster3=0) * P(cluster3=0|cluster8=1)[0.0524288]=0.0104858
binkey=160 [Edge status: 0 0 0 0 0 1 0 1 ] P(G)=P(cluster8=0)[0.8] * P(cluster1=0|cluster2=0) * P(cluster9=1|cluster6=0) * P(cluster7=1|cluster10=0) * P(cluster10=0|cluster6=0) * P(cluster6=0|cluster2=0) * P(cluster2=0|cluster3=0) * P(cluster3=0|cluster8=0)[0.0131072]=0.0104858
binkey=224 [Edge status: 0 0 0 0 0 1 1 1 ] P(G)=P(cluster8=0)[0.8] * P(cluster1=0|cluster2=0) * P(cluster9=1|cluster6=0) * P(cluster7=1|cluster10=1) * P(cluster10=1|cluster6=0) * P(cluster6=0|cluster2=0) * P(cluster2=0|cluster3=0) * P(cluster3=0|cluster8=0)[0.0131072]=0.0104858
binkey=240 [Edge status: 0 0 0 0 1 1 1 1 ] P(G)=P(cluster8=0)[0.8] * P(cluster1=0|cluster2=0) * P(cluster9=1|cluster6=1) * P(cluster7=1|cluster10=1) * P(cluster10=1|cluster6=1) * P(cluster6=1|cluster2=0) * P(cluster2=0|cluster3=0) * P(cluster3=0|cluster8=0)[0.0524288]=0.041943
binkey=136 [Edge status: 0 0 0 1 0 0 0 1 ] P(G)=P(cluster8=0)[0.8] * P(cluster1=1|cluster2=0) * P(cluster9=0|cluster6=0) * P(cluster7=1|cluster10=0) * P(cluster10=0|cluster6=0) * P(cluster6=0|cluster2=0) * P(cluster2=0|cluster3=0) * P(cluster3=0|cluster8=0)[0.0131072]=0.0104858
binkey=40 [Edge status: 0 0 0 1 0 1 0 0 ] P(G)=P(cluster8=0)[0.8] * P(cluster1=1|cluster2=0) * P(cluster9=1|cluster6=0) * P(cluster7=0|cluster10=0) * P(cluster10=0|cluster6=0) * P(cluster6=0|cluster2=0) * P(cluster2=0|cluster3=0) * P(cluster3=0|cluster8=0)[0.0131072]=0.0104858
binkey=168 [Edge status: 0 0 0 1 0 1 0 1 ] P(G)=P(cluster8=0)[0.8] * P(cluster1=1|cluster2=0) * P(cluster9=1|cluster6=0) * P(cluster7=1|cluster10=0) * P(cluster10=0|cluster6=0) * P(cluster6=0|cluster2=0) * P(cluster2=0|cluster3=0) * P(cluster3=0|cluster8=0)[0.0032768]=0.00262144
binkey=3 [Edge status: 1 1 0 0 0 0 0 0 ] P(G)=P(cluster8=1)[0.2] * P(cluster1=0|cluster2=0) * P(cluster9=0|cluster6=0) * P(cluster7=0|cluster10=0) * P(cluster10=0|cluster6=0) * P(cluster6=0|cluster2=0) * P(cluster2=0|cluster3=1) * P(cluster3=1|cluster8=1)[0.0524288]=0.0104858
binkey=200 [Edge status: 0 0 0 1 0 0 1 1 ] P(G)=P(cluster8=0)[0.8] * P(cluster1=1|cluster2=0) * P(cluster9=0|cluster6=0) * P(cluster7=1|cluster10=1) * P(cluster10=1|cluster6=0) * P(cluster6=0|cluster2=0) * P(cluster2=0|cluster3=0) * P(cluster3=0|cluster8=0)[0.0131072]=0.0104858
binkey=15 [Edge status: 1 1 1 1 0 0 0 0 ] P(G)=P(cluster8=1)[0.2] * P(cluster1=1|cluster2=1) * P(cluster9=0|cluster6=0) * P(cluster7=0|cluster10=0) * P(cluster10=0|cluster6=0) * P(cluster6=0|cluster2=1) * P(cluster2=1|cluster3=1) * P(cluster3=1|cluster8=1)[0.0524288]=0.0104858
binkey=7 [Edge status: 1 1 1 0 0 0 0 0 ] P(G)=P(cluster8=1)[0.2] * P(cluster1=0|cluster2=1) * P(cluster9=0|cluster6=0) * P(cluster7=0|cluster10=0) * P(cluster10=0|cluster6=0) * P(cluster6=0|cluster2=1) * P(cluster2=1|cluster3=1) * P(cluster3=1|cluster8=1)[0.0131072]=0.00262144
binkey=215 [Edge status: 1 1 1 0 1 0 1 1 ] P(G)=P(cluster8=1)[0.2] * P(cluster1=0|cluster2=1) * P(cluster9=0|cluster6=1) * P(cluster7=1|cluster10=1) * P(cluster10=1|cluster6=1) * P(cluster6=1|cluster2=1) * P(cluster2=1|cluster3=1) * P(cluster3=1|cluster8=1)[0.0131072]=0.00262144
binkey=87 [Edge status: 1 1 1 0 1 0 1 0 ] P(G)=P(cluster8=1)[0.2] * P(cluster1=0|cluster2=1) * P(cluster9=0|cluster6=1) * P(cluster7=0|cluster10=1) * P(cluster10=1|cluster6=1) * P(cluster6=1|cluster2=1) * P(cluster2=1|cluster3=1) * P(cluster3=1|cluster8=1)[0.0032768]=0.00065536
binkey=23 [Edge status: 1 1 1 0 1 0 0 0 ] P(G)=P(cluster8=1)[0.2] * P(cluster1=0|cluster2=1) * P(cluster9=0|cluster6=1) * P(cluster7=0|cluster10=0) * P(cluster10=0|cluster6=1) * P(cluster6=1|cluster2=1) * P(cluster2=1|cluster3=1) * P(cluster3=1|cluster8=1)[0.0032768]=0.00065536
binkey=232 [Edge status: 0 0 0 1 0 1 1 1 ] P(G)=P(cluster8=0)[0.8] * P(cluster1=1|cluster2=0) * P(cluster9=1|cluster6=0) * P(cluster7=1|cluster10=1) * P(cluster10=1|cluster6=0) * P(cluster6=0|cluster2=0) * P(cluster2=0|cluster3=0) * P(cluster3=0|cluster8=0)[0.0032768]=0.00262144
binkey=248 [Edge status: 0 0 0 1 1 1 1 1 ] P(G)=P(cluster8=0)[0.8] * P(cluster1=1|cluster2=0) * P(cluster9=1|cluster6=1) * P(cluster7=1|cluster10=1) * P(cluster10=1|cluster6=1) * P(cluster6=1|cluster2=0) * P(cluster2=0|cluster3=0) * P(cluster3=0|cluster8=0)[0.0131072]=0.0104858
binkey=247 [Edge status: 1 1 1 0 1 1 1 1 ] P(G)=P(cluster8=1)[0.2] * P(cluster1=0|cluster2=1) * P(cluster9=1|cluster6=1) * P(cluster7=1|cluster10=1) * P(cluster10=1|cluster6=1) * P(cluster6=1|cluster2=1) * P(cluster2=1|cluster3=1) * P(cluster3=1|cluster8=1)[0.0524288]=0.0104858
binkey=119 [Edge status: 1 1 1 0 1 1 1 0 ] P(G)=P(cluster8=1)[0.2] * P(cluster1=0|cluster2=1) * P(cluster9=1|cluster6=1) * P(cluster7=0|cluster10=1) * P(cluster10=1|cluster6=1) * P(cluster6=1|cluster2=1) * P(cluster2=1|cluster3=1) * P(cluster3=1|cluster8=1)[0.0131072]=0.00262144
binkey=55 [Edge status: 1 1 1 0 1 1 0 0 ] P(G)=P(cluster8=1)[0.2] * P(cluster1=0|cluster2=1) * P(cluster9=1|cluster6=1) * P(cluster7=0|cluster10=0) * P(cluster10=0|cluster6=1) * P(cluster6=1|cluster2=1) * P(cluster2=1|cluster3=1) * P(cluster3=1|cluster8=1)[0.0131072]=0.00262144
ITERATION 0 newScore=-2.65401e+06 diffscore=21420.3 priorChange=-101.199 successMove=64
ITERATION 1 newScore=-2.64517e+06 diffscore=8837.67 priorChange=-126.153 successMove=54
ITERATION 2 newScore=-2.63676e+06 diffscore=8415.46 priorChange=-124.766 successMove=54
ITERATION 3 newScore=-2.63137e+06 diffscore=5388.89 priorChange=-117.835 successMove=54
ITERATION 4 newScore=-2.62705e+06 diffscore=4319.22 priorChange=-124.766 successMove=55
ITERATION 5 newScore=-2.62081e+06 diffscore=6245.67 priorChange=-113.676 successMove=51
ITERATION 6 newScore=-2.6157e+06 diffscore=5104.83 priorChange=-116.449 successMove=55
ITERATION 7 newScore=-2.61273e+06 diffscore=2966.37 priorChange=-112.29 successMove=51
ITERATION 8 newScore=-2.60491e+06 diffscore=7827.39 priorChange=-115.062 successMove=50
ITERATION 9 newScore=-2.60056e+06 diffscore=4345.96 priorChange=-113.676 successMove=53
ITERATION 10 newScore=-2.59586e+06 diffscore=4698.18 priorChange=-119.221 successMove=52
ITERATION 11 newScore=-2.59499e+06 diffscore=873.247 priorChange=-123.38 successMove=50
ITERATION 12 newScore=-2.59313e+06 diffscore=1855.63 priorChange=-131.698 successMove=51
ITERATION 13 newScore=-2.59157e+06 diffscore=1560.48 priorChange=-116.449 successMove=53
ITERATION 14 newScore=-2.58761e+06 diffscore=3967.25 priorChange=-116.449 successMove=53
ITERATION 15 newScore=-2.58327e+06 diffscore=4340.89 priorChange=-108.131 successMove=51
ITERATION 16 newScore=-2.58254e+06 diffscore=726.788 priorChange=-116.449 successMove=51
ITERATION 17 newScore=-2.5781e+06 diffscore=4434.05 priorChange=-119.221 successMove=50
ITERATION 18 newScore=-2.5739e+06 diffscore=4201.52 priorChange=-120.608 successMove=49
ITERATION 19 newScore=-2.57065e+06 diffscore=3253.15 priorChange=-110.904 successMove=51
ITERATION 20 newScore=-2.56926e+06 diffscore=1394.91 priorChange=-117.835 successMove=50
ITERATION 21 newScore=-2.56641e+06 diffscore=2848.77 priorChange=-124.766 successMove=50
ITERATION 22 newScore=-2.56395e+06 diffscore=2454.04 priorChange=-123.38 successMove=51
ITERATION 23 newScore=-2.56295e+06 diffscore=1001.31 priorChange=-115.062 successMove=50
ITERATION 24 newScore=-2.56121e+06 diffscore=1738.91 priorChange=-119.221 successMove=49
ITERATION 25 newScore=-2.55819e+06 diffscore=3023.12 priorChange=-120.608 successMove=50
ITERATION 26 newScore=-2.55756e+06 diffscore=626.757 priorChange=-124.766 successMove=49
ITERATION 27 newScore=-2.55546e+06 diffscore=2105.7 priorChange=-115.062 successMove=51
ITERATION 28 newScore=-2.55374e+06 diffscore=1719.61 priorChange=-124.766 successMove=50
ITERATION 29 newScore=-2.55222e+06 diffscore=1512.57 priorChange=-123.38 successMove=49
ITERATION 30 newScore=-2.55189e+06 diffscore=338.074 priorChange=-112.29 successMove=50
ITERATION 31 newScore=-2.55154e+06 diffscore=345.107 priorChange=-112.29 successMove=49
ITERATION 32 newScore=-2.55081e+06 diffscore=730.551 priorChange=-110.904 successMove=49
ITERATION 33 newScore=-2.54981e+06 diffscore=1004.81 priorChange=-105.358 successMove=50
ITERATION 34 newScore=-2.54951e+06 diffscore=300.136 priorChange=-112.29 successMove=49
ITERATION 35 newScore=-2.54916e+06 diffscore=343.213 priorChange=-109.517 successMove=49
ITERATION 36 newScore=-2.54881e+06 diffscore=355.369 priorChange=-95.6543 successMove=48
ITERATION 37 newScore=-2.54823e+06 diffscore=578.93 priorChange=-99.8132 successMove=48
ITERATION 38 newScore=-2.54654e+06 diffscore=1688.03 priorChange=-95.6543 successMove=47
ITERATION 39 newScore=-2.54562e+06 diffscore=915.262 priorChange=-95.6543 successMove=46
ITERATION 40 newScore=-2.54437e+06 diffscore=1250.54 priorChange=-88.7228 successMove=48
ITERATION 41 newScore=-2.54371e+06 diffscore=663.383 priorChange=-94.268 successMove=50
ITERATION 42 newScore=-2.54183e+06 diffscore=1876.41 priorChange=-95.6543 successMove=45
ITERATION 43 newScore=-2.5416e+06 diffscore=234.973 priorChange=-97.0406 successMove=44
ITERATION 44 newScore=-2.54134e+06 diffscore=257.251 priorChange=-95.6543 successMove=44
ITERATION 45 newScore=-2.54107e+06 diffscore=270.962 priorChange=-88.7228 successMove=44
ITERATION 46 newScore=-2.53945e+06 diffscore=1617.45 priorChange=-77.6325 successMove=44
ITERATION 47 newScore=-2.53861e+06 diffscore=843.141 priorChange=-88.7228 successMove=43
ITERATION 48 newScore=-2.5383e+06 diffscore=310.252 priorChange=-99.8132 successMove=41
ITERATION 49 newScore=-2.53734e+06 diffscore=958.245 priorChange=-91.4954 successMove=42
ITERATION 50 newScore=-2.53705e+06 diffscore=295.837 priorChange=-90.1091 successMove=42
ITERATION 51 newScore=-2.53537e+06 diffscore=1675.35 priorChange=-80.4051 successMove=39
ITERATION 52 newScore=-2.53407e+06 diffscore=1304.48 priorChange=-65.1558 successMove=39
ITERATION 53 newScore=-2.5324e+06 diffscore=1670.32 priorChange=-103.972 successMove=39
ITERATION 54 newScore=-2.53216e+06 diffscore=233.557 priorChange=-88.7228 successMove=40
ITERATION 55 newScore=-2.53193e+06 diffscore=233.602 priorChange=-83.1777 successMove=38
ITERATION 56 newScore=-2.53142e+06 diffscore=507.622 priorChange=-83.1777 successMove=39
ITERATION 57 newScore=-2.53122e+06 diffscore=202.293 priorChange=-80.4051 successMove=38
ITERATION 58 newScore=-2.52978e+06 diffscore=1435.48 priorChange=-83.1777 successMove=35
ITERATION 59 newScore=-2.5294e+06 diffscore=387.612 priorChange=-73.4736 successMove=34
ITERATION 60 newScore=-2.52714e+06 diffscore=2253.5 priorChange=-73.4736 successMove=34
ITERATION 61 newScore=-2.52614e+06 diffscore=1005.83 priorChange=-66.5421 successMove=34
ITERATION 62 newScore=-2.52363e+06 diffscore=2508.14 priorChange=-73.4736 successMove=33
ITERATION 63 newScore=-2.52347e+06 diffscore=158.552 priorChange=-60.997 successMove=32
ITERATION 64 newScore=-2.52333e+06 diffscore=137.405 priorChange=-65.1558 successMove=32
ITERATION 65 newScore=-2.5232e+06 diffscore=132.654 priorChange=-48.5203 successMove=31
ITERATION 66 newScore=-2.52305e+06 diffscore=147.409 priorChange=-62.3832 successMove=31
ITERATION 67 newScore=-2.52288e+06 diffscore=171.627 priorChange=-60.997 successMove=28
ITERATION 68 newScore=-2.52147e+06 diffscore=1409.66 priorChange=-49.9066 successMove=29
ITERATION 69 newScore=-2.52135e+06 diffscore=125.714 priorChange=-42.9751 successMove=24
ITERATION 70 newScore=-2.52111e+06 diffscore=232.534 priorChange=-54.0655 successMove=23
ITERATION 71 newScore=-2.52097e+06 diffscore=145.881 priorChange=-48.5203 successMove=23
ITERATION 72 newScore=-2.52045e+06 diffscore=519.073 priorChange=-51.2929 successMove=21
ITERATION 73 newScore=-2.51877e+06 diffscore=1681.31 priorChange=-44.3614 successMove=20
ITERATION 74 newScore=-2.51866e+06 diffscore=105.143 priorChange=-31.8848 successMove=20
ITERATION 75 newScore=-2.51732e+06 diffscore=1345.67 priorChange=-38.8162 successMove=18
ITERATION 76 newScore=-2.51724e+06 diffscore=71.2254 priorChange=-30.4985 successMove=16
ITERATION 77 newScore=-2.51717e+06 diffscore=77.7347 priorChange=-38.8162 successMove=16
ITERATION 78 newScore=-2.51708e+06 diffscore=82.648 priorChange=-20.7944 successMove=18
ITERATION 79 newScore=-2.51699e+06 diffscore=94.2949 priorChange=-23.567 successMove=15
ITERATION 80 newScore=-2.5169e+06 diffscore=85.628 priorChange=-27.7259 successMove=15
ITERATION 81 newScore=-2.51679e+06 diffscore=112.022 priorChange=-31.8848 successMove=15
ITERATION 82 newScore=-2.51545e+06 diffscore=1346.64 priorChange=-36.0437 successMove=15
ITERATION 83 newScore=-2.51441e+06 diffscore=1035.09 priorChange=-31.8848 successMove=14
ITERATION 84 newScore=-2.51435e+06 diffscore=61.9897 priorChange=-33.2711 successMove=12
ITERATION 85 newScore=-2.5143e+06 diffscore=47.0645 priorChange=-23.567 successMove=10
ITERATION 86 newScore=-2.51424e+06 diffscore=60.1391 priorChange=-22.1807 successMove=9
ITERATION 87 newScore=-2.51418e+06 diffscore=57.9748 priorChange=-20.7944 successMove=9
ITERATION 88 newScore=-2.51413e+06 diffscore=52.8796 priorChange=-19.4081 successMove=9
ITERATION 89 newScore=-2.51405e+06 diffscore=82.8358 priorChange=-22.1807 successMove=9
ITERATION 90 newScore=-2.51271e+06 diffscore=1339.14 priorChange=-19.4081 successMove=10
ITERATION 91 newScore=-2.51263e+06 diffscore=78.269 priorChange=-12.4766 successMove=10
ITERATION 92 newScore=-2.51258e+06 diffscore=49.5713 priorChange=-15.2492 successMove=8
ITERATION 93 newScore=-2.51251e+06 diffscore=69.3816 priorChange=-12.4766 successMove=7
ITERATION 94 newScore=-2.51247e+06 diffscore=42.5678 priorChange=-15.2492 successMove=7
ITERATION 95 newScore=-2.51243e+06 diffscore=41.8712 priorChange=-11.0904 successMove=7
ITERATION 96 newScore=-2.51224e+06 diffscore=188.922 priorChange=-16.6355 successMove=7
ITERATION 97 newScore=-2.51221e+06 diffscore=29.5808 priorChange=-12.4766 successMove=8
ITERATION 98 newScore=-2.51217e+06 diffscore=39.1361 priorChange=-11.0904 successMove=7
ITERATION 99 newScore=-2.51215e+06 diffscore=16.269 priorChange=-11.0904 successMove=6
MetaLearner::dumpAllGraphs
Final Score -2.51215e+06
MetaLearner::start runtime: 2233292698 ms
Results/
Results/cluster3/
Results/cluster3/fold0/
Results/cluster3/fold0/modelparams.txt
Results/cluster3/fold0/var_mb_pw_k50.txt
Results/cluster10/
Results/cluster10/fold0/
Results/cluster10/fold0/modelparams.txt
Results/cluster10/fold0/var_mb_pw_k50.txt
Results/cluster8/
Results/cluster8/scoreFile.txt
Results/cluster8/fold0/
Results/cluster8/fold0/modelparams.txt
Results/cluster8/fold0/var_mb_pw_k50.txt
Results/cluster7/
Results/cluster7/fold0/
Results/cluster7/fold0/modelparams.txt
Results/cluster7/fold0/var_mb_pw_k50.txt
Results/cluster9/
Results/cluster9/fold0/
Results/cluster9/fold0/modelparams.txt
Results/cluster9/fold0/var_mb_pw_k50.txt
Results/cluster1/
Results/cluster1/fold0/
Results/cluster1/fold0/modelparams.txt
Results/cluster1/fold0/var_mb_pw_k50.txt
Results/cluster6/
Results/cluster6/fold0/
Results/cluster6/fold0/modelparams.txt
Results/cluster6/fold0/var_mb_pw_k50.txt
Results/cluster2/
Results/cluster2/fold0/
Results/cluster2/fold0/modelparams.txt
Results/cluster2/fold0/var_mb_pw_k50.txt
