000 (49777.1956.000) 10/11 10:48:13 Job submitted from host: <144.92.142.142:9618?addrs=144.92.142.142-9618&noUDP&sock=44923_051a_3>
...
001 (49777.1956.000) 10/11 18:01:51 Job executing on host: <128.105.68.16:9618?addrs=128.105.68.16-9618&alias=coba2000.chtc.wisc.edu&noUDP&sock=startd_7305_336c>
...
006 (49777.1956.000) 10/11 18:01:59 Image size of job updated: 105264
	103  -  MemoryUsage of job (MB)
	105260  -  ResidentSetSize of job (KB)
...
006 (49777.1956.000) 10/11 18:06:59 Image size of job updated: 720092
	654  -  MemoryUsage of job (MB)
	668880  -  ResidentSetSize of job (KB)
...
006 (49777.1956.000) 10/11 18:12:00 Image size of job updated: 1010068
	939  -  MemoryUsage of job (MB)
	960804  -  ResidentSetSize of job (KB)
...
006 (49777.1956.000) 10/11 18:17:01 Image size of job updated: 1339644
	1278  -  MemoryUsage of job (MB)
	1308612  -  ResidentSetSize of job (KB)
...
006 (49777.1956.000) 10/11 18:22:01 Image size of job updated: 1708048
	1631  -  MemoryUsage of job (MB)
	1669772  -  ResidentSetSize of job (KB)
...
006 (49777.1956.000) 10/11 18:25:17 Image size of job updated: 1964272
	1631  -  MemoryUsage of job (MB)
	1669792  -  ResidentSetSize of job (KB)
...
005 (49777.1956.000) 10/11 18:25:17 Job terminated.
	(1) Normal termination (return value 0)
		Usr 0 00:23:05, Sys 0 00:00:05  -  Run Remote Usage
		Usr 0 00:00:00, Sys 0 00:00:00  -  Run Local Usage
		Usr 0 00:23:05, Sys 0 00:00:05  -  Total Remote Usage
		Usr 0 00:00:00, Sys 0 00:00:00  -  Total Local Usage
	177320  -  Run Bytes Sent By Job
	316808288  -  Run Bytes Received By Job
	177320  -  Total Bytes Sent By Job
	316808288  -  Total Bytes Received By Job
	Partitionable Resources :     Usage  Request Allocated 
	   Cpus                 :      1.00        1         1 
	   Disk (KB)            : 325000      819200  44742796 
	   Gpus                 :                            0 
	   Ioheavy              :                            0 
	   Memory (MB)          :   1631       20480     21341 
...
