000 (49777.1047.000) 10/11 10:48:10 Job submitted from host: <144.92.142.142:9618?addrs=144.92.142.142-9618&noUDP&sock=44923_051a_3>
...
001 (49777.1047.000) 10/11 15:35:34 Job executing on host: <128.105.68.38:9618?addrs=128.105.68.38-9618&alias=e2468.chtc.wisc.edu&noUDP&sock=startd_4884_98a3>
...
006 (49777.1047.000) 10/11 15:35:42 Image size of job updated: 105192
	103  -  MemoryUsage of job (MB)
	105192  -  ResidentSetSize of job (KB)
...
006 (49777.1047.000) 10/11 15:40:42 Image size of job updated: 718760
	652  -  MemoryUsage of job (MB)
	667448  -  ResidentSetSize of job (KB)
...
006 (49777.1047.000) 10/11 15:45:43 Image size of job updated: 893448
	838  -  MemoryUsage of job (MB)
	857132  -  ResidentSetSize of job (KB)
...
006 (49777.1047.000) 10/11 15:50:43 Image size of job updated: 1386484
	1317  -  MemoryUsage of job (MB)
	1347908  -  ResidentSetSize of job (KB)
...
006 (49777.1047.000) 10/11 15:55:43 Image size of job updated: 1888704
	1815  -  MemoryUsage of job (MB)
	1858220  -  ResidentSetSize of job (KB)
...
006 (49777.1047.000) 10/11 16:00:44 Image size of job updated: 2363676
	2270  -  MemoryUsage of job (MB)
	2324312  -  ResidentSetSize of job (KB)
...
006 (49777.1047.000) 10/11 16:01:59 Image size of job updated: 2479384
	2270  -  MemoryUsage of job (MB)
	2324312  -  ResidentSetSize of job (KB)
...
005 (49777.1047.000) 10/11 16:01:59 Job terminated.
	(1) Normal termination (return value 0)
		Usr 0 00:26:04, Sys 0 00:00:05  -  Run Remote Usage
		Usr 0 00:00:00, Sys 0 00:00:00  -  Run Local Usage
		Usr 0 00:26:04, Sys 0 00:00:05  -  Total Remote Usage
		Usr 0 00:00:00, Sys 0 00:00:00  -  Total Local Usage
	170260  -  Run Bytes Sent By Job
	316773216  -  Run Bytes Received By Job
	170260  -  Total Bytes Sent By Job
	316773216  -  Total Bytes Received By Job
	Partitionable Resources :     Usage  Request Allocated 
	   Cpus                 :      1.00        1         1 
	   Disk (KB)            : 325000      819200   1694917 
	   Memory (MB)          :   2270       20480     20480 
...
