./CVN -f config_condor.txt -x50 -v1 -l TFs_OGs.txt -n AllGenes144.txt -d celltype_tree_ancestor.txt -m testdata_ogids.txt -s celltype_order.txt -p 0.2 -c yes -b -4 -q 4
(cluster3|cluster8) p_maintain_edge=0.8 p_gain=0.2
(cluster2|cluster3) p_maintain_edge=0.8 p_gain=0.2
(cluster1|cluster2) p_maintain_edge=0.8 p_gain=0.2
(cluster6|cluster2) p_maintain_edge=0.8 p_gain=0.2
(cluster9|cluster6) p_maintain_edge=0.8 p_gain=0.2
(cluster10|cluster6) p_maintain_edge=0.8 p_gain=0.2
(cluster7|cluster10) p_maintain_edge=0.8 p_gain=0.2
speciesSet.size()=8 Root is cluster8
MappedOrthogroupReader::readSpeciesMapping() --- celltype_order.txt
MappedOrthogroupReader::readFile - testdata_ogids.txt
MappedOrthogroupReader::generateGeneOrthoMap()
MetaLearner::init_onefold() read:config_condor.txt
MetaLearner::setinputVariableNames number of variables: 2044
readEvidenceTable:cluster8.table
PotentialManager::loadEvidenceFromTable varCount=2044 sampleCount=348
motifNetwork.size() = 319
0=cluster8 motifNetwork=cluster8_network.txt
variable size=2044
readEvidenceTable:cluster3.table
PotentialManager::loadEvidenceFromTable varCount=2044 sampleCount=95
motifNetwork.size() = 326
1=cluster3 motifNetwork=cluster3_network.txt
variable size=2044
readEvidenceTable:cluster2.table
PotentialManager::loadEvidenceFromTable varCount=2044 sampleCount=386
motifNetwork.size() = 328
2=cluster2 motifNetwork=cluster2_network.txt
variable size=2044
readEvidenceTable:cluster1.table
PotentialManager::loadEvidenceFromTable varCount=2044 sampleCount=36
motifNetwork.size() = 322
3=cluster1 motifNetwork=cluster1_network.txt
variable size=2044
readEvidenceTable:cluster6.table
PotentialManager::loadEvidenceFromTable varCount=2044 sampleCount=524
motifNetwork.size() = 320
4=cluster6 motifNetwork=cluster6_network.txt
variable size=2044
readEvidenceTable:cluster9.table
PotentialManager::loadEvidenceFromTable varCount=2044 sampleCount=184
motifNetwork.size() = 327
5=cluster9 motifNetwork=cluster9_network.txt
variable size=2044
readEvidenceTable:cluster10.table
PotentialManager::loadEvidenceFromTable varCount=2044 sampleCount=165
motifNetwork.size() = 326
6=cluster10 motifNetwork=cluster10_network.txt
variable size=2044
readEvidenceTable:cluster7.table
PotentialManager::loadEvidenceFromTable varCount=2044 sampleCount=1032
motifNetwork.size() = 320
7=cluster7 motifNetwork=cluster7_network.txt
variable size=2044
-------------------------------------------------------------
MetaLearner::start
precomputeEmptyGraphPrior
binkey=0 [Edge status: 0 0 0 0 0 0 0 0 ] P(G)=P(cluster8=0)[0.8] * P(cluster1=0|cluster2=0) * P(cluster9=0|cluster6=0) * P(cluster7=0|cluster10=0) * P(cluster10=0|cluster6=0) * P(cluster6=0|cluster2=0) * P(cluster2=0|cluster3=0) * P(cluster3=0|cluster8=0)[0.209715]=0.167772
condsetMap_Tree
0 cluster8=0 cluster3=0 cluster2=0 cluster1=0 cluster6=0 cluster9=0 cluster10=0 cluster7=1
1 cluster8=0 cluster3=0 cluster2=0 cluster1=0 cluster6=0 cluster9=1 cluster10=0 cluster7=0
2 cluster8=0 cluster3=0 cluster2=0 cluster1=0 cluster6=0 cluster9=1 cluster10=0 cluster7=1
3 cluster8=0 cluster3=0 cluster2=0 cluster1=1 cluster6=0 cluster9=0 cluster10=0 cluster7=0
4 cluster8=0 cluster3=0 cluster2=0 cluster1=1 cluster6=0 cluster9=0 cluster10=0 cluster7=1
5 cluster8=0 cluster3=0 cluster2=0 cluster1=1 cluster6=0 cluster9=1 cluster10=0 cluster7=0
6 cluster8=0 cluster3=0 cluster2=0 cluster1=1 cluster6=0 cluster9=1 cluster10=0 cluster7=1
7 cluster8=0 cluster3=0 cluster2=0 cluster1=0 cluster6=0 cluster9=0 cluster10=1 cluster7=1
8 cluster8=0 cluster3=0 cluster2=0 cluster1=0 cluster6=0 cluster9=1 cluster10=1 cluster7=1
9 cluster8=0 cluster3=0 cluster2=0 cluster1=1 cluster6=0 cluster9=0 cluster10=1 cluster7=1
10 cluster8=0 cluster3=0 cluster2=0 cluster1=1 cluster6=0 cluster9=1 cluster10=1 cluster7=1
11 cluster8=0 cluster3=0 cluster2=0 cluster1=0 cluster6=1 cluster9=1 cluster10=1 cluster7=1
12 cluster8=0 cluster3=0 cluster2=0 cluster1=1 cluster6=1 cluster9=1 cluster10=1 cluster7=1
13 cluster8=0 cluster3=0 cluster2=1 cluster1=1 cluster6=1 cluster9=1 cluster10=1 cluster7=1
14 cluster8=0 cluster3=1 cluster2=1 cluster1=1 cluster6=1 cluster9=1 cluster10=1 cluster7=1
15 cluster8=1 cluster3=1 cluster2=1 cluster1=1 cluster6=1 cluster9=1 cluster10=1 cluster7=1
16 cluster8=1 cluster3=1 cluster2=1 cluster1=1 cluster6=1 cluster9=1 cluster10=1 cluster7=0
17 cluster8=1 cluster3=1 cluster2=1 cluster1=1 cluster6=1 cluster9=0 cluster10=1 cluster7=1
18 cluster8=1 cluster3=1 cluster2=1 cluster1=1 cluster6=1 cluster9=0 cluster10=1 cluster7=0
19 cluster8=1 cluster3=1 cluster2=1 cluster1=0 cluster6=1 cluster9=1 cluster10=1 cluster7=1
20 cluster8=1 cluster3=1 cluster2=1 cluster1=0 cluster6=1 cluster9=1 cluster10=1 cluster7=0
21 cluster8=1 cluster3=1 cluster2=1 cluster1=0 cluster6=1 cluster9=0 cluster10=1 cluster7=1
22 cluster8=1 cluster3=1 cluster2=1 cluster1=0 cluster6=1 cluster9=0 cluster10=1 cluster7=0
23 cluster8=1 cluster3=1 cluster2=1 cluster1=1 cluster6=1 cluster9=1 cluster10=0 cluster7=0
24 cluster8=1 cluster3=1 cluster2=1 cluster1=1 cluster6=1 cluster9=0 cluster10=0 cluster7=0
25 cluster8=1 cluster3=1 cluster2=1 cluster1=0 cluster6=1 cluster9=1 cluster10=0 cluster7=0
26 cluster8=1 cluster3=1 cluster2=1 cluster1=0 cluster6=1 cluster9=0 cluster10=0 cluster7=0
27 cluster8=1 cluster3=1 cluster2=1 cluster1=1 cluster6=0 cluster9=0 cluster10=0 cluster7=0
28 cluster8=1 cluster3=1 cluster2=1 cluster1=0 cluster6=0 cluster9=0 cluster10=0 cluster7=0
29 cluster8=1 cluster3=1 cluster2=0 cluster1=0 cluster6=0 cluster9=0 cluster10=0 cluster7=0
30 cluster8=1 cluster3=0 cluster2=0 cluster1=0 cluster6=0 cluster9=0 cluster10=0 cluster7=0
31 cluster8=0 cluster3=0 cluster2=0 cluster1=0 cluster6=1 cluster9=0 cluster10=0 cluster7=0
32 cluster8=0 cluster3=0 cluster2=1 cluster1=0 cluster6=0 cluster9=0 cluster10=0 cluster7=0
33 cluster8=0 cluster3=0 cluster2=0 cluster1=0 cluster6=0 cluster9=0 cluster10=1 cluster7=0
34 cluster8=0 cluster3=1 cluster2=0 cluster1=0 cluster6=0 cluster9=0 cluster10=0 cluster7=0
inputRegulatorOGs.size() = 1999 inputOGList.size() = 50
binkey=16 [Edge status: 0 0 0 0 1 0 0 0 ] P(G)=P(cluster8=0)[0.8] * P(cluster1=0|cluster2=0) * P(cluster9=0|cluster6=1) * P(cluster7=0|cluster10=0) * P(cluster10=0|cluster6=1) * P(cluster6=1|cluster2=0) * P(cluster2=0|cluster3=0) * P(cluster3=0|cluster8=0)[0.0032768]=0.00262144
binkey=128 [Edge status: 0 0 0 0 0 0 0 1 ] P(G)=P(cluster8=0)[0.8] * P(cluster1=0|cluster2=0) * P(cluster9=0|cluster6=0) * P(cluster7=1|cluster10=0) * P(cluster10=0|cluster6=0) * P(cluster6=0|cluster2=0) * P(cluster2=0|cluster3=0) * P(cluster3=0|cluster8=0)[0.0524288]=0.041943
binkey=8 [Edge status: 0 0 0 1 0 0 0 0 ] P(G)=P(cluster8=0)[0.8] * P(cluster1=1|cluster2=0) * P(cluster9=0|cluster6=0) * P(cluster7=0|cluster10=0) * P(cluster10=0|cluster6=0) * P(cluster6=0|cluster2=0) * P(cluster2=0|cluster3=0) * P(cluster3=0|cluster8=0)[0.0524288]=0.041943
binkey=2 [Edge status: 0 1 0 0 0 0 0 0 ] P(G)=P(cluster8=0)[0.8] * P(cluster1=0|cluster2=0) * P(cluster9=0|cluster6=0) * P(cluster7=0|cluster10=0) * P(cluster10=0|cluster6=0) * P(cluster6=0|cluster2=0) * P(cluster2=0|cluster3=1) * P(cluster3=1|cluster8=0)[0.0131072]=0.0104858
binkey=4 [Edge status: 0 0 1 0 0 0 0 0 ] P(G)=P(cluster8=0)[0.8] * P(cluster1=0|cluster2=1) * P(cluster9=0|cluster6=0) * P(cluster7=0|cluster10=0) * P(cluster10=0|cluster6=0) * P(cluster6=0|cluster2=1) * P(cluster2=1|cluster3=0) * P(cluster3=0|cluster8=0)[0.0032768]=0.00262144
binkey=32 [Edge status: 0 0 0 0 0 1 0 0 ] P(G)=P(cluster8=0)[0.8] * P(cluster1=0|cluster2=0) * P(cluster9=1|cluster6=0) * P(cluster7=0|cluster10=0) * P(cluster10=0|cluster6=0) * P(cluster6=0|cluster2=0) * P(cluster2=0|cluster3=0) * P(cluster3=0|cluster8=0)[0.0524288]=0.041943
binkey=64 [Edge status: 0 0 0 0 0 0 1 0 ] P(G)=P(cluster8=0)[0.8] * P(cluster1=0|cluster2=0) * P(cluster9=0|cluster6=0) * P(cluster7=0|cluster10=1) * P(cluster10=1|cluster6=0) * P(cluster6=0|cluster2=0) * P(cluster2=0|cluster3=0) * P(cluster3=0|cluster8=0)[0.0131072]=0.0104858
binkey=1 [Edge status: 1 0 0 0 0 0 0 0 ] P(G)=P(cluster8=1)[0.2] * P(cluster1=0|cluster2=0) * P(cluster9=0|cluster6=0) * P(cluster7=0|cluster10=0) * P(cluster10=0|cluster6=0) * P(cluster6=0|cluster2=0) * P(cluster2=0|cluster3=0) * P(cluster3=0|cluster8=1)[0.0524288]=0.0104858
binkey=160 [Edge status: 0 0 0 0 0 1 0 1 ] P(G)=P(cluster8=0)[0.8] * P(cluster1=0|cluster2=0) * P(cluster9=1|cluster6=0) * P(cluster7=1|cluster10=0) * P(cluster10=0|cluster6=0) * P(cluster6=0|cluster2=0) * P(cluster2=0|cluster3=0) * P(cluster3=0|cluster8=0)[0.0131072]=0.0104858
binkey=192 [Edge status: 0 0 0 0 0 0 1 1 ] P(G)=P(cluster8=0)[0.8] * P(cluster1=0|cluster2=0) * P(cluster9=0|cluster6=0) * P(cluster7=1|cluster10=1) * P(cluster10=1|cluster6=0) * P(cluster6=0|cluster2=0) * P(cluster2=0|cluster3=0) * P(cluster3=0|cluster8=0)[0.0524288]=0.041943
binkey=136 [Edge status: 0 0 0 1 0 0 0 1 ] P(G)=P(cluster8=0)[0.8] * P(cluster1=1|cluster2=0) * P(cluster9=0|cluster6=0) * P(cluster7=1|cluster10=0) * P(cluster10=0|cluster6=0) * P(cluster6=0|cluster2=0) * P(cluster2=0|cluster3=0) * P(cluster3=0|cluster8=0)[0.0131072]=0.0104858
binkey=40 [Edge status: 0 0 0 1 0 1 0 0 ] P(G)=P(cluster8=0)[0.8] * P(cluster1=1|cluster2=0) * P(cluster9=1|cluster6=0) * P(cluster7=0|cluster10=0) * P(cluster10=0|cluster6=0) * P(cluster6=0|cluster2=0) * P(cluster2=0|cluster3=0) * P(cluster3=0|cluster8=0)[0.0131072]=0.0104858
binkey=3 [Edge status: 1 1 0 0 0 0 0 0 ] P(G)=P(cluster8=1)[0.2] * P(cluster1=0|cluster2=0) * P(cluster9=0|cluster6=0) * P(cluster7=0|cluster10=0) * P(cluster10=0|cluster6=0) * P(cluster6=0|cluster2=0) * P(cluster2=0|cluster3=1) * P(cluster3=1|cluster8=1)[0.0524288]=0.0104858
binkey=224 [Edge status: 0 0 0 0 0 1 1 1 ] P(G)=P(cluster8=0)[0.8] * P(cluster1=0|cluster2=0) * P(cluster9=1|cluster6=0) * P(cluster7=1|cluster10=1) * P(cluster10=1|cluster6=0) * P(cluster6=0|cluster2=0) * P(cluster2=0|cluster3=0) * P(cluster3=0|cluster8=0)[0.0131072]=0.0104858
binkey=215 [Edge status: 1 1 1 0 1 0 1 1 ] P(G)=P(cluster8=1)[0.2] * P(cluster1=0|cluster2=1) * P(cluster9=0|cluster6=1) * P(cluster7=1|cluster10=1) * P(cluster10=1|cluster6=1) * P(cluster6=1|cluster2=1) * P(cluster2=1|cluster3=1) * P(cluster3=1|cluster8=1)[0.0131072]=0.00262144
binkey=87 [Edge status: 1 1 1 0 1 0 1 0 ] P(G)=P(cluster8=1)[0.2] * P(cluster1=0|cluster2=1) * P(cluster9=0|cluster6=1) * P(cluster7=0|cluster10=1) * P(cluster10=1|cluster6=1) * P(cluster6=1|cluster2=1) * P(cluster2=1|cluster3=1) * P(cluster3=1|cluster8=1)[0.0032768]=0.00065536
binkey=23 [Edge status: 1 1 1 0 1 0 0 0 ] P(G)=P(cluster8=1)[0.2] * P(cluster1=0|cluster2=1) * P(cluster9=0|cluster6=1) * P(cluster7=0|cluster10=0) * P(cluster10=0|cluster6=1) * P(cluster6=1|cluster2=1) * P(cluster2=1|cluster3=1) * P(cluster3=1|cluster8=1)[0.0032768]=0.00065536
binkey=7 [Edge status: 1 1 1 0 0 0 0 0 ] P(G)=P(cluster8=1)[0.2] * P(cluster1=0|cluster2=1) * P(cluster9=0|cluster6=0) * P(cluster7=0|cluster10=0) * P(cluster10=0|cluster6=0) * P(cluster6=0|cluster2=1) * P(cluster2=1|cluster3=1) * P(cluster3=1|cluster8=1)[0.0131072]=0.00262144
binkey=168 [Edge status: 0 0 0 1 0 1 0 1 ] P(G)=P(cluster8=0)[0.8] * P(cluster1=1|cluster2=0) * P(cluster9=1|cluster6=0) * P(cluster7=1|cluster10=0) * P(cluster10=0|cluster6=0) * P(cluster6=0|cluster2=0) * P(cluster2=0|cluster3=0) * P(cluster3=0|cluster8=0)[0.0032768]=0.00262144
binkey=119 [Edge status: 1 1 1 0 1 1 1 0 ] P(G)=P(cluster8=1)[0.2] * P(cluster1=0|cluster2=1) * P(cluster9=1|cluster6=1) * P(cluster7=0|cluster10=1) * P(cluster10=1|cluster6=1) * P(cluster6=1|cluster2=1) * P(cluster2=1|cluster3=1) * P(cluster3=1|cluster8=1)[0.0131072]=0.00262144
binkey=55 [Edge status: 1 1 1 0 1 1 0 0 ] P(G)=P(cluster8=1)[0.2] * P(cluster1=0|cluster2=1) * P(cluster9=1|cluster6=1) * P(cluster7=0|cluster10=0) * P(cluster10=0|cluster6=1) * P(cluster6=1|cluster2=1) * P(cluster2=1|cluster3=1) * P(cluster3=1|cluster8=1)[0.0131072]=0.00262144
binkey=15 [Edge status: 1 1 1 1 0 0 0 0 ] P(G)=P(cluster8=1)[0.2] * P(cluster1=1|cluster2=1) * P(cluster9=0|cluster6=0) * P(cluster7=0|cluster10=0) * P(cluster10=0|cluster6=0) * P(cluster6=0|cluster2=1) * P(cluster2=1|cluster3=1) * P(cluster3=1|cluster8=1)[0.0524288]=0.0104858
binkey=200 [Edge status: 0 0 0 1 0 0 1 1 ] P(G)=P(cluster8=0)[0.8] * P(cluster1=1|cluster2=0) * P(cluster9=0|cluster6=0) * P(cluster7=1|cluster10=1) * P(cluster10=1|cluster6=0) * P(cluster6=0|cluster2=0) * P(cluster2=0|cluster3=0) * P(cluster3=0|cluster8=0)[0.0131072]=0.0104858
binkey=232 [Edge status: 0 0 0 1 0 1 1 1 ] P(G)=P(cluster8=0)[0.8] * P(cluster1=1|cluster2=0) * P(cluster9=1|cluster6=0) * P(cluster7=1|cluster10=1) * P(cluster10=1|cluster6=0) * P(cluster6=0|cluster2=0) * P(cluster2=0|cluster3=0) * P(cluster3=0|cluster8=0)[0.0032768]=0.00262144
binkey=240 [Edge status: 0 0 0 0 1 1 1 1 ] P(G)=P(cluster8=0)[0.8] * P(cluster1=0|cluster2=0) * P(cluster9=1|cluster6=1) * P(cluster7=1|cluster10=1) * P(cluster10=1|cluster6=1) * P(cluster6=1|cluster2=0) * P(cluster2=0|cluster3=0) * P(cluster3=0|cluster8=0)[0.0524288]=0.041943
binkey=248 [Edge status: 0 0 0 1 1 1 1 1 ] P(G)=P(cluster8=0)[0.8] * P(cluster1=1|cluster2=0) * P(cluster9=1|cluster6=1) * P(cluster7=1|cluster10=1) * P(cluster10=1|cluster6=1) * P(cluster6=1|cluster2=0) * P(cluster2=0|cluster3=0) * P(cluster3=0|cluster8=0)[0.0131072]=0.0104858
binkey=247 [Edge status: 1 1 1 0 1 1 1 1 ] P(G)=P(cluster8=1)[0.2] * P(cluster1=0|cluster2=1) * P(cluster9=1|cluster6=1) * P(cluster7=1|cluster10=1) * P(cluster10=1|cluster6=1) * P(cluster6=1|cluster2=1) * P(cluster2=1|cluster3=1) * P(cluster3=1|cluster8=1)[0.0524288]=0.0104858
binkey=127 [Edge status: 1 1 1 1 1 1 1 0 ] P(G)=P(cluster8=1)[0.2] * P(cluster1=1|cluster2=1) * P(cluster9=1|cluster6=1) * P(cluster7=0|cluster10=1) * P(cluster10=1|cluster6=1) * P(cluster6=1|cluster2=1) * P(cluster2=1|cluster3=1) * P(cluster3=1|cluster8=1)[0.0524288]=0.0104858
binkey=95 [Edge status: 1 1 1 1 1 0 1 0 ] P(G)=P(cluster8=1)[0.2] * P(cluster1=1|cluster2=1) * P(cluster9=0|cluster6=1) * P(cluster7=0|cluster10=1) * P(cluster10=1|cluster6=1) * P(cluster6=1|cluster2=1) * P(cluster2=1|cluster3=1) * P(cluster3=1|cluster8=1)[0.0131072]=0.00262144
binkey=63 [Edge status: 1 1 1 1 1 1 0 0 ] P(G)=P(cluster8=1)[0.2] * P(cluster1=1|cluster2=1) * P(cluster9=1|cluster6=1) * P(cluster7=0|cluster10=0) * P(cluster10=0|cluster6=1) * P(cluster6=1|cluster2=1) * P(cluster2=1|cluster3=1) * P(cluster3=1|cluster8=1)[0.0524288]=0.0104858
binkey=31 [Edge status: 1 1 1 1 1 0 0 0 ] P(G)=P(cluster8=1)[0.2] * P(cluster1=1|cluster2=1) * P(cluster9=0|cluster6=1) * P(cluster7=0|cluster10=0) * P(cluster10=0|cluster6=1) * P(cluster6=1|cluster2=1) * P(cluster2=1|cluster3=1) * P(cluster3=1|cluster8=1)[0.0131072]=0.00262144
ITERATION 0 newScore=-2.72834e+06 diffscore=20322.8 priorChange=-109.517 successMove=56
ITERATION 1 newScore=-2.71872e+06 diffscore=9613.7 priorChange=-112.29 successMove=59
ITERATION 2 newScore=-2.70935e+06 diffscore=9372.38 priorChange=-115.062 successMove=52
ITERATION 3 newScore=-2.70219e+06 diffscore=7155.97 priorChange=-115.062 successMove=50
ITERATION 4 newScore=-2.6985e+06 diffscore=3695.61 priorChange=-117.835 successMove=52
ITERATION 5 newScore=-2.69595e+06 diffscore=2547.43 priorChange=-130.312 successMove=53
ITERATION 6 newScore=-2.69491e+06 diffscore=1044.25 priorChange=-110.904 successMove=52
ITERATION 7 newScore=-2.68942e+06 diffscore=5486.34 priorChange=-121.994 successMove=51
ITERATION 8 newScore=-2.6866e+06 diffscore=2825.45 priorChange=-124.766 successMove=54
ITERATION 9 newScore=-2.6843e+06 diffscore=2292.18 priorChange=-117.835 successMove=52
ITERATION 10 newScore=-2.68078e+06 diffscore=3518.75 priorChange=-119.221 successMove=50
ITERATION 11 newScore=-2.6732e+06 diffscore=7588.9 priorChange=-113.676 successMove=50
ITERATION 12 newScore=-2.67228e+06 diffscore=920.458 priorChange=-119.221 successMove=51
ITERATION 13 newScore=-2.67128e+06 diffscore=1000.22 priorChange=-116.449 successMove=52
ITERATION 14 newScore=-2.66762e+06 diffscore=3655.59 priorChange=-119.221 successMove=50
ITERATION 15 newScore=-2.66622e+06 diffscore=1403.51 priorChange=-108.131 successMove=50
ITERATION 16 newScore=-2.66436e+06 diffscore=1853.09 priorChange=-113.676 successMove=53
ITERATION 17 newScore=-2.66271e+06 diffscore=1652.86 priorChange=-121.994 successMove=60
ITERATION 18 newScore=-2.65982e+06 diffscore=2886.82 priorChange=-109.517 successMove=51
ITERATION 19 newScore=-2.65843e+06 diffscore=1389.31 priorChange=-112.29 successMove=51
ITERATION 20 newScore=-2.65297e+06 diffscore=5462.52 priorChange=-110.904 successMove=50
ITERATION 21 newScore=-2.65017e+06 diffscore=2804.4 priorChange=-116.449 successMove=53
ITERATION 22 newScore=-2.64709e+06 diffscore=3074.43 priorChange=-116.449 successMove=49
ITERATION 23 newScore=-2.64584e+06 diffscore=1256.19 priorChange=-115.062 successMove=51
ITERATION 24 newScore=-2.64532e+06 diffscore=514.651 priorChange=-123.38 successMove=50
ITERATION 25 newScore=-2.64356e+06 diffscore=1757.41 priorChange=-123.38 successMove=49
ITERATION 26 newScore=-2.64299e+06 diffscore=573.946 priorChange=-115.062 successMove=51
ITERATION 27 newScore=-2.64183e+06 diffscore=1155.56 priorChange=-110.904 successMove=50
ITERATION 28 newScore=-2.64137e+06 diffscore=465.576 priorChange=-99.8132 successMove=50
ITERATION 29 newScore=-2.64064e+06 diffscore=733.603 priorChange=-106.745 successMove=51
ITERATION 30 newScore=-2.63843e+06 diffscore=2209.99 priorChange=-113.676 successMove=48
ITERATION 31 newScore=-2.63797e+06 diffscore=458.375 priorChange=-110.904 successMove=48
ITERATION 32 newScore=-2.63748e+06 diffscore=487.749 priorChange=-117.835 successMove=48
ITERATION 33 newScore=-2.63504e+06 diffscore=2441.79 priorChange=-113.676 successMove=46
ITERATION 34 newScore=-2.63249e+06 diffscore=2549.92 priorChange=-109.517 successMove=47
ITERATION 35 newScore=-2.63209e+06 diffscore=399.988 priorChange=-102.586 successMove=47
ITERATION 36 newScore=-2.63107e+06 diffscore=1017.88 priorChange=-97.0406 successMove=47
ITERATION 37 newScore=-2.63064e+06 diffscore=425.628 priorChange=-105.358 successMove=46
ITERATION 38 newScore=-2.62885e+06 diffscore=1789.85 priorChange=-103.972 successMove=46
ITERATION 39 newScore=-2.6285e+06 diffscore=356.603 priorChange=-94.268 successMove=46
ITERATION 40 newScore=-2.62808e+06 diffscore=417.78 priorChange=-95.6543 successMove=46
ITERATION 41 newScore=-2.62768e+06 diffscore=399.349 priorChange=-98.4269 successMove=47
ITERATION 42 newScore=-2.62642e+06 diffscore=1264.6 priorChange=-87.3365 successMove=49
ITERATION 43 newScore=-2.62508e+06 diffscore=1339.95 priorChange=-90.1091 successMove=45
ITERATION 44 newScore=-2.62323e+06 diffscore=1845.81 priorChange=-85.9503 successMove=45
ITERATION 45 newScore=-2.62267e+06 diffscore=564.972 priorChange=-73.4736 successMove=44
ITERATION 46 newScore=-2.61987e+06 diffscore=2794.47 priorChange=-91.4954 successMove=45
ITERATION 47 newScore=-2.61822e+06 diffscore=1653.59 priorChange=-94.268 successMove=45
ITERATION 48 newScore=-2.61717e+06 diffscore=1042.35 priorChange=-99.8132 successMove=45
ITERATION 49 newScore=-2.61359e+06 diffscore=3582.38 priorChange=-94.268 successMove=43
ITERATION 50 newScore=-2.61164e+06 diffscore=1957.3 priorChange=-90.1091 successMove=43
ITERATION 51 newScore=-2.61038e+06 diffscore=1254.19 priorChange=-94.268 successMove=42
ITERATION 52 newScore=-2.6091e+06 diffscore=1278.42 priorChange=-91.4954 successMove=42
ITERATION 53 newScore=-2.60733e+06 diffscore=1770.92 priorChange=-90.1091 successMove=42
ITERATION 54 newScore=-2.60646e+06 diffscore=874.564 priorChange=-81.7914 successMove=40
ITERATION 55 newScore=-2.60619e+06 diffscore=267.281 priorChange=-85.9503 successMove=39
ITERATION 56 newScore=-2.60473e+06 diffscore=1457.88 priorChange=-74.8599 successMove=37
ITERATION 57 newScore=-2.60437e+06 diffscore=358.032 priorChange=-80.4051 successMove=37
ITERATION 58 newScore=-2.60404e+06 diffscore=337.615 priorChange=-77.6325 successMove=36
ITERATION 59 newScore=-2.60037e+06 diffscore=3663.39 priorChange=-83.1777 successMove=36
ITERATION 60 newScore=-2.60008e+06 diffscore=296.979 priorChange=-88.7228 successMove=38
ITERATION 61 newScore=-2.59983e+06 diffscore=247.385 priorChange=-73.4736 successMove=35
ITERATION 62 newScore=-2.59959e+06 diffscore=236.821 priorChange=-62.3832 successMove=33
ITERATION 63 newScore=-2.59688e+06 diffscore=2711.08 priorChange=-90.1091 successMove=33
ITERATION 64 newScore=-2.59573e+06 diffscore=1151.58 priorChange=-62.3832 successMove=32
ITERATION 65 newScore=-2.59556e+06 diffscore=170.657 priorChange=-59.6107 successMove=31
ITERATION 66 newScore=-2.5954e+06 diffscore=160.483 priorChange=-52.6792 successMove=31
ITERATION 67 newScore=-2.5952e+06 diffscore=197.835 priorChange=-49.9066 successMove=29
ITERATION 68 newScore=-2.59489e+06 diffscore=306.992 priorChange=-44.3614 successMove=28
ITERATION 69 newScore=-2.59442e+06 diffscore=476.378 priorChange=-42.9751 successMove=28
ITERATION 70 newScore=-2.59291e+06 diffscore=1509.08 priorChange=-40.2025 successMove=27
ITERATION 71 newScore=-2.59077e+06 diffscore=2136.41 priorChange=-42.9751 successMove=26
ITERATION 72 newScore=-2.59046e+06 diffscore=314.448 priorChange=-51.2929 successMove=29
ITERATION 73 newScore=-2.59028e+06 diffscore=177.138 priorChange=-54.0655 successMove=27
ITERATION 74 newScore=-2.58909e+06 diffscore=1194.58 priorChange=-45.7477 successMove=23
ITERATION 75 newScore=-2.58893e+06 diffscore=155.543 priorChange=-47.134 successMove=23
ITERATION 76 newScore=-2.58853e+06 diffscore=397.335 priorChange=-52.6792 successMove=23
ITERATION 77 newScore=-2.5877e+06 diffscore=831.24 priorChange=-37.4299 successMove=21
ITERATION 78 newScore=-2.58761e+06 diffscore=87.7694 priorChange=-31.8848 successMove=20
ITERATION 79 newScore=-2.58752e+06 diffscore=95.3128 priorChange=-40.2025 successMove=19
ITERATION 80 newScore=-2.58741e+06 diffscore=108.341 priorChange=-36.0437 successMove=19
ITERATION 81 newScore=-2.58671e+06 diffscore=700.993 priorChange=-33.2711 successMove=20
ITERATION 82 newScore=-2.58663e+06 diffscore=82.2607 priorChange=-40.2025 successMove=19
ITERATION 83 newScore=-2.58652e+06 diffscore=104.645 priorChange=-44.3614 successMove=21
ITERATION 84 newScore=-2.58641e+06 diffscore=109.002 priorChange=-38.8162 successMove=19
ITERATION 85 newScore=-2.58632e+06 diffscore=95.6014 priorChange=-37.4299 successMove=18
ITERATION 86 newScore=-2.58617e+06 diffscore=147.962 priorChange=-51.2929 successMove=17
ITERATION 87 newScore=-2.58481e+06 diffscore=1354.82 priorChange=-40.2025 successMove=16
ITERATION 88 newScore=-2.5847e+06 diffscore=109.838 priorChange=-33.2711 successMove=16
ITERATION 89 newScore=-2.58434e+06 diffscore=366.256 priorChange=-33.2711 successMove=15
ITERATION 90 newScore=-2.58333e+06 diffscore=1010.43 priorChange=-37.4299 successMove=15
ITERATION 91 newScore=-2.58324e+06 diffscore=85.2958 priorChange=-37.4299 successMove=14
ITERATION 92 newScore=-2.58315e+06 diffscore=95.0626 priorChange=-34.6574 successMove=14
ITERATION 93 newScore=-2.58301e+06 diffscore=134.423 priorChange=-31.8848 successMove=14
ITERATION 94 newScore=-2.58284e+06 diffscore=175.172 priorChange=-33.2711 successMove=14
ITERATION 95 newScore=-2.58064e+06 diffscore=2200.98 priorChange=-31.8848 successMove=14
ITERATION 96 newScore=-2.58051e+06 diffscore=130.053 priorChange=-29.1122 successMove=13
ITERATION 97 newScore=-2.58041e+06 diffscore=97.4193 priorChange=-19.4081 successMove=11
ITERATION 98 newScore=-2.58033e+06 diffscore=78.2834 priorChange=-23.567 successMove=11
ITERATION 99 newScore=-2.58027e+06 diffscore=61.9377 priorChange=-23.567 successMove=10
MetaLearner::dumpAllGraphs
Final Score -2.58027e+06
MetaLearner::start runtime: 1284172796 ms
Results/
Results/cluster10/
Results/cluster10/fold0/
Results/cluster10/fold0/modelparams.txt
Results/cluster10/fold0/var_mb_pw_k50.txt
Results/cluster1/
Results/cluster1/fold0/
Results/cluster1/fold0/modelparams.txt
Results/cluster1/fold0/var_mb_pw_k50.txt
Results/cluster6/
Results/cluster6/fold0/
Results/cluster6/fold0/modelparams.txt
Results/cluster6/fold0/var_mb_pw_k50.txt
Results/cluster9/
Results/cluster9/fold0/
Results/cluster9/fold0/modelparams.txt
Results/cluster9/fold0/var_mb_pw_k50.txt
Results/cluster2/
Results/cluster2/fold0/
Results/cluster2/fold0/modelparams.txt
Results/cluster2/fold0/var_mb_pw_k50.txt
Results/cluster7/
Results/cluster7/fold0/
Results/cluster7/fold0/modelparams.txt
Results/cluster7/fold0/var_mb_pw_k50.txt
Results/cluster3/
Results/cluster3/fold0/
Results/cluster3/fold0/modelparams.txt
Results/cluster3/fold0/var_mb_pw_k50.txt
Results/cluster8/
Results/cluster8/scoreFile.txt
Results/cluster8/fold0/
Results/cluster8/fold0/modelparams.txt
Results/cluster8/fold0/var_mb_pw_k50.txt
