000 (49777.1293.000) 10/11 10:48:11 Job submitted from host: <144.92.142.142:9618?addrs=144.92.142.142-9618&noUDP&sock=44923_051a_3>
...
001 (49777.1293.000) 10/11 16:18:34 Job executing on host: <128.105.68.23:9618?addrs=128.105.68.23-9618&alias=gpulab2004.chtc.wisc.edu&noUDP&sock=startd_62541_80a6>
...
006 (49777.1293.000) 10/11 16:18:43 Image size of job updated: 156728
	104  -  MemoryUsage of job (MB)
	105560  -  ResidentSetSize of job (KB)
...
006 (49777.1293.000) 10/11 16:23:43 Image size of job updated: 785428
	725  -  MemoryUsage of job (MB)
	741436  -  ResidentSetSize of job (KB)
...
006 (49777.1293.000) 10/11 16:28:43 Image size of job updated: 1139096
	1071  -  MemoryUsage of job (MB)
	1096056  -  ResidentSetSize of job (KB)
...
006 (49777.1293.000) 10/11 16:33:44 Image size of job updated: 2044172
	1947  -  MemoryUsage of job (MB)
	1992960  -  ResidentSetSize of job (KB)
...
006 (49777.1293.000) 10/11 16:38:45 Image size of job updated: 3168116
	3075  -  MemoryUsage of job (MB)
	3148548  -  ResidentSetSize of job (KB)
...
006 (49777.1293.000) 10/11 16:41:40 Image size of job updated: 3935140
	3075  -  MemoryUsage of job (MB)
	3148548  -  ResidentSetSize of job (KB)
...
005 (49777.1293.000) 10/11 16:41:40 Job terminated.
	(1) Normal termination (return value 0)
		Usr 0 00:22:59, Sys 0 00:00:04  -  Run Remote Usage
		Usr 0 00:00:00, Sys 0 00:00:00  -  Run Local Usage
		Usr 0 00:22:59, Sys 0 00:00:04  -  Total Remote Usage
		Usr 0 00:00:00, Sys 0 00:00:00  -  Total Local Usage
	178853  -  Run Bytes Sent By Job
	316719136  -  Run Bytes Received By Job
	178853  -  Total Bytes Sent By Job
	316719136  -  Total Bytes Received By Job
	Partitionable Resources :     Usage  Request Allocated 
	   Cpus                 :      0.99        1         1 
	   Disk (KB)            : 325000      819200  18192444 
	   Gpus                 :                            0 
	   Ioheavy              :                            0 
	   Memory (MB)          :   3075       20480     21341 
...
