./CVN -f config_condor.txt -x50 -v1 -l TFs_OGs.txt -n AllGenes81.txt -d celltype_tree_ancestor.txt -m testdata_ogids.txt -s celltype_order.txt -p 0.2 -c yes -b -4 -q 4
(cluster3|cluster8) p_maintain_edge=0.8 p_gain=0.2
(cluster2|cluster3) p_maintain_edge=0.8 p_gain=0.2
(cluster1|cluster2) p_maintain_edge=0.8 p_gain=0.2
(cluster6|cluster2) p_maintain_edge=0.8 p_gain=0.2
(cluster9|cluster6) p_maintain_edge=0.8 p_gain=0.2
(cluster10|cluster6) p_maintain_edge=0.8 p_gain=0.2
(cluster7|cluster10) p_maintain_edge=0.8 p_gain=0.2
speciesSet.size()=8 Root is cluster8
MappedOrthogroupReader::readSpeciesMapping() --- celltype_order.txt
MappedOrthogroupReader::readFile - testdata_ogids.txt
MappedOrthogroupReader::generateGeneOrthoMap()
MetaLearner::init_onefold() read:config_condor.txt
MetaLearner::setinputVariableNames number of variables: 2043
readEvidenceTable:cluster8.table
PotentialManager::loadEvidenceFromTable varCount=2043 sampleCount=348
motifNetwork.size() = 319
0=cluster8 motifNetwork=cluster8_network.txt
variable size=2043
readEvidenceTable:cluster3.table
PotentialManager::loadEvidenceFromTable varCount=2043 sampleCount=95
motifNetwork.size() = 326
1=cluster3 motifNetwork=cluster3_network.txt
variable size=2043
readEvidenceTable:cluster2.table
PotentialManager::loadEvidenceFromTable varCount=2043 sampleCount=386
motifNetwork.size() = 328
2=cluster2 motifNetwork=cluster2_network.txt
variable size=2043
readEvidenceTable:cluster1.table
PotentialManager::loadEvidenceFromTable varCount=2043 sampleCount=36
motifNetwork.size() = 322
3=cluster1 motifNetwork=cluster1_network.txt
variable size=2043
readEvidenceTable:cluster6.table
PotentialManager::loadEvidenceFromTable varCount=2043 sampleCount=524
motifNetwork.size() = 320
4=cluster6 motifNetwork=cluster6_network.txt
variable size=2043
readEvidenceTable:cluster9.table
PotentialManager::loadEvidenceFromTable varCount=2043 sampleCount=184
motifNetwork.size() = 327
5=cluster9 motifNetwork=cluster9_network.txt
variable size=2043
readEvidenceTable:cluster10.table
PotentialManager::loadEvidenceFromTable varCount=2043 sampleCount=165
motifNetwork.size() = 326
6=cluster10 motifNetwork=cluster10_network.txt
variable size=2043
readEvidenceTable:cluster7.table
PotentialManager::loadEvidenceFromTable varCount=2043 sampleCount=1032
motifNetwork.size() = 320
7=cluster7 motifNetwork=cluster7_network.txt
variable size=2043
-------------------------------------------------------------
MetaLearner::start
precomputeEmptyGraphPrior
binkey=0 [Edge status: 0 0 0 0 0 0 0 0 ] P(G)=P(cluster8=0)[0.8] * P(cluster1=0|cluster2=0) * P(cluster9=0|cluster6=0) * P(cluster7=0|cluster10=0) * P(cluster10=0|cluster6=0) * P(cluster6=0|cluster2=0) * P(cluster2=0|cluster3=0) * P(cluster3=0|cluster8=0)[0.209715]=0.167772
condsetMap_Tree
0 cluster8=0 cluster3=0 cluster2=0 cluster1=0 cluster6=0 cluster9=0 cluster10=0 cluster7=1
1 cluster8=0 cluster3=0 cluster2=0 cluster1=0 cluster6=0 cluster9=1 cluster10=0 cluster7=0
2 cluster8=0 cluster3=0 cluster2=0 cluster1=0 cluster6=0 cluster9=1 cluster10=0 cluster7=1
3 cluster8=0 cluster3=0 cluster2=0 cluster1=1 cluster6=0 cluster9=0 cluster10=0 cluster7=0
4 cluster8=0 cluster3=0 cluster2=0 cluster1=1 cluster6=0 cluster9=0 cluster10=0 cluster7=1
5 cluster8=0 cluster3=0 cluster2=0 cluster1=1 cluster6=0 cluster9=1 cluster10=0 cluster7=0
6 cluster8=0 cluster3=0 cluster2=0 cluster1=1 cluster6=0 cluster9=1 cluster10=0 cluster7=1
7 cluster8=0 cluster3=0 cluster2=0 cluster1=0 cluster6=0 cluster9=0 cluster10=1 cluster7=1
8 cluster8=0 cluster3=0 cluster2=0 cluster1=0 cluster6=0 cluster9=1 cluster10=1 cluster7=1
9 cluster8=0 cluster3=0 cluster2=0 cluster1=1 cluster6=0 cluster9=0 cluster10=1 cluster7=1
10 cluster8=0 cluster3=0 cluster2=0 cluster1=1 cluster6=0 cluster9=1 cluster10=1 cluster7=1
11 cluster8=0 cluster3=0 cluster2=0 cluster1=0 cluster6=1 cluster9=1 cluster10=1 cluster7=1
12 cluster8=0 cluster3=0 cluster2=0 cluster1=1 cluster6=1 cluster9=1 cluster10=1 cluster7=1
13 cluster8=0 cluster3=0 cluster2=1 cluster1=1 cluster6=1 cluster9=1 cluster10=1 cluster7=1
14 cluster8=0 cluster3=1 cluster2=1 cluster1=1 cluster6=1 cluster9=1 cluster10=1 cluster7=1
15 cluster8=1 cluster3=1 cluster2=1 cluster1=1 cluster6=1 cluster9=1 cluster10=1 cluster7=1
16 cluster8=1 cluster3=1 cluster2=1 cluster1=1 cluster6=1 cluster9=1 cluster10=1 cluster7=0
17 cluster8=1 cluster3=1 cluster2=1 cluster1=1 cluster6=1 cluster9=0 cluster10=1 cluster7=1
18 cluster8=1 cluster3=1 cluster2=1 cluster1=1 cluster6=1 cluster9=0 cluster10=1 cluster7=0
19 cluster8=1 cluster3=1 cluster2=1 cluster1=0 cluster6=1 cluster9=1 cluster10=1 cluster7=1
20 cluster8=1 cluster3=1 cluster2=1 cluster1=0 cluster6=1 cluster9=1 cluster10=1 cluster7=0
21 cluster8=1 cluster3=1 cluster2=1 cluster1=0 cluster6=1 cluster9=0 cluster10=1 cluster7=1
22 cluster8=1 cluster3=1 cluster2=1 cluster1=0 cluster6=1 cluster9=0 cluster10=1 cluster7=0
23 cluster8=1 cluster3=1 cluster2=1 cluster1=1 cluster6=1 cluster9=1 cluster10=0 cluster7=0
24 cluster8=1 cluster3=1 cluster2=1 cluster1=1 cluster6=1 cluster9=0 cluster10=0 cluster7=0
25 cluster8=1 cluster3=1 cluster2=1 cluster1=0 cluster6=1 cluster9=1 cluster10=0 cluster7=0
26 cluster8=1 cluster3=1 cluster2=1 cluster1=0 cluster6=1 cluster9=0 cluster10=0 cluster7=0
27 cluster8=1 cluster3=1 cluster2=1 cluster1=1 cluster6=0 cluster9=0 cluster10=0 cluster7=0
28 cluster8=1 cluster3=1 cluster2=1 cluster1=0 cluster6=0 cluster9=0 cluster10=0 cluster7=0
29 cluster8=1 cluster3=1 cluster2=0 cluster1=0 cluster6=0 cluster9=0 cluster10=0 cluster7=0
30 cluster8=1 cluster3=0 cluster2=0 cluster1=0 cluster6=0 cluster9=0 cluster10=0 cluster7=0
31 cluster8=0 cluster3=0 cluster2=0 cluster1=0 cluster6=1 cluster9=0 cluster10=0 cluster7=0
32 cluster8=0 cluster3=0 cluster2=1 cluster1=0 cluster6=0 cluster9=0 cluster10=0 cluster7=0
33 cluster8=0 cluster3=0 cluster2=0 cluster1=0 cluster6=0 cluster9=0 cluster10=1 cluster7=0
34 cluster8=0 cluster3=1 cluster2=0 cluster1=0 cluster6=0 cluster9=0 cluster10=0 cluster7=0
inputRegulatorOGs.size() = 1999 inputOGList.size() = 50
binkey=128 [Edge status: 0 0 0 0 0 0 0 1 ] P(G)=P(cluster8=0)[0.8] * P(cluster1=0|cluster2=0) * P(cluster9=0|cluster6=0) * P(cluster7=1|cluster10=0) * P(cluster10=0|cluster6=0) * P(cluster6=0|cluster2=0) * P(cluster2=0|cluster3=0) * P(cluster3=0|cluster8=0)[0.0524288]=0.041943
binkey=1 [Edge status: 1 0 0 0 0 0 0 0 ] P(G)=P(cluster8=1)[0.2] * P(cluster1=0|cluster2=0) * P(cluster9=0|cluster6=0) * P(cluster7=0|cluster10=0) * P(cluster10=0|cluster6=0) * P(cluster6=0|cluster2=0) * P(cluster2=0|cluster3=0) * P(cluster3=0|cluster8=1)[0.0524288]=0.0104858
binkey=16 [Edge status: 0 0 0 0 1 0 0 0 ] P(G)=P(cluster8=0)[0.8] * P(cluster1=0|cluster2=0) * P(cluster9=0|cluster6=1) * P(cluster7=0|cluster10=0) * P(cluster10=0|cluster6=1) * P(cluster6=1|cluster2=0) * P(cluster2=0|cluster3=0) * P(cluster3=0|cluster8=0)[0.0032768]=0.00262144
binkey=4 [Edge status: 0 0 1 0 0 0 0 0 ] P(G)=P(cluster8=0)[0.8] * P(cluster1=0|cluster2=1) * P(cluster9=0|cluster6=0) * P(cluster7=0|cluster10=0) * P(cluster10=0|cluster6=0) * P(cluster6=0|cluster2=1) * P(cluster2=1|cluster3=0) * P(cluster3=0|cluster8=0)[0.0032768]=0.00262144
binkey=64 [Edge status: 0 0 0 0 0 0 1 0 ] P(G)=P(cluster8=0)[0.8] * P(cluster1=0|cluster2=0) * P(cluster9=0|cluster6=0) * P(cluster7=0|cluster10=1) * P(cluster10=1|cluster6=0) * P(cluster6=0|cluster2=0) * P(cluster2=0|cluster3=0) * P(cluster3=0|cluster8=0)[0.0131072]=0.0104858
binkey=8 [Edge status: 0 0 0 1 0 0 0 0 ] P(G)=P(cluster8=0)[0.8] * P(cluster1=1|cluster2=0) * P(cluster9=0|cluster6=0) * P(cluster7=0|cluster10=0) * P(cluster10=0|cluster6=0) * P(cluster6=0|cluster2=0) * P(cluster2=0|cluster3=0) * P(cluster3=0|cluster8=0)[0.0524288]=0.041943
binkey=2 [Edge status: 0 1 0 0 0 0 0 0 ] P(G)=P(cluster8=0)[0.8] * P(cluster1=0|cluster2=0) * P(cluster9=0|cluster6=0) * P(cluster7=0|cluster10=0) * P(cluster10=0|cluster6=0) * P(cluster6=0|cluster2=0) * P(cluster2=0|cluster3=1) * P(cluster3=1|cluster8=0)[0.0131072]=0.0104858
binkey=32 [Edge status: 0 0 0 0 0 1 0 0 ] P(G)=P(cluster8=0)[0.8] * P(cluster1=0|cluster2=0) * P(cluster9=1|cluster6=0) * P(cluster7=0|cluster10=0) * P(cluster10=0|cluster6=0) * P(cluster6=0|cluster2=0) * P(cluster2=0|cluster3=0) * P(cluster3=0|cluster8=0)[0.0524288]=0.041943
binkey=192 [Edge status: 0 0 0 0 0 0 1 1 ] P(G)=P(cluster8=0)[0.8] * P(cluster1=0|cluster2=0) * P(cluster9=0|cluster6=0) * P(cluster7=1|cluster10=1) * P(cluster10=1|cluster6=0) * P(cluster6=0|cluster2=0) * P(cluster2=0|cluster3=0) * P(cluster3=0|cluster8=0)[0.0524288]=0.041943
binkey=136 [Edge status: 0 0 0 1 0 0 0 1 ] P(G)=P(cluster8=0)[0.8] * P(cluster1=1|cluster2=0) * P(cluster9=0|cluster6=0) * P(cluster7=1|cluster10=0) * P(cluster10=0|cluster6=0) * P(cluster6=0|cluster2=0) * P(cluster2=0|cluster3=0) * P(cluster3=0|cluster8=0)[0.0131072]=0.0104858
binkey=160 [Edge status: 0 0 0 0 0 1 0 1 ] P(G)=P(cluster8=0)[0.8] * P(cluster1=0|cluster2=0) * P(cluster9=1|cluster6=0) * P(cluster7=1|cluster10=0) * P(cluster10=0|cluster6=0) * P(cluster6=0|cluster2=0) * P(cluster2=0|cluster3=0) * P(cluster3=0|cluster8=0)[0.0131072]=0.0104858
binkey=40 [Edge status: 0 0 0 1 0 1 0 0 ] P(G)=P(cluster8=0)[0.8] * P(cluster1=1|cluster2=0) * P(cluster9=1|cluster6=0) * P(cluster7=0|cluster10=0) * P(cluster10=0|cluster6=0) * P(cluster6=0|cluster2=0) * P(cluster2=0|cluster3=0) * P(cluster3=0|cluster8=0)[0.0131072]=0.0104858
binkey=168 [Edge status: 0 0 0 1 0 1 0 1 ] P(G)=P(cluster8=0)[0.8] * P(cluster1=1|cluster2=0) * P(cluster9=1|cluster6=0) * P(cluster7=1|cluster10=0) * P(cluster10=0|cluster6=0) * P(cluster6=0|cluster2=0) * P(cluster2=0|cluster3=0) * P(cluster3=0|cluster8=0)[0.0032768]=0.00262144
binkey=3 [Edge status: 1 1 0 0 0 0 0 0 ] P(G)=P(cluster8=1)[0.2] * P(cluster1=0|cluster2=0) * P(cluster9=0|cluster6=0) * P(cluster7=0|cluster10=0) * P(cluster10=0|cluster6=0) * P(cluster6=0|cluster2=0) * P(cluster2=0|cluster3=1) * P(cluster3=1|cluster8=1)[0.0524288]=0.0104858
binkey=224 [Edge status: 0 0 0 0 0 1 1 1 ] P(G)=P(cluster8=0)[0.8] * P(cluster1=0|cluster2=0) * P(cluster9=1|cluster6=0) * P(cluster7=1|cluster10=1) * P(cluster10=1|cluster6=0) * P(cluster6=0|cluster2=0) * P(cluster2=0|cluster3=0) * P(cluster3=0|cluster8=0)[0.0131072]=0.0104858
binkey=200 [Edge status: 0 0 0 1 0 0 1 1 ] P(G)=P(cluster8=0)[0.8] * P(cluster1=1|cluster2=0) * P(cluster9=0|cluster6=0) * P(cluster7=1|cluster10=1) * P(cluster10=1|cluster6=0) * P(cluster6=0|cluster2=0) * P(cluster2=0|cluster3=0) * P(cluster3=0|cluster8=0)[0.0131072]=0.0104858
binkey=232 [Edge status: 0 0 0 1 0 1 1 1 ] P(G)=P(cluster8=0)[0.8] * P(cluster1=1|cluster2=0) * P(cluster9=1|cluster6=0) * P(cluster7=1|cluster10=1) * P(cluster10=1|cluster6=0) * P(cluster6=0|cluster2=0) * P(cluster2=0|cluster3=0) * P(cluster3=0|cluster8=0)[0.0032768]=0.00262144
binkey=240 [Edge status: 0 0 0 0 1 1 1 1 ] P(G)=P(cluster8=0)[0.8] * P(cluster1=0|cluster2=0) * P(cluster9=1|cluster6=1) * P(cluster7=1|cluster10=1) * P(cluster10=1|cluster6=1) * P(cluster6=1|cluster2=0) * P(cluster2=0|cluster3=0) * P(cluster3=0|cluster8=0)[0.0524288]=0.041943
binkey=248 [Edge status: 0 0 0 1 1 1 1 1 ] P(G)=P(cluster8=0)[0.8] * P(cluster1=1|cluster2=0) * P(cluster9=1|cluster6=1) * P(cluster7=1|cluster10=1) * P(cluster10=1|cluster6=1) * P(cluster6=1|cluster2=0) * P(cluster2=0|cluster3=0) * P(cluster3=0|cluster8=0)[0.0131072]=0.0104858
binkey=87 [Edge status: 1 1 1 0 1 0 1 0 ] P(G)=P(cluster8=1)[0.2] * P(cluster1=0|cluster2=1) * P(cluster9=0|cluster6=1) * P(cluster7=0|cluster10=1) * P(cluster10=1|cluster6=1) * P(cluster6=1|cluster2=1) * P(cluster2=1|cluster3=1) * P(cluster3=1|cluster8=1)[0.0032768]=0.00065536
binkey=23 [Edge status: 1 1 1 0 1 0 0 0 ] P(G)=P(cluster8=1)[0.2] * P(cluster1=0|cluster2=1) * P(cluster9=0|cluster6=1) * P(cluster7=0|cluster10=0) * P(cluster10=0|cluster6=1) * P(cluster6=1|cluster2=1) * P(cluster2=1|cluster3=1) * P(cluster3=1|cluster8=1)[0.0032768]=0.00065536
binkey=7 [Edge status: 1 1 1 0 0 0 0 0 ] P(G)=P(cluster8=1)[0.2] * P(cluster1=0|cluster2=1) * P(cluster9=0|cluster6=0) * P(cluster7=0|cluster10=0) * P(cluster10=0|cluster6=0) * P(cluster6=0|cluster2=1) * P(cluster2=1|cluster3=1) * P(cluster3=1|cluster8=1)[0.0131072]=0.00262144
binkey=63 [Edge status: 1 1 1 1 1 1 0 0 ] P(G)=P(cluster8=1)[0.2] * P(cluster1=1|cluster2=1) * P(cluster9=1|cluster6=1) * P(cluster7=0|cluster10=0) * P(cluster10=0|cluster6=1) * P(cluster6=1|cluster2=1) * P(cluster2=1|cluster3=1) * P(cluster3=1|cluster8=1)[0.0524288]=0.0104858
binkey=31 [Edge status: 1 1 1 1 1 0 0 0 ] P(G)=P(cluster8=1)[0.2] * P(cluster1=1|cluster2=1) * P(cluster9=0|cluster6=1) * P(cluster7=0|cluster10=0) * P(cluster10=0|cluster6=1) * P(cluster6=1|cluster2=1) * P(cluster2=1|cluster3=1) * P(cluster3=1|cluster8=1)[0.0131072]=0.00262144
binkey=55 [Edge status: 1 1 1 0 1 1 0 0 ] P(G)=P(cluster8=1)[0.2] * P(cluster1=0|cluster2=1) * P(cluster9=1|cluster6=1) * P(cluster7=0|cluster10=0) * P(cluster10=0|cluster6=1) * P(cluster6=1|cluster2=1) * P(cluster2=1|cluster3=1) * P(cluster3=1|cluster8=1)[0.0131072]=0.00262144
binkey=15 [Edge status: 1 1 1 1 0 0 0 0 ] P(G)=P(cluster8=1)[0.2] * P(cluster1=1|cluster2=1) * P(cluster9=0|cluster6=0) * P(cluster7=0|cluster10=0) * P(cluster10=0|cluster6=0) * P(cluster6=0|cluster2=1) * P(cluster2=1|cluster3=1) * P(cluster3=1|cluster8=1)[0.0524288]=0.0104858
binkey=252 [Edge status: 0 0 1 1 1 1 1 1 ] P(G)=P(cluster8=0)[0.8] * P(cluster1=1|cluster2=1) * P(cluster9=1|cluster6=1) * P(cluster7=1|cluster10=1) * P(cluster10=1|cluster6=1) * P(cluster6=1|cluster2=1) * P(cluster2=1|cluster3=0) * P(cluster3=0|cluster8=0)[0.0524288]=0.041943
ITERATION 0 newScore=-2.73049e+06 diffscore=15798 priorChange=-99.8132 successMove=53
ITERATION 1 newScore=-2.72491e+06 diffscore=5578.55 priorChange=-115.062 successMove=53
ITERATION 2 newScore=-2.71846e+06 diffscore=6450.6 priorChange=-110.904 successMove=51
ITERATION 3 newScore=-2.70661e+06 diffscore=11854.5 priorChange=-119.221 successMove=54
ITERATION 4 newScore=-2.7028e+06 diffscore=3803.38 priorChange=-124.766 successMove=51
ITERATION 5 newScore=-2.69838e+06 diffscore=4423.37 priorChange=-115.062 successMove=50
ITERATION 6 newScore=-2.6956e+06 diffscore=2781.83 priorChange=-123.38 successMove=51
ITERATION 7 newScore=-2.69046e+06 diffscore=5135.04 priorChange=-109.517 successMove=54
ITERATION 8 newScore=-2.6829e+06 diffscore=7562.54 priorChange=-119.221 successMove=55
ITERATION 9 newScore=-2.67738e+06 diffscore=5518.64 priorChange=-116.449 successMove=53
ITERATION 10 newScore=-2.67344e+06 diffscore=3946.6 priorChange=-116.449 successMove=55
ITERATION 11 newScore=-2.6695e+06 diffscore=3941.57 priorChange=-115.062 successMove=50
ITERATION 12 newScore=-2.66847e+06 diffscore=1023.1 priorChange=-102.586 successMove=51
ITERATION 13 newScore=-2.66636e+06 diffscore=2110.51 priorChange=-123.38 successMove=50
ITERATION 14 newScore=-2.66367e+06 diffscore=2696.21 priorChange=-109.517 successMove=50
ITERATION 15 newScore=-2.66292e+06 diffscore=748.769 priorChange=-105.358 successMove=51
ITERATION 16 newScore=-2.66062e+06 diffscore=2292.94 priorChange=-112.29 successMove=51
ITERATION 17 newScore=-2.65715e+06 diffscore=3469.73 priorChange=-108.131 successMove=52
ITERATION 18 newScore=-2.65572e+06 diffscore=1433.2 priorChange=-119.221 successMove=52
ITERATION 19 newScore=-2.65513e+06 diffscore=594.707 priorChange=-102.586 successMove=50
ITERATION 20 newScore=-2.6519e+06 diffscore=3222.99 priorChange=-103.972 successMove=50
ITERATION 21 newScore=-2.64988e+06 diffscore=2018.98 priorChange=-105.358 successMove=50
ITERATION 22 newScore=-2.64681e+06 diffscore=3078.14 priorChange=-97.0406 successMove=51
ITERATION 23 newScore=-2.64552e+06 diffscore=1289.91 priorChange=-101.199 successMove=54
ITERATION 24 newScore=-2.64365e+06 diffscore=1861.4 priorChange=-99.8132 successMove=50
ITERATION 25 newScore=-2.63879e+06 diffscore=4866.05 priorChange=-108.131 successMove=49
ITERATION 26 newScore=-2.63707e+06 diffscore=1723.52 priorChange=-112.29 successMove=50
ITERATION 27 newScore=-2.63476e+06 diffscore=2304.24 priorChange=-101.199 successMove=50
ITERATION 28 newScore=-2.63164e+06 diffscore=3119.95 priorChange=-115.062 successMove=49
ITERATION 29 newScore=-2.63033e+06 diffscore=1306.96 priorChange=-115.062 successMove=51
ITERATION 30 newScore=-2.6299e+06 diffscore=432.817 priorChange=-105.358 successMove=48
ITERATION 31 newScore=-2.62865e+06 diffscore=1248.56 priorChange=-109.517 successMove=48
ITERATION 32 newScore=-2.62821e+06 diffscore=438.449 priorChange=-110.904 successMove=48
ITERATION 33 newScore=-2.62777e+06 diffscore=442.614 priorChange=-108.131 successMove=48
ITERATION 34 newScore=-2.62739e+06 diffscore=383.937 priorChange=-85.9503 successMove=47
ITERATION 35 newScore=-2.62688e+06 diffscore=506.593 priorChange=-103.972 successMove=47
ITERATION 36 newScore=-2.62509e+06 diffscore=1786.77 priorChange=-112.29 successMove=47
ITERATION 37 newScore=-2.62324e+06 diffscore=1853.97 priorChange=-103.972 successMove=48
ITERATION 38 newScore=-2.6219e+06 diffscore=1337.68 priorChange=-109.517 successMove=48
ITERATION 39 newScore=-2.62032e+06 diffscore=1577.77 priorChange=-103.972 successMove=48
ITERATION 40 newScore=-2.62e+06 diffscore=329.305 priorChange=-106.745 successMove=46
ITERATION 41 newScore=-2.61956e+06 diffscore=435.535 priorChange=-105.358 successMove=46
ITERATION 42 newScore=-2.61832e+06 diffscore=1237.31 priorChange=-95.6543 successMove=45
ITERATION 43 newScore=-2.61586e+06 diffscore=2463.31 priorChange=-88.7228 successMove=43
ITERATION 44 newScore=-2.61478e+06 diffscore=1083.7 priorChange=-92.8817 successMove=41
ITERATION 45 newScore=-2.61265e+06 diffscore=2125.24 priorChange=-81.7914 successMove=42
ITERATION 46 newScore=-2.61239e+06 diffscore=260.637 priorChange=-76.2462 successMove=40
ITERATION 47 newScore=-2.61209e+06 diffscore=304.147 priorChange=-88.7228 successMove=41
ITERATION 48 newScore=-2.61056e+06 diffscore=1526.46 priorChange=-92.8817 successMove=39
ITERATION 49 newScore=-2.61007e+06 diffscore=484.849 priorChange=-97.0406 successMove=38
ITERATION 50 newScore=-2.60798e+06 diffscore=2090.95 priorChange=-73.4736 successMove=41
ITERATION 51 newScore=-2.60636e+06 diffscore=1627.47 priorChange=-69.3147 successMove=39
ITERATION 52 newScore=-2.60485e+06 diffscore=1504.68 priorChange=-88.7228 successMove=38
ITERATION 53 newScore=-2.60355e+06 diffscore=1304.97 priorChange=-85.9503 successMove=38
ITERATION 54 newScore=-2.60332e+06 diffscore=224.11 priorChange=-85.9503 successMove=37
ITERATION 55 newScore=-2.60178e+06 diffscore=1542.33 priorChange=-69.3147 successMove=36
ITERATION 56 newScore=-2.60139e+06 diffscore=390.457 priorChange=-83.1777 successMove=36
ITERATION 57 newScore=-2.5991e+06 diffscore=2287.63 priorChange=-83.1777 successMove=37
ITERATION 58 newScore=-2.5989e+06 diffscore=198.605 priorChange=-87.3365 successMove=35
ITERATION 59 newScore=-2.59856e+06 diffscore=339.261 priorChange=-81.7914 successMove=33
ITERATION 60 newScore=-2.59713e+06 diffscore=1430.4 priorChange=-76.2462 successMove=33
ITERATION 61 newScore=-2.59504e+06 diffscore=2094.9 priorChange=-74.8599 successMove=32
ITERATION 62 newScore=-2.59487e+06 diffscore=163.997 priorChange=-60.997 successMove=32
ITERATION 63 newScore=-2.59472e+06 diffscore=152.419 priorChange=-66.5421 successMove=31
ITERATION 64 newScore=-2.59453e+06 diffscore=190.927 priorChange=-63.7695 successMove=29
ITERATION 65 newScore=-2.59436e+06 diffscore=169.69 priorChange=-72.0873 successMove=30
ITERATION 66 newScore=-2.59417e+06 diffscore=195.288 priorChange=-72.0873 successMove=29
ITERATION 67 newScore=-2.59389e+06 diffscore=277.776 priorChange=-62.3832 successMove=30
ITERATION 68 newScore=-2.59367e+06 diffscore=218.608 priorChange=-66.5421 successMove=28
ITERATION 69 newScore=-2.59344e+06 diffscore=231.83 priorChange=-66.5421 successMove=28
ITERATION 70 newScore=-2.59199e+06 diffscore=1444.61 priorChange=-70.701 successMove=27
ITERATION 71 newScore=-2.59182e+06 diffscore=170.116 priorChange=-67.9284 successMove=28
ITERATION 72 newScore=-2.59163e+06 diffscore=191.654 priorChange=-66.5421 successMove=26
ITERATION 73 newScore=-2.59143e+06 diffscore=203.437 priorChange=-44.3614 successMove=26
ITERATION 74 newScore=-2.58988e+06 diffscore=1550.88 priorChange=-66.5421 successMove=23
ITERATION 75 newScore=-2.58972e+06 diffscore=161.192 priorChange=-49.9066 successMove=23
ITERATION 76 newScore=-2.58937e+06 diffscore=344.214 priorChange=-55.4518 successMove=22
ITERATION 77 newScore=-2.58922e+06 diffscore=146.962 priorChange=-56.8381 successMove=22
ITERATION 78 newScore=-2.58901e+06 diffscore=217.619 priorChange=-47.134 successMove=20
ITERATION 79 newScore=-2.58888e+06 diffscore=124.501 priorChange=-24.9533 successMove=20
ITERATION 80 newScore=-2.58815e+06 diffscore=734.803 priorChange=-42.9751 successMove=18
ITERATION 81 newScore=-2.58753e+06 diffscore=617.128 priorChange=-33.2711 successMove=17
ITERATION 82 newScore=-2.58746e+06 diffscore=68.9008 priorChange=-26.3396 successMove=15
ITERATION 83 newScore=-2.58739e+06 diffscore=71.3897 priorChange=-31.8848 successMove=14
ITERATION 84 newScore=-2.58732e+06 diffscore=70.3111 priorChange=-23.567 successMove=14
ITERATION 85 newScore=-2.58724e+06 diffscore=85.2434 priorChange=-33.2711 successMove=14
ITERATION 86 newScore=-2.58716e+06 diffscore=77.0296 priorChange=-24.9533 successMove=13
ITERATION 87 newScore=-2.58706e+06 diffscore=100.266 priorChange=-24.9533 successMove=11
ITERATION 88 newScore=-2.58698e+06 diffscore=78.6683 priorChange=-20.7944 successMove=10
ITERATION 89 newScore=-2.58688e+06 diffscore=100.871 priorChange=-27.7259 successMove=10
ITERATION 90 newScore=-2.58677e+06 diffscore=108.64 priorChange=-26.3396 successMove=10
ITERATION 91 newScore=-2.58653e+06 diffscore=241.838 priorChange=-24.9533 successMove=10
ITERATION 92 newScore=-2.58641e+06 diffscore=114.309 priorChange=-19.4081 successMove=9
ITERATION 93 newScore=-2.58633e+06 diffscore=83.0121 priorChange=-18.0218 successMove=9
ITERATION 94 newScore=-2.58621e+06 diffscore=117.994 priorChange=-23.567 successMove=8
ITERATION 95 newScore=-2.58612e+06 diffscore=88.9016 priorChange=-19.4081 successMove=9
ITERATION 96 newScore=-2.58605e+06 diffscore=72.0637 priorChange=-13.8629 successMove=7
ITERATION 97 newScore=-2.58579e+06 diffscore=258.927 priorChange=-15.2492 successMove=7
ITERATION 98 newScore=-2.58571e+06 diffscore=87.0095 priorChange=-18.0218 successMove=6
ITERATION 99 newScore=-2.58563e+06 diffscore=71.0993 priorChange=-16.6355 successMove=6
MetaLearner::dumpAllGraphs
Final Score -2.58563e+06
MetaLearner::start runtime: 1316826162 ms
Results/
Results/cluster10/
Results/cluster10/fold0/
Results/cluster10/fold0/modelparams.txt
Results/cluster10/fold0/var_mb_pw_k50.txt
Results/cluster1/
Results/cluster1/fold0/
Results/cluster1/fold0/modelparams.txt
Results/cluster1/fold0/var_mb_pw_k50.txt
Results/cluster6/
Results/cluster6/fold0/
Results/cluster6/fold0/modelparams.txt
Results/cluster6/fold0/var_mb_pw_k50.txt
Results/cluster9/
Results/cluster9/fold0/
Results/cluster9/fold0/modelparams.txt
Results/cluster9/fold0/var_mb_pw_k50.txt
Results/cluster2/
Results/cluster2/fold0/
Results/cluster2/fold0/modelparams.txt
Results/cluster2/fold0/var_mb_pw_k50.txt
Results/cluster7/
Results/cluster7/fold0/
Results/cluster7/fold0/modelparams.txt
Results/cluster7/fold0/var_mb_pw_k50.txt
Results/cluster3/
Results/cluster3/fold0/
Results/cluster3/fold0/modelparams.txt
Results/cluster3/fold0/var_mb_pw_k50.txt
Results/cluster8/
Results/cluster8/scoreFile.txt
Results/cluster8/fold0/
Results/cluster8/fold0/modelparams.txt
Results/cluster8/fold0/var_mb_pw_k50.txt
