000 (49777.2341.000) 10/11 10:48:14 Job submitted from host: <144.92.142.142:9618?addrs=144.92.142.142-9618&noUDP&sock=44923_051a_3>
...
001 (49777.2341.000) 10/11 18:58:25 Job executing on host: <128.105.68.23:9618?addrs=128.105.68.23-9618&alias=gpulab2004.chtc.wisc.edu&noUDP&sock=startd_62541_80a6>
...
006 (49777.2341.000) 10/11 18:58:34 Image size of job updated: 156796
	104  -  MemoryUsage of job (MB)
	105620  -  ResidentSetSize of job (KB)
...
006 (49777.2341.000) 10/11 19:03:35 Image size of job updated: 780472
	716  -  MemoryUsage of job (MB)
	733180  -  ResidentSetSize of job (KB)
...
006 (49777.2341.000) 10/11 19:08:36 Image size of job updated: 1128964
	1062  -  MemoryUsage of job (MB)
	1086740  -  ResidentSetSize of job (KB)
...
006 (49777.2341.000) 10/11 19:13:36 Image size of job updated: 1631220
	1553  -  MemoryUsage of job (MB)
	1589708  -  ResidentSetSize of job (KB)
...
006 (49777.2341.000) 10/11 19:18:36 Image size of job updated: 2160492
	2063  -  MemoryUsage of job (MB)
	2111520  -  ResidentSetSize of job (KB)
...
006 (49777.2341.000) 10/11 19:20:27 Image size of job updated: 2355168
	2063  -  MemoryUsage of job (MB)
	2111532  -  ResidentSetSize of job (KB)
...
005 (49777.2341.000) 10/11 19:20:27 Job terminated.
	(1) Normal termination (return value 0)
		Usr 0 00:21:56, Sys 0 00:00:03  -  Run Remote Usage
		Usr 0 00:00:00, Sys 0 00:00:00  -  Run Local Usage
		Usr 0 00:21:56, Sys 0 00:00:03  -  Total Remote Usage
		Usr 0 00:00:00, Sys 0 00:00:00  -  Total Local Usage
	173332  -  Run Bytes Sent By Job
	316843968  -  Run Bytes Received By Job
	173332  -  Total Bytes Sent By Job
	316843968  -  Total Bytes Received By Job
	Partitionable Resources :     Usage  Request Allocated 
	   Cpus                 :      1.00        1         1 
	   Disk (KB)            : 325000      819200  18192444 
	   Gpus                 :                            0 
	   Ioheavy              :                            0 
	   Memory (MB)          :   2063       20480     21341 
...
