./CVN -f config_condor.txt -x50 -v1 -l TFs_OGs.txt -n AllGenes32.txt -d celltype_tree_ancestor.txt -m testdata_ogids.txt -s celltype_order.txt -p 0.2 -c yes -b -4 -q 4
(cluster3|cluster8) p_maintain_edge=0.8 p_gain=0.2
(cluster2|cluster3) p_maintain_edge=0.8 p_gain=0.2
(cluster1|cluster2) p_maintain_edge=0.8 p_gain=0.2
(cluster6|cluster2) p_maintain_edge=0.8 p_gain=0.2
(cluster9|cluster6) p_maintain_edge=0.8 p_gain=0.2
(cluster10|cluster6) p_maintain_edge=0.8 p_gain=0.2
(cluster7|cluster10) p_maintain_edge=0.8 p_gain=0.2
speciesSet.size()=8 Root is cluster8
MappedOrthogroupReader::readSpeciesMapping() --- celltype_order.txt
MappedOrthogroupReader::readFile - testdata_ogids.txt
MappedOrthogroupReader::generateGeneOrthoMap()
MetaLearner::init_onefold() read:config_condor.txt
MetaLearner::setinputVariableNames number of variables: 2043
readEvidenceTable:cluster8.table
PotentialManager::loadEvidenceFromTable varCount=2043 sampleCount=348
motifNetwork.size() = 319
0=cluster8 motifNetwork=cluster8_network.txt
variable size=2043
readEvidenceTable:cluster3.table
PotentialManager::loadEvidenceFromTable varCount=2043 sampleCount=95
motifNetwork.size() = 326
1=cluster3 motifNetwork=cluster3_network.txt
variable size=2043
readEvidenceTable:cluster2.table
PotentialManager::loadEvidenceFromTable varCount=2043 sampleCount=386
motifNetwork.size() = 328
2=cluster2 motifNetwork=cluster2_network.txt
variable size=2043
readEvidenceTable:cluster1.table
PotentialManager::loadEvidenceFromTable varCount=2043 sampleCount=36
motifNetwork.size() = 322
3=cluster1 motifNetwork=cluster1_network.txt
variable size=2043
readEvidenceTable:cluster6.table
PotentialManager::loadEvidenceFromTable varCount=2043 sampleCount=524
motifNetwork.size() = 320
4=cluster6 motifNetwork=cluster6_network.txt
variable size=2043
readEvidenceTable:cluster9.table
PotentialManager::loadEvidenceFromTable varCount=2043 sampleCount=184
motifNetwork.size() = 327
5=cluster9 motifNetwork=cluster9_network.txt
variable size=2043
readEvidenceTable:cluster10.table
PotentialManager::loadEvidenceFromTable varCount=2043 sampleCount=165
motifNetwork.size() = 326
6=cluster10 motifNetwork=cluster10_network.txt
variable size=2043
readEvidenceTable:cluster7.table
PotentialManager::loadEvidenceFromTable varCount=2043 sampleCount=1032
motifNetwork.size() = 320
7=cluster7 motifNetwork=cluster7_network.txt
variable size=2043
-------------------------------------------------------------
MetaLearner::start
precomputeEmptyGraphPrior
binkey=0 [Edge status: 0 0 0 0 0 0 0 0 ] P(G)=P(cluster8=0)[0.8] * P(cluster1=0|cluster2=0) * P(cluster9=0|cluster6=0) * P(cluster7=0|cluster10=0) * P(cluster10=0|cluster6=0) * P(cluster6=0|cluster2=0) * P(cluster2=0|cluster3=0) * P(cluster3=0|cluster8=0)[0.209715]=0.167772
condsetMap_Tree
0 cluster8=0 cluster3=0 cluster2=0 cluster1=0 cluster6=0 cluster9=0 cluster10=0 cluster7=1
1 cluster8=0 cluster3=0 cluster2=0 cluster1=0 cluster6=0 cluster9=1 cluster10=0 cluster7=0
2 cluster8=0 cluster3=0 cluster2=0 cluster1=0 cluster6=0 cluster9=1 cluster10=0 cluster7=1
3 cluster8=0 cluster3=0 cluster2=0 cluster1=1 cluster6=0 cluster9=0 cluster10=0 cluster7=0
4 cluster8=0 cluster3=0 cluster2=0 cluster1=1 cluster6=0 cluster9=0 cluster10=0 cluster7=1
5 cluster8=0 cluster3=0 cluster2=0 cluster1=1 cluster6=0 cluster9=1 cluster10=0 cluster7=0
6 cluster8=0 cluster3=0 cluster2=0 cluster1=1 cluster6=0 cluster9=1 cluster10=0 cluster7=1
7 cluster8=0 cluster3=0 cluster2=0 cluster1=0 cluster6=0 cluster9=0 cluster10=1 cluster7=1
8 cluster8=0 cluster3=0 cluster2=0 cluster1=0 cluster6=0 cluster9=1 cluster10=1 cluster7=1
9 cluster8=0 cluster3=0 cluster2=0 cluster1=1 cluster6=0 cluster9=0 cluster10=1 cluster7=1
10 cluster8=0 cluster3=0 cluster2=0 cluster1=1 cluster6=0 cluster9=1 cluster10=1 cluster7=1
11 cluster8=0 cluster3=0 cluster2=0 cluster1=0 cluster6=1 cluster9=1 cluster10=1 cluster7=1
12 cluster8=0 cluster3=0 cluster2=0 cluster1=1 cluster6=1 cluster9=1 cluster10=1 cluster7=1
13 cluster8=0 cluster3=0 cluster2=1 cluster1=1 cluster6=1 cluster9=1 cluster10=1 cluster7=1
14 cluster8=0 cluster3=1 cluster2=1 cluster1=1 cluster6=1 cluster9=1 cluster10=1 cluster7=1
15 cluster8=1 cluster3=1 cluster2=1 cluster1=1 cluster6=1 cluster9=1 cluster10=1 cluster7=1
16 cluster8=1 cluster3=1 cluster2=1 cluster1=1 cluster6=1 cluster9=1 cluster10=1 cluster7=0
17 cluster8=1 cluster3=1 cluster2=1 cluster1=1 cluster6=1 cluster9=0 cluster10=1 cluster7=1
18 cluster8=1 cluster3=1 cluster2=1 cluster1=1 cluster6=1 cluster9=0 cluster10=1 cluster7=0
19 cluster8=1 cluster3=1 cluster2=1 cluster1=0 cluster6=1 cluster9=1 cluster10=1 cluster7=1
20 cluster8=1 cluster3=1 cluster2=1 cluster1=0 cluster6=1 cluster9=1 cluster10=1 cluster7=0
21 cluster8=1 cluster3=1 cluster2=1 cluster1=0 cluster6=1 cluster9=0 cluster10=1 cluster7=1
22 cluster8=1 cluster3=1 cluster2=1 cluster1=0 cluster6=1 cluster9=0 cluster10=1 cluster7=0
23 cluster8=1 cluster3=1 cluster2=1 cluster1=1 cluster6=1 cluster9=1 cluster10=0 cluster7=0
24 cluster8=1 cluster3=1 cluster2=1 cluster1=1 cluster6=1 cluster9=0 cluster10=0 cluster7=0
25 cluster8=1 cluster3=1 cluster2=1 cluster1=0 cluster6=1 cluster9=1 cluster10=0 cluster7=0
26 cluster8=1 cluster3=1 cluster2=1 cluster1=0 cluster6=1 cluster9=0 cluster10=0 cluster7=0
27 cluster8=1 cluster3=1 cluster2=1 cluster1=1 cluster6=0 cluster9=0 cluster10=0 cluster7=0
28 cluster8=1 cluster3=1 cluster2=1 cluster1=0 cluster6=0 cluster9=0 cluster10=0 cluster7=0
29 cluster8=1 cluster3=1 cluster2=0 cluster1=0 cluster6=0 cluster9=0 cluster10=0 cluster7=0
30 cluster8=1 cluster3=0 cluster2=0 cluster1=0 cluster6=0 cluster9=0 cluster10=0 cluster7=0
31 cluster8=0 cluster3=0 cluster2=0 cluster1=0 cluster6=1 cluster9=0 cluster10=0 cluster7=0
32 cluster8=0 cluster3=0 cluster2=1 cluster1=0 cluster6=0 cluster9=0 cluster10=0 cluster7=0
33 cluster8=0 cluster3=0 cluster2=0 cluster1=0 cluster6=0 cluster9=0 cluster10=1 cluster7=0
34 cluster8=0 cluster3=1 cluster2=0 cluster1=0 cluster6=0 cluster9=0 cluster10=0 cluster7=0
inputRegulatorOGs.size() = 1999 inputOGList.size() = 50
binkey=4 [Edge status: 0 0 1 0 0 0 0 0 ] P(G)=P(cluster8=0)[0.8] * P(cluster1=0|cluster2=1) * P(cluster9=0|cluster6=0) * P(cluster7=0|cluster10=0) * P(cluster10=0|cluster6=0) * P(cluster6=0|cluster2=1) * P(cluster2=1|cluster3=0) * P(cluster3=0|cluster8=0)[0.0032768]=0.00262144
binkey=1 [Edge status: 1 0 0 0 0 0 0 0 ] P(G)=P(cluster8=1)[0.2] * P(cluster1=0|cluster2=0) * P(cluster9=0|cluster6=0) * P(cluster7=0|cluster10=0) * P(cluster10=0|cluster6=0) * P(cluster6=0|cluster2=0) * P(cluster2=0|cluster3=0) * P(cluster3=0|cluster8=1)[0.0524288]=0.0104858
binkey=128 [Edge status: 0 0 0 0 0 0 0 1 ] P(G)=P(cluster8=0)[0.8] * P(cluster1=0|cluster2=0) * P(cluster9=0|cluster6=0) * P(cluster7=1|cluster10=0) * P(cluster10=0|cluster6=0) * P(cluster6=0|cluster2=0) * P(cluster2=0|cluster3=0) * P(cluster3=0|cluster8=0)[0.0524288]=0.041943
binkey=16 [Edge status: 0 0 0 0 1 0 0 0 ] P(G)=P(cluster8=0)[0.8] * P(cluster1=0|cluster2=0) * P(cluster9=0|cluster6=1) * P(cluster7=0|cluster10=0) * P(cluster10=0|cluster6=1) * P(cluster6=1|cluster2=0) * P(cluster2=0|cluster3=0) * P(cluster3=0|cluster8=0)[0.0032768]=0.00262144
binkey=32 [Edge status: 0 0 0 0 0 1 0 0 ] P(G)=P(cluster8=0)[0.8] * P(cluster1=0|cluster2=0) * P(cluster9=1|cluster6=0) * P(cluster7=0|cluster10=0) * P(cluster10=0|cluster6=0) * P(cluster6=0|cluster2=0) * P(cluster2=0|cluster3=0) * P(cluster3=0|cluster8=0)[0.0524288]=0.041943
binkey=64 [Edge status: 0 0 0 0 0 0 1 0 ] P(G)=P(cluster8=0)[0.8] * P(cluster1=0|cluster2=0) * P(cluster9=0|cluster6=0) * P(cluster7=0|cluster10=1) * P(cluster10=1|cluster6=0) * P(cluster6=0|cluster2=0) * P(cluster2=0|cluster3=0) * P(cluster3=0|cluster8=0)[0.0131072]=0.0104858
binkey=192 [Edge status: 0 0 0 0 0 0 1 1 ] P(G)=P(cluster8=0)[0.8] * P(cluster1=0|cluster2=0) * P(cluster9=0|cluster6=0) * P(cluster7=1|cluster10=1) * P(cluster10=1|cluster6=0) * P(cluster6=0|cluster2=0) * P(cluster2=0|cluster3=0) * P(cluster3=0|cluster8=0)[0.0524288]=0.041943
binkey=160 [Edge status: 0 0 0 0 0 1 0 1 ] P(G)=P(cluster8=0)[0.8] * P(cluster1=0|cluster2=0) * P(cluster9=1|cluster6=0) * P(cluster7=1|cluster10=0) * P(cluster10=0|cluster6=0) * P(cluster6=0|cluster2=0) * P(cluster2=0|cluster3=0) * P(cluster3=0|cluster8=0)[0.0131072]=0.0104858
binkey=2 [Edge status: 0 1 0 0 0 0 0 0 ] P(G)=P(cluster8=0)[0.8] * P(cluster1=0|cluster2=0) * P(cluster9=0|cluster6=0) * P(cluster7=0|cluster10=0) * P(cluster10=0|cluster6=0) * P(cluster6=0|cluster2=0) * P(cluster2=0|cluster3=1) * P(cluster3=1|cluster8=0)[0.0131072]=0.0104858
binkey=3 [Edge status: 1 1 0 0 0 0 0 0 ] P(G)=P(cluster8=1)[0.2] * P(cluster1=0|cluster2=0) * P(cluster9=0|cluster6=0) * P(cluster7=0|cluster10=0) * P(cluster10=0|cluster6=0) * P(cluster6=0|cluster2=0) * P(cluster2=0|cluster3=1) * P(cluster3=1|cluster8=1)[0.0524288]=0.0104858
binkey=224 [Edge status: 0 0 0 0 0 1 1 1 ] P(G)=P(cluster8=0)[0.8] * P(cluster1=0|cluster2=0) * P(cluster9=1|cluster6=0) * P(cluster7=1|cluster10=1) * P(cluster10=1|cluster6=0) * P(cluster6=0|cluster2=0) * P(cluster2=0|cluster3=0) * P(cluster3=0|cluster8=0)[0.0131072]=0.0104858
binkey=8 [Edge status: 0 0 0 1 0 0 0 0 ] P(G)=P(cluster8=0)[0.8] * P(cluster1=1|cluster2=0) * P(cluster9=0|cluster6=0) * P(cluster7=0|cluster10=0) * P(cluster10=0|cluster6=0) * P(cluster6=0|cluster2=0) * P(cluster2=0|cluster3=0) * P(cluster3=0|cluster8=0)[0.0524288]=0.041943
binkey=136 [Edge status: 0 0 0 1 0 0 0 1 ] P(G)=P(cluster8=0)[0.8] * P(cluster1=1|cluster2=0) * P(cluster9=0|cluster6=0) * P(cluster7=1|cluster10=0) * P(cluster10=0|cluster6=0) * P(cluster6=0|cluster2=0) * P(cluster2=0|cluster3=0) * P(cluster3=0|cluster8=0)[0.0131072]=0.0104858
binkey=40 [Edge status: 0 0 0 1 0 1 0 0 ] P(G)=P(cluster8=0)[0.8] * P(cluster1=1|cluster2=0) * P(cluster9=1|cluster6=0) * P(cluster7=0|cluster10=0) * P(cluster10=0|cluster6=0) * P(cluster6=0|cluster2=0) * P(cluster2=0|cluster3=0) * P(cluster3=0|cluster8=0)[0.0131072]=0.0104858
binkey=168 [Edge status: 0 0 0 1 0 1 0 1 ] P(G)=P(cluster8=0)[0.8] * P(cluster1=1|cluster2=0) * P(cluster9=1|cluster6=0) * P(cluster7=1|cluster10=0) * P(cluster10=0|cluster6=0) * P(cluster6=0|cluster2=0) * P(cluster2=0|cluster3=0) * P(cluster3=0|cluster8=0)[0.0032768]=0.00262144
binkey=7 [Edge status: 1 1 1 0 0 0 0 0 ] P(G)=P(cluster8=1)[0.2] * P(cluster1=0|cluster2=1) * P(cluster9=0|cluster6=0) * P(cluster7=0|cluster10=0) * P(cluster10=0|cluster6=0) * P(cluster6=0|cluster2=1) * P(cluster2=1|cluster3=1) * P(cluster3=1|cluster8=1)[0.0131072]=0.00262144
binkey=200 [Edge status: 0 0 0 1 0 0 1 1 ] P(G)=P(cluster8=0)[0.8] * P(cluster1=1|cluster2=0) * P(cluster9=0|cluster6=0) * P(cluster7=1|cluster10=1) * P(cluster10=1|cluster6=0) * P(cluster6=0|cluster2=0) * P(cluster2=0|cluster3=0) * P(cluster3=0|cluster8=0)[0.0131072]=0.0104858
binkey=240 [Edge status: 0 0 0 0 1 1 1 1 ] P(G)=P(cluster8=0)[0.8] * P(cluster1=0|cluster2=0) * P(cluster9=1|cluster6=1) * P(cluster7=1|cluster10=1) * P(cluster10=1|cluster6=1) * P(cluster6=1|cluster2=0) * P(cluster2=0|cluster3=0) * P(cluster3=0|cluster8=0)[0.0524288]=0.041943
binkey=232 [Edge status: 0 0 0 1 0 1 1 1 ] P(G)=P(cluster8=0)[0.8] * P(cluster1=1|cluster2=0) * P(cluster9=1|cluster6=0) * P(cluster7=1|cluster10=1) * P(cluster10=1|cluster6=0) * P(cluster6=0|cluster2=0) * P(cluster2=0|cluster3=0) * P(cluster3=0|cluster8=0)[0.0032768]=0.00262144
binkey=248 [Edge status: 0 0 0 1 1 1 1 1 ] P(G)=P(cluster8=0)[0.8] * P(cluster1=1|cluster2=0) * P(cluster9=1|cluster6=1) * P(cluster7=1|cluster10=1) * P(cluster10=1|cluster6=1) * P(cluster6=1|cluster2=0) * P(cluster2=0|cluster3=0) * P(cluster3=0|cluster8=0)[0.0131072]=0.0104858
binkey=252 [Edge status: 0 0 1 1 1 1 1 1 ] P(G)=P(cluster8=0)[0.8] * P(cluster1=1|cluster2=1) * P(cluster9=1|cluster6=1) * P(cluster7=1|cluster10=1) * P(cluster10=1|cluster6=1) * P(cluster6=1|cluster2=1) * P(cluster2=1|cluster3=0) * P(cluster3=0|cluster8=0)[0.0524288]=0.041943
binkey=215 [Edge status: 1 1 1 0 1 0 1 1 ] P(G)=P(cluster8=1)[0.2] * P(cluster1=0|cluster2=1) * P(cluster9=0|cluster6=1) * P(cluster7=1|cluster10=1) * P(cluster10=1|cluster6=1) * P(cluster6=1|cluster2=1) * P(cluster2=1|cluster3=1) * P(cluster3=1|cluster8=1)[0.0131072]=0.00262144
binkey=87 [Edge status: 1 1 1 0 1 0 1 0 ] P(G)=P(cluster8=1)[0.2] * P(cluster1=0|cluster2=1) * P(cluster9=0|cluster6=1) * P(cluster7=0|cluster10=1) * P(cluster10=1|cluster6=1) * P(cluster6=1|cluster2=1) * P(cluster2=1|cluster3=1) * P(cluster3=1|cluster8=1)[0.0032768]=0.00065536
binkey=23 [Edge status: 1 1 1 0 1 0 0 0 ] P(G)=P(cluster8=1)[0.2] * P(cluster1=0|cluster2=1) * P(cluster9=0|cluster6=1) * P(cluster7=0|cluster10=0) * P(cluster10=0|cluster6=1) * P(cluster6=1|cluster2=1) * P(cluster2=1|cluster3=1) * P(cluster3=1|cluster8=1)[0.0032768]=0.00065536
binkey=55 [Edge status: 1 1 1 0 1 1 0 0 ] P(G)=P(cluster8=1)[0.2] * P(cluster1=0|cluster2=1) * P(cluster9=1|cluster6=1) * P(cluster7=0|cluster10=0) * P(cluster10=0|cluster6=1) * P(cluster6=1|cluster2=1) * P(cluster2=1|cluster3=1) * P(cluster3=1|cluster8=1)[0.0131072]=0.00262144
binkey=15 [Edge status: 1 1 1 1 0 0 0 0 ] P(G)=P(cluster8=1)[0.2] * P(cluster1=1|cluster2=1) * P(cluster9=0|cluster6=0) * P(cluster7=0|cluster10=0) * P(cluster10=0|cluster6=0) * P(cluster6=0|cluster2=1) * P(cluster2=1|cluster3=1) * P(cluster3=1|cluster8=1)[0.0524288]=0.0104858
ITERATION 0 newScore=-2.65461e+06 diffscore=17385.7 priorChange=-112.29 successMove=63
ITERATION 1 newScore=-2.64685e+06 diffscore=7762.27 priorChange=-128.925 successMove=60
ITERATION 2 newScore=-2.64047e+06 diffscore=6378.73 priorChange=-127.539 successMove=52
ITERATION 3 newScore=-2.63489e+06 diffscore=5582.15 priorChange=-117.835 successMove=57
ITERATION 4 newScore=-2.62921e+06 diffscore=5683.42 priorChange=-115.062 successMove=54
ITERATION 5 newScore=-2.62666e+06 diffscore=2543.14 priorChange=-113.676 successMove=52
ITERATION 6 newScore=-2.62233e+06 diffscore=4332.75 priorChange=-121.994 successMove=53
ITERATION 7 newScore=-2.61883e+06 diffscore=3497.95 priorChange=-113.676 successMove=50
ITERATION 8 newScore=-2.61602e+06 diffscore=2814.46 priorChange=-106.745 successMove=51
ITERATION 9 newScore=-2.61104e+06 diffscore=4975.41 priorChange=-112.29 successMove=50
ITERATION 10 newScore=-2.6057e+06 diffscore=5339.31 priorChange=-116.449 successMove=51
ITERATION 11 newScore=-2.60393e+06 diffscore=1777.91 priorChange=-126.153 successMove=57
ITERATION 12 newScore=-2.59912e+06 diffscore=4810.08 priorChange=-130.312 successMove=52
ITERATION 13 newScore=-2.59684e+06 diffscore=2273.2 priorChange=-130.312 successMove=50
ITERATION 14 newScore=-2.5922e+06 diffscore=4640.76 priorChange=-121.994 successMove=51
ITERATION 15 newScore=-2.59125e+06 diffscore=952.673 priorChange=-116.449 successMove=50
ITERATION 16 newScore=-2.59023e+06 diffscore=1021.7 priorChange=-110.904 successMove=51
ITERATION 17 newScore=-2.58384e+06 diffscore=6383.4 priorChange=-120.608 successMove=51
ITERATION 18 newScore=-2.57852e+06 diffscore=5324.79 priorChange=-113.676 successMove=52
ITERATION 19 newScore=-2.57662e+06 diffscore=1901.19 priorChange=-116.449 successMove=50
ITERATION 20 newScore=-2.57232e+06 diffscore=4300.21 priorChange=-109.517 successMove=53
ITERATION 21 newScore=-2.57047e+06 diffscore=1849.97 priorChange=-103.972 successMove=52
ITERATION 22 newScore=-2.56855e+06 diffscore=1918.59 priorChange=-119.221 successMove=51
ITERATION 23 newScore=-2.56755e+06 diffscore=994.853 priorChange=-108.131 successMove=50
ITERATION 24 newScore=-2.56288e+06 diffscore=4677.74 priorChange=-119.221 successMove=50
ITERATION 25 newScore=-2.56113e+06 diffscore=1750.46 priorChange=-106.745 successMove=51
ITERATION 26 newScore=-2.5606e+06 diffscore=528.27 priorChange=-126.153 successMove=50
ITERATION 27 newScore=-2.55878e+06 diffscore=1818.62 priorChange=-110.904 successMove=51
ITERATION 28 newScore=-2.5583e+06 diffscore=481.225 priorChange=-116.449 successMove=49
ITERATION 29 newScore=-2.55653e+06 diffscore=1768.72 priorChange=-110.904 successMove=49
ITERATION 30 newScore=-2.55596e+06 diffscore=572.958 priorChange=-113.676 successMove=51
ITERATION 31 newScore=-2.5547e+06 diffscore=1255.83 priorChange=-110.904 successMove=48
ITERATION 32 newScore=-2.55158e+06 diffscore=3124.82 priorChange=-106.745 successMove=47
ITERATION 33 newScore=-2.55012e+06 diffscore=1450.3 priorChange=-95.6543 successMove=47
ITERATION 34 newScore=-2.54961e+06 diffscore=511.25 priorChange=-92.8817 successMove=47
ITERATION 35 newScore=-2.54783e+06 diffscore=1780.39 priorChange=-76.2462 successMove=47
ITERATION 36 newScore=-2.54492e+06 diffscore=2909.79 priorChange=-95.6543 successMove=48
ITERATION 37 newScore=-2.54325e+06 diffscore=1673.06 priorChange=-102.586 successMove=47
ITERATION 38 newScore=-2.54085e+06 diffscore=2402.71 priorChange=-108.131 successMove=47
ITERATION 39 newScore=-2.53654e+06 diffscore=4312.62 priorChange=-106.745 successMove=47
ITERATION 40 newScore=-2.53495e+06 diffscore=1588.27 priorChange=-108.131 successMove=45
ITERATION 41 newScore=-2.53457e+06 diffscore=378.193 priorChange=-102.586 successMove=48
ITERATION 42 newScore=-2.53422e+06 diffscore=345.185 priorChange=-87.3365 successMove=46
ITERATION 43 newScore=-2.53238e+06 diffscore=1842.14 priorChange=-91.4954 successMove=44
ITERATION 44 newScore=-2.53079e+06 diffscore=1595.29 priorChange=-94.268 successMove=45
ITERATION 45 newScore=-2.52917e+06 diffscore=1619.97 priorChange=-95.6543 successMove=45
ITERATION 46 newScore=-2.52886e+06 diffscore=310.464 priorChange=-92.8817 successMove=45
ITERATION 47 newScore=-2.52845e+06 diffscore=401.816 priorChange=-113.676 successMove=43
ITERATION 48 newScore=-2.52792e+06 diffscore=534.076 priorChange=-97.0406 successMove=41
ITERATION 49 newScore=-2.52665e+06 diffscore=1274.25 priorChange=-90.1091 successMove=41
ITERATION 50 newScore=-2.52544e+06 diffscore=1202.09 priorChange=-97.0406 successMove=41
ITERATION 51 newScore=-2.52385e+06 diffscore=1588.88 priorChange=-90.1091 successMove=41
ITERATION 52 newScore=-2.52293e+06 diffscore=921.662 priorChange=-70.701 successMove=41
ITERATION 53 newScore=-2.52271e+06 diffscore=218.624 priorChange=-85.9503 successMove=39
ITERATION 54 newScore=-2.52243e+06 diffscore=289.059 priorChange=-95.6543 successMove=38
ITERATION 55 newScore=-2.52073e+06 diffscore=1694.23 priorChange=-69.3147 successMove=38
ITERATION 56 newScore=-2.51913e+06 diffscore=1599.9 priorChange=-81.7914 successMove=37
ITERATION 57 newScore=-2.51883e+06 diffscore=296.918 priorChange=-79.0188 successMove=37
ITERATION 58 newScore=-2.51659e+06 diffscore=2241.03 priorChange=-76.2462 successMove=36
ITERATION 59 newScore=-2.51605e+06 diffscore=538.599 priorChange=-90.1091 successMove=36
ITERATION 60 newScore=-2.51586e+06 diffscore=191.988 priorChange=-97.0406 successMove=36
ITERATION 61 newScore=-2.51565e+06 diffscore=211.241 priorChange=-90.1091 successMove=33
ITERATION 62 newScore=-2.51547e+06 diffscore=181.889 priorChange=-73.4736 successMove=32
ITERATION 63 newScore=-2.51527e+06 diffscore=202.235 priorChange=-69.3147 successMove=32
ITERATION 64 newScore=-2.51495e+06 diffscore=312.593 priorChange=-77.6325 successMove=35
ITERATION 65 newScore=-2.5138e+06 diffscore=1157.76 priorChange=-69.3147 successMove=32
ITERATION 66 newScore=-2.51351e+06 diffscore=289.612 priorChange=-63.7695 successMove=30
ITERATION 67 newScore=-2.51326e+06 diffscore=249.52 priorChange=-66.5421 successMove=30
ITERATION 68 newScore=-2.5112e+06 diffscore=2060.12 priorChange=-70.701 successMove=28
ITERATION 69 newScore=-2.51e+06 diffscore=1194.67 priorChange=-56.8381 successMove=26
ITERATION 70 newScore=-2.50865e+06 diffscore=1350.01 priorChange=-63.7695 successMove=26
ITERATION 71 newScore=-2.50763e+06 diffscore=1025.74 priorChange=-52.6792 successMove=26
ITERATION 72 newScore=-2.50745e+06 diffscore=175.611 priorChange=-62.3832 successMove=26
ITERATION 73 newScore=-2.5055e+06 diffscore=1954.48 priorChange=-56.8381 successMove=24
ITERATION 74 newScore=-2.50539e+06 diffscore=105.821 priorChange=-41.5888 successMove=22
ITERATION 75 newScore=-2.50521e+06 diffscore=180.654 priorChange=-38.8162 successMove=21
ITERATION 76 newScore=-2.50489e+06 diffscore=316.045 priorChange=-38.8162 successMove=21
ITERATION 77 newScore=-2.50391e+06 diffscore=988.023 priorChange=-44.3614 successMove=19
ITERATION 78 newScore=-2.50382e+06 diffscore=86.2811 priorChange=-45.7477 successMove=17
ITERATION 79 newScore=-2.50376e+06 diffscore=63.3535 priorChange=-33.2711 successMove=16
ITERATION 80 newScore=-2.50364e+06 diffscore=113.368 priorChange=-26.3396 successMove=15
ITERATION 81 newScore=-2.50333e+06 diffscore=314.491 priorChange=-34.6574 successMove=15
ITERATION 82 newScore=-2.50243e+06 diffscore=901.779 priorChange=-30.4985 successMove=14
ITERATION 83 newScore=-2.50235e+06 diffscore=80.7388 priorChange=-36.0437 successMove=14
ITERATION 84 newScore=-2.5023e+06 diffscore=44.6304 priorChange=-31.8848 successMove=13
ITERATION 85 newScore=-2.50227e+06 diffscore=35.7879 priorChange=-22.1807 successMove=12
ITERATION 86 newScore=-2.50222e+06 diffscore=41.7194 priorChange=-20.7944 successMove=11
ITERATION 87 newScore=-2.50218e+06 diffscore=39.8152 priorChange=-27.7259 successMove=11
ITERATION 88 newScore=-2.50216e+06 diffscore=21.8603 priorChange=-12.4766 successMove=8
ITERATION 89 newScore=-2.50214e+06 diffscore=20.602 priorChange=-15.2492 successMove=7
ITERATION 90 newScore=-2.50212e+06 diffscore=25.4752 priorChange=-18.0218 successMove=7
ITERATION 91 newScore=-2.50209e+06 diffscore=25.8885 priorChange=-18.0218 successMove=7
ITERATION 92 newScore=-2.50207e+06 diffscore=20.8656 priorChange=-15.2492 successMove=7
ITERATION 93 newScore=-2.50204e+06 diffscore=25.8644 priorChange=-19.4081 successMove=7
ITERATION 94 newScore=-2.50202e+06 diffscore=27.7481 priorChange=-20.7944 successMove=7
ITERATION 95 newScore=-2.502e+06 diffscore=13.8742 priorChange=-8.31777 successMove=4
ITERATION 96 newScore=-2.50199e+06 diffscore=16.9916 priorChange=-9.70406 successMove=4
ITERATION 97 newScore=-2.50198e+06 diffscore=9.34512 priorChange=-2.77259 successMove=4
ITERATION 98 newScore=-2.50196e+06 diffscore=13.7248 priorChange=-8.31777 successMove=4
ITERATION 99 newScore=-2.50195e+06 diffscore=13.0473 priorChange=-6.93147 successMove=4
MetaLearner::dumpAllGraphs
Final Score -2.50195e+06
MetaLearner::start runtime: 1634800144 ms
Results/
Results/cluster9/
Results/cluster9/fold0/
Results/cluster9/fold0/modelparams.txt
Results/cluster9/fold0/var_mb_pw_k50.txt
Results/cluster2/
Results/cluster2/fold0/
Results/cluster2/fold0/modelparams.txt
Results/cluster2/fold0/var_mb_pw_k50.txt
Results/cluster8/
Results/cluster8/scoreFile.txt
Results/cluster8/fold0/
Results/cluster8/fold0/modelparams.txt
Results/cluster8/fold0/var_mb_pw_k50.txt
Results/cluster3/
Results/cluster3/fold0/
Results/cluster3/fold0/modelparams.txt
Results/cluster3/fold0/var_mb_pw_k50.txt
Results/cluster7/
Results/cluster7/fold0/
Results/cluster7/fold0/modelparams.txt
Results/cluster7/fold0/var_mb_pw_k50.txt
Results/cluster6/
Results/cluster6/fold0/
Results/cluster6/fold0/modelparams.txt
Results/cluster6/fold0/var_mb_pw_k50.txt
Results/cluster1/
Results/cluster1/fold0/
Results/cluster1/fold0/modelparams.txt
Results/cluster1/fold0/var_mb_pw_k50.txt
Results/cluster10/
Results/cluster10/fold0/
Results/cluster10/fold0/modelparams.txt
Results/cluster10/fold0/var_mb_pw_k50.txt
