000 (49777.1552.000) 10/11 10:48:12 Job submitted from host: <144.92.142.142:9618?addrs=144.92.142.142-9618&noUDP&sock=44923_051a_3>
...
001 (49777.1552.000) 10/11 16:59:30 Job executing on host: <144.92.142.184:9618?addrs=144.92.142.184-9618&noUDP&sock=18313_c5f4_3>
...
006 (49777.1552.000) 10/11 16:59:39 Image size of job updated: 105484
	104  -  MemoryUsage of job (MB)
	105484  -  ResidentSetSize of job (KB)
...
006 (49777.1552.000) 10/11 17:01:21 Image size of job updated: 590660
	104  -  MemoryUsage of job (MB)
	105484  -  ResidentSetSize of job (KB)
...
004 (49777.1552.000) 10/11 17:01:21 Job was evicted.
	(0) Job was not checkpointed.
		Usr 0 00:01:47, Sys 0 00:00:01  -  Run Remote Usage
		Usr 0 00:00:00, Sys 0 00:00:00  -  Run Local Usage
	0  -  Run Bytes Sent By Job
	316715872  -  Run Bytes Received By Job
	Partitionable Resources :     Usage  Request Allocated 
	   Cpus                 :      0.96        1         1 
	   Disk (KB)            : 325000      819200   1428816 
	   Memory (MB)          :    104       20480     20480 
...
001 (49777.1552.000) 10/11 17:01:36 Job executing on host: <128.105.68.38:9618?addrs=128.105.68.38-9618&alias=e2468.chtc.wisc.edu&noUDP&sock=startd_4884_98a3>
...
006 (49777.1552.000) 10/11 17:06:44 Image size of job updated: 750000
	652  -  MemoryUsage of job (MB)
	667556  -  ResidentSetSize of job (KB)
...
006 (49777.1552.000) 10/11 17:11:45 Image size of job updated: 856696
	787  -  MemoryUsage of job (MB)
	805760  -  ResidentSetSize of job (KB)
...
006 (49777.1552.000) 10/11 17:16:45 Image size of job updated: 1066856
	998  -  MemoryUsage of job (MB)
	1021184  -  ResidentSetSize of job (KB)
...
006 (49777.1552.000) 10/11 17:21:45 Image size of job updated: 1273556
	1201  -  MemoryUsage of job (MB)
	1229480  -  ResidentSetSize of job (KB)
...
006 (49777.1552.000) 10/11 17:26:46 Image size of job updated: 1504064
	1426  -  MemoryUsage of job (MB)
	1459688  -  ResidentSetSize of job (KB)
...
006 (49777.1552.000) 10/11 17:28:40 Image size of job updated: 1601740
	1426  -  MemoryUsage of job (MB)
	1459688  -  ResidentSetSize of job (KB)
...
005 (49777.1552.000) 10/11 17:28:41 Job terminated.
	(1) Normal termination (return value 0)
		Usr 0 00:26:16, Sys 0 00:00:03  -  Run Remote Usage
		Usr 0 00:00:00, Sys 0 00:00:00  -  Run Local Usage
		Usr 0 00:28:03, Sys 0 00:00:04  -  Total Remote Usage
		Usr 0 00:00:00, Sys 0 00:00:00  -  Total Local Usage
	170916  -  Run Bytes Sent By Job
	316715872  -  Run Bytes Received By Job
	170916  -  Total Bytes Sent By Job
	633431744  -  Total Bytes Received By Job
	Partitionable Resources :     Usage  Request Allocated 
	   Cpus                 :      0.99        1         1 
	   Disk (KB)            : 325000      819200   1694917 
	   Memory (MB)          :   1426       20480     20480 
...
