000 (49777.1233.000) 10/11 10:48:11 Job submitted from host: <144.92.142.142:9618?addrs=144.92.142.142-9618&noUDP&sock=44923_051a_3>
...
001 (49777.1233.000) 10/11 16:08:40 Job executing on host: <128.105.68.23:9618?addrs=128.105.68.23-9618&alias=gpulab2004.chtc.wisc.edu&noUDP&sock=startd_62541_80a6>
...
006 (49777.1233.000) 10/11 16:08:49 Image size of job updated: 156600
	103  -  MemoryUsage of job (MB)
	105372  -  ResidentSetSize of job (KB)
...
006 (49777.1233.000) 10/11 16:13:50 Image size of job updated: 720968
	655  -  MemoryUsage of job (MB)
	669828  -  ResidentSetSize of job (KB)
...
006 (49777.1233.000) 10/11 16:18:50 Image size of job updated: 911112
	864  -  MemoryUsage of job (MB)
	884572  -  ResidentSetSize of job (KB)
...
006 (49777.1233.000) 10/11 16:23:51 Image size of job updated: 1521180
	1442  -  MemoryUsage of job (MB)
	1475896  -  ResidentSetSize of job (KB)
...
006 (49777.1233.000) 10/11 16:28:52 Image size of job updated: 2260700
	2196  -  MemoryUsage of job (MB)
	2247712  -  ResidentSetSize of job (KB)
...
006 (49777.1233.000) 10/11 16:31:33 Image size of job updated: 2686780
	2196  -  MemoryUsage of job (MB)
	2247736  -  ResidentSetSize of job (KB)
...
005 (49777.1233.000) 10/11 16:31:33 Job terminated.
	(1) Normal termination (return value 0)
		Usr 0 00:22:46, Sys 0 00:00:04  -  Run Remote Usage
		Usr 0 00:00:00, Sys 0 00:00:00  -  Run Local Usage
		Usr 0 00:22:46, Sys 0 00:00:04  -  Total Remote Usage
		Usr 0 00:00:00, Sys 0 00:00:00  -  Total Local Usage
	174305  -  Run Bytes Sent By Job
	316719136  -  Run Bytes Received By Job
	174305  -  Total Bytes Sent By Job
	316719136  -  Total Bytes Received By Job
	Partitionable Resources :     Usage  Request Allocated 
	   Cpus                 :      1.00        1         1 
	   Disk (KB)            : 325000      819200  18192444 
	   Gpus                 :                            0 
	   Ioheavy              :                            0 
	   Memory (MB)          :   2196       20480     21341 
...
