000 (49777.981.000) 10/11 10:48:10 Job submitted from host: <144.92.142.142:9618?addrs=144.92.142.142-9618&noUDP&sock=44923_051a_3>
...
001 (49777.981.000) 10/11 15:25:01 Job executing on host: <128.105.68.16:9618?addrs=128.105.68.16-9618&alias=coba2000.chtc.wisc.edu&noUDP&sock=startd_7305_336c>
...
006 (49777.981.000) 10/11 15:25:10 Image size of job updated: 156580
	103  -  MemoryUsage of job (MB)
	105340  -  ResidentSetSize of job (KB)
...
006 (49777.981.000) 10/11 15:30:11 Image size of job updated: 729692
	671  -  MemoryUsage of job (MB)
	686992  -  ResidentSetSize of job (KB)
...
006 (49777.981.000) 10/11 15:35:11 Image size of job updated: 979792
	910  -  MemoryUsage of job (MB)
	931268  -  ResidentSetSize of job (KB)
...
006 (49777.981.000) 10/11 15:40:11 Image size of job updated: 1286712
	1223  -  MemoryUsage of job (MB)
	1252080  -  ResidentSetSize of job (KB)
...
006 (49777.981.000) 10/11 15:45:12 Image size of job updated: 1843476
	1791  -  MemoryUsage of job (MB)
	1833820  -  ResidentSetSize of job (KB)
...
006 (49777.981.000) 10/11 15:49:55 Image size of job updated: 2652536
	1791  -  MemoryUsage of job (MB)
	1833820  -  ResidentSetSize of job (KB)
...
005 (49777.981.000) 10/11 15:49:55 Job terminated.
	(1) Normal termination (return value 0)
		Usr 0 00:24:41, Sys 0 00:00:05  -  Run Remote Usage
		Usr 0 00:00:00, Sys 0 00:00:00  -  Run Local Usage
		Usr 0 00:24:41, Sys 0 00:00:05  -  Total Remote Usage
		Usr 0 00:00:00, Sys 0 00:00:00  -  Total Local Usage
	183106  -  Run Bytes Sent By Job
	316773216  -  Run Bytes Received By Job
	183106  -  Total Bytes Sent By Job
	316773216  -  Total Bytes Received By Job
	Partitionable Resources :     Usage  Request Allocated 
	   Cpus                 :      0.98        1         1 
	   Disk (KB)            : 325000      819200  44742796 
	   Gpus                 :                            0 
	   Ioheavy              :                            0 
	   Memory (MB)          :   1791       20480     21341 
...
