./CVN -f config_condor.txt -x50 -v1 -l TFs_OGs.txt -n AllGenes98.txt -d celltype_tree_ancestor.txt -m testdata_ogids.txt -s celltype_order.txt -p 0.2 -c yes -b -4 -q 4
(cluster3|cluster8) p_maintain_edge=0.8 p_gain=0.2
(cluster2|cluster3) p_maintain_edge=0.8 p_gain=0.2
(cluster1|cluster2) p_maintain_edge=0.8 p_gain=0.2
(cluster6|cluster2) p_maintain_edge=0.8 p_gain=0.2
(cluster9|cluster6) p_maintain_edge=0.8 p_gain=0.2
(cluster10|cluster6) p_maintain_edge=0.8 p_gain=0.2
(cluster7|cluster10) p_maintain_edge=0.8 p_gain=0.2
speciesSet.size()=8 Root is cluster8
MappedOrthogroupReader::readSpeciesMapping() --- celltype_order.txt
MappedOrthogroupReader::readFile - testdata_ogids.txt
MappedOrthogroupReader::generateGeneOrthoMap()
MetaLearner::init_onefold() read:config_condor.txt
MetaLearner::setinputVariableNames number of variables: 2039
readEvidenceTable:cluster8.table
PotentialManager::loadEvidenceFromTable varCount=2039 sampleCount=348
motifNetwork.size() = 319
0=cluster8 motifNetwork=cluster8_network.txt
variable size=2039
readEvidenceTable:cluster3.table
PotentialManager::loadEvidenceFromTable varCount=2039 sampleCount=95
motifNetwork.size() = 326
1=cluster3 motifNetwork=cluster3_network.txt
variable size=2039
readEvidenceTable:cluster2.table
PotentialManager::loadEvidenceFromTable varCount=2039 sampleCount=386
motifNetwork.size() = 328
2=cluster2 motifNetwork=cluster2_network.txt
variable size=2039
readEvidenceTable:cluster1.table
PotentialManager::loadEvidenceFromTable varCount=2039 sampleCount=36
motifNetwork.size() = 322
3=cluster1 motifNetwork=cluster1_network.txt
variable size=2039
readEvidenceTable:cluster6.table
PotentialManager::loadEvidenceFromTable varCount=2039 sampleCount=524
motifNetwork.size() = 320
4=cluster6 motifNetwork=cluster6_network.txt
variable size=2039
readEvidenceTable:cluster9.table
PotentialManager::loadEvidenceFromTable varCount=2039 sampleCount=184
motifNetwork.size() = 327
5=cluster9 motifNetwork=cluster9_network.txt
variable size=2039
readEvidenceTable:cluster10.table
PotentialManager::loadEvidenceFromTable varCount=2039 sampleCount=165
motifNetwork.size() = 326
6=cluster10 motifNetwork=cluster10_network.txt
variable size=2039
readEvidenceTable:cluster7.table
PotentialManager::loadEvidenceFromTable varCount=2039 sampleCount=1032
motifNetwork.size() = 320
7=cluster7 motifNetwork=cluster7_network.txt
variable size=2039
-------------------------------------------------------------
MetaLearner::start
precomputeEmptyGraphPrior
binkey=0 [Edge status: 0 0 0 0 0 0 0 0 ] P(G)=P(cluster8=0)[0.8] * P(cluster1=0|cluster2=0) * P(cluster9=0|cluster6=0) * P(cluster7=0|cluster10=0) * P(cluster10=0|cluster6=0) * P(cluster6=0|cluster2=0) * P(cluster2=0|cluster3=0) * P(cluster3=0|cluster8=0)[0.209715]=0.167772
condsetMap_Tree
0 cluster8=0 cluster3=0 cluster2=0 cluster1=0 cluster6=0 cluster9=0 cluster10=0 cluster7=1
1 cluster8=0 cluster3=0 cluster2=0 cluster1=0 cluster6=0 cluster9=1 cluster10=0 cluster7=0
2 cluster8=0 cluster3=0 cluster2=0 cluster1=0 cluster6=0 cluster9=1 cluster10=0 cluster7=1
3 cluster8=0 cluster3=0 cluster2=0 cluster1=1 cluster6=0 cluster9=0 cluster10=0 cluster7=0
4 cluster8=0 cluster3=0 cluster2=0 cluster1=1 cluster6=0 cluster9=0 cluster10=0 cluster7=1
5 cluster8=0 cluster3=0 cluster2=0 cluster1=1 cluster6=0 cluster9=1 cluster10=0 cluster7=0
6 cluster8=0 cluster3=0 cluster2=0 cluster1=1 cluster6=0 cluster9=1 cluster10=0 cluster7=1
7 cluster8=0 cluster3=0 cluster2=0 cluster1=0 cluster6=0 cluster9=0 cluster10=1 cluster7=1
8 cluster8=0 cluster3=0 cluster2=0 cluster1=0 cluster6=0 cluster9=1 cluster10=1 cluster7=1
9 cluster8=0 cluster3=0 cluster2=0 cluster1=1 cluster6=0 cluster9=0 cluster10=1 cluster7=1
10 cluster8=0 cluster3=0 cluster2=0 cluster1=1 cluster6=0 cluster9=1 cluster10=1 cluster7=1
11 cluster8=0 cluster3=0 cluster2=0 cluster1=0 cluster6=1 cluster9=1 cluster10=1 cluster7=1
12 cluster8=0 cluster3=0 cluster2=0 cluster1=1 cluster6=1 cluster9=1 cluster10=1 cluster7=1
13 cluster8=0 cluster3=0 cluster2=1 cluster1=1 cluster6=1 cluster9=1 cluster10=1 cluster7=1
14 cluster8=0 cluster3=1 cluster2=1 cluster1=1 cluster6=1 cluster9=1 cluster10=1 cluster7=1
15 cluster8=1 cluster3=1 cluster2=1 cluster1=1 cluster6=1 cluster9=1 cluster10=1 cluster7=1
16 cluster8=1 cluster3=1 cluster2=1 cluster1=1 cluster6=1 cluster9=1 cluster10=1 cluster7=0
17 cluster8=1 cluster3=1 cluster2=1 cluster1=1 cluster6=1 cluster9=0 cluster10=1 cluster7=1
18 cluster8=1 cluster3=1 cluster2=1 cluster1=1 cluster6=1 cluster9=0 cluster10=1 cluster7=0
19 cluster8=1 cluster3=1 cluster2=1 cluster1=0 cluster6=1 cluster9=1 cluster10=1 cluster7=1
20 cluster8=1 cluster3=1 cluster2=1 cluster1=0 cluster6=1 cluster9=1 cluster10=1 cluster7=0
21 cluster8=1 cluster3=1 cluster2=1 cluster1=0 cluster6=1 cluster9=0 cluster10=1 cluster7=1
22 cluster8=1 cluster3=1 cluster2=1 cluster1=0 cluster6=1 cluster9=0 cluster10=1 cluster7=0
23 cluster8=1 cluster3=1 cluster2=1 cluster1=1 cluster6=1 cluster9=1 cluster10=0 cluster7=0
24 cluster8=1 cluster3=1 cluster2=1 cluster1=1 cluster6=1 cluster9=0 cluster10=0 cluster7=0
25 cluster8=1 cluster3=1 cluster2=1 cluster1=0 cluster6=1 cluster9=1 cluster10=0 cluster7=0
26 cluster8=1 cluster3=1 cluster2=1 cluster1=0 cluster6=1 cluster9=0 cluster10=0 cluster7=0
27 cluster8=1 cluster3=1 cluster2=1 cluster1=1 cluster6=0 cluster9=0 cluster10=0 cluster7=0
28 cluster8=1 cluster3=1 cluster2=1 cluster1=0 cluster6=0 cluster9=0 cluster10=0 cluster7=0
29 cluster8=1 cluster3=1 cluster2=0 cluster1=0 cluster6=0 cluster9=0 cluster10=0 cluster7=0
30 cluster8=1 cluster3=0 cluster2=0 cluster1=0 cluster6=0 cluster9=0 cluster10=0 cluster7=0
31 cluster8=0 cluster3=0 cluster2=0 cluster1=0 cluster6=1 cluster9=0 cluster10=0 cluster7=0
32 cluster8=0 cluster3=0 cluster2=1 cluster1=0 cluster6=0 cluster9=0 cluster10=0 cluster7=0
33 cluster8=0 cluster3=0 cluster2=0 cluster1=0 cluster6=0 cluster9=0 cluster10=1 cluster7=0
34 cluster8=0 cluster3=1 cluster2=0 cluster1=0 cluster6=0 cluster9=0 cluster10=0 cluster7=0
inputRegulatorOGs.size() = 1999 inputOGList.size() = 50
binkey=128 [Edge status: 0 0 0 0 0 0 0 1 ] P(G)=P(cluster8=0)[0.8] * P(cluster1=0|cluster2=0) * P(cluster9=0|cluster6=0) * P(cluster7=1|cluster10=0) * P(cluster10=0|cluster6=0) * P(cluster6=0|cluster2=0) * P(cluster2=0|cluster3=0) * P(cluster3=0|cluster8=0)[0.0524288]=0.041943
binkey=32 [Edge status: 0 0 0 0 0 1 0 0 ] P(G)=P(cluster8=0)[0.8] * P(cluster1=0|cluster2=0) * P(cluster9=1|cluster6=0) * P(cluster7=0|cluster10=0) * P(cluster10=0|cluster6=0) * P(cluster6=0|cluster2=0) * P(cluster2=0|cluster3=0) * P(cluster3=0|cluster8=0)[0.0524288]=0.041943
binkey=160 [Edge status: 0 0 0 0 0 1 0 1 ] P(G)=P(cluster8=0)[0.8] * P(cluster1=0|cluster2=0) * P(cluster9=1|cluster6=0) * P(cluster7=1|cluster10=0) * P(cluster10=0|cluster6=0) * P(cluster6=0|cluster2=0) * P(cluster2=0|cluster3=0) * P(cluster3=0|cluster8=0)[0.0131072]=0.0104858
binkey=1 [Edge status: 1 0 0 0 0 0 0 0 ] P(G)=P(cluster8=1)[0.2] * P(cluster1=0|cluster2=0) * P(cluster9=0|cluster6=0) * P(cluster7=0|cluster10=0) * P(cluster10=0|cluster6=0) * P(cluster6=0|cluster2=0) * P(cluster2=0|cluster3=0) * P(cluster3=0|cluster8=1)[0.0524288]=0.0104858
binkey=16 [Edge status: 0 0 0 0 1 0 0 0 ] P(G)=P(cluster8=0)[0.8] * P(cluster1=0|cluster2=0) * P(cluster9=0|cluster6=1) * P(cluster7=0|cluster10=0) * P(cluster10=0|cluster6=1) * P(cluster6=1|cluster2=0) * P(cluster2=0|cluster3=0) * P(cluster3=0|cluster8=0)[0.0032768]=0.00262144
binkey=3 [Edge status: 1 1 0 0 0 0 0 0 ] P(G)=P(cluster8=1)[0.2] * P(cluster1=0|cluster2=0) * P(cluster9=0|cluster6=0) * P(cluster7=0|cluster10=0) * P(cluster10=0|cluster6=0) * P(cluster6=0|cluster2=0) * P(cluster2=0|cluster3=1) * P(cluster3=1|cluster8=1)[0.0524288]=0.0104858
binkey=2 [Edge status: 0 1 0 0 0 0 0 0 ] P(G)=P(cluster8=0)[0.8] * P(cluster1=0|cluster2=0) * P(cluster9=0|cluster6=0) * P(cluster7=0|cluster10=0) * P(cluster10=0|cluster6=0) * P(cluster6=0|cluster2=0) * P(cluster2=0|cluster3=1) * P(cluster3=1|cluster8=0)[0.0131072]=0.0104858
binkey=64 [Edge status: 0 0 0 0 0 0 1 0 ] P(G)=P(cluster8=0)[0.8] * P(cluster1=0|cluster2=0) * P(cluster9=0|cluster6=0) * P(cluster7=0|cluster10=1) * P(cluster10=1|cluster6=0) * P(cluster6=0|cluster2=0) * P(cluster2=0|cluster3=0) * P(cluster3=0|cluster8=0)[0.0131072]=0.0104858
binkey=8 [Edge status: 0 0 0 1 0 0 0 0 ] P(G)=P(cluster8=0)[0.8] * P(cluster1=1|cluster2=0) * P(cluster9=0|cluster6=0) * P(cluster7=0|cluster10=0) * P(cluster10=0|cluster6=0) * P(cluster6=0|cluster2=0) * P(cluster2=0|cluster3=0) * P(cluster3=0|cluster8=0)[0.0524288]=0.041943
binkey=136 [Edge status: 0 0 0 1 0 0 0 1 ] P(G)=P(cluster8=0)[0.8] * P(cluster1=1|cluster2=0) * P(cluster9=0|cluster6=0) * P(cluster7=1|cluster10=0) * P(cluster10=0|cluster6=0) * P(cluster6=0|cluster2=0) * P(cluster2=0|cluster3=0) * P(cluster3=0|cluster8=0)[0.0131072]=0.0104858
binkey=40 [Edge status: 0 0 0 1 0 1 0 0 ] P(G)=P(cluster8=0)[0.8] * P(cluster1=1|cluster2=0) * P(cluster9=1|cluster6=0) * P(cluster7=0|cluster10=0) * P(cluster10=0|cluster6=0) * P(cluster6=0|cluster2=0) * P(cluster2=0|cluster3=0) * P(cluster3=0|cluster8=0)[0.0131072]=0.0104858
binkey=168 [Edge status: 0 0 0 1 0 1 0 1 ] P(G)=P(cluster8=0)[0.8] * P(cluster1=1|cluster2=0) * P(cluster9=1|cluster6=0) * P(cluster7=1|cluster10=0) * P(cluster10=0|cluster6=0) * P(cluster6=0|cluster2=0) * P(cluster2=0|cluster3=0) * P(cluster3=0|cluster8=0)[0.0032768]=0.00262144
binkey=192 [Edge status: 0 0 0 0 0 0 1 1 ] P(G)=P(cluster8=0)[0.8] * P(cluster1=0|cluster2=0) * P(cluster9=0|cluster6=0) * P(cluster7=1|cluster10=1) * P(cluster10=1|cluster6=0) * P(cluster6=0|cluster2=0) * P(cluster2=0|cluster3=0) * P(cluster3=0|cluster8=0)[0.0524288]=0.041943
binkey=224 [Edge status: 0 0 0 0 0 1 1 1 ] P(G)=P(cluster8=0)[0.8] * P(cluster1=0|cluster2=0) * P(cluster9=1|cluster6=0) * P(cluster7=1|cluster10=1) * P(cluster10=1|cluster6=0) * P(cluster6=0|cluster2=0) * P(cluster2=0|cluster3=0) * P(cluster3=0|cluster8=0)[0.0131072]=0.0104858
binkey=200 [Edge status: 0 0 0 1 0 0 1 1 ] P(G)=P(cluster8=0)[0.8] * P(cluster1=1|cluster2=0) * P(cluster9=0|cluster6=0) * P(cluster7=1|cluster10=1) * P(cluster10=1|cluster6=0) * P(cluster6=0|cluster2=0) * P(cluster2=0|cluster3=0) * P(cluster3=0|cluster8=0)[0.0131072]=0.0104858
binkey=232 [Edge status: 0 0 0 1 0 1 1 1 ] P(G)=P(cluster8=0)[0.8] * P(cluster1=1|cluster2=0) * P(cluster9=1|cluster6=0) * P(cluster7=1|cluster10=1) * P(cluster10=1|cluster6=0) * P(cluster6=0|cluster2=0) * P(cluster2=0|cluster3=0) * P(cluster3=0|cluster8=0)[0.0032768]=0.00262144
binkey=240 [Edge status: 0 0 0 0 1 1 1 1 ] P(G)=P(cluster8=0)[0.8] * P(cluster1=0|cluster2=0) * P(cluster9=1|cluster6=1) * P(cluster7=1|cluster10=1) * P(cluster10=1|cluster6=1) * P(cluster6=1|cluster2=0) * P(cluster2=0|cluster3=0) * P(cluster3=0|cluster8=0)[0.0524288]=0.041943
binkey=248 [Edge status: 0 0 0 1 1 1 1 1 ] P(G)=P(cluster8=0)[0.8] * P(cluster1=1|cluster2=0) * P(cluster9=1|cluster6=1) * P(cluster7=1|cluster10=1) * P(cluster10=1|cluster6=1) * P(cluster6=1|cluster2=0) * P(cluster2=0|cluster3=0) * P(cluster3=0|cluster8=0)[0.0131072]=0.0104858
binkey=4 [Edge status: 0 0 1 0 0 0 0 0 ] P(G)=P(cluster8=0)[0.8] * P(cluster1=0|cluster2=1) * P(cluster9=0|cluster6=0) * P(cluster7=0|cluster10=0) * P(cluster10=0|cluster6=0) * P(cluster6=0|cluster2=1) * P(cluster2=1|cluster3=0) * P(cluster3=0|cluster8=0)[0.0032768]=0.00262144
binkey=7 [Edge status: 1 1 1 0 0 0 0 0 ] P(G)=P(cluster8=1)[0.2] * P(cluster1=0|cluster2=1) * P(cluster9=0|cluster6=0) * P(cluster7=0|cluster10=0) * P(cluster10=0|cluster6=0) * P(cluster6=0|cluster2=1) * P(cluster2=1|cluster3=1) * P(cluster3=1|cluster8=1)[0.0131072]=0.00262144
binkey=252 [Edge status: 0 0 1 1 1 1 1 1 ] P(G)=P(cluster8=0)[0.8] * P(cluster1=1|cluster2=1) * P(cluster9=1|cluster6=1) * P(cluster7=1|cluster10=1) * P(cluster10=1|cluster6=1) * P(cluster6=1|cluster2=1) * P(cluster2=1|cluster3=0) * P(cluster3=0|cluster8=0)[0.0524288]=0.041943
ITERATION 0 newScore=-2.70796e+06 diffscore=17183 priorChange=-113.676 successMove=58
ITERATION 1 newScore=-2.7011e+06 diffscore=6862.04 priorChange=-116.449 successMove=51
ITERATION 2 newScore=-2.69507e+06 diffscore=6024.17 priorChange=-117.835 successMove=51
ITERATION 3 newScore=-2.68944e+06 diffscore=5638.35 priorChange=-112.29 successMove=50
ITERATION 4 newScore=-2.68709e+06 diffscore=2347.1 priorChange=-105.358 successMove=50
ITERATION 5 newScore=-2.68324e+06 diffscore=3844 priorChange=-99.8132 successMove=52
ITERATION 6 newScore=-2.67938e+06 diffscore=3868.73 priorChange=-115.062 successMove=53
ITERATION 7 newScore=-2.67547e+06 diffscore=3907.13 priorChange=-112.29 successMove=51
ITERATION 8 newScore=-2.67294e+06 diffscore=2528.29 priorChange=-106.745 successMove=54
ITERATION 9 newScore=-2.66634e+06 diffscore=6600.28 priorChange=-116.449 successMove=50
ITERATION 10 newScore=-2.66201e+06 diffscore=4329.51 priorChange=-116.449 successMove=51
ITERATION 11 newScore=-2.65751e+06 diffscore=4501.63 priorChange=-116.449 successMove=52
ITERATION 12 newScore=-2.65429e+06 diffscore=3214.61 priorChange=-117.835 successMove=53
ITERATION 13 newScore=-2.65177e+06 diffscore=2526.2 priorChange=-116.449 successMove=54
ITERATION 14 newScore=-2.65095e+06 diffscore=815.154 priorChange=-112.29 successMove=50
ITERATION 15 newScore=-2.65004e+06 diffscore=910.205 priorChange=-121.994 successMove=56
ITERATION 16 newScore=-2.64727e+06 diffscore=2773.13 priorChange=-112.29 successMove=51
ITERATION 17 newScore=-2.64513e+06 diffscore=2140.04 priorChange=-92.8817 successMove=51
ITERATION 18 newScore=-2.6431e+06 diffscore=2024.54 priorChange=-117.835 successMove=51
ITERATION 19 newScore=-2.64242e+06 diffscore=689.279 priorChange=-115.062 successMove=50
ITERATION 20 newScore=-2.64024e+06 diffscore=2176.56 priorChange=-106.745 successMove=51
ITERATION 21 newScore=-2.63963e+06 diffscore=612.044 priorChange=-102.586 successMove=51
ITERATION 22 newScore=-2.63663e+06 diffscore=2996.72 priorChange=-121.994 successMove=49
ITERATION 23 newScore=-2.63573e+06 diffscore=901.924 priorChange=-115.062 successMove=48
ITERATION 24 newScore=-2.63513e+06 diffscore=599.169 priorChange=-120.608 successMove=49
ITERATION 25 newScore=-2.63314e+06 diffscore=1989.94 priorChange=-120.608 successMove=48
binkey=223 [Edge status: 1 1 1 1 1 0 1 1 ] P(G)=P(cluster8=1)[0.2] * P(cluster1=1|cluster2=1) * P(cluster9=0|cluster6=1) * P(cluster7=1|cluster10=1) * P(cluster10=1|cluster6=1) * P(cluster6=1|cluster2=1) * P(cluster2=1|cluster3=1) * P(cluster3=1|cluster8=1)[0.0524288]=0.0104858
binkey=95 [Edge status: 1 1 1 1 1 0 1 0 ] P(G)=P(cluster8=1)[0.2] * P(cluster1=1|cluster2=1) * P(cluster9=0|cluster6=1) * P(cluster7=0|cluster10=1) * P(cluster10=1|cluster6=1) * P(cluster6=1|cluster2=1) * P(cluster2=1|cluster3=1) * P(cluster3=1|cluster8=1)[0.0131072]=0.00262144
binkey=215 [Edge status: 1 1 1 0 1 0 1 1 ] P(G)=P(cluster8=1)[0.2] * P(cluster1=0|cluster2=1) * P(cluster9=0|cluster6=1) * P(cluster7=1|cluster10=1) * P(cluster10=1|cluster6=1) * P(cluster6=1|cluster2=1) * P(cluster2=1|cluster3=1) * P(cluster3=1|cluster8=1)[0.0131072]=0.00262144
binkey=87 [Edge status: 1 1 1 0 1 0 1 0 ] P(G)=P(cluster8=1)[0.2] * P(cluster1=0|cluster2=1) * P(cluster9=0|cluster6=1) * P(cluster7=0|cluster10=1) * P(cluster10=1|cluster6=1) * P(cluster6=1|cluster2=1) * P(cluster2=1|cluster3=1) * P(cluster3=1|cluster8=1)[0.0032768]=0.00065536
binkey=31 [Edge status: 1 1 1 1 1 0 0 0 ] P(G)=P(cluster8=1)[0.2] * P(cluster1=1|cluster2=1) * P(cluster9=0|cluster6=1) * P(cluster7=0|cluster10=0) * P(cluster10=0|cluster6=1) * P(cluster6=1|cluster2=1) * P(cluster2=1|cluster3=1) * P(cluster3=1|cluster8=1)[0.0131072]=0.00262144
binkey=23 [Edge status: 1 1 1 0 1 0 0 0 ] P(G)=P(cluster8=1)[0.2] * P(cluster1=0|cluster2=1) * P(cluster9=0|cluster6=1) * P(cluster7=0|cluster10=0) * P(cluster10=0|cluster6=1) * P(cluster6=1|cluster2=1) * P(cluster2=1|cluster3=1) * P(cluster3=1|cluster8=1)[0.0032768]=0.00065536
binkey=15 [Edge status: 1 1 1 1 0 0 0 0 ] P(G)=P(cluster8=1)[0.2] * P(cluster1=1|cluster2=1) * P(cluster9=0|cluster6=0) * P(cluster7=0|cluster10=0) * P(cluster10=0|cluster6=0) * P(cluster6=0|cluster2=1) * P(cluster2=1|cluster3=1) * P(cluster3=1|cluster8=1)[0.0524288]=0.0104858
ITERATION 26 newScore=-2.63132e+06 diffscore=1821.62 priorChange=-110.904 successMove=48
ITERATION 27 newScore=-2.62845e+06 diffscore=2870.31 priorChange=-102.586 successMove=48
ITERATION 28 newScore=-2.62749e+06 diffscore=961.911 priorChange=-90.1091 successMove=48
ITERATION 29 newScore=-2.62349e+06 diffscore=3998.19 priorChange=-110.904 successMove=48
ITERATION 30 newScore=-2.62075e+06 diffscore=2736.48 priorChange=-116.449 successMove=48
ITERATION 31 newScore=-2.61862e+06 diffscore=2128.44 priorChange=-110.904 successMove=50
ITERATION 32 newScore=-2.61808e+06 diffscore=546.562 priorChange=-99.8132 successMove=52
ITERATION 33 newScore=-2.61504e+06 diffscore=3031.94 priorChange=-103.972 successMove=51
ITERATION 34 newScore=-2.61263e+06 diffscore=2413.64 priorChange=-109.517 successMove=48
ITERATION 35 newScore=-2.61144e+06 diffscore=1193.9 priorChange=-99.8132 successMove=48
ITERATION 36 newScore=-2.61026e+06 diffscore=1171.38 priorChange=-97.0406 successMove=50
ITERATION 37 newScore=-2.6074e+06 diffscore=2863.44 priorChange=-92.8817 successMove=48
ITERATION 38 newScore=-2.60684e+06 diffscore=558.038 priorChange=-98.4269 successMove=47
ITERATION 39 newScore=-2.60612e+06 diffscore=727.127 priorChange=-98.4269 successMove=48
ITERATION 40 newScore=-2.60575e+06 diffscore=362.042 priorChange=-97.0406 successMove=47
ITERATION 41 newScore=-2.6046e+06 diffscore=1151.08 priorChange=-108.131 successMove=46
ITERATION 42 newScore=-2.60398e+06 diffscore=623.216 priorChange=-109.517 successMove=46
ITERATION 43 newScore=-2.60278e+06 diffscore=1201.02 priorChange=-108.131 successMove=46
ITERATION 44 newScore=-2.60216e+06 diffscore=617.112 priorChange=-97.0406 successMove=44
ITERATION 45 newScore=-2.60004e+06 diffscore=2124.96 priorChange=-81.7914 successMove=45
ITERATION 46 newScore=-2.59838e+06 diffscore=1653.34 priorChange=-91.4954 successMove=45
ITERATION 47 newScore=-2.59794e+06 diffscore=448.419 priorChange=-99.8132 successMove=44
ITERATION 48 newScore=-2.59665e+06 diffscore=1282.81 priorChange=-101.199 successMove=44
ITERATION 49 newScore=-2.5941e+06 diffscore=2552.44 priorChange=-85.9503 successMove=43
ITERATION 50 newScore=-2.59239e+06 diffscore=1705.35 priorChange=-92.8817 successMove=43
ITERATION 51 newScore=-2.59195e+06 diffscore=448.078 priorChange=-87.3365 successMove=42
ITERATION 52 newScore=-2.5912e+06 diffscore=751.005 priorChange=-91.4954 successMove=41
ITERATION 53 newScore=-2.58894e+06 diffscore=2258.02 priorChange=-88.7228 successMove=41
ITERATION 54 newScore=-2.58793e+06 diffscore=1003.55 priorChange=-83.1777 successMove=40
ITERATION 55 newScore=-2.5876e+06 diffscore=331.967 priorChange=-97.0406 successMove=39
ITERATION 56 newScore=-2.58631e+06 diffscore=1293.96 priorChange=-94.268 successMove=38
ITERATION 57 newScore=-2.58604e+06 diffscore=263.001 priorChange=-76.2462 successMove=37
ITERATION 58 newScore=-2.58455e+06 diffscore=1498.77 priorChange=-77.6325 successMove=37
ITERATION 59 newScore=-2.58418e+06 diffscore=368.135 priorChange=-77.6325 successMove=36
ITERATION 60 newScore=-2.58205e+06 diffscore=2128.66 priorChange=-77.6325 successMove=35
ITERATION 61 newScore=-2.58064e+06 diffscore=1413.09 priorChange=-88.7228 successMove=35
ITERATION 62 newScore=-2.57922e+06 diffscore=1413.03 priorChange=-83.1777 successMove=32
ITERATION 63 newScore=-2.5782e+06 diffscore=1023.65 priorChange=-73.4736 successMove=31
ITERATION 64 newScore=-2.57798e+06 diffscore=221.358 priorChange=-73.4736 successMove=30
ITERATION 65 newScore=-2.57665e+06 diffscore=1328.4 priorChange=-63.7695 successMove=29
ITERATION 66 newScore=-2.57651e+06 diffscore=135.863 priorChange=-55.4518 successMove=30
ITERATION 67 newScore=-2.57634e+06 diffscore=169.872 priorChange=-72.0873 successMove=30
ITERATION 68 newScore=-2.57618e+06 diffscore=165.035 priorChange=-69.3147 successMove=29
ITERATION 69 newScore=-2.57604e+06 diffscore=143.087 priorChange=-58.2244 successMove=29
ITERATION 70 newScore=-2.57585e+06 diffscore=183.966 priorChange=-54.0655 successMove=28
ITERATION 71 newScore=-2.57567e+06 diffscore=180.086 priorChange=-54.0655 successMove=26
ITERATION 72 newScore=-2.5755e+06 diffscore=173.705 priorChange=-44.3614 successMove=24
ITERATION 73 newScore=-2.57447e+06 diffscore=1027.99 priorChange=-48.5203 successMove=22
ITERATION 74 newScore=-2.57434e+06 diffscore=133.804 priorChange=-49.9066 successMove=21
ITERATION 75 newScore=-2.57419e+06 diffscore=146.655 priorChange=-45.7477 successMove=21
ITERATION 76 newScore=-2.57392e+06 diffscore=268.068 priorChange=-33.2711 successMove=19
ITERATION 77 newScore=-2.57274e+06 diffscore=1184.88 priorChange=-34.6574 successMove=19
ITERATION 78 newScore=-2.57256e+06 diffscore=181.695 priorChange=-40.2025 successMove=19
ITERATION 79 newScore=-2.57232e+06 diffscore=231.86 priorChange=-31.8848 successMove=20
ITERATION 80 newScore=-2.572e+06 diffscore=318.473 priorChange=-45.7477 successMove=19
ITERATION 81 newScore=-2.57183e+06 diffscore=179.459 priorChange=-40.2025 successMove=17
ITERATION 82 newScore=-2.5702e+06 diffscore=1626.32 priorChange=-37.4299 successMove=18
ITERATION 83 newScore=-2.56912e+06 diffscore=1081.3 priorChange=-38.8162 successMove=17
ITERATION 84 newScore=-2.56676e+06 diffscore=2361.73 priorChange=-33.2711 successMove=17
ITERATION 85 newScore=-2.56633e+06 diffscore=423.226 priorChange=-26.3396 successMove=16
ITERATION 86 newScore=-2.56546e+06 diffscore=872.861 priorChange=-41.5888 successMove=16
ITERATION 87 newScore=-2.56524e+06 diffscore=219.308 priorChange=-27.7259 successMove=15
ITERATION 88 newScore=-2.56476e+06 diffscore=482.171 priorChange=-16.6355 successMove=15
ITERATION 89 newScore=-2.56465e+06 diffscore=109.286 priorChange=-37.4299 successMove=15
ITERATION 90 newScore=-2.56456e+06 diffscore=92.4893 priorChange=-30.4985 successMove=14
ITERATION 91 newScore=-2.56442e+06 diffscore=139.154 priorChange=-20.7944 successMove=13
ITERATION 92 newScore=-2.56406e+06 diffscore=357.318 priorChange=-15.2492 successMove=12
ITERATION 93 newScore=-2.56396e+06 diffscore=95.1666 priorChange=-22.1807 successMove=10
ITERATION 94 newScore=-2.56377e+06 diffscore=197.611 priorChange=-20.7944 successMove=10
ITERATION 95 newScore=-2.5634e+06 diffscore=367.654 priorChange=-19.4081 successMove=10
ITERATION 96 newScore=-2.5625e+06 diffscore=902.507 priorChange=-13.8629 successMove=8
ITERATION 97 newScore=-2.56239e+06 diffscore=103.06 priorChange=-12.4766 successMove=8
ITERATION 98 newScore=-2.56233e+06 diffscore=63.9226 priorChange=-15.2492 successMove=7
ITERATION 99 newScore=-2.56224e+06 diffscore=87.1181 priorChange=-13.8629 successMove=6
MetaLearner::dumpAllGraphs
Final Score -2.56224e+06
MetaLearner::start runtime: 1614947142 ms
Results/
Results/cluster2/
Results/cluster2/fold0/
Results/cluster2/fold0/var_mb_pw_k50.txt
Results/cluster2/fold0/modelparams.txt
Results/cluster9/
Results/cluster9/fold0/
Results/cluster9/fold0/var_mb_pw_k50.txt
Results/cluster9/fold0/modelparams.txt
Results/cluster1/
Results/cluster1/fold0/
Results/cluster1/fold0/var_mb_pw_k50.txt
Results/cluster1/fold0/modelparams.txt
Results/cluster3/
Results/cluster3/fold0/
Results/cluster3/fold0/var_mb_pw_k50.txt
Results/cluster3/fold0/modelparams.txt
Results/cluster8/
Results/cluster8/scoreFile.txt
Results/cluster8/fold0/
Results/cluster8/fold0/var_mb_pw_k50.txt
Results/cluster8/fold0/modelparams.txt
Results/cluster6/
Results/cluster6/fold0/
Results/cluster6/fold0/var_mb_pw_k50.txt
Results/cluster6/fold0/modelparams.txt
Results/cluster10/
Results/cluster10/fold0/
Results/cluster10/fold0/var_mb_pw_k50.txt
Results/cluster10/fold0/modelparams.txt
Results/cluster7/
Results/cluster7/fold0/
Results/cluster7/fold0/var_mb_pw_k50.txt
Results/cluster7/fold0/modelparams.txt
