000 (49777.2035.000) 10/11 10:48:13 Job submitted from host: <144.92.142.142:9618?addrs=144.92.142.142-9618&noUDP&sock=44923_051a_3>
...
001 (49777.2035.000) 10/11 18:16:15 Job executing on host: <128.105.68.16:9618?addrs=128.105.68.16-9618&alias=coba2000.chtc.wisc.edu&noUDP&sock=startd_7305_336c>
...
006 (49777.2035.000) 10/11 18:16:23 Image size of job updated: 105564
	104  -  MemoryUsage of job (MB)
	105552  -  ResidentSetSize of job (KB)
...
006 (49777.2035.000) 10/11 18:21:23 Image size of job updated: 747884
	695  -  MemoryUsage of job (MB)
	711504  -  ResidentSetSize of job (KB)
...
006 (49777.2035.000) 10/11 18:26:24 Image size of job updated: 1169924
	1112  -  MemoryUsage of job (MB)
	1138672  -  ResidentSetSize of job (KB)
...
006 (49777.2035.000) 10/11 18:31:24 Image size of job updated: 1687032
	1612  -  MemoryUsage of job (MB)
	1650036  -  ResidentSetSize of job (KB)
...
006 (49777.2035.000) 10/11 18:36:24 Image size of job updated: 2173692
	2087  -  MemoryUsage of job (MB)
	2136736  -  ResidentSetSize of job (KB)
...
006 (49777.2035.000) 10/11 18:39:26 Image size of job updated: 2535088
	2087  -  MemoryUsage of job (MB)
	2136736  -  ResidentSetSize of job (KB)
...
005 (49777.2035.000) 10/11 18:39:26 Job terminated.
	(1) Normal termination (return value 0)
		Usr 0 00:22:48, Sys 0 00:00:05  -  Run Remote Usage
		Usr 0 00:00:00, Sys 0 00:00:00  -  Run Local Usage
		Usr 0 00:22:48, Sys 0 00:00:05  -  Total Remote Usage
		Usr 0 00:00:00, Sys 0 00:00:00  -  Total Local Usage
	172452  -  Run Bytes Sent By Job
	316808288  -  Run Bytes Received By Job
	172452  -  Total Bytes Sent By Job
	316808288  -  Total Bytes Received By Job
	Partitionable Resources :     Usage  Request Allocated 
	   Cpus                 :      1.00        1         1 
	   Disk (KB)            : 325000      819200  44742796 
	   Gpus                 :                            0 
	   Ioheavy              :                            0 
	   Memory (MB)          :   2087       20480     21341 
...
