./CVN -f config_condor.txt -x50 -v1 -l TFs_OGs.txt -n AllGenes54.txt -d celltype_tree_ancestor.txt -m testdata_ogids.txt -s celltype_order.txt -p 0.2 -c yes -b -4 -q 4
(cluster3|cluster8) p_maintain_edge=0.8 p_gain=0.2
(cluster2|cluster3) p_maintain_edge=0.8 p_gain=0.2
(cluster1|cluster2) p_maintain_edge=0.8 p_gain=0.2
(cluster6|cluster2) p_maintain_edge=0.8 p_gain=0.2
(cluster9|cluster6) p_maintain_edge=0.8 p_gain=0.2
(cluster10|cluster6) p_maintain_edge=0.8 p_gain=0.2
(cluster7|cluster10) p_maintain_edge=0.8 p_gain=0.2
speciesSet.size()=8 Root is cluster8
MappedOrthogroupReader::readSpeciesMapping() --- celltype_order.txt
MappedOrthogroupReader::readFile - testdata_ogids.txt
MappedOrthogroupReader::generateGeneOrthoMap()
MetaLearner::init_onefold() read:config_condor.txt
MetaLearner::setinputVariableNames number of variables: 2044
readEvidenceTable:cluster8.table
PotentialManager::loadEvidenceFromTable varCount=2044 sampleCount=348
motifNetwork.size() = 319
0=cluster8 motifNetwork=cluster8_network.txt
variable size=2044
readEvidenceTable:cluster3.table
PotentialManager::loadEvidenceFromTable varCount=2044 sampleCount=95
motifNetwork.size() = 326
1=cluster3 motifNetwork=cluster3_network.txt
variable size=2044
readEvidenceTable:cluster2.table
PotentialManager::loadEvidenceFromTable varCount=2044 sampleCount=386
motifNetwork.size() = 328
2=cluster2 motifNetwork=cluster2_network.txt
variable size=2044
readEvidenceTable:cluster1.table
PotentialManager::loadEvidenceFromTable varCount=2044 sampleCount=36
motifNetwork.size() = 322
3=cluster1 motifNetwork=cluster1_network.txt
variable size=2044
readEvidenceTable:cluster6.table
PotentialManager::loadEvidenceFromTable varCount=2044 sampleCount=524
motifNetwork.size() = 320
4=cluster6 motifNetwork=cluster6_network.txt
variable size=2044
readEvidenceTable:cluster9.table
PotentialManager::loadEvidenceFromTable varCount=2044 sampleCount=184
motifNetwork.size() = 327
5=cluster9 motifNetwork=cluster9_network.txt
variable size=2044
readEvidenceTable:cluster10.table
PotentialManager::loadEvidenceFromTable varCount=2044 sampleCount=165
motifNetwork.size() = 326
6=cluster10 motifNetwork=cluster10_network.txt
variable size=2044
readEvidenceTable:cluster7.table
PotentialManager::loadEvidenceFromTable varCount=2044 sampleCount=1032
motifNetwork.size() = 320
7=cluster7 motifNetwork=cluster7_network.txt
variable size=2044
-------------------------------------------------------------
MetaLearner::start
precomputeEmptyGraphPrior
binkey=0 [Edge status: 0 0 0 0 0 0 0 0 ] P(G)=P(cluster8=0)[0.8] * P(cluster1=0|cluster2=0) * P(cluster9=0|cluster6=0) * P(cluster7=0|cluster10=0) * P(cluster10=0|cluster6=0) * P(cluster6=0|cluster2=0) * P(cluster2=0|cluster3=0) * P(cluster3=0|cluster8=0)[0.209715]=0.167772
condsetMap_Tree
0 cluster8=0 cluster3=0 cluster2=0 cluster1=0 cluster6=0 cluster9=0 cluster10=0 cluster7=1
1 cluster8=0 cluster3=0 cluster2=0 cluster1=0 cluster6=0 cluster9=1 cluster10=0 cluster7=0
2 cluster8=0 cluster3=0 cluster2=0 cluster1=0 cluster6=0 cluster9=1 cluster10=0 cluster7=1
3 cluster8=0 cluster3=0 cluster2=0 cluster1=1 cluster6=0 cluster9=0 cluster10=0 cluster7=0
4 cluster8=0 cluster3=0 cluster2=0 cluster1=1 cluster6=0 cluster9=0 cluster10=0 cluster7=1
5 cluster8=0 cluster3=0 cluster2=0 cluster1=1 cluster6=0 cluster9=1 cluster10=0 cluster7=0
6 cluster8=0 cluster3=0 cluster2=0 cluster1=1 cluster6=0 cluster9=1 cluster10=0 cluster7=1
7 cluster8=0 cluster3=0 cluster2=0 cluster1=0 cluster6=0 cluster9=0 cluster10=1 cluster7=1
8 cluster8=0 cluster3=0 cluster2=0 cluster1=0 cluster6=0 cluster9=1 cluster10=1 cluster7=1
9 cluster8=0 cluster3=0 cluster2=0 cluster1=1 cluster6=0 cluster9=0 cluster10=1 cluster7=1
10 cluster8=0 cluster3=0 cluster2=0 cluster1=1 cluster6=0 cluster9=1 cluster10=1 cluster7=1
11 cluster8=0 cluster3=0 cluster2=0 cluster1=0 cluster6=1 cluster9=1 cluster10=1 cluster7=1
12 cluster8=0 cluster3=0 cluster2=0 cluster1=1 cluster6=1 cluster9=1 cluster10=1 cluster7=1
13 cluster8=0 cluster3=0 cluster2=1 cluster1=1 cluster6=1 cluster9=1 cluster10=1 cluster7=1
14 cluster8=0 cluster3=1 cluster2=1 cluster1=1 cluster6=1 cluster9=1 cluster10=1 cluster7=1
15 cluster8=1 cluster3=1 cluster2=1 cluster1=1 cluster6=1 cluster9=1 cluster10=1 cluster7=1
16 cluster8=1 cluster3=1 cluster2=1 cluster1=1 cluster6=1 cluster9=1 cluster10=1 cluster7=0
17 cluster8=1 cluster3=1 cluster2=1 cluster1=1 cluster6=1 cluster9=0 cluster10=1 cluster7=1
18 cluster8=1 cluster3=1 cluster2=1 cluster1=1 cluster6=1 cluster9=0 cluster10=1 cluster7=0
19 cluster8=1 cluster3=1 cluster2=1 cluster1=0 cluster6=1 cluster9=1 cluster10=1 cluster7=1
20 cluster8=1 cluster3=1 cluster2=1 cluster1=0 cluster6=1 cluster9=1 cluster10=1 cluster7=0
21 cluster8=1 cluster3=1 cluster2=1 cluster1=0 cluster6=1 cluster9=0 cluster10=1 cluster7=1
22 cluster8=1 cluster3=1 cluster2=1 cluster1=0 cluster6=1 cluster9=0 cluster10=1 cluster7=0
23 cluster8=1 cluster3=1 cluster2=1 cluster1=1 cluster6=1 cluster9=1 cluster10=0 cluster7=0
24 cluster8=1 cluster3=1 cluster2=1 cluster1=1 cluster6=1 cluster9=0 cluster10=0 cluster7=0
25 cluster8=1 cluster3=1 cluster2=1 cluster1=0 cluster6=1 cluster9=1 cluster10=0 cluster7=0
26 cluster8=1 cluster3=1 cluster2=1 cluster1=0 cluster6=1 cluster9=0 cluster10=0 cluster7=0
27 cluster8=1 cluster3=1 cluster2=1 cluster1=1 cluster6=0 cluster9=0 cluster10=0 cluster7=0
28 cluster8=1 cluster3=1 cluster2=1 cluster1=0 cluster6=0 cluster9=0 cluster10=0 cluster7=0
29 cluster8=1 cluster3=1 cluster2=0 cluster1=0 cluster6=0 cluster9=0 cluster10=0 cluster7=0
30 cluster8=1 cluster3=0 cluster2=0 cluster1=0 cluster6=0 cluster9=0 cluster10=0 cluster7=0
31 cluster8=0 cluster3=0 cluster2=0 cluster1=0 cluster6=1 cluster9=0 cluster10=0 cluster7=0
32 cluster8=0 cluster3=0 cluster2=1 cluster1=0 cluster6=0 cluster9=0 cluster10=0 cluster7=0
33 cluster8=0 cluster3=0 cluster2=0 cluster1=0 cluster6=0 cluster9=0 cluster10=1 cluster7=0
34 cluster8=0 cluster3=1 cluster2=0 cluster1=0 cluster6=0 cluster9=0 cluster10=0 cluster7=0
inputRegulatorOGs.size() = 1999 inputOGList.size() = 50
binkey=16 [Edge status: 0 0 0 0 1 0 0 0 ] P(G)=P(cluster8=0)[0.8] * P(cluster1=0|cluster2=0) * P(cluster9=0|cluster6=1) * P(cluster7=0|cluster10=0) * P(cluster10=0|cluster6=1) * P(cluster6=1|cluster2=0) * P(cluster2=0|cluster3=0) * P(cluster3=0|cluster8=0)[0.0032768]=0.00262144
binkey=2 [Edge status: 0 1 0 0 0 0 0 0 ] P(G)=P(cluster8=0)[0.8] * P(cluster1=0|cluster2=0) * P(cluster9=0|cluster6=0) * P(cluster7=0|cluster10=0) * P(cluster10=0|cluster6=0) * P(cluster6=0|cluster2=0) * P(cluster2=0|cluster3=1) * P(cluster3=1|cluster8=0)[0.0131072]=0.0104858
binkey=8 [Edge status: 0 0 0 1 0 0 0 0 ] P(G)=P(cluster8=0)[0.8] * P(cluster1=1|cluster2=0) * P(cluster9=0|cluster6=0) * P(cluster7=0|cluster10=0) * P(cluster10=0|cluster6=0) * P(cluster6=0|cluster2=0) * P(cluster2=0|cluster3=0) * P(cluster3=0|cluster8=0)[0.0524288]=0.041943
binkey=128 [Edge status: 0 0 0 0 0 0 0 1 ] P(G)=P(cluster8=0)[0.8] * P(cluster1=0|cluster2=0) * P(cluster9=0|cluster6=0) * P(cluster7=1|cluster10=0) * P(cluster10=0|cluster6=0) * P(cluster6=0|cluster2=0) * P(cluster2=0|cluster3=0) * P(cluster3=0|cluster8=0)[0.0524288]=0.041943
binkey=1 [Edge status: 1 0 0 0 0 0 0 0 ] P(G)=P(cluster8=1)[0.2] * P(cluster1=0|cluster2=0) * P(cluster9=0|cluster6=0) * P(cluster7=0|cluster10=0) * P(cluster10=0|cluster6=0) * P(cluster6=0|cluster2=0) * P(cluster2=0|cluster3=0) * P(cluster3=0|cluster8=1)[0.0524288]=0.0104858
binkey=64 [Edge status: 0 0 0 0 0 0 1 0 ] P(G)=P(cluster8=0)[0.8] * P(cluster1=0|cluster2=0) * P(cluster9=0|cluster6=0) * P(cluster7=0|cluster10=1) * P(cluster10=1|cluster6=0) * P(cluster6=0|cluster2=0) * P(cluster2=0|cluster3=0) * P(cluster3=0|cluster8=0)[0.0131072]=0.0104858
binkey=4 [Edge status: 0 0 1 0 0 0 0 0 ] P(G)=P(cluster8=0)[0.8] * P(cluster1=0|cluster2=1) * P(cluster9=0|cluster6=0) * P(cluster7=0|cluster10=0) * P(cluster10=0|cluster6=0) * P(cluster6=0|cluster2=1) * P(cluster2=1|cluster3=0) * P(cluster3=0|cluster8=0)[0.0032768]=0.00262144
binkey=32 [Edge status: 0 0 0 0 0 1 0 0 ] P(G)=P(cluster8=0)[0.8] * P(cluster1=0|cluster2=0) * P(cluster9=1|cluster6=0) * P(cluster7=0|cluster10=0) * P(cluster10=0|cluster6=0) * P(cluster6=0|cluster2=0) * P(cluster2=0|cluster3=0) * P(cluster3=0|cluster8=0)[0.0524288]=0.041943
binkey=3 [Edge status: 1 1 0 0 0 0 0 0 ] P(G)=P(cluster8=1)[0.2] * P(cluster1=0|cluster2=0) * P(cluster9=0|cluster6=0) * P(cluster7=0|cluster10=0) * P(cluster10=0|cluster6=0) * P(cluster6=0|cluster2=0) * P(cluster2=0|cluster3=1) * P(cluster3=1|cluster8=1)[0.0524288]=0.0104858
binkey=192 [Edge status: 0 0 0 0 0 0 1 1 ] P(G)=P(cluster8=0)[0.8] * P(cluster1=0|cluster2=0) * P(cluster9=0|cluster6=0) * P(cluster7=1|cluster10=1) * P(cluster10=1|cluster6=0) * P(cluster6=0|cluster2=0) * P(cluster2=0|cluster3=0) * P(cluster3=0|cluster8=0)[0.0524288]=0.041943
binkey=136 [Edge status: 0 0 0 1 0 0 0 1 ] P(G)=P(cluster8=0)[0.8] * P(cluster1=1|cluster2=0) * P(cluster9=0|cluster6=0) * P(cluster7=1|cluster10=0) * P(cluster10=0|cluster6=0) * P(cluster6=0|cluster2=0) * P(cluster2=0|cluster3=0) * P(cluster3=0|cluster8=0)[0.0131072]=0.0104858
binkey=40 [Edge status: 0 0 0 1 0 1 0 0 ] P(G)=P(cluster8=0)[0.8] * P(cluster1=1|cluster2=0) * P(cluster9=1|cluster6=0) * P(cluster7=0|cluster10=0) * P(cluster10=0|cluster6=0) * P(cluster6=0|cluster2=0) * P(cluster2=0|cluster3=0) * P(cluster3=0|cluster8=0)[0.0131072]=0.0104858
binkey=160 [Edge status: 0 0 0 0 0 1 0 1 ] P(G)=P(cluster8=0)[0.8] * P(cluster1=0|cluster2=0) * P(cluster9=1|cluster6=0) * P(cluster7=1|cluster10=0) * P(cluster10=0|cluster6=0) * P(cluster6=0|cluster2=0) * P(cluster2=0|cluster3=0) * P(cluster3=0|cluster8=0)[0.0131072]=0.0104858
binkey=200 [Edge status: 0 0 0 1 0 0 1 1 ] P(G)=P(cluster8=0)[0.8] * P(cluster1=1|cluster2=0) * P(cluster9=0|cluster6=0) * P(cluster7=1|cluster10=1) * P(cluster10=1|cluster6=0) * P(cluster6=0|cluster2=0) * P(cluster2=0|cluster3=0) * P(cluster3=0|cluster8=0)[0.0131072]=0.0104858
binkey=224 [Edge status: 0 0 0 0 0 1 1 1 ] P(G)=P(cluster8=0)[0.8] * P(cluster1=0|cluster2=0) * P(cluster9=1|cluster6=0) * P(cluster7=1|cluster10=1) * P(cluster10=1|cluster6=0) * P(cluster6=0|cluster2=0) * P(cluster2=0|cluster3=0) * P(cluster3=0|cluster8=0)[0.0131072]=0.0104858
binkey=168 [Edge status: 0 0 0 1 0 1 0 1 ] P(G)=P(cluster8=0)[0.8] * P(cluster1=1|cluster2=0) * P(cluster9=1|cluster6=0) * P(cluster7=1|cluster10=0) * P(cluster10=0|cluster6=0) * P(cluster6=0|cluster2=0) * P(cluster2=0|cluster3=0) * P(cluster3=0|cluster8=0)[0.0032768]=0.00262144
binkey=232 [Edge status: 0 0 0 1 0 1 1 1 ] P(G)=P(cluster8=0)[0.8] * P(cluster1=1|cluster2=0) * P(cluster9=1|cluster6=0) * P(cluster7=1|cluster10=1) * P(cluster10=1|cluster6=0) * P(cluster6=0|cluster2=0) * P(cluster2=0|cluster3=0) * P(cluster3=0|cluster8=0)[0.0032768]=0.00262144
binkey=7 [Edge status: 1 1 1 0 0 0 0 0 ] P(G)=P(cluster8=1)[0.2] * P(cluster1=0|cluster2=1) * P(cluster9=0|cluster6=0) * P(cluster7=0|cluster10=0) * P(cluster10=0|cluster6=0) * P(cluster6=0|cluster2=1) * P(cluster2=1|cluster3=1) * P(cluster3=1|cluster8=1)[0.0131072]=0.00262144
binkey=240 [Edge status: 0 0 0 0 1 1 1 1 ] P(G)=P(cluster8=0)[0.8] * P(cluster1=0|cluster2=0) * P(cluster9=1|cluster6=1) * P(cluster7=1|cluster10=1) * P(cluster10=1|cluster6=1) * P(cluster6=1|cluster2=0) * P(cluster2=0|cluster3=0) * P(cluster3=0|cluster8=0)[0.0524288]=0.041943
ITERATION 0 newScore=-2.66023e+06 diffscore=17989.8 priorChange=-98.4269 successMove=54
binkey=15 [Edge status: 1 1 1 1 0 0 0 0 ] P(G)=P(cluster8=1)[0.2] * P(cluster1=1|cluster2=1) * P(cluster9=0|cluster6=0) * P(cluster7=0|cluster10=0) * P(cluster10=0|cluster6=0) * P(cluster6=0|cluster2=1) * P(cluster2=1|cluster3=1) * P(cluster3=1|cluster8=1)[0.0524288]=0.0104858
ITERATION 1 newScore=-2.65083e+06 diffscore=9403.5 priorChange=-113.676 successMove=50
ITERATION 2 newScore=-2.64631e+06 diffscore=4519.21 priorChange=-120.608 successMove=54
ITERATION 3 newScore=-2.63937e+06 diffscore=6936.9 priorChange=-120.608 successMove=53
ITERATION 4 newScore=-2.63138e+06 diffscore=7989.58 priorChange=-110.904 successMove=50
ITERATION 5 newScore=-2.62563e+06 diffscore=5749.02 priorChange=-110.904 successMove=55
ITERATION 6 newScore=-2.62333e+06 diffscore=2307.51 priorChange=-103.972 successMove=52
ITERATION 7 newScore=-2.61782e+06 diffscore=5510.05 priorChange=-112.29 successMove=51
ITERATION 8 newScore=-2.61396e+06 diffscore=3857.74 priorChange=-115.062 successMove=52
ITERATION 9 newScore=-2.60866e+06 diffscore=5303.27 priorChange=-117.835 successMove=51
ITERATION 10 newScore=-2.60406e+06 diffscore=4593.43 priorChange=-108.131 successMove=50
ITERATION 11 newScore=-2.6024e+06 diffscore=1660.64 priorChange=-103.972 successMove=51
ITERATION 12 newScore=-2.59817e+06 diffscore=4228.33 priorChange=-117.835 successMove=51
ITERATION 13 newScore=-2.59482e+06 diffscore=3348.48 priorChange=-117.835 successMove=50
ITERATION 14 newScore=-2.59318e+06 diffscore=1646.35 priorChange=-116.449 successMove=51
ITERATION 15 newScore=-2.58905e+06 diffscore=4129.56 priorChange=-102.586 successMove=50
ITERATION 16 newScore=-2.58693e+06 diffscore=2116.13 priorChange=-113.676 successMove=50
ITERATION 17 newScore=-2.58605e+06 diffscore=882.405 priorChange=-109.517 successMove=50
ITERATION 18 newScore=-2.58348e+06 diffscore=2573.29 priorChange=-106.745 successMove=50
ITERATION 19 newScore=-2.58211e+06 diffscore=1371.54 priorChange=-106.745 successMove=49
ITERATION 20 newScore=-2.58016e+06 diffscore=1947.35 priorChange=-90.1091 successMove=51
ITERATION 21 newScore=-2.57967e+06 diffscore=489.549 priorChange=-99.8132 successMove=48
ITERATION 22 newScore=-2.57873e+06 diffscore=942.83 priorChange=-105.358 successMove=49
ITERATION 23 newScore=-2.57689e+06 diffscore=1831.4 priorChange=-103.972 successMove=48
ITERATION 24 newScore=-2.57542e+06 diffscore=1469.76 priorChange=-106.745 successMove=48
ITERATION 25 newScore=-2.57485e+06 diffscore=573.558 priorChange=-85.9503 successMove=49
ITERATION 26 newScore=-2.5723e+06 diffscore=2552.62 priorChange=-87.3365 successMove=47
ITERATION 27 newScore=-2.56913e+06 diffscore=3173.27 priorChange=-87.3365 successMove=47
ITERATION 28 newScore=-2.56662e+06 diffscore=2506.58 priorChange=-106.745 successMove=46
ITERATION 29 newScore=-2.56476e+06 diffscore=1860.99 priorChange=-108.131 successMove=46
ITERATION 30 newScore=-2.56414e+06 diffscore=621.511 priorChange=-106.745 successMove=48
ITERATION 31 newScore=-2.56222e+06 diffscore=1920.87 priorChange=-106.745 successMove=46
ITERATION 32 newScore=-2.56176e+06 diffscore=453.576 priorChange=-101.199 successMove=46
ITERATION 33 newScore=-2.56119e+06 diffscore=574.137 priorChange=-106.745 successMove=45
ITERATION 34 newScore=-2.55844e+06 diffscore=2745.23 priorChange=-103.972 successMove=45
ITERATION 35 newScore=-2.55658e+06 diffscore=1863.37 priorChange=-99.8132 successMove=45
ITERATION 36 newScore=-2.55497e+06 diffscore=1606.02 priorChange=-99.8132 successMove=46
ITERATION 37 newScore=-2.55273e+06 diffscore=2247.12 priorChange=-97.0406 successMove=44
ITERATION 38 newScore=-2.55066e+06 diffscore=2067.91 priorChange=-90.1091 successMove=44
ITERATION 39 newScore=-2.5491e+06 diffscore=1555.93 priorChange=-98.4269 successMove=46
ITERATION 40 newScore=-2.54679e+06 diffscore=2309.49 priorChange=-99.8132 successMove=44
ITERATION 41 newScore=-2.54653e+06 diffscore=258.219 priorChange=-88.7228 successMove=43
ITERATION 42 newScore=-2.54598e+06 diffscore=558.611 priorChange=-98.4269 successMove=43
ITERATION 43 newScore=-2.5457e+06 diffscore=275.494 priorChange=-90.1091 successMove=42
ITERATION 44 newScore=-2.54543e+06 diffscore=268.29 priorChange=-103.972 successMove=42
ITERATION 45 newScore=-2.54508e+06 diffscore=352.932 priorChange=-97.0406 successMove=42
ITERATION 46 newScore=-2.54373e+06 diffscore=1349.61 priorChange=-87.3365 successMove=40
ITERATION 47 newScore=-2.54349e+06 diffscore=235.529 priorChange=-76.2462 successMove=39
ITERATION 48 newScore=-2.54104e+06 diffscore=2458.89 priorChange=-81.7914 successMove=39
ITERATION 49 newScore=-2.54084e+06 diffscore=194.075 priorChange=-73.4736 successMove=40
ITERATION 50 newScore=-2.54056e+06 diffscore=280.764 priorChange=-80.4051 successMove=38
ITERATION 51 newScore=-2.53954e+06 diffscore=1016.62 priorChange=-87.3365 successMove=37
ITERATION 52 newScore=-2.53822e+06 diffscore=1322.17 priorChange=-80.4051 successMove=36
ITERATION 53 newScore=-2.53805e+06 diffscore=167.865 priorChange=-95.6543 successMove=35
ITERATION 54 newScore=-2.53789e+06 diffscore=165.208 priorChange=-88.7228 successMove=34
ITERATION 55 newScore=-2.53774e+06 diffscore=147.438 priorChange=-72.0873 successMove=32
ITERATION 56 newScore=-2.53756e+06 diffscore=183.495 priorChange=-77.6325 successMove=30
ITERATION 57 newScore=-2.53738e+06 diffscore=180.806 priorChange=-76.2462 successMove=30
ITERATION 58 newScore=-2.5372e+06 diffscore=175.35 priorChange=-59.6107 successMove=31
ITERATION 59 newScore=-2.53703e+06 diffscore=174.335 priorChange=-77.6325 successMove=30
ITERATION 60 newScore=-2.53662e+06 diffscore=410.569 priorChange=-66.5421 successMove=29
ITERATION 61 newScore=-2.53544e+06 diffscore=1179.71 priorChange=-60.997 successMove=29
ITERATION 62 newScore=-2.53522e+06 diffscore=217.597 priorChange=-65.1558 successMove=29
ITERATION 63 newScore=-2.535e+06 diffscore=214.008 priorChange=-59.6107 successMove=29
ITERATION 64 newScore=-2.53481e+06 diffscore=197.883 priorChange=-59.6107 successMove=29
ITERATION 65 newScore=-2.53226e+06 diffscore=2551.22 priorChange=-62.3832 successMove=26
ITERATION 66 newScore=-2.53209e+06 diffscore=164.844 priorChange=-54.0655 successMove=25
ITERATION 67 newScore=-2.5319e+06 diffscore=191.288 priorChange=-56.8381 successMove=24
ITERATION 68 newScore=-2.53167e+06 diffscore=228.808 priorChange=-42.9751 successMove=24
ITERATION 69 newScore=-2.53147e+06 diffscore=204.528 priorChange=-41.5888 successMove=24
ITERATION 70 newScore=-2.53014e+06 diffscore=1324.38 priorChange=-38.8162 successMove=23
ITERATION 71 newScore=-2.52918e+06 diffscore=966.908 priorChange=-40.2025 successMove=23
ITERATION 72 newScore=-2.52903e+06 diffscore=147.517 priorChange=-45.7477 successMove=21
ITERATION 73 newScore=-2.52882e+06 diffscore=209.543 priorChange=-30.4985 successMove=19
ITERATION 74 newScore=-2.52767e+06 diffscore=1144.81 priorChange=-38.8162 successMove=18
ITERATION 75 newScore=-2.52758e+06 diffscore=91.2427 priorChange=-37.4299 successMove=19
ITERATION 76 newScore=-2.52748e+06 diffscore=97.1073 priorChange=-36.0437 successMove=18
ITERATION 77 newScore=-2.52739e+06 diffscore=91.5244 priorChange=-34.6574 successMove=17
ITERATION 78 newScore=-2.5273e+06 diffscore=98.3149 priorChange=-30.4985 successMove=16
ITERATION 79 newScore=-2.52718e+06 diffscore=116.222 priorChange=-34.6574 successMove=15
ITERATION 80 newScore=-2.52711e+06 diffscore=72.6632 priorChange=-26.3396 successMove=17
ITERATION 81 newScore=-2.52704e+06 diffscore=66.3794 priorChange=-27.7259 successMove=13
ITERATION 82 newScore=-2.52698e+06 diffscore=63.9738 priorChange=-15.2492 successMove=12
ITERATION 83 newScore=-2.52691e+06 diffscore=68.28 priorChange=-19.4081 successMove=11
ITERATION 84 newScore=-2.52682e+06 diffscore=86.6641 priorChange=-22.1807 successMove=11
ITERATION 85 newScore=-2.52671e+06 diffscore=113.278 priorChange=-22.1807 successMove=11
ITERATION 86 newScore=-2.52657e+06 diffscore=140.925 priorChange=-18.0218 successMove=11
ITERATION 87 newScore=-2.52545e+06 diffscore=1118.27 priorChange=-16.6355 successMove=10
ITERATION 88 newScore=-2.5253e+06 diffscore=144.903 priorChange=-24.9533 successMove=10
ITERATION 89 newScore=-2.52507e+06 diffscore=228.968 priorChange=-20.7944 successMove=11
ITERATION 90 newScore=-2.52488e+06 diffscore=198.915 priorChange=-19.4081 successMove=10
ITERATION 91 newScore=-2.52419e+06 diffscore=685.42 priorChange=-11.0904 successMove=10
ITERATION 92 newScore=-2.52414e+06 diffscore=51.3375 priorChange=-23.567 successMove=10
ITERATION 93 newScore=-2.52359e+06 diffscore=545.992 priorChange=-20.7944 successMove=10
ITERATION 94 newScore=-2.52356e+06 diffscore=32.3886 priorChange=-20.7944 successMove=9
ITERATION 95 newScore=-2.52354e+06 diffscore=22.7239 priorChange=-11.0904 successMove=7
ITERATION 96 newScore=-2.52352e+06 diffscore=16.8156 priorChange=-8.31777 successMove=6
ITERATION 97 newScore=-2.5235e+06 diffscore=20.6355 priorChange=-11.0904 successMove=5
ITERATION 98 newScore=-2.52348e+06 diffscore=17.8508 priorChange=-6.93147 successMove=4
ITERATION 99 newScore=-2.52346e+06 diffscore=19.4058 priorChange=-5.54518 successMove=3
MetaLearner::dumpAllGraphs
Final Score -2.52346e+06
MetaLearner::start runtime: 1162241449 ms
Results/
Results/cluster3/
Results/cluster3/fold0/
Results/cluster3/fold0/modelparams.txt
Results/cluster3/fold0/var_mb_pw_k50.txt
Results/cluster7/
Results/cluster7/fold0/
Results/cluster7/fold0/modelparams.txt
Results/cluster7/fold0/var_mb_pw_k50.txt
Results/cluster2/
Results/cluster2/fold0/
Results/cluster2/fold0/modelparams.txt
Results/cluster2/fold0/var_mb_pw_k50.txt
Results/cluster9/
Results/cluster9/fold0/
Results/cluster9/fold0/modelparams.txt
Results/cluster9/fold0/var_mb_pw_k50.txt
Results/cluster6/
Results/cluster6/fold0/
Results/cluster6/fold0/modelparams.txt
Results/cluster6/fold0/var_mb_pw_k50.txt
Results/cluster1/
Results/cluster1/fold0/
Results/cluster1/fold0/modelparams.txt
Results/cluster1/fold0/var_mb_pw_k50.txt
Results/cluster10/
Results/cluster10/fold0/
Results/cluster10/fold0/modelparams.txt
Results/cluster10/fold0/var_mb_pw_k50.txt
Results/cluster8/
Results/cluster8/scoreFile.txt
Results/cluster8/fold0/
Results/cluster8/fold0/modelparams.txt
Results/cluster8/fold0/var_mb_pw_k50.txt
