./CVN -f config_condor.txt -x50 -v1 -l TFs_OGs.txt -n AllGenes103.txt -d celltype_tree_ancestor.txt -m testdata_ogids.txt -s celltype_order.txt -p 0.2 -c yes -b -4 -q 4
(cluster3|cluster8) p_maintain_edge=0.8 p_gain=0.2
(cluster2|cluster3) p_maintain_edge=0.8 p_gain=0.2
(cluster1|cluster2) p_maintain_edge=0.8 p_gain=0.2
(cluster6|cluster2) p_maintain_edge=0.8 p_gain=0.2
(cluster9|cluster6) p_maintain_edge=0.8 p_gain=0.2
(cluster10|cluster6) p_maintain_edge=0.8 p_gain=0.2
(cluster7|cluster10) p_maintain_edge=0.8 p_gain=0.2
speciesSet.size()=8 Root is cluster8
MappedOrthogroupReader::readSpeciesMapping() --- celltype_order.txt
MappedOrthogroupReader::readFile - testdata_ogids.txt
MappedOrthogroupReader::generateGeneOrthoMap()
MetaLearner::init_onefold() read:config_condor.txt
MetaLearner::setinputVariableNames number of variables: 2035
readEvidenceTable:cluster8.table
PotentialManager::loadEvidenceFromTable varCount=2035 sampleCount=348
motifNetwork.size() = 319
0=cluster8 motifNetwork=cluster8_network.txt
variable size=2035
readEvidenceTable:cluster3.table
PotentialManager::loadEvidenceFromTable varCount=2035 sampleCount=95
motifNetwork.size() = 326
1=cluster3 motifNetwork=cluster3_network.txt
variable size=2035
readEvidenceTable:cluster2.table
PotentialManager::loadEvidenceFromTable varCount=2035 sampleCount=386
motifNetwork.size() = 328
2=cluster2 motifNetwork=cluster2_network.txt
variable size=2035
readEvidenceTable:cluster1.table
PotentialManager::loadEvidenceFromTable varCount=2035 sampleCount=36
motifNetwork.size() = 322
3=cluster1 motifNetwork=cluster1_network.txt
variable size=2035
readEvidenceTable:cluster6.table
PotentialManager::loadEvidenceFromTable varCount=2035 sampleCount=524
motifNetwork.size() = 320
4=cluster6 motifNetwork=cluster6_network.txt
variable size=2035
readEvidenceTable:cluster9.table
PotentialManager::loadEvidenceFromTable varCount=2035 sampleCount=184
motifNetwork.size() = 327
5=cluster9 motifNetwork=cluster9_network.txt
variable size=2035
readEvidenceTable:cluster10.table
PotentialManager::loadEvidenceFromTable varCount=2035 sampleCount=165
motifNetwork.size() = 326
6=cluster10 motifNetwork=cluster10_network.txt
variable size=2035
readEvidenceTable:cluster7.table
PotentialManager::loadEvidenceFromTable varCount=2035 sampleCount=1032
motifNetwork.size() = 320
7=cluster7 motifNetwork=cluster7_network.txt
variable size=2035
-------------------------------------------------------------
MetaLearner::start
precomputeEmptyGraphPrior
binkey=0 [Edge status: 0 0 0 0 0 0 0 0 ] P(G)=P(cluster8=0)[0.8] * P(cluster1=0|cluster2=0) * P(cluster9=0|cluster6=0) * P(cluster7=0|cluster10=0) * P(cluster10=0|cluster6=0) * P(cluster6=0|cluster2=0) * P(cluster2=0|cluster3=0) * P(cluster3=0|cluster8=0)[0.209715]=0.167772
condsetMap_Tree
0 cluster8=0 cluster3=0 cluster2=0 cluster1=0 cluster6=0 cluster9=0 cluster10=0 cluster7=1
1 cluster8=0 cluster3=0 cluster2=0 cluster1=0 cluster6=0 cluster9=1 cluster10=0 cluster7=0
2 cluster8=0 cluster3=0 cluster2=0 cluster1=0 cluster6=0 cluster9=1 cluster10=0 cluster7=1
3 cluster8=0 cluster3=0 cluster2=0 cluster1=1 cluster6=0 cluster9=0 cluster10=0 cluster7=0
4 cluster8=0 cluster3=0 cluster2=0 cluster1=1 cluster6=0 cluster9=0 cluster10=0 cluster7=1
5 cluster8=0 cluster3=0 cluster2=0 cluster1=1 cluster6=0 cluster9=1 cluster10=0 cluster7=0
6 cluster8=0 cluster3=0 cluster2=0 cluster1=1 cluster6=0 cluster9=1 cluster10=0 cluster7=1
7 cluster8=0 cluster3=0 cluster2=0 cluster1=0 cluster6=0 cluster9=0 cluster10=1 cluster7=1
8 cluster8=0 cluster3=0 cluster2=0 cluster1=0 cluster6=0 cluster9=1 cluster10=1 cluster7=1
9 cluster8=0 cluster3=0 cluster2=0 cluster1=1 cluster6=0 cluster9=0 cluster10=1 cluster7=1
10 cluster8=0 cluster3=0 cluster2=0 cluster1=1 cluster6=0 cluster9=1 cluster10=1 cluster7=1
11 cluster8=0 cluster3=0 cluster2=0 cluster1=0 cluster6=1 cluster9=1 cluster10=1 cluster7=1
12 cluster8=0 cluster3=0 cluster2=0 cluster1=1 cluster6=1 cluster9=1 cluster10=1 cluster7=1
13 cluster8=0 cluster3=0 cluster2=1 cluster1=1 cluster6=1 cluster9=1 cluster10=1 cluster7=1
14 cluster8=0 cluster3=1 cluster2=1 cluster1=1 cluster6=1 cluster9=1 cluster10=1 cluster7=1
15 cluster8=1 cluster3=1 cluster2=1 cluster1=1 cluster6=1 cluster9=1 cluster10=1 cluster7=1
16 cluster8=1 cluster3=1 cluster2=1 cluster1=1 cluster6=1 cluster9=1 cluster10=1 cluster7=0
17 cluster8=1 cluster3=1 cluster2=1 cluster1=1 cluster6=1 cluster9=0 cluster10=1 cluster7=1
18 cluster8=1 cluster3=1 cluster2=1 cluster1=1 cluster6=1 cluster9=0 cluster10=1 cluster7=0
19 cluster8=1 cluster3=1 cluster2=1 cluster1=0 cluster6=1 cluster9=1 cluster10=1 cluster7=1
20 cluster8=1 cluster3=1 cluster2=1 cluster1=0 cluster6=1 cluster9=1 cluster10=1 cluster7=0
21 cluster8=1 cluster3=1 cluster2=1 cluster1=0 cluster6=1 cluster9=0 cluster10=1 cluster7=1
22 cluster8=1 cluster3=1 cluster2=1 cluster1=0 cluster6=1 cluster9=0 cluster10=1 cluster7=0
23 cluster8=1 cluster3=1 cluster2=1 cluster1=1 cluster6=1 cluster9=1 cluster10=0 cluster7=0
24 cluster8=1 cluster3=1 cluster2=1 cluster1=1 cluster6=1 cluster9=0 cluster10=0 cluster7=0
25 cluster8=1 cluster3=1 cluster2=1 cluster1=0 cluster6=1 cluster9=1 cluster10=0 cluster7=0
26 cluster8=1 cluster3=1 cluster2=1 cluster1=0 cluster6=1 cluster9=0 cluster10=0 cluster7=0
27 cluster8=1 cluster3=1 cluster2=1 cluster1=1 cluster6=0 cluster9=0 cluster10=0 cluster7=0
28 cluster8=1 cluster3=1 cluster2=1 cluster1=0 cluster6=0 cluster9=0 cluster10=0 cluster7=0
29 cluster8=1 cluster3=1 cluster2=0 cluster1=0 cluster6=0 cluster9=0 cluster10=0 cluster7=0
30 cluster8=1 cluster3=0 cluster2=0 cluster1=0 cluster6=0 cluster9=0 cluster10=0 cluster7=0
31 cluster8=0 cluster3=0 cluster2=0 cluster1=0 cluster6=1 cluster9=0 cluster10=0 cluster7=0
32 cluster8=0 cluster3=0 cluster2=1 cluster1=0 cluster6=0 cluster9=0 cluster10=0 cluster7=0
33 cluster8=0 cluster3=0 cluster2=0 cluster1=0 cluster6=0 cluster9=0 cluster10=1 cluster7=0
34 cluster8=0 cluster3=1 cluster2=0 cluster1=0 cluster6=0 cluster9=0 cluster10=0 cluster7=0
inputRegulatorOGs.size() = 1999 inputOGList.size() = 50
binkey=128 [Edge status: 0 0 0 0 0 0 0 1 ] P(G)=P(cluster8=0)[0.8] * P(cluster1=0|cluster2=0) * P(cluster9=0|cluster6=0) * P(cluster7=1|cluster10=0) * P(cluster10=0|cluster6=0) * P(cluster6=0|cluster2=0) * P(cluster2=0|cluster3=0) * P(cluster3=0|cluster8=0)[0.0524288]=0.041943
binkey=1 [Edge status: 1 0 0 0 0 0 0 0 ] P(G)=P(cluster8=1)[0.2] * P(cluster1=0|cluster2=0) * P(cluster9=0|cluster6=0) * P(cluster7=0|cluster10=0) * P(cluster10=0|cluster6=0) * P(cluster6=0|cluster2=0) * P(cluster2=0|cluster3=0) * P(cluster3=0|cluster8=1)[0.0524288]=0.0104858
binkey=16 [Edge status: 0 0 0 0 1 0 0 0 ] P(G)=P(cluster8=0)[0.8] * P(cluster1=0|cluster2=0) * P(cluster9=0|cluster6=1) * P(cluster7=0|cluster10=0) * P(cluster10=0|cluster6=1) * P(cluster6=1|cluster2=0) * P(cluster2=0|cluster3=0) * P(cluster3=0|cluster8=0)[0.0032768]=0.00262144
binkey=32 [Edge status: 0 0 0 0 0 1 0 0 ] P(G)=P(cluster8=0)[0.8] * P(cluster1=0|cluster2=0) * P(cluster9=1|cluster6=0) * P(cluster7=0|cluster10=0) * P(cluster10=0|cluster6=0) * P(cluster6=0|cluster2=0) * P(cluster2=0|cluster3=0) * P(cluster3=0|cluster8=0)[0.0524288]=0.041943
binkey=64 [Edge status: 0 0 0 0 0 0 1 0 ] P(G)=P(cluster8=0)[0.8] * P(cluster1=0|cluster2=0) * P(cluster9=0|cluster6=0) * P(cluster7=0|cluster10=1) * P(cluster10=1|cluster6=0) * P(cluster6=0|cluster2=0) * P(cluster2=0|cluster3=0) * P(cluster3=0|cluster8=0)[0.0131072]=0.0104858
binkey=4 [Edge status: 0 0 1 0 0 0 0 0 ] P(G)=P(cluster8=0)[0.8] * P(cluster1=0|cluster2=1) * P(cluster9=0|cluster6=0) * P(cluster7=0|cluster10=0) * P(cluster10=0|cluster6=0) * P(cluster6=0|cluster2=1) * P(cluster2=1|cluster3=0) * P(cluster3=0|cluster8=0)[0.0032768]=0.00262144
binkey=192 [Edge status: 0 0 0 0 0 0 1 1 ] P(G)=P(cluster8=0)[0.8] * P(cluster1=0|cluster2=0) * P(cluster9=0|cluster6=0) * P(cluster7=1|cluster10=1) * P(cluster10=1|cluster6=0) * P(cluster6=0|cluster2=0) * P(cluster2=0|cluster3=0) * P(cluster3=0|cluster8=0)[0.0524288]=0.041943
binkey=160 [Edge status: 0 0 0 0 0 1 0 1 ] P(G)=P(cluster8=0)[0.8] * P(cluster1=0|cluster2=0) * P(cluster9=1|cluster6=0) * P(cluster7=1|cluster10=0) * P(cluster10=0|cluster6=0) * P(cluster6=0|cluster2=0) * P(cluster2=0|cluster3=0) * P(cluster3=0|cluster8=0)[0.0131072]=0.0104858
binkey=8 [Edge status: 0 0 0 1 0 0 0 0 ] P(G)=P(cluster8=0)[0.8] * P(cluster1=1|cluster2=0) * P(cluster9=0|cluster6=0) * P(cluster7=0|cluster10=0) * P(cluster10=0|cluster6=0) * P(cluster6=0|cluster2=0) * P(cluster2=0|cluster3=0) * P(cluster3=0|cluster8=0)[0.0524288]=0.041943
binkey=2 [Edge status: 0 1 0 0 0 0 0 0 ] P(G)=P(cluster8=0)[0.8] * P(cluster1=0|cluster2=0) * P(cluster9=0|cluster6=0) * P(cluster7=0|cluster10=0) * P(cluster10=0|cluster6=0) * P(cluster6=0|cluster2=0) * P(cluster2=0|cluster3=1) * P(cluster3=1|cluster8=0)[0.0131072]=0.0104858
binkey=3 [Edge status: 1 1 0 0 0 0 0 0 ] P(G)=P(cluster8=1)[0.2] * P(cluster1=0|cluster2=0) * P(cluster9=0|cluster6=0) * P(cluster7=0|cluster10=0) * P(cluster10=0|cluster6=0) * P(cluster6=0|cluster2=0) * P(cluster2=0|cluster3=1) * P(cluster3=1|cluster8=1)[0.0524288]=0.0104858
binkey=136 [Edge status: 0 0 0 1 0 0 0 1 ] P(G)=P(cluster8=0)[0.8] * P(cluster1=1|cluster2=0) * P(cluster9=0|cluster6=0) * P(cluster7=1|cluster10=0) * P(cluster10=0|cluster6=0) * P(cluster6=0|cluster2=0) * P(cluster2=0|cluster3=0) * P(cluster3=0|cluster8=0)[0.0131072]=0.0104858
binkey=224 [Edge status: 0 0 0 0 0 1 1 1 ] P(G)=P(cluster8=0)[0.8] * P(cluster1=0|cluster2=0) * P(cluster9=1|cluster6=0) * P(cluster7=1|cluster10=1) * P(cluster10=1|cluster6=0) * P(cluster6=0|cluster2=0) * P(cluster2=0|cluster3=0) * P(cluster3=0|cluster8=0)[0.0131072]=0.0104858
binkey=240 [Edge status: 0 0 0 0 1 1 1 1 ] P(G)=P(cluster8=0)[0.8] * P(cluster1=0|cluster2=0) * P(cluster9=1|cluster6=1) * P(cluster7=1|cluster10=1) * P(cluster10=1|cluster6=1) * P(cluster6=1|cluster2=0) * P(cluster2=0|cluster3=0) * P(cluster3=0|cluster8=0)[0.0524288]=0.041943
binkey=40 [Edge status: 0 0 0 1 0 1 0 0 ] P(G)=P(cluster8=0)[0.8] * P(cluster1=1|cluster2=0) * P(cluster9=1|cluster6=0) * P(cluster7=0|cluster10=0) * P(cluster10=0|cluster6=0) * P(cluster6=0|cluster2=0) * P(cluster2=0|cluster3=0) * P(cluster3=0|cluster8=0)[0.0131072]=0.0104858
binkey=200 [Edge status: 0 0 0 1 0 0 1 1 ] P(G)=P(cluster8=0)[0.8] * P(cluster1=1|cluster2=0) * P(cluster9=0|cluster6=0) * P(cluster7=1|cluster10=1) * P(cluster10=1|cluster6=0) * P(cluster6=0|cluster2=0) * P(cluster2=0|cluster3=0) * P(cluster3=0|cluster8=0)[0.0131072]=0.0104858
binkey=168 [Edge status: 0 0 0 1 0 1 0 1 ] P(G)=P(cluster8=0)[0.8] * P(cluster1=1|cluster2=0) * P(cluster9=1|cluster6=0) * P(cluster7=1|cluster10=0) * P(cluster10=0|cluster6=0) * P(cluster6=0|cluster2=0) * P(cluster2=0|cluster3=0) * P(cluster3=0|cluster8=0)[0.0032768]=0.00262144
binkey=23 [Edge status: 1 1 1 0 1 0 0 0 ] P(G)=P(cluster8=1)[0.2] * P(cluster1=0|cluster2=1) * P(cluster9=0|cluster6=1) * P(cluster7=0|cluster10=0) * P(cluster10=0|cluster6=1) * P(cluster6=1|cluster2=1) * P(cluster2=1|cluster3=1) * P(cluster3=1|cluster8=1)[0.0032768]=0.00065536
binkey=7 [Edge status: 1 1 1 0 0 0 0 0 ] P(G)=P(cluster8=1)[0.2] * P(cluster1=0|cluster2=1) * P(cluster9=0|cluster6=0) * P(cluster7=0|cluster10=0) * P(cluster10=0|cluster6=0) * P(cluster6=0|cluster2=1) * P(cluster2=1|cluster3=1) * P(cluster3=1|cluster8=1)[0.0131072]=0.00262144
binkey=232 [Edge status: 0 0 0 1 0 1 1 1 ] P(G)=P(cluster8=0)[0.8] * P(cluster1=1|cluster2=0) * P(cluster9=1|cluster6=0) * P(cluster7=1|cluster10=1) * P(cluster10=1|cluster6=0) * P(cluster6=0|cluster2=0) * P(cluster2=0|cluster3=0) * P(cluster3=0|cluster8=0)[0.0032768]=0.00262144
binkey=248 [Edge status: 0 0 0 1 1 1 1 1 ] P(G)=P(cluster8=0)[0.8] * P(cluster1=1|cluster2=0) * P(cluster9=1|cluster6=1) * P(cluster7=1|cluster10=1) * P(cluster10=1|cluster6=1) * P(cluster6=1|cluster2=0) * P(cluster2=0|cluster3=0) * P(cluster3=0|cluster8=0)[0.0131072]=0.0104858
binkey=252 [Edge status: 0 0 1 1 1 1 1 1 ] P(G)=P(cluster8=0)[0.8] * P(cluster1=1|cluster2=1) * P(cluster9=1|cluster6=1) * P(cluster7=1|cluster10=1) * P(cluster10=1|cluster6=1) * P(cluster6=1|cluster2=1) * P(cluster2=1|cluster3=0) * P(cluster3=0|cluster8=0)[0.0524288]=0.041943
binkey=55 [Edge status: 1 1 1 0 1 1 0 0 ] P(G)=P(cluster8=1)[0.2] * P(cluster1=0|cluster2=1) * P(cluster9=1|cluster6=1) * P(cluster7=0|cluster10=0) * P(cluster10=0|cluster6=1) * P(cluster6=1|cluster2=1) * P(cluster2=1|cluster3=1) * P(cluster3=1|cluster8=1)[0.0131072]=0.00262144
ITERATION 0 newScore=-2.70036e+06 diffscore=15057.8 priorChange=-113.676 successMove=51
ITERATION 1 newScore=-2.6942e+06 diffscore=6158.3 priorChange=-116.449 successMove=55
binkey=119 [Edge status: 1 1 1 0 1 1 1 0 ] P(G)=P(cluster8=1)[0.2] * P(cluster1=0|cluster2=1) * P(cluster9=1|cluster6=1) * P(cluster7=0|cluster10=1) * P(cluster10=1|cluster6=1) * P(cluster6=1|cluster2=1) * P(cluster2=1|cluster3=1) * P(cluster3=1|cluster8=1)[0.0131072]=0.00262144
binkey=87 [Edge status: 1 1 1 0 1 0 1 0 ] P(G)=P(cluster8=1)[0.2] * P(cluster1=0|cluster2=1) * P(cluster9=0|cluster6=1) * P(cluster7=0|cluster10=1) * P(cluster10=1|cluster6=1) * P(cluster6=1|cluster2=1) * P(cluster2=1|cluster3=1) * P(cluster3=1|cluster8=1)[0.0032768]=0.00065536
ITERATION 2 newScore=-2.68769e+06 diffscore=6513.63 priorChange=-113.676 successMove=56
ITERATION 3 newScore=-2.68362e+06 diffscore=4067.96 priorChange=-126.153 successMove=56
ITERATION 4 newScore=-2.67843e+06 diffscore=5186.52 priorChange=-124.766 successMove=50
binkey=247 [Edge status: 1 1 1 0 1 1 1 1 ] P(G)=P(cluster8=1)[0.2] * P(cluster1=0|cluster2=1) * P(cluster9=1|cluster6=1) * P(cluster7=1|cluster10=1) * P(cluster10=1|cluster6=1) * P(cluster6=1|cluster2=1) * P(cluster2=1|cluster3=1) * P(cluster3=1|cluster8=1)[0.0524288]=0.0104858
binkey=215 [Edge status: 1 1 1 0 1 0 1 1 ] P(G)=P(cluster8=1)[0.2] * P(cluster1=0|cluster2=1) * P(cluster9=0|cluster6=1) * P(cluster7=1|cluster10=1) * P(cluster10=1|cluster6=1) * P(cluster6=1|cluster2=1) * P(cluster2=1|cluster3=1) * P(cluster3=1|cluster8=1)[0.0131072]=0.00262144
ITERATION 5 newScore=-2.67303e+06 diffscore=5403.72 priorChange=-134.471 successMove=50
ITERATION 6 newScore=-2.66837e+06 diffscore=4657.24 priorChange=-133.084 successMove=50
ITERATION 7 newScore=-2.664e+06 diffscore=4372.74 priorChange=-123.38 successMove=50
ITERATION 8 newScore=-2.65574e+06 diffscore=8256.86 priorChange=-120.608 successMove=51
ITERATION 9 newScore=-2.65373e+06 diffscore=2009.84 priorChange=-127.539 successMove=52
ITERATION 10 newScore=-2.65205e+06 diffscore=1683.99 priorChange=-126.153 successMove=50
ITERATION 11 newScore=-2.65113e+06 diffscore=918.288 priorChange=-124.766 successMove=51
ITERATION 12 newScore=-2.64595e+06 diffscore=5184.53 priorChange=-109.517 successMove=51
ITERATION 13 newScore=-2.64429e+06 diffscore=1650.87 priorChange=-126.153 successMove=55
ITERATION 14 newScore=-2.6406e+06 diffscore=3695.97 priorChange=-124.766 successMove=51
ITERATION 15 newScore=-2.63846e+06 diffscore=2137.65 priorChange=-124.766 successMove=51
binkey=15 [Edge status: 1 1 1 1 0 0 0 0 ] P(G)=P(cluster8=1)[0.2] * P(cluster1=1|cluster2=1) * P(cluster9=0|cluster6=0) * P(cluster7=0|cluster10=0) * P(cluster10=0|cluster6=0) * P(cluster6=0|cluster2=1) * P(cluster2=1|cluster3=1) * P(cluster3=1|cluster8=1)[0.0524288]=0.0104858
ITERATION 16 newScore=-2.63621e+06 diffscore=2249.33 priorChange=-112.29 successMove=52
ITERATION 17 newScore=-2.63547e+06 diffscore=740.502 priorChange=-123.38 successMove=50
ITERATION 18 newScore=-2.63364e+06 diffscore=1832.72 priorChange=-119.221 successMove=50
ITERATION 19 newScore=-2.6304e+06 diffscore=3236.42 priorChange=-115.062 successMove=51
ITERATION 20 newScore=-2.62833e+06 diffscore=2071.7 priorChange=-121.994 successMove=50
ITERATION 21 newScore=-2.62523e+06 diffscore=3097.85 priorChange=-98.4269 successMove=48
ITERATION 22 newScore=-2.62376e+06 diffscore=1467.15 priorChange=-106.745 successMove=47
ITERATION 23 newScore=-2.62277e+06 diffscore=997.353 priorChange=-110.904 successMove=47
ITERATION 24 newScore=-2.61875e+06 diffscore=4018.42 priorChange=-103.972 successMove=48
ITERATION 25 newScore=-2.61719e+06 diffscore=1555.33 priorChange=-110.904 successMove=47
ITERATION 26 newScore=-2.61663e+06 diffscore=561.881 priorChange=-102.586 successMove=47
ITERATION 27 newScore=-2.61456e+06 diffscore=2070.66 priorChange=-108.131 successMove=48
ITERATION 28 newScore=-2.61235e+06 diffscore=2213.05 priorChange=-105.358 successMove=47
ITERATION 29 newScore=-2.61055e+06 diffscore=1796.06 priorChange=-108.131 successMove=48
ITERATION 30 newScore=-2.60948e+06 diffscore=1073.94 priorChange=-108.131 successMove=49
ITERATION 31 newScore=-2.60909e+06 diffscore=384.653 priorChange=-92.8817 successMove=46
ITERATION 32 newScore=-2.60869e+06 diffscore=401.35 priorChange=-112.29 successMove=45
ITERATION 33 newScore=-2.60808e+06 diffscore=615.284 priorChange=-109.517 successMove=45
ITERATION 34 newScore=-2.60757e+06 diffscore=504.22 priorChange=-99.8132 successMove=45
ITERATION 35 newScore=-2.60633e+06 diffscore=1238.57 priorChange=-80.4051 successMove=47
ITERATION 36 newScore=-2.60278e+06 diffscore=3555.2 priorChange=-101.199 successMove=48
ITERATION 37 newScore=-2.60115e+06 diffscore=1631.2 priorChange=-97.0406 successMove=46
ITERATION 38 newScore=-2.59824e+06 diffscore=2909.63 priorChange=-119.221 successMove=45
ITERATION 39 newScore=-2.59759e+06 diffscore=643.521 priorChange=-113.676 successMove=45
ITERATION 40 newScore=-2.5964e+06 diffscore=1190.2 priorChange=-98.4269 successMove=45
ITERATION 41 newScore=-2.59515e+06 diffscore=1258.7 priorChange=-91.4954 successMove=45
ITERATION 42 newScore=-2.59341e+06 diffscore=1739.02 priorChange=-91.4954 successMove=45
ITERATION 43 newScore=-2.59061e+06 diffscore=2799.34 priorChange=-97.0406 successMove=45
ITERATION 44 newScore=-2.58755e+06 diffscore=3055.91 priorChange=-88.7228 successMove=48
ITERATION 45 newScore=-2.58724e+06 diffscore=314.133 priorChange=-99.8132 successMove=48
ITERATION 46 newScore=-2.5869e+06 diffscore=340.707 priorChange=-90.1091 successMove=45
ITERATION 47 newScore=-2.58551e+06 diffscore=1388.45 priorChange=-98.4269 successMove=43
ITERATION 48 newScore=-2.5852e+06 diffscore=306.315 priorChange=-88.7228 successMove=45
ITERATION 49 newScore=-2.58467e+06 diffscore=535.212 priorChange=-90.1091 successMove=41
ITERATION 50 newScore=-2.58435e+06 diffscore=312.21 priorChange=-87.3365 successMove=39
ITERATION 51 newScore=-2.58407e+06 diffscore=287.178 priorChange=-85.9503 successMove=39
ITERATION 52 newScore=-2.58374e+06 diffscore=324.703 priorChange=-77.6325 successMove=37
ITERATION 53 newScore=-2.58085e+06 diffscore=2895.36 priorChange=-88.7228 successMove=37
ITERATION 54 newScore=-2.58036e+06 diffscore=489.006 priorChange=-85.9503 successMove=37
ITERATION 55 newScore=-2.58003e+06 diffscore=324.955 priorChange=-81.7914 successMove=35
ITERATION 56 newScore=-2.57759e+06 diffscore=2445.14 priorChange=-85.9503 successMove=34
ITERATION 57 newScore=-2.57499e+06 diffscore=2596.61 priorChange=-80.4051 successMove=33
ITERATION 58 newScore=-2.57482e+06 diffscore=174.536 priorChange=-63.7695 successMove=33
ITERATION 59 newScore=-2.57294e+06 diffscore=1875.14 priorChange=-67.9284 successMove=34
ITERATION 60 newScore=-2.57276e+06 diffscore=178.333 priorChange=-58.2244 successMove=33
ITERATION 61 newScore=-2.57254e+06 diffscore=223.052 priorChange=-69.3147 successMove=34
ITERATION 62 newScore=-2.57207e+06 diffscore=471.583 priorChange=-69.3147 successMove=34
ITERATION 63 newScore=-2.57065e+06 diffscore=1418.02 priorChange=-63.7695 successMove=30
ITERATION 64 newScore=-2.57049e+06 diffscore=163.024 priorChange=-63.7695 successMove=29
ITERATION 65 newScore=-2.57025e+06 diffscore=238.817 priorChange=-54.0655 successMove=30
ITERATION 66 newScore=-2.57006e+06 diffscore=191.41 priorChange=-54.0655 successMove=30
ITERATION 67 newScore=-2.56839e+06 diffscore=1670.94 priorChange=-52.6792 successMove=30
ITERATION 68 newScore=-2.56827e+06 diffscore=116.033 priorChange=-60.997 successMove=27
ITERATION 69 newScore=-2.56816e+06 diffscore=109.257 priorChange=-54.0655 successMove=26
ITERATION 70 newScore=-2.56806e+06 diffscore=104.74 priorChange=-56.8381 successMove=28
ITERATION 71 newScore=-2.56794e+06 diffscore=118.189 priorChange=-47.134 successMove=25
ITERATION 72 newScore=-2.56776e+06 diffscore=173.929 priorChange=-63.7695 successMove=25
ITERATION 73 newScore=-2.56759e+06 diffscore=173.418 priorChange=-59.6107 successMove=24
ITERATION 74 newScore=-2.56739e+06 diffscore=199.844 priorChange=-55.4518 successMove=24
ITERATION 75 newScore=-2.56602e+06 diffscore=1370.56 priorChange=-55.4518 successMove=23
ITERATION 76 newScore=-2.56513e+06 diffscore=892.646 priorChange=-52.6792 successMove=22
ITERATION 77 newScore=-2.56475e+06 diffscore=377.066 priorChange=-42.9751 successMove=22
ITERATION 78 newScore=-2.56404e+06 diffscore=708.566 priorChange=-49.9066 successMove=21
ITERATION 79 newScore=-2.56395e+06 diffscore=95.9473 priorChange=-51.2929 successMove=19
ITERATION 80 newScore=-2.56386e+06 diffscore=89.1134 priorChange=-41.5888 successMove=19
ITERATION 81 newScore=-2.56376e+06 diffscore=99.6718 priorChange=-34.6574 successMove=18
ITERATION 82 newScore=-2.56363e+06 diffscore=131.343 priorChange=-40.2025 successMove=17
ITERATION 83 newScore=-2.56347e+06 diffscore=158.634 priorChange=-36.0437 successMove=16
ITERATION 84 newScore=-2.56331e+06 diffscore=160.222 priorChange=-36.0437 successMove=16
ITERATION 85 newScore=-2.56186e+06 diffscore=1446 priorChange=-41.5888 successMove=16
ITERATION 86 newScore=-2.56172e+06 diffscore=145.631 priorChange=-30.4985 successMove=14
ITERATION 87 newScore=-2.56134e+06 diffscore=376.317 priorChange=-30.4985 successMove=14
ITERATION 88 newScore=-2.5605e+06 diffscore=843.235 priorChange=-26.3396 successMove=14
ITERATION 89 newScore=-2.56032e+06 diffscore=176.435 priorChange=-31.8848 successMove=14
ITERATION 90 newScore=-2.55968e+06 diffscore=642.478 priorChange=-29.1122 successMove=13
ITERATION 91 newScore=-2.55957e+06 diffscore=103.395 priorChange=-31.8848 successMove=12
ITERATION 92 newScore=-2.55818e+06 diffscore=1395.84 priorChange=-27.7259 successMove=12
ITERATION 93 newScore=-2.55736e+06 diffscore=816.684 priorChange=-31.8848 successMove=12
ITERATION 94 newScore=-2.55717e+06 diffscore=188.005 priorChange=-24.9533 successMove=12
ITERATION 95 newScore=-2.55639e+06 diffscore=787.005 priorChange=-22.1807 successMove=12
ITERATION 96 newScore=-2.5563e+06 diffscore=82.2313 priorChange=-9.70406 successMove=10
ITERATION 97 newScore=-2.55609e+06 diffscore=218.968 priorChange=-12.4766 successMove=8
ITERATION 98 newScore=-2.55514e+06 diffscore=947.028 priorChange=-22.1807 successMove=8
ITERATION 99 newScore=-2.5551e+06 diffscore=40.6106 priorChange=-18.0218 successMove=7
MetaLearner::dumpAllGraphs
Final Score -2.5551e+06
MetaLearner::start runtime: 1464801458 ms
Results/
Results/cluster9/
Results/cluster9/fold0/
Results/cluster9/fold0/var_mb_pw_k50.txt
Results/cluster9/fold0/modelparams.txt
Results/cluster6/
Results/cluster6/fold0/
Results/cluster6/fold0/var_mb_pw_k50.txt
Results/cluster6/fold0/modelparams.txt
Results/cluster1/
Results/cluster1/fold0/
Results/cluster1/fold0/var_mb_pw_k50.txt
Results/cluster1/fold0/modelparams.txt
Results/cluster8/
Results/cluster8/fold0/
Results/cluster8/fold0/var_mb_pw_k50.txt
Results/cluster8/fold0/modelparams.txt
Results/cluster8/scoreFile.txt
Results/cluster10/
Results/cluster10/fold0/
Results/cluster10/fold0/var_mb_pw_k50.txt
Results/cluster10/fold0/modelparams.txt
Results/cluster3/
Results/cluster3/fold0/
Results/cluster3/fold0/var_mb_pw_k50.txt
Results/cluster3/fold0/modelparams.txt
Results/cluster7/
Results/cluster7/fold0/
Results/cluster7/fold0/var_mb_pw_k50.txt
Results/cluster7/fold0/modelparams.txt
Results/cluster2/
Results/cluster2/fold0/
Results/cluster2/fold0/var_mb_pw_k50.txt
Results/cluster2/fold0/modelparams.txt
