./CVN -f config_condor.txt -x50 -v1 -l TFs_OGs.txt -n AllGenes178.txt -d celltype_tree_ancestor.txt -m testdata_ogids.txt -s celltype_order.txt -p 0.2 -c yes -b -4 -q 4
(cluster3|cluster8) p_maintain_edge=0.8 p_gain=0.2
(cluster2|cluster3) p_maintain_edge=0.8 p_gain=0.2
(cluster1|cluster2) p_maintain_edge=0.8 p_gain=0.2
(cluster6|cluster2) p_maintain_edge=0.8 p_gain=0.2
(cluster9|cluster6) p_maintain_edge=0.8 p_gain=0.2
(cluster10|cluster6) p_maintain_edge=0.8 p_gain=0.2
(cluster7|cluster10) p_maintain_edge=0.8 p_gain=0.2
speciesSet.size()=8 Root is cluster8
MappedOrthogroupReader::readSpeciesMapping() --- celltype_order.txt
MappedOrthogroupReader::readFile - testdata_ogids.txt
MappedOrthogroupReader::generateGeneOrthoMap()
MetaLearner::init_onefold() read:config_condor.txt
MetaLearner::setinputVariableNames number of variables: 2042
readEvidenceTable:cluster8.table
PotentialManager::loadEvidenceFromTable varCount=2042 sampleCount=348
motifNetwork.size() = 319
0=cluster8 motifNetwork=cluster8_network.txt
variable size=2042
readEvidenceTable:cluster3.table
PotentialManager::loadEvidenceFromTable varCount=2042 sampleCount=95
motifNetwork.size() = 326
1=cluster3 motifNetwork=cluster3_network.txt
variable size=2042
readEvidenceTable:cluster2.table
PotentialManager::loadEvidenceFromTable varCount=2042 sampleCount=386
motifNetwork.size() = 328
2=cluster2 motifNetwork=cluster2_network.txt
variable size=2042
readEvidenceTable:cluster1.table
PotentialManager::loadEvidenceFromTable varCount=2042 sampleCount=36
motifNetwork.size() = 322
3=cluster1 motifNetwork=cluster1_network.txt
variable size=2042
readEvidenceTable:cluster6.table
PotentialManager::loadEvidenceFromTable varCount=2042 sampleCount=524
motifNetwork.size() = 320
4=cluster6 motifNetwork=cluster6_network.txt
variable size=2042
readEvidenceTable:cluster9.table
PotentialManager::loadEvidenceFromTable varCount=2042 sampleCount=184
motifNetwork.size() = 327
5=cluster9 motifNetwork=cluster9_network.txt
variable size=2042
readEvidenceTable:cluster10.table
PotentialManager::loadEvidenceFromTable varCount=2042 sampleCount=165
motifNetwork.size() = 326
6=cluster10 motifNetwork=cluster10_network.txt
variable size=2042
readEvidenceTable:cluster7.table
PotentialManager::loadEvidenceFromTable varCount=2042 sampleCount=1032
motifNetwork.size() = 320
7=cluster7 motifNetwork=cluster7_network.txt
variable size=2042
-------------------------------------------------------------
MetaLearner::start
precomputeEmptyGraphPrior
binkey=0 [Edge status: 0 0 0 0 0 0 0 0 ] P(G)=P(cluster8=0)[0.8] * P(cluster1=0|cluster2=0) * P(cluster9=0|cluster6=0) * P(cluster7=0|cluster10=0) * P(cluster10=0|cluster6=0) * P(cluster6=0|cluster2=0) * P(cluster2=0|cluster3=0) * P(cluster3=0|cluster8=0)[0.209715]=0.167772
condsetMap_Tree
0 cluster8=0 cluster3=0 cluster2=0 cluster1=0 cluster6=0 cluster9=0 cluster10=0 cluster7=1
1 cluster8=0 cluster3=0 cluster2=0 cluster1=0 cluster6=0 cluster9=1 cluster10=0 cluster7=0
2 cluster8=0 cluster3=0 cluster2=0 cluster1=0 cluster6=0 cluster9=1 cluster10=0 cluster7=1
3 cluster8=0 cluster3=0 cluster2=0 cluster1=1 cluster6=0 cluster9=0 cluster10=0 cluster7=0
4 cluster8=0 cluster3=0 cluster2=0 cluster1=1 cluster6=0 cluster9=0 cluster10=0 cluster7=1
5 cluster8=0 cluster3=0 cluster2=0 cluster1=1 cluster6=0 cluster9=1 cluster10=0 cluster7=0
6 cluster8=0 cluster3=0 cluster2=0 cluster1=1 cluster6=0 cluster9=1 cluster10=0 cluster7=1
7 cluster8=0 cluster3=0 cluster2=0 cluster1=0 cluster6=0 cluster9=0 cluster10=1 cluster7=1
8 cluster8=0 cluster3=0 cluster2=0 cluster1=0 cluster6=0 cluster9=1 cluster10=1 cluster7=1
9 cluster8=0 cluster3=0 cluster2=0 cluster1=1 cluster6=0 cluster9=0 cluster10=1 cluster7=1
10 cluster8=0 cluster3=0 cluster2=0 cluster1=1 cluster6=0 cluster9=1 cluster10=1 cluster7=1
11 cluster8=0 cluster3=0 cluster2=0 cluster1=0 cluster6=1 cluster9=1 cluster10=1 cluster7=1
12 cluster8=0 cluster3=0 cluster2=0 cluster1=1 cluster6=1 cluster9=1 cluster10=1 cluster7=1
13 cluster8=0 cluster3=0 cluster2=1 cluster1=1 cluster6=1 cluster9=1 cluster10=1 cluster7=1
14 cluster8=0 cluster3=1 cluster2=1 cluster1=1 cluster6=1 cluster9=1 cluster10=1 cluster7=1
15 cluster8=1 cluster3=1 cluster2=1 cluster1=1 cluster6=1 cluster9=1 cluster10=1 cluster7=1
16 cluster8=1 cluster3=1 cluster2=1 cluster1=1 cluster6=1 cluster9=1 cluster10=1 cluster7=0
17 cluster8=1 cluster3=1 cluster2=1 cluster1=1 cluster6=1 cluster9=0 cluster10=1 cluster7=1
18 cluster8=1 cluster3=1 cluster2=1 cluster1=1 cluster6=1 cluster9=0 cluster10=1 cluster7=0
19 cluster8=1 cluster3=1 cluster2=1 cluster1=0 cluster6=1 cluster9=1 cluster10=1 cluster7=1
20 cluster8=1 cluster3=1 cluster2=1 cluster1=0 cluster6=1 cluster9=1 cluster10=1 cluster7=0
21 cluster8=1 cluster3=1 cluster2=1 cluster1=0 cluster6=1 cluster9=0 cluster10=1 cluster7=1
22 cluster8=1 cluster3=1 cluster2=1 cluster1=0 cluster6=1 cluster9=0 cluster10=1 cluster7=0
23 cluster8=1 cluster3=1 cluster2=1 cluster1=1 cluster6=1 cluster9=1 cluster10=0 cluster7=0
24 cluster8=1 cluster3=1 cluster2=1 cluster1=1 cluster6=1 cluster9=0 cluster10=0 cluster7=0
25 cluster8=1 cluster3=1 cluster2=1 cluster1=0 cluster6=1 cluster9=1 cluster10=0 cluster7=0
26 cluster8=1 cluster3=1 cluster2=1 cluster1=0 cluster6=1 cluster9=0 cluster10=0 cluster7=0
27 cluster8=1 cluster3=1 cluster2=1 cluster1=1 cluster6=0 cluster9=0 cluster10=0 cluster7=0
28 cluster8=1 cluster3=1 cluster2=1 cluster1=0 cluster6=0 cluster9=0 cluster10=0 cluster7=0
29 cluster8=1 cluster3=1 cluster2=0 cluster1=0 cluster6=0 cluster9=0 cluster10=0 cluster7=0
30 cluster8=1 cluster3=0 cluster2=0 cluster1=0 cluster6=0 cluster9=0 cluster10=0 cluster7=0
31 cluster8=0 cluster3=0 cluster2=0 cluster1=0 cluster6=1 cluster9=0 cluster10=0 cluster7=0
32 cluster8=0 cluster3=0 cluster2=1 cluster1=0 cluster6=0 cluster9=0 cluster10=0 cluster7=0
33 cluster8=0 cluster3=0 cluster2=0 cluster1=0 cluster6=0 cluster9=0 cluster10=1 cluster7=0
34 cluster8=0 cluster3=1 cluster2=0 cluster1=0 cluster6=0 cluster9=0 cluster10=0 cluster7=0
inputRegulatorOGs.size() = 1999 inputOGList.size() = 50
binkey=16 [Edge status: 0 0 0 0 1 0 0 0 ] P(G)=P(cluster8=0)[0.8] * P(cluster1=0|cluster2=0) * P(cluster9=0|cluster6=1) * P(cluster7=0|cluster10=0) * P(cluster10=0|cluster6=1) * P(cluster6=1|cluster2=0) * P(cluster2=0|cluster3=0) * P(cluster3=0|cluster8=0)[0.0032768]=0.00262144
binkey=128 [Edge status: 0 0 0 0 0 0 0 1 ] P(G)=P(cluster8=0)[0.8] * P(cluster1=0|cluster2=0) * P(cluster9=0|cluster6=0) * P(cluster7=1|cluster10=0) * P(cluster10=0|cluster6=0) * P(cluster6=0|cluster2=0) * P(cluster2=0|cluster3=0) * P(cluster3=0|cluster8=0)[0.0524288]=0.041943
binkey=8 [Edge status: 0 0 0 1 0 0 0 0 ] P(G)=P(cluster8=0)[0.8] * P(cluster1=1|cluster2=0) * P(cluster9=0|cluster6=0) * P(cluster7=0|cluster10=0) * P(cluster10=0|cluster6=0) * P(cluster6=0|cluster2=0) * P(cluster2=0|cluster3=0) * P(cluster3=0|cluster8=0)[0.0524288]=0.041943
binkey=136 [Edge status: 0 0 0 1 0 0 0 1 ] P(G)=P(cluster8=0)[0.8] * P(cluster1=1|cluster2=0) * P(cluster9=0|cluster6=0) * P(cluster7=1|cluster10=0) * P(cluster10=0|cluster6=0) * P(cluster6=0|cluster2=0) * P(cluster2=0|cluster3=0) * P(cluster3=0|cluster8=0)[0.0131072]=0.0104858
binkey=2 [Edge status: 0 1 0 0 0 0 0 0 ] P(G)=P(cluster8=0)[0.8] * P(cluster1=0|cluster2=0) * P(cluster9=0|cluster6=0) * P(cluster7=0|cluster10=0) * P(cluster10=0|cluster6=0) * P(cluster6=0|cluster2=0) * P(cluster2=0|cluster3=1) * P(cluster3=1|cluster8=0)[0.0131072]=0.0104858
binkey=4 [Edge status: 0 0 1 0 0 0 0 0 ] P(G)=P(cluster8=0)[0.8] * P(cluster1=0|cluster2=1) * P(cluster9=0|cluster6=0) * P(cluster7=0|cluster10=0) * P(cluster10=0|cluster6=0) * P(cluster6=0|cluster2=1) * P(cluster2=1|cluster3=0) * P(cluster3=0|cluster8=0)[0.0032768]=0.00262144
binkey=1 [Edge status: 1 0 0 0 0 0 0 0 ] P(G)=P(cluster8=1)[0.2] * P(cluster1=0|cluster2=0) * P(cluster9=0|cluster6=0) * P(cluster7=0|cluster10=0) * P(cluster10=0|cluster6=0) * P(cluster6=0|cluster2=0) * P(cluster2=0|cluster3=0) * P(cluster3=0|cluster8=1)[0.0524288]=0.0104858
binkey=32 [Edge status: 0 0 0 0 0 1 0 0 ] P(G)=P(cluster8=0)[0.8] * P(cluster1=0|cluster2=0) * P(cluster9=1|cluster6=0) * P(cluster7=0|cluster10=0) * P(cluster10=0|cluster6=0) * P(cluster6=0|cluster2=0) * P(cluster2=0|cluster3=0) * P(cluster3=0|cluster8=0)[0.0524288]=0.041943
binkey=64 [Edge status: 0 0 0 0 0 0 1 0 ] P(G)=P(cluster8=0)[0.8] * P(cluster1=0|cluster2=0) * P(cluster9=0|cluster6=0) * P(cluster7=0|cluster10=1) * P(cluster10=1|cluster6=0) * P(cluster6=0|cluster2=0) * P(cluster2=0|cluster3=0) * P(cluster3=0|cluster8=0)[0.0131072]=0.0104858
binkey=40 [Edge status: 0 0 0 1 0 1 0 0 ] P(G)=P(cluster8=0)[0.8] * P(cluster1=1|cluster2=0) * P(cluster9=1|cluster6=0) * P(cluster7=0|cluster10=0) * P(cluster10=0|cluster6=0) * P(cluster6=0|cluster2=0) * P(cluster2=0|cluster3=0) * P(cluster3=0|cluster8=0)[0.0131072]=0.0104858
binkey=192 [Edge status: 0 0 0 0 0 0 1 1 ] P(G)=P(cluster8=0)[0.8] * P(cluster1=0|cluster2=0) * P(cluster9=0|cluster6=0) * P(cluster7=1|cluster10=1) * P(cluster10=1|cluster6=0) * P(cluster6=0|cluster2=0) * P(cluster2=0|cluster3=0) * P(cluster3=0|cluster8=0)[0.0524288]=0.041943
binkey=3 [Edge status: 1 1 0 0 0 0 0 0 ] P(G)=P(cluster8=1)[0.2] * P(cluster1=0|cluster2=0) * P(cluster9=0|cluster6=0) * P(cluster7=0|cluster10=0) * P(cluster10=0|cluster6=0) * P(cluster6=0|cluster2=0) * P(cluster2=0|cluster3=1) * P(cluster3=1|cluster8=1)[0.0524288]=0.0104858
binkey=160 [Edge status: 0 0 0 0 0 1 0 1 ] P(G)=P(cluster8=0)[0.8] * P(cluster1=0|cluster2=0) * P(cluster9=1|cluster6=0) * P(cluster7=1|cluster10=0) * P(cluster10=0|cluster6=0) * P(cluster6=0|cluster2=0) * P(cluster2=0|cluster3=0) * P(cluster3=0|cluster8=0)[0.0131072]=0.0104858
binkey=224 [Edge status: 0 0 0 0 0 1 1 1 ] P(G)=P(cluster8=0)[0.8] * P(cluster1=0|cluster2=0) * P(cluster9=1|cluster6=0) * P(cluster7=1|cluster10=1) * P(cluster10=1|cluster6=0) * P(cluster6=0|cluster2=0) * P(cluster2=0|cluster3=0) * P(cluster3=0|cluster8=0)[0.0131072]=0.0104858
binkey=200 [Edge status: 0 0 0 1 0 0 1 1 ] P(G)=P(cluster8=0)[0.8] * P(cluster1=1|cluster2=0) * P(cluster9=0|cluster6=0) * P(cluster7=1|cluster10=1) * P(cluster10=1|cluster6=0) * P(cluster6=0|cluster2=0) * P(cluster2=0|cluster3=0) * P(cluster3=0|cluster8=0)[0.0131072]=0.0104858
binkey=7 [Edge status: 1 1 1 0 0 0 0 0 ] P(G)=P(cluster8=1)[0.2] * P(cluster1=0|cluster2=1) * P(cluster9=0|cluster6=0) * P(cluster7=0|cluster10=0) * P(cluster10=0|cluster6=0) * P(cluster6=0|cluster2=1) * P(cluster2=1|cluster3=1) * P(cluster3=1|cluster8=1)[0.0131072]=0.00262144
binkey=240 [Edge status: 0 0 0 0 1 1 1 1 ] P(G)=P(cluster8=0)[0.8] * P(cluster1=0|cluster2=0) * P(cluster9=1|cluster6=1) * P(cluster7=1|cluster10=1) * P(cluster10=1|cluster6=1) * P(cluster6=1|cluster2=0) * P(cluster2=0|cluster3=0) * P(cluster3=0|cluster8=0)[0.0524288]=0.041943
binkey=168 [Edge status: 0 0 0 1 0 1 0 1 ] P(G)=P(cluster8=0)[0.8] * P(cluster1=1|cluster2=0) * P(cluster9=1|cluster6=0) * P(cluster7=1|cluster10=0) * P(cluster10=0|cluster6=0) * P(cluster6=0|cluster2=0) * P(cluster2=0|cluster3=0) * P(cluster3=0|cluster8=0)[0.0032768]=0.00262144
binkey=232 [Edge status: 0 0 0 1 0 1 1 1 ] P(G)=P(cluster8=0)[0.8] * P(cluster1=1|cluster2=0) * P(cluster9=1|cluster6=0) * P(cluster7=1|cluster10=1) * P(cluster10=1|cluster6=0) * P(cluster6=0|cluster2=0) * P(cluster2=0|cluster3=0) * P(cluster3=0|cluster8=0)[0.0032768]=0.00262144
binkey=248 [Edge status: 0 0 0 1 1 1 1 1 ] P(G)=P(cluster8=0)[0.8] * P(cluster1=1|cluster2=0) * P(cluster9=1|cluster6=1) * P(cluster7=1|cluster10=1) * P(cluster10=1|cluster6=1) * P(cluster6=1|cluster2=0) * P(cluster2=0|cluster3=0) * P(cluster3=0|cluster8=0)[0.0131072]=0.0104858
binkey=252 [Edge status: 0 0 1 1 1 1 1 1 ] P(G)=P(cluster8=0)[0.8] * P(cluster1=1|cluster2=1) * P(cluster9=1|cluster6=1) * P(cluster7=1|cluster10=1) * P(cluster10=1|cluster6=1) * P(cluster6=1|cluster2=1) * P(cluster2=1|cluster3=0) * P(cluster3=0|cluster8=0)[0.0524288]=0.041943
ITERATION 0 newScore=-2.73136e+06 diffscore=13890.4 priorChange=-101.199 successMove=56
ITERATION 1 newScore=-2.72696e+06 diffscore=4406.74 priorChange=-117.835 successMove=53
ITERATION 2 newScore=-2.71939e+06 diffscore=7565.95 priorChange=-110.904 successMove=54
ITERATION 3 newScore=-2.71369e+06 diffscore=5704.25 priorChange=-115.062 successMove=53
ITERATION 4 newScore=-2.70829e+06 diffscore=5397.92 priorChange=-112.29 successMove=51
ITERATION 5 newScore=-2.70468e+06 diffscore=3611.89 priorChange=-110.904 successMove=52
ITERATION 6 newScore=-2.70206e+06 diffscore=2618.04 priorChange=-113.676 successMove=53
ITERATION 7 newScore=-2.69882e+06 diffscore=3237.82 priorChange=-112.29 successMove=53
ITERATION 8 newScore=-2.69645e+06 diffscore=2370.03 priorChange=-124.766 successMove=55
ITERATION 9 newScore=-2.6929e+06 diffscore=3551.68 priorChange=-109.517 successMove=50
ITERATION 10 newScore=-2.69193e+06 diffscore=968.458 priorChange=-116.449 successMove=53
ITERATION 11 newScore=-2.68771e+06 diffscore=4223.33 priorChange=-115.062 successMove=50
ITERATION 12 newScore=-2.68703e+06 diffscore=679.818 priorChange=-115.062 successMove=54
ITERATION 13 newScore=-2.68559e+06 diffscore=1432.88 priorChange=-108.131 successMove=50
ITERATION 14 newScore=-2.68337e+06 diffscore=2220.95 priorChange=-112.29 successMove=52
ITERATION 15 newScore=-2.68126e+06 diffscore=2111.13 priorChange=-98.4269 successMove=51
ITERATION 16 newScore=-2.67893e+06 diffscore=2327.1 priorChange=-119.221 successMove=50
ITERATION 17 newScore=-2.67716e+06 diffscore=1773.52 priorChange=-110.904 successMove=51
ITERATION 18 newScore=-2.67402e+06 diffscore=3135.74 priorChange=-98.4269 successMove=49
binkey=23 [Edge status: 1 1 1 0 1 0 0 0 ] P(G)=P(cluster8=1)[0.2] * P(cluster1=0|cluster2=1) * P(cluster9=0|cluster6=1) * P(cluster7=0|cluster10=0) * P(cluster10=0|cluster6=1) * P(cluster6=1|cluster2=1) * P(cluster2=1|cluster3=1) * P(cluster3=1|cluster8=1)[0.0032768]=0.00065536
ITERATION 19 newScore=-2.67211e+06 diffscore=1916.75 priorChange=-110.904 successMove=51
ITERATION 20 newScore=-2.66883e+06 diffscore=3276.86 priorChange=-103.972 successMove=45
ITERATION 21 newScore=-2.66836e+06 diffscore=469.684 priorChange=-83.1777 successMove=45
ITERATION 22 newScore=-2.66775e+06 diffscore=607.206 priorChange=-94.268 successMove=46
ITERATION 23 newScore=-2.66542e+06 diffscore=2330.28 priorChange=-99.8132 successMove=45
ITERATION 24 newScore=-2.66204e+06 diffscore=3380.93 priorChange=-97.0406 successMove=47
ITERATION 25 newScore=-2.65917e+06 diffscore=2877.59 priorChange=-92.8817 successMove=47
ITERATION 26 newScore=-2.65662e+06 diffscore=2543.83 priorChange=-91.4954 successMove=49
ITERATION 27 newScore=-2.65594e+06 diffscore=680.153 priorChange=-106.745 successMove=45
ITERATION 28 newScore=-2.65545e+06 diffscore=495.853 priorChange=-103.972 successMove=46
ITERATION 29 newScore=-2.65411e+06 diffscore=1333.25 priorChange=-99.8132 successMove=49
ITERATION 30 newScore=-2.65119e+06 diffscore=2920.96 priorChange=-102.586 successMove=49
ITERATION 31 newScore=-2.64949e+06 diffscore=1704.54 priorChange=-105.358 successMove=49
ITERATION 32 newScore=-2.64753e+06 diffscore=1960.91 priorChange=-105.358 successMove=45
ITERATION 33 newScore=-2.64581e+06 diffscore=1718.74 priorChange=-105.358 successMove=45
ITERATION 34 newScore=-2.64369e+06 diffscore=2114.98 priorChange=-103.972 successMove=49
ITERATION 35 newScore=-2.64238e+06 diffscore=1310.64 priorChange=-103.972 successMove=45
ITERATION 36 newScore=-2.64202e+06 diffscore=363.843 priorChange=-101.199 successMove=42
ITERATION 37 newScore=-2.64006e+06 diffscore=1956.85 priorChange=-99.8132 successMove=42
ITERATION 38 newScore=-2.63976e+06 diffscore=296.116 priorChange=-97.0406 successMove=42
ITERATION 39 newScore=-2.63932e+06 diffscore=443.458 priorChange=-92.8817 successMove=43
ITERATION 40 newScore=-2.63777e+06 diffscore=1546.73 priorChange=-94.268 successMove=43
ITERATION 41 newScore=-2.63626e+06 diffscore=1513.95 priorChange=-97.0406 successMove=42
ITERATION 42 newScore=-2.63587e+06 diffscore=389.14 priorChange=-101.199 successMove=42
ITERATION 43 newScore=-2.63534e+06 diffscore=532.6 priorChange=-92.8817 successMove=45
ITERATION 44 newScore=-2.63414e+06 diffscore=1195.86 priorChange=-101.199 successMove=42
ITERATION 45 newScore=-2.6326e+06 diffscore=1540.93 priorChange=-102.586 successMove=41
ITERATION 46 newScore=-2.6323e+06 diffscore=307.026 priorChange=-94.268 successMove=41
ITERATION 47 newScore=-2.63182e+06 diffscore=476.871 priorChange=-87.3365 successMove=42
ITERATION 48 newScore=-2.63053e+06 diffscore=1285.94 priorChange=-84.564 successMove=44
ITERATION 49 newScore=-2.63015e+06 diffscore=377.982 priorChange=-90.1091 successMove=41
ITERATION 50 newScore=-2.62953e+06 diffscore=623.222 priorChange=-97.0406 successMove=41
ITERATION 51 newScore=-2.62795e+06 diffscore=1585.96 priorChange=-85.9503 successMove=42
ITERATION 52 newScore=-2.62767e+06 diffscore=273.031 priorChange=-81.7914 successMove=41
ITERATION 53 newScore=-2.62727e+06 diffscore=406.529 priorChange=-79.0188 successMove=41
ITERATION 54 newScore=-2.6267e+06 diffscore=568.296 priorChange=-91.4954 successMove=41
ITERATION 55 newScore=-2.62481e+06 diffscore=1886.18 priorChange=-80.4051 successMove=40
ITERATION 56 newScore=-2.62348e+06 diffscore=1329.42 priorChange=-67.9284 successMove=39
ITERATION 57 newScore=-2.62211e+06 diffscore=1375.18 priorChange=-74.8599 successMove=38
ITERATION 58 newScore=-2.62185e+06 diffscore=259.231 priorChange=-73.4736 successMove=38
ITERATION 59 newScore=-2.62054e+06 diffscore=1304.71 priorChange=-74.8599 successMove=38
ITERATION 60 newScore=-2.62038e+06 diffscore=166.643 priorChange=-87.3365 successMove=36
ITERATION 61 newScore=-2.61896e+06 diffscore=1411.84 priorChange=-67.9284 successMove=36
ITERATION 62 newScore=-2.61877e+06 diffscore=191.272 priorChange=-74.8599 successMove=35
ITERATION 63 newScore=-2.61862e+06 diffscore=151.498 priorChange=-67.9284 successMove=36
ITERATION 64 newScore=-2.61836e+06 diffscore=258.19 priorChange=-66.5421 successMove=34
ITERATION 65 newScore=-2.61697e+06 diffscore=1393.08 priorChange=-54.0655 successMove=32
ITERATION 66 newScore=-2.61681e+06 diffscore=159.697 priorChange=-62.3832 successMove=32
ITERATION 67 newScore=-2.61659e+06 diffscore=224.765 priorChange=-55.4518 successMove=31
ITERATION 68 newScore=-2.61634e+06 diffscore=245.609 priorChange=-62.3832 successMove=30
ITERATION 69 newScore=-2.61606e+06 diffscore=282.239 priorChange=-59.6107 successMove=29
ITERATION 70 newScore=-2.61305e+06 diffscore=3004.63 priorChange=-59.6107 successMove=29
ITERATION 71 newScore=-2.61264e+06 diffscore=409.003 priorChange=-54.0655 successMove=29
ITERATION 72 newScore=-2.61255e+06 diffscore=96.6093 priorChange=-51.2929 successMove=25
ITERATION 73 newScore=-2.61245e+06 diffscore=95.9926 priorChange=-44.3614 successMove=23
ITERATION 74 newScore=-2.61234e+06 diffscore=110.441 priorChange=-48.5203 successMove=25
ITERATION 75 newScore=-2.61223e+06 diffscore=113.997 priorChange=-37.4299 successMove=21
ITERATION 76 newScore=-2.61206e+06 diffscore=163.523 priorChange=-30.4985 successMove=21
ITERATION 77 newScore=-2.61175e+06 diffscore=317.768 priorChange=-27.7259 successMove=21
ITERATION 78 newScore=-2.61166e+06 diffscore=87.2366 priorChange=-30.4985 successMove=20
ITERATION 79 newScore=-2.61157e+06 diffscore=89.088 priorChange=-37.4299 successMove=20
ITERATION 80 newScore=-2.61147e+06 diffscore=98.8635 priorChange=-33.2711 successMove=20
ITERATION 81 newScore=-2.61138e+06 diffscore=92.9184 priorChange=-36.0437 successMove=20
ITERATION 82 newScore=-2.61128e+06 diffscore=94.7229 priorChange=-33.2711 successMove=19
ITERATION 83 newScore=-2.61116e+06 diffscore=121.028 priorChange=-29.1122 successMove=21
ITERATION 84 newScore=-2.60975e+06 diffscore=1415.79 priorChange=-34.6574 successMove=19
ITERATION 85 newScore=-2.60957e+06 diffscore=177.993 priorChange=-36.0437 successMove=19
ITERATION 86 newScore=-2.60945e+06 diffscore=120.241 priorChange=-33.2711 successMove=19
ITERATION 87 newScore=-2.60934e+06 diffscore=105.75 priorChange=-23.567 successMove=18
ITERATION 88 newScore=-2.60921e+06 diffscore=133.479 priorChange=-34.6574 successMove=18
ITERATION 89 newScore=-2.6091e+06 diffscore=110.982 priorChange=-27.7259 successMove=16
ITERATION 90 newScore=-2.60891e+06 diffscore=182.893 priorChange=-26.3396 successMove=16
ITERATION 91 newScore=-2.60879e+06 diffscore=122.659 priorChange=-29.1122 successMove=16
ITERATION 92 newScore=-2.60765e+06 diffscore=1138.54 priorChange=-30.4985 successMove=16
ITERATION 93 newScore=-2.60752e+06 diffscore=137.327 priorChange=-24.9533 successMove=15
ITERATION 94 newScore=-2.60629e+06 diffscore=1226.53 priorChange=-15.2492 successMove=15
ITERATION 95 newScore=-2.60505e+06 diffscore=1241.48 priorChange=-19.4081 successMove=16
ITERATION 96 newScore=-2.60413e+06 diffscore=917.667 priorChange=-19.4081 successMove=13
ITERATION 97 newScore=-2.60408e+06 diffscore=45.8688 priorChange=-13.8629 successMove=13
ITERATION 98 newScore=-2.60404e+06 diffscore=39.82 priorChange=-20.7944 successMove=13
ITERATION 99 newScore=-2.604e+06 diffscore=41.3287 priorChange=-19.4081 successMove=13
MetaLearner::dumpAllGraphs
Final Score -2.604e+06
MetaLearner::start runtime: 1739363782 ms
Results/
Results/cluster8/
Results/cluster8/fold0/
Results/cluster8/fold0/var_mb_pw_k50.txt
Results/cluster8/fold0/modelparams.txt
Results/cluster8/scoreFile.txt
Results/cluster3/
Results/cluster3/fold0/
Results/cluster3/fold0/var_mb_pw_k50.txt
Results/cluster3/fold0/modelparams.txt
Results/cluster2/
Results/cluster2/fold0/
Results/cluster2/fold0/var_mb_pw_k50.txt
Results/cluster2/fold0/modelparams.txt
Results/cluster1/
Results/cluster1/fold0/
Results/cluster1/fold0/var_mb_pw_k50.txt
Results/cluster1/fold0/modelparams.txt
Results/cluster6/
Results/cluster6/fold0/
Results/cluster6/fold0/var_mb_pw_k50.txt
Results/cluster6/fold0/modelparams.txt
Results/cluster9/
Results/cluster9/fold0/
Results/cluster9/fold0/var_mb_pw_k50.txt
Results/cluster9/fold0/modelparams.txt
Results/cluster10/
Results/cluster10/fold0/
Results/cluster10/fold0/var_mb_pw_k50.txt
Results/cluster10/fold0/modelparams.txt
Results/cluster7/
Results/cluster7/fold0/
Results/cluster7/fold0/var_mb_pw_k50.txt
Results/cluster7/fold0/modelparams.txt
