./CVN -f config_condor.txt -x50 -v1 -l TFs_OGs.txt -n AllGenes181.txt -d celltype_tree_ancestor.txt -m testdata_ogids.txt -s celltype_order.txt -p 0.2 -c yes -b -4 -q 4
(cluster3|cluster8) p_maintain_edge=0.8 p_gain=0.2
(cluster2|cluster3) p_maintain_edge=0.8 p_gain=0.2
(cluster1|cluster2) p_maintain_edge=0.8 p_gain=0.2
(cluster6|cluster2) p_maintain_edge=0.8 p_gain=0.2
(cluster9|cluster6) p_maintain_edge=0.8 p_gain=0.2
(cluster10|cluster6) p_maintain_edge=0.8 p_gain=0.2
(cluster7|cluster10) p_maintain_edge=0.8 p_gain=0.2
speciesSet.size()=8 Root is cluster8
MappedOrthogroupReader::readSpeciesMapping() --- celltype_order.txt
MappedOrthogroupReader::readFile - testdata_ogids.txt
MappedOrthogroupReader::generateGeneOrthoMap()
MetaLearner::init_onefold() read:config_condor.txt
MetaLearner::setinputVariableNames number of variables: 2043
readEvidenceTable:cluster8.table
PotentialManager::loadEvidenceFromTable varCount=2043 sampleCount=348
motifNetwork.size() = 319
0=cluster8 motifNetwork=cluster8_network.txt
variable size=2043
readEvidenceTable:cluster3.table
PotentialManager::loadEvidenceFromTable varCount=2043 sampleCount=95
motifNetwork.size() = 326
1=cluster3 motifNetwork=cluster3_network.txt
variable size=2043
readEvidenceTable:cluster2.table
PotentialManager::loadEvidenceFromTable varCount=2043 sampleCount=386
motifNetwork.size() = 328
2=cluster2 motifNetwork=cluster2_network.txt
variable size=2043
readEvidenceTable:cluster1.table
PotentialManager::loadEvidenceFromTable varCount=2043 sampleCount=36
motifNetwork.size() = 322
3=cluster1 motifNetwork=cluster1_network.txt
variable size=2043
readEvidenceTable:cluster6.table
PotentialManager::loadEvidenceFromTable varCount=2043 sampleCount=524
motifNetwork.size() = 320
4=cluster6 motifNetwork=cluster6_network.txt
variable size=2043
readEvidenceTable:cluster9.table
PotentialManager::loadEvidenceFromTable varCount=2043 sampleCount=184
motifNetwork.size() = 327
5=cluster9 motifNetwork=cluster9_network.txt
variable size=2043
readEvidenceTable:cluster10.table
PotentialManager::loadEvidenceFromTable varCount=2043 sampleCount=165
motifNetwork.size() = 326
6=cluster10 motifNetwork=cluster10_network.txt
variable size=2043
readEvidenceTable:cluster7.table
PotentialManager::loadEvidenceFromTable varCount=2043 sampleCount=1032
motifNetwork.size() = 320
7=cluster7 motifNetwork=cluster7_network.txt
variable size=2043
-------------------------------------------------------------
MetaLearner::start
precomputeEmptyGraphPrior
binkey=0 [Edge status: 0 0 0 0 0 0 0 0 ] P(G)=P(cluster8=0)[0.8] * P(cluster1=0|cluster2=0) * P(cluster9=0|cluster6=0) * P(cluster7=0|cluster10=0) * P(cluster10=0|cluster6=0) * P(cluster6=0|cluster2=0) * P(cluster2=0|cluster3=0) * P(cluster3=0|cluster8=0)[0.209715]=0.167772
condsetMap_Tree
0 cluster8=0 cluster3=0 cluster2=0 cluster1=0 cluster6=0 cluster9=0 cluster10=0 cluster7=1
1 cluster8=0 cluster3=0 cluster2=0 cluster1=0 cluster6=0 cluster9=1 cluster10=0 cluster7=0
2 cluster8=0 cluster3=0 cluster2=0 cluster1=0 cluster6=0 cluster9=1 cluster10=0 cluster7=1
3 cluster8=0 cluster3=0 cluster2=0 cluster1=1 cluster6=0 cluster9=0 cluster10=0 cluster7=0
4 cluster8=0 cluster3=0 cluster2=0 cluster1=1 cluster6=0 cluster9=0 cluster10=0 cluster7=1
5 cluster8=0 cluster3=0 cluster2=0 cluster1=1 cluster6=0 cluster9=1 cluster10=0 cluster7=0
6 cluster8=0 cluster3=0 cluster2=0 cluster1=1 cluster6=0 cluster9=1 cluster10=0 cluster7=1
7 cluster8=0 cluster3=0 cluster2=0 cluster1=0 cluster6=0 cluster9=0 cluster10=1 cluster7=1
8 cluster8=0 cluster3=0 cluster2=0 cluster1=0 cluster6=0 cluster9=1 cluster10=1 cluster7=1
9 cluster8=0 cluster3=0 cluster2=0 cluster1=1 cluster6=0 cluster9=0 cluster10=1 cluster7=1
10 cluster8=0 cluster3=0 cluster2=0 cluster1=1 cluster6=0 cluster9=1 cluster10=1 cluster7=1
11 cluster8=0 cluster3=0 cluster2=0 cluster1=0 cluster6=1 cluster9=1 cluster10=1 cluster7=1
12 cluster8=0 cluster3=0 cluster2=0 cluster1=1 cluster6=1 cluster9=1 cluster10=1 cluster7=1
13 cluster8=0 cluster3=0 cluster2=1 cluster1=1 cluster6=1 cluster9=1 cluster10=1 cluster7=1
14 cluster8=0 cluster3=1 cluster2=1 cluster1=1 cluster6=1 cluster9=1 cluster10=1 cluster7=1
15 cluster8=1 cluster3=1 cluster2=1 cluster1=1 cluster6=1 cluster9=1 cluster10=1 cluster7=1
16 cluster8=1 cluster3=1 cluster2=1 cluster1=1 cluster6=1 cluster9=1 cluster10=1 cluster7=0
17 cluster8=1 cluster3=1 cluster2=1 cluster1=1 cluster6=1 cluster9=0 cluster10=1 cluster7=1
18 cluster8=1 cluster3=1 cluster2=1 cluster1=1 cluster6=1 cluster9=0 cluster10=1 cluster7=0
19 cluster8=1 cluster3=1 cluster2=1 cluster1=0 cluster6=1 cluster9=1 cluster10=1 cluster7=1
20 cluster8=1 cluster3=1 cluster2=1 cluster1=0 cluster6=1 cluster9=1 cluster10=1 cluster7=0
21 cluster8=1 cluster3=1 cluster2=1 cluster1=0 cluster6=1 cluster9=0 cluster10=1 cluster7=1
22 cluster8=1 cluster3=1 cluster2=1 cluster1=0 cluster6=1 cluster9=0 cluster10=1 cluster7=0
23 cluster8=1 cluster3=1 cluster2=1 cluster1=1 cluster6=1 cluster9=1 cluster10=0 cluster7=0
24 cluster8=1 cluster3=1 cluster2=1 cluster1=1 cluster6=1 cluster9=0 cluster10=0 cluster7=0
25 cluster8=1 cluster3=1 cluster2=1 cluster1=0 cluster6=1 cluster9=1 cluster10=0 cluster7=0
26 cluster8=1 cluster3=1 cluster2=1 cluster1=0 cluster6=1 cluster9=0 cluster10=0 cluster7=0
27 cluster8=1 cluster3=1 cluster2=1 cluster1=1 cluster6=0 cluster9=0 cluster10=0 cluster7=0
28 cluster8=1 cluster3=1 cluster2=1 cluster1=0 cluster6=0 cluster9=0 cluster10=0 cluster7=0
29 cluster8=1 cluster3=1 cluster2=0 cluster1=0 cluster6=0 cluster9=0 cluster10=0 cluster7=0
30 cluster8=1 cluster3=0 cluster2=0 cluster1=0 cluster6=0 cluster9=0 cluster10=0 cluster7=0
31 cluster8=0 cluster3=0 cluster2=0 cluster1=0 cluster6=1 cluster9=0 cluster10=0 cluster7=0
32 cluster8=0 cluster3=0 cluster2=1 cluster1=0 cluster6=0 cluster9=0 cluster10=0 cluster7=0
33 cluster8=0 cluster3=0 cluster2=0 cluster1=0 cluster6=0 cluster9=0 cluster10=1 cluster7=0
34 cluster8=0 cluster3=1 cluster2=0 cluster1=0 cluster6=0 cluster9=0 cluster10=0 cluster7=0
inputRegulatorOGs.size() = 1999 inputOGList.size() = 50
binkey=16 [Edge status: 0 0 0 0 1 0 0 0 ] P(G)=P(cluster8=0)[0.8] * P(cluster1=0|cluster2=0) * P(cluster9=0|cluster6=1) * P(cluster7=0|cluster10=0) * P(cluster10=0|cluster6=1) * P(cluster6=1|cluster2=0) * P(cluster2=0|cluster3=0) * P(cluster3=0|cluster8=0)[0.0032768]=0.00262144
binkey=128 [Edge status: 0 0 0 0 0 0 0 1 ] P(G)=P(cluster8=0)[0.8] * P(cluster1=0|cluster2=0) * P(cluster9=0|cluster6=0) * P(cluster7=1|cluster10=0) * P(cluster10=0|cluster6=0) * P(cluster6=0|cluster2=0) * P(cluster2=0|cluster3=0) * P(cluster3=0|cluster8=0)[0.0524288]=0.041943
binkey=1 [Edge status: 1 0 0 0 0 0 0 0 ] P(G)=P(cluster8=1)[0.2] * P(cluster1=0|cluster2=0) * P(cluster9=0|cluster6=0) * P(cluster7=0|cluster10=0) * P(cluster10=0|cluster6=0) * P(cluster6=0|cluster2=0) * P(cluster2=0|cluster3=0) * P(cluster3=0|cluster8=1)[0.0524288]=0.0104858
binkey=32 [Edge status: 0 0 0 0 0 1 0 0 ] P(G)=P(cluster8=0)[0.8] * P(cluster1=0|cluster2=0) * P(cluster9=1|cluster6=0) * P(cluster7=0|cluster10=0) * P(cluster10=0|cluster6=0) * P(cluster6=0|cluster2=0) * P(cluster2=0|cluster3=0) * P(cluster3=0|cluster8=0)[0.0524288]=0.041943
binkey=8 [Edge status: 0 0 0 1 0 0 0 0 ] P(G)=P(cluster8=0)[0.8] * P(cluster1=1|cluster2=0) * P(cluster9=0|cluster6=0) * P(cluster7=0|cluster10=0) * P(cluster10=0|cluster6=0) * P(cluster6=0|cluster2=0) * P(cluster2=0|cluster3=0) * P(cluster3=0|cluster8=0)[0.0524288]=0.041943
binkey=40 [Edge status: 0 0 0 1 0 1 0 0 ] P(G)=P(cluster8=0)[0.8] * P(cluster1=1|cluster2=0) * P(cluster9=1|cluster6=0) * P(cluster7=0|cluster10=0) * P(cluster10=0|cluster6=0) * P(cluster6=0|cluster2=0) * P(cluster2=0|cluster3=0) * P(cluster3=0|cluster8=0)[0.0131072]=0.0104858
binkey=160 [Edge status: 0 0 0 0 0 1 0 1 ] P(G)=P(cluster8=0)[0.8] * P(cluster1=0|cluster2=0) * P(cluster9=1|cluster6=0) * P(cluster7=1|cluster10=0) * P(cluster10=0|cluster6=0) * P(cluster6=0|cluster2=0) * P(cluster2=0|cluster3=0) * P(cluster3=0|cluster8=0)[0.0131072]=0.0104858
binkey=4 [Edge status: 0 0 1 0 0 0 0 0 ] P(G)=P(cluster8=0)[0.8] * P(cluster1=0|cluster2=1) * P(cluster9=0|cluster6=0) * P(cluster7=0|cluster10=0) * P(cluster10=0|cluster6=0) * P(cluster6=0|cluster2=1) * P(cluster2=1|cluster3=0) * P(cluster3=0|cluster8=0)[0.0032768]=0.00262144
binkey=192 [Edge status: 0 0 0 0 0 0 1 1 ] P(G)=P(cluster8=0)[0.8] * P(cluster1=0|cluster2=0) * P(cluster9=0|cluster6=0) * P(cluster7=1|cluster10=1) * P(cluster10=1|cluster6=0) * P(cluster6=0|cluster2=0) * P(cluster2=0|cluster3=0) * P(cluster3=0|cluster8=0)[0.0524288]=0.041943
binkey=64 [Edge status: 0 0 0 0 0 0 1 0 ] P(G)=P(cluster8=0)[0.8] * P(cluster1=0|cluster2=0) * P(cluster9=0|cluster6=0) * P(cluster7=0|cluster10=1) * P(cluster10=1|cluster6=0) * P(cluster6=0|cluster2=0) * P(cluster2=0|cluster3=0) * P(cluster3=0|cluster8=0)[0.0131072]=0.0104858
binkey=2 [Edge status: 0 1 0 0 0 0 0 0 ] P(G)=P(cluster8=0)[0.8] * P(cluster1=0|cluster2=0) * P(cluster9=0|cluster6=0) * P(cluster7=0|cluster10=0) * P(cluster10=0|cluster6=0) * P(cluster6=0|cluster2=0) * P(cluster2=0|cluster3=1) * P(cluster3=1|cluster8=0)[0.0131072]=0.0104858
binkey=3 [Edge status: 1 1 0 0 0 0 0 0 ] P(G)=P(cluster8=1)[0.2] * P(cluster1=0|cluster2=0) * P(cluster9=0|cluster6=0) * P(cluster7=0|cluster10=0) * P(cluster10=0|cluster6=0) * P(cluster6=0|cluster2=0) * P(cluster2=0|cluster3=1) * P(cluster3=1|cluster8=1)[0.0524288]=0.0104858
binkey=224 [Edge status: 0 0 0 0 0 1 1 1 ] P(G)=P(cluster8=0)[0.8] * P(cluster1=0|cluster2=0) * P(cluster9=1|cluster6=0) * P(cluster7=1|cluster10=1) * P(cluster10=1|cluster6=0) * P(cluster6=0|cluster2=0) * P(cluster2=0|cluster3=0) * P(cluster3=0|cluster8=0)[0.0131072]=0.0104858
binkey=240 [Edge status: 0 0 0 0 1 1 1 1 ] P(G)=P(cluster8=0)[0.8] * P(cluster1=0|cluster2=0) * P(cluster9=1|cluster6=1) * P(cluster7=1|cluster10=1) * P(cluster10=1|cluster6=1) * P(cluster6=1|cluster2=0) * P(cluster2=0|cluster3=0) * P(cluster3=0|cluster8=0)[0.0524288]=0.041943
binkey=136 [Edge status: 0 0 0 1 0 0 0 1 ] P(G)=P(cluster8=0)[0.8] * P(cluster1=1|cluster2=0) * P(cluster9=0|cluster6=0) * P(cluster7=1|cluster10=0) * P(cluster10=0|cluster6=0) * P(cluster6=0|cluster2=0) * P(cluster2=0|cluster3=0) * P(cluster3=0|cluster8=0)[0.0131072]=0.0104858
binkey=168 [Edge status: 0 0 0 1 0 1 0 1 ] P(G)=P(cluster8=0)[0.8] * P(cluster1=1|cluster2=0) * P(cluster9=1|cluster6=0) * P(cluster7=1|cluster10=0) * P(cluster10=0|cluster6=0) * P(cluster6=0|cluster2=0) * P(cluster2=0|cluster3=0) * P(cluster3=0|cluster8=0)[0.0032768]=0.00262144
binkey=200 [Edge status: 0 0 0 1 0 0 1 1 ] P(G)=P(cluster8=0)[0.8] * P(cluster1=1|cluster2=0) * P(cluster9=0|cluster6=0) * P(cluster7=1|cluster10=1) * P(cluster10=1|cluster6=0) * P(cluster6=0|cluster2=0) * P(cluster2=0|cluster3=0) * P(cluster3=0|cluster8=0)[0.0131072]=0.0104858
binkey=232 [Edge status: 0 0 0 1 0 1 1 1 ] P(G)=P(cluster8=0)[0.8] * P(cluster1=1|cluster2=0) * P(cluster9=1|cluster6=0) * P(cluster7=1|cluster10=1) * P(cluster10=1|cluster6=0) * P(cluster6=0|cluster2=0) * P(cluster2=0|cluster3=0) * P(cluster3=0|cluster8=0)[0.0032768]=0.00262144
binkey=248 [Edge status: 0 0 0 1 1 1 1 1 ] P(G)=P(cluster8=0)[0.8] * P(cluster1=1|cluster2=0) * P(cluster9=1|cluster6=1) * P(cluster7=1|cluster10=1) * P(cluster10=1|cluster6=1) * P(cluster6=1|cluster2=0) * P(cluster2=0|cluster3=0) * P(cluster3=0|cluster8=0)[0.0131072]=0.0104858
binkey=215 [Edge status: 1 1 1 0 1 0 1 1 ] P(G)=P(cluster8=1)[0.2] * P(cluster1=0|cluster2=1) * P(cluster9=0|cluster6=1) * P(cluster7=1|cluster10=1) * P(cluster10=1|cluster6=1) * P(cluster6=1|cluster2=1) * P(cluster2=1|cluster3=1) * P(cluster3=1|cluster8=1)[0.0131072]=0.00262144
binkey=87 [Edge status: 1 1 1 0 1 0 1 0 ] P(G)=P(cluster8=1)[0.2] * P(cluster1=0|cluster2=1) * P(cluster9=0|cluster6=1) * P(cluster7=0|cluster10=1) * P(cluster10=1|cluster6=1) * P(cluster6=1|cluster2=1) * P(cluster2=1|cluster3=1) * P(cluster3=1|cluster8=1)[0.0032768]=0.00065536
binkey=23 [Edge status: 1 1 1 0 1 0 0 0 ] P(G)=P(cluster8=1)[0.2] * P(cluster1=0|cluster2=1) * P(cluster9=0|cluster6=1) * P(cluster7=0|cluster10=0) * P(cluster10=0|cluster6=1) * P(cluster6=1|cluster2=1) * P(cluster2=1|cluster3=1) * P(cluster3=1|cluster8=1)[0.0032768]=0.00065536
binkey=7 [Edge status: 1 1 1 0 0 0 0 0 ] P(G)=P(cluster8=1)[0.2] * P(cluster1=0|cluster2=1) * P(cluster9=0|cluster6=0) * P(cluster7=0|cluster10=0) * P(cluster10=0|cluster6=0) * P(cluster6=0|cluster2=1) * P(cluster2=1|cluster3=1) * P(cluster3=1|cluster8=1)[0.0131072]=0.00262144
binkey=247 [Edge status: 1 1 1 0 1 1 1 1 ] P(G)=P(cluster8=1)[0.2] * P(cluster1=0|cluster2=1) * P(cluster9=1|cluster6=1) * P(cluster7=1|cluster10=1) * P(cluster10=1|cluster6=1) * P(cluster6=1|cluster2=1) * P(cluster2=1|cluster3=1) * P(cluster3=1|cluster8=1)[0.0524288]=0.0104858
binkey=119 [Edge status: 1 1 1 0 1 1 1 0 ] P(G)=P(cluster8=1)[0.2] * P(cluster1=0|cluster2=1) * P(cluster9=1|cluster6=1) * P(cluster7=0|cluster10=1) * P(cluster10=1|cluster6=1) * P(cluster6=1|cluster2=1) * P(cluster2=1|cluster3=1) * P(cluster3=1|cluster8=1)[0.0131072]=0.00262144
binkey=55 [Edge status: 1 1 1 0 1 1 0 0 ] P(G)=P(cluster8=1)[0.2] * P(cluster1=0|cluster2=1) * P(cluster9=1|cluster6=1) * P(cluster7=0|cluster10=0) * P(cluster10=0|cluster6=1) * P(cluster6=1|cluster2=1) * P(cluster2=1|cluster3=1) * P(cluster3=1|cluster8=1)[0.0131072]=0.00262144
ITERATION 0 newScore=-2.63533e+06 diffscore=17522.6 priorChange=-115.062 successMove=60
ITERATION 1 newScore=-2.62927e+06 diffscore=6057.23 priorChange=-126.153 successMove=53
ITERATION 2 newScore=-2.62288e+06 diffscore=6388.06 priorChange=-130.312 successMove=50
ITERATION 3 newScore=-2.61809e+06 diffscore=4789.88 priorChange=-121.994 successMove=56
ITERATION 4 newScore=-2.6138e+06 diffscore=4289 priorChange=-121.994 successMove=51
ITERATION 5 newScore=-2.60727e+06 diffscore=6530.55 priorChange=-108.131 successMove=52
ITERATION 6 newScore=-2.60112e+06 diffscore=6149.14 priorChange=-119.221 successMove=54
ITERATION 7 newScore=-2.59952e+06 diffscore=1606.09 priorChange=-113.676 successMove=50
ITERATION 8 newScore=-2.59681e+06 diffscore=2709.67 priorChange=-130.312 successMove=51
ITERATION 9 newScore=-2.59321e+06 diffscore=3599.47 priorChange=-120.608 successMove=51
ITERATION 10 newScore=-2.59144e+06 diffscore=1765.33 priorChange=-99.8132 successMove=49
ITERATION 11 newScore=-2.5906e+06 diffscore=839.961 priorChange=-113.676 successMove=53
ITERATION 12 newScore=-2.58663e+06 diffscore=3970.87 priorChange=-106.745 successMove=49
ITERATION 13 newScore=-2.58526e+06 diffscore=1372.57 priorChange=-112.29 successMove=50
ITERATION 14 newScore=-2.58272e+06 diffscore=2540.31 priorChange=-97.0406 successMove=53
ITERATION 15 newScore=-2.58202e+06 diffscore=693.701 priorChange=-108.131 successMove=49
ITERATION 16 newScore=-2.57976e+06 diffscore=2266.98 priorChange=-112.29 successMove=50
ITERATION 17 newScore=-2.57653e+06 diffscore=3224.06 priorChange=-124.766 successMove=50
ITERATION 18 newScore=-2.57306e+06 diffscore=3472.95 priorChange=-113.676 successMove=51
ITERATION 19 newScore=-2.57165e+06 diffscore=1411.34 priorChange=-110.904 successMove=50
ITERATION 20 newScore=-2.56859e+06 diffscore=3061.78 priorChange=-102.586 successMove=50
ITERATION 21 newScore=-2.56749e+06 diffscore=1100.25 priorChange=-98.4269 successMove=55
ITERATION 22 newScore=-2.56691e+06 diffscore=576.082 priorChange=-105.358 successMove=50
ITERATION 23 newScore=-2.56634e+06 diffscore=571.472 priorChange=-112.29 successMove=50
ITERATION 24 newScore=-2.56503e+06 diffscore=1308.5 priorChange=-108.131 successMove=50
ITERATION 25 newScore=-2.56436e+06 diffscore=667.929 priorChange=-106.745 successMove=50
ITERATION 26 newScore=-2.56143e+06 diffscore=2929.86 priorChange=-120.608 successMove=50
ITERATION 27 newScore=-2.55832e+06 diffscore=3110.91 priorChange=-103.972 successMove=49
ITERATION 28 newScore=-2.55757e+06 diffscore=754.266 priorChange=-109.517 successMove=49
ITERATION 29 newScore=-2.55574e+06 diffscore=1826.11 priorChange=-105.358 successMove=47
ITERATION 30 newScore=-2.55332e+06 diffscore=2423.08 priorChange=-103.972 successMove=47
ITERATION 31 newScore=-2.55154e+06 diffscore=1782.47 priorChange=-92.8817 successMove=49
ITERATION 32 newScore=-2.55105e+06 diffscore=489.489 priorChange=-105.358 successMove=47
ITERATION 33 newScore=-2.55004e+06 diffscore=1003.24 priorChange=-97.0406 successMove=49
ITERATION 34 newScore=-2.54788e+06 diffscore=2158.96 priorChange=-91.4954 successMove=50
ITERATION 35 newScore=-2.54724e+06 diffscore=643.989 priorChange=-103.972 successMove=46
ITERATION 36 newScore=-2.54519e+06 diffscore=2049.66 priorChange=-95.6543 successMove=47
ITERATION 37 newScore=-2.54291e+06 diffscore=2282.56 priorChange=-94.268 successMove=45
ITERATION 38 newScore=-2.54114e+06 diffscore=1768.58 priorChange=-105.358 successMove=43
ITERATION 39 newScore=-2.53962e+06 diffscore=1520.69 priorChange=-103.972 successMove=43
ITERATION 40 newScore=-2.53847e+06 diffscore=1152.33 priorChange=-102.586 successMove=43
ITERATION 41 newScore=-2.53636e+06 diffscore=2106.55 priorChange=-84.564 successMove=46
ITERATION 42 newScore=-2.53594e+06 diffscore=419.275 priorChange=-97.0406 successMove=43
ITERATION 43 newScore=-2.5343e+06 diffscore=1640.95 priorChange=-110.904 successMove=43
ITERATION 44 newScore=-2.53279e+06 diffscore=1514.36 priorChange=-87.3365 successMove=43
ITERATION 45 newScore=-2.53239e+06 diffscore=399.054 priorChange=-98.4269 successMove=44
ITERATION 46 newScore=-2.53093e+06 diffscore=1458.04 priorChange=-105.358 successMove=43
ITERATION 47 newScore=-2.52939e+06 diffscore=1535.4 priorChange=-102.586 successMove=46
ITERATION 48 newScore=-2.52804e+06 diffscore=1354.04 priorChange=-79.0188 successMove=43
ITERATION 49 newScore=-2.52654e+06 diffscore=1502.48 priorChange=-88.7228 successMove=42
ITERATION 50 newScore=-2.52607e+06 diffscore=465.208 priorChange=-98.4269 successMove=42
ITERATION 51 newScore=-2.52441e+06 diffscore=1666.58 priorChange=-87.3365 successMove=42
ITERATION 52 newScore=-2.52397e+06 diffscore=434.159 priorChange=-87.3365 successMove=41
ITERATION 53 newScore=-2.52356e+06 diffscore=415.643 priorChange=-74.8599 successMove=42
ITERATION 54 newScore=-2.52241e+06 diffscore=1144.21 priorChange=-80.4051 successMove=43
ITERATION 55 newScore=-2.52188e+06 diffscore=532.245 priorChange=-80.4051 successMove=38
ITERATION 56 newScore=-2.52032e+06 diffscore=1561.37 priorChange=-83.1777 successMove=40
ITERATION 57 newScore=-2.52001e+06 diffscore=308.106 priorChange=-83.1777 successMove=38
ITERATION 58 newScore=-2.51947e+06 diffscore=537.588 priorChange=-65.1558 successMove=38
ITERATION 59 newScore=-2.51831e+06 diffscore=1162.16 priorChange=-74.8599 successMove=38
ITERATION 60 newScore=-2.51652e+06 diffscore=1794.56 priorChange=-77.6325 successMove=36
ITERATION 61 newScore=-2.51528e+06 diffscore=1233.97 priorChange=-70.701 successMove=37
ITERATION 62 newScore=-2.51504e+06 diffscore=245.137 priorChange=-77.6325 successMove=37
ITERATION 63 newScore=-2.51482e+06 diffscore=214.617 priorChange=-80.4051 successMove=36
ITERATION 64 newScore=-2.51458e+06 diffscore=237.117 priorChange=-83.1777 successMove=37
ITERATION 65 newScore=-2.51428e+06 diffscore=299.429 priorChange=-69.3147 successMove=34
ITERATION 66 newScore=-2.51399e+06 diffscore=299.819 priorChange=-66.5421 successMove=34
ITERATION 67 newScore=-2.51255e+06 diffscore=1437.38 priorChange=-70.701 successMove=33
ITERATION 68 newScore=-2.51228e+06 diffscore=271.979 priorChange=-70.701 successMove=32
ITERATION 69 newScore=-2.51086e+06 diffscore=1413.53 priorChange=-69.3147 successMove=32
ITERATION 70 newScore=-2.51065e+06 diffscore=210.651 priorChange=-51.2929 successMove=31
ITERATION 71 newScore=-2.51013e+06 diffscore=522.742 priorChange=-70.701 successMove=31
ITERATION 72 newScore=-2.50961e+06 diffscore=518.162 priorChange=-63.7695 successMove=27
ITERATION 73 newScore=-2.50719e+06 diffscore=2425.35 priorChange=-52.6792 successMove=26
ITERATION 74 newScore=-2.5058e+06 diffscore=1384.65 priorChange=-56.8381 successMove=27
ITERATION 75 newScore=-2.50534e+06 diffscore=459.781 priorChange=-58.2244 successMove=26
ITERATION 76 newScore=-2.50435e+06 diffscore=994.7 priorChange=-52.6792 successMove=27
ITERATION 77 newScore=-2.50296e+06 diffscore=1387.35 priorChange=-55.4518 successMove=26
ITERATION 78 newScore=-2.50186e+06 diffscore=1102.42 priorChange=-44.3614 successMove=22
ITERATION 79 newScore=-2.50175e+06 diffscore=106.516 priorChange=-36.0437 successMove=21
ITERATION 80 newScore=-2.5015e+06 diffscore=249.864 priorChange=-45.7477 successMove=21
ITERATION 81 newScore=-2.50126e+06 diffscore=244.812 priorChange=-40.2025 successMove=21
ITERATION 82 newScore=-2.5011e+06 diffscore=150.945 priorChange=-42.9751 successMove=21
ITERATION 83 newScore=-2.50087e+06 diffscore=236.079 priorChange=-40.2025 successMove=21
ITERATION 84 newScore=-2.49901e+06 diffscore=1858.87 priorChange=-24.9533 successMove=19
ITERATION 85 newScore=-2.49799e+06 diffscore=1017.41 priorChange=-31.8848 successMove=18
ITERATION 86 newScore=-2.49791e+06 diffscore=77.686 priorChange=-37.4299 successMove=17
ITERATION 87 newScore=-2.49783e+06 diffscore=82.0576 priorChange=-15.2492 successMove=16
ITERATION 88 newScore=-2.49774e+06 diffscore=89.5209 priorChange=-27.7259 successMove=15
ITERATION 89 newScore=-2.49764e+06 diffscore=99.3519 priorChange=-18.0218 successMove=13
ITERATION 90 newScore=-2.49755e+06 diffscore=88.724 priorChange=-23.567 successMove=12
ITERATION 91 newScore=-2.49747e+06 diffscore=88.7735 priorChange=-16.6355 successMove=12
ITERATION 92 newScore=-2.49738e+06 diffscore=88.5911 priorChange=-16.6355 successMove=12
ITERATION 93 newScore=-2.49729e+06 diffscore=90.6973 priorChange=-12.4766 successMove=12
ITERATION 94 newScore=-2.49721e+06 diffscore=72.1737 priorChange=-13.8629 successMove=11
ITERATION 95 newScore=-2.49712e+06 diffscore=95.2589 priorChange=-15.2492 successMove=11
ITERATION 96 newScore=-2.49687e+06 diffscore=249.57 priorChange=-9.70406 successMove=11
ITERATION 97 newScore=-2.49676e+06 diffscore=110.522 priorChange=-12.4766 successMove=10
ITERATION 98 newScore=-2.49664e+06 diffscore=117.069 priorChange=-12.4766 successMove=8
ITERATION 99 newScore=-2.49637e+06 diffscore=273.365 priorChange=-13.8629 successMove=8
MetaLearner::dumpAllGraphs
Final Score -2.49637e+06
MetaLearner::start runtime: 2363971966 ms
Results/
Results/cluster1/
Results/cluster1/fold0/
Results/cluster1/fold0/modelparams.txt
Results/cluster1/fold0/var_mb_pw_k50.txt
Results/cluster3/
Results/cluster3/fold0/
Results/cluster3/fold0/modelparams.txt
Results/cluster3/fold0/var_mb_pw_k50.txt
Results/cluster2/
Results/cluster2/fold0/
Results/cluster2/fold0/modelparams.txt
Results/cluster2/fold0/var_mb_pw_k50.txt
Results/cluster6/
Results/cluster6/fold0/
Results/cluster6/fold0/modelparams.txt
Results/cluster6/fold0/var_mb_pw_k50.txt
Results/cluster9/
Results/cluster9/fold0/
Results/cluster9/fold0/modelparams.txt
Results/cluster9/fold0/var_mb_pw_k50.txt
Results/cluster8/
Results/cluster8/scoreFile.txt
Results/cluster8/fold0/
Results/cluster8/fold0/modelparams.txt
Results/cluster8/fold0/var_mb_pw_k50.txt
Results/cluster7/
Results/cluster7/fold0/
Results/cluster7/fold0/modelparams.txt
Results/cluster7/fold0/var_mb_pw_k50.txt
Results/cluster10/
Results/cluster10/fold0/
Results/cluster10/fold0/modelparams.txt
Results/cluster10/fold0/var_mb_pw_k50.txt
