./CVN -f config_condor.txt -x50 -v1 -l TFs_OGs.txt -n AllGenes146.txt -d celltype_tree_ancestor.txt -m testdata_ogids.txt -s celltype_order.txt -p 0.2 -c yes -b -4 -q 4
(cluster3|cluster8) p_maintain_edge=0.8 p_gain=0.2
(cluster2|cluster3) p_maintain_edge=0.8 p_gain=0.2
(cluster1|cluster2) p_maintain_edge=0.8 p_gain=0.2
(cluster6|cluster2) p_maintain_edge=0.8 p_gain=0.2
(cluster9|cluster6) p_maintain_edge=0.8 p_gain=0.2
(cluster10|cluster6) p_maintain_edge=0.8 p_gain=0.2
(cluster7|cluster10) p_maintain_edge=0.8 p_gain=0.2
speciesSet.size()=8 Root is cluster8
MappedOrthogroupReader::readSpeciesMapping() --- celltype_order.txt
MappedOrthogroupReader::readFile - testdata_ogids.txt
MappedOrthogroupReader::generateGeneOrthoMap()
MetaLearner::init_onefold() read:config_condor.txt
MetaLearner::setinputVariableNames number of variables: 2043
readEvidenceTable:cluster8.table
PotentialManager::loadEvidenceFromTable varCount=2043 sampleCount=348
motifNetwork.size() = 319
0=cluster8 motifNetwork=cluster8_network.txt
variable size=2043
readEvidenceTable:cluster3.table
PotentialManager::loadEvidenceFromTable varCount=2043 sampleCount=95
motifNetwork.size() = 326
1=cluster3 motifNetwork=cluster3_network.txt
variable size=2043
readEvidenceTable:cluster2.table
PotentialManager::loadEvidenceFromTable varCount=2043 sampleCount=386
motifNetwork.size() = 328
2=cluster2 motifNetwork=cluster2_network.txt
variable size=2043
readEvidenceTable:cluster1.table
PotentialManager::loadEvidenceFromTable varCount=2043 sampleCount=36
motifNetwork.size() = 322
3=cluster1 motifNetwork=cluster1_network.txt
variable size=2043
readEvidenceTable:cluster6.table
PotentialManager::loadEvidenceFromTable varCount=2043 sampleCount=524
motifNetwork.size() = 320
4=cluster6 motifNetwork=cluster6_network.txt
variable size=2043
readEvidenceTable:cluster9.table
PotentialManager::loadEvidenceFromTable varCount=2043 sampleCount=184
motifNetwork.size() = 327
5=cluster9 motifNetwork=cluster9_network.txt
variable size=2043
readEvidenceTable:cluster10.table
PotentialManager::loadEvidenceFromTable varCount=2043 sampleCount=165
motifNetwork.size() = 326
6=cluster10 motifNetwork=cluster10_network.txt
variable size=2043
readEvidenceTable:cluster7.table
PotentialManager::loadEvidenceFromTable varCount=2043 sampleCount=1032
motifNetwork.size() = 320
7=cluster7 motifNetwork=cluster7_network.txt
variable size=2043
-------------------------------------------------------------
MetaLearner::start
precomputeEmptyGraphPrior
binkey=0 [Edge status: 0 0 0 0 0 0 0 0 ] P(G)=P(cluster8=0)[0.8] * P(cluster1=0|cluster2=0) * P(cluster9=0|cluster6=0) * P(cluster7=0|cluster10=0) * P(cluster10=0|cluster6=0) * P(cluster6=0|cluster2=0) * P(cluster2=0|cluster3=0) * P(cluster3=0|cluster8=0)[0.209715]=0.167772
condsetMap_Tree
0 cluster8=0 cluster3=0 cluster2=0 cluster1=0 cluster6=0 cluster9=0 cluster10=0 cluster7=1
1 cluster8=0 cluster3=0 cluster2=0 cluster1=0 cluster6=0 cluster9=1 cluster10=0 cluster7=0
2 cluster8=0 cluster3=0 cluster2=0 cluster1=0 cluster6=0 cluster9=1 cluster10=0 cluster7=1
3 cluster8=0 cluster3=0 cluster2=0 cluster1=1 cluster6=0 cluster9=0 cluster10=0 cluster7=0
4 cluster8=0 cluster3=0 cluster2=0 cluster1=1 cluster6=0 cluster9=0 cluster10=0 cluster7=1
5 cluster8=0 cluster3=0 cluster2=0 cluster1=1 cluster6=0 cluster9=1 cluster10=0 cluster7=0
6 cluster8=0 cluster3=0 cluster2=0 cluster1=1 cluster6=0 cluster9=1 cluster10=0 cluster7=1
7 cluster8=0 cluster3=0 cluster2=0 cluster1=0 cluster6=0 cluster9=0 cluster10=1 cluster7=1
8 cluster8=0 cluster3=0 cluster2=0 cluster1=0 cluster6=0 cluster9=1 cluster10=1 cluster7=1
9 cluster8=0 cluster3=0 cluster2=0 cluster1=1 cluster6=0 cluster9=0 cluster10=1 cluster7=1
10 cluster8=0 cluster3=0 cluster2=0 cluster1=1 cluster6=0 cluster9=1 cluster10=1 cluster7=1
11 cluster8=0 cluster3=0 cluster2=0 cluster1=0 cluster6=1 cluster9=1 cluster10=1 cluster7=1
12 cluster8=0 cluster3=0 cluster2=0 cluster1=1 cluster6=1 cluster9=1 cluster10=1 cluster7=1
13 cluster8=0 cluster3=0 cluster2=1 cluster1=1 cluster6=1 cluster9=1 cluster10=1 cluster7=1
14 cluster8=0 cluster3=1 cluster2=1 cluster1=1 cluster6=1 cluster9=1 cluster10=1 cluster7=1
15 cluster8=1 cluster3=1 cluster2=1 cluster1=1 cluster6=1 cluster9=1 cluster10=1 cluster7=1
16 cluster8=1 cluster3=1 cluster2=1 cluster1=1 cluster6=1 cluster9=1 cluster10=1 cluster7=0
17 cluster8=1 cluster3=1 cluster2=1 cluster1=1 cluster6=1 cluster9=0 cluster10=1 cluster7=1
18 cluster8=1 cluster3=1 cluster2=1 cluster1=1 cluster6=1 cluster9=0 cluster10=1 cluster7=0
19 cluster8=1 cluster3=1 cluster2=1 cluster1=0 cluster6=1 cluster9=1 cluster10=1 cluster7=1
20 cluster8=1 cluster3=1 cluster2=1 cluster1=0 cluster6=1 cluster9=1 cluster10=1 cluster7=0
21 cluster8=1 cluster3=1 cluster2=1 cluster1=0 cluster6=1 cluster9=0 cluster10=1 cluster7=1
22 cluster8=1 cluster3=1 cluster2=1 cluster1=0 cluster6=1 cluster9=0 cluster10=1 cluster7=0
23 cluster8=1 cluster3=1 cluster2=1 cluster1=1 cluster6=1 cluster9=1 cluster10=0 cluster7=0
24 cluster8=1 cluster3=1 cluster2=1 cluster1=1 cluster6=1 cluster9=0 cluster10=0 cluster7=0
25 cluster8=1 cluster3=1 cluster2=1 cluster1=0 cluster6=1 cluster9=1 cluster10=0 cluster7=0
26 cluster8=1 cluster3=1 cluster2=1 cluster1=0 cluster6=1 cluster9=0 cluster10=0 cluster7=0
27 cluster8=1 cluster3=1 cluster2=1 cluster1=1 cluster6=0 cluster9=0 cluster10=0 cluster7=0
28 cluster8=1 cluster3=1 cluster2=1 cluster1=0 cluster6=0 cluster9=0 cluster10=0 cluster7=0
29 cluster8=1 cluster3=1 cluster2=0 cluster1=0 cluster6=0 cluster9=0 cluster10=0 cluster7=0
30 cluster8=1 cluster3=0 cluster2=0 cluster1=0 cluster6=0 cluster9=0 cluster10=0 cluster7=0
31 cluster8=0 cluster3=0 cluster2=0 cluster1=0 cluster6=1 cluster9=0 cluster10=0 cluster7=0
32 cluster8=0 cluster3=0 cluster2=1 cluster1=0 cluster6=0 cluster9=0 cluster10=0 cluster7=0
33 cluster8=0 cluster3=0 cluster2=0 cluster1=0 cluster6=0 cluster9=0 cluster10=1 cluster7=0
34 cluster8=0 cluster3=1 cluster2=0 cluster1=0 cluster6=0 cluster9=0 cluster10=0 cluster7=0
inputRegulatorOGs.size() = 1999 inputOGList.size() = 50
binkey=8 [Edge status: 0 0 0 1 0 0 0 0 ] P(G)=P(cluster8=0)[0.8] * P(cluster1=1|cluster2=0) * P(cluster9=0|cluster6=0) * P(cluster7=0|cluster10=0) * P(cluster10=0|cluster6=0) * P(cluster6=0|cluster2=0) * P(cluster2=0|cluster3=0) * P(cluster3=0|cluster8=0)[0.0524288]=0.041943
binkey=128 [Edge status: 0 0 0 0 0 0 0 1 ] P(G)=P(cluster8=0)[0.8] * P(cluster1=0|cluster2=0) * P(cluster9=0|cluster6=0) * P(cluster7=1|cluster10=0) * P(cluster10=0|cluster6=0) * P(cluster6=0|cluster2=0) * P(cluster2=0|cluster3=0) * P(cluster3=0|cluster8=0)[0.0524288]=0.041943
binkey=2 [Edge status: 0 1 0 0 0 0 0 0 ] P(G)=P(cluster8=0)[0.8] * P(cluster1=0|cluster2=0) * P(cluster9=0|cluster6=0) * P(cluster7=0|cluster10=0) * P(cluster10=0|cluster6=0) * P(cluster6=0|cluster2=0) * P(cluster2=0|cluster3=1) * P(cluster3=1|cluster8=0)[0.0131072]=0.0104858
binkey=32 [Edge status: 0 0 0 0 0 1 0 0 ] P(G)=P(cluster8=0)[0.8] * P(cluster1=0|cluster2=0) * P(cluster9=1|cluster6=0) * P(cluster7=0|cluster10=0) * P(cluster10=0|cluster6=0) * P(cluster6=0|cluster2=0) * P(cluster2=0|cluster3=0) * P(cluster3=0|cluster8=0)[0.0524288]=0.041943
binkey=64 [Edge status: 0 0 0 0 0 0 1 0 ] P(G)=P(cluster8=0)[0.8] * P(cluster1=0|cluster2=0) * P(cluster9=0|cluster6=0) * P(cluster7=0|cluster10=1) * P(cluster10=1|cluster6=0) * P(cluster6=0|cluster2=0) * P(cluster2=0|cluster3=0) * P(cluster3=0|cluster8=0)[0.0131072]=0.0104858
binkey=16 [Edge status: 0 0 0 0 1 0 0 0 ] P(G)=P(cluster8=0)[0.8] * P(cluster1=0|cluster2=0) * P(cluster9=0|cluster6=1) * P(cluster7=0|cluster10=0) * P(cluster10=0|cluster6=1) * P(cluster6=1|cluster2=0) * P(cluster2=0|cluster3=0) * P(cluster3=0|cluster8=0)[0.0032768]=0.00262144
binkey=4 [Edge status: 0 0 1 0 0 0 0 0 ] P(G)=P(cluster8=0)[0.8] * P(cluster1=0|cluster2=1) * P(cluster9=0|cluster6=0) * P(cluster7=0|cluster10=0) * P(cluster10=0|cluster6=0) * P(cluster6=0|cluster2=1) * P(cluster2=1|cluster3=0) * P(cluster3=0|cluster8=0)[0.0032768]=0.00262144
binkey=1 [Edge status: 1 0 0 0 0 0 0 0 ] P(G)=P(cluster8=1)[0.2] * P(cluster1=0|cluster2=0) * P(cluster9=0|cluster6=0) * P(cluster7=0|cluster10=0) * P(cluster10=0|cluster6=0) * P(cluster6=0|cluster2=0) * P(cluster2=0|cluster3=0) * P(cluster3=0|cluster8=1)[0.0524288]=0.0104858
binkey=136 [Edge status: 0 0 0 1 0 0 0 1 ] P(G)=P(cluster8=0)[0.8] * P(cluster1=1|cluster2=0) * P(cluster9=0|cluster6=0) * P(cluster7=1|cluster10=0) * P(cluster10=0|cluster6=0) * P(cluster6=0|cluster2=0) * P(cluster2=0|cluster3=0) * P(cluster3=0|cluster8=0)[0.0131072]=0.0104858
binkey=192 [Edge status: 0 0 0 0 0 0 1 1 ] P(G)=P(cluster8=0)[0.8] * P(cluster1=0|cluster2=0) * P(cluster9=0|cluster6=0) * P(cluster7=1|cluster10=1) * P(cluster10=1|cluster6=0) * P(cluster6=0|cluster2=0) * P(cluster2=0|cluster3=0) * P(cluster3=0|cluster8=0)[0.0524288]=0.041943
binkey=200 [Edge status: 0 0 0 1 0 0 1 1 ] P(G)=P(cluster8=0)[0.8] * P(cluster1=1|cluster2=0) * P(cluster9=0|cluster6=0) * P(cluster7=1|cluster10=1) * P(cluster10=1|cluster6=0) * P(cluster6=0|cluster2=0) * P(cluster2=0|cluster3=0) * P(cluster3=0|cluster8=0)[0.0131072]=0.0104858
binkey=160 [Edge status: 0 0 0 0 0 1 0 1 ] P(G)=P(cluster8=0)[0.8] * P(cluster1=0|cluster2=0) * P(cluster9=1|cluster6=0) * P(cluster7=1|cluster10=0) * P(cluster10=0|cluster6=0) * P(cluster6=0|cluster2=0) * P(cluster2=0|cluster3=0) * P(cluster3=0|cluster8=0)[0.0131072]=0.0104858
binkey=3 [Edge status: 1 1 0 0 0 0 0 0 ] P(G)=P(cluster8=1)[0.2] * P(cluster1=0|cluster2=0) * P(cluster9=0|cluster6=0) * P(cluster7=0|cluster10=0) * P(cluster10=0|cluster6=0) * P(cluster6=0|cluster2=0) * P(cluster2=0|cluster3=1) * P(cluster3=1|cluster8=1)[0.0524288]=0.0104858
binkey=40 [Edge status: 0 0 0 1 0 1 0 0 ] P(G)=P(cluster8=0)[0.8] * P(cluster1=1|cluster2=0) * P(cluster9=1|cluster6=0) * P(cluster7=0|cluster10=0) * P(cluster10=0|cluster6=0) * P(cluster6=0|cluster2=0) * P(cluster2=0|cluster3=0) * P(cluster3=0|cluster8=0)[0.0131072]=0.0104858
binkey=168 [Edge status: 0 0 0 1 0 1 0 1 ] P(G)=P(cluster8=0)[0.8] * P(cluster1=1|cluster2=0) * P(cluster9=1|cluster6=0) * P(cluster7=1|cluster10=0) * P(cluster10=0|cluster6=0) * P(cluster6=0|cluster2=0) * P(cluster2=0|cluster3=0) * P(cluster3=0|cluster8=0)[0.0032768]=0.00262144
binkey=224 [Edge status: 0 0 0 0 0 1 1 1 ] P(G)=P(cluster8=0)[0.8] * P(cluster1=0|cluster2=0) * P(cluster9=1|cluster6=0) * P(cluster7=1|cluster10=1) * P(cluster10=1|cluster6=0) * P(cluster6=0|cluster2=0) * P(cluster2=0|cluster3=0) * P(cluster3=0|cluster8=0)[0.0131072]=0.0104858
binkey=240 [Edge status: 0 0 0 0 1 1 1 1 ] P(G)=P(cluster8=0)[0.8] * P(cluster1=0|cluster2=0) * P(cluster9=1|cluster6=1) * P(cluster7=1|cluster10=1) * P(cluster10=1|cluster6=1) * P(cluster6=1|cluster2=0) * P(cluster2=0|cluster3=0) * P(cluster3=0|cluster8=0)[0.0524288]=0.041943
binkey=232 [Edge status: 0 0 0 1 0 1 1 1 ] P(G)=P(cluster8=0)[0.8] * P(cluster1=1|cluster2=0) * P(cluster9=1|cluster6=0) * P(cluster7=1|cluster10=1) * P(cluster10=1|cluster6=0) * P(cluster6=0|cluster2=0) * P(cluster2=0|cluster3=0) * P(cluster3=0|cluster8=0)[0.0032768]=0.00262144
binkey=23 [Edge status: 1 1 1 0 1 0 0 0 ] P(G)=P(cluster8=1)[0.2] * P(cluster1=0|cluster2=1) * P(cluster9=0|cluster6=1) * P(cluster7=0|cluster10=0) * P(cluster10=0|cluster6=1) * P(cluster6=1|cluster2=1) * P(cluster2=1|cluster3=1) * P(cluster3=1|cluster8=1)[0.0032768]=0.00065536
binkey=7 [Edge status: 1 1 1 0 0 0 0 0 ] P(G)=P(cluster8=1)[0.2] * P(cluster1=0|cluster2=1) * P(cluster9=0|cluster6=0) * P(cluster7=0|cluster10=0) * P(cluster10=0|cluster6=0) * P(cluster6=0|cluster2=1) * P(cluster2=1|cluster3=1) * P(cluster3=1|cluster8=1)[0.0131072]=0.00262144
binkey=248 [Edge status: 0 0 0 1 1 1 1 1 ] P(G)=P(cluster8=0)[0.8] * P(cluster1=1|cluster2=0) * P(cluster9=1|cluster6=1) * P(cluster7=1|cluster10=1) * P(cluster10=1|cluster6=1) * P(cluster6=1|cluster2=0) * P(cluster2=0|cluster3=0) * P(cluster3=0|cluster8=0)[0.0131072]=0.0104858
ITERATION 0 newScore=-2.63141e+06 diffscore=24415.7 priorChange=-115.062 successMove=55
ITERATION 1 newScore=-2.62151e+06 diffscore=9903.67 priorChange=-117.835 successMove=57
ITERATION 2 newScore=-2.6187e+06 diffscore=2813.23 priorChange=-124.766 successMove=54
ITERATION 3 newScore=-2.61574e+06 diffscore=2951.47 priorChange=-115.062 successMove=51
ITERATION 4 newScore=-2.60943e+06 diffscore=6311.93 priorChange=-120.608 successMove=52
ITERATION 5 newScore=-2.60084e+06 diffscore=8593.01 priorChange=-110.904 successMove=51
ITERATION 6 newScore=-2.59805e+06 diffscore=2786.44 priorChange=-119.221 successMove=50
ITERATION 7 newScore=-2.59241e+06 diffscore=5640.83 priorChange=-106.745 successMove=51
ITERATION 8 newScore=-2.58909e+06 diffscore=3325.36 priorChange=-117.835 successMove=50
ITERATION 9 newScore=-2.58251e+06 diffscore=6576.93 priorChange=-115.062 successMove=50
ITERATION 10 newScore=-2.57906e+06 diffscore=3452.97 priorChange=-102.586 successMove=53
ITERATION 11 newScore=-2.57261e+06 diffscore=6441.58 priorChange=-117.835 successMove=50
ITERATION 12 newScore=-2.56815e+06 diffscore=4459.78 priorChange=-117.835 successMove=50
ITERATION 13 newScore=-2.5671e+06 diffscore=1056.08 priorChange=-124.766 successMove=49
ITERATION 14 newScore=-2.56213e+06 diffscore=4971.29 priorChange=-120.608 successMove=49
ITERATION 15 newScore=-2.55841e+06 diffscore=3713.61 priorChange=-115.062 successMove=49
ITERATION 16 newScore=-2.55499e+06 diffscore=3421.81 priorChange=-119.221 successMove=49
ITERATION 17 newScore=-2.55436e+06 diffscore=627.15 priorChange=-106.745 successMove=49
ITERATION 18 newScore=-2.55349e+06 diffscore=879.868 priorChange=-101.199 successMove=49
ITERATION 19 newScore=-2.5529e+06 diffscore=584.2 priorChange=-106.745 successMove=49
ITERATION 20 newScore=-2.54971e+06 diffscore=3195.85 priorChange=-108.131 successMove=48
ITERATION 21 newScore=-2.54914e+06 diffscore=567.981 priorChange=-120.608 successMove=48
ITERATION 22 newScore=-2.54857e+06 diffscore=564.618 priorChange=-98.4269 successMove=49
ITERATION 23 newScore=-2.54713e+06 diffscore=1441.21 priorChange=-115.062 successMove=48
ITERATION 24 newScore=-2.54544e+06 diffscore=1691.73 priorChange=-116.449 successMove=47
ITERATION 25 newScore=-2.54499e+06 diffscore=447.493 priorChange=-109.517 successMove=46
ITERATION 26 newScore=-2.54449e+06 diffscore=497.271 priorChange=-133.084 successMove=46
ITERATION 27 newScore=-2.54292e+06 diffscore=1577.7 priorChange=-113.676 successMove=46
ITERATION 28 newScore=-2.54253e+06 diffscore=389.417 priorChange=-110.904 successMove=46
ITERATION 29 newScore=-2.54215e+06 diffscore=375.191 priorChange=-109.517 successMove=46
ITERATION 30 newScore=-2.5404e+06 diffscore=1751.82 priorChange=-102.586 successMove=48
binkey=87 [Edge status: 1 1 1 0 1 0 1 0 ] P(G)=P(cluster8=1)[0.2] * P(cluster1=0|cluster2=1) * P(cluster9=0|cluster6=1) * P(cluster7=0|cluster10=1) * P(cluster10=1|cluster6=1) * P(cluster6=1|cluster2=1) * P(cluster2=1|cluster3=1) * P(cluster3=1|cluster8=1)[0.0032768]=0.00065536
ITERATION 31 newScore=-2.54003e+06 diffscore=374.892 priorChange=-105.358 successMove=48
ITERATION 32 newScore=-2.53959e+06 diffscore=435.483 priorChange=-103.972 successMove=46
ITERATION 33 newScore=-2.53909e+06 diffscore=496.077 priorChange=-105.358 successMove=48
ITERATION 34 newScore=-2.53812e+06 diffscore=977.999 priorChange=-90.1091 successMove=46
ITERATION 35 newScore=-2.53244e+06 diffscore=5673.84 priorChange=-83.1777 successMove=46
ITERATION 36 newScore=-2.52872e+06 diffscore=3723.46 priorChange=-99.8132 successMove=46
ITERATION 37 newScore=-2.52756e+06 diffscore=1160.67 priorChange=-94.268 successMove=48
ITERATION 38 newScore=-2.52571e+06 diffscore=1847.31 priorChange=-120.608 successMove=47
ITERATION 39 newScore=-2.52195e+06 diffscore=3764.99 priorChange=-108.131 successMove=45
ITERATION 40 newScore=-2.5217e+06 diffscore=246.122 priorChange=-99.8132 successMove=49
ITERATION 41 newScore=-2.52139e+06 diffscore=313.638 priorChange=-108.131 successMove=47
ITERATION 42 newScore=-2.52106e+06 diffscore=331.042 priorChange=-90.1091 successMove=45
ITERATION 43 newScore=-2.51942e+06 diffscore=1631.8 priorChange=-109.517 successMove=45
ITERATION 44 newScore=-2.51904e+06 diffscore=380.859 priorChange=-101.199 successMove=47
ITERATION 45 newScore=-2.5188e+06 diffscore=244.327 priorChange=-108.131 successMove=46
ITERATION 46 newScore=-2.51847e+06 diffscore=326.459 priorChange=-106.745 successMove=44
ITERATION 47 newScore=-2.51589e+06 diffscore=2585.78 priorChange=-91.4954 successMove=41
ITERATION 48 newScore=-2.5157e+06 diffscore=186.725 priorChange=-98.4269 successMove=42
ITERATION 49 newScore=-2.51551e+06 diffscore=184.214 priorChange=-88.7228 successMove=41
ITERATION 50 newScore=-2.51534e+06 diffscore=174.359 priorChange=-73.4736 successMove=38
ITERATION 51 newScore=-2.51515e+06 diffscore=189.212 priorChange=-98.4269 successMove=38
ITERATION 52 newScore=-2.515e+06 diffscore=155.804 priorChange=-83.1777 successMove=37
ITERATION 53 newScore=-2.51483e+06 diffscore=164.997 priorChange=-80.4051 successMove=36
ITERATION 54 newScore=-2.51467e+06 diffscore=164.15 priorChange=-62.3832 successMove=35
ITERATION 55 newScore=-2.51449e+06 diffscore=177.771 priorChange=-81.7914 successMove=36
ITERATION 56 newScore=-2.51434e+06 diffscore=149.483 priorChange=-72.0873 successMove=33
ITERATION 57 newScore=-2.5142e+06 diffscore=144.159 priorChange=-72.0873 successMove=31
ITERATION 58 newScore=-2.51406e+06 diffscore=137.193 priorChange=-62.3832 successMove=31
ITERATION 59 newScore=-2.51392e+06 diffscore=138.463 priorChange=-55.4518 successMove=31
ITERATION 60 newScore=-2.51249e+06 diffscore=1432.8 priorChange=-63.7695 successMove=31
ITERATION 61 newScore=-2.51225e+06 diffscore=236.402 priorChange=-49.9066 successMove=28
ITERATION 62 newScore=-2.51157e+06 diffscore=678.388 priorChange=-59.6107 successMove=28
ITERATION 63 newScore=-2.51146e+06 diffscore=114.567 priorChange=-58.2244 successMove=27
ITERATION 64 newScore=-2.51136e+06 diffscore=99.3277 priorChange=-48.5203 successMove=25
ITERATION 65 newScore=-2.51127e+06 diffscore=91.5506 priorChange=-41.5888 successMove=25
ITERATION 66 newScore=-2.51116e+06 diffscore=105.119 priorChange=-54.0655 successMove=23
ITERATION 67 newScore=-2.51104e+06 diffscore=116.622 priorChange=-33.2711 successMove=20
ITERATION 68 newScore=-2.51095e+06 diffscore=96.2037 priorChange=-37.4299 successMove=19
ITERATION 69 newScore=-2.51085e+06 diffscore=93.5356 priorChange=-36.0437 successMove=20
ITERATION 70 newScore=-2.51075e+06 diffscore=102.054 priorChange=-36.0437 successMove=17
ITERATION 71 newScore=-2.51013e+06 diffscore=624.652 priorChange=-24.9533 successMove=15
ITERATION 72 newScore=-2.50888e+06 diffscore=1247.58 priorChange=-27.7259 successMove=14
ITERATION 73 newScore=-2.5088e+06 diffscore=81.1712 priorChange=-22.1807 successMove=14
ITERATION 74 newScore=-2.50872e+06 diffscore=80.4764 priorChange=-24.9533 successMove=14
ITERATION 75 newScore=-2.50863e+06 diffscore=85.0014 priorChange=-23.567 successMove=12
ITERATION 76 newScore=-2.50855e+06 diffscore=87.3325 priorChange=-23.567 successMove=12
ITERATION 77 newScore=-2.50792e+06 diffscore=621.891 priorChange=-19.4081 successMove=12
ITERATION 78 newScore=-2.50769e+06 diffscore=229.868 priorChange=-13.8629 successMove=11
ITERATION 79 newScore=-2.50708e+06 diffscore=612.99 priorChange=-11.0904 successMove=11
ITERATION 80 newScore=-2.507e+06 diffscore=78.3003 priorChange=-18.0218 successMove=12
ITERATION 81 newScore=-2.5069e+06 diffscore=100.771 priorChange=-12.4766 successMove=11
ITERATION 82 newScore=-2.50683e+06 diffscore=76.0538 priorChange=-15.2492 successMove=9
ITERATION 83 newScore=-2.50675e+06 diffscore=77.8129 priorChange=-11.0904 successMove=9
ITERATION 84 newScore=-2.50546e+06 diffscore=1285.71 priorChange=-12.4766 successMove=8
ITERATION 85 newScore=-2.50542e+06 diffscore=38.5456 priorChange=-11.0904 successMove=8
ITERATION 86 newScore=-2.50539e+06 diffscore=31.79 priorChange=-13.8629 successMove=8
ITERATION 87 newScore=-2.50536e+06 diffscore=32.1571 priorChange=-18.0218 successMove=7
ITERATION 88 newScore=-2.50534e+06 diffscore=18.7625 priorChange=-8.31777 successMove=6
ITERATION 89 newScore=-2.50533e+06 diffscore=16.8792 priorChange=-6.93147 successMove=6
ITERATION 90 newScore=-2.50531e+06 diffscore=17.0094 priorChange=-4.15888 successMove=5
ITERATION 91 newScore=-2.50527e+06 diffscore=35.5501 priorChange=-11.0904 successMove=5
ITERATION 92 newScore=-2.50525e+06 diffscore=24.3195 priorChange=-9.70406 successMove=5
ITERATION 93 newScore=-2.50522e+06 diffscore=24.4737 priorChange=-6.93147 successMove=5
ITERATION 94 newScore=-2.50519e+06 diffscore=36.6982 priorChange=-8.31777 successMove=4
ITERATION 95 newScore=-2.50509e+06 diffscore=93.532 priorChange=-8.31777 successMove=4
ITERATION 96 newScore=-2.50506e+06 diffscore=31.1408 priorChange=-1.38629 successMove=4
ITERATION 97 newScore=-2.50503e+06 diffscore=35.9361 priorChange=-6.93147 successMove=4
ITERATION 98 newScore=-2.50379e+06 diffscore=1232.53 priorChange=-6.93147 successMove=4
ITERATION 99 newScore=-2.50378e+06 diffscore=14.9362 priorChange=-5.54518 successMove=4
MetaLearner::dumpAllGraphs
Final Score -2.50378e+06
MetaLearner::start runtime: 1183055493 ms
Results/
Results/cluster10/
Results/cluster10/fold0/
Results/cluster10/fold0/modelparams.txt
Results/cluster10/fold0/var_mb_pw_k50.txt
Results/cluster1/
Results/cluster1/fold0/
Results/cluster1/fold0/modelparams.txt
Results/cluster1/fold0/var_mb_pw_k50.txt
Results/cluster6/
Results/cluster6/fold0/
Results/cluster6/fold0/modelparams.txt
Results/cluster6/fold0/var_mb_pw_k50.txt
Results/cluster9/
Results/cluster9/fold0/
Results/cluster9/fold0/modelparams.txt
Results/cluster9/fold0/var_mb_pw_k50.txt
Results/cluster2/
Results/cluster2/fold0/
Results/cluster2/fold0/modelparams.txt
Results/cluster2/fold0/var_mb_pw_k50.txt
Results/cluster7/
Results/cluster7/fold0/
Results/cluster7/fold0/modelparams.txt
Results/cluster7/fold0/var_mb_pw_k50.txt
Results/cluster3/
Results/cluster3/fold0/
Results/cluster3/fold0/modelparams.txt
Results/cluster3/fold0/var_mb_pw_k50.txt
Results/cluster8/
Results/cluster8/scoreFile.txt
Results/cluster8/fold0/
Results/cluster8/fold0/modelparams.txt
Results/cluster8/fold0/var_mb_pw_k50.txt
