000 (49777.499.000) 10/11 10:48:09 Job submitted from host: <144.92.142.142:9618?addrs=144.92.142.142-9618&noUDP&sock=44923_051a_3>
...
001 (49777.499.000) 10/11 14:08:10 Job executing on host: <128.105.68.16:9618?addrs=128.105.68.16-9618&alias=coba2000.chtc.wisc.edu&noUDP&sock=startd_7305_336c>
...
006 (49777.499.000) 10/11 14:08:18 Image size of job updated: 105608
	104  -  MemoryUsage of job (MB)
	105596  -  ResidentSetSize of job (KB)
...
006 (49777.499.000) 10/11 14:13:18 Image size of job updated: 837892
	769  -  MemoryUsage of job (MB)
	787072  -  ResidentSetSize of job (KB)
...
006 (49777.499.000) 10/11 14:18:19 Image size of job updated: 1248996
	1181  -  MemoryUsage of job (MB)
	1208420  -  ResidentSetSize of job (KB)
...
006 (49777.499.000) 10/11 14:23:20 Image size of job updated: 1682020
	1596  -  MemoryUsage of job (MB)
	1633816  -  ResidentSetSize of job (KB)
...
006 (49777.499.000) 10/11 14:28:20 Image size of job updated: 2331948
	2264  -  MemoryUsage of job (MB)
	2317324  -  ResidentSetSize of job (KB)
...
006 (49777.499.000) 10/11 14:31:55 Image size of job updated: 2893264
	2264  -  MemoryUsage of job (MB)
	2317324  -  ResidentSetSize of job (KB)
...
005 (49777.499.000) 10/11 14:31:55 Job terminated.
	(1) Normal termination (return value 0)
		Usr 0 00:23:34, Sys 0 00:00:05  -  Run Remote Usage
		Usr 0 00:00:00, Sys 0 00:00:00  -  Run Local Usage
		Usr 0 00:23:34, Sys 0 00:00:05  -  Total Remote Usage
		Usr 0 00:00:00, Sys 0 00:00:00  -  Total Local Usage
	174335  -  Run Bytes Sent By Job
	316723456  -  Run Bytes Received By Job
	174335  -  Total Bytes Sent By Job
	316723456  -  Total Bytes Received By Job
	Partitionable Resources :     Usage  Request Allocated 
	   Cpus                 :      1.00        1         1 
	   Disk (KB)            : 325000      819200  44742796 
	   Gpus                 :                            0 
	   Ioheavy              :                            0 
	   Memory (MB)          :   2264       20480     21341 
...
