000 (49777.030.000) 10/11 10:48:07 Job submitted from host: <144.92.142.142:9618?addrs=144.92.142.142-9618&noUDP&sock=44923_051a_3>
...
001 (49777.030.000) 10/11 10:50:49 Job executing on host: <128.105.68.27:9618?addrs=128.105.68.27-9618&alias=e2457.chtc.wisc.edu&noUDP&sock=startd_4846_880a>
...
006 (49777.030.000) 10/11 10:50:58 Image size of job updated: 105716
	104  -  MemoryUsage of job (MB)
	105716  -  ResidentSetSize of job (KB)
...
006 (49777.030.000) 10/11 10:55:58 Image size of job updated: 724168
	658  -  MemoryUsage of job (MB)
	672808  -  ResidentSetSize of job (KB)
...
006 (49777.030.000) 10/11 11:00:58 Image size of job updated: 875176
	810  -  MemoryUsage of job (MB)
	829096  -  ResidentSetSize of job (KB)
...
006 (49777.030.000) 10/11 11:05:59 Image size of job updated: 1157988
	1093  -  MemoryUsage of job (MB)
	1118440  -  ResidentSetSize of job (KB)
...
006 (49777.030.000) 10/11 11:10:59 Image size of job updated: 1445740
	1364  -  MemoryUsage of job (MB)
	1396432  -  ResidentSetSize of job (KB)
...
006 (49777.030.000) 10/11 11:15:59 Image size of job updated: 1733808
	1642  -  MemoryUsage of job (MB)
	1681288  -  ResidentSetSize of job (KB)
...
006 (49777.030.000) 10/11 11:18:41 Image size of job updated: 1879356
	1642  -  MemoryUsage of job (MB)
	1681288  -  ResidentSetSize of job (KB)
...
005 (49777.030.000) 10/11 11:18:41 Job terminated.
	(1) Normal termination (return value 0)
		Usr 0 00:27:38, Sys 0 00:00:05  -  Run Remote Usage
		Usr 0 00:00:00, Sys 0 00:00:00  -  Run Local Usage
		Usr 0 00:27:38, Sys 0 00:00:05  -  Total Remote Usage
		Usr 0 00:00:00, Sys 0 00:00:00  -  Total Local Usage
	171784  -  Run Bytes Sent By Job
	316855744  -  Run Bytes Received By Job
	171784  -  Total Bytes Sent By Job
	316855744  -  Total Bytes Received By Job
	Partitionable Resources :     Usage  Request Allocated 
	   Cpus                 :      0.99        1         1 
	   Disk (KB)            : 325000      819200   1705482 
	   Memory (MB)          :   1642       20480     20480 
...
