000 (49777.2382.000) 10/11 10:48:14 Job submitted from host: <144.92.142.142:9618?addrs=144.92.142.142-9618&noUDP&sock=44923_051a_3>
...
001 (49777.2382.000) 10/11 19:03:33 Job executing on host: <128.105.245.10:9618?addrs=128.105.245.10-9618&alias=gpu2000.chtc.wisc.edu&noUDP&sock=startd_6299_2b25>
...
006 (49777.2382.000) 10/11 19:03:42 Image size of job updated: 104704
	103  -  MemoryUsage of job (MB)
	104704  -  ResidentSetSize of job (KB)
...
006 (49777.2382.000) 10/11 19:08:42 Image size of job updated: 715448
	649  -  MemoryUsage of job (MB)
	664192  -  ResidentSetSize of job (KB)
...
006 (49777.2382.000) 10/11 19:13:42 Image size of job updated: 820000
	763  -  MemoryUsage of job (MB)
	780616  -  ResidentSetSize of job (KB)
...
006 (49777.2382.000) 10/11 19:18:43 Image size of job updated: 1141132
	1072  -  MemoryUsage of job (MB)
	1097168  -  ResidentSetSize of job (KB)
...
006 (49777.2382.000) 10/11 19:23:44 Image size of job updated: 1445612
	1367  -  MemoryUsage of job (MB)
	1399556  -  ResidentSetSize of job (KB)
...
006 (49777.2382.000) 10/11 19:28:44 Image size of job updated: 1742528
	1653  -  MemoryUsage of job (MB)
	1691684  -  ResidentSetSize of job (KB)
...
006 (49777.2382.000) 10/11 19:33:45 Image size of job updated: 2023252
	1940  -  MemoryUsage of job (MB)
	1986240  -  ResidentSetSize of job (KB)
...
006 (49777.2382.000) 10/11 19:34:04 Image size of job updated: 2056316
	1940  -  MemoryUsage of job (MB)
	1986240  -  ResidentSetSize of job (KB)
...
005 (49777.2382.000) 10/11 19:34:04 Job terminated.
	(1) Normal termination (return value 0)
		Usr 0 00:30:13, Sys 0 00:00:09  -  Run Remote Usage
		Usr 0 00:00:00, Sys 0 00:00:00  -  Run Local Usage
		Usr 0 00:30:13, Sys 0 00:00:09  -  Total Remote Usage
		Usr 0 00:00:00, Sys 0 00:00:00  -  Total Local Usage
	165298  -  Run Bytes Sent By Job
	316844000  -  Run Bytes Received By Job
	165298  -  Total Bytes Sent By Job
	316844000  -  Total Bytes Received By Job
	Partitionable Resources :     Usage  Request Allocated 
	   Cpus                 :      0.99        1         1 
	   Disk (KB)            : 325000      819200  18119584 
	   Gpus                 :                            0 
	   Ioheavy              :                            0 
	   Memory (MB)          :   1940       20480     25710 
...
