./CVN -f config_condor.txt -x50 -v1 -l TFs_OGs.txt -n AllGenes225.txt -d celltype_tree_ancestor.txt -m testdata_ogids.txt -s celltype_order.txt -p 0.2 -c yes -b -4 -q 4
(cluster3|cluster8) p_maintain_edge=0.8 p_gain=0.2
(cluster2|cluster3) p_maintain_edge=0.8 p_gain=0.2
(cluster1|cluster2) p_maintain_edge=0.8 p_gain=0.2
(cluster6|cluster2) p_maintain_edge=0.8 p_gain=0.2
(cluster9|cluster6) p_maintain_edge=0.8 p_gain=0.2
(cluster10|cluster6) p_maintain_edge=0.8 p_gain=0.2
(cluster7|cluster10) p_maintain_edge=0.8 p_gain=0.2
speciesSet.size()=8 Root is cluster8
MappedOrthogroupReader::readSpeciesMapping() --- celltype_order.txt
MappedOrthogroupReader::readFile - testdata_ogids.txt
MappedOrthogroupReader::generateGeneOrthoMap()
MetaLearner::init_onefold() read:config_condor.txt
MetaLearner::setinputVariableNames number of variables: 2029
readEvidenceTable:cluster8.table
PotentialManager::loadEvidenceFromTable varCount=2029 sampleCount=348
motifNetwork.size() = 319
0=cluster8 motifNetwork=cluster8_network.txt
variable size=2029
readEvidenceTable:cluster3.table
PotentialManager::loadEvidenceFromTable varCount=2029 sampleCount=95
motifNetwork.size() = 326
1=cluster3 motifNetwork=cluster3_network.txt
variable size=2029
readEvidenceTable:cluster2.table
PotentialManager::loadEvidenceFromTable varCount=2029 sampleCount=386
motifNetwork.size() = 328
2=cluster2 motifNetwork=cluster2_network.txt
variable size=2029
readEvidenceTable:cluster1.table
PotentialManager::loadEvidenceFromTable varCount=2029 sampleCount=36
motifNetwork.size() = 322
3=cluster1 motifNetwork=cluster1_network.txt
variable size=2029
readEvidenceTable:cluster6.table
PotentialManager::loadEvidenceFromTable varCount=2029 sampleCount=524
motifNetwork.size() = 320
4=cluster6 motifNetwork=cluster6_network.txt
variable size=2029
readEvidenceTable:cluster9.table
PotentialManager::loadEvidenceFromTable varCount=2029 sampleCount=184
motifNetwork.size() = 327
5=cluster9 motifNetwork=cluster9_network.txt
variable size=2029
readEvidenceTable:cluster10.table
PotentialManager::loadEvidenceFromTable varCount=2029 sampleCount=165
motifNetwork.size() = 326
6=cluster10 motifNetwork=cluster10_network.txt
variable size=2029
readEvidenceTable:cluster7.table
PotentialManager::loadEvidenceFromTable varCount=2029 sampleCount=1032
motifNetwork.size() = 320
7=cluster7 motifNetwork=cluster7_network.txt
variable size=2029
-------------------------------------------------------------
MetaLearner::start
precomputeEmptyGraphPrior
binkey=0 [Edge status: 0 0 0 0 0 0 0 0 ] P(G)=P(cluster8=0)[0.8] * P(cluster1=0|cluster2=0) * P(cluster9=0|cluster6=0) * P(cluster7=0|cluster10=0) * P(cluster10=0|cluster6=0) * P(cluster6=0|cluster2=0) * P(cluster2=0|cluster3=0) * P(cluster3=0|cluster8=0)[0.209715]=0.167772
condsetMap_Tree
0 cluster8=0 cluster3=0 cluster2=0 cluster1=0 cluster6=0 cluster9=0 cluster10=0 cluster7=1
1 cluster8=0 cluster3=0 cluster2=0 cluster1=0 cluster6=0 cluster9=1 cluster10=0 cluster7=0
2 cluster8=0 cluster3=0 cluster2=0 cluster1=0 cluster6=0 cluster9=1 cluster10=0 cluster7=1
3 cluster8=0 cluster3=0 cluster2=0 cluster1=1 cluster6=0 cluster9=0 cluster10=0 cluster7=0
4 cluster8=0 cluster3=0 cluster2=0 cluster1=1 cluster6=0 cluster9=0 cluster10=0 cluster7=1
5 cluster8=0 cluster3=0 cluster2=0 cluster1=1 cluster6=0 cluster9=1 cluster10=0 cluster7=0
6 cluster8=0 cluster3=0 cluster2=0 cluster1=1 cluster6=0 cluster9=1 cluster10=0 cluster7=1
7 cluster8=0 cluster3=0 cluster2=0 cluster1=0 cluster6=0 cluster9=0 cluster10=1 cluster7=1
8 cluster8=0 cluster3=0 cluster2=0 cluster1=0 cluster6=0 cluster9=1 cluster10=1 cluster7=1
9 cluster8=0 cluster3=0 cluster2=0 cluster1=1 cluster6=0 cluster9=0 cluster10=1 cluster7=1
10 cluster8=0 cluster3=0 cluster2=0 cluster1=1 cluster6=0 cluster9=1 cluster10=1 cluster7=1
11 cluster8=0 cluster3=0 cluster2=0 cluster1=0 cluster6=1 cluster9=1 cluster10=1 cluster7=1
12 cluster8=0 cluster3=0 cluster2=0 cluster1=1 cluster6=1 cluster9=1 cluster10=1 cluster7=1
13 cluster8=0 cluster3=0 cluster2=1 cluster1=1 cluster6=1 cluster9=1 cluster10=1 cluster7=1
14 cluster8=0 cluster3=1 cluster2=1 cluster1=1 cluster6=1 cluster9=1 cluster10=1 cluster7=1
15 cluster8=1 cluster3=1 cluster2=1 cluster1=1 cluster6=1 cluster9=1 cluster10=1 cluster7=1
16 cluster8=1 cluster3=1 cluster2=1 cluster1=1 cluster6=1 cluster9=1 cluster10=1 cluster7=0
17 cluster8=1 cluster3=1 cluster2=1 cluster1=1 cluster6=1 cluster9=0 cluster10=1 cluster7=1
18 cluster8=1 cluster3=1 cluster2=1 cluster1=1 cluster6=1 cluster9=0 cluster10=1 cluster7=0
19 cluster8=1 cluster3=1 cluster2=1 cluster1=0 cluster6=1 cluster9=1 cluster10=1 cluster7=1
20 cluster8=1 cluster3=1 cluster2=1 cluster1=0 cluster6=1 cluster9=1 cluster10=1 cluster7=0
21 cluster8=1 cluster3=1 cluster2=1 cluster1=0 cluster6=1 cluster9=0 cluster10=1 cluster7=1
22 cluster8=1 cluster3=1 cluster2=1 cluster1=0 cluster6=1 cluster9=0 cluster10=1 cluster7=0
23 cluster8=1 cluster3=1 cluster2=1 cluster1=1 cluster6=1 cluster9=1 cluster10=0 cluster7=0
24 cluster8=1 cluster3=1 cluster2=1 cluster1=1 cluster6=1 cluster9=0 cluster10=0 cluster7=0
25 cluster8=1 cluster3=1 cluster2=1 cluster1=0 cluster6=1 cluster9=1 cluster10=0 cluster7=0
26 cluster8=1 cluster3=1 cluster2=1 cluster1=0 cluster6=1 cluster9=0 cluster10=0 cluster7=0
27 cluster8=1 cluster3=1 cluster2=1 cluster1=1 cluster6=0 cluster9=0 cluster10=0 cluster7=0
28 cluster8=1 cluster3=1 cluster2=1 cluster1=0 cluster6=0 cluster9=0 cluster10=0 cluster7=0
29 cluster8=1 cluster3=1 cluster2=0 cluster1=0 cluster6=0 cluster9=0 cluster10=0 cluster7=0
30 cluster8=1 cluster3=0 cluster2=0 cluster1=0 cluster6=0 cluster9=0 cluster10=0 cluster7=0
31 cluster8=0 cluster3=0 cluster2=0 cluster1=0 cluster6=1 cluster9=0 cluster10=0 cluster7=0
32 cluster8=0 cluster3=0 cluster2=1 cluster1=0 cluster6=0 cluster9=0 cluster10=0 cluster7=0
33 cluster8=0 cluster3=0 cluster2=0 cluster1=0 cluster6=0 cluster9=0 cluster10=1 cluster7=0
34 cluster8=0 cluster3=1 cluster2=0 cluster1=0 cluster6=0 cluster9=0 cluster10=0 cluster7=0
inputRegulatorOGs.size() = 1999 inputOGList.size() = 50
binkey=2 [Edge status: 0 1 0 0 0 0 0 0 ] P(G)=P(cluster8=0)[0.8] * P(cluster1=0|cluster2=0) * P(cluster9=0|cluster6=0) * P(cluster7=0|cluster10=0) * P(cluster10=0|cluster6=0) * P(cluster6=0|cluster2=0) * P(cluster2=0|cluster3=1) * P(cluster3=1|cluster8=0)[0.0131072]=0.0104858
binkey=16 [Edge status: 0 0 0 0 1 0 0 0 ] P(G)=P(cluster8=0)[0.8] * P(cluster1=0|cluster2=0) * P(cluster9=0|cluster6=1) * P(cluster7=0|cluster10=0) * P(cluster10=0|cluster6=1) * P(cluster6=1|cluster2=0) * P(cluster2=0|cluster3=0) * P(cluster3=0|cluster8=0)[0.0032768]=0.00262144
binkey=1 [Edge status: 1 0 0 0 0 0 0 0 ] P(G)=P(cluster8=1)[0.2] * P(cluster1=0|cluster2=0) * P(cluster9=0|cluster6=0) * P(cluster7=0|cluster10=0) * P(cluster10=0|cluster6=0) * P(cluster6=0|cluster2=0) * P(cluster2=0|cluster3=0) * P(cluster3=0|cluster8=1)[0.0524288]=0.0104858
binkey=128 [Edge status: 0 0 0 0 0 0 0 1 ] P(G)=P(cluster8=0)[0.8] * P(cluster1=0|cluster2=0) * P(cluster9=0|cluster6=0) * P(cluster7=1|cluster10=0) * P(cluster10=0|cluster6=0) * P(cluster6=0|cluster2=0) * P(cluster2=0|cluster3=0) * P(cluster3=0|cluster8=0)[0.0524288]=0.041943
binkey=4 [Edge status: 0 0 1 0 0 0 0 0 ] P(G)=P(cluster8=0)[0.8] * P(cluster1=0|cluster2=1) * P(cluster9=0|cluster6=0) * P(cluster7=0|cluster10=0) * P(cluster10=0|cluster6=0) * P(cluster6=0|cluster2=1) * P(cluster2=1|cluster3=0) * P(cluster3=0|cluster8=0)[0.0032768]=0.00262144
binkey=32 [Edge status: 0 0 0 0 0 1 0 0 ] P(G)=P(cluster8=0)[0.8] * P(cluster1=0|cluster2=0) * P(cluster9=1|cluster6=0) * P(cluster7=0|cluster10=0) * P(cluster10=0|cluster6=0) * P(cluster6=0|cluster2=0) * P(cluster2=0|cluster3=0) * P(cluster3=0|cluster8=0)[0.0524288]=0.041943
binkey=8 [Edge status: 0 0 0 1 0 0 0 0 ] P(G)=P(cluster8=0)[0.8] * P(cluster1=1|cluster2=0) * P(cluster9=0|cluster6=0) * P(cluster7=0|cluster10=0) * P(cluster10=0|cluster6=0) * P(cluster6=0|cluster2=0) * P(cluster2=0|cluster3=0) * P(cluster3=0|cluster8=0)[0.0524288]=0.041943
binkey=64 [Edge status: 0 0 0 0 0 0 1 0 ] P(G)=P(cluster8=0)[0.8] * P(cluster1=0|cluster2=0) * P(cluster9=0|cluster6=0) * P(cluster7=0|cluster10=1) * P(cluster10=1|cluster6=0) * P(cluster6=0|cluster2=0) * P(cluster2=0|cluster3=0) * P(cluster3=0|cluster8=0)[0.0131072]=0.0104858
binkey=40 [Edge status: 0 0 0 1 0 1 0 0 ] P(G)=P(cluster8=0)[0.8] * P(cluster1=1|cluster2=0) * P(cluster9=1|cluster6=0) * P(cluster7=0|cluster10=0) * P(cluster10=0|cluster6=0) * P(cluster6=0|cluster2=0) * P(cluster2=0|cluster3=0) * P(cluster3=0|cluster8=0)[0.0131072]=0.0104858
binkey=160 [Edge status: 0 0 0 0 0 1 0 1 ] P(G)=P(cluster8=0)[0.8] * P(cluster1=0|cluster2=0) * P(cluster9=1|cluster6=0) * P(cluster7=1|cluster10=0) * P(cluster10=0|cluster6=0) * P(cluster6=0|cluster2=0) * P(cluster2=0|cluster3=0) * P(cluster3=0|cluster8=0)[0.0131072]=0.0104858
binkey=192 [Edge status: 0 0 0 0 0 0 1 1 ] P(G)=P(cluster8=0)[0.8] * P(cluster1=0|cluster2=0) * P(cluster9=0|cluster6=0) * P(cluster7=1|cluster10=1) * P(cluster10=1|cluster6=0) * P(cluster6=0|cluster2=0) * P(cluster2=0|cluster3=0) * P(cluster3=0|cluster8=0)[0.0524288]=0.041943
binkey=3 [Edge status: 1 1 0 0 0 0 0 0 ] P(G)=P(cluster8=1)[0.2] * P(cluster1=0|cluster2=0) * P(cluster9=0|cluster6=0) * P(cluster7=0|cluster10=0) * P(cluster10=0|cluster6=0) * P(cluster6=0|cluster2=0) * P(cluster2=0|cluster3=1) * P(cluster3=1|cluster8=1)[0.0524288]=0.0104858
binkey=136 [Edge status: 0 0 0 1 0 0 0 1 ] P(G)=P(cluster8=0)[0.8] * P(cluster1=1|cluster2=0) * P(cluster9=0|cluster6=0) * P(cluster7=1|cluster10=0) * P(cluster10=0|cluster6=0) * P(cluster6=0|cluster2=0) * P(cluster2=0|cluster3=0) * P(cluster3=0|cluster8=0)[0.0131072]=0.0104858
binkey=224 [Edge status: 0 0 0 0 0 1 1 1 ] P(G)=P(cluster8=0)[0.8] * P(cluster1=0|cluster2=0) * P(cluster9=1|cluster6=0) * P(cluster7=1|cluster10=1) * P(cluster10=1|cluster6=0) * P(cluster6=0|cluster2=0) * P(cluster2=0|cluster3=0) * P(cluster3=0|cluster8=0)[0.0131072]=0.0104858
binkey=240 [Edge status: 0 0 0 0 1 1 1 1 ] P(G)=P(cluster8=0)[0.8] * P(cluster1=0|cluster2=0) * P(cluster9=1|cluster6=1) * P(cluster7=1|cluster10=1) * P(cluster10=1|cluster6=1) * P(cluster6=1|cluster2=0) * P(cluster2=0|cluster3=0) * P(cluster3=0|cluster8=0)[0.0524288]=0.041943
binkey=168 [Edge status: 0 0 0 1 0 1 0 1 ] P(G)=P(cluster8=0)[0.8] * P(cluster1=1|cluster2=0) * P(cluster9=1|cluster6=0) * P(cluster7=1|cluster10=0) * P(cluster10=0|cluster6=0) * P(cluster6=0|cluster2=0) * P(cluster2=0|cluster3=0) * P(cluster3=0|cluster8=0)[0.0032768]=0.00262144
binkey=200 [Edge status: 0 0 0 1 0 0 1 1 ] P(G)=P(cluster8=0)[0.8] * P(cluster1=1|cluster2=0) * P(cluster9=0|cluster6=0) * P(cluster7=1|cluster10=1) * P(cluster10=1|cluster6=0) * P(cluster6=0|cluster2=0) * P(cluster2=0|cluster3=0) * P(cluster3=0|cluster8=0)[0.0131072]=0.0104858
binkey=7 [Edge status: 1 1 1 0 0 0 0 0 ] P(G)=P(cluster8=1)[0.2] * P(cluster1=0|cluster2=1) * P(cluster9=0|cluster6=0) * P(cluster7=0|cluster10=0) * P(cluster10=0|cluster6=0) * P(cluster6=0|cluster2=1) * P(cluster2=1|cluster3=1) * P(cluster3=1|cluster8=1)[0.0131072]=0.00262144
binkey=232 [Edge status: 0 0 0 1 0 1 1 1 ] P(G)=P(cluster8=0)[0.8] * P(cluster1=1|cluster2=0) * P(cluster9=1|cluster6=0) * P(cluster7=1|cluster10=1) * P(cluster10=1|cluster6=0) * P(cluster6=0|cluster2=0) * P(cluster2=0|cluster3=0) * P(cluster3=0|cluster8=0)[0.0032768]=0.00262144
binkey=23 [Edge status: 1 1 1 0 1 0 0 0 ] P(G)=P(cluster8=1)[0.2] * P(cluster1=0|cluster2=1) * P(cluster9=0|cluster6=1) * P(cluster7=0|cluster10=0) * P(cluster10=0|cluster6=1) * P(cluster6=1|cluster2=1) * P(cluster2=1|cluster3=1) * P(cluster3=1|cluster8=1)[0.0032768]=0.00065536
binkey=247 [Edge status: 1 1 1 0 1 1 1 1 ] P(G)=P(cluster8=1)[0.2] * P(cluster1=0|cluster2=1) * P(cluster9=1|cluster6=1) * P(cluster7=1|cluster10=1) * P(cluster10=1|cluster6=1) * P(cluster6=1|cluster2=1) * P(cluster2=1|cluster3=1) * P(cluster3=1|cluster8=1)[0.0524288]=0.0104858
binkey=119 [Edge status: 1 1 1 0 1 1 1 0 ] P(G)=P(cluster8=1)[0.2] * P(cluster1=0|cluster2=1) * P(cluster9=1|cluster6=1) * P(cluster7=0|cluster10=1) * P(cluster10=1|cluster6=1) * P(cluster6=1|cluster2=1) * P(cluster2=1|cluster3=1) * P(cluster3=1|cluster8=1)[0.0131072]=0.00262144
binkey=215 [Edge status: 1 1 1 0 1 0 1 1 ] P(G)=P(cluster8=1)[0.2] * P(cluster1=0|cluster2=1) * P(cluster9=0|cluster6=1) * P(cluster7=1|cluster10=1) * P(cluster10=1|cluster6=1) * P(cluster6=1|cluster2=1) * P(cluster2=1|cluster3=1) * P(cluster3=1|cluster8=1)[0.0131072]=0.00262144
binkey=87 [Edge status: 1 1 1 0 1 0 1 0 ] P(G)=P(cluster8=1)[0.2] * P(cluster1=0|cluster2=1) * P(cluster9=0|cluster6=1) * P(cluster7=0|cluster10=1) * P(cluster10=1|cluster6=1) * P(cluster6=1|cluster2=1) * P(cluster2=1|cluster3=1) * P(cluster3=1|cluster8=1)[0.0032768]=0.00065536
binkey=55 [Edge status: 1 1 1 0 1 1 0 0 ] P(G)=P(cluster8=1)[0.2] * P(cluster1=0|cluster2=1) * P(cluster9=1|cluster6=1) * P(cluster7=0|cluster10=0) * P(cluster10=0|cluster6=1) * P(cluster6=1|cluster2=1) * P(cluster2=1|cluster3=1) * P(cluster3=1|cluster8=1)[0.0131072]=0.00262144
ITERATION 0 newScore=-2.68504e+06 diffscore=32475.1 priorChange=-119.221 successMove=63
ITERATION 1 newScore=-2.68017e+06 diffscore=4875.46 priorChange=-115.062 successMove=57
ITERATION 2 newScore=-2.67281e+06 diffscore=7354.22 priorChange=-117.835 successMove=53
ITERATION 3 newScore=-2.66806e+06 diffscore=4751.74 priorChange=-117.835 successMove=52
ITERATION 4 newScore=-2.66165e+06 diffscore=6411.14 priorChange=-108.131 successMove=54
ITERATION 5 newScore=-2.65749e+06 diffscore=4159.73 priorChange=-120.608 successMove=52
ITERATION 6 newScore=-2.65312e+06 diffscore=4374.29 priorChange=-113.676 successMove=53
ITERATION 7 newScore=-2.65201e+06 diffscore=1109 priorChange=-120.608 successMove=51
ITERATION 8 newScore=-2.64526e+06 diffscore=6748.59 priorChange=-109.517 successMove=51
ITERATION 9 newScore=-2.64261e+06 diffscore=2646.84 priorChange=-119.221 successMove=50
ITERATION 10 newScore=-2.6412e+06 diffscore=1410.43 priorChange=-113.676 successMove=53
ITERATION 11 newScore=-2.63561e+06 diffscore=5596.43 priorChange=-119.221 successMove=50
ITERATION 12 newScore=-2.63479e+06 diffscore=816.949 priorChange=-101.199 successMove=54
ITERATION 13 newScore=-2.63222e+06 diffscore=2572.87 priorChange=-109.517 successMove=50
ITERATION 14 newScore=-2.62824e+06 diffscore=3974 priorChange=-116.449 successMove=52
binkey=248 [Edge status: 0 0 0 1 1 1 1 1 ] P(G)=P(cluster8=0)[0.8] * P(cluster1=1|cluster2=0) * P(cluster9=1|cluster6=1) * P(cluster7=1|cluster10=1) * P(cluster10=1|cluster6=1) * P(cluster6=1|cluster2=0) * P(cluster2=0|cluster3=0) * P(cluster3=0|cluster8=0)[0.0131072]=0.0104858
ITERATION 15 newScore=-2.62297e+06 diffscore=5267.33 priorChange=-108.131 successMove=52
ITERATION 16 newScore=-2.61795e+06 diffscore=5023.69 priorChange=-106.745 successMove=50
binkey=15 [Edge status: 1 1 1 1 0 0 0 0 ] P(G)=P(cluster8=1)[0.2] * P(cluster1=1|cluster2=1) * P(cluster9=0|cluster6=0) * P(cluster7=0|cluster10=0) * P(cluster10=0|cluster6=0) * P(cluster6=0|cluster2=1) * P(cluster2=1|cluster3=1) * P(cluster3=1|cluster8=1)[0.0524288]=0.0104858
ITERATION 17 newScore=-2.61529e+06 diffscore=2665.61 priorChange=-123.38 successMove=53
ITERATION 18 newScore=-2.61402e+06 diffscore=1262.41 priorChange=-108.131 successMove=50
ITERATION 19 newScore=-2.61311e+06 diffscore=911.491 priorChange=-102.586 successMove=50
ITERATION 20 newScore=-2.61132e+06 diffscore=1791.49 priorChange=-108.131 successMove=51
ITERATION 21 newScore=-2.60803e+06 diffscore=3291.55 priorChange=-108.131 successMove=52
ITERATION 22 newScore=-2.60564e+06 diffscore=2385.32 priorChange=-115.062 successMove=50
ITERATION 23 newScore=-2.60436e+06 diffscore=1285.96 priorChange=-123.38 successMove=50
ITERATION 24 newScore=-2.60373e+06 diffscore=626.021 priorChange=-110.904 successMove=52
ITERATION 25 newScore=-2.59925e+06 diffscore=4485.33 priorChange=-116.449 successMove=54
ITERATION 26 newScore=-2.5976e+06 diffscore=1646.05 priorChange=-103.972 successMove=52
ITERATION 27 newScore=-2.59692e+06 diffscore=681.548 priorChange=-95.6543 successMove=50
ITERATION 28 newScore=-2.59389e+06 diffscore=3031.01 priorChange=-113.676 successMove=48
ITERATION 29 newScore=-2.58779e+06 diffscore=6095.86 priorChange=-106.745 successMove=51
ITERATION 30 newScore=-2.5866e+06 diffscore=1191.88 priorChange=-130.312 successMove=48
ITERATION 31 newScore=-2.58484e+06 diffscore=1760.63 priorChange=-112.29 successMove=47
ITERATION 32 newScore=-2.58439e+06 diffscore=449.665 priorChange=-130.312 successMove=49
ITERATION 33 newScore=-2.58393e+06 diffscore=459.475 priorChange=-101.199 successMove=47
ITERATION 34 newScore=-2.58332e+06 diffscore=606.131 priorChange=-110.904 successMove=47
ITERATION 35 newScore=-2.58278e+06 diffscore=548.022 priorChange=-116.449 successMove=49
ITERATION 36 newScore=-2.58105e+06 diffscore=1726.13 priorChange=-102.586 successMove=48
ITERATION 37 newScore=-2.58033e+06 diffscore=720.141 priorChange=-106.745 successMove=47
ITERATION 38 newScore=-2.57811e+06 diffscore=2215.19 priorChange=-109.517 successMove=47
ITERATION 39 newScore=-2.57769e+06 diffscore=423.299 priorChange=-98.4269 successMove=47
ITERATION 40 newScore=-2.57725e+06 diffscore=440.767 priorChange=-110.904 successMove=47
ITERATION 41 newScore=-2.57658e+06 diffscore=667.273 priorChange=-101.199 successMove=47
ITERATION 42 newScore=-2.57212e+06 diffscore=4458 priorChange=-103.972 successMove=47
ITERATION 43 newScore=-2.5704e+06 diffscore=1728.35 priorChange=-109.517 successMove=50
ITERATION 44 newScore=-2.56888e+06 diffscore=1518.66 priorChange=-99.8132 successMove=47
ITERATION 45 newScore=-2.56839e+06 diffscore=490.193 priorChange=-91.4954 successMove=47
ITERATION 46 newScore=-2.56692e+06 diffscore=1468.29 priorChange=-94.268 successMove=47
ITERATION 47 newScore=-2.56667e+06 diffscore=245.423 priorChange=-99.8132 successMove=49
ITERATION 48 newScore=-2.56611e+06 diffscore=567.473 priorChange=-106.745 successMove=45
ITERATION 49 newScore=-2.56587e+06 diffscore=238.923 priorChange=-97.0406 successMove=45
ITERATION 50 newScore=-2.56451e+06 diffscore=1359.14 priorChange=-105.358 successMove=44
ITERATION 51 newScore=-2.56424e+06 diffscore=264.706 priorChange=-106.745 successMove=44
ITERATION 52 newScore=-2.56395e+06 diffscore=291.982 priorChange=-90.1091 successMove=44
ITERATION 53 newScore=-2.56364e+06 diffscore=306.657 priorChange=-92.8817 successMove=43
ITERATION 54 newScore=-2.56211e+06 diffscore=1532.08 priorChange=-92.8817 successMove=43
ITERATION 55 newScore=-2.56184e+06 diffscore=273.232 priorChange=-88.7228 successMove=40
ITERATION 56 newScore=-2.56163e+06 diffscore=204.811 priorChange=-80.4051 successMove=39
ITERATION 57 newScore=-2.5614e+06 diffscore=238.075 priorChange=-79.0188 successMove=39
ITERATION 58 newScore=-2.56117e+06 diffscore=223.441 priorChange=-66.5421 successMove=40
ITERATION 59 newScore=-2.56092e+06 diffscore=250.149 priorChange=-87.3365 successMove=39
ITERATION 60 newScore=-2.56068e+06 diffscore=241.063 priorChange=-91.4954 successMove=38
ITERATION 61 newScore=-2.56038e+06 diffscore=300.073 priorChange=-58.2244 successMove=38
ITERATION 62 newScore=-2.55743e+06 diffscore=2949.46 priorChange=-70.701 successMove=38
ITERATION 63 newScore=-2.55724e+06 diffscore=194.378 priorChange=-70.701 successMove=36
ITERATION 64 newScore=-2.55708e+06 diffscore=162.308 priorChange=-51.2929 successMove=36
ITERATION 65 newScore=-2.55687e+06 diffscore=210.845 priorChange=-67.9284 successMove=34
ITERATION 66 newScore=-2.55666e+06 diffscore=206.886 priorChange=-59.6107 successMove=32
ITERATION 67 newScore=-2.55642e+06 diffscore=233.422 priorChange=-58.2244 successMove=30
ITERATION 68 newScore=-2.55479e+06 diffscore=1633.15 priorChange=-45.7477 successMove=29
ITERATION 69 newScore=-2.55356e+06 diffscore=1235.33 priorChange=-48.5203 successMove=30
ITERATION 70 newScore=-2.55316e+06 diffscore=396.294 priorChange=-45.7477 successMove=28
ITERATION 71 newScore=-2.55286e+06 diffscore=303.407 priorChange=-56.8381 successMove=26
ITERATION 72 newScore=-2.55267e+06 diffscore=183.415 priorChange=-47.134 successMove=23
ITERATION 73 newScore=-2.55249e+06 diffscore=184.994 priorChange=-47.134 successMove=23
ITERATION 74 newScore=-2.55232e+06 diffscore=169.042 priorChange=-42.9751 successMove=23
ITERATION 75 newScore=-2.55216e+06 diffscore=159.976 priorChange=-51.2929 successMove=23
ITERATION 76 newScore=-2.55092e+06 diffscore=1238.36 priorChange=-41.5888 successMove=22
ITERATION 77 newScore=-2.55065e+06 diffscore=272.02 priorChange=-29.1122 successMove=22
ITERATION 78 newScore=-2.55053e+06 diffscore=119.844 priorChange=-36.0437 successMove=21
ITERATION 79 newScore=-2.55041e+06 diffscore=115.942 priorChange=-37.4299 successMove=21
ITERATION 80 newScore=-2.5482e+06 diffscore=2210.69 priorChange=-33.2711 successMove=20
ITERATION 81 newScore=-2.54807e+06 diffscore=134.403 priorChange=-42.9751 successMove=20
ITERATION 82 newScore=-2.54771e+06 diffscore=362.638 priorChange=-30.4985 successMove=19
ITERATION 83 newScore=-2.54638e+06 diffscore=1323.6 priorChange=-26.3396 successMove=18
ITERATION 84 newScore=-2.5463e+06 diffscore=85.4281 priorChange=-41.5888 successMove=17
ITERATION 85 newScore=-2.5462e+06 diffscore=99.4091 priorChange=-44.3614 successMove=16
ITERATION 86 newScore=-2.5461e+06 diffscore=100.682 priorChange=-31.8848 successMove=16
ITERATION 87 newScore=-2.546e+06 diffscore=99.1278 priorChange=-24.9533 successMove=16
ITERATION 88 newScore=-2.5459e+06 diffscore=97.443 priorChange=-36.0437 successMove=16
ITERATION 89 newScore=-2.5457e+06 diffscore=196.28 priorChange=-34.6574 successMove=15
ITERATION 90 newScore=-2.54551e+06 diffscore=188.424 priorChange=-29.1122 successMove=14
ITERATION 91 newScore=-2.54433e+06 diffscore=1180.32 priorChange=-30.4985 successMove=13
ITERATION 92 newScore=-2.54358e+06 diffscore=756.848 priorChange=-33.2711 successMove=13
ITERATION 93 newScore=-2.54351e+06 diffscore=63.923 priorChange=-20.7944 successMove=12
ITERATION 94 newScore=-2.54343e+06 diffscore=83.1641 priorChange=-19.4081 successMove=11
ITERATION 95 newScore=-2.54335e+06 diffscore=83.83 priorChange=-15.2492 successMove=10
ITERATION 96 newScore=-2.54328e+06 diffscore=70.2839 priorChange=-12.4766 successMove=10
ITERATION 97 newScore=-2.54219e+06 diffscore=1082.72 priorChange=-20.7944 successMove=9
ITERATION 98 newScore=-2.5421e+06 diffscore=91.6981 priorChange=-16.6355 successMove=9
ITERATION 99 newScore=-2.54097e+06 diffscore=1129.78 priorChange=-16.6355 successMove=8
MetaLearner::dumpAllGraphs
Final Score -2.54097e+06
MetaLearner::start runtime: 1295947037 ms
Results/
Results/cluster10/
Results/cluster10/fold0/
Results/cluster10/fold0/modelparams.txt
Results/cluster10/fold0/var_mb_pw_k50.txt
Results/cluster1/
Results/cluster1/fold0/
Results/cluster1/fold0/modelparams.txt
Results/cluster1/fold0/var_mb_pw_k50.txt
Results/cluster6/
Results/cluster6/fold0/
Results/cluster6/fold0/modelparams.txt
Results/cluster6/fold0/var_mb_pw_k50.txt
Results/cluster9/
Results/cluster9/fold0/
Results/cluster9/fold0/modelparams.txt
Results/cluster9/fold0/var_mb_pw_k50.txt
Results/cluster2/
Results/cluster2/fold0/
Results/cluster2/fold0/modelparams.txt
Results/cluster2/fold0/var_mb_pw_k50.txt
Results/cluster7/
Results/cluster7/fold0/
Results/cluster7/fold0/modelparams.txt
Results/cluster7/fold0/var_mb_pw_k50.txt
Results/cluster3/
Results/cluster3/fold0/
Results/cluster3/fold0/modelparams.txt
Results/cluster3/fold0/var_mb_pw_k50.txt
Results/cluster8/
Results/cluster8/scoreFile.txt
Results/cluster8/fold0/
Results/cluster8/fold0/modelparams.txt
Results/cluster8/fold0/var_mb_pw_k50.txt
