./CVN -f config_condor.txt -x50 -v1 -l TFs_OGs.txt -n AllGenes46.txt -d celltype_tree_ancestor.txt -m testdata_ogids.txt -s celltype_order.txt -p 0.2 -c yes -b -4 -q 4
(cluster3|cluster8) p_maintain_edge=0.8 p_gain=0.2
(cluster2|cluster3) p_maintain_edge=0.8 p_gain=0.2
(cluster1|cluster2) p_maintain_edge=0.8 p_gain=0.2
(cluster6|cluster2) p_maintain_edge=0.8 p_gain=0.2
(cluster9|cluster6) p_maintain_edge=0.8 p_gain=0.2
(cluster10|cluster6) p_maintain_edge=0.8 p_gain=0.2
(cluster7|cluster10) p_maintain_edge=0.8 p_gain=0.2
speciesSet.size()=8 Root is cluster8
MappedOrthogroupReader::readSpeciesMapping() --- celltype_order.txt
MappedOrthogroupReader::readFile - testdata_ogids.txt
MappedOrthogroupReader::generateGeneOrthoMap()
MetaLearner::init_onefold() read:config_condor.txt
MetaLearner::setinputVariableNames number of variables: 2044
readEvidenceTable:cluster8.table
PotentialManager::loadEvidenceFromTable varCount=2044 sampleCount=348
motifNetwork.size() = 319
0=cluster8 motifNetwork=cluster8_network.txt
variable size=2044
readEvidenceTable:cluster3.table
PotentialManager::loadEvidenceFromTable varCount=2044 sampleCount=95
motifNetwork.size() = 326
1=cluster3 motifNetwork=cluster3_network.txt
variable size=2044
readEvidenceTable:cluster2.table
PotentialManager::loadEvidenceFromTable varCount=2044 sampleCount=386
motifNetwork.size() = 328
2=cluster2 motifNetwork=cluster2_network.txt
variable size=2044
readEvidenceTable:cluster1.table
PotentialManager::loadEvidenceFromTable varCount=2044 sampleCount=36
motifNetwork.size() = 322
3=cluster1 motifNetwork=cluster1_network.txt
variable size=2044
readEvidenceTable:cluster6.table
PotentialManager::loadEvidenceFromTable varCount=2044 sampleCount=524
motifNetwork.size() = 320
4=cluster6 motifNetwork=cluster6_network.txt
variable size=2044
readEvidenceTable:cluster9.table
PotentialManager::loadEvidenceFromTable varCount=2044 sampleCount=184
motifNetwork.size() = 327
5=cluster9 motifNetwork=cluster9_network.txt
variable size=2044
readEvidenceTable:cluster10.table
PotentialManager::loadEvidenceFromTable varCount=2044 sampleCount=165
motifNetwork.size() = 326
6=cluster10 motifNetwork=cluster10_network.txt
variable size=2044
readEvidenceTable:cluster7.table
PotentialManager::loadEvidenceFromTable varCount=2044 sampleCount=1032
motifNetwork.size() = 320
7=cluster7 motifNetwork=cluster7_network.txt
variable size=2044
-------------------------------------------------------------
MetaLearner::start
precomputeEmptyGraphPrior
binkey=0 [Edge status: 0 0 0 0 0 0 0 0 ] P(G)=P(cluster8=0)[0.8] * P(cluster1=0|cluster2=0) * P(cluster9=0|cluster6=0) * P(cluster7=0|cluster10=0) * P(cluster10=0|cluster6=0) * P(cluster6=0|cluster2=0) * P(cluster2=0|cluster3=0) * P(cluster3=0|cluster8=0)[0.209715]=0.167772
condsetMap_Tree
0 cluster8=0 cluster3=0 cluster2=0 cluster1=0 cluster6=0 cluster9=0 cluster10=0 cluster7=1
1 cluster8=0 cluster3=0 cluster2=0 cluster1=0 cluster6=0 cluster9=1 cluster10=0 cluster7=0
2 cluster8=0 cluster3=0 cluster2=0 cluster1=0 cluster6=0 cluster9=1 cluster10=0 cluster7=1
3 cluster8=0 cluster3=0 cluster2=0 cluster1=1 cluster6=0 cluster9=0 cluster10=0 cluster7=0
4 cluster8=0 cluster3=0 cluster2=0 cluster1=1 cluster6=0 cluster9=0 cluster10=0 cluster7=1
5 cluster8=0 cluster3=0 cluster2=0 cluster1=1 cluster6=0 cluster9=1 cluster10=0 cluster7=0
6 cluster8=0 cluster3=0 cluster2=0 cluster1=1 cluster6=0 cluster9=1 cluster10=0 cluster7=1
7 cluster8=0 cluster3=0 cluster2=0 cluster1=0 cluster6=0 cluster9=0 cluster10=1 cluster7=1
8 cluster8=0 cluster3=0 cluster2=0 cluster1=0 cluster6=0 cluster9=1 cluster10=1 cluster7=1
9 cluster8=0 cluster3=0 cluster2=0 cluster1=1 cluster6=0 cluster9=0 cluster10=1 cluster7=1
10 cluster8=0 cluster3=0 cluster2=0 cluster1=1 cluster6=0 cluster9=1 cluster10=1 cluster7=1
11 cluster8=0 cluster3=0 cluster2=0 cluster1=0 cluster6=1 cluster9=1 cluster10=1 cluster7=1
12 cluster8=0 cluster3=0 cluster2=0 cluster1=1 cluster6=1 cluster9=1 cluster10=1 cluster7=1
13 cluster8=0 cluster3=0 cluster2=1 cluster1=1 cluster6=1 cluster9=1 cluster10=1 cluster7=1
14 cluster8=0 cluster3=1 cluster2=1 cluster1=1 cluster6=1 cluster9=1 cluster10=1 cluster7=1
15 cluster8=1 cluster3=1 cluster2=1 cluster1=1 cluster6=1 cluster9=1 cluster10=1 cluster7=1
16 cluster8=1 cluster3=1 cluster2=1 cluster1=1 cluster6=1 cluster9=1 cluster10=1 cluster7=0
17 cluster8=1 cluster3=1 cluster2=1 cluster1=1 cluster6=1 cluster9=0 cluster10=1 cluster7=1
18 cluster8=1 cluster3=1 cluster2=1 cluster1=1 cluster6=1 cluster9=0 cluster10=1 cluster7=0
19 cluster8=1 cluster3=1 cluster2=1 cluster1=0 cluster6=1 cluster9=1 cluster10=1 cluster7=1
20 cluster8=1 cluster3=1 cluster2=1 cluster1=0 cluster6=1 cluster9=1 cluster10=1 cluster7=0
21 cluster8=1 cluster3=1 cluster2=1 cluster1=0 cluster6=1 cluster9=0 cluster10=1 cluster7=1
22 cluster8=1 cluster3=1 cluster2=1 cluster1=0 cluster6=1 cluster9=0 cluster10=1 cluster7=0
23 cluster8=1 cluster3=1 cluster2=1 cluster1=1 cluster6=1 cluster9=1 cluster10=0 cluster7=0
24 cluster8=1 cluster3=1 cluster2=1 cluster1=1 cluster6=1 cluster9=0 cluster10=0 cluster7=0
25 cluster8=1 cluster3=1 cluster2=1 cluster1=0 cluster6=1 cluster9=1 cluster10=0 cluster7=0
26 cluster8=1 cluster3=1 cluster2=1 cluster1=0 cluster6=1 cluster9=0 cluster10=0 cluster7=0
27 cluster8=1 cluster3=1 cluster2=1 cluster1=1 cluster6=0 cluster9=0 cluster10=0 cluster7=0
28 cluster8=1 cluster3=1 cluster2=1 cluster1=0 cluster6=0 cluster9=0 cluster10=0 cluster7=0
29 cluster8=1 cluster3=1 cluster2=0 cluster1=0 cluster6=0 cluster9=0 cluster10=0 cluster7=0
30 cluster8=1 cluster3=0 cluster2=0 cluster1=0 cluster6=0 cluster9=0 cluster10=0 cluster7=0
31 cluster8=0 cluster3=0 cluster2=0 cluster1=0 cluster6=1 cluster9=0 cluster10=0 cluster7=0
32 cluster8=0 cluster3=0 cluster2=1 cluster1=0 cluster6=0 cluster9=0 cluster10=0 cluster7=0
33 cluster8=0 cluster3=0 cluster2=0 cluster1=0 cluster6=0 cluster9=0 cluster10=1 cluster7=0
34 cluster8=0 cluster3=1 cluster2=0 cluster1=0 cluster6=0 cluster9=0 cluster10=0 cluster7=0
inputRegulatorOGs.size() = 1999 inputOGList.size() = 50
binkey=16 [Edge status: 0 0 0 0 1 0 0 0 ] P(G)=P(cluster8=0)[0.8] * P(cluster1=0|cluster2=0) * P(cluster9=0|cluster6=1) * P(cluster7=0|cluster10=0) * P(cluster10=0|cluster6=1) * P(cluster6=1|cluster2=0) * P(cluster2=0|cluster3=0) * P(cluster3=0|cluster8=0)[0.0032768]=0.00262144
binkey=64 [Edge status: 0 0 0 0 0 0 1 0 ] P(G)=P(cluster8=0)[0.8] * P(cluster1=0|cluster2=0) * P(cluster9=0|cluster6=0) * P(cluster7=0|cluster10=1) * P(cluster10=1|cluster6=0) * P(cluster6=0|cluster2=0) * P(cluster2=0|cluster3=0) * P(cluster3=0|cluster8=0)[0.0131072]=0.0104858
binkey=128 [Edge status: 0 0 0 0 0 0 0 1 ] P(G)=P(cluster8=0)[0.8] * P(cluster1=0|cluster2=0) * P(cluster9=0|cluster6=0) * P(cluster7=1|cluster10=0) * P(cluster10=0|cluster6=0) * P(cluster6=0|cluster2=0) * P(cluster2=0|cluster3=0) * P(cluster3=0|cluster8=0)[0.0524288]=0.041943
binkey=1 [Edge status: 1 0 0 0 0 0 0 0 ] P(G)=P(cluster8=1)[0.2] * P(cluster1=0|cluster2=0) * P(cluster9=0|cluster6=0) * P(cluster7=0|cluster10=0) * P(cluster10=0|cluster6=0) * P(cluster6=0|cluster2=0) * P(cluster2=0|cluster3=0) * P(cluster3=0|cluster8=1)[0.0524288]=0.0104858
binkey=4 [Edge status: 0 0 1 0 0 0 0 0 ] P(G)=P(cluster8=0)[0.8] * P(cluster1=0|cluster2=1) * P(cluster9=0|cluster6=0) * P(cluster7=0|cluster10=0) * P(cluster10=0|cluster6=0) * P(cluster6=0|cluster2=1) * P(cluster2=1|cluster3=0) * P(cluster3=0|cluster8=0)[0.0032768]=0.00262144
binkey=192 [Edge status: 0 0 0 0 0 0 1 1 ] P(G)=P(cluster8=0)[0.8] * P(cluster1=0|cluster2=0) * P(cluster9=0|cluster6=0) * P(cluster7=1|cluster10=1) * P(cluster10=1|cluster6=0) * P(cluster6=0|cluster2=0) * P(cluster2=0|cluster3=0) * P(cluster3=0|cluster8=0)[0.0524288]=0.041943
binkey=8 [Edge status: 0 0 0 1 0 0 0 0 ] P(G)=P(cluster8=0)[0.8] * P(cluster1=1|cluster2=0) * P(cluster9=0|cluster6=0) * P(cluster7=0|cluster10=0) * P(cluster10=0|cluster6=0) * P(cluster6=0|cluster2=0) * P(cluster2=0|cluster3=0) * P(cluster3=0|cluster8=0)[0.0524288]=0.041943
binkey=32 [Edge status: 0 0 0 0 0 1 0 0 ] P(G)=P(cluster8=0)[0.8] * P(cluster1=0|cluster2=0) * P(cluster9=1|cluster6=0) * P(cluster7=0|cluster10=0) * P(cluster10=0|cluster6=0) * P(cluster6=0|cluster2=0) * P(cluster2=0|cluster3=0) * P(cluster3=0|cluster8=0)[0.0524288]=0.041943
binkey=2 [Edge status: 0 1 0 0 0 0 0 0 ] P(G)=P(cluster8=0)[0.8] * P(cluster1=0|cluster2=0) * P(cluster9=0|cluster6=0) * P(cluster7=0|cluster10=0) * P(cluster10=0|cluster6=0) * P(cluster6=0|cluster2=0) * P(cluster2=0|cluster3=1) * P(cluster3=1|cluster8=0)[0.0131072]=0.0104858
binkey=3 [Edge status: 1 1 0 0 0 0 0 0 ] P(G)=P(cluster8=1)[0.2] * P(cluster1=0|cluster2=0) * P(cluster9=0|cluster6=0) * P(cluster7=0|cluster10=0) * P(cluster10=0|cluster6=0) * P(cluster6=0|cluster2=0) * P(cluster2=0|cluster3=1) * P(cluster3=1|cluster8=1)[0.0524288]=0.0104858
binkey=40 [Edge status: 0 0 0 1 0 1 0 0 ] P(G)=P(cluster8=0)[0.8] * P(cluster1=1|cluster2=0) * P(cluster9=1|cluster6=0) * P(cluster7=0|cluster10=0) * P(cluster10=0|cluster6=0) * P(cluster6=0|cluster2=0) * P(cluster2=0|cluster3=0) * P(cluster3=0|cluster8=0)[0.0131072]=0.0104858
binkey=160 [Edge status: 0 0 0 0 0 1 0 1 ] P(G)=P(cluster8=0)[0.8] * P(cluster1=0|cluster2=0) * P(cluster9=1|cluster6=0) * P(cluster7=1|cluster10=0) * P(cluster10=0|cluster6=0) * P(cluster6=0|cluster2=0) * P(cluster2=0|cluster3=0) * P(cluster3=0|cluster8=0)[0.0131072]=0.0104858
binkey=7 [Edge status: 1 1 1 0 0 0 0 0 ] P(G)=P(cluster8=1)[0.2] * P(cluster1=0|cluster2=1) * P(cluster9=0|cluster6=0) * P(cluster7=0|cluster10=0) * P(cluster10=0|cluster6=0) * P(cluster6=0|cluster2=1) * P(cluster2=1|cluster3=1) * P(cluster3=1|cluster8=1)[0.0131072]=0.00262144
binkey=136 [Edge status: 0 0 0 1 0 0 0 1 ] P(G)=P(cluster8=0)[0.8] * P(cluster1=1|cluster2=0) * P(cluster9=0|cluster6=0) * P(cluster7=1|cluster10=0) * P(cluster10=0|cluster6=0) * P(cluster6=0|cluster2=0) * P(cluster2=0|cluster3=0) * P(cluster3=0|cluster8=0)[0.0131072]=0.0104858
binkey=224 [Edge status: 0 0 0 0 0 1 1 1 ] P(G)=P(cluster8=0)[0.8] * P(cluster1=0|cluster2=0) * P(cluster9=1|cluster6=0) * P(cluster7=1|cluster10=1) * P(cluster10=1|cluster6=0) * P(cluster6=0|cluster2=0) * P(cluster2=0|cluster3=0) * P(cluster3=0|cluster8=0)[0.0131072]=0.0104858
binkey=240 [Edge status: 0 0 0 0 1 1 1 1 ] P(G)=P(cluster8=0)[0.8] * P(cluster1=0|cluster2=0) * P(cluster9=1|cluster6=1) * P(cluster7=1|cluster10=1) * P(cluster10=1|cluster6=1) * P(cluster6=1|cluster2=0) * P(cluster2=0|cluster3=0) * P(cluster3=0|cluster8=0)[0.0524288]=0.041943
binkey=200 [Edge status: 0 0 0 1 0 0 1 1 ] P(G)=P(cluster8=0)[0.8] * P(cluster1=1|cluster2=0) * P(cluster9=0|cluster6=0) * P(cluster7=1|cluster10=1) * P(cluster10=1|cluster6=0) * P(cluster6=0|cluster2=0) * P(cluster2=0|cluster3=0) * P(cluster3=0|cluster8=0)[0.0131072]=0.0104858
binkey=168 [Edge status: 0 0 0 1 0 1 0 1 ] P(G)=P(cluster8=0)[0.8] * P(cluster1=1|cluster2=0) * P(cluster9=1|cluster6=0) * P(cluster7=1|cluster10=0) * P(cluster10=0|cluster6=0) * P(cluster6=0|cluster2=0) * P(cluster2=0|cluster3=0) * P(cluster3=0|cluster8=0)[0.0032768]=0.00262144
binkey=232 [Edge status: 0 0 0 1 0 1 1 1 ] P(G)=P(cluster8=0)[0.8] * P(cluster1=1|cluster2=0) * P(cluster9=1|cluster6=0) * P(cluster7=1|cluster10=1) * P(cluster10=1|cluster6=0) * P(cluster6=0|cluster2=0) * P(cluster2=0|cluster3=0) * P(cluster3=0|cluster8=0)[0.0032768]=0.00262144
binkey=248 [Edge status: 0 0 0 1 1 1 1 1 ] P(G)=P(cluster8=0)[0.8] * P(cluster1=1|cluster2=0) * P(cluster9=1|cluster6=1) * P(cluster7=1|cluster10=1) * P(cluster10=1|cluster6=1) * P(cluster6=1|cluster2=0) * P(cluster2=0|cluster3=0) * P(cluster3=0|cluster8=0)[0.0131072]=0.0104858
binkey=252 [Edge status: 0 0 1 1 1 1 1 1 ] P(G)=P(cluster8=0)[0.8] * P(cluster1=1|cluster2=1) * P(cluster9=1|cluster6=1) * P(cluster7=1|cluster10=1) * P(cluster10=1|cluster6=1) * P(cluster6=1|cluster2=1) * P(cluster2=1|cluster3=0) * P(cluster3=0|cluster8=0)[0.0524288]=0.041943
binkey=247 [Edge status: 1 1 1 0 1 1 1 1 ] P(G)=P(cluster8=1)[0.2] * P(cluster1=0|cluster2=1) * P(cluster9=1|cluster6=1) * P(cluster7=1|cluster10=1) * P(cluster10=1|cluster6=1) * P(cluster6=1|cluster2=1) * P(cluster2=1|cluster3=1) * P(cluster3=1|cluster8=1)[0.0524288]=0.0104858
binkey=119 [Edge status: 1 1 1 0 1 1 1 0 ] P(G)=P(cluster8=1)[0.2] * P(cluster1=0|cluster2=1) * P(cluster9=1|cluster6=1) * P(cluster7=0|cluster10=1) * P(cluster10=1|cluster6=1) * P(cluster6=1|cluster2=1) * P(cluster2=1|cluster3=1) * P(cluster3=1|cluster8=1)[0.0131072]=0.00262144
binkey=215 [Edge status: 1 1 1 0 1 0 1 1 ] P(G)=P(cluster8=1)[0.2] * P(cluster1=0|cluster2=1) * P(cluster9=0|cluster6=1) * P(cluster7=1|cluster10=1) * P(cluster10=1|cluster6=1) * P(cluster6=1|cluster2=1) * P(cluster2=1|cluster3=1) * P(cluster3=1|cluster8=1)[0.0131072]=0.00262144
binkey=87 [Edge status: 1 1 1 0 1 0 1 0 ] P(G)=P(cluster8=1)[0.2] * P(cluster1=0|cluster2=1) * P(cluster9=0|cluster6=1) * P(cluster7=0|cluster10=1) * P(cluster10=1|cluster6=1) * P(cluster6=1|cluster2=1) * P(cluster2=1|cluster3=1) * P(cluster3=1|cluster8=1)[0.0032768]=0.00065536
binkey=55 [Edge status: 1 1 1 0 1 1 0 0 ] P(G)=P(cluster8=1)[0.2] * P(cluster1=0|cluster2=1) * P(cluster9=1|cluster6=1) * P(cluster7=0|cluster10=0) * P(cluster10=0|cluster6=1) * P(cluster6=1|cluster2=1) * P(cluster2=1|cluster3=1) * P(cluster3=1|cluster8=1)[0.0131072]=0.00262144
binkey=23 [Edge status: 1 1 1 0 1 0 0 0 ] P(G)=P(cluster8=1)[0.2] * P(cluster1=0|cluster2=1) * P(cluster9=0|cluster6=1) * P(cluster7=0|cluster10=0) * P(cluster10=0|cluster6=1) * P(cluster6=1|cluster2=1) * P(cluster2=1|cluster3=1) * P(cluster3=1|cluster8=1)[0.0032768]=0.00065536
ITERATION 0 newScore=-2.70769e+06 diffscore=18824.5 priorChange=-106.745 successMove=56
ITERATION 1 newScore=-2.70195e+06 diffscore=5736.86 priorChange=-119.221 successMove=50
ITERATION 2 newScore=-2.69344e+06 diffscore=8513.97 priorChange=-109.517 successMove=52
ITERATION 3 newScore=-2.68762e+06 diffscore=5819.49 priorChange=-109.517 successMove=50
ITERATION 4 newScore=-2.68367e+06 diffscore=3946.25 priorChange=-119.221 successMove=55
ITERATION 5 newScore=-2.67726e+06 diffscore=6415.73 priorChange=-115.062 successMove=51
ITERATION 6 newScore=-2.6757e+06 diffscore=1555.77 priorChange=-109.517 successMove=53
ITERATION 7 newScore=-2.66611e+06 diffscore=9590.52 priorChange=-116.449 successMove=50
ITERATION 8 newScore=-2.66439e+06 diffscore=1723.33 priorChange=-128.925 successMove=51
ITERATION 9 newScore=-2.66046e+06 diffscore=3927.39 priorChange=-117.835 successMove=51
ITERATION 10 newScore=-2.65939e+06 diffscore=1066.93 priorChange=-121.994 successMove=53
ITERATION 11 newScore=-2.65775e+06 diffscore=1642.83 priorChange=-119.221 successMove=50
ITERATION 12 newScore=-2.65427e+06 diffscore=3474.52 priorChange=-123.38 successMove=57
ITERATION 13 newScore=-2.65359e+06 diffscore=689.945 priorChange=-113.676 successMove=50
ITERATION 14 newScore=-2.65285e+06 diffscore=730.182 priorChange=-121.994 successMove=54
ITERATION 15 newScore=-2.65209e+06 diffscore=764.716 priorChange=-128.925 successMove=50
ITERATION 16 newScore=-2.64998e+06 diffscore=2108.24 priorChange=-110.904 successMove=50
ITERATION 17 newScore=-2.6479e+06 diffscore=2077.17 priorChange=-121.994 successMove=50
ITERATION 18 newScore=-2.64572e+06 diffscore=2182.89 priorChange=-106.745 successMove=50
ITERATION 19 newScore=-2.64109e+06 diffscore=4633.59 priorChange=-113.676 successMove=51
ITERATION 20 newScore=-2.63835e+06 diffscore=2741.56 priorChange=-113.676 successMove=50
ITERATION 21 newScore=-2.63774e+06 diffscore=602.021 priorChange=-110.904 successMove=50
ITERATION 22 newScore=-2.63466e+06 diffscore=3082.33 priorChange=-106.745 successMove=50
ITERATION 23 newScore=-2.63035e+06 diffscore=4312.44 priorChange=-119.221 successMove=50
ITERATION 24 newScore=-2.62819e+06 diffscore=2164.22 priorChange=-127.539 successMove=50
ITERATION 25 newScore=-2.62602e+06 diffscore=2166.02 priorChange=-119.221 successMove=51
ITERATION 26 newScore=-2.62031e+06 diffscore=5706.41 priorChange=-119.221 successMove=50
ITERATION 27 newScore=-2.61748e+06 diffscore=2832.03 priorChange=-110.904 successMove=50
ITERATION 28 newScore=-2.61678e+06 diffscore=699.665 priorChange=-101.199 successMove=49
ITERATION 29 newScore=-2.61636e+06 diffscore=417.158 priorChange=-115.062 successMove=52
ITERATION 30 newScore=-2.61593e+06 diffscore=433.023 priorChange=-117.835 successMove=53
ITERATION 31 newScore=-2.6155e+06 diffscore=435.499 priorChange=-113.676 successMove=47
ITERATION 32 newScore=-2.61435e+06 diffscore=1149.33 priorChange=-101.199 successMove=49
ITERATION 33 newScore=-2.61365e+06 diffscore=696.1 priorChange=-113.676 successMove=46
ITERATION 34 newScore=-2.61249e+06 diffscore=1160.16 priorChange=-99.8132 successMove=45
ITERATION 35 newScore=-2.61122e+06 diffscore=1267.35 priorChange=-110.904 successMove=45
ITERATION 36 newScore=-2.60784e+06 diffscore=3386.24 priorChange=-110.904 successMove=45
ITERATION 37 newScore=-2.60516e+06 diffscore=2680.6 priorChange=-103.972 successMove=45
ITERATION 38 newScore=-2.60364e+06 diffscore=1513.47 priorChange=-87.3365 successMove=46
ITERATION 39 newScore=-2.60295e+06 diffscore=693.821 priorChange=-98.4269 successMove=45
ITERATION 40 newScore=-2.60261e+06 diffscore=336.643 priorChange=-85.9503 successMove=46
ITERATION 41 newScore=-2.6011e+06 diffscore=1507.38 priorChange=-103.972 successMove=46
ITERATION 42 newScore=-2.60012e+06 diffscore=980.576 priorChange=-73.4736 successMove=48
ITERATION 43 newScore=-2.59847e+06 diffscore=1653.29 priorChange=-95.6543 successMove=44
ITERATION 44 newScore=-2.59798e+06 diffscore=490.389 priorChange=-79.0188 successMove=45
ITERATION 45 newScore=-2.59563e+06 diffscore=2352.69 priorChange=-87.3365 successMove=44
ITERATION 46 newScore=-2.59313e+06 diffscore=2500.68 priorChange=-91.4954 successMove=43
ITERATION 47 newScore=-2.59009e+06 diffscore=3032.95 priorChange=-90.1091 successMove=43
ITERATION 48 newScore=-2.58981e+06 diffscore=287.686 priorChange=-81.7914 successMove=43
ITERATION 49 newScore=-2.58948e+06 diffscore=322.027 priorChange=-101.199 successMove=42
ITERATION 50 newScore=-2.58917e+06 diffscore=311.116 priorChange=-101.199 successMove=41
ITERATION 51 newScore=-2.58877e+06 diffscore=398.639 priorChange=-83.1777 successMove=41
ITERATION 52 newScore=-2.58815e+06 diffscore=622.286 priorChange=-77.6325 successMove=40
ITERATION 53 newScore=-2.58796e+06 diffscore=188.328 priorChange=-87.3365 successMove=40
ITERATION 54 newScore=-2.58777e+06 diffscore=190.452 priorChange=-70.701 successMove=40
ITERATION 55 newScore=-2.58755e+06 diffscore=220.629 priorChange=-74.8599 successMove=39
ITERATION 56 newScore=-2.58725e+06 diffscore=307.645 priorChange=-80.4051 successMove=38
ITERATION 57 newScore=-2.58576e+06 diffscore=1485.39 priorChange=-74.8599 successMove=37
ITERATION 58 newScore=-2.58544e+06 diffscore=317.649 priorChange=-67.9284 successMove=36
ITERATION 59 newScore=-2.58448e+06 diffscore=966.087 priorChange=-60.997 successMove=35
ITERATION 60 newScore=-2.58311e+06 diffscore=1364.12 priorChange=-76.2462 successMove=34
ITERATION 61 newScore=-2.58074e+06 diffscore=2370.1 priorChange=-69.3147 successMove=33
ITERATION 62 newScore=-2.58054e+06 diffscore=200.866 priorChange=-67.9284 successMove=32
ITERATION 63 newScore=-2.57929e+06 diffscore=1251.43 priorChange=-67.9284 successMove=30
ITERATION 64 newScore=-2.5791e+06 diffscore=185.605 priorChange=-59.6107 successMove=30
ITERATION 65 newScore=-2.57889e+06 diffscore=218.895 priorChange=-45.7477 successMove=26
ITERATION 66 newScore=-2.57759e+06 diffscore=1291.42 priorChange=-41.5888 successMove=26
ITERATION 67 newScore=-2.57631e+06 diffscore=1286.76 priorChange=-45.7477 successMove=25
ITERATION 68 newScore=-2.57616e+06 diffscore=150.054 priorChange=-47.134 successMove=26
ITERATION 69 newScore=-2.57474e+06 diffscore=1414.94 priorChange=-48.5203 successMove=25
ITERATION 70 newScore=-2.57457e+06 diffscore=175.044 priorChange=-62.3832 successMove=25
ITERATION 71 newScore=-2.5744e+06 diffscore=167.071 priorChange=-55.4518 successMove=25
ITERATION 72 newScore=-2.57417e+06 diffscore=234.241 priorChange=-41.5888 successMove=24
ITERATION 73 newScore=-2.5728e+06 diffscore=1365.79 priorChange=-55.4518 successMove=24
ITERATION 74 newScore=-2.57041e+06 diffscore=2389.78 priorChange=-52.6792 successMove=23
ITERATION 75 newScore=-2.57034e+06 diffscore=68.3176 priorChange=-40.2025 successMove=19
ITERATION 76 newScore=-2.57027e+06 diffscore=71.3909 priorChange=-41.5888 successMove=20
ITERATION 77 newScore=-2.57019e+06 diffscore=82.8529 priorChange=-37.4299 successMove=18
ITERATION 78 newScore=-2.57011e+06 diffscore=77.5905 priorChange=-41.5888 successMove=18
ITERATION 79 newScore=-2.57004e+06 diffscore=67.0836 priorChange=-27.7259 successMove=17
ITERATION 80 newScore=-2.56998e+06 diffscore=64.6764 priorChange=-27.7259 successMove=16
ITERATION 81 newScore=-2.56991e+06 diffscore=72.8698 priorChange=-30.4985 successMove=16
ITERATION 82 newScore=-2.56985e+06 diffscore=57.4902 priorChange=-18.0218 successMove=16
ITERATION 83 newScore=-2.56978e+06 diffscore=70.4175 priorChange=-26.3396 successMove=17
ITERATION 84 newScore=-2.5697e+06 diffscore=74.9329 priorChange=-31.8848 successMove=16
ITERATION 85 newScore=-2.56956e+06 diffscore=147.382 priorChange=-20.7944 successMove=15
ITERATION 86 newScore=-2.56946e+06 diffscore=95.4759 priorChange=-29.1122 successMove=15
ITERATION 87 newScore=-2.56938e+06 diffscore=81.8577 priorChange=-19.4081 successMove=13
ITERATION 88 newScore=-2.5693e+06 diffscore=79.8166 priorChange=-27.7259 successMove=12
ITERATION 89 newScore=-2.56908e+06 diffscore=214.792 priorChange=-22.1807 successMove=12
ITERATION 90 newScore=-2.569e+06 diffscore=87.8869 priorChange=-18.0218 successMove=11
ITERATION 91 newScore=-2.56892e+06 diffscore=79.1154 priorChange=-23.567 successMove=11
ITERATION 92 newScore=-2.56885e+06 diffscore=66.5511 priorChange=-20.7944 successMove=11
ITERATION 93 newScore=-2.56877e+06 diffscore=74.9664 priorChange=-16.6355 successMove=12
ITERATION 94 newScore=-2.5687e+06 diffscore=77.6178 priorChange=-22.1807 successMove=11
ITERATION 95 newScore=-2.56859e+06 diffscore=103.003 priorChange=-19.4081 successMove=12
ITERATION 96 newScore=-2.56847e+06 diffscore=120.27 priorChange=-24.9533 successMove=11
ITERATION 97 newScore=-2.56838e+06 diffscore=93.2144 priorChange=-16.6355 successMove=11
ITERATION 98 newScore=-2.56712e+06 diffscore=1263.5 priorChange=-29.1122 successMove=10
ITERATION 99 newScore=-2.56605e+06 diffscore=1063.67 priorChange=-22.1807 successMove=10
MetaLearner::dumpAllGraphs
Final Score -2.56605e+06
MetaLearner::start runtime: 1805444790 ms
Results/
Results/cluster8/
Results/cluster8/scoreFile.txt
Results/cluster8/fold0/
Results/cluster8/fold0/modelparams.txt
Results/cluster8/fold0/var_mb_pw_k50.txt
Results/cluster1/
Results/cluster1/fold0/
Results/cluster1/fold0/modelparams.txt
Results/cluster1/fold0/var_mb_pw_k50.txt
Results/cluster6/
Results/cluster6/fold0/
Results/cluster6/fold0/modelparams.txt
Results/cluster6/fold0/var_mb_pw_k50.txt
Results/cluster9/
Results/cluster9/fold0/
Results/cluster9/fold0/modelparams.txt
Results/cluster9/fold0/var_mb_pw_k50.txt
Results/cluster10/
Results/cluster10/fold0/
Results/cluster10/fold0/modelparams.txt
Results/cluster10/fold0/var_mb_pw_k50.txt
Results/cluster3/
Results/cluster3/fold0/
Results/cluster3/fold0/modelparams.txt
Results/cluster3/fold0/var_mb_pw_k50.txt
Results/cluster2/
Results/cluster2/fold0/
Results/cluster2/fold0/modelparams.txt
Results/cluster2/fold0/var_mb_pw_k50.txt
Results/cluster7/
Results/cluster7/fold0/
Results/cluster7/fold0/modelparams.txt
Results/cluster7/fold0/var_mb_pw_k50.txt
