000 (49777.2623.000) 10/11 10:48:15 Job submitted from host: <144.92.142.142:9618?addrs=144.92.142.142-9618&noUDP&sock=44923_051a_3>
...
001 (49777.2623.000) 10/11 19:35:29 Job executing on host: <128.105.68.51:9618?addrs=128.105.68.51-9618&alias=e2481.chtc.wisc.edu&noUDP&sock=startd_4893_c4fd>
...
006 (49777.2623.000) 10/11 19:35:38 Image size of job updated: 156396
	103  -  MemoryUsage of job (MB)
	105124  -  ResidentSetSize of job (KB)
...
006 (49777.2623.000) 10/11 19:40:39 Image size of job updated: 719448
	654  -  MemoryUsage of job (MB)
	668712  -  ResidentSetSize of job (KB)
...
006 (49777.2623.000) 10/11 19:45:39 Image size of job updated: 1015688
	951  -  MemoryUsage of job (MB)
	973764  -  ResidentSetSize of job (KB)
...
006 (49777.2623.000) 10/11 19:50:40 Image size of job updated: 1540832
	1454  -  MemoryUsage of job (MB)
	1488564  -  ResidentSetSize of job (KB)
...
006 (49777.2623.000) 10/11 19:55:41 Image size of job updated: 2069280
	1984  -  MemoryUsage of job (MB)
	2030820  -  ResidentSetSize of job (KB)
...
006 (49777.2623.000) 10/11 20:00:41 Image size of job updated: 2612056
	2530  -  MemoryUsage of job (MB)
	2589840  -  ResidentSetSize of job (KB)
...
006 (49777.2623.000) 10/11 20:04:13 Image size of job updated: 3007008
	2530  -  MemoryUsage of job (MB)
	2589840  -  ResidentSetSize of job (KB)
...
005 (49777.2623.000) 10/11 20:04:14 Job terminated.
	(1) Normal termination (return value 0)
		Usr 0 00:28:14, Sys 0 00:00:06  -  Run Remote Usage
		Usr 0 00:00:00, Sys 0 00:00:00  -  Run Local Usage
		Usr 0 00:28:14, Sys 0 00:00:06  -  Total Remote Usage
		Usr 0 00:00:00, Sys 0 00:00:00  -  Total Local Usage
	172076  -  Run Bytes Sent By Job
	316778656  -  Run Bytes Received By Job
	172076  -  Total Bytes Sent By Job
	316778656  -  Total Bytes Received By Job
	Partitionable Resources :     Usage  Request Allocated 
	   Cpus                 :      1.00        1         1 
	   Disk (KB)            : 325000      819200   1699852 
	   Memory (MB)          :   2530       20480     20480 
...
