000 (49777.243.000) 10/11 10:48:08 Job submitted from host: <144.92.142.142:9618?addrs=144.92.142.142-9618&noUDP&sock=44923_051a_3>
...
001 (49777.243.000) 10/11 12:42:43 Job executing on host: <128.105.68.27:9618?addrs=128.105.68.27-9618&alias=e2457.chtc.wisc.edu&noUDP&sock=startd_4846_880a>
...
006 (49777.243.000) 10/11 12:42:52 Image size of job updated: 156568
	103  -  MemoryUsage of job (MB)
	105300  -  ResidentSetSize of job (KB)
...
006 (49777.243.000) 10/11 12:47:53 Image size of job updated: 720628
	654  -  MemoryUsage of job (MB)
	669204  -  ResidentSetSize of job (KB)
...
006 (49777.243.000) 10/11 12:52:54 Image size of job updated: 926204
	862  -  MemoryUsage of job (MB)
	881988  -  ResidentSetSize of job (KB)
...
006 (49777.243.000) 10/11 12:57:54 Image size of job updated: 1242608
	1175  -  MemoryUsage of job (MB)
	1202484  -  ResidentSetSize of job (KB)
...
006 (49777.243.000) 10/11 13:02:54 Image size of job updated: 1591864
	1513  -  MemoryUsage of job (MB)
	1548588  -  ResidentSetSize of job (KB)
...
006 (49777.243.000) 10/11 13:07:55 Image size of job updated: 1921872
	1829  -  MemoryUsage of job (MB)
	1871988  -  ResidentSetSize of job (KB)
...
006 (49777.243.000) 10/11 13:08:41 Image size of job updated: 1974936
	1829  -  MemoryUsage of job (MB)
	1871988  -  ResidentSetSize of job (KB)
...
005 (49777.243.000) 10/11 13:08:41 Job terminated.
	(1) Normal termination (return value 0)
		Usr 0 00:25:20, Sys 0 00:00:04  -  Run Remote Usage
		Usr 0 00:00:00, Sys 0 00:00:00  -  Run Local Usage
		Usr 0 00:25:20, Sys 0 00:00:04  -  Total Remote Usage
		Usr 0 00:00:00, Sys 0 00:00:00  -  Total Local Usage
	158085  -  Run Bytes Sent By Job
	316905792  -  Run Bytes Received By Job
	158085  -  Total Bytes Sent By Job
	316905792  -  Total Bytes Received By Job
	Partitionable Resources :     Usage  Request Allocated 
	   Cpus                 :      1.00        1         1 
	   Disk (KB)            : 325000      819200   1705482 
	   Memory (MB)          :   1829       20480     20480 
...
