000 (49777.749.000) 10/11 10:48:09 Job submitted from host: <144.92.142.142:9618?addrs=144.92.142.142-9618&noUDP&sock=44923_051a_3>
...
001 (49777.749.000) 10/11 14:40:05 Job executing on host: <128.105.68.23:9618?addrs=128.105.68.23-9618&alias=gpulab2004.chtc.wisc.edu&noUDP&sock=startd_62541_80a6>
...
006 (49777.749.000) 10/11 14:40:14 Image size of job updated: 156756
	104  -  MemoryUsage of job (MB)
	105572  -  ResidentSetSize of job (KB)
...
006 (49777.749.000) 10/11 14:45:15 Image size of job updated: 722448
	656  -  MemoryUsage of job (MB)
	671268  -  ResidentSetSize of job (KB)
...
006 (49777.749.000) 10/11 14:50:15 Image size of job updated: 1209404
	1132  -  MemoryUsage of job (MB)
	1158256  -  ResidentSetSize of job (KB)
...
006 (49777.749.000) 10/11 14:55:15 Image size of job updated: 1872712
	1803  -  MemoryUsage of job (MB)
	1846084  -  ResidentSetSize of job (KB)
...
006 (49777.749.000) 10/11 15:00:16 Image size of job updated: 2835332
	2721  -  MemoryUsage of job (MB)
	2785700  -  ResidentSetSize of job (KB)
...
006 (49777.749.000) 10/11 15:03:17 Image size of job updated: 3481056
	2721  -  MemoryUsage of job (MB)
	2785748  -  ResidentSetSize of job (KB)
...
005 (49777.749.000) 10/11 15:03:17 Job terminated.
	(1) Normal termination (return value 0)
		Usr 0 00:23:06, Sys 0 00:00:03  -  Run Remote Usage
		Usr 0 00:00:00, Sys 0 00:00:00  -  Run Local Usage
		Usr 0 00:23:06, Sys 0 00:00:03  -  Total Remote Usage
		Usr 0 00:00:00, Sys 0 00:00:00  -  Total Local Usage
	172170  -  Run Bytes Sent By Job
	316889536  -  Run Bytes Received By Job
	172170  -  Total Bytes Sent By Job
	316889536  -  Total Bytes Received By Job
	Partitionable Resources :     Usage  Request Allocated 
	   Cpus                 :      1.00        1         1 
	   Disk (KB)            : 325000      819200  18192444 
	   Gpus                 :                            0 
	   Ioheavy              :                            0 
	   Memory (MB)          :   2721       20480     21341 
...
