./CVN -f config_condor.txt -x50 -v1 -l TFs_OGs.txt -n AllGenes7.txt -d celltype_tree_ancestor.txt -m testdata_ogids.txt -s celltype_order.txt -p 0.2 -c yes -b -4 -q 4
(cluster3|cluster8) p_maintain_edge=0.8 p_gain=0.2
(cluster2|cluster3) p_maintain_edge=0.8 p_gain=0.2
(cluster1|cluster2) p_maintain_edge=0.8 p_gain=0.2
(cluster6|cluster2) p_maintain_edge=0.8 p_gain=0.2
(cluster9|cluster6) p_maintain_edge=0.8 p_gain=0.2
(cluster10|cluster6) p_maintain_edge=0.8 p_gain=0.2
(cluster7|cluster10) p_maintain_edge=0.8 p_gain=0.2
speciesSet.size()=8 Root is cluster8
MappedOrthogroupReader::readSpeciesMapping() --- celltype_order.txt
MappedOrthogroupReader::readFile - testdata_ogids.txt
MappedOrthogroupReader::generateGeneOrthoMap()
MetaLearner::init_onefold() read:config_condor.txt
MetaLearner::setinputVariableNames number of variables: 2037
readEvidenceTable:cluster8.table
PotentialManager::loadEvidenceFromTable varCount=2037 sampleCount=348
motifNetwork.size() = 319
0=cluster8 motifNetwork=cluster8_network.txt
variable size=2037
readEvidenceTable:cluster3.table
PotentialManager::loadEvidenceFromTable varCount=2037 sampleCount=95
motifNetwork.size() = 326
1=cluster3 motifNetwork=cluster3_network.txt
variable size=2037
readEvidenceTable:cluster2.table
PotentialManager::loadEvidenceFromTable varCount=2037 sampleCount=386
motifNetwork.size() = 328
2=cluster2 motifNetwork=cluster2_network.txt
variable size=2037
readEvidenceTable:cluster1.table
PotentialManager::loadEvidenceFromTable varCount=2037 sampleCount=36
motifNetwork.size() = 322
3=cluster1 motifNetwork=cluster1_network.txt
variable size=2037
readEvidenceTable:cluster6.table
PotentialManager::loadEvidenceFromTable varCount=2037 sampleCount=524
motifNetwork.size() = 320
4=cluster6 motifNetwork=cluster6_network.txt
variable size=2037
readEvidenceTable:cluster9.table
PotentialManager::loadEvidenceFromTable varCount=2037 sampleCount=184
motifNetwork.size() = 327
5=cluster9 motifNetwork=cluster9_network.txt
variable size=2037
readEvidenceTable:cluster10.table
PotentialManager::loadEvidenceFromTable varCount=2037 sampleCount=165
motifNetwork.size() = 326
6=cluster10 motifNetwork=cluster10_network.txt
variable size=2037
readEvidenceTable:cluster7.table
PotentialManager::loadEvidenceFromTable varCount=2037 sampleCount=1032
motifNetwork.size() = 320
7=cluster7 motifNetwork=cluster7_network.txt
variable size=2037
-------------------------------------------------------------
MetaLearner::start
precomputeEmptyGraphPrior
binkey=0 [Edge status: 0 0 0 0 0 0 0 0 ] P(G)=P(cluster8=0)[0.8] * P(cluster1=0|cluster2=0) * P(cluster9=0|cluster6=0) * P(cluster7=0|cluster10=0) * P(cluster10=0|cluster6=0) * P(cluster6=0|cluster2=0) * P(cluster2=0|cluster3=0) * P(cluster3=0|cluster8=0)[0.209715]=0.167772
condsetMap_Tree
0 cluster8=0 cluster3=0 cluster2=0 cluster1=0 cluster6=0 cluster9=0 cluster10=0 cluster7=1
1 cluster8=0 cluster3=0 cluster2=0 cluster1=0 cluster6=0 cluster9=1 cluster10=0 cluster7=0
2 cluster8=0 cluster3=0 cluster2=0 cluster1=0 cluster6=0 cluster9=1 cluster10=0 cluster7=1
3 cluster8=0 cluster3=0 cluster2=0 cluster1=1 cluster6=0 cluster9=0 cluster10=0 cluster7=0
4 cluster8=0 cluster3=0 cluster2=0 cluster1=1 cluster6=0 cluster9=0 cluster10=0 cluster7=1
5 cluster8=0 cluster3=0 cluster2=0 cluster1=1 cluster6=0 cluster9=1 cluster10=0 cluster7=0
6 cluster8=0 cluster3=0 cluster2=0 cluster1=1 cluster6=0 cluster9=1 cluster10=0 cluster7=1
7 cluster8=0 cluster3=0 cluster2=0 cluster1=0 cluster6=0 cluster9=0 cluster10=1 cluster7=1
8 cluster8=0 cluster3=0 cluster2=0 cluster1=0 cluster6=0 cluster9=1 cluster10=1 cluster7=1
9 cluster8=0 cluster3=0 cluster2=0 cluster1=1 cluster6=0 cluster9=0 cluster10=1 cluster7=1
10 cluster8=0 cluster3=0 cluster2=0 cluster1=1 cluster6=0 cluster9=1 cluster10=1 cluster7=1
11 cluster8=0 cluster3=0 cluster2=0 cluster1=0 cluster6=1 cluster9=1 cluster10=1 cluster7=1
12 cluster8=0 cluster3=0 cluster2=0 cluster1=1 cluster6=1 cluster9=1 cluster10=1 cluster7=1
13 cluster8=0 cluster3=0 cluster2=1 cluster1=1 cluster6=1 cluster9=1 cluster10=1 cluster7=1
14 cluster8=0 cluster3=1 cluster2=1 cluster1=1 cluster6=1 cluster9=1 cluster10=1 cluster7=1
15 cluster8=1 cluster3=1 cluster2=1 cluster1=1 cluster6=1 cluster9=1 cluster10=1 cluster7=1
16 cluster8=1 cluster3=1 cluster2=1 cluster1=1 cluster6=1 cluster9=1 cluster10=1 cluster7=0
17 cluster8=1 cluster3=1 cluster2=1 cluster1=1 cluster6=1 cluster9=0 cluster10=1 cluster7=1
18 cluster8=1 cluster3=1 cluster2=1 cluster1=1 cluster6=1 cluster9=0 cluster10=1 cluster7=0
19 cluster8=1 cluster3=1 cluster2=1 cluster1=0 cluster6=1 cluster9=1 cluster10=1 cluster7=1
20 cluster8=1 cluster3=1 cluster2=1 cluster1=0 cluster6=1 cluster9=1 cluster10=1 cluster7=0
21 cluster8=1 cluster3=1 cluster2=1 cluster1=0 cluster6=1 cluster9=0 cluster10=1 cluster7=1
22 cluster8=1 cluster3=1 cluster2=1 cluster1=0 cluster6=1 cluster9=0 cluster10=1 cluster7=0
23 cluster8=1 cluster3=1 cluster2=1 cluster1=1 cluster6=1 cluster9=1 cluster10=0 cluster7=0
24 cluster8=1 cluster3=1 cluster2=1 cluster1=1 cluster6=1 cluster9=0 cluster10=0 cluster7=0
25 cluster8=1 cluster3=1 cluster2=1 cluster1=0 cluster6=1 cluster9=1 cluster10=0 cluster7=0
26 cluster8=1 cluster3=1 cluster2=1 cluster1=0 cluster6=1 cluster9=0 cluster10=0 cluster7=0
27 cluster8=1 cluster3=1 cluster2=1 cluster1=1 cluster6=0 cluster9=0 cluster10=0 cluster7=0
28 cluster8=1 cluster3=1 cluster2=1 cluster1=0 cluster6=0 cluster9=0 cluster10=0 cluster7=0
29 cluster8=1 cluster3=1 cluster2=0 cluster1=0 cluster6=0 cluster9=0 cluster10=0 cluster7=0
30 cluster8=1 cluster3=0 cluster2=0 cluster1=0 cluster6=0 cluster9=0 cluster10=0 cluster7=0
31 cluster8=0 cluster3=0 cluster2=0 cluster1=0 cluster6=1 cluster9=0 cluster10=0 cluster7=0
32 cluster8=0 cluster3=0 cluster2=1 cluster1=0 cluster6=0 cluster9=0 cluster10=0 cluster7=0
33 cluster8=0 cluster3=0 cluster2=0 cluster1=0 cluster6=0 cluster9=0 cluster10=1 cluster7=0
34 cluster8=0 cluster3=1 cluster2=0 cluster1=0 cluster6=0 cluster9=0 cluster10=0 cluster7=0
inputRegulatorOGs.size() = 1999 inputOGList.size() = 50
binkey=16 [Edge status: 0 0 0 0 1 0 0 0 ] P(G)=P(cluster8=0)[0.8] * P(cluster1=0|cluster2=0) * P(cluster9=0|cluster6=1) * P(cluster7=0|cluster10=0) * P(cluster10=0|cluster6=1) * P(cluster6=1|cluster2=0) * P(cluster2=0|cluster3=0) * P(cluster3=0|cluster8=0)[0.0032768]=0.00262144
binkey=8 [Edge status: 0 0 0 1 0 0 0 0 ] P(G)=P(cluster8=0)[0.8] * P(cluster1=1|cluster2=0) * P(cluster9=0|cluster6=0) * P(cluster7=0|cluster10=0) * P(cluster10=0|cluster6=0) * P(cluster6=0|cluster2=0) * P(cluster2=0|cluster3=0) * P(cluster3=0|cluster8=0)[0.0524288]=0.041943
binkey=2 [Edge status: 0 1 0 0 0 0 0 0 ] P(G)=P(cluster8=0)[0.8] * P(cluster1=0|cluster2=0) * P(cluster9=0|cluster6=0) * P(cluster7=0|cluster10=0) * P(cluster10=0|cluster6=0) * P(cluster6=0|cluster2=0) * P(cluster2=0|cluster3=1) * P(cluster3=1|cluster8=0)[0.0131072]=0.0104858
binkey=32 [Edge status: 0 0 0 0 0 1 0 0 ] P(G)=P(cluster8=0)[0.8] * P(cluster1=0|cluster2=0) * P(cluster9=1|cluster6=0) * P(cluster7=0|cluster10=0) * P(cluster10=0|cluster6=0) * P(cluster6=0|cluster2=0) * P(cluster2=0|cluster3=0) * P(cluster3=0|cluster8=0)[0.0524288]=0.041943
binkey=64 [Edge status: 0 0 0 0 0 0 1 0 ] P(G)=P(cluster8=0)[0.8] * P(cluster1=0|cluster2=0) * P(cluster9=0|cluster6=0) * P(cluster7=0|cluster10=1) * P(cluster10=1|cluster6=0) * P(cluster6=0|cluster2=0) * P(cluster2=0|cluster3=0) * P(cluster3=0|cluster8=0)[0.0131072]=0.0104858
binkey=1 [Edge status: 1 0 0 0 0 0 0 0 ] P(G)=P(cluster8=1)[0.2] * P(cluster1=0|cluster2=0) * P(cluster9=0|cluster6=0) * P(cluster7=0|cluster10=0) * P(cluster10=0|cluster6=0) * P(cluster6=0|cluster2=0) * P(cluster2=0|cluster3=0) * P(cluster3=0|cluster8=1)[0.0524288]=0.0104858
binkey=4 [Edge status: 0 0 1 0 0 0 0 0 ] P(G)=P(cluster8=0)[0.8] * P(cluster1=0|cluster2=1) * P(cluster9=0|cluster6=0) * P(cluster7=0|cluster10=0) * P(cluster10=0|cluster6=0) * P(cluster6=0|cluster2=1) * P(cluster2=1|cluster3=0) * P(cluster3=0|cluster8=0)[0.0032768]=0.00262144
binkey=128 [Edge status: 0 0 0 0 0 0 0 1 ] P(G)=P(cluster8=0)[0.8] * P(cluster1=0|cluster2=0) * P(cluster9=0|cluster6=0) * P(cluster7=1|cluster10=0) * P(cluster10=0|cluster6=0) * P(cluster6=0|cluster2=0) * P(cluster2=0|cluster3=0) * P(cluster3=0|cluster8=0)[0.0524288]=0.041943
binkey=160 [Edge status: 0 0 0 0 0 1 0 1 ] P(G)=P(cluster8=0)[0.8] * P(cluster1=0|cluster2=0) * P(cluster9=1|cluster6=0) * P(cluster7=1|cluster10=0) * P(cluster10=0|cluster6=0) * P(cluster6=0|cluster2=0) * P(cluster2=0|cluster3=0) * P(cluster3=0|cluster8=0)[0.0131072]=0.0104858
binkey=3 [Edge status: 1 1 0 0 0 0 0 0 ] P(G)=P(cluster8=1)[0.2] * P(cluster1=0|cluster2=0) * P(cluster9=0|cluster6=0) * P(cluster7=0|cluster10=0) * P(cluster10=0|cluster6=0) * P(cluster6=0|cluster2=0) * P(cluster2=0|cluster3=1) * P(cluster3=1|cluster8=1)[0.0524288]=0.0104858
binkey=192 [Edge status: 0 0 0 0 0 0 1 1 ] P(G)=P(cluster8=0)[0.8] * P(cluster1=0|cluster2=0) * P(cluster9=0|cluster6=0) * P(cluster7=1|cluster10=1) * P(cluster10=1|cluster6=0) * P(cluster6=0|cluster2=0) * P(cluster2=0|cluster3=0) * P(cluster3=0|cluster8=0)[0.0524288]=0.041943
binkey=224 [Edge status: 0 0 0 0 0 1 1 1 ] P(G)=P(cluster8=0)[0.8] * P(cluster1=0|cluster2=0) * P(cluster9=1|cluster6=0) * P(cluster7=1|cluster10=1) * P(cluster10=1|cluster6=0) * P(cluster6=0|cluster2=0) * P(cluster2=0|cluster3=0) * P(cluster3=0|cluster8=0)[0.0131072]=0.0104858
binkey=40 [Edge status: 0 0 0 1 0 1 0 0 ] P(G)=P(cluster8=0)[0.8] * P(cluster1=1|cluster2=0) * P(cluster9=1|cluster6=0) * P(cluster7=0|cluster10=0) * P(cluster10=0|cluster6=0) * P(cluster6=0|cluster2=0) * P(cluster2=0|cluster3=0) * P(cluster3=0|cluster8=0)[0.0131072]=0.0104858
binkey=136 [Edge status: 0 0 0 1 0 0 0 1 ] P(G)=P(cluster8=0)[0.8] * P(cluster1=1|cluster2=0) * P(cluster9=0|cluster6=0) * P(cluster7=1|cluster10=0) * P(cluster10=0|cluster6=0) * P(cluster6=0|cluster2=0) * P(cluster2=0|cluster3=0) * P(cluster3=0|cluster8=0)[0.0131072]=0.0104858
binkey=200 [Edge status: 0 0 0 1 0 0 1 1 ] P(G)=P(cluster8=0)[0.8] * P(cluster1=1|cluster2=0) * P(cluster9=0|cluster6=0) * P(cluster7=1|cluster10=1) * P(cluster10=1|cluster6=0) * P(cluster6=0|cluster2=0) * P(cluster2=0|cluster3=0) * P(cluster3=0|cluster8=0)[0.0131072]=0.0104858
binkey=168 [Edge status: 0 0 0 1 0 1 0 1 ] P(G)=P(cluster8=0)[0.8] * P(cluster1=1|cluster2=0) * P(cluster9=1|cluster6=0) * P(cluster7=1|cluster10=0) * P(cluster10=0|cluster6=0) * P(cluster6=0|cluster2=0) * P(cluster2=0|cluster3=0) * P(cluster3=0|cluster8=0)[0.0032768]=0.00262144
binkey=232 [Edge status: 0 0 0 1 0 1 1 1 ] P(G)=P(cluster8=0)[0.8] * P(cluster1=1|cluster2=0) * P(cluster9=1|cluster6=0) * P(cluster7=1|cluster10=1) * P(cluster10=1|cluster6=0) * P(cluster6=0|cluster2=0) * P(cluster2=0|cluster3=0) * P(cluster3=0|cluster8=0)[0.0032768]=0.00262144
binkey=240 [Edge status: 0 0 0 0 1 1 1 1 ] P(G)=P(cluster8=0)[0.8] * P(cluster1=0|cluster2=0) * P(cluster9=1|cluster6=1) * P(cluster7=1|cluster10=1) * P(cluster10=1|cluster6=1) * P(cluster6=1|cluster2=0) * P(cluster2=0|cluster3=0) * P(cluster3=0|cluster8=0)[0.0524288]=0.041943
binkey=248 [Edge status: 0 0 0 1 1 1 1 1 ] P(G)=P(cluster8=0)[0.8] * P(cluster1=1|cluster2=0) * P(cluster9=1|cluster6=1) * P(cluster7=1|cluster10=1) * P(cluster10=1|cluster6=1) * P(cluster6=1|cluster2=0) * P(cluster2=0|cluster3=0) * P(cluster3=0|cluster8=0)[0.0131072]=0.0104858
binkey=252 [Edge status: 0 0 1 1 1 1 1 1 ] P(G)=P(cluster8=0)[0.8] * P(cluster1=1|cluster2=1) * P(cluster9=1|cluster6=1) * P(cluster7=1|cluster10=1) * P(cluster10=1|cluster6=1) * P(cluster6=1|cluster2=1) * P(cluster2=1|cluster3=0) * P(cluster3=0|cluster8=0)[0.0524288]=0.041943
binkey=7 [Edge status: 1 1 1 0 0 0 0 0 ] P(G)=P(cluster8=1)[0.2] * P(cluster1=0|cluster2=1) * P(cluster9=0|cluster6=0) * P(cluster7=0|cluster10=0) * P(cluster10=0|cluster6=0) * P(cluster6=0|cluster2=1) * P(cluster2=1|cluster3=1) * P(cluster3=1|cluster8=1)[0.0131072]=0.00262144
binkey=247 [Edge status: 1 1 1 0 1 1 1 1 ] P(G)=P(cluster8=1)[0.2] * P(cluster1=0|cluster2=1) * P(cluster9=1|cluster6=1) * P(cluster7=1|cluster10=1) * P(cluster10=1|cluster6=1) * P(cluster6=1|cluster2=1) * P(cluster2=1|cluster3=1) * P(cluster3=1|cluster8=1)[0.0524288]=0.0104858
binkey=119 [Edge status: 1 1 1 0 1 1 1 0 ] P(G)=P(cluster8=1)[0.2] * P(cluster1=0|cluster2=1) * P(cluster9=1|cluster6=1) * P(cluster7=0|cluster10=1) * P(cluster10=1|cluster6=1) * P(cluster6=1|cluster2=1) * P(cluster2=1|cluster3=1) * P(cluster3=1|cluster8=1)[0.0131072]=0.00262144
binkey=215 [Edge status: 1 1 1 0 1 0 1 1 ] P(G)=P(cluster8=1)[0.2] * P(cluster1=0|cluster2=1) * P(cluster9=0|cluster6=1) * P(cluster7=1|cluster10=1) * P(cluster10=1|cluster6=1) * P(cluster6=1|cluster2=1) * P(cluster2=1|cluster3=1) * P(cluster3=1|cluster8=1)[0.0131072]=0.00262144
binkey=87 [Edge status: 1 1 1 0 1 0 1 0 ] P(G)=P(cluster8=1)[0.2] * P(cluster1=0|cluster2=1) * P(cluster9=0|cluster6=1) * P(cluster7=0|cluster10=1) * P(cluster10=1|cluster6=1) * P(cluster6=1|cluster2=1) * P(cluster2=1|cluster3=1) * P(cluster3=1|cluster8=1)[0.0032768]=0.00065536
binkey=55 [Edge status: 1 1 1 0 1 1 0 0 ] P(G)=P(cluster8=1)[0.2] * P(cluster1=0|cluster2=1) * P(cluster9=1|cluster6=1) * P(cluster7=0|cluster10=0) * P(cluster10=0|cluster6=1) * P(cluster6=1|cluster2=1) * P(cluster2=1|cluster3=1) * P(cluster3=1|cluster8=1)[0.0131072]=0.00262144
binkey=23 [Edge status: 1 1 1 0 1 0 0 0 ] P(G)=P(cluster8=1)[0.2] * P(cluster1=0|cluster2=1) * P(cluster9=0|cluster6=1) * P(cluster7=0|cluster10=0) * P(cluster10=0|cluster6=1) * P(cluster6=1|cluster2=1) * P(cluster2=1|cluster3=1) * P(cluster3=1|cluster8=1)[0.0032768]=0.00065536
ITERATION 0 newScore=-2.74296e+06 diffscore=16648.6 priorChange=-126.153 successMove=72
ITERATION 1 newScore=-2.73512e+06 diffscore=7835.2 priorChange=-126.153 successMove=62
ITERATION 2 newScore=-2.72758e+06 diffscore=7542.63 priorChange=-127.539 successMove=58
binkey=31 [Edge status: 1 1 1 1 1 0 0 0 ] P(G)=P(cluster8=1)[0.2] * P(cluster1=1|cluster2=1) * P(cluster9=0|cluster6=1) * P(cluster7=0|cluster10=0) * P(cluster10=0|cluster6=1) * P(cluster6=1|cluster2=1) * P(cluster2=1|cluster3=1) * P(cluster3=1|cluster8=1)[0.0131072]=0.00262144
binkey=15 [Edge status: 1 1 1 1 0 0 0 0 ] P(G)=P(cluster8=1)[0.2] * P(cluster1=1|cluster2=1) * P(cluster9=0|cluster6=0) * P(cluster7=0|cluster10=0) * P(cluster10=0|cluster6=0) * P(cluster6=0|cluster2=1) * P(cluster2=1|cluster3=1) * P(cluster3=1|cluster8=1)[0.0524288]=0.0104858
ITERATION 3 newScore=-2.72238e+06 diffscore=5202.52 priorChange=-109.517 successMove=54
ITERATION 4 newScore=-2.71848e+06 diffscore=3895.21 priorChange=-131.698 successMove=52
ITERATION 5 newScore=-2.71241e+06 diffscore=6070.45 priorChange=-120.608 successMove=55
ITERATION 6 newScore=-2.71121e+06 diffscore=1202.75 priorChange=-103.972 successMove=53
ITERATION 7 newScore=-2.70764e+06 diffscore=3569.47 priorChange=-120.608 successMove=50
ITERATION 8 newScore=-2.70484e+06 diffscore=2794.27 priorChange=-108.131 successMove=52
ITERATION 9 newScore=-2.69891e+06 diffscore=5930.15 priorChange=-121.994 successMove=53
ITERATION 10 newScore=-2.69613e+06 diffscore=2780.74 priorChange=-97.0406 successMove=50
ITERATION 11 newScore=-2.69533e+06 diffscore=807.469 priorChange=-115.062 successMove=54
ITERATION 12 newScore=-2.69447e+06 diffscore=860.024 priorChange=-105.358 successMove=52
ITERATION 13 newScore=-2.69159e+06 diffscore=2877.31 priorChange=-98.4269 successMove=50
ITERATION 14 newScore=-2.68904e+06 diffscore=2545.86 priorChange=-106.745 successMove=50
ITERATION 15 newScore=-2.68754e+06 diffscore=1504.26 priorChange=-112.29 successMove=50
ITERATION 16 newScore=-2.68252e+06 diffscore=5015.11 priorChange=-102.586 successMove=51
ITERATION 17 newScore=-2.68038e+06 diffscore=2145.89 priorChange=-95.6543 successMove=52
ITERATION 18 newScore=-2.67607e+06 diffscore=4305.73 priorChange=-110.904 successMove=52
ITERATION 19 newScore=-2.67388e+06 diffscore=2195.63 priorChange=-105.358 successMove=52
ITERATION 20 newScore=-2.67039e+06 diffscore=3485.98 priorChange=-106.745 successMove=52
ITERATION 21 newScore=-2.66798e+06 diffscore=2407.41 priorChange=-117.835 successMove=53
ITERATION 22 newScore=-2.66347e+06 diffscore=4507.57 priorChange=-119.221 successMove=50
ITERATION 23 newScore=-2.6625e+06 diffscore=977.791 priorChange=-94.268 successMove=52
ITERATION 24 newScore=-2.65924e+06 diffscore=3261.5 priorChange=-123.38 successMove=51
ITERATION 25 newScore=-2.65867e+06 diffscore=565.654 priorChange=-108.131 successMove=57
ITERATION 26 newScore=-2.65793e+06 diffscore=743.081 priorChange=-94.268 successMove=49
ITERATION 27 newScore=-2.65695e+06 diffscore=975.715 priorChange=-108.131 successMove=49
ITERATION 28 newScore=-2.65518e+06 diffscore=1771.48 priorChange=-101.199 successMove=47
ITERATION 29 newScore=-2.65466e+06 diffscore=517.661 priorChange=-94.268 successMove=47
ITERATION 30 newScore=-2.65292e+06 diffscore=1741.88 priorChange=-105.358 successMove=47
ITERATION 31 newScore=-2.65251e+06 diffscore=408.302 priorChange=-103.972 successMove=47
ITERATION 32 newScore=-2.65205e+06 diffscore=457.558 priorChange=-108.131 successMove=49
ITERATION 33 newScore=-2.65075e+06 diffscore=1301.78 priorChange=-95.6543 successMove=47
ITERATION 34 newScore=-2.64903e+06 diffscore=1718.88 priorChange=-103.972 successMove=47
ITERATION 35 newScore=-2.64697e+06 diffscore=2067.55 priorChange=-91.4954 successMove=48
ITERATION 36 newScore=-2.64637e+06 diffscore=597.222 priorChange=-91.4954 successMove=47
ITERATION 37 newScore=-2.64391e+06 diffscore=2453.83 priorChange=-105.358 successMove=48
ITERATION 38 newScore=-2.642e+06 diffscore=1919.46 priorChange=-92.8817 successMove=47
ITERATION 39 newScore=-2.64151e+06 diffscore=481.098 priorChange=-99.8132 successMove=46
ITERATION 40 newScore=-2.64047e+06 diffscore=1045.7 priorChange=-103.972 successMove=46
ITERATION 41 newScore=-2.64008e+06 diffscore=385.163 priorChange=-99.8132 successMove=45
ITERATION 42 newScore=-2.63928e+06 diffscore=802.854 priorChange=-97.0406 successMove=45
ITERATION 43 newScore=-2.63433e+06 diffscore=4949.26 priorChange=-92.8817 successMove=45
ITERATION 44 newScore=-2.63308e+06 diffscore=1247.41 priorChange=-101.199 successMove=45
ITERATION 45 newScore=-2.63176e+06 diffscore=1326.39 priorChange=-97.0406 successMove=45
ITERATION 46 newScore=-2.63148e+06 diffscore=277.834 priorChange=-84.564 successMove=44
ITERATION 47 newScore=-2.63122e+06 diffscore=258.867 priorChange=-92.8817 successMove=44
ITERATION 48 newScore=-2.6298e+06 diffscore=1420.47 priorChange=-80.4051 successMove=45
ITERATION 49 newScore=-2.62954e+06 diffscore=260.839 priorChange=-85.9503 successMove=42
ITERATION 50 newScore=-2.62795e+06 diffscore=1585.17 priorChange=-81.7914 successMove=41
ITERATION 51 newScore=-2.62765e+06 diffscore=307.75 priorChange=-74.8599 successMove=40
ITERATION 52 newScore=-2.62617e+06 diffscore=1478.15 priorChange=-97.0406 successMove=41
ITERATION 53 newScore=-2.6259e+06 diffscore=264.331 priorChange=-69.3147 successMove=40
ITERATION 54 newScore=-2.62564e+06 diffscore=265.574 priorChange=-97.0406 successMove=40
ITERATION 55 newScore=-2.62533e+06 diffscore=305.146 priorChange=-84.564 successMove=39
ITERATION 56 newScore=-2.62503e+06 diffscore=301.322 priorChange=-79.0188 successMove=39
ITERATION 57 newScore=-2.6247e+06 diffscore=336.575 priorChange=-73.4736 successMove=38
ITERATION 58 newScore=-2.62429e+06 diffscore=402.931 priorChange=-80.4051 successMove=37
ITERATION 59 newScore=-2.6223e+06 diffscore=1988.49 priorChange=-72.0873 successMove=35
ITERATION 60 newScore=-2.61938e+06 diffscore=2924.76 priorChange=-70.701 successMove=37
ITERATION 61 newScore=-2.61804e+06 diffscore=1342.68 priorChange=-59.6107 successMove=33
ITERATION 62 newScore=-2.61671e+06 diffscore=1321.84 priorChange=-70.701 successMove=33
ITERATION 63 newScore=-2.61626e+06 diffscore=451.998 priorChange=-70.701 successMove=33
ITERATION 64 newScore=-2.61509e+06 diffscore=1171.27 priorChange=-69.3147 successMove=34
ITERATION 65 newScore=-2.6149e+06 diffscore=189.955 priorChange=-72.0873 successMove=32
ITERATION 66 newScore=-2.61462e+06 diffscore=284.989 priorChange=-69.3147 successMove=33
ITERATION 67 newScore=-2.61304e+06 diffscore=1575.17 priorChange=-69.3147 successMove=30
ITERATION 68 newScore=-2.61177e+06 diffscore=1273.3 priorChange=-62.3832 successMove=30
ITERATION 69 newScore=-2.61157e+06 diffscore=202.337 priorChange=-55.4518 successMove=31
ITERATION 70 newScore=-2.61135e+06 diffscore=220.507 priorChange=-65.1558 successMove=31
ITERATION 71 newScore=-2.61111e+06 diffscore=231.46 priorChange=-59.6107 successMove=27
ITERATION 72 newScore=-2.61089e+06 diffscore=224.139 priorChange=-59.6107 successMove=27
ITERATION 73 newScore=-2.60996e+06 diffscore=924.677 priorChange=-52.6792 successMove=27
ITERATION 74 newScore=-2.60933e+06 diffscore=634.982 priorChange=-49.9066 successMove=27
ITERATION 75 newScore=-2.60802e+06 diffscore=1307.05 priorChange=-55.4518 successMove=25
ITERATION 76 newScore=-2.60791e+06 diffscore=112.78 priorChange=-51.2929 successMove=25
ITERATION 77 newScore=-2.6078e+06 diffscore=106.293 priorChange=-48.5203 successMove=25
ITERATION 78 newScore=-2.60772e+06 diffscore=86.5898 priorChange=-44.3614 successMove=21
ITERATION 79 newScore=-2.60658e+06 diffscore=1141.72 priorChange=-33.2711 successMove=20
ITERATION 80 newScore=-2.60651e+06 diffscore=64.1829 priorChange=-33.2711 successMove=20
ITERATION 81 newScore=-2.60645e+06 diffscore=57.8562 priorChange=-31.8848 successMove=17
ITERATION 82 newScore=-2.60641e+06 diffscore=47.4939 priorChange=-22.1807 successMove=16
ITERATION 83 newScore=-2.60636e+06 diffscore=49.9839 priorChange=-26.3396 successMove=13
ITERATION 84 newScore=-2.6063e+06 diffscore=59.9261 priorChange=-24.9533 successMove=13
ITERATION 85 newScore=-2.60617e+06 diffscore=124.092 priorChange=-18.0218 successMove=13
ITERATION 86 newScore=-2.60584e+06 diffscore=329.844 priorChange=-22.1807 successMove=13
ITERATION 87 newScore=-2.6058e+06 diffscore=40.5264 priorChange=-20.7944 successMove=12
ITERATION 88 newScore=-2.60576e+06 diffscore=45.4727 priorChange=-24.9533 successMove=13
ITERATION 89 newScore=-2.60571e+06 diffscore=44.2116 priorChange=-26.3396 successMove=12
ITERATION 90 newScore=-2.60568e+06 diffscore=31.8595 priorChange=-16.6355 successMove=9
ITERATION 91 newScore=-2.60565e+06 diffscore=32.296 priorChange=-12.4766 successMove=9
ITERATION 92 newScore=-2.60561e+06 diffscore=40.5727 priorChange=-16.6355 successMove=8
ITERATION 93 newScore=-2.60558e+06 diffscore=26.3186 priorChange=-15.2492 successMove=9
ITERATION 94 newScore=-2.60556e+06 diffscore=25.3746 priorChange=-13.8629 successMove=10
ITERATION 95 newScore=-2.60553e+06 diffscore=25.5233 priorChange=-15.2492 successMove=6
ITERATION 96 newScore=-2.6055e+06 diffscore=27.8759 priorChange=-15.2492 successMove=6
ITERATION 97 newScore=-2.60548e+06 diffscore=20.5303 priorChange=-8.31777 successMove=6
ITERATION 98 newScore=-2.60546e+06 diffscore=20.1614 priorChange=-11.0904 successMove=5
ITERATION 99 newScore=-2.60543e+06 diffscore=26.4934 priorChange=-8.31777 successMove=5
MetaLearner::dumpAllGraphs
Final Score -2.60543e+06
MetaLearner::start runtime: 1259154521 ms
Results/
Results/cluster3/
Results/cluster3/fold0/
Results/cluster3/fold0/modelparams.txt
Results/cluster3/fold0/var_mb_pw_k50.txt
Results/cluster7/
Results/cluster7/fold0/
Results/cluster7/fold0/modelparams.txt
Results/cluster7/fold0/var_mb_pw_k50.txt
Results/cluster2/
Results/cluster2/fold0/
Results/cluster2/fold0/modelparams.txt
Results/cluster2/fold0/var_mb_pw_k50.txt
Results/cluster9/
Results/cluster9/fold0/
Results/cluster9/fold0/modelparams.txt
Results/cluster9/fold0/var_mb_pw_k50.txt
Results/cluster6/
Results/cluster6/fold0/
Results/cluster6/fold0/modelparams.txt
Results/cluster6/fold0/var_mb_pw_k50.txt
Results/cluster1/
Results/cluster1/fold0/
Results/cluster1/fold0/modelparams.txt
Results/cluster1/fold0/var_mb_pw_k50.txt
Results/cluster10/
Results/cluster10/fold0/
Results/cluster10/fold0/modelparams.txt
Results/cluster10/fold0/var_mb_pw_k50.txt
Results/cluster8/
Results/cluster8/scoreFile.txt
Results/cluster8/fold0/
Results/cluster8/fold0/modelparams.txt
Results/cluster8/fold0/var_mb_pw_k50.txt
