./CVN -f config_condor.txt -x50 -v1 -l TFs_OGs.txt -n AllGenes166.txt -d celltype_tree_ancestor.txt -m testdata_ogids.txt -s celltype_order.txt -p 0.2 -c yes -b -4 -q 4
(cluster3|cluster8) p_maintain_edge=0.8 p_gain=0.2
(cluster2|cluster3) p_maintain_edge=0.8 p_gain=0.2
(cluster1|cluster2) p_maintain_edge=0.8 p_gain=0.2
(cluster6|cluster2) p_maintain_edge=0.8 p_gain=0.2
(cluster9|cluster6) p_maintain_edge=0.8 p_gain=0.2
(cluster10|cluster6) p_maintain_edge=0.8 p_gain=0.2
(cluster7|cluster10) p_maintain_edge=0.8 p_gain=0.2
speciesSet.size()=8 Root is cluster8
MappedOrthogroupReader::readSpeciesMapping() --- celltype_order.txt
MappedOrthogroupReader::readFile - testdata_ogids.txt
MappedOrthogroupReader::generateGeneOrthoMap()
MetaLearner::init_onefold() read:config_condor.txt
MetaLearner::setinputVariableNames number of variables: 2044
readEvidenceTable:cluster8.table
PotentialManager::loadEvidenceFromTable varCount=2044 sampleCount=348
motifNetwork.size() = 319
0=cluster8 motifNetwork=cluster8_network.txt
variable size=2044
readEvidenceTable:cluster3.table
PotentialManager::loadEvidenceFromTable varCount=2044 sampleCount=95
motifNetwork.size() = 326
1=cluster3 motifNetwork=cluster3_network.txt
variable size=2044
readEvidenceTable:cluster2.table
PotentialManager::loadEvidenceFromTable varCount=2044 sampleCount=386
motifNetwork.size() = 328
2=cluster2 motifNetwork=cluster2_network.txt
variable size=2044
readEvidenceTable:cluster1.table
PotentialManager::loadEvidenceFromTable varCount=2044 sampleCount=36
motifNetwork.size() = 322
3=cluster1 motifNetwork=cluster1_network.txt
variable size=2044
readEvidenceTable:cluster6.table
PotentialManager::loadEvidenceFromTable varCount=2044 sampleCount=524
motifNetwork.size() = 320
4=cluster6 motifNetwork=cluster6_network.txt
variable size=2044
readEvidenceTable:cluster9.table
PotentialManager::loadEvidenceFromTable varCount=2044 sampleCount=184
motifNetwork.size() = 327
5=cluster9 motifNetwork=cluster9_network.txt
variable size=2044
readEvidenceTable:cluster10.table
PotentialManager::loadEvidenceFromTable varCount=2044 sampleCount=165
motifNetwork.size() = 326
6=cluster10 motifNetwork=cluster10_network.txt
variable size=2044
readEvidenceTable:cluster7.table
PotentialManager::loadEvidenceFromTable varCount=2044 sampleCount=1032
motifNetwork.size() = 320
7=cluster7 motifNetwork=cluster7_network.txt
variable size=2044
-------------------------------------------------------------
MetaLearner::start
precomputeEmptyGraphPrior
binkey=0 [Edge status: 0 0 0 0 0 0 0 0 ] P(G)=P(cluster8=0)[0.8] * P(cluster1=0|cluster2=0) * P(cluster9=0|cluster6=0) * P(cluster7=0|cluster10=0) * P(cluster10=0|cluster6=0) * P(cluster6=0|cluster2=0) * P(cluster2=0|cluster3=0) * P(cluster3=0|cluster8=0)[0.209715]=0.167772
condsetMap_Tree
0 cluster8=0 cluster3=0 cluster2=0 cluster1=0 cluster6=0 cluster9=0 cluster10=0 cluster7=1
1 cluster8=0 cluster3=0 cluster2=0 cluster1=0 cluster6=0 cluster9=1 cluster10=0 cluster7=0
2 cluster8=0 cluster3=0 cluster2=0 cluster1=0 cluster6=0 cluster9=1 cluster10=0 cluster7=1
3 cluster8=0 cluster3=0 cluster2=0 cluster1=1 cluster6=0 cluster9=0 cluster10=0 cluster7=0
4 cluster8=0 cluster3=0 cluster2=0 cluster1=1 cluster6=0 cluster9=0 cluster10=0 cluster7=1
5 cluster8=0 cluster3=0 cluster2=0 cluster1=1 cluster6=0 cluster9=1 cluster10=0 cluster7=0
6 cluster8=0 cluster3=0 cluster2=0 cluster1=1 cluster6=0 cluster9=1 cluster10=0 cluster7=1
7 cluster8=0 cluster3=0 cluster2=0 cluster1=0 cluster6=0 cluster9=0 cluster10=1 cluster7=1
8 cluster8=0 cluster3=0 cluster2=0 cluster1=0 cluster6=0 cluster9=1 cluster10=1 cluster7=1
9 cluster8=0 cluster3=0 cluster2=0 cluster1=1 cluster6=0 cluster9=0 cluster10=1 cluster7=1
10 cluster8=0 cluster3=0 cluster2=0 cluster1=1 cluster6=0 cluster9=1 cluster10=1 cluster7=1
11 cluster8=0 cluster3=0 cluster2=0 cluster1=0 cluster6=1 cluster9=1 cluster10=1 cluster7=1
12 cluster8=0 cluster3=0 cluster2=0 cluster1=1 cluster6=1 cluster9=1 cluster10=1 cluster7=1
13 cluster8=0 cluster3=0 cluster2=1 cluster1=1 cluster6=1 cluster9=1 cluster10=1 cluster7=1
14 cluster8=0 cluster3=1 cluster2=1 cluster1=1 cluster6=1 cluster9=1 cluster10=1 cluster7=1
15 cluster8=1 cluster3=1 cluster2=1 cluster1=1 cluster6=1 cluster9=1 cluster10=1 cluster7=1
16 cluster8=1 cluster3=1 cluster2=1 cluster1=1 cluster6=1 cluster9=1 cluster10=1 cluster7=0
17 cluster8=1 cluster3=1 cluster2=1 cluster1=1 cluster6=1 cluster9=0 cluster10=1 cluster7=1
18 cluster8=1 cluster3=1 cluster2=1 cluster1=1 cluster6=1 cluster9=0 cluster10=1 cluster7=0
19 cluster8=1 cluster3=1 cluster2=1 cluster1=0 cluster6=1 cluster9=1 cluster10=1 cluster7=1
20 cluster8=1 cluster3=1 cluster2=1 cluster1=0 cluster6=1 cluster9=1 cluster10=1 cluster7=0
21 cluster8=1 cluster3=1 cluster2=1 cluster1=0 cluster6=1 cluster9=0 cluster10=1 cluster7=1
22 cluster8=1 cluster3=1 cluster2=1 cluster1=0 cluster6=1 cluster9=0 cluster10=1 cluster7=0
23 cluster8=1 cluster3=1 cluster2=1 cluster1=1 cluster6=1 cluster9=1 cluster10=0 cluster7=0
24 cluster8=1 cluster3=1 cluster2=1 cluster1=1 cluster6=1 cluster9=0 cluster10=0 cluster7=0
25 cluster8=1 cluster3=1 cluster2=1 cluster1=0 cluster6=1 cluster9=1 cluster10=0 cluster7=0
26 cluster8=1 cluster3=1 cluster2=1 cluster1=0 cluster6=1 cluster9=0 cluster10=0 cluster7=0
27 cluster8=1 cluster3=1 cluster2=1 cluster1=1 cluster6=0 cluster9=0 cluster10=0 cluster7=0
28 cluster8=1 cluster3=1 cluster2=1 cluster1=0 cluster6=0 cluster9=0 cluster10=0 cluster7=0
29 cluster8=1 cluster3=1 cluster2=0 cluster1=0 cluster6=0 cluster9=0 cluster10=0 cluster7=0
30 cluster8=1 cluster3=0 cluster2=0 cluster1=0 cluster6=0 cluster9=0 cluster10=0 cluster7=0
31 cluster8=0 cluster3=0 cluster2=0 cluster1=0 cluster6=1 cluster9=0 cluster10=0 cluster7=0
32 cluster8=0 cluster3=0 cluster2=1 cluster1=0 cluster6=0 cluster9=0 cluster10=0 cluster7=0
33 cluster8=0 cluster3=0 cluster2=0 cluster1=0 cluster6=0 cluster9=0 cluster10=1 cluster7=0
34 cluster8=0 cluster3=1 cluster2=0 cluster1=0 cluster6=0 cluster9=0 cluster10=0 cluster7=0
inputRegulatorOGs.size() = 1999 inputOGList.size() = 50
binkey=4 [Edge status: 0 0 1 0 0 0 0 0 ] P(G)=P(cluster8=0)[0.8] * P(cluster1=0|cluster2=1) * P(cluster9=0|cluster6=0) * P(cluster7=0|cluster10=0) * P(cluster10=0|cluster6=0) * P(cluster6=0|cluster2=1) * P(cluster2=1|cluster3=0) * P(cluster3=0|cluster8=0)[0.0032768]=0.00262144
binkey=128 [Edge status: 0 0 0 0 0 0 0 1 ] P(G)=P(cluster8=0)[0.8] * P(cluster1=0|cluster2=0) * P(cluster9=0|cluster6=0) * P(cluster7=1|cluster10=0) * P(cluster10=0|cluster6=0) * P(cluster6=0|cluster2=0) * P(cluster2=0|cluster3=0) * P(cluster3=0|cluster8=0)[0.0524288]=0.041943
binkey=2 [Edge status: 0 1 0 0 0 0 0 0 ] P(G)=P(cluster8=0)[0.8] * P(cluster1=0|cluster2=0) * P(cluster9=0|cluster6=0) * P(cluster7=0|cluster10=0) * P(cluster10=0|cluster6=0) * P(cluster6=0|cluster2=0) * P(cluster2=0|cluster3=1) * P(cluster3=1|cluster8=0)[0.0131072]=0.0104858
binkey=32 [Edge status: 0 0 0 0 0 1 0 0 ] P(G)=P(cluster8=0)[0.8] * P(cluster1=0|cluster2=0) * P(cluster9=1|cluster6=0) * P(cluster7=0|cluster10=0) * P(cluster10=0|cluster6=0) * P(cluster6=0|cluster2=0) * P(cluster2=0|cluster3=0) * P(cluster3=0|cluster8=0)[0.0524288]=0.041943
binkey=64 [Edge status: 0 0 0 0 0 0 1 0 ] P(G)=P(cluster8=0)[0.8] * P(cluster1=0|cluster2=0) * P(cluster9=0|cluster6=0) * P(cluster7=0|cluster10=1) * P(cluster10=1|cluster6=0) * P(cluster6=0|cluster2=0) * P(cluster2=0|cluster3=0) * P(cluster3=0|cluster8=0)[0.0131072]=0.0104858
binkey=8 [Edge status: 0 0 0 1 0 0 0 0 ] P(G)=P(cluster8=0)[0.8] * P(cluster1=1|cluster2=0) * P(cluster9=0|cluster6=0) * P(cluster7=0|cluster10=0) * P(cluster10=0|cluster6=0) * P(cluster6=0|cluster2=0) * P(cluster2=0|cluster3=0) * P(cluster3=0|cluster8=0)[0.0524288]=0.041943
binkey=1 [Edge status: 1 0 0 0 0 0 0 0 ] P(G)=P(cluster8=1)[0.2] * P(cluster1=0|cluster2=0) * P(cluster9=0|cluster6=0) * P(cluster7=0|cluster10=0) * P(cluster10=0|cluster6=0) * P(cluster6=0|cluster2=0) * P(cluster2=0|cluster3=0) * P(cluster3=0|cluster8=1)[0.0524288]=0.0104858
binkey=40 [Edge status: 0 0 0 1 0 1 0 0 ] P(G)=P(cluster8=0)[0.8] * P(cluster1=1|cluster2=0) * P(cluster9=1|cluster6=0) * P(cluster7=0|cluster10=0) * P(cluster10=0|cluster6=0) * P(cluster6=0|cluster2=0) * P(cluster2=0|cluster3=0) * P(cluster3=0|cluster8=0)[0.0131072]=0.0104858
binkey=16 [Edge status: 0 0 0 0 1 0 0 0 ] P(G)=P(cluster8=0)[0.8] * P(cluster1=0|cluster2=0) * P(cluster9=0|cluster6=1) * P(cluster7=0|cluster10=0) * P(cluster10=0|cluster6=1) * P(cluster6=1|cluster2=0) * P(cluster2=0|cluster3=0) * P(cluster3=0|cluster8=0)[0.0032768]=0.00262144
binkey=192 [Edge status: 0 0 0 0 0 0 1 1 ] P(G)=P(cluster8=0)[0.8] * P(cluster1=0|cluster2=0) * P(cluster9=0|cluster6=0) * P(cluster7=1|cluster10=1) * P(cluster10=1|cluster6=0) * P(cluster6=0|cluster2=0) * P(cluster2=0|cluster3=0) * P(cluster3=0|cluster8=0)[0.0524288]=0.041943
binkey=160 [Edge status: 0 0 0 0 0 1 0 1 ] P(G)=P(cluster8=0)[0.8] * P(cluster1=0|cluster2=0) * P(cluster9=1|cluster6=0) * P(cluster7=1|cluster10=0) * P(cluster10=0|cluster6=0) * P(cluster6=0|cluster2=0) * P(cluster2=0|cluster3=0) * P(cluster3=0|cluster8=0)[0.0131072]=0.0104858
binkey=224 [Edge status: 0 0 0 0 0 1 1 1 ] P(G)=P(cluster8=0)[0.8] * P(cluster1=0|cluster2=0) * P(cluster9=1|cluster6=0) * P(cluster7=1|cluster10=1) * P(cluster10=1|cluster6=0) * P(cluster6=0|cluster2=0) * P(cluster2=0|cluster3=0) * P(cluster3=0|cluster8=0)[0.0131072]=0.0104858
binkey=240 [Edge status: 0 0 0 0 1 1 1 1 ] P(G)=P(cluster8=0)[0.8] * P(cluster1=0|cluster2=0) * P(cluster9=1|cluster6=1) * P(cluster7=1|cluster10=1) * P(cluster10=1|cluster6=1) * P(cluster6=1|cluster2=0) * P(cluster2=0|cluster3=0) * P(cluster3=0|cluster8=0)[0.0524288]=0.041943
binkey=136 [Edge status: 0 0 0 1 0 0 0 1 ] P(G)=P(cluster8=0)[0.8] * P(cluster1=1|cluster2=0) * P(cluster9=0|cluster6=0) * P(cluster7=1|cluster10=0) * P(cluster10=0|cluster6=0) * P(cluster6=0|cluster2=0) * P(cluster2=0|cluster3=0) * P(cluster3=0|cluster8=0)[0.0131072]=0.0104858
binkey=3 [Edge status: 1 1 0 0 0 0 0 0 ] P(G)=P(cluster8=1)[0.2] * P(cluster1=0|cluster2=0) * P(cluster9=0|cluster6=0) * P(cluster7=0|cluster10=0) * P(cluster10=0|cluster6=0) * P(cluster6=0|cluster2=0) * P(cluster2=0|cluster3=1) * P(cluster3=1|cluster8=1)[0.0524288]=0.0104858
binkey=200 [Edge status: 0 0 0 1 0 0 1 1 ] P(G)=P(cluster8=0)[0.8] * P(cluster1=1|cluster2=0) * P(cluster9=0|cluster6=0) * P(cluster7=1|cluster10=1) * P(cluster10=1|cluster6=0) * P(cluster6=0|cluster2=0) * P(cluster2=0|cluster3=0) * P(cluster3=0|cluster8=0)[0.0131072]=0.0104858
binkey=7 [Edge status: 1 1 1 0 0 0 0 0 ] P(G)=P(cluster8=1)[0.2] * P(cluster1=0|cluster2=1) * P(cluster9=0|cluster6=0) * P(cluster7=0|cluster10=0) * P(cluster10=0|cluster6=0) * P(cluster6=0|cluster2=1) * P(cluster2=1|cluster3=1) * P(cluster3=1|cluster8=1)[0.0131072]=0.00262144
binkey=168 [Edge status: 0 0 0 1 0 1 0 1 ] P(G)=P(cluster8=0)[0.8] * P(cluster1=1|cluster2=0) * P(cluster9=1|cluster6=0) * P(cluster7=1|cluster10=0) * P(cluster10=0|cluster6=0) * P(cluster6=0|cluster2=0) * P(cluster2=0|cluster3=0) * P(cluster3=0|cluster8=0)[0.0032768]=0.00262144
binkey=55 [Edge status: 1 1 1 0 1 1 0 0 ] P(G)=P(cluster8=1)[0.2] * P(cluster1=0|cluster2=1) * P(cluster9=1|cluster6=1) * P(cluster7=0|cluster10=0) * P(cluster10=0|cluster6=1) * P(cluster6=1|cluster2=1) * P(cluster2=1|cluster3=1) * P(cluster3=1|cluster8=1)[0.0131072]=0.00262144
binkey=23 [Edge status: 1 1 1 0 1 0 0 0 ] P(G)=P(cluster8=1)[0.2] * P(cluster1=0|cluster2=1) * P(cluster9=0|cluster6=1) * P(cluster7=0|cluster10=0) * P(cluster10=0|cluster6=1) * P(cluster6=1|cluster2=1) * P(cluster2=1|cluster3=1) * P(cluster3=1|cluster8=1)[0.0032768]=0.00065536
binkey=232 [Edge status: 0 0 0 1 0 1 1 1 ] P(G)=P(cluster8=0)[0.8] * P(cluster1=1|cluster2=0) * P(cluster9=1|cluster6=0) * P(cluster7=1|cluster10=1) * P(cluster10=1|cluster6=0) * P(cluster6=0|cluster2=0) * P(cluster2=0|cluster3=0) * P(cluster3=0|cluster8=0)[0.0032768]=0.00262144
binkey=248 [Edge status: 0 0 0 1 1 1 1 1 ] P(G)=P(cluster8=0)[0.8] * P(cluster1=1|cluster2=0) * P(cluster9=1|cluster6=1) * P(cluster7=1|cluster10=1) * P(cluster10=1|cluster6=1) * P(cluster6=1|cluster2=0) * P(cluster2=0|cluster3=0) * P(cluster3=0|cluster8=0)[0.0131072]=0.0104858
binkey=252 [Edge status: 0 0 1 1 1 1 1 1 ] P(G)=P(cluster8=0)[0.8] * P(cluster1=1|cluster2=1) * P(cluster9=1|cluster6=1) * P(cluster7=1|cluster10=1) * P(cluster10=1|cluster6=1) * P(cluster6=1|cluster2=1) * P(cluster2=1|cluster3=0) * P(cluster3=0|cluster8=0)[0.0524288]=0.041943
binkey=254 [Edge status: 0 1 1 1 1 1 1 1 ] P(G)=P(cluster8=0)[0.8] * P(cluster1=1|cluster2=1) * P(cluster9=1|cluster6=1) * P(cluster7=1|cluster10=1) * P(cluster10=1|cluster6=1) * P(cluster6=1|cluster2=1) * P(cluster2=1|cluster3=1) * P(cluster3=1|cluster8=0)[0.0524288]=0.041943
binkey=255 [Edge status: 1 1 1 1 1 1 1 1 ] P(G)=P(cluster8=1)[0.2] * P(cluster1=1|cluster2=1) * P(cluster9=1|cluster6=1) * P(cluster7=1|cluster10=1) * P(cluster10=1|cluster6=1) * P(cluster6=1|cluster2=1) * P(cluster2=1|cluster3=1) * P(cluster3=1|cluster8=1)[0.209715]=0.041943
binkey=127 [Edge status: 1 1 1 1 1 1 1 0 ] P(G)=P(cluster8=1)[0.2] * P(cluster1=1|cluster2=1) * P(cluster9=1|cluster6=1) * P(cluster7=0|cluster10=1) * P(cluster10=1|cluster6=1) * P(cluster6=1|cluster2=1) * P(cluster2=1|cluster3=1) * P(cluster3=1|cluster8=1)[0.0524288]=0.0104858
binkey=223 [Edge status: 1 1 1 1 1 0 1 1 ] P(G)=P(cluster8=1)[0.2] * P(cluster1=1|cluster2=1) * P(cluster9=0|cluster6=1) * P(cluster7=1|cluster10=1) * P(cluster10=1|cluster6=1) * P(cluster6=1|cluster2=1) * P(cluster2=1|cluster3=1) * P(cluster3=1|cluster8=1)[0.0524288]=0.0104858
binkey=95 [Edge status: 1 1 1 1 1 0 1 0 ] P(G)=P(cluster8=1)[0.2] * P(cluster1=1|cluster2=1) * P(cluster9=0|cluster6=1) * P(cluster7=0|cluster10=1) * P(cluster10=1|cluster6=1) * P(cluster6=1|cluster2=1) * P(cluster2=1|cluster3=1) * P(cluster3=1|cluster8=1)[0.0131072]=0.00262144
binkey=247 [Edge status: 1 1 1 0 1 1 1 1 ] P(G)=P(cluster8=1)[0.2] * P(cluster1=0|cluster2=1) * P(cluster9=1|cluster6=1) * P(cluster7=1|cluster10=1) * P(cluster10=1|cluster6=1) * P(cluster6=1|cluster2=1) * P(cluster2=1|cluster3=1) * P(cluster3=1|cluster8=1)[0.0524288]=0.0104858
binkey=119 [Edge status: 1 1 1 0 1 1 1 0 ] P(G)=P(cluster8=1)[0.2] * P(cluster1=0|cluster2=1) * P(cluster9=1|cluster6=1) * P(cluster7=0|cluster10=1) * P(cluster10=1|cluster6=1) * P(cluster6=1|cluster2=1) * P(cluster2=1|cluster3=1) * P(cluster3=1|cluster8=1)[0.0131072]=0.00262144
binkey=215 [Edge status: 1 1 1 0 1 0 1 1 ] P(G)=P(cluster8=1)[0.2] * P(cluster1=0|cluster2=1) * P(cluster9=0|cluster6=1) * P(cluster7=1|cluster10=1) * P(cluster10=1|cluster6=1) * P(cluster6=1|cluster2=1) * P(cluster2=1|cluster3=1) * P(cluster3=1|cluster8=1)[0.0131072]=0.00262144
binkey=87 [Edge status: 1 1 1 0 1 0 1 0 ] P(G)=P(cluster8=1)[0.2] * P(cluster1=0|cluster2=1) * P(cluster9=0|cluster6=1) * P(cluster7=0|cluster10=1) * P(cluster10=1|cluster6=1) * P(cluster6=1|cluster2=1) * P(cluster2=1|cluster3=1) * P(cluster3=1|cluster8=1)[0.0032768]=0.00065536
binkey=63 [Edge status: 1 1 1 1 1 1 0 0 ] P(G)=P(cluster8=1)[0.2] * P(cluster1=1|cluster2=1) * P(cluster9=1|cluster6=1) * P(cluster7=0|cluster10=0) * P(cluster10=0|cluster6=1) * P(cluster6=1|cluster2=1) * P(cluster2=1|cluster3=1) * P(cluster3=1|cluster8=1)[0.0524288]=0.0104858
binkey=31 [Edge status: 1 1 1 1 1 0 0 0 ] P(G)=P(cluster8=1)[0.2] * P(cluster1=1|cluster2=1) * P(cluster9=0|cluster6=1) * P(cluster7=0|cluster10=0) * P(cluster10=0|cluster6=1) * P(cluster6=1|cluster2=1) * P(cluster2=1|cluster3=1) * P(cluster3=1|cluster8=1)[0.0131072]=0.00262144
binkey=15 [Edge status: 1 1 1 1 0 0 0 0 ] P(G)=P(cluster8=1)[0.2] * P(cluster1=1|cluster2=1) * P(cluster9=0|cluster6=0) * P(cluster7=0|cluster10=0) * P(cluster10=0|cluster6=0) * P(cluster6=0|cluster2=1) * P(cluster2=1|cluster3=1) * P(cluster3=1|cluster8=1)[0.0524288]=0.0104858
ITERATION 0 newScore=-2.75096e+06 diffscore=21443.5 priorChange=-112.29 successMove=57
ITERATION 1 newScore=-2.74599e+06 diffscore=4964.02 priorChange=-110.904 successMove=53
ITERATION 2 newScore=-2.739e+06 diffscore=6990.81 priorChange=-105.358 successMove=51
ITERATION 3 newScore=-2.73438e+06 diffscore=4619.76 priorChange=-119.221 successMove=51
ITERATION 4 newScore=-2.72607e+06 diffscore=8312.1 priorChange=-117.835 successMove=51
ITERATION 5 newScore=-2.72159e+06 diffscore=4485.09 priorChange=-119.221 successMove=50
ITERATION 6 newScore=-2.71539e+06 diffscore=6194.2 priorChange=-109.517 successMove=59
ITERATION 7 newScore=-2.71117e+06 diffscore=4220.23 priorChange=-113.676 successMove=52
ITERATION 8 newScore=-2.70733e+06 diffscore=3846.13 priorChange=-112.29 successMove=51
ITERATION 9 newScore=-2.70372e+06 diffscore=3605.28 priorChange=-121.994 successMove=51
ITERATION 10 newScore=-2.69891e+06 diffscore=4812.13 priorChange=-124.766 successMove=50
ITERATION 11 newScore=-2.69138e+06 diffscore=7525.68 priorChange=-127.539 successMove=53
ITERATION 12 newScore=-2.69062e+06 diffscore=764.677 priorChange=-109.517 successMove=51
ITERATION 13 newScore=-2.688e+06 diffscore=2619.62 priorChange=-131.698 successMove=51
ITERATION 14 newScore=-2.68409e+06 diffscore=3904.65 priorChange=-117.835 successMove=50
ITERATION 15 newScore=-2.68199e+06 diffscore=2100.5 priorChange=-117.835 successMove=51
ITERATION 16 newScore=-2.67892e+06 diffscore=3078.41 priorChange=-113.676 successMove=51
ITERATION 17 newScore=-2.67781e+06 diffscore=1108.32 priorChange=-121.994 successMove=54
ITERATION 18 newScore=-2.67582e+06 diffscore=1991.44 priorChange=-112.29 successMove=52
ITERATION 19 newScore=-2.67279e+06 diffscore=3023.66 priorChange=-115.062 successMove=50
ITERATION 20 newScore=-2.66958e+06 diffscore=3211.99 priorChange=-110.904 successMove=52
ITERATION 21 newScore=-2.66461e+06 diffscore=4967.21 priorChange=-97.0406 successMove=49
ITERATION 22 newScore=-2.66264e+06 diffscore=1968.68 priorChange=-124.766 successMove=49
ITERATION 23 newScore=-2.66143e+06 diffscore=1217.39 priorChange=-119.221 successMove=50
ITERATION 24 newScore=-2.65936e+06 diffscore=2064.5 priorChange=-108.131 successMove=50
ITERATION 25 newScore=-2.6581e+06 diffscore=1263.84 priorChange=-95.6543 successMove=47
ITERATION 26 newScore=-2.65695e+06 diffscore=1144.46 priorChange=-115.062 successMove=47
ITERATION 27 newScore=-2.65646e+06 diffscore=491.519 priorChange=-106.745 successMove=49
ITERATION 28 newScore=-2.65336e+06 diffscore=3106.14 priorChange=-98.4269 successMove=47
ITERATION 29 newScore=-2.6529e+06 diffscore=457.912 priorChange=-121.994 successMove=48
ITERATION 30 newScore=-2.65058e+06 diffscore=2319.35 priorChange=-102.586 successMove=48
ITERATION 31 newScore=-2.65006e+06 diffscore=523.067 priorChange=-101.199 successMove=46
ITERATION 32 newScore=-2.64749e+06 diffscore=2564.36 priorChange=-112.29 successMove=46
ITERATION 33 newScore=-2.64678e+06 diffscore=709.085 priorChange=-105.358 successMove=47
ITERATION 34 newScore=-2.6462e+06 diffscore=584.215 priorChange=-92.8817 successMove=48
ITERATION 35 newScore=-2.6451e+06 diffscore=1096.31 priorChange=-112.29 successMove=46
ITERATION 36 newScore=-2.64218e+06 diffscore=2917.47 priorChange=-101.199 successMove=47
ITERATION 37 newScore=-2.64004e+06 diffscore=2149.39 priorChange=-106.745 successMove=46
ITERATION 38 newScore=-2.63965e+06 diffscore=381.435 priorChange=-99.8132 successMove=45
ITERATION 39 newScore=-2.63691e+06 diffscore=2741.17 priorChange=-110.904 successMove=45
ITERATION 40 newScore=-2.63374e+06 diffscore=3174.37 priorChange=-109.517 successMove=45
ITERATION 41 newScore=-2.63308e+06 diffscore=659.634 priorChange=-105.358 successMove=45
ITERATION 42 newScore=-2.63084e+06 diffscore=2235.71 priorChange=-119.221 successMove=45
ITERATION 43 newScore=-2.63046e+06 diffscore=387.372 priorChange=-106.745 successMove=45
ITERATION 44 newScore=-2.63004e+06 diffscore=414.922 priorChange=-95.6543 successMove=45
ITERATION 45 newScore=-2.62848e+06 diffscore=1558.3 priorChange=-91.4954 successMove=45
ITERATION 46 newScore=-2.62656e+06 diffscore=1921.6 priorChange=-90.1091 successMove=43
ITERATION 47 newScore=-2.62627e+06 diffscore=292.319 priorChange=-102.586 successMove=43
ITERATION 48 newScore=-2.62449e+06 diffscore=1775.75 priorChange=-101.199 successMove=45
ITERATION 49 newScore=-2.62284e+06 diffscore=1655.76 priorChange=-79.0188 successMove=44
ITERATION 50 newScore=-2.62153e+06 diffscore=1309.94 priorChange=-108.131 successMove=43
ITERATION 51 newScore=-2.62019e+06 diffscore=1332.08 priorChange=-67.9284 successMove=43
ITERATION 52 newScore=-2.61999e+06 diffscore=209.484 priorChange=-102.586 successMove=44
ITERATION 53 newScore=-2.61977e+06 diffscore=216.408 priorChange=-112.29 successMove=43
ITERATION 54 newScore=-2.61956e+06 diffscore=208.662 priorChange=-85.9503 successMove=42
ITERATION 55 newScore=-2.61935e+06 diffscore=212.433 priorChange=-79.0188 successMove=39
ITERATION 56 newScore=-2.61916e+06 diffscore=184.272 priorChange=-88.7228 successMove=38
ITERATION 57 newScore=-2.61895e+06 diffscore=208.619 priorChange=-99.8132 successMove=37
ITERATION 58 newScore=-2.61873e+06 diffscore=221.036 priorChange=-77.6325 successMove=37
ITERATION 59 newScore=-2.61852e+06 diffscore=212.737 priorChange=-72.0873 successMove=34
ITERATION 60 newScore=-2.61807e+06 diffscore=452.917 priorChange=-79.0188 successMove=32
ITERATION 61 newScore=-2.61655e+06 diffscore=1516.75 priorChange=-63.7695 successMove=32
ITERATION 62 newScore=-2.61624e+06 diffscore=306.792 priorChange=-79.0188 successMove=30
ITERATION 63 newScore=-2.6159e+06 diffscore=344.418 priorChange=-65.1558 successMove=29
ITERATION 64 newScore=-2.61462e+06 diffscore=1282.15 priorChange=-66.5421 successMove=29
ITERATION 65 newScore=-2.61438e+06 diffscore=237.562 priorChange=-63.7695 successMove=29
ITERATION 66 newScore=-2.61289e+06 diffscore=1487.13 priorChange=-52.6792 successMove=25
ITERATION 67 newScore=-2.61115e+06 diffscore=1740.99 priorChange=-44.3614 successMove=24
ITERATION 68 newScore=-2.61077e+06 diffscore=382.37 priorChange=-49.9066 successMove=24
ITERATION 69 newScore=-2.60949e+06 diffscore=1277.31 priorChange=-49.9066 successMove=24
ITERATION 70 newScore=-2.60927e+06 diffscore=220.867 priorChange=-58.2244 successMove=23
ITERATION 71 newScore=-2.60621e+06 diffscore=3060.84 priorChange=-52.6792 successMove=23
ITERATION 72 newScore=-2.60615e+06 diffscore=64.2463 priorChange=-30.4985 successMove=22
ITERATION 73 newScore=-2.60607e+06 diffscore=80.4096 priorChange=-47.134 successMove=20
ITERATION 74 newScore=-2.60601e+06 diffscore=55.2919 priorChange=-33.2711 successMove=17
ITERATION 75 newScore=-2.60596e+06 diffscore=51.7684 priorChange=-27.7259 successMove=17
ITERATION 76 newScore=-2.60591e+06 diffscore=50.4582 priorChange=-29.1122 successMove=16
ITERATION 77 newScore=-2.60586e+06 diffscore=45.5164 priorChange=-27.7259 successMove=14
ITERATION 78 newScore=-2.60582e+06 diffscore=43.5277 priorChange=-27.7259 successMove=12
ITERATION 79 newScore=-2.60577e+06 diffscore=53.3736 priorChange=-27.7259 successMove=11
ITERATION 80 newScore=-2.60573e+06 diffscore=37.485 priorChange=-19.4081 successMove=11
ITERATION 81 newScore=-2.60569e+06 diffscore=43.2633 priorChange=-22.1807 successMove=10
ITERATION 82 newScore=-2.60565e+06 diffscore=36.3737 priorChange=-9.70406 successMove=10
ITERATION 83 newScore=-2.60559e+06 diffscore=56.9381 priorChange=-16.6355 successMove=10
ITERATION 84 newScore=-2.60554e+06 diffscore=50.6746 priorChange=-11.0904 successMove=10
ITERATION 85 newScore=-2.60548e+06 diffscore=58.2713 priorChange=-19.4081 successMove=10
ITERATION 86 newScore=-2.6054e+06 diffscore=79.851 priorChange=-16.6355 successMove=9
ITERATION 87 newScore=-2.6053e+06 diffscore=102.401 priorChange=-16.6355 successMove=9
ITERATION 88 newScore=-2.60509e+06 diffscore=209.177 priorChange=-11.0904 successMove=9
ITERATION 89 newScore=-2.60502e+06 diffscore=67.4075 priorChange=-15.2492 successMove=9
ITERATION 90 newScore=-2.60424e+06 diffscore=780.63 priorChange=-13.8629 successMove=9
ITERATION 91 newScore=-2.6042e+06 diffscore=44.5514 priorChange=-11.0904 successMove=9
ITERATION 92 newScore=-2.60417e+06 diffscore=30.878 priorChange=-9.70406 successMove=9
ITERATION 93 newScore=-2.60414e+06 diffscore=24.2574 priorChange=-15.2492 successMove=8
ITERATION 94 newScore=-2.60413e+06 diffscore=15.449 priorChange=-5.54518 successMove=8
ITERATION 95 newScore=-2.60412e+06 diffscore=13.3307 priorChange=-5.54518 successMove=7
ITERATION 96 newScore=-2.6041e+06 diffscore=18.657 priorChange=-8.31777 successMove=6
ITERATION 97 newScore=-2.60408e+06 diffscore=19.1251 priorChange=-9.70406 successMove=5
ITERATION 98 newScore=-2.60406e+06 diffscore=13.643 priorChange=0 successMove=5
ITERATION 99 newScore=-2.60405e+06 diffscore=16.0778 priorChange=-4.15888 successMove=5
MetaLearner::dumpAllGraphs
Final Score -2.60405e+06
MetaLearner::start runtime: 1156061151 ms
Results/
Results/cluster3/
Results/cluster3/fold0/
Results/cluster3/fold0/modelparams.txt
Results/cluster3/fold0/var_mb_pw_k50.txt
Results/cluster7/
Results/cluster7/fold0/
Results/cluster7/fold0/modelparams.txt
Results/cluster7/fold0/var_mb_pw_k50.txt
Results/cluster2/
Results/cluster2/fold0/
Results/cluster2/fold0/modelparams.txt
Results/cluster2/fold0/var_mb_pw_k50.txt
Results/cluster9/
Results/cluster9/fold0/
Results/cluster9/fold0/modelparams.txt
Results/cluster9/fold0/var_mb_pw_k50.txt
Results/cluster6/
Results/cluster6/fold0/
Results/cluster6/fold0/modelparams.txt
Results/cluster6/fold0/var_mb_pw_k50.txt
Results/cluster1/
Results/cluster1/fold0/
Results/cluster1/fold0/modelparams.txt
Results/cluster1/fold0/var_mb_pw_k50.txt
Results/cluster10/
Results/cluster10/fold0/
Results/cluster10/fold0/modelparams.txt
Results/cluster10/fold0/var_mb_pw_k50.txt
Results/cluster8/
Results/cluster8/scoreFile.txt
Results/cluster8/fold0/
Results/cluster8/fold0/modelparams.txt
Results/cluster8/fold0/var_mb_pw_k50.txt
