./CVN -f config_condor.txt -x50 -v1 -l TFs_OGs.txt -n AllGenes175.txt -d celltype_tree_ancestor.txt -m testdata_ogids.txt -s celltype_order.txt -p 0.2 -c yes -b -4 -q 4
(cluster3|cluster8) p_maintain_edge=0.8 p_gain=0.2
(cluster2|cluster3) p_maintain_edge=0.8 p_gain=0.2
(cluster1|cluster2) p_maintain_edge=0.8 p_gain=0.2
(cluster6|cluster2) p_maintain_edge=0.8 p_gain=0.2
(cluster9|cluster6) p_maintain_edge=0.8 p_gain=0.2
(cluster10|cluster6) p_maintain_edge=0.8 p_gain=0.2
(cluster7|cluster10) p_maintain_edge=0.8 p_gain=0.2
speciesSet.size()=8 Root is cluster8
MappedOrthogroupReader::readSpeciesMapping() --- celltype_order.txt
MappedOrthogroupReader::readFile - testdata_ogids.txt
MappedOrthogroupReader::generateGeneOrthoMap()
MetaLearner::init_onefold() read:config_condor.txt
MetaLearner::setinputVariableNames number of variables: 2042
readEvidenceTable:cluster8.table
PotentialManager::loadEvidenceFromTable varCount=2042 sampleCount=348
motifNetwork.size() = 319
0=cluster8 motifNetwork=cluster8_network.txt
variable size=2042
readEvidenceTable:cluster3.table
PotentialManager::loadEvidenceFromTable varCount=2042 sampleCount=95
motifNetwork.size() = 326
1=cluster3 motifNetwork=cluster3_network.txt
variable size=2042
readEvidenceTable:cluster2.table
PotentialManager::loadEvidenceFromTable varCount=2042 sampleCount=386
motifNetwork.size() = 328
2=cluster2 motifNetwork=cluster2_network.txt
variable size=2042
readEvidenceTable:cluster1.table
PotentialManager::loadEvidenceFromTable varCount=2042 sampleCount=36
motifNetwork.size() = 322
3=cluster1 motifNetwork=cluster1_network.txt
variable size=2042
readEvidenceTable:cluster6.table
PotentialManager::loadEvidenceFromTable varCount=2042 sampleCount=524
motifNetwork.size() = 320
4=cluster6 motifNetwork=cluster6_network.txt
variable size=2042
readEvidenceTable:cluster9.table
PotentialManager::loadEvidenceFromTable varCount=2042 sampleCount=184
motifNetwork.size() = 327
5=cluster9 motifNetwork=cluster9_network.txt
variable size=2042
readEvidenceTable:cluster10.table
PotentialManager::loadEvidenceFromTable varCount=2042 sampleCount=165
motifNetwork.size() = 326
6=cluster10 motifNetwork=cluster10_network.txt
variable size=2042
readEvidenceTable:cluster7.table
PotentialManager::loadEvidenceFromTable varCount=2042 sampleCount=1032
motifNetwork.size() = 320
7=cluster7 motifNetwork=cluster7_network.txt
variable size=2042
-------------------------------------------------------------
MetaLearner::start
precomputeEmptyGraphPrior
binkey=0 [Edge status: 0 0 0 0 0 0 0 0 ] P(G)=P(cluster8=0)[0.8] * P(cluster1=0|cluster2=0) * P(cluster9=0|cluster6=0) * P(cluster7=0|cluster10=0) * P(cluster10=0|cluster6=0) * P(cluster6=0|cluster2=0) * P(cluster2=0|cluster3=0) * P(cluster3=0|cluster8=0)[0.209715]=0.167772
condsetMap_Tree
0 cluster8=0 cluster3=0 cluster2=0 cluster1=0 cluster6=0 cluster9=0 cluster10=0 cluster7=1
1 cluster8=0 cluster3=0 cluster2=0 cluster1=0 cluster6=0 cluster9=1 cluster10=0 cluster7=0
2 cluster8=0 cluster3=0 cluster2=0 cluster1=0 cluster6=0 cluster9=1 cluster10=0 cluster7=1
3 cluster8=0 cluster3=0 cluster2=0 cluster1=1 cluster6=0 cluster9=0 cluster10=0 cluster7=0
4 cluster8=0 cluster3=0 cluster2=0 cluster1=1 cluster6=0 cluster9=0 cluster10=0 cluster7=1
5 cluster8=0 cluster3=0 cluster2=0 cluster1=1 cluster6=0 cluster9=1 cluster10=0 cluster7=0
6 cluster8=0 cluster3=0 cluster2=0 cluster1=1 cluster6=0 cluster9=1 cluster10=0 cluster7=1
7 cluster8=0 cluster3=0 cluster2=0 cluster1=0 cluster6=0 cluster9=0 cluster10=1 cluster7=1
8 cluster8=0 cluster3=0 cluster2=0 cluster1=0 cluster6=0 cluster9=1 cluster10=1 cluster7=1
9 cluster8=0 cluster3=0 cluster2=0 cluster1=1 cluster6=0 cluster9=0 cluster10=1 cluster7=1
10 cluster8=0 cluster3=0 cluster2=0 cluster1=1 cluster6=0 cluster9=1 cluster10=1 cluster7=1
11 cluster8=0 cluster3=0 cluster2=0 cluster1=0 cluster6=1 cluster9=1 cluster10=1 cluster7=1
12 cluster8=0 cluster3=0 cluster2=0 cluster1=1 cluster6=1 cluster9=1 cluster10=1 cluster7=1
13 cluster8=0 cluster3=0 cluster2=1 cluster1=1 cluster6=1 cluster9=1 cluster10=1 cluster7=1
14 cluster8=0 cluster3=1 cluster2=1 cluster1=1 cluster6=1 cluster9=1 cluster10=1 cluster7=1
15 cluster8=1 cluster3=1 cluster2=1 cluster1=1 cluster6=1 cluster9=1 cluster10=1 cluster7=1
16 cluster8=1 cluster3=1 cluster2=1 cluster1=1 cluster6=1 cluster9=1 cluster10=1 cluster7=0
17 cluster8=1 cluster3=1 cluster2=1 cluster1=1 cluster6=1 cluster9=0 cluster10=1 cluster7=1
18 cluster8=1 cluster3=1 cluster2=1 cluster1=1 cluster6=1 cluster9=0 cluster10=1 cluster7=0
19 cluster8=1 cluster3=1 cluster2=1 cluster1=0 cluster6=1 cluster9=1 cluster10=1 cluster7=1
20 cluster8=1 cluster3=1 cluster2=1 cluster1=0 cluster6=1 cluster9=1 cluster10=1 cluster7=0
21 cluster8=1 cluster3=1 cluster2=1 cluster1=0 cluster6=1 cluster9=0 cluster10=1 cluster7=1
22 cluster8=1 cluster3=1 cluster2=1 cluster1=0 cluster6=1 cluster9=0 cluster10=1 cluster7=0
23 cluster8=1 cluster3=1 cluster2=1 cluster1=1 cluster6=1 cluster9=1 cluster10=0 cluster7=0
24 cluster8=1 cluster3=1 cluster2=1 cluster1=1 cluster6=1 cluster9=0 cluster10=0 cluster7=0
25 cluster8=1 cluster3=1 cluster2=1 cluster1=0 cluster6=1 cluster9=1 cluster10=0 cluster7=0
26 cluster8=1 cluster3=1 cluster2=1 cluster1=0 cluster6=1 cluster9=0 cluster10=0 cluster7=0
27 cluster8=1 cluster3=1 cluster2=1 cluster1=1 cluster6=0 cluster9=0 cluster10=0 cluster7=0
28 cluster8=1 cluster3=1 cluster2=1 cluster1=0 cluster6=0 cluster9=0 cluster10=0 cluster7=0
29 cluster8=1 cluster3=1 cluster2=0 cluster1=0 cluster6=0 cluster9=0 cluster10=0 cluster7=0
30 cluster8=1 cluster3=0 cluster2=0 cluster1=0 cluster6=0 cluster9=0 cluster10=0 cluster7=0
31 cluster8=0 cluster3=0 cluster2=0 cluster1=0 cluster6=1 cluster9=0 cluster10=0 cluster7=0
32 cluster8=0 cluster3=0 cluster2=1 cluster1=0 cluster6=0 cluster9=0 cluster10=0 cluster7=0
33 cluster8=0 cluster3=0 cluster2=0 cluster1=0 cluster6=0 cluster9=0 cluster10=1 cluster7=0
34 cluster8=0 cluster3=1 cluster2=0 cluster1=0 cluster6=0 cluster9=0 cluster10=0 cluster7=0
inputRegulatorOGs.size() = 1999 inputOGList.size() = 50
binkey=128 [Edge status: 0 0 0 0 0 0 0 1 ] P(G)=P(cluster8=0)[0.8] * P(cluster1=0|cluster2=0) * P(cluster9=0|cluster6=0) * P(cluster7=1|cluster10=0) * P(cluster10=0|cluster6=0) * P(cluster6=0|cluster2=0) * P(cluster2=0|cluster3=0) * P(cluster3=0|cluster8=0)[0.0524288]=0.041943
binkey=8 [Edge status: 0 0 0 1 0 0 0 0 ] P(G)=P(cluster8=0)[0.8] * P(cluster1=1|cluster2=0) * P(cluster9=0|cluster6=0) * P(cluster7=0|cluster10=0) * P(cluster10=0|cluster6=0) * P(cluster6=0|cluster2=0) * P(cluster2=0|cluster3=0) * P(cluster3=0|cluster8=0)[0.0524288]=0.041943
binkey=1 [Edge status: 1 0 0 0 0 0 0 0 ] P(G)=P(cluster8=1)[0.2] * P(cluster1=0|cluster2=0) * P(cluster9=0|cluster6=0) * P(cluster7=0|cluster10=0) * P(cluster10=0|cluster6=0) * P(cluster6=0|cluster2=0) * P(cluster2=0|cluster3=0) * P(cluster3=0|cluster8=1)[0.0524288]=0.0104858
binkey=2 [Edge status: 0 1 0 0 0 0 0 0 ] P(G)=P(cluster8=0)[0.8] * P(cluster1=0|cluster2=0) * P(cluster9=0|cluster6=0) * P(cluster7=0|cluster10=0) * P(cluster10=0|cluster6=0) * P(cluster6=0|cluster2=0) * P(cluster2=0|cluster3=1) * P(cluster3=1|cluster8=0)[0.0131072]=0.0104858
binkey=64 [Edge status: 0 0 0 0 0 0 1 0 ] P(G)=P(cluster8=0)[0.8] * P(cluster1=0|cluster2=0) * P(cluster9=0|cluster6=0) * P(cluster7=0|cluster10=1) * P(cluster10=1|cluster6=0) * P(cluster6=0|cluster2=0) * P(cluster2=0|cluster3=0) * P(cluster3=0|cluster8=0)[0.0131072]=0.0104858
binkey=16 [Edge status: 0 0 0 0 1 0 0 0 ] P(G)=P(cluster8=0)[0.8] * P(cluster1=0|cluster2=0) * P(cluster9=0|cluster6=1) * P(cluster7=0|cluster10=0) * P(cluster10=0|cluster6=1) * P(cluster6=1|cluster2=0) * P(cluster2=0|cluster3=0) * P(cluster3=0|cluster8=0)[0.0032768]=0.00262144
binkey=4 [Edge status: 0 0 1 0 0 0 0 0 ] P(G)=P(cluster8=0)[0.8] * P(cluster1=0|cluster2=1) * P(cluster9=0|cluster6=0) * P(cluster7=0|cluster10=0) * P(cluster10=0|cluster6=0) * P(cluster6=0|cluster2=1) * P(cluster2=1|cluster3=0) * P(cluster3=0|cluster8=0)[0.0032768]=0.00262144
binkey=32 [Edge status: 0 0 0 0 0 1 0 0 ] P(G)=P(cluster8=0)[0.8] * P(cluster1=0|cluster2=0) * P(cluster9=1|cluster6=0) * P(cluster7=0|cluster10=0) * P(cluster10=0|cluster6=0) * P(cluster6=0|cluster2=0) * P(cluster2=0|cluster3=0) * P(cluster3=0|cluster8=0)[0.0524288]=0.041943
binkey=160 [Edge status: 0 0 0 0 0 1 0 1 ] P(G)=P(cluster8=0)[0.8] * P(cluster1=0|cluster2=0) * P(cluster9=1|cluster6=0) * P(cluster7=1|cluster10=0) * P(cluster10=0|cluster6=0) * P(cluster6=0|cluster2=0) * P(cluster2=0|cluster3=0) * P(cluster3=0|cluster8=0)[0.0131072]=0.0104858
binkey=136 [Edge status: 0 0 0 1 0 0 0 1 ] P(G)=P(cluster8=0)[0.8] * P(cluster1=1|cluster2=0) * P(cluster9=0|cluster6=0) * P(cluster7=1|cluster10=0) * P(cluster10=0|cluster6=0) * P(cluster6=0|cluster2=0) * P(cluster2=0|cluster3=0) * P(cluster3=0|cluster8=0)[0.0131072]=0.0104858
binkey=40 [Edge status: 0 0 0 1 0 1 0 0 ] P(G)=P(cluster8=0)[0.8] * P(cluster1=1|cluster2=0) * P(cluster9=1|cluster6=0) * P(cluster7=0|cluster10=0) * P(cluster10=0|cluster6=0) * P(cluster6=0|cluster2=0) * P(cluster2=0|cluster3=0) * P(cluster3=0|cluster8=0)[0.0131072]=0.0104858
binkey=168 [Edge status: 0 0 0 1 0 1 0 1 ] P(G)=P(cluster8=0)[0.8] * P(cluster1=1|cluster2=0) * P(cluster9=1|cluster6=0) * P(cluster7=1|cluster10=0) * P(cluster10=0|cluster6=0) * P(cluster6=0|cluster2=0) * P(cluster2=0|cluster3=0) * P(cluster3=0|cluster8=0)[0.0032768]=0.00262144
binkey=192 [Edge status: 0 0 0 0 0 0 1 1 ] P(G)=P(cluster8=0)[0.8] * P(cluster1=0|cluster2=0) * P(cluster9=0|cluster6=0) * P(cluster7=1|cluster10=1) * P(cluster10=1|cluster6=0) * P(cluster6=0|cluster2=0) * P(cluster2=0|cluster3=0) * P(cluster3=0|cluster8=0)[0.0524288]=0.041943
binkey=224 [Edge status: 0 0 0 0 0 1 1 1 ] P(G)=P(cluster8=0)[0.8] * P(cluster1=0|cluster2=0) * P(cluster9=1|cluster6=0) * P(cluster7=1|cluster10=1) * P(cluster10=1|cluster6=0) * P(cluster6=0|cluster2=0) * P(cluster2=0|cluster3=0) * P(cluster3=0|cluster8=0)[0.0131072]=0.0104858
binkey=200 [Edge status: 0 0 0 1 0 0 1 1 ] P(G)=P(cluster8=0)[0.8] * P(cluster1=1|cluster2=0) * P(cluster9=0|cluster6=0) * P(cluster7=1|cluster10=1) * P(cluster10=1|cluster6=0) * P(cluster6=0|cluster2=0) * P(cluster2=0|cluster3=0) * P(cluster3=0|cluster8=0)[0.0131072]=0.0104858
binkey=232 [Edge status: 0 0 0 1 0 1 1 1 ] P(G)=P(cluster8=0)[0.8] * P(cluster1=1|cluster2=0) * P(cluster9=1|cluster6=0) * P(cluster7=1|cluster10=1) * P(cluster10=1|cluster6=0) * P(cluster6=0|cluster2=0) * P(cluster2=0|cluster3=0) * P(cluster3=0|cluster8=0)[0.0032768]=0.00262144
binkey=3 [Edge status: 1 1 0 0 0 0 0 0 ] P(G)=P(cluster8=1)[0.2] * P(cluster1=0|cluster2=0) * P(cluster9=0|cluster6=0) * P(cluster7=0|cluster10=0) * P(cluster10=0|cluster6=0) * P(cluster6=0|cluster2=0) * P(cluster2=0|cluster3=1) * P(cluster3=1|cluster8=1)[0.0524288]=0.0104858
binkey=240 [Edge status: 0 0 0 0 1 1 1 1 ] P(G)=P(cluster8=0)[0.8] * P(cluster1=0|cluster2=0) * P(cluster9=1|cluster6=1) * P(cluster7=1|cluster10=1) * P(cluster10=1|cluster6=1) * P(cluster6=1|cluster2=0) * P(cluster2=0|cluster3=0) * P(cluster3=0|cluster8=0)[0.0524288]=0.041943
binkey=23 [Edge status: 1 1 1 0 1 0 0 0 ] P(G)=P(cluster8=1)[0.2] * P(cluster1=0|cluster2=1) * P(cluster9=0|cluster6=1) * P(cluster7=0|cluster10=0) * P(cluster10=0|cluster6=1) * P(cluster6=1|cluster2=1) * P(cluster2=1|cluster3=1) * P(cluster3=1|cluster8=1)[0.0032768]=0.00065536
binkey=7 [Edge status: 1 1 1 0 0 0 0 0 ] P(G)=P(cluster8=1)[0.2] * P(cluster1=0|cluster2=1) * P(cluster9=0|cluster6=0) * P(cluster7=0|cluster10=0) * P(cluster10=0|cluster6=0) * P(cluster6=0|cluster2=1) * P(cluster2=1|cluster3=1) * P(cluster3=1|cluster8=1)[0.0131072]=0.00262144
binkey=248 [Edge status: 0 0 0 1 1 1 1 1 ] P(G)=P(cluster8=0)[0.8] * P(cluster1=1|cluster2=0) * P(cluster9=1|cluster6=1) * P(cluster7=1|cluster10=1) * P(cluster10=1|cluster6=1) * P(cluster6=1|cluster2=0) * P(cluster2=0|cluster3=0) * P(cluster3=0|cluster8=0)[0.0131072]=0.0104858
ITERATION 0 newScore=-2.67589e+06 diffscore=17701.9 priorChange=-102.586 successMove=55
ITERATION 1 newScore=-2.66917e+06 diffscore=6721.24 priorChange=-126.153 successMove=53
ITERATION 2 newScore=-2.66531e+06 diffscore=3859.57 priorChange=-112.29 successMove=51
binkey=87 [Edge status: 1 1 1 0 1 0 1 0 ] P(G)=P(cluster8=1)[0.2] * P(cluster1=0|cluster2=1) * P(cluster9=0|cluster6=1) * P(cluster7=0|cluster10=1) * P(cluster10=1|cluster6=1) * P(cluster6=1|cluster2=1) * P(cluster2=1|cluster3=1) * P(cluster3=1|cluster8=1)[0.0032768]=0.00065536
ITERATION 3 newScore=-2.66242e+06 diffscore=2888.69 priorChange=-120.608 successMove=53
ITERATION 4 newScore=-2.65876e+06 diffscore=3659.73 priorChange=-121.994 successMove=52
ITERATION 5 newScore=-2.65282e+06 diffscore=5945.05 priorChange=-121.994 successMove=53
ITERATION 6 newScore=-2.64903e+06 diffscore=3790.63 priorChange=-109.517 successMove=53
ITERATION 7 newScore=-2.64517e+06 diffscore=3853.04 priorChange=-116.449 successMove=51
ITERATION 8 newScore=-2.64193e+06 diffscore=3239.79 priorChange=-123.38 successMove=54
ITERATION 9 newScore=-2.63932e+06 diffscore=2617.36 priorChange=-102.586 successMove=51
ITERATION 10 newScore=-2.63669e+06 diffscore=2626.36 priorChange=-109.517 successMove=51
ITERATION 11 newScore=-2.63476e+06 diffscore=1927.54 priorChange=-112.29 successMove=53
ITERATION 12 newScore=-2.6311e+06 diffscore=3656.75 priorChange=-116.449 successMove=53
binkey=252 [Edge status: 0 0 1 1 1 1 1 1 ] P(G)=P(cluster8=0)[0.8] * P(cluster1=1|cluster2=1) * P(cluster9=1|cluster6=1) * P(cluster7=1|cluster10=1) * P(cluster10=1|cluster6=1) * P(cluster6=1|cluster2=1) * P(cluster2=1|cluster3=0) * P(cluster3=0|cluster8=0)[0.0524288]=0.041943
ITERATION 13 newScore=-2.62933e+06 diffscore=1771.41 priorChange=-113.676 successMove=54
ITERATION 14 newScore=-2.62713e+06 diffscore=2204.46 priorChange=-130.312 successMove=55
ITERATION 15 newScore=-2.62547e+06 diffscore=1662.45 priorChange=-112.29 successMove=50
ITERATION 16 newScore=-2.62281e+06 diffscore=2660.17 priorChange=-120.608 successMove=52
ITERATION 17 newScore=-2.62055e+06 diffscore=2259.92 priorChange=-98.4269 successMove=50
ITERATION 18 newScore=-2.61997e+06 diffscore=572.202 priorChange=-94.268 successMove=50
ITERATION 19 newScore=-2.61607e+06 diffscore=3903.83 priorChange=-106.745 successMove=49
ITERATION 20 newScore=-2.61434e+06 diffscore=1728.93 priorChange=-108.131 successMove=53
ITERATION 21 newScore=-2.61386e+06 diffscore=485.807 priorChange=-91.4954 successMove=49
ITERATION 22 newScore=-2.61331e+06 diffscore=541.111 priorChange=-99.8132 successMove=50
ITERATION 23 newScore=-2.61086e+06 diffscore=2453.11 priorChange=-77.6325 successMove=50
ITERATION 24 newScore=-2.60759e+06 diffscore=3268.41 priorChange=-91.4954 successMove=47
ITERATION 25 newScore=-2.6046e+06 diffscore=2988.13 priorChange=-92.8817 successMove=47
ITERATION 26 newScore=-2.60416e+06 diffscore=443.215 priorChange=-92.8817 successMove=47
ITERATION 27 newScore=-2.60233e+06 diffscore=1834.26 priorChange=-97.0406 successMove=50
ITERATION 28 newScore=-2.60185e+06 diffscore=480.913 priorChange=-97.0406 successMove=49
ITERATION 29 newScore=-2.60115e+06 diffscore=699.928 priorChange=-87.3365 successMove=47
ITERATION 30 newScore=-2.59793e+06 diffscore=3216.37 priorChange=-90.1091 successMove=48
ITERATION 31 newScore=-2.59718e+06 diffscore=749.886 priorChange=-79.0188 successMove=46
ITERATION 32 newScore=-2.59532e+06 diffscore=1863.47 priorChange=-98.4269 successMove=46
ITERATION 33 newScore=-2.59487e+06 diffscore=446.232 priorChange=-95.6543 successMove=45
ITERATION 34 newScore=-2.59255e+06 diffscore=2320.59 priorChange=-92.8817 successMove=45
ITERATION 35 newScore=-2.59216e+06 diffscore=394.23 priorChange=-102.586 successMove=45
ITERATION 36 newScore=-2.59104e+06 diffscore=1115.16 priorChange=-88.7228 successMove=47
ITERATION 37 newScore=-2.59054e+06 diffscore=505.253 priorChange=-90.1091 successMove=46
ITERATION 38 newScore=-2.58775e+06 diffscore=2780.24 priorChange=-90.1091 successMove=44
ITERATION 39 newScore=-2.58735e+06 diffscore=400.019 priorChange=-88.7228 successMove=43
ITERATION 40 newScore=-2.58689e+06 diffscore=463.729 priorChange=-84.564 successMove=42
ITERATION 41 newScore=-2.58644e+06 diffscore=449.95 priorChange=-80.4051 successMove=42
ITERATION 42 newScore=-2.58293e+06 diffscore=3507.78 priorChange=-77.6325 successMove=42
ITERATION 43 newScore=-2.58128e+06 diffscore=1652.85 priorChange=-84.564 successMove=42
ITERATION 44 newScore=-2.57989e+06 diffscore=1393.38 priorChange=-97.0406 successMove=41
ITERATION 45 newScore=-2.57837e+06 diffscore=1516.24 priorChange=-83.1777 successMove=41
ITERATION 46 newScore=-2.57805e+06 diffscore=321.721 priorChange=-87.3365 successMove=41
ITERATION 47 newScore=-2.57647e+06 diffscore=1575.8 priorChange=-88.7228 successMove=43
ITERATION 48 newScore=-2.57594e+06 diffscore=534.686 priorChange=-80.4051 successMove=39
ITERATION 49 newScore=-2.57487e+06 diffscore=1071.96 priorChange=-69.3147 successMove=39
ITERATION 50 newScore=-2.57197e+06 diffscore=2899.77 priorChange=-81.7914 successMove=38
ITERATION 51 newScore=-2.571e+06 diffscore=971.215 priorChange=-92.8817 successMove=37
ITERATION 52 newScore=-2.57059e+06 diffscore=406.628 priorChange=-99.8132 successMove=37
ITERATION 53 newScore=-2.57034e+06 diffscore=248.99 priorChange=-85.9503 successMove=40
ITERATION 54 newScore=-2.56895e+06 diffscore=1385.99 priorChange=-69.3147 successMove=35
ITERATION 55 newScore=-2.56876e+06 diffscore=193.632 priorChange=-76.2462 successMove=35
ITERATION 56 newScore=-2.56735e+06 diffscore=1412.83 priorChange=-77.6325 successMove=34
ITERATION 57 newScore=-2.56475e+06 diffscore=2599.54 priorChange=-55.4518 successMove=35
ITERATION 58 newScore=-2.56456e+06 diffscore=185.184 priorChange=-74.8599 successMove=33
ITERATION 59 newScore=-2.5644e+06 diffscore=162.574 priorChange=-81.7914 successMove=33
ITERATION 60 newScore=-2.56419e+06 diffscore=214.189 priorChange=-85.9503 successMove=32
ITERATION 61 newScore=-2.564e+06 diffscore=184.548 priorChange=-70.701 successMove=30
ITERATION 62 newScore=-2.56263e+06 diffscore=1370.79 priorChange=-59.6107 successMove=30
ITERATION 63 newScore=-2.56247e+06 diffscore=158.24 priorChange=-67.9284 successMove=30
ITERATION 64 newScore=-2.56233e+06 diffscore=139.931 priorChange=-60.997 successMove=30
ITERATION 65 newScore=-2.56203e+06 diffscore=298.74 priorChange=-70.701 successMove=28
ITERATION 66 newScore=-2.56072e+06 diffscore=1318.34 priorChange=-66.5421 successMove=28
ITERATION 67 newScore=-2.5605e+06 diffscore=212.327 priorChange=-66.5421 successMove=26
ITERATION 68 newScore=-2.56027e+06 diffscore=237.689 priorChange=-54.0655 successMove=26
ITERATION 69 newScore=-2.55986e+06 diffscore=401.472 priorChange=-55.4518 successMove=24
ITERATION 70 newScore=-2.55693e+06 diffscore=2938.15 priorChange=-54.0655 successMove=24
ITERATION 71 newScore=-2.55482e+06 diffscore=2110.29 priorChange=-58.2244 successMove=25
ITERATION 72 newScore=-2.5547e+06 diffscore=113.527 priorChange=-48.5203 successMove=25
ITERATION 73 newScore=-2.55458e+06 diffscore=122.364 priorChange=-63.7695 successMove=24
ITERATION 74 newScore=-2.55439e+06 diffscore=186.145 priorChange=-49.9066 successMove=22
ITERATION 75 newScore=-2.55326e+06 diffscore=1132.37 priorChange=-44.3614 successMove=17
ITERATION 76 newScore=-2.55317e+06 diffscore=92.1871 priorChange=-33.2711 successMove=16
ITERATION 77 newScore=-2.55294e+06 diffscore=231.702 priorChange=-29.1122 successMove=16
ITERATION 78 newScore=-2.55282e+06 diffscore=114.04 priorChange=-33.2711 successMove=15
ITERATION 79 newScore=-2.55274e+06 diffscore=87.2067 priorChange=-33.2711 successMove=15
ITERATION 80 newScore=-2.55264e+06 diffscore=99.7792 priorChange=-27.7259 successMove=16
ITERATION 81 newScore=-2.55254e+06 diffscore=96.768 priorChange=-30.4985 successMove=15
ITERATION 82 newScore=-2.55124e+06 diffscore=1295.96 priorChange=-24.9533 successMove=15
ITERATION 83 newScore=-2.55114e+06 diffscore=101.19 priorChange=-23.567 successMove=14
ITERATION 84 newScore=-2.55103e+06 diffscore=112.446 priorChange=-18.0218 successMove=12
ITERATION 85 newScore=-2.55083e+06 diffscore=199.558 priorChange=-23.567 successMove=13
ITERATION 86 newScore=-2.54952e+06 diffscore=1307.73 priorChange=-29.1122 successMove=12
ITERATION 87 newScore=-2.5494e+06 diffscore=121.225 priorChange=-23.567 successMove=12
ITERATION 88 newScore=-2.54935e+06 diffscore=55.7826 priorChange=-27.7259 successMove=12
ITERATION 89 newScore=-2.54929e+06 diffscore=54.1804 priorChange=-18.0218 successMove=13
ITERATION 90 newScore=-2.54915e+06 diffscore=141.724 priorChange=-15.2492 successMove=10
ITERATION 91 newScore=-2.54908e+06 diffscore=65.7561 priorChange=-23.567 successMove=10
ITERATION 92 newScore=-2.54903e+06 diffscore=56.2001 priorChange=-18.0218 successMove=8
ITERATION 93 newScore=-2.54897e+06 diffscore=62.611 priorChange=-11.0904 successMove=8
ITERATION 94 newScore=-2.54884e+06 diffscore=123.771 priorChange=-13.8629 successMove=7
ITERATION 95 newScore=-2.54868e+06 diffscore=162.292 priorChange=-12.4766 successMove=7
ITERATION 96 newScore=-2.54858e+06 diffscore=99.5218 priorChange=-15.2492 successMove=7
ITERATION 97 newScore=-2.54693e+06 diffscore=1650.59 priorChange=-6.93147 successMove=7
ITERATION 98 newScore=-2.54686e+06 diffscore=70.9966 priorChange=-18.0218 successMove=7
ITERATION 99 newScore=-2.54676e+06 diffscore=94.5987 priorChange=-20.7944 successMove=7
MetaLearner::dumpAllGraphs
Final Score -2.54676e+06
MetaLearner::start runtime: 1471253196 ms
Results/
Results/cluster3/
Results/cluster3/fold0/
Results/cluster3/fold0/var_mb_pw_k50.txt
Results/cluster3/fold0/modelparams.txt
Results/cluster9/
Results/cluster9/fold0/
Results/cluster9/fold0/var_mb_pw_k50.txt
Results/cluster9/fold0/modelparams.txt
Results/cluster10/
Results/cluster10/fold0/
Results/cluster10/fold0/var_mb_pw_k50.txt
Results/cluster10/fold0/modelparams.txt
Results/cluster7/
Results/cluster7/fold0/
Results/cluster7/fold0/var_mb_pw_k50.txt
Results/cluster7/fold0/modelparams.txt
Results/cluster1/
Results/cluster1/fold0/
Results/cluster1/fold0/var_mb_pw_k50.txt
Results/cluster1/fold0/modelparams.txt
Results/cluster6/
Results/cluster6/fold0/
Results/cluster6/fold0/var_mb_pw_k50.txt
Results/cluster6/fold0/modelparams.txt
Results/cluster2/
Results/cluster2/fold0/
Results/cluster2/fold0/var_mb_pw_k50.txt
Results/cluster2/fold0/modelparams.txt
Results/cluster8/
Results/cluster8/scoreFile.txt
Results/cluster8/fold0/
Results/cluster8/fold0/var_mb_pw_k50.txt
Results/cluster8/fold0/modelparams.txt
