000 (49777.415.000) 10/11 10:48:08 Job submitted from host: <144.92.142.142:9618?addrs=144.92.142.142-9618&noUDP&sock=44923_051a_3>
...
001 (49777.415.000) 10/11 13:44:50 Job executing on host: <128.105.68.25:9618?addrs=128.105.68.25-9618&alias=e2455.chtc.wisc.edu&noUDP&sock=startd_4900_9227>
...
006 (49777.415.000) 10/11 13:44:59 Image size of job updated: 105420
	103  -  MemoryUsage of job (MB)
	105420  -  ResidentSetSize of job (KB)
...
006 (49777.415.000) 10/11 13:50:00 Image size of job updated: 757512
	690  -  MemoryUsage of job (MB)
	706504  -  ResidentSetSize of job (KB)
...
006 (49777.415.000) 10/11 13:55:00 Image size of job updated: 1095248
	1033  -  MemoryUsage of job (MB)
	1056964  -  ResidentSetSize of job (KB)
...
006 (49777.415.000) 10/11 14:00:00 Image size of job updated: 1680728
	1600  -  MemoryUsage of job (MB)
	1637764  -  ResidentSetSize of job (KB)
...
006 (49777.415.000) 10/11 14:05:01 Image size of job updated: 2250564
	2147  -  MemoryUsage of job (MB)
	2198368  -  ResidentSetSize of job (KB)
...
006 (49777.415.000) 10/11 14:10:01 Image size of job updated: 2796044
	2700  -  MemoryUsage of job (MB)
	2764384  -  ResidentSetSize of job (KB)
...
006 (49777.415.000) 10/11 14:11:32 Image size of job updated: 2960696
	2700  -  MemoryUsage of job (MB)
	2764384  -  ResidentSetSize of job (KB)
...
005 (49777.415.000) 10/11 14:11:32 Job terminated.
	(1) Normal termination (return value 0)
		Usr 0 00:26:31, Sys 0 00:00:05  -  Run Remote Usage
		Usr 0 00:00:00, Sys 0 00:00:00  -  Run Local Usage
		Usr 0 00:26:31, Sys 0 00:00:05  -  Total Remote Usage
		Usr 0 00:00:00, Sys 0 00:00:00  -  Total Local Usage
	169048  -  Run Bytes Sent By Job
	316905856  -  Run Bytes Received By Job
	169048  -  Total Bytes Sent By Job
	316905856  -  Total Bytes Received By Job
	Partitionable Resources :     Usage  Request Allocated 
	   Cpus                 :      1.00        1         1 
	   Disk (KB)            : 325000      819200   1696544 
	   Memory (MB)          :   2700       20480     20480 
...
