./CVN -f config_condor.txt -x50 -v1 -l TFs_OGs.txt -n AllGenes113.txt -d celltype_tree_ancestor.txt -m testdata_ogids.txt -s celltype_order.txt -p 0.2 -c yes -b -4 -q 4
(cluster3|cluster8) p_maintain_edge=0.8 p_gain=0.2
(cluster2|cluster3) p_maintain_edge=0.8 p_gain=0.2
(cluster1|cluster2) p_maintain_edge=0.8 p_gain=0.2
(cluster6|cluster2) p_maintain_edge=0.8 p_gain=0.2
(cluster9|cluster6) p_maintain_edge=0.8 p_gain=0.2
(cluster10|cluster6) p_maintain_edge=0.8 p_gain=0.2
(cluster7|cluster10) p_maintain_edge=0.8 p_gain=0.2
speciesSet.size()=8 Root is cluster8
MappedOrthogroupReader::readSpeciesMapping() --- celltype_order.txt
MappedOrthogroupReader::readFile - testdata_ogids.txt
MappedOrthogroupReader::generateGeneOrthoMap()
MetaLearner::init_onefold() read:config_condor.txt
MetaLearner::setinputVariableNames number of variables: 2038
readEvidenceTable:cluster8.table
PotentialManager::loadEvidenceFromTable varCount=2038 sampleCount=348
motifNetwork.size() = 319
0=cluster8 motifNetwork=cluster8_network.txt
variable size=2038
readEvidenceTable:cluster3.table
PotentialManager::loadEvidenceFromTable varCount=2038 sampleCount=95
motifNetwork.size() = 326
1=cluster3 motifNetwork=cluster3_network.txt
variable size=2038
readEvidenceTable:cluster2.table
PotentialManager::loadEvidenceFromTable varCount=2038 sampleCount=386
motifNetwork.size() = 328
2=cluster2 motifNetwork=cluster2_network.txt
variable size=2038
readEvidenceTable:cluster1.table
PotentialManager::loadEvidenceFromTable varCount=2038 sampleCount=36
motifNetwork.size() = 322
3=cluster1 motifNetwork=cluster1_network.txt
variable size=2038
readEvidenceTable:cluster6.table
PotentialManager::loadEvidenceFromTable varCount=2038 sampleCount=524
motifNetwork.size() = 320
4=cluster6 motifNetwork=cluster6_network.txt
variable size=2038
readEvidenceTable:cluster9.table
PotentialManager::loadEvidenceFromTable varCount=2038 sampleCount=184
motifNetwork.size() = 327
5=cluster9 motifNetwork=cluster9_network.txt
variable size=2038
readEvidenceTable:cluster10.table
PotentialManager::loadEvidenceFromTable varCount=2038 sampleCount=165
motifNetwork.size() = 326
6=cluster10 motifNetwork=cluster10_network.txt
variable size=2038
readEvidenceTable:cluster7.table
PotentialManager::loadEvidenceFromTable varCount=2038 sampleCount=1032
motifNetwork.size() = 320
7=cluster7 motifNetwork=cluster7_network.txt
variable size=2038
-------------------------------------------------------------
MetaLearner::start
precomputeEmptyGraphPrior
binkey=0 [Edge status: 0 0 0 0 0 0 0 0 ] P(G)=P(cluster8=0)[0.8] * P(cluster1=0|cluster2=0) * P(cluster9=0|cluster6=0) * P(cluster7=0|cluster10=0) * P(cluster10=0|cluster6=0) * P(cluster6=0|cluster2=0) * P(cluster2=0|cluster3=0) * P(cluster3=0|cluster8=0)[0.209715]=0.167772
condsetMap_Tree
0 cluster8=0 cluster3=0 cluster2=0 cluster1=0 cluster6=0 cluster9=0 cluster10=0 cluster7=1
1 cluster8=0 cluster3=0 cluster2=0 cluster1=0 cluster6=0 cluster9=1 cluster10=0 cluster7=0
2 cluster8=0 cluster3=0 cluster2=0 cluster1=0 cluster6=0 cluster9=1 cluster10=0 cluster7=1
3 cluster8=0 cluster3=0 cluster2=0 cluster1=1 cluster6=0 cluster9=0 cluster10=0 cluster7=0
4 cluster8=0 cluster3=0 cluster2=0 cluster1=1 cluster6=0 cluster9=0 cluster10=0 cluster7=1
5 cluster8=0 cluster3=0 cluster2=0 cluster1=1 cluster6=0 cluster9=1 cluster10=0 cluster7=0
6 cluster8=0 cluster3=0 cluster2=0 cluster1=1 cluster6=0 cluster9=1 cluster10=0 cluster7=1
7 cluster8=0 cluster3=0 cluster2=0 cluster1=0 cluster6=0 cluster9=0 cluster10=1 cluster7=1
8 cluster8=0 cluster3=0 cluster2=0 cluster1=0 cluster6=0 cluster9=1 cluster10=1 cluster7=1
9 cluster8=0 cluster3=0 cluster2=0 cluster1=1 cluster6=0 cluster9=0 cluster10=1 cluster7=1
10 cluster8=0 cluster3=0 cluster2=0 cluster1=1 cluster6=0 cluster9=1 cluster10=1 cluster7=1
11 cluster8=0 cluster3=0 cluster2=0 cluster1=0 cluster6=1 cluster9=1 cluster10=1 cluster7=1
12 cluster8=0 cluster3=0 cluster2=0 cluster1=1 cluster6=1 cluster9=1 cluster10=1 cluster7=1
13 cluster8=0 cluster3=0 cluster2=1 cluster1=1 cluster6=1 cluster9=1 cluster10=1 cluster7=1
14 cluster8=0 cluster3=1 cluster2=1 cluster1=1 cluster6=1 cluster9=1 cluster10=1 cluster7=1
15 cluster8=1 cluster3=1 cluster2=1 cluster1=1 cluster6=1 cluster9=1 cluster10=1 cluster7=1
16 cluster8=1 cluster3=1 cluster2=1 cluster1=1 cluster6=1 cluster9=1 cluster10=1 cluster7=0
17 cluster8=1 cluster3=1 cluster2=1 cluster1=1 cluster6=1 cluster9=0 cluster10=1 cluster7=1
18 cluster8=1 cluster3=1 cluster2=1 cluster1=1 cluster6=1 cluster9=0 cluster10=1 cluster7=0
19 cluster8=1 cluster3=1 cluster2=1 cluster1=0 cluster6=1 cluster9=1 cluster10=1 cluster7=1
20 cluster8=1 cluster3=1 cluster2=1 cluster1=0 cluster6=1 cluster9=1 cluster10=1 cluster7=0
21 cluster8=1 cluster3=1 cluster2=1 cluster1=0 cluster6=1 cluster9=0 cluster10=1 cluster7=1
22 cluster8=1 cluster3=1 cluster2=1 cluster1=0 cluster6=1 cluster9=0 cluster10=1 cluster7=0
23 cluster8=1 cluster3=1 cluster2=1 cluster1=1 cluster6=1 cluster9=1 cluster10=0 cluster7=0
24 cluster8=1 cluster3=1 cluster2=1 cluster1=1 cluster6=1 cluster9=0 cluster10=0 cluster7=0
25 cluster8=1 cluster3=1 cluster2=1 cluster1=0 cluster6=1 cluster9=1 cluster10=0 cluster7=0
26 cluster8=1 cluster3=1 cluster2=1 cluster1=0 cluster6=1 cluster9=0 cluster10=0 cluster7=0
27 cluster8=1 cluster3=1 cluster2=1 cluster1=1 cluster6=0 cluster9=0 cluster10=0 cluster7=0
28 cluster8=1 cluster3=1 cluster2=1 cluster1=0 cluster6=0 cluster9=0 cluster10=0 cluster7=0
29 cluster8=1 cluster3=1 cluster2=0 cluster1=0 cluster6=0 cluster9=0 cluster10=0 cluster7=0
30 cluster8=1 cluster3=0 cluster2=0 cluster1=0 cluster6=0 cluster9=0 cluster10=0 cluster7=0
31 cluster8=0 cluster3=0 cluster2=0 cluster1=0 cluster6=1 cluster9=0 cluster10=0 cluster7=0
32 cluster8=0 cluster3=0 cluster2=1 cluster1=0 cluster6=0 cluster9=0 cluster10=0 cluster7=0
33 cluster8=0 cluster3=0 cluster2=0 cluster1=0 cluster6=0 cluster9=0 cluster10=1 cluster7=0
34 cluster8=0 cluster3=1 cluster2=0 cluster1=0 cluster6=0 cluster9=0 cluster10=0 cluster7=0
inputRegulatorOGs.size() = 1999 inputOGList.size() = 50
binkey=16 [Edge status: 0 0 0 0 1 0 0 0 ] P(G)=P(cluster8=0)[0.8] * P(cluster1=0|cluster2=0) * P(cluster9=0|cluster6=1) * P(cluster7=0|cluster10=0) * P(cluster10=0|cluster6=1) * P(cluster6=1|cluster2=0) * P(cluster2=0|cluster3=0) * P(cluster3=0|cluster8=0)[0.0032768]=0.00262144
binkey=1 [Edge status: 1 0 0 0 0 0 0 0 ] P(G)=P(cluster8=1)[0.2] * P(cluster1=0|cluster2=0) * P(cluster9=0|cluster6=0) * P(cluster7=0|cluster10=0) * P(cluster10=0|cluster6=0) * P(cluster6=0|cluster2=0) * P(cluster2=0|cluster3=0) * P(cluster3=0|cluster8=1)[0.0524288]=0.0104858
binkey=128 [Edge status: 0 0 0 0 0 0 0 1 ] P(G)=P(cluster8=0)[0.8] * P(cluster1=0|cluster2=0) * P(cluster9=0|cluster6=0) * P(cluster7=1|cluster10=0) * P(cluster10=0|cluster6=0) * P(cluster6=0|cluster2=0) * P(cluster2=0|cluster3=0) * P(cluster3=0|cluster8=0)[0.0524288]=0.041943
binkey=8 [Edge status: 0 0 0 1 0 0 0 0 ] P(G)=P(cluster8=0)[0.8] * P(cluster1=1|cluster2=0) * P(cluster9=0|cluster6=0) * P(cluster7=0|cluster10=0) * P(cluster10=0|cluster6=0) * P(cluster6=0|cluster2=0) * P(cluster2=0|cluster3=0) * P(cluster3=0|cluster8=0)[0.0524288]=0.041943
binkey=32 [Edge status: 0 0 0 0 0 1 0 0 ] P(G)=P(cluster8=0)[0.8] * P(cluster1=0|cluster2=0) * P(cluster9=1|cluster6=0) * P(cluster7=0|cluster10=0) * P(cluster10=0|cluster6=0) * P(cluster6=0|cluster2=0) * P(cluster2=0|cluster3=0) * P(cluster3=0|cluster8=0)[0.0524288]=0.041943
binkey=4 [Edge status: 0 0 1 0 0 0 0 0 ] P(G)=P(cluster8=0)[0.8] * P(cluster1=0|cluster2=1) * P(cluster9=0|cluster6=0) * P(cluster7=0|cluster10=0) * P(cluster10=0|cluster6=0) * P(cluster6=0|cluster2=1) * P(cluster2=1|cluster3=0) * P(cluster3=0|cluster8=0)[0.0032768]=0.00262144
binkey=2 [Edge status: 0 1 0 0 0 0 0 0 ] P(G)=P(cluster8=0)[0.8] * P(cluster1=0|cluster2=0) * P(cluster9=0|cluster6=0) * P(cluster7=0|cluster10=0) * P(cluster10=0|cluster6=0) * P(cluster6=0|cluster2=0) * P(cluster2=0|cluster3=1) * P(cluster3=1|cluster8=0)[0.0131072]=0.0104858
binkey=64 [Edge status: 0 0 0 0 0 0 1 0 ] P(G)=P(cluster8=0)[0.8] * P(cluster1=0|cluster2=0) * P(cluster9=0|cluster6=0) * P(cluster7=0|cluster10=1) * P(cluster10=1|cluster6=0) * P(cluster6=0|cluster2=0) * P(cluster2=0|cluster3=0) * P(cluster3=0|cluster8=0)[0.0131072]=0.0104858
binkey=160 [Edge status: 0 0 0 0 0 1 0 1 ] P(G)=P(cluster8=0)[0.8] * P(cluster1=0|cluster2=0) * P(cluster9=1|cluster6=0) * P(cluster7=1|cluster10=0) * P(cluster10=0|cluster6=0) * P(cluster6=0|cluster2=0) * P(cluster2=0|cluster3=0) * P(cluster3=0|cluster8=0)[0.0131072]=0.0104858
binkey=136 [Edge status: 0 0 0 1 0 0 0 1 ] P(G)=P(cluster8=0)[0.8] * P(cluster1=1|cluster2=0) * P(cluster9=0|cluster6=0) * P(cluster7=1|cluster10=0) * P(cluster10=0|cluster6=0) * P(cluster6=0|cluster2=0) * P(cluster2=0|cluster3=0) * P(cluster3=0|cluster8=0)[0.0131072]=0.0104858
binkey=40 [Edge status: 0 0 0 1 0 1 0 0 ] P(G)=P(cluster8=0)[0.8] * P(cluster1=1|cluster2=0) * P(cluster9=1|cluster6=0) * P(cluster7=0|cluster10=0) * P(cluster10=0|cluster6=0) * P(cluster6=0|cluster2=0) * P(cluster2=0|cluster3=0) * P(cluster3=0|cluster8=0)[0.0131072]=0.0104858
binkey=168 [Edge status: 0 0 0 1 0 1 0 1 ] P(G)=P(cluster8=0)[0.8] * P(cluster1=1|cluster2=0) * P(cluster9=1|cluster6=0) * P(cluster7=1|cluster10=0) * P(cluster10=0|cluster6=0) * P(cluster6=0|cluster2=0) * P(cluster2=0|cluster3=0) * P(cluster3=0|cluster8=0)[0.0032768]=0.00262144
binkey=192 [Edge status: 0 0 0 0 0 0 1 1 ] P(G)=P(cluster8=0)[0.8] * P(cluster1=0|cluster2=0) * P(cluster9=0|cluster6=0) * P(cluster7=1|cluster10=1) * P(cluster10=1|cluster6=0) * P(cluster6=0|cluster2=0) * P(cluster2=0|cluster3=0) * P(cluster3=0|cluster8=0)[0.0524288]=0.041943
binkey=224 [Edge status: 0 0 0 0 0 1 1 1 ] P(G)=P(cluster8=0)[0.8] * P(cluster1=0|cluster2=0) * P(cluster9=1|cluster6=0) * P(cluster7=1|cluster10=1) * P(cluster10=1|cluster6=0) * P(cluster6=0|cluster2=0) * P(cluster2=0|cluster3=0) * P(cluster3=0|cluster8=0)[0.0131072]=0.0104858
binkey=200 [Edge status: 0 0 0 1 0 0 1 1 ] P(G)=P(cluster8=0)[0.8] * P(cluster1=1|cluster2=0) * P(cluster9=0|cluster6=0) * P(cluster7=1|cluster10=1) * P(cluster10=1|cluster6=0) * P(cluster6=0|cluster2=0) * P(cluster2=0|cluster3=0) * P(cluster3=0|cluster8=0)[0.0131072]=0.0104858
binkey=232 [Edge status: 0 0 0 1 0 1 1 1 ] P(G)=P(cluster8=0)[0.8] * P(cluster1=1|cluster2=0) * P(cluster9=1|cluster6=0) * P(cluster7=1|cluster10=1) * P(cluster10=1|cluster6=0) * P(cluster6=0|cluster2=0) * P(cluster2=0|cluster3=0) * P(cluster3=0|cluster8=0)[0.0032768]=0.00262144
binkey=3 [Edge status: 1 1 0 0 0 0 0 0 ] P(G)=P(cluster8=1)[0.2] * P(cluster1=0|cluster2=0) * P(cluster9=0|cluster6=0) * P(cluster7=0|cluster10=0) * P(cluster10=0|cluster6=0) * P(cluster6=0|cluster2=0) * P(cluster2=0|cluster3=1) * P(cluster3=1|cluster8=1)[0.0524288]=0.0104858
binkey=23 [Edge status: 1 1 1 0 1 0 0 0 ] P(G)=P(cluster8=1)[0.2] * P(cluster1=0|cluster2=1) * P(cluster9=0|cluster6=1) * P(cluster7=0|cluster10=0) * P(cluster10=0|cluster6=1) * P(cluster6=1|cluster2=1) * P(cluster2=1|cluster3=1) * P(cluster3=1|cluster8=1)[0.0032768]=0.00065536
binkey=7 [Edge status: 1 1 1 0 0 0 0 0 ] P(G)=P(cluster8=1)[0.2] * P(cluster1=0|cluster2=1) * P(cluster9=0|cluster6=0) * P(cluster7=0|cluster10=0) * P(cluster10=0|cluster6=0) * P(cluster6=0|cluster2=1) * P(cluster2=1|cluster3=1) * P(cluster3=1|cluster8=1)[0.0131072]=0.00262144
binkey=240 [Edge status: 0 0 0 0 1 1 1 1 ] P(G)=P(cluster8=0)[0.8] * P(cluster1=0|cluster2=0) * P(cluster9=1|cluster6=1) * P(cluster7=1|cluster10=1) * P(cluster10=1|cluster6=1) * P(cluster6=1|cluster2=0) * P(cluster2=0|cluster3=0) * P(cluster3=0|cluster8=0)[0.0524288]=0.041943
binkey=248 [Edge status: 0 0 0 1 1 1 1 1 ] P(G)=P(cluster8=0)[0.8] * P(cluster1=1|cluster2=0) * P(cluster9=1|cluster6=1) * P(cluster7=1|cluster10=1) * P(cluster10=1|cluster6=1) * P(cluster6=1|cluster2=0) * P(cluster2=0|cluster3=0) * P(cluster3=0|cluster8=0)[0.0131072]=0.0104858
binkey=252 [Edge status: 0 0 1 1 1 1 1 1 ] P(G)=P(cluster8=0)[0.8] * P(cluster1=1|cluster2=1) * P(cluster9=1|cluster6=1) * P(cluster7=1|cluster10=1) * P(cluster10=1|cluster6=1) * P(cluster6=1|cluster2=1) * P(cluster2=1|cluster3=0) * P(cluster3=0|cluster8=0)[0.0524288]=0.041943
ITERATION 0 newScore=-2.71116e+06 diffscore=25234.2 priorChange=-105.358 successMove=56
ITERATION 1 newScore=-2.70339e+06 diffscore=7769.11 priorChange=-126.153 successMove=54
ITERATION 2 newScore=-2.69609e+06 diffscore=7299.07 priorChange=-115.062 successMove=53
ITERATION 3 newScore=-2.68857e+06 diffscore=7522.8 priorChange=-108.131 successMove=53
ITERATION 4 newScore=-2.68378e+06 diffscore=4793.13 priorChange=-116.449 successMove=52
binkey=87 [Edge status: 1 1 1 0 1 0 1 0 ] P(G)=P(cluster8=1)[0.2] * P(cluster1=0|cluster2=1) * P(cluster9=0|cluster6=1) * P(cluster7=0|cluster10=1) * P(cluster10=1|cluster6=1) * P(cluster6=1|cluster2=1) * P(cluster2=1|cluster3=1) * P(cluster3=1|cluster8=1)[0.0032768]=0.00065536
ITERATION 5 newScore=-2.67975e+06 diffscore=4025.18 priorChange=-120.608 successMove=53
ITERATION 6 newScore=-2.67671e+06 diffscore=3040.53 priorChange=-119.221 successMove=52
ITERATION 7 newScore=-2.67402e+06 diffscore=2694.14 priorChange=-113.676 successMove=52
ITERATION 8 newScore=-2.67175e+06 diffscore=2270.7 priorChange=-117.835 successMove=51
ITERATION 9 newScore=-2.67055e+06 diffscore=1198.69 priorChange=-112.29 successMove=50
binkey=215 [Edge status: 1 1 1 0 1 0 1 1 ] P(G)=P(cluster8=1)[0.2] * P(cluster1=0|cluster2=1) * P(cluster9=0|cluster6=1) * P(cluster7=1|cluster10=1) * P(cluster10=1|cluster6=1) * P(cluster6=1|cluster2=1) * P(cluster2=1|cluster3=1) * P(cluster3=1|cluster8=1)[0.0131072]=0.00262144
ITERATION 10 newScore=-2.66589e+06 diffscore=4654.01 priorChange=-94.268 successMove=52
ITERATION 11 newScore=-2.65771e+06 diffscore=8183.75 priorChange=-108.131 successMove=50
ITERATION 12 newScore=-2.65665e+06 diffscore=1057.24 priorChange=-109.517 successMove=57
ITERATION 13 newScore=-2.6518e+06 diffscore=4847.44 priorChange=-110.904 successMove=50
ITERATION 14 newScore=-2.64947e+06 diffscore=2335.78 priorChange=-99.8132 successMove=52
ITERATION 15 newScore=-2.64404e+06 diffscore=5426.12 priorChange=-116.449 successMove=54
ITERATION 16 newScore=-2.64309e+06 diffscore=953.843 priorChange=-116.449 successMove=53
ITERATION 17 newScore=-2.64248e+06 diffscore=606.851 priorChange=-115.062 successMove=51
ITERATION 18 newScore=-2.63773e+06 diffscore=4749.93 priorChange=-116.449 successMove=51
ITERATION 19 newScore=-2.63626e+06 diffscore=1469.77 priorChange=-119.221 successMove=51
ITERATION 20 newScore=-2.63334e+06 diffscore=2925.32 priorChange=-123.38 successMove=50
ITERATION 21 newScore=-2.63118e+06 diffscore=2151.46 priorChange=-120.608 successMove=55
ITERATION 22 newScore=-2.62566e+06 diffscore=5523.42 priorChange=-115.062 successMove=51
ITERATION 23 newScore=-2.62498e+06 diffscore=677.338 priorChange=-116.449 successMove=50
ITERATION 24 newScore=-2.62142e+06 diffscore=3563.54 priorChange=-117.835 successMove=51
ITERATION 25 newScore=-2.62018e+06 diffscore=1239.54 priorChange=-126.153 successMove=50
ITERATION 26 newScore=-2.61822e+06 diffscore=1959.32 priorChange=-110.904 successMove=51
ITERATION 27 newScore=-2.61556e+06 diffscore=2659.77 priorChange=-123.38 successMove=50
ITERATION 28 newScore=-2.61378e+06 diffscore=1785.44 priorChange=-103.972 successMove=50
ITERATION 29 newScore=-2.61196e+06 diffscore=1811.99 priorChange=-113.676 successMove=50
ITERATION 30 newScore=-2.61153e+06 diffscore=429.914 priorChange=-113.676 successMove=50
ITERATION 31 newScore=-2.60897e+06 diffscore=2561.87 priorChange=-119.221 successMove=50
ITERATION 32 newScore=-2.60588e+06 diffscore=3093.58 priorChange=-117.835 successMove=49
ITERATION 33 newScore=-2.60439e+06 diffscore=1491.68 priorChange=-112.29 successMove=52
ITERATION 34 newScore=-2.60392e+06 diffscore=466.298 priorChange=-117.835 successMove=50
ITERATION 35 newScore=-2.60212e+06 diffscore=1803.05 priorChange=-126.153 successMove=50
ITERATION 36 newScore=-2.59863e+06 diffscore=3489.57 priorChange=-128.925 successMove=50
ITERATION 37 newScore=-2.59826e+06 diffscore=364.608 priorChange=-109.517 successMove=49
ITERATION 38 newScore=-2.59783e+06 diffscore=436.164 priorChange=-103.972 successMove=48
ITERATION 39 newScore=-2.59745e+06 diffscore=382.832 priorChange=-102.586 successMove=49
ITERATION 40 newScore=-2.59697e+06 diffscore=470.378 priorChange=-117.835 successMove=49
ITERATION 41 newScore=-2.59493e+06 diffscore=2047.64 priorChange=-108.131 successMove=49
binkey=15 [Edge status: 1 1 1 1 0 0 0 0 ] P(G)=P(cluster8=1)[0.2] * P(cluster1=1|cluster2=1) * P(cluster9=0|cluster6=0) * P(cluster7=0|cluster10=0) * P(cluster10=0|cluster6=0) * P(cluster6=0|cluster2=1) * P(cluster2=1|cluster3=1) * P(cluster3=1|cluster8=1)[0.0524288]=0.0104858
ITERATION 42 newScore=-2.59332e+06 diffscore=1607.28 priorChange=-117.835 successMove=48
ITERATION 43 newScore=-2.59229e+06 diffscore=1031.54 priorChange=-102.586 successMove=48
ITERATION 44 newScore=-2.59196e+06 diffscore=326.694 priorChange=-106.745 successMove=49
ITERATION 45 newScore=-2.59157e+06 diffscore=395.57 priorChange=-98.4269 successMove=47
ITERATION 46 newScore=-2.5905e+06 diffscore=1063.35 priorChange=-121.994 successMove=47
ITERATION 47 newScore=-2.59e+06 diffscore=504.799 priorChange=-120.608 successMove=47
ITERATION 48 newScore=-2.58941e+06 diffscore=591.951 priorChange=-101.199 successMove=47
ITERATION 49 newScore=-2.58651e+06 diffscore=2895.79 priorChange=-106.745 successMove=47
ITERATION 50 newScore=-2.58422e+06 diffscore=2288.94 priorChange=-103.972 successMove=48
ITERATION 51 newScore=-2.58382e+06 diffscore=404.942 priorChange=-98.4269 successMove=46
ITERATION 52 newScore=-2.58347e+06 diffscore=345.876 priorChange=-108.131 successMove=45
ITERATION 53 newScore=-2.58216e+06 diffscore=1310.86 priorChange=-98.4269 successMove=44
ITERATION 54 newScore=-2.58177e+06 diffscore=393.893 priorChange=-90.1091 successMove=40
ITERATION 55 newScore=-2.58146e+06 diffscore=300.627 priorChange=-87.3365 successMove=40
ITERATION 56 newScore=-2.58011e+06 diffscore=1350.75 priorChange=-91.4954 successMove=39
ITERATION 57 newScore=-2.57987e+06 diffscore=247.267 priorChange=-94.268 successMove=38
ITERATION 58 newScore=-2.5789e+06 diffscore=966.955 priorChange=-77.6325 successMove=40
ITERATION 59 newScore=-2.57807e+06 diffscore=833.102 priorChange=-73.4736 successMove=39
ITERATION 60 newScore=-2.57791e+06 diffscore=161.568 priorChange=-74.8599 successMove=39
ITERATION 61 newScore=-2.57773e+06 diffscore=179.577 priorChange=-76.2462 successMove=37
ITERATION 62 newScore=-2.5775e+06 diffscore=221.849 priorChange=-63.7695 successMove=38
ITERATION 63 newScore=-2.57664e+06 diffscore=865.647 priorChange=-67.9284 successMove=36
ITERATION 64 newScore=-2.57646e+06 diffscore=175.957 priorChange=-81.7914 successMove=36
ITERATION 65 newScore=-2.57628e+06 diffscore=178.916 priorChange=-70.701 successMove=33
ITERATION 66 newScore=-2.57614e+06 diffscore=147.997 priorChange=-70.701 successMove=30
ITERATION 67 newScore=-2.57601e+06 diffscore=127.599 priorChange=-63.7695 successMove=32
ITERATION 68 newScore=-2.5759e+06 diffscore=109.488 priorChange=-59.6107 successMove=29
ITERATION 69 newScore=-2.57573e+06 diffscore=166.34 priorChange=-65.1558 successMove=26
ITERATION 70 newScore=-2.57437e+06 diffscore=1362.16 priorChange=-38.8162 successMove=23
ITERATION 71 newScore=-2.57428e+06 diffscore=89.9577 priorChange=-36.0437 successMove=20
ITERATION 72 newScore=-2.57419e+06 diffscore=88.8716 priorChange=-37.4299 successMove=20
ITERATION 73 newScore=-2.57407e+06 diffscore=117.63 priorChange=-38.8162 successMove=20
ITERATION 74 newScore=-2.57398e+06 diffscore=96.5788 priorChange=-37.4299 successMove=20
ITERATION 75 newScore=-2.57387e+06 diffscore=101.747 priorChange=-45.7477 successMove=20
ITERATION 76 newScore=-2.57375e+06 diffscore=122.24 priorChange=-41.5888 successMove=20
ITERATION 77 newScore=-2.57355e+06 diffscore=198.492 priorChange=-38.8162 successMove=21
ITERATION 78 newScore=-2.57003e+06 diffscore=3521.6 priorChange=-27.7259 successMove=17
ITERATION 79 newScore=-2.56996e+06 diffscore=75.4568 priorChange=-29.1122 successMove=15
ITERATION 80 newScore=-2.56987e+06 diffscore=86.1046 priorChange=-24.9533 successMove=14
ITERATION 81 newScore=-2.56978e+06 diffscore=90.8114 priorChange=-29.1122 successMove=14
ITERATION 82 newScore=-2.56968e+06 diffscore=104.01 priorChange=-22.1807 successMove=12
ITERATION 83 newScore=-2.5696e+06 diffscore=74.2479 priorChange=-26.3396 successMove=11
ITERATION 84 newScore=-2.5695e+06 diffscore=100.592 priorChange=-23.567 successMove=11
ITERATION 85 newScore=-2.56945e+06 diffscore=53.1336 priorChange=-26.3396 successMove=11
ITERATION 86 newScore=-2.56938e+06 diffscore=69.3165 priorChange=-24.9533 successMove=11
ITERATION 87 newScore=-2.56919e+06 diffscore=187.105 priorChange=-30.4985 successMove=11
ITERATION 88 newScore=-2.56907e+06 diffscore=121.862 priorChange=-26.3396 successMove=10
ITERATION 89 newScore=-2.56894e+06 diffscore=128.184 priorChange=-23.567 successMove=10
ITERATION 90 newScore=-2.56777e+06 diffscore=1173.59 priorChange=-20.7944 successMove=9
ITERATION 91 newScore=-2.56771e+06 diffscore=57.0029 priorChange=-19.4081 successMove=9
ITERATION 92 newScore=-2.56766e+06 diffscore=46.8547 priorChange=-18.0218 successMove=9
ITERATION 93 newScore=-2.56761e+06 diffscore=55.9896 priorChange=-22.1807 successMove=9
ITERATION 94 newScore=-2.56756e+06 diffscore=45.5972 priorChange=-15.2492 successMove=8
ITERATION 95 newScore=-2.56751e+06 diffscore=55.166 priorChange=-22.1807 successMove=8
ITERATION 96 newScore=-2.56746e+06 diffscore=50.1422 priorChange=-22.1807 successMove=8
ITERATION 97 newScore=-2.56742e+06 diffscore=42.3212 priorChange=-18.0218 successMove=8
ITERATION 98 newScore=-2.56736e+06 diffscore=57.0219 priorChange=-18.0218 successMove=8
ITERATION 99 newScore=-2.5673e+06 diffscore=56.4967 priorChange=-20.7944 successMove=8
MetaLearner::dumpAllGraphs
Final Score -2.5673e+06
MetaLearner::start runtime: 1332916779 ms
Results/
Results/cluster10/
Results/cluster10/fold0/
Results/cluster10/fold0/modelparams.txt
Results/cluster10/fold0/var_mb_pw_k50.txt
Results/cluster1/
Results/cluster1/fold0/
Results/cluster1/fold0/modelparams.txt
Results/cluster1/fold0/var_mb_pw_k50.txt
Results/cluster6/
Results/cluster6/fold0/
Results/cluster6/fold0/modelparams.txt
Results/cluster6/fold0/var_mb_pw_k50.txt
Results/cluster9/
Results/cluster9/fold0/
Results/cluster9/fold0/modelparams.txt
Results/cluster9/fold0/var_mb_pw_k50.txt
Results/cluster2/
Results/cluster2/fold0/
Results/cluster2/fold0/modelparams.txt
Results/cluster2/fold0/var_mb_pw_k50.txt
Results/cluster7/
Results/cluster7/fold0/
Results/cluster7/fold0/modelparams.txt
Results/cluster7/fold0/var_mb_pw_k50.txt
Results/cluster3/
Results/cluster3/fold0/
Results/cluster3/fold0/modelparams.txt
Results/cluster3/fold0/var_mb_pw_k50.txt
Results/cluster8/
Results/cluster8/scoreFile.txt
Results/cluster8/fold0/
Results/cluster8/fold0/modelparams.txt
Results/cluster8/fold0/var_mb_pw_k50.txt
