./CVN -f config_condor.txt -x50 -v1 -l TFs_OGs.txt -n AllGenes20.txt -d celltype_tree_ancestor.txt -m testdata_ogids.txt -s celltype_order.txt -p 0.2 -c yes -b -4 -q 4
(cluster3|cluster8) p_maintain_edge=0.8 p_gain=0.2
(cluster2|cluster3) p_maintain_edge=0.8 p_gain=0.2
(cluster1|cluster2) p_maintain_edge=0.8 p_gain=0.2
(cluster6|cluster2) p_maintain_edge=0.8 p_gain=0.2
(cluster9|cluster6) p_maintain_edge=0.8 p_gain=0.2
(cluster10|cluster6) p_maintain_edge=0.8 p_gain=0.2
(cluster7|cluster10) p_maintain_edge=0.8 p_gain=0.2
speciesSet.size()=8 Root is cluster8
MappedOrthogroupReader::readSpeciesMapping() --- celltype_order.txt
MappedOrthogroupReader::readFile - testdata_ogids.txt
MappedOrthogroupReader::generateGeneOrthoMap()
MetaLearner::init_onefold() read:config_condor.txt
MetaLearner::setinputVariableNames number of variables: 2039
readEvidenceTable:cluster8.table
PotentialManager::loadEvidenceFromTable varCount=2039 sampleCount=348
motifNetwork.size() = 319
0=cluster8 motifNetwork=cluster8_network.txt
variable size=2039
readEvidenceTable:cluster3.table
PotentialManager::loadEvidenceFromTable varCount=2039 sampleCount=95
motifNetwork.size() = 326
1=cluster3 motifNetwork=cluster3_network.txt
variable size=2039
readEvidenceTable:cluster2.table
PotentialManager::loadEvidenceFromTable varCount=2039 sampleCount=386
motifNetwork.size() = 328
2=cluster2 motifNetwork=cluster2_network.txt
variable size=2039
readEvidenceTable:cluster1.table
PotentialManager::loadEvidenceFromTable varCount=2039 sampleCount=36
motifNetwork.size() = 322
3=cluster1 motifNetwork=cluster1_network.txt
variable size=2039
readEvidenceTable:cluster6.table
PotentialManager::loadEvidenceFromTable varCount=2039 sampleCount=524
motifNetwork.size() = 320
4=cluster6 motifNetwork=cluster6_network.txt
variable size=2039
readEvidenceTable:cluster9.table
PotentialManager::loadEvidenceFromTable varCount=2039 sampleCount=184
motifNetwork.size() = 327
5=cluster9 motifNetwork=cluster9_network.txt
variable size=2039
readEvidenceTable:cluster10.table
PotentialManager::loadEvidenceFromTable varCount=2039 sampleCount=165
motifNetwork.size() = 326
6=cluster10 motifNetwork=cluster10_network.txt
variable size=2039
readEvidenceTable:cluster7.table
PotentialManager::loadEvidenceFromTable varCount=2039 sampleCount=1032
motifNetwork.size() = 320
7=cluster7 motifNetwork=cluster7_network.txt
variable size=2039
-------------------------------------------------------------
MetaLearner::start
precomputeEmptyGraphPrior
binkey=0 [Edge status: 0 0 0 0 0 0 0 0 ] P(G)=P(cluster8=0)[0.8] * P(cluster1=0|cluster2=0) * P(cluster9=0|cluster6=0) * P(cluster7=0|cluster10=0) * P(cluster10=0|cluster6=0) * P(cluster6=0|cluster2=0) * P(cluster2=0|cluster3=0) * P(cluster3=0|cluster8=0)[0.209715]=0.167772
condsetMap_Tree
0 cluster8=0 cluster3=0 cluster2=0 cluster1=0 cluster6=0 cluster9=0 cluster10=0 cluster7=1
1 cluster8=0 cluster3=0 cluster2=0 cluster1=0 cluster6=0 cluster9=1 cluster10=0 cluster7=0
2 cluster8=0 cluster3=0 cluster2=0 cluster1=0 cluster6=0 cluster9=1 cluster10=0 cluster7=1
3 cluster8=0 cluster3=0 cluster2=0 cluster1=1 cluster6=0 cluster9=0 cluster10=0 cluster7=0
4 cluster8=0 cluster3=0 cluster2=0 cluster1=1 cluster6=0 cluster9=0 cluster10=0 cluster7=1
5 cluster8=0 cluster3=0 cluster2=0 cluster1=1 cluster6=0 cluster9=1 cluster10=0 cluster7=0
6 cluster8=0 cluster3=0 cluster2=0 cluster1=1 cluster6=0 cluster9=1 cluster10=0 cluster7=1
7 cluster8=0 cluster3=0 cluster2=0 cluster1=0 cluster6=0 cluster9=0 cluster10=1 cluster7=1
8 cluster8=0 cluster3=0 cluster2=0 cluster1=0 cluster6=0 cluster9=1 cluster10=1 cluster7=1
9 cluster8=0 cluster3=0 cluster2=0 cluster1=1 cluster6=0 cluster9=0 cluster10=1 cluster7=1
10 cluster8=0 cluster3=0 cluster2=0 cluster1=1 cluster6=0 cluster9=1 cluster10=1 cluster7=1
11 cluster8=0 cluster3=0 cluster2=0 cluster1=0 cluster6=1 cluster9=1 cluster10=1 cluster7=1
12 cluster8=0 cluster3=0 cluster2=0 cluster1=1 cluster6=1 cluster9=1 cluster10=1 cluster7=1
13 cluster8=0 cluster3=0 cluster2=1 cluster1=1 cluster6=1 cluster9=1 cluster10=1 cluster7=1
14 cluster8=0 cluster3=1 cluster2=1 cluster1=1 cluster6=1 cluster9=1 cluster10=1 cluster7=1
15 cluster8=1 cluster3=1 cluster2=1 cluster1=1 cluster6=1 cluster9=1 cluster10=1 cluster7=1
16 cluster8=1 cluster3=1 cluster2=1 cluster1=1 cluster6=1 cluster9=1 cluster10=1 cluster7=0
17 cluster8=1 cluster3=1 cluster2=1 cluster1=1 cluster6=1 cluster9=0 cluster10=1 cluster7=1
18 cluster8=1 cluster3=1 cluster2=1 cluster1=1 cluster6=1 cluster9=0 cluster10=1 cluster7=0
19 cluster8=1 cluster3=1 cluster2=1 cluster1=0 cluster6=1 cluster9=1 cluster10=1 cluster7=1
20 cluster8=1 cluster3=1 cluster2=1 cluster1=0 cluster6=1 cluster9=1 cluster10=1 cluster7=0
21 cluster8=1 cluster3=1 cluster2=1 cluster1=0 cluster6=1 cluster9=0 cluster10=1 cluster7=1
22 cluster8=1 cluster3=1 cluster2=1 cluster1=0 cluster6=1 cluster9=0 cluster10=1 cluster7=0
23 cluster8=1 cluster3=1 cluster2=1 cluster1=1 cluster6=1 cluster9=1 cluster10=0 cluster7=0
24 cluster8=1 cluster3=1 cluster2=1 cluster1=1 cluster6=1 cluster9=0 cluster10=0 cluster7=0
25 cluster8=1 cluster3=1 cluster2=1 cluster1=0 cluster6=1 cluster9=1 cluster10=0 cluster7=0
26 cluster8=1 cluster3=1 cluster2=1 cluster1=0 cluster6=1 cluster9=0 cluster10=0 cluster7=0
27 cluster8=1 cluster3=1 cluster2=1 cluster1=1 cluster6=0 cluster9=0 cluster10=0 cluster7=0
28 cluster8=1 cluster3=1 cluster2=1 cluster1=0 cluster6=0 cluster9=0 cluster10=0 cluster7=0
29 cluster8=1 cluster3=1 cluster2=0 cluster1=0 cluster6=0 cluster9=0 cluster10=0 cluster7=0
30 cluster8=1 cluster3=0 cluster2=0 cluster1=0 cluster6=0 cluster9=0 cluster10=0 cluster7=0
31 cluster8=0 cluster3=0 cluster2=0 cluster1=0 cluster6=1 cluster9=0 cluster10=0 cluster7=0
32 cluster8=0 cluster3=0 cluster2=1 cluster1=0 cluster6=0 cluster9=0 cluster10=0 cluster7=0
33 cluster8=0 cluster3=0 cluster2=0 cluster1=0 cluster6=0 cluster9=0 cluster10=1 cluster7=0
34 cluster8=0 cluster3=1 cluster2=0 cluster1=0 cluster6=0 cluster9=0 cluster10=0 cluster7=0
inputRegulatorOGs.size() = 1999 inputOGList.size() = 50
binkey=128 [Edge status: 0 0 0 0 0 0 0 1 ] P(G)=P(cluster8=0)[0.8] * P(cluster1=0|cluster2=0) * P(cluster9=0|cluster6=0) * P(cluster7=1|cluster10=0) * P(cluster10=0|cluster6=0) * P(cluster6=0|cluster2=0) * P(cluster2=0|cluster3=0) * P(cluster3=0|cluster8=0)[0.0524288]=0.041943
binkey=32 [Edge status: 0 0 0 0 0 1 0 0 ] P(G)=P(cluster8=0)[0.8] * P(cluster1=0|cluster2=0) * P(cluster9=1|cluster6=0) * P(cluster7=0|cluster10=0) * P(cluster10=0|cluster6=0) * P(cluster6=0|cluster2=0) * P(cluster2=0|cluster3=0) * P(cluster3=0|cluster8=0)[0.0524288]=0.041943
binkey=8 [Edge status: 0 0 0 1 0 0 0 0 ] P(G)=P(cluster8=0)[0.8] * P(cluster1=1|cluster2=0) * P(cluster9=0|cluster6=0) * P(cluster7=0|cluster10=0) * P(cluster10=0|cluster6=0) * P(cluster6=0|cluster2=0) * P(cluster2=0|cluster3=0) * P(cluster3=0|cluster8=0)[0.0524288]=0.041943
binkey=136 [Edge status: 0 0 0 1 0 0 0 1 ] P(G)=P(cluster8=0)[0.8] * P(cluster1=1|cluster2=0) * P(cluster9=0|cluster6=0) * P(cluster7=1|cluster10=0) * P(cluster10=0|cluster6=0) * P(cluster6=0|cluster2=0) * P(cluster2=0|cluster3=0) * P(cluster3=0|cluster8=0)[0.0131072]=0.0104858
binkey=4 [Edge status: 0 0 1 0 0 0 0 0 ] P(G)=P(cluster8=0)[0.8] * P(cluster1=0|cluster2=1) * P(cluster9=0|cluster6=0) * P(cluster7=0|cluster10=0) * P(cluster10=0|cluster6=0) * P(cluster6=0|cluster2=1) * P(cluster2=1|cluster3=0) * P(cluster3=0|cluster8=0)[0.0032768]=0.00262144
binkey=1 [Edge status: 1 0 0 0 0 0 0 0 ] P(G)=P(cluster8=1)[0.2] * P(cluster1=0|cluster2=0) * P(cluster9=0|cluster6=0) * P(cluster7=0|cluster10=0) * P(cluster10=0|cluster6=0) * P(cluster6=0|cluster2=0) * P(cluster2=0|cluster3=0) * P(cluster3=0|cluster8=1)[0.0524288]=0.0104858
binkey=64 [Edge status: 0 0 0 0 0 0 1 0 ] P(G)=P(cluster8=0)[0.8] * P(cluster1=0|cluster2=0) * P(cluster9=0|cluster6=0) * P(cluster7=0|cluster10=1) * P(cluster10=1|cluster6=0) * P(cluster6=0|cluster2=0) * P(cluster2=0|cluster3=0) * P(cluster3=0|cluster8=0)[0.0131072]=0.0104858
binkey=16 [Edge status: 0 0 0 0 1 0 0 0 ] P(G)=P(cluster8=0)[0.8] * P(cluster1=0|cluster2=0) * P(cluster9=0|cluster6=1) * P(cluster7=0|cluster10=0) * P(cluster10=0|cluster6=1) * P(cluster6=1|cluster2=0) * P(cluster2=0|cluster3=0) * P(cluster3=0|cluster8=0)[0.0032768]=0.00262144
binkey=40 [Edge status: 0 0 0 1 0 1 0 0 ] P(G)=P(cluster8=0)[0.8] * P(cluster1=1|cluster2=0) * P(cluster9=1|cluster6=0) * P(cluster7=0|cluster10=0) * P(cluster10=0|cluster6=0) * P(cluster6=0|cluster2=0) * P(cluster2=0|cluster3=0) * P(cluster3=0|cluster8=0)[0.0131072]=0.0104858
binkey=192 [Edge status: 0 0 0 0 0 0 1 1 ] P(G)=P(cluster8=0)[0.8] * P(cluster1=0|cluster2=0) * P(cluster9=0|cluster6=0) * P(cluster7=1|cluster10=1) * P(cluster10=1|cluster6=0) * P(cluster6=0|cluster2=0) * P(cluster2=0|cluster3=0) * P(cluster3=0|cluster8=0)[0.0524288]=0.041943
binkey=160 [Edge status: 0 0 0 0 0 1 0 1 ] P(G)=P(cluster8=0)[0.8] * P(cluster1=0|cluster2=0) * P(cluster9=1|cluster6=0) * P(cluster7=1|cluster10=0) * P(cluster10=0|cluster6=0) * P(cluster6=0|cluster2=0) * P(cluster2=0|cluster3=0) * P(cluster3=0|cluster8=0)[0.0131072]=0.0104858
binkey=2 [Edge status: 0 1 0 0 0 0 0 0 ] P(G)=P(cluster8=0)[0.8] * P(cluster1=0|cluster2=0) * P(cluster9=0|cluster6=0) * P(cluster7=0|cluster10=0) * P(cluster10=0|cluster6=0) * P(cluster6=0|cluster2=0) * P(cluster2=0|cluster3=1) * P(cluster3=1|cluster8=0)[0.0131072]=0.0104858
binkey=224 [Edge status: 0 0 0 0 0 1 1 1 ] P(G)=P(cluster8=0)[0.8] * P(cluster1=0|cluster2=0) * P(cluster9=1|cluster6=0) * P(cluster7=1|cluster10=1) * P(cluster10=1|cluster6=0) * P(cluster6=0|cluster2=0) * P(cluster2=0|cluster3=0) * P(cluster3=0|cluster8=0)[0.0131072]=0.0104858
binkey=240 [Edge status: 0 0 0 0 1 1 1 1 ] P(G)=P(cluster8=0)[0.8] * P(cluster1=0|cluster2=0) * P(cluster9=1|cluster6=1) * P(cluster7=1|cluster10=1) * P(cluster10=1|cluster6=1) * P(cluster6=1|cluster2=0) * P(cluster2=0|cluster3=0) * P(cluster3=0|cluster8=0)[0.0524288]=0.041943
binkey=168 [Edge status: 0 0 0 1 0 1 0 1 ] P(G)=P(cluster8=0)[0.8] * P(cluster1=1|cluster2=0) * P(cluster9=1|cluster6=0) * P(cluster7=1|cluster10=0) * P(cluster10=0|cluster6=0) * P(cluster6=0|cluster2=0) * P(cluster2=0|cluster3=0) * P(cluster3=0|cluster8=0)[0.0032768]=0.00262144
binkey=200 [Edge status: 0 0 0 1 0 0 1 1 ] P(G)=P(cluster8=0)[0.8] * P(cluster1=1|cluster2=0) * P(cluster9=0|cluster6=0) * P(cluster7=1|cluster10=1) * P(cluster10=1|cluster6=0) * P(cluster6=0|cluster2=0) * P(cluster2=0|cluster3=0) * P(cluster3=0|cluster8=0)[0.0131072]=0.0104858
binkey=232 [Edge status: 0 0 0 1 0 1 1 1 ] P(G)=P(cluster8=0)[0.8] * P(cluster1=1|cluster2=0) * P(cluster9=1|cluster6=0) * P(cluster7=1|cluster10=1) * P(cluster10=1|cluster6=0) * P(cluster6=0|cluster2=0) * P(cluster2=0|cluster3=0) * P(cluster3=0|cluster8=0)[0.0032768]=0.00262144
binkey=248 [Edge status: 0 0 0 1 1 1 1 1 ] P(G)=P(cluster8=0)[0.8] * P(cluster1=1|cluster2=0) * P(cluster9=1|cluster6=1) * P(cluster7=1|cluster10=1) * P(cluster10=1|cluster6=1) * P(cluster6=1|cluster2=0) * P(cluster2=0|cluster3=0) * P(cluster3=0|cluster8=0)[0.0131072]=0.0104858
binkey=252 [Edge status: 0 0 1 1 1 1 1 1 ] P(G)=P(cluster8=0)[0.8] * P(cluster1=1|cluster2=1) * P(cluster9=1|cluster6=1) * P(cluster7=1|cluster10=1) * P(cluster10=1|cluster6=1) * P(cluster6=1|cluster2=1) * P(cluster2=1|cluster3=0) * P(cluster3=0|cluster8=0)[0.0524288]=0.041943
binkey=3 [Edge status: 1 1 0 0 0 0 0 0 ] P(G)=P(cluster8=1)[0.2] * P(cluster1=0|cluster2=0) * P(cluster9=0|cluster6=0) * P(cluster7=0|cluster10=0) * P(cluster10=0|cluster6=0) * P(cluster6=0|cluster2=0) * P(cluster2=0|cluster3=1) * P(cluster3=1|cluster8=1)[0.0524288]=0.0104858
binkey=7 [Edge status: 1 1 1 0 0 0 0 0 ] P(G)=P(cluster8=1)[0.2] * P(cluster1=0|cluster2=1) * P(cluster9=0|cluster6=0) * P(cluster7=0|cluster10=0) * P(cluster10=0|cluster6=0) * P(cluster6=0|cluster2=1) * P(cluster2=1|cluster3=1) * P(cluster3=1|cluster8=1)[0.0131072]=0.00262144
binkey=119 [Edge status: 1 1 1 0 1 1 1 0 ] P(G)=P(cluster8=1)[0.2] * P(cluster1=0|cluster2=1) * P(cluster9=1|cluster6=1) * P(cluster7=0|cluster10=1) * P(cluster10=1|cluster6=1) * P(cluster6=1|cluster2=1) * P(cluster2=1|cluster3=1) * P(cluster3=1|cluster8=1)[0.0131072]=0.00262144
binkey=87 [Edge status: 1 1 1 0 1 0 1 0 ] P(G)=P(cluster8=1)[0.2] * P(cluster1=0|cluster2=1) * P(cluster9=0|cluster6=1) * P(cluster7=0|cluster10=1) * P(cluster10=1|cluster6=1) * P(cluster6=1|cluster2=1) * P(cluster2=1|cluster3=1) * P(cluster3=1|cluster8=1)[0.0032768]=0.00065536
binkey=55 [Edge status: 1 1 1 0 1 1 0 0 ] P(G)=P(cluster8=1)[0.2] * P(cluster1=0|cluster2=1) * P(cluster9=1|cluster6=1) * P(cluster7=0|cluster10=0) * P(cluster10=0|cluster6=1) * P(cluster6=1|cluster2=1) * P(cluster2=1|cluster3=1) * P(cluster3=1|cluster8=1)[0.0131072]=0.00262144
binkey=23 [Edge status: 1 1 1 0 1 0 0 0 ] P(G)=P(cluster8=1)[0.2] * P(cluster1=0|cluster2=1) * P(cluster9=0|cluster6=1) * P(cluster7=0|cluster10=0) * P(cluster10=0|cluster6=1) * P(cluster6=1|cluster2=1) * P(cluster2=1|cluster3=1) * P(cluster3=1|cluster8=1)[0.0032768]=0.00065536
binkey=247 [Edge status: 1 1 1 0 1 1 1 1 ] P(G)=P(cluster8=1)[0.2] * P(cluster1=0|cluster2=1) * P(cluster9=1|cluster6=1) * P(cluster7=1|cluster10=1) * P(cluster10=1|cluster6=1) * P(cluster6=1|cluster2=1) * P(cluster2=1|cluster3=1) * P(cluster3=1|cluster8=1)[0.0524288]=0.0104858
binkey=215 [Edge status: 1 1 1 0 1 0 1 1 ] P(G)=P(cluster8=1)[0.2] * P(cluster1=0|cluster2=1) * P(cluster9=0|cluster6=1) * P(cluster7=1|cluster10=1) * P(cluster10=1|cluster6=1) * P(cluster6=1|cluster2=1) * P(cluster2=1|cluster3=1) * P(cluster3=1|cluster8=1)[0.0131072]=0.00262144
ITERATION 0 newScore=-2.71414e+06 diffscore=15574.1 priorChange=-123.38 successMove=63
ITERATION 1 newScore=-2.70577e+06 diffscore=8370.32 priorChange=-106.745 successMove=52
ITERATION 2 newScore=-2.702e+06 diffscore=3763.86 priorChange=-112.29 successMove=57
ITERATION 3 newScore=-2.6985e+06 diffscore=3502.78 priorChange=-108.131 successMove=50
ITERATION 4 newScore=-2.6904e+06 diffscore=8099.47 priorChange=-110.904 successMove=55
ITERATION 5 newScore=-2.68532e+06 diffscore=5081.34 priorChange=-119.221 successMove=51
ITERATION 6 newScore=-2.68333e+06 diffscore=1991.54 priorChange=-117.835 successMove=52
ITERATION 7 newScore=-2.67934e+06 diffscore=3991.75 priorChange=-116.449 successMove=51
ITERATION 8 newScore=-2.67541e+06 diffscore=3923.97 priorChange=-116.449 successMove=50
ITERATION 9 newScore=-2.67303e+06 diffscore=2379.36 priorChange=-113.676 successMove=52
ITERATION 10 newScore=-2.6722e+06 diffscore=836 priorChange=-109.517 successMove=51
ITERATION 11 newScore=-2.66909e+06 diffscore=3102.88 priorChange=-99.8132 successMove=50
ITERATION 12 newScore=-2.66719e+06 diffscore=1904.56 priorChange=-119.221 successMove=51
ITERATION 13 newScore=-2.66256e+06 diffscore=4625.48 priorChange=-108.131 successMove=53
ITERATION 14 newScore=-2.65932e+06 diffscore=3248.64 priorChange=-115.062 successMove=51
ITERATION 15 newScore=-2.65451e+06 diffscore=4803.48 priorChange=-109.517 successMove=52
ITERATION 16 newScore=-2.65297e+06 diffscore=1538.85 priorChange=-113.676 successMove=53
ITERATION 17 newScore=-2.65017e+06 diffscore=2801.71 priorChange=-102.586 successMove=51
ITERATION 18 newScore=-2.64941e+06 diffscore=760.951 priorChange=-113.676 successMove=50
ITERATION 19 newScore=-2.64714e+06 diffscore=2269.77 priorChange=-119.221 successMove=52
ITERATION 20 newScore=-2.64418e+06 diffscore=2961.09 priorChange=-103.972 successMove=50
ITERATION 21 newScore=-2.64197e+06 diffscore=2210.52 priorChange=-120.608 successMove=51
ITERATION 22 newScore=-2.63798e+06 diffscore=3994.18 priorChange=-124.766 successMove=51
ITERATION 23 newScore=-2.63705e+06 diffscore=924.559 priorChange=-112.29 successMove=52
ITERATION 24 newScore=-2.63535e+06 diffscore=1703.91 priorChange=-116.449 successMove=53
ITERATION 25 newScore=-2.63394e+06 diffscore=1406.15 priorChange=-106.745 successMove=51
ITERATION 26 newScore=-2.63225e+06 diffscore=1689.81 priorChange=-105.358 successMove=53
ITERATION 27 newScore=-2.63044e+06 diffscore=1811.23 priorChange=-95.6543 successMove=56
ITERATION 28 newScore=-2.62846e+06 diffscore=1979.02 priorChange=-117.835 successMove=50
ITERATION 29 newScore=-2.62632e+06 diffscore=2142.03 priorChange=-117.835 successMove=50
ITERATION 30 newScore=-2.62402e+06 diffscore=2299.42 priorChange=-105.358 successMove=51
ITERATION 31 newScore=-2.62289e+06 diffscore=1130.9 priorChange=-99.8132 successMove=48
ITERATION 32 newScore=-2.6217e+06 diffscore=1187.71 priorChange=-97.0406 successMove=49
ITERATION 33 newScore=-2.62123e+06 diffscore=473.532 priorChange=-81.7914 successMove=51
ITERATION 34 newScore=-2.6178e+06 diffscore=3428.72 priorChange=-90.1091 successMove=48
ITERATION 35 newScore=-2.61515e+06 diffscore=2646.96 priorChange=-88.7228 successMove=47
ITERATION 36 newScore=-2.6148e+06 diffscore=351.329 priorChange=-92.8817 successMove=48
ITERATION 37 newScore=-2.61437e+06 diffscore=430.428 priorChange=-98.4269 successMove=47
ITERATION 38 newScore=-2.61389e+06 diffscore=484.79 priorChange=-101.199 successMove=46
ITERATION 39 newScore=-2.61202e+06 diffscore=1865.08 priorChange=-105.358 successMove=49
ITERATION 40 newScore=-2.60973e+06 diffscore=2292.4 priorChange=-92.8817 successMove=48
ITERATION 41 newScore=-2.60908e+06 diffscore=650.189 priorChange=-102.586 successMove=45
ITERATION 42 newScore=-2.60813e+06 diffscore=944.056 priorChange=-102.586 successMove=45
ITERATION 43 newScore=-2.60666e+06 diffscore=1470.96 priorChange=-92.8817 successMove=45
ITERATION 44 newScore=-2.6045e+06 diffscore=2161.52 priorChange=-94.268 successMove=45
ITERATION 45 newScore=-2.60378e+06 diffscore=716.15 priorChange=-99.8132 successMove=45
ITERATION 46 newScore=-2.60268e+06 diffscore=1101.48 priorChange=-105.358 successMove=45
ITERATION 47 newScore=-2.60206e+06 diffscore=623.38 priorChange=-98.4269 successMove=43
ITERATION 48 newScore=-2.60066e+06 diffscore=1401.11 priorChange=-109.517 successMove=44
ITERATION 49 newScore=-2.6002e+06 diffscore=463.699 priorChange=-95.6543 successMove=44
ITERATION 50 newScore=-2.59901e+06 diffscore=1189.48 priorChange=-97.0406 successMove=44
ITERATION 51 newScore=-2.59854e+06 diffscore=466.191 priorChange=-98.4269 successMove=43
ITERATION 52 newScore=-2.59654e+06 diffscore=1995.52 priorChange=-98.4269 successMove=44
ITERATION 53 newScore=-2.59514e+06 diffscore=1406.54 priorChange=-91.4954 successMove=43
ITERATION 54 newScore=-2.59479e+06 diffscore=342.571 priorChange=-105.358 successMove=47
ITERATION 55 newScore=-2.59406e+06 diffscore=730.385 priorChange=-98.4269 successMove=42
ITERATION 56 newScore=-2.59389e+06 diffscore=173.837 priorChange=-90.1091 successMove=42
ITERATION 57 newScore=-2.59371e+06 diffscore=177.545 priorChange=-88.7228 successMove=41
ITERATION 58 newScore=-2.5935e+06 diffscore=216.41 priorChange=-91.4954 successMove=38
ITERATION 59 newScore=-2.59259e+06 diffscore=903.806 priorChange=-81.7914 successMove=36
ITERATION 60 newScore=-2.59246e+06 diffscore=134.209 priorChange=-66.5421 successMove=37
ITERATION 61 newScore=-2.59228e+06 diffscore=178.74 priorChange=-83.1777 successMove=39
ITERATION 62 newScore=-2.59116e+06 diffscore=1121.87 priorChange=-79.0188 successMove=34
ITERATION 63 newScore=-2.591e+06 diffscore=156.545 priorChange=-70.701 successMove=35
ITERATION 64 newScore=-2.59082e+06 diffscore=182.685 priorChange=-73.4736 successMove=31
ITERATION 65 newScore=-2.59062e+06 diffscore=200.708 priorChange=-63.7695 successMove=32
ITERATION 66 newScore=-2.59043e+06 diffscore=191.339 priorChange=-72.0873 successMove=29
ITERATION 67 newScore=-2.5895e+06 diffscore=925.913 priorChange=-54.0655 successMove=27
ITERATION 68 newScore=-2.58932e+06 diffscore=185.664 priorChange=-55.4518 successMove=27
ITERATION 69 newScore=-2.5891e+06 diffscore=218.394 priorChange=-54.0655 successMove=27
ITERATION 70 newScore=-2.58781e+06 diffscore=1285.19 priorChange=-48.5203 successMove=27
ITERATION 71 newScore=-2.58705e+06 diffscore=758.653 priorChange=-45.7477 successMove=24
ITERATION 72 newScore=-2.58685e+06 diffscore=199.978 priorChange=-49.9066 successMove=24
ITERATION 73 newScore=-2.58673e+06 diffscore=123.732 priorChange=-41.5888 successMove=24
ITERATION 74 newScore=-2.58642e+06 diffscore=305.771 priorChange=-47.134 successMove=22
ITERATION 75 newScore=-2.58538e+06 diffscore=1046.73 priorChange=-34.6574 successMove=19
ITERATION 76 newScore=-2.58528e+06 diffscore=94.6931 priorChange=-37.4299 successMove=19
ITERATION 77 newScore=-2.58512e+06 diffscore=163.821 priorChange=-40.2025 successMove=18
ITERATION 78 newScore=-2.58499e+06 diffscore=130.968 priorChange=-42.9751 successMove=19
ITERATION 79 newScore=-2.58486e+06 diffscore=123.033 priorChange=-38.8162 successMove=17
ITERATION 80 newScore=-2.58381e+06 diffscore=1054.97 priorChange=-29.1122 successMove=17
ITERATION 81 newScore=-2.58248e+06 diffscore=1332.12 priorChange=-33.2711 successMove=16
ITERATION 82 newScore=-2.58238e+06 diffscore=95.0623 priorChange=-23.567 successMove=15
ITERATION 83 newScore=-2.58228e+06 diffscore=106.775 priorChange=-27.7259 successMove=15
ITERATION 84 newScore=-2.58215e+06 diffscore=128.899 priorChange=-30.4985 successMove=15
ITERATION 85 newScore=-2.58196e+06 diffscore=188.952 priorChange=-20.7944 successMove=15
ITERATION 86 newScore=-2.58113e+06 diffscore=832.228 priorChange=-20.7944 successMove=13
ITERATION 87 newScore=-2.58102e+06 diffscore=105.933 priorChange=-19.4081 successMove=11
ITERATION 88 newScore=-2.58093e+06 diffscore=91.4506 priorChange=-23.567 successMove=10
ITERATION 89 newScore=-2.58085e+06 diffscore=79.1545 priorChange=-23.567 successMove=10
ITERATION 90 newScore=-2.58062e+06 diffscore=228.721 priorChange=-15.2492 successMove=12
ITERATION 91 newScore=-2.57949e+06 diffscore=1126.9 priorChange=-11.0904 successMove=9
ITERATION 92 newScore=-2.57941e+06 diffscore=79.5336 priorChange=-20.7944 successMove=9
ITERATION 93 newScore=-2.57931e+06 diffscore=102.315 priorChange=-18.0218 successMove=10
ITERATION 94 newScore=-2.57925e+06 diffscore=62.6622 priorChange=-13.8629 successMove=8
ITERATION 95 newScore=-2.57917e+06 diffscore=79.2337 priorChange=-16.6355 successMove=8
ITERATION 96 newScore=-2.57903e+06 diffscore=143.722 priorChange=-11.0904 successMove=9
ITERATION 97 newScore=-2.57863e+06 diffscore=400.077 priorChange=-5.54518 successMove=8
ITERATION 98 newScore=-2.57861e+06 diffscore=19.1183 priorChange=-6.93147 successMove=7
ITERATION 99 newScore=-2.57858e+06 diffscore=26.1092 priorChange=-6.93147 successMove=6
MetaLearner::dumpAllGraphs
Final Score -2.57858e+06
MetaLearner::start runtime: 1296410532 ms
Results/
Results/cluster10/
Results/cluster10/fold0/
Results/cluster10/fold0/modelparams.txt
Results/cluster10/fold0/var_mb_pw_k50.txt
Results/cluster1/
Results/cluster1/fold0/
Results/cluster1/fold0/modelparams.txt
Results/cluster1/fold0/var_mb_pw_k50.txt
Results/cluster6/
Results/cluster6/fold0/
Results/cluster6/fold0/modelparams.txt
Results/cluster6/fold0/var_mb_pw_k50.txt
Results/cluster9/
Results/cluster9/fold0/
Results/cluster9/fold0/modelparams.txt
Results/cluster9/fold0/var_mb_pw_k50.txt
Results/cluster2/
Results/cluster2/fold0/
Results/cluster2/fold0/modelparams.txt
Results/cluster2/fold0/var_mb_pw_k50.txt
Results/cluster7/
Results/cluster7/fold0/
Results/cluster7/fold0/modelparams.txt
Results/cluster7/fold0/var_mb_pw_k50.txt
Results/cluster3/
Results/cluster3/fold0/
Results/cluster3/fold0/modelparams.txt
Results/cluster3/fold0/var_mb_pw_k50.txt
Results/cluster8/
Results/cluster8/scoreFile.txt
Results/cluster8/fold0/
Results/cluster8/fold0/modelparams.txt
Results/cluster8/fold0/var_mb_pw_k50.txt
