000 (49777.441.000) 10/11 10:48:09 Job submitted from host: <144.92.142.142:9618?addrs=144.92.142.142-9618&noUDP&sock=44923_051a_3>
...
001 (49777.441.000) 10/11 13:52:04 Job executing on host: <128.105.68.23:9618?addrs=128.105.68.23-9618&alias=gpulab2004.chtc.wisc.edu&noUDP&sock=startd_62541_80a6>
...
006 (49777.441.000) 10/11 13:52:13 Image size of job updated: 105692
	104  -  MemoryUsage of job (MB)
	105692  -  ResidentSetSize of job (KB)
...
006 (49777.441.000) 10/11 13:57:14 Image size of job updated: 745596
	686  -  MemoryUsage of job (MB)
	701652  -  ResidentSetSize of job (KB)
...
006 (49777.441.000) 10/11 14:02:14 Image size of job updated: 1096552
	1042  -  MemoryUsage of job (MB)
	1066172  -  ResidentSetSize of job (KB)
...
006 (49777.441.000) 10/11 14:07:14 Image size of job updated: 1528012
	1447  -  MemoryUsage of job (MB)
	1481508  -  ResidentSetSize of job (KB)
...
006 (49777.441.000) 10/11 14:12:15 Image size of job updated: 1977024
	1885  -  MemoryUsage of job (MB)
	1929308  -  ResidentSetSize of job (KB)
...
006 (49777.441.000) 10/11 14:16:34 Image size of job updated: 2545696
	1885  -  MemoryUsage of job (MB)
	1929308  -  ResidentSetSize of job (KB)
...
005 (49777.441.000) 10/11 14:16:34 Job terminated.
	(1) Normal termination (return value 0)
		Usr 0 00:24:21, Sys 0 00:00:04  -  Run Remote Usage
		Usr 0 00:00:00, Sys 0 00:00:00  -  Run Local Usage
		Usr 0 00:24:21, Sys 0 00:00:04  -  Total Remote Usage
		Usr 0 00:00:00, Sys 0 00:00:00  -  Total Local Usage
	179797  -  Run Bytes Sent By Job
	316905888  -  Run Bytes Received By Job
	179797  -  Total Bytes Sent By Job
	316905888  -  Total Bytes Received By Job
	Partitionable Resources :     Usage  Request Allocated 
	   Cpus                 :      0.99        1         1 
	   Disk (KB)            : 325000      819200  18192444 
	   Gpus                 :                            0 
	   Ioheavy              :                            0 
	   Memory (MB)          :   1885       20480     21341 
...
