./CVN -f config_condor.txt -x50 -v1 -l TFs_OGs.txt -n AllGenes129.txt -d celltype_tree_ancestor.txt -m testdata_ogids.txt -s celltype_order.txt -p 0.2 -c yes -b -4 -q 4
(cluster3|cluster8) p_maintain_edge=0.8 p_gain=0.2
(cluster2|cluster3) p_maintain_edge=0.8 p_gain=0.2
(cluster1|cluster2) p_maintain_edge=0.8 p_gain=0.2
(cluster6|cluster2) p_maintain_edge=0.8 p_gain=0.2
(cluster9|cluster6) p_maintain_edge=0.8 p_gain=0.2
(cluster10|cluster6) p_maintain_edge=0.8 p_gain=0.2
(cluster7|cluster10) p_maintain_edge=0.8 p_gain=0.2
speciesSet.size()=8 Root is cluster8
MappedOrthogroupReader::readSpeciesMapping() --- celltype_order.txt
MappedOrthogroupReader::readFile - testdata_ogids.txt
MappedOrthogroupReader::generateGeneOrthoMap()
MetaLearner::init_onefold() read:config_condor.txt
MetaLearner::setinputVariableNames number of variables: 2040
readEvidenceTable:cluster8.table
PotentialManager::loadEvidenceFromTable varCount=2040 sampleCount=348
motifNetwork.size() = 319
0=cluster8 motifNetwork=cluster8_network.txt
variable size=2040
readEvidenceTable:cluster3.table
PotentialManager::loadEvidenceFromTable varCount=2040 sampleCount=95
motifNetwork.size() = 326
1=cluster3 motifNetwork=cluster3_network.txt
variable size=2040
readEvidenceTable:cluster2.table
PotentialManager::loadEvidenceFromTable varCount=2040 sampleCount=386
motifNetwork.size() = 328
2=cluster2 motifNetwork=cluster2_network.txt
variable size=2040
readEvidenceTable:cluster1.table
PotentialManager::loadEvidenceFromTable varCount=2040 sampleCount=36
motifNetwork.size() = 322
3=cluster1 motifNetwork=cluster1_network.txt
variable size=2040
readEvidenceTable:cluster6.table
PotentialManager::loadEvidenceFromTable varCount=2040 sampleCount=524
motifNetwork.size() = 320
4=cluster6 motifNetwork=cluster6_network.txt
variable size=2040
readEvidenceTable:cluster9.table
PotentialManager::loadEvidenceFromTable varCount=2040 sampleCount=184
motifNetwork.size() = 327
5=cluster9 motifNetwork=cluster9_network.txt
variable size=2040
readEvidenceTable:cluster10.table
PotentialManager::loadEvidenceFromTable varCount=2040 sampleCount=165
motifNetwork.size() = 326
6=cluster10 motifNetwork=cluster10_network.txt
variable size=2040
readEvidenceTable:cluster7.table
PotentialManager::loadEvidenceFromTable varCount=2040 sampleCount=1032
motifNetwork.size() = 320
7=cluster7 motifNetwork=cluster7_network.txt
variable size=2040
-------------------------------------------------------------
MetaLearner::start
precomputeEmptyGraphPrior
binkey=0 [Edge status: 0 0 0 0 0 0 0 0 ] P(G)=P(cluster8=0)[0.8] * P(cluster1=0|cluster2=0) * P(cluster9=0|cluster6=0) * P(cluster7=0|cluster10=0) * P(cluster10=0|cluster6=0) * P(cluster6=0|cluster2=0) * P(cluster2=0|cluster3=0) * P(cluster3=0|cluster8=0)[0.209715]=0.167772
condsetMap_Tree
0 cluster8=0 cluster3=0 cluster2=0 cluster1=0 cluster6=0 cluster9=0 cluster10=0 cluster7=1
1 cluster8=0 cluster3=0 cluster2=0 cluster1=0 cluster6=0 cluster9=1 cluster10=0 cluster7=0
2 cluster8=0 cluster3=0 cluster2=0 cluster1=0 cluster6=0 cluster9=1 cluster10=0 cluster7=1
3 cluster8=0 cluster3=0 cluster2=0 cluster1=1 cluster6=0 cluster9=0 cluster10=0 cluster7=0
4 cluster8=0 cluster3=0 cluster2=0 cluster1=1 cluster6=0 cluster9=0 cluster10=0 cluster7=1
5 cluster8=0 cluster3=0 cluster2=0 cluster1=1 cluster6=0 cluster9=1 cluster10=0 cluster7=0
6 cluster8=0 cluster3=0 cluster2=0 cluster1=1 cluster6=0 cluster9=1 cluster10=0 cluster7=1
7 cluster8=0 cluster3=0 cluster2=0 cluster1=0 cluster6=0 cluster9=0 cluster10=1 cluster7=1
8 cluster8=0 cluster3=0 cluster2=0 cluster1=0 cluster6=0 cluster9=1 cluster10=1 cluster7=1
9 cluster8=0 cluster3=0 cluster2=0 cluster1=1 cluster6=0 cluster9=0 cluster10=1 cluster7=1
10 cluster8=0 cluster3=0 cluster2=0 cluster1=1 cluster6=0 cluster9=1 cluster10=1 cluster7=1
11 cluster8=0 cluster3=0 cluster2=0 cluster1=0 cluster6=1 cluster9=1 cluster10=1 cluster7=1
12 cluster8=0 cluster3=0 cluster2=0 cluster1=1 cluster6=1 cluster9=1 cluster10=1 cluster7=1
13 cluster8=0 cluster3=0 cluster2=1 cluster1=1 cluster6=1 cluster9=1 cluster10=1 cluster7=1
14 cluster8=0 cluster3=1 cluster2=1 cluster1=1 cluster6=1 cluster9=1 cluster10=1 cluster7=1
15 cluster8=1 cluster3=1 cluster2=1 cluster1=1 cluster6=1 cluster9=1 cluster10=1 cluster7=1
16 cluster8=1 cluster3=1 cluster2=1 cluster1=1 cluster6=1 cluster9=1 cluster10=1 cluster7=0
17 cluster8=1 cluster3=1 cluster2=1 cluster1=1 cluster6=1 cluster9=0 cluster10=1 cluster7=1
18 cluster8=1 cluster3=1 cluster2=1 cluster1=1 cluster6=1 cluster9=0 cluster10=1 cluster7=0
19 cluster8=1 cluster3=1 cluster2=1 cluster1=0 cluster6=1 cluster9=1 cluster10=1 cluster7=1
20 cluster8=1 cluster3=1 cluster2=1 cluster1=0 cluster6=1 cluster9=1 cluster10=1 cluster7=0
21 cluster8=1 cluster3=1 cluster2=1 cluster1=0 cluster6=1 cluster9=0 cluster10=1 cluster7=1
22 cluster8=1 cluster3=1 cluster2=1 cluster1=0 cluster6=1 cluster9=0 cluster10=1 cluster7=0
23 cluster8=1 cluster3=1 cluster2=1 cluster1=1 cluster6=1 cluster9=1 cluster10=0 cluster7=0
24 cluster8=1 cluster3=1 cluster2=1 cluster1=1 cluster6=1 cluster9=0 cluster10=0 cluster7=0
25 cluster8=1 cluster3=1 cluster2=1 cluster1=0 cluster6=1 cluster9=1 cluster10=0 cluster7=0
26 cluster8=1 cluster3=1 cluster2=1 cluster1=0 cluster6=1 cluster9=0 cluster10=0 cluster7=0
27 cluster8=1 cluster3=1 cluster2=1 cluster1=1 cluster6=0 cluster9=0 cluster10=0 cluster7=0
28 cluster8=1 cluster3=1 cluster2=1 cluster1=0 cluster6=0 cluster9=0 cluster10=0 cluster7=0
29 cluster8=1 cluster3=1 cluster2=0 cluster1=0 cluster6=0 cluster9=0 cluster10=0 cluster7=0
30 cluster8=1 cluster3=0 cluster2=0 cluster1=0 cluster6=0 cluster9=0 cluster10=0 cluster7=0
31 cluster8=0 cluster3=0 cluster2=0 cluster1=0 cluster6=1 cluster9=0 cluster10=0 cluster7=0
32 cluster8=0 cluster3=0 cluster2=1 cluster1=0 cluster6=0 cluster9=0 cluster10=0 cluster7=0
33 cluster8=0 cluster3=0 cluster2=0 cluster1=0 cluster6=0 cluster9=0 cluster10=1 cluster7=0
34 cluster8=0 cluster3=1 cluster2=0 cluster1=0 cluster6=0 cluster9=0 cluster10=0 cluster7=0
inputRegulatorOGs.size() = 1999 inputOGList.size() = 50
binkey=128 [Edge status: 0 0 0 0 0 0 0 1 ] P(G)=P(cluster8=0)[0.8] * P(cluster1=0|cluster2=0) * P(cluster9=0|cluster6=0) * P(cluster7=1|cluster10=0) * P(cluster10=0|cluster6=0) * P(cluster6=0|cluster2=0) * P(cluster2=0|cluster3=0) * P(cluster3=0|cluster8=0)[0.0524288]=0.041943
binkey=32 [Edge status: 0 0 0 0 0 1 0 0 ] P(G)=P(cluster8=0)[0.8] * P(cluster1=0|cluster2=0) * P(cluster9=1|cluster6=0) * P(cluster7=0|cluster10=0) * P(cluster10=0|cluster6=0) * P(cluster6=0|cluster2=0) * P(cluster2=0|cluster3=0) * P(cluster3=0|cluster8=0)[0.0524288]=0.041943
binkey=4 [Edge status: 0 0 1 0 0 0 0 0 ] P(G)=P(cluster8=0)[0.8] * P(cluster1=0|cluster2=1) * P(cluster9=0|cluster6=0) * P(cluster7=0|cluster10=0) * P(cluster10=0|cluster6=0) * P(cluster6=0|cluster2=1) * P(cluster2=1|cluster3=0) * P(cluster3=0|cluster8=0)[0.0032768]=0.00262144
binkey=1 [Edge status: 1 0 0 0 0 0 0 0 ] P(G)=P(cluster8=1)[0.2] * P(cluster1=0|cluster2=0) * P(cluster9=0|cluster6=0) * P(cluster7=0|cluster10=0) * P(cluster10=0|cluster6=0) * P(cluster6=0|cluster2=0) * P(cluster2=0|cluster3=0) * P(cluster3=0|cluster8=1)[0.0524288]=0.0104858
binkey=2 [Edge status: 0 1 0 0 0 0 0 0 ] P(G)=P(cluster8=0)[0.8] * P(cluster1=0|cluster2=0) * P(cluster9=0|cluster6=0) * P(cluster7=0|cluster10=0) * P(cluster10=0|cluster6=0) * P(cluster6=0|cluster2=0) * P(cluster2=0|cluster3=1) * P(cluster3=1|cluster8=0)[0.0131072]=0.0104858
binkey=64 [Edge status: 0 0 0 0 0 0 1 0 ] P(G)=P(cluster8=0)[0.8] * P(cluster1=0|cluster2=0) * P(cluster9=0|cluster6=0) * P(cluster7=0|cluster10=1) * P(cluster10=1|cluster6=0) * P(cluster6=0|cluster2=0) * P(cluster2=0|cluster3=0) * P(cluster3=0|cluster8=0)[0.0131072]=0.0104858
binkey=16 [Edge status: 0 0 0 0 1 0 0 0 ] P(G)=P(cluster8=0)[0.8] * P(cluster1=0|cluster2=0) * P(cluster9=0|cluster6=1) * P(cluster7=0|cluster10=0) * P(cluster10=0|cluster6=1) * P(cluster6=1|cluster2=0) * P(cluster2=0|cluster3=0) * P(cluster3=0|cluster8=0)[0.0032768]=0.00262144
binkey=160 [Edge status: 0 0 0 0 0 1 0 1 ] P(G)=P(cluster8=0)[0.8] * P(cluster1=0|cluster2=0) * P(cluster9=1|cluster6=0) * P(cluster7=1|cluster10=0) * P(cluster10=0|cluster6=0) * P(cluster6=0|cluster2=0) * P(cluster2=0|cluster3=0) * P(cluster3=0|cluster8=0)[0.0131072]=0.0104858
binkey=192 [Edge status: 0 0 0 0 0 0 1 1 ] P(G)=P(cluster8=0)[0.8] * P(cluster1=0|cluster2=0) * P(cluster9=0|cluster6=0) * P(cluster7=1|cluster10=1) * P(cluster10=1|cluster6=0) * P(cluster6=0|cluster2=0) * P(cluster2=0|cluster3=0) * P(cluster3=0|cluster8=0)[0.0524288]=0.041943
binkey=224 [Edge status: 0 0 0 0 0 1 1 1 ] P(G)=P(cluster8=0)[0.8] * P(cluster1=0|cluster2=0) * P(cluster9=1|cluster6=0) * P(cluster7=1|cluster10=1) * P(cluster10=1|cluster6=0) * P(cluster6=0|cluster2=0) * P(cluster2=0|cluster3=0) * P(cluster3=0|cluster8=0)[0.0131072]=0.0104858
binkey=3 [Edge status: 1 1 0 0 0 0 0 0 ] P(G)=P(cluster8=1)[0.2] * P(cluster1=0|cluster2=0) * P(cluster9=0|cluster6=0) * P(cluster7=0|cluster10=0) * P(cluster10=0|cluster6=0) * P(cluster6=0|cluster2=0) * P(cluster2=0|cluster3=1) * P(cluster3=1|cluster8=1)[0.0524288]=0.0104858
binkey=240 [Edge status: 0 0 0 0 1 1 1 1 ] P(G)=P(cluster8=0)[0.8] * P(cluster1=0|cluster2=0) * P(cluster9=1|cluster6=1) * P(cluster7=1|cluster10=1) * P(cluster10=1|cluster6=1) * P(cluster6=1|cluster2=0) * P(cluster2=0|cluster3=0) * P(cluster3=0|cluster8=0)[0.0524288]=0.041943
binkey=8 [Edge status: 0 0 0 1 0 0 0 0 ] P(G)=P(cluster8=0)[0.8] * P(cluster1=1|cluster2=0) * P(cluster9=0|cluster6=0) * P(cluster7=0|cluster10=0) * P(cluster10=0|cluster6=0) * P(cluster6=0|cluster2=0) * P(cluster2=0|cluster3=0) * P(cluster3=0|cluster8=0)[0.0524288]=0.041943
binkey=136 [Edge status: 0 0 0 1 0 0 0 1 ] P(G)=P(cluster8=0)[0.8] * P(cluster1=1|cluster2=0) * P(cluster9=0|cluster6=0) * P(cluster7=1|cluster10=0) * P(cluster10=0|cluster6=0) * P(cluster6=0|cluster2=0) * P(cluster2=0|cluster3=0) * P(cluster3=0|cluster8=0)[0.0131072]=0.0104858
binkey=7 [Edge status: 1 1 1 0 0 0 0 0 ] P(G)=P(cluster8=1)[0.2] * P(cluster1=0|cluster2=1) * P(cluster9=0|cluster6=0) * P(cluster7=0|cluster10=0) * P(cluster10=0|cluster6=0) * P(cluster6=0|cluster2=1) * P(cluster2=1|cluster3=1) * P(cluster3=1|cluster8=1)[0.0131072]=0.00262144
binkey=40 [Edge status: 0 0 0 1 0 1 0 0 ] P(G)=P(cluster8=0)[0.8] * P(cluster1=1|cluster2=0) * P(cluster9=1|cluster6=0) * P(cluster7=0|cluster10=0) * P(cluster10=0|cluster6=0) * P(cluster6=0|cluster2=0) * P(cluster2=0|cluster3=0) * P(cluster3=0|cluster8=0)[0.0131072]=0.0104858
binkey=247 [Edge status: 1 1 1 0 1 1 1 1 ] P(G)=P(cluster8=1)[0.2] * P(cluster1=0|cluster2=1) * P(cluster9=1|cluster6=1) * P(cluster7=1|cluster10=1) * P(cluster10=1|cluster6=1) * P(cluster6=1|cluster2=1) * P(cluster2=1|cluster3=1) * P(cluster3=1|cluster8=1)[0.0524288]=0.0104858
binkey=119 [Edge status: 1 1 1 0 1 1 1 0 ] P(G)=P(cluster8=1)[0.2] * P(cluster1=0|cluster2=1) * P(cluster9=1|cluster6=1) * P(cluster7=0|cluster10=1) * P(cluster10=1|cluster6=1) * P(cluster6=1|cluster2=1) * P(cluster2=1|cluster3=1) * P(cluster3=1|cluster8=1)[0.0131072]=0.00262144
binkey=215 [Edge status: 1 1 1 0 1 0 1 1 ] P(G)=P(cluster8=1)[0.2] * P(cluster1=0|cluster2=1) * P(cluster9=0|cluster6=1) * P(cluster7=1|cluster10=1) * P(cluster10=1|cluster6=1) * P(cluster6=1|cluster2=1) * P(cluster2=1|cluster3=1) * P(cluster3=1|cluster8=1)[0.0131072]=0.00262144
binkey=87 [Edge status: 1 1 1 0 1 0 1 0 ] P(G)=P(cluster8=1)[0.2] * P(cluster1=0|cluster2=1) * P(cluster9=0|cluster6=1) * P(cluster7=0|cluster10=1) * P(cluster10=1|cluster6=1) * P(cluster6=1|cluster2=1) * P(cluster2=1|cluster3=1) * P(cluster3=1|cluster8=1)[0.0032768]=0.00065536
binkey=55 [Edge status: 1 1 1 0 1 1 0 0 ] P(G)=P(cluster8=1)[0.2] * P(cluster1=0|cluster2=1) * P(cluster9=1|cluster6=1) * P(cluster7=0|cluster10=0) * P(cluster10=0|cluster6=1) * P(cluster6=1|cluster2=1) * P(cluster2=1|cluster3=1) * P(cluster3=1|cluster8=1)[0.0131072]=0.00262144
binkey=23 [Edge status: 1 1 1 0 1 0 0 0 ] P(G)=P(cluster8=1)[0.2] * P(cluster1=0|cluster2=1) * P(cluster9=0|cluster6=1) * P(cluster7=0|cluster10=0) * P(cluster10=0|cluster6=1) * P(cluster6=1|cluster2=1) * P(cluster2=1|cluster3=1) * P(cluster3=1|cluster8=1)[0.0032768]=0.00065536
binkey=168 [Edge status: 0 0 0 1 0 1 0 1 ] P(G)=P(cluster8=0)[0.8] * P(cluster1=1|cluster2=0) * P(cluster9=1|cluster6=0) * P(cluster7=1|cluster10=0) * P(cluster10=0|cluster6=0) * P(cluster6=0|cluster2=0) * P(cluster2=0|cluster3=0) * P(cluster3=0|cluster8=0)[0.0032768]=0.00262144
binkey=31 [Edge status: 1 1 1 1 1 0 0 0 ] P(G)=P(cluster8=1)[0.2] * P(cluster1=1|cluster2=1) * P(cluster9=0|cluster6=1) * P(cluster7=0|cluster10=0) * P(cluster10=0|cluster6=1) * P(cluster6=1|cluster2=1) * P(cluster2=1|cluster3=1) * P(cluster3=1|cluster8=1)[0.0131072]=0.00262144
binkey=15 [Edge status: 1 1 1 1 0 0 0 0 ] P(G)=P(cluster8=1)[0.2] * P(cluster1=1|cluster2=1) * P(cluster9=0|cluster6=0) * P(cluster7=0|cluster10=0) * P(cluster10=0|cluster6=0) * P(cluster6=0|cluster2=1) * P(cluster2=1|cluster3=1) * P(cluster3=1|cluster8=1)[0.0524288]=0.0104858
binkey=200 [Edge status: 0 0 0 1 0 0 1 1 ] P(G)=P(cluster8=0)[0.8] * P(cluster1=1|cluster2=0) * P(cluster9=0|cluster6=0) * P(cluster7=1|cluster10=1) * P(cluster10=1|cluster6=0) * P(cluster6=0|cluster2=0) * P(cluster2=0|cluster3=0) * P(cluster3=0|cluster8=0)[0.0131072]=0.0104858
binkey=232 [Edge status: 0 0 0 1 0 1 1 1 ] P(G)=P(cluster8=0)[0.8] * P(cluster1=1|cluster2=0) * P(cluster9=1|cluster6=0) * P(cluster7=1|cluster10=1) * P(cluster10=1|cluster6=0) * P(cluster6=0|cluster2=0) * P(cluster2=0|cluster3=0) * P(cluster3=0|cluster8=0)[0.0032768]=0.00262144
ITERATION 0 newScore=-2.68582e+06 diffscore=12028.3 priorChange=-98.4269 successMove=55
ITERATION 1 newScore=-2.67962e+06 diffscore=6201.73 priorChange=-105.358 successMove=50
ITERATION 2 newScore=-2.67057e+06 diffscore=9051.22 priorChange=-115.062 successMove=53
ITERATION 3 newScore=-2.66533e+06 diffscore=5240.75 priorChange=-103.972 successMove=50
ITERATION 4 newScore=-2.65573e+06 diffscore=9598.14 priorChange=-110.904 successMove=52
ITERATION 5 newScore=-2.65095e+06 diffscore=4787.04 priorChange=-117.835 successMove=50
ITERATION 6 newScore=-2.64582e+06 diffscore=5128.05 priorChange=-117.835 successMove=50
ITERATION 7 newScore=-2.64229e+06 diffscore=3527.94 priorChange=-121.994 successMove=54
ITERATION 8 newScore=-2.63925e+06 diffscore=3041.07 priorChange=-117.835 successMove=51
ITERATION 9 newScore=-2.63603e+06 diffscore=3216.82 priorChange=-112.29 successMove=52
ITERATION 10 newScore=-2.6313e+06 diffscore=4727.17 priorChange=-110.904 successMove=50
ITERATION 11 newScore=-2.62532e+06 diffscore=5981.68 priorChange=-119.221 successMove=51
ITERATION 12 newScore=-2.61991e+06 diffscore=5417.9 priorChange=-108.131 successMove=51
ITERATION 13 newScore=-2.61773e+06 diffscore=2170.88 priorChange=-117.835 successMove=52
ITERATION 14 newScore=-2.61476e+06 diffscore=2972.22 priorChange=-108.131 successMove=50
ITERATION 15 newScore=-2.61241e+06 diffscore=2348.82 priorChange=-95.6543 successMove=50
ITERATION 16 newScore=-2.60914e+06 diffscore=3270.47 priorChange=-117.835 successMove=51
ITERATION 17 newScore=-2.60203e+06 diffscore=7117.52 priorChange=-116.449 successMove=54
ITERATION 18 newScore=-2.5989e+06 diffscore=3124.61 priorChange=-115.062 successMove=54
ITERATION 19 newScore=-2.59817e+06 diffscore=727.606 priorChange=-126.153 successMove=51
ITERATION 20 newScore=-2.59737e+06 diffscore=803.824 priorChange=-123.38 successMove=52
ITERATION 21 newScore=-2.59442e+06 diffscore=2952.25 priorChange=-117.835 successMove=51
ITERATION 22 newScore=-2.59357e+06 diffscore=849.705 priorChange=-121.994 successMove=50
ITERATION 23 newScore=-2.59306e+06 diffscore=510.641 priorChange=-116.449 successMove=52
ITERATION 24 newScore=-2.59058e+06 diffscore=2481.36 priorChange=-108.131 successMove=52
ITERATION 25 newScore=-2.58918e+06 diffscore=1398.33 priorChange=-105.358 successMove=50
ITERATION 26 newScore=-2.58708e+06 diffscore=2100.53 priorChange=-120.608 successMove=50
ITERATION 27 newScore=-2.58654e+06 diffscore=540.169 priorChange=-98.4269 successMove=52
ITERATION 28 newScore=-2.58615e+06 diffscore=391.172 priorChange=-102.586 successMove=50
ITERATION 29 newScore=-2.58568e+06 diffscore=465.842 priorChange=-112.29 successMove=49
ITERATION 30 newScore=-2.58488e+06 diffscore=802.477 priorChange=-116.449 successMove=50
ITERATION 31 newScore=-2.58427e+06 diffscore=611.083 priorChange=-108.131 successMove=51
ITERATION 32 newScore=-2.58212e+06 diffscore=2142.99 priorChange=-103.972 successMove=51
ITERATION 33 newScore=-2.58055e+06 diffscore=1570.96 priorChange=-101.199 successMove=51
ITERATION 34 newScore=-2.58011e+06 diffscore=444.438 priorChange=-113.676 successMove=48
ITERATION 35 newScore=-2.57964e+06 diffscore=464.497 priorChange=-91.4954 successMove=49
ITERATION 36 newScore=-2.57758e+06 diffscore=2059.7 priorChange=-105.358 successMove=47
ITERATION 37 newScore=-2.57627e+06 diffscore=1308.4 priorChange=-112.29 successMove=47
ITERATION 38 newScore=-2.57562e+06 diffscore=654.341 priorChange=-108.131 successMove=47
ITERATION 39 newScore=-2.57274e+06 diffscore=2880.99 priorChange=-97.0406 successMove=50
ITERATION 40 newScore=-2.57029e+06 diffscore=2448.83 priorChange=-90.1091 successMove=47
ITERATION 41 newScore=-2.56839e+06 diffscore=1899.08 priorChange=-98.4269 successMove=50
ITERATION 42 newScore=-2.56664e+06 diffscore=1747.76 priorChange=-97.0406 successMove=47
ITERATION 43 newScore=-2.56406e+06 diffscore=2581.17 priorChange=-105.358 successMove=46
ITERATION 44 newScore=-2.56252e+06 diffscore=1547.24 priorChange=-98.4269 successMove=45
ITERATION 45 newScore=-2.56211e+06 diffscore=402.19 priorChange=-88.7228 successMove=46
ITERATION 46 newScore=-2.56176e+06 diffscore=353.319 priorChange=-98.4269 successMove=44
ITERATION 47 newScore=-2.56019e+06 diffscore=1571.56 priorChange=-85.9503 successMove=45
ITERATION 48 newScore=-2.55889e+06 diffscore=1297.51 priorChange=-98.4269 successMove=44
ITERATION 49 newScore=-2.55857e+06 diffscore=320.488 priorChange=-108.131 successMove=44
ITERATION 50 newScore=-2.5582e+06 diffscore=367.69 priorChange=-94.268 successMove=43
ITERATION 51 newScore=-2.55682e+06 diffscore=1386.66 priorChange=-88.7228 successMove=43
ITERATION 52 newScore=-2.55417e+06 diffscore=2650.35 priorChange=-97.0406 successMove=42
ITERATION 53 newScore=-2.55384e+06 diffscore=326.171 priorChange=-87.3365 successMove=42
ITERATION 54 newScore=-2.55269e+06 diffscore=1146.87 priorChange=-91.4954 successMove=41
ITERATION 55 newScore=-2.55096e+06 diffscore=1732.65 priorChange=-91.4954 successMove=42
ITERATION 56 newScore=-2.55077e+06 diffscore=189.069 priorChange=-91.4954 successMove=41
ITERATION 57 newScore=-2.54934e+06 diffscore=1432.56 priorChange=-95.6543 successMove=41
ITERATION 58 newScore=-2.54916e+06 diffscore=180.237 priorChange=-91.4954 successMove=41
ITERATION 59 newScore=-2.549e+06 diffscore=160.412 priorChange=-91.4954 successMove=39
ITERATION 60 newScore=-2.54886e+06 diffscore=136.482 priorChange=-69.3147 successMove=39
ITERATION 61 newScore=-2.54869e+06 diffscore=167.021 priorChange=-84.564 successMove=36
ITERATION 62 newScore=-2.54846e+06 diffscore=234.682 priorChange=-83.1777 successMove=36
ITERATION 63 newScore=-2.5473e+06 diffscore=1157.47 priorChange=-79.0188 successMove=37
ITERATION 64 newScore=-2.54715e+06 diffscore=152.405 priorChange=-79.0188 successMove=35
ITERATION 65 newScore=-2.54697e+06 diffscore=177.022 priorChange=-66.5421 successMove=32
ITERATION 66 newScore=-2.54678e+06 diffscore=197.107 priorChange=-66.5421 successMove=31
ITERATION 67 newScore=-2.54651e+06 diffscore=267.717 priorChange=-51.2929 successMove=29
ITERATION 68 newScore=-2.54524e+06 diffscore=1266.35 priorChange=-52.6792 successMove=30
ITERATION 69 newScore=-2.54507e+06 diffscore=168.42 priorChange=-62.3832 successMove=26
ITERATION 70 newScore=-2.5449e+06 diffscore=172.375 priorChange=-52.6792 successMove=26
ITERATION 71 newScore=-2.54469e+06 diffscore=208.511 priorChange=-58.2244 successMove=24
ITERATION 72 newScore=-2.5434e+06 diffscore=1296.95 priorChange=-55.4518 successMove=26
ITERATION 73 newScore=-2.54323e+06 diffscore=164.123 priorChange=-55.4518 successMove=24
ITERATION 74 newScore=-2.54301e+06 diffscore=224.301 priorChange=-52.6792 successMove=23
ITERATION 75 newScore=-2.54272e+06 diffscore=284.803 priorChange=-51.2929 successMove=23
ITERATION 76 newScore=-2.54131e+06 diffscore=1413.48 priorChange=-47.134 successMove=21
ITERATION 77 newScore=-2.54106e+06 diffscore=246.445 priorChange=-34.6574 successMove=19
ITERATION 78 newScore=-2.53975e+06 diffscore=1310.77 priorChange=-42.9751 successMove=19
ITERATION 79 newScore=-2.53741e+06 diffscore=2346.15 priorChange=-40.2025 successMove=18
ITERATION 80 newScore=-2.53641e+06 diffscore=991.822 priorChange=-44.3614 successMove=18
ITERATION 81 newScore=-2.53635e+06 diffscore=61.4019 priorChange=-34.6574 successMove=19
ITERATION 82 newScore=-2.5363e+06 diffscore=55.5286 priorChange=-31.8848 successMove=16
ITERATION 83 newScore=-2.53617e+06 diffscore=125.061 priorChange=-24.9533 successMove=15
ITERATION 84 newScore=-2.53608e+06 diffscore=92.1607 priorChange=-36.0437 successMove=14
ITERATION 85 newScore=-2.53596e+06 diffscore=120.161 priorChange=-30.4985 successMove=13
ITERATION 86 newScore=-2.5349e+06 diffscore=1056.25 priorChange=-23.567 successMove=12
ITERATION 87 newScore=-2.53487e+06 diffscore=35.9861 priorChange=-26.3396 successMove=11
ITERATION 88 newScore=-2.53483e+06 diffscore=38.431 priorChange=-19.4081 successMove=10
ITERATION 89 newScore=-2.5348e+06 diffscore=25.2726 priorChange=-16.6355 successMove=10
ITERATION 90 newScore=-2.53477e+06 diffscore=33.2151 priorChange=-20.7944 successMove=9
ITERATION 91 newScore=-2.53474e+06 diffscore=34.5539 priorChange=-19.4081 successMove=9
ITERATION 92 newScore=-2.5347e+06 diffscore=39.889 priorChange=-23.567 successMove=9
ITERATION 93 newScore=-2.53465e+06 diffscore=46.7268 priorChange=-18.0218 successMove=8
ITERATION 94 newScore=-2.53461e+06 diffscore=36.643 priorChange=-15.2492 successMove=6
ITERATION 95 newScore=-2.53458e+06 diffscore=33.5761 priorChange=-8.31777 successMove=6
ITERATION 96 newScore=-2.53453e+06 diffscore=45.067 priorChange=-12.4766 successMove=6
ITERATION 97 newScore=-2.53447e+06 diffscore=59.3065 priorChange=-11.0904 successMove=5
ITERATION 98 newScore=-2.53442e+06 diffscore=58.8065 priorChange=-11.0904 successMove=5
ITERATION 99 newScore=-2.53434e+06 diffscore=75.3988 priorChange=-6.93147 successMove=5
MetaLearner::dumpAllGraphs
Final Score -2.53434e+06
MetaLearner::start runtime: 2004159270 ms
Results/
Results/cluster8/
Results/cluster8/fold0/
Results/cluster8/fold0/var_mb_pw_k50.txt
Results/cluster8/fold0/modelparams.txt
Results/cluster8/scoreFile.txt
Results/cluster3/
Results/cluster3/fold0/
Results/cluster3/fold0/var_mb_pw_k50.txt
Results/cluster3/fold0/modelparams.txt
Results/cluster2/
Results/cluster2/fold0/
Results/cluster2/fold0/var_mb_pw_k50.txt
Results/cluster2/fold0/modelparams.txt
Results/cluster1/
Results/cluster1/fold0/
Results/cluster1/fold0/var_mb_pw_k50.txt
Results/cluster1/fold0/modelparams.txt
Results/cluster6/
Results/cluster6/fold0/
Results/cluster6/fold0/var_mb_pw_k50.txt
Results/cluster6/fold0/modelparams.txt
Results/cluster9/
Results/cluster9/fold0/
Results/cluster9/fold0/var_mb_pw_k50.txt
Results/cluster9/fold0/modelparams.txt
Results/cluster10/
Results/cluster10/fold0/
Results/cluster10/fold0/var_mb_pw_k50.txt
Results/cluster10/fold0/modelparams.txt
Results/cluster7/
Results/cluster7/fold0/
Results/cluster7/fold0/var_mb_pw_k50.txt
Results/cluster7/fold0/modelparams.txt
