./CVN -f config_condor.txt -x50 -v1 -l TFs_OGs.txt -n AllGenes55.txt -d celltype_tree_ancestor.txt -m testdata_ogids.txt -s celltype_order.txt -p 0.2 -c yes -b -4 -q 4
(cluster3|cluster8) p_maintain_edge=0.8 p_gain=0.2
(cluster2|cluster3) p_maintain_edge=0.8 p_gain=0.2
(cluster1|cluster2) p_maintain_edge=0.8 p_gain=0.2
(cluster6|cluster2) p_maintain_edge=0.8 p_gain=0.2
(cluster9|cluster6) p_maintain_edge=0.8 p_gain=0.2
(cluster10|cluster6) p_maintain_edge=0.8 p_gain=0.2
(cluster7|cluster10) p_maintain_edge=0.8 p_gain=0.2
speciesSet.size()=8 Root is cluster8
MappedOrthogroupReader::readSpeciesMapping() --- celltype_order.txt
MappedOrthogroupReader::readFile - testdata_ogids.txt
MappedOrthogroupReader::generateGeneOrthoMap()
MetaLearner::init_onefold() read:config_condor.txt
MetaLearner::setinputVariableNames number of variables: 2046
readEvidenceTable:cluster8.table
PotentialManager::loadEvidenceFromTable varCount=2046 sampleCount=348
motifNetwork.size() = 319
0=cluster8 motifNetwork=cluster8_network.txt
variable size=2046
readEvidenceTable:cluster3.table
PotentialManager::loadEvidenceFromTable varCount=2046 sampleCount=95
motifNetwork.size() = 326
1=cluster3 motifNetwork=cluster3_network.txt
variable size=2046
readEvidenceTable:cluster2.table
PotentialManager::loadEvidenceFromTable varCount=2046 sampleCount=386
motifNetwork.size() = 328
2=cluster2 motifNetwork=cluster2_network.txt
variable size=2046
readEvidenceTable:cluster1.table
PotentialManager::loadEvidenceFromTable varCount=2046 sampleCount=36
motifNetwork.size() = 322
3=cluster1 motifNetwork=cluster1_network.txt
variable size=2046
readEvidenceTable:cluster6.table
PotentialManager::loadEvidenceFromTable varCount=2046 sampleCount=524
motifNetwork.size() = 320
4=cluster6 motifNetwork=cluster6_network.txt
variable size=2046
readEvidenceTable:cluster9.table
PotentialManager::loadEvidenceFromTable varCount=2046 sampleCount=184
motifNetwork.size() = 327
5=cluster9 motifNetwork=cluster9_network.txt
variable size=2046
readEvidenceTable:cluster10.table
PotentialManager::loadEvidenceFromTable varCount=2046 sampleCount=165
motifNetwork.size() = 326
6=cluster10 motifNetwork=cluster10_network.txt
variable size=2046
readEvidenceTable:cluster7.table
PotentialManager::loadEvidenceFromTable varCount=2046 sampleCount=1032
motifNetwork.size() = 320
7=cluster7 motifNetwork=cluster7_network.txt
variable size=2046
-------------------------------------------------------------
MetaLearner::start
precomputeEmptyGraphPrior
binkey=0 [Edge status: 0 0 0 0 0 0 0 0 ] P(G)=P(cluster8=0)[0.8] * P(cluster1=0|cluster2=0) * P(cluster9=0|cluster6=0) * P(cluster7=0|cluster10=0) * P(cluster10=0|cluster6=0) * P(cluster6=0|cluster2=0) * P(cluster2=0|cluster3=0) * P(cluster3=0|cluster8=0)[0.209715]=0.167772
condsetMap_Tree
0 cluster8=0 cluster3=0 cluster2=0 cluster1=0 cluster6=0 cluster9=0 cluster10=0 cluster7=1
1 cluster8=0 cluster3=0 cluster2=0 cluster1=0 cluster6=0 cluster9=1 cluster10=0 cluster7=0
2 cluster8=0 cluster3=0 cluster2=0 cluster1=0 cluster6=0 cluster9=1 cluster10=0 cluster7=1
3 cluster8=0 cluster3=0 cluster2=0 cluster1=1 cluster6=0 cluster9=0 cluster10=0 cluster7=0
4 cluster8=0 cluster3=0 cluster2=0 cluster1=1 cluster6=0 cluster9=0 cluster10=0 cluster7=1
5 cluster8=0 cluster3=0 cluster2=0 cluster1=1 cluster6=0 cluster9=1 cluster10=0 cluster7=0
6 cluster8=0 cluster3=0 cluster2=0 cluster1=1 cluster6=0 cluster9=1 cluster10=0 cluster7=1
7 cluster8=0 cluster3=0 cluster2=0 cluster1=0 cluster6=0 cluster9=0 cluster10=1 cluster7=1
8 cluster8=0 cluster3=0 cluster2=0 cluster1=0 cluster6=0 cluster9=1 cluster10=1 cluster7=1
9 cluster8=0 cluster3=0 cluster2=0 cluster1=1 cluster6=0 cluster9=0 cluster10=1 cluster7=1
10 cluster8=0 cluster3=0 cluster2=0 cluster1=1 cluster6=0 cluster9=1 cluster10=1 cluster7=1
11 cluster8=0 cluster3=0 cluster2=0 cluster1=0 cluster6=1 cluster9=1 cluster10=1 cluster7=1
12 cluster8=0 cluster3=0 cluster2=0 cluster1=1 cluster6=1 cluster9=1 cluster10=1 cluster7=1
13 cluster8=0 cluster3=0 cluster2=1 cluster1=1 cluster6=1 cluster9=1 cluster10=1 cluster7=1
14 cluster8=0 cluster3=1 cluster2=1 cluster1=1 cluster6=1 cluster9=1 cluster10=1 cluster7=1
15 cluster8=1 cluster3=1 cluster2=1 cluster1=1 cluster6=1 cluster9=1 cluster10=1 cluster7=1
16 cluster8=1 cluster3=1 cluster2=1 cluster1=1 cluster6=1 cluster9=1 cluster10=1 cluster7=0
17 cluster8=1 cluster3=1 cluster2=1 cluster1=1 cluster6=1 cluster9=0 cluster10=1 cluster7=1
18 cluster8=1 cluster3=1 cluster2=1 cluster1=1 cluster6=1 cluster9=0 cluster10=1 cluster7=0
19 cluster8=1 cluster3=1 cluster2=1 cluster1=0 cluster6=1 cluster9=1 cluster10=1 cluster7=1
20 cluster8=1 cluster3=1 cluster2=1 cluster1=0 cluster6=1 cluster9=1 cluster10=1 cluster7=0
21 cluster8=1 cluster3=1 cluster2=1 cluster1=0 cluster6=1 cluster9=0 cluster10=1 cluster7=1
22 cluster8=1 cluster3=1 cluster2=1 cluster1=0 cluster6=1 cluster9=0 cluster10=1 cluster7=0
23 cluster8=1 cluster3=1 cluster2=1 cluster1=1 cluster6=1 cluster9=1 cluster10=0 cluster7=0
24 cluster8=1 cluster3=1 cluster2=1 cluster1=1 cluster6=1 cluster9=0 cluster10=0 cluster7=0
25 cluster8=1 cluster3=1 cluster2=1 cluster1=0 cluster6=1 cluster9=1 cluster10=0 cluster7=0
26 cluster8=1 cluster3=1 cluster2=1 cluster1=0 cluster6=1 cluster9=0 cluster10=0 cluster7=0
27 cluster8=1 cluster3=1 cluster2=1 cluster1=1 cluster6=0 cluster9=0 cluster10=0 cluster7=0
28 cluster8=1 cluster3=1 cluster2=1 cluster1=0 cluster6=0 cluster9=0 cluster10=0 cluster7=0
29 cluster8=1 cluster3=1 cluster2=0 cluster1=0 cluster6=0 cluster9=0 cluster10=0 cluster7=0
30 cluster8=1 cluster3=0 cluster2=0 cluster1=0 cluster6=0 cluster9=0 cluster10=0 cluster7=0
31 cluster8=0 cluster3=0 cluster2=0 cluster1=0 cluster6=1 cluster9=0 cluster10=0 cluster7=0
32 cluster8=0 cluster3=0 cluster2=1 cluster1=0 cluster6=0 cluster9=0 cluster10=0 cluster7=0
33 cluster8=0 cluster3=0 cluster2=0 cluster1=0 cluster6=0 cluster9=0 cluster10=1 cluster7=0
34 cluster8=0 cluster3=1 cluster2=0 cluster1=0 cluster6=0 cluster9=0 cluster10=0 cluster7=0
inputRegulatorOGs.size() = 1999 inputOGList.size() = 50
binkey=1 [Edge status: 1 0 0 0 0 0 0 0 ] P(G)=P(cluster8=1)[0.2] * P(cluster1=0|cluster2=0) * P(cluster9=0|cluster6=0) * P(cluster7=0|cluster10=0) * P(cluster10=0|cluster6=0) * P(cluster6=0|cluster2=0) * P(cluster2=0|cluster3=0) * P(cluster3=0|cluster8=1)[0.0524288]=0.0104858
binkey=2 [Edge status: 0 1 0 0 0 0 0 0 ] P(G)=P(cluster8=0)[0.8] * P(cluster1=0|cluster2=0) * P(cluster9=0|cluster6=0) * P(cluster7=0|cluster10=0) * P(cluster10=0|cluster6=0) * P(cluster6=0|cluster2=0) * P(cluster2=0|cluster3=1) * P(cluster3=1|cluster8=0)[0.0131072]=0.0104858
binkey=4 [Edge status: 0 0 1 0 0 0 0 0 ] P(G)=P(cluster8=0)[0.8] * P(cluster1=0|cluster2=1) * P(cluster9=0|cluster6=0) * P(cluster7=0|cluster10=0) * P(cluster10=0|cluster6=0) * P(cluster6=0|cluster2=1) * P(cluster2=1|cluster3=0) * P(cluster3=0|cluster8=0)[0.0032768]=0.00262144
binkey=32 [Edge status: 0 0 0 0 0 1 0 0 ] P(G)=P(cluster8=0)[0.8] * P(cluster1=0|cluster2=0) * P(cluster9=1|cluster6=0) * P(cluster7=0|cluster10=0) * P(cluster10=0|cluster6=0) * P(cluster6=0|cluster2=0) * P(cluster2=0|cluster3=0) * P(cluster3=0|cluster8=0)[0.0524288]=0.041943
binkey=128 [Edge status: 0 0 0 0 0 0 0 1 ] P(G)=P(cluster8=0)[0.8] * P(cluster1=0|cluster2=0) * P(cluster9=0|cluster6=0) * P(cluster7=1|cluster10=0) * P(cluster10=0|cluster6=0) * P(cluster6=0|cluster2=0) * P(cluster2=0|cluster3=0) * P(cluster3=0|cluster8=0)[0.0524288]=0.041943
binkey=8 [Edge status: 0 0 0 1 0 0 0 0 ] P(G)=P(cluster8=0)[0.8] * P(cluster1=1|cluster2=0) * P(cluster9=0|cluster6=0) * P(cluster7=0|cluster10=0) * P(cluster10=0|cluster6=0) * P(cluster6=0|cluster2=0) * P(cluster2=0|cluster3=0) * P(cluster3=0|cluster8=0)[0.0524288]=0.041943
binkey=64 [Edge status: 0 0 0 0 0 0 1 0 ] P(G)=P(cluster8=0)[0.8] * P(cluster1=0|cluster2=0) * P(cluster9=0|cluster6=0) * P(cluster7=0|cluster10=1) * P(cluster10=1|cluster6=0) * P(cluster6=0|cluster2=0) * P(cluster2=0|cluster3=0) * P(cluster3=0|cluster8=0)[0.0131072]=0.0104858
binkey=16 [Edge status: 0 0 0 0 1 0 0 0 ] P(G)=P(cluster8=0)[0.8] * P(cluster1=0|cluster2=0) * P(cluster9=0|cluster6=1) * P(cluster7=0|cluster10=0) * P(cluster10=0|cluster6=1) * P(cluster6=1|cluster2=0) * P(cluster2=0|cluster3=0) * P(cluster3=0|cluster8=0)[0.0032768]=0.00262144
binkey=40 [Edge status: 0 0 0 1 0 1 0 0 ] P(G)=P(cluster8=0)[0.8] * P(cluster1=1|cluster2=0) * P(cluster9=1|cluster6=0) * P(cluster7=0|cluster10=0) * P(cluster10=0|cluster6=0) * P(cluster6=0|cluster2=0) * P(cluster2=0|cluster3=0) * P(cluster3=0|cluster8=0)[0.0131072]=0.0104858
binkey=136 [Edge status: 0 0 0 1 0 0 0 1 ] P(G)=P(cluster8=0)[0.8] * P(cluster1=1|cluster2=0) * P(cluster9=0|cluster6=0) * P(cluster7=1|cluster10=0) * P(cluster10=0|cluster6=0) * P(cluster6=0|cluster2=0) * P(cluster2=0|cluster3=0) * P(cluster3=0|cluster8=0)[0.0131072]=0.0104858
binkey=160 [Edge status: 0 0 0 0 0 1 0 1 ] P(G)=P(cluster8=0)[0.8] * P(cluster1=0|cluster2=0) * P(cluster9=1|cluster6=0) * P(cluster7=1|cluster10=0) * P(cluster10=0|cluster6=0) * P(cluster6=0|cluster2=0) * P(cluster2=0|cluster3=0) * P(cluster3=0|cluster8=0)[0.0131072]=0.0104858
binkey=192 [Edge status: 0 0 0 0 0 0 1 1 ] P(G)=P(cluster8=0)[0.8] * P(cluster1=0|cluster2=0) * P(cluster9=0|cluster6=0) * P(cluster7=1|cluster10=1) * P(cluster10=1|cluster6=0) * P(cluster6=0|cluster2=0) * P(cluster2=0|cluster3=0) * P(cluster3=0|cluster8=0)[0.0524288]=0.041943
binkey=3 [Edge status: 1 1 0 0 0 0 0 0 ] P(G)=P(cluster8=1)[0.2] * P(cluster1=0|cluster2=0) * P(cluster9=0|cluster6=0) * P(cluster7=0|cluster10=0) * P(cluster10=0|cluster6=0) * P(cluster6=0|cluster2=0) * P(cluster2=0|cluster3=1) * P(cluster3=1|cluster8=1)[0.0524288]=0.0104858
binkey=224 [Edge status: 0 0 0 0 0 1 1 1 ] P(G)=P(cluster8=0)[0.8] * P(cluster1=0|cluster2=0) * P(cluster9=1|cluster6=0) * P(cluster7=1|cluster10=1) * P(cluster10=1|cluster6=0) * P(cluster6=0|cluster2=0) * P(cluster2=0|cluster3=0) * P(cluster3=0|cluster8=0)[0.0131072]=0.0104858
binkey=168 [Edge status: 0 0 0 1 0 1 0 1 ] P(G)=P(cluster8=0)[0.8] * P(cluster1=1|cluster2=0) * P(cluster9=1|cluster6=0) * P(cluster7=1|cluster10=0) * P(cluster10=0|cluster6=0) * P(cluster6=0|cluster2=0) * P(cluster2=0|cluster3=0) * P(cluster3=0|cluster8=0)[0.0032768]=0.00262144
binkey=200 [Edge status: 0 0 0 1 0 0 1 1 ] P(G)=P(cluster8=0)[0.8] * P(cluster1=1|cluster2=0) * P(cluster9=0|cluster6=0) * P(cluster7=1|cluster10=1) * P(cluster10=1|cluster6=0) * P(cluster6=0|cluster2=0) * P(cluster2=0|cluster3=0) * P(cluster3=0|cluster8=0)[0.0131072]=0.0104858
binkey=232 [Edge status: 0 0 0 1 0 1 1 1 ] P(G)=P(cluster8=0)[0.8] * P(cluster1=1|cluster2=0) * P(cluster9=1|cluster6=0) * P(cluster7=1|cluster10=1) * P(cluster10=1|cluster6=0) * P(cluster6=0|cluster2=0) * P(cluster2=0|cluster3=0) * P(cluster3=0|cluster8=0)[0.0032768]=0.00262144
binkey=240 [Edge status: 0 0 0 0 1 1 1 1 ] P(G)=P(cluster8=0)[0.8] * P(cluster1=0|cluster2=0) * P(cluster9=1|cluster6=1) * P(cluster7=1|cluster10=1) * P(cluster10=1|cluster6=1) * P(cluster6=1|cluster2=0) * P(cluster2=0|cluster3=0) * P(cluster3=0|cluster8=0)[0.0524288]=0.041943
binkey=215 [Edge status: 1 1 1 0 1 0 1 1 ] P(G)=P(cluster8=1)[0.2] * P(cluster1=0|cluster2=1) * P(cluster9=0|cluster6=1) * P(cluster7=1|cluster10=1) * P(cluster10=1|cluster6=1) * P(cluster6=1|cluster2=1) * P(cluster2=1|cluster3=1) * P(cluster3=1|cluster8=1)[0.0131072]=0.00262144
binkey=87 [Edge status: 1 1 1 0 1 0 1 0 ] P(G)=P(cluster8=1)[0.2] * P(cluster1=0|cluster2=1) * P(cluster9=0|cluster6=1) * P(cluster7=0|cluster10=1) * P(cluster10=1|cluster6=1) * P(cluster6=1|cluster2=1) * P(cluster2=1|cluster3=1) * P(cluster3=1|cluster8=1)[0.0032768]=0.00065536
binkey=23 [Edge status: 1 1 1 0 1 0 0 0 ] P(G)=P(cluster8=1)[0.2] * P(cluster1=0|cluster2=1) * P(cluster9=0|cluster6=1) * P(cluster7=0|cluster10=0) * P(cluster10=0|cluster6=1) * P(cluster6=1|cluster2=1) * P(cluster2=1|cluster3=1) * P(cluster3=1|cluster8=1)[0.0032768]=0.00065536
binkey=7 [Edge status: 1 1 1 0 0 0 0 0 ] P(G)=P(cluster8=1)[0.2] * P(cluster1=0|cluster2=1) * P(cluster9=0|cluster6=0) * P(cluster7=0|cluster10=0) * P(cluster10=0|cluster6=0) * P(cluster6=0|cluster2=1) * P(cluster2=1|cluster3=1) * P(cluster3=1|cluster8=1)[0.0131072]=0.00262144
binkey=55 [Edge status: 1 1 1 0 1 1 0 0 ] P(G)=P(cluster8=1)[0.2] * P(cluster1=0|cluster2=1) * P(cluster9=1|cluster6=1) * P(cluster7=0|cluster10=0) * P(cluster10=0|cluster6=1) * P(cluster6=1|cluster2=1) * P(cluster2=1|cluster3=1) * P(cluster3=1|cluster8=1)[0.0131072]=0.00262144
binkey=248 [Edge status: 0 0 0 1 1 1 1 1 ] P(G)=P(cluster8=0)[0.8] * P(cluster1=1|cluster2=0) * P(cluster9=1|cluster6=1) * P(cluster7=1|cluster10=1) * P(cluster10=1|cluster6=1) * P(cluster6=1|cluster2=0) * P(cluster2=0|cluster3=0) * P(cluster3=0|cluster8=0)[0.0131072]=0.0104858
binkey=252 [Edge status: 0 0 1 1 1 1 1 1 ] P(G)=P(cluster8=0)[0.8] * P(cluster1=1|cluster2=1) * P(cluster9=1|cluster6=1) * P(cluster7=1|cluster10=1) * P(cluster10=1|cluster6=1) * P(cluster6=1|cluster2=1) * P(cluster2=1|cluster3=0) * P(cluster3=0|cluster8=0)[0.0524288]=0.041943
ITERATION 0 newScore=-2.77988e+06 diffscore=8595.52 priorChange=-108.131 successMove=64
ITERATION 1 newScore=-2.77007e+06 diffscore=9810.43 priorChange=-106.745 successMove=52
ITERATION 2 newScore=-2.76291e+06 diffscore=7161.75 priorChange=-112.29 successMove=50
ITERATION 3 newScore=-2.75841e+06 diffscore=4499.23 priorChange=-110.904 successMove=52
ITERATION 4 newScore=-2.75343e+06 diffscore=4984.76 priorChange=-120.608 successMove=53
ITERATION 5 newScore=-2.74841e+06 diffscore=5013.08 priorChange=-102.586 successMove=51
ITERATION 6 newScore=-2.74602e+06 diffscore=2393.29 priorChange=-106.745 successMove=51
ITERATION 7 newScore=-2.74232e+06 diffscore=3703.45 priorChange=-116.449 successMove=54
ITERATION 8 newScore=-2.73899e+06 diffscore=3321.3 priorChange=-123.38 successMove=51
ITERATION 9 newScore=-2.73599e+06 diffscore=3007.47 priorChange=-110.904 successMove=50
ITERATION 10 newScore=-2.73178e+06 diffscore=4208.66 priorChange=-113.676 successMove=51
ITERATION 11 newScore=-2.72855e+06 diffscore=3233.06 priorChange=-106.745 successMove=50
ITERATION 12 newScore=-2.72191e+06 diffscore=6632.16 priorChange=-112.29 successMove=50
ITERATION 13 newScore=-2.71637e+06 diffscore=5543.32 priorChange=-115.062 successMove=52
ITERATION 14 newScore=-2.71492e+06 diffscore=1454.52 priorChange=-110.904 successMove=50
ITERATION 15 newScore=-2.71221e+06 diffscore=2709.56 priorChange=-109.517 successMove=53
ITERATION 16 newScore=-2.70953e+06 diffscore=2675.34 priorChange=-109.517 successMove=50
ITERATION 17 newScore=-2.70753e+06 diffscore=2005.15 priorChange=-113.676 successMove=52
ITERATION 18 newScore=-2.70451e+06 diffscore=3010.35 priorChange=-120.608 successMove=50
ITERATION 19 newScore=-2.70396e+06 diffscore=550.755 priorChange=-116.449 successMove=52
ITERATION 20 newScore=-2.70184e+06 diffscore=2125.45 priorChange=-117.835 successMove=52
ITERATION 21 newScore=-2.7013e+06 diffscore=536.87 priorChange=-109.517 successMove=51
ITERATION 22 newScore=-2.69985e+06 diffscore=1448.69 priorChange=-105.358 successMove=51
ITERATION 23 newScore=-2.69854e+06 diffscore=1313.63 priorChange=-117.835 successMove=52
ITERATION 24 newScore=-2.69641e+06 diffscore=2126.51 priorChange=-103.972 successMove=49
ITERATION 25 newScore=-2.69464e+06 diffscore=1776.91 priorChange=-105.358 successMove=49
ITERATION 26 newScore=-2.69188e+06 diffscore=2755.05 priorChange=-106.745 successMove=49
ITERATION 27 newScore=-2.6907e+06 diffscore=1177.93 priorChange=-102.586 successMove=48
ITERATION 28 newScore=-2.69023e+06 diffscore=473.231 priorChange=-101.199 successMove=48
ITERATION 29 newScore=-2.68836e+06 diffscore=1869.41 priorChange=-113.676 successMove=47
ITERATION 30 newScore=-2.68569e+06 diffscore=2667.01 priorChange=-106.745 successMove=47
ITERATION 31 newScore=-2.6838e+06 diffscore=1896.1 priorChange=-115.062 successMove=47
ITERATION 32 newScore=-2.68149e+06 diffscore=2305.52 priorChange=-109.517 successMove=47
ITERATION 33 newScore=-2.67935e+06 diffscore=2141.69 priorChange=-115.062 successMove=47
ITERATION 34 newScore=-2.67876e+06 diffscore=592.12 priorChange=-102.586 successMove=46
ITERATION 35 newScore=-2.67419e+06 diffscore=4563.07 priorChange=-99.8132 successMove=48
ITERATION 36 newScore=-2.67372e+06 diffscore=477.22 priorChange=-97.0406 successMove=46
ITERATION 37 newScore=-2.67107e+06 diffscore=2650.52 priorChange=-94.268 successMove=45
ITERATION 38 newScore=-2.67027e+06 diffscore=794.997 priorChange=-91.4954 successMove=45
ITERATION 39 newScore=-2.66797e+06 diffscore=2300.83 priorChange=-95.6543 successMove=45
ITERATION 40 newScore=-2.66533e+06 diffscore=2640.97 priorChange=-115.062 successMove=47
ITERATION 41 newScore=-2.66496e+06 diffscore=373.517 priorChange=-108.131 successMove=45
ITERATION 42 newScore=-2.66458e+06 diffscore=375.689 priorChange=-105.358 successMove=44
ITERATION 43 newScore=-2.6642e+06 diffscore=382.625 priorChange=-80.4051 successMove=44
ITERATION 44 newScore=-2.66254e+06 diffscore=1662.95 priorChange=-88.7228 successMove=44
ITERATION 45 newScore=-2.66027e+06 diffscore=2261.72 priorChange=-88.7228 successMove=44
ITERATION 46 newScore=-2.65932e+06 diffscore=956.823 priorChange=-95.6543 successMove=44
ITERATION 47 newScore=-2.65785e+06 diffscore=1468.14 priorChange=-92.8817 successMove=45
ITERATION 48 newScore=-2.65761e+06 diffscore=241.037 priorChange=-91.4954 successMove=43
ITERATION 49 newScore=-2.65738e+06 diffscore=225.192 priorChange=-97.0406 successMove=43
ITERATION 50 newScore=-2.65715e+06 diffscore=228.54 priorChange=-94.268 successMove=43
ITERATION 51 newScore=-2.65694e+06 diffscore=219.034 priorChange=-87.3365 successMove=43
ITERATION 52 newScore=-2.65636e+06 diffscore=572.673 priorChange=-98.4269 successMove=42
ITERATION 53 newScore=-2.65474e+06 diffscore=1626.94 priorChange=-91.4954 successMove=42
ITERATION 54 newScore=-2.65349e+06 diffscore=1242.62 priorChange=-88.7228 successMove=41
ITERATION 55 newScore=-2.65176e+06 diffscore=1728.03 priorChange=-91.4954 successMove=40
ITERATION 56 newScore=-2.65144e+06 diffscore=325.616 priorChange=-95.6543 successMove=38
ITERATION 57 newScore=-2.65107e+06 diffscore=373.982 priorChange=-106.745 successMove=38
ITERATION 58 newScore=-2.65027e+06 diffscore=793.453 priorChange=-79.0188 successMove=37
ITERATION 59 newScore=-2.64733e+06 diffscore=2942.77 priorChange=-80.4051 successMove=35
ITERATION 60 newScore=-2.64709e+06 diffscore=234.74 priorChange=-73.4736 successMove=35
ITERATION 61 newScore=-2.64583e+06 diffscore=1265.93 priorChange=-69.3147 successMove=34
ITERATION 62 newScore=-2.64437e+06 diffscore=1462.17 priorChange=-70.701 successMove=33
ITERATION 63 newScore=-2.64302e+06 diffscore=1341.43 priorChange=-73.4736 successMove=31
ITERATION 64 newScore=-2.64163e+06 diffscore=1393.68 priorChange=-66.5421 successMove=30
ITERATION 65 newScore=-2.64032e+06 diffscore=1307.2 priorChange=-67.9284 successMove=28
ITERATION 66 newScore=-2.64021e+06 diffscore=109.976 priorChange=-49.9066 successMove=28
ITERATION 67 newScore=-2.64007e+06 diffscore=148.828 priorChange=-62.3832 successMove=28
ITERATION 68 newScore=-2.63857e+06 diffscore=1496.76 priorChange=-62.3832 successMove=26
ITERATION 69 newScore=-2.63844e+06 diffscore=126.195 priorChange=-52.6792 successMove=26
ITERATION 70 newScore=-2.63835e+06 diffscore=95.2948 priorChange=-54.0655 successMove=25
ITERATION 71 newScore=-2.63824e+06 diffscore=106.747 priorChange=-40.2025 successMove=23
ITERATION 72 newScore=-2.6381e+06 diffscore=138.427 priorChange=-47.134 successMove=24
ITERATION 73 newScore=-2.63703e+06 diffscore=1073.28 priorChange=-48.5203 successMove=22
ITERATION 74 newScore=-2.63496e+06 diffscore=2067.26 priorChange=-45.7477 successMove=21
ITERATION 75 newScore=-2.6349e+06 diffscore=62.5441 priorChange=-37.4299 successMove=17
ITERATION 76 newScore=-2.63484e+06 diffscore=54.8731 priorChange=-29.1122 successMove=17
ITERATION 77 newScore=-2.63478e+06 diffscore=68.6107 priorChange=-30.4985 successMove=16
ITERATION 78 newScore=-2.63468e+06 diffscore=94.5383 priorChange=-31.8848 successMove=12
ITERATION 79 newScore=-2.63441e+06 diffscore=265.751 priorChange=-13.8629 successMove=12
ITERATION 80 newScore=-2.63439e+06 diffscore=28.2714 priorChange=-18.0218 successMove=12
ITERATION 81 newScore=-2.63436e+06 diffscore=28.1868 priorChange=-20.7944 successMove=11
ITERATION 82 newScore=-2.63432e+06 diffscore=34.4205 priorChange=-24.9533 successMove=11
ITERATION 83 newScore=-2.6343e+06 diffscore=27.8952 priorChange=-16.6355 successMove=10
ITERATION 84 newScore=-2.63426e+06 diffscore=31.9877 priorChange=-24.9533 successMove=11
ITERATION 85 newScore=-2.63422e+06 diffscore=40.6807 priorChange=-26.3396 successMove=9
ITERATION 86 newScore=-2.63419e+06 diffscore=35.4225 priorChange=-23.567 successMove=8
ITERATION 87 newScore=-2.63416e+06 diffscore=25.8444 priorChange=-18.0218 successMove=8
ITERATION 88 newScore=-2.63414e+06 diffscore=22.4563 priorChange=-18.0218 successMove=7
ITERATION 89 newScore=-2.63412e+06 diffscore=21.7968 priorChange=-15.2492 successMove=6
ITERATION 90 newScore=-2.6341e+06 diffscore=19.6759 priorChange=-12.4766 successMove=5
ITERATION 91 newScore=-2.63408e+06 diffscore=22.3508 priorChange=-13.8629 successMove=5
ITERATION 92 newScore=-2.63405e+06 diffscore=23.4183 priorChange=-12.4766 successMove=5
ITERATION 93 newScore=-2.63403e+06 diffscore=24.3899 priorChange=-12.4766 successMove=5
ITERATION 94 newScore=-2.634e+06 diffscore=25.0418 priorChange=-6.93147 successMove=4
ITERATION 95 newScore=-2.63394e+06 diffscore=61.5069 priorChange=-8.31777 successMove=5
ITERATION 96 newScore=-2.63388e+06 diffscore=62.9785 priorChange=-4.15888 successMove=2
ITERATION 97 newScore=-2.63384e+06 diffscore=42.3139 priorChange=-2.77259 successMove=1
ITERATION 98 newScore=-2.63378e+06 diffscore=57.351 priorChange=-2.77259 successMove=1
ITERATION 99 newScore=-2.63374e+06 diffscore=35.7524 priorChange=-2.77259 successMove=1
MetaLearner::dumpAllGraphs
Final Score -2.63374e+06
MetaLearner::start runtime: 1262899515 ms
Results/
Results/cluster10/
Results/cluster10/fold0/
Results/cluster10/fold0/modelparams.txt
Results/cluster10/fold0/var_mb_pw_k50.txt
Results/cluster1/
Results/cluster1/fold0/
Results/cluster1/fold0/modelparams.txt
Results/cluster1/fold0/var_mb_pw_k50.txt
Results/cluster6/
Results/cluster6/fold0/
Results/cluster6/fold0/modelparams.txt
Results/cluster6/fold0/var_mb_pw_k50.txt
Results/cluster9/
Results/cluster9/fold0/
Results/cluster9/fold0/modelparams.txt
Results/cluster9/fold0/var_mb_pw_k50.txt
Results/cluster2/
Results/cluster2/fold0/
Results/cluster2/fold0/modelparams.txt
Results/cluster2/fold0/var_mb_pw_k50.txt
Results/cluster7/
Results/cluster7/fold0/
Results/cluster7/fold0/modelparams.txt
Results/cluster7/fold0/var_mb_pw_k50.txt
Results/cluster3/
Results/cluster3/fold0/
Results/cluster3/fold0/modelparams.txt
Results/cluster3/fold0/var_mb_pw_k50.txt
Results/cluster8/
Results/cluster8/scoreFile.txt
Results/cluster8/fold0/
Results/cluster8/fold0/modelparams.txt
Results/cluster8/fold0/var_mb_pw_k50.txt
