./CVN -f config_condor.txt -x50 -v1 -l TFs_OGs.txt -n AllGenes154.txt -d celltype_tree_ancestor.txt -m testdata_ogids.txt -s celltype_order.txt -p 0.2 -c yes -b -4 -q 4
(cluster3|cluster8) p_maintain_edge=0.8 p_gain=0.2
(cluster2|cluster3) p_maintain_edge=0.8 p_gain=0.2
(cluster1|cluster2) p_maintain_edge=0.8 p_gain=0.2
(cluster6|cluster2) p_maintain_edge=0.8 p_gain=0.2
(cluster9|cluster6) p_maintain_edge=0.8 p_gain=0.2
(cluster10|cluster6) p_maintain_edge=0.8 p_gain=0.2
(cluster7|cluster10) p_maintain_edge=0.8 p_gain=0.2
speciesSet.size()=8 Root is cluster8
MappedOrthogroupReader::readSpeciesMapping() --- celltype_order.txt
MappedOrthogroupReader::readFile - testdata_ogids.txt
MappedOrthogroupReader::generateGeneOrthoMap()
MetaLearner::init_onefold() read:config_condor.txt
MetaLearner::setinputVariableNames number of variables: 2040
readEvidenceTable:cluster8.table
PotentialManager::loadEvidenceFromTable varCount=2040 sampleCount=348
motifNetwork.size() = 319
0=cluster8 motifNetwork=cluster8_network.txt
variable size=2040
readEvidenceTable:cluster3.table
PotentialManager::loadEvidenceFromTable varCount=2040 sampleCount=95
motifNetwork.size() = 326
1=cluster3 motifNetwork=cluster3_network.txt
variable size=2040
readEvidenceTable:cluster2.table
PotentialManager::loadEvidenceFromTable varCount=2040 sampleCount=386
motifNetwork.size() = 328
2=cluster2 motifNetwork=cluster2_network.txt
variable size=2040
readEvidenceTable:cluster1.table
PotentialManager::loadEvidenceFromTable varCount=2040 sampleCount=36
motifNetwork.size() = 322
3=cluster1 motifNetwork=cluster1_network.txt
variable size=2040
readEvidenceTable:cluster6.table
PotentialManager::loadEvidenceFromTable varCount=2040 sampleCount=524
motifNetwork.size() = 320
4=cluster6 motifNetwork=cluster6_network.txt
variable size=2040
readEvidenceTable:cluster9.table
PotentialManager::loadEvidenceFromTable varCount=2040 sampleCount=184
motifNetwork.size() = 327
5=cluster9 motifNetwork=cluster9_network.txt
variable size=2040
readEvidenceTable:cluster10.table
PotentialManager::loadEvidenceFromTable varCount=2040 sampleCount=165
motifNetwork.size() = 326
6=cluster10 motifNetwork=cluster10_network.txt
variable size=2040
readEvidenceTable:cluster7.table
PotentialManager::loadEvidenceFromTable varCount=2040 sampleCount=1032
motifNetwork.size() = 320
7=cluster7 motifNetwork=cluster7_network.txt
variable size=2040
-------------------------------------------------------------
MetaLearner::start
precomputeEmptyGraphPrior
binkey=0 [Edge status: 0 0 0 0 0 0 0 0 ] P(G)=P(cluster8=0)[0.8] * P(cluster1=0|cluster2=0) * P(cluster9=0|cluster6=0) * P(cluster7=0|cluster10=0) * P(cluster10=0|cluster6=0) * P(cluster6=0|cluster2=0) * P(cluster2=0|cluster3=0) * P(cluster3=0|cluster8=0)[0.209715]=0.167772
condsetMap_Tree
0 cluster8=0 cluster3=0 cluster2=0 cluster1=0 cluster6=0 cluster9=0 cluster10=0 cluster7=1
1 cluster8=0 cluster3=0 cluster2=0 cluster1=0 cluster6=0 cluster9=1 cluster10=0 cluster7=0
2 cluster8=0 cluster3=0 cluster2=0 cluster1=0 cluster6=0 cluster9=1 cluster10=0 cluster7=1
3 cluster8=0 cluster3=0 cluster2=0 cluster1=1 cluster6=0 cluster9=0 cluster10=0 cluster7=0
4 cluster8=0 cluster3=0 cluster2=0 cluster1=1 cluster6=0 cluster9=0 cluster10=0 cluster7=1
5 cluster8=0 cluster3=0 cluster2=0 cluster1=1 cluster6=0 cluster9=1 cluster10=0 cluster7=0
6 cluster8=0 cluster3=0 cluster2=0 cluster1=1 cluster6=0 cluster9=1 cluster10=0 cluster7=1
7 cluster8=0 cluster3=0 cluster2=0 cluster1=0 cluster6=0 cluster9=0 cluster10=1 cluster7=1
8 cluster8=0 cluster3=0 cluster2=0 cluster1=0 cluster6=0 cluster9=1 cluster10=1 cluster7=1
9 cluster8=0 cluster3=0 cluster2=0 cluster1=1 cluster6=0 cluster9=0 cluster10=1 cluster7=1
10 cluster8=0 cluster3=0 cluster2=0 cluster1=1 cluster6=0 cluster9=1 cluster10=1 cluster7=1
11 cluster8=0 cluster3=0 cluster2=0 cluster1=0 cluster6=1 cluster9=1 cluster10=1 cluster7=1
12 cluster8=0 cluster3=0 cluster2=0 cluster1=1 cluster6=1 cluster9=1 cluster10=1 cluster7=1
13 cluster8=0 cluster3=0 cluster2=1 cluster1=1 cluster6=1 cluster9=1 cluster10=1 cluster7=1
14 cluster8=0 cluster3=1 cluster2=1 cluster1=1 cluster6=1 cluster9=1 cluster10=1 cluster7=1
15 cluster8=1 cluster3=1 cluster2=1 cluster1=1 cluster6=1 cluster9=1 cluster10=1 cluster7=1
16 cluster8=1 cluster3=1 cluster2=1 cluster1=1 cluster6=1 cluster9=1 cluster10=1 cluster7=0
17 cluster8=1 cluster3=1 cluster2=1 cluster1=1 cluster6=1 cluster9=0 cluster10=1 cluster7=1
18 cluster8=1 cluster3=1 cluster2=1 cluster1=1 cluster6=1 cluster9=0 cluster10=1 cluster7=0
19 cluster8=1 cluster3=1 cluster2=1 cluster1=0 cluster6=1 cluster9=1 cluster10=1 cluster7=1
20 cluster8=1 cluster3=1 cluster2=1 cluster1=0 cluster6=1 cluster9=1 cluster10=1 cluster7=0
21 cluster8=1 cluster3=1 cluster2=1 cluster1=0 cluster6=1 cluster9=0 cluster10=1 cluster7=1
22 cluster8=1 cluster3=1 cluster2=1 cluster1=0 cluster6=1 cluster9=0 cluster10=1 cluster7=0
23 cluster8=1 cluster3=1 cluster2=1 cluster1=1 cluster6=1 cluster9=1 cluster10=0 cluster7=0
24 cluster8=1 cluster3=1 cluster2=1 cluster1=1 cluster6=1 cluster9=0 cluster10=0 cluster7=0
25 cluster8=1 cluster3=1 cluster2=1 cluster1=0 cluster6=1 cluster9=1 cluster10=0 cluster7=0
26 cluster8=1 cluster3=1 cluster2=1 cluster1=0 cluster6=1 cluster9=0 cluster10=0 cluster7=0
27 cluster8=1 cluster3=1 cluster2=1 cluster1=1 cluster6=0 cluster9=0 cluster10=0 cluster7=0
28 cluster8=1 cluster3=1 cluster2=1 cluster1=0 cluster6=0 cluster9=0 cluster10=0 cluster7=0
29 cluster8=1 cluster3=1 cluster2=0 cluster1=0 cluster6=0 cluster9=0 cluster10=0 cluster7=0
30 cluster8=1 cluster3=0 cluster2=0 cluster1=0 cluster6=0 cluster9=0 cluster10=0 cluster7=0
31 cluster8=0 cluster3=0 cluster2=0 cluster1=0 cluster6=1 cluster9=0 cluster10=0 cluster7=0
32 cluster8=0 cluster3=0 cluster2=1 cluster1=0 cluster6=0 cluster9=0 cluster10=0 cluster7=0
33 cluster8=0 cluster3=0 cluster2=0 cluster1=0 cluster6=0 cluster9=0 cluster10=1 cluster7=0
34 cluster8=0 cluster3=1 cluster2=0 cluster1=0 cluster6=0 cluster9=0 cluster10=0 cluster7=0
inputRegulatorOGs.size() = 1999 inputOGList.size() = 50
binkey=32 [Edge status: 0 0 0 0 0 1 0 0 ] P(G)=P(cluster8=0)[0.8] * P(cluster1=0|cluster2=0) * P(cluster9=1|cluster6=0) * P(cluster7=0|cluster10=0) * P(cluster10=0|cluster6=0) * P(cluster6=0|cluster2=0) * P(cluster2=0|cluster3=0) * P(cluster3=0|cluster8=0)[0.0524288]=0.041943
binkey=64 [Edge status: 0 0 0 0 0 0 1 0 ] P(G)=P(cluster8=0)[0.8] * P(cluster1=0|cluster2=0) * P(cluster9=0|cluster6=0) * P(cluster7=0|cluster10=1) * P(cluster10=1|cluster6=0) * P(cluster6=0|cluster2=0) * P(cluster2=0|cluster3=0) * P(cluster3=0|cluster8=0)[0.0131072]=0.0104858
binkey=128 [Edge status: 0 0 0 0 0 0 0 1 ] P(G)=P(cluster8=0)[0.8] * P(cluster1=0|cluster2=0) * P(cluster9=0|cluster6=0) * P(cluster7=1|cluster10=0) * P(cluster10=0|cluster6=0) * P(cluster6=0|cluster2=0) * P(cluster2=0|cluster3=0) * P(cluster3=0|cluster8=0)[0.0524288]=0.041943
binkey=1 [Edge status: 1 0 0 0 0 0 0 0 ] P(G)=P(cluster8=1)[0.2] * P(cluster1=0|cluster2=0) * P(cluster9=0|cluster6=0) * P(cluster7=0|cluster10=0) * P(cluster10=0|cluster6=0) * P(cluster6=0|cluster2=0) * P(cluster2=0|cluster3=0) * P(cluster3=0|cluster8=1)[0.0524288]=0.0104858
binkey=8 [Edge status: 0 0 0 1 0 0 0 0 ] P(G)=P(cluster8=0)[0.8] * P(cluster1=1|cluster2=0) * P(cluster9=0|cluster6=0) * P(cluster7=0|cluster10=0) * P(cluster10=0|cluster6=0) * P(cluster6=0|cluster2=0) * P(cluster2=0|cluster3=0) * P(cluster3=0|cluster8=0)[0.0524288]=0.041943
binkey=16 [Edge status: 0 0 0 0 1 0 0 0 ] P(G)=P(cluster8=0)[0.8] * P(cluster1=0|cluster2=0) * P(cluster9=0|cluster6=1) * P(cluster7=0|cluster10=0) * P(cluster10=0|cluster6=1) * P(cluster6=1|cluster2=0) * P(cluster2=0|cluster3=0) * P(cluster3=0|cluster8=0)[0.0032768]=0.00262144
binkey=2 [Edge status: 0 1 0 0 0 0 0 0 ] P(G)=P(cluster8=0)[0.8] * P(cluster1=0|cluster2=0) * P(cluster9=0|cluster6=0) * P(cluster7=0|cluster10=0) * P(cluster10=0|cluster6=0) * P(cluster6=0|cluster2=0) * P(cluster2=0|cluster3=1) * P(cluster3=1|cluster8=0)[0.0131072]=0.0104858
binkey=4 [Edge status: 0 0 1 0 0 0 0 0 ] P(G)=P(cluster8=0)[0.8] * P(cluster1=0|cluster2=1) * P(cluster9=0|cluster6=0) * P(cluster7=0|cluster10=0) * P(cluster10=0|cluster6=0) * P(cluster6=0|cluster2=1) * P(cluster2=1|cluster3=0) * P(cluster3=0|cluster8=0)[0.0032768]=0.00262144
binkey=136 [Edge status: 0 0 0 1 0 0 0 1 ] P(G)=P(cluster8=0)[0.8] * P(cluster1=1|cluster2=0) * P(cluster9=0|cluster6=0) * P(cluster7=1|cluster10=0) * P(cluster10=0|cluster6=0) * P(cluster6=0|cluster2=0) * P(cluster2=0|cluster3=0) * P(cluster3=0|cluster8=0)[0.0131072]=0.0104858
binkey=40 [Edge status: 0 0 0 1 0 1 0 0 ] P(G)=P(cluster8=0)[0.8] * P(cluster1=1|cluster2=0) * P(cluster9=1|cluster6=0) * P(cluster7=0|cluster10=0) * P(cluster10=0|cluster6=0) * P(cluster6=0|cluster2=0) * P(cluster2=0|cluster3=0) * P(cluster3=0|cluster8=0)[0.0131072]=0.0104858
binkey=192 [Edge status: 0 0 0 0 0 0 1 1 ] P(G)=P(cluster8=0)[0.8] * P(cluster1=0|cluster2=0) * P(cluster9=0|cluster6=0) * P(cluster7=1|cluster10=1) * P(cluster10=1|cluster6=0) * P(cluster6=0|cluster2=0) * P(cluster2=0|cluster3=0) * P(cluster3=0|cluster8=0)[0.0524288]=0.041943
binkey=160 [Edge status: 0 0 0 0 0 1 0 1 ] P(G)=P(cluster8=0)[0.8] * P(cluster1=0|cluster2=0) * P(cluster9=1|cluster6=0) * P(cluster7=1|cluster10=0) * P(cluster10=0|cluster6=0) * P(cluster6=0|cluster2=0) * P(cluster2=0|cluster3=0) * P(cluster3=0|cluster8=0)[0.0131072]=0.0104858
binkey=224 [Edge status: 0 0 0 0 0 1 1 1 ] P(G)=P(cluster8=0)[0.8] * P(cluster1=0|cluster2=0) * P(cluster9=1|cluster6=0) * P(cluster7=1|cluster10=1) * P(cluster10=1|cluster6=0) * P(cluster6=0|cluster2=0) * P(cluster2=0|cluster3=0) * P(cluster3=0|cluster8=0)[0.0131072]=0.0104858
binkey=240 [Edge status: 0 0 0 0 1 1 1 1 ] P(G)=P(cluster8=0)[0.8] * P(cluster1=0|cluster2=0) * P(cluster9=1|cluster6=1) * P(cluster7=1|cluster10=1) * P(cluster10=1|cluster6=1) * P(cluster6=1|cluster2=0) * P(cluster2=0|cluster3=0) * P(cluster3=0|cluster8=0)[0.0524288]=0.041943
binkey=3 [Edge status: 1 1 0 0 0 0 0 0 ] P(G)=P(cluster8=1)[0.2] * P(cluster1=0|cluster2=0) * P(cluster9=0|cluster6=0) * P(cluster7=0|cluster10=0) * P(cluster10=0|cluster6=0) * P(cluster6=0|cluster2=0) * P(cluster2=0|cluster3=1) * P(cluster3=1|cluster8=1)[0.0524288]=0.0104858
binkey=168 [Edge status: 0 0 0 1 0 1 0 1 ] P(G)=P(cluster8=0)[0.8] * P(cluster1=1|cluster2=0) * P(cluster9=1|cluster6=0) * P(cluster7=1|cluster10=0) * P(cluster10=0|cluster6=0) * P(cluster6=0|cluster2=0) * P(cluster2=0|cluster3=0) * P(cluster3=0|cluster8=0)[0.0032768]=0.00262144
binkey=7 [Edge status: 1 1 1 0 0 0 0 0 ] P(G)=P(cluster8=1)[0.2] * P(cluster1=0|cluster2=1) * P(cluster9=0|cluster6=0) * P(cluster7=0|cluster10=0) * P(cluster10=0|cluster6=0) * P(cluster6=0|cluster2=1) * P(cluster2=1|cluster3=1) * P(cluster3=1|cluster8=1)[0.0131072]=0.00262144
binkey=200 [Edge status: 0 0 0 1 0 0 1 1 ] P(G)=P(cluster8=0)[0.8] * P(cluster1=1|cluster2=0) * P(cluster9=0|cluster6=0) * P(cluster7=1|cluster10=1) * P(cluster10=1|cluster6=0) * P(cluster6=0|cluster2=0) * P(cluster2=0|cluster3=0) * P(cluster3=0|cluster8=0)[0.0131072]=0.0104858
binkey=232 [Edge status: 0 0 0 1 0 1 1 1 ] P(G)=P(cluster8=0)[0.8] * P(cluster1=1|cluster2=0) * P(cluster9=1|cluster6=0) * P(cluster7=1|cluster10=1) * P(cluster10=1|cluster6=0) * P(cluster6=0|cluster2=0) * P(cluster2=0|cluster3=0) * P(cluster3=0|cluster8=0)[0.0032768]=0.00262144
binkey=248 [Edge status: 0 0 0 1 1 1 1 1 ] P(G)=P(cluster8=0)[0.8] * P(cluster1=1|cluster2=0) * P(cluster9=1|cluster6=1) * P(cluster7=1|cluster10=1) * P(cluster10=1|cluster6=1) * P(cluster6=1|cluster2=0) * P(cluster2=0|cluster3=0) * P(cluster3=0|cluster8=0)[0.0131072]=0.0104858
binkey=252 [Edge status: 0 0 1 1 1 1 1 1 ] P(G)=P(cluster8=0)[0.8] * P(cluster1=1|cluster2=1) * P(cluster9=1|cluster6=1) * P(cluster7=1|cluster10=1) * P(cluster10=1|cluster6=1) * P(cluster6=1|cluster2=1) * P(cluster2=1|cluster3=0) * P(cluster3=0|cluster8=0)[0.0524288]=0.041943
binkey=215 [Edge status: 1 1 1 0 1 0 1 1 ] P(G)=P(cluster8=1)[0.2] * P(cluster1=0|cluster2=1) * P(cluster9=0|cluster6=1) * P(cluster7=1|cluster10=1) * P(cluster10=1|cluster6=1) * P(cluster6=1|cluster2=1) * P(cluster2=1|cluster3=1) * P(cluster3=1|cluster8=1)[0.0131072]=0.00262144
binkey=87 [Edge status: 1 1 1 0 1 0 1 0 ] P(G)=P(cluster8=1)[0.2] * P(cluster1=0|cluster2=1) * P(cluster9=0|cluster6=1) * P(cluster7=0|cluster10=1) * P(cluster10=1|cluster6=1) * P(cluster6=1|cluster2=1) * P(cluster2=1|cluster3=1) * P(cluster3=1|cluster8=1)[0.0032768]=0.00065536
binkey=23 [Edge status: 1 1 1 0 1 0 0 0 ] P(G)=P(cluster8=1)[0.2] * P(cluster1=0|cluster2=1) * P(cluster9=0|cluster6=1) * P(cluster7=0|cluster10=0) * P(cluster10=0|cluster6=1) * P(cluster6=1|cluster2=1) * P(cluster2=1|cluster3=1) * P(cluster3=1|cluster8=1)[0.0032768]=0.00065536
binkey=95 [Edge status: 1 1 1 1 1 0 1 0 ] P(G)=P(cluster8=1)[0.2] * P(cluster1=1|cluster2=1) * P(cluster9=0|cluster6=1) * P(cluster7=0|cluster10=1) * P(cluster10=1|cluster6=1) * P(cluster6=1|cluster2=1) * P(cluster2=1|cluster3=1) * P(cluster3=1|cluster8=1)[0.0131072]=0.00262144
binkey=31 [Edge status: 1 1 1 1 1 0 0 0 ] P(G)=P(cluster8=1)[0.2] * P(cluster1=1|cluster2=1) * P(cluster9=0|cluster6=1) * P(cluster7=0|cluster10=0) * P(cluster10=0|cluster6=1) * P(cluster6=1|cluster2=1) * P(cluster2=1|cluster3=1) * P(cluster3=1|cluster8=1)[0.0131072]=0.00262144
binkey=15 [Edge status: 1 1 1 1 0 0 0 0 ] P(G)=P(cluster8=1)[0.2] * P(cluster1=1|cluster2=1) * P(cluster9=0|cluster6=0) * P(cluster7=0|cluster10=0) * P(cluster10=0|cluster6=0) * P(cluster6=0|cluster2=1) * P(cluster2=1|cluster3=1) * P(cluster3=1|cluster8=1)[0.0524288]=0.0104858
binkey=254 [Edge status: 0 1 1 1 1 1 1 1 ] P(G)=P(cluster8=0)[0.8] * P(cluster1=1|cluster2=1) * P(cluster9=1|cluster6=1) * P(cluster7=1|cluster10=1) * P(cluster10=1|cluster6=1) * P(cluster6=1|cluster2=1) * P(cluster2=1|cluster3=1) * P(cluster3=1|cluster8=0)[0.0524288]=0.041943
binkey=255 [Edge status: 1 1 1 1 1 1 1 1 ] P(G)=P(cluster8=1)[0.2] * P(cluster1=1|cluster2=1) * P(cluster9=1|cluster6=1) * P(cluster7=1|cluster10=1) * P(cluster10=1|cluster6=1) * P(cluster6=1|cluster2=1) * P(cluster2=1|cluster3=1) * P(cluster3=1|cluster8=1)[0.209715]=0.041943
binkey=127 [Edge status: 1 1 1 1 1 1 1 0 ] P(G)=P(cluster8=1)[0.2] * P(cluster1=1|cluster2=1) * P(cluster9=1|cluster6=1) * P(cluster7=0|cluster10=1) * P(cluster10=1|cluster6=1) * P(cluster6=1|cluster2=1) * P(cluster2=1|cluster3=1) * P(cluster3=1|cluster8=1)[0.0524288]=0.0104858
binkey=223 [Edge status: 1 1 1 1 1 0 1 1 ] P(G)=P(cluster8=1)[0.2] * P(cluster1=1|cluster2=1) * P(cluster9=0|cluster6=1) * P(cluster7=1|cluster10=1) * P(cluster10=1|cluster6=1) * P(cluster6=1|cluster2=1) * P(cluster2=1|cluster3=1) * P(cluster3=1|cluster8=1)[0.0524288]=0.0104858
binkey=247 [Edge status: 1 1 1 0 1 1 1 1 ] P(G)=P(cluster8=1)[0.2] * P(cluster1=0|cluster2=1) * P(cluster9=1|cluster6=1) * P(cluster7=1|cluster10=1) * P(cluster10=1|cluster6=1) * P(cluster6=1|cluster2=1) * P(cluster2=1|cluster3=1) * P(cluster3=1|cluster8=1)[0.0524288]=0.0104858
binkey=119 [Edge status: 1 1 1 0 1 1 1 0 ] P(G)=P(cluster8=1)[0.2] * P(cluster1=0|cluster2=1) * P(cluster9=1|cluster6=1) * P(cluster7=0|cluster10=1) * P(cluster10=1|cluster6=1) * P(cluster6=1|cluster2=1) * P(cluster2=1|cluster3=1) * P(cluster3=1|cluster8=1)[0.0131072]=0.00262144
binkey=63 [Edge status: 1 1 1 1 1 1 0 0 ] P(G)=P(cluster8=1)[0.2] * P(cluster1=1|cluster2=1) * P(cluster9=1|cluster6=1) * P(cluster7=0|cluster10=0) * P(cluster10=0|cluster6=1) * P(cluster6=1|cluster2=1) * P(cluster2=1|cluster3=1) * P(cluster3=1|cluster8=1)[0.0524288]=0.0104858
binkey=55 [Edge status: 1 1 1 0 1 1 0 0 ] P(G)=P(cluster8=1)[0.2] * P(cluster1=0|cluster2=1) * P(cluster9=1|cluster6=1) * P(cluster7=0|cluster10=0) * P(cluster10=0|cluster6=1) * P(cluster6=1|cluster2=1) * P(cluster2=1|cluster3=1) * P(cluster3=1|cluster8=1)[0.0131072]=0.00262144
ITERATION 0 newScore=-2.73969e+06 diffscore=17749.1 priorChange=-108.131 successMove=55
ITERATION 1 newScore=-2.7318e+06 diffscore=7895.09 priorChange=-113.676 successMove=58
ITERATION 2 newScore=-2.72386e+06 diffscore=7943.21 priorChange=-113.676 successMove=54
ITERATION 3 newScore=-2.71402e+06 diffscore=9841.05 priorChange=-126.153 successMove=55
ITERATION 4 newScore=-2.71202e+06 diffscore=1996.27 priorChange=-120.608 successMove=51
ITERATION 5 newScore=-2.7087e+06 diffscore=3322.74 priorChange=-123.38 successMove=52
ITERATION 6 newScore=-2.70605e+06 diffscore=2647.31 priorChange=-113.676 successMove=52
ITERATION 7 newScore=-2.70514e+06 diffscore=904.583 priorChange=-115.062 successMove=51
ITERATION 8 newScore=-2.70181e+06 diffscore=3335.43 priorChange=-112.29 successMove=53
ITERATION 9 newScore=-2.70085e+06 diffscore=956.458 priorChange=-119.221 successMove=51
ITERATION 10 newScore=-2.69807e+06 diffscore=2787.19 priorChange=-102.586 successMove=50
ITERATION 11 newScore=-2.69336e+06 diffscore=4704.66 priorChange=-115.062 successMove=51
ITERATION 12 newScore=-2.68985e+06 diffscore=3510.47 priorChange=-109.517 successMove=50
ITERATION 13 newScore=-2.68484e+06 diffscore=5012.28 priorChange=-109.517 successMove=52
ITERATION 14 newScore=-2.68204e+06 diffscore=2801.98 priorChange=-108.131 successMove=51
ITERATION 15 newScore=-2.67986e+06 diffscore=2174.39 priorChange=-98.4269 successMove=52
ITERATION 16 newScore=-2.67734e+06 diffscore=2518.81 priorChange=-119.221 successMove=50
ITERATION 17 newScore=-2.67445e+06 diffscore=2891.68 priorChange=-126.153 successMove=52
ITERATION 18 newScore=-2.67124e+06 diffscore=3207.92 priorChange=-110.904 successMove=50
ITERATION 19 newScore=-2.66931e+06 diffscore=1928.55 priorChange=-113.676 successMove=53
ITERATION 20 newScore=-2.66738e+06 diffscore=1936.06 priorChange=-106.745 successMove=51
ITERATION 21 newScore=-2.66429e+06 diffscore=3086.05 priorChange=-112.29 successMove=52
ITERATION 22 newScore=-2.6616e+06 diffscore=2693.18 priorChange=-103.972 successMove=51
ITERATION 23 newScore=-2.66109e+06 diffscore=513.078 priorChange=-115.062 successMove=50
ITERATION 24 newScore=-2.65901e+06 diffscore=2073.2 priorChange=-95.6543 successMove=52
ITERATION 25 newScore=-2.65704e+06 diffscore=1970.57 priorChange=-106.745 successMove=51
ITERATION 26 newScore=-2.65508e+06 diffscore=1962.38 priorChange=-90.1091 successMove=51
ITERATION 27 newScore=-2.65176e+06 diffscore=3323.14 priorChange=-102.586 successMove=52
ITERATION 28 newScore=-2.65128e+06 diffscore=478.031 priorChange=-109.517 successMove=50
ITERATION 29 newScore=-2.64869e+06 diffscore=2586.32 priorChange=-105.358 successMove=49
ITERATION 30 newScore=-2.64719e+06 diffscore=1501.14 priorChange=-102.586 successMove=48
ITERATION 31 newScore=-2.6456e+06 diffscore=1594.5 priorChange=-101.199 successMove=50
ITERATION 32 newScore=-2.64396e+06 diffscore=1637.87 priorChange=-105.358 successMove=49
ITERATION 33 newScore=-2.64359e+06 diffscore=366.138 priorChange=-98.4269 successMove=47
ITERATION 34 newScore=-2.6433e+06 diffscore=296.215 priorChange=-77.6325 successMove=46
ITERATION 35 newScore=-2.64294e+06 diffscore=351.843 priorChange=-94.268 successMove=48
ITERATION 36 newScore=-2.64241e+06 diffscore=538.29 priorChange=-92.8817 successMove=44
ITERATION 37 newScore=-2.64094e+06 diffscore=1466.61 priorChange=-94.268 successMove=44
ITERATION 38 newScore=-2.63925e+06 diffscore=1686.66 priorChange=-95.6543 successMove=45
ITERATION 39 newScore=-2.63887e+06 diffscore=387.966 priorChange=-92.8817 successMove=46
ITERATION 40 newScore=-2.63588e+06 diffscore=2984.73 priorChange=-83.1777 successMove=44
ITERATION 41 newScore=-2.63352e+06 diffscore=2358.05 priorChange=-87.3365 successMove=45
ITERATION 42 newScore=-2.63136e+06 diffscore=2167.41 priorChange=-109.517 successMove=43
ITERATION 43 newScore=-2.63006e+06 diffscore=1292.65 priorChange=-95.6543 successMove=43
ITERATION 44 newScore=-2.62981e+06 diffscore=252.247 priorChange=-85.9503 successMove=41
ITERATION 45 newScore=-2.62951e+06 diffscore=298.949 priorChange=-92.8817 successMove=41
ITERATION 46 newScore=-2.62915e+06 diffscore=362.23 priorChange=-97.0406 successMove=41
ITERATION 47 newScore=-2.62705e+06 diffscore=2099.08 priorChange=-91.4954 successMove=44
ITERATION 48 newScore=-2.62524e+06 diffscore=1805.18 priorChange=-92.8817 successMove=45
ITERATION 49 newScore=-2.62501e+06 diffscore=236.076 priorChange=-106.745 successMove=41
ITERATION 50 newScore=-2.62471e+06 diffscore=293.671 priorChange=-115.062 successMove=41
ITERATION 51 newScore=-2.62412e+06 diffscore=591.191 priorChange=-101.199 successMove=41
ITERATION 52 newScore=-2.62312e+06 diffscore=1007.53 priorChange=-70.701 successMove=42
ITERATION 53 newScore=-2.62174e+06 diffscore=1379.87 priorChange=-90.1091 successMove=40
ITERATION 54 newScore=-2.6215e+06 diffscore=239.765 priorChange=-84.564 successMove=40
ITERATION 55 newScore=-2.62107e+06 diffscore=426.389 priorChange=-87.3365 successMove=40
ITERATION 56 newScore=-2.61935e+06 diffscore=1721.71 priorChange=-83.1777 successMove=41
ITERATION 57 newScore=-2.61916e+06 diffscore=186.274 priorChange=-97.0406 successMove=42
ITERATION 58 newScore=-2.61881e+06 diffscore=351.149 priorChange=-87.3365 successMove=40
ITERATION 59 newScore=-2.61865e+06 diffscore=162.557 priorChange=-73.4736 successMove=38
ITERATION 60 newScore=-2.61845e+06 diffscore=197.635 priorChange=-94.268 successMove=37
ITERATION 61 newScore=-2.61821e+06 diffscore=241.784 priorChange=-79.0188 successMove=36
ITERATION 62 newScore=-2.61801e+06 diffscore=197.541 priorChange=-76.2462 successMove=35
ITERATION 63 newScore=-2.61776e+06 diffscore=248.783 priorChange=-76.2462 successMove=33
ITERATION 64 newScore=-2.61755e+06 diffscore=212.219 priorChange=-69.3147 successMove=32
ITERATION 65 newScore=-2.61611e+06 diffscore=1435.67 priorChange=-60.997 successMove=30
ITERATION 66 newScore=-2.6159e+06 diffscore=216.818 priorChange=-69.3147 successMove=30
ITERATION 67 newScore=-2.61341e+06 diffscore=2483.59 priorChange=-60.997 successMove=30
ITERATION 68 newScore=-2.61329e+06 diffscore=123.28 priorChange=-42.9751 successMove=28
ITERATION 69 newScore=-2.61316e+06 diffscore=130.305 priorChange=-49.9066 successMove=25
ITERATION 70 newScore=-2.61305e+06 diffscore=113.564 priorChange=-44.3614 successMove=24
ITERATION 71 newScore=-2.61291e+06 diffscore=142.132 priorChange=-51.2929 successMove=23
ITERATION 72 newScore=-2.61265e+06 diffscore=256.555 priorChange=-52.6792 successMove=22
ITERATION 73 newScore=-2.61205e+06 diffscore=601.391 priorChange=-47.134 successMove=20
ITERATION 74 newScore=-2.61126e+06 diffscore=792.17 priorChange=-36.0437 successMove=20
ITERATION 75 newScore=-2.61117e+06 diffscore=89.0231 priorChange=-42.9751 successMove=19
ITERATION 76 newScore=-2.61106e+06 diffscore=108.6 priorChange=-41.5888 successMove=19
ITERATION 77 newScore=-2.61089e+06 diffscore=171.793 priorChange=-40.2025 successMove=18
ITERATION 78 newScore=-2.60967e+06 diffscore=1212.48 priorChange=-31.8848 successMove=16
ITERATION 79 newScore=-2.60956e+06 diffscore=109.791 priorChange=-34.6574 successMove=15
ITERATION 80 newScore=-2.60918e+06 diffscore=379.324 priorChange=-26.3396 successMove=15
ITERATION 81 newScore=-2.6091e+06 diffscore=84.2486 priorChange=-27.7259 successMove=15
ITERATION 82 newScore=-2.60901e+06 diffscore=88.1529 priorChange=-38.8162 successMove=15
ITERATION 83 newScore=-2.60892e+06 diffscore=94.7272 priorChange=-33.2711 successMove=13
ITERATION 84 newScore=-2.60887e+06 diffscore=46.5753 priorChange=-20.7944 successMove=12
ITERATION 85 newScore=-2.60882e+06 diffscore=47.9017 priorChange=-29.1122 successMove=12
ITERATION 86 newScore=-2.60879e+06 diffscore=36.7583 priorChange=-15.2492 successMove=11
ITERATION 87 newScore=-2.60874e+06 diffscore=44.673 priorChange=-16.6355 successMove=11
ITERATION 88 newScore=-2.6087e+06 diffscore=41.5989 priorChange=-22.1807 successMove=11
ITERATION 89 newScore=-2.60864e+06 diffscore=59.0587 priorChange=-20.7944 successMove=10
ITERATION 90 newScore=-2.60858e+06 diffscore=58.2145 priorChange=-18.0218 successMove=10
ITERATION 91 newScore=-2.60854e+06 diffscore=41.3146 priorChange=-19.4081 successMove=9
ITERATION 92 newScore=-2.60851e+06 diffscore=32.9582 priorChange=-13.8629 successMove=8
ITERATION 93 newScore=-2.60847e+06 diffscore=33.8919 priorChange=-19.4081 successMove=8
ITERATION 94 newScore=-2.60845e+06 diffscore=26.4286 priorChange=-16.6355 successMove=8
ITERATION 95 newScore=-2.60842e+06 diffscore=30.3412 priorChange=-13.8629 successMove=8
ITERATION 96 newScore=-2.60839e+06 diffscore=22.6052 priorChange=-11.0904 successMove=9
ITERATION 97 newScore=-2.60838e+06 diffscore=19.4257 priorChange=-9.70406 successMove=6
ITERATION 98 newScore=-2.60835e+06 diffscore=20.6743 priorChange=-11.0904 successMove=5
ITERATION 99 newScore=-2.60833e+06 diffscore=20.8325 priorChange=-13.8629 successMove=5
MetaLearner::dumpAllGraphs
Final Score -2.60833e+06
MetaLearner::start runtime: 1214176855 ms
Results/
Results/cluster10/
Results/cluster10/fold0/
Results/cluster10/fold0/modelparams.txt
Results/cluster10/fold0/var_mb_pw_k50.txt
Results/cluster1/
Results/cluster1/fold0/
Results/cluster1/fold0/modelparams.txt
Results/cluster1/fold0/var_mb_pw_k50.txt
Results/cluster6/
Results/cluster6/fold0/
Results/cluster6/fold0/modelparams.txt
Results/cluster6/fold0/var_mb_pw_k50.txt
Results/cluster9/
Results/cluster9/fold0/
Results/cluster9/fold0/modelparams.txt
Results/cluster9/fold0/var_mb_pw_k50.txt
Results/cluster2/
Results/cluster2/fold0/
Results/cluster2/fold0/modelparams.txt
Results/cluster2/fold0/var_mb_pw_k50.txt
Results/cluster7/
Results/cluster7/fold0/
Results/cluster7/fold0/modelparams.txt
Results/cluster7/fold0/var_mb_pw_k50.txt
Results/cluster3/
Results/cluster3/fold0/
Results/cluster3/fold0/modelparams.txt
Results/cluster3/fold0/var_mb_pw_k50.txt
Results/cluster8/
Results/cluster8/scoreFile.txt
Results/cluster8/fold0/
Results/cluster8/fold0/modelparams.txt
Results/cluster8/fold0/var_mb_pw_k50.txt
