000 (49777.1298.000) 10/11 10:48:11 Job submitted from host: <144.92.142.142:9618?addrs=144.92.142.142-9618&noUDP&sock=44923_051a_3>
...
001 (49777.1298.000) 10/11 16:19:30 Job executing on host: <128.105.68.23:9618?addrs=128.105.68.23-9618&alias=gpulab2004.chtc.wisc.edu&noUDP&sock=startd_62541_80a6>
...
006 (49777.1298.000) 10/11 16:19:39 Image size of job updated: 156496
	103  -  MemoryUsage of job (MB)
	105264  -  ResidentSetSize of job (KB)
...
006 (49777.1298.000) 10/11 16:24:40 Image size of job updated: 724888
	666  -  MemoryUsage of job (MB)
	681072  -  ResidentSetSize of job (KB)
...
006 (49777.1298.000) 10/11 16:29:41 Image size of job updated: 1569384
	1484  -  MemoryUsage of job (MB)
	1518764  -  ResidentSetSize of job (KB)
...
006 (49777.1298.000) 10/11 16:34:41 Image size of job updated: 2511448
	2406  -  MemoryUsage of job (MB)
	2463376  -  ResidentSetSize of job (KB)
...
006 (49777.1298.000) 10/11 16:39:41 Image size of job updated: 3666628
	3531  -  MemoryUsage of job (MB)
	3615448  -  ResidentSetSize of job (KB)
...
006 (49777.1298.000) 10/11 16:41:36 Image size of job updated: 4095172
	3531  -  MemoryUsage of job (MB)
	3615448  -  ResidentSetSize of job (KB)
...
005 (49777.1298.000) 10/11 16:41:36 Job terminated.
	(1) Normal termination (return value 0)
		Usr 0 00:21:58, Sys 0 00:00:05  -  Run Remote Usage
		Usr 0 00:00:00, Sys 0 00:00:00  -  Run Local Usage
		Usr 0 00:21:58, Sys 0 00:00:05  -  Total Remote Usage
		Usr 0 00:00:00, Sys 0 00:00:00  -  Total Local Usage
	174487  -  Run Bytes Sent By Job
	316719136  -  Run Bytes Received By Job
	174487  -  Total Bytes Sent By Job
	316719136  -  Total Bytes Received By Job
	Partitionable Resources :     Usage  Request Allocated 
	   Cpus                 :      0.99        1         1 
	   Disk (KB)            : 325000      819200  18192444 
	   Gpus                 :                            0 
	   Ioheavy              :                            0 
	   Memory (MB)          :   3531       20480     21341 
...
