000 (49777.763.000) 10/11 10:48:09 Job submitted from host: <144.92.142.142:9618?addrs=144.92.142.142-9618&noUDP&sock=44923_051a_3>
...
001 (49777.763.000) 10/11 14:41:25 Job executing on host: <128.105.68.23:9618?addrs=128.105.68.23-9618&alias=gpulab2004.chtc.wisc.edu&noUDP&sock=startd_62541_80a6>
...
006 (49777.763.000) 10/11 14:41:33 Image size of job updated: 105576
	104  -  MemoryUsage of job (MB)
	105576  -  ResidentSetSize of job (KB)
...
006 (49777.763.000) 10/11 14:46:33 Image size of job updated: 722564
	656  -  MemoryUsage of job (MB)
	671376  -  ResidentSetSize of job (KB)
...
006 (49777.763.000) 10/11 14:51:33 Image size of job updated: 1027856
	969  -  MemoryUsage of job (MB)
	992208  -  ResidentSetSize of job (KB)
...
006 (49777.763.000) 10/11 14:56:34 Image size of job updated: 1312988
	1235  -  MemoryUsage of job (MB)
	1264256  -  ResidentSetSize of job (KB)
...
006 (49777.763.000) 10/11 15:01:35 Image size of job updated: 1569596
	1487  -  MemoryUsage of job (MB)
	1521820  -  ResidentSetSize of job (KB)
...
006 (49777.763.000) 10/11 15:04:45 Image size of job updated: 1717716
	1487  -  MemoryUsage of job (MB)
	1521824  -  ResidentSetSize of job (KB)
...
005 (49777.763.000) 10/11 15:04:45 Job terminated.
	(1) Normal termination (return value 0)
		Usr 0 00:23:16, Sys 0 00:00:02  -  Run Remote Usage
		Usr 0 00:00:00, Sys 0 00:00:00  -  Run Local Usage
		Usr 0 00:23:16, Sys 0 00:00:02  -  Total Remote Usage
		Usr 0 00:00:00, Sys 0 00:00:00  -  Total Local Usage
	173924  -  Run Bytes Sent By Job
	316889536  -  Run Bytes Received By Job
	173924  -  Total Bytes Sent By Job
	316889536  -  Total Bytes Received By Job
	Partitionable Resources :     Usage  Request Allocated 
	   Cpus                 :      0.99        1         1 
	   Disk (KB)            : 325000      819200  18192444 
	   Gpus                 :                            0 
	   Ioheavy              :                            0 
	   Memory (MB)          :   1487       20480     21341 
...
