./CVN -f config_condor.txt -x50 -v1 -l TFs_OGs.txt -n AllGenes23.txt -d celltype_tree_ancestor.txt -m testdata_ogids.txt -s celltype_order.txt -p 0.2 -c yes -b -4 -q 4
(cluster3|cluster8) p_maintain_edge=0.8 p_gain=0.2
(cluster2|cluster3) p_maintain_edge=0.8 p_gain=0.2
(cluster1|cluster2) p_maintain_edge=0.8 p_gain=0.2
(cluster6|cluster2) p_maintain_edge=0.8 p_gain=0.2
(cluster9|cluster6) p_maintain_edge=0.8 p_gain=0.2
(cluster10|cluster6) p_maintain_edge=0.8 p_gain=0.2
(cluster7|cluster10) p_maintain_edge=0.8 p_gain=0.2
speciesSet.size()=8 Root is cluster8
MappedOrthogroupReader::readSpeciesMapping() --- celltype_order.txt
MappedOrthogroupReader::readFile - testdata_ogids.txt
MappedOrthogroupReader::generateGeneOrthoMap()
MetaLearner::init_onefold() read:config_condor.txt
MetaLearner::setinputVariableNames number of variables: 2039
readEvidenceTable:cluster8.table
PotentialManager::loadEvidenceFromTable varCount=2039 sampleCount=348
motifNetwork.size() = 319
0=cluster8 motifNetwork=cluster8_network.txt
variable size=2039
readEvidenceTable:cluster3.table
PotentialManager::loadEvidenceFromTable varCount=2039 sampleCount=95
motifNetwork.size() = 326
1=cluster3 motifNetwork=cluster3_network.txt
variable size=2039
readEvidenceTable:cluster2.table
PotentialManager::loadEvidenceFromTable varCount=2039 sampleCount=386
motifNetwork.size() = 328
2=cluster2 motifNetwork=cluster2_network.txt
variable size=2039
readEvidenceTable:cluster1.table
PotentialManager::loadEvidenceFromTable varCount=2039 sampleCount=36
motifNetwork.size() = 322
3=cluster1 motifNetwork=cluster1_network.txt
variable size=2039
readEvidenceTable:cluster6.table
PotentialManager::loadEvidenceFromTable varCount=2039 sampleCount=524
motifNetwork.size() = 320
4=cluster6 motifNetwork=cluster6_network.txt
variable size=2039
readEvidenceTable:cluster9.table
PotentialManager::loadEvidenceFromTable varCount=2039 sampleCount=184
motifNetwork.size() = 327
5=cluster9 motifNetwork=cluster9_network.txt
variable size=2039
readEvidenceTable:cluster10.table
PotentialManager::loadEvidenceFromTable varCount=2039 sampleCount=165
motifNetwork.size() = 326
6=cluster10 motifNetwork=cluster10_network.txt
variable size=2039
readEvidenceTable:cluster7.table
PotentialManager::loadEvidenceFromTable varCount=2039 sampleCount=1032
motifNetwork.size() = 320
7=cluster7 motifNetwork=cluster7_network.txt
variable size=2039
-------------------------------------------------------------
MetaLearner::start
precomputeEmptyGraphPrior
binkey=0 [Edge status: 0 0 0 0 0 0 0 0 ] P(G)=P(cluster8=0)[0.8] * P(cluster1=0|cluster2=0) * P(cluster9=0|cluster6=0) * P(cluster7=0|cluster10=0) * P(cluster10=0|cluster6=0) * P(cluster6=0|cluster2=0) * P(cluster2=0|cluster3=0) * P(cluster3=0|cluster8=0)[0.209715]=0.167772
condsetMap_Tree
0 cluster8=0 cluster3=0 cluster2=0 cluster1=0 cluster6=0 cluster9=0 cluster10=0 cluster7=1
1 cluster8=0 cluster3=0 cluster2=0 cluster1=0 cluster6=0 cluster9=1 cluster10=0 cluster7=0
2 cluster8=0 cluster3=0 cluster2=0 cluster1=0 cluster6=0 cluster9=1 cluster10=0 cluster7=1
3 cluster8=0 cluster3=0 cluster2=0 cluster1=1 cluster6=0 cluster9=0 cluster10=0 cluster7=0
4 cluster8=0 cluster3=0 cluster2=0 cluster1=1 cluster6=0 cluster9=0 cluster10=0 cluster7=1
5 cluster8=0 cluster3=0 cluster2=0 cluster1=1 cluster6=0 cluster9=1 cluster10=0 cluster7=0
6 cluster8=0 cluster3=0 cluster2=0 cluster1=1 cluster6=0 cluster9=1 cluster10=0 cluster7=1
7 cluster8=0 cluster3=0 cluster2=0 cluster1=0 cluster6=0 cluster9=0 cluster10=1 cluster7=1
8 cluster8=0 cluster3=0 cluster2=0 cluster1=0 cluster6=0 cluster9=1 cluster10=1 cluster7=1
9 cluster8=0 cluster3=0 cluster2=0 cluster1=1 cluster6=0 cluster9=0 cluster10=1 cluster7=1
10 cluster8=0 cluster3=0 cluster2=0 cluster1=1 cluster6=0 cluster9=1 cluster10=1 cluster7=1
11 cluster8=0 cluster3=0 cluster2=0 cluster1=0 cluster6=1 cluster9=1 cluster10=1 cluster7=1
12 cluster8=0 cluster3=0 cluster2=0 cluster1=1 cluster6=1 cluster9=1 cluster10=1 cluster7=1
13 cluster8=0 cluster3=0 cluster2=1 cluster1=1 cluster6=1 cluster9=1 cluster10=1 cluster7=1
14 cluster8=0 cluster3=1 cluster2=1 cluster1=1 cluster6=1 cluster9=1 cluster10=1 cluster7=1
15 cluster8=1 cluster3=1 cluster2=1 cluster1=1 cluster6=1 cluster9=1 cluster10=1 cluster7=1
16 cluster8=1 cluster3=1 cluster2=1 cluster1=1 cluster6=1 cluster9=1 cluster10=1 cluster7=0
17 cluster8=1 cluster3=1 cluster2=1 cluster1=1 cluster6=1 cluster9=0 cluster10=1 cluster7=1
18 cluster8=1 cluster3=1 cluster2=1 cluster1=1 cluster6=1 cluster9=0 cluster10=1 cluster7=0
19 cluster8=1 cluster3=1 cluster2=1 cluster1=0 cluster6=1 cluster9=1 cluster10=1 cluster7=1
20 cluster8=1 cluster3=1 cluster2=1 cluster1=0 cluster6=1 cluster9=1 cluster10=1 cluster7=0
21 cluster8=1 cluster3=1 cluster2=1 cluster1=0 cluster6=1 cluster9=0 cluster10=1 cluster7=1
22 cluster8=1 cluster3=1 cluster2=1 cluster1=0 cluster6=1 cluster9=0 cluster10=1 cluster7=0
23 cluster8=1 cluster3=1 cluster2=1 cluster1=1 cluster6=1 cluster9=1 cluster10=0 cluster7=0
24 cluster8=1 cluster3=1 cluster2=1 cluster1=1 cluster6=1 cluster9=0 cluster10=0 cluster7=0
25 cluster8=1 cluster3=1 cluster2=1 cluster1=0 cluster6=1 cluster9=1 cluster10=0 cluster7=0
26 cluster8=1 cluster3=1 cluster2=1 cluster1=0 cluster6=1 cluster9=0 cluster10=0 cluster7=0
27 cluster8=1 cluster3=1 cluster2=1 cluster1=1 cluster6=0 cluster9=0 cluster10=0 cluster7=0
28 cluster8=1 cluster3=1 cluster2=1 cluster1=0 cluster6=0 cluster9=0 cluster10=0 cluster7=0
29 cluster8=1 cluster3=1 cluster2=0 cluster1=0 cluster6=0 cluster9=0 cluster10=0 cluster7=0
30 cluster8=1 cluster3=0 cluster2=0 cluster1=0 cluster6=0 cluster9=0 cluster10=0 cluster7=0
31 cluster8=0 cluster3=0 cluster2=0 cluster1=0 cluster6=1 cluster9=0 cluster10=0 cluster7=0
32 cluster8=0 cluster3=0 cluster2=1 cluster1=0 cluster6=0 cluster9=0 cluster10=0 cluster7=0
33 cluster8=0 cluster3=0 cluster2=0 cluster1=0 cluster6=0 cluster9=0 cluster10=1 cluster7=0
34 cluster8=0 cluster3=1 cluster2=0 cluster1=0 cluster6=0 cluster9=0 cluster10=0 cluster7=0
inputRegulatorOGs.size() = 1999 inputOGList.size() = 50
binkey=128 [Edge status: 0 0 0 0 0 0 0 1 ] P(G)=P(cluster8=0)[0.8] * P(cluster1=0|cluster2=0) * P(cluster9=0|cluster6=0) * P(cluster7=1|cluster10=0) * P(cluster10=0|cluster6=0) * P(cluster6=0|cluster2=0) * P(cluster2=0|cluster3=0) * P(cluster3=0|cluster8=0)[0.0524288]=0.041943
binkey=2 [Edge status: 0 1 0 0 0 0 0 0 ] P(G)=P(cluster8=0)[0.8] * P(cluster1=0|cluster2=0) * P(cluster9=0|cluster6=0) * P(cluster7=0|cluster10=0) * P(cluster10=0|cluster6=0) * P(cluster6=0|cluster2=0) * P(cluster2=0|cluster3=1) * P(cluster3=1|cluster8=0)[0.0131072]=0.0104858
binkey=16 [Edge status: 0 0 0 0 1 0 0 0 ] P(G)=P(cluster8=0)[0.8] * P(cluster1=0|cluster2=0) * P(cluster9=0|cluster6=1) * P(cluster7=0|cluster10=0) * P(cluster10=0|cluster6=1) * P(cluster6=1|cluster2=0) * P(cluster2=0|cluster3=0) * P(cluster3=0|cluster8=0)[0.0032768]=0.00262144
binkey=1 [Edge status: 1 0 0 0 0 0 0 0 ] P(G)=P(cluster8=1)[0.2] * P(cluster1=0|cluster2=0) * P(cluster9=0|cluster6=0) * P(cluster7=0|cluster10=0) * P(cluster10=0|cluster6=0) * P(cluster6=0|cluster2=0) * P(cluster2=0|cluster3=0) * P(cluster3=0|cluster8=1)[0.0524288]=0.0104858
binkey=8 [Edge status: 0 0 0 1 0 0 0 0 ] P(G)=P(cluster8=0)[0.8] * P(cluster1=1|cluster2=0) * P(cluster9=0|cluster6=0) * P(cluster7=0|cluster10=0) * P(cluster10=0|cluster6=0) * P(cluster6=0|cluster2=0) * P(cluster2=0|cluster3=0) * P(cluster3=0|cluster8=0)[0.0524288]=0.041943
binkey=64 [Edge status: 0 0 0 0 0 0 1 0 ] P(G)=P(cluster8=0)[0.8] * P(cluster1=0|cluster2=0) * P(cluster9=0|cluster6=0) * P(cluster7=0|cluster10=1) * P(cluster10=1|cluster6=0) * P(cluster6=0|cluster2=0) * P(cluster2=0|cluster3=0) * P(cluster3=0|cluster8=0)[0.0131072]=0.0104858
binkey=4 [Edge status: 0 0 1 0 0 0 0 0 ] P(G)=P(cluster8=0)[0.8] * P(cluster1=0|cluster2=1) * P(cluster9=0|cluster6=0) * P(cluster7=0|cluster10=0) * P(cluster10=0|cluster6=0) * P(cluster6=0|cluster2=1) * P(cluster2=1|cluster3=0) * P(cluster3=0|cluster8=0)[0.0032768]=0.00262144
binkey=3 [Edge status: 1 1 0 0 0 0 0 0 ] P(G)=P(cluster8=1)[0.2] * P(cluster1=0|cluster2=0) * P(cluster9=0|cluster6=0) * P(cluster7=0|cluster10=0) * P(cluster10=0|cluster6=0) * P(cluster6=0|cluster2=0) * P(cluster2=0|cluster3=1) * P(cluster3=1|cluster8=1)[0.0524288]=0.0104858
binkey=192 [Edge status: 0 0 0 0 0 0 1 1 ] P(G)=P(cluster8=0)[0.8] * P(cluster1=0|cluster2=0) * P(cluster9=0|cluster6=0) * P(cluster7=1|cluster10=1) * P(cluster10=1|cluster6=0) * P(cluster6=0|cluster2=0) * P(cluster2=0|cluster3=0) * P(cluster3=0|cluster8=0)[0.0524288]=0.041943
binkey=32 [Edge status: 0 0 0 0 0 1 0 0 ] P(G)=P(cluster8=0)[0.8] * P(cluster1=0|cluster2=0) * P(cluster9=1|cluster6=0) * P(cluster7=0|cluster10=0) * P(cluster10=0|cluster6=0) * P(cluster6=0|cluster2=0) * P(cluster2=0|cluster3=0) * P(cluster3=0|cluster8=0)[0.0524288]=0.041943
binkey=136 [Edge status: 0 0 0 1 0 0 0 1 ] P(G)=P(cluster8=0)[0.8] * P(cluster1=1|cluster2=0) * P(cluster9=0|cluster6=0) * P(cluster7=1|cluster10=0) * P(cluster10=0|cluster6=0) * P(cluster6=0|cluster2=0) * P(cluster2=0|cluster3=0) * P(cluster3=0|cluster8=0)[0.0131072]=0.0104858
binkey=160 [Edge status: 0 0 0 0 0 1 0 1 ] P(G)=P(cluster8=0)[0.8] * P(cluster1=0|cluster2=0) * P(cluster9=1|cluster6=0) * P(cluster7=1|cluster10=0) * P(cluster10=0|cluster6=0) * P(cluster6=0|cluster2=0) * P(cluster2=0|cluster3=0) * P(cluster3=0|cluster8=0)[0.0131072]=0.0104858
binkey=40 [Edge status: 0 0 0 1 0 1 0 0 ] P(G)=P(cluster8=0)[0.8] * P(cluster1=1|cluster2=0) * P(cluster9=1|cluster6=0) * P(cluster7=0|cluster10=0) * P(cluster10=0|cluster6=0) * P(cluster6=0|cluster2=0) * P(cluster2=0|cluster3=0) * P(cluster3=0|cluster8=0)[0.0131072]=0.0104858
binkey=168 [Edge status: 0 0 0 1 0 1 0 1 ] P(G)=P(cluster8=0)[0.8] * P(cluster1=1|cluster2=0) * P(cluster9=1|cluster6=0) * P(cluster7=1|cluster10=0) * P(cluster10=0|cluster6=0) * P(cluster6=0|cluster2=0) * P(cluster2=0|cluster3=0) * P(cluster3=0|cluster8=0)[0.0032768]=0.00262144
binkey=200 [Edge status: 0 0 0 1 0 0 1 1 ] P(G)=P(cluster8=0)[0.8] * P(cluster1=1|cluster2=0) * P(cluster9=0|cluster6=0) * P(cluster7=1|cluster10=1) * P(cluster10=1|cluster6=0) * P(cluster6=0|cluster2=0) * P(cluster2=0|cluster3=0) * P(cluster3=0|cluster8=0)[0.0131072]=0.0104858
binkey=224 [Edge status: 0 0 0 0 0 1 1 1 ] P(G)=P(cluster8=0)[0.8] * P(cluster1=0|cluster2=0) * P(cluster9=1|cluster6=0) * P(cluster7=1|cluster10=1) * P(cluster10=1|cluster6=0) * P(cluster6=0|cluster2=0) * P(cluster2=0|cluster3=0) * P(cluster3=0|cluster8=0)[0.0131072]=0.0104858
binkey=240 [Edge status: 0 0 0 0 1 1 1 1 ] P(G)=P(cluster8=0)[0.8] * P(cluster1=0|cluster2=0) * P(cluster9=1|cluster6=1) * P(cluster7=1|cluster10=1) * P(cluster10=1|cluster6=1) * P(cluster6=1|cluster2=0) * P(cluster2=0|cluster3=0) * P(cluster3=0|cluster8=0)[0.0524288]=0.041943
binkey=232 [Edge status: 0 0 0 1 0 1 1 1 ] P(G)=P(cluster8=0)[0.8] * P(cluster1=1|cluster2=0) * P(cluster9=1|cluster6=0) * P(cluster7=1|cluster10=1) * P(cluster10=1|cluster6=0) * P(cluster6=0|cluster2=0) * P(cluster2=0|cluster3=0) * P(cluster3=0|cluster8=0)[0.0032768]=0.00262144
binkey=7 [Edge status: 1 1 1 0 0 0 0 0 ] P(G)=P(cluster8=1)[0.2] * P(cluster1=0|cluster2=1) * P(cluster9=0|cluster6=0) * P(cluster7=0|cluster10=0) * P(cluster10=0|cluster6=0) * P(cluster6=0|cluster2=1) * P(cluster2=1|cluster3=1) * P(cluster3=1|cluster8=1)[0.0131072]=0.00262144
binkey=248 [Edge status: 0 0 0 1 1 1 1 1 ] P(G)=P(cluster8=0)[0.8] * P(cluster1=1|cluster2=0) * P(cluster9=1|cluster6=1) * P(cluster7=1|cluster10=1) * P(cluster10=1|cluster6=1) * P(cluster6=1|cluster2=0) * P(cluster2=0|cluster3=0) * P(cluster3=0|cluster8=0)[0.0131072]=0.0104858
binkey=252 [Edge status: 0 0 1 1 1 1 1 1 ] P(G)=P(cluster8=0)[0.8] * P(cluster1=1|cluster2=1) * P(cluster9=1|cluster6=1) * P(cluster7=1|cluster10=1) * P(cluster10=1|cluster6=1) * P(cluster6=1|cluster2=1) * P(cluster2=1|cluster3=0) * P(cluster3=0|cluster8=0)[0.0524288]=0.041943
binkey=254 [Edge status: 0 1 1 1 1 1 1 1 ] P(G)=P(cluster8=0)[0.8] * P(cluster1=1|cluster2=1) * P(cluster9=1|cluster6=1) * P(cluster7=1|cluster10=1) * P(cluster10=1|cluster6=1) * P(cluster6=1|cluster2=1) * P(cluster2=1|cluster3=1) * P(cluster3=1|cluster8=0)[0.0524288]=0.041943
binkey=255 [Edge status: 1 1 1 1 1 1 1 1 ] P(G)=P(cluster8=1)[0.2] * P(cluster1=1|cluster2=1) * P(cluster9=1|cluster6=1) * P(cluster7=1|cluster10=1) * P(cluster10=1|cluster6=1) * P(cluster6=1|cluster2=1) * P(cluster2=1|cluster3=1) * P(cluster3=1|cluster8=1)[0.209715]=0.041943
binkey=127 [Edge status: 1 1 1 1 1 1 1 0 ] P(G)=P(cluster8=1)[0.2] * P(cluster1=1|cluster2=1) * P(cluster9=1|cluster6=1) * P(cluster7=0|cluster10=1) * P(cluster10=1|cluster6=1) * P(cluster6=1|cluster2=1) * P(cluster2=1|cluster3=1) * P(cluster3=1|cluster8=1)[0.0524288]=0.0104858
binkey=223 [Edge status: 1 1 1 1 1 0 1 1 ] P(G)=P(cluster8=1)[0.2] * P(cluster1=1|cluster2=1) * P(cluster9=0|cluster6=1) * P(cluster7=1|cluster10=1) * P(cluster10=1|cluster6=1) * P(cluster6=1|cluster2=1) * P(cluster2=1|cluster3=1) * P(cluster3=1|cluster8=1)[0.0524288]=0.0104858
binkey=95 [Edge status: 1 1 1 1 1 0 1 0 ] P(G)=P(cluster8=1)[0.2] * P(cluster1=1|cluster2=1) * P(cluster9=0|cluster6=1) * P(cluster7=0|cluster10=1) * P(cluster10=1|cluster6=1) * P(cluster6=1|cluster2=1) * P(cluster2=1|cluster3=1) * P(cluster3=1|cluster8=1)[0.0131072]=0.00262144
binkey=247 [Edge status: 1 1 1 0 1 1 1 1 ] P(G)=P(cluster8=1)[0.2] * P(cluster1=0|cluster2=1) * P(cluster9=1|cluster6=1) * P(cluster7=1|cluster10=1) * P(cluster10=1|cluster6=1) * P(cluster6=1|cluster2=1) * P(cluster2=1|cluster3=1) * P(cluster3=1|cluster8=1)[0.0524288]=0.0104858
binkey=119 [Edge status: 1 1 1 0 1 1 1 0 ] P(G)=P(cluster8=1)[0.2] * P(cluster1=0|cluster2=1) * P(cluster9=1|cluster6=1) * P(cluster7=0|cluster10=1) * P(cluster10=1|cluster6=1) * P(cluster6=1|cluster2=1) * P(cluster2=1|cluster3=1) * P(cluster3=1|cluster8=1)[0.0131072]=0.00262144
binkey=215 [Edge status: 1 1 1 0 1 0 1 1 ] P(G)=P(cluster8=1)[0.2] * P(cluster1=0|cluster2=1) * P(cluster9=0|cluster6=1) * P(cluster7=1|cluster10=1) * P(cluster10=1|cluster6=1) * P(cluster6=1|cluster2=1) * P(cluster2=1|cluster3=1) * P(cluster3=1|cluster8=1)[0.0131072]=0.00262144
binkey=87 [Edge status: 1 1 1 0 1 0 1 0 ] P(G)=P(cluster8=1)[0.2] * P(cluster1=0|cluster2=1) * P(cluster9=0|cluster6=1) * P(cluster7=0|cluster10=1) * P(cluster10=1|cluster6=1) * P(cluster6=1|cluster2=1) * P(cluster2=1|cluster3=1) * P(cluster3=1|cluster8=1)[0.0032768]=0.00065536
binkey=63 [Edge status: 1 1 1 1 1 1 0 0 ] P(G)=P(cluster8=1)[0.2] * P(cluster1=1|cluster2=1) * P(cluster9=1|cluster6=1) * P(cluster7=0|cluster10=0) * P(cluster10=0|cluster6=1) * P(cluster6=1|cluster2=1) * P(cluster2=1|cluster3=1) * P(cluster3=1|cluster8=1)[0.0524288]=0.0104858
binkey=31 [Edge status: 1 1 1 1 1 0 0 0 ] P(G)=P(cluster8=1)[0.2] * P(cluster1=1|cluster2=1) * P(cluster9=0|cluster6=1) * P(cluster7=0|cluster10=0) * P(cluster10=0|cluster6=1) * P(cluster6=1|cluster2=1) * P(cluster2=1|cluster3=1) * P(cluster3=1|cluster8=1)[0.0131072]=0.00262144
binkey=55 [Edge status: 1 1 1 0 1 1 0 0 ] P(G)=P(cluster8=1)[0.2] * P(cluster1=0|cluster2=1) * P(cluster9=1|cluster6=1) * P(cluster7=0|cluster10=0) * P(cluster10=0|cluster6=1) * P(cluster6=1|cluster2=1) * P(cluster2=1|cluster3=1) * P(cluster3=1|cluster8=1)[0.0131072]=0.00262144
binkey=23 [Edge status: 1 1 1 0 1 0 0 0 ] P(G)=P(cluster8=1)[0.2] * P(cluster1=0|cluster2=1) * P(cluster9=0|cluster6=1) * P(cluster7=0|cluster10=0) * P(cluster10=0|cluster6=1) * P(cluster6=1|cluster2=1) * P(cluster2=1|cluster3=1) * P(cluster3=1|cluster8=1)[0.0032768]=0.00065536
binkey=15 [Edge status: 1 1 1 1 0 0 0 0 ] P(G)=P(cluster8=1)[0.2] * P(cluster1=1|cluster2=1) * P(cluster9=0|cluster6=0) * P(cluster7=0|cluster10=0) * P(cluster10=0|cluster6=0) * P(cluster6=0|cluster2=1) * P(cluster2=1|cluster3=1) * P(cluster3=1|cluster8=1)[0.0524288]=0.0104858
ITERATION 0 newScore=-2.73159e+06 diffscore=13012.7 priorChange=-102.586 successMove=57
ITERATION 1 newScore=-2.72418e+06 diffscore=7415.17 priorChange=-110.904 successMove=51
ITERATION 2 newScore=-2.72029e+06 diffscore=3891.7 priorChange=-108.131 successMove=55
ITERATION 3 newScore=-2.7127e+06 diffscore=7587.71 priorChange=-120.608 successMove=51
ITERATION 4 newScore=-2.70553e+06 diffscore=7163.82 priorChange=-109.517 successMove=51
ITERATION 5 newScore=-2.70148e+06 diffscore=4054.66 priorChange=-106.745 successMove=53
ITERATION 6 newScore=-2.69411e+06 diffscore=7366.69 priorChange=-113.676 successMove=52
ITERATION 7 newScore=-2.68882e+06 diffscore=5292.37 priorChange=-130.312 successMove=53
ITERATION 8 newScore=-2.68764e+06 diffscore=1179.16 priorChange=-120.608 successMove=50
ITERATION 9 newScore=-2.68546e+06 diffscore=2177.09 priorChange=-115.062 successMove=51
ITERATION 10 newScore=-2.68147e+06 diffscore=3993.78 priorChange=-105.358 successMove=59
ITERATION 11 newScore=-2.67901e+06 diffscore=2458.42 priorChange=-109.517 successMove=50
ITERATION 12 newScore=-2.67431e+06 diffscore=4699.71 priorChange=-110.904 successMove=52
ITERATION 13 newScore=-2.67057e+06 diffscore=3743.72 priorChange=-110.904 successMove=53
ITERATION 14 newScore=-2.66538e+06 diffscore=5193.74 priorChange=-113.676 successMove=51
ITERATION 15 newScore=-2.66312e+06 diffscore=2254.27 priorChange=-112.29 successMove=53
ITERATION 16 newScore=-2.66167e+06 diffscore=1455.49 priorChange=-105.358 successMove=49
ITERATION 17 newScore=-2.65868e+06 diffscore=2984.71 priorChange=-105.358 successMove=50
ITERATION 18 newScore=-2.65811e+06 diffscore=568.105 priorChange=-108.131 successMove=51
ITERATION 19 newScore=-2.65758e+06 diffscore=537.023 priorChange=-109.517 successMove=50
ITERATION 20 newScore=-2.65564e+06 diffscore=1933 priorChange=-113.676 successMove=49
ITERATION 21 newScore=-2.65504e+06 diffscore=604.957 priorChange=-110.904 successMove=49
ITERATION 22 newScore=-2.65318e+06 diffscore=1860.4 priorChange=-110.904 successMove=48
ITERATION 23 newScore=-2.65064e+06 diffscore=2535.53 priorChange=-106.745 successMove=48
ITERATION 24 newScore=-2.64716e+06 diffscore=3478.71 priorChange=-117.835 successMove=49
ITERATION 25 newScore=-2.64663e+06 diffscore=537.822 priorChange=-108.131 successMove=52
ITERATION 26 newScore=-2.64486e+06 diffscore=1769.67 priorChange=-103.972 successMove=49
ITERATION 27 newScore=-2.64366e+06 diffscore=1191.02 priorChange=-101.199 successMove=48
ITERATION 28 newScore=-2.64106e+06 diffscore=2600.49 priorChange=-97.0406 successMove=50
ITERATION 29 newScore=-2.64068e+06 diffscore=387.671 priorChange=-105.358 successMove=48
ITERATION 30 newScore=-2.64024e+06 diffscore=433.961 priorChange=-99.8132 successMove=48
ITERATION 31 newScore=-2.63969e+06 diffscore=555.058 priorChange=-91.4954 successMove=49
ITERATION 32 newScore=-2.63756e+06 diffscore=2122.92 priorChange=-99.8132 successMove=50
ITERATION 33 newScore=-2.63716e+06 diffscore=405.299 priorChange=-97.0406 successMove=47
ITERATION 34 newScore=-2.6358e+06 diffscore=1362.68 priorChange=-98.4269 successMove=47
ITERATION 35 newScore=-2.63513e+06 diffscore=667.46 priorChange=-112.29 successMove=49
ITERATION 36 newScore=-2.63199e+06 diffscore=3138.14 priorChange=-106.745 successMove=50
ITERATION 37 newScore=-2.62948e+06 diffscore=2512.11 priorChange=-115.062 successMove=46
ITERATION 38 newScore=-2.62875e+06 diffscore=726.28 priorChange=-102.586 successMove=46
ITERATION 39 newScore=-2.6272e+06 diffscore=1552.86 priorChange=-90.1091 successMove=46
ITERATION 40 newScore=-2.62695e+06 diffscore=246.172 priorChange=-83.1777 successMove=44
ITERATION 41 newScore=-2.62667e+06 diffscore=280.481 priorChange=-99.8132 successMove=44
ITERATION 42 newScore=-2.62627e+06 diffscore=408.166 priorChange=-84.564 successMove=53
ITERATION 43 newScore=-2.62474e+06 diffscore=1521.96 priorChange=-99.8132 successMove=44
ITERATION 44 newScore=-2.62445e+06 diffscore=292.228 priorChange=-94.268 successMove=45
ITERATION 45 newScore=-2.62336e+06 diffscore=1094.52 priorChange=-83.1777 successMove=45
ITERATION 46 newScore=-2.62301e+06 diffscore=347.33 priorChange=-88.7228 successMove=42
ITERATION 47 newScore=-2.62185e+06 diffscore=1162.91 priorChange=-97.0406 successMove=43
ITERATION 48 newScore=-2.62157e+06 diffscore=278.792 priorChange=-87.3365 successMove=43
ITERATION 49 newScore=-2.62127e+06 diffscore=294.495 priorChange=-94.268 successMove=42
ITERATION 50 newScore=-2.62011e+06 diffscore=1158.57 priorChange=-77.6325 successMove=43
ITERATION 51 newScore=-2.61933e+06 diffscore=788.064 priorChange=-94.268 successMove=41
ITERATION 52 newScore=-2.61909e+06 diffscore=231.425 priorChange=-73.4736 successMove=40
ITERATION 53 newScore=-2.61883e+06 diffscore=267.981 priorChange=-81.7914 successMove=40
ITERATION 54 newScore=-2.61858e+06 diffscore=250.221 priorChange=-74.8599 successMove=37
ITERATION 55 newScore=-2.61828e+06 diffscore=295.56 priorChange=-59.6107 successMove=37
ITERATION 56 newScore=-2.61794e+06 diffscore=345.097 priorChange=-79.0188 successMove=36
ITERATION 57 newScore=-2.61769e+06 diffscore=246.332 priorChange=-79.0188 successMove=36
ITERATION 58 newScore=-2.61748e+06 diffscore=212.993 priorChange=-60.997 successMove=34
ITERATION 59 newScore=-2.61502e+06 diffscore=2452.89 priorChange=-76.2462 successMove=33
ITERATION 60 newScore=-2.61471e+06 diffscore=310.845 priorChange=-63.7695 successMove=32
ITERATION 61 newScore=-2.61311e+06 diffscore=1598.94 priorChange=-76.2462 successMove=31
ITERATION 62 newScore=-2.61117e+06 diffscore=1944.73 priorChange=-72.0873 successMove=31
ITERATION 63 newScore=-2.61098e+06 diffscore=191.175 priorChange=-66.5421 successMove=30
ITERATION 64 newScore=-2.61081e+06 diffscore=169.415 priorChange=-65.1558 successMove=30
ITERATION 65 newScore=-2.61065e+06 diffscore=161.545 priorChange=-55.4518 successMove=30
ITERATION 66 newScore=-2.61041e+06 diffscore=240.064 priorChange=-55.4518 successMove=29
ITERATION 67 newScore=-2.60972e+06 diffscore=686.636 priorChange=-60.997 successMove=30
ITERATION 68 newScore=-2.60957e+06 diffscore=153.089 priorChange=-58.2244 successMove=30
ITERATION 69 newScore=-2.6094e+06 diffscore=169.913 priorChange=-62.3832 successMove=33
ITERATION 70 newScore=-2.60916e+06 diffscore=234.83 priorChange=-56.8381 successMove=29
ITERATION 71 newScore=-2.60898e+06 diffscore=182.234 priorChange=-51.2929 successMove=25
ITERATION 72 newScore=-2.60882e+06 diffscore=164.997 priorChange=-63.7695 successMove=28
ITERATION 73 newScore=-2.60864e+06 diffscore=174.942 priorChange=-63.7695 successMove=25
ITERATION 74 newScore=-2.60851e+06 diffscore=133.602 priorChange=-42.9751 successMove=24
ITERATION 75 newScore=-2.60826e+06 diffscore=245.63 priorChange=-47.134 successMove=21
ITERATION 76 newScore=-2.60764e+06 diffscore=620.998 priorChange=-37.4299 successMove=23
ITERATION 77 newScore=-2.60747e+06 diffscore=165.668 priorChange=-41.5888 successMove=21
ITERATION 78 newScore=-2.60708e+06 diffscore=396.682 priorChange=-33.2711 successMove=20
ITERATION 79 newScore=-2.60511e+06 diffscore=1965.35 priorChange=-36.0437 successMove=20
ITERATION 80 newScore=-2.60502e+06 diffscore=92.9935 priorChange=-34.6574 successMove=17
ITERATION 81 newScore=-2.60379e+06 diffscore=1233.68 priorChange=-33.2711 successMove=18
ITERATION 82 newScore=-2.60367e+06 diffscore=114.6 priorChange=-30.4985 successMove=19
ITERATION 83 newScore=-2.60358e+06 diffscore=89.4506 priorChange=-34.6574 successMove=18
ITERATION 84 newScore=-2.6035e+06 diffscore=84.0801 priorChange=-27.7259 successMove=17
ITERATION 85 newScore=-2.60341e+06 diffscore=85.0112 priorChange=-34.6574 successMove=16
ITERATION 86 newScore=-2.60332e+06 diffscore=89.788 priorChange=-33.2711 successMove=15
ITERATION 87 newScore=-2.60324e+06 diffscore=85.2403 priorChange=-23.567 successMove=14
ITERATION 88 newScore=-2.60311e+06 diffscore=130.146 priorChange=-30.4985 successMove=13
ITERATION 89 newScore=-2.60301e+06 diffscore=94.6989 priorChange=-18.0218 successMove=14
ITERATION 90 newScore=-2.60213e+06 diffscore=883.227 priorChange=-22.1807 successMove=13
ITERATION 91 newScore=-2.60181e+06 diffscore=314.786 priorChange=-33.2711 successMove=13
ITERATION 92 newScore=-2.60175e+06 diffscore=62.9457 priorChange=-26.3396 successMove=12
ITERATION 93 newScore=-2.6017e+06 diffscore=50.7497 priorChange=-19.4081 successMove=10
ITERATION 94 newScore=-2.60166e+06 diffscore=45.9807 priorChange=-20.7944 successMove=9
ITERATION 95 newScore=-2.60161e+06 diffscore=47.5141 priorChange=-19.4081 successMove=10
ITERATION 96 newScore=-2.60155e+06 diffscore=57.4035 priorChange=-20.7944 successMove=9
ITERATION 97 newScore=-2.60149e+06 diffscore=58.2439 priorChange=-20.7944 successMove=9
ITERATION 98 newScore=-2.60143e+06 diffscore=66.3697 priorChange=-15.2492 successMove=6
ITERATION 99 newScore=-2.60134e+06 diffscore=85.8546 priorChange=-15.2492 successMove=6
MetaLearner::dumpAllGraphs
Final Score -2.60134e+06
MetaLearner::start runtime: 1209246165 ms
Results/
Results/cluster3/
Results/cluster3/fold0/
Results/cluster3/fold0/modelparams.txt
Results/cluster3/fold0/var_mb_pw_k50.txt
Results/cluster7/
Results/cluster7/fold0/
Results/cluster7/fold0/modelparams.txt
Results/cluster7/fold0/var_mb_pw_k50.txt
Results/cluster2/
Results/cluster2/fold0/
Results/cluster2/fold0/modelparams.txt
Results/cluster2/fold0/var_mb_pw_k50.txt
Results/cluster9/
Results/cluster9/fold0/
Results/cluster9/fold0/modelparams.txt
Results/cluster9/fold0/var_mb_pw_k50.txt
Results/cluster6/
Results/cluster6/fold0/
Results/cluster6/fold0/modelparams.txt
Results/cluster6/fold0/var_mb_pw_k50.txt
Results/cluster1/
Results/cluster1/fold0/
Results/cluster1/fold0/modelparams.txt
Results/cluster1/fold0/var_mb_pw_k50.txt
Results/cluster10/
Results/cluster10/fold0/
Results/cluster10/fold0/modelparams.txt
Results/cluster10/fold0/var_mb_pw_k50.txt
Results/cluster8/
Results/cluster8/scoreFile.txt
Results/cluster8/fold0/
Results/cluster8/fold0/modelparams.txt
Results/cluster8/fold0/var_mb_pw_k50.txt
