000 (49777.1505.000) 10/11 10:48:12 Job submitted from host: <144.92.142.142:9618?addrs=144.92.142.142-9618&noUDP&sock=44923_051a_3>
...
001 (49777.1505.000) 10/11 16:53:46 Job executing on host: <128.105.68.16:9618?addrs=128.105.68.16-9618&alias=coba2000.chtc.wisc.edu&noUDP&sock=startd_7305_336c>
...
006 (49777.1505.000) 10/11 16:53:55 Image size of job updated: 105384
	103  -  MemoryUsage of job (MB)
	105380  -  ResidentSetSize of job (KB)
...
006 (49777.1505.000) 10/11 16:58:56 Image size of job updated: 721020
	655  -  MemoryUsage of job (MB)
	669868  -  ResidentSetSize of job (KB)
...
006 (49777.1505.000) 10/11 17:03:56 Image size of job updated: 1159084
	1105  -  MemoryUsage of job (MB)
	1130520  -  ResidentSetSize of job (KB)
...
006 (49777.1505.000) 10/11 17:08:56 Image size of job updated: 1691196
	1612  -  MemoryUsage of job (MB)
	1650464  -  ResidentSetSize of job (KB)
...
006 (49777.1505.000) 10/11 17:13:57 Image size of job updated: 2213980
	2113  -  MemoryUsage of job (MB)
	2163540  -  ResidentSetSize of job (KB)
...
006 (49777.1505.000) 10/11 17:17:07 Image size of job updated: 2548692
	2113  -  MemoryUsage of job (MB)
	2163540  -  ResidentSetSize of job (KB)
...
005 (49777.1505.000) 10/11 17:17:07 Job terminated.
	(1) Normal termination (return value 0)
		Usr 0 00:23:09, Sys 0 00:00:05  -  Run Remote Usage
		Usr 0 00:00:00, Sys 0 00:00:00  -  Run Local Usage
		Usr 0 00:23:09, Sys 0 00:00:05  -  Total Remote Usage
		Usr 0 00:00:00, Sys 0 00:00:00  -  Total Local Usage
	175099  -  Run Bytes Sent By Job
	316715872  -  Run Bytes Received By Job
	175099  -  Total Bytes Sent By Job
	316715872  -  Total Bytes Received By Job
	Partitionable Resources :     Usage  Request Allocated 
	   Cpus                 :      1.00        1         1 
	   Disk (KB)            : 325000      819200  44742796 
	   Gpus                 :                            0 
	   Ioheavy              :                            0 
	   Memory (MB)          :   2113       20480     21341 
...
