./CVN -f config_condor.txt -x50 -v1 -l TFs_OGs.txt -n AllGenes194.txt -d celltype_tree_ancestor.txt -m testdata_ogids.txt -s celltype_order.txt -p 0.2 -c yes -b -4 -q 4
(cluster3|cluster8) p_maintain_edge=0.8 p_gain=0.2
(cluster2|cluster3) p_maintain_edge=0.8 p_gain=0.2
(cluster1|cluster2) p_maintain_edge=0.8 p_gain=0.2
(cluster6|cluster2) p_maintain_edge=0.8 p_gain=0.2
(cluster9|cluster6) p_maintain_edge=0.8 p_gain=0.2
(cluster10|cluster6) p_maintain_edge=0.8 p_gain=0.2
(cluster7|cluster10) p_maintain_edge=0.8 p_gain=0.2
speciesSet.size()=8 Root is cluster8
MappedOrthogroupReader::readSpeciesMapping() --- celltype_order.txt
MappedOrthogroupReader::readFile - testdata_ogids.txt
MappedOrthogroupReader::generateGeneOrthoMap()
MetaLearner::init_onefold() read:config_condor.txt
MetaLearner::setinputVariableNames number of variables: 2042
readEvidenceTable:cluster8.table
PotentialManager::loadEvidenceFromTable varCount=2042 sampleCount=348
motifNetwork.size() = 319
0=cluster8 motifNetwork=cluster8_network.txt
variable size=2042
readEvidenceTable:cluster3.table
PotentialManager::loadEvidenceFromTable varCount=2042 sampleCount=95
motifNetwork.size() = 326
1=cluster3 motifNetwork=cluster3_network.txt
variable size=2042
readEvidenceTable:cluster2.table
PotentialManager::loadEvidenceFromTable varCount=2042 sampleCount=386
motifNetwork.size() = 328
2=cluster2 motifNetwork=cluster2_network.txt
variable size=2042
readEvidenceTable:cluster1.table
PotentialManager::loadEvidenceFromTable varCount=2042 sampleCount=36
motifNetwork.size() = 322
3=cluster1 motifNetwork=cluster1_network.txt
variable size=2042
readEvidenceTable:cluster6.table
PotentialManager::loadEvidenceFromTable varCount=2042 sampleCount=524
motifNetwork.size() = 320
4=cluster6 motifNetwork=cluster6_network.txt
variable size=2042
readEvidenceTable:cluster9.table
PotentialManager::loadEvidenceFromTable varCount=2042 sampleCount=184
motifNetwork.size() = 327
5=cluster9 motifNetwork=cluster9_network.txt
variable size=2042
readEvidenceTable:cluster10.table
PotentialManager::loadEvidenceFromTable varCount=2042 sampleCount=165
motifNetwork.size() = 326
6=cluster10 motifNetwork=cluster10_network.txt
variable size=2042
readEvidenceTable:cluster7.table
PotentialManager::loadEvidenceFromTable varCount=2042 sampleCount=1032
motifNetwork.size() = 320
7=cluster7 motifNetwork=cluster7_network.txt
variable size=2042
-------------------------------------------------------------
MetaLearner::start
precomputeEmptyGraphPrior
binkey=0 [Edge status: 0 0 0 0 0 0 0 0 ] P(G)=P(cluster8=0)[0.8] * P(cluster1=0|cluster2=0) * P(cluster9=0|cluster6=0) * P(cluster7=0|cluster10=0) * P(cluster10=0|cluster6=0) * P(cluster6=0|cluster2=0) * P(cluster2=0|cluster3=0) * P(cluster3=0|cluster8=0)[0.209715]=0.167772
condsetMap_Tree
0 cluster8=0 cluster3=0 cluster2=0 cluster1=0 cluster6=0 cluster9=0 cluster10=0 cluster7=1
1 cluster8=0 cluster3=0 cluster2=0 cluster1=0 cluster6=0 cluster9=1 cluster10=0 cluster7=0
2 cluster8=0 cluster3=0 cluster2=0 cluster1=0 cluster6=0 cluster9=1 cluster10=0 cluster7=1
3 cluster8=0 cluster3=0 cluster2=0 cluster1=1 cluster6=0 cluster9=0 cluster10=0 cluster7=0
4 cluster8=0 cluster3=0 cluster2=0 cluster1=1 cluster6=0 cluster9=0 cluster10=0 cluster7=1
5 cluster8=0 cluster3=0 cluster2=0 cluster1=1 cluster6=0 cluster9=1 cluster10=0 cluster7=0
6 cluster8=0 cluster3=0 cluster2=0 cluster1=1 cluster6=0 cluster9=1 cluster10=0 cluster7=1
7 cluster8=0 cluster3=0 cluster2=0 cluster1=0 cluster6=0 cluster9=0 cluster10=1 cluster7=1
8 cluster8=0 cluster3=0 cluster2=0 cluster1=0 cluster6=0 cluster9=1 cluster10=1 cluster7=1
9 cluster8=0 cluster3=0 cluster2=0 cluster1=1 cluster6=0 cluster9=0 cluster10=1 cluster7=1
10 cluster8=0 cluster3=0 cluster2=0 cluster1=1 cluster6=0 cluster9=1 cluster10=1 cluster7=1
11 cluster8=0 cluster3=0 cluster2=0 cluster1=0 cluster6=1 cluster9=1 cluster10=1 cluster7=1
12 cluster8=0 cluster3=0 cluster2=0 cluster1=1 cluster6=1 cluster9=1 cluster10=1 cluster7=1
13 cluster8=0 cluster3=0 cluster2=1 cluster1=1 cluster6=1 cluster9=1 cluster10=1 cluster7=1
14 cluster8=0 cluster3=1 cluster2=1 cluster1=1 cluster6=1 cluster9=1 cluster10=1 cluster7=1
15 cluster8=1 cluster3=1 cluster2=1 cluster1=1 cluster6=1 cluster9=1 cluster10=1 cluster7=1
16 cluster8=1 cluster3=1 cluster2=1 cluster1=1 cluster6=1 cluster9=1 cluster10=1 cluster7=0
17 cluster8=1 cluster3=1 cluster2=1 cluster1=1 cluster6=1 cluster9=0 cluster10=1 cluster7=1
18 cluster8=1 cluster3=1 cluster2=1 cluster1=1 cluster6=1 cluster9=0 cluster10=1 cluster7=0
19 cluster8=1 cluster3=1 cluster2=1 cluster1=0 cluster6=1 cluster9=1 cluster10=1 cluster7=1
20 cluster8=1 cluster3=1 cluster2=1 cluster1=0 cluster6=1 cluster9=1 cluster10=1 cluster7=0
21 cluster8=1 cluster3=1 cluster2=1 cluster1=0 cluster6=1 cluster9=0 cluster10=1 cluster7=1
22 cluster8=1 cluster3=1 cluster2=1 cluster1=0 cluster6=1 cluster9=0 cluster10=1 cluster7=0
23 cluster8=1 cluster3=1 cluster2=1 cluster1=1 cluster6=1 cluster9=1 cluster10=0 cluster7=0
24 cluster8=1 cluster3=1 cluster2=1 cluster1=1 cluster6=1 cluster9=0 cluster10=0 cluster7=0
25 cluster8=1 cluster3=1 cluster2=1 cluster1=0 cluster6=1 cluster9=1 cluster10=0 cluster7=0
26 cluster8=1 cluster3=1 cluster2=1 cluster1=0 cluster6=1 cluster9=0 cluster10=0 cluster7=0
27 cluster8=1 cluster3=1 cluster2=1 cluster1=1 cluster6=0 cluster9=0 cluster10=0 cluster7=0
28 cluster8=1 cluster3=1 cluster2=1 cluster1=0 cluster6=0 cluster9=0 cluster10=0 cluster7=0
29 cluster8=1 cluster3=1 cluster2=0 cluster1=0 cluster6=0 cluster9=0 cluster10=0 cluster7=0
30 cluster8=1 cluster3=0 cluster2=0 cluster1=0 cluster6=0 cluster9=0 cluster10=0 cluster7=0
31 cluster8=0 cluster3=0 cluster2=0 cluster1=0 cluster6=1 cluster9=0 cluster10=0 cluster7=0
32 cluster8=0 cluster3=0 cluster2=1 cluster1=0 cluster6=0 cluster9=0 cluster10=0 cluster7=0
33 cluster8=0 cluster3=0 cluster2=0 cluster1=0 cluster6=0 cluster9=0 cluster10=1 cluster7=0
34 cluster8=0 cluster3=1 cluster2=0 cluster1=0 cluster6=0 cluster9=0 cluster10=0 cluster7=0
inputRegulatorOGs.size() = 1999 inputOGList.size() = 50
binkey=64 [Edge status: 0 0 0 0 0 0 1 0 ] P(G)=P(cluster8=0)[0.8] * P(cluster1=0|cluster2=0) * P(cluster9=0|cluster6=0) * P(cluster7=0|cluster10=1) * P(cluster10=1|cluster6=0) * P(cluster6=0|cluster2=0) * P(cluster2=0|cluster3=0) * P(cluster3=0|cluster8=0)[0.0131072]=0.0104858
binkey=1 [Edge status: 1 0 0 0 0 0 0 0 ] P(G)=P(cluster8=1)[0.2] * P(cluster1=0|cluster2=0) * P(cluster9=0|cluster6=0) * P(cluster7=0|cluster10=0) * P(cluster10=0|cluster6=0) * P(cluster6=0|cluster2=0) * P(cluster2=0|cluster3=0) * P(cluster3=0|cluster8=1)[0.0524288]=0.0104858
binkey=8 [Edge status: 0 0 0 1 0 0 0 0 ] P(G)=P(cluster8=0)[0.8] * P(cluster1=1|cluster2=0) * P(cluster9=0|cluster6=0) * P(cluster7=0|cluster10=0) * P(cluster10=0|cluster6=0) * P(cluster6=0|cluster2=0) * P(cluster2=0|cluster3=0) * P(cluster3=0|cluster8=0)[0.0524288]=0.041943
binkey=2 [Edge status: 0 1 0 0 0 0 0 0 ] P(G)=P(cluster8=0)[0.8] * P(cluster1=0|cluster2=0) * P(cluster9=0|cluster6=0) * P(cluster7=0|cluster10=0) * P(cluster10=0|cluster6=0) * P(cluster6=0|cluster2=0) * P(cluster2=0|cluster3=1) * P(cluster3=1|cluster8=0)[0.0131072]=0.0104858
binkey=16 [Edge status: 0 0 0 0 1 0 0 0 ] P(G)=P(cluster8=0)[0.8] * P(cluster1=0|cluster2=0) * P(cluster9=0|cluster6=1) * P(cluster7=0|cluster10=0) * P(cluster10=0|cluster6=1) * P(cluster6=1|cluster2=0) * P(cluster2=0|cluster3=0) * P(cluster3=0|cluster8=0)[0.0032768]=0.00262144
binkey=32 [Edge status: 0 0 0 0 0 1 0 0 ] P(G)=P(cluster8=0)[0.8] * P(cluster1=0|cluster2=0) * P(cluster9=1|cluster6=0) * P(cluster7=0|cluster10=0) * P(cluster10=0|cluster6=0) * P(cluster6=0|cluster2=0) * P(cluster2=0|cluster3=0) * P(cluster3=0|cluster8=0)[0.0524288]=0.041943
binkey=128 [Edge status: 0 0 0 0 0 0 0 1 ] P(G)=P(cluster8=0)[0.8] * P(cluster1=0|cluster2=0) * P(cluster9=0|cluster6=0) * P(cluster7=1|cluster10=0) * P(cluster10=0|cluster6=0) * P(cluster6=0|cluster2=0) * P(cluster2=0|cluster3=0) * P(cluster3=0|cluster8=0)[0.0524288]=0.041943
binkey=4 [Edge status: 0 0 1 0 0 0 0 0 ] P(G)=P(cluster8=0)[0.8] * P(cluster1=0|cluster2=1) * P(cluster9=0|cluster6=0) * P(cluster7=0|cluster10=0) * P(cluster10=0|cluster6=0) * P(cluster6=0|cluster2=1) * P(cluster2=1|cluster3=0) * P(cluster3=0|cluster8=0)[0.0032768]=0.00262144
binkey=192 [Edge status: 0 0 0 0 0 0 1 1 ] P(G)=P(cluster8=0)[0.8] * P(cluster1=0|cluster2=0) * P(cluster9=0|cluster6=0) * P(cluster7=1|cluster10=1) * P(cluster10=1|cluster6=0) * P(cluster6=0|cluster2=0) * P(cluster2=0|cluster3=0) * P(cluster3=0|cluster8=0)[0.0524288]=0.041943
binkey=3 [Edge status: 1 1 0 0 0 0 0 0 ] P(G)=P(cluster8=1)[0.2] * P(cluster1=0|cluster2=0) * P(cluster9=0|cluster6=0) * P(cluster7=0|cluster10=0) * P(cluster10=0|cluster6=0) * P(cluster6=0|cluster2=0) * P(cluster2=0|cluster3=1) * P(cluster3=1|cluster8=1)[0.0524288]=0.0104858
binkey=136 [Edge status: 0 0 0 1 0 0 0 1 ] P(G)=P(cluster8=0)[0.8] * P(cluster1=1|cluster2=0) * P(cluster9=0|cluster6=0) * P(cluster7=1|cluster10=0) * P(cluster10=0|cluster6=0) * P(cluster6=0|cluster2=0) * P(cluster2=0|cluster3=0) * P(cluster3=0|cluster8=0)[0.0131072]=0.0104858
binkey=160 [Edge status: 0 0 0 0 0 1 0 1 ] P(G)=P(cluster8=0)[0.8] * P(cluster1=0|cluster2=0) * P(cluster9=1|cluster6=0) * P(cluster7=1|cluster10=0) * P(cluster10=0|cluster6=0) * P(cluster6=0|cluster2=0) * P(cluster2=0|cluster3=0) * P(cluster3=0|cluster8=0)[0.0131072]=0.0104858
binkey=40 [Edge status: 0 0 0 1 0 1 0 0 ] P(G)=P(cluster8=0)[0.8] * P(cluster1=1|cluster2=0) * P(cluster9=1|cluster6=0) * P(cluster7=0|cluster10=0) * P(cluster10=0|cluster6=0) * P(cluster6=0|cluster2=0) * P(cluster2=0|cluster3=0) * P(cluster3=0|cluster8=0)[0.0131072]=0.0104858
binkey=200 [Edge status: 0 0 0 1 0 0 1 1 ] P(G)=P(cluster8=0)[0.8] * P(cluster1=1|cluster2=0) * P(cluster9=0|cluster6=0) * P(cluster7=1|cluster10=1) * P(cluster10=1|cluster6=0) * P(cluster6=0|cluster2=0) * P(cluster2=0|cluster3=0) * P(cluster3=0|cluster8=0)[0.0131072]=0.0104858
binkey=7 [Edge status: 1 1 1 0 0 0 0 0 ] P(G)=P(cluster8=1)[0.2] * P(cluster1=0|cluster2=1) * P(cluster9=0|cluster6=0) * P(cluster7=0|cluster10=0) * P(cluster10=0|cluster6=0) * P(cluster6=0|cluster2=1) * P(cluster2=1|cluster3=1) * P(cluster3=1|cluster8=1)[0.0131072]=0.00262144
binkey=224 [Edge status: 0 0 0 0 0 1 1 1 ] P(G)=P(cluster8=0)[0.8] * P(cluster1=0|cluster2=0) * P(cluster9=1|cluster6=0) * P(cluster7=1|cluster10=1) * P(cluster10=1|cluster6=0) * P(cluster6=0|cluster2=0) * P(cluster2=0|cluster3=0) * P(cluster3=0|cluster8=0)[0.0131072]=0.0104858
binkey=168 [Edge status: 0 0 0 1 0 1 0 1 ] P(G)=P(cluster8=0)[0.8] * P(cluster1=1|cluster2=0) * P(cluster9=1|cluster6=0) * P(cluster7=1|cluster10=0) * P(cluster10=0|cluster6=0) * P(cluster6=0|cluster2=0) * P(cluster2=0|cluster3=0) * P(cluster3=0|cluster8=0)[0.0032768]=0.00262144
binkey=240 [Edge status: 0 0 0 0 1 1 1 1 ] P(G)=P(cluster8=0)[0.8] * P(cluster1=0|cluster2=0) * P(cluster9=1|cluster6=1) * P(cluster7=1|cluster10=1) * P(cluster10=1|cluster6=1) * P(cluster6=1|cluster2=0) * P(cluster2=0|cluster3=0) * P(cluster3=0|cluster8=0)[0.0524288]=0.041943
binkey=23 [Edge status: 1 1 1 0 1 0 0 0 ] P(G)=P(cluster8=1)[0.2] * P(cluster1=0|cluster2=1) * P(cluster9=0|cluster6=1) * P(cluster7=0|cluster10=0) * P(cluster10=0|cluster6=1) * P(cluster6=1|cluster2=1) * P(cluster2=1|cluster3=1) * P(cluster3=1|cluster8=1)[0.0032768]=0.00065536
binkey=232 [Edge status: 0 0 0 1 0 1 1 1 ] P(G)=P(cluster8=0)[0.8] * P(cluster1=1|cluster2=0) * P(cluster9=1|cluster6=0) * P(cluster7=1|cluster10=1) * P(cluster10=1|cluster6=0) * P(cluster6=0|cluster2=0) * P(cluster2=0|cluster3=0) * P(cluster3=0|cluster8=0)[0.0032768]=0.00262144
binkey=248 [Edge status: 0 0 0 1 1 1 1 1 ] P(G)=P(cluster8=0)[0.8] * P(cluster1=1|cluster2=0) * P(cluster9=1|cluster6=1) * P(cluster7=1|cluster10=1) * P(cluster10=1|cluster6=1) * P(cluster6=1|cluster2=0) * P(cluster2=0|cluster3=0) * P(cluster3=0|cluster8=0)[0.0131072]=0.0104858
binkey=55 [Edge status: 1 1 1 0 1 1 0 0 ] P(G)=P(cluster8=1)[0.2] * P(cluster1=0|cluster2=1) * P(cluster9=1|cluster6=1) * P(cluster7=0|cluster10=0) * P(cluster10=0|cluster6=1) * P(cluster6=1|cluster2=1) * P(cluster2=1|cluster3=1) * P(cluster3=1|cluster8=1)[0.0131072]=0.00262144
ITERATION 0 newScore=-2.65413e+06 diffscore=17629 priorChange=-99.8132 successMove=51
ITERATION 1 newScore=-2.64566e+06 diffscore=8477.01 priorChange=-115.062 successMove=53
ITERATION 2 newScore=-2.6398e+06 diffscore=5856.99 priorChange=-126.153 successMove=53
ITERATION 3 newScore=-2.63164e+06 diffscore=8161.5 priorChange=-113.676 successMove=51
ITERATION 4 newScore=-2.62426e+06 diffscore=7384.22 priorChange=-123.38 successMove=51
ITERATION 5 newScore=-2.61938e+06 diffscore=4877.26 priorChange=-121.994 successMove=58
ITERATION 6 newScore=-2.61841e+06 diffscore=965.353 priorChange=-113.676 successMove=51
ITERATION 7 newScore=-2.61413e+06 diffscore=4284.36 priorChange=-119.221 successMove=52
ITERATION 8 newScore=-2.61245e+06 diffscore=1677.89 priorChange=-127.539 successMove=51
ITERATION 9 newScore=-2.6101e+06 diffscore=2350.26 priorChange=-112.29 successMove=50
ITERATION 10 newScore=-2.60938e+06 diffscore=716.496 priorChange=-117.835 successMove=53
ITERATION 11 newScore=-2.60797e+06 diffscore=1416.55 priorChange=-112.29 successMove=51
ITERATION 12 newScore=-2.60691e+06 diffscore=1053.5 priorChange=-109.517 successMove=50
ITERATION 13 newScore=-2.60102e+06 diffscore=5889.96 priorChange=-102.586 successMove=51
ITERATION 14 newScore=-2.59802e+06 diffscore=3006.1 priorChange=-106.745 successMove=52
ITERATION 15 newScore=-2.59413e+06 diffscore=3885.26 priorChange=-124.766 successMove=51
ITERATION 16 newScore=-2.59212e+06 diffscore=2013.12 priorChange=-115.062 successMove=50
ITERATION 17 newScore=-2.59117e+06 diffscore=953.855 priorChange=-101.199 successMove=51
ITERATION 18 newScore=-2.58964e+06 diffscore=1520.56 priorChange=-109.517 successMove=50
ITERATION 19 newScore=-2.58452e+06 diffscore=5120.56 priorChange=-101.199 successMove=53
ITERATION 20 newScore=-2.58408e+06 diffscore=443.309 priorChange=-117.835 successMove=50
ITERATION 21 newScore=-2.58361e+06 diffscore=473.581 priorChange=-108.131 successMove=50
ITERATION 22 newScore=-2.58311e+06 diffscore=494.495 priorChange=-110.904 successMove=52
ITERATION 23 newScore=-2.58257e+06 diffscore=544.821 priorChange=-109.517 successMove=51
ITERATION 24 newScore=-2.58121e+06 diffscore=1361.35 priorChange=-116.449 successMove=50
ITERATION 25 newScore=-2.57878e+06 diffscore=2426.3 priorChange=-117.835 successMove=50
ITERATION 26 newScore=-2.57495e+06 diffscore=3829.58 priorChange=-90.1091 successMove=49
ITERATION 27 newScore=-2.57345e+06 diffscore=1502.8 priorChange=-109.517 successMove=48
ITERATION 28 newScore=-2.57277e+06 diffscore=678.513 priorChange=-97.0406 successMove=48
ITERATION 29 newScore=-2.56829e+06 diffscore=4477.01 priorChange=-99.8132 successMove=48
ITERATION 30 newScore=-2.5651e+06 diffscore=3196.74 priorChange=-115.062 successMove=48
ITERATION 31 newScore=-2.56462e+06 diffscore=474.375 priorChange=-102.586 successMove=47
ITERATION 32 newScore=-2.56288e+06 diffscore=1736.15 priorChange=-101.199 successMove=48
ITERATION 33 newScore=-2.55926e+06 diffscore=3621.2 priorChange=-112.29 successMove=48
ITERATION 34 newScore=-2.55804e+06 diffscore=1224.58 priorChange=-113.676 successMove=48
ITERATION 35 newScore=-2.55633e+06 diffscore=1713.55 priorChange=-112.29 successMove=49
ITERATION 36 newScore=-2.55445e+06 diffscore=1879.78 priorChange=-102.586 successMove=47
ITERATION 37 newScore=-2.55279e+06 diffscore=1652.91 priorChange=-106.745 successMove=48
ITERATION 38 newScore=-2.55167e+06 diffscore=1122.14 priorChange=-87.3365 successMove=47
ITERATION 39 newScore=-2.55113e+06 diffscore=540.403 priorChange=-98.4269 successMove=48
ITERATION 40 newScore=-2.54898e+06 diffscore=2147.33 priorChange=-115.062 successMove=45
ITERATION 41 newScore=-2.54735e+06 diffscore=1629.98 priorChange=-85.9503 successMove=45
ITERATION 42 newScore=-2.54557e+06 diffscore=1780.28 priorChange=-103.972 successMove=45
ITERATION 43 newScore=-2.54412e+06 diffscore=1448.45 priorChange=-92.8817 successMove=45
ITERATION 44 newScore=-2.54383e+06 diffscore=294.335 priorChange=-88.7228 successMove=42
ITERATION 45 newScore=-2.54344e+06 diffscore=388.581 priorChange=-98.4269 successMove=41
ITERATION 46 newScore=-2.54257e+06 diffscore=873.575 priorChange=-84.564 successMove=40
ITERATION 47 newScore=-2.541e+06 diffscore=1572.82 priorChange=-87.3365 successMove=39
ITERATION 48 newScore=-2.54028e+06 diffscore=714.634 priorChange=-87.3365 successMove=40
ITERATION 49 newScore=-2.53878e+06 diffscore=1496.98 priorChange=-76.2462 successMove=38
ITERATION 50 newScore=-2.53854e+06 diffscore=247.904 priorChange=-72.0873 successMove=39
ITERATION 51 newScore=-2.53739e+06 diffscore=1141.72 priorChange=-88.7228 successMove=39
ITERATION 52 newScore=-2.53423e+06 diffscore=3160.96 priorChange=-80.4051 successMove=39
ITERATION 53 newScore=-2.53399e+06 diffscore=241.599 priorChange=-66.5421 successMove=38
ITERATION 54 newScore=-2.53364e+06 diffscore=355.637 priorChange=-84.564 successMove=40
ITERATION 55 newScore=-2.53244e+06 diffscore=1192.1 priorChange=-84.564 successMove=38
ITERATION 56 newScore=-2.53222e+06 diffscore=219.673 priorChange=-80.4051 successMove=36
ITERATION 57 newScore=-2.53199e+06 diffscore=230.666 priorChange=-76.2462 successMove=36
ITERATION 58 newScore=-2.53173e+06 diffscore=258.403 priorChange=-103.972 successMove=38
ITERATION 59 newScore=-2.53145e+06 diffscore=285.217 priorChange=-83.1777 successMove=39
ITERATION 60 newScore=-2.53115e+06 diffscore=300.79 priorChange=-74.8599 successMove=34
ITERATION 61 newScore=-2.53045e+06 diffscore=702.355 priorChange=-69.3147 successMove=32
ITERATION 62 newScore=-2.52925e+06 diffscore=1200.43 priorChange=-67.9284 successMove=31
ITERATION 63 newScore=-2.52908e+06 diffscore=166.028 priorChange=-60.997 successMove=31
ITERATION 64 newScore=-2.52891e+06 diffscore=174.502 priorChange=-56.8381 successMove=30
ITERATION 65 newScore=-2.52869e+06 diffscore=213.598 priorChange=-66.5421 successMove=30
ITERATION 66 newScore=-2.52846e+06 diffscore=226.923 priorChange=-65.1558 successMove=27
ITERATION 67 newScore=-2.52707e+06 diffscore=1392.04 priorChange=-59.6107 successMove=26
ITERATION 68 newScore=-2.52682e+06 diffscore=253.679 priorChange=-55.4518 successMove=26
ITERATION 69 newScore=-2.52586e+06 diffscore=955.022 priorChange=-54.0655 successMove=26
ITERATION 70 newScore=-2.52382e+06 diffscore=2046.38 priorChange=-42.9751 successMove=25
ITERATION 71 newScore=-2.52354e+06 diffscore=279.636 priorChange=-54.0655 successMove=25
ITERATION 72 newScore=-2.52217e+06 diffscore=1372.6 priorChange=-54.0655 successMove=24
ITERATION 73 newScore=-2.52103e+06 diffscore=1137.99 priorChange=-52.6792 successMove=24
ITERATION 74 newScore=-2.52079e+06 diffscore=236.33 priorChange=-40.2025 successMove=24
ITERATION 75 newScore=-2.52068e+06 diffscore=112.286 priorChange=-51.2929 successMove=24
ITERATION 76 newScore=-2.52052e+06 diffscore=156.9 priorChange=-45.7477 successMove=22
ITERATION 77 newScore=-2.51797e+06 diffscore=2556.83 priorChange=-40.2025 successMove=21
ITERATION 78 newScore=-2.51789e+06 diffscore=70.4351 priorChange=-30.4985 successMove=20
ITERATION 79 newScore=-2.51781e+06 diffscore=83.8942 priorChange=-47.134 successMove=19
ITERATION 80 newScore=-2.51773e+06 diffscore=84.8606 priorChange=-38.8162 successMove=18
ITERATION 81 newScore=-2.51764e+06 diffscore=83.7656 priorChange=-31.8848 successMove=17
ITERATION 82 newScore=-2.51757e+06 diffscore=76.1909 priorChange=-40.2025 successMove=17
ITERATION 83 newScore=-2.51748e+06 diffscore=84.3343 priorChange=-34.6574 successMove=15
ITERATION 84 newScore=-2.5174e+06 diffscore=79.9669 priorChange=-26.3396 successMove=14
ITERATION 85 newScore=-2.51666e+06 diffscore=742.773 priorChange=-29.1122 successMove=14
ITERATION 86 newScore=-2.51661e+06 diffscore=45.0667 priorChange=-27.7259 successMove=13
ITERATION 87 newScore=-2.51657e+06 diffscore=44.4048 priorChange=-24.9533 successMove=12
ITERATION 88 newScore=-2.51653e+06 diffscore=40.7823 priorChange=-18.0218 successMove=12
ITERATION 89 newScore=-2.51649e+06 diffscore=37.0796 priorChange=-13.8629 successMove=11
ITERATION 90 newScore=-2.51644e+06 diffscore=56.5758 priorChange=-22.1807 successMove=11
ITERATION 91 newScore=-2.51638e+06 diffscore=58.0577 priorChange=-22.1807 successMove=10
ITERATION 92 newScore=-2.51632e+06 diffscore=53.0136 priorChange=-22.1807 successMove=10
ITERATION 93 newScore=-2.51626e+06 diffscore=62.297 priorChange=-19.4081 successMove=9
ITERATION 94 newScore=-2.51618e+06 diffscore=83.6227 priorChange=-16.6355 successMove=8
ITERATION 95 newScore=-2.51605e+06 diffscore=128.763 priorChange=-19.4081 successMove=8
ITERATION 96 newScore=-2.51597e+06 diffscore=76.3266 priorChange=-13.8629 successMove=7
ITERATION 97 newScore=-2.51574e+06 diffscore=233.966 priorChange=-16.6355 successMove=7
ITERATION 98 newScore=-2.51464e+06 diffscore=1096.02 priorChange=-16.6355 successMove=7
ITERATION 99 newScore=-2.51458e+06 diffscore=59.511 priorChange=-16.6355 successMove=7
MetaLearner::dumpAllGraphs
Final Score -2.51458e+06
MetaLearner::start runtime: 1298296091 ms
Results/
Results/cluster10/
Results/cluster10/fold0/
Results/cluster10/fold0/modelparams.txt
Results/cluster10/fold0/var_mb_pw_k50.txt
Results/cluster1/
Results/cluster1/fold0/
Results/cluster1/fold0/modelparams.txt
Results/cluster1/fold0/var_mb_pw_k50.txt
Results/cluster6/
Results/cluster6/fold0/
Results/cluster6/fold0/modelparams.txt
Results/cluster6/fold0/var_mb_pw_k50.txt
Results/cluster9/
Results/cluster9/fold0/
Results/cluster9/fold0/modelparams.txt
Results/cluster9/fold0/var_mb_pw_k50.txt
Results/cluster2/
Results/cluster2/fold0/
Results/cluster2/fold0/modelparams.txt
Results/cluster2/fold0/var_mb_pw_k50.txt
Results/cluster7/
Results/cluster7/fold0/
Results/cluster7/fold0/modelparams.txt
Results/cluster7/fold0/var_mb_pw_k50.txt
Results/cluster3/
Results/cluster3/fold0/
Results/cluster3/fold0/modelparams.txt
Results/cluster3/fold0/var_mb_pw_k50.txt
Results/cluster8/
Results/cluster8/scoreFile.txt
Results/cluster8/fold0/
Results/cluster8/fold0/modelparams.txt
Results/cluster8/fold0/var_mb_pw_k50.txt
