./CVN -f config_condor.txt -x50 -v1 -l TFs_OGs.txt -n AllGenes82.txt -d celltype_tree_ancestor.txt -m testdata_ogids.txt -s celltype_order.txt -p 0.2 -c yes -b -4 -q 4
(cluster3|cluster8) p_maintain_edge=0.8 p_gain=0.2
(cluster2|cluster3) p_maintain_edge=0.8 p_gain=0.2
(cluster1|cluster2) p_maintain_edge=0.8 p_gain=0.2
(cluster6|cluster2) p_maintain_edge=0.8 p_gain=0.2
(cluster9|cluster6) p_maintain_edge=0.8 p_gain=0.2
(cluster10|cluster6) p_maintain_edge=0.8 p_gain=0.2
(cluster7|cluster10) p_maintain_edge=0.8 p_gain=0.2
speciesSet.size()=8 Root is cluster8
MappedOrthogroupReader::readSpeciesMapping() --- celltype_order.txt
MappedOrthogroupReader::readFile - testdata_ogids.txt
MappedOrthogroupReader::generateGeneOrthoMap()
MetaLearner::init_onefold() read:config_condor.txt
MetaLearner::setinputVariableNames number of variables: 2042
readEvidenceTable:cluster8.table
PotentialManager::loadEvidenceFromTable varCount=2042 sampleCount=348
motifNetwork.size() = 319
0=cluster8 motifNetwork=cluster8_network.txt
variable size=2042
readEvidenceTable:cluster3.table
PotentialManager::loadEvidenceFromTable varCount=2042 sampleCount=95
motifNetwork.size() = 326
1=cluster3 motifNetwork=cluster3_network.txt
variable size=2042
readEvidenceTable:cluster2.table
PotentialManager::loadEvidenceFromTable varCount=2042 sampleCount=386
motifNetwork.size() = 328
2=cluster2 motifNetwork=cluster2_network.txt
variable size=2042
readEvidenceTable:cluster1.table
PotentialManager::loadEvidenceFromTable varCount=2042 sampleCount=36
motifNetwork.size() = 322
3=cluster1 motifNetwork=cluster1_network.txt
variable size=2042
readEvidenceTable:cluster6.table
PotentialManager::loadEvidenceFromTable varCount=2042 sampleCount=524
motifNetwork.size() = 320
4=cluster6 motifNetwork=cluster6_network.txt
variable size=2042
readEvidenceTable:cluster9.table
PotentialManager::loadEvidenceFromTable varCount=2042 sampleCount=184
motifNetwork.size() = 327
5=cluster9 motifNetwork=cluster9_network.txt
variable size=2042
readEvidenceTable:cluster10.table
PotentialManager::loadEvidenceFromTable varCount=2042 sampleCount=165
motifNetwork.size() = 326
6=cluster10 motifNetwork=cluster10_network.txt
variable size=2042
readEvidenceTable:cluster7.table
PotentialManager::loadEvidenceFromTable varCount=2042 sampleCount=1032
motifNetwork.size() = 320
7=cluster7 motifNetwork=cluster7_network.txt
variable size=2042
-------------------------------------------------------------
MetaLearner::start
precomputeEmptyGraphPrior
binkey=0 [Edge status: 0 0 0 0 0 0 0 0 ] P(G)=P(cluster8=0)[0.8] * P(cluster1=0|cluster2=0) * P(cluster9=0|cluster6=0) * P(cluster7=0|cluster10=0) * P(cluster10=0|cluster6=0) * P(cluster6=0|cluster2=0) * P(cluster2=0|cluster3=0) * P(cluster3=0|cluster8=0)[0.209715]=0.167772
condsetMap_Tree
0 cluster8=0 cluster3=0 cluster2=0 cluster1=0 cluster6=0 cluster9=0 cluster10=0 cluster7=1
1 cluster8=0 cluster3=0 cluster2=0 cluster1=0 cluster6=0 cluster9=1 cluster10=0 cluster7=0
2 cluster8=0 cluster3=0 cluster2=0 cluster1=0 cluster6=0 cluster9=1 cluster10=0 cluster7=1
3 cluster8=0 cluster3=0 cluster2=0 cluster1=1 cluster6=0 cluster9=0 cluster10=0 cluster7=0
4 cluster8=0 cluster3=0 cluster2=0 cluster1=1 cluster6=0 cluster9=0 cluster10=0 cluster7=1
5 cluster8=0 cluster3=0 cluster2=0 cluster1=1 cluster6=0 cluster9=1 cluster10=0 cluster7=0
6 cluster8=0 cluster3=0 cluster2=0 cluster1=1 cluster6=0 cluster9=1 cluster10=0 cluster7=1
7 cluster8=0 cluster3=0 cluster2=0 cluster1=0 cluster6=0 cluster9=0 cluster10=1 cluster7=1
8 cluster8=0 cluster3=0 cluster2=0 cluster1=0 cluster6=0 cluster9=1 cluster10=1 cluster7=1
9 cluster8=0 cluster3=0 cluster2=0 cluster1=1 cluster6=0 cluster9=0 cluster10=1 cluster7=1
10 cluster8=0 cluster3=0 cluster2=0 cluster1=1 cluster6=0 cluster9=1 cluster10=1 cluster7=1
11 cluster8=0 cluster3=0 cluster2=0 cluster1=0 cluster6=1 cluster9=1 cluster10=1 cluster7=1
12 cluster8=0 cluster3=0 cluster2=0 cluster1=1 cluster6=1 cluster9=1 cluster10=1 cluster7=1
13 cluster8=0 cluster3=0 cluster2=1 cluster1=1 cluster6=1 cluster9=1 cluster10=1 cluster7=1
14 cluster8=0 cluster3=1 cluster2=1 cluster1=1 cluster6=1 cluster9=1 cluster10=1 cluster7=1
15 cluster8=1 cluster3=1 cluster2=1 cluster1=1 cluster6=1 cluster9=1 cluster10=1 cluster7=1
16 cluster8=1 cluster3=1 cluster2=1 cluster1=1 cluster6=1 cluster9=1 cluster10=1 cluster7=0
17 cluster8=1 cluster3=1 cluster2=1 cluster1=1 cluster6=1 cluster9=0 cluster10=1 cluster7=1
18 cluster8=1 cluster3=1 cluster2=1 cluster1=1 cluster6=1 cluster9=0 cluster10=1 cluster7=0
19 cluster8=1 cluster3=1 cluster2=1 cluster1=0 cluster6=1 cluster9=1 cluster10=1 cluster7=1
20 cluster8=1 cluster3=1 cluster2=1 cluster1=0 cluster6=1 cluster9=1 cluster10=1 cluster7=0
21 cluster8=1 cluster3=1 cluster2=1 cluster1=0 cluster6=1 cluster9=0 cluster10=1 cluster7=1
22 cluster8=1 cluster3=1 cluster2=1 cluster1=0 cluster6=1 cluster9=0 cluster10=1 cluster7=0
23 cluster8=1 cluster3=1 cluster2=1 cluster1=1 cluster6=1 cluster9=1 cluster10=0 cluster7=0
24 cluster8=1 cluster3=1 cluster2=1 cluster1=1 cluster6=1 cluster9=0 cluster10=0 cluster7=0
25 cluster8=1 cluster3=1 cluster2=1 cluster1=0 cluster6=1 cluster9=1 cluster10=0 cluster7=0
26 cluster8=1 cluster3=1 cluster2=1 cluster1=0 cluster6=1 cluster9=0 cluster10=0 cluster7=0
27 cluster8=1 cluster3=1 cluster2=1 cluster1=1 cluster6=0 cluster9=0 cluster10=0 cluster7=0
28 cluster8=1 cluster3=1 cluster2=1 cluster1=0 cluster6=0 cluster9=0 cluster10=0 cluster7=0
29 cluster8=1 cluster3=1 cluster2=0 cluster1=0 cluster6=0 cluster9=0 cluster10=0 cluster7=0
30 cluster8=1 cluster3=0 cluster2=0 cluster1=0 cluster6=0 cluster9=0 cluster10=0 cluster7=0
31 cluster8=0 cluster3=0 cluster2=0 cluster1=0 cluster6=1 cluster9=0 cluster10=0 cluster7=0
32 cluster8=0 cluster3=0 cluster2=1 cluster1=0 cluster6=0 cluster9=0 cluster10=0 cluster7=0
33 cluster8=0 cluster3=0 cluster2=0 cluster1=0 cluster6=0 cluster9=0 cluster10=1 cluster7=0
34 cluster8=0 cluster3=1 cluster2=0 cluster1=0 cluster6=0 cluster9=0 cluster10=0 cluster7=0
inputRegulatorOGs.size() = 1999 inputOGList.size() = 50
binkey=4 [Edge status: 0 0 1 0 0 0 0 0 ] P(G)=P(cluster8=0)[0.8] * P(cluster1=0|cluster2=1) * P(cluster9=0|cluster6=0) * P(cluster7=0|cluster10=0) * P(cluster10=0|cluster6=0) * P(cluster6=0|cluster2=1) * P(cluster2=1|cluster3=0) * P(cluster3=0|cluster8=0)[0.0032768]=0.00262144
binkey=64 [Edge status: 0 0 0 0 0 0 1 0 ] P(G)=P(cluster8=0)[0.8] * P(cluster1=0|cluster2=0) * P(cluster9=0|cluster6=0) * P(cluster7=0|cluster10=1) * P(cluster10=1|cluster6=0) * P(cluster6=0|cluster2=0) * P(cluster2=0|cluster3=0) * P(cluster3=0|cluster8=0)[0.0131072]=0.0104858
binkey=128 [Edge status: 0 0 0 0 0 0 0 1 ] P(G)=P(cluster8=0)[0.8] * P(cluster1=0|cluster2=0) * P(cluster9=0|cluster6=0) * P(cluster7=1|cluster10=0) * P(cluster10=0|cluster6=0) * P(cluster6=0|cluster2=0) * P(cluster2=0|cluster3=0) * P(cluster3=0|cluster8=0)[0.0524288]=0.041943
binkey=32 [Edge status: 0 0 0 0 0 1 0 0 ] P(G)=P(cluster8=0)[0.8] * P(cluster1=0|cluster2=0) * P(cluster9=1|cluster6=0) * P(cluster7=0|cluster10=0) * P(cluster10=0|cluster6=0) * P(cluster6=0|cluster2=0) * P(cluster2=0|cluster3=0) * P(cluster3=0|cluster8=0)[0.0524288]=0.041943
binkey=2 [Edge status: 0 1 0 0 0 0 0 0 ] P(G)=P(cluster8=0)[0.8] * P(cluster1=0|cluster2=0) * P(cluster9=0|cluster6=0) * P(cluster7=0|cluster10=0) * P(cluster10=0|cluster6=0) * P(cluster6=0|cluster2=0) * P(cluster2=0|cluster3=1) * P(cluster3=1|cluster8=0)[0.0131072]=0.0104858
binkey=1 [Edge status: 1 0 0 0 0 0 0 0 ] P(G)=P(cluster8=1)[0.2] * P(cluster1=0|cluster2=0) * P(cluster9=0|cluster6=0) * P(cluster7=0|cluster10=0) * P(cluster10=0|cluster6=0) * P(cluster6=0|cluster2=0) * P(cluster2=0|cluster3=0) * P(cluster3=0|cluster8=1)[0.0524288]=0.0104858
binkey=16 [Edge status: 0 0 0 0 1 0 0 0 ] P(G)=P(cluster8=0)[0.8] * P(cluster1=0|cluster2=0) * P(cluster9=0|cluster6=1) * P(cluster7=0|cluster10=0) * P(cluster10=0|cluster6=1) * P(cluster6=1|cluster2=0) * P(cluster2=0|cluster3=0) * P(cluster3=0|cluster8=0)[0.0032768]=0.00262144
binkey=3 [Edge status: 1 1 0 0 0 0 0 0 ] P(G)=P(cluster8=1)[0.2] * P(cluster1=0|cluster2=0) * P(cluster9=0|cluster6=0) * P(cluster7=0|cluster10=0) * P(cluster10=0|cluster6=0) * P(cluster6=0|cluster2=0) * P(cluster2=0|cluster3=1) * P(cluster3=1|cluster8=1)[0.0524288]=0.0104858
binkey=160 [Edge status: 0 0 0 0 0 1 0 1 ] P(G)=P(cluster8=0)[0.8] * P(cluster1=0|cluster2=0) * P(cluster9=1|cluster6=0) * P(cluster7=1|cluster10=0) * P(cluster10=0|cluster6=0) * P(cluster6=0|cluster2=0) * P(cluster2=0|cluster3=0) * P(cluster3=0|cluster8=0)[0.0131072]=0.0104858
binkey=192 [Edge status: 0 0 0 0 0 0 1 1 ] P(G)=P(cluster8=0)[0.8] * P(cluster1=0|cluster2=0) * P(cluster9=0|cluster6=0) * P(cluster7=1|cluster10=1) * P(cluster10=1|cluster6=0) * P(cluster6=0|cluster2=0) * P(cluster2=0|cluster3=0) * P(cluster3=0|cluster8=0)[0.0524288]=0.041943
binkey=8 [Edge status: 0 0 0 1 0 0 0 0 ] P(G)=P(cluster8=0)[0.8] * P(cluster1=1|cluster2=0) * P(cluster9=0|cluster6=0) * P(cluster7=0|cluster10=0) * P(cluster10=0|cluster6=0) * P(cluster6=0|cluster2=0) * P(cluster2=0|cluster3=0) * P(cluster3=0|cluster8=0)[0.0524288]=0.041943
binkey=136 [Edge status: 0 0 0 1 0 0 0 1 ] P(G)=P(cluster8=0)[0.8] * P(cluster1=1|cluster2=0) * P(cluster9=0|cluster6=0) * P(cluster7=1|cluster10=0) * P(cluster10=0|cluster6=0) * P(cluster6=0|cluster2=0) * P(cluster2=0|cluster3=0) * P(cluster3=0|cluster8=0)[0.0131072]=0.0104858
binkey=40 [Edge status: 0 0 0 1 0 1 0 0 ] P(G)=P(cluster8=0)[0.8] * P(cluster1=1|cluster2=0) * P(cluster9=1|cluster6=0) * P(cluster7=0|cluster10=0) * P(cluster10=0|cluster6=0) * P(cluster6=0|cluster2=0) * P(cluster2=0|cluster3=0) * P(cluster3=0|cluster8=0)[0.0131072]=0.0104858
binkey=168 [Edge status: 0 0 0 1 0 1 0 1 ] P(G)=P(cluster8=0)[0.8] * P(cluster1=1|cluster2=0) * P(cluster9=1|cluster6=0) * P(cluster7=1|cluster10=0) * P(cluster10=0|cluster6=0) * P(cluster6=0|cluster2=0) * P(cluster2=0|cluster3=0) * P(cluster3=0|cluster8=0)[0.0032768]=0.00262144
binkey=224 [Edge status: 0 0 0 0 0 1 1 1 ] P(G)=P(cluster8=0)[0.8] * P(cluster1=0|cluster2=0) * P(cluster9=1|cluster6=0) * P(cluster7=1|cluster10=1) * P(cluster10=1|cluster6=0) * P(cluster6=0|cluster2=0) * P(cluster2=0|cluster3=0) * P(cluster3=0|cluster8=0)[0.0131072]=0.0104858
binkey=240 [Edge status: 0 0 0 0 1 1 1 1 ] P(G)=P(cluster8=0)[0.8] * P(cluster1=0|cluster2=0) * P(cluster9=1|cluster6=1) * P(cluster7=1|cluster10=1) * P(cluster10=1|cluster6=1) * P(cluster6=1|cluster2=0) * P(cluster2=0|cluster3=0) * P(cluster3=0|cluster8=0)[0.0524288]=0.041943
binkey=7 [Edge status: 1 1 1 0 0 0 0 0 ] P(G)=P(cluster8=1)[0.2] * P(cluster1=0|cluster2=1) * P(cluster9=0|cluster6=0) * P(cluster7=0|cluster10=0) * P(cluster10=0|cluster6=0) * P(cluster6=0|cluster2=1) * P(cluster2=1|cluster3=1) * P(cluster3=1|cluster8=1)[0.0131072]=0.00262144
binkey=200 [Edge status: 0 0 0 1 0 0 1 1 ] P(G)=P(cluster8=0)[0.8] * P(cluster1=1|cluster2=0) * P(cluster9=0|cluster6=0) * P(cluster7=1|cluster10=1) * P(cluster10=1|cluster6=0) * P(cluster6=0|cluster2=0) * P(cluster2=0|cluster3=0) * P(cluster3=0|cluster8=0)[0.0131072]=0.0104858
binkey=215 [Edge status: 1 1 1 0 1 0 1 1 ] P(G)=P(cluster8=1)[0.2] * P(cluster1=0|cluster2=1) * P(cluster9=0|cluster6=1) * P(cluster7=1|cluster10=1) * P(cluster10=1|cluster6=1) * P(cluster6=1|cluster2=1) * P(cluster2=1|cluster3=1) * P(cluster3=1|cluster8=1)[0.0131072]=0.00262144
binkey=87 [Edge status: 1 1 1 0 1 0 1 0 ] P(G)=P(cluster8=1)[0.2] * P(cluster1=0|cluster2=1) * P(cluster9=0|cluster6=1) * P(cluster7=0|cluster10=1) * P(cluster10=1|cluster6=1) * P(cluster6=1|cluster2=1) * P(cluster2=1|cluster3=1) * P(cluster3=1|cluster8=1)[0.0032768]=0.00065536
binkey=23 [Edge status: 1 1 1 0 1 0 0 0 ] P(G)=P(cluster8=1)[0.2] * P(cluster1=0|cluster2=1) * P(cluster9=0|cluster6=1) * P(cluster7=0|cluster10=0) * P(cluster10=0|cluster6=1) * P(cluster6=1|cluster2=1) * P(cluster2=1|cluster3=1) * P(cluster3=1|cluster8=1)[0.0032768]=0.00065536
binkey=247 [Edge status: 1 1 1 0 1 1 1 1 ] P(G)=P(cluster8=1)[0.2] * P(cluster1=0|cluster2=1) * P(cluster9=1|cluster6=1) * P(cluster7=1|cluster10=1) * P(cluster10=1|cluster6=1) * P(cluster6=1|cluster2=1) * P(cluster2=1|cluster3=1) * P(cluster3=1|cluster8=1)[0.0524288]=0.0104858
binkey=119 [Edge status: 1 1 1 0 1 1 1 0 ] P(G)=P(cluster8=1)[0.2] * P(cluster1=0|cluster2=1) * P(cluster9=1|cluster6=1) * P(cluster7=0|cluster10=1) * P(cluster10=1|cluster6=1) * P(cluster6=1|cluster2=1) * P(cluster2=1|cluster3=1) * P(cluster3=1|cluster8=1)[0.0131072]=0.00262144
binkey=55 [Edge status: 1 1 1 0 1 1 0 0 ] P(G)=P(cluster8=1)[0.2] * P(cluster1=0|cluster2=1) * P(cluster9=1|cluster6=1) * P(cluster7=0|cluster10=0) * P(cluster10=0|cluster6=1) * P(cluster6=1|cluster2=1) * P(cluster2=1|cluster3=1) * P(cluster3=1|cluster8=1)[0.0131072]=0.00262144
ITERATION 0 newScore=-2.66924e+06 diffscore=13662 priorChange=-105.358 successMove=54
ITERATION 1 newScore=-2.66391e+06 diffscore=5333.44 priorChange=-115.062 successMove=52
ITERATION 2 newScore=-2.65767e+06 diffscore=6235.38 priorChange=-109.517 successMove=50
ITERATION 3 newScore=-2.65633e+06 diffscore=1339.81 priorChange=-127.539 successMove=52
ITERATION 4 newScore=-2.64778e+06 diffscore=8548.98 priorChange=-112.29 successMove=52
ITERATION 5 newScore=-2.6454e+06 diffscore=2377.35 priorChange=-124.766 successMove=53
ITERATION 6 newScore=-2.64413e+06 diffscore=1270.24 priorChange=-113.676 successMove=53
ITERATION 7 newScore=-2.63911e+06 diffscore=5022.01 priorChange=-98.4269 successMove=52
ITERATION 8 newScore=-2.63436e+06 diffscore=4750.18 priorChange=-117.835 successMove=50
ITERATION 9 newScore=-2.6307e+06 diffscore=3665.7 priorChange=-113.676 successMove=50
ITERATION 10 newScore=-2.62895e+06 diffscore=1747.74 priorChange=-116.449 successMove=50
ITERATION 11 newScore=-2.62607e+06 diffscore=2882.78 priorChange=-115.062 successMove=53
ITERATION 12 newScore=-2.62322e+06 diffscore=2849.66 priorChange=-116.449 successMove=52
ITERATION 13 newScore=-2.6223e+06 diffscore=912.755 priorChange=-101.199 successMove=51
ITERATION 14 newScore=-2.61841e+06 diffscore=3888.75 priorChange=-123.38 successMove=54
ITERATION 15 newScore=-2.6139e+06 diffscore=4510.51 priorChange=-109.517 successMove=51
ITERATION 16 newScore=-2.61194e+06 diffscore=1969.18 priorChange=-120.608 successMove=55
ITERATION 17 newScore=-2.60938e+06 diffscore=2550.29 priorChange=-123.38 successMove=51
ITERATION 18 newScore=-2.60867e+06 diffscore=714.886 priorChange=-110.904 successMove=52
ITERATION 19 newScore=-2.60506e+06 diffscore=3608.1 priorChange=-113.676 successMove=50
ITERATION 20 newScore=-2.60255e+06 diffscore=2511.72 priorChange=-116.449 successMove=50
ITERATION 21 newScore=-2.60108e+06 diffscore=1473.41 priorChange=-97.0406 successMove=50
ITERATION 22 newScore=-2.59922e+06 diffscore=1856.07 priorChange=-101.199 successMove=49
ITERATION 23 newScore=-2.59606e+06 diffscore=3164.84 priorChange=-102.586 successMove=50
ITERATION 24 newScore=-2.59561e+06 diffscore=444.141 priorChange=-109.517 successMove=49
ITERATION 25 newScore=-2.59514e+06 diffscore=470.803 priorChange=-113.676 successMove=49
ITERATION 26 newScore=-2.59459e+06 diffscore=549.881 priorChange=-101.199 successMove=53
ITERATION 27 newScore=-2.59175e+06 diffscore=2836.35 priorChange=-112.29 successMove=49
ITERATION 28 newScore=-2.58855e+06 diffscore=3204.74 priorChange=-115.062 successMove=49
ITERATION 29 newScore=-2.58592e+06 diffscore=2631.07 priorChange=-113.676 successMove=49
ITERATION 30 newScore=-2.5843e+06 diffscore=1622.43 priorChange=-110.904 successMove=48
ITERATION 31 newScore=-2.58132e+06 diffscore=2977.66 priorChange=-101.199 successMove=49
ITERATION 32 newScore=-2.581e+06 diffscore=314.372 priorChange=-92.8817 successMove=49
ITERATION 33 newScore=-2.58063e+06 diffscore=377.058 priorChange=-120.608 successMove=49
binkey=232 [Edge status: 0 0 0 1 0 1 1 1 ] P(G)=P(cluster8=0)[0.8] * P(cluster1=1|cluster2=0) * P(cluster9=1|cluster6=0) * P(cluster7=1|cluster10=1) * P(cluster10=1|cluster6=0) * P(cluster6=0|cluster2=0) * P(cluster2=0|cluster3=0) * P(cluster3=0|cluster8=0)[0.0032768]=0.00262144
ITERATION 34 newScore=-2.58006e+06 diffscore=567.446 priorChange=-105.358 successMove=47
ITERATION 35 newScore=-2.57835e+06 diffscore=1709.12 priorChange=-98.4269 successMove=46
ITERATION 36 newScore=-2.57726e+06 diffscore=1086.6 priorChange=-110.904 successMove=46
ITERATION 37 newScore=-2.57595e+06 diffscore=1318.94 priorChange=-95.6543 successMove=46
ITERATION 38 newScore=-2.57565e+06 diffscore=298.924 priorChange=-99.8132 successMove=45
ITERATION 39 newScore=-2.57532e+06 diffscore=330.988 priorChange=-99.8132 successMove=45
ITERATION 40 newScore=-2.57502e+06 diffscore=294.589 priorChange=-90.1091 successMove=46
ITERATION 41 newScore=-2.57465e+06 diffscore=370.996 priorChange=-105.358 successMove=45
ITERATION 42 newScore=-2.5743e+06 diffscore=347.086 priorChange=-92.8817 successMove=46
ITERATION 43 newScore=-2.57332e+06 diffscore=980.5 priorChange=-97.0406 successMove=46
ITERATION 44 newScore=-2.57306e+06 diffscore=265.137 priorChange=-84.564 successMove=45
ITERATION 45 newScore=-2.57276e+06 diffscore=292.855 priorChange=-91.4954 successMove=43
ITERATION 46 newScore=-2.57247e+06 diffscore=289.526 priorChange=-80.4051 successMove=44
ITERATION 47 newScore=-2.57217e+06 diffscore=306.409 priorChange=-91.4954 successMove=43
ITERATION 48 newScore=-2.57064e+06 diffscore=1530.83 priorChange=-80.4051 successMove=42
ITERATION 49 newScore=-2.57043e+06 diffscore=202.757 priorChange=-58.2244 successMove=43
ITERATION 50 newScore=-2.57016e+06 diffscore=272.881 priorChange=-101.199 successMove=43
ITERATION 51 newScore=-2.56986e+06 diffscore=305.564 priorChange=-87.3365 successMove=40
ITERATION 52 newScore=-2.56932e+06 diffscore=532.586 priorChange=-85.9503 successMove=40
ITERATION 53 newScore=-2.56736e+06 diffscore=1963.03 priorChange=-80.4051 successMove=38
ITERATION 54 newScore=-2.56468e+06 diffscore=2684.22 priorChange=-72.0873 successMove=39
ITERATION 55 newScore=-2.56327e+06 diffscore=1408.11 priorChange=-70.701 successMove=42
ITERATION 56 newScore=-2.5625e+06 diffscore=764.802 priorChange=-69.3147 successMove=38
ITERATION 57 newScore=-2.56169e+06 diffscore=815.123 priorChange=-72.0873 successMove=38
ITERATION 58 newScore=-2.56149e+06 diffscore=199.766 priorChange=-74.8599 successMove=39
ITERATION 59 newScore=-2.56127e+06 diffscore=222.792 priorChange=-79.0188 successMove=37
ITERATION 60 newScore=-2.56105e+06 diffscore=219.648 priorChange=-70.701 successMove=37
ITERATION 61 newScore=-2.55823e+06 diffscore=2813.97 priorChange=-73.4736 successMove=35
ITERATION 62 newScore=-2.55657e+06 diffscore=1662.62 priorChange=-74.8599 successMove=34
ITERATION 63 newScore=-2.55625e+06 diffscore=319.838 priorChange=-66.5421 successMove=36
ITERATION 64 newScore=-2.55596e+06 diffscore=286.087 priorChange=-66.5421 successMove=34
ITERATION 65 newScore=-2.55325e+06 diffscore=2714.63 priorChange=-56.8381 successMove=33
ITERATION 66 newScore=-2.55302e+06 diffscore=225.199 priorChange=-58.2244 successMove=33
ITERATION 67 newScore=-2.55281e+06 diffscore=216.241 priorChange=-55.4518 successMove=32
ITERATION 68 newScore=-2.55234e+06 diffscore=469.492 priorChange=-65.1558 successMove=32
ITERATION 69 newScore=-2.55142e+06 diffscore=922.563 priorChange=-63.7695 successMove=31
ITERATION 70 newScore=-2.55115e+06 diffscore=264.57 priorChange=-56.8381 successMove=31
ITERATION 71 newScore=-2.55081e+06 diffscore=339.905 priorChange=-55.4518 successMove=31
ITERATION 72 newScore=-2.5492e+06 diffscore=1610.06 priorChange=-66.5421 successMove=31
ITERATION 73 newScore=-2.54875e+06 diffscore=446.689 priorChange=-52.6792 successMove=31
ITERATION 74 newScore=-2.54812e+06 diffscore=638.964 priorChange=-40.2025 successMove=30
ITERATION 75 newScore=-2.54789e+06 diffscore=223.748 priorChange=-44.3614 successMove=29
ITERATION 76 newScore=-2.54546e+06 diffscore=2433.83 priorChange=-54.0655 successMove=30
ITERATION 77 newScore=-2.54378e+06 diffscore=1680.9 priorChange=-54.0655 successMove=28
ITERATION 78 newScore=-2.54262e+06 diffscore=1154.57 priorChange=-65.1558 successMove=28
ITERATION 79 newScore=-2.54233e+06 diffscore=293.245 priorChange=-56.8381 successMove=28
ITERATION 80 newScore=-2.54075e+06 diffscore=1576.58 priorChange=-44.3614 successMove=27
ITERATION 81 newScore=-2.53991e+06 diffscore=847.48 priorChange=-49.9066 successMove=26
ITERATION 82 newScore=-2.53982e+06 diffscore=87.2725 priorChange=-48.5203 successMove=23
ITERATION 83 newScore=-2.53973e+06 diffscore=83.7635 priorChange=-44.3614 successMove=23
ITERATION 84 newScore=-2.53962e+06 diffscore=117.954 priorChange=-49.9066 successMove=23
ITERATION 85 newScore=-2.5395e+06 diffscore=112.212 priorChange=-51.2929 successMove=22
ITERATION 86 newScore=-2.53937e+06 diffscore=134.801 priorChange=-51.2929 successMove=23
ITERATION 87 newScore=-2.53927e+06 diffscore=102.071 priorChange=-44.3614 successMove=21
ITERATION 88 newScore=-2.53917e+06 diffscore=94.5625 priorChange=-37.4299 successMove=20
ITERATION 89 newScore=-2.53806e+06 diffscore=1112.1 priorChange=-41.5888 successMove=19
ITERATION 90 newScore=-2.53798e+06 diffscore=79.7462 priorChange=-36.0437 successMove=17
ITERATION 91 newScore=-2.53787e+06 diffscore=115.208 priorChange=-38.8162 successMove=17
ITERATION 92 newScore=-2.53778e+06 diffscore=81.1099 priorChange=-23.567 successMove=17
ITERATION 93 newScore=-2.53769e+06 diffscore=98.8729 priorChange=-31.8848 successMove=16
ITERATION 94 newScore=-2.53641e+06 diffscore=1274.99 priorChange=-23.567 successMove=14
ITERATION 95 newScore=-2.5363e+06 diffscore=111.119 priorChange=-24.9533 successMove=13
ITERATION 96 newScore=-2.53607e+06 diffscore=224.787 priorChange=-23.567 successMove=13
ITERATION 97 newScore=-2.53592e+06 diffscore=153.574 priorChange=-20.7944 successMove=12
ITERATION 98 newScore=-2.53577e+06 diffscore=149.045 priorChange=-26.3396 successMove=12
ITERATION 99 newScore=-2.53561e+06 diffscore=165.832 priorChange=-23.567 successMove=12
MetaLearner::dumpAllGraphs
Final Score -2.53561e+06
MetaLearner::start runtime: 1641542252 ms
Results/
Results/cluster2/
Results/cluster2/fold0/
Results/cluster2/fold0/var_mb_pw_k50.txt
Results/cluster2/fold0/modelparams.txt
Results/cluster9/
Results/cluster9/fold0/
Results/cluster9/fold0/var_mb_pw_k50.txt
Results/cluster9/fold0/modelparams.txt
Results/cluster1/
Results/cluster1/fold0/
Results/cluster1/fold0/var_mb_pw_k50.txt
Results/cluster1/fold0/modelparams.txt
Results/cluster3/
Results/cluster3/fold0/
Results/cluster3/fold0/var_mb_pw_k50.txt
Results/cluster3/fold0/modelparams.txt
Results/cluster8/
Results/cluster8/scoreFile.txt
Results/cluster8/fold0/
Results/cluster8/fold0/var_mb_pw_k50.txt
Results/cluster8/fold0/modelparams.txt
Results/cluster6/
Results/cluster6/fold0/
Results/cluster6/fold0/var_mb_pw_k50.txt
Results/cluster6/fold0/modelparams.txt
Results/cluster10/
Results/cluster10/fold0/
Results/cluster10/fold0/var_mb_pw_k50.txt
Results/cluster10/fold0/modelparams.txt
Results/cluster7/
Results/cluster7/fold0/
Results/cluster7/fold0/var_mb_pw_k50.txt
Results/cluster7/fold0/modelparams.txt
