./CVN -f config_condor.txt -x50 -v1 -l TFs_OGs.txt -n AllGenes234.txt -d celltype_tree_ancestor.txt -m testdata_ogids.txt -s celltype_order.txt -p 0.2 -c yes -b -4 -q 4
(cluster3|cluster8) p_maintain_edge=0.8 p_gain=0.2
(cluster2|cluster3) p_maintain_edge=0.8 p_gain=0.2
(cluster1|cluster2) p_maintain_edge=0.8 p_gain=0.2
(cluster6|cluster2) p_maintain_edge=0.8 p_gain=0.2
(cluster9|cluster6) p_maintain_edge=0.8 p_gain=0.2
(cluster10|cluster6) p_maintain_edge=0.8 p_gain=0.2
(cluster7|cluster10) p_maintain_edge=0.8 p_gain=0.2
speciesSet.size()=8 Root is cluster8
MappedOrthogroupReader::readSpeciesMapping() --- celltype_order.txt
MappedOrthogroupReader::readFile - testdata_ogids.txt
MappedOrthogroupReader::generateGeneOrthoMap()
MetaLearner::init_onefold() read:config_condor.txt
MetaLearner::setinputVariableNames number of variables: 2044
readEvidenceTable:cluster8.table
PotentialManager::loadEvidenceFromTable varCount=2044 sampleCount=348
motifNetwork.size() = 319
0=cluster8 motifNetwork=cluster8_network.txt
variable size=2044
readEvidenceTable:cluster3.table
PotentialManager::loadEvidenceFromTable varCount=2044 sampleCount=95
motifNetwork.size() = 326
1=cluster3 motifNetwork=cluster3_network.txt
variable size=2044
readEvidenceTable:cluster2.table
PotentialManager::loadEvidenceFromTable varCount=2044 sampleCount=386
motifNetwork.size() = 328
2=cluster2 motifNetwork=cluster2_network.txt
variable size=2044
readEvidenceTable:cluster1.table
PotentialManager::loadEvidenceFromTable varCount=2044 sampleCount=36
motifNetwork.size() = 322
3=cluster1 motifNetwork=cluster1_network.txt
variable size=2044
readEvidenceTable:cluster6.table
PotentialManager::loadEvidenceFromTable varCount=2044 sampleCount=524
motifNetwork.size() = 320
4=cluster6 motifNetwork=cluster6_network.txt
variable size=2044
readEvidenceTable:cluster9.table
PotentialManager::loadEvidenceFromTable varCount=2044 sampleCount=184
motifNetwork.size() = 327
5=cluster9 motifNetwork=cluster9_network.txt
variable size=2044
readEvidenceTable:cluster10.table
PotentialManager::loadEvidenceFromTable varCount=2044 sampleCount=165
motifNetwork.size() = 326
6=cluster10 motifNetwork=cluster10_network.txt
variable size=2044
readEvidenceTable:cluster7.table
PotentialManager::loadEvidenceFromTable varCount=2044 sampleCount=1032
motifNetwork.size() = 320
7=cluster7 motifNetwork=cluster7_network.txt
variable size=2044
-------------------------------------------------------------
MetaLearner::start
precomputeEmptyGraphPrior
binkey=0 [Edge status: 0 0 0 0 0 0 0 0 ] P(G)=P(cluster8=0)[0.8] * P(cluster1=0|cluster2=0) * P(cluster9=0|cluster6=0) * P(cluster7=0|cluster10=0) * P(cluster10=0|cluster6=0) * P(cluster6=0|cluster2=0) * P(cluster2=0|cluster3=0) * P(cluster3=0|cluster8=0)[0.209715]=0.167772
condsetMap_Tree
0 cluster8=0 cluster3=0 cluster2=0 cluster1=0 cluster6=0 cluster9=0 cluster10=0 cluster7=1
1 cluster8=0 cluster3=0 cluster2=0 cluster1=0 cluster6=0 cluster9=1 cluster10=0 cluster7=0
2 cluster8=0 cluster3=0 cluster2=0 cluster1=0 cluster6=0 cluster9=1 cluster10=0 cluster7=1
3 cluster8=0 cluster3=0 cluster2=0 cluster1=1 cluster6=0 cluster9=0 cluster10=0 cluster7=0
4 cluster8=0 cluster3=0 cluster2=0 cluster1=1 cluster6=0 cluster9=0 cluster10=0 cluster7=1
5 cluster8=0 cluster3=0 cluster2=0 cluster1=1 cluster6=0 cluster9=1 cluster10=0 cluster7=0
6 cluster8=0 cluster3=0 cluster2=0 cluster1=1 cluster6=0 cluster9=1 cluster10=0 cluster7=1
7 cluster8=0 cluster3=0 cluster2=0 cluster1=0 cluster6=0 cluster9=0 cluster10=1 cluster7=1
8 cluster8=0 cluster3=0 cluster2=0 cluster1=0 cluster6=0 cluster9=1 cluster10=1 cluster7=1
9 cluster8=0 cluster3=0 cluster2=0 cluster1=1 cluster6=0 cluster9=0 cluster10=1 cluster7=1
10 cluster8=0 cluster3=0 cluster2=0 cluster1=1 cluster6=0 cluster9=1 cluster10=1 cluster7=1
11 cluster8=0 cluster3=0 cluster2=0 cluster1=0 cluster6=1 cluster9=1 cluster10=1 cluster7=1
12 cluster8=0 cluster3=0 cluster2=0 cluster1=1 cluster6=1 cluster9=1 cluster10=1 cluster7=1
13 cluster8=0 cluster3=0 cluster2=1 cluster1=1 cluster6=1 cluster9=1 cluster10=1 cluster7=1
14 cluster8=0 cluster3=1 cluster2=1 cluster1=1 cluster6=1 cluster9=1 cluster10=1 cluster7=1
15 cluster8=1 cluster3=1 cluster2=1 cluster1=1 cluster6=1 cluster9=1 cluster10=1 cluster7=1
16 cluster8=1 cluster3=1 cluster2=1 cluster1=1 cluster6=1 cluster9=1 cluster10=1 cluster7=0
17 cluster8=1 cluster3=1 cluster2=1 cluster1=1 cluster6=1 cluster9=0 cluster10=1 cluster7=1
18 cluster8=1 cluster3=1 cluster2=1 cluster1=1 cluster6=1 cluster9=0 cluster10=1 cluster7=0
19 cluster8=1 cluster3=1 cluster2=1 cluster1=0 cluster6=1 cluster9=1 cluster10=1 cluster7=1
20 cluster8=1 cluster3=1 cluster2=1 cluster1=0 cluster6=1 cluster9=1 cluster10=1 cluster7=0
21 cluster8=1 cluster3=1 cluster2=1 cluster1=0 cluster6=1 cluster9=0 cluster10=1 cluster7=1
22 cluster8=1 cluster3=1 cluster2=1 cluster1=0 cluster6=1 cluster9=0 cluster10=1 cluster7=0
23 cluster8=1 cluster3=1 cluster2=1 cluster1=1 cluster6=1 cluster9=1 cluster10=0 cluster7=0
24 cluster8=1 cluster3=1 cluster2=1 cluster1=1 cluster6=1 cluster9=0 cluster10=0 cluster7=0
25 cluster8=1 cluster3=1 cluster2=1 cluster1=0 cluster6=1 cluster9=1 cluster10=0 cluster7=0
26 cluster8=1 cluster3=1 cluster2=1 cluster1=0 cluster6=1 cluster9=0 cluster10=0 cluster7=0
27 cluster8=1 cluster3=1 cluster2=1 cluster1=1 cluster6=0 cluster9=0 cluster10=0 cluster7=0
28 cluster8=1 cluster3=1 cluster2=1 cluster1=0 cluster6=0 cluster9=0 cluster10=0 cluster7=0
29 cluster8=1 cluster3=1 cluster2=0 cluster1=0 cluster6=0 cluster9=0 cluster10=0 cluster7=0
30 cluster8=1 cluster3=0 cluster2=0 cluster1=0 cluster6=0 cluster9=0 cluster10=0 cluster7=0
31 cluster8=0 cluster3=0 cluster2=0 cluster1=0 cluster6=1 cluster9=0 cluster10=0 cluster7=0
32 cluster8=0 cluster3=0 cluster2=1 cluster1=0 cluster6=0 cluster9=0 cluster10=0 cluster7=0
33 cluster8=0 cluster3=0 cluster2=0 cluster1=0 cluster6=0 cluster9=0 cluster10=1 cluster7=0
34 cluster8=0 cluster3=1 cluster2=0 cluster1=0 cluster6=0 cluster9=0 cluster10=0 cluster7=0
inputRegulatorOGs.size() = 1999 inputOGList.size() = 50
binkey=2 [Edge status: 0 1 0 0 0 0 0 0 ] P(G)=P(cluster8=0)[0.8] * P(cluster1=0|cluster2=0) * P(cluster9=0|cluster6=0) * P(cluster7=0|cluster10=0) * P(cluster10=0|cluster6=0) * P(cluster6=0|cluster2=0) * P(cluster2=0|cluster3=1) * P(cluster3=1|cluster8=0)[0.0131072]=0.0104858
binkey=16 [Edge status: 0 0 0 0 1 0 0 0 ] P(G)=P(cluster8=0)[0.8] * P(cluster1=0|cluster2=0) * P(cluster9=0|cluster6=1) * P(cluster7=0|cluster10=0) * P(cluster10=0|cluster6=1) * P(cluster6=1|cluster2=0) * P(cluster2=0|cluster3=0) * P(cluster3=0|cluster8=0)[0.0032768]=0.00262144
binkey=32 [Edge status: 0 0 0 0 0 1 0 0 ] P(G)=P(cluster8=0)[0.8] * P(cluster1=0|cluster2=0) * P(cluster9=1|cluster6=0) * P(cluster7=0|cluster10=0) * P(cluster10=0|cluster6=0) * P(cluster6=0|cluster2=0) * P(cluster2=0|cluster3=0) * P(cluster3=0|cluster8=0)[0.0524288]=0.041943
binkey=1 [Edge status: 1 0 0 0 0 0 0 0 ] P(G)=P(cluster8=1)[0.2] * P(cluster1=0|cluster2=0) * P(cluster9=0|cluster6=0) * P(cluster7=0|cluster10=0) * P(cluster10=0|cluster6=0) * P(cluster6=0|cluster2=0) * P(cluster2=0|cluster3=0) * P(cluster3=0|cluster8=1)[0.0524288]=0.0104858
binkey=128 [Edge status: 0 0 0 0 0 0 0 1 ] P(G)=P(cluster8=0)[0.8] * P(cluster1=0|cluster2=0) * P(cluster9=0|cluster6=0) * P(cluster7=1|cluster10=0) * P(cluster10=0|cluster6=0) * P(cluster6=0|cluster2=0) * P(cluster2=0|cluster3=0) * P(cluster3=0|cluster8=0)[0.0524288]=0.041943
binkey=4 [Edge status: 0 0 1 0 0 0 0 0 ] P(G)=P(cluster8=0)[0.8] * P(cluster1=0|cluster2=1) * P(cluster9=0|cluster6=0) * P(cluster7=0|cluster10=0) * P(cluster10=0|cluster6=0) * P(cluster6=0|cluster2=1) * P(cluster2=1|cluster3=0) * P(cluster3=0|cluster8=0)[0.0032768]=0.00262144
binkey=8 [Edge status: 0 0 0 1 0 0 0 0 ] P(G)=P(cluster8=0)[0.8] * P(cluster1=1|cluster2=0) * P(cluster9=0|cluster6=0) * P(cluster7=0|cluster10=0) * P(cluster10=0|cluster6=0) * P(cluster6=0|cluster2=0) * P(cluster2=0|cluster3=0) * P(cluster3=0|cluster8=0)[0.0524288]=0.041943
binkey=64 [Edge status: 0 0 0 0 0 0 1 0 ] P(G)=P(cluster8=0)[0.8] * P(cluster1=0|cluster2=0) * P(cluster9=0|cluster6=0) * P(cluster7=0|cluster10=1) * P(cluster10=1|cluster6=0) * P(cluster6=0|cluster2=0) * P(cluster2=0|cluster3=0) * P(cluster3=0|cluster8=0)[0.0131072]=0.0104858
binkey=192 [Edge status: 0 0 0 0 0 0 1 1 ] P(G)=P(cluster8=0)[0.8] * P(cluster1=0|cluster2=0) * P(cluster9=0|cluster6=0) * P(cluster7=1|cluster10=1) * P(cluster10=1|cluster6=0) * P(cluster6=0|cluster2=0) * P(cluster2=0|cluster3=0) * P(cluster3=0|cluster8=0)[0.0524288]=0.041943
binkey=136 [Edge status: 0 0 0 1 0 0 0 1 ] P(G)=P(cluster8=0)[0.8] * P(cluster1=1|cluster2=0) * P(cluster9=0|cluster6=0) * P(cluster7=1|cluster10=0) * P(cluster10=0|cluster6=0) * P(cluster6=0|cluster2=0) * P(cluster2=0|cluster3=0) * P(cluster3=0|cluster8=0)[0.0131072]=0.0104858
binkey=3 [Edge status: 1 1 0 0 0 0 0 0 ] P(G)=P(cluster8=1)[0.2] * P(cluster1=0|cluster2=0) * P(cluster9=0|cluster6=0) * P(cluster7=0|cluster10=0) * P(cluster10=0|cluster6=0) * P(cluster6=0|cluster2=0) * P(cluster2=0|cluster3=1) * P(cluster3=1|cluster8=1)[0.0524288]=0.0104858
binkey=40 [Edge status: 0 0 0 1 0 1 0 0 ] P(G)=P(cluster8=0)[0.8] * P(cluster1=1|cluster2=0) * P(cluster9=1|cluster6=0) * P(cluster7=0|cluster10=0) * P(cluster10=0|cluster6=0) * P(cluster6=0|cluster2=0) * P(cluster2=0|cluster3=0) * P(cluster3=0|cluster8=0)[0.0131072]=0.0104858
binkey=200 [Edge status: 0 0 0 1 0 0 1 1 ] P(G)=P(cluster8=0)[0.8] * P(cluster1=1|cluster2=0) * P(cluster9=0|cluster6=0) * P(cluster7=1|cluster10=1) * P(cluster10=1|cluster6=0) * P(cluster6=0|cluster2=0) * P(cluster2=0|cluster3=0) * P(cluster3=0|cluster8=0)[0.0131072]=0.0104858
binkey=160 [Edge status: 0 0 0 0 0 1 0 1 ] P(G)=P(cluster8=0)[0.8] * P(cluster1=0|cluster2=0) * P(cluster9=1|cluster6=0) * P(cluster7=1|cluster10=0) * P(cluster10=0|cluster6=0) * P(cluster6=0|cluster2=0) * P(cluster2=0|cluster3=0) * P(cluster3=0|cluster8=0)[0.0131072]=0.0104858
binkey=168 [Edge status: 0 0 0 1 0 1 0 1 ] P(G)=P(cluster8=0)[0.8] * P(cluster1=1|cluster2=0) * P(cluster9=1|cluster6=0) * P(cluster7=1|cluster10=0) * P(cluster10=0|cluster6=0) * P(cluster6=0|cluster2=0) * P(cluster2=0|cluster3=0) * P(cluster3=0|cluster8=0)[0.0032768]=0.00262144
binkey=224 [Edge status: 0 0 0 0 0 1 1 1 ] P(G)=P(cluster8=0)[0.8] * P(cluster1=0|cluster2=0) * P(cluster9=1|cluster6=0) * P(cluster7=1|cluster10=1) * P(cluster10=1|cluster6=0) * P(cluster6=0|cluster2=0) * P(cluster2=0|cluster3=0) * P(cluster3=0|cluster8=0)[0.0131072]=0.0104858
binkey=240 [Edge status: 0 0 0 0 1 1 1 1 ] P(G)=P(cluster8=0)[0.8] * P(cluster1=0|cluster2=0) * P(cluster9=1|cluster6=1) * P(cluster7=1|cluster10=1) * P(cluster10=1|cluster6=1) * P(cluster6=1|cluster2=0) * P(cluster2=0|cluster3=0) * P(cluster3=0|cluster8=0)[0.0524288]=0.041943
binkey=23 [Edge status: 1 1 1 0 1 0 0 0 ] P(G)=P(cluster8=1)[0.2] * P(cluster1=0|cluster2=1) * P(cluster9=0|cluster6=1) * P(cluster7=0|cluster10=0) * P(cluster10=0|cluster6=1) * P(cluster6=1|cluster2=1) * P(cluster2=1|cluster3=1) * P(cluster3=1|cluster8=1)[0.0032768]=0.00065536
binkey=7 [Edge status: 1 1 1 0 0 0 0 0 ] P(G)=P(cluster8=1)[0.2] * P(cluster1=0|cluster2=1) * P(cluster9=0|cluster6=0) * P(cluster7=0|cluster10=0) * P(cluster10=0|cluster6=0) * P(cluster6=0|cluster2=1) * P(cluster2=1|cluster3=1) * P(cluster3=1|cluster8=1)[0.0131072]=0.00262144
binkey=232 [Edge status: 0 0 0 1 0 1 1 1 ] P(G)=P(cluster8=0)[0.8] * P(cluster1=1|cluster2=0) * P(cluster9=1|cluster6=0) * P(cluster7=1|cluster10=1) * P(cluster10=1|cluster6=0) * P(cluster6=0|cluster2=0) * P(cluster2=0|cluster3=0) * P(cluster3=0|cluster8=0)[0.0032768]=0.00262144
binkey=248 [Edge status: 0 0 0 1 1 1 1 1 ] P(G)=P(cluster8=0)[0.8] * P(cluster1=1|cluster2=0) * P(cluster9=1|cluster6=1) * P(cluster7=1|cluster10=1) * P(cluster10=1|cluster6=1) * P(cluster6=1|cluster2=0) * P(cluster2=0|cluster3=0) * P(cluster3=0|cluster8=0)[0.0131072]=0.0104858
binkey=247 [Edge status: 1 1 1 0 1 1 1 1 ] P(G)=P(cluster8=1)[0.2] * P(cluster1=0|cluster2=1) * P(cluster9=1|cluster6=1) * P(cluster7=1|cluster10=1) * P(cluster10=1|cluster6=1) * P(cluster6=1|cluster2=1) * P(cluster2=1|cluster3=1) * P(cluster3=1|cluster8=1)[0.0524288]=0.0104858
binkey=119 [Edge status: 1 1 1 0 1 1 1 0 ] P(G)=P(cluster8=1)[0.2] * P(cluster1=0|cluster2=1) * P(cluster9=1|cluster6=1) * P(cluster7=0|cluster10=1) * P(cluster10=1|cluster6=1) * P(cluster6=1|cluster2=1) * P(cluster2=1|cluster3=1) * P(cluster3=1|cluster8=1)[0.0131072]=0.00262144
binkey=215 [Edge status: 1 1 1 0 1 0 1 1 ] P(G)=P(cluster8=1)[0.2] * P(cluster1=0|cluster2=1) * P(cluster9=0|cluster6=1) * P(cluster7=1|cluster10=1) * P(cluster10=1|cluster6=1) * P(cluster6=1|cluster2=1) * P(cluster2=1|cluster3=1) * P(cluster3=1|cluster8=1)[0.0131072]=0.00262144
binkey=87 [Edge status: 1 1 1 0 1 0 1 0 ] P(G)=P(cluster8=1)[0.2] * P(cluster1=0|cluster2=1) * P(cluster9=0|cluster6=1) * P(cluster7=0|cluster10=1) * P(cluster10=1|cluster6=1) * P(cluster6=1|cluster2=1) * P(cluster2=1|cluster3=1) * P(cluster3=1|cluster8=1)[0.0032768]=0.00065536
binkey=55 [Edge status: 1 1 1 0 1 1 0 0 ] P(G)=P(cluster8=1)[0.2] * P(cluster1=0|cluster2=1) * P(cluster9=1|cluster6=1) * P(cluster7=0|cluster10=0) * P(cluster10=0|cluster6=1) * P(cluster6=1|cluster2=1) * P(cluster2=1|cluster3=1) * P(cluster3=1|cluster8=1)[0.0131072]=0.00262144
ITERATION 0 newScore=-2.64932e+06 diffscore=16956.9 priorChange=-95.6543 successMove=69
ITERATION 1 newScore=-2.64178e+06 diffscore=7532.41 priorChange=-113.676 successMove=57
ITERATION 2 newScore=-2.63949e+06 diffscore=2298.66 priorChange=-110.904 successMove=55
ITERATION 3 newScore=-2.63407e+06 diffscore=5419.64 priorChange=-112.29 successMove=58
ITERATION 4 newScore=-2.62702e+06 diffscore=7041.97 priorChange=-117.835 successMove=54
ITERATION 5 newScore=-2.62381e+06 diffscore=3214.32 priorChange=-115.062 successMove=53
ITERATION 6 newScore=-2.62131e+06 diffscore=2504.95 priorChange=-113.676 successMove=51
ITERATION 7 newScore=-2.6194e+06 diffscore=1900.63 priorChange=-102.586 successMove=54
ITERATION 8 newScore=-2.61581e+06 diffscore=3598.89 priorChange=-102.586 successMove=49
ITERATION 9 newScore=-2.61215e+06 diffscore=3651.15 priorChange=-103.972 successMove=52
binkey=252 [Edge status: 0 0 1 1 1 1 1 1 ] P(G)=P(cluster8=0)[0.8] * P(cluster1=1|cluster2=1) * P(cluster9=1|cluster6=1) * P(cluster7=1|cluster10=1) * P(cluster10=1|cluster6=1) * P(cluster6=1|cluster2=1) * P(cluster2=1|cluster3=0) * P(cluster3=0|cluster8=0)[0.0524288]=0.041943
binkey=254 [Edge status: 0 1 1 1 1 1 1 1 ] P(G)=P(cluster8=0)[0.8] * P(cluster1=1|cluster2=1) * P(cluster9=1|cluster6=1) * P(cluster7=1|cluster10=1) * P(cluster10=1|cluster6=1) * P(cluster6=1|cluster2=1) * P(cluster2=1|cluster3=1) * P(cluster3=1|cluster8=0)[0.0524288]=0.041943
ITERATION 10 newScore=-2.60904e+06 diffscore=3112.75 priorChange=-113.676 successMove=53
ITERATION 11 newScore=-2.60842e+06 diffscore=621.544 priorChange=-115.062 successMove=52
ITERATION 12 newScore=-2.60778e+06 diffscore=643.848 priorChange=-117.835 successMove=51
ITERATION 13 newScore=-2.60579e+06 diffscore=1986.93 priorChange=-109.517 successMove=51
ITERATION 14 newScore=-2.60297e+06 diffscore=2816.12 priorChange=-113.676 successMove=49
ITERATION 15 newScore=-2.60009e+06 diffscore=2883.43 priorChange=-97.0406 successMove=49
ITERATION 16 newScore=-2.59701e+06 diffscore=3076.28 priorChange=-103.972 successMove=51
ITERATION 17 newScore=-2.5964e+06 diffscore=613.588 priorChange=-119.221 successMove=52
ITERATION 18 newScore=-2.5957e+06 diffscore=703.635 priorChange=-102.586 successMove=48
ITERATION 19 newScore=-2.59435e+06 diffscore=1345.78 priorChange=-103.972 successMove=54
ITERATION 20 newScore=-2.59132e+06 diffscore=3034.81 priorChange=-108.131 successMove=49
ITERATION 21 newScore=-2.58904e+06 diffscore=2275.53 priorChange=-97.0406 successMove=50
ITERATION 22 newScore=-2.58576e+06 diffscore=3277.18 priorChange=-113.676 successMove=48
ITERATION 23 newScore=-2.58534e+06 diffscore=422.904 priorChange=-103.972 successMove=49
ITERATION 24 newScore=-2.58494e+06 diffscore=402.542 priorChange=-97.0406 successMove=50
ITERATION 25 newScore=-2.58401e+06 diffscore=928.95 priorChange=-87.3365 successMove=49
ITERATION 26 newScore=-2.58361e+06 diffscore=395.871 priorChange=-109.517 successMove=49
ITERATION 27 newScore=-2.58319e+06 diffscore=422.098 priorChange=-102.586 successMove=47
ITERATION 28 newScore=-2.58281e+06 diffscore=377.743 priorChange=-94.268 successMove=48
ITERATION 29 newScore=-2.58227e+06 diffscore=544.323 priorChange=-101.199 successMove=47
ITERATION 30 newScore=-2.58158e+06 diffscore=690.368 priorChange=-92.8817 successMove=49
ITERATION 31 newScore=-2.57923e+06 diffscore=2343.8 priorChange=-102.586 successMove=47
ITERATION 32 newScore=-2.57748e+06 diffscore=1751.03 priorChange=-113.676 successMove=48
ITERATION 33 newScore=-2.57675e+06 diffscore=735.126 priorChange=-108.131 successMove=48
ITERATION 34 newScore=-2.57523e+06 diffscore=1521.56 priorChange=-103.972 successMove=47
ITERATION 35 newScore=-2.57484e+06 diffscore=382.435 priorChange=-105.358 successMove=48
ITERATION 36 newScore=-2.57196e+06 diffscore=2888.53 priorChange=-109.517 successMove=47
ITERATION 37 newScore=-2.57015e+06 diffscore=1805.16 priorChange=-90.1091 successMove=47
ITERATION 38 newScore=-2.56732e+06 diffscore=2835.8 priorChange=-91.4954 successMove=47
ITERATION 39 newScore=-2.56669e+06 diffscore=627.93 priorChange=-94.268 successMove=47
ITERATION 40 newScore=-2.56558e+06 diffscore=1110.61 priorChange=-106.745 successMove=46
ITERATION 41 newScore=-2.56485e+06 diffscore=723.403 priorChange=-109.517 successMove=46
ITERATION 42 newScore=-2.5639e+06 diffscore=953.41 priorChange=-87.3365 successMove=46
ITERATION 43 newScore=-2.56359e+06 diffscore=312.131 priorChange=-91.4954 successMove=44
ITERATION 44 newScore=-2.56328e+06 diffscore=305.513 priorChange=-81.7914 successMove=44
ITERATION 45 newScore=-2.5627e+06 diffscore=583.222 priorChange=-77.6325 successMove=43
ITERATION 46 newScore=-2.56118e+06 diffscore=1523.56 priorChange=-76.2462 successMove=41
ITERATION 47 newScore=-2.56089e+06 diffscore=282.919 priorChange=-80.4051 successMove=40
ITERATION 48 newScore=-2.56066e+06 diffscore=229.452 priorChange=-83.1777 successMove=38
ITERATION 49 newScore=-2.56038e+06 diffscore=278.253 priorChange=-81.7914 successMove=37
ITERATION 50 newScore=-2.55895e+06 diffscore=1435.63 priorChange=-66.5421 successMove=37
ITERATION 51 newScore=-2.55797e+06 diffscore=974.61 priorChange=-74.8599 successMove=36
ITERATION 52 newScore=-2.55715e+06 diffscore=827.016 priorChange=-73.4736 successMove=36
ITERATION 53 newScore=-2.55691e+06 diffscore=233.121 priorChange=-76.2462 successMove=35
ITERATION 54 newScore=-2.55552e+06 diffscore=1389.7 priorChange=-70.701 successMove=34
ITERATION 55 newScore=-2.55505e+06 diffscore=475.525 priorChange=-83.1777 successMove=34
ITERATION 56 newScore=-2.5537e+06 diffscore=1346.06 priorChange=-74.8599 successMove=33
ITERATION 57 newScore=-2.55351e+06 diffscore=196.364 priorChange=-63.7695 successMove=34
ITERATION 58 newScore=-2.55192e+06 diffscore=1585.44 priorChange=-55.4518 successMove=32
ITERATION 59 newScore=-2.55116e+06 diffscore=761.498 priorChange=-65.1558 successMove=31
ITERATION 60 newScore=-2.55029e+06 diffscore=868.099 priorChange=-63.7695 successMove=31
ITERATION 61 newScore=-2.55013e+06 diffscore=164.591 priorChange=-52.6792 successMove=29
ITERATION 62 newScore=-2.54995e+06 diffscore=177.526 priorChange=-56.8381 successMove=27
ITERATION 63 newScore=-2.54841e+06 diffscore=1543.28 priorChange=-48.5203 successMove=26
ITERATION 64 newScore=-2.54824e+06 diffscore=164.935 priorChange=-62.3832 successMove=27
ITERATION 65 newScore=-2.54808e+06 diffscore=157.609 priorChange=-58.2244 successMove=26
ITERATION 66 newScore=-2.54781e+06 diffscore=272.091 priorChange=-51.2929 successMove=26
ITERATION 67 newScore=-2.54653e+06 diffscore=1285.44 priorChange=-51.2929 successMove=26
ITERATION 68 newScore=-2.5463e+06 diffscore=224.529 priorChange=-49.9066 successMove=24
ITERATION 69 newScore=-2.54499e+06 diffscore=1307.43 priorChange=-49.9066 successMove=26
ITERATION 70 newScore=-2.54475e+06 diffscore=244.932 priorChange=-49.9066 successMove=24
ITERATION 71 newScore=-2.54449e+06 diffscore=257.562 priorChange=-42.9751 successMove=26
ITERATION 72 newScore=-2.54419e+06 diffscore=304.16 priorChange=-40.2025 successMove=22
ITERATION 73 newScore=-2.54384e+06 diffscore=345.043 priorChange=-44.3614 successMove=21
ITERATION 74 newScore=-2.54291e+06 diffscore=934.449 priorChange=-38.8162 successMove=21
ITERATION 75 newScore=-2.54277e+06 diffscore=140.279 priorChange=-42.9751 successMove=21
ITERATION 76 newScore=-2.5426e+06 diffscore=169.947 priorChange=-41.5888 successMove=24
ITERATION 77 newScore=-2.54245e+06 diffscore=152.047 priorChange=-40.2025 successMove=20
ITERATION 78 newScore=-2.54214e+06 diffscore=308.504 priorChange=-31.8848 successMove=19
ITERATION 79 newScore=-2.5416e+06 diffscore=536.071 priorChange=-31.8848 successMove=18
ITERATION 80 newScore=-2.54111e+06 diffscore=495.18 priorChange=-30.4985 successMove=17
ITERATION 81 newScore=-2.54071e+06 diffscore=400.514 priorChange=-30.4985 successMove=16
ITERATION 82 newScore=-2.53827e+06 diffscore=2435.66 priorChange=-36.0437 successMove=16
ITERATION 83 newScore=-2.5381e+06 diffscore=174.28 priorChange=-36.0437 successMove=15
ITERATION 84 newScore=-2.53787e+06 diffscore=229.365 priorChange=-26.3396 successMove=14
ITERATION 85 newScore=-2.53676e+06 diffscore=1107.67 priorChange=-18.0218 successMove=14
ITERATION 86 newScore=-2.53559e+06 diffscore=1165.78 priorChange=-15.2492 successMove=14
ITERATION 87 newScore=-2.53551e+06 diffscore=87.4814 priorChange=-31.8848 successMove=13
ITERATION 88 newScore=-2.5354e+06 diffscore=100.971 priorChange=-31.8848 successMove=13
ITERATION 89 newScore=-2.53531e+06 diffscore=96.8325 priorChange=-33.2711 successMove=13
ITERATION 90 newScore=-2.53518e+06 diffscore=127.132 priorChange=-26.3396 successMove=13
ITERATION 91 newScore=-2.53494e+06 diffscore=237.61 priorChange=-19.4081 successMove=12
ITERATION 92 newScore=-2.53407e+06 diffscore=873.626 priorChange=-23.567 successMove=11
ITERATION 93 newScore=-2.53403e+06 diffscore=34.6078 priorChange=-16.6355 successMove=11
ITERATION 94 newScore=-2.534e+06 diffscore=36.0137 priorChange=-18.0218 successMove=11
ITERATION 95 newScore=-2.53396e+06 diffscore=35.3302 priorChange=-18.0218 successMove=9
ITERATION 96 newScore=-2.53393e+06 diffscore=31.4452 priorChange=-15.2492 successMove=8
ITERATION 97 newScore=-2.5339e+06 diffscore=30.8818 priorChange=-15.2492 successMove=8
ITERATION 98 newScore=-2.53385e+06 diffscore=48.6553 priorChange=-15.2492 successMove=8
ITERATION 99 newScore=-2.53383e+06 diffscore=24.9516 priorChange=-9.70406 successMove=6
MetaLearner::dumpAllGraphs
Final Score -2.53383e+06
MetaLearner::start runtime: 1554716521 ms
Results/
Results/cluster1/
Results/cluster1/fold0/
Results/cluster1/fold0/var_mb_pw_k50.txt
Results/cluster1/fold0/modelparams.txt
Results/cluster2/
Results/cluster2/fold0/
Results/cluster2/fold0/var_mb_pw_k50.txt
Results/cluster2/fold0/modelparams.txt
Results/cluster6/
Results/cluster6/fold0/
Results/cluster6/fold0/var_mb_pw_k50.txt
Results/cluster6/fold0/modelparams.txt
Results/cluster9/
Results/cluster9/fold0/
Results/cluster9/fold0/var_mb_pw_k50.txt
Results/cluster9/fold0/modelparams.txt
Results/cluster10/
Results/cluster10/fold0/
Results/cluster10/fold0/var_mb_pw_k50.txt
Results/cluster10/fold0/modelparams.txt
Results/cluster7/
Results/cluster7/fold0/
Results/cluster7/fold0/var_mb_pw_k50.txt
Results/cluster7/fold0/modelparams.txt
Results/cluster3/
Results/cluster3/fold0/
Results/cluster3/fold0/var_mb_pw_k50.txt
Results/cluster3/fold0/modelparams.txt
Results/cluster8/
Results/cluster8/fold0/
Results/cluster8/fold0/var_mb_pw_k50.txt
Results/cluster8/fold0/modelparams.txt
Results/cluster8/scoreFile.txt
