000 (49777.1366.000) 10/11 10:48:11 Job submitted from host: <144.92.142.142:9618?addrs=144.92.142.142-9618&noUDP&sock=44923_051a_3>
...
001 (49777.1366.000) 10/11 16:30:38 Job executing on host: <144.92.142.191:9618?addrs=144.92.142.191-9618&noUDP&sock=12603_302e_3>
...
006 (49777.1366.000) 10/11 16:30:47 Image size of job updated: 170668
	104  -  MemoryUsage of job (MB)
	105992  -  ResidentSetSize of job (KB)
...
006 (49777.1366.000) 10/11 16:31:04 Image size of job updated: 313996
	104  -  MemoryUsage of job (MB)
	105992  -  ResidentSetSize of job (KB)
...
004 (49777.1366.000) 10/11 16:31:04 Job was evicted.
	(0) Job was not checkpointed.
		Usr 0 00:00:25, Sys 0 00:00:00  -  Run Remote Usage
		Usr 0 00:00:00, Sys 0 00:00:00  -  Run Local Usage
	0  -  Run Bytes Sent By Job
	316719136  -  Run Bytes Received By Job
	Partitionable Resources :    Usage  Request Allocated 
	   Cpus                 :        0        1         1 
	   Disk (KB)            :   325000   819200   1428813 
	   Memory (MB)          :      104    20480     20480 
...
001 (49777.1366.000) 10/11 16:31:14 Job executing on host: <128.105.68.23:9618?addrs=128.105.68.23-9618&alias=gpulab2004.chtc.wisc.edu&noUDP&sock=startd_62541_80a6>
...
006 (49777.1366.000) 10/11 16:36:24 Image size of job updated: 796576
	731  -  MemoryUsage of job (MB)
	748108  -  ResidentSetSize of job (KB)
...
006 (49777.1366.000) 10/11 16:41:24 Image size of job updated: 1284672
	1212  -  MemoryUsage of job (MB)
	1240192  -  ResidentSetSize of job (KB)
...
006 (49777.1366.000) 10/11 16:46:24 Image size of job updated: 1901740
	1808  -  MemoryUsage of job (MB)
	1850616  -  ResidentSetSize of job (KB)
...
006 (49777.1366.000) 10/11 16:51:25 Image size of job updated: 2505172
	2399  -  MemoryUsage of job (MB)
	2455676  -  ResidentSetSize of job (KB)
...
006 (49777.1366.000) 10/11 16:53:36 Image size of job updated: 2745552
	2399  -  MemoryUsage of job (MB)
	2455684  -  ResidentSetSize of job (KB)
...
005 (49777.1366.000) 10/11 16:53:36 Job terminated.
	(1) Normal termination (return value 0)
		Usr 0 00:22:17, Sys 0 00:00:03  -  Run Remote Usage
		Usr 0 00:00:00, Sys 0 00:00:00  -  Run Local Usage
		Usr 0 00:22:42, Sys 0 00:00:03  -  Total Remote Usage
		Usr 0 00:00:00, Sys 0 00:00:00  -  Total Local Usage
	175380  -  Run Bytes Sent By Job
	316719136  -  Run Bytes Received By Job
	175380  -  Total Bytes Sent By Job
	633438272  -  Total Bytes Received By Job
	Partitionable Resources :     Usage  Request Allocated 
	   Cpus                 :      1.00        1         1 
	   Disk (KB)            : 325000      819200  18192444 
	   Gpus                 :                            0 
	   Ioheavy              :                            0 
	   Memory (MB)          :   2399       20480     21341 
...
