000 (49777.1395.000) 10/11 10:48:11 Job submitted from host: <144.92.142.142:9618?addrs=144.92.142.142-9618&noUDP&sock=44923_051a_3>
...
001 (49777.1395.000) 10/11 16:33:42 Job executing on host: <128.105.68.23:9618?addrs=128.105.68.23-9618&alias=gpulab2004.chtc.wisc.edu&noUDP&sock=startd_62541_80a6>
...
006 (49777.1395.000) 10/11 16:33:50 Image size of job updated: 156132
	103  -  MemoryUsage of job (MB)
	104940  -  ResidentSetSize of job (KB)
...
006 (49777.1395.000) 10/11 16:38:50 Image size of job updated: 717648
	651  -  MemoryUsage of job (MB)
	666476  -  ResidentSetSize of job (KB)
...
006 (49777.1395.000) 10/11 16:43:50 Image size of job updated: 865472
	796  -  MemoryUsage of job (MB)
	814592  -  ResidentSetSize of job (KB)
...
006 (49777.1395.000) 10/11 16:48:51 Image size of job updated: 1186180
	1109  -  MemoryUsage of job (MB)
	1135052  -  ResidentSetSize of job (KB)
...
006 (49777.1395.000) 10/11 16:53:51 Image size of job updated: 1522076
	1437  -  MemoryUsage of job (MB)
	1471072  -  ResidentSetSize of job (KB)
...
006 (49777.1395.000) 10/11 16:56:58 Image size of job updated: 1756468
	1437  -  MemoryUsage of job (MB)
	1471072  -  ResidentSetSize of job (KB)
...
005 (49777.1395.000) 10/11 16:56:59 Job terminated.
	(1) Normal termination (return value 0)
		Usr 0 00:23:12, Sys 0 00:00:02  -  Run Remote Usage
		Usr 0 00:00:00, Sys 0 00:00:00  -  Run Local Usage
		Usr 0 00:23:12, Sys 0 00:00:02  -  Total Remote Usage
		Usr 0 00:00:00, Sys 0 00:00:00  -  Total Local Usage
	174335  -  Run Bytes Sent By Job
	316719136  -  Run Bytes Received By Job
	174335  -  Total Bytes Sent By Job
	316719136  -  Total Bytes Received By Job
	Partitionable Resources :     Usage  Request Allocated 
	   Cpus                 :      1.00        1         1 
	   Disk (KB)            : 325000      819200  18192444 
	   Gpus                 :                            0 
	   Ioheavy              :                            0 
	   Memory (MB)          :   1437       20480     21341 
...
