000 (49777.1858.000) 10/11 10:48:12 Job submitted from host: <144.92.142.142:9618?addrs=144.92.142.142-9618&noUDP&sock=44923_051a_3>
...
001 (49777.1858.000) 10/11 17:47:49 Job executing on host: <128.105.68.23:9618?addrs=128.105.68.23-9618&alias=gpulab2004.chtc.wisc.edu&noUDP&sock=startd_62541_80a6>
...
006 (49777.1858.000) 10/11 17:47:58 Image size of job updated: 105560
	104  -  MemoryUsage of job (MB)
	105560  -  ResidentSetSize of job (KB)
...
006 (49777.1858.000) 10/11 17:52:59 Image size of job updated: 722124
	672  -  MemoryUsage of job (MB)
	687148  -  ResidentSetSize of job (KB)
...
006 (49777.1858.000) 10/11 17:58:00 Image size of job updated: 1149864
	1079  -  MemoryUsage of job (MB)
	1104244  -  ResidentSetSize of job (KB)
...
006 (49777.1858.000) 10/11 18:03:00 Image size of job updated: 1656592
	1596  -  MemoryUsage of job (MB)
	1633808  -  ResidentSetSize of job (KB)
...
006 (49777.1858.000) 10/11 18:08:01 Image size of job updated: 2260024
	2165  -  MemoryUsage of job (MB)
	2216708  -  ResidentSetSize of job (KB)
...
006 (49777.1858.000) 10/11 18:10:29 Image size of job updated: 2563264
	2165  -  MemoryUsage of job (MB)
	2216752  -  ResidentSetSize of job (KB)
...
005 (49777.1858.000) 10/11 18:10:29 Job terminated.
	(1) Normal termination (return value 0)
		Usr 0 00:22:34, Sys 0 00:00:03  -  Run Remote Usage
		Usr 0 00:00:00, Sys 0 00:00:00  -  Run Local Usage
		Usr 0 00:22:34, Sys 0 00:00:03  -  Total Remote Usage
		Usr 0 00:00:00, Sys 0 00:00:00  -  Total Local Usage
	171422  -  Run Bytes Sent By Job
	316887328  -  Run Bytes Received By Job
	171422  -  Total Bytes Sent By Job
	316887328  -  Total Bytes Received By Job
	Partitionable Resources :     Usage  Request Allocated 
	   Cpus                 :      1.00        1         1 
	   Disk (KB)            : 325000      819200  18192444 
	   Gpus                 :                            0 
	   Ioheavy              :                            0 
	   Memory (MB)          :   2165       20480     21341 
...
