000 (49777.2384.000) 10/11 10:48:14 Job submitted from host: <144.92.142.142:9618?addrs=144.92.142.142-9618&noUDP&sock=44923_051a_3>
...
001 (49777.2384.000) 10/11 19:03:57 Job executing on host: <128.105.68.23:9618?addrs=128.105.68.23-9618&alias=gpulab2004.chtc.wisc.edu&noUDP&sock=startd_62541_80a6>
...
006 (49777.2384.000) 10/11 19:04:06 Image size of job updated: 156336
	103  -  MemoryUsage of job (MB)
	105200  -  ResidentSetSize of job (KB)
...
006 (49777.2384.000) 10/11 19:09:07 Image size of job updated: 751264
	693  -  MemoryUsage of job (MB)
	709376  -  ResidentSetSize of job (KB)
...
006 (49777.2384.000) 10/11 19:14:08 Image size of job updated: 1107644
	1033  -  MemoryUsage of job (MB)
	1056884  -  ResidentSetSize of job (KB)
...
006 (49777.2384.000) 10/11 19:19:08 Image size of job updated: 1424260
	1354  -  MemoryUsage of job (MB)
	1385712  -  ResidentSetSize of job (KB)
...
006 (49777.2384.000) 10/11 19:24:08 Image size of job updated: 1843660
	1760  -  MemoryUsage of job (MB)
	1801856  -  ResidentSetSize of job (KB)
...
006 (49777.2384.000) 10/11 19:24:52 Image size of job updated: 1907196
	1760  -  MemoryUsage of job (MB)
	1801856  -  ResidentSetSize of job (KB)
...
005 (49777.2384.000) 10/11 19:24:52 Job terminated.
	(1) Normal termination (return value 0)
		Usr 0 00:20:49, Sys 0 00:00:03  -  Run Remote Usage
		Usr 0 00:00:00, Sys 0 00:00:00  -  Run Local Usage
		Usr 0 00:20:49, Sys 0 00:00:03  -  Total Remote Usage
		Usr 0 00:00:00, Sys 0 00:00:00  -  Total Local Usage
	165044  -  Run Bytes Sent By Job
	316844000  -  Run Bytes Received By Job
	165044  -  Total Bytes Sent By Job
	316844000  -  Total Bytes Received By Job
	Partitionable Resources :     Usage  Request Allocated 
	   Cpus                 :      0.99        1         1 
	   Disk (KB)            : 325000      819200  18192444 
	   Gpus                 :                            0 
	   Ioheavy              :                            0 
	   Memory (MB)          :   1760       20480     21341 
...
