./CVN -f config_condor.txt -x50 -v1 -l TFs_OGs.txt -n AllGenes33.txt -d celltype_tree_ancestor.txt -m testdata_ogids.txt -s celltype_order.txt -p 0.2 -c yes -b -4 -q 4
(cluster3|cluster8) p_maintain_edge=0.8 p_gain=0.2
(cluster2|cluster3) p_maintain_edge=0.8 p_gain=0.2
(cluster1|cluster2) p_maintain_edge=0.8 p_gain=0.2
(cluster6|cluster2) p_maintain_edge=0.8 p_gain=0.2
(cluster9|cluster6) p_maintain_edge=0.8 p_gain=0.2
(cluster10|cluster6) p_maintain_edge=0.8 p_gain=0.2
(cluster7|cluster10) p_maintain_edge=0.8 p_gain=0.2
speciesSet.size()=8 Root is cluster8
MappedOrthogroupReader::readSpeciesMapping() --- celltype_order.txt
MappedOrthogroupReader::readFile - testdata_ogids.txt
MappedOrthogroupReader::generateGeneOrthoMap()
MetaLearner::init_onefold() read:config_condor.txt
MetaLearner::setinputVariableNames number of variables: 2040
readEvidenceTable:cluster8.table
PotentialManager::loadEvidenceFromTable varCount=2040 sampleCount=348
motifNetwork.size() = 319
0=cluster8 motifNetwork=cluster8_network.txt
variable size=2040
readEvidenceTable:cluster3.table
PotentialManager::loadEvidenceFromTable varCount=2040 sampleCount=95
motifNetwork.size() = 326
1=cluster3 motifNetwork=cluster3_network.txt
variable size=2040
readEvidenceTable:cluster2.table
PotentialManager::loadEvidenceFromTable varCount=2040 sampleCount=386
motifNetwork.size() = 328
2=cluster2 motifNetwork=cluster2_network.txt
variable size=2040
readEvidenceTable:cluster1.table
PotentialManager::loadEvidenceFromTable varCount=2040 sampleCount=36
motifNetwork.size() = 322
3=cluster1 motifNetwork=cluster1_network.txt
variable size=2040
readEvidenceTable:cluster6.table
PotentialManager::loadEvidenceFromTable varCount=2040 sampleCount=524
motifNetwork.size() = 320
4=cluster6 motifNetwork=cluster6_network.txt
variable size=2040
readEvidenceTable:cluster9.table
PotentialManager::loadEvidenceFromTable varCount=2040 sampleCount=184
motifNetwork.size() = 327
5=cluster9 motifNetwork=cluster9_network.txt
variable size=2040
readEvidenceTable:cluster10.table
PotentialManager::loadEvidenceFromTable varCount=2040 sampleCount=165
motifNetwork.size() = 326
6=cluster10 motifNetwork=cluster10_network.txt
variable size=2040
readEvidenceTable:cluster7.table
PotentialManager::loadEvidenceFromTable varCount=2040 sampleCount=1032
motifNetwork.size() = 320
7=cluster7 motifNetwork=cluster7_network.txt
variable size=2040
-------------------------------------------------------------
MetaLearner::start
precomputeEmptyGraphPrior
binkey=0 [Edge status: 0 0 0 0 0 0 0 0 ] P(G)=P(cluster8=0)[0.8] * P(cluster1=0|cluster2=0) * P(cluster9=0|cluster6=0) * P(cluster7=0|cluster10=0) * P(cluster10=0|cluster6=0) * P(cluster6=0|cluster2=0) * P(cluster2=0|cluster3=0) * P(cluster3=0|cluster8=0)[0.209715]=0.167772
condsetMap_Tree
0 cluster8=0 cluster3=0 cluster2=0 cluster1=0 cluster6=0 cluster9=0 cluster10=0 cluster7=1
1 cluster8=0 cluster3=0 cluster2=0 cluster1=0 cluster6=0 cluster9=1 cluster10=0 cluster7=0
2 cluster8=0 cluster3=0 cluster2=0 cluster1=0 cluster6=0 cluster9=1 cluster10=0 cluster7=1
3 cluster8=0 cluster3=0 cluster2=0 cluster1=1 cluster6=0 cluster9=0 cluster10=0 cluster7=0
4 cluster8=0 cluster3=0 cluster2=0 cluster1=1 cluster6=0 cluster9=0 cluster10=0 cluster7=1
5 cluster8=0 cluster3=0 cluster2=0 cluster1=1 cluster6=0 cluster9=1 cluster10=0 cluster7=0
6 cluster8=0 cluster3=0 cluster2=0 cluster1=1 cluster6=0 cluster9=1 cluster10=0 cluster7=1
7 cluster8=0 cluster3=0 cluster2=0 cluster1=0 cluster6=0 cluster9=0 cluster10=1 cluster7=1
8 cluster8=0 cluster3=0 cluster2=0 cluster1=0 cluster6=0 cluster9=1 cluster10=1 cluster7=1
9 cluster8=0 cluster3=0 cluster2=0 cluster1=1 cluster6=0 cluster9=0 cluster10=1 cluster7=1
10 cluster8=0 cluster3=0 cluster2=0 cluster1=1 cluster6=0 cluster9=1 cluster10=1 cluster7=1
11 cluster8=0 cluster3=0 cluster2=0 cluster1=0 cluster6=1 cluster9=1 cluster10=1 cluster7=1
12 cluster8=0 cluster3=0 cluster2=0 cluster1=1 cluster6=1 cluster9=1 cluster10=1 cluster7=1
13 cluster8=0 cluster3=0 cluster2=1 cluster1=1 cluster6=1 cluster9=1 cluster10=1 cluster7=1
14 cluster8=0 cluster3=1 cluster2=1 cluster1=1 cluster6=1 cluster9=1 cluster10=1 cluster7=1
15 cluster8=1 cluster3=1 cluster2=1 cluster1=1 cluster6=1 cluster9=1 cluster10=1 cluster7=1
16 cluster8=1 cluster3=1 cluster2=1 cluster1=1 cluster6=1 cluster9=1 cluster10=1 cluster7=0
17 cluster8=1 cluster3=1 cluster2=1 cluster1=1 cluster6=1 cluster9=0 cluster10=1 cluster7=1
18 cluster8=1 cluster3=1 cluster2=1 cluster1=1 cluster6=1 cluster9=0 cluster10=1 cluster7=0
19 cluster8=1 cluster3=1 cluster2=1 cluster1=0 cluster6=1 cluster9=1 cluster10=1 cluster7=1
20 cluster8=1 cluster3=1 cluster2=1 cluster1=0 cluster6=1 cluster9=1 cluster10=1 cluster7=0
21 cluster8=1 cluster3=1 cluster2=1 cluster1=0 cluster6=1 cluster9=0 cluster10=1 cluster7=1
22 cluster8=1 cluster3=1 cluster2=1 cluster1=0 cluster6=1 cluster9=0 cluster10=1 cluster7=0
23 cluster8=1 cluster3=1 cluster2=1 cluster1=1 cluster6=1 cluster9=1 cluster10=0 cluster7=0
24 cluster8=1 cluster3=1 cluster2=1 cluster1=1 cluster6=1 cluster9=0 cluster10=0 cluster7=0
25 cluster8=1 cluster3=1 cluster2=1 cluster1=0 cluster6=1 cluster9=1 cluster10=0 cluster7=0
26 cluster8=1 cluster3=1 cluster2=1 cluster1=0 cluster6=1 cluster9=0 cluster10=0 cluster7=0
27 cluster8=1 cluster3=1 cluster2=1 cluster1=1 cluster6=0 cluster9=0 cluster10=0 cluster7=0
28 cluster8=1 cluster3=1 cluster2=1 cluster1=0 cluster6=0 cluster9=0 cluster10=0 cluster7=0
29 cluster8=1 cluster3=1 cluster2=0 cluster1=0 cluster6=0 cluster9=0 cluster10=0 cluster7=0
30 cluster8=1 cluster3=0 cluster2=0 cluster1=0 cluster6=0 cluster9=0 cluster10=0 cluster7=0
31 cluster8=0 cluster3=0 cluster2=0 cluster1=0 cluster6=1 cluster9=0 cluster10=0 cluster7=0
32 cluster8=0 cluster3=0 cluster2=1 cluster1=0 cluster6=0 cluster9=0 cluster10=0 cluster7=0
33 cluster8=0 cluster3=0 cluster2=0 cluster1=0 cluster6=0 cluster9=0 cluster10=1 cluster7=0
34 cluster8=0 cluster3=1 cluster2=0 cluster1=0 cluster6=0 cluster9=0 cluster10=0 cluster7=0
inputRegulatorOGs.size() = 1999 inputOGList.size() = 50
binkey=128 [Edge status: 0 0 0 0 0 0 0 1 ] P(G)=P(cluster8=0)[0.8] * P(cluster1=0|cluster2=0) * P(cluster9=0|cluster6=0) * P(cluster7=1|cluster10=0) * P(cluster10=0|cluster6=0) * P(cluster6=0|cluster2=0) * P(cluster2=0|cluster3=0) * P(cluster3=0|cluster8=0)[0.0524288]=0.041943
binkey=8 [Edge status: 0 0 0 1 0 0 0 0 ] P(G)=P(cluster8=0)[0.8] * P(cluster1=1|cluster2=0) * P(cluster9=0|cluster6=0) * P(cluster7=0|cluster10=0) * P(cluster10=0|cluster6=0) * P(cluster6=0|cluster2=0) * P(cluster2=0|cluster3=0) * P(cluster3=0|cluster8=0)[0.0524288]=0.041943
binkey=136 [Edge status: 0 0 0 1 0 0 0 1 ] P(G)=P(cluster8=0)[0.8] * P(cluster1=1|cluster2=0) * P(cluster9=0|cluster6=0) * P(cluster7=1|cluster10=0) * P(cluster10=0|cluster6=0) * P(cluster6=0|cluster2=0) * P(cluster2=0|cluster3=0) * P(cluster3=0|cluster8=0)[0.0131072]=0.0104858
binkey=4 [Edge status: 0 0 1 0 0 0 0 0 ] P(G)=P(cluster8=0)[0.8] * P(cluster1=0|cluster2=1) * P(cluster9=0|cluster6=0) * P(cluster7=0|cluster10=0) * P(cluster10=0|cluster6=0) * P(cluster6=0|cluster2=1) * P(cluster2=1|cluster3=0) * P(cluster3=0|cluster8=0)[0.0032768]=0.00262144
binkey=192 [Edge status: 0 0 0 0 0 0 1 1 ] P(G)=P(cluster8=0)[0.8] * P(cluster1=0|cluster2=0) * P(cluster9=0|cluster6=0) * P(cluster7=1|cluster10=1) * P(cluster10=1|cluster6=0) * P(cluster6=0|cluster2=0) * P(cluster2=0|cluster3=0) * P(cluster3=0|cluster8=0)[0.0524288]=0.041943
binkey=64 [Edge status: 0 0 0 0 0 0 1 0 ] P(G)=P(cluster8=0)[0.8] * P(cluster1=0|cluster2=0) * P(cluster9=0|cluster6=0) * P(cluster7=0|cluster10=1) * P(cluster10=1|cluster6=0) * P(cluster6=0|cluster2=0) * P(cluster2=0|cluster3=0) * P(cluster3=0|cluster8=0)[0.0131072]=0.0104858
binkey=16 [Edge status: 0 0 0 0 1 0 0 0 ] P(G)=P(cluster8=0)[0.8] * P(cluster1=0|cluster2=0) * P(cluster9=0|cluster6=1) * P(cluster7=0|cluster10=0) * P(cluster10=0|cluster6=1) * P(cluster6=1|cluster2=0) * P(cluster2=0|cluster3=0) * P(cluster3=0|cluster8=0)[0.0032768]=0.00262144
binkey=1 [Edge status: 1 0 0 0 0 0 0 0 ] P(G)=P(cluster8=1)[0.2] * P(cluster1=0|cluster2=0) * P(cluster9=0|cluster6=0) * P(cluster7=0|cluster10=0) * P(cluster10=0|cluster6=0) * P(cluster6=0|cluster2=0) * P(cluster2=0|cluster3=0) * P(cluster3=0|cluster8=1)[0.0524288]=0.0104858
binkey=32 [Edge status: 0 0 0 0 0 1 0 0 ] P(G)=P(cluster8=0)[0.8] * P(cluster1=0|cluster2=0) * P(cluster9=1|cluster6=0) * P(cluster7=0|cluster10=0) * P(cluster10=0|cluster6=0) * P(cluster6=0|cluster2=0) * P(cluster2=0|cluster3=0) * P(cluster3=0|cluster8=0)[0.0524288]=0.041943
binkey=2 [Edge status: 0 1 0 0 0 0 0 0 ] P(G)=P(cluster8=0)[0.8] * P(cluster1=0|cluster2=0) * P(cluster9=0|cluster6=0) * P(cluster7=0|cluster10=0) * P(cluster10=0|cluster6=0) * P(cluster6=0|cluster2=0) * P(cluster2=0|cluster3=1) * P(cluster3=1|cluster8=0)[0.0131072]=0.0104858
binkey=200 [Edge status: 0 0 0 1 0 0 1 1 ] P(G)=P(cluster8=0)[0.8] * P(cluster1=1|cluster2=0) * P(cluster9=0|cluster6=0) * P(cluster7=1|cluster10=1) * P(cluster10=1|cluster6=0) * P(cluster6=0|cluster2=0) * P(cluster2=0|cluster3=0) * P(cluster3=0|cluster8=0)[0.0131072]=0.0104858
binkey=160 [Edge status: 0 0 0 0 0 1 0 1 ] P(G)=P(cluster8=0)[0.8] * P(cluster1=0|cluster2=0) * P(cluster9=1|cluster6=0) * P(cluster7=1|cluster10=0) * P(cluster10=0|cluster6=0) * P(cluster6=0|cluster2=0) * P(cluster2=0|cluster3=0) * P(cluster3=0|cluster8=0)[0.0131072]=0.0104858
binkey=40 [Edge status: 0 0 0 1 0 1 0 0 ] P(G)=P(cluster8=0)[0.8] * P(cluster1=1|cluster2=0) * P(cluster9=1|cluster6=0) * P(cluster7=0|cluster10=0) * P(cluster10=0|cluster6=0) * P(cluster6=0|cluster2=0) * P(cluster2=0|cluster3=0) * P(cluster3=0|cluster8=0)[0.0131072]=0.0104858
binkey=87 [Edge status: 1 1 1 0 1 0 1 0 ] P(G)=P(cluster8=1)[0.2] * P(cluster1=0|cluster2=1) * P(cluster9=0|cluster6=1) * P(cluster7=0|cluster10=1) * P(cluster10=1|cluster6=1) * P(cluster6=1|cluster2=1) * P(cluster2=1|cluster3=1) * P(cluster3=1|cluster8=1)[0.0032768]=0.00065536
binkey=23 [Edge status: 1 1 1 0 1 0 0 0 ] P(G)=P(cluster8=1)[0.2] * P(cluster1=0|cluster2=1) * P(cluster9=0|cluster6=1) * P(cluster7=0|cluster10=0) * P(cluster10=0|cluster6=1) * P(cluster6=1|cluster2=1) * P(cluster2=1|cluster3=1) * P(cluster3=1|cluster8=1)[0.0032768]=0.00065536
binkey=7 [Edge status: 1 1 1 0 0 0 0 0 ] P(G)=P(cluster8=1)[0.2] * P(cluster1=0|cluster2=1) * P(cluster9=0|cluster6=0) * P(cluster7=0|cluster10=0) * P(cluster10=0|cluster6=0) * P(cluster6=0|cluster2=1) * P(cluster2=1|cluster3=1) * P(cluster3=1|cluster8=1)[0.0131072]=0.00262144
binkey=3 [Edge status: 1 1 0 0 0 0 0 0 ] P(G)=P(cluster8=1)[0.2] * P(cluster1=0|cluster2=0) * P(cluster9=0|cluster6=0) * P(cluster7=0|cluster10=0) * P(cluster10=0|cluster6=0) * P(cluster6=0|cluster2=0) * P(cluster2=0|cluster3=1) * P(cluster3=1|cluster8=1)[0.0524288]=0.0104858
binkey=168 [Edge status: 0 0 0 1 0 1 0 1 ] P(G)=P(cluster8=0)[0.8] * P(cluster1=1|cluster2=0) * P(cluster9=1|cluster6=0) * P(cluster7=1|cluster10=0) * P(cluster10=0|cluster6=0) * P(cluster6=0|cluster2=0) * P(cluster2=0|cluster3=0) * P(cluster3=0|cluster8=0)[0.0032768]=0.00262144
binkey=224 [Edge status: 0 0 0 0 0 1 1 1 ] P(G)=P(cluster8=0)[0.8] * P(cluster1=0|cluster2=0) * P(cluster9=1|cluster6=0) * P(cluster7=1|cluster10=1) * P(cluster10=1|cluster6=0) * P(cluster6=0|cluster2=0) * P(cluster2=0|cluster3=0) * P(cluster3=0|cluster8=0)[0.0131072]=0.0104858
binkey=240 [Edge status: 0 0 0 0 1 1 1 1 ] P(G)=P(cluster8=0)[0.8] * P(cluster1=0|cluster2=0) * P(cluster9=1|cluster6=1) * P(cluster7=1|cluster10=1) * P(cluster10=1|cluster6=1) * P(cluster6=1|cluster2=0) * P(cluster2=0|cluster3=0) * P(cluster3=0|cluster8=0)[0.0524288]=0.041943
binkey=232 [Edge status: 0 0 0 1 0 1 1 1 ] P(G)=P(cluster8=0)[0.8] * P(cluster1=1|cluster2=0) * P(cluster9=1|cluster6=0) * P(cluster7=1|cluster10=1) * P(cluster10=1|cluster6=0) * P(cluster6=0|cluster2=0) * P(cluster2=0|cluster3=0) * P(cluster3=0|cluster8=0)[0.0032768]=0.00262144
binkey=248 [Edge status: 0 0 0 1 1 1 1 1 ] P(G)=P(cluster8=0)[0.8] * P(cluster1=1|cluster2=0) * P(cluster9=1|cluster6=1) * P(cluster7=1|cluster10=1) * P(cluster10=1|cluster6=1) * P(cluster6=1|cluster2=0) * P(cluster2=0|cluster3=0) * P(cluster3=0|cluster8=0)[0.0131072]=0.0104858
binkey=252 [Edge status: 0 0 1 1 1 1 1 1 ] P(G)=P(cluster8=0)[0.8] * P(cluster1=1|cluster2=1) * P(cluster9=1|cluster6=1) * P(cluster7=1|cluster10=1) * P(cluster10=1|cluster6=1) * P(cluster6=1|cluster2=1) * P(cluster2=1|cluster3=0) * P(cluster3=0|cluster8=0)[0.0524288]=0.041943
binkey=247 [Edge status: 1 1 1 0 1 1 1 1 ] P(G)=P(cluster8=1)[0.2] * P(cluster1=0|cluster2=1) * P(cluster9=1|cluster6=1) * P(cluster7=1|cluster10=1) * P(cluster10=1|cluster6=1) * P(cluster6=1|cluster2=1) * P(cluster2=1|cluster3=1) * P(cluster3=1|cluster8=1)[0.0524288]=0.0104858
binkey=119 [Edge status: 1 1 1 0 1 1 1 0 ] P(G)=P(cluster8=1)[0.2] * P(cluster1=0|cluster2=1) * P(cluster9=1|cluster6=1) * P(cluster7=0|cluster10=1) * P(cluster10=1|cluster6=1) * P(cluster6=1|cluster2=1) * P(cluster2=1|cluster3=1) * P(cluster3=1|cluster8=1)[0.0131072]=0.00262144
binkey=215 [Edge status: 1 1 1 0 1 0 1 1 ] P(G)=P(cluster8=1)[0.2] * P(cluster1=0|cluster2=1) * P(cluster9=0|cluster6=1) * P(cluster7=1|cluster10=1) * P(cluster10=1|cluster6=1) * P(cluster6=1|cluster2=1) * P(cluster2=1|cluster3=1) * P(cluster3=1|cluster8=1)[0.0131072]=0.00262144
binkey=55 [Edge status: 1 1 1 0 1 1 0 0 ] P(G)=P(cluster8=1)[0.2] * P(cluster1=0|cluster2=1) * P(cluster9=1|cluster6=1) * P(cluster7=0|cluster10=0) * P(cluster10=0|cluster6=1) * P(cluster6=1|cluster2=1) * P(cluster2=1|cluster3=1) * P(cluster3=1|cluster8=1)[0.0131072]=0.00262144
ITERATION 0 newScore=-2.67062e+06 diffscore=9772.34 priorChange=-95.6543 successMove=56
ITERATION 1 newScore=-2.66574e+06 diffscore=4882.34 priorChange=-110.904 successMove=58
ITERATION 2 newScore=-2.66248e+06 diffscore=3256.63 priorChange=-108.131 successMove=58
ITERATION 3 newScore=-2.65711e+06 diffscore=5375.24 priorChange=-110.904 successMove=55
ITERATION 4 newScore=-2.64804e+06 diffscore=9072.78 priorChange=-110.904 successMove=54
ITERATION 5 newScore=-2.64564e+06 diffscore=2398.91 priorChange=-124.766 successMove=55
ITERATION 6 newScore=-2.64232e+06 diffscore=3314.22 priorChange=-99.8132 successMove=53
ITERATION 7 newScore=-2.63984e+06 diffscore=2478.63 priorChange=-108.131 successMove=51
ITERATION 8 newScore=-2.63859e+06 diffscore=1255.93 priorChange=-121.994 successMove=52
ITERATION 9 newScore=-2.6353e+06 diffscore=3291.93 priorChange=-105.358 successMove=51
ITERATION 10 newScore=-2.6343e+06 diffscore=999.896 priorChange=-94.268 successMove=50
ITERATION 11 newScore=-2.63364e+06 diffscore=659.494 priorChange=-110.904 successMove=50
ITERATION 12 newScore=-2.63154e+06 diffscore=2101.87 priorChange=-97.0406 successMove=51
ITERATION 13 newScore=-2.62929e+06 diffscore=2249.51 priorChange=-99.8132 successMove=50
ITERATION 14 newScore=-2.62861e+06 diffscore=671.52 priorChange=-105.358 successMove=50
ITERATION 15 newScore=-2.62641e+06 diffscore=2203.33 priorChange=-102.586 successMove=49
ITERATION 16 newScore=-2.62434e+06 diffscore=2073.73 priorChange=-87.3365 successMove=50
ITERATION 17 newScore=-2.62204e+06 diffscore=2296.13 priorChange=-101.199 successMove=52
ITERATION 18 newScore=-2.62149e+06 diffscore=552.138 priorChange=-97.0406 successMove=50
ITERATION 19 newScore=-2.61767e+06 diffscore=3819.54 priorChange=-108.131 successMove=50
ITERATION 20 newScore=-2.61461e+06 diffscore=3060.52 priorChange=-92.8817 successMove=48
ITERATION 21 newScore=-2.61416e+06 diffscore=449.498 priorChange=-113.676 successMove=49
ITERATION 22 newScore=-2.61084e+06 diffscore=3317.89 priorChange=-103.972 successMove=51
ITERATION 23 newScore=-2.60913e+06 diffscore=1712.1 priorChange=-98.4269 successMove=48
ITERATION 24 newScore=-2.60867e+06 diffscore=460.513 priorChange=-91.4954 successMove=48
ITERATION 25 newScore=-2.60684e+06 diffscore=1829.53 priorChange=-88.7228 successMove=49
ITERATION 26 newScore=-2.60637e+06 diffscore=469.344 priorChange=-97.0406 successMove=47
ITERATION 27 newScore=-2.60519e+06 diffscore=1180.19 priorChange=-95.6543 successMove=48
ITERATION 28 newScore=-2.60205e+06 diffscore=3135.95 priorChange=-90.1091 successMove=48
ITERATION 29 newScore=-2.59942e+06 diffscore=2632.37 priorChange=-102.586 successMove=46
ITERATION 30 newScore=-2.59847e+06 diffscore=952.789 priorChange=-85.9503 successMove=45
ITERATION 31 newScore=-2.59815e+06 diffscore=316.495 priorChange=-87.3365 successMove=44
ITERATION 32 newScore=-2.59661e+06 diffscore=1546.03 priorChange=-77.6325 successMove=43
ITERATION 33 newScore=-2.59495e+06 diffscore=1657.6 priorChange=-95.6543 successMove=44
ITERATION 34 newScore=-2.59461e+06 diffscore=340.159 priorChange=-85.9503 successMove=44
ITERATION 35 newScore=-2.59289e+06 diffscore=1721.68 priorChange=-76.2462 successMove=42
ITERATION 36 newScore=-2.59112e+06 diffscore=1767.53 priorChange=-77.6325 successMove=42
ITERATION 37 newScore=-2.58953e+06 diffscore=1591.95 priorChange=-72.0873 successMove=44
ITERATION 38 newScore=-2.58921e+06 diffscore=318.559 priorChange=-77.6325 successMove=41
ITERATION 39 newScore=-2.58883e+06 diffscore=378.908 priorChange=-70.701 successMove=40
ITERATION 40 newScore=-2.58837e+06 diffscore=459.144 priorChange=-70.701 successMove=40
binkey=31 [Edge status: 1 1 1 1 1 0 0 0 ] P(G)=P(cluster8=1)[0.2] * P(cluster1=1|cluster2=1) * P(cluster9=0|cluster6=1) * P(cluster7=0|cluster10=0) * P(cluster10=0|cluster6=1) * P(cluster6=1|cluster2=1) * P(cluster2=1|cluster3=1) * P(cluster3=1|cluster8=1)[0.0131072]=0.00262144
binkey=15 [Edge status: 1 1 1 1 0 0 0 0 ] P(G)=P(cluster8=1)[0.2] * P(cluster1=1|cluster2=1) * P(cluster9=0|cluster6=0) * P(cluster7=0|cluster10=0) * P(cluster10=0|cluster6=0) * P(cluster6=0|cluster2=1) * P(cluster2=1|cluster3=1) * P(cluster3=1|cluster8=1)[0.0524288]=0.0104858
ITERATION 41 newScore=-2.58575e+06 diffscore=2618.46 priorChange=-79.0188 successMove=39
ITERATION 42 newScore=-2.58308e+06 diffscore=2674.27 priorChange=-81.7914 successMove=40
ITERATION 43 newScore=-2.58141e+06 diffscore=1666.34 priorChange=-74.8599 successMove=38
ITERATION 44 newScore=-2.58115e+06 diffscore=258.866 priorChange=-74.8599 successMove=40
ITERATION 45 newScore=-2.58085e+06 diffscore=301.875 priorChange=-87.3365 successMove=36
ITERATION 46 newScore=-2.58055e+06 diffscore=301.944 priorChange=-58.2244 successMove=36
ITERATION 47 newScore=-2.57983e+06 diffscore=713.775 priorChange=-76.2462 successMove=36
ITERATION 48 newScore=-2.57864e+06 diffscore=1199.54 priorChange=-76.2462 successMove=36
ITERATION 49 newScore=-2.57707e+06 diffscore=1562.82 priorChange=-69.3147 successMove=41
ITERATION 50 newScore=-2.57667e+06 diffscore=404.082 priorChange=-72.0873 successMove=36
ITERATION 51 newScore=-2.57512e+06 diffscore=1551.8 priorChange=-80.4051 successMove=36
ITERATION 52 newScore=-2.57489e+06 diffscore=225.984 priorChange=-76.2462 successMove=36
ITERATION 53 newScore=-2.57343e+06 diffscore=1455.99 priorChange=-69.3147 successMove=36
ITERATION 54 newScore=-2.57236e+06 diffscore=1069.87 priorChange=-69.3147 successMove=34
ITERATION 55 newScore=-2.57217e+06 diffscore=199.733 priorChange=-69.3147 successMove=37
ITERATION 56 newScore=-2.57199e+06 diffscore=176.612 priorChange=-70.701 successMove=34
ITERATION 57 newScore=-2.57181e+06 diffscore=175.632 priorChange=-63.7695 successMove=34
ITERATION 58 newScore=-2.57163e+06 diffscore=187.251 priorChange=-63.7695 successMove=36
ITERATION 59 newScore=-2.5714e+06 diffscore=225.682 priorChange=-63.7695 successMove=33
ITERATION 60 newScore=-2.57117e+06 diffscore=225.089 priorChange=-74.8599 successMove=34
ITERATION 61 newScore=-2.57097e+06 diffscore=202.342 priorChange=-74.8599 successMove=33
ITERATION 62 newScore=-2.5708e+06 diffscore=176.839 priorChange=-54.0655 successMove=32
ITERATION 63 newScore=-2.57062e+06 diffscore=180.022 priorChange=-65.1558 successMove=31
ITERATION 64 newScore=-2.5704e+06 diffscore=218.571 priorChange=-70.701 successMove=31
ITERATION 65 newScore=-2.56822e+06 diffscore=2175.64 priorChange=-60.997 successMove=31
ITERATION 66 newScore=-2.56804e+06 diffscore=176.659 priorChange=-60.997 successMove=31
ITERATION 67 newScore=-2.56666e+06 diffscore=1380.75 priorChange=-63.7695 successMove=30
ITERATION 68 newScore=-2.56548e+06 diffscore=1182.99 priorChange=-67.9284 successMove=28
ITERATION 69 newScore=-2.56534e+06 diffscore=143.191 priorChange=-52.6792 successMove=29
ITERATION 70 newScore=-2.56522e+06 diffscore=118.633 priorChange=-52.6792 successMove=24
ITERATION 71 newScore=-2.56509e+06 diffscore=126.692 priorChange=-48.5203 successMove=22
ITERATION 72 newScore=-2.56497e+06 diffscore=119.821 priorChange=-51.2929 successMove=22
ITERATION 73 newScore=-2.56482e+06 diffscore=157.62 priorChange=-47.134 successMove=22
ITERATION 74 newScore=-2.56467e+06 diffscore=145.54 priorChange=-47.134 successMove=21
ITERATION 75 newScore=-2.56441e+06 diffscore=257.529 priorChange=-30.4985 successMove=19
ITERATION 76 newScore=-2.56421e+06 diffscore=200.162 priorChange=-34.6574 successMove=19
ITERATION 77 newScore=-2.56275e+06 diffscore=1459.17 priorChange=-33.2711 successMove=18
ITERATION 78 newScore=-2.56235e+06 diffscore=406.692 priorChange=-23.567 successMove=16
ITERATION 79 newScore=-2.56176e+06 diffscore=589.045 priorChange=-26.3396 successMove=16
ITERATION 80 newScore=-2.56164e+06 diffscore=115.318 priorChange=-37.4299 successMove=16
ITERATION 81 newScore=-2.56159e+06 diffscore=52.5664 priorChange=-26.3396 successMove=15
ITERATION 82 newScore=-2.56154e+06 diffscore=50.7728 priorChange=-24.9533 successMove=15
ITERATION 83 newScore=-2.56148e+06 diffscore=60.5395 priorChange=-36.0437 successMove=15
ITERATION 84 newScore=-2.56142e+06 diffscore=55.8406 priorChange=-29.1122 successMove=15
ITERATION 85 newScore=-2.56136e+06 diffscore=65.5122 priorChange=-23.567 successMove=13
ITERATION 86 newScore=-2.56128e+06 diffscore=72.6442 priorChange=-22.1807 successMove=12
ITERATION 87 newScore=-2.56122e+06 diffscore=60.6725 priorChange=-19.4081 successMove=11
ITERATION 88 newScore=-2.56116e+06 diffscore=63.4621 priorChange=-23.567 successMove=12
ITERATION 89 newScore=-2.56109e+06 diffscore=65.027 priorChange=-18.0218 successMove=10
ITERATION 90 newScore=-2.56041e+06 diffscore=687.186 priorChange=-8.31777 successMove=10
ITERATION 91 newScore=-2.56036e+06 diffscore=50.116 priorChange=-22.1807 successMove=11
ITERATION 92 newScore=-2.56031e+06 diffscore=44.5617 priorChange=-19.4081 successMove=10
ITERATION 93 newScore=-2.56027e+06 diffscore=46.4657 priorChange=-22.1807 successMove=10
ITERATION 94 newScore=-2.56021e+06 diffscore=51.4886 priorChange=-20.7944 successMove=9
ITERATION 95 newScore=-2.56012e+06 diffscore=94.4418 priorChange=-22.1807 successMove=9
ITERATION 96 newScore=-2.56007e+06 diffscore=45.7445 priorChange=-8.31777 successMove=9
ITERATION 97 newScore=-2.55887e+06 diffscore=1208.27 priorChange=-16.6355 successMove=8
ITERATION 98 newScore=-2.55884e+06 diffscore=28.9997 priorChange=-16.6355 successMove=8
ITERATION 99 newScore=-2.55881e+06 diffscore=27.0252 priorChange=-15.2492 successMove=7
MetaLearner::dumpAllGraphs
Final Score -2.55881e+06
MetaLearner::start runtime: 1191898901 ms
Results/
Results/cluster3/
Results/cluster3/fold0/
Results/cluster3/fold0/modelparams.txt
Results/cluster3/fold0/var_mb_pw_k50.txt
Results/cluster7/
Results/cluster7/fold0/
Results/cluster7/fold0/modelparams.txt
Results/cluster7/fold0/var_mb_pw_k50.txt
Results/cluster2/
Results/cluster2/fold0/
Results/cluster2/fold0/modelparams.txt
Results/cluster2/fold0/var_mb_pw_k50.txt
Results/cluster9/
Results/cluster9/fold0/
Results/cluster9/fold0/modelparams.txt
Results/cluster9/fold0/var_mb_pw_k50.txt
Results/cluster6/
Results/cluster6/fold0/
Results/cluster6/fold0/modelparams.txt
Results/cluster6/fold0/var_mb_pw_k50.txt
Results/cluster1/
Results/cluster1/fold0/
Results/cluster1/fold0/modelparams.txt
Results/cluster1/fold0/var_mb_pw_k50.txt
Results/cluster10/
Results/cluster10/fold0/
Results/cluster10/fold0/modelparams.txt
Results/cluster10/fold0/var_mb_pw_k50.txt
Results/cluster8/
Results/cluster8/scoreFile.txt
Results/cluster8/fold0/
Results/cluster8/fold0/modelparams.txt
Results/cluster8/fold0/var_mb_pw_k50.txt
