./CVN -f config_condor.txt -x50 -v1 -l TFs_OGs.txt -n AllGenes232.txt -d celltype_tree_ancestor.txt -m testdata_ogids.txt -s celltype_order.txt -p 0.2 -c yes -b -4 -q 4
(cluster3|cluster8) p_maintain_edge=0.8 p_gain=0.2
(cluster2|cluster3) p_maintain_edge=0.8 p_gain=0.2
(cluster1|cluster2) p_maintain_edge=0.8 p_gain=0.2
(cluster6|cluster2) p_maintain_edge=0.8 p_gain=0.2
(cluster9|cluster6) p_maintain_edge=0.8 p_gain=0.2
(cluster10|cluster6) p_maintain_edge=0.8 p_gain=0.2
(cluster7|cluster10) p_maintain_edge=0.8 p_gain=0.2
speciesSet.size()=8 Root is cluster8
MappedOrthogroupReader::readSpeciesMapping() --- celltype_order.txt
MappedOrthogroupReader::readFile - testdata_ogids.txt
MappedOrthogroupReader::generateGeneOrthoMap()
MetaLearner::init_onefold() read:config_condor.txt
MetaLearner::setinputVariableNames number of variables: 2042
readEvidenceTable:cluster8.table
PotentialManager::loadEvidenceFromTable varCount=2042 sampleCount=348
motifNetwork.size() = 319
0=cluster8 motifNetwork=cluster8_network.txt
variable size=2042
readEvidenceTable:cluster3.table
PotentialManager::loadEvidenceFromTable varCount=2042 sampleCount=95
motifNetwork.size() = 326
1=cluster3 motifNetwork=cluster3_network.txt
variable size=2042
readEvidenceTable:cluster2.table
PotentialManager::loadEvidenceFromTable varCount=2042 sampleCount=386
motifNetwork.size() = 328
2=cluster2 motifNetwork=cluster2_network.txt
variable size=2042
readEvidenceTable:cluster1.table
PotentialManager::loadEvidenceFromTable varCount=2042 sampleCount=36
motifNetwork.size() = 322
3=cluster1 motifNetwork=cluster1_network.txt
variable size=2042
readEvidenceTable:cluster6.table
PotentialManager::loadEvidenceFromTable varCount=2042 sampleCount=524
motifNetwork.size() = 320
4=cluster6 motifNetwork=cluster6_network.txt
variable size=2042
readEvidenceTable:cluster9.table
PotentialManager::loadEvidenceFromTable varCount=2042 sampleCount=184
motifNetwork.size() = 327
5=cluster9 motifNetwork=cluster9_network.txt
variable size=2042
readEvidenceTable:cluster10.table
PotentialManager::loadEvidenceFromTable varCount=2042 sampleCount=165
motifNetwork.size() = 326
6=cluster10 motifNetwork=cluster10_network.txt
variable size=2042
readEvidenceTable:cluster7.table
PotentialManager::loadEvidenceFromTable varCount=2042 sampleCount=1032
motifNetwork.size() = 320
7=cluster7 motifNetwork=cluster7_network.txt
variable size=2042
-------------------------------------------------------------
MetaLearner::start
precomputeEmptyGraphPrior
binkey=0 [Edge status: 0 0 0 0 0 0 0 0 ] P(G)=P(cluster8=0)[0.8] * P(cluster1=0|cluster2=0) * P(cluster9=0|cluster6=0) * P(cluster7=0|cluster10=0) * P(cluster10=0|cluster6=0) * P(cluster6=0|cluster2=0) * P(cluster2=0|cluster3=0) * P(cluster3=0|cluster8=0)[0.209715]=0.167772
condsetMap_Tree
0 cluster8=0 cluster3=0 cluster2=0 cluster1=0 cluster6=0 cluster9=0 cluster10=0 cluster7=1
1 cluster8=0 cluster3=0 cluster2=0 cluster1=0 cluster6=0 cluster9=1 cluster10=0 cluster7=0
2 cluster8=0 cluster3=0 cluster2=0 cluster1=0 cluster6=0 cluster9=1 cluster10=0 cluster7=1
3 cluster8=0 cluster3=0 cluster2=0 cluster1=1 cluster6=0 cluster9=0 cluster10=0 cluster7=0
4 cluster8=0 cluster3=0 cluster2=0 cluster1=1 cluster6=0 cluster9=0 cluster10=0 cluster7=1
5 cluster8=0 cluster3=0 cluster2=0 cluster1=1 cluster6=0 cluster9=1 cluster10=0 cluster7=0
6 cluster8=0 cluster3=0 cluster2=0 cluster1=1 cluster6=0 cluster9=1 cluster10=0 cluster7=1
7 cluster8=0 cluster3=0 cluster2=0 cluster1=0 cluster6=0 cluster9=0 cluster10=1 cluster7=1
8 cluster8=0 cluster3=0 cluster2=0 cluster1=0 cluster6=0 cluster9=1 cluster10=1 cluster7=1
9 cluster8=0 cluster3=0 cluster2=0 cluster1=1 cluster6=0 cluster9=0 cluster10=1 cluster7=1
10 cluster8=0 cluster3=0 cluster2=0 cluster1=1 cluster6=0 cluster9=1 cluster10=1 cluster7=1
11 cluster8=0 cluster3=0 cluster2=0 cluster1=0 cluster6=1 cluster9=1 cluster10=1 cluster7=1
12 cluster8=0 cluster3=0 cluster2=0 cluster1=1 cluster6=1 cluster9=1 cluster10=1 cluster7=1
13 cluster8=0 cluster3=0 cluster2=1 cluster1=1 cluster6=1 cluster9=1 cluster10=1 cluster7=1
14 cluster8=0 cluster3=1 cluster2=1 cluster1=1 cluster6=1 cluster9=1 cluster10=1 cluster7=1
15 cluster8=1 cluster3=1 cluster2=1 cluster1=1 cluster6=1 cluster9=1 cluster10=1 cluster7=1
16 cluster8=1 cluster3=1 cluster2=1 cluster1=1 cluster6=1 cluster9=1 cluster10=1 cluster7=0
17 cluster8=1 cluster3=1 cluster2=1 cluster1=1 cluster6=1 cluster9=0 cluster10=1 cluster7=1
18 cluster8=1 cluster3=1 cluster2=1 cluster1=1 cluster6=1 cluster9=0 cluster10=1 cluster7=0
19 cluster8=1 cluster3=1 cluster2=1 cluster1=0 cluster6=1 cluster9=1 cluster10=1 cluster7=1
20 cluster8=1 cluster3=1 cluster2=1 cluster1=0 cluster6=1 cluster9=1 cluster10=1 cluster7=0
21 cluster8=1 cluster3=1 cluster2=1 cluster1=0 cluster6=1 cluster9=0 cluster10=1 cluster7=1
22 cluster8=1 cluster3=1 cluster2=1 cluster1=0 cluster6=1 cluster9=0 cluster10=1 cluster7=0
23 cluster8=1 cluster3=1 cluster2=1 cluster1=1 cluster6=1 cluster9=1 cluster10=0 cluster7=0
24 cluster8=1 cluster3=1 cluster2=1 cluster1=1 cluster6=1 cluster9=0 cluster10=0 cluster7=0
25 cluster8=1 cluster3=1 cluster2=1 cluster1=0 cluster6=1 cluster9=1 cluster10=0 cluster7=0
26 cluster8=1 cluster3=1 cluster2=1 cluster1=0 cluster6=1 cluster9=0 cluster10=0 cluster7=0
27 cluster8=1 cluster3=1 cluster2=1 cluster1=1 cluster6=0 cluster9=0 cluster10=0 cluster7=0
28 cluster8=1 cluster3=1 cluster2=1 cluster1=0 cluster6=0 cluster9=0 cluster10=0 cluster7=0
29 cluster8=1 cluster3=1 cluster2=0 cluster1=0 cluster6=0 cluster9=0 cluster10=0 cluster7=0
30 cluster8=1 cluster3=0 cluster2=0 cluster1=0 cluster6=0 cluster9=0 cluster10=0 cluster7=0
31 cluster8=0 cluster3=0 cluster2=0 cluster1=0 cluster6=1 cluster9=0 cluster10=0 cluster7=0
32 cluster8=0 cluster3=0 cluster2=1 cluster1=0 cluster6=0 cluster9=0 cluster10=0 cluster7=0
33 cluster8=0 cluster3=0 cluster2=0 cluster1=0 cluster6=0 cluster9=0 cluster10=1 cluster7=0
34 cluster8=0 cluster3=1 cluster2=0 cluster1=0 cluster6=0 cluster9=0 cluster10=0 cluster7=0
inputRegulatorOGs.size() = 1999 inputOGList.size() = 50
binkey=16 [Edge status: 0 0 0 0 1 0 0 0 ] P(G)=P(cluster8=0)[0.8] * P(cluster1=0|cluster2=0) * P(cluster9=0|cluster6=1) * P(cluster7=0|cluster10=0) * P(cluster10=0|cluster6=1) * P(cluster6=1|cluster2=0) * P(cluster2=0|cluster3=0) * P(cluster3=0|cluster8=0)[0.0032768]=0.00262144
binkey=4 [Edge status: 0 0 1 0 0 0 0 0 ] P(G)=P(cluster8=0)[0.8] * P(cluster1=0|cluster2=1) * P(cluster9=0|cluster6=0) * P(cluster7=0|cluster10=0) * P(cluster10=0|cluster6=0) * P(cluster6=0|cluster2=1) * P(cluster2=1|cluster3=0) * P(cluster3=0|cluster8=0)[0.0032768]=0.00262144
binkey=128 [Edge status: 0 0 0 0 0 0 0 1 ] P(G)=P(cluster8=0)[0.8] * P(cluster1=0|cluster2=0) * P(cluster9=0|cluster6=0) * P(cluster7=1|cluster10=0) * P(cluster10=0|cluster6=0) * P(cluster6=0|cluster2=0) * P(cluster2=0|cluster3=0) * P(cluster3=0|cluster8=0)[0.0524288]=0.041943
binkey=1 [Edge status: 1 0 0 0 0 0 0 0 ] P(G)=P(cluster8=1)[0.2] * P(cluster1=0|cluster2=0) * P(cluster9=0|cluster6=0) * P(cluster7=0|cluster10=0) * P(cluster10=0|cluster6=0) * P(cluster6=0|cluster2=0) * P(cluster2=0|cluster3=0) * P(cluster3=0|cluster8=1)[0.0524288]=0.0104858
binkey=23 [Edge status: 1 1 1 0 1 0 0 0 ] P(G)=P(cluster8=1)[0.2] * P(cluster1=0|cluster2=1) * P(cluster9=0|cluster6=1) * P(cluster7=0|cluster10=0) * P(cluster10=0|cluster6=1) * P(cluster6=1|cluster2=1) * P(cluster2=1|cluster3=1) * P(cluster3=1|cluster8=1)[0.0032768]=0.00065536
binkey=7 [Edge status: 1 1 1 0 0 0 0 0 ] P(G)=P(cluster8=1)[0.2] * P(cluster1=0|cluster2=1) * P(cluster9=0|cluster6=0) * P(cluster7=0|cluster10=0) * P(cluster10=0|cluster6=0) * P(cluster6=0|cluster2=1) * P(cluster2=1|cluster3=1) * P(cluster3=1|cluster8=1)[0.0131072]=0.00262144
binkey=3 [Edge status: 1 1 0 0 0 0 0 0 ] P(G)=P(cluster8=1)[0.2] * P(cluster1=0|cluster2=0) * P(cluster9=0|cluster6=0) * P(cluster7=0|cluster10=0) * P(cluster10=0|cluster6=0) * P(cluster6=0|cluster2=0) * P(cluster2=0|cluster3=1) * P(cluster3=1|cluster8=1)[0.0524288]=0.0104858
binkey=2 [Edge status: 0 1 0 0 0 0 0 0 ] P(G)=P(cluster8=0)[0.8] * P(cluster1=0|cluster2=0) * P(cluster9=0|cluster6=0) * P(cluster7=0|cluster10=0) * P(cluster10=0|cluster6=0) * P(cluster6=0|cluster2=0) * P(cluster2=0|cluster3=1) * P(cluster3=1|cluster8=0)[0.0131072]=0.0104858
binkey=8 [Edge status: 0 0 0 1 0 0 0 0 ] P(G)=P(cluster8=0)[0.8] * P(cluster1=1|cluster2=0) * P(cluster9=0|cluster6=0) * P(cluster7=0|cluster10=0) * P(cluster10=0|cluster6=0) * P(cluster6=0|cluster2=0) * P(cluster2=0|cluster3=0) * P(cluster3=0|cluster8=0)[0.0524288]=0.041943
binkey=64 [Edge status: 0 0 0 0 0 0 1 0 ] P(G)=P(cluster8=0)[0.8] * P(cluster1=0|cluster2=0) * P(cluster9=0|cluster6=0) * P(cluster7=0|cluster10=1) * P(cluster10=1|cluster6=0) * P(cluster6=0|cluster2=0) * P(cluster2=0|cluster3=0) * P(cluster3=0|cluster8=0)[0.0131072]=0.0104858
binkey=32 [Edge status: 0 0 0 0 0 1 0 0 ] P(G)=P(cluster8=0)[0.8] * P(cluster1=0|cluster2=0) * P(cluster9=1|cluster6=0) * P(cluster7=0|cluster10=0) * P(cluster10=0|cluster6=0) * P(cluster6=0|cluster2=0) * P(cluster2=0|cluster3=0) * P(cluster3=0|cluster8=0)[0.0524288]=0.041943
binkey=192 [Edge status: 0 0 0 0 0 0 1 1 ] P(G)=P(cluster8=0)[0.8] * P(cluster1=0|cluster2=0) * P(cluster9=0|cluster6=0) * P(cluster7=1|cluster10=1) * P(cluster10=1|cluster6=0) * P(cluster6=0|cluster2=0) * P(cluster2=0|cluster3=0) * P(cluster3=0|cluster8=0)[0.0524288]=0.041943
binkey=136 [Edge status: 0 0 0 1 0 0 0 1 ] P(G)=P(cluster8=0)[0.8] * P(cluster1=1|cluster2=0) * P(cluster9=0|cluster6=0) * P(cluster7=1|cluster10=0) * P(cluster10=0|cluster6=0) * P(cluster6=0|cluster2=0) * P(cluster2=0|cluster3=0) * P(cluster3=0|cluster8=0)[0.0131072]=0.0104858
binkey=160 [Edge status: 0 0 0 0 0 1 0 1 ] P(G)=P(cluster8=0)[0.8] * P(cluster1=0|cluster2=0) * P(cluster9=1|cluster6=0) * P(cluster7=1|cluster10=0) * P(cluster10=0|cluster6=0) * P(cluster6=0|cluster2=0) * P(cluster2=0|cluster3=0) * P(cluster3=0|cluster8=0)[0.0131072]=0.0104858
binkey=200 [Edge status: 0 0 0 1 0 0 1 1 ] P(G)=P(cluster8=0)[0.8] * P(cluster1=1|cluster2=0) * P(cluster9=0|cluster6=0) * P(cluster7=1|cluster10=1) * P(cluster10=1|cluster6=0) * P(cluster6=0|cluster2=0) * P(cluster2=0|cluster3=0) * P(cluster3=0|cluster8=0)[0.0131072]=0.0104858
binkey=40 [Edge status: 0 0 0 1 0 1 0 0 ] P(G)=P(cluster8=0)[0.8] * P(cluster1=1|cluster2=0) * P(cluster9=1|cluster6=0) * P(cluster7=0|cluster10=0) * P(cluster10=0|cluster6=0) * P(cluster6=0|cluster2=0) * P(cluster2=0|cluster3=0) * P(cluster3=0|cluster8=0)[0.0131072]=0.0104858
binkey=224 [Edge status: 0 0 0 0 0 1 1 1 ] P(G)=P(cluster8=0)[0.8] * P(cluster1=0|cluster2=0) * P(cluster9=1|cluster6=0) * P(cluster7=1|cluster10=1) * P(cluster10=1|cluster6=0) * P(cluster6=0|cluster2=0) * P(cluster2=0|cluster3=0) * P(cluster3=0|cluster8=0)[0.0131072]=0.0104858
binkey=240 [Edge status: 0 0 0 0 1 1 1 1 ] P(G)=P(cluster8=0)[0.8] * P(cluster1=0|cluster2=0) * P(cluster9=1|cluster6=1) * P(cluster7=1|cluster10=1) * P(cluster10=1|cluster6=1) * P(cluster6=1|cluster2=0) * P(cluster2=0|cluster3=0) * P(cluster3=0|cluster8=0)[0.0524288]=0.041943
binkey=247 [Edge status: 1 1 1 0 1 1 1 1 ] P(G)=P(cluster8=1)[0.2] * P(cluster1=0|cluster2=1) * P(cluster9=1|cluster6=1) * P(cluster7=1|cluster10=1) * P(cluster10=1|cluster6=1) * P(cluster6=1|cluster2=1) * P(cluster2=1|cluster3=1) * P(cluster3=1|cluster8=1)[0.0524288]=0.0104858
binkey=119 [Edge status: 1 1 1 0 1 1 1 0 ] P(G)=P(cluster8=1)[0.2] * P(cluster1=0|cluster2=1) * P(cluster9=1|cluster6=1) * P(cluster7=0|cluster10=1) * P(cluster10=1|cluster6=1) * P(cluster6=1|cluster2=1) * P(cluster2=1|cluster3=1) * P(cluster3=1|cluster8=1)[0.0131072]=0.00262144
binkey=215 [Edge status: 1 1 1 0 1 0 1 1 ] P(G)=P(cluster8=1)[0.2] * P(cluster1=0|cluster2=1) * P(cluster9=0|cluster6=1) * P(cluster7=1|cluster10=1) * P(cluster10=1|cluster6=1) * P(cluster6=1|cluster2=1) * P(cluster2=1|cluster3=1) * P(cluster3=1|cluster8=1)[0.0131072]=0.00262144
binkey=87 [Edge status: 1 1 1 0 1 0 1 0 ] P(G)=P(cluster8=1)[0.2] * P(cluster1=0|cluster2=1) * P(cluster9=0|cluster6=1) * P(cluster7=0|cluster10=1) * P(cluster10=1|cluster6=1) * P(cluster6=1|cluster2=1) * P(cluster2=1|cluster3=1) * P(cluster3=1|cluster8=1)[0.0032768]=0.00065536
binkey=55 [Edge status: 1 1 1 0 1 1 0 0 ] P(G)=P(cluster8=1)[0.2] * P(cluster1=0|cluster2=1) * P(cluster9=1|cluster6=1) * P(cluster7=0|cluster10=0) * P(cluster10=0|cluster6=1) * P(cluster6=1|cluster2=1) * P(cluster2=1|cluster3=1) * P(cluster3=1|cluster8=1)[0.0131072]=0.00262144
binkey=168 [Edge status: 0 0 0 1 0 1 0 1 ] P(G)=P(cluster8=0)[0.8] * P(cluster1=1|cluster2=0) * P(cluster9=1|cluster6=0) * P(cluster7=1|cluster10=0) * P(cluster10=0|cluster6=0) * P(cluster6=0|cluster2=0) * P(cluster2=0|cluster3=0) * P(cluster3=0|cluster8=0)[0.0032768]=0.00262144
binkey=232 [Edge status: 0 0 0 1 0 1 1 1 ] P(G)=P(cluster8=0)[0.8] * P(cluster1=1|cluster2=0) * P(cluster9=1|cluster6=0) * P(cluster7=1|cluster10=1) * P(cluster10=1|cluster6=0) * P(cluster6=0|cluster2=0) * P(cluster2=0|cluster3=0) * P(cluster3=0|cluster8=0)[0.0032768]=0.00262144
binkey=248 [Edge status: 0 0 0 1 1 1 1 1 ] P(G)=P(cluster8=0)[0.8] * P(cluster1=1|cluster2=0) * P(cluster9=1|cluster6=1) * P(cluster7=1|cluster10=1) * P(cluster10=1|cluster6=1) * P(cluster6=1|cluster2=0) * P(cluster2=0|cluster3=0) * P(cluster3=0|cluster8=0)[0.0131072]=0.0104858
binkey=252 [Edge status: 0 0 1 1 1 1 1 1 ] P(G)=P(cluster8=0)[0.8] * P(cluster1=1|cluster2=1) * P(cluster9=1|cluster6=1) * P(cluster7=1|cluster10=1) * P(cluster10=1|cluster6=1) * P(cluster6=1|cluster2=1) * P(cluster2=1|cluster3=0) * P(cluster3=0|cluster8=0)[0.0524288]=0.041943
binkey=254 [Edge status: 0 1 1 1 1 1 1 1 ] P(G)=P(cluster8=0)[0.8] * P(cluster1=1|cluster2=1) * P(cluster9=1|cluster6=1) * P(cluster7=1|cluster10=1) * P(cluster10=1|cluster6=1) * P(cluster6=1|cluster2=1) * P(cluster2=1|cluster3=1) * P(cluster3=1|cluster8=0)[0.0524288]=0.041943
binkey=255 [Edge status: 1 1 1 1 1 1 1 1 ] P(G)=P(cluster8=1)[0.2] * P(cluster1=1|cluster2=1) * P(cluster9=1|cluster6=1) * P(cluster7=1|cluster10=1) * P(cluster10=1|cluster6=1) * P(cluster6=1|cluster2=1) * P(cluster2=1|cluster3=1) * P(cluster3=1|cluster8=1)[0.209715]=0.041943
binkey=127 [Edge status: 1 1 1 1 1 1 1 0 ] P(G)=P(cluster8=1)[0.2] * P(cluster1=1|cluster2=1) * P(cluster9=1|cluster6=1) * P(cluster7=0|cluster10=1) * P(cluster10=1|cluster6=1) * P(cluster6=1|cluster2=1) * P(cluster2=1|cluster3=1) * P(cluster3=1|cluster8=1)[0.0524288]=0.0104858
binkey=223 [Edge status: 1 1 1 1 1 0 1 1 ] P(G)=P(cluster8=1)[0.2] * P(cluster1=1|cluster2=1) * P(cluster9=0|cluster6=1) * P(cluster7=1|cluster10=1) * P(cluster10=1|cluster6=1) * P(cluster6=1|cluster2=1) * P(cluster2=1|cluster3=1) * P(cluster3=1|cluster8=1)[0.0524288]=0.0104858
binkey=95 [Edge status: 1 1 1 1 1 0 1 0 ] P(G)=P(cluster8=1)[0.2] * P(cluster1=1|cluster2=1) * P(cluster9=0|cluster6=1) * P(cluster7=0|cluster10=1) * P(cluster10=1|cluster6=1) * P(cluster6=1|cluster2=1) * P(cluster2=1|cluster3=1) * P(cluster3=1|cluster8=1)[0.0131072]=0.00262144
binkey=63 [Edge status: 1 1 1 1 1 1 0 0 ] P(G)=P(cluster8=1)[0.2] * P(cluster1=1|cluster2=1) * P(cluster9=1|cluster6=1) * P(cluster7=0|cluster10=0) * P(cluster10=0|cluster6=1) * P(cluster6=1|cluster2=1) * P(cluster2=1|cluster3=1) * P(cluster3=1|cluster8=1)[0.0524288]=0.0104858
binkey=31 [Edge status: 1 1 1 1 1 0 0 0 ] P(G)=P(cluster8=1)[0.2] * P(cluster1=1|cluster2=1) * P(cluster9=0|cluster6=1) * P(cluster7=0|cluster10=0) * P(cluster10=0|cluster6=1) * P(cluster6=1|cluster2=1) * P(cluster2=1|cluster3=1) * P(cluster3=1|cluster8=1)[0.0131072]=0.00262144
binkey=15 [Edge status: 1 1 1 1 0 0 0 0 ] P(G)=P(cluster8=1)[0.2] * P(cluster1=1|cluster2=1) * P(cluster9=0|cluster6=0) * P(cluster7=0|cluster10=0) * P(cluster10=0|cluster6=0) * P(cluster6=0|cluster2=1) * P(cluster2=1|cluster3=1) * P(cluster3=1|cluster8=1)[0.0524288]=0.0104858
ITERATION 0 newScore=-2.69271e+06 diffscore=22433 priorChange=-112.29 successMove=57
ITERATION 1 newScore=-2.67994e+06 diffscore=12770.3 priorChange=-110.904 successMove=59
ITERATION 2 newScore=-2.67579e+06 diffscore=4152.75 priorChange=-110.904 successMove=60
ITERATION 3 newScore=-2.67107e+06 diffscore=4715.05 priorChange=-115.062 successMove=53
ITERATION 4 newScore=-2.66225e+06 diffscore=8818.85 priorChange=-108.131 successMove=53
ITERATION 5 newScore=-2.65893e+06 diffscore=3318.23 priorChange=-127.539 successMove=56
ITERATION 6 newScore=-2.65593e+06 diffscore=3009.13 priorChange=-128.925 successMove=50
ITERATION 7 newScore=-2.65142e+06 diffscore=4505.47 priorChange=-130.312 successMove=53
ITERATION 8 newScore=-2.64944e+06 diffscore=1979.54 priorChange=-126.153 successMove=54
ITERATION 9 newScore=-2.64852e+06 diffscore=919.982 priorChange=-120.608 successMove=52
ITERATION 10 newScore=-2.64487e+06 diffscore=3650.04 priorChange=-121.994 successMove=50
ITERATION 11 newScore=-2.6413e+06 diffscore=3571.5 priorChange=-115.062 successMove=53
ITERATION 12 newScore=-2.63851e+06 diffscore=2785.52 priorChange=-130.312 successMove=52
ITERATION 13 newScore=-2.63794e+06 diffscore=573.157 priorChange=-116.449 successMove=50
ITERATION 14 newScore=-2.6373e+06 diffscore=636.091 priorChange=-124.766 successMove=50
ITERATION 15 newScore=-2.63486e+06 diffscore=2445.96 priorChange=-116.449 successMove=54
ITERATION 16 newScore=-2.63178e+06 diffscore=3079.74 priorChange=-119.221 successMove=51
ITERATION 17 newScore=-2.63053e+06 diffscore=1251.06 priorChange=-117.835 successMove=49
ITERATION 18 newScore=-2.62864e+06 diffscore=1891.89 priorChange=-117.835 successMove=50
ITERATION 19 newScore=-2.62361e+06 diffscore=5024.74 priorChange=-102.586 successMove=49
ITERATION 20 newScore=-2.62309e+06 diffscore=524.178 priorChange=-117.835 successMove=50
ITERATION 21 newScore=-2.62252e+06 diffscore=562.86 priorChange=-113.676 successMove=48
ITERATION 22 newScore=-2.6213e+06 diffscore=1220.79 priorChange=-117.835 successMove=49
ITERATION 23 newScore=-2.62082e+06 diffscore=486.342 priorChange=-121.994 successMove=48
ITERATION 24 newScore=-2.61856e+06 diffscore=2253.5 priorChange=-109.517 successMove=48
ITERATION 25 newScore=-2.61815e+06 diffscore=412.531 priorChange=-106.745 successMove=49
ITERATION 26 newScore=-2.61652e+06 diffscore=1625.49 priorChange=-109.517 successMove=48
ITERATION 27 newScore=-2.61611e+06 diffscore=418.926 priorChange=-102.586 successMove=46
ITERATION 28 newScore=-2.61566e+06 diffscore=448.651 priorChange=-85.9503 successMove=47
ITERATION 29 newScore=-2.61359e+06 diffscore=2062.68 priorChange=-91.4954 successMove=46
ITERATION 30 newScore=-2.61308e+06 diffscore=512.157 priorChange=-92.8817 successMove=46
ITERATION 31 newScore=-2.61265e+06 diffscore=430.428 priorChange=-88.7228 successMove=46
ITERATION 32 newScore=-2.61152e+06 diffscore=1135.03 priorChange=-95.6543 successMove=48
ITERATION 33 newScore=-2.61107e+06 diffscore=446.927 priorChange=-91.4954 successMove=47
ITERATION 34 newScore=-2.60791e+06 diffscore=3163.94 priorChange=-105.358 successMove=46
ITERATION 35 newScore=-2.60594e+06 diffscore=1963.1 priorChange=-101.199 successMove=47
ITERATION 36 newScore=-2.60346e+06 diffscore=2486.85 priorChange=-94.268 successMove=46
ITERATION 37 newScore=-2.60193e+06 diffscore=1522.95 priorChange=-99.8132 successMove=46
ITERATION 38 newScore=-2.60157e+06 diffscore=360.132 priorChange=-106.745 successMove=47
ITERATION 39 newScore=-2.6012e+06 diffscore=374.909 priorChange=-98.4269 successMove=47
ITERATION 40 newScore=-2.59793e+06 diffscore=3272.16 priorChange=-87.3365 successMove=46
ITERATION 41 newScore=-2.59523e+06 diffscore=2691 priorChange=-84.564 successMove=45
ITERATION 42 newScore=-2.5949e+06 diffscore=338.458 priorChange=-102.586 successMove=45
ITERATION 43 newScore=-2.59458e+06 diffscore=317.815 priorChange=-88.7228 successMove=45
ITERATION 44 newScore=-2.5931e+06 diffscore=1475.17 priorChange=-85.9503 successMove=45
ITERATION 45 newScore=-2.59252e+06 diffscore=582.412 priorChange=-84.564 successMove=44
ITERATION 46 newScore=-2.59217e+06 diffscore=355.06 priorChange=-101.199 successMove=46
ITERATION 47 newScore=-2.59149e+06 diffscore=675.582 priorChange=-105.358 successMove=43
ITERATION 48 newScore=-2.59094e+06 diffscore=548.395 priorChange=-84.564 successMove=44
ITERATION 49 newScore=-2.5895e+06 diffscore=1442.59 priorChange=-90.1091 successMove=42
ITERATION 50 newScore=-2.58803e+06 diffscore=1469.41 priorChange=-95.6543 successMove=42
ITERATION 51 newScore=-2.58765e+06 diffscore=377.034 priorChange=-85.9503 successMove=41
ITERATION 52 newScore=-2.58719e+06 diffscore=460.349 priorChange=-65.1558 successMove=39
ITERATION 53 newScore=-2.58673e+06 diffscore=465.726 priorChange=-83.1777 successMove=39
ITERATION 54 newScore=-2.58432e+06 diffscore=2408.07 priorChange=-73.4736 successMove=38
ITERATION 55 newScore=-2.58415e+06 diffscore=165.39 priorChange=-69.3147 successMove=36
ITERATION 56 newScore=-2.58398e+06 diffscore=172.78 priorChange=-88.7228 successMove=36
ITERATION 57 newScore=-2.58381e+06 diffscore=166.88 priorChange=-62.3832 successMove=35
ITERATION 58 newScore=-2.58255e+06 diffscore=1265.97 priorChange=-63.7695 successMove=35
ITERATION 59 newScore=-2.58235e+06 diffscore=198.747 priorChange=-83.1777 successMove=35
ITERATION 60 newScore=-2.58212e+06 diffscore=226.756 priorChange=-70.701 successMove=35
ITERATION 61 newScore=-2.58184e+06 diffscore=279.24 priorChange=-67.9284 successMove=35
ITERATION 62 newScore=-2.58162e+06 diffscore=218.64 priorChange=-67.9284 successMove=35
ITERATION 63 newScore=-2.58076e+06 diffscore=867.562 priorChange=-67.9284 successMove=35
ITERATION 64 newScore=-2.5806e+06 diffscore=152.514 priorChange=-66.5421 successMove=35
ITERATION 65 newScore=-2.58045e+06 diffscore=157.781 priorChange=-67.9284 successMove=35
ITERATION 66 newScore=-2.58025e+06 diffscore=199.706 priorChange=-58.2244 successMove=35
ITERATION 67 newScore=-2.58003e+06 diffscore=220.839 priorChange=-58.2244 successMove=32
ITERATION 68 newScore=-2.5797e+06 diffscore=327.633 priorChange=-54.0655 successMove=30
ITERATION 69 newScore=-2.57941e+06 diffscore=291.358 priorChange=-65.1558 successMove=29
ITERATION 70 newScore=-2.57823e+06 diffscore=1178.92 priorChange=-52.6792 successMove=26
ITERATION 71 newScore=-2.5771e+06 diffscore=1128.59 priorChange=-42.9751 successMove=25
ITERATION 72 newScore=-2.57696e+06 diffscore=138.866 priorChange=-49.9066 successMove=23
ITERATION 73 newScore=-2.5768e+06 diffscore=158.762 priorChange=-41.5888 successMove=24
ITERATION 74 newScore=-2.57544e+06 diffscore=1361.82 priorChange=-31.8848 successMove=21
ITERATION 75 newScore=-2.5753e+06 diffscore=137.201 priorChange=-37.4299 successMove=21
ITERATION 76 newScore=-2.57517e+06 diffscore=130.448 priorChange=-45.7477 successMove=20
ITERATION 77 newScore=-2.57505e+06 diffscore=125.265 priorChange=-44.3614 successMove=20
ITERATION 78 newScore=-2.57387e+06 diffscore=1176.35 priorChange=-38.8162 successMove=19
ITERATION 79 newScore=-2.5737e+06 diffscore=173.451 priorChange=-31.8848 successMove=16
ITERATION 80 newScore=-2.57357e+06 diffscore=127.352 priorChange=-31.8848 successMove=17
ITERATION 81 newScore=-2.57344e+06 diffscore=127.402 priorChange=-29.1122 successMove=16
ITERATION 82 newScore=-2.57327e+06 diffscore=175.733 priorChange=-22.1807 successMove=16
ITERATION 83 newScore=-2.57223e+06 diffscore=1038.98 priorChange=-30.4985 successMove=16
ITERATION 84 newScore=-2.57135e+06 diffscore=881.646 priorChange=-22.1807 successMove=15
ITERATION 85 newScore=-2.57119e+06 diffscore=156.766 priorChange=-27.7259 successMove=14
ITERATION 86 newScore=-2.57109e+06 diffscore=102.729 priorChange=-22.1807 successMove=12
ITERATION 87 newScore=-2.57002e+06 diffscore=1071.61 priorChange=-27.7259 successMove=12
ITERATION 88 newScore=-2.56993e+06 diffscore=83.6217 priorChange=-24.9533 successMove=12
ITERATION 89 newScore=-2.56888e+06 diffscore=1046.59 priorChange=-20.7944 successMove=12
ITERATION 90 newScore=-2.56883e+06 diffscore=51.6368 priorChange=-22.1807 successMove=12
ITERATION 91 newScore=-2.56876e+06 diffscore=71.6377 priorChange=-23.567 successMove=12
ITERATION 92 newScore=-2.56871e+06 diffscore=48.6211 priorChange=-26.3396 successMove=12
ITERATION 93 newScore=-2.56866e+06 diffscore=53.4297 priorChange=-27.7259 successMove=12
ITERATION 94 newScore=-2.56861e+06 diffscore=49.2633 priorChange=-26.3396 successMove=12
ITERATION 95 newScore=-2.56742e+06 diffscore=1187.31 priorChange=-15.2492 successMove=10
ITERATION 96 newScore=-2.56739e+06 diffscore=36.3752 priorChange=-18.0218 successMove=10
ITERATION 97 newScore=-2.56734e+06 diffscore=46.514 priorChange=-27.7259 successMove=10
ITERATION 98 newScore=-2.56727e+06 diffscore=68.0801 priorChange=-22.1807 successMove=9
ITERATION 99 newScore=-2.56694e+06 diffscore=328.012 priorChange=-18.0218 successMove=9
MetaLearner::dumpAllGraphs
Final Score -2.56694e+06
MetaLearner::start runtime: 1515631495 ms
Results/
Results/cluster1/
Results/cluster1/fold0/
Results/cluster1/fold0/modelparams.txt
Results/cluster1/fold0/var_mb_pw_k50.txt
Results/cluster2/
Results/cluster2/fold0/
Results/cluster2/fold0/modelparams.txt
Results/cluster2/fold0/var_mb_pw_k50.txt
Results/cluster8/
Results/cluster8/fold0/
Results/cluster8/fold0/modelparams.txt
Results/cluster8/fold0/var_mb_pw_k50.txt
Results/cluster8/scoreFile.txt
Results/cluster10/
Results/cluster10/fold0/
Results/cluster10/fold0/modelparams.txt
Results/cluster10/fold0/var_mb_pw_k50.txt
Results/cluster9/
Results/cluster9/fold0/
Results/cluster9/fold0/modelparams.txt
Results/cluster9/fold0/var_mb_pw_k50.txt
Results/cluster3/
Results/cluster3/fold0/
Results/cluster3/fold0/modelparams.txt
Results/cluster3/fold0/var_mb_pw_k50.txt
Results/cluster6/
Results/cluster6/fold0/
Results/cluster6/fold0/modelparams.txt
Results/cluster6/fold0/var_mb_pw_k50.txt
Results/cluster7/
Results/cluster7/fold0/
Results/cluster7/fold0/modelparams.txt
Results/cluster7/fold0/var_mb_pw_k50.txt
