000 (49777.2443.000) 10/11 10:48:14 Job submitted from host: <144.92.142.142:9618?addrs=144.92.142.142-9618&noUDP&sock=44923_051a_3>
...
001 (49777.2443.000) 10/11 19:12:31 Job executing on host: <128.105.68.23:9618?addrs=128.105.68.23-9618&alias=gpulab2004.chtc.wisc.edu&noUDP&sock=startd_62541_80a6>
...
006 (49777.2443.000) 10/11 19:12:40 Image size of job updated: 105596
	104  -  MemoryUsage of job (MB)
	105596  -  ResidentSetSize of job (KB)
...
006 (49777.2443.000) 10/11 19:17:41 Image size of job updated: 722300
	656  -  MemoryUsage of job (MB)
	671132  -  ResidentSetSize of job (KB)
...
006 (49777.2443.000) 10/11 19:22:41 Image size of job updated: 1108812
	1049  -  MemoryUsage of job (MB)
	1074160  -  ResidentSetSize of job (KB)
...
006 (49777.2443.000) 10/11 19:27:42 Image size of job updated: 1487728
	1406  -  MemoryUsage of job (MB)
	1438964  -  ResidentSetSize of job (KB)
...
006 (49777.2443.000) 10/11 19:32:43 Image size of job updated: 1778692
	1705  -  MemoryUsage of job (MB)
	1745592  -  ResidentSetSize of job (KB)
...
006 (49777.2443.000) 10/11 19:34:49 Image size of job updated: 1975820
	1705  -  MemoryUsage of job (MB)
	1745592  -  ResidentSetSize of job (KB)
...
005 (49777.2443.000) 10/11 19:34:49 Job terminated.
	(1) Normal termination (return value 0)
		Usr 0 00:22:13, Sys 0 00:00:03  -  Run Remote Usage
		Usr 0 00:00:00, Sys 0 00:00:00  -  Run Local Usage
		Usr 0 00:22:13, Sys 0 00:00:03  -  Total Remote Usage
		Usr 0 00:00:00, Sys 0 00:00:00  -  Total Local Usage
	175193  -  Run Bytes Sent By Job
	316778592  -  Run Bytes Received By Job
	175193  -  Total Bytes Sent By Job
	316778592  -  Total Bytes Received By Job
	Partitionable Resources :     Usage  Request Allocated 
	   Cpus                 :      1.00        1         1 
	   Disk (KB)            : 325000      819200  18192444 
	   Gpus                 :                            0 
	   Ioheavy              :                            0 
	   Memory (MB)          :   1705       20480     21341 
...
