./CVN -f config_condor.txt -x50 -v1 -l TFs_OGs.txt -n AllGenes96.txt -d celltype_tree_ancestor.txt -m testdata_ogids.txt -s celltype_order.txt -p 0.2 -c yes -b -4 -q 4
(cluster3|cluster8) p_maintain_edge=0.8 p_gain=0.2
(cluster2|cluster3) p_maintain_edge=0.8 p_gain=0.2
(cluster1|cluster2) p_maintain_edge=0.8 p_gain=0.2
(cluster6|cluster2) p_maintain_edge=0.8 p_gain=0.2
(cluster9|cluster6) p_maintain_edge=0.8 p_gain=0.2
(cluster10|cluster6) p_maintain_edge=0.8 p_gain=0.2
(cluster7|cluster10) p_maintain_edge=0.8 p_gain=0.2
speciesSet.size()=8 Root is cluster8
MappedOrthogroupReader::readSpeciesMapping() --- celltype_order.txt
MappedOrthogroupReader::readFile - testdata_ogids.txt
MappedOrthogroupReader::generateGeneOrthoMap()
MetaLearner::init_onefold() read:config_condor.txt
MetaLearner::setinputVariableNames number of variables: 2043
readEvidenceTable:cluster8.table
PotentialManager::loadEvidenceFromTable varCount=2043 sampleCount=348
motifNetwork.size() = 319
0=cluster8 motifNetwork=cluster8_network.txt
variable size=2043
readEvidenceTable:cluster3.table
PotentialManager::loadEvidenceFromTable varCount=2043 sampleCount=95
motifNetwork.size() = 326
1=cluster3 motifNetwork=cluster3_network.txt
variable size=2043
readEvidenceTable:cluster2.table
PotentialManager::loadEvidenceFromTable varCount=2043 sampleCount=386
motifNetwork.size() = 328
2=cluster2 motifNetwork=cluster2_network.txt
variable size=2043
readEvidenceTable:cluster1.table
PotentialManager::loadEvidenceFromTable varCount=2043 sampleCount=36
motifNetwork.size() = 322
3=cluster1 motifNetwork=cluster1_network.txt
variable size=2043
readEvidenceTable:cluster6.table
PotentialManager::loadEvidenceFromTable varCount=2043 sampleCount=524
motifNetwork.size() = 320
4=cluster6 motifNetwork=cluster6_network.txt
variable size=2043
readEvidenceTable:cluster9.table
PotentialManager::loadEvidenceFromTable varCount=2043 sampleCount=184
motifNetwork.size() = 327
5=cluster9 motifNetwork=cluster9_network.txt
variable size=2043
readEvidenceTable:cluster10.table
PotentialManager::loadEvidenceFromTable varCount=2043 sampleCount=165
motifNetwork.size() = 326
6=cluster10 motifNetwork=cluster10_network.txt
variable size=2043
readEvidenceTable:cluster7.table
PotentialManager::loadEvidenceFromTable varCount=2043 sampleCount=1032
motifNetwork.size() = 320
7=cluster7 motifNetwork=cluster7_network.txt
variable size=2043
-------------------------------------------------------------
MetaLearner::start
precomputeEmptyGraphPrior
binkey=0 [Edge status: 0 0 0 0 0 0 0 0 ] P(G)=P(cluster8=0)[0.8] * P(cluster1=0|cluster2=0) * P(cluster9=0|cluster6=0) * P(cluster7=0|cluster10=0) * P(cluster10=0|cluster6=0) * P(cluster6=0|cluster2=0) * P(cluster2=0|cluster3=0) * P(cluster3=0|cluster8=0)[0.209715]=0.167772
condsetMap_Tree
0 cluster8=0 cluster3=0 cluster2=0 cluster1=0 cluster6=0 cluster9=0 cluster10=0 cluster7=1
1 cluster8=0 cluster3=0 cluster2=0 cluster1=0 cluster6=0 cluster9=1 cluster10=0 cluster7=0
2 cluster8=0 cluster3=0 cluster2=0 cluster1=0 cluster6=0 cluster9=1 cluster10=0 cluster7=1
3 cluster8=0 cluster3=0 cluster2=0 cluster1=1 cluster6=0 cluster9=0 cluster10=0 cluster7=0
4 cluster8=0 cluster3=0 cluster2=0 cluster1=1 cluster6=0 cluster9=0 cluster10=0 cluster7=1
5 cluster8=0 cluster3=0 cluster2=0 cluster1=1 cluster6=0 cluster9=1 cluster10=0 cluster7=0
6 cluster8=0 cluster3=0 cluster2=0 cluster1=1 cluster6=0 cluster9=1 cluster10=0 cluster7=1
7 cluster8=0 cluster3=0 cluster2=0 cluster1=0 cluster6=0 cluster9=0 cluster10=1 cluster7=1
8 cluster8=0 cluster3=0 cluster2=0 cluster1=0 cluster6=0 cluster9=1 cluster10=1 cluster7=1
9 cluster8=0 cluster3=0 cluster2=0 cluster1=1 cluster6=0 cluster9=0 cluster10=1 cluster7=1
10 cluster8=0 cluster3=0 cluster2=0 cluster1=1 cluster6=0 cluster9=1 cluster10=1 cluster7=1
11 cluster8=0 cluster3=0 cluster2=0 cluster1=0 cluster6=1 cluster9=1 cluster10=1 cluster7=1
12 cluster8=0 cluster3=0 cluster2=0 cluster1=1 cluster6=1 cluster9=1 cluster10=1 cluster7=1
13 cluster8=0 cluster3=0 cluster2=1 cluster1=1 cluster6=1 cluster9=1 cluster10=1 cluster7=1
14 cluster8=0 cluster3=1 cluster2=1 cluster1=1 cluster6=1 cluster9=1 cluster10=1 cluster7=1
15 cluster8=1 cluster3=1 cluster2=1 cluster1=1 cluster6=1 cluster9=1 cluster10=1 cluster7=1
16 cluster8=1 cluster3=1 cluster2=1 cluster1=1 cluster6=1 cluster9=1 cluster10=1 cluster7=0
17 cluster8=1 cluster3=1 cluster2=1 cluster1=1 cluster6=1 cluster9=0 cluster10=1 cluster7=1
18 cluster8=1 cluster3=1 cluster2=1 cluster1=1 cluster6=1 cluster9=0 cluster10=1 cluster7=0
19 cluster8=1 cluster3=1 cluster2=1 cluster1=0 cluster6=1 cluster9=1 cluster10=1 cluster7=1
20 cluster8=1 cluster3=1 cluster2=1 cluster1=0 cluster6=1 cluster9=1 cluster10=1 cluster7=0
21 cluster8=1 cluster3=1 cluster2=1 cluster1=0 cluster6=1 cluster9=0 cluster10=1 cluster7=1
22 cluster8=1 cluster3=1 cluster2=1 cluster1=0 cluster6=1 cluster9=0 cluster10=1 cluster7=0
23 cluster8=1 cluster3=1 cluster2=1 cluster1=1 cluster6=1 cluster9=1 cluster10=0 cluster7=0
24 cluster8=1 cluster3=1 cluster2=1 cluster1=1 cluster6=1 cluster9=0 cluster10=0 cluster7=0
25 cluster8=1 cluster3=1 cluster2=1 cluster1=0 cluster6=1 cluster9=1 cluster10=0 cluster7=0
26 cluster8=1 cluster3=1 cluster2=1 cluster1=0 cluster6=1 cluster9=0 cluster10=0 cluster7=0
27 cluster8=1 cluster3=1 cluster2=1 cluster1=1 cluster6=0 cluster9=0 cluster10=0 cluster7=0
28 cluster8=1 cluster3=1 cluster2=1 cluster1=0 cluster6=0 cluster9=0 cluster10=0 cluster7=0
29 cluster8=1 cluster3=1 cluster2=0 cluster1=0 cluster6=0 cluster9=0 cluster10=0 cluster7=0
30 cluster8=1 cluster3=0 cluster2=0 cluster1=0 cluster6=0 cluster9=0 cluster10=0 cluster7=0
31 cluster8=0 cluster3=0 cluster2=0 cluster1=0 cluster6=1 cluster9=0 cluster10=0 cluster7=0
32 cluster8=0 cluster3=0 cluster2=1 cluster1=0 cluster6=0 cluster9=0 cluster10=0 cluster7=0
33 cluster8=0 cluster3=0 cluster2=0 cluster1=0 cluster6=0 cluster9=0 cluster10=1 cluster7=0
34 cluster8=0 cluster3=1 cluster2=0 cluster1=0 cluster6=0 cluster9=0 cluster10=0 cluster7=0
inputRegulatorOGs.size() = 1999 inputOGList.size() = 50
binkey=64 [Edge status: 0 0 0 0 0 0 1 0 ] P(G)=P(cluster8=0)[0.8] * P(cluster1=0|cluster2=0) * P(cluster9=0|cluster6=0) * P(cluster7=0|cluster10=1) * P(cluster10=1|cluster6=0) * P(cluster6=0|cluster2=0) * P(cluster2=0|cluster3=0) * P(cluster3=0|cluster8=0)[0.0131072]=0.0104858
binkey=128 [Edge status: 0 0 0 0 0 0 0 1 ] P(G)=P(cluster8=0)[0.8] * P(cluster1=0|cluster2=0) * P(cluster9=0|cluster6=0) * P(cluster7=1|cluster10=0) * P(cluster10=0|cluster6=0) * P(cluster6=0|cluster2=0) * P(cluster2=0|cluster3=0) * P(cluster3=0|cluster8=0)[0.0524288]=0.041943
binkey=1 [Edge status: 1 0 0 0 0 0 0 0 ] P(G)=P(cluster8=1)[0.2] * P(cluster1=0|cluster2=0) * P(cluster9=0|cluster6=0) * P(cluster7=0|cluster10=0) * P(cluster10=0|cluster6=0) * P(cluster6=0|cluster2=0) * P(cluster2=0|cluster3=0) * P(cluster3=0|cluster8=1)[0.0524288]=0.0104858
binkey=32 [Edge status: 0 0 0 0 0 1 0 0 ] P(G)=P(cluster8=0)[0.8] * P(cluster1=0|cluster2=0) * P(cluster9=1|cluster6=0) * P(cluster7=0|cluster10=0) * P(cluster10=0|cluster6=0) * P(cluster6=0|cluster2=0) * P(cluster2=0|cluster3=0) * P(cluster3=0|cluster8=0)[0.0524288]=0.041943
binkey=2 [Edge status: 0 1 0 0 0 0 0 0 ] P(G)=P(cluster8=0)[0.8] * P(cluster1=0|cluster2=0) * P(cluster9=0|cluster6=0) * P(cluster7=0|cluster10=0) * P(cluster10=0|cluster6=0) * P(cluster6=0|cluster2=0) * P(cluster2=0|cluster3=1) * P(cluster3=1|cluster8=0)[0.0131072]=0.0104858
binkey=8 [Edge status: 0 0 0 1 0 0 0 0 ] P(G)=P(cluster8=0)[0.8] * P(cluster1=1|cluster2=0) * P(cluster9=0|cluster6=0) * P(cluster7=0|cluster10=0) * P(cluster10=0|cluster6=0) * P(cluster6=0|cluster2=0) * P(cluster2=0|cluster3=0) * P(cluster3=0|cluster8=0)[0.0524288]=0.041943
binkey=16 [Edge status: 0 0 0 0 1 0 0 0 ] P(G)=P(cluster8=0)[0.8] * P(cluster1=0|cluster2=0) * P(cluster9=0|cluster6=1) * P(cluster7=0|cluster10=0) * P(cluster10=0|cluster6=1) * P(cluster6=1|cluster2=0) * P(cluster2=0|cluster3=0) * P(cluster3=0|cluster8=0)[0.0032768]=0.00262144
binkey=136 [Edge status: 0 0 0 1 0 0 0 1 ] P(G)=P(cluster8=0)[0.8] * P(cluster1=1|cluster2=0) * P(cluster9=0|cluster6=0) * P(cluster7=1|cluster10=0) * P(cluster10=0|cluster6=0) * P(cluster6=0|cluster2=0) * P(cluster2=0|cluster3=0) * P(cluster3=0|cluster8=0)[0.0131072]=0.0104858
binkey=4 [Edge status: 0 0 1 0 0 0 0 0 ] P(G)=P(cluster8=0)[0.8] * P(cluster1=0|cluster2=1) * P(cluster9=0|cluster6=0) * P(cluster7=0|cluster10=0) * P(cluster10=0|cluster6=0) * P(cluster6=0|cluster2=1) * P(cluster2=1|cluster3=0) * P(cluster3=0|cluster8=0)[0.0032768]=0.00262144
binkey=40 [Edge status: 0 0 0 1 0 1 0 0 ] P(G)=P(cluster8=0)[0.8] * P(cluster1=1|cluster2=0) * P(cluster9=1|cluster6=0) * P(cluster7=0|cluster10=0) * P(cluster10=0|cluster6=0) * P(cluster6=0|cluster2=0) * P(cluster2=0|cluster3=0) * P(cluster3=0|cluster8=0)[0.0131072]=0.0104858
binkey=160 [Edge status: 0 0 0 0 0 1 0 1 ] P(G)=P(cluster8=0)[0.8] * P(cluster1=0|cluster2=0) * P(cluster9=1|cluster6=0) * P(cluster7=1|cluster10=0) * P(cluster10=0|cluster6=0) * P(cluster6=0|cluster2=0) * P(cluster2=0|cluster3=0) * P(cluster3=0|cluster8=0)[0.0131072]=0.0104858
binkey=192 [Edge status: 0 0 0 0 0 0 1 1 ] P(G)=P(cluster8=0)[0.8] * P(cluster1=0|cluster2=0) * P(cluster9=0|cluster6=0) * P(cluster7=1|cluster10=1) * P(cluster10=1|cluster6=0) * P(cluster6=0|cluster2=0) * P(cluster2=0|cluster3=0) * P(cluster3=0|cluster8=0)[0.0524288]=0.041943
binkey=168 [Edge status: 0 0 0 1 0 1 0 1 ] P(G)=P(cluster8=0)[0.8] * P(cluster1=1|cluster2=0) * P(cluster9=1|cluster6=0) * P(cluster7=1|cluster10=0) * P(cluster10=0|cluster6=0) * P(cluster6=0|cluster2=0) * P(cluster2=0|cluster3=0) * P(cluster3=0|cluster8=0)[0.0032768]=0.00262144
binkey=224 [Edge status: 0 0 0 0 0 1 1 1 ] P(G)=P(cluster8=0)[0.8] * P(cluster1=0|cluster2=0) * P(cluster9=1|cluster6=0) * P(cluster7=1|cluster10=1) * P(cluster10=1|cluster6=0) * P(cluster6=0|cluster2=0) * P(cluster2=0|cluster3=0) * P(cluster3=0|cluster8=0)[0.0131072]=0.0104858
binkey=200 [Edge status: 0 0 0 1 0 0 1 1 ] P(G)=P(cluster8=0)[0.8] * P(cluster1=1|cluster2=0) * P(cluster9=0|cluster6=0) * P(cluster7=1|cluster10=1) * P(cluster10=1|cluster6=0) * P(cluster6=0|cluster2=0) * P(cluster2=0|cluster3=0) * P(cluster3=0|cluster8=0)[0.0131072]=0.0104858
binkey=232 [Edge status: 0 0 0 1 0 1 1 1 ] P(G)=P(cluster8=0)[0.8] * P(cluster1=1|cluster2=0) * P(cluster9=1|cluster6=0) * P(cluster7=1|cluster10=1) * P(cluster10=1|cluster6=0) * P(cluster6=0|cluster2=0) * P(cluster2=0|cluster3=0) * P(cluster3=0|cluster8=0)[0.0032768]=0.00262144
binkey=87 [Edge status: 1 1 1 0 1 0 1 0 ] P(G)=P(cluster8=1)[0.2] * P(cluster1=0|cluster2=1) * P(cluster9=0|cluster6=1) * P(cluster7=0|cluster10=1) * P(cluster10=1|cluster6=1) * P(cluster6=1|cluster2=1) * P(cluster2=1|cluster3=1) * P(cluster3=1|cluster8=1)[0.0032768]=0.00065536
binkey=23 [Edge status: 1 1 1 0 1 0 0 0 ] P(G)=P(cluster8=1)[0.2] * P(cluster1=0|cluster2=1) * P(cluster9=0|cluster6=1) * P(cluster7=0|cluster10=0) * P(cluster10=0|cluster6=1) * P(cluster6=1|cluster2=1) * P(cluster2=1|cluster3=1) * P(cluster3=1|cluster8=1)[0.0032768]=0.00065536
binkey=7 [Edge status: 1 1 1 0 0 0 0 0 ] P(G)=P(cluster8=1)[0.2] * P(cluster1=0|cluster2=1) * P(cluster9=0|cluster6=0) * P(cluster7=0|cluster10=0) * P(cluster10=0|cluster6=0) * P(cluster6=0|cluster2=1) * P(cluster2=1|cluster3=1) * P(cluster3=1|cluster8=1)[0.0131072]=0.00262144
binkey=3 [Edge status: 1 1 0 0 0 0 0 0 ] P(G)=P(cluster8=1)[0.2] * P(cluster1=0|cluster2=0) * P(cluster9=0|cluster6=0) * P(cluster7=0|cluster10=0) * P(cluster10=0|cluster6=0) * P(cluster6=0|cluster2=0) * P(cluster2=0|cluster3=1) * P(cluster3=1|cluster8=1)[0.0524288]=0.0104858
binkey=240 [Edge status: 0 0 0 0 1 1 1 1 ] P(G)=P(cluster8=0)[0.8] * P(cluster1=0|cluster2=0) * P(cluster9=1|cluster6=1) * P(cluster7=1|cluster10=1) * P(cluster10=1|cluster6=1) * P(cluster6=1|cluster2=0) * P(cluster2=0|cluster3=0) * P(cluster3=0|cluster8=0)[0.0524288]=0.041943
binkey=31 [Edge status: 1 1 1 1 1 0 0 0 ] P(G)=P(cluster8=1)[0.2] * P(cluster1=1|cluster2=1) * P(cluster9=0|cluster6=1) * P(cluster7=0|cluster10=0) * P(cluster10=0|cluster6=1) * P(cluster6=1|cluster2=1) * P(cluster2=1|cluster3=1) * P(cluster3=1|cluster8=1)[0.0131072]=0.00262144
binkey=15 [Edge status: 1 1 1 1 0 0 0 0 ] P(G)=P(cluster8=1)[0.2] * P(cluster1=1|cluster2=1) * P(cluster9=0|cluster6=0) * P(cluster7=0|cluster10=0) * P(cluster10=0|cluster6=0) * P(cluster6=0|cluster2=1) * P(cluster2=1|cluster3=1) * P(cluster3=1|cluster8=1)[0.0524288]=0.0104858
binkey=247 [Edge status: 1 1 1 0 1 1 1 1 ] P(G)=P(cluster8=1)[0.2] * P(cluster1=0|cluster2=1) * P(cluster9=1|cluster6=1) * P(cluster7=1|cluster10=1) * P(cluster10=1|cluster6=1) * P(cluster6=1|cluster2=1) * P(cluster2=1|cluster3=1) * P(cluster3=1|cluster8=1)[0.0524288]=0.0104858
binkey=119 [Edge status: 1 1 1 0 1 1 1 0 ] P(G)=P(cluster8=1)[0.2] * P(cluster1=0|cluster2=1) * P(cluster9=1|cluster6=1) * P(cluster7=0|cluster10=1) * P(cluster10=1|cluster6=1) * P(cluster6=1|cluster2=1) * P(cluster2=1|cluster3=1) * P(cluster3=1|cluster8=1)[0.0131072]=0.00262144
binkey=215 [Edge status: 1 1 1 0 1 0 1 1 ] P(G)=P(cluster8=1)[0.2] * P(cluster1=0|cluster2=1) * P(cluster9=0|cluster6=1) * P(cluster7=1|cluster10=1) * P(cluster10=1|cluster6=1) * P(cluster6=1|cluster2=1) * P(cluster2=1|cluster3=1) * P(cluster3=1|cluster8=1)[0.0131072]=0.00262144
binkey=55 [Edge status: 1 1 1 0 1 1 0 0 ] P(G)=P(cluster8=1)[0.2] * P(cluster1=0|cluster2=1) * P(cluster9=1|cluster6=1) * P(cluster7=0|cluster10=0) * P(cluster10=0|cluster6=1) * P(cluster6=1|cluster2=1) * P(cluster2=1|cluster3=1) * P(cluster3=1|cluster8=1)[0.0131072]=0.00262144
ITERATION 0 newScore=-2.7472e+06 diffscore=22293.6 priorChange=-112.29 successMove=56
binkey=248 [Edge status: 0 0 0 1 1 1 1 1 ] P(G)=P(cluster8=0)[0.8] * P(cluster1=1|cluster2=0) * P(cluster9=1|cluster6=1) * P(cluster7=1|cluster10=1) * P(cluster10=1|cluster6=1) * P(cluster6=1|cluster2=0) * P(cluster2=0|cluster3=0) * P(cluster3=0|cluster8=0)[0.0131072]=0.0104858
ITERATION 1 newScore=-2.73834e+06 diffscore=8857.24 priorChange=-110.904 successMove=55
ITERATION 2 newScore=-2.73508e+06 diffscore=3263.63 priorChange=-115.062 successMove=53
ITERATION 3 newScore=-2.73139e+06 diffscore=3686.97 priorChange=-115.062 successMove=51
ITERATION 4 newScore=-2.72628e+06 diffscore=5106.19 priorChange=-109.517 successMove=55
ITERATION 5 newScore=-2.723e+06 diffscore=3286.15 priorChange=-109.517 successMove=50
ITERATION 6 newScore=-2.71828e+06 diffscore=4714.58 priorChange=-116.449 successMove=52
ITERATION 7 newScore=-2.71201e+06 diffscore=6275.17 priorChange=-108.131 successMove=51
ITERATION 8 newScore=-2.70917e+06 diffscore=2840.48 priorChange=-121.994 successMove=50
ITERATION 9 newScore=-2.70752e+06 diffscore=1649.81 priorChange=-106.745 successMove=51
ITERATION 10 newScore=-2.70621e+06 diffscore=1305.86 priorChange=-106.745 successMove=51
ITERATION 11 newScore=-2.70446e+06 diffscore=1753.82 priorChange=-116.449 successMove=51
ITERATION 12 newScore=-2.69774e+06 diffscore=6713.62 priorChange=-112.29 successMove=52
ITERATION 13 newScore=-2.69397e+06 diffscore=3776.81 priorChange=-115.062 successMove=50
ITERATION 14 newScore=-2.69112e+06 diffscore=2841.38 priorChange=-121.994 successMove=52
ITERATION 15 newScore=-2.68744e+06 diffscore=3686.3 priorChange=-113.676 successMove=50
ITERATION 16 newScore=-2.68397e+06 diffscore=3471.89 priorChange=-117.835 successMove=50
ITERATION 17 newScore=-2.68102e+06 diffscore=2946.15 priorChange=-117.835 successMove=50
ITERATION 18 newScore=-2.67689e+06 diffscore=4133.28 priorChange=-123.38 successMove=50
ITERATION 19 newScore=-2.67551e+06 diffscore=1380.38 priorChange=-112.29 successMove=50
ITERATION 20 newScore=-2.67197e+06 diffscore=3536.91 priorChange=-112.29 successMove=51
ITERATION 21 newScore=-2.66753e+06 diffscore=4436.75 priorChange=-119.221 successMove=50
ITERATION 22 newScore=-2.66707e+06 diffscore=459.634 priorChange=-103.972 successMove=49
ITERATION 23 newScore=-2.66661e+06 diffscore=467.239 priorChange=-101.199 successMove=50
ITERATION 24 newScore=-2.66484e+06 diffscore=1766.22 priorChange=-112.29 successMove=50
ITERATION 25 newScore=-2.66421e+06 diffscore=633.18 priorChange=-119.221 successMove=49
ITERATION 26 newScore=-2.66035e+06 diffscore=3861.86 priorChange=-123.38 successMove=50
ITERATION 27 newScore=-2.65984e+06 diffscore=505.297 priorChange=-117.835 successMove=49
ITERATION 28 newScore=-2.6581e+06 diffscore=1744.57 priorChange=-109.517 successMove=50
ITERATION 29 newScore=-2.656e+06 diffscore=2092.8 priorChange=-109.517 successMove=49
ITERATION 30 newScore=-2.65557e+06 diffscore=428.698 priorChange=-127.539 successMove=49
ITERATION 31 newScore=-2.65492e+06 diffscore=650.631 priorChange=-110.904 successMove=50
ITERATION 32 newScore=-2.65453e+06 diffscore=392.755 priorChange=-109.517 successMove=48
ITERATION 33 newScore=-2.65349e+06 diffscore=1045.34 priorChange=-115.062 successMove=47
ITERATION 34 newScore=-2.65306e+06 diffscore=424.947 priorChange=-84.564 successMove=45
ITERATION 35 newScore=-2.65187e+06 diffscore=1186.07 priorChange=-97.0406 successMove=46
ITERATION 36 newScore=-2.6504e+06 diffscore=1472.14 priorChange=-101.199 successMove=47
ITERATION 37 newScore=-2.65006e+06 diffscore=344.577 priorChange=-102.586 successMove=45
ITERATION 38 newScore=-2.64973e+06 diffscore=325.922 priorChange=-76.2462 successMove=45
ITERATION 39 newScore=-2.64734e+06 diffscore=2390.42 priorChange=-83.1777 successMove=45
ITERATION 40 newScore=-2.64683e+06 diffscore=511.769 priorChange=-79.0188 successMove=46
ITERATION 41 newScore=-2.64623e+06 diffscore=603.929 priorChange=-85.9503 successMove=45
ITERATION 42 newScore=-2.64382e+06 diffscore=2405.59 priorChange=-80.4051 successMove=46
ITERATION 43 newScore=-2.64102e+06 diffscore=2794.8 priorChange=-95.6543 successMove=45
ITERATION 44 newScore=-2.63956e+06 diffscore=1460.63 priorChange=-79.0188 successMove=45
ITERATION 45 newScore=-2.63926e+06 diffscore=307.123 priorChange=-80.4051 successMove=44
ITERATION 46 newScore=-2.63894e+06 diffscore=316.109 priorChange=-76.2462 successMove=47
ITERATION 47 newScore=-2.63608e+06 diffscore=2865.72 priorChange=-81.7914 successMove=45
ITERATION 48 newScore=-2.63582e+06 diffscore=252.861 priorChange=-94.268 successMove=44
ITERATION 49 newScore=-2.63558e+06 diffscore=242.682 priorChange=-102.586 successMove=45
ITERATION 50 newScore=-2.63527e+06 diffscore=310.748 priorChange=-94.268 successMove=45
ITERATION 51 newScore=-2.63364e+06 diffscore=1629.42 priorChange=-92.8817 successMove=44
ITERATION 52 newScore=-2.63335e+06 diffscore=288.01 priorChange=-85.9503 successMove=43
ITERATION 53 newScore=-2.63178e+06 diffscore=1570.74 priorChange=-87.3365 successMove=48
ITERATION 54 newScore=-2.63145e+06 diffscore=326.349 priorChange=-90.1091 successMove=42
ITERATION 55 newScore=-2.63123e+06 diffscore=227.384 priorChange=-84.564 successMove=41
ITERATION 56 newScore=-2.6309e+06 diffscore=329.37 priorChange=-80.4051 successMove=42
ITERATION 57 newScore=-2.63061e+06 diffscore=290.284 priorChange=-69.3147 successMove=41
ITERATION 58 newScore=-2.6291e+06 diffscore=1512.39 priorChange=-69.3147 successMove=40
ITERATION 59 newScore=-2.62761e+06 diffscore=1481.23 priorChange=-80.4051 successMove=41
ITERATION 60 newScore=-2.62594e+06 diffscore=1672.94 priorChange=-87.3365 successMove=39
ITERATION 61 newScore=-2.62458e+06 diffscore=1360.98 priorChange=-70.701 successMove=39
ITERATION 62 newScore=-2.62429e+06 diffscore=286.901 priorChange=-72.0873 successMove=37
ITERATION 63 newScore=-2.62342e+06 diffscore=871.245 priorChange=-77.6325 successMove=37
ITERATION 64 newScore=-2.62171e+06 diffscore=1707.8 priorChange=-65.1558 successMove=35
ITERATION 65 newScore=-2.62072e+06 diffscore=994.799 priorChange=-72.0873 successMove=34
ITERATION 66 newScore=-2.62041e+06 diffscore=309.554 priorChange=-63.7695 successMove=34
ITERATION 67 newScore=-2.61782e+06 diffscore=2585.18 priorChange=-73.4736 successMove=32
ITERATION 68 newScore=-2.61643e+06 diffscore=1392.43 priorChange=-58.2244 successMove=32
ITERATION 69 newScore=-2.6144e+06 diffscore=2030.48 priorChange=-69.3147 successMove=33
ITERATION 70 newScore=-2.61312e+06 diffscore=1283.44 priorChange=-62.3832 successMove=31
ITERATION 71 newScore=-2.61299e+06 diffscore=124.191 priorChange=-69.3147 successMove=29
ITERATION 72 newScore=-2.61282e+06 diffscore=175.997 priorChange=-72.0873 successMove=29
ITERATION 73 newScore=-2.61267e+06 diffscore=145.971 priorChange=-56.8381 successMove=27
ITERATION 74 newScore=-2.61253e+06 diffscore=138.559 priorChange=-33.2711 successMove=25
ITERATION 75 newScore=-2.61243e+06 diffscore=102.617 priorChange=-51.2929 successMove=22
ITERATION 76 newScore=-2.61232e+06 diffscore=106.198 priorChange=-51.2929 successMove=22
ITERATION 77 newScore=-2.6122e+06 diffscore=127.724 priorChange=-55.4518 successMove=23
ITERATION 78 newScore=-2.61209e+06 diffscore=109.037 priorChange=-51.2929 successMove=23
ITERATION 79 newScore=-2.61196e+06 diffscore=125.343 priorChange=-45.7477 successMove=18
ITERATION 80 newScore=-2.61183e+06 diffscore=137.019 priorChange=-41.5888 successMove=17
ITERATION 81 newScore=-2.61172e+06 diffscore=102.518 priorChange=-34.6574 successMove=16
ITERATION 82 newScore=-2.6116e+06 diffscore=118.289 priorChange=-30.4985 successMove=15
ITERATION 83 newScore=-2.61151e+06 diffscore=92.6206 priorChange=-27.7259 successMove=14
ITERATION 84 newScore=-2.61135e+06 diffscore=162.066 priorChange=-30.4985 successMove=14
ITERATION 85 newScore=-2.61055e+06 diffscore=804.263 priorChange=-24.9533 successMove=14
ITERATION 86 newScore=-2.61002e+06 diffscore=524.796 priorChange=-16.6355 successMove=11
ITERATION 87 newScore=-2.60844e+06 diffscore=1585.58 priorChange=-27.7259 successMove=11
ITERATION 88 newScore=-2.60839e+06 diffscore=45.3134 priorChange=-15.2492 successMove=9
ITERATION 89 newScore=-2.60807e+06 diffscore=320.819 priorChange=-13.8629 successMove=8
ITERATION 90 newScore=-2.60803e+06 diffscore=35.8906 priorChange=-18.0218 successMove=8
ITERATION 91 newScore=-2.60799e+06 diffscore=48.017 priorChange=-22.1807 successMove=8
ITERATION 92 newScore=-2.60795e+06 diffscore=32.2782 priorChange=-5.54518 successMove=7
ITERATION 93 newScore=-2.60791e+06 diffscore=43.2666 priorChange=-15.2492 successMove=8
ITERATION 94 newScore=-2.60787e+06 diffscore=43.377 priorChange=-12.4766 successMove=7
ITERATION 95 newScore=-2.6078e+06 diffscore=66.4858 priorChange=-13.8629 successMove=8
ITERATION 96 newScore=-2.6075e+06 diffscore=304.787 priorChange=-13.8629 successMove=7
ITERATION 97 newScore=-2.60737e+06 diffscore=121.897 priorChange=-16.6355 successMove=7
ITERATION 98 newScore=-2.60731e+06 diffscore=66.2704 priorChange=-12.4766 successMove=6
ITERATION 99 newScore=-2.60724e+06 diffscore=65.568 priorChange=-9.70406 successMove=6
MetaLearner::dumpAllGraphs
Final Score -2.60724e+06
MetaLearner::start runtime: 1280489255 ms
Results/
Results/cluster3/
Results/cluster3/fold0/
Results/cluster3/fold0/modelparams.txt
Results/cluster3/fold0/var_mb_pw_k50.txt
Results/cluster7/
Results/cluster7/fold0/
Results/cluster7/fold0/modelparams.txt
Results/cluster7/fold0/var_mb_pw_k50.txt
Results/cluster2/
Results/cluster2/fold0/
Results/cluster2/fold0/modelparams.txt
Results/cluster2/fold0/var_mb_pw_k50.txt
Results/cluster9/
Results/cluster9/fold0/
Results/cluster9/fold0/modelparams.txt
Results/cluster9/fold0/var_mb_pw_k50.txt
Results/cluster6/
Results/cluster6/fold0/
Results/cluster6/fold0/modelparams.txt
Results/cluster6/fold0/var_mb_pw_k50.txt
Results/cluster1/
Results/cluster1/fold0/
Results/cluster1/fold0/modelparams.txt
Results/cluster1/fold0/var_mb_pw_k50.txt
Results/cluster10/
Results/cluster10/fold0/
Results/cluster10/fold0/modelparams.txt
Results/cluster10/fold0/var_mb_pw_k50.txt
Results/cluster8/
Results/cluster8/scoreFile.txt
Results/cluster8/fold0/
Results/cluster8/fold0/modelparams.txt
Results/cluster8/fold0/var_mb_pw_k50.txt
