./CVN -f config_condor.txt -x50 -v1 -l TFs_OGs.txt -n AllGenes49.txt -d celltype_tree_ancestor.txt -m testdata_ogids.txt -s celltype_order.txt -p 0.2 -c yes -b -4 -q 4
(cluster3|cluster8) p_maintain_edge=0.8 p_gain=0.2
(cluster2|cluster3) p_maintain_edge=0.8 p_gain=0.2
(cluster1|cluster2) p_maintain_edge=0.8 p_gain=0.2
(cluster6|cluster2) p_maintain_edge=0.8 p_gain=0.2
(cluster9|cluster6) p_maintain_edge=0.8 p_gain=0.2
(cluster10|cluster6) p_maintain_edge=0.8 p_gain=0.2
(cluster7|cluster10) p_maintain_edge=0.8 p_gain=0.2
speciesSet.size()=8 Root is cluster8
MappedOrthogroupReader::readSpeciesMapping() --- celltype_order.txt
MappedOrthogroupReader::readFile - testdata_ogids.txt
MappedOrthogroupReader::generateGeneOrthoMap()
MetaLearner::init_onefold() read:config_condor.txt
MetaLearner::setinputVariableNames number of variables: 2041
readEvidenceTable:cluster8.table
PotentialManager::loadEvidenceFromTable varCount=2041 sampleCount=348
motifNetwork.size() = 319
0=cluster8 motifNetwork=cluster8_network.txt
variable size=2041
readEvidenceTable:cluster3.table
PotentialManager::loadEvidenceFromTable varCount=2041 sampleCount=95
motifNetwork.size() = 326
1=cluster3 motifNetwork=cluster3_network.txt
variable size=2041
readEvidenceTable:cluster2.table
PotentialManager::loadEvidenceFromTable varCount=2041 sampleCount=386
motifNetwork.size() = 328
2=cluster2 motifNetwork=cluster2_network.txt
variable size=2041
readEvidenceTable:cluster1.table
PotentialManager::loadEvidenceFromTable varCount=2041 sampleCount=36
motifNetwork.size() = 322
3=cluster1 motifNetwork=cluster1_network.txt
variable size=2041
readEvidenceTable:cluster6.table
PotentialManager::loadEvidenceFromTable varCount=2041 sampleCount=524
motifNetwork.size() = 320
4=cluster6 motifNetwork=cluster6_network.txt
variable size=2041
readEvidenceTable:cluster9.table
PotentialManager::loadEvidenceFromTable varCount=2041 sampleCount=184
motifNetwork.size() = 327
5=cluster9 motifNetwork=cluster9_network.txt
variable size=2041
readEvidenceTable:cluster10.table
PotentialManager::loadEvidenceFromTable varCount=2041 sampleCount=165
motifNetwork.size() = 326
6=cluster10 motifNetwork=cluster10_network.txt
variable size=2041
readEvidenceTable:cluster7.table
PotentialManager::loadEvidenceFromTable varCount=2041 sampleCount=1032
motifNetwork.size() = 320
7=cluster7 motifNetwork=cluster7_network.txt
variable size=2041
-------------------------------------------------------------
MetaLearner::start
precomputeEmptyGraphPrior
binkey=0 [Edge status: 0 0 0 0 0 0 0 0 ] P(G)=P(cluster8=0)[0.8] * P(cluster1=0|cluster2=0) * P(cluster9=0|cluster6=0) * P(cluster7=0|cluster10=0) * P(cluster10=0|cluster6=0) * P(cluster6=0|cluster2=0) * P(cluster2=0|cluster3=0) * P(cluster3=0|cluster8=0)[0.209715]=0.167772
condsetMap_Tree
0 cluster8=0 cluster3=0 cluster2=0 cluster1=0 cluster6=0 cluster9=0 cluster10=0 cluster7=1
1 cluster8=0 cluster3=0 cluster2=0 cluster1=0 cluster6=0 cluster9=1 cluster10=0 cluster7=0
2 cluster8=0 cluster3=0 cluster2=0 cluster1=0 cluster6=0 cluster9=1 cluster10=0 cluster7=1
3 cluster8=0 cluster3=0 cluster2=0 cluster1=1 cluster6=0 cluster9=0 cluster10=0 cluster7=0
4 cluster8=0 cluster3=0 cluster2=0 cluster1=1 cluster6=0 cluster9=0 cluster10=0 cluster7=1
5 cluster8=0 cluster3=0 cluster2=0 cluster1=1 cluster6=0 cluster9=1 cluster10=0 cluster7=0
6 cluster8=0 cluster3=0 cluster2=0 cluster1=1 cluster6=0 cluster9=1 cluster10=0 cluster7=1
7 cluster8=0 cluster3=0 cluster2=0 cluster1=0 cluster6=0 cluster9=0 cluster10=1 cluster7=1
8 cluster8=0 cluster3=0 cluster2=0 cluster1=0 cluster6=0 cluster9=1 cluster10=1 cluster7=1
9 cluster8=0 cluster3=0 cluster2=0 cluster1=1 cluster6=0 cluster9=0 cluster10=1 cluster7=1
10 cluster8=0 cluster3=0 cluster2=0 cluster1=1 cluster6=0 cluster9=1 cluster10=1 cluster7=1
11 cluster8=0 cluster3=0 cluster2=0 cluster1=0 cluster6=1 cluster9=1 cluster10=1 cluster7=1
12 cluster8=0 cluster3=0 cluster2=0 cluster1=1 cluster6=1 cluster9=1 cluster10=1 cluster7=1
13 cluster8=0 cluster3=0 cluster2=1 cluster1=1 cluster6=1 cluster9=1 cluster10=1 cluster7=1
14 cluster8=0 cluster3=1 cluster2=1 cluster1=1 cluster6=1 cluster9=1 cluster10=1 cluster7=1
15 cluster8=1 cluster3=1 cluster2=1 cluster1=1 cluster6=1 cluster9=1 cluster10=1 cluster7=1
16 cluster8=1 cluster3=1 cluster2=1 cluster1=1 cluster6=1 cluster9=1 cluster10=1 cluster7=0
17 cluster8=1 cluster3=1 cluster2=1 cluster1=1 cluster6=1 cluster9=0 cluster10=1 cluster7=1
18 cluster8=1 cluster3=1 cluster2=1 cluster1=1 cluster6=1 cluster9=0 cluster10=1 cluster7=0
19 cluster8=1 cluster3=1 cluster2=1 cluster1=0 cluster6=1 cluster9=1 cluster10=1 cluster7=1
20 cluster8=1 cluster3=1 cluster2=1 cluster1=0 cluster6=1 cluster9=1 cluster10=1 cluster7=0
21 cluster8=1 cluster3=1 cluster2=1 cluster1=0 cluster6=1 cluster9=0 cluster10=1 cluster7=1
22 cluster8=1 cluster3=1 cluster2=1 cluster1=0 cluster6=1 cluster9=0 cluster10=1 cluster7=0
23 cluster8=1 cluster3=1 cluster2=1 cluster1=1 cluster6=1 cluster9=1 cluster10=0 cluster7=0
24 cluster8=1 cluster3=1 cluster2=1 cluster1=1 cluster6=1 cluster9=0 cluster10=0 cluster7=0
25 cluster8=1 cluster3=1 cluster2=1 cluster1=0 cluster6=1 cluster9=1 cluster10=0 cluster7=0
26 cluster8=1 cluster3=1 cluster2=1 cluster1=0 cluster6=1 cluster9=0 cluster10=0 cluster7=0
27 cluster8=1 cluster3=1 cluster2=1 cluster1=1 cluster6=0 cluster9=0 cluster10=0 cluster7=0
28 cluster8=1 cluster3=1 cluster2=1 cluster1=0 cluster6=0 cluster9=0 cluster10=0 cluster7=0
29 cluster8=1 cluster3=1 cluster2=0 cluster1=0 cluster6=0 cluster9=0 cluster10=0 cluster7=0
30 cluster8=1 cluster3=0 cluster2=0 cluster1=0 cluster6=0 cluster9=0 cluster10=0 cluster7=0
31 cluster8=0 cluster3=0 cluster2=0 cluster1=0 cluster6=1 cluster9=0 cluster10=0 cluster7=0
32 cluster8=0 cluster3=0 cluster2=1 cluster1=0 cluster6=0 cluster9=0 cluster10=0 cluster7=0
33 cluster8=0 cluster3=0 cluster2=0 cluster1=0 cluster6=0 cluster9=0 cluster10=1 cluster7=0
34 cluster8=0 cluster3=1 cluster2=0 cluster1=0 cluster6=0 cluster9=0 cluster10=0 cluster7=0
inputRegulatorOGs.size() = 1999 inputOGList.size() = 50
binkey=64 [Edge status: 0 0 0 0 0 0 1 0 ] P(G)=P(cluster8=0)[0.8] * P(cluster1=0|cluster2=0) * P(cluster9=0|cluster6=0) * P(cluster7=0|cluster10=1) * P(cluster10=1|cluster6=0) * P(cluster6=0|cluster2=0) * P(cluster2=0|cluster3=0) * P(cluster3=0|cluster8=0)[0.0131072]=0.0104858
binkey=128 [Edge status: 0 0 0 0 0 0 0 1 ] P(G)=P(cluster8=0)[0.8] * P(cluster1=0|cluster2=0) * P(cluster9=0|cluster6=0) * P(cluster7=1|cluster10=0) * P(cluster10=0|cluster6=0) * P(cluster6=0|cluster2=0) * P(cluster2=0|cluster3=0) * P(cluster3=0|cluster8=0)[0.0524288]=0.041943
binkey=4 [Edge status: 0 0 1 0 0 0 0 0 ] P(G)=P(cluster8=0)[0.8] * P(cluster1=0|cluster2=1) * P(cluster9=0|cluster6=0) * P(cluster7=0|cluster10=0) * P(cluster10=0|cluster6=0) * P(cluster6=0|cluster2=1) * P(cluster2=1|cluster3=0) * P(cluster3=0|cluster8=0)[0.0032768]=0.00262144
binkey=2 [Edge status: 0 1 0 0 0 0 0 0 ] P(G)=P(cluster8=0)[0.8] * P(cluster1=0|cluster2=0) * P(cluster9=0|cluster6=0) * P(cluster7=0|cluster10=0) * P(cluster10=0|cluster6=0) * P(cluster6=0|cluster2=0) * P(cluster2=0|cluster3=1) * P(cluster3=1|cluster8=0)[0.0131072]=0.0104858
binkey=1 [Edge status: 1 0 0 0 0 0 0 0 ] P(G)=P(cluster8=1)[0.2] * P(cluster1=0|cluster2=0) * P(cluster9=0|cluster6=0) * P(cluster7=0|cluster10=0) * P(cluster10=0|cluster6=0) * P(cluster6=0|cluster2=0) * P(cluster2=0|cluster3=0) * P(cluster3=0|cluster8=1)[0.0524288]=0.0104858
binkey=16 [Edge status: 0 0 0 0 1 0 0 0 ] P(G)=P(cluster8=0)[0.8] * P(cluster1=0|cluster2=0) * P(cluster9=0|cluster6=1) * P(cluster7=0|cluster10=0) * P(cluster10=0|cluster6=1) * P(cluster6=1|cluster2=0) * P(cluster2=0|cluster3=0) * P(cluster3=0|cluster8=0)[0.0032768]=0.00262144
binkey=8 [Edge status: 0 0 0 1 0 0 0 0 ] P(G)=P(cluster8=0)[0.8] * P(cluster1=1|cluster2=0) * P(cluster9=0|cluster6=0) * P(cluster7=0|cluster10=0) * P(cluster10=0|cluster6=0) * P(cluster6=0|cluster2=0) * P(cluster2=0|cluster3=0) * P(cluster3=0|cluster8=0)[0.0524288]=0.041943
binkey=136 [Edge status: 0 0 0 1 0 0 0 1 ] P(G)=P(cluster8=0)[0.8] * P(cluster1=1|cluster2=0) * P(cluster9=0|cluster6=0) * P(cluster7=1|cluster10=0) * P(cluster10=0|cluster6=0) * P(cluster6=0|cluster2=0) * P(cluster2=0|cluster3=0) * P(cluster3=0|cluster8=0)[0.0131072]=0.0104858
binkey=3 [Edge status: 1 1 0 0 0 0 0 0 ] P(G)=P(cluster8=1)[0.2] * P(cluster1=0|cluster2=0) * P(cluster9=0|cluster6=0) * P(cluster7=0|cluster10=0) * P(cluster10=0|cluster6=0) * P(cluster6=0|cluster2=0) * P(cluster2=0|cluster3=1) * P(cluster3=1|cluster8=1)[0.0524288]=0.0104858
binkey=32 [Edge status: 0 0 0 0 0 1 0 0 ] P(G)=P(cluster8=0)[0.8] * P(cluster1=0|cluster2=0) * P(cluster9=1|cluster6=0) * P(cluster7=0|cluster10=0) * P(cluster10=0|cluster6=0) * P(cluster6=0|cluster2=0) * P(cluster2=0|cluster3=0) * P(cluster3=0|cluster8=0)[0.0524288]=0.041943
binkey=192 [Edge status: 0 0 0 0 0 0 1 1 ] P(G)=P(cluster8=0)[0.8] * P(cluster1=0|cluster2=0) * P(cluster9=0|cluster6=0) * P(cluster7=1|cluster10=1) * P(cluster10=1|cluster6=0) * P(cluster6=0|cluster2=0) * P(cluster2=0|cluster3=0) * P(cluster3=0|cluster8=0)[0.0524288]=0.041943
binkey=160 [Edge status: 0 0 0 0 0 1 0 1 ] P(G)=P(cluster8=0)[0.8] * P(cluster1=0|cluster2=0) * P(cluster9=1|cluster6=0) * P(cluster7=1|cluster10=0) * P(cluster10=0|cluster6=0) * P(cluster6=0|cluster2=0) * P(cluster2=0|cluster3=0) * P(cluster3=0|cluster8=0)[0.0131072]=0.0104858
binkey=224 [Edge status: 0 0 0 0 0 1 1 1 ] P(G)=P(cluster8=0)[0.8] * P(cluster1=0|cluster2=0) * P(cluster9=1|cluster6=0) * P(cluster7=1|cluster10=1) * P(cluster10=1|cluster6=0) * P(cluster6=0|cluster2=0) * P(cluster2=0|cluster3=0) * P(cluster3=0|cluster8=0)[0.0131072]=0.0104858
binkey=40 [Edge status: 0 0 0 1 0 1 0 0 ] P(G)=P(cluster8=0)[0.8] * P(cluster1=1|cluster2=0) * P(cluster9=1|cluster6=0) * P(cluster7=0|cluster10=0) * P(cluster10=0|cluster6=0) * P(cluster6=0|cluster2=0) * P(cluster2=0|cluster3=0) * P(cluster3=0|cluster8=0)[0.0131072]=0.0104858
binkey=168 [Edge status: 0 0 0 1 0 1 0 1 ] P(G)=P(cluster8=0)[0.8] * P(cluster1=1|cluster2=0) * P(cluster9=1|cluster6=0) * P(cluster7=1|cluster10=0) * P(cluster10=0|cluster6=0) * P(cluster6=0|cluster2=0) * P(cluster2=0|cluster3=0) * P(cluster3=0|cluster8=0)[0.0032768]=0.00262144
binkey=200 [Edge status: 0 0 0 1 0 0 1 1 ] P(G)=P(cluster8=0)[0.8] * P(cluster1=1|cluster2=0) * P(cluster9=0|cluster6=0) * P(cluster7=1|cluster10=1) * P(cluster10=1|cluster6=0) * P(cluster6=0|cluster2=0) * P(cluster2=0|cluster3=0) * P(cluster3=0|cluster8=0)[0.0131072]=0.0104858
binkey=232 [Edge status: 0 0 0 1 0 1 1 1 ] P(G)=P(cluster8=0)[0.8] * P(cluster1=1|cluster2=0) * P(cluster9=1|cluster6=0) * P(cluster7=1|cluster10=1) * P(cluster10=1|cluster6=0) * P(cluster6=0|cluster2=0) * P(cluster2=0|cluster3=0) * P(cluster3=0|cluster8=0)[0.0032768]=0.00262144
binkey=240 [Edge status: 0 0 0 0 1 1 1 1 ] P(G)=P(cluster8=0)[0.8] * P(cluster1=0|cluster2=0) * P(cluster9=1|cluster6=1) * P(cluster7=1|cluster10=1) * P(cluster10=1|cluster6=1) * P(cluster6=1|cluster2=0) * P(cluster2=0|cluster3=0) * P(cluster3=0|cluster8=0)[0.0524288]=0.041943
binkey=248 [Edge status: 0 0 0 1 1 1 1 1 ] P(G)=P(cluster8=0)[0.8] * P(cluster1=1|cluster2=0) * P(cluster9=1|cluster6=1) * P(cluster7=1|cluster10=1) * P(cluster10=1|cluster6=1) * P(cluster6=1|cluster2=0) * P(cluster2=0|cluster3=0) * P(cluster3=0|cluster8=0)[0.0131072]=0.0104858
binkey=7 [Edge status: 1 1 1 0 0 0 0 0 ] P(G)=P(cluster8=1)[0.2] * P(cluster1=0|cluster2=1) * P(cluster9=0|cluster6=0) * P(cluster7=0|cluster10=0) * P(cluster10=0|cluster6=0) * P(cluster6=0|cluster2=1) * P(cluster2=1|cluster3=1) * P(cluster3=1|cluster8=1)[0.0131072]=0.00262144
binkey=247 [Edge status: 1 1 1 0 1 1 1 1 ] P(G)=P(cluster8=1)[0.2] * P(cluster1=0|cluster2=1) * P(cluster9=1|cluster6=1) * P(cluster7=1|cluster10=1) * P(cluster10=1|cluster6=1) * P(cluster6=1|cluster2=1) * P(cluster2=1|cluster3=1) * P(cluster3=1|cluster8=1)[0.0524288]=0.0104858
binkey=119 [Edge status: 1 1 1 0 1 1 1 0 ] P(G)=P(cluster8=1)[0.2] * P(cluster1=0|cluster2=1) * P(cluster9=1|cluster6=1) * P(cluster7=0|cluster10=1) * P(cluster10=1|cluster6=1) * P(cluster6=1|cluster2=1) * P(cluster2=1|cluster3=1) * P(cluster3=1|cluster8=1)[0.0131072]=0.00262144
binkey=215 [Edge status: 1 1 1 0 1 0 1 1 ] P(G)=P(cluster8=1)[0.2] * P(cluster1=0|cluster2=1) * P(cluster9=0|cluster6=1) * P(cluster7=1|cluster10=1) * P(cluster10=1|cluster6=1) * P(cluster6=1|cluster2=1) * P(cluster2=1|cluster3=1) * P(cluster3=1|cluster8=1)[0.0131072]=0.00262144
binkey=87 [Edge status: 1 1 1 0 1 0 1 0 ] P(G)=P(cluster8=1)[0.2] * P(cluster1=0|cluster2=1) * P(cluster9=0|cluster6=1) * P(cluster7=0|cluster10=1) * P(cluster10=1|cluster6=1) * P(cluster6=1|cluster2=1) * P(cluster2=1|cluster3=1) * P(cluster3=1|cluster8=1)[0.0032768]=0.00065536
binkey=55 [Edge status: 1 1 1 0 1 1 0 0 ] P(G)=P(cluster8=1)[0.2] * P(cluster1=0|cluster2=1) * P(cluster9=1|cluster6=1) * P(cluster7=0|cluster10=0) * P(cluster10=0|cluster6=1) * P(cluster6=1|cluster2=1) * P(cluster2=1|cluster3=1) * P(cluster3=1|cluster8=1)[0.0131072]=0.00262144
binkey=23 [Edge status: 1 1 1 0 1 0 0 0 ] P(G)=P(cluster8=1)[0.2] * P(cluster1=0|cluster2=1) * P(cluster9=0|cluster6=1) * P(cluster7=0|cluster10=0) * P(cluster10=0|cluster6=1) * P(cluster6=1|cluster2=1) * P(cluster2=1|cluster3=1) * P(cluster3=1|cluster8=1)[0.0032768]=0.00065536
binkey=252 [Edge status: 0 0 1 1 1 1 1 1 ] P(G)=P(cluster8=0)[0.8] * P(cluster1=1|cluster2=1) * P(cluster9=1|cluster6=1) * P(cluster7=1|cluster10=1) * P(cluster10=1|cluster6=1) * P(cluster6=1|cluster2=1) * P(cluster2=1|cluster3=0) * P(cluster3=0|cluster8=0)[0.0524288]=0.041943
binkey=254 [Edge status: 0 1 1 1 1 1 1 1 ] P(G)=P(cluster8=0)[0.8] * P(cluster1=1|cluster2=1) * P(cluster9=1|cluster6=1) * P(cluster7=1|cluster10=1) * P(cluster10=1|cluster6=1) * P(cluster6=1|cluster2=1) * P(cluster2=1|cluster3=1) * P(cluster3=1|cluster8=0)[0.0524288]=0.041943
ITERATION 0 newScore=-2.72063e+06 diffscore=14780.2 priorChange=-116.449 successMove=59
ITERATION 1 newScore=-2.70871e+06 diffscore=11926.9 priorChange=-119.221 successMove=52
ITERATION 2 newScore=-2.70485e+06 diffscore=3853.69 priorChange=-120.608 successMove=52
ITERATION 3 newScore=-2.69821e+06 diffscore=6642.67 priorChange=-121.994 successMove=53
ITERATION 4 newScore=-2.69409e+06 diffscore=4125.38 priorChange=-116.449 successMove=58
ITERATION 5 newScore=-2.69051e+06 diffscore=3572.73 priorChange=-112.29 successMove=53
ITERATION 6 newScore=-2.68735e+06 diffscore=3168.02 priorChange=-106.745 successMove=51
ITERATION 7 newScore=-2.6844e+06 diffscore=2942.96 priorChange=-115.062 successMove=52
ITERATION 8 newScore=-2.67882e+06 diffscore=5585.23 priorChange=-112.29 successMove=56
ITERATION 9 newScore=-2.67553e+06 diffscore=3288.62 priorChange=-109.517 successMove=53
ITERATION 10 newScore=-2.67384e+06 diffscore=1684.39 priorChange=-119.221 successMove=54
ITERATION 11 newScore=-2.67132e+06 diffscore=2526.52 priorChange=-105.358 successMove=51
ITERATION 12 newScore=-2.66956e+06 diffscore=1758.47 priorChange=-123.38 successMove=50
ITERATION 13 newScore=-2.66419e+06 diffscore=5364.63 priorChange=-109.517 successMove=49
ITERATION 14 newScore=-2.66206e+06 diffscore=2135.91 priorChange=-108.131 successMove=52
ITERATION 15 newScore=-2.66057e+06 diffscore=1485.07 priorChange=-113.676 successMove=51
ITERATION 16 newScore=-2.65787e+06 diffscore=2705.32 priorChange=-112.29 successMove=50
ITERATION 17 newScore=-2.65086e+06 diffscore=7007.94 priorChange=-103.972 successMove=52
ITERATION 18 newScore=-2.64722e+06 diffscore=3636.28 priorChange=-112.29 successMove=50
ITERATION 19 newScore=-2.64508e+06 diffscore=2139.69 priorChange=-120.608 successMove=49
ITERATION 20 newScore=-2.64431e+06 diffscore=772.772 priorChange=-109.517 successMove=52
ITERATION 21 newScore=-2.64378e+06 diffscore=530.487 priorChange=-113.676 successMove=48
ITERATION 22 newScore=-2.64198e+06 diffscore=1802.53 priorChange=-99.8132 successMove=49
ITERATION 23 newScore=-2.63847e+06 diffscore=3503.57 priorChange=-97.0406 successMove=47
ITERATION 24 newScore=-2.6358e+06 diffscore=2674.09 priorChange=-110.904 successMove=47
ITERATION 25 newScore=-2.63528e+06 diffscore=525.15 priorChange=-106.745 successMove=49
ITERATION 26 newScore=-2.63285e+06 diffscore=2427.07 priorChange=-102.586 successMove=49
ITERATION 27 newScore=-2.63241e+06 diffscore=439.956 priorChange=-113.676 successMove=49
ITERATION 28 newScore=-2.63058e+06 diffscore=1827.16 priorChange=-103.972 successMove=47
ITERATION 29 newScore=-2.62926e+06 diffscore=1319.44 priorChange=-105.358 successMove=48
ITERATION 30 newScore=-2.62666e+06 diffscore=2602.72 priorChange=-110.904 successMove=48
ITERATION 31 newScore=-2.62618e+06 diffscore=478.142 priorChange=-108.131 successMove=47
ITERATION 32 newScore=-2.62528e+06 diffscore=903.274 priorChange=-94.268 successMove=50
ITERATION 33 newScore=-2.6233e+06 diffscore=1980.64 priorChange=-105.358 successMove=49
ITERATION 34 newScore=-2.62151e+06 diffscore=1786.75 priorChange=-98.4269 successMove=48
ITERATION 35 newScore=-2.61893e+06 diffscore=2575.91 priorChange=-91.4954 successMove=48
ITERATION 36 newScore=-2.61588e+06 diffscore=3050.01 priorChange=-99.8132 successMove=45
ITERATION 37 newScore=-2.61438e+06 diffscore=1502.96 priorChange=-94.268 successMove=45
ITERATION 38 newScore=-2.61394e+06 diffscore=442.441 priorChange=-91.4954 successMove=44
ITERATION 39 newScore=-2.61294e+06 diffscore=996.514 priorChange=-101.199 successMove=46
ITERATION 40 newScore=-2.61252e+06 diffscore=420.868 priorChange=-98.4269 successMove=45
ITERATION 41 newScore=-2.61137e+06 diffscore=1155.78 priorChange=-105.358 successMove=45
ITERATION 42 newScore=-2.6091e+06 diffscore=2262.79 priorChange=-98.4269 successMove=43
ITERATION 43 newScore=-2.60877e+06 diffscore=334.557 priorChange=-94.268 successMove=43
ITERATION 44 newScore=-2.60836e+06 diffscore=411.708 priorChange=-103.972 successMove=43
ITERATION 45 newScore=-2.60783e+06 diffscore=524.907 priorChange=-83.1777 successMove=44
ITERATION 46 newScore=-2.60579e+06 diffscore=2039.13 priorChange=-97.0406 successMove=43
ITERATION 47 newScore=-2.60553e+06 diffscore=262.983 priorChange=-87.3365 successMove=43
ITERATION 48 newScore=-2.60504e+06 diffscore=490.073 priorChange=-97.0406 successMove=42
ITERATION 49 newScore=-2.60455e+06 diffscore=489.271 priorChange=-103.972 successMove=42
ITERATION 50 newScore=-2.60302e+06 diffscore=1529.4 priorChange=-84.564 successMove=42
ITERATION 51 newScore=-2.60125e+06 diffscore=1770.54 priorChange=-79.0188 successMove=42
ITERATION 52 newScore=-2.59839e+06 diffscore=2860.73 priorChange=-87.3365 successMove=42
ITERATION 53 newScore=-2.59734e+06 diffscore=1051.42 priorChange=-88.7228 successMove=43
ITERATION 54 newScore=-2.59596e+06 diffscore=1379.51 priorChange=-88.7228 successMove=43
ITERATION 55 newScore=-2.59571e+06 diffscore=250.003 priorChange=-76.2462 successMove=41
ITERATION 56 newScore=-2.59547e+06 diffscore=241.228 priorChange=-87.3365 successMove=40
ITERATION 57 newScore=-2.59511e+06 diffscore=355.464 priorChange=-76.2462 successMove=40
ITERATION 58 newScore=-2.59434e+06 diffscore=767.42 priorChange=-84.564 successMove=37
ITERATION 59 newScore=-2.59392e+06 diffscore=427.449 priorChange=-74.8599 successMove=37
ITERATION 60 newScore=-2.59344e+06 diffscore=482.39 priorChange=-65.1558 successMove=38
ITERATION 61 newScore=-2.59232e+06 diffscore=1110.61 priorChange=-81.7914 successMove=37
ITERATION 62 newScore=-2.5921e+06 diffscore=228.652 priorChange=-80.4051 successMove=38
ITERATION 63 newScore=-2.59069e+06 diffscore=1402.38 priorChange=-72.0873 successMove=37
ITERATION 64 newScore=-2.58799e+06 diffscore=2702.67 priorChange=-81.7914 successMove=37
ITERATION 65 newScore=-2.58767e+06 diffscore=317.167 priorChange=-70.701 successMove=35
ITERATION 66 newScore=-2.58627e+06 diffscore=1400.2 priorChange=-69.3147 successMove=34
ITERATION 67 newScore=-2.58579e+06 diffscore=481.256 priorChange=-65.1558 successMove=33
ITERATION 68 newScore=-2.5847e+06 diffscore=1089.36 priorChange=-67.9284 successMove=32
ITERATION 69 newScore=-2.58345e+06 diffscore=1250.74 priorChange=-55.4518 successMove=31
ITERATION 70 newScore=-2.58331e+06 diffscore=144.973 priorChange=-55.4518 successMove=31
ITERATION 71 newScore=-2.58216e+06 diffscore=1147.15 priorChange=-58.2244 successMove=31
ITERATION 72 newScore=-2.58203e+06 diffscore=129.764 priorChange=-66.5421 successMove=32
ITERATION 73 newScore=-2.5808e+06 diffscore=1226.15 priorChange=-59.6107 successMove=28
ITERATION 74 newScore=-2.58071e+06 diffscore=94.2468 priorChange=-49.9066 successMove=25
ITERATION 75 newScore=-2.58062e+06 diffscore=92.4503 priorChange=-52.6792 successMove=24
ITERATION 76 newScore=-2.58054e+06 diffscore=74.0683 priorChange=-37.4299 successMove=20
ITERATION 77 newScore=-2.58045e+06 diffscore=92.8963 priorChange=-37.4299 successMove=18
ITERATION 78 newScore=-2.58029e+06 diffscore=164.124 priorChange=-40.2025 successMove=18
ITERATION 79 newScore=-2.5802e+06 diffscore=89.7603 priorChange=-34.6574 successMove=17
ITERATION 80 newScore=-2.58012e+06 diffscore=77.6203 priorChange=-40.2025 successMove=19
ITERATION 81 newScore=-2.58001e+06 diffscore=104.781 priorChange=-37.4299 successMove=17
ITERATION 82 newScore=-2.57891e+06 diffscore=1101.71 priorChange=-36.0437 successMove=18
ITERATION 83 newScore=-2.57885e+06 diffscore=65.9545 priorChange=-34.6574 successMove=15
ITERATION 84 newScore=-2.57881e+06 diffscore=40.6481 priorChange=-22.1807 successMove=14
ITERATION 85 newScore=-2.57876e+06 diffscore=41.3697 priorChange=-26.3396 successMove=15
ITERATION 86 newScore=-2.57872e+06 diffscore=49.2161 priorChange=-31.8848 successMove=14
ITERATION 87 newScore=-2.57865e+06 diffscore=64.1499 priorChange=-27.7259 successMove=13
ITERATION 88 newScore=-2.57861e+06 diffscore=42.6934 priorChange=-16.6355 successMove=13
ITERATION 89 newScore=-2.57855e+06 diffscore=62.1459 priorChange=-19.4081 successMove=12
ITERATION 90 newScore=-2.5785e+06 diffscore=47.0997 priorChange=-24.9533 successMove=12
ITERATION 91 newScore=-2.57846e+06 diffscore=40.6643 priorChange=-20.7944 successMove=12
ITERATION 92 newScore=-2.57842e+06 diffscore=37.8555 priorChange=-19.4081 successMove=13
ITERATION 93 newScore=-2.57838e+06 diffscore=43.1403 priorChange=-22.1807 successMove=11
ITERATION 94 newScore=-2.57735e+06 diffscore=1027.1 priorChange=-15.2492 successMove=9
ITERATION 95 newScore=-2.57732e+06 diffscore=27.082 priorChange=-15.2492 successMove=8
ITERATION 96 newScore=-2.5773e+06 diffscore=27.5265 priorChange=-11.0904 successMove=11
ITERATION 97 newScore=-2.57727e+06 diffscore=21.2119 priorChange=-12.4766 successMove=7
ITERATION 98 newScore=-2.57726e+06 diffscore=17.528 priorChange=-9.70406 successMove=5
ITERATION 99 newScore=-2.57724e+06 diffscore=17.7697 priorChange=-6.93147 successMove=5
MetaLearner::dumpAllGraphs
Final Score -2.57724e+06
MetaLearner::start runtime: 1214073356 ms
Results/
Results/cluster3/
Results/cluster3/fold0/
Results/cluster3/fold0/modelparams.txt
Results/cluster3/fold0/var_mb_pw_k50.txt
Results/cluster7/
Results/cluster7/fold0/
Results/cluster7/fold0/modelparams.txt
Results/cluster7/fold0/var_mb_pw_k50.txt
Results/cluster2/
Results/cluster2/fold0/
Results/cluster2/fold0/modelparams.txt
Results/cluster2/fold0/var_mb_pw_k50.txt
Results/cluster9/
Results/cluster9/fold0/
Results/cluster9/fold0/modelparams.txt
Results/cluster9/fold0/var_mb_pw_k50.txt
Results/cluster6/
Results/cluster6/fold0/
Results/cluster6/fold0/modelparams.txt
Results/cluster6/fold0/var_mb_pw_k50.txt
Results/cluster1/
Results/cluster1/fold0/
Results/cluster1/fold0/modelparams.txt
Results/cluster1/fold0/var_mb_pw_k50.txt
Results/cluster10/
Results/cluster10/fold0/
Results/cluster10/fold0/modelparams.txt
Results/cluster10/fold0/var_mb_pw_k50.txt
Results/cluster8/
Results/cluster8/scoreFile.txt
Results/cluster8/fold0/
Results/cluster8/fold0/modelparams.txt
Results/cluster8/fold0/var_mb_pw_k50.txt
