./CVN -f config_condor.txt -x50 -v1 -l TFs_OGs.txt -n AllGenes123.txt -d celltype_tree_ancestor.txt -m testdata_ogids.txt -s celltype_order.txt -p 0.2 -c yes -b -4 -q 4
(cluster3|cluster8) p_maintain_edge=0.8 p_gain=0.2
(cluster2|cluster3) p_maintain_edge=0.8 p_gain=0.2
(cluster1|cluster2) p_maintain_edge=0.8 p_gain=0.2
(cluster6|cluster2) p_maintain_edge=0.8 p_gain=0.2
(cluster9|cluster6) p_maintain_edge=0.8 p_gain=0.2
(cluster10|cluster6) p_maintain_edge=0.8 p_gain=0.2
(cluster7|cluster10) p_maintain_edge=0.8 p_gain=0.2
speciesSet.size()=8 Root is cluster8
MappedOrthogroupReader::readSpeciesMapping() --- celltype_order.txt
MappedOrthogroupReader::readFile - testdata_ogids.txt
MappedOrthogroupReader::generateGeneOrthoMap()
MetaLearner::init_onefold() read:config_condor.txt
MetaLearner::setinputVariableNames number of variables: 2044
readEvidenceTable:cluster8.table
PotentialManager::loadEvidenceFromTable varCount=2044 sampleCount=348
motifNetwork.size() = 319
0=cluster8 motifNetwork=cluster8_network.txt
variable size=2044
readEvidenceTable:cluster3.table
PotentialManager::loadEvidenceFromTable varCount=2044 sampleCount=95
motifNetwork.size() = 326
1=cluster3 motifNetwork=cluster3_network.txt
variable size=2044
readEvidenceTable:cluster2.table
PotentialManager::loadEvidenceFromTable varCount=2044 sampleCount=386
motifNetwork.size() = 328
2=cluster2 motifNetwork=cluster2_network.txt
variable size=2044
readEvidenceTable:cluster1.table
PotentialManager::loadEvidenceFromTable varCount=2044 sampleCount=36
motifNetwork.size() = 322
3=cluster1 motifNetwork=cluster1_network.txt
variable size=2044
readEvidenceTable:cluster6.table
PotentialManager::loadEvidenceFromTable varCount=2044 sampleCount=524
motifNetwork.size() = 320
4=cluster6 motifNetwork=cluster6_network.txt
variable size=2044
readEvidenceTable:cluster9.table
PotentialManager::loadEvidenceFromTable varCount=2044 sampleCount=184
motifNetwork.size() = 327
5=cluster9 motifNetwork=cluster9_network.txt
variable size=2044
readEvidenceTable:cluster10.table
PotentialManager::loadEvidenceFromTable varCount=2044 sampleCount=165
motifNetwork.size() = 326
6=cluster10 motifNetwork=cluster10_network.txt
variable size=2044
readEvidenceTable:cluster7.table
PotentialManager::loadEvidenceFromTable varCount=2044 sampleCount=1032
motifNetwork.size() = 320
7=cluster7 motifNetwork=cluster7_network.txt
variable size=2044
-------------------------------------------------------------
MetaLearner::start
precomputeEmptyGraphPrior
binkey=0 [Edge status: 0 0 0 0 0 0 0 0 ] P(G)=P(cluster8=0)[0.8] * P(cluster1=0|cluster2=0) * P(cluster9=0|cluster6=0) * P(cluster7=0|cluster10=0) * P(cluster10=0|cluster6=0) * P(cluster6=0|cluster2=0) * P(cluster2=0|cluster3=0) * P(cluster3=0|cluster8=0)[0.209715]=0.167772
condsetMap_Tree
0 cluster8=0 cluster3=0 cluster2=0 cluster1=0 cluster6=0 cluster9=0 cluster10=0 cluster7=1
1 cluster8=0 cluster3=0 cluster2=0 cluster1=0 cluster6=0 cluster9=1 cluster10=0 cluster7=0
2 cluster8=0 cluster3=0 cluster2=0 cluster1=0 cluster6=0 cluster9=1 cluster10=0 cluster7=1
3 cluster8=0 cluster3=0 cluster2=0 cluster1=1 cluster6=0 cluster9=0 cluster10=0 cluster7=0
4 cluster8=0 cluster3=0 cluster2=0 cluster1=1 cluster6=0 cluster9=0 cluster10=0 cluster7=1
5 cluster8=0 cluster3=0 cluster2=0 cluster1=1 cluster6=0 cluster9=1 cluster10=0 cluster7=0
6 cluster8=0 cluster3=0 cluster2=0 cluster1=1 cluster6=0 cluster9=1 cluster10=0 cluster7=1
7 cluster8=0 cluster3=0 cluster2=0 cluster1=0 cluster6=0 cluster9=0 cluster10=1 cluster7=1
8 cluster8=0 cluster3=0 cluster2=0 cluster1=0 cluster6=0 cluster9=1 cluster10=1 cluster7=1
9 cluster8=0 cluster3=0 cluster2=0 cluster1=1 cluster6=0 cluster9=0 cluster10=1 cluster7=1
10 cluster8=0 cluster3=0 cluster2=0 cluster1=1 cluster6=0 cluster9=1 cluster10=1 cluster7=1
11 cluster8=0 cluster3=0 cluster2=0 cluster1=0 cluster6=1 cluster9=1 cluster10=1 cluster7=1
12 cluster8=0 cluster3=0 cluster2=0 cluster1=1 cluster6=1 cluster9=1 cluster10=1 cluster7=1
13 cluster8=0 cluster3=0 cluster2=1 cluster1=1 cluster6=1 cluster9=1 cluster10=1 cluster7=1
14 cluster8=0 cluster3=1 cluster2=1 cluster1=1 cluster6=1 cluster9=1 cluster10=1 cluster7=1
15 cluster8=1 cluster3=1 cluster2=1 cluster1=1 cluster6=1 cluster9=1 cluster10=1 cluster7=1
16 cluster8=1 cluster3=1 cluster2=1 cluster1=1 cluster6=1 cluster9=1 cluster10=1 cluster7=0
17 cluster8=1 cluster3=1 cluster2=1 cluster1=1 cluster6=1 cluster9=0 cluster10=1 cluster7=1
18 cluster8=1 cluster3=1 cluster2=1 cluster1=1 cluster6=1 cluster9=0 cluster10=1 cluster7=0
19 cluster8=1 cluster3=1 cluster2=1 cluster1=0 cluster6=1 cluster9=1 cluster10=1 cluster7=1
20 cluster8=1 cluster3=1 cluster2=1 cluster1=0 cluster6=1 cluster9=1 cluster10=1 cluster7=0
21 cluster8=1 cluster3=1 cluster2=1 cluster1=0 cluster6=1 cluster9=0 cluster10=1 cluster7=1
22 cluster8=1 cluster3=1 cluster2=1 cluster1=0 cluster6=1 cluster9=0 cluster10=1 cluster7=0
23 cluster8=1 cluster3=1 cluster2=1 cluster1=1 cluster6=1 cluster9=1 cluster10=0 cluster7=0
24 cluster8=1 cluster3=1 cluster2=1 cluster1=1 cluster6=1 cluster9=0 cluster10=0 cluster7=0
25 cluster8=1 cluster3=1 cluster2=1 cluster1=0 cluster6=1 cluster9=1 cluster10=0 cluster7=0
26 cluster8=1 cluster3=1 cluster2=1 cluster1=0 cluster6=1 cluster9=0 cluster10=0 cluster7=0
27 cluster8=1 cluster3=1 cluster2=1 cluster1=1 cluster6=0 cluster9=0 cluster10=0 cluster7=0
28 cluster8=1 cluster3=1 cluster2=1 cluster1=0 cluster6=0 cluster9=0 cluster10=0 cluster7=0
29 cluster8=1 cluster3=1 cluster2=0 cluster1=0 cluster6=0 cluster9=0 cluster10=0 cluster7=0
30 cluster8=1 cluster3=0 cluster2=0 cluster1=0 cluster6=0 cluster9=0 cluster10=0 cluster7=0
31 cluster8=0 cluster3=0 cluster2=0 cluster1=0 cluster6=1 cluster9=0 cluster10=0 cluster7=0
32 cluster8=0 cluster3=0 cluster2=1 cluster1=0 cluster6=0 cluster9=0 cluster10=0 cluster7=0
33 cluster8=0 cluster3=0 cluster2=0 cluster1=0 cluster6=0 cluster9=0 cluster10=1 cluster7=0
34 cluster8=0 cluster3=1 cluster2=0 cluster1=0 cluster6=0 cluster9=0 cluster10=0 cluster7=0
inputRegulatorOGs.size() = 1999 inputOGList.size() = 50
binkey=2 [Edge status: 0 1 0 0 0 0 0 0 ] P(G)=P(cluster8=0)[0.8] * P(cluster1=0|cluster2=0) * P(cluster9=0|cluster6=0) * P(cluster7=0|cluster10=0) * P(cluster10=0|cluster6=0) * P(cluster6=0|cluster2=0) * P(cluster2=0|cluster3=1) * P(cluster3=1|cluster8=0)[0.0131072]=0.0104858
binkey=128 [Edge status: 0 0 0 0 0 0 0 1 ] P(G)=P(cluster8=0)[0.8] * P(cluster1=0|cluster2=0) * P(cluster9=0|cluster6=0) * P(cluster7=1|cluster10=0) * P(cluster10=0|cluster6=0) * P(cluster6=0|cluster2=0) * P(cluster2=0|cluster3=0) * P(cluster3=0|cluster8=0)[0.0524288]=0.041943
binkey=16 [Edge status: 0 0 0 0 1 0 0 0 ] P(G)=P(cluster8=0)[0.8] * P(cluster1=0|cluster2=0) * P(cluster9=0|cluster6=1) * P(cluster7=0|cluster10=0) * P(cluster10=0|cluster6=1) * P(cluster6=1|cluster2=0) * P(cluster2=0|cluster3=0) * P(cluster3=0|cluster8=0)[0.0032768]=0.00262144
binkey=1 [Edge status: 1 0 0 0 0 0 0 0 ] P(G)=P(cluster8=1)[0.2] * P(cluster1=0|cluster2=0) * P(cluster9=0|cluster6=0) * P(cluster7=0|cluster10=0) * P(cluster10=0|cluster6=0) * P(cluster6=0|cluster2=0) * P(cluster2=0|cluster3=0) * P(cluster3=0|cluster8=1)[0.0524288]=0.0104858
binkey=4 [Edge status: 0 0 1 0 0 0 0 0 ] P(G)=P(cluster8=0)[0.8] * P(cluster1=0|cluster2=1) * P(cluster9=0|cluster6=0) * P(cluster7=0|cluster10=0) * P(cluster10=0|cluster6=0) * P(cluster6=0|cluster2=1) * P(cluster2=1|cluster3=0) * P(cluster3=0|cluster8=0)[0.0032768]=0.00262144
binkey=8 [Edge status: 0 0 0 1 0 0 0 0 ] P(G)=P(cluster8=0)[0.8] * P(cluster1=1|cluster2=0) * P(cluster9=0|cluster6=0) * P(cluster7=0|cluster10=0) * P(cluster10=0|cluster6=0) * P(cluster6=0|cluster2=0) * P(cluster2=0|cluster3=0) * P(cluster3=0|cluster8=0)[0.0524288]=0.041943
binkey=32 [Edge status: 0 0 0 0 0 1 0 0 ] P(G)=P(cluster8=0)[0.8] * P(cluster1=0|cluster2=0) * P(cluster9=1|cluster6=0) * P(cluster7=0|cluster10=0) * P(cluster10=0|cluster6=0) * P(cluster6=0|cluster2=0) * P(cluster2=0|cluster3=0) * P(cluster3=0|cluster8=0)[0.0524288]=0.041943
binkey=64 [Edge status: 0 0 0 0 0 0 1 0 ] P(G)=P(cluster8=0)[0.8] * P(cluster1=0|cluster2=0) * P(cluster9=0|cluster6=0) * P(cluster7=0|cluster10=1) * P(cluster10=1|cluster6=0) * P(cluster6=0|cluster2=0) * P(cluster2=0|cluster3=0) * P(cluster3=0|cluster8=0)[0.0131072]=0.0104858
binkey=136 [Edge status: 0 0 0 1 0 0 0 1 ] P(G)=P(cluster8=0)[0.8] * P(cluster1=1|cluster2=0) * P(cluster9=0|cluster6=0) * P(cluster7=1|cluster10=0) * P(cluster10=0|cluster6=0) * P(cluster6=0|cluster2=0) * P(cluster2=0|cluster3=0) * P(cluster3=0|cluster8=0)[0.0131072]=0.0104858
binkey=192 [Edge status: 0 0 0 0 0 0 1 1 ] P(G)=P(cluster8=0)[0.8] * P(cluster1=0|cluster2=0) * P(cluster9=0|cluster6=0) * P(cluster7=1|cluster10=1) * P(cluster10=1|cluster6=0) * P(cluster6=0|cluster2=0) * P(cluster2=0|cluster3=0) * P(cluster3=0|cluster8=0)[0.0524288]=0.041943
binkey=3 [Edge status: 1 1 0 0 0 0 0 0 ] P(G)=P(cluster8=1)[0.2] * P(cluster1=0|cluster2=0) * P(cluster9=0|cluster6=0) * P(cluster7=0|cluster10=0) * P(cluster10=0|cluster6=0) * P(cluster6=0|cluster2=0) * P(cluster2=0|cluster3=1) * P(cluster3=1|cluster8=1)[0.0524288]=0.0104858
binkey=160 [Edge status: 0 0 0 0 0 1 0 1 ] P(G)=P(cluster8=0)[0.8] * P(cluster1=0|cluster2=0) * P(cluster9=1|cluster6=0) * P(cluster7=1|cluster10=0) * P(cluster10=0|cluster6=0) * P(cluster6=0|cluster2=0) * P(cluster2=0|cluster3=0) * P(cluster3=0|cluster8=0)[0.0131072]=0.0104858
binkey=224 [Edge status: 0 0 0 0 0 1 1 1 ] P(G)=P(cluster8=0)[0.8] * P(cluster1=0|cluster2=0) * P(cluster9=1|cluster6=0) * P(cluster7=1|cluster10=1) * P(cluster10=1|cluster6=0) * P(cluster6=0|cluster2=0) * P(cluster2=0|cluster3=0) * P(cluster3=0|cluster8=0)[0.0131072]=0.0104858
binkey=240 [Edge status: 0 0 0 0 1 1 1 1 ] P(G)=P(cluster8=0)[0.8] * P(cluster1=0|cluster2=0) * P(cluster9=1|cluster6=1) * P(cluster7=1|cluster10=1) * P(cluster10=1|cluster6=1) * P(cluster6=1|cluster2=0) * P(cluster2=0|cluster3=0) * P(cluster3=0|cluster8=0)[0.0524288]=0.041943
binkey=7 [Edge status: 1 1 1 0 0 0 0 0 ] P(G)=P(cluster8=1)[0.2] * P(cluster1=0|cluster2=1) * P(cluster9=0|cluster6=0) * P(cluster7=0|cluster10=0) * P(cluster10=0|cluster6=0) * P(cluster6=0|cluster2=1) * P(cluster2=1|cluster3=1) * P(cluster3=1|cluster8=1)[0.0131072]=0.00262144
binkey=200 [Edge status: 0 0 0 1 0 0 1 1 ] P(G)=P(cluster8=0)[0.8] * P(cluster1=1|cluster2=0) * P(cluster9=0|cluster6=0) * P(cluster7=1|cluster10=1) * P(cluster10=1|cluster6=0) * P(cluster6=0|cluster2=0) * P(cluster2=0|cluster3=0) * P(cluster3=0|cluster8=0)[0.0131072]=0.0104858
binkey=40 [Edge status: 0 0 0 1 0 1 0 0 ] P(G)=P(cluster8=0)[0.8] * P(cluster1=1|cluster2=0) * P(cluster9=1|cluster6=0) * P(cluster7=0|cluster10=0) * P(cluster10=0|cluster6=0) * P(cluster6=0|cluster2=0) * P(cluster2=0|cluster3=0) * P(cluster3=0|cluster8=0)[0.0131072]=0.0104858
binkey=23 [Edge status: 1 1 1 0 1 0 0 0 ] P(G)=P(cluster8=1)[0.2] * P(cluster1=0|cluster2=1) * P(cluster9=0|cluster6=1) * P(cluster7=0|cluster10=0) * P(cluster10=0|cluster6=1) * P(cluster6=1|cluster2=1) * P(cluster2=1|cluster3=1) * P(cluster3=1|cluster8=1)[0.0032768]=0.00065536
binkey=168 [Edge status: 0 0 0 1 0 1 0 1 ] P(G)=P(cluster8=0)[0.8] * P(cluster1=1|cluster2=0) * P(cluster9=1|cluster6=0) * P(cluster7=1|cluster10=0) * P(cluster10=0|cluster6=0) * P(cluster6=0|cluster2=0) * P(cluster2=0|cluster3=0) * P(cluster3=0|cluster8=0)[0.0032768]=0.00262144
binkey=247 [Edge status: 1 1 1 0 1 1 1 1 ] P(G)=P(cluster8=1)[0.2] * P(cluster1=0|cluster2=1) * P(cluster9=1|cluster6=1) * P(cluster7=1|cluster10=1) * P(cluster10=1|cluster6=1) * P(cluster6=1|cluster2=1) * P(cluster2=1|cluster3=1) * P(cluster3=1|cluster8=1)[0.0524288]=0.0104858
binkey=119 [Edge status: 1 1 1 0 1 1 1 0 ] P(G)=P(cluster8=1)[0.2] * P(cluster1=0|cluster2=1) * P(cluster9=1|cluster6=1) * P(cluster7=0|cluster10=1) * P(cluster10=1|cluster6=1) * P(cluster6=1|cluster2=1) * P(cluster2=1|cluster3=1) * P(cluster3=1|cluster8=1)[0.0131072]=0.00262144
binkey=215 [Edge status: 1 1 1 0 1 0 1 1 ] P(G)=P(cluster8=1)[0.2] * P(cluster1=0|cluster2=1) * P(cluster9=0|cluster6=1) * P(cluster7=1|cluster10=1) * P(cluster10=1|cluster6=1) * P(cluster6=1|cluster2=1) * P(cluster2=1|cluster3=1) * P(cluster3=1|cluster8=1)[0.0131072]=0.00262144
binkey=87 [Edge status: 1 1 1 0 1 0 1 0 ] P(G)=P(cluster8=1)[0.2] * P(cluster1=0|cluster2=1) * P(cluster9=0|cluster6=1) * P(cluster7=0|cluster10=1) * P(cluster10=1|cluster6=1) * P(cluster6=1|cluster2=1) * P(cluster2=1|cluster3=1) * P(cluster3=1|cluster8=1)[0.0032768]=0.00065536
binkey=55 [Edge status: 1 1 1 0 1 1 0 0 ] P(G)=P(cluster8=1)[0.2] * P(cluster1=0|cluster2=1) * P(cluster9=1|cluster6=1) * P(cluster7=0|cluster10=0) * P(cluster10=0|cluster6=1) * P(cluster6=1|cluster2=1) * P(cluster2=1|cluster3=1) * P(cluster3=1|cluster8=1)[0.0131072]=0.00262144
binkey=232 [Edge status: 0 0 0 1 0 1 1 1 ] P(G)=P(cluster8=0)[0.8] * P(cluster1=1|cluster2=0) * P(cluster9=1|cluster6=0) * P(cluster7=1|cluster10=1) * P(cluster10=1|cluster6=0) * P(cluster6=0|cluster2=0) * P(cluster2=0|cluster3=0) * P(cluster3=0|cluster8=0)[0.0032768]=0.00262144
binkey=248 [Edge status: 0 0 0 1 1 1 1 1 ] P(G)=P(cluster8=0)[0.8] * P(cluster1=1|cluster2=0) * P(cluster9=1|cluster6=1) * P(cluster7=1|cluster10=1) * P(cluster10=1|cluster6=1) * P(cluster6=1|cluster2=0) * P(cluster2=0|cluster3=0) * P(cluster3=0|cluster8=0)[0.0131072]=0.0104858
binkey=252 [Edge status: 0 0 1 1 1 1 1 1 ] P(G)=P(cluster8=0)[0.8] * P(cluster1=1|cluster2=1) * P(cluster9=1|cluster6=1) * P(cluster7=1|cluster10=1) * P(cluster10=1|cluster6=1) * P(cluster6=1|cluster2=1) * P(cluster2=1|cluster3=0) * P(cluster3=0|cluster8=0)[0.0524288]=0.041943
ITERATION 0 newScore=-2.72891e+06 diffscore=17902.2 priorChange=-98.4269 successMove=58
ITERATION 1 newScore=-2.71992e+06 diffscore=8997.25 priorChange=-117.835 successMove=55
ITERATION 2 newScore=-2.7162e+06 diffscore=3714.93 priorChange=-116.449 successMove=55
ITERATION 3 newScore=-2.71091e+06 diffscore=5288.12 priorChange=-113.676 successMove=51
ITERATION 4 newScore=-2.7048e+06 diffscore=6118.06 priorChange=-110.904 successMove=53
ITERATION 5 newScore=-2.70134e+06 diffscore=3455.73 priorChange=-112.29 successMove=53
ITERATION 6 newScore=-2.69615e+06 diffscore=5190.79 priorChange=-110.904 successMove=51
ITERATION 7 newScore=-2.68765e+06 diffscore=8501.3 priorChange=-115.062 successMove=56
ITERATION 8 newScore=-2.6832e+06 diffscore=4444.62 priorChange=-116.449 successMove=51
ITERATION 9 newScore=-2.67805e+06 diffscore=5152.89 priorChange=-133.084 successMove=53
ITERATION 10 newScore=-2.67427e+06 diffscore=3783.54 priorChange=-110.904 successMove=52
ITERATION 11 newScore=-2.66894e+06 diffscore=5325.91 priorChange=-120.608 successMove=52
ITERATION 12 newScore=-2.66742e+06 diffscore=1516.97 priorChange=-128.925 successMove=54
ITERATION 13 newScore=-2.66521e+06 diffscore=2217.79 priorChange=-112.29 successMove=51
ITERATION 14 newScore=-2.66381e+06 diffscore=1401.1 priorChange=-102.586 successMove=53
ITERATION 15 newScore=-2.66325e+06 diffscore=551.668 priorChange=-94.268 successMove=50
ITERATION 16 newScore=-2.66256e+06 diffscore=697.332 priorChange=-102.586 successMove=49
ITERATION 17 newScore=-2.66106e+06 diffscore=1500.78 priorChange=-108.131 successMove=50
ITERATION 18 newScore=-2.65821e+06 diffscore=2849.15 priorChange=-117.835 successMove=49
ITERATION 19 newScore=-2.65524e+06 diffscore=2968.64 priorChange=-106.745 successMove=51
ITERATION 20 newScore=-2.65451e+06 diffscore=728.617 priorChange=-108.131 successMove=49
ITERATION 21 newScore=-2.65107e+06 diffscore=3442.96 priorChange=-108.131 successMove=48
ITERATION 22 newScore=-2.64755e+06 diffscore=3521.1 priorChange=-106.745 successMove=48
ITERATION 23 newScore=-2.64491e+06 diffscore=2640.28 priorChange=-115.062 successMove=47
ITERATION 24 newScore=-2.64311e+06 diffscore=1791.89 priorChange=-94.268 successMove=48
ITERATION 25 newScore=-2.64265e+06 diffscore=460.628 priorChange=-97.0406 successMove=48
ITERATION 26 newScore=-2.63954e+06 diffscore=3109.76 priorChange=-108.131 successMove=49
ITERATION 27 newScore=-2.63912e+06 diffscore=423.692 priorChange=-115.062 successMove=48
ITERATION 28 newScore=-2.63777e+06 diffscore=1348.92 priorChange=-108.131 successMove=46
ITERATION 29 newScore=-2.63586e+06 diffscore=1913.49 priorChange=-103.972 successMove=48
ITERATION 30 newScore=-2.63362e+06 diffscore=2240.35 priorChange=-95.6543 successMove=47
ITERATION 31 newScore=-2.63253e+06 diffscore=1089.75 priorChange=-109.517 successMove=46
ITERATION 32 newScore=-2.63208e+06 diffscore=448.02 priorChange=-98.4269 successMove=47
ITERATION 33 newScore=-2.63035e+06 diffscore=1725.82 priorChange=-99.8132 successMove=46
ITERATION 34 newScore=-2.63e+06 diffscore=356.717 priorChange=-94.268 successMove=48
ITERATION 35 newScore=-2.62956e+06 diffscore=435.008 priorChange=-90.1091 successMove=44
ITERATION 36 newScore=-2.62912e+06 diffscore=439.24 priorChange=-74.8599 successMove=44
ITERATION 37 newScore=-2.62685e+06 diffscore=2276.68 priorChange=-94.268 successMove=42
ITERATION 38 newScore=-2.62431e+06 diffscore=2540.07 priorChange=-87.3365 successMove=42
ITERATION 39 newScore=-2.62402e+06 diffscore=280.39 priorChange=-81.7914 successMove=44
ITERATION 40 newScore=-2.62367e+06 diffscore=356.086 priorChange=-85.9503 successMove=42
ITERATION 41 newScore=-2.62331e+06 diffscore=362.894 priorChange=-98.4269 successMove=42
ITERATION 42 newScore=-2.62171e+06 diffscore=1598.62 priorChange=-103.972 successMove=41
ITERATION 43 newScore=-2.62141e+06 diffscore=296.3 priorChange=-87.3365 successMove=41
ITERATION 44 newScore=-2.62113e+06 diffscore=278.001 priorChange=-95.6543 successMove=40
ITERATION 45 newScore=-2.61994e+06 diffscore=1192.33 priorChange=-88.7228 successMove=39
ITERATION 46 newScore=-2.61961e+06 diffscore=328.014 priorChange=-94.268 successMove=39
ITERATION 47 newScore=-2.61916e+06 diffscore=450.749 priorChange=-90.1091 successMove=39
ITERATION 48 newScore=-2.61776e+06 diffscore=1403.24 priorChange=-79.0188 successMove=43
ITERATION 49 newScore=-2.61708e+06 diffscore=679.504 priorChange=-76.2462 successMove=42
ITERATION 50 newScore=-2.61612e+06 diffscore=956.018 priorChange=-77.6325 successMove=38
ITERATION 51 newScore=-2.61583e+06 diffscore=296.437 priorChange=-92.8817 successMove=39
ITERATION 52 newScore=-2.61545e+06 diffscore=376.241 priorChange=-85.9503 successMove=40
ITERATION 53 newScore=-2.61417e+06 diffscore=1280.68 priorChange=-88.7228 successMove=36
ITERATION 54 newScore=-2.61395e+06 diffscore=216.752 priorChange=-80.4051 successMove=38
ITERATION 55 newScore=-2.61373e+06 diffscore=223.131 priorChange=-87.3365 successMove=35
ITERATION 56 newScore=-2.6122e+06 diffscore=1529.91 priorChange=-66.5421 successMove=36
ITERATION 57 newScore=-2.61064e+06 diffscore=1556.14 priorChange=-73.4736 successMove=34
ITERATION 58 newScore=-2.61049e+06 diffscore=156.297 priorChange=-73.4736 successMove=35
ITERATION 59 newScore=-2.61033e+06 diffscore=157.441 priorChange=-76.2462 successMove=33
ITERATION 60 newScore=-2.61016e+06 diffscore=165.629 priorChange=-77.6325 successMove=33
ITERATION 61 newScore=-2.61e+06 diffscore=167.161 priorChange=-70.701 successMove=32
ITERATION 62 newScore=-2.60986e+06 diffscore=142.202 priorChange=-58.2244 successMove=31
ITERATION 63 newScore=-2.60972e+06 diffscore=137.564 priorChange=-69.3147 successMove=32
ITERATION 64 newScore=-2.60859e+06 diffscore=1123.4 priorChange=-65.1558 successMove=30
ITERATION 65 newScore=-2.60845e+06 diffscore=145.893 priorChange=-70.701 successMove=30
ITERATION 66 newScore=-2.60833e+06 diffscore=121.009 priorChange=-55.4518 successMove=27
ITERATION 67 newScore=-2.60823e+06 diffscore=98.6531 priorChange=-51.2929 successMove=25
ITERATION 68 newScore=-2.60813e+06 diffscore=101.991 priorChange=-49.9066 successMove=25
ITERATION 69 newScore=-2.60683e+06 diffscore=1300.72 priorChange=-66.5421 successMove=24
ITERATION 70 newScore=-2.60671e+06 diffscore=112.638 priorChange=-54.0655 successMove=23
ITERATION 71 newScore=-2.60658e+06 diffscore=135.765 priorChange=-44.3614 successMove=24
ITERATION 72 newScore=-2.60644e+06 diffscore=134.713 priorChange=-41.5888 successMove=23
ITERATION 73 newScore=-2.60504e+06 diffscore=1404.87 priorChange=-29.1122 successMove=20
ITERATION 74 newScore=-2.60492e+06 diffscore=115.644 priorChange=-37.4299 successMove=20
ITERATION 75 newScore=-2.60482e+06 diffscore=99.6512 priorChange=-45.7477 successMove=20
ITERATION 76 newScore=-2.60468e+06 diffscore=143.756 priorChange=-44.3614 successMove=19
ITERATION 77 newScore=-2.60452e+06 diffscore=158.091 priorChange=-41.5888 successMove=18
ITERATION 78 newScore=-2.60439e+06 diffscore=130.793 priorChange=-30.4985 successMove=18
ITERATION 79 newScore=-2.60419e+06 diffscore=199.031 priorChange=-40.2025 successMove=16
ITERATION 80 newScore=-2.60315e+06 diffscore=1044.09 priorChange=-29.1122 successMove=15
ITERATION 81 newScore=-2.60305e+06 diffscore=96.1094 priorChange=-27.7259 successMove=15
ITERATION 82 newScore=-2.60181e+06 diffscore=1236.49 priorChange=-34.6574 successMove=15
ITERATION 83 newScore=-2.60175e+06 diffscore=63.2022 priorChange=-27.7259 successMove=14
ITERATION 84 newScore=-2.60166e+06 diffscore=87.6605 priorChange=-24.9533 successMove=12
ITERATION 85 newScore=-2.60058e+06 diffscore=1085.82 priorChange=-16.6355 successMove=12
ITERATION 86 newScore=-2.60052e+06 diffscore=61.9471 priorChange=-22.1807 successMove=10
ITERATION 87 newScore=-2.60045e+06 diffscore=70.2969 priorChange=-20.7944 successMove=10
ITERATION 88 newScore=-2.59908e+06 diffscore=1361.21 priorChange=-22.1807 successMove=10
ITERATION 89 newScore=-2.59894e+06 diffscore=144.736 priorChange=-16.6355 successMove=8
ITERATION 90 newScore=-2.59884e+06 diffscore=98.2694 priorChange=-11.0904 successMove=8
ITERATION 91 newScore=-2.59871e+06 diffscore=132.723 priorChange=-18.0218 successMove=7
ITERATION 92 newScore=-2.59758e+06 diffscore=1129.51 priorChange=-16.6355 successMove=7
ITERATION 93 newScore=-2.59754e+06 diffscore=38.6554 priorChange=-16.6355 successMove=7
ITERATION 94 newScore=-2.59744e+06 diffscore=98.9459 priorChange=-12.4766 successMove=7
ITERATION 95 newScore=-2.59639e+06 diffscore=1056.13 priorChange=-19.4081 successMove=7
ITERATION 96 newScore=-2.59636e+06 diffscore=29.6372 priorChange=-16.6355 successMove=7
ITERATION 97 newScore=-2.59632e+06 diffscore=33.8382 priorChange=-20.7944 successMove=7
ITERATION 98 newScore=-2.59629e+06 diffscore=28.3831 priorChange=-15.2492 successMove=8
ITERATION 99 newScore=-2.59627e+06 diffscore=23.2109 priorChange=-16.6355 successMove=7
MetaLearner::dumpAllGraphs
Final Score -2.59627e+06
MetaLearner::start runtime: 1229675380 ms
Results/
Results/cluster10/
Results/cluster10/fold0/
Results/cluster10/fold0/modelparams.txt
Results/cluster10/fold0/var_mb_pw_k50.txt
Results/cluster1/
Results/cluster1/fold0/
Results/cluster1/fold0/modelparams.txt
Results/cluster1/fold0/var_mb_pw_k50.txt
Results/cluster6/
Results/cluster6/fold0/
Results/cluster6/fold0/modelparams.txt
Results/cluster6/fold0/var_mb_pw_k50.txt
Results/cluster9/
Results/cluster9/fold0/
Results/cluster9/fold0/modelparams.txt
Results/cluster9/fold0/var_mb_pw_k50.txt
Results/cluster2/
Results/cluster2/fold0/
Results/cluster2/fold0/modelparams.txt
Results/cluster2/fold0/var_mb_pw_k50.txt
Results/cluster7/
Results/cluster7/fold0/
Results/cluster7/fold0/modelparams.txt
Results/cluster7/fold0/var_mb_pw_k50.txt
Results/cluster3/
Results/cluster3/fold0/
Results/cluster3/fold0/modelparams.txt
Results/cluster3/fold0/var_mb_pw_k50.txt
Results/cluster8/
Results/cluster8/scoreFile.txt
Results/cluster8/fold0/
Results/cluster8/fold0/modelparams.txt
Results/cluster8/fold0/var_mb_pw_k50.txt
