./CVN -f config_condor.txt -x50 -v1 -l TFs_OGs.txt -n AllGenes148.txt -d celltype_tree_ancestor.txt -m testdata_ogids.txt -s celltype_order.txt -p 0.2 -c yes -b -4 -q 4
(cluster3|cluster8) p_maintain_edge=0.8 p_gain=0.2
(cluster2|cluster3) p_maintain_edge=0.8 p_gain=0.2
(cluster1|cluster2) p_maintain_edge=0.8 p_gain=0.2
(cluster6|cluster2) p_maintain_edge=0.8 p_gain=0.2
(cluster9|cluster6) p_maintain_edge=0.8 p_gain=0.2
(cluster10|cluster6) p_maintain_edge=0.8 p_gain=0.2
(cluster7|cluster10) p_maintain_edge=0.8 p_gain=0.2
speciesSet.size()=8 Root is cluster8
MappedOrthogroupReader::readSpeciesMapping() --- celltype_order.txt
MappedOrthogroupReader::readFile - testdata_ogids.txt
MappedOrthogroupReader::generateGeneOrthoMap()
MetaLearner::init_onefold() read:config_condor.txt
MetaLearner::setinputVariableNames number of variables: 2044
readEvidenceTable:cluster8.table
PotentialManager::loadEvidenceFromTable varCount=2044 sampleCount=348
motifNetwork.size() = 319
0=cluster8 motifNetwork=cluster8_network.txt
variable size=2044
readEvidenceTable:cluster3.table
PotentialManager::loadEvidenceFromTable varCount=2044 sampleCount=95
motifNetwork.size() = 326
1=cluster3 motifNetwork=cluster3_network.txt
variable size=2044
readEvidenceTable:cluster2.table
PotentialManager::loadEvidenceFromTable varCount=2044 sampleCount=386
motifNetwork.size() = 328
2=cluster2 motifNetwork=cluster2_network.txt
variable size=2044
readEvidenceTable:cluster1.table
PotentialManager::loadEvidenceFromTable varCount=2044 sampleCount=36
motifNetwork.size() = 322
3=cluster1 motifNetwork=cluster1_network.txt
variable size=2044
readEvidenceTable:cluster6.table
PotentialManager::loadEvidenceFromTable varCount=2044 sampleCount=524
motifNetwork.size() = 320
4=cluster6 motifNetwork=cluster6_network.txt
variable size=2044
readEvidenceTable:cluster9.table
PotentialManager::loadEvidenceFromTable varCount=2044 sampleCount=184
motifNetwork.size() = 327
5=cluster9 motifNetwork=cluster9_network.txt
variable size=2044
readEvidenceTable:cluster10.table
PotentialManager::loadEvidenceFromTable varCount=2044 sampleCount=165
motifNetwork.size() = 326
6=cluster10 motifNetwork=cluster10_network.txt
variable size=2044
readEvidenceTable:cluster7.table
PotentialManager::loadEvidenceFromTable varCount=2044 sampleCount=1032
motifNetwork.size() = 320
7=cluster7 motifNetwork=cluster7_network.txt
variable size=2044
-------------------------------------------------------------
MetaLearner::start
precomputeEmptyGraphPrior
binkey=0 [Edge status: 0 0 0 0 0 0 0 0 ] P(G)=P(cluster8=0)[0.8] * P(cluster1=0|cluster2=0) * P(cluster9=0|cluster6=0) * P(cluster7=0|cluster10=0) * P(cluster10=0|cluster6=0) * P(cluster6=0|cluster2=0) * P(cluster2=0|cluster3=0) * P(cluster3=0|cluster8=0)[0.209715]=0.167772
condsetMap_Tree
0 cluster8=0 cluster3=0 cluster2=0 cluster1=0 cluster6=0 cluster9=0 cluster10=0 cluster7=1
1 cluster8=0 cluster3=0 cluster2=0 cluster1=0 cluster6=0 cluster9=1 cluster10=0 cluster7=0
2 cluster8=0 cluster3=0 cluster2=0 cluster1=0 cluster6=0 cluster9=1 cluster10=0 cluster7=1
3 cluster8=0 cluster3=0 cluster2=0 cluster1=1 cluster6=0 cluster9=0 cluster10=0 cluster7=0
4 cluster8=0 cluster3=0 cluster2=0 cluster1=1 cluster6=0 cluster9=0 cluster10=0 cluster7=1
5 cluster8=0 cluster3=0 cluster2=0 cluster1=1 cluster6=0 cluster9=1 cluster10=0 cluster7=0
6 cluster8=0 cluster3=0 cluster2=0 cluster1=1 cluster6=0 cluster9=1 cluster10=0 cluster7=1
7 cluster8=0 cluster3=0 cluster2=0 cluster1=0 cluster6=0 cluster9=0 cluster10=1 cluster7=1
8 cluster8=0 cluster3=0 cluster2=0 cluster1=0 cluster6=0 cluster9=1 cluster10=1 cluster7=1
9 cluster8=0 cluster3=0 cluster2=0 cluster1=1 cluster6=0 cluster9=0 cluster10=1 cluster7=1
10 cluster8=0 cluster3=0 cluster2=0 cluster1=1 cluster6=0 cluster9=1 cluster10=1 cluster7=1
11 cluster8=0 cluster3=0 cluster2=0 cluster1=0 cluster6=1 cluster9=1 cluster10=1 cluster7=1
12 cluster8=0 cluster3=0 cluster2=0 cluster1=1 cluster6=1 cluster9=1 cluster10=1 cluster7=1
13 cluster8=0 cluster3=0 cluster2=1 cluster1=1 cluster6=1 cluster9=1 cluster10=1 cluster7=1
14 cluster8=0 cluster3=1 cluster2=1 cluster1=1 cluster6=1 cluster9=1 cluster10=1 cluster7=1
15 cluster8=1 cluster3=1 cluster2=1 cluster1=1 cluster6=1 cluster9=1 cluster10=1 cluster7=1
16 cluster8=1 cluster3=1 cluster2=1 cluster1=1 cluster6=1 cluster9=1 cluster10=1 cluster7=0
17 cluster8=1 cluster3=1 cluster2=1 cluster1=1 cluster6=1 cluster9=0 cluster10=1 cluster7=1
18 cluster8=1 cluster3=1 cluster2=1 cluster1=1 cluster6=1 cluster9=0 cluster10=1 cluster7=0
19 cluster8=1 cluster3=1 cluster2=1 cluster1=0 cluster6=1 cluster9=1 cluster10=1 cluster7=1
20 cluster8=1 cluster3=1 cluster2=1 cluster1=0 cluster6=1 cluster9=1 cluster10=1 cluster7=0
21 cluster8=1 cluster3=1 cluster2=1 cluster1=0 cluster6=1 cluster9=0 cluster10=1 cluster7=1
22 cluster8=1 cluster3=1 cluster2=1 cluster1=0 cluster6=1 cluster9=0 cluster10=1 cluster7=0
23 cluster8=1 cluster3=1 cluster2=1 cluster1=1 cluster6=1 cluster9=1 cluster10=0 cluster7=0
24 cluster8=1 cluster3=1 cluster2=1 cluster1=1 cluster6=1 cluster9=0 cluster10=0 cluster7=0
25 cluster8=1 cluster3=1 cluster2=1 cluster1=0 cluster6=1 cluster9=1 cluster10=0 cluster7=0
26 cluster8=1 cluster3=1 cluster2=1 cluster1=0 cluster6=1 cluster9=0 cluster10=0 cluster7=0
27 cluster8=1 cluster3=1 cluster2=1 cluster1=1 cluster6=0 cluster9=0 cluster10=0 cluster7=0
28 cluster8=1 cluster3=1 cluster2=1 cluster1=0 cluster6=0 cluster9=0 cluster10=0 cluster7=0
29 cluster8=1 cluster3=1 cluster2=0 cluster1=0 cluster6=0 cluster9=0 cluster10=0 cluster7=0
30 cluster8=1 cluster3=0 cluster2=0 cluster1=0 cluster6=0 cluster9=0 cluster10=0 cluster7=0
31 cluster8=0 cluster3=0 cluster2=0 cluster1=0 cluster6=1 cluster9=0 cluster10=0 cluster7=0
32 cluster8=0 cluster3=0 cluster2=1 cluster1=0 cluster6=0 cluster9=0 cluster10=0 cluster7=0
33 cluster8=0 cluster3=0 cluster2=0 cluster1=0 cluster6=0 cluster9=0 cluster10=1 cluster7=0
34 cluster8=0 cluster3=1 cluster2=0 cluster1=0 cluster6=0 cluster9=0 cluster10=0 cluster7=0
inputRegulatorOGs.size() = 1999 inputOGList.size() = 50
binkey=1 [Edge status: 1 0 0 0 0 0 0 0 ] P(G)=P(cluster8=1)[0.2] * P(cluster1=0|cluster2=0) * P(cluster9=0|cluster6=0) * P(cluster7=0|cluster10=0) * P(cluster10=0|cluster6=0) * P(cluster6=0|cluster2=0) * P(cluster2=0|cluster3=0) * P(cluster3=0|cluster8=1)[0.0524288]=0.0104858
binkey=16 [Edge status: 0 0 0 0 1 0 0 0 ] P(G)=P(cluster8=0)[0.8] * P(cluster1=0|cluster2=0) * P(cluster9=0|cluster6=1) * P(cluster7=0|cluster10=0) * P(cluster10=0|cluster6=1) * P(cluster6=1|cluster2=0) * P(cluster2=0|cluster3=0) * P(cluster3=0|cluster8=0)[0.0032768]=0.00262144
binkey=128 [Edge status: 0 0 0 0 0 0 0 1 ] P(G)=P(cluster8=0)[0.8] * P(cluster1=0|cluster2=0) * P(cluster9=0|cluster6=0) * P(cluster7=1|cluster10=0) * P(cluster10=0|cluster6=0) * P(cluster6=0|cluster2=0) * P(cluster2=0|cluster3=0) * P(cluster3=0|cluster8=0)[0.0524288]=0.041943
binkey=32 [Edge status: 0 0 0 0 0 1 0 0 ] P(G)=P(cluster8=0)[0.8] * P(cluster1=0|cluster2=0) * P(cluster9=1|cluster6=0) * P(cluster7=0|cluster10=0) * P(cluster10=0|cluster6=0) * P(cluster6=0|cluster2=0) * P(cluster2=0|cluster3=0) * P(cluster3=0|cluster8=0)[0.0524288]=0.041943
binkey=4 [Edge status: 0 0 1 0 0 0 0 0 ] P(G)=P(cluster8=0)[0.8] * P(cluster1=0|cluster2=1) * P(cluster9=0|cluster6=0) * P(cluster7=0|cluster10=0) * P(cluster10=0|cluster6=0) * P(cluster6=0|cluster2=1) * P(cluster2=1|cluster3=0) * P(cluster3=0|cluster8=0)[0.0032768]=0.00262144
binkey=8 [Edge status: 0 0 0 1 0 0 0 0 ] P(G)=P(cluster8=0)[0.8] * P(cluster1=1|cluster2=0) * P(cluster9=0|cluster6=0) * P(cluster7=0|cluster10=0) * P(cluster10=0|cluster6=0) * P(cluster6=0|cluster2=0) * P(cluster2=0|cluster3=0) * P(cluster3=0|cluster8=0)[0.0524288]=0.041943
binkey=136 [Edge status: 0 0 0 1 0 0 0 1 ] P(G)=P(cluster8=0)[0.8] * P(cluster1=1|cluster2=0) * P(cluster9=0|cluster6=0) * P(cluster7=1|cluster10=0) * P(cluster10=0|cluster6=0) * P(cluster6=0|cluster2=0) * P(cluster2=0|cluster3=0) * P(cluster3=0|cluster8=0)[0.0131072]=0.0104858
binkey=192 [Edge status: 0 0 0 0 0 0 1 1 ] P(G)=P(cluster8=0)[0.8] * P(cluster1=0|cluster2=0) * P(cluster9=0|cluster6=0) * P(cluster7=1|cluster10=1) * P(cluster10=1|cluster6=0) * P(cluster6=0|cluster2=0) * P(cluster2=0|cluster3=0) * P(cluster3=0|cluster8=0)[0.0524288]=0.041943
binkey=64 [Edge status: 0 0 0 0 0 0 1 0 ] P(G)=P(cluster8=0)[0.8] * P(cluster1=0|cluster2=0) * P(cluster9=0|cluster6=0) * P(cluster7=0|cluster10=1) * P(cluster10=1|cluster6=0) * P(cluster6=0|cluster2=0) * P(cluster2=0|cluster3=0) * P(cluster3=0|cluster8=0)[0.0131072]=0.0104858
binkey=2 [Edge status: 0 1 0 0 0 0 0 0 ] P(G)=P(cluster8=0)[0.8] * P(cluster1=0|cluster2=0) * P(cluster9=0|cluster6=0) * P(cluster7=0|cluster10=0) * P(cluster10=0|cluster6=0) * P(cluster6=0|cluster2=0) * P(cluster2=0|cluster3=1) * P(cluster3=1|cluster8=0)[0.0131072]=0.0104858
binkey=40 [Edge status: 0 0 0 1 0 1 0 0 ] P(G)=P(cluster8=0)[0.8] * P(cluster1=1|cluster2=0) * P(cluster9=1|cluster6=0) * P(cluster7=0|cluster10=0) * P(cluster10=0|cluster6=0) * P(cluster6=0|cluster2=0) * P(cluster2=0|cluster3=0) * P(cluster3=0|cluster8=0)[0.0131072]=0.0104858
binkey=160 [Edge status: 0 0 0 0 0 1 0 1 ] P(G)=P(cluster8=0)[0.8] * P(cluster1=0|cluster2=0) * P(cluster9=1|cluster6=0) * P(cluster7=1|cluster10=0) * P(cluster10=0|cluster6=0) * P(cluster6=0|cluster2=0) * P(cluster2=0|cluster3=0) * P(cluster3=0|cluster8=0)[0.0131072]=0.0104858
binkey=3 [Edge status: 1 1 0 0 0 0 0 0 ] P(G)=P(cluster8=1)[0.2] * P(cluster1=0|cluster2=0) * P(cluster9=0|cluster6=0) * P(cluster7=0|cluster10=0) * P(cluster10=0|cluster6=0) * P(cluster6=0|cluster2=0) * P(cluster2=0|cluster3=1) * P(cluster3=1|cluster8=1)[0.0524288]=0.0104858
binkey=23 [Edge status: 1 1 1 0 1 0 0 0 ] P(G)=P(cluster8=1)[0.2] * P(cluster1=0|cluster2=1) * P(cluster9=0|cluster6=1) * P(cluster7=0|cluster10=0) * P(cluster10=0|cluster6=1) * P(cluster6=1|cluster2=1) * P(cluster2=1|cluster3=1) * P(cluster3=1|cluster8=1)[0.0032768]=0.00065536
binkey=7 [Edge status: 1 1 1 0 0 0 0 0 ] P(G)=P(cluster8=1)[0.2] * P(cluster1=0|cluster2=1) * P(cluster9=0|cluster6=0) * P(cluster7=0|cluster10=0) * P(cluster10=0|cluster6=0) * P(cluster6=0|cluster2=1) * P(cluster2=1|cluster3=1) * P(cluster3=1|cluster8=1)[0.0131072]=0.00262144
binkey=224 [Edge status: 0 0 0 0 0 1 1 1 ] P(G)=P(cluster8=0)[0.8] * P(cluster1=0|cluster2=0) * P(cluster9=1|cluster6=0) * P(cluster7=1|cluster10=1) * P(cluster10=1|cluster6=0) * P(cluster6=0|cluster2=0) * P(cluster2=0|cluster3=0) * P(cluster3=0|cluster8=0)[0.0131072]=0.0104858
binkey=240 [Edge status: 0 0 0 0 1 1 1 1 ] P(G)=P(cluster8=0)[0.8] * P(cluster1=0|cluster2=0) * P(cluster9=1|cluster6=1) * P(cluster7=1|cluster10=1) * P(cluster10=1|cluster6=1) * P(cluster6=1|cluster2=0) * P(cluster2=0|cluster3=0) * P(cluster3=0|cluster8=0)[0.0524288]=0.041943
binkey=168 [Edge status: 0 0 0 1 0 1 0 1 ] P(G)=P(cluster8=0)[0.8] * P(cluster1=1|cluster2=0) * P(cluster9=1|cluster6=0) * P(cluster7=1|cluster10=0) * P(cluster10=0|cluster6=0) * P(cluster6=0|cluster2=0) * P(cluster2=0|cluster3=0) * P(cluster3=0|cluster8=0)[0.0032768]=0.00262144
binkey=200 [Edge status: 0 0 0 1 0 0 1 1 ] P(G)=P(cluster8=0)[0.8] * P(cluster1=1|cluster2=0) * P(cluster9=0|cluster6=0) * P(cluster7=1|cluster10=1) * P(cluster10=1|cluster6=0) * P(cluster6=0|cluster2=0) * P(cluster2=0|cluster3=0) * P(cluster3=0|cluster8=0)[0.0131072]=0.0104858
binkey=232 [Edge status: 0 0 0 1 0 1 1 1 ] P(G)=P(cluster8=0)[0.8] * P(cluster1=1|cluster2=0) * P(cluster9=1|cluster6=0) * P(cluster7=1|cluster10=1) * P(cluster10=1|cluster6=0) * P(cluster6=0|cluster2=0) * P(cluster2=0|cluster3=0) * P(cluster3=0|cluster8=0)[0.0032768]=0.00262144
ITERATION 0 newScore=-2.63383e+06 diffscore=14363.5 priorChange=-108.131 successMove=55
ITERATION 1 newScore=-2.6231e+06 diffscore=10729.9 priorChange=-113.676 successMove=55
ITERATION 2 newScore=-2.61957e+06 diffscore=3528.2 priorChange=-123.38 successMove=50
ITERATION 3 newScore=-2.61194e+06 diffscore=7630.34 priorChange=-117.835 successMove=51
ITERATION 4 newScore=-2.6045e+06 diffscore=7440.96 priorChange=-115.062 successMove=53
ITERATION 5 newScore=-2.6012e+06 diffscore=3294.2 priorChange=-120.608 successMove=50
ITERATION 6 newScore=-2.59572e+06 diffscore=5483.76 priorChange=-103.972 successMove=50
ITERATION 7 newScore=-2.59046e+06 diffscore=5257.13 priorChange=-105.358 successMove=51
binkey=55 [Edge status: 1 1 1 0 1 1 0 0 ] P(G)=P(cluster8=1)[0.2] * P(cluster1=0|cluster2=1) * P(cluster9=1|cluster6=1) * P(cluster7=0|cluster10=0) * P(cluster10=0|cluster6=1) * P(cluster6=1|cluster2=1) * P(cluster2=1|cluster3=1) * P(cluster3=1|cluster8=1)[0.0131072]=0.00262144
ITERATION 8 newScore=-2.58667e+06 diffscore=3792.73 priorChange=-116.449 successMove=50
ITERATION 9 newScore=-2.58222e+06 diffscore=4447.71 priorChange=-119.221 successMove=51
ITERATION 10 newScore=-2.58062e+06 diffscore=1605.92 priorChange=-123.38 successMove=52
ITERATION 11 newScore=-2.57555e+06 diffscore=5062.97 priorChange=-110.904 successMove=54
ITERATION 12 newScore=-2.57322e+06 diffscore=2334.41 priorChange=-117.835 successMove=52
ITERATION 13 newScore=-2.57256e+06 diffscore=655.185 priorChange=-112.29 successMove=51
ITERATION 14 newScore=-2.57152e+06 diffscore=1046.39 priorChange=-105.358 successMove=50
ITERATION 15 newScore=-2.56902e+06 diffscore=2500.2 priorChange=-108.131 successMove=49
ITERATION 16 newScore=-2.5667e+06 diffscore=2318.75 priorChange=-102.586 successMove=50
ITERATION 17 newScore=-2.56594e+06 diffscore=762.438 priorChange=-95.6543 successMove=50
ITERATION 18 newScore=-2.56129e+06 diffscore=4642.9 priorChange=-97.0406 successMove=49
ITERATION 19 newScore=-2.55858e+06 diffscore=2710.57 priorChange=-97.0406 successMove=48
ITERATION 20 newScore=-2.55289e+06 diffscore=5697.19 priorChange=-106.745 successMove=48
ITERATION 21 newScore=-2.5497e+06 diffscore=3184.54 priorChange=-102.586 successMove=51
ITERATION 22 newScore=-2.54663e+06 diffscore=3070.8 priorChange=-102.586 successMove=48
ITERATION 23 newScore=-2.54464e+06 diffscore=1993.62 priorChange=-101.199 successMove=49
ITERATION 24 newScore=-2.54381e+06 diffscore=827.261 priorChange=-119.221 successMove=50
ITERATION 25 newScore=-2.54222e+06 diffscore=1590.82 priorChange=-120.608 successMove=47
ITERATION 26 newScore=-2.54165e+06 diffscore=572.869 priorChange=-112.29 successMove=47
ITERATION 27 newScore=-2.53904e+06 diffscore=2611.36 priorChange=-115.062 successMove=48
ITERATION 28 newScore=-2.53719e+06 diffscore=1844.59 priorChange=-116.449 successMove=47
ITERATION 29 newScore=-2.53591e+06 diffscore=1278.45 priorChange=-117.835 successMove=47
ITERATION 30 newScore=-2.53417e+06 diffscore=1743.11 priorChange=-108.131 successMove=46
ITERATION 31 newScore=-2.53288e+06 diffscore=1289.45 priorChange=-109.517 successMove=46
ITERATION 32 newScore=-2.53056e+06 diffscore=2320.74 priorChange=-105.358 successMove=45
ITERATION 33 newScore=-2.52885e+06 diffscore=1712.87 priorChange=-90.1091 successMove=44
ITERATION 34 newScore=-2.52845e+06 diffscore=393.446 priorChange=-98.4269 successMove=43
ITERATION 35 newScore=-2.5268e+06 diffscore=1651.26 priorChange=-106.745 successMove=44
ITERATION 36 newScore=-2.52575e+06 diffscore=1049.85 priorChange=-84.564 successMove=43
ITERATION 37 newScore=-2.52333e+06 diffscore=2419.34 priorChange=-85.9503 successMove=44
ITERATION 38 newScore=-2.52198e+06 diffscore=1356.3 priorChange=-87.3365 successMove=43
ITERATION 39 newScore=-2.52038e+06 diffscore=1594.58 priorChange=-83.1777 successMove=41
ITERATION 40 newScore=-2.52002e+06 diffscore=365.463 priorChange=-103.972 successMove=41
ITERATION 41 newScore=-2.51781e+06 diffscore=2202.48 priorChange=-113.676 successMove=41
ITERATION 42 newScore=-2.51752e+06 diffscore=297.924 priorChange=-106.745 successMove=42
ITERATION 43 newScore=-2.51717e+06 diffscore=347.675 priorChange=-99.8132 successMove=41
ITERATION 44 newScore=-2.51681e+06 diffscore=356.222 priorChange=-102.586 successMove=41
ITERATION 45 newScore=-2.5156e+06 diffscore=1212.19 priorChange=-102.586 successMove=43
ITERATION 46 newScore=-2.51407e+06 diffscore=1531.48 priorChange=-99.8132 successMove=41
ITERATION 47 newScore=-2.51379e+06 diffscore=275.947 priorChange=-102.586 successMove=41
ITERATION 48 newScore=-2.5135e+06 diffscore=294.236 priorChange=-95.6543 successMove=42
ITERATION 49 newScore=-2.51001e+06 diffscore=3484.94 priorChange=-88.7228 successMove=43
ITERATION 50 newScore=-2.50979e+06 diffscore=221.466 priorChange=-63.7695 successMove=41
ITERATION 51 newScore=-2.50957e+06 diffscore=216.579 priorChange=-108.131 successMove=40
ITERATION 52 newScore=-2.5082e+06 diffscore=1370.63 priorChange=-101.199 successMove=41
ITERATION 53 newScore=-2.50801e+06 diffscore=195.426 priorChange=-88.7228 successMove=39
ITERATION 54 newScore=-2.50779e+06 diffscore=218.032 priorChange=-85.9503 successMove=38
ITERATION 55 newScore=-2.50757e+06 diffscore=216.88 priorChange=-94.268 successMove=37
ITERATION 56 newScore=-2.5074e+06 diffscore=175.302 priorChange=-74.8599 successMove=36
ITERATION 57 newScore=-2.50718e+06 diffscore=215.48 priorChange=-83.1777 successMove=35
ITERATION 58 newScore=-2.50693e+06 diffscore=255.81 priorChange=-83.1777 successMove=36
ITERATION 59 newScore=-2.50673e+06 diffscore=195.184 priorChange=-73.4736 successMove=35
ITERATION 60 newScore=-2.5065e+06 diffscore=236.573 priorChange=-76.2462 successMove=34
ITERATION 61 newScore=-2.50498e+06 diffscore=1514.7 priorChange=-70.701 successMove=33
ITERATION 62 newScore=-2.50349e+06 diffscore=1491.01 priorChange=-70.701 successMove=31
ITERATION 63 newScore=-2.5032e+06 diffscore=288.983 priorChange=-65.1558 successMove=30
ITERATION 64 newScore=-2.50217e+06 diffscore=1028.18 priorChange=-77.6325 successMove=29
ITERATION 65 newScore=-2.50087e+06 diffscore=1301.79 priorChange=-67.9284 successMove=29
ITERATION 66 newScore=-2.5007e+06 diffscore=169.415 priorChange=-60.997 successMove=28
ITERATION 67 newScore=-2.49928e+06 diffscore=1417.16 priorChange=-63.7695 successMove=27
ITERATION 68 newScore=-2.49914e+06 diffscore=145.385 priorChange=-60.997 successMove=27
ITERATION 69 newScore=-2.49876e+06 diffscore=374.825 priorChange=-59.6107 successMove=26
ITERATION 70 newScore=-2.49746e+06 diffscore=1306.07 priorChange=-54.0655 successMove=24
ITERATION 71 newScore=-2.49637e+06 diffscore=1086.62 priorChange=-38.8162 successMove=22
ITERATION 72 newScore=-2.49629e+06 diffscore=85.8758 priorChange=-51.2929 successMove=22
ITERATION 73 newScore=-2.49617e+06 diffscore=112.57 priorChange=-52.6792 successMove=22
ITERATION 74 newScore=-2.49608e+06 diffscore=91.2576 priorChange=-45.7477 successMove=23
ITERATION 75 newScore=-2.496e+06 diffscore=84.0947 priorChange=-42.9751 successMove=21
ITERATION 76 newScore=-2.49592e+06 diffscore=80.5375 priorChange=-34.6574 successMove=18
ITERATION 77 newScore=-2.49584e+06 diffscore=77.539 priorChange=-30.4985 successMove=19
ITERATION 78 newScore=-2.49573e+06 diffscore=109.762 priorChange=-40.2025 successMove=18
ITERATION 79 newScore=-2.49562e+06 diffscore=110.651 priorChange=-41.5888 successMove=18
ITERATION 80 newScore=-2.49407e+06 diffscore=1551.23 priorChange=-31.8848 successMove=18
ITERATION 81 newScore=-2.49398e+06 diffscore=85.4358 priorChange=-42.9751 successMove=16
ITERATION 82 newScore=-2.49385e+06 diffscore=130.381 priorChange=-27.7259 successMove=16
ITERATION 83 newScore=-2.4928e+06 diffscore=1050.7 priorChange=-26.3396 successMove=14
ITERATION 84 newScore=-2.49273e+06 diffscore=67.8783 priorChange=-16.6355 successMove=11
ITERATION 85 newScore=-2.49132e+06 diffscore=1411.14 priorChange=-18.0218 successMove=10
ITERATION 86 newScore=-2.49121e+06 diffscore=113.181 priorChange=-8.31777 successMove=8
ITERATION 87 newScore=-2.49113e+06 diffscore=78.1121 priorChange=-11.0904 successMove=8
ITERATION 88 newScore=-2.49106e+06 diffscore=69.395 priorChange=-11.0904 successMove=7
ITERATION 89 newScore=-2.491e+06 diffscore=64.5661 priorChange=-16.6355 successMove=7
ITERATION 90 newScore=-2.4901e+06 diffscore=898.634 priorChange=-15.2492 successMove=6
ITERATION 91 newScore=-2.49006e+06 diffscore=42.3867 priorChange=-5.54518 successMove=6
ITERATION 92 newScore=-2.49004e+06 diffscore=19.2324 priorChange=-11.0904 successMove=6
ITERATION 93 newScore=-2.49001e+06 diffscore=22.1956 priorChange=-12.4766 successMove=6
ITERATION 94 newScore=-2.49e+06 diffscore=18.6953 priorChange=-8.31777 successMove=5
ITERATION 95 newScore=-2.48998e+06 diffscore=18.3437 priorChange=-6.93147 successMove=5
ITERATION 96 newScore=-2.48996e+06 diffscore=17.0624 priorChange=-4.15888 successMove=5
ITERATION 97 newScore=-2.48994e+06 diffscore=21.3276 priorChange=-13.8629 successMove=5
ITERATION 98 newScore=-2.48992e+06 diffscore=17.2265 priorChange=-12.4766 successMove=5
ITERATION 99 newScore=-2.48991e+06 diffscore=15.2777 priorChange=-5.54518 successMove=5
MetaLearner::dumpAllGraphs
Final Score -2.48991e+06
MetaLearner::start runtime: 1225584201 ms
Results/
Results/cluster10/
Results/cluster10/fold0/
Results/cluster10/fold0/modelparams.txt
Results/cluster10/fold0/var_mb_pw_k50.txt
Results/cluster1/
Results/cluster1/fold0/
Results/cluster1/fold0/modelparams.txt
Results/cluster1/fold0/var_mb_pw_k50.txt
Results/cluster6/
Results/cluster6/fold0/
Results/cluster6/fold0/modelparams.txt
Results/cluster6/fold0/var_mb_pw_k50.txt
Results/cluster9/
Results/cluster9/fold0/
Results/cluster9/fold0/modelparams.txt
Results/cluster9/fold0/var_mb_pw_k50.txt
Results/cluster2/
Results/cluster2/fold0/
Results/cluster2/fold0/modelparams.txt
Results/cluster2/fold0/var_mb_pw_k50.txt
Results/cluster7/
Results/cluster7/fold0/
Results/cluster7/fold0/modelparams.txt
Results/cluster7/fold0/var_mb_pw_k50.txt
Results/cluster3/
Results/cluster3/fold0/
Results/cluster3/fold0/modelparams.txt
Results/cluster3/fold0/var_mb_pw_k50.txt
Results/cluster8/
Results/cluster8/scoreFile.txt
Results/cluster8/fold0/
Results/cluster8/fold0/modelparams.txt
Results/cluster8/fold0/var_mb_pw_k50.txt
