000 (49777.773.000) 10/11 10:48:09 Job submitted from host: <144.92.142.142:9618?addrs=144.92.142.142-9618&noUDP&sock=44923_051a_3>
...
001 (49777.773.000) 10/11 14:42:31 Job executing on host: <128.105.68.23:9618?addrs=128.105.68.23-9618&alias=gpulab2004.chtc.wisc.edu&noUDP&sock=startd_62541_80a6>
...
006 (49777.773.000) 10/11 14:42:39 Image size of job updated: 156768
	104  -  MemoryUsage of job (MB)
	105576  -  ResidentSetSize of job (KB)
...
006 (49777.773.000) 10/11 14:47:39 Image size of job updated: 722536
	656  -  MemoryUsage of job (MB)
	671360  -  ResidentSetSize of job (KB)
...
006 (49777.773.000) 10/11 14:52:40 Image size of job updated: 1021788
	955  -  MemoryUsage of job (MB)
	977288  -  ResidentSetSize of job (KB)
...
006 (49777.773.000) 10/11 14:57:40 Image size of job updated: 1416824
	1360  -  MemoryUsage of job (MB)
	1392312  -  ResidentSetSize of job (KB)
...
006 (49777.773.000) 10/11 15:02:40 Image size of job updated: 1980704
	1900  -  MemoryUsage of job (MB)
	1944704  -  ResidentSetSize of job (KB)
...
006 (49777.773.000) 10/11 15:05:22 Image size of job updated: 2298480
	1900  -  MemoryUsage of job (MB)
	1944704  -  ResidentSetSize of job (KB)
...
005 (49777.773.000) 10/11 15:05:22 Job terminated.
	(1) Normal termination (return value 0)
		Usr 0 00:22:46, Sys 0 00:00:03  -  Run Remote Usage
		Usr 0 00:00:00, Sys 0 00:00:00  -  Run Local Usage
		Usr 0 00:22:46, Sys 0 00:00:03  -  Total Remote Usage
		Usr 0 00:00:00, Sys 0 00:00:00  -  Total Local Usage
	177489  -  Run Bytes Sent By Job
	316889536  -  Run Bytes Received By Job
	177489  -  Total Bytes Sent By Job
	316889536  -  Total Bytes Received By Job
	Partitionable Resources :     Usage  Request Allocated 
	   Cpus                 :      1.00        1         1 
	   Disk (KB)            : 325000      819200  18192444 
	   Gpus                 :                            0 
	   Ioheavy              :                            0 
	   Memory (MB)          :   1900       20480     21341 
...
