000 (49777.1169.000) 10/11 10:48:11 Job submitted from host: <144.92.142.142:9618?addrs=144.92.142.142-9618&noUDP&sock=44923_051a_3>
...
001 (49777.1169.000) 10/11 15:57:50 Job executing on host: <128.105.68.16:9618?addrs=128.105.68.16-9618&alias=coba2000.chtc.wisc.edu&noUDP&sock=startd_7305_336c>
...
006 (49777.1169.000) 10/11 15:57:58 Image size of job updated: 156436
	103  -  MemoryUsage of job (MB)
	105308  -  ResidentSetSize of job (KB)
...
006 (49777.1169.000) 10/11 16:02:58 Image size of job updated: 737016
	684  -  MemoryUsage of job (MB)
	699684  -  ResidentSetSize of job (KB)
...
006 (49777.1169.000) 10/11 16:07:58 Image size of job updated: 1114544
	1064  -  MemoryUsage of job (MB)
	1088728  -  ResidentSetSize of job (KB)
...
006 (49777.1169.000) 10/11 16:12:59 Image size of job updated: 1990424
	1900  -  MemoryUsage of job (MB)
	1945508  -  ResidentSetSize of job (KB)
...
006 (49777.1169.000) 10/11 16:17:59 Image size of job updated: 3203416
	3129  -  MemoryUsage of job (MB)
	3203412  -  ResidentSetSize of job (KB)
...
006 (49777.1169.000) 10/11 16:20:36 Image size of job updated: 3888372
	3129  -  MemoryUsage of job (MB)
	3203420  -  ResidentSetSize of job (KB)
...
005 (49777.1169.000) 10/11 16:20:37 Job terminated.
	(1) Normal termination (return value 0)
		Usr 0 00:22:34, Sys 0 00:00:07  -  Run Remote Usage
		Usr 0 00:00:00, Sys 0 00:00:00  -  Run Local Usage
		Usr 0 00:22:34, Sys 0 00:00:07  -  Total Remote Usage
		Usr 0 00:00:00, Sys 0 00:00:00  -  Total Local Usage
	169408  -  Run Bytes Sent By Job
	316773280  -  Run Bytes Received By Job
	169408  -  Total Bytes Sent By Job
	316773280  -  Total Bytes Received By Job
	Partitionable Resources :     Usage  Request Allocated 
	   Cpus                 :      0.99        1         1 
	   Disk (KB)            : 325000      819200  44742796 
	   Gpus                 :                            0 
	   Ioheavy              :                            0 
	   Memory (MB)          :   3129       20480     21341 
...
