./CVN -f config_condor.txt -x50 -v1 -l TFs_OGs.txt -n AllGenes74.txt -d celltype_tree_ancestor.txt -m testdata_ogids.txt -s celltype_order.txt -p 0.2 -c yes -b -4 -q 4
(cluster3|cluster8) p_maintain_edge=0.8 p_gain=0.2
(cluster2|cluster3) p_maintain_edge=0.8 p_gain=0.2
(cluster1|cluster2) p_maintain_edge=0.8 p_gain=0.2
(cluster6|cluster2) p_maintain_edge=0.8 p_gain=0.2
(cluster9|cluster6) p_maintain_edge=0.8 p_gain=0.2
(cluster10|cluster6) p_maintain_edge=0.8 p_gain=0.2
(cluster7|cluster10) p_maintain_edge=0.8 p_gain=0.2
speciesSet.size()=8 Root is cluster8
MappedOrthogroupReader::readSpeciesMapping() --- celltype_order.txt
MappedOrthogroupReader::readFile - testdata_ogids.txt
MappedOrthogroupReader::generateGeneOrthoMap()
MetaLearner::init_onefold() read:config_condor.txt
MetaLearner::setinputVariableNames number of variables: 2036
readEvidenceTable:cluster8.table
PotentialManager::loadEvidenceFromTable varCount=2036 sampleCount=348
motifNetwork.size() = 319
0=cluster8 motifNetwork=cluster8_network.txt
variable size=2036
readEvidenceTable:cluster3.table
PotentialManager::loadEvidenceFromTable varCount=2036 sampleCount=95
motifNetwork.size() = 326
1=cluster3 motifNetwork=cluster3_network.txt
variable size=2036
readEvidenceTable:cluster2.table
PotentialManager::loadEvidenceFromTable varCount=2036 sampleCount=386
motifNetwork.size() = 328
2=cluster2 motifNetwork=cluster2_network.txt
variable size=2036
readEvidenceTable:cluster1.table
PotentialManager::loadEvidenceFromTable varCount=2036 sampleCount=36
motifNetwork.size() = 322
3=cluster1 motifNetwork=cluster1_network.txt
variable size=2036
readEvidenceTable:cluster6.table
PotentialManager::loadEvidenceFromTable varCount=2036 sampleCount=524
motifNetwork.size() = 320
4=cluster6 motifNetwork=cluster6_network.txt
variable size=2036
readEvidenceTable:cluster9.table
PotentialManager::loadEvidenceFromTable varCount=2036 sampleCount=184
motifNetwork.size() = 327
5=cluster9 motifNetwork=cluster9_network.txt
variable size=2036
readEvidenceTable:cluster10.table
PotentialManager::loadEvidenceFromTable varCount=2036 sampleCount=165
motifNetwork.size() = 326
6=cluster10 motifNetwork=cluster10_network.txt
variable size=2036
readEvidenceTable:cluster7.table
PotentialManager::loadEvidenceFromTable varCount=2036 sampleCount=1032
motifNetwork.size() = 320
7=cluster7 motifNetwork=cluster7_network.txt
variable size=2036
-------------------------------------------------------------
MetaLearner::start
precomputeEmptyGraphPrior
binkey=0 [Edge status: 0 0 0 0 0 0 0 0 ] P(G)=P(cluster8=0)[0.8] * P(cluster1=0|cluster2=0) * P(cluster9=0|cluster6=0) * P(cluster7=0|cluster10=0) * P(cluster10=0|cluster6=0) * P(cluster6=0|cluster2=0) * P(cluster2=0|cluster3=0) * P(cluster3=0|cluster8=0)[0.209715]=0.167772
condsetMap_Tree
0 cluster8=0 cluster3=0 cluster2=0 cluster1=0 cluster6=0 cluster9=0 cluster10=0 cluster7=1
1 cluster8=0 cluster3=0 cluster2=0 cluster1=0 cluster6=0 cluster9=1 cluster10=0 cluster7=0
2 cluster8=0 cluster3=0 cluster2=0 cluster1=0 cluster6=0 cluster9=1 cluster10=0 cluster7=1
3 cluster8=0 cluster3=0 cluster2=0 cluster1=1 cluster6=0 cluster9=0 cluster10=0 cluster7=0
4 cluster8=0 cluster3=0 cluster2=0 cluster1=1 cluster6=0 cluster9=0 cluster10=0 cluster7=1
5 cluster8=0 cluster3=0 cluster2=0 cluster1=1 cluster6=0 cluster9=1 cluster10=0 cluster7=0
6 cluster8=0 cluster3=0 cluster2=0 cluster1=1 cluster6=0 cluster9=1 cluster10=0 cluster7=1
7 cluster8=0 cluster3=0 cluster2=0 cluster1=0 cluster6=0 cluster9=0 cluster10=1 cluster7=1
8 cluster8=0 cluster3=0 cluster2=0 cluster1=0 cluster6=0 cluster9=1 cluster10=1 cluster7=1
9 cluster8=0 cluster3=0 cluster2=0 cluster1=1 cluster6=0 cluster9=0 cluster10=1 cluster7=1
10 cluster8=0 cluster3=0 cluster2=0 cluster1=1 cluster6=0 cluster9=1 cluster10=1 cluster7=1
11 cluster8=0 cluster3=0 cluster2=0 cluster1=0 cluster6=1 cluster9=1 cluster10=1 cluster7=1
12 cluster8=0 cluster3=0 cluster2=0 cluster1=1 cluster6=1 cluster9=1 cluster10=1 cluster7=1
13 cluster8=0 cluster3=0 cluster2=1 cluster1=1 cluster6=1 cluster9=1 cluster10=1 cluster7=1
14 cluster8=0 cluster3=1 cluster2=1 cluster1=1 cluster6=1 cluster9=1 cluster10=1 cluster7=1
15 cluster8=1 cluster3=1 cluster2=1 cluster1=1 cluster6=1 cluster9=1 cluster10=1 cluster7=1
16 cluster8=1 cluster3=1 cluster2=1 cluster1=1 cluster6=1 cluster9=1 cluster10=1 cluster7=0
17 cluster8=1 cluster3=1 cluster2=1 cluster1=1 cluster6=1 cluster9=0 cluster10=1 cluster7=1
18 cluster8=1 cluster3=1 cluster2=1 cluster1=1 cluster6=1 cluster9=0 cluster10=1 cluster7=0
19 cluster8=1 cluster3=1 cluster2=1 cluster1=0 cluster6=1 cluster9=1 cluster10=1 cluster7=1
20 cluster8=1 cluster3=1 cluster2=1 cluster1=0 cluster6=1 cluster9=1 cluster10=1 cluster7=0
21 cluster8=1 cluster3=1 cluster2=1 cluster1=0 cluster6=1 cluster9=0 cluster10=1 cluster7=1
22 cluster8=1 cluster3=1 cluster2=1 cluster1=0 cluster6=1 cluster9=0 cluster10=1 cluster7=0
23 cluster8=1 cluster3=1 cluster2=1 cluster1=1 cluster6=1 cluster9=1 cluster10=0 cluster7=0
24 cluster8=1 cluster3=1 cluster2=1 cluster1=1 cluster6=1 cluster9=0 cluster10=0 cluster7=0
25 cluster8=1 cluster3=1 cluster2=1 cluster1=0 cluster6=1 cluster9=1 cluster10=0 cluster7=0
26 cluster8=1 cluster3=1 cluster2=1 cluster1=0 cluster6=1 cluster9=0 cluster10=0 cluster7=0
27 cluster8=1 cluster3=1 cluster2=1 cluster1=1 cluster6=0 cluster9=0 cluster10=0 cluster7=0
28 cluster8=1 cluster3=1 cluster2=1 cluster1=0 cluster6=0 cluster9=0 cluster10=0 cluster7=0
29 cluster8=1 cluster3=1 cluster2=0 cluster1=0 cluster6=0 cluster9=0 cluster10=0 cluster7=0
30 cluster8=1 cluster3=0 cluster2=0 cluster1=0 cluster6=0 cluster9=0 cluster10=0 cluster7=0
31 cluster8=0 cluster3=0 cluster2=0 cluster1=0 cluster6=1 cluster9=0 cluster10=0 cluster7=0
32 cluster8=0 cluster3=0 cluster2=1 cluster1=0 cluster6=0 cluster9=0 cluster10=0 cluster7=0
33 cluster8=0 cluster3=0 cluster2=0 cluster1=0 cluster6=0 cluster9=0 cluster10=1 cluster7=0
34 cluster8=0 cluster3=1 cluster2=0 cluster1=0 cluster6=0 cluster9=0 cluster10=0 cluster7=0
inputRegulatorOGs.size() = 1999 inputOGList.size() = 50
binkey=1 [Edge status: 1 0 0 0 0 0 0 0 ] P(G)=P(cluster8=1)[0.2] * P(cluster1=0|cluster2=0) * P(cluster9=0|cluster6=0) * P(cluster7=0|cluster10=0) * P(cluster10=0|cluster6=0) * P(cluster6=0|cluster2=0) * P(cluster2=0|cluster3=0) * P(cluster3=0|cluster8=1)[0.0524288]=0.0104858
binkey=4 [Edge status: 0 0 1 0 0 0 0 0 ] P(G)=P(cluster8=0)[0.8] * P(cluster1=0|cluster2=1) * P(cluster9=0|cluster6=0) * P(cluster7=0|cluster10=0) * P(cluster10=0|cluster6=0) * P(cluster6=0|cluster2=1) * P(cluster2=1|cluster3=0) * P(cluster3=0|cluster8=0)[0.0032768]=0.00262144
binkey=2 [Edge status: 0 1 0 0 0 0 0 0 ] P(G)=P(cluster8=0)[0.8] * P(cluster1=0|cluster2=0) * P(cluster9=0|cluster6=0) * P(cluster7=0|cluster10=0) * P(cluster10=0|cluster6=0) * P(cluster6=0|cluster2=0) * P(cluster2=0|cluster3=1) * P(cluster3=1|cluster8=0)[0.0131072]=0.0104858
binkey=16 [Edge status: 0 0 0 0 1 0 0 0 ] P(G)=P(cluster8=0)[0.8] * P(cluster1=0|cluster2=0) * P(cluster9=0|cluster6=1) * P(cluster7=0|cluster10=0) * P(cluster10=0|cluster6=1) * P(cluster6=1|cluster2=0) * P(cluster2=0|cluster3=0) * P(cluster3=0|cluster8=0)[0.0032768]=0.00262144
binkey=128 [Edge status: 0 0 0 0 0 0 0 1 ] P(G)=P(cluster8=0)[0.8] * P(cluster1=0|cluster2=0) * P(cluster9=0|cluster6=0) * P(cluster7=1|cluster10=0) * P(cluster10=0|cluster6=0) * P(cluster6=0|cluster2=0) * P(cluster2=0|cluster3=0) * P(cluster3=0|cluster8=0)[0.0524288]=0.041943
binkey=32 [Edge status: 0 0 0 0 0 1 0 0 ] P(G)=P(cluster8=0)[0.8] * P(cluster1=0|cluster2=0) * P(cluster9=1|cluster6=0) * P(cluster7=0|cluster10=0) * P(cluster10=0|cluster6=0) * P(cluster6=0|cluster2=0) * P(cluster2=0|cluster3=0) * P(cluster3=0|cluster8=0)[0.0524288]=0.041943
binkey=160 [Edge status: 0 0 0 0 0 1 0 1 ] P(G)=P(cluster8=0)[0.8] * P(cluster1=0|cluster2=0) * P(cluster9=1|cluster6=0) * P(cluster7=1|cluster10=0) * P(cluster10=0|cluster6=0) * P(cluster6=0|cluster2=0) * P(cluster2=0|cluster3=0) * P(cluster3=0|cluster8=0)[0.0131072]=0.0104858
binkey=64 [Edge status: 0 0 0 0 0 0 1 0 ] P(G)=P(cluster8=0)[0.8] * P(cluster1=0|cluster2=0) * P(cluster9=0|cluster6=0) * P(cluster7=0|cluster10=1) * P(cluster10=1|cluster6=0) * P(cluster6=0|cluster2=0) * P(cluster2=0|cluster3=0) * P(cluster3=0|cluster8=0)[0.0131072]=0.0104858
binkey=3 [Edge status: 1 1 0 0 0 0 0 0 ] P(G)=P(cluster8=1)[0.2] * P(cluster1=0|cluster2=0) * P(cluster9=0|cluster6=0) * P(cluster7=0|cluster10=0) * P(cluster10=0|cluster6=0) * P(cluster6=0|cluster2=0) * P(cluster2=0|cluster3=1) * P(cluster3=1|cluster8=1)[0.0524288]=0.0104858
binkey=8 [Edge status: 0 0 0 1 0 0 0 0 ] P(G)=P(cluster8=0)[0.8] * P(cluster1=1|cluster2=0) * P(cluster9=0|cluster6=0) * P(cluster7=0|cluster10=0) * P(cluster10=0|cluster6=0) * P(cluster6=0|cluster2=0) * P(cluster2=0|cluster3=0) * P(cluster3=0|cluster8=0)[0.0524288]=0.041943
binkey=15 [Edge status: 1 1 1 1 0 0 0 0 ] P(G)=P(cluster8=1)[0.2] * P(cluster1=1|cluster2=1) * P(cluster9=0|cluster6=0) * P(cluster7=0|cluster10=0) * P(cluster10=0|cluster6=0) * P(cluster6=0|cluster2=1) * P(cluster2=1|cluster3=1) * P(cluster3=1|cluster8=1)[0.0524288]=0.0104858
binkey=7 [Edge status: 1 1 1 0 0 0 0 0 ] P(G)=P(cluster8=1)[0.2] * P(cluster1=0|cluster2=1) * P(cluster9=0|cluster6=0) * P(cluster7=0|cluster10=0) * P(cluster10=0|cluster6=0) * P(cluster6=0|cluster2=1) * P(cluster2=1|cluster3=1) * P(cluster3=1|cluster8=1)[0.0131072]=0.00262144
binkey=192 [Edge status: 0 0 0 0 0 0 1 1 ] P(G)=P(cluster8=0)[0.8] * P(cluster1=0|cluster2=0) * P(cluster9=0|cluster6=0) * P(cluster7=1|cluster10=1) * P(cluster10=1|cluster6=0) * P(cluster6=0|cluster2=0) * P(cluster2=0|cluster3=0) * P(cluster3=0|cluster8=0)[0.0524288]=0.041943
binkey=224 [Edge status: 0 0 0 0 0 1 1 1 ] P(G)=P(cluster8=0)[0.8] * P(cluster1=0|cluster2=0) * P(cluster9=1|cluster6=0) * P(cluster7=1|cluster10=1) * P(cluster10=1|cluster6=0) * P(cluster6=0|cluster2=0) * P(cluster2=0|cluster3=0) * P(cluster3=0|cluster8=0)[0.0131072]=0.0104858
binkey=240 [Edge status: 0 0 0 0 1 1 1 1 ] P(G)=P(cluster8=0)[0.8] * P(cluster1=0|cluster2=0) * P(cluster9=1|cluster6=1) * P(cluster7=1|cluster10=1) * P(cluster10=1|cluster6=1) * P(cluster6=1|cluster2=0) * P(cluster2=0|cluster3=0) * P(cluster3=0|cluster8=0)[0.0524288]=0.041943
binkey=40 [Edge status: 0 0 0 1 0 1 0 0 ] P(G)=P(cluster8=0)[0.8] * P(cluster1=1|cluster2=0) * P(cluster9=1|cluster6=0) * P(cluster7=0|cluster10=0) * P(cluster10=0|cluster6=0) * P(cluster6=0|cluster2=0) * P(cluster2=0|cluster3=0) * P(cluster3=0|cluster8=0)[0.0131072]=0.0104858
binkey=136 [Edge status: 0 0 0 1 0 0 0 1 ] P(G)=P(cluster8=0)[0.8] * P(cluster1=1|cluster2=0) * P(cluster9=0|cluster6=0) * P(cluster7=1|cluster10=0) * P(cluster10=0|cluster6=0) * P(cluster6=0|cluster2=0) * P(cluster2=0|cluster3=0) * P(cluster3=0|cluster8=0)[0.0131072]=0.0104858
binkey=215 [Edge status: 1 1 1 0 1 0 1 1 ] P(G)=P(cluster8=1)[0.2] * P(cluster1=0|cluster2=1) * P(cluster9=0|cluster6=1) * P(cluster7=1|cluster10=1) * P(cluster10=1|cluster6=1) * P(cluster6=1|cluster2=1) * P(cluster2=1|cluster3=1) * P(cluster3=1|cluster8=1)[0.0131072]=0.00262144
binkey=87 [Edge status: 1 1 1 0 1 0 1 0 ] P(G)=P(cluster8=1)[0.2] * P(cluster1=0|cluster2=1) * P(cluster9=0|cluster6=1) * P(cluster7=0|cluster10=1) * P(cluster10=1|cluster6=1) * P(cluster6=1|cluster2=1) * P(cluster2=1|cluster3=1) * P(cluster3=1|cluster8=1)[0.0032768]=0.00065536
binkey=23 [Edge status: 1 1 1 0 1 0 0 0 ] P(G)=P(cluster8=1)[0.2] * P(cluster1=0|cluster2=1) * P(cluster9=0|cluster6=1) * P(cluster7=0|cluster10=0) * P(cluster10=0|cluster6=1) * P(cluster6=1|cluster2=1) * P(cluster2=1|cluster3=1) * P(cluster3=1|cluster8=1)[0.0032768]=0.00065536
binkey=200 [Edge status: 0 0 0 1 0 0 1 1 ] P(G)=P(cluster8=0)[0.8] * P(cluster1=1|cluster2=0) * P(cluster9=0|cluster6=0) * P(cluster7=1|cluster10=1) * P(cluster10=1|cluster6=0) * P(cluster6=0|cluster2=0) * P(cluster2=0|cluster3=0) * P(cluster3=0|cluster8=0)[0.0131072]=0.0104858
binkey=168 [Edge status: 0 0 0 1 0 1 0 1 ] P(G)=P(cluster8=0)[0.8] * P(cluster1=1|cluster2=0) * P(cluster9=1|cluster6=0) * P(cluster7=1|cluster10=0) * P(cluster10=0|cluster6=0) * P(cluster6=0|cluster2=0) * P(cluster2=0|cluster3=0) * P(cluster3=0|cluster8=0)[0.0032768]=0.00262144
binkey=247 [Edge status: 1 1 1 0 1 1 1 1 ] P(G)=P(cluster8=1)[0.2] * P(cluster1=0|cluster2=1) * P(cluster9=1|cluster6=1) * P(cluster7=1|cluster10=1) * P(cluster10=1|cluster6=1) * P(cluster6=1|cluster2=1) * P(cluster2=1|cluster3=1) * P(cluster3=1|cluster8=1)[0.0524288]=0.0104858
binkey=119 [Edge status: 1 1 1 0 1 1 1 0 ] P(G)=P(cluster8=1)[0.2] * P(cluster1=0|cluster2=1) * P(cluster9=1|cluster6=1) * P(cluster7=0|cluster10=1) * P(cluster10=1|cluster6=1) * P(cluster6=1|cluster2=1) * P(cluster2=1|cluster3=1) * P(cluster3=1|cluster8=1)[0.0131072]=0.00262144
binkey=55 [Edge status: 1 1 1 0 1 1 0 0 ] P(G)=P(cluster8=1)[0.2] * P(cluster1=0|cluster2=1) * P(cluster9=1|cluster6=1) * P(cluster7=0|cluster10=0) * P(cluster10=0|cluster6=1) * P(cluster6=1|cluster2=1) * P(cluster2=1|cluster3=1) * P(cluster3=1|cluster8=1)[0.0131072]=0.00262144
binkey=232 [Edge status: 0 0 0 1 0 1 1 1 ] P(G)=P(cluster8=0)[0.8] * P(cluster1=1|cluster2=0) * P(cluster9=1|cluster6=0) * P(cluster7=1|cluster10=1) * P(cluster10=1|cluster6=0) * P(cluster6=0|cluster2=0) * P(cluster2=0|cluster3=0) * P(cluster3=0|cluster8=0)[0.0032768]=0.00262144
binkey=248 [Edge status: 0 0 0 1 1 1 1 1 ] P(G)=P(cluster8=0)[0.8] * P(cluster1=1|cluster2=0) * P(cluster9=1|cluster6=1) * P(cluster7=1|cluster10=1) * P(cluster10=1|cluster6=1) * P(cluster6=1|cluster2=0) * P(cluster2=0|cluster3=0) * P(cluster3=0|cluster8=0)[0.0131072]=0.0104858
ITERATION 0 newScore=-2.67484e+06 diffscore=21147.8 priorChange=-123.38 successMove=71
ITERATION 1 newScore=-2.66817e+06 diffscore=6674.29 priorChange=-130.312 successMove=55
ITERATION 2 newScore=-2.65734e+06 diffscore=10833.6 priorChange=-113.676 successMove=57
ITERATION 3 newScore=-2.64848e+06 diffscore=8857.45 priorChange=-133.084 successMove=59
ITERATION 4 newScore=-2.64472e+06 diffscore=3760.7 priorChange=-123.38 successMove=55
ITERATION 5 newScore=-2.637e+06 diffscore=7716.91 priorChange=-128.925 successMove=51
ITERATION 6 newScore=-2.62868e+06 diffscore=8315.83 priorChange=-123.38 successMove=55
ITERATION 7 newScore=-2.62149e+06 diffscore=7198.35 priorChange=-120.608 successMove=51
ITERATION 8 newScore=-2.61747e+06 diffscore=4020.48 priorChange=-121.994 successMove=53
ITERATION 9 newScore=-2.6088e+06 diffscore=8660.79 priorChange=-124.766 successMove=51
ITERATION 10 newScore=-2.60678e+06 diffscore=2020.05 priorChange=-140.016 successMove=50
ITERATION 11 newScore=-2.60595e+06 diffscore=838.691 priorChange=-113.676 successMove=50
ITERATION 12 newScore=-2.60359e+06 diffscore=2359.38 priorChange=-115.062 successMove=51
ITERATION 13 newScore=-2.60117e+06 diffscore=2415.35 priorChange=-116.449 successMove=52
ITERATION 14 newScore=-2.59841e+06 diffscore=2759.4 priorChange=-106.745 successMove=51
ITERATION 15 newScore=-2.59312e+06 diffscore=5296.37 priorChange=-115.062 successMove=51
ITERATION 16 newScore=-2.59243e+06 diffscore=686.594 priorChange=-126.153 successMove=54
ITERATION 17 newScore=-2.59025e+06 diffscore=2176.41 priorChange=-126.153 successMove=50
ITERATION 18 newScore=-2.58681e+06 diffscore=3438.93 priorChange=-120.608 successMove=51
ITERATION 19 newScore=-2.58414e+06 diffscore=2677.53 priorChange=-113.676 successMove=53
ITERATION 20 newScore=-2.57946e+06 diffscore=4680.74 priorChange=-102.586 successMove=50
ITERATION 21 newScore=-2.57873e+06 diffscore=730.003 priorChange=-115.062 successMove=50
ITERATION 22 newScore=-2.57515e+06 diffscore=3571.97 priorChange=-123.38 successMove=50
ITERATION 23 newScore=-2.57418e+06 diffscore=969.093 priorChange=-123.38 successMove=51
ITERATION 24 newScore=-2.57037e+06 diffscore=3819.17 priorChange=-120.608 successMove=50
ITERATION 25 newScore=-2.56987e+06 diffscore=491.733 priorChange=-109.517 successMove=50
ITERATION 26 newScore=-2.56777e+06 diffscore=2103.49 priorChange=-120.608 successMove=50
ITERATION 27 newScore=-2.56674e+06 diffscore=1025.41 priorChange=-124.766 successMove=50
ITERATION 28 newScore=-2.56539e+06 diffscore=1355.02 priorChange=-120.608 successMove=50
ITERATION 29 newScore=-2.56365e+06 diffscore=1737.85 priorChange=-113.676 successMove=50
ITERATION 30 newScore=-2.56222e+06 diffscore=1433.75 priorChange=-127.539 successMove=52
ITERATION 31 newScore=-2.56161e+06 diffscore=610.216 priorChange=-97.0406 successMove=50
ITERATION 32 newScore=-2.56124e+06 diffscore=370.327 priorChange=-106.745 successMove=49
ITERATION 33 newScore=-2.55912e+06 diffscore=2119.63 priorChange=-116.449 successMove=51
ITERATION 34 newScore=-2.55874e+06 diffscore=377.239 priorChange=-108.131 successMove=51
ITERATION 35 newScore=-2.55697e+06 diffscore=1768.83 priorChange=-98.4269 successMove=49
ITERATION 36 newScore=-2.55662e+06 diffscore=348.444 priorChange=-112.29 successMove=49
ITERATION 37 newScore=-2.55621e+06 diffscore=415.77 priorChange=-106.745 successMove=48
ITERATION 38 newScore=-2.55571e+06 diffscore=497.385 priorChange=-120.608 successMove=49
ITERATION 39 newScore=-2.55496e+06 diffscore=754.876 priorChange=-112.29 successMove=50
ITERATION 40 newScore=-2.55345e+06 diffscore=1502.11 priorChange=-110.904 successMove=48
ITERATION 41 newScore=-2.55308e+06 diffscore=372.392 priorChange=-108.131 successMove=46
ITERATION 42 newScore=-2.55176e+06 diffscore=1323.52 priorChange=-88.7228 successMove=47
ITERATION 43 newScore=-2.54948e+06 diffscore=2278.39 priorChange=-80.4051 successMove=47
ITERATION 44 newScore=-2.54788e+06 diffscore=1598.71 priorChange=-102.586 successMove=46
ITERATION 45 newScore=-2.5468e+06 diffscore=1080.91 priorChange=-103.972 successMove=45
ITERATION 46 newScore=-2.54554e+06 diffscore=1259.95 priorChange=-102.586 successMove=44
ITERATION 47 newScore=-2.54528e+06 diffscore=260.604 priorChange=-81.7914 successMove=45
ITERATION 48 newScore=-2.54478e+06 diffscore=503.125 priorChange=-90.1091 successMove=44
ITERATION 49 newScore=-2.5443e+06 diffscore=474.342 priorChange=-92.8817 successMove=43
ITERATION 50 newScore=-2.54079e+06 diffscore=3509.14 priorChange=-83.1777 successMove=44
ITERATION 51 newScore=-2.54054e+06 diffscore=249.321 priorChange=-81.7914 successMove=45
ITERATION 52 newScore=-2.54028e+06 diffscore=259.971 priorChange=-84.564 successMove=40
ITERATION 53 newScore=-2.53791e+06 diffscore=2377.78 priorChange=-84.564 successMove=39
ITERATION 54 newScore=-2.53766e+06 diffscore=245.192 priorChange=-98.4269 successMove=40
ITERATION 55 newScore=-2.53722e+06 diffscore=442.668 priorChange=-85.9503 successMove=39
ITERATION 56 newScore=-2.53695e+06 diffscore=271.678 priorChange=-95.6543 successMove=38
ITERATION 57 newScore=-2.53669e+06 diffscore=251.046 priorChange=-70.701 successMove=38
ITERATION 58 newScore=-2.53635e+06 diffscore=342.673 priorChange=-72.0873 successMove=36
ITERATION 59 newScore=-2.5352e+06 diffscore=1147.08 priorChange=-62.3832 successMove=35
ITERATION 60 newScore=-2.535e+06 diffscore=206.771 priorChange=-77.6325 successMove=35
ITERATION 61 newScore=-2.53345e+06 diffscore=1551.72 priorChange=-65.1558 successMove=33
ITERATION 62 newScore=-2.53249e+06 diffscore=952.566 priorChange=-60.997 successMove=31
ITERATION 63 newScore=-2.53234e+06 diffscore=151.475 priorChange=-67.9284 successMove=31
ITERATION 64 newScore=-2.5321e+06 diffscore=241.447 priorChange=-87.3365 successMove=30
ITERATION 65 newScore=-2.53121e+06 diffscore=885.88 priorChange=-66.5421 successMove=29
ITERATION 66 newScore=-2.53108e+06 diffscore=135.544 priorChange=-51.2929 successMove=29
ITERATION 67 newScore=-2.53089e+06 diffscore=191.216 priorChange=-62.3832 successMove=27
ITERATION 68 newScore=-2.53063e+06 diffscore=255.55 priorChange=-58.2244 successMove=26
ITERATION 69 newScore=-2.52976e+06 diffscore=870.975 priorChange=-69.3147 successMove=26
ITERATION 70 newScore=-2.52951e+06 diffscore=251.824 priorChange=-65.1558 successMove=27
ITERATION 71 newScore=-2.52931e+06 diffscore=200.282 priorChange=-54.0655 successMove=23
ITERATION 72 newScore=-2.52794e+06 diffscore=1365.23 priorChange=-55.4518 successMove=24
ITERATION 73 newScore=-2.52749e+06 diffscore=453.049 priorChange=-48.5203 successMove=23
ITERATION 74 newScore=-2.52738e+06 diffscore=116.12 priorChange=-54.0655 successMove=23
ITERATION 75 newScore=-2.52727e+06 diffscore=108.279 priorChange=-47.134 successMove=21
ITERATION 76 newScore=-2.52713e+06 diffscore=141.717 priorChange=-40.2025 successMove=20
ITERATION 77 newScore=-2.52702e+06 diffscore=109.307 priorChange=-36.0437 successMove=16
ITERATION 78 newScore=-2.52689e+06 diffscore=125.805 priorChange=-41.5888 successMove=16
ITERATION 79 newScore=-2.52675e+06 diffscore=136.494 priorChange=-37.4299 successMove=15
ITERATION 80 newScore=-2.5266e+06 diffscore=152.272 priorChange=-30.4985 successMove=14
ITERATION 81 newScore=-2.52647e+06 diffscore=135.28 priorChange=-37.4299 successMove=14
ITERATION 82 newScore=-2.52544e+06 diffscore=1027.33 priorChange=-29.1122 successMove=14
ITERATION 83 newScore=-2.52426e+06 diffscore=1175.1 priorChange=-29.1122 successMove=14
ITERATION 84 newScore=-2.52416e+06 diffscore=99.7689 priorChange=-23.567 successMove=13
ITERATION 85 newScore=-2.52405e+06 diffscore=114.056 priorChange=-24.9533 successMove=13
ITERATION 86 newScore=-2.523e+06 diffscore=1052.94 priorChange=-29.1122 successMove=12
ITERATION 87 newScore=-2.52296e+06 diffscore=34.2469 priorChange=-13.8629 successMove=10
ITERATION 88 newScore=-2.52292e+06 diffscore=47.1516 priorChange=-19.4081 successMove=11
ITERATION 89 newScore=-2.52287e+06 diffscore=42.5085 priorChange=-11.0904 successMove=10
ITERATION 90 newScore=-2.52281e+06 diffscore=59.8968 priorChange=-23.567 successMove=10
ITERATION 91 newScore=-2.52276e+06 diffscore=57.6829 priorChange=-23.567 successMove=9
ITERATION 92 newScore=-2.52238e+06 diffscore=370.919 priorChange=-22.1807 successMove=8
ITERATION 93 newScore=-2.52233e+06 diffscore=50.2058 priorChange=-18.0218 successMove=7
ITERATION 94 newScore=-2.52229e+06 diffscore=48.5035 priorChange=-15.2492 successMove=6
ITERATION 95 newScore=-2.52224e+06 diffscore=43.0523 priorChange=-18.0218 successMove=6
ITERATION 96 newScore=-2.52221e+06 diffscore=37.3155 priorChange=-9.70406 successMove=5
ITERATION 97 newScore=-2.52218e+06 diffscore=21.6146 priorChange=-8.31777 successMove=5
ITERATION 98 newScore=-2.52216e+06 diffscore=22.5984 priorChange=-13.8629 successMove=5
ITERATION 99 newScore=-2.52214e+06 diffscore=21.3249 priorChange=-8.31777 successMove=5
MetaLearner::dumpAllGraphs
Final Score -2.52214e+06
MetaLearner::start runtime: 1516491580 ms
Results/
Results/cluster2/
Results/cluster2/fold0/
Results/cluster2/fold0/var_mb_pw_k50.txt
Results/cluster2/fold0/modelparams.txt
Results/cluster9/
Results/cluster9/fold0/
Results/cluster9/fold0/var_mb_pw_k50.txt
Results/cluster9/fold0/modelparams.txt
Results/cluster1/
Results/cluster1/fold0/
Results/cluster1/fold0/var_mb_pw_k50.txt
Results/cluster1/fold0/modelparams.txt
Results/cluster6/
Results/cluster6/fold0/
Results/cluster6/fold0/var_mb_pw_k50.txt
Results/cluster6/fold0/modelparams.txt
Results/cluster8/
Results/cluster8/fold0/
Results/cluster8/fold0/var_mb_pw_k50.txt
Results/cluster8/fold0/modelparams.txt
Results/cluster8/scoreFile.txt
Results/cluster7/
Results/cluster7/fold0/
Results/cluster7/fold0/var_mb_pw_k50.txt
Results/cluster7/fold0/modelparams.txt
Results/cluster3/
Results/cluster3/fold0/
Results/cluster3/fold0/var_mb_pw_k50.txt
Results/cluster3/fold0/modelparams.txt
Results/cluster10/
Results/cluster10/fold0/
Results/cluster10/fold0/var_mb_pw_k50.txt
Results/cluster10/fold0/modelparams.txt
