000 (49777.1790.000) 10/11 10:48:12 Job submitted from host: <144.92.142.142:9618?addrs=144.92.142.142-9618&noUDP&sock=44923_051a_3>
...
001 (49777.1790.000) 10/11 17:36:50 Job executing on host: <144.92.142.133:9618?addrs=144.92.142.133-9618&noUDP&sock=26367_25b9_3>
...
006 (49777.1790.000) 10/11 17:36:58 Image size of job updated: 170632
	104  -  MemoryUsage of job (MB)
	105884  -  ResidentSetSize of job (KB)
...
006 (49777.1790.000) 10/11 17:41:58 Image size of job updated: 736128
	656  -  MemoryUsage of job (MB)
	671408  -  ResidentSetSize of job (KB)
...
006 (49777.1790.000) 10/11 17:46:59 Image size of job updated: 868456
	789  -  MemoryUsage of job (MB)
	807076  -  ResidentSetSize of job (KB)
...
006 (49777.1790.000) 10/11 17:52:00 Image size of job updated: 1257624
	1172  -  MemoryUsage of job (MB)
	1200000  -  ResidentSetSize of job (KB)
...
006 (49777.1790.000) 10/11 17:54:01 Image size of job updated: 1419284
	1172  -  MemoryUsage of job (MB)
	1200000  -  ResidentSetSize of job (KB)
...
005 (49777.1790.000) 10/11 17:54:01 Job terminated.
	(1) Normal termination (return value 0)
		Usr 0 00:17:08, Sys 0 00:00:02  -  Run Remote Usage
		Usr 0 00:00:00, Sys 0 00:00:00  -  Run Local Usage
		Usr 0 00:17:08, Sys 0 00:00:02  -  Total Remote Usage
		Usr 0 00:00:00, Sys 0 00:00:00  -  Total Local Usage
	170318  -  Run Bytes Sent By Job
	316887328  -  Run Bytes Received By Job
	170318  -  Total Bytes Sent By Job
	316887328  -  Total Bytes Received By Job
	Partitionable Resources :     Usage  Request Allocated 
	   Cpus                 :      1.00        1         1 
	   Disk (KB)            : 325000      819200   1428816 
	   Memory (MB)          :   1172       20480     20480 
...
