./CVN -f config_condor.txt -x50 -v1 -l TFs_OGs.txt -n AllGenes221.txt -d celltype_tree_ancestor.txt -m testdata_ogids.txt -s celltype_order.txt -p 0.2 -c yes -b -4 -q 4
(cluster3|cluster8) p_maintain_edge=0.8 p_gain=0.2
(cluster2|cluster3) p_maintain_edge=0.8 p_gain=0.2
(cluster1|cluster2) p_maintain_edge=0.8 p_gain=0.2
(cluster6|cluster2) p_maintain_edge=0.8 p_gain=0.2
(cluster9|cluster6) p_maintain_edge=0.8 p_gain=0.2
(cluster10|cluster6) p_maintain_edge=0.8 p_gain=0.2
(cluster7|cluster10) p_maintain_edge=0.8 p_gain=0.2
speciesSet.size()=8 Root is cluster8
MappedOrthogroupReader::readSpeciesMapping() --- celltype_order.txt
MappedOrthogroupReader::readFile - testdata_ogids.txt
MappedOrthogroupReader::generateGeneOrthoMap()
MetaLearner::init_onefold() read:config_condor.txt
MetaLearner::setinputVariableNames number of variables: 2041
readEvidenceTable:cluster8.table
PotentialManager::loadEvidenceFromTable varCount=2041 sampleCount=348
motifNetwork.size() = 319
0=cluster8 motifNetwork=cluster8_network.txt
variable size=2041
readEvidenceTable:cluster3.table
PotentialManager::loadEvidenceFromTable varCount=2041 sampleCount=95
motifNetwork.size() = 326
1=cluster3 motifNetwork=cluster3_network.txt
variable size=2041
readEvidenceTable:cluster2.table
PotentialManager::loadEvidenceFromTable varCount=2041 sampleCount=386
motifNetwork.size() = 328
2=cluster2 motifNetwork=cluster2_network.txt
variable size=2041
readEvidenceTable:cluster1.table
PotentialManager::loadEvidenceFromTable varCount=2041 sampleCount=36
motifNetwork.size() = 322
3=cluster1 motifNetwork=cluster1_network.txt
variable size=2041
readEvidenceTable:cluster6.table
PotentialManager::loadEvidenceFromTable varCount=2041 sampleCount=524
motifNetwork.size() = 320
4=cluster6 motifNetwork=cluster6_network.txt
variable size=2041
readEvidenceTable:cluster9.table
PotentialManager::loadEvidenceFromTable varCount=2041 sampleCount=184
motifNetwork.size() = 327
5=cluster9 motifNetwork=cluster9_network.txt
variable size=2041
readEvidenceTable:cluster10.table
PotentialManager::loadEvidenceFromTable varCount=2041 sampleCount=165
motifNetwork.size() = 326
6=cluster10 motifNetwork=cluster10_network.txt
variable size=2041
readEvidenceTable:cluster7.table
PotentialManager::loadEvidenceFromTable varCount=2041 sampleCount=1032
motifNetwork.size() = 320
7=cluster7 motifNetwork=cluster7_network.txt
variable size=2041
-------------------------------------------------------------
MetaLearner::start
precomputeEmptyGraphPrior
binkey=0 [Edge status: 0 0 0 0 0 0 0 0 ] P(G)=P(cluster8=0)[0.8] * P(cluster1=0|cluster2=0) * P(cluster9=0|cluster6=0) * P(cluster7=0|cluster10=0) * P(cluster10=0|cluster6=0) * P(cluster6=0|cluster2=0) * P(cluster2=0|cluster3=0) * P(cluster3=0|cluster8=0)[0.209715]=0.167772
condsetMap_Tree
0 cluster8=0 cluster3=0 cluster2=0 cluster1=0 cluster6=0 cluster9=0 cluster10=0 cluster7=1
1 cluster8=0 cluster3=0 cluster2=0 cluster1=0 cluster6=0 cluster9=1 cluster10=0 cluster7=0
2 cluster8=0 cluster3=0 cluster2=0 cluster1=0 cluster6=0 cluster9=1 cluster10=0 cluster7=1
3 cluster8=0 cluster3=0 cluster2=0 cluster1=1 cluster6=0 cluster9=0 cluster10=0 cluster7=0
4 cluster8=0 cluster3=0 cluster2=0 cluster1=1 cluster6=0 cluster9=0 cluster10=0 cluster7=1
5 cluster8=0 cluster3=0 cluster2=0 cluster1=1 cluster6=0 cluster9=1 cluster10=0 cluster7=0
6 cluster8=0 cluster3=0 cluster2=0 cluster1=1 cluster6=0 cluster9=1 cluster10=0 cluster7=1
7 cluster8=0 cluster3=0 cluster2=0 cluster1=0 cluster6=0 cluster9=0 cluster10=1 cluster7=1
8 cluster8=0 cluster3=0 cluster2=0 cluster1=0 cluster6=0 cluster9=1 cluster10=1 cluster7=1
9 cluster8=0 cluster3=0 cluster2=0 cluster1=1 cluster6=0 cluster9=0 cluster10=1 cluster7=1
10 cluster8=0 cluster3=0 cluster2=0 cluster1=1 cluster6=0 cluster9=1 cluster10=1 cluster7=1
11 cluster8=0 cluster3=0 cluster2=0 cluster1=0 cluster6=1 cluster9=1 cluster10=1 cluster7=1
12 cluster8=0 cluster3=0 cluster2=0 cluster1=1 cluster6=1 cluster9=1 cluster10=1 cluster7=1
13 cluster8=0 cluster3=0 cluster2=1 cluster1=1 cluster6=1 cluster9=1 cluster10=1 cluster7=1
14 cluster8=0 cluster3=1 cluster2=1 cluster1=1 cluster6=1 cluster9=1 cluster10=1 cluster7=1
15 cluster8=1 cluster3=1 cluster2=1 cluster1=1 cluster6=1 cluster9=1 cluster10=1 cluster7=1
16 cluster8=1 cluster3=1 cluster2=1 cluster1=1 cluster6=1 cluster9=1 cluster10=1 cluster7=0
17 cluster8=1 cluster3=1 cluster2=1 cluster1=1 cluster6=1 cluster9=0 cluster10=1 cluster7=1
18 cluster8=1 cluster3=1 cluster2=1 cluster1=1 cluster6=1 cluster9=0 cluster10=1 cluster7=0
19 cluster8=1 cluster3=1 cluster2=1 cluster1=0 cluster6=1 cluster9=1 cluster10=1 cluster7=1
20 cluster8=1 cluster3=1 cluster2=1 cluster1=0 cluster6=1 cluster9=1 cluster10=1 cluster7=0
21 cluster8=1 cluster3=1 cluster2=1 cluster1=0 cluster6=1 cluster9=0 cluster10=1 cluster7=1
22 cluster8=1 cluster3=1 cluster2=1 cluster1=0 cluster6=1 cluster9=0 cluster10=1 cluster7=0
23 cluster8=1 cluster3=1 cluster2=1 cluster1=1 cluster6=1 cluster9=1 cluster10=0 cluster7=0
24 cluster8=1 cluster3=1 cluster2=1 cluster1=1 cluster6=1 cluster9=0 cluster10=0 cluster7=0
25 cluster8=1 cluster3=1 cluster2=1 cluster1=0 cluster6=1 cluster9=1 cluster10=0 cluster7=0
26 cluster8=1 cluster3=1 cluster2=1 cluster1=0 cluster6=1 cluster9=0 cluster10=0 cluster7=0
27 cluster8=1 cluster3=1 cluster2=1 cluster1=1 cluster6=0 cluster9=0 cluster10=0 cluster7=0
28 cluster8=1 cluster3=1 cluster2=1 cluster1=0 cluster6=0 cluster9=0 cluster10=0 cluster7=0
29 cluster8=1 cluster3=1 cluster2=0 cluster1=0 cluster6=0 cluster9=0 cluster10=0 cluster7=0
30 cluster8=1 cluster3=0 cluster2=0 cluster1=0 cluster6=0 cluster9=0 cluster10=0 cluster7=0
31 cluster8=0 cluster3=0 cluster2=0 cluster1=0 cluster6=1 cluster9=0 cluster10=0 cluster7=0
32 cluster8=0 cluster3=0 cluster2=1 cluster1=0 cluster6=0 cluster9=0 cluster10=0 cluster7=0
33 cluster8=0 cluster3=0 cluster2=0 cluster1=0 cluster6=0 cluster9=0 cluster10=1 cluster7=0
34 cluster8=0 cluster3=1 cluster2=0 cluster1=0 cluster6=0 cluster9=0 cluster10=0 cluster7=0
inputRegulatorOGs.size() = 1999 inputOGList.size() = 50
binkey=2 [Edge status: 0 1 0 0 0 0 0 0 ] P(G)=P(cluster8=0)[0.8] * P(cluster1=0|cluster2=0) * P(cluster9=0|cluster6=0) * P(cluster7=0|cluster10=0) * P(cluster10=0|cluster6=0) * P(cluster6=0|cluster2=0) * P(cluster2=0|cluster3=1) * P(cluster3=1|cluster8=0)[0.0131072]=0.0104858
binkey=16 [Edge status: 0 0 0 0 1 0 0 0 ] P(G)=P(cluster8=0)[0.8] * P(cluster1=0|cluster2=0) * P(cluster9=0|cluster6=1) * P(cluster7=0|cluster10=0) * P(cluster10=0|cluster6=1) * P(cluster6=1|cluster2=0) * P(cluster2=0|cluster3=0) * P(cluster3=0|cluster8=0)[0.0032768]=0.00262144
binkey=64 [Edge status: 0 0 0 0 0 0 1 0 ] P(G)=P(cluster8=0)[0.8] * P(cluster1=0|cluster2=0) * P(cluster9=0|cluster6=0) * P(cluster7=0|cluster10=1) * P(cluster10=1|cluster6=0) * P(cluster6=0|cluster2=0) * P(cluster2=0|cluster3=0) * P(cluster3=0|cluster8=0)[0.0131072]=0.0104858
binkey=4 [Edge status: 0 0 1 0 0 0 0 0 ] P(G)=P(cluster8=0)[0.8] * P(cluster1=0|cluster2=1) * P(cluster9=0|cluster6=0) * P(cluster7=0|cluster10=0) * P(cluster10=0|cluster6=0) * P(cluster6=0|cluster2=1) * P(cluster2=1|cluster3=0) * P(cluster3=0|cluster8=0)[0.0032768]=0.00262144
binkey=32 [Edge status: 0 0 0 0 0 1 0 0 ] P(G)=P(cluster8=0)[0.8] * P(cluster1=0|cluster2=0) * P(cluster9=1|cluster6=0) * P(cluster7=0|cluster10=0) * P(cluster10=0|cluster6=0) * P(cluster6=0|cluster2=0) * P(cluster2=0|cluster3=0) * P(cluster3=0|cluster8=0)[0.0524288]=0.041943
binkey=1 [Edge status: 1 0 0 0 0 0 0 0 ] P(G)=P(cluster8=1)[0.2] * P(cluster1=0|cluster2=0) * P(cluster9=0|cluster6=0) * P(cluster7=0|cluster10=0) * P(cluster10=0|cluster6=0) * P(cluster6=0|cluster2=0) * P(cluster2=0|cluster3=0) * P(cluster3=0|cluster8=1)[0.0524288]=0.0104858
binkey=128 [Edge status: 0 0 0 0 0 0 0 1 ] P(G)=P(cluster8=0)[0.8] * P(cluster1=0|cluster2=0) * P(cluster9=0|cluster6=0) * P(cluster7=1|cluster10=0) * P(cluster10=0|cluster6=0) * P(cluster6=0|cluster2=0) * P(cluster2=0|cluster3=0) * P(cluster3=0|cluster8=0)[0.0524288]=0.041943
binkey=3 [Edge status: 1 1 0 0 0 0 0 0 ] P(G)=P(cluster8=1)[0.2] * P(cluster1=0|cluster2=0) * P(cluster9=0|cluster6=0) * P(cluster7=0|cluster10=0) * P(cluster10=0|cluster6=0) * P(cluster6=0|cluster2=0) * P(cluster2=0|cluster3=1) * P(cluster3=1|cluster8=1)[0.0524288]=0.0104858
binkey=192 [Edge status: 0 0 0 0 0 0 1 1 ] P(G)=P(cluster8=0)[0.8] * P(cluster1=0|cluster2=0) * P(cluster9=0|cluster6=0) * P(cluster7=1|cluster10=1) * P(cluster10=1|cluster6=0) * P(cluster6=0|cluster2=0) * P(cluster2=0|cluster3=0) * P(cluster3=0|cluster8=0)[0.0524288]=0.041943
binkey=160 [Edge status: 0 0 0 0 0 1 0 1 ] P(G)=P(cluster8=0)[0.8] * P(cluster1=0|cluster2=0) * P(cluster9=1|cluster6=0) * P(cluster7=1|cluster10=0) * P(cluster10=0|cluster6=0) * P(cluster6=0|cluster2=0) * P(cluster2=0|cluster3=0) * P(cluster3=0|cluster8=0)[0.0131072]=0.0104858
binkey=8 [Edge status: 0 0 0 1 0 0 0 0 ] P(G)=P(cluster8=0)[0.8] * P(cluster1=1|cluster2=0) * P(cluster9=0|cluster6=0) * P(cluster7=0|cluster10=0) * P(cluster10=0|cluster6=0) * P(cluster6=0|cluster2=0) * P(cluster2=0|cluster3=0) * P(cluster3=0|cluster8=0)[0.0524288]=0.041943
binkey=224 [Edge status: 0 0 0 0 0 1 1 1 ] P(G)=P(cluster8=0)[0.8] * P(cluster1=0|cluster2=0) * P(cluster9=1|cluster6=0) * P(cluster7=1|cluster10=1) * P(cluster10=1|cluster6=0) * P(cluster6=0|cluster2=0) * P(cluster2=0|cluster3=0) * P(cluster3=0|cluster8=0)[0.0131072]=0.0104858
binkey=136 [Edge status: 0 0 0 1 0 0 0 1 ] P(G)=P(cluster8=0)[0.8] * P(cluster1=1|cluster2=0) * P(cluster9=0|cluster6=0) * P(cluster7=1|cluster10=0) * P(cluster10=0|cluster6=0) * P(cluster6=0|cluster2=0) * P(cluster2=0|cluster3=0) * P(cluster3=0|cluster8=0)[0.0131072]=0.0104858
binkey=40 [Edge status: 0 0 0 1 0 1 0 0 ] P(G)=P(cluster8=0)[0.8] * P(cluster1=1|cluster2=0) * P(cluster9=1|cluster6=0) * P(cluster7=0|cluster10=0) * P(cluster10=0|cluster6=0) * P(cluster6=0|cluster2=0) * P(cluster2=0|cluster3=0) * P(cluster3=0|cluster8=0)[0.0131072]=0.0104858
binkey=240 [Edge status: 0 0 0 0 1 1 1 1 ] P(G)=P(cluster8=0)[0.8] * P(cluster1=0|cluster2=0) * P(cluster9=1|cluster6=1) * P(cluster7=1|cluster10=1) * P(cluster10=1|cluster6=1) * P(cluster6=1|cluster2=0) * P(cluster2=0|cluster3=0) * P(cluster3=0|cluster8=0)[0.0524288]=0.041943
binkey=7 [Edge status: 1 1 1 0 0 0 0 0 ] P(G)=P(cluster8=1)[0.2] * P(cluster1=0|cluster2=1) * P(cluster9=0|cluster6=0) * P(cluster7=0|cluster10=0) * P(cluster10=0|cluster6=0) * P(cluster6=0|cluster2=1) * P(cluster2=1|cluster3=1) * P(cluster3=1|cluster8=1)[0.0131072]=0.00262144
binkey=168 [Edge status: 0 0 0 1 0 1 0 1 ] P(G)=P(cluster8=0)[0.8] * P(cluster1=1|cluster2=0) * P(cluster9=1|cluster6=0) * P(cluster7=1|cluster10=0) * P(cluster10=0|cluster6=0) * P(cluster6=0|cluster2=0) * P(cluster2=0|cluster3=0) * P(cluster3=0|cluster8=0)[0.0032768]=0.00262144
binkey=200 [Edge status: 0 0 0 1 0 0 1 1 ] P(G)=P(cluster8=0)[0.8] * P(cluster1=1|cluster2=0) * P(cluster9=0|cluster6=0) * P(cluster7=1|cluster10=1) * P(cluster10=1|cluster6=0) * P(cluster6=0|cluster2=0) * P(cluster2=0|cluster3=0) * P(cluster3=0|cluster8=0)[0.0131072]=0.0104858
binkey=232 [Edge status: 0 0 0 1 0 1 1 1 ] P(G)=P(cluster8=0)[0.8] * P(cluster1=1|cluster2=0) * P(cluster9=1|cluster6=0) * P(cluster7=1|cluster10=1) * P(cluster10=1|cluster6=0) * P(cluster6=0|cluster2=0) * P(cluster2=0|cluster3=0) * P(cluster3=0|cluster8=0)[0.0032768]=0.00262144
binkey=248 [Edge status: 0 0 0 1 1 1 1 1 ] P(G)=P(cluster8=0)[0.8] * P(cluster1=1|cluster2=0) * P(cluster9=1|cluster6=1) * P(cluster7=1|cluster10=1) * P(cluster10=1|cluster6=1) * P(cluster6=1|cluster2=0) * P(cluster2=0|cluster3=0) * P(cluster3=0|cluster8=0)[0.0131072]=0.0104858
ITERATION 0 newScore=-2.7266e+06 diffscore=18244 priorChange=-106.745 successMove=64
ITERATION 1 newScore=-2.71715e+06 diffscore=9442.92 priorChange=-103.972 successMove=53
ITERATION 2 newScore=-2.71029e+06 diffscore=6864.97 priorChange=-123.38 successMove=51
ITERATION 3 newScore=-2.7046e+06 diffscore=5683.47 priorChange=-103.972 successMove=50
ITERATION 4 newScore=-2.6961e+06 diffscore=8500.68 priorChange=-121.994 successMove=52
ITERATION 5 newScore=-2.69237e+06 diffscore=3734.03 priorChange=-117.835 successMove=51
ITERATION 6 newScore=-2.68803e+06 diffscore=4335.76 priorChange=-113.676 successMove=53
ITERATION 7 newScore=-2.68571e+06 diffscore=2324.49 priorChange=-113.676 successMove=50
ITERATION 8 newScore=-2.68455e+06 diffscore=1159.29 priorChange=-119.221 successMove=52
ITERATION 9 newScore=-2.68194e+06 diffscore=2612.51 priorChange=-113.676 successMove=50
ITERATION 10 newScore=-2.6784e+06 diffscore=3539.11 priorChange=-117.835 successMove=50
ITERATION 11 newScore=-2.67531e+06 diffscore=3093.3 priorChange=-113.676 successMove=50
ITERATION 12 newScore=-2.67439e+06 diffscore=918.601 priorChange=-110.904 successMove=53
ITERATION 13 newScore=-2.67034e+06 diffscore=4050.62 priorChange=-109.517 successMove=52
ITERATION 14 newScore=-2.66443e+06 diffscore=5904.39 priorChange=-116.449 successMove=49
ITERATION 15 newScore=-2.66376e+06 diffscore=675.048 priorChange=-109.517 successMove=49
ITERATION 16 newScore=-2.66149e+06 diffscore=2269.62 priorChange=-117.835 successMove=51
ITERATION 17 newScore=-2.65724e+06 diffscore=4242.64 priorChange=-102.586 successMove=52
ITERATION 18 newScore=-2.65409e+06 diffscore=3158.29 priorChange=-110.904 successMove=54
ITERATION 19 newScore=-2.65213e+06 diffscore=1958.64 priorChange=-115.062 successMove=49
ITERATION 20 newScore=-2.65109e+06 diffscore=1038.69 priorChange=-117.835 successMove=49
binkey=15 [Edge status: 1 1 1 1 0 0 0 0 ] P(G)=P(cluster8=1)[0.2] * P(cluster1=1|cluster2=1) * P(cluster9=0|cluster6=0) * P(cluster7=0|cluster10=0) * P(cluster10=0|cluster6=0) * P(cluster6=0|cluster2=1) * P(cluster2=1|cluster3=1) * P(cluster3=1|cluster8=1)[0.0524288]=0.0104858
ITERATION 21 newScore=-2.65061e+06 diffscore=475.865 priorChange=-115.062 successMove=52
ITERATION 22 newScore=-2.65005e+06 diffscore=559.559 priorChange=-113.676 successMove=49
ITERATION 23 newScore=-2.6495e+06 diffscore=551.524 priorChange=-99.8132 successMove=48
ITERATION 24 newScore=-2.6462e+06 diffscore=3297.53 priorChange=-103.972 successMove=48
ITERATION 25 newScore=-2.64398e+06 diffscore=2222.9 priorChange=-110.904 successMove=48
ITERATION 26 newScore=-2.6424e+06 diffscore=1578.85 priorChange=-106.745 successMove=47
ITERATION 27 newScore=-2.64065e+06 diffscore=1757.66 priorChange=-95.6543 successMove=49
ITERATION 28 newScore=-2.63901e+06 diffscore=1635.06 priorChange=-98.4269 successMove=46
ITERATION 29 newScore=-2.63727e+06 diffscore=1736.38 priorChange=-110.904 successMove=48
ITERATION 30 newScore=-2.63666e+06 diffscore=610.043 priorChange=-106.745 successMove=47
ITERATION 31 newScore=-2.63496e+06 diffscore=1703.74 priorChange=-101.199 successMove=46
ITERATION 32 newScore=-2.63217e+06 diffscore=2794.56 priorChange=-105.358 successMove=47
ITERATION 33 newScore=-2.63152e+06 diffscore=649.04 priorChange=-112.29 successMove=46
ITERATION 34 newScore=-2.63087e+06 diffscore=642.968 priorChange=-103.972 successMove=46
ITERATION 35 newScore=-2.62807e+06 diffscore=2798.91 priorChange=-101.199 successMove=45
ITERATION 36 newScore=-2.6241e+06 diffscore=3976.73 priorChange=-98.4269 successMove=46
ITERATION 37 newScore=-2.62365e+06 diffscore=444.961 priorChange=-110.904 successMove=45
ITERATION 38 newScore=-2.62229e+06 diffscore=1359.01 priorChange=-97.0406 successMove=46
ITERATION 39 newScore=-2.62054e+06 diffscore=1752.22 priorChange=-102.586 successMove=45
ITERATION 40 newScore=-2.6202e+06 diffscore=339.282 priorChange=-109.517 successMove=45
ITERATION 41 newScore=-2.61728e+06 diffscore=2926.5 priorChange=-109.517 successMove=45
ITERATION 42 newScore=-2.61652e+06 diffscore=758.887 priorChange=-103.972 successMove=44
ITERATION 43 newScore=-2.61559e+06 diffscore=927.359 priorChange=-97.0406 successMove=44
ITERATION 44 newScore=-2.61388e+06 diffscore=1705.76 priorChange=-105.358 successMove=48
ITERATION 45 newScore=-2.61364e+06 diffscore=248.504 priorChange=-92.8817 successMove=44
ITERATION 46 newScore=-2.61338e+06 diffscore=260.054 priorChange=-99.8132 successMove=45
ITERATION 47 newScore=-2.61232e+06 diffscore=1055.82 priorChange=-88.7228 successMove=42
ITERATION 48 newScore=-2.61084e+06 diffscore=1479.25 priorChange=-102.586 successMove=42
ITERATION 49 newScore=-2.61059e+06 diffscore=249.88 priorChange=-94.268 successMove=42
ITERATION 50 newScore=-2.61014e+06 diffscore=449.57 priorChange=-106.745 successMove=41
ITERATION 51 newScore=-2.60993e+06 diffscore=209.847 priorChange=-87.3365 successMove=39
ITERATION 52 newScore=-2.60972e+06 diffscore=207.9 priorChange=-90.1091 successMove=39
ITERATION 53 newScore=-2.60949e+06 diffscore=237.12 priorChange=-84.564 successMove=39
ITERATION 54 newScore=-2.60854e+06 diffscore=942.182 priorChange=-105.358 successMove=38
ITERATION 55 newScore=-2.60764e+06 diffscore=908.571 priorChange=-88.7228 successMove=41
ITERATION 56 newScore=-2.60745e+06 diffscore=187.357 priorChange=-83.1777 successMove=43
ITERATION 57 newScore=-2.60729e+06 diffscore=158.567 priorChange=-76.2462 successMove=37
ITERATION 58 newScore=-2.60712e+06 diffscore=171.364 priorChange=-84.564 successMove=38
ITERATION 59 newScore=-2.60692e+06 diffscore=193.649 priorChange=-73.4736 successMove=36
ITERATION 60 newScore=-2.60675e+06 diffscore=175.911 priorChange=-67.9284 successMove=37
ITERATION 61 newScore=-2.60656e+06 diffscore=191.521 priorChange=-73.4736 successMove=36
ITERATION 62 newScore=-2.60636e+06 diffscore=192.93 priorChange=-79.0188 successMove=34
ITERATION 63 newScore=-2.60606e+06 diffscore=300.688 priorChange=-66.5421 successMove=31
ITERATION 64 newScore=-2.60573e+06 diffscore=335.592 priorChange=-72.0873 successMove=29
ITERATION 65 newScore=-2.60449e+06 diffscore=1241.4 priorChange=-63.7695 successMove=29
ITERATION 66 newScore=-2.603e+06 diffscore=1489.84 priorChange=-56.8381 successMove=29
ITERATION 67 newScore=-2.60074e+06 diffscore=2253.02 priorChange=-55.4518 successMove=30
ITERATION 68 newScore=-2.6006e+06 diffscore=140.968 priorChange=-66.5421 successMove=27
ITERATION 69 newScore=-2.60046e+06 diffscore=142.687 priorChange=-49.9066 successMove=24
ITERATION 70 newScore=-2.60031e+06 diffscore=151.264 priorChange=-42.9751 successMove=23
ITERATION 71 newScore=-2.60015e+06 diffscore=156.027 priorChange=-24.9533 successMove=21
ITERATION 72 newScore=-2.60001e+06 diffscore=141.138 priorChange=-37.4299 successMove=20
ITERATION 73 newScore=-2.59986e+06 diffscore=154.625 priorChange=-27.7259 successMove=18
ITERATION 74 newScore=-2.59929e+06 diffscore=567.703 priorChange=-30.4985 successMove=17
ITERATION 75 newScore=-2.59854e+06 diffscore=745.135 priorChange=-29.1122 successMove=17
ITERATION 76 newScore=-2.59842e+06 diffscore=118.763 priorChange=-37.4299 successMove=16
ITERATION 77 newScore=-2.5983e+06 diffscore=125.829 priorChange=-34.6574 successMove=16
ITERATION 78 newScore=-2.59821e+06 diffscore=92.8369 priorChange=-23.567 successMove=13
ITERATION 79 newScore=-2.59799e+06 diffscore=214.401 priorChange=-30.4985 successMove=14
ITERATION 80 newScore=-2.59753e+06 diffscore=466.004 priorChange=-29.1122 successMove=13
ITERATION 81 newScore=-2.5962e+06 diffscore=1324.6 priorChange=-29.1122 successMove=13
ITERATION 82 newScore=-2.59609e+06 diffscore=106.621 priorChange=-23.567 successMove=13
ITERATION 83 newScore=-2.59499e+06 diffscore=1108.15 priorChange=-24.9533 successMove=11
ITERATION 84 newScore=-2.59493e+06 diffscore=53.1715 priorChange=-23.567 successMove=11
ITERATION 85 newScore=-2.59489e+06 diffscore=39.7687 priorChange=-23.567 successMove=12
ITERATION 86 newScore=-2.59485e+06 diffscore=43.572 priorChange=-26.3396 successMove=10
ITERATION 87 newScore=-2.5948e+06 diffscore=51.2837 priorChange=-26.3396 successMove=11
ITERATION 88 newScore=-2.59462e+06 diffscore=181.041 priorChange=-27.7259 successMove=10
ITERATION 89 newScore=-2.59457e+06 diffscore=46.3811 priorChange=-20.7944 successMove=9
ITERATION 90 newScore=-2.59452e+06 diffscore=50.9843 priorChange=-19.4081 successMove=8
ITERATION 91 newScore=-2.59448e+06 diffscore=39.9049 priorChange=-12.4766 successMove=8
ITERATION 92 newScore=-2.59445e+06 diffscore=35.442 priorChange=-16.6355 successMove=7
ITERATION 93 newScore=-2.59441e+06 diffscore=39.3048 priorChange=-8.31777 successMove=9
ITERATION 94 newScore=-2.59436e+06 diffscore=48.8323 priorChange=-11.0904 successMove=6
ITERATION 95 newScore=-2.59424e+06 diffscore=113.549 priorChange=-15.2492 successMove=6
ITERATION 96 newScore=-2.59351e+06 diffscore=737.584 priorChange=-16.6355 successMove=6
ITERATION 97 newScore=-2.59348e+06 diffscore=28.1113 priorChange=-12.4766 successMove=6
ITERATION 98 newScore=-2.59345e+06 diffscore=30.5056 priorChange=-11.0904 successMove=6
ITERATION 99 newScore=-2.59263e+06 diffscore=821.177 priorChange=-11.0904 successMove=6
MetaLearner::dumpAllGraphs
Final Score -2.59263e+06
MetaLearner::start runtime: 1223378627 ms
Results/
Results/cluster10/
Results/cluster10/fold0/
Results/cluster10/fold0/modelparams.txt
Results/cluster10/fold0/var_mb_pw_k50.txt
Results/cluster1/
Results/cluster1/fold0/
Results/cluster1/fold0/modelparams.txt
Results/cluster1/fold0/var_mb_pw_k50.txt
Results/cluster6/
Results/cluster6/fold0/
Results/cluster6/fold0/modelparams.txt
Results/cluster6/fold0/var_mb_pw_k50.txt
Results/cluster9/
Results/cluster9/fold0/
Results/cluster9/fold0/modelparams.txt
Results/cluster9/fold0/var_mb_pw_k50.txt
Results/cluster2/
Results/cluster2/fold0/
Results/cluster2/fold0/modelparams.txt
Results/cluster2/fold0/var_mb_pw_k50.txt
Results/cluster7/
Results/cluster7/fold0/
Results/cluster7/fold0/modelparams.txt
Results/cluster7/fold0/var_mb_pw_k50.txt
Results/cluster3/
Results/cluster3/fold0/
Results/cluster3/fold0/modelparams.txt
Results/cluster3/fold0/var_mb_pw_k50.txt
Results/cluster8/
Results/cluster8/scoreFile.txt
Results/cluster8/fold0/
Results/cluster8/fold0/modelparams.txt
Results/cluster8/fold0/var_mb_pw_k50.txt
