./CVN -f config_condor.txt -x50 -v1 -l TFs_OGs.txt -n AllGenes52.txt -d celltype_tree_ancestor.txt -m testdata_ogids.txt -s celltype_order.txt -p 0.2 -c yes -b -4 -q 4
(cluster3|cluster8) p_maintain_edge=0.8 p_gain=0.2
(cluster2|cluster3) p_maintain_edge=0.8 p_gain=0.2
(cluster1|cluster2) p_maintain_edge=0.8 p_gain=0.2
(cluster6|cluster2) p_maintain_edge=0.8 p_gain=0.2
(cluster9|cluster6) p_maintain_edge=0.8 p_gain=0.2
(cluster10|cluster6) p_maintain_edge=0.8 p_gain=0.2
(cluster7|cluster10) p_maintain_edge=0.8 p_gain=0.2
speciesSet.size()=8 Root is cluster8
MappedOrthogroupReader::readSpeciesMapping() --- celltype_order.txt
MappedOrthogroupReader::readFile - testdata_ogids.txt
MappedOrthogroupReader::generateGeneOrthoMap()
MetaLearner::init_onefold() read:config_condor.txt
MetaLearner::setinputVariableNames number of variables: 2042
readEvidenceTable:cluster8.table
PotentialManager::loadEvidenceFromTable varCount=2042 sampleCount=348
motifNetwork.size() = 319
0=cluster8 motifNetwork=cluster8_network.txt
variable size=2042
readEvidenceTable:cluster3.table
PotentialManager::loadEvidenceFromTable varCount=2042 sampleCount=95
motifNetwork.size() = 326
1=cluster3 motifNetwork=cluster3_network.txt
variable size=2042
readEvidenceTable:cluster2.table
PotentialManager::loadEvidenceFromTable varCount=2042 sampleCount=386
motifNetwork.size() = 328
2=cluster2 motifNetwork=cluster2_network.txt
variable size=2042
readEvidenceTable:cluster1.table
PotentialManager::loadEvidenceFromTable varCount=2042 sampleCount=36
motifNetwork.size() = 322
3=cluster1 motifNetwork=cluster1_network.txt
variable size=2042
readEvidenceTable:cluster6.table
PotentialManager::loadEvidenceFromTable varCount=2042 sampleCount=524
motifNetwork.size() = 320
4=cluster6 motifNetwork=cluster6_network.txt
variable size=2042
readEvidenceTable:cluster9.table
PotentialManager::loadEvidenceFromTable varCount=2042 sampleCount=184
motifNetwork.size() = 327
5=cluster9 motifNetwork=cluster9_network.txt
variable size=2042
readEvidenceTable:cluster10.table
PotentialManager::loadEvidenceFromTable varCount=2042 sampleCount=165
motifNetwork.size() = 326
6=cluster10 motifNetwork=cluster10_network.txt
variable size=2042
readEvidenceTable:cluster7.table
PotentialManager::loadEvidenceFromTable varCount=2042 sampleCount=1032
motifNetwork.size() = 320
7=cluster7 motifNetwork=cluster7_network.txt
variable size=2042
-------------------------------------------------------------
MetaLearner::start
precomputeEmptyGraphPrior
binkey=0 [Edge status: 0 0 0 0 0 0 0 0 ] P(G)=P(cluster8=0)[0.8] * P(cluster1=0|cluster2=0) * P(cluster9=0|cluster6=0) * P(cluster7=0|cluster10=0) * P(cluster10=0|cluster6=0) * P(cluster6=0|cluster2=0) * P(cluster2=0|cluster3=0) * P(cluster3=0|cluster8=0)[0.209715]=0.167772
condsetMap_Tree
0 cluster8=0 cluster3=0 cluster2=0 cluster1=0 cluster6=0 cluster9=0 cluster10=0 cluster7=1
1 cluster8=0 cluster3=0 cluster2=0 cluster1=0 cluster6=0 cluster9=1 cluster10=0 cluster7=0
2 cluster8=0 cluster3=0 cluster2=0 cluster1=0 cluster6=0 cluster9=1 cluster10=0 cluster7=1
3 cluster8=0 cluster3=0 cluster2=0 cluster1=1 cluster6=0 cluster9=0 cluster10=0 cluster7=0
4 cluster8=0 cluster3=0 cluster2=0 cluster1=1 cluster6=0 cluster9=0 cluster10=0 cluster7=1
5 cluster8=0 cluster3=0 cluster2=0 cluster1=1 cluster6=0 cluster9=1 cluster10=0 cluster7=0
6 cluster8=0 cluster3=0 cluster2=0 cluster1=1 cluster6=0 cluster9=1 cluster10=0 cluster7=1
7 cluster8=0 cluster3=0 cluster2=0 cluster1=0 cluster6=0 cluster9=0 cluster10=1 cluster7=1
8 cluster8=0 cluster3=0 cluster2=0 cluster1=0 cluster6=0 cluster9=1 cluster10=1 cluster7=1
9 cluster8=0 cluster3=0 cluster2=0 cluster1=1 cluster6=0 cluster9=0 cluster10=1 cluster7=1
10 cluster8=0 cluster3=0 cluster2=0 cluster1=1 cluster6=0 cluster9=1 cluster10=1 cluster7=1
11 cluster8=0 cluster3=0 cluster2=0 cluster1=0 cluster6=1 cluster9=1 cluster10=1 cluster7=1
12 cluster8=0 cluster3=0 cluster2=0 cluster1=1 cluster6=1 cluster9=1 cluster10=1 cluster7=1
13 cluster8=0 cluster3=0 cluster2=1 cluster1=1 cluster6=1 cluster9=1 cluster10=1 cluster7=1
14 cluster8=0 cluster3=1 cluster2=1 cluster1=1 cluster6=1 cluster9=1 cluster10=1 cluster7=1
15 cluster8=1 cluster3=1 cluster2=1 cluster1=1 cluster6=1 cluster9=1 cluster10=1 cluster7=1
16 cluster8=1 cluster3=1 cluster2=1 cluster1=1 cluster6=1 cluster9=1 cluster10=1 cluster7=0
17 cluster8=1 cluster3=1 cluster2=1 cluster1=1 cluster6=1 cluster9=0 cluster10=1 cluster7=1
18 cluster8=1 cluster3=1 cluster2=1 cluster1=1 cluster6=1 cluster9=0 cluster10=1 cluster7=0
19 cluster8=1 cluster3=1 cluster2=1 cluster1=0 cluster6=1 cluster9=1 cluster10=1 cluster7=1
20 cluster8=1 cluster3=1 cluster2=1 cluster1=0 cluster6=1 cluster9=1 cluster10=1 cluster7=0
21 cluster8=1 cluster3=1 cluster2=1 cluster1=0 cluster6=1 cluster9=0 cluster10=1 cluster7=1
22 cluster8=1 cluster3=1 cluster2=1 cluster1=0 cluster6=1 cluster9=0 cluster10=1 cluster7=0
23 cluster8=1 cluster3=1 cluster2=1 cluster1=1 cluster6=1 cluster9=1 cluster10=0 cluster7=0
24 cluster8=1 cluster3=1 cluster2=1 cluster1=1 cluster6=1 cluster9=0 cluster10=0 cluster7=0
25 cluster8=1 cluster3=1 cluster2=1 cluster1=0 cluster6=1 cluster9=1 cluster10=0 cluster7=0
26 cluster8=1 cluster3=1 cluster2=1 cluster1=0 cluster6=1 cluster9=0 cluster10=0 cluster7=0
27 cluster8=1 cluster3=1 cluster2=1 cluster1=1 cluster6=0 cluster9=0 cluster10=0 cluster7=0
28 cluster8=1 cluster3=1 cluster2=1 cluster1=0 cluster6=0 cluster9=0 cluster10=0 cluster7=0
29 cluster8=1 cluster3=1 cluster2=0 cluster1=0 cluster6=0 cluster9=0 cluster10=0 cluster7=0
30 cluster8=1 cluster3=0 cluster2=0 cluster1=0 cluster6=0 cluster9=0 cluster10=0 cluster7=0
31 cluster8=0 cluster3=0 cluster2=0 cluster1=0 cluster6=1 cluster9=0 cluster10=0 cluster7=0
32 cluster8=0 cluster3=0 cluster2=1 cluster1=0 cluster6=0 cluster9=0 cluster10=0 cluster7=0
33 cluster8=0 cluster3=0 cluster2=0 cluster1=0 cluster6=0 cluster9=0 cluster10=1 cluster7=0
34 cluster8=0 cluster3=1 cluster2=0 cluster1=0 cluster6=0 cluster9=0 cluster10=0 cluster7=0
inputRegulatorOGs.size() = 1999 inputOGList.size() = 50
binkey=2 [Edge status: 0 1 0 0 0 0 0 0 ] P(G)=P(cluster8=0)[0.8] * P(cluster1=0|cluster2=0) * P(cluster9=0|cluster6=0) * P(cluster7=0|cluster10=0) * P(cluster10=0|cluster6=0) * P(cluster6=0|cluster2=0) * P(cluster2=0|cluster3=1) * P(cluster3=1|cluster8=0)[0.0131072]=0.0104858
binkey=64 [Edge status: 0 0 0 0 0 0 1 0 ] P(G)=P(cluster8=0)[0.8] * P(cluster1=0|cluster2=0) * P(cluster9=0|cluster6=0) * P(cluster7=0|cluster10=1) * P(cluster10=1|cluster6=0) * P(cluster6=0|cluster2=0) * P(cluster2=0|cluster3=0) * P(cluster3=0|cluster8=0)[0.0131072]=0.0104858
binkey=128 [Edge status: 0 0 0 0 0 0 0 1 ] P(G)=P(cluster8=0)[0.8] * P(cluster1=0|cluster2=0) * P(cluster9=0|cluster6=0) * P(cluster7=1|cluster10=0) * P(cluster10=0|cluster6=0) * P(cluster6=0|cluster2=0) * P(cluster2=0|cluster3=0) * P(cluster3=0|cluster8=0)[0.0524288]=0.041943
binkey=16 [Edge status: 0 0 0 0 1 0 0 0 ] P(G)=P(cluster8=0)[0.8] * P(cluster1=0|cluster2=0) * P(cluster9=0|cluster6=1) * P(cluster7=0|cluster10=0) * P(cluster10=0|cluster6=1) * P(cluster6=1|cluster2=0) * P(cluster2=0|cluster3=0) * P(cluster3=0|cluster8=0)[0.0032768]=0.00262144
binkey=4 [Edge status: 0 0 1 0 0 0 0 0 ] P(G)=P(cluster8=0)[0.8] * P(cluster1=0|cluster2=1) * P(cluster9=0|cluster6=0) * P(cluster7=0|cluster10=0) * P(cluster10=0|cluster6=0) * P(cluster6=0|cluster2=1) * P(cluster2=1|cluster3=0) * P(cluster3=0|cluster8=0)[0.0032768]=0.00262144
binkey=32 [Edge status: 0 0 0 0 0 1 0 0 ] P(G)=P(cluster8=0)[0.8] * P(cluster1=0|cluster2=0) * P(cluster9=1|cluster6=0) * P(cluster7=0|cluster10=0) * P(cluster10=0|cluster6=0) * P(cluster6=0|cluster2=0) * P(cluster2=0|cluster3=0) * P(cluster3=0|cluster8=0)[0.0524288]=0.041943
binkey=8 [Edge status: 0 0 0 1 0 0 0 0 ] P(G)=P(cluster8=0)[0.8] * P(cluster1=1|cluster2=0) * P(cluster9=0|cluster6=0) * P(cluster7=0|cluster10=0) * P(cluster10=0|cluster6=0) * P(cluster6=0|cluster2=0) * P(cluster2=0|cluster3=0) * P(cluster3=0|cluster8=0)[0.0524288]=0.041943
binkey=1 [Edge status: 1 0 0 0 0 0 0 0 ] P(G)=P(cluster8=1)[0.2] * P(cluster1=0|cluster2=0) * P(cluster9=0|cluster6=0) * P(cluster7=0|cluster10=0) * P(cluster10=0|cluster6=0) * P(cluster6=0|cluster2=0) * P(cluster2=0|cluster3=0) * P(cluster3=0|cluster8=1)[0.0524288]=0.0104858
binkey=160 [Edge status: 0 0 0 0 0 1 0 1 ] P(G)=P(cluster8=0)[0.8] * P(cluster1=0|cluster2=0) * P(cluster9=1|cluster6=0) * P(cluster7=1|cluster10=0) * P(cluster10=0|cluster6=0) * P(cluster6=0|cluster2=0) * P(cluster2=0|cluster3=0) * P(cluster3=0|cluster8=0)[0.0131072]=0.0104858
binkey=192 [Edge status: 0 0 0 0 0 0 1 1 ] P(G)=P(cluster8=0)[0.8] * P(cluster1=0|cluster2=0) * P(cluster9=0|cluster6=0) * P(cluster7=1|cluster10=1) * P(cluster10=1|cluster6=0) * P(cluster6=0|cluster2=0) * P(cluster2=0|cluster3=0) * P(cluster3=0|cluster8=0)[0.0524288]=0.041943
binkey=136 [Edge status: 0 0 0 1 0 0 0 1 ] P(G)=P(cluster8=0)[0.8] * P(cluster1=1|cluster2=0) * P(cluster9=0|cluster6=0) * P(cluster7=1|cluster10=0) * P(cluster10=0|cluster6=0) * P(cluster6=0|cluster2=0) * P(cluster2=0|cluster3=0) * P(cluster3=0|cluster8=0)[0.0131072]=0.0104858
binkey=3 [Edge status: 1 1 0 0 0 0 0 0 ] P(G)=P(cluster8=1)[0.2] * P(cluster1=0|cluster2=0) * P(cluster9=0|cluster6=0) * P(cluster7=0|cluster10=0) * P(cluster10=0|cluster6=0) * P(cluster6=0|cluster2=0) * P(cluster2=0|cluster3=1) * P(cluster3=1|cluster8=1)[0.0524288]=0.0104858
binkey=40 [Edge status: 0 0 0 1 0 1 0 0 ] P(G)=P(cluster8=0)[0.8] * P(cluster1=1|cluster2=0) * P(cluster9=1|cluster6=0) * P(cluster7=0|cluster10=0) * P(cluster10=0|cluster6=0) * P(cluster6=0|cluster2=0) * P(cluster2=0|cluster3=0) * P(cluster3=0|cluster8=0)[0.0131072]=0.0104858
binkey=224 [Edge status: 0 0 0 0 0 1 1 1 ] P(G)=P(cluster8=0)[0.8] * P(cluster1=0|cluster2=0) * P(cluster9=1|cluster6=0) * P(cluster7=1|cluster10=1) * P(cluster10=1|cluster6=0) * P(cluster6=0|cluster2=0) * P(cluster2=0|cluster3=0) * P(cluster3=0|cluster8=0)[0.0131072]=0.0104858
binkey=240 [Edge status: 0 0 0 0 1 1 1 1 ] P(G)=P(cluster8=0)[0.8] * P(cluster1=0|cluster2=0) * P(cluster9=1|cluster6=1) * P(cluster7=1|cluster10=1) * P(cluster10=1|cluster6=1) * P(cluster6=1|cluster2=0) * P(cluster2=0|cluster3=0) * P(cluster3=0|cluster8=0)[0.0524288]=0.041943
binkey=168 [Edge status: 0 0 0 1 0 1 0 1 ] P(G)=P(cluster8=0)[0.8] * P(cluster1=1|cluster2=0) * P(cluster9=1|cluster6=0) * P(cluster7=1|cluster10=0) * P(cluster10=0|cluster6=0) * P(cluster6=0|cluster2=0) * P(cluster2=0|cluster3=0) * P(cluster3=0|cluster8=0)[0.0032768]=0.00262144
binkey=200 [Edge status: 0 0 0 1 0 0 1 1 ] P(G)=P(cluster8=0)[0.8] * P(cluster1=1|cluster2=0) * P(cluster9=0|cluster6=0) * P(cluster7=1|cluster10=1) * P(cluster10=1|cluster6=0) * P(cluster6=0|cluster2=0) * P(cluster2=0|cluster3=0) * P(cluster3=0|cluster8=0)[0.0131072]=0.0104858
binkey=232 [Edge status: 0 0 0 1 0 1 1 1 ] P(G)=P(cluster8=0)[0.8] * P(cluster1=1|cluster2=0) * P(cluster9=1|cluster6=0) * P(cluster7=1|cluster10=1) * P(cluster10=1|cluster6=0) * P(cluster6=0|cluster2=0) * P(cluster2=0|cluster3=0) * P(cluster3=0|cluster8=0)[0.0032768]=0.00262144
binkey=248 [Edge status: 0 0 0 1 1 1 1 1 ] P(G)=P(cluster8=0)[0.8] * P(cluster1=1|cluster2=0) * P(cluster9=1|cluster6=1) * P(cluster7=1|cluster10=1) * P(cluster10=1|cluster6=1) * P(cluster6=1|cluster2=0) * P(cluster2=0|cluster3=0) * P(cluster3=0|cluster8=0)[0.0131072]=0.0104858
binkey=252 [Edge status: 0 0 1 1 1 1 1 1 ] P(G)=P(cluster8=0)[0.8] * P(cluster1=1|cluster2=1) * P(cluster9=1|cluster6=1) * P(cluster7=1|cluster10=1) * P(cluster10=1|cluster6=1) * P(cluster6=1|cluster2=1) * P(cluster2=1|cluster3=0) * P(cluster3=0|cluster8=0)[0.0524288]=0.041943
binkey=215 [Edge status: 1 1 1 0 1 0 1 1 ] P(G)=P(cluster8=1)[0.2] * P(cluster1=0|cluster2=1) * P(cluster9=0|cluster6=1) * P(cluster7=1|cluster10=1) * P(cluster10=1|cluster6=1) * P(cluster6=1|cluster2=1) * P(cluster2=1|cluster3=1) * P(cluster3=1|cluster8=1)[0.0131072]=0.00262144
binkey=87 [Edge status: 1 1 1 0 1 0 1 0 ] P(G)=P(cluster8=1)[0.2] * P(cluster1=0|cluster2=1) * P(cluster9=0|cluster6=1) * P(cluster7=0|cluster10=1) * P(cluster10=1|cluster6=1) * P(cluster6=1|cluster2=1) * P(cluster2=1|cluster3=1) * P(cluster3=1|cluster8=1)[0.0032768]=0.00065536
binkey=23 [Edge status: 1 1 1 0 1 0 0 0 ] P(G)=P(cluster8=1)[0.2] * P(cluster1=0|cluster2=1) * P(cluster9=0|cluster6=1) * P(cluster7=0|cluster10=0) * P(cluster10=0|cluster6=1) * P(cluster6=1|cluster2=1) * P(cluster2=1|cluster3=1) * P(cluster3=1|cluster8=1)[0.0032768]=0.00065536
binkey=7 [Edge status: 1 1 1 0 0 0 0 0 ] P(G)=P(cluster8=1)[0.2] * P(cluster1=0|cluster2=1) * P(cluster9=0|cluster6=0) * P(cluster7=0|cluster10=0) * P(cluster10=0|cluster6=0) * P(cluster6=0|cluster2=1) * P(cluster2=1|cluster3=1) * P(cluster3=1|cluster8=1)[0.0131072]=0.00262144
binkey=223 [Edge status: 1 1 1 1 1 0 1 1 ] P(G)=P(cluster8=1)[0.2] * P(cluster1=1|cluster2=1) * P(cluster9=0|cluster6=1) * P(cluster7=1|cluster10=1) * P(cluster10=1|cluster6=1) * P(cluster6=1|cluster2=1) * P(cluster2=1|cluster3=1) * P(cluster3=1|cluster8=1)[0.0524288]=0.0104858
binkey=95 [Edge status: 1 1 1 1 1 0 1 0 ] P(G)=P(cluster8=1)[0.2] * P(cluster1=1|cluster2=1) * P(cluster9=0|cluster6=1) * P(cluster7=0|cluster10=1) * P(cluster10=1|cluster6=1) * P(cluster6=1|cluster2=1) * P(cluster2=1|cluster3=1) * P(cluster3=1|cluster8=1)[0.0131072]=0.00262144
binkey=31 [Edge status: 1 1 1 1 1 0 0 0 ] P(G)=P(cluster8=1)[0.2] * P(cluster1=1|cluster2=1) * P(cluster9=0|cluster6=1) * P(cluster7=0|cluster10=0) * P(cluster10=0|cluster6=1) * P(cluster6=1|cluster2=1) * P(cluster2=1|cluster3=1) * P(cluster3=1|cluster8=1)[0.0131072]=0.00262144
binkey=15 [Edge status: 1 1 1 1 0 0 0 0 ] P(G)=P(cluster8=1)[0.2] * P(cluster1=1|cluster2=1) * P(cluster9=0|cluster6=0) * P(cluster7=0|cluster10=0) * P(cluster10=0|cluster6=0) * P(cluster6=0|cluster2=1) * P(cluster2=1|cluster3=1) * P(cluster3=1|cluster8=1)[0.0524288]=0.0104858
ITERATION 0 newScore=-2.73805e+06 diffscore=15127.1 priorChange=-98.4269 successMove=55
binkey=247 [Edge status: 1 1 1 0 1 1 1 1 ] P(G)=P(cluster8=1)[0.2] * P(cluster1=0|cluster2=1) * P(cluster9=1|cluster6=1) * P(cluster7=1|cluster10=1) * P(cluster10=1|cluster6=1) * P(cluster6=1|cluster2=1) * P(cluster2=1|cluster3=1) * P(cluster3=1|cluster8=1)[0.0524288]=0.0104858
binkey=119 [Edge status: 1 1 1 0 1 1 1 0 ] P(G)=P(cluster8=1)[0.2] * P(cluster1=0|cluster2=1) * P(cluster9=1|cluster6=1) * P(cluster7=0|cluster10=1) * P(cluster10=1|cluster6=1) * P(cluster6=1|cluster2=1) * P(cluster2=1|cluster3=1) * P(cluster3=1|cluster8=1)[0.0131072]=0.00262144
binkey=55 [Edge status: 1 1 1 0 1 1 0 0 ] P(G)=P(cluster8=1)[0.2] * P(cluster1=0|cluster2=1) * P(cluster9=1|cluster6=1) * P(cluster7=0|cluster10=0) * P(cluster10=0|cluster6=1) * P(cluster6=1|cluster2=1) * P(cluster2=1|cluster3=1) * P(cluster3=1|cluster8=1)[0.0131072]=0.00262144
ITERATION 1 newScore=-2.73282e+06 diffscore=5231.3 priorChange=-119.221 successMove=54
ITERATION 2 newScore=-2.72577e+06 diffscore=7043.49 priorChange=-110.904 successMove=55
ITERATION 3 newScore=-2.72016e+06 diffscore=5609.88 priorChange=-97.0406 successMove=55
ITERATION 4 newScore=-2.71914e+06 diffscore=1027.87 priorChange=-108.131 successMove=51
ITERATION 5 newScore=-2.7164e+06 diffscore=2732.7 priorChange=-112.29 successMove=52
ITERATION 6 newScore=-2.70957e+06 diffscore=6835.06 priorChange=-110.904 successMove=54
ITERATION 7 newScore=-2.70616e+06 diffscore=3413.09 priorChange=-115.062 successMove=52
ITERATION 8 newScore=-2.70452e+06 diffscore=1634.85 priorChange=-116.449 successMove=50
ITERATION 9 newScore=-2.70196e+06 diffscore=2563.95 priorChange=-105.358 successMove=52
ITERATION 10 newScore=-2.70012e+06 diffscore=1832.67 priorChange=-103.972 successMove=50
ITERATION 11 newScore=-2.69446e+06 diffscore=5665.55 priorChange=-108.131 successMove=51
ITERATION 12 newScore=-2.68727e+06 diffscore=7192.7 priorChange=-112.29 successMove=50
ITERATION 13 newScore=-2.68485e+06 diffscore=2420.59 priorChange=-113.676 successMove=53
ITERATION 14 newScore=-2.68398e+06 diffscore=869.898 priorChange=-116.449 successMove=54
ITERATION 15 newScore=-2.68115e+06 diffscore=2822.47 priorChange=-113.676 successMove=51
ITERATION 16 newScore=-2.67695e+06 diffscore=4206.56 priorChange=-108.131 successMove=51
ITERATION 17 newScore=-2.67431e+06 diffscore=2637.06 priorChange=-112.29 successMove=53
ITERATION 18 newScore=-2.67156e+06 diffscore=2746.38 priorChange=-109.517 successMove=50
ITERATION 19 newScore=-2.66898e+06 diffscore=2578.95 priorChange=-108.131 successMove=50
ITERATION 20 newScore=-2.66741e+06 diffscore=1569.23 priorChange=-103.972 successMove=50
ITERATION 21 newScore=-2.66697e+06 diffscore=449.821 priorChange=-101.199 successMove=50
ITERATION 22 newScore=-2.66594e+06 diffscore=1026.74 priorChange=-120.608 successMove=49
ITERATION 23 newScore=-2.66434e+06 diffscore=1600.53 priorChange=-106.745 successMove=49
ITERATION 24 newScore=-2.66392e+06 diffscore=417.79 priorChange=-99.8132 successMove=50
ITERATION 25 newScore=-2.66269e+06 diffscore=1227.19 priorChange=-112.29 successMove=51
ITERATION 26 newScore=-2.65948e+06 diffscore=3210.48 priorChange=-92.8817 successMove=47
ITERATION 27 newScore=-2.65915e+06 diffscore=330.817 priorChange=-97.0406 successMove=46
ITERATION 28 newScore=-2.65878e+06 diffscore=374.748 priorChange=-113.676 successMove=46
ITERATION 29 newScore=-2.65844e+06 diffscore=339.703 priorChange=-102.586 successMove=47
ITERATION 30 newScore=-2.65805e+06 diffscore=388.466 priorChange=-99.8132 successMove=46
ITERATION 31 newScore=-2.65505e+06 diffscore=2999.09 priorChange=-98.4269 successMove=45
ITERATION 32 newScore=-2.6546e+06 diffscore=449.63 priorChange=-97.0406 successMove=43
ITERATION 33 newScore=-2.65395e+06 diffscore=645.351 priorChange=-85.9503 successMove=44
ITERATION 34 newScore=-2.65215e+06 diffscore=1803.51 priorChange=-85.9503 successMove=44
ITERATION 35 newScore=-2.64813e+06 diffscore=4017.4 priorChange=-97.0406 successMove=43
ITERATION 36 newScore=-2.64774e+06 diffscore=390.492 priorChange=-84.564 successMove=44
ITERATION 37 newScore=-2.64458e+06 diffscore=3164.43 priorChange=-99.8132 successMove=44
ITERATION 38 newScore=-2.64351e+06 diffscore=1065.97 priorChange=-79.0188 successMove=43
ITERATION 39 newScore=-2.6427e+06 diffscore=811.609 priorChange=-70.701 successMove=45
ITERATION 40 newScore=-2.64016e+06 diffscore=2539.04 priorChange=-85.9503 successMove=42
ITERATION 41 newScore=-2.63906e+06 diffscore=1097.7 priorChange=-83.1777 successMove=40
ITERATION 42 newScore=-2.63715e+06 diffscore=1914.71 priorChange=-69.3147 successMove=42
ITERATION 43 newScore=-2.63692e+06 diffscore=226.221 priorChange=-73.4736 successMove=40
ITERATION 44 newScore=-2.63548e+06 diffscore=1447.9 priorChange=-73.4736 successMove=37
ITERATION 45 newScore=-2.63529e+06 diffscore=184.383 priorChange=-76.2462 successMove=37
ITERATION 46 newScore=-2.63511e+06 diffscore=184.818 priorChange=-85.9503 successMove=40
ITERATION 47 newScore=-2.6349e+06 diffscore=206.543 priorChange=-83.1777 successMove=40
ITERATION 48 newScore=-2.63458e+06 diffscore=323.419 priorChange=-79.0188 successMove=37
ITERATION 49 newScore=-2.63311e+06 diffscore=1466.24 priorChange=-70.701 successMove=38
ITERATION 50 newScore=-2.6329e+06 diffscore=208.231 priorChange=-81.7914 successMove=38
ITERATION 51 newScore=-2.63184e+06 diffscore=1059.85 priorChange=-83.1777 successMove=37
ITERATION 52 newScore=-2.63167e+06 diffscore=171.584 priorChange=-65.1558 successMove=37
ITERATION 53 newScore=-2.63149e+06 diffscore=177.555 priorChange=-67.9284 successMove=37
ITERATION 54 newScore=-2.63125e+06 diffscore=245.386 priorChange=-62.3832 successMove=36
ITERATION 55 newScore=-2.63094e+06 diffscore=304.294 priorChange=-52.6792 successMove=35
ITERATION 56 newScore=-2.6307e+06 diffscore=245.371 priorChange=-77.6325 successMove=33
ITERATION 57 newScore=-2.62955e+06 diffscore=1146.49 priorChange=-62.3832 successMove=33
ITERATION 58 newScore=-2.62918e+06 diffscore=370.554 priorChange=-66.5421 successMove=33
ITERATION 59 newScore=-2.62788e+06 diffscore=1300.55 priorChange=-74.8599 successMove=32
ITERATION 60 newScore=-2.62638e+06 diffscore=1500.78 priorChange=-49.9066 successMove=31
ITERATION 61 newScore=-2.62247e+06 diffscore=3904.76 priorChange=-58.2244 successMove=30
ITERATION 62 newScore=-2.62219e+06 diffscore=284.188 priorChange=-60.997 successMove=29
ITERATION 63 newScore=-2.62089e+06 diffscore=1298.93 priorChange=-47.134 successMove=29
ITERATION 64 newScore=-2.62036e+06 diffscore=532.009 priorChange=-62.3832 successMove=30
ITERATION 65 newScore=-2.62018e+06 diffscore=181.087 priorChange=-59.6107 successMove=27
ITERATION 66 newScore=-2.62003e+06 diffscore=148.692 priorChange=-51.2929 successMove=27
ITERATION 67 newScore=-2.61965e+06 diffscore=376.935 priorChange=-55.4518 successMove=27
ITERATION 68 newScore=-2.61856e+06 diffscore=1088.97 priorChange=-42.9751 successMove=23
ITERATION 69 newScore=-2.61838e+06 diffscore=183.281 priorChange=-56.8381 successMove=23
ITERATION 70 newScore=-2.61713e+06 diffscore=1255.38 priorChange=-54.0655 successMove=23
ITERATION 71 newScore=-2.6158e+06 diffscore=1328.69 priorChange=-41.5888 successMove=22
ITERATION 72 newScore=-2.61458e+06 diffscore=1219.22 priorChange=-41.5888 successMove=20
ITERATION 73 newScore=-2.6145e+06 diffscore=78.383 priorChange=-34.6574 successMove=20
ITERATION 74 newScore=-2.61443e+06 diffscore=69.5398 priorChange=-31.8848 successMove=20
ITERATION 75 newScore=-2.61435e+06 diffscore=82.622 priorChange=-44.3614 successMove=20
ITERATION 76 newScore=-2.61426e+06 diffscore=91.0514 priorChange=-41.5888 successMove=19
ITERATION 77 newScore=-2.61416e+06 diffscore=91.1798 priorChange=-37.4299 successMove=19
ITERATION 78 newScore=-2.61408e+06 diffscore=85.3033 priorChange=-34.6574 successMove=17
ITERATION 79 newScore=-2.61399e+06 diffscore=90.4665 priorChange=-27.7259 successMove=16
ITERATION 80 newScore=-2.61388e+06 diffscore=106.443 priorChange=-29.1122 successMove=16
ITERATION 81 newScore=-2.61379e+06 diffscore=92.2624 priorChange=-41.5888 successMove=17
ITERATION 82 newScore=-2.61365e+06 diffscore=142.33 priorChange=-36.0437 successMove=16
ITERATION 83 newScore=-2.6133e+06 diffscore=348.965 priorChange=-31.8848 successMove=16
ITERATION 84 newScore=-2.6131e+06 diffscore=198.933 priorChange=-37.4299 successMove=15
ITERATION 85 newScore=-2.61302e+06 diffscore=81.1771 priorChange=-34.6574 successMove=14
ITERATION 86 newScore=-2.61186e+06 diffscore=1155.15 priorChange=-30.4985 successMove=15
ITERATION 87 newScore=-2.6118e+06 diffscore=59.4409 priorChange=-23.567 successMove=14
ITERATION 88 newScore=-2.61162e+06 diffscore=181.601 priorChange=-29.1122 successMove=12
ITERATION 89 newScore=-2.61071e+06 diffscore=908.945 priorChange=-19.4081 successMove=9
ITERATION 90 newScore=-2.61069e+06 diffscore=23.1447 priorChange=-15.2492 successMove=9
ITERATION 91 newScore=-2.61067e+06 diffscore=24.1795 priorChange=-16.6355 successMove=9
ITERATION 92 newScore=-2.61064e+06 diffscore=24.0613 priorChange=-15.2492 successMove=10
ITERATION 93 newScore=-2.61062e+06 diffscore=22.973 priorChange=-15.2492 successMove=8
ITERATION 94 newScore=-2.61059e+06 diffscore=29.3264 priorChange=-19.4081 successMove=8
ITERATION 95 newScore=-2.61056e+06 diffscore=26.2995 priorChange=-16.6355 successMove=7
ITERATION 96 newScore=-2.61054e+06 diffscore=25.3435 priorChange=-18.0218 successMove=7
ITERATION 97 newScore=-2.61052e+06 diffscore=15.3708 priorChange=-5.54518 successMove=6
ITERATION 98 newScore=-2.6105e+06 diffscore=21.1358 priorChange=-8.31777 successMove=6
ITERATION 99 newScore=-2.61049e+06 diffscore=15.73 priorChange=-5.54518 successMove=4
MetaLearner::dumpAllGraphs
Final Score -2.61049e+06
MetaLearner::start runtime: 1476094212 ms
Results/
Results/cluster9/
Results/cluster9/fold0/
Results/cluster9/fold0/modelparams.txt
Results/cluster9/fold0/var_mb_pw_k50.txt
Results/cluster2/
Results/cluster2/fold0/
Results/cluster2/fold0/modelparams.txt
Results/cluster2/fold0/var_mb_pw_k50.txt
Results/cluster8/
Results/cluster8/scoreFile.txt
Results/cluster8/fold0/
Results/cluster8/fold0/modelparams.txt
Results/cluster8/fold0/var_mb_pw_k50.txt
Results/cluster3/
Results/cluster3/fold0/
Results/cluster3/fold0/modelparams.txt
Results/cluster3/fold0/var_mb_pw_k50.txt
Results/cluster7/
Results/cluster7/fold0/
Results/cluster7/fold0/modelparams.txt
Results/cluster7/fold0/var_mb_pw_k50.txt
Results/cluster6/
Results/cluster6/fold0/
Results/cluster6/fold0/modelparams.txt
Results/cluster6/fold0/var_mb_pw_k50.txt
Results/cluster1/
Results/cluster1/fold0/
Results/cluster1/fold0/modelparams.txt
Results/cluster1/fold0/var_mb_pw_k50.txt
Results/cluster10/
Results/cluster10/fold0/
Results/cluster10/fold0/modelparams.txt
Results/cluster10/fold0/var_mb_pw_k50.txt
