./CVN -f config_condor.txt -x50 -v1 -l TFs_OGs.txt -n AllGenes141.txt -d celltype_tree_ancestor.txt -m testdata_ogids.txt -s celltype_order.txt -p 0.2 -c yes -b -4 -q 4
(cluster3|cluster8) p_maintain_edge=0.8 p_gain=0.2
(cluster2|cluster3) p_maintain_edge=0.8 p_gain=0.2
(cluster1|cluster2) p_maintain_edge=0.8 p_gain=0.2
(cluster6|cluster2) p_maintain_edge=0.8 p_gain=0.2
(cluster9|cluster6) p_maintain_edge=0.8 p_gain=0.2
(cluster10|cluster6) p_maintain_edge=0.8 p_gain=0.2
(cluster7|cluster10) p_maintain_edge=0.8 p_gain=0.2
speciesSet.size()=8 Root is cluster8
MappedOrthogroupReader::readSpeciesMapping() --- celltype_order.txt
MappedOrthogroupReader::readFile - testdata_ogids.txt
MappedOrthogroupReader::generateGeneOrthoMap()
MetaLearner::init_onefold() read:config_condor.txt
MetaLearner::setinputVariableNames number of variables: 2044
readEvidenceTable:cluster8.table
PotentialManager::loadEvidenceFromTable varCount=2044 sampleCount=348
motifNetwork.size() = 319
0=cluster8 motifNetwork=cluster8_network.txt
variable size=2044
readEvidenceTable:cluster3.table
PotentialManager::loadEvidenceFromTable varCount=2044 sampleCount=95
motifNetwork.size() = 326
1=cluster3 motifNetwork=cluster3_network.txt
variable size=2044
readEvidenceTable:cluster2.table
PotentialManager::loadEvidenceFromTable varCount=2044 sampleCount=386
motifNetwork.size() = 328
2=cluster2 motifNetwork=cluster2_network.txt
variable size=2044
readEvidenceTable:cluster1.table
PotentialManager::loadEvidenceFromTable varCount=2044 sampleCount=36
motifNetwork.size() = 322
3=cluster1 motifNetwork=cluster1_network.txt
variable size=2044
readEvidenceTable:cluster6.table
PotentialManager::loadEvidenceFromTable varCount=2044 sampleCount=524
motifNetwork.size() = 320
4=cluster6 motifNetwork=cluster6_network.txt
variable size=2044
readEvidenceTable:cluster9.table
PotentialManager::loadEvidenceFromTable varCount=2044 sampleCount=184
motifNetwork.size() = 327
5=cluster9 motifNetwork=cluster9_network.txt
variable size=2044
readEvidenceTable:cluster10.table
PotentialManager::loadEvidenceFromTable varCount=2044 sampleCount=165
motifNetwork.size() = 326
6=cluster10 motifNetwork=cluster10_network.txt
variable size=2044
readEvidenceTable:cluster7.table
PotentialManager::loadEvidenceFromTable varCount=2044 sampleCount=1032
motifNetwork.size() = 320
7=cluster7 motifNetwork=cluster7_network.txt
variable size=2044
-------------------------------------------------------------
MetaLearner::start
precomputeEmptyGraphPrior
binkey=0 [Edge status: 0 0 0 0 0 0 0 0 ] P(G)=P(cluster8=0)[0.8] * P(cluster1=0|cluster2=0) * P(cluster9=0|cluster6=0) * P(cluster7=0|cluster10=0) * P(cluster10=0|cluster6=0) * P(cluster6=0|cluster2=0) * P(cluster2=0|cluster3=0) * P(cluster3=0|cluster8=0)[0.209715]=0.167772
condsetMap_Tree
0 cluster8=0 cluster3=0 cluster2=0 cluster1=0 cluster6=0 cluster9=0 cluster10=0 cluster7=1
1 cluster8=0 cluster3=0 cluster2=0 cluster1=0 cluster6=0 cluster9=1 cluster10=0 cluster7=0
2 cluster8=0 cluster3=0 cluster2=0 cluster1=0 cluster6=0 cluster9=1 cluster10=0 cluster7=1
3 cluster8=0 cluster3=0 cluster2=0 cluster1=1 cluster6=0 cluster9=0 cluster10=0 cluster7=0
4 cluster8=0 cluster3=0 cluster2=0 cluster1=1 cluster6=0 cluster9=0 cluster10=0 cluster7=1
5 cluster8=0 cluster3=0 cluster2=0 cluster1=1 cluster6=0 cluster9=1 cluster10=0 cluster7=0
6 cluster8=0 cluster3=0 cluster2=0 cluster1=1 cluster6=0 cluster9=1 cluster10=0 cluster7=1
7 cluster8=0 cluster3=0 cluster2=0 cluster1=0 cluster6=0 cluster9=0 cluster10=1 cluster7=1
8 cluster8=0 cluster3=0 cluster2=0 cluster1=0 cluster6=0 cluster9=1 cluster10=1 cluster7=1
9 cluster8=0 cluster3=0 cluster2=0 cluster1=1 cluster6=0 cluster9=0 cluster10=1 cluster7=1
10 cluster8=0 cluster3=0 cluster2=0 cluster1=1 cluster6=0 cluster9=1 cluster10=1 cluster7=1
11 cluster8=0 cluster3=0 cluster2=0 cluster1=0 cluster6=1 cluster9=1 cluster10=1 cluster7=1
12 cluster8=0 cluster3=0 cluster2=0 cluster1=1 cluster6=1 cluster9=1 cluster10=1 cluster7=1
13 cluster8=0 cluster3=0 cluster2=1 cluster1=1 cluster6=1 cluster9=1 cluster10=1 cluster7=1
14 cluster8=0 cluster3=1 cluster2=1 cluster1=1 cluster6=1 cluster9=1 cluster10=1 cluster7=1
15 cluster8=1 cluster3=1 cluster2=1 cluster1=1 cluster6=1 cluster9=1 cluster10=1 cluster7=1
16 cluster8=1 cluster3=1 cluster2=1 cluster1=1 cluster6=1 cluster9=1 cluster10=1 cluster7=0
17 cluster8=1 cluster3=1 cluster2=1 cluster1=1 cluster6=1 cluster9=0 cluster10=1 cluster7=1
18 cluster8=1 cluster3=1 cluster2=1 cluster1=1 cluster6=1 cluster9=0 cluster10=1 cluster7=0
19 cluster8=1 cluster3=1 cluster2=1 cluster1=0 cluster6=1 cluster9=1 cluster10=1 cluster7=1
20 cluster8=1 cluster3=1 cluster2=1 cluster1=0 cluster6=1 cluster9=1 cluster10=1 cluster7=0
21 cluster8=1 cluster3=1 cluster2=1 cluster1=0 cluster6=1 cluster9=0 cluster10=1 cluster7=1
22 cluster8=1 cluster3=1 cluster2=1 cluster1=0 cluster6=1 cluster9=0 cluster10=1 cluster7=0
23 cluster8=1 cluster3=1 cluster2=1 cluster1=1 cluster6=1 cluster9=1 cluster10=0 cluster7=0
24 cluster8=1 cluster3=1 cluster2=1 cluster1=1 cluster6=1 cluster9=0 cluster10=0 cluster7=0
25 cluster8=1 cluster3=1 cluster2=1 cluster1=0 cluster6=1 cluster9=1 cluster10=0 cluster7=0
26 cluster8=1 cluster3=1 cluster2=1 cluster1=0 cluster6=1 cluster9=0 cluster10=0 cluster7=0
27 cluster8=1 cluster3=1 cluster2=1 cluster1=1 cluster6=0 cluster9=0 cluster10=0 cluster7=0
28 cluster8=1 cluster3=1 cluster2=1 cluster1=0 cluster6=0 cluster9=0 cluster10=0 cluster7=0
29 cluster8=1 cluster3=1 cluster2=0 cluster1=0 cluster6=0 cluster9=0 cluster10=0 cluster7=0
30 cluster8=1 cluster3=0 cluster2=0 cluster1=0 cluster6=0 cluster9=0 cluster10=0 cluster7=0
31 cluster8=0 cluster3=0 cluster2=0 cluster1=0 cluster6=1 cluster9=0 cluster10=0 cluster7=0
32 cluster8=0 cluster3=0 cluster2=1 cluster1=0 cluster6=0 cluster9=0 cluster10=0 cluster7=0
33 cluster8=0 cluster3=0 cluster2=0 cluster1=0 cluster6=0 cluster9=0 cluster10=1 cluster7=0
34 cluster8=0 cluster3=1 cluster2=0 cluster1=0 cluster6=0 cluster9=0 cluster10=0 cluster7=0
inputRegulatorOGs.size() = 1999 inputOGList.size() = 50
binkey=32 [Edge status: 0 0 0 0 0 1 0 0 ] P(G)=P(cluster8=0)[0.8] * P(cluster1=0|cluster2=0) * P(cluster9=1|cluster6=0) * P(cluster7=0|cluster10=0) * P(cluster10=0|cluster6=0) * P(cluster6=0|cluster2=0) * P(cluster2=0|cluster3=0) * P(cluster3=0|cluster8=0)[0.0524288]=0.041943
binkey=8 [Edge status: 0 0 0 1 0 0 0 0 ] P(G)=P(cluster8=0)[0.8] * P(cluster1=1|cluster2=0) * P(cluster9=0|cluster6=0) * P(cluster7=0|cluster10=0) * P(cluster10=0|cluster6=0) * P(cluster6=0|cluster2=0) * P(cluster2=0|cluster3=0) * P(cluster3=0|cluster8=0)[0.0524288]=0.041943
binkey=4 [Edge status: 0 0 1 0 0 0 0 0 ] P(G)=P(cluster8=0)[0.8] * P(cluster1=0|cluster2=1) * P(cluster9=0|cluster6=0) * P(cluster7=0|cluster10=0) * P(cluster10=0|cluster6=0) * P(cluster6=0|cluster2=1) * P(cluster2=1|cluster3=0) * P(cluster3=0|cluster8=0)[0.0032768]=0.00262144
binkey=1 [Edge status: 1 0 0 0 0 0 0 0 ] P(G)=P(cluster8=1)[0.2] * P(cluster1=0|cluster2=0) * P(cluster9=0|cluster6=0) * P(cluster7=0|cluster10=0) * P(cluster10=0|cluster6=0) * P(cluster6=0|cluster2=0) * P(cluster2=0|cluster3=0) * P(cluster3=0|cluster8=1)[0.0524288]=0.0104858
binkey=64 [Edge status: 0 0 0 0 0 0 1 0 ] P(G)=P(cluster8=0)[0.8] * P(cluster1=0|cluster2=0) * P(cluster9=0|cluster6=0) * P(cluster7=0|cluster10=1) * P(cluster10=1|cluster6=0) * P(cluster6=0|cluster2=0) * P(cluster2=0|cluster3=0) * P(cluster3=0|cluster8=0)[0.0131072]=0.0104858
binkey=16 [Edge status: 0 0 0 0 1 0 0 0 ] P(G)=P(cluster8=0)[0.8] * P(cluster1=0|cluster2=0) * P(cluster9=0|cluster6=1) * P(cluster7=0|cluster10=0) * P(cluster10=0|cluster6=1) * P(cluster6=1|cluster2=0) * P(cluster2=0|cluster3=0) * P(cluster3=0|cluster8=0)[0.0032768]=0.00262144
binkey=2 [Edge status: 0 1 0 0 0 0 0 0 ] P(G)=P(cluster8=0)[0.8] * P(cluster1=0|cluster2=0) * P(cluster9=0|cluster6=0) * P(cluster7=0|cluster10=0) * P(cluster10=0|cluster6=0) * P(cluster6=0|cluster2=0) * P(cluster2=0|cluster3=1) * P(cluster3=1|cluster8=0)[0.0131072]=0.0104858
binkey=128 [Edge status: 0 0 0 0 0 0 0 1 ] P(G)=P(cluster8=0)[0.8] * P(cluster1=0|cluster2=0) * P(cluster9=0|cluster6=0) * P(cluster7=1|cluster10=0) * P(cluster10=0|cluster6=0) * P(cluster6=0|cluster2=0) * P(cluster2=0|cluster3=0) * P(cluster3=0|cluster8=0)[0.0524288]=0.041943
binkey=192 [Edge status: 0 0 0 0 0 0 1 1 ] P(G)=P(cluster8=0)[0.8] * P(cluster1=0|cluster2=0) * P(cluster9=0|cluster6=0) * P(cluster7=1|cluster10=1) * P(cluster10=1|cluster6=0) * P(cluster6=0|cluster2=0) * P(cluster2=0|cluster3=0) * P(cluster3=0|cluster8=0)[0.0524288]=0.041943
binkey=160 [Edge status: 0 0 0 0 0 1 0 1 ] P(G)=P(cluster8=0)[0.8] * P(cluster1=0|cluster2=0) * P(cluster9=1|cluster6=0) * P(cluster7=1|cluster10=0) * P(cluster10=0|cluster6=0) * P(cluster6=0|cluster2=0) * P(cluster2=0|cluster3=0) * P(cluster3=0|cluster8=0)[0.0131072]=0.0104858
binkey=3 [Edge status: 1 1 0 0 0 0 0 0 ] P(G)=P(cluster8=1)[0.2] * P(cluster1=0|cluster2=0) * P(cluster9=0|cluster6=0) * P(cluster7=0|cluster10=0) * P(cluster10=0|cluster6=0) * P(cluster6=0|cluster2=0) * P(cluster2=0|cluster3=1) * P(cluster3=1|cluster8=1)[0.0524288]=0.0104858
binkey=136 [Edge status: 0 0 0 1 0 0 0 1 ] P(G)=P(cluster8=0)[0.8] * P(cluster1=1|cluster2=0) * P(cluster9=0|cluster6=0) * P(cluster7=1|cluster10=0) * P(cluster10=0|cluster6=0) * P(cluster6=0|cluster2=0) * P(cluster2=0|cluster3=0) * P(cluster3=0|cluster8=0)[0.0131072]=0.0104858
binkey=40 [Edge status: 0 0 0 1 0 1 0 0 ] P(G)=P(cluster8=0)[0.8] * P(cluster1=1|cluster2=0) * P(cluster9=1|cluster6=0) * P(cluster7=0|cluster10=0) * P(cluster10=0|cluster6=0) * P(cluster6=0|cluster2=0) * P(cluster2=0|cluster3=0) * P(cluster3=0|cluster8=0)[0.0131072]=0.0104858
binkey=168 [Edge status: 0 0 0 1 0 1 0 1 ] P(G)=P(cluster8=0)[0.8] * P(cluster1=1|cluster2=0) * P(cluster9=1|cluster6=0) * P(cluster7=1|cluster10=0) * P(cluster10=0|cluster6=0) * P(cluster6=0|cluster2=0) * P(cluster2=0|cluster3=0) * P(cluster3=0|cluster8=0)[0.0032768]=0.00262144
binkey=224 [Edge status: 0 0 0 0 0 1 1 1 ] P(G)=P(cluster8=0)[0.8] * P(cluster1=0|cluster2=0) * P(cluster9=1|cluster6=0) * P(cluster7=1|cluster10=1) * P(cluster10=1|cluster6=0) * P(cluster6=0|cluster2=0) * P(cluster2=0|cluster3=0) * P(cluster3=0|cluster8=0)[0.0131072]=0.0104858
binkey=240 [Edge status: 0 0 0 0 1 1 1 1 ] P(G)=P(cluster8=0)[0.8] * P(cluster1=0|cluster2=0) * P(cluster9=1|cluster6=1) * P(cluster7=1|cluster10=1) * P(cluster10=1|cluster6=1) * P(cluster6=1|cluster2=0) * P(cluster2=0|cluster3=0) * P(cluster3=0|cluster8=0)[0.0524288]=0.041943
binkey=200 [Edge status: 0 0 0 1 0 0 1 1 ] P(G)=P(cluster8=0)[0.8] * P(cluster1=1|cluster2=0) * P(cluster9=0|cluster6=0) * P(cluster7=1|cluster10=1) * P(cluster10=1|cluster6=0) * P(cluster6=0|cluster2=0) * P(cluster2=0|cluster3=0) * P(cluster3=0|cluster8=0)[0.0131072]=0.0104858
binkey=232 [Edge status: 0 0 0 1 0 1 1 1 ] P(G)=P(cluster8=0)[0.8] * P(cluster1=1|cluster2=0) * P(cluster9=1|cluster6=0) * P(cluster7=1|cluster10=1) * P(cluster10=1|cluster6=0) * P(cluster6=0|cluster2=0) * P(cluster2=0|cluster3=0) * P(cluster3=0|cluster8=0)[0.0032768]=0.00262144
binkey=55 [Edge status: 1 1 1 0 1 1 0 0 ] P(G)=P(cluster8=1)[0.2] * P(cluster1=0|cluster2=1) * P(cluster9=1|cluster6=1) * P(cluster7=0|cluster10=0) * P(cluster10=0|cluster6=1) * P(cluster6=1|cluster2=1) * P(cluster2=1|cluster3=1) * P(cluster3=1|cluster8=1)[0.0131072]=0.00262144
binkey=23 [Edge status: 1 1 1 0 1 0 0 0 ] P(G)=P(cluster8=1)[0.2] * P(cluster1=0|cluster2=1) * P(cluster9=0|cluster6=1) * P(cluster7=0|cluster10=0) * P(cluster10=0|cluster6=1) * P(cluster6=1|cluster2=1) * P(cluster2=1|cluster3=1) * P(cluster3=1|cluster8=1)[0.0032768]=0.00065536
binkey=7 [Edge status: 1 1 1 0 0 0 0 0 ] P(G)=P(cluster8=1)[0.2] * P(cluster1=0|cluster2=1) * P(cluster9=0|cluster6=0) * P(cluster7=0|cluster10=0) * P(cluster10=0|cluster6=0) * P(cluster6=0|cluster2=1) * P(cluster2=1|cluster3=1) * P(cluster3=1|cluster8=1)[0.0131072]=0.00262144
ITERATION 0 newScore=-2.67424e+06 diffscore=14164.5 priorChange=-101.199 successMove=54
ITERATION 1 newScore=-2.66651e+06 diffscore=7725.52 priorChange=-102.586 successMove=51
binkey=248 [Edge status: 0 0 0 1 1 1 1 1 ] P(G)=P(cluster8=0)[0.8] * P(cluster1=1|cluster2=0) * P(cluster9=1|cluster6=1) * P(cluster7=1|cluster10=1) * P(cluster10=1|cluster6=1) * P(cluster6=1|cluster2=0) * P(cluster2=0|cluster3=0) * P(cluster3=0|cluster8=0)[0.0131072]=0.0104858
ITERATION 2 newScore=-2.65916e+06 diffscore=7346.82 priorChange=-115.062 successMove=50
ITERATION 3 newScore=-2.65512e+06 diffscore=4047.44 priorChange=-116.449 successMove=53
ITERATION 4 newScore=-2.65322e+06 diffscore=1897.72 priorChange=-103.972 successMove=51
ITERATION 5 newScore=-2.65008e+06 diffscore=3133.35 priorChange=-109.517 successMove=51
ITERATION 6 newScore=-2.64887e+06 diffscore=1211.45 priorChange=-124.766 successMove=50
ITERATION 7 newScore=-2.64499e+06 diffscore=3883.36 priorChange=-116.449 successMove=51
ITERATION 8 newScore=-2.64412e+06 diffscore=873.958 priorChange=-103.972 successMove=54
ITERATION 9 newScore=-2.64158e+06 diffscore=2539.13 priorChange=-117.835 successMove=54
ITERATION 10 newScore=-2.63862e+06 diffscore=2953.95 priorChange=-110.904 successMove=50
ITERATION 11 newScore=-2.63742e+06 diffscore=1201.22 priorChange=-115.062 successMove=50
ITERATION 12 newScore=-2.63538e+06 diffscore=2038.37 priorChange=-117.835 successMove=53
binkey=15 [Edge status: 1 1 1 1 0 0 0 0 ] P(G)=P(cluster8=1)[0.2] * P(cluster1=1|cluster2=1) * P(cluster9=0|cluster6=0) * P(cluster7=0|cluster10=0) * P(cluster10=0|cluster6=0) * P(cluster6=0|cluster2=1) * P(cluster2=1|cluster3=1) * P(cluster3=1|cluster8=1)[0.0524288]=0.0104858
ITERATION 13 newScore=-2.63316e+06 diffscore=2222.07 priorChange=-109.517 successMove=50
ITERATION 14 newScore=-2.63252e+06 diffscore=640.32 priorChange=-99.8132 successMove=48
binkey=252 [Edge status: 0 0 1 1 1 1 1 1 ] P(G)=P(cluster8=0)[0.8] * P(cluster1=1|cluster2=1) * P(cluster9=1|cluster6=1) * P(cluster7=1|cluster10=1) * P(cluster10=1|cluster6=1) * P(cluster6=1|cluster2=1) * P(cluster2=1|cluster3=0) * P(cluster3=0|cluster8=0)[0.0524288]=0.041943
ITERATION 15 newScore=-2.62734e+06 diffscore=5178.08 priorChange=-102.586 successMove=52
ITERATION 16 newScore=-2.62501e+06 diffscore=2331.57 priorChange=-97.0406 successMove=54
ITERATION 17 newScore=-2.62232e+06 diffscore=2692.77 priorChange=-91.4954 successMove=48
ITERATION 18 newScore=-2.62068e+06 diffscore=1638.17 priorChange=-99.8132 successMove=47
ITERATION 19 newScore=-2.6166e+06 diffscore=4082.51 priorChange=-105.358 successMove=47
ITERATION 20 newScore=-2.61597e+06 diffscore=629.08 priorChange=-97.0406 successMove=47
ITERATION 21 newScore=-2.61381e+06 diffscore=2158.95 priorChange=-98.4269 successMove=46
ITERATION 22 newScore=-2.60983e+06 diffscore=3974.77 priorChange=-94.268 successMove=45
ITERATION 23 newScore=-2.60764e+06 diffscore=2194.6 priorChange=-108.131 successMove=44
ITERATION 24 newScore=-2.60563e+06 diffscore=2011.54 priorChange=-97.0406 successMove=44
ITERATION 25 newScore=-2.60516e+06 diffscore=470.071 priorChange=-95.6543 successMove=47
ITERATION 26 newScore=-2.60459e+06 diffscore=563.622 priorChange=-88.7228 successMove=45
ITERATION 27 newScore=-2.60257e+06 diffscore=2024.36 priorChange=-103.972 successMove=46
ITERATION 28 newScore=-2.60207e+06 diffscore=498.655 priorChange=-91.4954 successMove=45
ITERATION 29 newScore=-2.59945e+06 diffscore=2620.58 priorChange=-95.6543 successMove=43
ITERATION 30 newScore=-2.59897e+06 diffscore=480.715 priorChange=-99.8132 successMove=43
ITERATION 31 newScore=-2.59739e+06 diffscore=1584.22 priorChange=-95.6543 successMove=44
ITERATION 32 newScore=-2.59615e+06 diffscore=1237.9 priorChange=-91.4954 successMove=43
ITERATION 33 newScore=-2.59579e+06 diffscore=357.912 priorChange=-88.7228 successMove=43
ITERATION 34 newScore=-2.59539e+06 diffscore=402.159 priorChange=-101.199 successMove=44
ITERATION 35 newScore=-2.594e+06 diffscore=1383.44 priorChange=-92.8817 successMove=44
ITERATION 36 newScore=-2.59349e+06 diffscore=513.99 priorChange=-85.9503 successMove=45
ITERATION 37 newScore=-2.59168e+06 diffscore=1808.27 priorChange=-94.268 successMove=46
ITERATION 38 newScore=-2.5908e+06 diffscore=885.656 priorChange=-85.9503 successMove=44
ITERATION 39 newScore=-2.5904e+06 diffscore=398.233 priorChange=-74.8599 successMove=43
ITERATION 40 newScore=-2.58985e+06 diffscore=548.116 priorChange=-81.7914 successMove=43
ITERATION 41 newScore=-2.58823e+06 diffscore=1622.12 priorChange=-88.7228 successMove=43
ITERATION 42 newScore=-2.58703e+06 diffscore=1203.27 priorChange=-90.1091 successMove=43
ITERATION 43 newScore=-2.58662e+06 diffscore=408.123 priorChange=-99.8132 successMove=43
ITERATION 44 newScore=-2.58394e+06 diffscore=2679.71 priorChange=-88.7228 successMove=44
ITERATION 45 newScore=-2.58243e+06 diffscore=1502.6 priorChange=-90.1091 successMove=43
ITERATION 46 newScore=-2.58208e+06 diffscore=356.698 priorChange=-103.972 successMove=44
ITERATION 47 newScore=-2.58172e+06 diffscore=355.211 priorChange=-99.8132 successMove=43
ITERATION 48 newScore=-2.58032e+06 diffscore=1399.15 priorChange=-81.7914 successMove=44
ITERATION 49 newScore=-2.57897e+06 diffscore=1357.23 priorChange=-81.7914 successMove=42
ITERATION 50 newScore=-2.57851e+06 diffscore=453.942 priorChange=-83.1777 successMove=41
ITERATION 51 newScore=-2.57719e+06 diffscore=1319.04 priorChange=-74.8599 successMove=41
ITERATION 52 newScore=-2.57681e+06 diffscore=383.036 priorChange=-73.4736 successMove=39
ITERATION 53 newScore=-2.57647e+06 diffscore=337.061 priorChange=-76.2462 successMove=39
ITERATION 54 newScore=-2.5761e+06 diffscore=377.649 priorChange=-77.6325 successMove=37
ITERATION 55 newScore=-2.57449e+06 diffscore=1607.98 priorChange=-63.7695 successMove=36
ITERATION 56 newScore=-2.57304e+06 diffscore=1452.74 priorChange=-77.6325 successMove=37
ITERATION 57 newScore=-2.57039e+06 diffscore=2648.92 priorChange=-76.2462 successMove=37
ITERATION 58 newScore=-2.56912e+06 diffscore=1264.5 priorChange=-81.7914 successMove=36
ITERATION 59 newScore=-2.56887e+06 diffscore=248.329 priorChange=-84.564 successMove=36
ITERATION 60 newScore=-2.5663e+06 diffscore=2569.99 priorChange=-84.564 successMove=38
ITERATION 61 newScore=-2.56605e+06 diffscore=258.369 priorChange=-73.4736 successMove=35
ITERATION 62 newScore=-2.56572e+06 diffscore=324.238 priorChange=-76.2462 successMove=35
ITERATION 63 newScore=-2.56542e+06 diffscore=299.989 priorChange=-73.4736 successMove=33
ITERATION 64 newScore=-2.56496e+06 diffscore=465.146 priorChange=-62.3832 successMove=33
ITERATION 65 newScore=-2.56254e+06 diffscore=2420.04 priorChange=-55.4518 successMove=33
ITERATION 66 newScore=-2.5605e+06 diffscore=2034.34 priorChange=-62.3832 successMove=32
ITERATION 67 newScore=-2.56017e+06 diffscore=329.001 priorChange=-66.5421 successMove=35
ITERATION 68 newScore=-2.55854e+06 diffscore=1629.8 priorChange=-65.1558 successMove=32
ITERATION 69 newScore=-2.55729e+06 diffscore=1256.54 priorChange=-69.3147 successMove=32
ITERATION 70 newScore=-2.55582e+06 diffscore=1466.02 priorChange=-76.2462 successMove=32
ITERATION 71 newScore=-2.55537e+06 diffscore=445.799 priorChange=-87.3365 successMove=32
ITERATION 72 newScore=-2.55186e+06 diffscore=3513.79 priorChange=-52.6792 successMove=32
ITERATION 73 newScore=-2.55154e+06 diffscore=323.07 priorChange=-60.997 successMove=30
ITERATION 74 newScore=-2.55025e+06 diffscore=1285 priorChange=-65.1558 successMove=31
ITERATION 75 newScore=-2.54825e+06 diffscore=2004.54 priorChange=-59.6107 successMove=28
ITERATION 76 newScore=-2.54813e+06 diffscore=113.86 priorChange=-51.2929 successMove=26
ITERATION 77 newScore=-2.54801e+06 diffscore=124.588 priorChange=-56.8381 successMove=24
ITERATION 78 newScore=-2.54788e+06 diffscore=125.399 priorChange=-54.0655 successMove=23
ITERATION 79 newScore=-2.54776e+06 diffscore=120.994 priorChange=-41.5888 successMove=22
ITERATION 80 newScore=-2.54765e+06 diffscore=112.856 priorChange=-54.0655 successMove=22
ITERATION 81 newScore=-2.5475e+06 diffscore=152.022 priorChange=-51.2929 successMove=25
ITERATION 82 newScore=-2.54734e+06 diffscore=154.788 priorChange=-51.2929 successMove=21
ITERATION 83 newScore=-2.54714e+06 diffscore=207.994 priorChange=-45.7477 successMove=20
ITERATION 84 newScore=-2.545e+06 diffscore=2134.41 priorChange=-51.2929 successMove=21
ITERATION 85 newScore=-2.54492e+06 diffscore=81.2511 priorChange=-42.9751 successMove=20
ITERATION 86 newScore=-2.5448e+06 diffscore=120.682 priorChange=-44.3614 successMove=19
ITERATION 87 newScore=-2.54466e+06 diffscore=141.033 priorChange=-37.4299 successMove=19
ITERATION 88 newScore=-2.54442e+06 diffscore=242.478 priorChange=-29.1122 successMove=20
ITERATION 89 newScore=-2.54424e+06 diffscore=171.391 priorChange=-30.4985 successMove=18
ITERATION 90 newScore=-2.54335e+06 diffscore=892.348 priorChange=-40.2025 successMove=18
ITERATION 91 newScore=-2.54297e+06 diffscore=385.945 priorChange=-31.8848 successMove=16
ITERATION 92 newScore=-2.54289e+06 diffscore=70.9551 priorChange=-37.4299 successMove=16
ITERATION 93 newScore=-2.54283e+06 diffscore=68.232 priorChange=-33.2711 successMove=15
ITERATION 94 newScore=-2.54275e+06 diffscore=78.5024 priorChange=-34.6574 successMove=15
ITERATION 95 newScore=-2.54264e+06 diffscore=106.528 priorChange=-38.8162 successMove=15
ITERATION 96 newScore=-2.54255e+06 diffscore=86.7647 priorChange=-30.4985 successMove=14
ITERATION 97 newScore=-2.54248e+06 diffscore=72.8939 priorChange=-31.8848 successMove=12
ITERATION 98 newScore=-2.54235e+06 diffscore=128.565 priorChange=-30.4985 successMove=12
ITERATION 99 newScore=-2.54218e+06 diffscore=172.854 priorChange=-23.567 successMove=11
MetaLearner::dumpAllGraphs
Final Score -2.54218e+06
MetaLearner::start runtime: 1340791600 ms
Results/
Results/cluster10/
Results/cluster10/fold0/
Results/cluster10/fold0/modelparams.txt
Results/cluster10/fold0/var_mb_pw_k50.txt
Results/cluster1/
Results/cluster1/fold0/
Results/cluster1/fold0/modelparams.txt
Results/cluster1/fold0/var_mb_pw_k50.txt
Results/cluster6/
Results/cluster6/fold0/
Results/cluster6/fold0/modelparams.txt
Results/cluster6/fold0/var_mb_pw_k50.txt
Results/cluster9/
Results/cluster9/fold0/
Results/cluster9/fold0/modelparams.txt
Results/cluster9/fold0/var_mb_pw_k50.txt
Results/cluster2/
Results/cluster2/fold0/
Results/cluster2/fold0/modelparams.txt
Results/cluster2/fold0/var_mb_pw_k50.txt
Results/cluster7/
Results/cluster7/fold0/
Results/cluster7/fold0/modelparams.txt
Results/cluster7/fold0/var_mb_pw_k50.txt
Results/cluster3/
Results/cluster3/fold0/
Results/cluster3/fold0/modelparams.txt
Results/cluster3/fold0/var_mb_pw_k50.txt
Results/cluster8/
Results/cluster8/scoreFile.txt
Results/cluster8/fold0/
Results/cluster8/fold0/modelparams.txt
Results/cluster8/fold0/var_mb_pw_k50.txt
