000 (49777.2463.000) 10/11 10:48:14 Job submitted from host: <144.92.142.142:9618?addrs=144.92.142.142-9618&noUDP&sock=44923_051a_3>
...
001 (49777.2463.000) 10/11 19:14:28 Job executing on host: <128.105.68.16:9618?addrs=128.105.68.16-9618&alias=coba2000.chtc.wisc.edu&noUDP&sock=startd_7305_336c>
...
006 (49777.2463.000) 10/11 19:14:36 Image size of job updated: 156888
	104  -  MemoryUsage of job (MB)
	105684  -  ResidentSetSize of job (KB)
...
006 (49777.2463.000) 10/11 19:19:36 Image size of job updated: 723132
	657  -  MemoryUsage of job (MB)
	671864  -  ResidentSetSize of job (KB)
...
006 (49777.2463.000) 10/11 19:24:37 Image size of job updated: 991392
	940  -  MemoryUsage of job (MB)
	962388  -  ResidentSetSize of job (KB)
...
006 (49777.2463.000) 10/11 19:29:37 Image size of job updated: 1587592
	1512  -  MemoryUsage of job (MB)
	1548096  -  ResidentSetSize of job (KB)
...
006 (49777.2463.000) 10/11 19:34:37 Image size of job updated: 2189204
	2110  -  MemoryUsage of job (MB)
	2160064  -  ResidentSetSize of job (KB)
...
006 (49777.2463.000) 10/11 19:38:34 Image size of job updated: 2678100
	2110  -  MemoryUsage of job (MB)
	2160064  -  ResidentSetSize of job (KB)
...
005 (49777.2463.000) 10/11 19:38:34 Job terminated.
	(1) Normal termination (return value 0)
		Usr 0 00:23:50, Sys 0 00:00:05  -  Run Remote Usage
		Usr 0 00:00:00, Sys 0 00:00:00  -  Run Local Usage
		Usr 0 00:23:50, Sys 0 00:00:05  -  Total Remote Usage
		Usr 0 00:00:00, Sys 0 00:00:00  -  Total Local Usage
	179744  -  Run Bytes Sent By Job
	316778592  -  Run Bytes Received By Job
	179744  -  Total Bytes Sent By Job
	316778592  -  Total Bytes Received By Job
	Partitionable Resources :     Usage  Request Allocated 
	   Cpus                 :      0.99        1         1 
	   Disk (KB)            : 325000      819200  44742796 
	   Gpus                 :                            0 
	   Ioheavy              :                            0 
	   Memory (MB)          :   2110       20480     21341 
...
